==== LHAPDF6 USING DEFAULT-TYPE LHAGLUE INTERFACE ====
LHAPDF 6.2.1 loading /cvmfs/cms.cern.ch/slc6_amd64_gcc630/external/lhapdf/6.2.1-ghjeda2/share/LHAPDF/NNPDF30_lo_as_0130_nf_4/NNPDF30_lo_as_0130_nf_4_0000.dat
NNPDF30_lo_as_0130_nf_4 PDF set, member #0, version 2; LHAPDF ID = 263400
 Process in group number            2
 A PDF is used, so alpha_s(MZ) is going to be modified
 Old value of alpha_s from param_card:   0.11810000000000001     
 New value of alpha_s from PDF lhapdf :  0.12470044313224841     
 using LHAPDF
 Define smin to   10000.000000000000     
 Define smin to   10000.000000000000     
 Define smin to   10000.000000000000     
 Define smin to   10000.000000000000     
 Define smin to   10000.000000000000     
 Define smin to   10000.000000000000     
 Define smin to   10000.000000000000     
 *****************************************************
 *               MadGraph/MadEvent                   *
 *        --------------------------------           *
 *          http://madgraph.hep.uiuc.edu             *
 *          http://madgraph.phys.ucl.ac.be           *
 *          http://madgraph.roma2.infn.it            *
 *        --------------------------------           *
 *                                                   *
 *          PARAMETER AND COUPLING VALUES            *
 *                                                   *
 *****************************************************

  External Params
  ---------------------------------
  
 mdl_MW0 =    80.387000000000000     
 mdl_Gf =    1.1663789999999999E-005
 aS =   0.11810000000000001     
 mdl_ymdo =    1.0000000000000000E-099
 mdl_ymb =    4.1799999999999997     
 mdl_ymt =    173.19999999999999     
 mdl_ymtau =    1.7769999999999999     
 mdl_LambdaSMEFT =    1000.0000000000000     
 mdl_cHW =    1.0000000000000000     
 mdl_MZ =    91.187600000000003     
 mdl_MTA =    1.7769999999999999     
 mdl_MT =    173.19999999999999     
 mdl_MB =    4.1799999999999997     
 mdl_MH =    125.09000000000000     
 mdl_WZ =    2.4952000000000001     
 mdl_WW =    2.0850000000000000     
 mdl_WT =    1.5083359999999999     
 mdl_WH =    4.0699999999999998E-003
  Internal Params
  ---------------------------------
  
 mdl_ymm =    1.0000000000000000E-099
 mdl_yme =    1.0000000000000000E-099
 mdl_ymc =    1.0000000000000000E-099
 mdl_yms =    1.0000000000000000E-099
 mdl_ymup =    1.0000000000000000E-099
 mdl_conjg__CKM3x3 =    1.0000000000000000     
 mdl_cH =    0.0000000000000000     
 mdl_cHB =    0.0000000000000000     
 mdl_CKM1x1 =    1.0000000000000000     
 mdl_conjg__CKM1x1 =    1.0000000000000000     
 mdl_dGf =    0.0000000000000000     
 mdl_CKM3x3 =    1.0000000000000000     
 mdl_dMH2 =    0.0000000000000000     
 mdl_conjg__CKM2x2 =    1.0000000000000000     
 mdl_dg1 =    0.0000000000000000     
 mdl_CKM2x2 =    1.0000000000000000     
 mdl_dgw =    0.0000000000000000     
 mdl_complexi =  (  0.0000000000000000     ,  1.0000000000000000     )
 mdl_MW =    80.387000000000000     
 mdl_nb__2__exp__0_25 =    1.1892071150027210     
 mdl_MH__exp__2 =    15647.508100000001     
 mdl_sqrt__2 =    1.4142135623730951     
 mdl_MW__exp__2 =    6462.0697689999997     
 mdl_MZ__exp__2 =    8315.1783937600012     
 mdl_sth2 =   0.22285855299877133     
 mdl_MH__exp__6 =    3831206449390.3818     
 mdl_MT__exp__6 =    26995248278778.535     
 mdl_MH__exp__4 =    244844509.73956564     
 mdl_MT__exp__4 =    899894403.09759963     
 mdl_MT__exp__2 =    29998.239999999994     
 mdl_LambdaSMEFT__exp__2 =    1000000.0000000000     
 mdl_cth =   0.88155626422890820     
 mdl_sqrt__sth2 =   0.47207896902824564     
 mdl_sth =   0.47207896902824564     
 mdl_MW0__exp__6 =    269845343347.69711     
 mdl_MW0__exp__4 =    41758345.699423708     
 mdl_MW0__exp__2 =    6462.0697689999997     
 mdl_MZ__exp__4 =    69142191.720053151     
 mdl_MZ__exp__6 =    574929658687.79749     
 mdl_cth__exp__2 =   0.77714144700122867     
 mdl_sth__exp__2 =   0.22285855299877130     
 mdl_sth__exp__3 =   0.10520683593878660     
 mdl_cth__exp__3 =   0.68509391079585125     
 mdl_sth__exp__4 =    4.9665934644706158E-002
 mdl_sqrt__Gf =    3.4152291284773265E-003
 mdl_vevhat =    246.21961912951551     
 mdl_lam =   0.12905352724481209     
 mdl_aEW =    7.5614618607353409E-003
 mdl_yb =    2.4008698866559607E-002
 mdl_yc =    5.7437078628133041E-102
 mdl_ydo =    5.7437078628133041E-102
 mdl_ye =    5.7437078628133041E-102
 mdl_ym =    5.7437078628133041E-102
 mdl_ys =    5.7437078628133041E-102
 mdl_yt =   0.99481020183926416     
 mdl_ytau =    1.0206568872219240E-002
 mdl_yup =    5.7437078628133041E-102
 mdl_vevhat__exp__2 =    60624.100844283676     
 mdl_barlam =   0.12905352724481209     
 mdl_vevT =    246.21961912951551     
 mdl_sqrt__aEW =    8.6956666568672819E-002
 mdl_ee =   0.30825335704310214     
 mdl_gwsh =   0.61338418662494298     
 mdl_vev =    246.21961912951551     
 mdl_g1 =   0.34966952144878632     
 mdl_gw =   0.65296989967087182     
 mdl_ee__exp__2 =    9.5020132128342205E-002
 mdl_gHaa =   -1.9303830602986922E-003
 mdl_gHza =   -6.8546472954154700E-003
 mdl_g1sh =   0.34966952144878632     
 mdl_I1d11 =  (  5.7437078628133041E-102,  0.0000000000000000     )
 mdl_I1d22 =  (  5.7437078628133041E-102,  0.0000000000000000     )
 mdl_I1d33 =  (  2.4008698866559607E-002,  0.0000000000000000     )
 mdl_I2d11 =  (  5.7437078628133041E-102,  0.0000000000000000     )
 mdl_I2d22 =  (  5.7437078628133041E-102,  0.0000000000000000     )
 mdl_I2d33 =  ( 0.99481020183926416     ,  0.0000000000000000     )
 mdl_I3d11 =  (  5.7437078628133041E-102,  0.0000000000000000     )
 mdl_I3d22 =  (  5.7437078628133041E-102,  0.0000000000000000     )
 mdl_I3d33 =  (  2.4008698866559607E-002,  0.0000000000000000     )
 mdl_I4d11 =  (  5.7437078628133041E-102,  0.0000000000000000     )
 mdl_I4d22 =  (  5.7437078628133041E-102,  0.0000000000000000     )
 mdl_I4d33 =  ( 0.99481020183926416     ,  0.0000000000000000     )
 mdl_I5d11 =  (  5.7437078628133041E-102,  0.0000000000000000     )
 mdl_I5d22 =  (  5.7437078628133041E-102,  0.0000000000000000     )
 mdl_I5d33 =  (  2.4008698866559607E-002,  0.0000000000000000     )
 mdl_I6d11 =  (  5.7437078628133041E-102,  0.0000000000000000     )
 mdl_I6d22 =  (  5.7437078628133041E-102,  0.0000000000000000     )
 mdl_I6d33 =  ( 0.99481020183926416     ,  0.0000000000000000     )
 mdl_ee__exp__3 =    2.9290274715240611E-002
 mdl_vevhat__exp__3 =    14926843.019948866     
  Internal Params evaluated point by point
  ----------------------------------------
  
 mdl_sqrt__aS =   0.34365680554879169     
 mdl_G__exp__2 =    1.4840883695558185     
 mdl_gHgg =    3.2334372328970845E-003
 mdl_G__exp__3 =  (  1.8079634332366095     ,  0.0000000000000000     )
  Couplings of SMEFTsim_A_U35_MwScheme_UFO_v3_1-cHW_massless
  ---------------------------------
  
         GC_1 =   0.00000E+00   0.10275E+00
         GC_2 =  -0.00000E+00  -0.20550E+00
         GC_3 =  -0.00000E+00  -0.30825E+00
       GC_255 =  -0.00000E+00  -0.42637E+00
       GC_278 =  -0.00000E+00  -0.37035E+00
       GC_280 =  -0.00000E+00  -0.57563E+00
       GC_328 =  -0.00000E+00  -0.55024E-01
       GC_329 =   0.00000E+00   0.11005E+00
       GC_330 =  -0.00000E+00  -0.16507E+00
       GC_387 =   0.00000E+00   0.98488E-03
       GC_400 =   0.00000E+00   0.52490E+02
       GC_809 =  -0.00000E+00  -0.72171E-02
      GC_1073 =  -0.00000E+00  -0.46172E+00

 Collider parameters:
 --------------------

 Running at P P   machine @    13000.000000000000       GeV
 PDF set = lhapdf 
 alpha_s(Mz)= 0.1247 running at 1 loops.
 alpha_s(Mz)= 0.1247 running at 1 loops.
 Renormalization scale set on event-by-event basis
 Factorization   scale set on event-by-event basis


 getting user params
Enter number of events and max and min iterations: 
 Number of events and iterations         2000           8           3
Enter desired fractional accuracy: 
 Desired fractional accuracy:    1.0000000000000000E-002
Enter 0 for fixed, 2 for adjustable grid: 
Suppress amplitude (0 no, 1 yes)? 
 Using suppressed amplitude.
Exact helicity sum (0 yes, n = number/event)? 
 Explicitly summing over helicities
Enter Configuration Number: 
Running Configuration Number:  521
 Not subdividing B.W.
 Attempting mappinvarients           1           8
 Completed mapping           8
 about to integrate           16        2000           8           3          16           1
 Using non-zero grid deformation.
 16 dimensions   2000 events 16 invarients  8 iterations  1 config(s),  (0.99)
 Using h-tuple random number sequence.
 Error opening grid
 Using Uniform Grid!          32
 Using uniform alpha   1.0000000000000000     
 Grid defined OK
 Set CM energy to      13000.00
 Mapping Graph         521  to config         521
 Setting BW          -1           1   80.387000000000000     
Setting grid   2    0.59172E-04   1
 Setting BW          -3           3   80.387000000000000     
Setting grid   4    0.18685E-07   1
Setting grid   5    0.18685E-07   1
 Transforming s_hat 1/s           15   1.1585044837869826E-004   10000.000000000000        168999999.99999997     
 521   1   2   3   4   5   6   7   8   9  10  11  12  13  14
  15  16
 Masses: 0.000E+00 0.000E+00 0.178E+01 0.178E+01 0.000E+00 0.000E+00 0.000E+00 0.000E+00
Using random seed offsets   521 :      2
  with seed                   24
 Ranmar initialization seeds         251        9399
 
 ********************************************
 * You are using the DiscreteSampler module *
 *      part of the MG5_aMC framework       *
 *         Author: Valentin Hirschi         *
 ********************************************
 
  Particle       3       4       5       6       7       8
      Et >     0.0     0.0     0.0     0.0    10.0    10.0
       E >     0.0     0.0     0.0     0.0     0.0     0.0
     Eta <    -1.0    -1.0    -1.0    -1.0     6.5     6.5
   xqcut:      0.0     0.0     0.0     0.0     0.0     0.0
d R # 3  >    -0.0     0.4     0.0     0.0     0.4     0.4
d R # 4  >    -0.0    -0.0     0.0     0.0     0.4     0.4
d R # 5  >    -0.0    -0.0    -0.0     0.0     0.0     0.0
d R # 6  >    -0.0    -0.0    -0.0    -0.0     0.0     0.0
d R # 7  >    -0.0    -0.0    -0.0    -0.0    -0.0     0.4
s min # 3>     0.0     0.0     0.0     0.0     0.0     0.0
s min # 4>     0.0     0.0     0.0     0.0     0.0     0.0
s min # 5>     0.0     0.0     0.0     0.0     0.0     0.0
s min # 6>     0.0     0.0     0.0     0.0     0.0     0.0
s min # 7>     0.0     0.0     0.0     0.0     0.0 10000.0
xqcutij # 3>     0.0     0.0     0.0     0.0     0.0     0.0
xqcutij # 4>     0.0     0.0     0.0     0.0     0.0     0.0
xqcutij # 5>     0.0     0.0     0.0     0.0     0.0     0.0
xqcutij # 6>     0.0     0.0     0.0     0.0     0.0     0.0
xqcutij # 7>     0.0     0.0     0.0     0.0     0.0     0.0
 No cut BW           -1           1
 No cut BW           -2           2
 No cut BW           -3           3
 alpha_s for scale    68.749323262742678       is   0.13081158500050991     
 Added good helicity          193   255.55752217284049       in event            1 local:           1
 Added good helicity          209  0.11865708722423522       in event            1 local:           1
 Added good helicity          225  0.32363090905969044       in event            1 local:           1
 Added good helicity          241   1.8983087561329567E-004  in event            1 local:           1
 Added good helicity          193   255.55752217284046       in event            1 local:           1
 Added good helicity          209  0.11865708722423882       in event            1 local:           1
 Added good helicity          225  0.32363090905969188       in event            1 local:           1
 Added good helicity          241   1.8983087561330128E-004  in event            1 local:           1
 RESET CUMULATIVE VARIABLE
 RESET CUMULATIVE VARIABLE
 RESET CUMULATIVE VARIABLE
 Iteration  1   Mean: 0.4408E-07 Abs mean: 0.8623E-07   Fluctuation:  0.129E-07   0.128E-04    29.1%
  1    0.4408E-07 0.8623E-07 +- 0.1292E-07      6.70
 Writing out events   1.8503894888301857E-011   6.7009737900678799     
 Relative summed weights:
  0.0000E+00  0.0000E+00  0.1598E-01  0.7891E-01  0.0000E+00  0.0000E+00  0.0000E+00  0.0000E+00  0.5661E-01  0.4228E-01  0.0000E+00  0.0000E+00  0.0000E+00  0.0000E+00
  0.0000E+00  0.0000E+00  0.5028E-01  0.1027E+00  0.0000E+00  0.0000E+00  0.0000E+00  0.0000E+00  0.3009E-02  0.2478E-01  0.0000E+00  0.0000E+00  0.0000E+00  0.0000E+00
  0.0000E+00  0.0000E+00  0.1892E-01  0.4667E-01  0.0000E+00  0.0000E+00  0.0000E+00  0.0000E+00  0.1705E-02  0.2099E-01  0.0000E+00  0.0000E+00  0.0000E+00  0.0000E+00
  0.0000E+00  0.0000E+00  0.8844E-01  0.1796E+00  0.0000E+00  0.0000E+00  0.0000E+00  0.0000E+00  0.1196E+00  0.1495E+00  0.0000E+00  0.0000E+00  0.0000E+00  0.0000E+00
 Relative number of events:
  0.0000E+00  0.0000E+00  0.8613E-01  0.9146E-01  0.0000E+00  0.0000E+00  0.0000E+00  0.0000E+00  0.4116E-01  0.3887E-01  0.0000E+00  0.0000E+00  0.0000E+00  0.0000E+00
  0.0000E+00  0.0000E+00  0.9299E-01  0.8613E-01  0.0000E+00  0.0000E+00  0.0000E+00  0.0000E+00  0.3506E-01  0.4421E-01  0.0000E+00  0.0000E+00  0.0000E+00  0.0000E+00
  0.0000E+00  0.0000E+00  0.7927E-01  0.7393E-01  0.0000E+00  0.0000E+00  0.0000E+00  0.0000E+00  0.3201E-01  0.3963E-01  0.0000E+00  0.0000E+00  0.0000E+00  0.0000E+00
  0.0000E+00  0.0000E+00  0.8765E-01  0.8384E-01  0.0000E+00  0.0000E+00  0.0000E+00  0.0000E+00  0.3277E-01  0.5488E-01  0.0000E+00  0.0000E+00  0.0000E+00  0.0000E+00
 Events:
           0           0         113         120           0           0           0           0          54          51           0           0           0           0
           0           0         122         113           0           0           0           0          46          58           0           0           0           0
           0           0         104          97           0           0           0           0          42          52           0           0           0           0
           0           0         115         110           0           0           0           0          43          72           0           0           0           0
 Iteration  2   Mean: 0.5975E-07 Abs mean: 0.1329E-06   Fluctuation:  0.162E-07   0.311E-04    82.8%
  2    0.5975E-07 0.1329E-06 +- 0.1615E-07      7.68
 Relative summed weights:
  0.0000E+00  0.0000E+00  0.7506E-01  0.7548E-01  0.0000E+00  0.0000E+00  0.0000E+00  0.0000E+00  0.1377E-01  0.5373E-01  0.0000E+00  0.0000E+00  0.0000E+00  0.0000E+00
  0.0000E+00  0.0000E+00  0.4804E-01  0.7195E-01  0.0000E+00  0.0000E+00  0.0000E+00  0.0000E+00  0.2551E+00  0.2637E-01  0.0000E+00  0.0000E+00  0.0000E+00  0.0000E+00
  0.0000E+00  0.0000E+00  0.7553E-01  0.3613E-01  0.0000E+00  0.0000E+00  0.0000E+00  0.0000E+00  0.2771E-01  0.3500E-01  0.0000E+00  0.0000E+00  0.0000E+00  0.0000E+00
  0.0000E+00  0.0000E+00  0.3222E-01  0.7487E-01  0.0000E+00  0.0000E+00  0.0000E+00  0.0000E+00  0.2061E-01  0.7839E-01  0.0000E+00  0.0000E+00  0.0000E+00  0.0000E+00
 Relative number of events:
  0.0000E+00  0.0000E+00  0.9393E-01  0.7951E-01  0.0000E+00  0.0000E+00  0.0000E+00  0.0000E+00  0.3624E-01  0.3624E-01  0.0000E+00  0.0000E+00  0.0000E+00  0.0000E+00
  0.0000E+00  0.0000E+00  0.8654E-01  0.8210E-01  0.0000E+00  0.0000E+00  0.0000E+00  0.0000E+00  0.3624E-01  0.4290E-01  0.0000E+00  0.0000E+00  0.0000E+00  0.0000E+00
  0.0000E+00  0.0000E+00  0.8284E-01  0.9246E-01  0.0000E+00  0.0000E+00  0.0000E+00  0.0000E+00  0.3328E-01  0.4142E-01  0.0000E+00  0.0000E+00  0.0000E+00  0.0000E+00
  0.0000E+00  0.0000E+00  0.8617E-01  0.9357E-01  0.0000E+00  0.0000E+00  0.0000E+00  0.0000E+00  0.3550E-01  0.4105E-01  0.0000E+00  0.0000E+00  0.0000E+00  0.0000E+00
 Events:
           0           0         254         215           0           0           0           0          98          98           0           0           0           0
           0           0         234         222           0           0           0           0          98         116           0           0           0           0
           0           0         224         250           0           0           0           0          90         112           0           0           0           0
           0           0         233         253           0           0           0           0          96         111           0           0           0           0
 Iteration  3   Mean: 0.1767E-07 Abs mean: 0.1734E-06   Fluctuation:  0.230E-07   0.152E-03    87.3%
  3    0.1767E-07 0.1734E-06 +- 0.2297E-07     11.84
 Relative summed weights:
  0.0000E+00  0.0000E+00  0.1034E+00  0.5776E-01  0.0000E+00  0.0000E+00  0.0000E+00  0.0000E+00  0.7339E-01  0.2833E-01  0.0000E+00  0.0000E+00  0.0000E+00  0.0000E+00
  0.0000E+00  0.0000E+00  0.4386E-01  0.7711E-01  0.0000E+00  0.0000E+00  0.0000E+00  0.0000E+00  0.4555E-01  0.3765E-01  0.0000E+00  0.0000E+00  0.0000E+00  0.0000E+00
  0.0000E+00  0.0000E+00  0.5926E-01  0.8619E-01  0.0000E+00  0.0000E+00  0.0000E+00  0.0000E+00  0.7441E-01  0.3358E-01  0.0000E+00  0.0000E+00  0.0000E+00  0.0000E+00
  0.0000E+00  0.0000E+00  0.6525E-01  0.4209E-01  0.0000E+00  0.0000E+00  0.0000E+00  0.0000E+00  0.4604E-01  0.1262E+00  0.0000E+00  0.0000E+00  0.0000E+00  0.0000E+00
 Relative number of events:
  0.0000E+00  0.0000E+00  0.8672E-01  0.8787E-01  0.0000E+00  0.0000E+00  0.0000E+00  0.0000E+00  0.4298E-01  0.4088E-01  0.0000E+00  0.0000E+00  0.0000E+00  0.0000E+00
  0.0000E+00  0.0000E+00  0.8080E-01  0.8023E-01  0.0000E+00  0.0000E+00  0.0000E+00  0.0000E+00  0.3496E-01  0.4164E-01  0.0000E+00  0.0000E+00  0.0000E+00  0.0000E+00
  0.0000E+00  0.0000E+00  0.8367E-01  0.8844E-01  0.0000E+00  0.0000E+00  0.0000E+00  0.0000E+00  0.4069E-01  0.3687E-01  0.0000E+00  0.0000E+00  0.0000E+00  0.0000E+00
  0.0000E+00  0.0000E+00  0.8539E-01  0.8386E-01  0.0000E+00  0.0000E+00  0.0000E+00  0.0000E+00  0.4031E-01  0.4470E-01  0.0000E+00  0.0000E+00  0.0000E+00  0.0000E+00
 Events:
           0           0         454         460           0           0           0           0         225         214           0           0           0           0
           0           0         423         420           0           0           0           0         183         218           0           0           0           0
           0           0         438         463           0           0           0           0         213         193           0           0           0           0
           0           0         447         439           0           0           0           0         211         234           0           0           0           0
 Accuracy:    0.177   0.010   0.077   5.279
 Found          633  events.
 Wrote            5  events.
 Actual xsec    4.1451904990862135E-008
 Correct abs xsec    1.3428378446527768E-007
 Event xsec    1.3428378446527766E-007
 Events wgts > 1:            1
 % Cross section > 1:    9.2124382185419821E-015   6.8604249241456869E-006
 Iteration  4   Mean: 0.5037E-07 Abs mean: 0.1539E-06   Fluctuation:  0.758E-08   0.433E-04    88.3%
  4    0.5037E-07 0.1539E-06 +- 0.7576E-08      6.23
 Relative summed weights:
  0.0000E+00  0.0000E+00  0.6547E-01  0.7436E-01  0.0000E+00  0.0000E+00  0.0000E+00  0.0000E+00  0.4253E-01  0.4522E-01  0.0000E+00  0.0000E+00  0.0000E+00  0.0000E+00
  0.0000E+00  0.0000E+00  0.7040E-01  0.5216E-01  0.0000E+00  0.0000E+00  0.0000E+00  0.0000E+00  0.1026E+00  0.7938E-01  0.0000E+00  0.0000E+00  0.0000E+00  0.0000E+00
  0.0000E+00  0.0000E+00  0.5710E-01  0.6178E-01  0.0000E+00  0.0000E+00  0.0000E+00  0.0000E+00  0.4937E-01  0.3936E-01  0.0000E+00  0.0000E+00  0.0000E+00  0.0000E+00
  0.0000E+00  0.0000E+00  0.7608E-01  0.9455E-01  0.0000E+00  0.0000E+00  0.0000E+00  0.0000E+00  0.5094E-01  0.3873E-01  0.0000E+00  0.0000E+00  0.0000E+00  0.0000E+00
 Relative number of events:
  0.0000E+00  0.0000E+00  0.8496E-01  0.8467E-01  0.0000E+00  0.0000E+00  0.0000E+00  0.0000E+00  0.3826E-01  0.4466E-01  0.0000E+00  0.0000E+00  0.0000E+00  0.0000E+00
  0.0000E+00  0.0000E+00  0.8360E-01  0.8778E-01  0.0000E+00  0.0000E+00  0.0000E+00  0.0000E+00  0.4253E-01  0.3476E-01  0.0000E+00  0.0000E+00  0.0000E+00  0.0000E+00
  0.0000E+00  0.0000E+00  0.8020E-01  0.8477E-01  0.0000E+00  0.0000E+00  0.0000E+00  0.0000E+00  0.4127E-01  0.4039E-01  0.0000E+00  0.0000E+00  0.0000E+00  0.0000E+00
  0.0000E+00  0.0000E+00  0.8612E-01  0.8253E-01  0.0000E+00  0.0000E+00  0.0000E+00  0.0000E+00  0.4214E-01  0.4136E-01  0.0000E+00  0.0000E+00  0.0000E+00  0.0000E+00
 Events:
           0           0         875         872           0           0           0           0         394         460           0           0           0           0
           0           0         861         904           0           0           0           0         438         358           0           0           0           0
           0           0         826         873           0           0           0           0         425         416           0           0           0           0
           0           0         887         850           0           0           0           0         434         426           0           0           0           0
 Accuracy:    0.079   0.010   0.041   3.590
 Found         1130  events.
 Wrote           78  events.
 Actual xsec    4.8080980145176887E-008
 Correct abs xsec    1.5332350548948320E-007
 Event xsec    1.5332350548948309E-007
 Events wgts > 1:            4
 % Cross section > 1:    1.3303749945615784E-009  0.86769148038611266     
 Iteration  5   Mean: 0.4128E-07 Abs mean: 0.1418E-06   Fluctuation:  0.310E-08   0.329E-04    88.5%
  5    0.4128E-07 0.1418E-06 +- 0.3103E-08      3.92
 Relative summed weights:
  0.0000E+00  0.0000E+00  0.6913E-01  0.6486E-01  0.0000E+00  0.0000E+00  0.0000E+00  0.0000E+00  0.7372E-01  0.4647E-01  0.0000E+00  0.0000E+00  0.0000E+00  0.0000E+00
  0.0000E+00  0.0000E+00  0.6744E-01  0.6830E-01  0.0000E+00  0.0000E+00  0.0000E+00  0.0000E+00  0.4952E-01  0.5656E-01  0.0000E+00  0.0000E+00  0.0000E+00  0.0000E+00
  0.0000E+00  0.0000E+00  0.7012E-01  0.8950E-01  0.0000E+00  0.0000E+00  0.0000E+00  0.0000E+00  0.4557E-01  0.4553E-01  0.0000E+00  0.0000E+00  0.0000E+00  0.0000E+00
  0.0000E+00  0.0000E+00  0.7381E-01  0.7247E-01  0.0000E+00  0.0000E+00  0.0000E+00  0.0000E+00  0.5823E-01  0.4878E-01  0.0000E+00  0.0000E+00  0.0000E+00  0.0000E+00
 Relative number of events:
  0.0000E+00  0.0000E+00  0.8628E-01  0.8321E-01  0.0000E+00  0.0000E+00  0.0000E+00  0.0000E+00  0.4037E-01  0.3997E-01  0.0000E+00  0.0000E+00  0.0000E+00  0.0000E+00
  0.0000E+00  0.0000E+00  0.8514E-01  0.8242E-01  0.0000E+00  0.0000E+00  0.0000E+00  0.0000E+00  0.4056E-01  0.3913E-01  0.0000E+00  0.0000E+00  0.0000E+00  0.0000E+00
  0.0000E+00  0.0000E+00  0.8465E-01  0.8653E-01  0.0000E+00  0.0000E+00  0.0000E+00  0.0000E+00  0.4215E-01  0.3839E-01  0.0000E+00  0.0000E+00  0.0000E+00  0.0000E+00
  0.0000E+00  0.0000E+00  0.8450E-01  0.8465E-01  0.0000E+00  0.0000E+00  0.0000E+00  0.0000E+00  0.4047E-01  0.4160E-01  0.0000E+00  0.0000E+00  0.0000E+00  0.0000E+00
 Events:
           0           0        1742        1680           0           0           0           0         815         807           0           0           0           0
           0           0        1719        1664           0           0           0           0         819         790           0           0           0           0
           0           0        1709        1747           0           0           0           0         851         775           0           0           0           0
           0           0        1706        1709           0           0           0           0         817         840           0           0           0           0
 Accuracy:    0.034   0.010   0.019   3.113
 Found         2751  events.
 Wrote          262  events.
 Actual xsec    4.2223102387894231E-008
 Correct abs xsec    1.4443641040197168E-007
 Event xsec    1.4443641040197070E-007
 Events wgts > 1:            5
 % Cross section > 1:    1.1124018731213595E-009  0.77016721062612470     
 Iteration  6   Mean: 0.4189E-07 Abs mean: 0.1406E-06   Fluctuation:  0.178E-08   0.249E-04    88.8%
  6    0.4189E-07 0.1406E-06 +- 0.1778E-08      3.20
 Relative summed weights:
  0.0000E+00  0.0000E+00  0.7244E-01  0.7722E-01  0.0000E+00  0.0000E+00  0.0000E+00  0.0000E+00  0.5728E-01  0.5396E-01  0.0000E+00  0.0000E+00  0.0000E+00  0.0000E+00
  0.0000E+00  0.0000E+00  0.6869E-01  0.7305E-01  0.0000E+00  0.0000E+00  0.0000E+00  0.0000E+00  0.5960E-01  0.5070E-01  0.0000E+00  0.0000E+00  0.0000E+00  0.0000E+00
  0.0000E+00  0.0000E+00  0.7220E-01  0.7320E-01  0.0000E+00  0.0000E+00  0.0000E+00  0.0000E+00  0.5222E-01  0.5175E-01  0.0000E+00  0.0000E+00  0.0000E+00  0.0000E+00
  0.0000E+00  0.0000E+00  0.7230E-01  0.6789E-01  0.0000E+00  0.0000E+00  0.0000E+00  0.0000E+00  0.4674E-01  0.5076E-01  0.0000E+00  0.0000E+00  0.0000E+00  0.0000E+00
 Relative number of events:
  0.0000E+00  0.0000E+00  0.8595E-01  0.8506E-01  0.0000E+00  0.0000E+00  0.0000E+00  0.0000E+00  0.4263E-01  0.4074E-01  0.0000E+00  0.0000E+00  0.0000E+00  0.0000E+00
  0.0000E+00  0.0000E+00  0.8433E-01  0.8491E-01  0.0000E+00  0.0000E+00  0.0000E+00  0.0000E+00  0.4250E-01  0.4079E-01  0.0000E+00  0.0000E+00  0.0000E+00  0.0000E+00
  0.0000E+00  0.0000E+00  0.8162E-01  0.8220E-01  0.0000E+00  0.0000E+00  0.0000E+00  0.0000E+00  0.3895E-01  0.4019E-01  0.0000E+00  0.0000E+00  0.0000E+00  0.0000E+00
  0.0000E+00  0.0000E+00  0.8230E-01  0.8461E-01  0.0000E+00  0.0000E+00  0.0000E+00  0.0000E+00  0.4295E-01  0.4029E-01  0.0000E+00  0.0000E+00  0.0000E+00  0.0000E+00
 Events:
           0           0        3456        3420           0           0           0           0        1714        1638           0           0           0           0
           0           0        3391        3414           0           0           0           0        1709        1640           0           0           0           0
           0           0        3282        3305           0           0           0           0        1566        1616           0           0           0           0
           0           0        3309        3402           0           0           0           0        1727        1620           0           0           0           0
 Accuracy:    0.017   0.010   0.011   2.680
 Found         6030  events.
 Wrote         1008  events.
 Actual xsec    4.2143250582268648E-008
 Correct abs xsec    1.4149775888821226E-007
 Event xsec    1.4149775888821313E-007
 Events wgts > 1:           21
 % Cross section > 1:    1.3803599818282907E-009  0.97553487254791826     
 Iteration  7   Mean: 0.4353E-07 Abs mean: 0.1435E-06   Fluctuation:  0.156E-08   0.105E-03    89.2%
  7    0.4353E-07 0.1435E-06 +- 0.1558E-08      3.88
 Relative summed weights:
  0.0000E+00  0.0000E+00  0.6974E-01  0.7043E-01  0.0000E+00  0.0000E+00  0.0000E+00  0.0000E+00  0.4966E-01  0.4978E-01  0.0000E+00  0.0000E+00  0.0000E+00  0.0000E+00
  0.0000E+00  0.0000E+00  0.7099E-01  0.8353E-01  0.0000E+00  0.0000E+00  0.0000E+00  0.0000E+00  0.4777E-01  0.5550E-01  0.0000E+00  0.0000E+00  0.0000E+00  0.0000E+00
  0.0000E+00  0.0000E+00  0.7222E-01  0.6966E-01  0.0000E+00  0.0000E+00  0.0000E+00  0.0000E+00  0.5245E-01  0.5282E-01  0.0000E+00  0.0000E+00  0.0000E+00  0.0000E+00
  0.0000E+00  0.0000E+00  0.7842E-01  0.7267E-01  0.0000E+00  0.0000E+00  0.0000E+00  0.0000E+00  0.5256E-01  0.5180E-01  0.0000E+00  0.0000E+00  0.0000E+00  0.0000E+00
 Relative number of events:
  0.0000E+00  0.0000E+00  0.8457E-01  0.8449E-01  0.0000E+00  0.0000E+00  0.0000E+00  0.0000E+00  0.4064E-01  0.4088E-01  0.0000E+00  0.0000E+00  0.0000E+00  0.0000E+00
  0.0000E+00  0.0000E+00  0.8410E-01  0.8503E-01  0.0000E+00  0.0000E+00  0.0000E+00  0.0000E+00  0.4074E-01  0.4216E-01  0.0000E+00  0.0000E+00  0.0000E+00  0.0000E+00
  0.0000E+00  0.0000E+00  0.8324E-01  0.8465E-01  0.0000E+00  0.0000E+00  0.0000E+00  0.0000E+00  0.4077E-01  0.4101E-01  0.0000E+00  0.0000E+00  0.0000E+00  0.0000E+00
  0.0000E+00  0.0000E+00  0.8279E-01  0.8279E-01  0.0000E+00  0.0000E+00  0.0000E+00  0.0000E+00  0.4136E-01  0.4079E-01  0.0000E+00  0.0000E+00  0.0000E+00  0.0000E+00
 Events:
           0           0        6766        6759           0           0           0           0        3251        3270           0           0           0           0
           0           0        6728        6802           0           0           0           0        3259        3373           0           0           0           0
           0           0        6659        6772           0           0           0           0        3262        3281           0           0           0           0
           0           0        6623        6623           0           0           0           0        3309        3263           0           0           0           0
 Accuracy:    0.012   0.010   0.008   2.366
 Found        12592  events.
 Wrote          948  events.
 Actual xsec    4.2640908316607881E-008
Thanks for using LHAPDF 6.2.1. Please make sure to cite the paper:
  Eur.Phys.J. C75 (2015) 3, 132  (http://arxiv.org/abs/1412.7420)
 Correct abs xsec    1.4221171670692042E-007
 Event xsec    1.4221171670691687E-007
 Events wgts > 1:           11
 % Cross section > 1:    1.2969346868859487E-009  0.91197456645488106     
 Iteration  8   Mean: 0.4401E-07 Abs mean: 0.1442E-06   Fluctuation:  0.899E-09   0.646E-04    89.0%
  8    0.4401E-07 0.1442E-06 +- 0.8990E-09      3.15
 Exceeded boost           4          96   256000.000    
 Exceeded boost          13          96   256000.000    
 Relative summed weights:
  0.0000E+00  0.0000E+00  0.7417E-01  0.7168E-01  0.0000E+00  0.0000E+00  0.0000E+00  0.0000E+00  0.5377E-01  0.5211E-01  0.0000E+00  0.0000E+00  0.0000E+00  0.0000E+00
  0.0000E+00  0.0000E+00  0.6972E-01  0.7342E-01  0.0000E+00  0.0000E+00  0.0000E+00  0.0000E+00  0.5409E-01  0.5268E-01  0.0000E+00  0.0000E+00  0.0000E+00  0.0000E+00
  0.0000E+00  0.0000E+00  0.6929E-01  0.6996E-01  0.0000E+00  0.0000E+00  0.0000E+00  0.0000E+00  0.5269E-01  0.5698E-01  0.0000E+00  0.0000E+00  0.0000E+00  0.0000E+00
  0.0000E+00  0.0000E+00  0.7173E-01  0.7165E-01  0.0000E+00  0.0000E+00  0.0000E+00  0.0000E+00  0.5232E-01  0.5374E-01  0.0000E+00  0.0000E+00  0.0000E+00  0.0000E+00
 Relative number of events:
  0.0000E+00  0.0000E+00  0.8519E-01  0.8304E-01  0.0000E+00  0.0000E+00  0.0000E+00  0.0000E+00  0.4030E-01  0.4183E-01  0.0000E+00  0.0000E+00  0.0000E+00  0.0000E+00
  0.0000E+00  0.0000E+00  0.8440E-01  0.8350E-01  0.0000E+00  0.0000E+00  0.0000E+00  0.0000E+00  0.4235E-01  0.4174E-01  0.0000E+00  0.0000E+00  0.0000E+00  0.0000E+00
  0.0000E+00  0.0000E+00  0.8440E-01  0.8171E-01  0.0000E+00  0.0000E+00  0.0000E+00  0.0000E+00  0.4075E-01  0.4231E-01  0.0000E+00  0.0000E+00  0.0000E+00  0.0000E+00
  0.0000E+00  0.0000E+00  0.8354E-01  0.8279E-01  0.0000E+00  0.0000E+00  0.0000E+00  0.0000E+00  0.4075E-01  0.4141E-01  0.0000E+00  0.0000E+00  0.0000E+00  0.0000E+00
 Events:
           0           0       13624       13280           0           0           0           0        6445        6689           0           0           0           0
           0           0       13497       13354           0           0           0           0        6773        6675           0           0           0           0
           0           0       13498       13067           0           0           0           0        6517        6767           0           0           0           0
           0           0       13360       13240           0           0           0           0        6517        6623           0           0           0           0
 Accuracy:    0.007   0.010   0.005   2.236
 Finished due to accuracy    7.1992450150756421E-003   1.0000000000000000E-002

 -------------------------------------------------------------------------------
 Accumulated results:   Integral =  0.1435E-06
                        Std dev  =  0.6909E-09
                       Cross sec =  0.4353E-07
             Chi**2 per DoF.     =      2.2359
 -------------------------------------------------------------------------------
 Found        25285  events.
 Wrote         3710  events.
 Actual xsec    4.3583129680877097E-008
 Correct abs xsec    1.4351745923622470E-007
 Event xsec    1.4351745923623389E-007
 Events wgts > 1:           54
 % Cross section > 1:    1.4022075431025008E-009  0.97702924129560198     
-------------------------------------------------
---------------------------
 Results Last   3 iters: Integral =   0.4358E-07
                     Abs integral =   0.1435E-06
                          Std dev =   0.7134E-09
                  Chi**2 per DoF. =      1.6716
-------------------------------------------------
---------------------------
 Status   1.0000000000000000E-002           9           8

ls status:
events.lhe
ftn26
input_app.txt
results.dat
run1_app.log
