==== LHAPDF6 USING DEFAULT-TYPE LHAGLUE INTERFACE ====
LHAPDF 6.2.1 loading /cvmfs/cms.cern.ch/slc6_amd64_gcc630/external/lhapdf/6.2.1-ghjeda2/share/LHAPDF/NNPDF30_lo_as_0130_nf_4/NNPDF30_lo_as_0130_nf_4_0000.dat
NNPDF30_lo_as_0130_nf_4 PDF set, member #0, version 2; LHAPDF ID = 263400
 Process in group number            1
 A PDF is used, so alpha_s(MZ) is going to be modified
 Old value of alpha_s from param_card:   0.11810000000000001     
 New value of alpha_s from PDF lhapdf :  0.12470044313224841     
 using LHAPDF
 Define smin to   10000.000000000000     
 Define smin to   10000.000000000000     
 Define smin to   10000.000000000000     
 Define smin to   10000.000000000000     
 Define smin to   10000.000000000000     
 Define smin to   10000.000000000000     
 Define smin to   10000.000000000000     
 *****************************************************
 *               MadGraph/MadEvent                   *
 *        --------------------------------           *
 *          http://madgraph.hep.uiuc.edu             *
 *          http://madgraph.phys.ucl.ac.be           *
 *          http://madgraph.roma2.infn.it            *
 *        --------------------------------           *
 *                                                   *
 *          PARAMETER AND COUPLING VALUES            *
 *                                                   *
 *****************************************************

  External Params
  ---------------------------------
  
 mdl_MW0 =    80.387000000000000     
 mdl_Gf =    1.1663789999999999E-005
 aS =   0.11810000000000001     
 mdl_ymdo =    1.0000000000000000E-099
 mdl_ymb =    4.1799999999999997     
 mdl_ymt =    173.19999999999999     
 mdl_ymtau =    1.7769999999999999     
 mdl_LambdaSMEFT =    1000.0000000000000     
 mdl_cW =    1.0000000000000000     
 mdl_MZ =    91.187600000000003     
 mdl_MTA =    1.7769999999999999     
 mdl_MT =    173.19999999999999     
 mdl_MB =    4.1799999999999997     
 mdl_MH =    125.09000000000000     
 mdl_WZ =    2.4952000000000001     
 mdl_WW =    2.0850000000000000     
 mdl_WT =    1.5083359999999999     
 mdl_WH =    4.0699999999999998E-003
  Internal Params
  ---------------------------------
  
 mdl_ymm =    1.0000000000000000E-099
 mdl_yme =    1.0000000000000000E-099
 mdl_ymc =    1.0000000000000000E-099
 mdl_yms =    1.0000000000000000E-099
 mdl_ymup =    1.0000000000000000E-099
 mdl_conjg__CKM3x3 =    1.0000000000000000     
 mdl_cH =    0.0000000000000000     
 mdl_cHB =    0.0000000000000000     
 mdl_CKM2x2 =    1.0000000000000000     
 mdl_CKM1x1 =    1.0000000000000000     
 mdl_conjg__CKM1x1 =    1.0000000000000000     
 mdl_dGf =    0.0000000000000000     
 mdl_CKM3x3 =    1.0000000000000000     
 mdl_dMH2 =    0.0000000000000000     
 mdl_conjg__CKM2x2 =    1.0000000000000000     
 mdl_dg1 =    0.0000000000000000     
 mdl_cHW =    0.0000000000000000     
 mdl_dgw =    0.0000000000000000     
 mdl_complexi =  (  0.0000000000000000     ,  1.0000000000000000     )
 mdl_MW =    80.387000000000000     
 mdl_nb__2__exp__0_25 =    1.1892071150027210     
 mdl_MH__exp__2 =    15647.508100000001     
 mdl_sqrt__2 =    1.4142135623730951     
 mdl_MW__exp__2 =    6462.0697689999997     
 mdl_MZ__exp__2 =    8315.1783937600012     
 mdl_sth2 =   0.22285855299877133     
 mdl_MH__exp__6 =    3831206449390.3818     
 mdl_MT__exp__6 =    26995248278778.535     
 mdl_MH__exp__4 =    244844509.73956564     
 mdl_MT__exp__4 =    899894403.09759963     
 mdl_MT__exp__2 =    29998.239999999994     
 mdl_LambdaSMEFT__exp__2 =    1000000.0000000000     
 mdl_cth =   0.88155626422890820     
 mdl_sqrt__sth2 =   0.47207896902824564     
 mdl_sth =   0.47207896902824564     
 mdl_MW0__exp__6 =    269845343347.69711     
 mdl_MW0__exp__4 =    41758345.699423708     
 mdl_MW0__exp__2 =    6462.0697689999997     
 mdl_MZ__exp__4 =    69142191.720053151     
 mdl_MZ__exp__6 =    574929658687.79749     
 mdl_cth__exp__2 =   0.77714144700122867     
 mdl_sth__exp__2 =   0.22285855299877130     
 mdl_sth__exp__3 =   0.10520683593878660     
 mdl_cth__exp__3 =   0.68509391079585125     
 mdl_sth__exp__4 =    4.9665934644706158E-002
 mdl_sqrt__Gf =    3.4152291284773265E-003
 mdl_vevhat =    246.21961912951551     
 mdl_lam =   0.12905352724481209     
 mdl_aEW =    7.5614618607353409E-003
 mdl_yb =    2.4008698866559607E-002
 mdl_yc =    5.7437078628133041E-102
 mdl_ydo =    5.7437078628133041E-102
 mdl_ye =    5.7437078628133041E-102
 mdl_ym =    5.7437078628133041E-102
 mdl_ys =    5.7437078628133041E-102
 mdl_yt =   0.99481020183926416     
 mdl_ytau =    1.0206568872219240E-002
 mdl_yup =    5.7437078628133041E-102
 mdl_vevhat__exp__2 =    60624.100844283676     
 mdl_barlam =   0.12905352724481209     
 mdl_vevT =    246.21961912951551     
 mdl_sqrt__aEW =    8.6956666568672819E-002
 mdl_ee =   0.30825335704310214     
 mdl_gwsh =   0.65296989967087182     
 mdl_vev =    246.21961912951551     
 mdl_g1 =   0.34966952144878632     
 mdl_gw =   0.65296989967087182     
 mdl_ee__exp__2 =    9.5020132128342205E-002
 mdl_gHaa =   -1.9303830602986922E-003
 mdl_gHza =   -6.8546472954154700E-003
 mdl_g1sh =   0.34966952144878632     
 mdl_I1d11 =  (  5.7437078628133041E-102,  0.0000000000000000     )
 mdl_I1d22 =  (  5.7437078628133041E-102,  0.0000000000000000     )
 mdl_I1d33 =  (  2.4008698866559607E-002,  0.0000000000000000     )
 mdl_I2d11 =  (  5.7437078628133041E-102,  0.0000000000000000     )
 mdl_I2d22 =  (  5.7437078628133041E-102,  0.0000000000000000     )
 mdl_I2d33 =  ( 0.99481020183926416     ,  0.0000000000000000     )
 mdl_I3d11 =  (  5.7437078628133041E-102,  0.0000000000000000     )
 mdl_I3d22 =  (  5.7437078628133041E-102,  0.0000000000000000     )
 mdl_I3d33 =  (  2.4008698866559607E-002,  0.0000000000000000     )
 mdl_I4d11 =  (  5.7437078628133041E-102,  0.0000000000000000     )
 mdl_I4d22 =  (  5.7437078628133041E-102,  0.0000000000000000     )
 mdl_I4d33 =  ( 0.99481020183926416     ,  0.0000000000000000     )
 mdl_I5d11 =  (  5.7437078628133041E-102,  0.0000000000000000     )
 mdl_I5d22 =  (  5.7437078628133041E-102,  0.0000000000000000     )
 mdl_I5d33 =  (  2.4008698866559607E-002,  0.0000000000000000     )
 mdl_I6d11 =  (  5.7437078628133041E-102,  0.0000000000000000     )
 mdl_I6d22 =  (  5.7437078628133041E-102,  0.0000000000000000     )
 mdl_I6d33 =  ( 0.99481020183926416     ,  0.0000000000000000     )
 mdl_ee__exp__3 =    2.9290274715240611E-002
 mdl_vevhat__exp__3 =    14926843.019948866     
  Internal Params evaluated point by point
  ----------------------------------------
  
 mdl_sqrt__aS =   0.34365680554879169     
 mdl_G__exp__2 =    1.4840883695558185     
 mdl_gHgg =    3.2334372328970845E-003
 mdl_G__exp__3 =  (  1.8079634332366095     ,  0.0000000000000000     )
  Couplings of SMEFTsim_A_U35_MwScheme_UFO_v3_1-cW_massless
  ---------------------------------
  
        GC_64 =   0.00000E+00   0.52893E-05
       GC_345 =   0.00000E+00   0.28325E-05
         GC_1 =   0.00000E+00   0.10275E+00
         GC_2 =  -0.00000E+00  -0.20550E+00
         GC_3 =  -0.00000E+00  -0.30825E+00
       GC_278 =  -0.00000E+00  -0.37035E+00
       GC_280 =  -0.00000E+00  -0.57563E+00
       GC_318 =   0.00000E+00   0.39178E-05
       GC_328 =  -0.00000E+00  -0.55024E-01
       GC_329 =   0.00000E+00   0.11005E+00
       GC_330 =  -0.00000E+00  -0.16507E+00
      GC_1073 =  -0.00000E+00  -0.46172E+00

 Collider parameters:
 --------------------

 Running at P P   machine @    13000.000000000000       GeV
 PDF set = lhapdf 
 alpha_s(Mz)= 0.1247 running at 1 loops.
 alpha_s(Mz)= 0.1247 running at 1 loops.
 Renormalization scale set on event-by-event basis
 Factorization   scale set on event-by-event basis


 getting user params
Enter number of events and max and min iterations: 
 Number of events and iterations         2000           8           3
Enter desired fractional accuracy: 
 Desired fractional accuracy:    1.0000000000000000E-002
Enter 0 for fixed, 2 for adjustable grid: 
Suppress amplitude (0 no, 1 yes)? 
 Using suppressed amplitude.
Exact helicity sum (0 yes, n = number/event)? 
 Explicitly summing over helicities
Enter Configuration Number: 
Running Configuration Number:   36
 Not subdividing B.W.
 Attempting mappinvarients           1           8
 Completed mapping           8
 about to integrate           16        2000           8           3          16           1
 Using non-zero grid deformation.
 16 dimensions   2000 events 16 invarients  8 iterations  1 config(s),  (0.99)
 Using h-tuple random number sequence.
 Error opening grid
 Using Uniform Grid!          32
 Using uniform alpha   1.0000000000000000     
 Grid defined OK
 Set CM energy to      13000.00
 Mapping Graph          36  to config          36
 Setting BW          -1           1   80.387000000000000     
 Setting BW          -2           2   80.387000000000000     
Setting grid   3    0.18685E-07   1
Setting grid   4    0.18685E-07   1
Setting grid   5    0.59172E-06   1
 Transforming s_hat 1/s           15   1.1585044837869826E-004   10000.000000000000        168999999.99999997     
  36   1   2   3   4   5   6   7   8   9  10  11  12  13  14
  15  16
 Masses: 0.000E+00 0.000E+00 0.178E+01 0.178E+01 0.000E+00 0.000E+00 0.000E+00 0.000E+00
Using random seed offsets    36 :      2
  with seed                   24
 Ranmar initialization seeds       31094        9399
 
 ********************************************
 * You are using the DiscreteSampler module *
 *      part of the MG5_aMC framework       *
 *         Author: Valentin Hirschi         *
 ********************************************
 
  Particle       3       4       5       6       7       8
      Et >     0.0     0.0     0.0     0.0    10.0    10.0
       E >     0.0     0.0     0.0     0.0     0.0     0.0
     Eta <    -1.0    -1.0    -1.0    -1.0     6.5     6.5
   xqcut:      0.0     0.0     0.0     0.0     0.0     0.0
d R # 3  >    -0.0     0.4     0.0     0.0     0.4     0.4
d R # 4  >    -0.0    -0.0     0.0     0.0     0.4     0.4
d R # 5  >    -0.0    -0.0    -0.0     0.0     0.0     0.0
d R # 6  >    -0.0    -0.0    -0.0    -0.0     0.0     0.0
d R # 7  >    -0.0    -0.0    -0.0    -0.0    -0.0     0.4
s min # 3>     0.0     0.0     0.0     0.0     0.0     0.0
s min # 4>     0.0     0.0     0.0     0.0     0.0     0.0
s min # 5>     0.0     0.0     0.0     0.0     0.0     0.0
s min # 6>     0.0     0.0     0.0     0.0     0.0     0.0
s min # 7>     0.0     0.0     0.0     0.0     0.0 10000.0
xqcutij # 3>     0.0     0.0     0.0     0.0     0.0     0.0
xqcutij # 4>     0.0     0.0     0.0     0.0     0.0     0.0
xqcutij # 5>     0.0     0.0     0.0     0.0     0.0     0.0
xqcutij # 6>     0.0     0.0     0.0     0.0     0.0     0.0
xqcutij # 7>     0.0     0.0     0.0     0.0     0.0     0.0
 No cut BW           -1           1
 No cut BW           -2           2
 No cut BW           -5           3
 alpha_s for scale    69.878969501103441       is   0.13044250148370939     
 Added good helicity          193   255.86153170119763       in event            1 local:           1
 Added good helicity          209   2.2778446138412602E-002  in event            1 local:           1
 Added good helicity          225  0.11568507668639770       in event            1 local:           1
 Added good helicity          241   4.7759775593012042E-006  in event            1 local:           1
 Added good helicity          193   254.05320284453344       in event            1 local:           1
 Added good helicity          209   1.2045977625266064       in event            1 local:           1
 Added good helicity          225  0.73889152847522976       in event            1 local:           1
 Added good helicity          241   3.3078644647073930E-003  in event            1 local:           1
 RESET CUMULATIVE VARIABLE
 RESET CUMULATIVE VARIABLE
 RESET CUMULATIVE VARIABLE
 Iteration  1   Mean: 0.1180E-04 Abs mean: 0.1180E-04   Fluctuation:  0.225E-05   0.189E-02     4.3%
  1    0.1180E-04 0.1180E-04 +- 0.2252E-05      8.54
 Writing out events   1.7241482838588069E-008   8.5365436183172410     
 Relative summed weights:
  0.1277E+00  0.0000E+00  0.6610E-02  0.4298E-01  0.3186E-02  0.0000E+00  0.4105E-04  0.1210E-09  0.0000E+00  0.0000E+00  0.1327E-02  0.8889E-03  0.2387E-03  0.4445E-03
  0.5543E-01  0.0000E+00  0.1172E-01  0.1240E+00  0.6499E-03  0.0000E+00  0.1172E-09  0.3343E-03  0.0000E+00  0.0000E+00  0.3329E-01  0.1013E-01  0.1452E-03  0.4219E-04
  0.4772E-01  0.0000E+00  0.1972E-01  0.2814E-01  0.2487E-02  0.0000E+00  0.5237E-10  0.9313E-04  0.0000E+00  0.0000E+00  0.3558E-03  0.1108E-01  0.6925E-03  0.2284E-01
  0.1190E+00  0.0000E+00  0.8094E-01  0.8353E-02  0.7624E-02  0.0000E+00  0.7823E-01  0.2534E-02  0.0000E+00  0.0000E+00  0.2563E-02  0.1005E-01  0.7815E-03  0.6637E-05
  0.2339E-01  0.0000E+00  0.0000E+00  0.0000E+00  0.6669E-03  0.0000E+00  0.0000E+00  0.0000E+00  0.0000E+00  0.0000E+00  0.0000E+00  0.0000E+00  0.0000E+00  0.0000E+00
  0.1129E-01  0.0000E+00  0.0000E+00  0.0000E+00  0.3090E-02  0.0000E+00  0.0000E+00  0.0000E+00  0.0000E+00  0.0000E+00  0.0000E+00  0.0000E+00  0.0000E+00  0.0000E+00
  0.4288E-01  0.0000E+00  0.0000E+00  0.0000E+00  0.2032E-03  0.0000E+00  0.0000E+00  0.0000E+00  0.0000E+00  0.0000E+00  0.0000E+00  0.0000E+00  0.0000E+00  0.0000E+00
  0.5602E-01  0.0000E+00  0.0000E+00  0.0000E+00  0.1378E-04  0.0000E+00  0.0000E+00  0.0000E+00  0.0000E+00  0.0000E+00  0.0000E+00  0.0000E+00  0.0000E+00  0.0000E+00
 Relative number of events:
  0.1742E-01  0.0000E+00  0.5575E-01  0.5027E-01  0.5475E-02  0.0000E+00  0.1991E-02  0.9955E-03  0.0000E+00  0.0000E+00  0.3285E-01  0.3883E-01  0.5973E-02  0.7964E-02
  0.2439E-01  0.0000E+00  0.5625E-01  0.5127E-01  0.4978E-02  0.0000E+00  0.4978E-03  0.1493E-02  0.0000E+00  0.0000E+00  0.3186E-01  0.3136E-01  0.5973E-02  0.3484E-02
  0.2588E-01  0.0000E+00  0.4430E-01  0.5376E-01  0.9457E-02  0.0000E+00  0.4978E-03  0.1991E-02  0.0000E+00  0.0000E+00  0.3783E-01  0.4082E-01  0.6471E-02  0.6969E-02
  0.1941E-01  0.0000E+00  0.6023E-01  0.5077E-01  0.8960E-02  0.0000E+00  0.2489E-02  0.2987E-02  0.0000E+00  0.0000E+00  0.3982E-01  0.3883E-01  0.6471E-02  0.4978E-02
  0.2041E-01  0.0000E+00  0.0000E+00  0.0000E+00  0.8462E-02  0.0000E+00  0.0000E+00  0.0000E+00  0.0000E+00  0.0000E+00  0.0000E+00  0.0000E+00  0.0000E+00  0.0000E+00
  0.1891E-01  0.0000E+00  0.0000E+00  0.0000E+00  0.1045E-01  0.0000E+00  0.0000E+00  0.0000E+00  0.0000E+00  0.0000E+00  0.0000E+00  0.0000E+00  0.0000E+00  0.0000E+00
  0.1842E-01  0.0000E+00  0.0000E+00  0.0000E+00  0.4978E-02  0.0000E+00  0.0000E+00  0.0000E+00  0.0000E+00  0.0000E+00  0.0000E+00  0.0000E+00  0.0000E+00  0.0000E+00
  0.1842E-01  0.0000E+00  0.0000E+00  0.0000E+00  0.7964E-02  0.0000E+00  0.0000E+00  0.0000E+00  0.0000E+00  0.0000E+00  0.0000E+00  0.0000E+00  0.0000E+00  0.0000E+00
 Events:
          35           0         112         101          11           0           4           2           0           0          66          78          12          16
          49           0         113         103          10           0           1           3           0           0          64          63          12           7
          52           0          89         108          19           0           1           4           0           0          76          82          13          14
          39           0         121         102          18           0           5           6           0           0          80          78          13          10
          41           0           0           0          17           0           0           0           0           0           0           0           0           0
          38           0           0           0          21           0           0           0           0           0           0           0           0           0
          37           0           0           0          10           0           0           0           0           0           0           0           0           0
          37           0           0           0          16           0           0           0           0           0           0           0           0           0
 Iteration  2   Mean: 0.6177E-04 Abs mean: 0.6177E-04   Fluctuation:  0.237E-04   0.857E-01    55.3%
  2    0.6177E-04 0.6177E-04 +- 0.2371E-04     24.27
 Relative summed weights:
  0.5140E+00  0.0000E+00  0.1814E-02  0.4607E-01  0.1955E-02  0.0000E+00  0.6479E-03  0.4073E-02  0.0000E+00  0.0000E+00  0.3707E-02  0.6634E-02  0.2793E-03  0.1373E-03
  0.1426E+00  0.0000E+00  0.1373E-01  0.4131E-02  0.1223E-03  0.0000E+00  0.1919E-03  0.1710E-02  0.0000E+00  0.0000E+00  0.8443E-02  0.2789E-01  0.1367E-03  0.2268E-03
  0.6937E-01  0.0000E+00  0.8915E-02  0.7270E-02  0.2698E-04  0.0000E+00  0.1024E-04  0.7806E-03  0.0000E+00  0.0000E+00  0.1289E-02  0.7050E-02  0.1173E-03  0.7938E-05
  0.2306E-01  0.0000E+00  0.8953E-02  0.7396E-02  0.5001E-04  0.0000E+00  0.1610E-02  0.2547E-02  0.0000E+00  0.0000E+00  0.2955E-02  0.1256E-02  0.2566E-04  0.1831E-03
  0.3578E-01  0.0000E+00  0.0000E+00  0.0000E+00  0.1082E-03  0.0000E+00  0.0000E+00  0.0000E+00  0.0000E+00  0.0000E+00  0.0000E+00  0.0000E+00  0.0000E+00  0.0000E+00
  0.1583E-01  0.0000E+00  0.0000E+00  0.0000E+00  0.1414E-03  0.0000E+00  0.0000E+00  0.0000E+00  0.0000E+00  0.0000E+00  0.0000E+00  0.0000E+00  0.0000E+00  0.0000E+00
  0.8976E-02  0.0000E+00  0.0000E+00  0.0000E+00  0.4742E-04  0.0000E+00  0.0000E+00  0.0000E+00  0.0000E+00  0.0000E+00  0.0000E+00  0.0000E+00  0.0000E+00  0.0000E+00
  0.1756E-01  0.0000E+00  0.0000E+00  0.0000E+00  0.1771E-03  0.0000E+00  0.0000E+00  0.0000E+00  0.0000E+00  0.0000E+00  0.0000E+00  0.0000E+00  0.0000E+00  0.0000E+00
 Relative number of events:
  0.2600E-01  0.0000E+00  0.5550E-01  0.5525E-01  0.5000E-02  0.0000E+00  0.2500E-02  0.4000E-02  0.0000E+00  0.0000E+00  0.3375E-01  0.3475E-01  0.4000E-02  0.4000E-02
  0.2525E-01  0.0000E+00  0.5600E-01  0.5725E-01  0.6500E-02  0.0000E+00  0.1750E-02  0.1500E-02  0.0000E+00  0.0000E+00  0.3075E-01  0.3475E-01  0.3500E-02  0.4500E-02
  0.2500E-01  0.0000E+00  0.5800E-01  0.5800E-01  0.4000E-02  0.0000E+00  0.1000E-02  0.1750E-02  0.0000E+00  0.0000E+00  0.3050E-01  0.3275E-01  0.2750E-02  0.3500E-02
  0.2175E-01  0.0000E+00  0.5800E-01  0.6325E-01  0.5500E-02  0.0000E+00  0.1250E-02  0.2000E-02  0.0000E+00  0.0000E+00  0.3550E-01  0.3475E-01  0.4750E-02  0.4500E-02
  0.2025E-01  0.0000E+00  0.0000E+00  0.0000E+00  0.5750E-02  0.0000E+00  0.0000E+00  0.0000E+00  0.0000E+00  0.0000E+00  0.0000E+00  0.0000E+00  0.0000E+00  0.0000E+00
  0.2075E-01  0.0000E+00  0.0000E+00  0.0000E+00  0.5250E-02  0.0000E+00  0.0000E+00  0.0000E+00  0.0000E+00  0.0000E+00  0.0000E+00  0.0000E+00  0.0000E+00  0.0000E+00
  0.1975E-01  0.0000E+00  0.0000E+00  0.0000E+00  0.5250E-02  0.0000E+00  0.0000E+00  0.0000E+00  0.0000E+00  0.0000E+00  0.0000E+00  0.0000E+00  0.0000E+00  0.0000E+00
  0.2375E-01  0.0000E+00  0.0000E+00  0.0000E+00  0.4250E-02  0.0000E+00  0.0000E+00  0.0000E+00  0.0000E+00  0.0000E+00  0.0000E+00  0.0000E+00  0.0000E+00  0.0000E+00
 Events:
         104           0         222         221          20           0          10          16           0           0         135         139          16          16
         101           0         224         229          26           0           7           6           0           0         123         139          14          18
         100           0         232         232          16           0           4           7           0           0         122         131          11          14
          87           0         232         253          22           0           5           8           0           0         142         139          19          18
          81           0           0           0          23           0           0           0           0           0           0           0           0           0
          83           0           0           0          21           0           0           0           0           0           0           0           0           0
          79           0           0           0          21           0           0           0           0           0           0           0           0           0
          95           0           0           0          17           0           0           0           0           0           0           0           0           0
 Iteration  3   Mean: 0.5707E-04 Abs mean: 0.5707E-04   Fluctuation:  0.140E-04   0.712E-01    70.2%
  3    0.5707E-04 0.5707E-04 +- 0.1399E-04     21.93
 Relative summed weights:
  0.2970E-01  0.0000E+00  0.2728E-01  0.7527E-02  0.4609E-02  0.0000E+00  0.1146E+00  0.7310E-03  0.0000E+00  0.0000E+00  0.1995E-01  0.8842E-02  0.1081E-03  0.2280E-03
  0.1778E+00  0.0000E+00  0.2061E-01  0.1844E-01  0.1852E-02  0.0000E+00  0.1422E-02  0.2769E-02  0.0000E+00  0.0000E+00  0.7230E-02  0.6510E-02  0.7733E-04  0.7587E-04
  0.1679E+00  0.0000E+00  0.8299E-02  0.6535E-02  0.2330E-03  0.0000E+00  0.1179E-02  0.4162E-03  0.0000E+00  0.0000E+00  0.8538E-02  0.1101E-01  0.3265E-03  0.4212E-03
  0.3912E-01  0.0000E+00  0.2343E-01  0.4946E-02  0.7396E-03  0.0000E+00  0.3015E-02  0.2693E-03  0.0000E+00  0.0000E+00  0.5872E-02  0.4372E-02  0.1475E-03  0.9880E-03
  0.1494E+00  0.0000E+00  0.0000E+00  0.0000E+00  0.1777E-03  0.0000E+00  0.0000E+00  0.0000E+00  0.0000E+00  0.0000E+00  0.0000E+00  0.0000E+00  0.0000E+00  0.0000E+00
  0.2671E-01  0.0000E+00  0.0000E+00  0.0000E+00  0.8586E-03  0.0000E+00  0.0000E+00  0.0000E+00  0.0000E+00  0.0000E+00  0.0000E+00  0.0000E+00  0.0000E+00  0.0000E+00
  0.3234E-01  0.0000E+00  0.0000E+00  0.0000E+00  0.1614E-03  0.0000E+00  0.0000E+00  0.0000E+00  0.0000E+00  0.0000E+00  0.0000E+00  0.0000E+00  0.0000E+00  0.0000E+00
  0.5212E-01  0.0000E+00  0.0000E+00  0.0000E+00  0.1337E-03  0.0000E+00  0.0000E+00  0.0000E+00  0.0000E+00  0.0000E+00  0.0000E+00  0.0000E+00  0.0000E+00  0.0000E+00
 Relative number of events:
  0.2500E-01  0.0000E+00  0.5850E-01  0.5887E-01  0.3500E-02  0.0000E+00  0.1375E-02  0.1500E-02  0.0000E+00  0.0000E+00  0.2975E-01  0.2788E-01  0.3625E-02  0.2750E-02
  0.2900E-01  0.0000E+00  0.6037E-01  0.5400E-01  0.4250E-02  0.0000E+00  0.2125E-02  0.1500E-02  0.0000E+00  0.0000E+00  0.2700E-01  0.2937E-01  0.2500E-02  0.2750E-02
  0.2813E-01  0.0000E+00  0.6125E-01  0.5437E-01  0.4750E-02  0.0000E+00  0.1875E-02  0.1375E-02  0.0000E+00  0.0000E+00  0.3425E-01  0.2463E-01  0.2500E-02  0.3250E-02
  0.2738E-01  0.0000E+00  0.6100E-01  0.6075E-01  0.4625E-02  0.0000E+00  0.2000E-02  0.1625E-02  0.0000E+00  0.0000E+00  0.3050E-01  0.3100E-01  0.3000E-02  0.3125E-02
  0.2637E-01  0.0000E+00  0.0000E+00  0.0000E+00  0.3000E-02  0.0000E+00  0.0000E+00  0.0000E+00  0.0000E+00  0.0000E+00  0.0000E+00  0.0000E+00  0.0000E+00  0.0000E+00
  0.3000E-01  0.0000E+00  0.0000E+00  0.0000E+00  0.3500E-02  0.0000E+00  0.0000E+00  0.0000E+00  0.0000E+00  0.0000E+00  0.0000E+00  0.0000E+00  0.0000E+00  0.0000E+00
  0.2962E-01  0.0000E+00  0.0000E+00  0.0000E+00  0.4750E-02  0.0000E+00  0.0000E+00  0.0000E+00  0.0000E+00  0.0000E+00  0.0000E+00  0.0000E+00  0.0000E+00  0.0000E+00
  0.3275E-01  0.0000E+00  0.0000E+00  0.0000E+00  0.3000E-02  0.0000E+00  0.0000E+00  0.0000E+00  0.0000E+00  0.0000E+00  0.0000E+00  0.0000E+00  0.0000E+00  0.0000E+00
 Events:
         200           0         468         471          28           0          11          12           0           0         238         223          29          22
         232           0         483         432          34           0          17          12           0           0         216         235          20          22
         225           0         490         435          38           0          15          11           0           0         274         197          20          26
         219           0         488         486          37           0          16          13           0           0         244         248          24          25
         211           0           0           0          24           0           0           0           0           0           0           0           0           0
         240           0           0           0          28           0           0           0           0           0           0           0           0           0
         237           0           0           0          38           0           0           0           0           0           0           0           0           0
         262           0           0           0          24           0           0           0           0           0           0           0           0           0
 Accuracy:    0.495   0.010   0.140  12.461
 Found          273  events.
 Wrote            5  events.
 Actual xsec    3.3272131400176441E-005
 Correct abs xsec    3.3272131400176441E-005
 Event xsec    3.3272131400176441E-005
 Events wgts > 1:            1
 % Cross section > 1:    1.4520834892579187E-014   4.3642635086798750E-008
 Iteration  4   Mean: 0.5158E-04 Abs mean: 0.5158E-04   Fluctuation:  0.576E-05   0.429E-01    78.2%
  4    0.5158E-04 0.5158E-04 +- 0.5758E-05     14.12
 Relative summed weights:
  0.1154E+00  0.0000E+00  0.8212E-02  0.1313E-01  0.1418E-02  0.0000E+00  0.3330E-02  0.4089E-03  0.0000E+00  0.0000E+00  0.4599E-02  0.3764E-02  0.1021E-03  0.1737E-03
  0.5620E-01  0.0000E+00  0.1939E-01  0.1354E-01  0.5158E-03  0.0000E+00  0.7214E-02  0.1766E-02  0.0000E+00  0.0000E+00  0.6492E-02  0.6700E-02  0.6951E-04  0.3178E-04
  0.1307E+00  0.0000E+00  0.2145E-01  0.2127E-01  0.2536E-02  0.0000E+00  0.2508E-02  0.1852E-02  0.0000E+00  0.0000E+00  0.1340E-01  0.8021E-02  0.1993E-03  0.4421E-03
  0.4680E-01  0.0000E+00  0.1341E-01  0.1477E-01  0.8173E-03  0.0000E+00  0.1851E-02  0.3681E-02  0.0000E+00  0.0000E+00  0.6292E-02  0.5075E-02  0.9628E-03  0.2570E-02
  0.1976E+00  0.0000E+00  0.0000E+00  0.0000E+00  0.3146E-03  0.0000E+00  0.0000E+00  0.0000E+00  0.0000E+00  0.0000E+00  0.0000E+00  0.0000E+00  0.0000E+00  0.0000E+00
  0.7070E-01  0.0000E+00  0.0000E+00  0.0000E+00  0.4274E-03  0.0000E+00  0.0000E+00  0.0000E+00  0.0000E+00  0.0000E+00  0.0000E+00  0.0000E+00  0.0000E+00  0.0000E+00
  0.7468E-01  0.0000E+00  0.0000E+00  0.0000E+00  0.5427E-03  0.0000E+00  0.0000E+00  0.0000E+00  0.0000E+00  0.0000E+00  0.0000E+00  0.0000E+00  0.0000E+00  0.0000E+00
  0.9463E-01  0.0000E+00  0.0000E+00  0.0000E+00  0.1096E-03  0.0000E+00  0.0000E+00  0.0000E+00  0.0000E+00  0.0000E+00  0.0000E+00  0.0000E+00  0.0000E+00  0.0000E+00
 Relative number of events:
  0.3556E-01  0.0000E+00  0.5750E-01  0.5663E-01  0.3438E-02  0.0000E+00  0.2063E-02  0.1000E-02  0.0000E+00  0.0000E+00  0.2438E-01  0.2838E-01  0.1750E-02  0.1687E-02
  0.3537E-01  0.0000E+00  0.5550E-01  0.5613E-01  0.3000E-02  0.0000E+00  0.1687E-02  0.2312E-02  0.0000E+00  0.0000E+00  0.2475E-01  0.2644E-01  0.1813E-02  0.1937E-02
  0.3531E-01  0.0000E+00  0.5538E-01  0.4975E-01  0.2812E-02  0.0000E+00  0.2063E-02  0.1625E-02  0.0000E+00  0.0000E+00  0.2562E-01  0.2513E-01  0.2563E-02  0.2250E-02
  0.3531E-01  0.0000E+00  0.5744E-01  0.5775E-01  0.3625E-02  0.0000E+00  0.1313E-02  0.1563E-02  0.0000E+00  0.0000E+00  0.2712E-01  0.2606E-01  0.1687E-02  0.2500E-02
  0.3756E-01  0.0000E+00  0.0000E+00  0.0000E+00  0.2687E-02  0.0000E+00  0.0000E+00  0.0000E+00  0.0000E+00  0.0000E+00  0.0000E+00  0.0000E+00  0.0000E+00  0.0000E+00
  0.3800E-01  0.0000E+00  0.0000E+00  0.0000E+00  0.4313E-02  0.0000E+00  0.0000E+00  0.0000E+00  0.0000E+00  0.0000E+00  0.0000E+00  0.0000E+00  0.0000E+00  0.0000E+00
  0.3594E-01  0.0000E+00  0.0000E+00  0.0000E+00  0.3187E-02  0.0000E+00  0.0000E+00  0.0000E+00  0.0000E+00  0.0000E+00  0.0000E+00  0.0000E+00  0.0000E+00  0.0000E+00
  0.3706E-01  0.0000E+00  0.0000E+00  0.0000E+00  0.3063E-02  0.0000E+00  0.0000E+00  0.0000E+00  0.0000E+00  0.0000E+00  0.0000E+00  0.0000E+00  0.0000E+00  0.0000E+00
 Events:
         569           0         920         906          55           0          33          16           0           0         390         454          28          27
         566           0         888         898          48           0          27          37           0           0         396         423          29          31
         565           0         886         796          45           0          33          26           0           0         410         402          41          36
         565           0         919         924          58           0          21          25           0           0         434         417          27          40
         601           0           0           0          43           0           0           0           0           0           0           0           0           0
         608           0           0           0          69           0           0           0           0           0           0           0           0           0
         575           0           0           0          51           0           0           0           0           0           0           0           0           0
         593           0           0           0          49           0           0           0           0           0           0           0           0           0
 Accuracy:    0.221   0.010   0.087   6.407
 Found          613  events.
 Wrote           23  events.
 Actual xsec    5.3128534786131696E-005
 Correct abs xsec    5.3128534786131696E-005
 Event xsec    5.3128534786131710E-005
 Events wgts > 1:            2
 % Cross section > 1:    3.9836584152086209E-007  0.74981522288254154     
 Iteration  5   Mean: 0.5208E-04 Abs mean: 0.5208E-04   Fluctuation:  0.309E-05   0.413E-01    81.5%
  5    0.5208E-04 0.5208E-04 +- 0.3093E-05     10.62
 Relative summed weights:
  0.7253E-01  0.0000E+00  0.2034E-01  0.1316E-01  0.1685E-03  0.0000E+00  0.6094E-02  0.6294E-03  0.0000E+00  0.0000E+00  0.6645E-02  0.9554E-02  0.7256E-03  0.1623E-03
  0.8040E-01  0.0000E+00  0.2172E-01  0.2555E-01  0.7352E-03  0.0000E+00  0.4632E-02  0.7286E-03  0.0000E+00  0.0000E+00  0.6993E-02  0.5380E-02  0.1199E-02  0.1672E-02
  0.9392E-01  0.0000E+00  0.3250E-01  0.1781E-01  0.1235E-02  0.0000E+00  0.6474E-02  0.3452E-02  0.0000E+00  0.0000E+00  0.1009E-01  0.5212E-02  0.1993E-03  0.3215E-03
  0.7474E-01  0.0000E+00  0.1755E-01  0.2194E-01  0.2847E-03  0.0000E+00  0.2502E-02  0.2809E-02  0.0000E+00  0.0000E+00  0.1497E-01  0.3209E-01  0.5632E-04  0.3778E-03
  0.1207E+00  0.0000E+00  0.0000E+00  0.0000E+00  0.4282E-03  0.0000E+00  0.0000E+00  0.0000E+00  0.0000E+00  0.0000E+00  0.0000E+00  0.0000E+00  0.0000E+00  0.0000E+00
  0.9723E-01  0.0000E+00  0.0000E+00  0.0000E+00  0.3010E-03  0.0000E+00  0.0000E+00  0.0000E+00  0.0000E+00  0.0000E+00  0.0000E+00  0.0000E+00  0.0000E+00  0.0000E+00
  0.7113E-01  0.0000E+00  0.0000E+00  0.0000E+00  0.2063E-02  0.0000E+00  0.0000E+00  0.0000E+00  0.0000E+00  0.0000E+00  0.0000E+00  0.0000E+00  0.0000E+00  0.0000E+00
  0.8990E-01  0.0000E+00  0.0000E+00  0.0000E+00  0.6531E-03  0.0000E+00  0.0000E+00  0.0000E+00  0.0000E+00  0.0000E+00  0.0000E+00  0.0000E+00  0.0000E+00  0.0000E+00
 Relative number of events:
  0.4300E-01  0.0000E+00  0.5322E-01  0.5428E-01  0.2656E-02  0.0000E+00  0.1375E-02  0.1281E-02  0.0000E+00  0.0000E+00  0.2209E-01  0.2472E-01  0.2031E-02  0.2125E-02
  0.4197E-01  0.0000E+00  0.5375E-01  0.5341E-01  0.3031E-02  0.0000E+00  0.9687E-03  0.1281E-02  0.0000E+00  0.0000E+00  0.2347E-01  0.2184E-01  0.2031E-02  0.2063E-02
  0.3931E-01  0.0000E+00  0.5294E-01  0.5484E-01  0.2875E-02  0.0000E+00  0.1156E-02  0.1094E-02  0.0000E+00  0.0000E+00  0.2328E-01  0.2328E-01  0.1437E-02  0.1750E-02
  0.3988E-01  0.0000E+00  0.5419E-01  0.5528E-01  0.2687E-02  0.0000E+00  0.1531E-02  0.1594E-02  0.0000E+00  0.0000E+00  0.2203E-01  0.2334E-01  0.1687E-02  0.2250E-02
  0.4356E-01  0.0000E+00  0.0000E+00  0.0000E+00  0.2812E-02  0.0000E+00  0.0000E+00  0.0000E+00  0.0000E+00  0.0000E+00  0.0000E+00  0.0000E+00  0.0000E+00  0.0000E+00
  0.4225E-01  0.0000E+00  0.0000E+00  0.0000E+00  0.2656E-02  0.0000E+00  0.0000E+00  0.0000E+00  0.0000E+00  0.0000E+00  0.0000E+00  0.0000E+00  0.0000E+00  0.0000E+00
  0.4331E-01  0.0000E+00  0.0000E+00  0.0000E+00  0.3531E-02  0.0000E+00  0.0000E+00  0.0000E+00  0.0000E+00  0.0000E+00  0.0000E+00  0.0000E+00  0.0000E+00  0.0000E+00
  0.4216E-01  0.0000E+00  0.0000E+00  0.0000E+00  0.2687E-02  0.0000E+00  0.0000E+00  0.0000E+00  0.0000E+00  0.0000E+00  0.0000E+00  0.0000E+00  0.0000E+00  0.0000E+00
 Events:
        1376           0        1703        1737          85           0          44          41           0           0         707         791          65          68
        1343           0        1720        1709          97           0          31          41           0           0         751         699          65          66
        1258           0        1694        1755          92           0          37          35           0           0         745         745          46          56
        1276           0        1734        1769          86           0          49          51           0           0         705         747          54          72
        1394           0           0           0          90           0           0           0           0           0           0           0           0           0
        1352           0           0           0          85           0           0           0           0           0           0           0           0           0
        1386           0           0           0         113           0           0           0           0           0           0           0           0           0
        1349           0           0           0          86           0           0           0           0           0           0           0           0           0
 Accuracy:    0.103   0.010   0.049   4.377
 Found         1669  events.
 Wrote           32  events.
 Actual xsec    5.2192162881831603E-005
 Correct abs xsec    5.2192162881831603E-005
 Event xsec    5.2192162881831589E-005
 Events wgts > 1:            1
 % Cross section > 1:    3.2283878632996252E-008   6.1855797595685519E-002
 Iteration  6   Mean: 0.6000E-04 Abs mean: 0.6000E-04   Fluctuation:  0.712E-05   0.438E+00    83.3%
  6    0.6000E-04 0.6000E-04 +- 0.7125E-05     30.04
 Relative summed weights:
  0.8239E-01  0.0000E+00  0.1551E-01  0.1693E-01  0.2749E-03  0.0000E+00  0.1976E-02  0.4765E-02  0.0000E+00  0.0000E+00  0.8835E-02  0.6241E-02  0.4363E-03  0.2723E-03
  0.7595E-01  0.0000E+00  0.1833E-01  0.1583E-01  0.5926E-03  0.0000E+00  0.4464E-02  0.2378E-02  0.0000E+00  0.0000E+00  0.7767E-02  0.5210E-02  0.2491E-03  0.6770E-03
  0.7058E-01  0.0000E+00  0.1515E-01  0.1478E-01  0.9033E-03  0.0000E+00  0.4831E-02  0.1638E-02  0.0000E+00  0.0000E+00  0.7223E-02  0.1128E-01  0.1659E-03  0.5120E-03
  0.8308E-01  0.0000E+00  0.1822E-01  0.1666E-01  0.5318E-03  0.0000E+00  0.4397E-02  0.2323E-02  0.0000E+00  0.0000E+00  0.5421E-02  0.7933E-02  0.5682E-03  0.6993E-03
  0.9713E-01  0.0000E+00  0.0000E+00  0.0000E+00  0.1541E-02  0.0000E+00  0.0000E+00  0.0000E+00  0.0000E+00  0.0000E+00  0.0000E+00  0.0000E+00  0.0000E+00  0.0000E+00
  0.7479E-01  0.0000E+00  0.0000E+00  0.0000E+00  0.1112E-02  0.0000E+00  0.0000E+00  0.0000E+00  0.0000E+00  0.0000E+00  0.0000E+00  0.0000E+00  0.0000E+00  0.0000E+00
  0.1920E+00  0.0000E+00  0.0000E+00  0.0000E+00  0.5305E-03  0.0000E+00  0.0000E+00  0.0000E+00  0.0000E+00  0.0000E+00  0.0000E+00  0.0000E+00  0.0000E+00  0.0000E+00
  0.9609E-01  0.0000E+00  0.0000E+00  0.0000E+00  0.7943E-03  0.0000E+00  0.0000E+00  0.0000E+00  0.0000E+00  0.0000E+00  0.0000E+00  0.0000E+00  0.0000E+00  0.0000E+00
 Relative number of events:
  0.4377E-01  0.0000E+00  0.5420E-01  0.5431E-01  0.2391E-02  0.0000E+00  0.1281E-02  0.1437E-02  0.0000E+00  0.0000E+00  0.2166E-01  0.2212E-01  0.1609E-02  0.1656E-02
  0.4448E-01  0.0000E+00  0.5292E-01  0.5384E-01  0.2375E-02  0.0000E+00  0.1094E-02  0.1563E-02  0.0000E+00  0.0000E+00  0.2317E-01  0.2227E-01  0.1344E-02  0.1875E-02
  0.4352E-01  0.0000E+00  0.5314E-01  0.5314E-01  0.2344E-02  0.0000E+00  0.1484E-02  0.1313E-02  0.0000E+00  0.0000E+00  0.2198E-01  0.2322E-01  0.1750E-02  0.1437E-02
  0.4439E-01  0.0000E+00  0.5337E-01  0.5291E-01  0.2250E-02  0.0000E+00  0.1219E-02  0.1500E-02  0.0000E+00  0.0000E+00  0.2198E-01  0.2130E-01  0.1547E-02  0.1656E-02
  0.4487E-01  0.0000E+00  0.0000E+00  0.0000E+00  0.2188E-02  0.0000E+00  0.0000E+00  0.0000E+00  0.0000E+00  0.0000E+00  0.0000E+00  0.0000E+00  0.0000E+00  0.0000E+00
  0.4480E-01  0.0000E+00  0.0000E+00  0.0000E+00  0.2328E-02  0.0000E+00  0.0000E+00  0.0000E+00  0.0000E+00  0.0000E+00  0.0000E+00  0.0000E+00  0.0000E+00  0.0000E+00
  0.4336E-01  0.0000E+00  0.0000E+00  0.0000E+00  0.2063E-02  0.0000E+00  0.0000E+00  0.0000E+00  0.0000E+00  0.0000E+00  0.0000E+00  0.0000E+00  0.0000E+00  0.0000E+00
  0.4348E-01  0.0000E+00  0.0000E+00  0.0000E+00  0.2078E-02  0.0000E+00  0.0000E+00  0.0000E+00  0.0000E+00  0.0000E+00  0.0000E+00  0.0000E+00  0.0000E+00  0.0000E+00
 Events:
        2801           0        3469        3476         153           0          82          92           0           0        1386        1416         103         106
        2847           0        3387        3446         152           0          70         100           0           0        1483        1425          86         120
        2785           0        3401        3401         150           0          95          84           0           0        1407        1486         112          92
        2841           0        3416        3386         144           0          78          96           0           0        1407        1363          99         106
        2872           0           0           0         140           0           0           0           0           0           0           0           0           0
        2867           0           0           0         149           0           0           0           0           0           0           0           0           0
        2775           0           0           0         132           0           0           0           0           0           0           0           0           0
        2783           0           0           0         133           0           0           0           0           0           0           0           0           0
 Accuracy:    0.088   0.010   0.045   3.792
 Found         3783  events.
 Wrote            8  events.
 Actual xsec    5.3280063596734952E-005
 Correct abs xsec    5.3280063596734952E-005
 Event xsec    5.3280063596734952E-005
 Events wgts > 1:            1
 % Cross section > 1:    3.2711149505307052E-012   6.1394726839837360E-006
 Iteration  7   Mean: 0.5676E-04 Abs mean: 0.5676E-04   Fluctuation:  0.154E-05   0.803E-01    83.9%
  7    0.5676E-04 0.5676E-04 +- 0.1543E-05      9.72
 Exceeded boost          13          96   128000.000    
 Relative summed weights:
  0.9096E-01  0.0000E+00  0.1861E-01  0.1658E-01  0.5460E-03  0.0000E+00  0.4879E-02  0.6798E-02  0.0000E+00  0.0000E+00  0.6877E-02  0.7243E-02  0.5085E-03  0.5665E-03
  0.9133E-01  0.0000E+00  0.1795E-01  0.1771E-01  0.4905E-03  0.0000E+00  0.1123E-01  0.3092E-02  0.0000E+00  0.0000E+00  0.1131E-01  0.6983E-02  0.4336E-03  0.3255E-03
  0.9969E-01  0.0000E+00  0.2059E-01  0.1541E-01  0.6800E-03  0.0000E+00  0.4827E-02  0.5031E-02  0.0000E+00  0.0000E+00  0.1018E-01  0.7814E-02  0.5612E-03  0.4125E-03
  0.8244E-01  0.0000E+00  0.1535E-01  0.1840E-01  0.6935E-03  0.0000E+00  0.4484E-02  0.3163E-02  0.0000E+00  0.0000E+00  0.7770E-02  0.8653E-02  0.5033E-03  0.4214E-03
  0.9917E-01  0.0000E+00  0.0000E+00  0.0000E+00  0.9258E-03  0.0000E+00  0.0000E+00  0.0000E+00  0.0000E+00  0.0000E+00  0.0000E+00  0.0000E+00  0.0000E+00  0.0000E+00
  0.9117E-01  0.0000E+00  0.0000E+00  0.0000E+00  0.6123E-03  0.0000E+00  0.0000E+00  0.0000E+00  0.0000E+00  0.0000E+00  0.0000E+00  0.0000E+00  0.0000E+00  0.0000E+00
  0.9121E-01  0.0000E+00  0.0000E+00  0.0000E+00  0.6756E-03  0.0000E+00  0.0000E+00  0.0000E+00  0.0000E+00  0.0000E+00  0.0000E+00  0.0000E+00  0.0000E+00  0.0000E+00
  0.9415E-01  0.0000E+00  0.0000E+00  0.0000E+00  0.6069E-03  0.0000E+00  0.0000E+00  0.0000E+00  0.0000E+00  0.0000E+00  0.0000E+00  0.0000E+00  0.0000E+00  0.0000E+00
 Relative number of events:
  0.4636E-01  0.0000E+00  0.5197E-01  0.5235E-01  0.1961E-02  0.0000E+00  0.1406E-02  0.1211E-02  0.0000E+00  0.0000E+00  0.2171E-01  0.2145E-01  0.1359E-02  0.1398E-02
  0.4698E-01  0.0000E+00  0.5235E-01  0.5075E-01  0.2195E-02  0.0000E+00  0.1195E-02  0.1156E-02  0.0000E+00  0.0000E+00  0.2134E-01  0.2155E-01  0.1531E-02  0.1352E-02
  0.4717E-01  0.0000E+00  0.5269E-01  0.5140E-01  0.2094E-02  0.0000E+00  0.1430E-02  0.1273E-02  0.0000E+00  0.0000E+00  0.2147E-01  0.2107E-01  0.1242E-02  0.1547E-02
  0.4727E-01  0.0000E+00  0.5088E-01  0.5168E-01  0.2148E-02  0.0000E+00  0.1164E-02  0.1234E-02  0.0000E+00  0.0000E+00  0.2088E-01  0.2132E-01  0.1344E-02  0.1492E-02
  0.4759E-01  0.0000E+00  0.0000E+00  0.0000E+00  0.2281E-02  0.0000E+00  0.0000E+00  0.0000E+00  0.0000E+00  0.0000E+00  0.0000E+00  0.0000E+00  0.0000E+00  0.0000E+00
  0.4695E-01  0.0000E+00  0.0000E+00  0.0000E+00  0.2141E-02  0.0000E+00  0.0000E+00  0.0000E+00  0.0000E+00  0.0000E+00  0.0000E+00  0.0000E+00  0.0000E+00  0.0000E+00
  0.4805E-01  0.0000E+00  0.0000E+00  0.0000E+00  0.2008E-02  0.0000E+00  0.0000E+00  0.0000E+00  0.0000E+00  0.0000E+00  0.0000E+00  0.0000E+00  0.0000E+00  0.0000E+00
  0.4660E-01  0.0000E+00  0.0000E+00  0.0000E+00  0.2000E-02  0.0000E+00  0.0000E+00  0.0000E+00  0.0000E+00  0.0000E+00  0.0000E+00  0.0000E+00  0.0000E+00  0.0000E+00
 Events:
        5934           0        6652        6701         251           0         180         155           0           0        2779        2746         174         179
        6013           0        6701        6496         281           0         153         148           0           0        2731        2759         196         173
        6038           0        6744        6579         268           0         183         163           0           0        2748        2697         159         198
        6051           0        6513        6615         275           0         149         158           0           0        2673        2729         172         191
        6092           0           0           0         292           0           0           0           0           0           0           0           0           0
        6009           0           0           0         274           0           0           0           0           0           0           0           0           0
        6150           0           0           0         257           0           0           0           0           0           0           0           0           0
        5965           0           0           0         256           0           0           0           0           0           0           0           0           0
 Accuracy:    0.042   0.010   0.023   3.314
 Found         7430  events.
 Wrote          171  events.
 Actual xsec    5.6118012454611554E-005
 Correct abs xsec    5.6118012454611554E-005
 Event xsec    5.6118012454611277E-005
 Events wgts > 1:            6
 % Cross section > 1:    5.9036868665092694E-007   1.0520128223151561     
 Iteration  8   Mean: 0.5973E-04 Abs mean: 0.5973E-04   Fluctuation:  0.117E-05   0.172E+00    84.1%
  8    0.5973E-04 0.5973E-04 +- 0.1169E-05      9.90
 Exceeded boost           3          96   128000.000    
 Exceeded boost           5          95   256000.000    
 Relative summed weights:
  0.9819E-01  0.0000E+00  0.1620E-01  0.1553E-01  0.5872E-03  0.0000E+00  0.5347E-02  0.5905E-02  0.0000E+00  0.0000E+00  0.8055E-02  0.7385E-02  0.4664E-03  0.3939E-03
  0.1013E+00  0.0000E+00  0.1676E-01  0.1559E-01  0.6590E-03  0.0000E+00  0.2876E-02  0.3910E-02  0.0000E+00  0.0000E+00  0.7670E-02  0.6665E-02  0.4369E-03  0.2758E-03
  0.8608E-01  0.0000E+00  0.1705E-01  0.1633E-01  0.5423E-03  0.0000E+00  0.3689E-02  0.4140E-02  0.0000E+00  0.0000E+00  0.7329E-02  0.7567E-02  0.7895E-03  0.5978E-03
  0.1026E+00  0.0000E+00  0.1619E-01  0.1624E-01  0.9018E-03  0.0000E+00  0.3387E-02  0.3768E-02  0.0000E+00  0.0000E+00  0.6742E-02  0.7940E-02  0.4591E-03  0.5559E-03
  0.9173E-01  0.0000E+00  0.0000E+00  0.0000E+00  0.3727E-03  0.0000E+00  0.0000E+00  0.0000E+00  0.0000E+00  0.0000E+00  0.0000E+00  0.0000E+00  0.0000E+00  0.0000E+00
  0.9469E-01  0.0000E+00  0.0000E+00  0.0000E+00  0.6376E-03  0.0000E+00  0.0000E+00  0.0000E+00  0.0000E+00  0.0000E+00  0.0000E+00  0.0000E+00  0.0000E+00  0.0000E+00
  0.9794E-01  0.0000E+00  0.0000E+00  0.0000E+00  0.7290E-03  0.0000E+00  0.0000E+00  0.0000E+00  0.0000E+00  0.0000E+00  0.0000E+00  0.0000E+00  0.0000E+00  0.0000E+00
  0.9614E-01  0.0000E+00  0.0000E+00  0.0000E+00  0.6373E-03  0.0000E+00  0.0000E+00  0.0000E+00  0.0000E+00  0.0000E+00  0.0000E+00  0.0000E+00  0.0000E+00  0.0000E+00
 Relative number of events:
  0.4891E-01  0.0000E+00  0.5135E-01  0.5098E-01  0.1926E-02  0.0000E+00  0.1352E-02  0.1293E-02  0.0000E+00  0.0000E+00  0.2054E-01  0.2058E-01  0.1195E-02  0.1234E-02
  0.4927E-01  0.0000E+00  0.5102E-01  0.5121E-01  0.1855E-02  0.0000E+00  0.1137E-02  0.1133E-02  0.0000E+00  0.0000E+00  0.2098E-01  0.2089E-01  0.1250E-02  0.1211E-02
  0.4816E-01  0.0000E+00  0.5112E-01  0.5029E-01  0.1801E-02  0.0000E+00  0.1328E-02  0.1355E-02  0.0000E+00  0.0000E+00  0.2052E-01  0.2043E-01  0.1215E-02  0.1379E-02
Thanks for using LHAPDF 6.2.1. Please make sure to cite the paper:
  Eur.Phys.J. C75 (2015) 3, 132  (http://arxiv.org/abs/1412.7420)
  0.4870E-01  0.0000E+00  0.5130E-01  0.5101E-01  0.2078E-02  0.0000E+00  0.1227E-02  0.1266E-02  0.0000E+00  0.0000E+00  0.2039E-01  0.2148E-01  0.1207E-02  0.1187E-02
  0.4861E-01  0.0000E+00  0.0000E+00  0.0000E+00  0.1789E-02  0.0000E+00  0.0000E+00  0.0000E+00  0.0000E+00  0.0000E+00  0.0000E+00  0.0000E+00  0.0000E+00  0.0000E+00
  0.4842E-01  0.0000E+00  0.0000E+00  0.0000E+00  0.1863E-02  0.0000E+00  0.0000E+00  0.0000E+00  0.0000E+00  0.0000E+00  0.0000E+00  0.0000E+00  0.0000E+00  0.0000E+00
  0.4888E-01  0.0000E+00  0.0000E+00  0.0000E+00  0.1836E-02  0.0000E+00  0.0000E+00  0.0000E+00  0.0000E+00  0.0000E+00  0.0000E+00  0.0000E+00  0.0000E+00  0.0000E+00
  0.4984E-01  0.0000E+00  0.0000E+00  0.0000E+00  0.1996E-02  0.0000E+00  0.0000E+00  0.0000E+00  0.0000E+00  0.0000E+00  0.0000E+00  0.0000E+00  0.0000E+00  0.0000E+00
 Events:
       12520           0       13145       13050         493           0         346         331           0           0        5259        5269         306         316
       12614           0       13062       13109         475           0         291         290           0           0        5370        5349         320         310
       12330           0       13087       12875         461           0         340         347           0           0        5254        5229         311         353
       12467           0       13133       13059         532           0         314         324           0           0        5219        5499         309         304
       12443           0           0           0         458           0           0           0           0           0           0           0           0           0
       12396           0           0           0         477           0           0           0           0           0           0           0           0           0
       12513           0           0           0         470           0           0           0           0           0           0           0           0           0
       12760           0           0           0         511           0           0           0           0           0           0           0           0           0
 Accuracy:    0.028   0.010   0.015   3.498
 Found        17100  events.
 Wrote          205  events.
 Actual xsec    5.8737830918447854E-005
 Correct abs xsec    5.8737830918447854E-005
 Event xsec    5.8737830918447915E-005
 Events wgts > 1:            3
 % Cross section > 1:    4.4524655473365583E-007  0.75802348805123532     

 -------------------------------------------------------------------------------
 Accumulated results:   Integral =  0.5789E-04
                        Std dev  =  0.8679E-06
                       Cross sec =  0.5789E-04
             Chi**2 per DoF.     =      3.4977
 -------------------------------------------------------------------------------
-------------------------------------------------
---------------------------
 Results Last   3 iters: Integral =   0.5874E-04
                     Abs integral =   0.5874E-04
                          Std dev =   0.9247E-06
                  Chi**2 per DoF. =      1.1972
-------------------------------------------------
---------------------------
 Status   1.0000000000000000E-002           9           8

ls status:
events.lhe
ftn26
input_app.txt
results.dat
run1_app.log
