==== LHAPDF6 USING DEFAULT-TYPE LHAGLUE INTERFACE ====
LHAPDF 6.2.1 loading /cvmfs/cms.cern.ch/slc6_amd64_gcc630/external/lhapdf/6.2.1-ghjeda2/share/LHAPDF/NNPDF30_lo_as_0130_nf_4/NNPDF30_lo_as_0130_nf_4_0000.dat
NNPDF30_lo_as_0130_nf_4 PDF set, member #0, version 2; LHAPDF ID = 263400
 Process in group number            1
 A PDF is used, so alpha_s(MZ) is going to be modified
 Old value of alpha_s from param_card:   0.11810000000000001     
 New value of alpha_s from PDF lhapdf :  0.12470044313224841     
 using LHAPDF
 Define smin to   10000.000000000000     
 Define smin to   10000.000000000000     
 Define smin to   10000.000000000000     
 Define smin to   10000.000000000000     
 Define smin to   10000.000000000000     
 Define smin to   10000.000000000000     
 Define smin to   10000.000000000000     
 *****************************************************
 *               MadGraph/MadEvent                   *
 *        --------------------------------           *
 *          http://madgraph.hep.uiuc.edu             *
 *          http://madgraph.phys.ucl.ac.be           *
 *          http://madgraph.roma2.infn.it            *
 *        --------------------------------           *
 *                                                   *
 *          PARAMETER AND COUPLING VALUES            *
 *                                                   *
 *****************************************************

  External Params
  ---------------------------------
  
 mdl_MW0 =    80.387000000000000     
 mdl_Gf =    1.1663789999999999E-005
 aS =   0.11810000000000001     
 mdl_ymdo =    1.0000000000000000E-099
 mdl_ymb =    4.1799999999999997     
 mdl_ymt =    173.19999999999999     
 mdl_ymtau =    1.7769999999999999     
 mdl_LambdaSMEFT =    1000.0000000000000     
 mdl_cHW =    1.0000000000000000     
 mdl_MZ =    91.187600000000003     
 mdl_MTA =    1.7769999999999999     
 mdl_MT =    173.19999999999999     
 mdl_MB =    4.1799999999999997     
 mdl_MH =    125.09000000000000     
 mdl_WZ =    2.4952000000000001     
 mdl_WW =    2.0850000000000000     
 mdl_WT =    1.5083359999999999     
 mdl_WH =    4.0699999999999998E-003
  Internal Params
  ---------------------------------
  
 mdl_ymm =    1.0000000000000000E-099
 mdl_yme =    1.0000000000000000E-099
 mdl_ymc =    1.0000000000000000E-099
 mdl_yms =    1.0000000000000000E-099
 mdl_ymup =    1.0000000000000000E-099
 mdl_conjg__CKM3x3 =    1.0000000000000000     
 mdl_cH =    0.0000000000000000     
 mdl_cHB =    0.0000000000000000     
 mdl_CKM1x1 =    1.0000000000000000     
 mdl_conjg__CKM1x1 =    1.0000000000000000     
 mdl_dGf =    0.0000000000000000     
 mdl_CKM3x3 =    1.0000000000000000     
 mdl_dMH2 =    0.0000000000000000     
 mdl_conjg__CKM2x2 =    1.0000000000000000     
 mdl_dg1 =    0.0000000000000000     
 mdl_CKM2x2 =    1.0000000000000000     
 mdl_dgw =    0.0000000000000000     
 mdl_complexi =  (  0.0000000000000000     ,  1.0000000000000000     )
 mdl_MW =    80.387000000000000     
 mdl_nb__2__exp__0_25 =    1.1892071150027210     
 mdl_MH__exp__2 =    15647.508100000001     
 mdl_sqrt__2 =    1.4142135623730951     
 mdl_MW__exp__2 =    6462.0697689999997     
 mdl_MZ__exp__2 =    8315.1783937600012     
 mdl_sth2 =   0.22285855299877133     
 mdl_MH__exp__6 =    3831206449390.3818     
 mdl_MT__exp__6 =    26995248278778.535     
 mdl_MH__exp__4 =    244844509.73956564     
 mdl_MT__exp__4 =    899894403.09759963     
 mdl_MT__exp__2 =    29998.239999999994     
 mdl_LambdaSMEFT__exp__2 =    1000000.0000000000     
 mdl_cth =   0.88155626422890820     
 mdl_sqrt__sth2 =   0.47207896902824564     
 mdl_sth =   0.47207896902824564     
 mdl_MW0__exp__6 =    269845343347.69711     
 mdl_MW0__exp__4 =    41758345.699423708     
 mdl_MW0__exp__2 =    6462.0697689999997     
 mdl_MZ__exp__4 =    69142191.720053151     
 mdl_MZ__exp__6 =    574929658687.79749     
 mdl_cth__exp__2 =   0.77714144700122867     
 mdl_sth__exp__2 =   0.22285855299877130     
 mdl_sth__exp__3 =   0.10520683593878660     
 mdl_cth__exp__3 =   0.68509391079585125     
 mdl_sth__exp__4 =    4.9665934644706158E-002
 mdl_sqrt__Gf =    3.4152291284773265E-003
 mdl_vevhat =    246.21961912951551     
 mdl_lam =   0.12905352724481209     
 mdl_aEW =    7.5614618607353409E-003
 mdl_yb =    2.4008698866559607E-002
 mdl_yc =    5.7437078628133041E-102
 mdl_ydo =    5.7437078628133041E-102
 mdl_ye =    5.7437078628133041E-102
 mdl_ym =    5.7437078628133041E-102
 mdl_ys =    5.7437078628133041E-102
 mdl_yt =   0.99481020183926416     
 mdl_ytau =    1.0206568872219240E-002
 mdl_yup =    5.7437078628133041E-102
 mdl_vevhat__exp__2 =    60624.100844283676     
 mdl_barlam =   0.12905352724481209     
 mdl_vevT =    246.21961912951551     
 mdl_sqrt__aEW =    8.6956666568672819E-002
 mdl_ee =   0.30825335704310214     
 mdl_gwsh =   0.61338418662494298     
 mdl_vev =    246.21961912951551     
 mdl_g1 =   0.34966952144878632     
 mdl_gw =   0.65296989967087182     
 mdl_ee__exp__2 =    9.5020132128342205E-002
 mdl_gHaa =   -1.9303830602986922E-003
 mdl_gHza =   -6.8546472954154700E-003
 mdl_g1sh =   0.34966952144878632     
 mdl_I1d11 =  (  5.7437078628133041E-102,  0.0000000000000000     )
 mdl_I1d22 =  (  5.7437078628133041E-102,  0.0000000000000000     )
 mdl_I1d33 =  (  2.4008698866559607E-002,  0.0000000000000000     )
 mdl_I2d11 =  (  5.7437078628133041E-102,  0.0000000000000000     )
 mdl_I2d22 =  (  5.7437078628133041E-102,  0.0000000000000000     )
 mdl_I2d33 =  ( 0.99481020183926416     ,  0.0000000000000000     )
 mdl_I3d11 =  (  5.7437078628133041E-102,  0.0000000000000000     )
 mdl_I3d22 =  (  5.7437078628133041E-102,  0.0000000000000000     )
 mdl_I3d33 =  (  2.4008698866559607E-002,  0.0000000000000000     )
 mdl_I4d11 =  (  5.7437078628133041E-102,  0.0000000000000000     )
 mdl_I4d22 =  (  5.7437078628133041E-102,  0.0000000000000000     )
 mdl_I4d33 =  ( 0.99481020183926416     ,  0.0000000000000000     )
 mdl_I5d11 =  (  5.7437078628133041E-102,  0.0000000000000000     )
 mdl_I5d22 =  (  5.7437078628133041E-102,  0.0000000000000000     )
 mdl_I5d33 =  (  2.4008698866559607E-002,  0.0000000000000000     )
 mdl_I6d11 =  (  5.7437078628133041E-102,  0.0000000000000000     )
 mdl_I6d22 =  (  5.7437078628133041E-102,  0.0000000000000000     )
 mdl_I6d33 =  ( 0.99481020183926416     ,  0.0000000000000000     )
 mdl_ee__exp__3 =    2.9290274715240611E-002
 mdl_vevhat__exp__3 =    14926843.019948866     
  Internal Params evaluated point by point
  ----------------------------------------
  
 mdl_sqrt__aS =   0.34365680554879169     
 mdl_G__exp__2 =    1.4840883695558185     
 mdl_gHgg =    3.2334372328970845E-003
 mdl_G__exp__3 =  (  1.8079634332366095     ,  0.0000000000000000     )
  Couplings of SMEFTsim_A_U35_MwScheme_UFO_v3_1-cHW_massless
  ---------------------------------
  
         GC_1 =   0.00000E+00   0.10275E+00
         GC_2 =  -0.00000E+00  -0.20550E+00
         GC_3 =  -0.00000E+00  -0.30825E+00
       GC_255 =  -0.00000E+00  -0.42637E+00
       GC_278 =  -0.00000E+00  -0.37035E+00
       GC_280 =  -0.00000E+00  -0.57563E+00
       GC_328 =  -0.00000E+00  -0.55024E-01
       GC_329 =   0.00000E+00   0.11005E+00
       GC_330 =  -0.00000E+00  -0.16507E+00
       GC_387 =   0.00000E+00   0.98488E-03
       GC_400 =   0.00000E+00   0.52490E+02
       GC_809 =  -0.00000E+00  -0.72171E-02
      GC_1073 =  -0.00000E+00  -0.46172E+00

 Collider parameters:
 --------------------

 Running at P P   machine @    13000.000000000000       GeV
 PDF set = lhapdf 
 alpha_s(Mz)= 0.1247 running at 1 loops.
 alpha_s(Mz)= 0.1247 running at 1 loops.
 Renormalization scale set on event-by-event basis
 Factorization   scale set on event-by-event basis


 getting user params
Enter number of events and max and min iterations: 
 Number of events and iterations         2000           8           3
Enter desired fractional accuracy: 
 Desired fractional accuracy:    1.0000000000000000E-002
Enter 0 for fixed, 2 for adjustable grid: 
Suppress amplitude (0 no, 1 yes)? 
 Using suppressed amplitude.
Exact helicity sum (0 yes, n = number/event)? 
 Explicitly summing over helicities
Enter Configuration Number: 
Running Configuration Number:  234
 Using dconfig=          80
 BW Setting            2           2           2           2           0           0
 Attempting mappinvarients           1           8
 Completed mapping           8
 about to integrate           16        2000           8           3          16           1
 Using non-zero grid deformation.
 16 dimensions   2000 events 16 invarients  8 iterations  1 config(s),  (0.99)
 Using h-tuple random number sequence.
 Error opening grid
 Using Uniform Grid!          32
 Using uniform alpha   1.0000000000000000     
 Grid defined OK
 Set CM energy to      13000.00
 Mapping Graph         234  to config         234
Setting grid   1    0.59172E-08   1
Setting grid   2    0.59172E-08   1
Setting grid   3    0.59172E-08   1
Setting grid   4    0.18685E-07   1
Setting grid   5    0.18685E-07   1
 Transforming s_hat 1/s           15   5.9171597633136108E-005   10000.000000000000        168999999.99999997     
 234   1   2   3   4   5   6   7   8   9  10  11  12  13  14
  15  16
 Masses: 0.000E+00 0.000E+00 0.000E+00 0.178E+01 0.000E+00 0.000E+00 0.000E+00 0.000E+00
Using random seed offsets   234 :      5
  with seed                   24
 Ranmar initialization seeds       31292        9402
 
 ********************************************
 * You are using the DiscreteSampler module *
 *      part of the MG5_aMC framework       *
 *         Author: Valentin Hirschi         *
 ********************************************
 
  Particle       3       4       5       6       7       8
      Et >     0.0     0.0     0.0     0.0    10.0    10.0
       E >     0.0     0.0     0.0     0.0     0.0     0.0
     Eta <    -1.0    -1.0    -1.0    -1.0     6.5     6.5
   xqcut:      0.0     0.0     0.0     0.0     0.0     0.0
d R # 3  >    -0.0     0.4     0.0     0.0     0.4     0.4
d R # 4  >    -0.0    -0.0     0.0     0.0     0.4     0.4
d R # 5  >    -0.0    -0.0    -0.0     0.0     0.0     0.0
d R # 6  >    -0.0    -0.0    -0.0    -0.0     0.0     0.0
d R # 7  >    -0.0    -0.0    -0.0    -0.0    -0.0     0.4
s min # 3>     0.0     0.0     0.0     0.0     0.0     0.0
s min # 4>     0.0     0.0     0.0     0.0     0.0     0.0
s min # 5>     0.0     0.0     0.0     0.0     0.0     0.0
s min # 6>     0.0     0.0     0.0     0.0     0.0     0.0
s min # 7>     0.0     0.0     0.0     0.0     0.0 10000.0
xqcutij # 3>     0.0     0.0     0.0     0.0     0.0     0.0
xqcutij # 4>     0.0     0.0     0.0     0.0     0.0     0.0
xqcutij # 5>     0.0     0.0     0.0     0.0     0.0     0.0
xqcutij # 6>     0.0     0.0     0.0     0.0     0.0     0.0
xqcutij # 7>     0.0     0.0     0.0     0.0     0.0     0.0
 Excluding BW           -1           1
 Excluding BW           -3           2
 Excluding BW           -4           3
 Excluding BW           -5           4
 alpha_s for scale    87.177913649293004       is   0.12563530910531684     
 Added good helicity          193   254.82635627728763       in event            1 local:           1
 Added good helicity          209   1.1736437227123613       in event            1 local:           1
 Added good helicity          193   254.82635627728757       in event            1 local:           1
 Added good helicity          209   1.1736437227124372       in event            1 local:           1
 RESET CUMULATIVE VARIABLE
 RESET CUMULATIVE VARIABLE
 RESET CUMULATIVE VARIABLE
 Iteration  1   Mean: 0.4311E-10 Abs mean: 0.4837E-10   Fluctuation:  0.343E-10   0.676E-07     5.8%
  1    0.4311E-10 0.4837E-10 +- 0.3431E-10     31.72
 Writing out events   5.2395593236434520E-014   31.722199066343862     
 Relative summed weights:
  0.0000E+00  0.0000E+00  0.3454E-02  0.7263E-01  0.0000E+00  0.0000E+00  0.0000E+00  0.0000E+00  0.7012E-01  0.7842E-01  0.0000E+00  0.0000E+00  0.0000E+00  0.0000E+00
  0.0000E+00  0.0000E+00  0.1634E-03  0.3223E-01  0.0000E+00  0.0000E+00  0.0000E+00  0.0000E+00  0.2216E-02  0.7408E+00  0.0000E+00  0.0000E+00  0.0000E+00  0.0000E+00
 Relative number of events:
  0.0000E+00  0.0000E+00  0.9332E-01  0.1113E+00  0.0000E+00  0.0000E+00  0.0000E+00  0.0000E+00  0.1972E+00  0.2280E+00  0.0000E+00  0.0000E+00  0.0000E+00  0.0000E+00
  0.0000E+00  0.0000E+00  0.7317E-01  0.8271E-01  0.0000E+00  0.0000E+00  0.0000E+00  0.0000E+00  0.9862E-01  0.1156E+00  0.0000E+00  0.0000E+00  0.0000E+00  0.0000E+00
 Events:
           0           0          88         105           0           0           0           0         186         215           0           0           0           0
           0           0          69          78           0           0           0           0          93         109           0           0           0           0
 Iteration  2   Mean: -.1104E-08 Abs mean: 0.1317E-08   Fluctuation:  0.105E-08   0.420E-05    32.5%
  2   -0.1104E-08 0.1317E-08 +- 0.1054E-08     50.64
 Relative summed weights:
  0.0000E+00  0.0000E+00  0.1815E+00  0.3043E+00  0.0000E+00  0.0000E+00  0.0000E+00  0.0000E+00  0.9522E-01  0.2084E+00  0.0000E+00  0.0000E+00  0.0000E+00  0.0000E+00
  0.0000E+00  0.0000E+00  0.9565E-01  0.4817E-01  0.0000E+00  0.0000E+00  0.0000E+00  0.0000E+00  0.6605E-01  0.6592E-03  0.0000E+00  0.0000E+00  0.0000E+00  0.0000E+00
 Relative number of events:
  0.0000E+00  0.0000E+00  0.1137E+00  0.9135E-01  0.0000E+00  0.0000E+00  0.0000E+00  0.0000E+00  0.2047E+00  0.2200E+00  0.0000E+00  0.0000E+00  0.0000E+00  0.0000E+00
  0.0000E+00  0.0000E+00  0.8344E-01  0.8081E-01  0.0000E+00  0.0000E+00  0.0000E+00  0.0000E+00  0.1050E+00  0.1010E+00  0.0000E+00  0.0000E+00  0.0000E+00  0.0000E+00
 Events:
           0           0         259         208           0           0           0           0         466         501           0           0           0           0
           0           0         190         184           0           0           0           0         239         230           0           0           0           0
 Iteration  3   Mean: 0.8225E-11 Abs mean: 0.7978E-10   Fluctuation:  0.179E-10   0.111E-06    50.2%
  3    0.8225E-11 0.7978E-10 +- 0.1787E-10     20.03
 Relative summed weights:
  0.0000E+00  0.0000E+00  0.5397E-01  0.4016E+00  0.0000E+00  0.0000E+00  0.0000E+00  0.0000E+00  0.8414E-01  0.1574E+00  0.0000E+00  0.0000E+00  0.0000E+00  0.0000E+00
  0.0000E+00  0.0000E+00  0.5959E-01  0.1392E+00  0.0000E+00  0.0000E+00  0.0000E+00  0.0000E+00  0.6998E-01  0.3410E-01  0.0000E+00  0.0000E+00  0.0000E+00  0.0000E+00
 Relative number of events:
  0.0000E+00  0.0000E+00  0.1169E+00  0.1085E+00  0.0000E+00  0.0000E+00  0.0000E+00  0.0000E+00  0.1988E+00  0.2111E+00  0.0000E+00  0.0000E+00  0.0000E+00  0.0000E+00
  0.0000E+00  0.0000E+00  0.9049E-01  0.9007E-01  0.0000E+00  0.0000E+00  0.0000E+00  0.0000E+00  0.9091E-01  0.9321E-01  0.0000E+00  0.0000E+00  0.0000E+00  0.0000E+00
 Events:
           0           0         558         518           0           0           0           0         949        1008           0           0           0           0
           0           0         432         430           0           0           0           0         434         445           0           0           0           0
 Accuracy:    1.371   0.010   0.206  44.157
 Found           53  events.
 Wrote            3  events.
 Actual xsec   -6.2677860702203564E-011
 Correct abs xsec    1.5925122382224832E-010
 Event xsec    1.5925122382224832E-010
 Events wgts > 1:            0
 % Cross section > 1:    0.0000000000000000        0.0000000000000000     
 Iteration  4   Mean: 0.1926E-09 Abs mean: 0.3214E-09   Fluctuation:  0.755E-10   0.103E-05    58.7%
  4    0.1926E-09 0.3214E-09 +- 0.7551E-10     29.72
 Relative summed weights:
  0.0000E+00  0.0000E+00  0.1014E+00  0.1678E+00  0.0000E+00  0.0000E+00  0.0000E+00  0.0000E+00  0.1421E+00  0.3200E+00  0.0000E+00  0.0000E+00  0.0000E+00  0.0000E+00
  0.0000E+00  0.0000E+00  0.1129E+00  0.9669E-01  0.0000E+00  0.0000E+00  0.0000E+00  0.0000E+00  0.2572E-01  0.3340E-01  0.0000E+00  0.0000E+00  0.0000E+00  0.0000E+00
 Relative number of events:
  0.0000E+00  0.0000E+00  0.1130E+00  0.1121E+00  0.0000E+00  0.0000E+00  0.0000E+00  0.0000E+00  0.1959E+00  0.2004E+00  0.0000E+00  0.0000E+00  0.0000E+00  0.0000E+00
  0.0000E+00  0.0000E+00  0.9263E-01  0.9346E-01  0.0000E+00  0.0000E+00  0.0000E+00  0.0000E+00  0.9545E-01  0.9712E-01  0.0000E+00  0.0000E+00  0.0000E+00  0.0000E+00
 Events:
           0           0        1082        1073           0           0           0           0        1876        1919           0           0           0           0
           0           0         887         895           0           0           0           0         914         930           0           0           0           0
 Accuracy:    0.617   0.010   0.155  15.829
 Found          958  events.
 Wrote            7  events.
 Actual xsec    4.8723683206373505E-011
 Correct abs xsec    2.3894721382598384E-010
 Event xsec    2.3894721382598384E-010
 Events wgts > 1:            0
 % Cross section > 1:    0.0000000000000000        0.0000000000000000     
 Iteration  5   Mean: 0.8175E-10 Abs mean: 0.3725E-09   Fluctuation:  0.320E-10   0.602E-06    60.2%
  5    0.8175E-10 0.3725E-09 +- 0.3204E-10     15.39
 Relative summed weights:
  0.0000E+00  0.0000E+00  0.2471E+00  0.1264E+00  0.0000E+00  0.0000E+00  0.0000E+00  0.0000E+00  0.1207E+00  0.1438E+00  0.0000E+00  0.0000E+00  0.0000E+00  0.0000E+00
  0.0000E+00  0.0000E+00  0.1016E+00  0.1370E+00  0.0000E+00  0.0000E+00  0.0000E+00  0.0000E+00  0.5752E-01  0.6591E-01  0.0000E+00  0.0000E+00  0.0000E+00  0.0000E+00
 Relative number of events:
  0.0000E+00  0.0000E+00  0.1113E+00  0.1076E+00  0.0000E+00  0.0000E+00  0.0000E+00  0.0000E+00  0.2055E+00  0.2097E+00  0.0000E+00  0.0000E+00  0.0000E+00  0.0000E+00
  0.0000E+00  0.0000E+00  0.8928E-01  0.8928E-01  0.0000E+00  0.0000E+00  0.0000E+00  0.0000E+00  0.9409E-01  0.9336E-01  0.0000E+00  0.0000E+00  0.0000E+00  0.0000E+00
 Events:
           0           0        2126        2054           0           0           0           0        3924        4004           0           0           0           0
           0           0        1705        1705           0           0           0           0        1797        1783           0           0           0           0
 Accuracy:    0.197   0.010   0.075   6.869
 Found         1676  events.
 Wrote           14  events.
 Actual xsec    8.4871985468086079E-011
 Correct abs xsec    3.3345506528490307E-010
 Event xsec    3.3345506528490292E-010
 Events wgts > 1:            1
 % Cross section > 1:    3.7178638269563192E-018   1.1149519722484311E-006
 Iteration  6   Mean: 0.1865E-09 Abs mean: 0.6367E-09   Fluctuation:  0.801E-10   0.447E-05    57.3%
  6    0.1865E-09 0.6367E-09 +- 0.8015E-10     31.85
 Relative summed weights:
  0.0000E+00  0.0000E+00  0.1116E+00  0.1773E+00  0.0000E+00  0.0000E+00  0.0000E+00  0.0000E+00  0.8969E-01  0.7471E-01  0.0000E+00  0.0000E+00  0.0000E+00  0.0000E+00
  0.0000E+00  0.0000E+00  0.1044E+00  0.1354E+00  0.0000E+00  0.0000E+00  0.0000E+00  0.0000E+00  0.2321E+00  0.7476E-01  0.0000E+00  0.0000E+00  0.0000E+00  0.0000E+00
 Relative number of events:
  0.0000E+00  0.0000E+00  0.1121E+00  0.1137E+00  0.0000E+00  0.0000E+00  0.0000E+00  0.0000E+00  0.2054E+00  0.1997E+00  0.0000E+00  0.0000E+00  0.0000E+00  0.0000E+00
  0.0000E+00  0.0000E+00  0.8860E-01  0.8839E-01  0.0000E+00  0.0000E+00  0.0000E+00  0.0000E+00  0.9680E-01  0.9543E-01  0.0000E+00  0.0000E+00  0.0000E+00  0.0000E+00
 Events:
           0           0        4236        4296           0           0           0           0        7763        7548           0           0           0           0
           0           0        3349        3341           0           0           0           0        3659        3607           0           0           0           0
 Accuracy:    0.187   0.010   0.065   8.361
 Found         4858  events.
 Wrote           10  events.
 Actual xsec    1.2156091449468773E-010
 Correct abs xsec    4.4525130962391684E-010
 Event xsec    4.4525130962391673E-010
 Events wgts > 1:            0
 % Cross section > 1:    0.0000000000000000        0.0000000000000000     
 Iteration  7   Mean: 0.2074E-09 Abs mean: 0.5790E-09   Fluctuation:  0.259E-10   0.188E-05    50.1%
  7    0.2074E-09 0.5790E-09 +- 0.2589E-10     16.00
 Exceeded boost           1          96   128000.000    
 Relative summed weights:
  0.0000E+00  0.0000E+00  0.1997E+00  0.1836E+00  0.0000E+00  0.0000E+00  0.0000E+00  0.0000E+00  0.1134E+00  0.1086E+00  0.0000E+00  0.0000E+00  0.0000E+00  0.0000E+00
  0.0000E+00  0.0000E+00  0.1514E+00  0.1154E+00  0.0000E+00  0.0000E+00  0.0000E+00  0.0000E+00  0.6409E-01  0.6379E-01  0.0000E+00  0.0000E+00  0.0000E+00  0.0000E+00
 Relative number of events:
  0.0000E+00  0.0000E+00  0.1105E+00  0.1116E+00  0.0000E+00  0.0000E+00  0.0000E+00  0.0000E+00  0.2045E+00  0.2030E+00  0.0000E+00  0.0000E+00  0.0000E+00  0.0000E+00
Thanks for using LHAPDF 6.2.1. Please make sure to cite the paper:
  Eur.Phys.J. C75 (2015) 3, 132  (http://arxiv.org/abs/1412.7420)
  0.0000E+00  0.0000E+00  0.9139E-01  0.8856E-01  0.0000E+00  0.0000E+00  0.0000E+00  0.0000E+00  0.9427E-01  0.9616E-01  0.0000E+00  0.0000E+00  0.0000E+00  0.0000E+00
 Events:
           0           0        8318        8396           0           0           0           0       15386       15277           0           0           0           0
           0           0        6877        6664           0           0           0           0        7094        7236           0           0           0           0
 Accuracy:    0.097   0.010   0.037   6.924
 Found        10058  events.
 Wrote           42  events.
 Actual xsec    1.8118836866529719E-010
 Correct abs xsec    5.4422627234770921E-010
 Event xsec    5.4422627234770941E-010
 Events wgts > 1:            0
 % Cross section > 1:    0.0000000000000000        0.0000000000000000     
 Iteration  8   Mean: 0.2023E-09 Abs mean: 0.5599E-09   Fluctuation:  0.923E-11   0.995E-06    46.4%
  8    0.2023E-09 0.5599E-09 +- 0.9233E-11      8.34
 Exceeded boost           3           3   256000.000    
 Relative summed weights:
  0.0000E+00  0.0000E+00  0.1848E+00  0.1834E+00  0.0000E+00  0.0000E+00  0.0000E+00  0.0000E+00  0.1029E+00  0.1140E+00  0.0000E+00  0.0000E+00  0.0000E+00  0.0000E+00
  0.0000E+00  0.0000E+00  0.1244E+00  0.1454E+00  0.0000E+00  0.0000E+00  0.0000E+00  0.0000E+00  0.6984E-01  0.7525E-01  0.0000E+00  0.0000E+00  0.0000E+00  0.0000E+00
 Relative number of events:
  0.0000E+00  0.0000E+00  0.1117E+00  0.1117E+00  0.0000E+00  0.0000E+00  0.0000E+00  0.0000E+00  0.2025E+00  0.2027E+00  0.0000E+00  0.0000E+00  0.0000E+00  0.0000E+00
  0.0000E+00  0.0000E+00  0.8968E-01  0.9034E-01  0.0000E+00  0.0000E+00  0.0000E+00  0.0000E+00  0.9568E-01  0.9570E-01  0.0000E+00  0.0000E+00  0.0000E+00  0.0000E+00
 Events:
           0           0       16766       16768           0           0           0           0       30407       30425           0           0           0           0
           0           0       13463       13562           0           0           0           0       14364       14367           0           0           0           0
 Accuracy:    0.036   0.010   0.015   5.674
 Found        26447  events.
 Wrote          324  events.
 Actual xsec    2.0270012170478073E-010
 Correct abs xsec    5.6332227673727603E-010
 Event xsec    5.6332227673727861E-010
 Events wgts > 1:            6
 % Cross section > 1:    4.3347107246018303E-012  0.76949037941623000     

 -------------------------------------------------------------------------------
 Accumulated results:   Integral =  0.5543E-09
                        Std dev  =  0.8340E-11
                       Cross sec =  0.1975E-09
             Chi**2 per DoF.     =      5.6743
 -------------------------------------------------------------------------------
-------------------------------------------------
---------------------------
 Results Last   3 iters: Integral =   0.2027E-09
                     Abs integral =   0.5633E-09
                          Std dev =   0.8650E-11
                  Chi**2 per DoF. =      0.6687
-------------------------------------------------
---------------------------
 Status   1.0000000000000000E-002           9           8

ls status:
events.lhe
ftn26
input_app.txt
results.dat
run1_app.log
