==== LHAPDF6 USING DEFAULT-TYPE LHAGLUE INTERFACE ====
LHAPDF 6.2.1 loading /cvmfs/cms.cern.ch/slc6_amd64_gcc630/external/lhapdf/6.2.1-ghjeda2/share/LHAPDF/NNPDF30_lo_as_0130_nf_4/NNPDF30_lo_as_0130_nf_4_0000.dat
NNPDF30_lo_as_0130_nf_4 PDF set, member #0, version 2; LHAPDF ID = 263400
 Process in group number            2
 A PDF is used, so alpha_s(MZ) is going to be modified
 Old value of alpha_s from param_card:   0.11810000000000001     
 New value of alpha_s from PDF lhapdf :  0.12470044313224841     
 using LHAPDF
 Define smin to   10000.000000000000     
 Define smin to   10000.000000000000     
 Define smin to   10000.000000000000     
 Define smin to   10000.000000000000     
 Define smin to   10000.000000000000     
 Define smin to   10000.000000000000     
 Define smin to   10000.000000000000     
 *****************************************************
 *               MadGraph/MadEvent                   *
 *        --------------------------------           *
 *          http://madgraph.hep.uiuc.edu             *
 *          http://madgraph.phys.ucl.ac.be           *
 *          http://madgraph.roma2.infn.it            *
 *        --------------------------------           *
 *                                                   *
 *          PARAMETER AND COUPLING VALUES            *
 *                                                   *
 *****************************************************

  External Params
  ---------------------------------
  
 mdl_MW0 =    80.387000000000000     
 mdl_Gf =    1.1663789999999999E-005
 aS =   0.11810000000000001     
 mdl_ymdo =    1.0000000000000000E-099
 mdl_ymb =    4.1799999999999997     
 mdl_ymt =    173.19999999999999     
 mdl_ymtau =    1.7769999999999999     
 mdl_LambdaSMEFT =    1000.0000000000000     
 mdl_cW =    1.0000000000000000     
 mdl_MZ =    91.187600000000003     
 mdl_MTA =    1.7769999999999999     
 mdl_MT =    173.19999999999999     
 mdl_MB =    4.1799999999999997     
 mdl_MH =    125.09000000000000     
 mdl_WZ =    2.4952000000000001     
 mdl_WW =    2.0850000000000000     
 mdl_WT =    1.5083359999999999     
 mdl_WH =    4.0699999999999998E-003
  Internal Params
  ---------------------------------
  
 mdl_ymm =    1.0000000000000000E-099
 mdl_yme =    1.0000000000000000E-099
 mdl_ymc =    1.0000000000000000E-099
 mdl_yms =    1.0000000000000000E-099
 mdl_ymup =    1.0000000000000000E-099
 mdl_conjg__CKM3x3 =    1.0000000000000000     
 mdl_cH =    0.0000000000000000     
 mdl_cHB =    0.0000000000000000     
 mdl_CKM2x2 =    1.0000000000000000     
 mdl_CKM1x1 =    1.0000000000000000     
 mdl_conjg__CKM1x1 =    1.0000000000000000     
 mdl_dGf =    0.0000000000000000     
 mdl_CKM3x3 =    1.0000000000000000     
 mdl_dMH2 =    0.0000000000000000     
 mdl_conjg__CKM2x2 =    1.0000000000000000     
 mdl_dg1 =    0.0000000000000000     
 mdl_cHW =    0.0000000000000000     
 mdl_dgw =    0.0000000000000000     
 mdl_complexi =  (  0.0000000000000000     ,  1.0000000000000000     )
 mdl_MW =    80.387000000000000     
 mdl_nb__2__exp__0_25 =    1.1892071150027210     
 mdl_MH__exp__2 =    15647.508100000001     
 mdl_sqrt__2 =    1.4142135623730951     
 mdl_MW__exp__2 =    6462.0697689999997     
 mdl_MZ__exp__2 =    8315.1783937600012     
 mdl_sth2 =   0.22285855299877133     
 mdl_MH__exp__6 =    3831206449390.3818     
 mdl_MT__exp__6 =    26995248278778.535     
 mdl_MH__exp__4 =    244844509.73956564     
 mdl_MT__exp__4 =    899894403.09759963     
 mdl_MT__exp__2 =    29998.239999999994     
 mdl_LambdaSMEFT__exp__2 =    1000000.0000000000     
 mdl_cth =   0.88155626422890820     
 mdl_sqrt__sth2 =   0.47207896902824564     
 mdl_sth =   0.47207896902824564     
 mdl_MW0__exp__6 =    269845343347.69711     
 mdl_MW0__exp__4 =    41758345.699423708     
 mdl_MW0__exp__2 =    6462.0697689999997     
 mdl_MZ__exp__4 =    69142191.720053151     
 mdl_MZ__exp__6 =    574929658687.79749     
 mdl_cth__exp__2 =   0.77714144700122867     
 mdl_sth__exp__2 =   0.22285855299877130     
 mdl_sth__exp__3 =   0.10520683593878660     
 mdl_cth__exp__3 =   0.68509391079585125     
 mdl_sth__exp__4 =    4.9665934644706158E-002
 mdl_sqrt__Gf =    3.4152291284773265E-003
 mdl_vevhat =    246.21961912951551     
 mdl_lam =   0.12905352724481209     
 mdl_aEW =    7.5614618607353409E-003
 mdl_yb =    2.4008698866559607E-002
 mdl_yc =    5.7437078628133041E-102
 mdl_ydo =    5.7437078628133041E-102
 mdl_ye =    5.7437078628133041E-102
 mdl_ym =    5.7437078628133041E-102
 mdl_ys =    5.7437078628133041E-102
 mdl_yt =   0.99481020183926416     
 mdl_ytau =    1.0206568872219240E-002
 mdl_yup =    5.7437078628133041E-102
 mdl_vevhat__exp__2 =    60624.100844283676     
 mdl_barlam =   0.12905352724481209     
 mdl_vevT =    246.21961912951551     
 mdl_sqrt__aEW =    8.6956666568672819E-002
 mdl_ee =   0.30825335704310214     
 mdl_gwsh =   0.65296989967087182     
 mdl_vev =    246.21961912951551     
 mdl_g1 =   0.34966952144878632     
 mdl_gw =   0.65296989967087182     
 mdl_ee__exp__2 =    9.5020132128342205E-002
 mdl_gHaa =   -1.9303830602986922E-003
 mdl_gHza =   -6.8546472954154700E-003
 mdl_g1sh =   0.34966952144878632     
 mdl_I1d11 =  (  5.7437078628133041E-102,  0.0000000000000000     )
 mdl_I1d22 =  (  5.7437078628133041E-102,  0.0000000000000000     )
 mdl_I1d33 =  (  2.4008698866559607E-002,  0.0000000000000000     )
 mdl_I2d11 =  (  5.7437078628133041E-102,  0.0000000000000000     )
 mdl_I2d22 =  (  5.7437078628133041E-102,  0.0000000000000000     )
 mdl_I2d33 =  ( 0.99481020183926416     ,  0.0000000000000000     )
 mdl_I3d11 =  (  5.7437078628133041E-102,  0.0000000000000000     )
 mdl_I3d22 =  (  5.7437078628133041E-102,  0.0000000000000000     )
 mdl_I3d33 =  (  2.4008698866559607E-002,  0.0000000000000000     )
 mdl_I4d11 =  (  5.7437078628133041E-102,  0.0000000000000000     )
 mdl_I4d22 =  (  5.7437078628133041E-102,  0.0000000000000000     )
 mdl_I4d33 =  ( 0.99481020183926416     ,  0.0000000000000000     )
 mdl_I5d11 =  (  5.7437078628133041E-102,  0.0000000000000000     )
 mdl_I5d22 =  (  5.7437078628133041E-102,  0.0000000000000000     )
 mdl_I5d33 =  (  2.4008698866559607E-002,  0.0000000000000000     )
 mdl_I6d11 =  (  5.7437078628133041E-102,  0.0000000000000000     )
 mdl_I6d22 =  (  5.7437078628133041E-102,  0.0000000000000000     )
 mdl_I6d33 =  ( 0.99481020183926416     ,  0.0000000000000000     )
 mdl_ee__exp__3 =    2.9290274715240611E-002
 mdl_vevhat__exp__3 =    14926843.019948866     
  Internal Params evaluated point by point
  ----------------------------------------
  
 mdl_sqrt__aS =   0.34365680554879169     
 mdl_G__exp__2 =    1.4840883695558185     
 mdl_gHgg =    3.2334372328970845E-003
 mdl_G__exp__3 =  (  1.8079634332366095     ,  0.0000000000000000     )
  Couplings of SMEFTsim_A_U35_MwScheme_UFO_v3_1-cW_massless
  ---------------------------------
  
        GC_64 =   0.00000E+00   0.52893E-05
       GC_345 =   0.00000E+00   0.28325E-05
         GC_1 =   0.00000E+00   0.10275E+00
         GC_2 =  -0.00000E+00  -0.20550E+00
         GC_3 =  -0.00000E+00  -0.30825E+00
       GC_278 =  -0.00000E+00  -0.37035E+00
       GC_280 =  -0.00000E+00  -0.57563E+00
       GC_318 =   0.00000E+00   0.39178E-05
       GC_328 =  -0.00000E+00  -0.55024E-01
       GC_329 =   0.00000E+00   0.11005E+00
       GC_330 =  -0.00000E+00  -0.16507E+00
      GC_1073 =  -0.00000E+00  -0.46172E+00

 Collider parameters:
 --------------------

 Running at P P   machine @    13000.000000000000       GeV
 PDF set = lhapdf 
 alpha_s(Mz)= 0.1247 running at 1 loops.
 alpha_s(Mz)= 0.1247 running at 1 loops.
 Renormalization scale set on event-by-event basis
 Factorization   scale set on event-by-event basis


 getting user params
Enter number of events and max and min iterations: 
 Number of events and iterations         2000           8           3
Enter desired fractional accuracy: 
 Desired fractional accuracy:    1.0000000000000000E-002
Enter 0 for fixed, 2 for adjustable grid: 
Suppress amplitude (0 no, 1 yes)? 
 Using suppressed amplitude.
Exact helicity sum (0 yes, n = number/event)? 
 Explicitly summing over helicities
Enter Configuration Number: 
Running Configuration Number:   22
 Not subdividing B.W.
 Attempting mappinvarients           1           8
 Completed mapping           8
 about to integrate           16        2000           8           3          16           1
 Using non-zero grid deformation.
 16 dimensions   2000 events 16 invarients  8 iterations  1 config(s),  (0.99)
 Using h-tuple random number sequence.
 Error opening grid
 Using Uniform Grid!          32
 Using uniform alpha   1.0000000000000000     
 Grid defined OK
 Set CM energy to      13000.00
 Mapping Graph          22  to config          22
 Setting BW          -1           1   80.387000000000000     
 Setting BW          -2           2   80.387000000000000     
Setting grid   3    0.18685E-07   1
Setting grid   4    0.59172E-06   1
 Warning: No cutoff for shat integral found
          Minimum set to    5.9171597633136107E-009
Setting grid   5    0.59172E-08   1
 Transforming s_hat 1/s           15   1.1585044837869826E-004   10000.000000000000        168999999.99999997     
  22   1   2   3   4   5   6   7   8   9  10  11  12  13  14
  15  16
 Masses: 0.000E+00 0.000E+00 0.000E+00 0.178E+01 0.000E+00 0.000E+00 0.000E+00 0.000E+00
Using random seed offsets    22 :      6
  with seed                   24
 Ranmar initialization seeds       31080        9403
 
 ********************************************
 * You are using the DiscreteSampler module *
 *      part of the MG5_aMC framework       *
 *         Author: Valentin Hirschi         *
 ********************************************
 
  Particle       3       4       5       6       7       8
      Et >     0.0     0.0     0.0     0.0    10.0    10.0
       E >     0.0     0.0     0.0     0.0     0.0     0.0
     Eta <    -1.0    -1.0    -1.0    -1.0     6.5     6.5
   xqcut:      0.0     0.0     0.0     0.0     0.0     0.0
d R # 3  >    -0.0     0.4     0.0     0.0     0.4     0.4
d R # 4  >    -0.0    -0.0     0.0     0.0     0.4     0.4
d R # 5  >    -0.0    -0.0    -0.0     0.0     0.0     0.0
d R # 6  >    -0.0    -0.0    -0.0    -0.0     0.0     0.0
d R # 7  >    -0.0    -0.0    -0.0    -0.0    -0.0     0.4
s min # 3>     0.0     0.0     0.0     0.0     0.0     0.0
s min # 4>     0.0     0.0     0.0     0.0     0.0     0.0
s min # 5>     0.0     0.0     0.0     0.0     0.0     0.0
s min # 6>     0.0     0.0     0.0     0.0     0.0     0.0
s min # 7>     0.0     0.0     0.0     0.0     0.0 10000.0
xqcutij # 3>     0.0     0.0     0.0     0.0     0.0     0.0
xqcutij # 4>     0.0     0.0     0.0     0.0     0.0     0.0
xqcutij # 5>     0.0     0.0     0.0     0.0     0.0     0.0
xqcutij # 6>     0.0     0.0     0.0     0.0     0.0     0.0
xqcutij # 7>     0.0     0.0     0.0     0.0     0.0     0.0
 No cut BW           -1           1
 No cut BW           -2           2
 No cut BW           -4           3
 alpha_s for scale    166.19986017674827       is   0.11343810812286119     
 Added good helicity          193   255.30555841443842       in event            1 local:           1
 Added good helicity          209  0.69444158556156377       in event            1 local:           1
 Added good helicity          193   255.89347387412599       in event            1 local:           1
 Added good helicity          209  0.10652612587404081       in event            1 local:           1
 RESET CUMULATIVE VARIABLE
 RESET CUMULATIVE VARIABLE
 RESET CUMULATIVE VARIABLE
 Iteration  1   Mean: 0.3021E-04 Abs mean: 0.3021E-04   Fluctuation:  0.113E-04   0.131E-01     5.1%
  1    0.3021E-04 0.3021E-04 +- 0.1125E-04     16.66
 Writing out events   3.7355491724748363E-008   16.656421773692696     
 Relative summed weights:
  0.2459E+00  0.0000E+00  0.2805E-01  0.1751E-01  0.4228E-02  0.0000E+00  0.3451E-01  0.9853E-01  0.0000E+00  0.0000E+00  0.2053E+00  0.4881E-02  0.9768E-03  0.6974E-03
  0.3518E+00  0.0000E+00  0.0000E+00  0.0000E+00  0.7662E-02  0.0000E+00  0.0000E+00  0.0000E+00  0.0000E+00  0.0000E+00  0.0000E+00  0.0000E+00  0.0000E+00  0.0000E+00
 Relative number of events:
  0.1628E+00  0.0000E+00  0.8462E-01  0.9607E-01  0.5824E-01  0.0000E+00  0.1045E+00  0.9408E-01  0.0000E+00  0.0000E+00  0.5027E-01  0.4978E-01  0.3385E-01  0.3235E-01
  0.1573E+00  0.0000E+00  0.0000E+00  0.0000E+00  0.7616E-01  0.0000E+00  0.0000E+00  0.0000E+00  0.0000E+00  0.0000E+00  0.0000E+00  0.0000E+00  0.0000E+00  0.0000E+00
 Events:
         327           0         170         193         117           0         210         189           0           0         101         100          68          65
         316           0           0           0         153           0           0           0           0           0           0           0           0           0
 Iteration  2   Mean: 0.1413E-04 Abs mean: 0.1413E-04   Fluctuation:  0.557E-05   0.211E-01    63.2%
  2    0.1413E-04 0.1413E-04 +- 0.5566E-05     24.90
 Relative summed weights:
  0.1614E+00  0.0000E+00  0.5421E-01  0.1107E+00  0.3094E-01  0.0000E+00  0.5761E-01  0.6981E-01  0.0000E+00  0.0000E+00  0.7149E-02  0.4136E-01  0.3038E-02  0.2645E-02
  0.4502E+00  0.0000E+00  0.0000E+00  0.0000E+00  0.1097E-01  0.0000E+00  0.0000E+00  0.0000E+00  0.0000E+00  0.0000E+00  0.0000E+00  0.0000E+00  0.0000E+00  0.0000E+00
 Relative number of events:
  0.2052E+00  0.0000E+00  0.8875E-01  0.7425E-01  0.5850E-01  0.0000E+00  0.8575E-01  0.8375E-01  0.0000E+00  0.0000E+00  0.4175E-01  0.3800E-01  0.3450E-01  0.3500E-01
  0.1888E+00  0.0000E+00  0.0000E+00  0.0000E+00  0.6575E-01  0.0000E+00  0.0000E+00  0.0000E+00  0.0000E+00  0.0000E+00  0.0000E+00  0.0000E+00  0.0000E+00  0.0000E+00
 Events:
         821           0         355         297         234           0         343         335           0           0         167         152         138         140
         755           0           0           0         263           0           0           0           0           0           0           0           0           0
 Iteration  3   Mean: 0.2167E-04 Abs mean: 0.2167E-04   Fluctuation:  0.353E-05   0.156E-01    76.9%
  3    0.2167E-04 0.2167E-04 +- 0.3534E-05     14.58
 Relative summed weights:
  0.3416E+00  0.0000E+00  0.1845E+00  0.7525E-01  0.4406E-02  0.0000E+00  0.5706E-01  0.5929E-01  0.0000E+00  0.0000E+00  0.3757E-01  0.4745E-01  0.3216E-02  0.5931E-02
  0.1797E+00  0.0000E+00  0.0000E+00  0.0000E+00  0.4141E-02  0.0000E+00  0.0000E+00  0.0000E+00  0.0000E+00  0.0000E+00  0.0000E+00  0.0000E+00  0.0000E+00  0.0000E+00
 Relative number of events:
  0.2115E+00  0.0000E+00  0.8612E-01  0.8275E-01  0.4688E-01  0.0000E+00  0.8725E-01  0.9162E-01  0.0000E+00  0.0000E+00  0.4400E-01  0.4000E-01  0.2925E-01  0.2675E-01
  0.2055E+00  0.0000E+00  0.0000E+00  0.0000E+00  0.4838E-01  0.0000E+00  0.0000E+00  0.0000E+00  0.0000E+00  0.0000E+00  0.0000E+00  0.0000E+00  0.0000E+00  0.0000E+00
 Events:
        1692           0         689         662         375           0         698         733           0           0         352         320         234         214
        1644           0           0           0         387           0           0           0           0           0           0           0           0           0
 Accuracy:    0.134   0.010   0.140   0.924
 Found          417  events.
 Wrote            7  events.
 Actual xsec    2.1923317866624572E-005
 Correct abs xsec    2.1923317866624572E-005
 Event xsec    2.1923317866624576E-005
 Events wgts > 1:            1
 % Cross section > 1:    1.2226261557393311E-007  0.55768299450724190     
 Iteration  4   Mean: 0.2710E-04 Abs mean: 0.2710E-04   Fluctuation:  0.432E-05   0.453E-01    82.2%
  4    0.2710E-04 0.2710E-04 +- 0.4323E-05     20.18
 Relative summed weights:
  0.4078E+00  0.0000E+00  0.1003E+00  0.9614E-01  0.1103E-01  0.0000E+00  0.4306E-01  0.4608E-01  0.0000E+00  0.0000E+00  0.2506E-01  0.1509E-01  0.5471E-02  0.4800E-02
  0.2223E+00  0.0000E+00  0.0000E+00  0.0000E+00  0.2282E-01  0.0000E+00  0.0000E+00  0.0000E+00  0.0000E+00  0.0000E+00  0.0000E+00  0.0000E+00  0.0000E+00  0.0000E+00
 Relative number of events:
  0.2343E+00  0.0000E+00  0.8225E-01  0.8356E-01  0.4494E-01  0.0000E+00  0.8431E-01  0.8325E-01  0.0000E+00  0.0000E+00  0.3450E-01  0.3494E-01  0.2381E-01  0.2706E-01
  0.2265E+00  0.0000E+00  0.0000E+00  0.0000E+00  0.4063E-01  0.0000E+00  0.0000E+00  0.0000E+00  0.0000E+00  0.0000E+00  0.0000E+00  0.0000E+00  0.0000E+00  0.0000E+00
 Events:
        3748           0        1316        1337         719           0        1349        1332           0           0         552         559         381         433
        3624           0           0           0         650           0           0           0           0           0           0           0           0           0
 Accuracy:    0.097   0.010   0.105   0.847
 Found          809  events.
 Wrote            5  events.
 Actual xsec    2.3648705873013833E-005
 Correct abs xsec    2.3648705873013833E-005
 Event xsec    2.3648705873013833E-005
 Events wgts > 1:            0
 % Cross section > 1:    0.0000000000000000        0.0000000000000000     
 Iteration  5   Mean: 0.2581E-04 Abs mean: 0.2581E-04   Fluctuation:  0.143E-05   0.191E-01    84.9%
  5    0.2581E-04 0.2581E-04 +- 0.1427E-05      9.89
 Relative summed weights:
  0.3003E+00  0.0000E+00  0.1408E+00  0.1083E+00  0.7397E-02  0.0000E+00  0.4458E-01  0.5639E-01  0.0000E+00  0.0000E+00  0.3985E-01  0.3430E-01  0.1101E-01  0.3855E-02
  0.2437E+00  0.0000E+00  0.0000E+00  0.0000E+00  0.9429E-02  0.0000E+00  0.0000E+00  0.0000E+00  0.0000E+00  0.0000E+00  0.0000E+00  0.0000E+00  0.0000E+00  0.0000E+00
 Relative number of events:
  0.2448E+00  0.0000E+00  0.8397E-01  0.8422E-01  0.3625E-01  0.0000E+00  0.8334E-01  0.8153E-01  0.0000E+00  0.0000E+00  0.3409E-01  0.3269E-01  0.2172E-01  0.1972E-01
  0.2425E+00  0.0000E+00  0.0000E+00  0.0000E+00  0.3519E-01  0.0000E+00  0.0000E+00  0.0000E+00  0.0000E+00  0.0000E+00  0.0000E+00  0.0000E+00  0.0000E+00  0.0000E+00
 Events:
        7833           0        2687        2695        1160           0        2667        2609           0           0        1091        1046         695         631
        7760           0           0           0        1126           0           0           0           0           0           0           0           0           0
 Accuracy:    0.039   0.010   0.049   0.647
 Found         1767  events.
 Wrote           56  events.
 Actual xsec    2.5553846902759074E-005
 Correct abs xsec    2.5553846902759074E-005
 Event xsec    2.5553846902759050E-005
 Events wgts > 1:            3
 % Cross section > 1:    2.2058781896414866E-007  0.86322744205034663     
 Iteration  6   Mean: 0.2608E-04 Abs mean: 0.2608E-04   Fluctuation:  0.991E-06   0.425E-01    85.7%
  6    0.2608E-04 0.2608E-04 +- 0.9907E-06      9.61
 Relative summed weights:
  0.2808E+00  0.0000E+00  0.9703E-01  0.1130E+00  0.9990E-02  0.0000E+00  0.6297E-01  0.6129E-01  0.0000E+00  0.0000E+00  0.4959E-01  0.4864E-01  0.7410E-02  0.4872E-02
  0.2554E+00  0.0000E+00  0.0000E+00  0.0000E+00  0.9046E-02  0.0000E+00  0.0000E+00  0.0000E+00  0.0000E+00  0.0000E+00  0.0000E+00  0.0000E+00  0.0000E+00  0.0000E+00
 Relative number of events:
  0.2605E+00  0.0000E+00  0.7709E-01  0.7795E-01  0.3227E-01  0.0000E+00  0.8133E-01  0.8161E-01  0.0000E+00  0.0000E+00  0.3106E-01  0.3130E-01  0.1798E-01  0.1819E-01
  0.2572E+00  0.0000E+00  0.0000E+00  0.0000E+00  0.3352E-01  0.0000E+00  0.0000E+00  0.0000E+00  0.0000E+00  0.0000E+00  0.0000E+00  0.0000E+00  0.0000E+00  0.0000E+00
 Events:
       16675           0        4934        4989        2065           0        5205        5223           0           0        1988        2003        1151        1164
       16458           0           0           0        2145           0           0           0           0           0           0           0           0           0
 Accuracy:    0.022   0.010   0.030   0.532
 Found         4395  events.
 Wrote           56  events.
 Actual xsec    2.6036751004922004E-005
 Correct abs xsec    2.6036751004922004E-005
 Event xsec    2.6036751004922004E-005
 Events wgts > 1:            1
 % Cross section > 1:    2.8340040191835347E-007   1.0884630031787734     
 Iteration  7   Mean: 0.2763E-04 Abs mean: 0.2763E-04   Fluctuation:  0.592E-06   0.295E-01    86.4%
  7    0.2763E-04 0.2763E-04 +- 0.5918E-06      7.66
 Exceeded boost           3          96   128000.000    
 Exceeded boost           5          96   128000.000    
 Relative summed weights:
  0.2660E+00  0.0000E+00  0.1195E+00  0.9706E-01  0.8738E-02  0.0000E+00  0.6260E-01  0.5669E-01  0.0000E+00  0.0000E+00  0.4558E-01  0.4922E-01  0.5748E-02  0.5075E-02
  0.2749E+00  0.0000E+00  0.0000E+00  0.0000E+00  0.8890E-02  0.0000E+00  0.0000E+00  0.0000E+00  0.0000E+00  0.0000E+00  0.0000E+00  0.0000E+00  0.0000E+00  0.0000E+00
 Relative number of events:
Thanks for using LHAPDF 6.2.1. Please make sure to cite the paper:
  Eur.Phys.J. C75 (2015) 3, 132  (http://arxiv.org/abs/1412.7420)
  0.2646E+00  0.0000E+00  0.7634E-01  0.7675E-01  0.3044E-01  0.0000E+00  0.8197E-01  0.8078E-01  0.0000E+00  0.0000E+00  0.2937E-01  0.3038E-01  0.1620E-01  0.1685E-01
  0.2648E+00  0.0000E+00  0.0000E+00  0.0000E+00  0.3157E-01  0.0000E+00  0.0000E+00  0.0000E+00  0.0000E+00  0.0000E+00  0.0000E+00  0.0000E+00  0.0000E+00  0.0000E+00
 Events:
       33865           0        9771        9824        3896           0       10492       10340           0           0        3760        3889        2074        2157
       33891           0           0           0        4041           0           0           0           0           0           0           0           0           0
 Accuracy:    0.017   0.010   0.017   0.940
 Found         9863  events.
 Wrote          174  events.
 Actual xsec    2.7109574867996444E-005
 Correct abs xsec    2.7109574867996444E-005
 Event xsec    2.7109574867996424E-005
 Events wgts > 1:            3
 % Cross section > 1:    8.5169645996648979E-008  0.31416813583895048     
 Iteration  8   Mean: 0.2747E-04 Abs mean: 0.2747E-04   Fluctuation:  0.292E-06   0.232E-01    86.6%
  8    0.2747E-04 0.2747E-04 +- 0.2923E-06      5.38
 Exceeded boost           3          96   256000.000    
 Exceeded boost           4          96   256000.000    
 Exceeded boost          11          96   128000.000    
 Exceeded boost          13          96   256000.000    
 Relative summed weights:
  0.2634E+00  0.0000E+00  0.1068E+00  0.1088E+00  0.1009E-01  0.0000E+00  0.6300E-01  0.6790E-01  0.0000E+00  0.0000E+00  0.5167E-01  0.4868E-01  0.6164E-02  0.5307E-02
  0.2588E+00  0.0000E+00  0.0000E+00  0.0000E+00  0.9354E-02  0.0000E+00  0.0000E+00  0.0000E+00  0.0000E+00  0.0000E+00  0.0000E+00  0.0000E+00  0.0000E+00  0.0000E+00
 Relative number of events:
  0.2699E+00  0.0000E+00  0.7598E-01  0.7694E-01  0.2965E-01  0.0000E+00  0.8032E-01  0.8109E-01  0.0000E+00  0.0000E+00  0.2926E-01  0.2863E-01  0.1610E-01  0.1602E-01
  0.2666E+00  0.0000E+00  0.0000E+00  0.0000E+00  0.2953E-01  0.0000E+00  0.0000E+00  0.0000E+00  0.0000E+00  0.0000E+00  0.0000E+00  0.0000E+00  0.0000E+00  0.0000E+00
 Events:
       69104           0       19452       19696        7590           0       20561       20759           0           0        7491        7328        4121        4100
       68239           0           0           0        7559           0           0           0           0           0           0           0           0           0
 Accuracy:    0.009   0.010   0.009   0.877
 Finished due to accuracy    8.5051059038043896E-003   1.0000000000000000E-002

 -------------------------------------------------------------------------------
 Accumulated results:   Integral =  0.2735E-04
                        Std dev  =  0.2484E-06
                       Cross sec =  0.2735E-04
             Chi**2 per DoF.     =      0.8772
 -------------------------------------------------------------------------------
 Found        20885  events.
 Wrote         1156  events.
 Actual xsec    2.7420390520593627E-005
 Correct abs xsec    2.7420390520593627E-005
 Event xsec    2.7420390520594725E-005
 Events wgts > 1:           13
 % Cross section > 1:    2.8128683825595887E-007   1.0258308977937125     
-------------------------------------------------
---------------------------
 Results Last   3 iters: Integral =   0.2742E-04
                     Abs integral =   0.2742E-04
                          Std dev =   0.2534E-06
                  Chi**2 per DoF. =      0.9932
-------------------------------------------------
---------------------------
 Status   1.0000000000000000E-002           9           8

ls status:
events.lhe
ftn26
input_app.txt
results.dat
run1_app.log
