==== LHAPDF6 USING DEFAULT-TYPE LHAGLUE INTERFACE ====
LHAPDF 6.2.1 loading /cvmfs/cms.cern.ch/slc6_amd64_gcc630/external/lhapdf/6.2.1-ghjeda2/share/LHAPDF/NNPDF31_nnlo_as_0118_nf_4_mc_hessian/NNPDF31_nnlo_as_0118_nf_4_mc_hessian_0000.dat
NNPDF31_nnlo_as_0118_nf_4_mc_hessian PDF set, member #0, version 1; LHAPDF ID = 325500
 Process in group number            1
 A PDF is used, so alpha_s(MZ) is going to be modified
 Old value of alpha_s from param_card:   0.11810000000000001     
 New value of alpha_s from PDF lhapdf :  0.11266013434007299     
 using LHAPDF
 Define smin to   10000.000000000000     
 Define smin to   10000.000000000000     
 Define smin to   10000.000000000000     
 Define smin to   10000.000000000000     
 Define smin to   10000.000000000000     
 Define smin to   10000.000000000000     
 Define smin to   10000.000000000000     
 Define smin to   10000.000000000000     
 Define smin to   10000.000000000000     
 Define smin to   10000.000000000000     
 Define smin to   10000.000000000000     
 Define smin to   10000.000000000000     
 Define smin to   10000.000000000000     
 Define smin to   10000.000000000000     
 Define smin to   10000.000000000000     
 Define smin to   10000.000000000000     
 *****************************************************
 *               MadGraph/MadEvent                   *
 *        --------------------------------           *
 *          http://madgraph.hep.uiuc.edu             *
 *          http://madgraph.phys.ucl.ac.be           *
 *          http://madgraph.roma2.infn.it            *
 *        --------------------------------           *
 *                                                   *
 *          PARAMETER AND COUPLING VALUES            *
 *                                                   *
 *****************************************************

  External Params
  ---------------------------------
  
 mdl_MW0 =    80.387000000000000     
 mdl_Gf =    1.1663789999999999E-005
 aS =   0.11810000000000001     
 mdl_ymdo =    1.0000000000000000E-099
 mdl_ymb =    4.1799999999999997     
 mdl_ymt =    173.19999999999999     
 mdl_ymtau =    1.7769999999999999     
 mdl_LambdaSMEFT =    1000.0000000000000     
 mdl_cHW =    1.0000000000000000     
 mdl_MZ =    91.187600000000003     
 mdl_MTA =    1.7769999999999999     
 mdl_MT =    173.19999999999999     
 mdl_MB =    4.1799999999999997     
 mdl_MH =    125.09000000000000     
 mdl_WZ =    2.4952000000000001     
 mdl_WW =    2.0850000000000000     
 mdl_WT =    1.5083359999999999     
 mdl_WH =    4.0699999999999998E-003
  Internal Params
  ---------------------------------
  
 mdl_ymm =    1.0000000000000000E-099
 mdl_yme =    1.0000000000000000E-099
 mdl_ymc =    1.0000000000000000E-099
 mdl_yms =    1.0000000000000000E-099
 mdl_ymup =    1.0000000000000000E-099
 mdl_conjg__CKM3x3 =    1.0000000000000000     
 mdl_cH =    0.0000000000000000     
 mdl_cHB =    0.0000000000000000     
 mdl_CKM1x1 =    1.0000000000000000     
 mdl_conjg__CKM1x1 =    1.0000000000000000     
 mdl_dGf =    0.0000000000000000     
 mdl_CKM3x3 =    1.0000000000000000     
 mdl_dMH2 =    0.0000000000000000     
 mdl_conjg__CKM2x2 =    1.0000000000000000     
 mdl_dg1 =    0.0000000000000000     
 mdl_CKM2x2 =    1.0000000000000000     
 mdl_dgw =    0.0000000000000000     
 mdl_complexi =  (  0.0000000000000000     ,  1.0000000000000000     )
 mdl_MW =    80.387000000000000     
 mdl_nb__2__exp__0_25 =    1.1892071150027210     
 mdl_MH__exp__2 =    15647.508100000001     
 mdl_sqrt__2 =    1.4142135623730951     
 mdl_MW__exp__2 =    6462.0697689999997     
 mdl_MZ__exp__2 =    8315.1783937600012     
 mdl_sth2 =   0.22285855299877133     
 mdl_MH__exp__6 =    3831206449390.3818     
 mdl_MT__exp__6 =    26995248278778.535     
 mdl_MH__exp__4 =    244844509.73956564     
 mdl_MT__exp__4 =    899894403.09759963     
 mdl_MT__exp__2 =    29998.239999999994     
 mdl_LambdaSMEFT__exp__2 =    1000000.0000000000     
 mdl_cth =   0.88155626422890820     
 mdl_sqrt__sth2 =   0.47207896902824564     
 mdl_sth =   0.47207896902824564     
 mdl_MW0__exp__6 =    269845343347.69711     
 mdl_MW0__exp__4 =    41758345.699423708     
 mdl_MW0__exp__2 =    6462.0697689999997     
 mdl_MZ__exp__4 =    69142191.720053151     
 mdl_MZ__exp__6 =    574929658687.79749     
 mdl_cth__exp__2 =   0.77714144700122867     
 mdl_sth__exp__2 =   0.22285855299877130     
 mdl_sth__exp__3 =   0.10520683593878660     
 mdl_cth__exp__3 =   0.68509391079585125     
 mdl_sth__exp__4 =    4.9665934644706158E-002
 mdl_sqrt__Gf =    3.4152291284773265E-003
 mdl_vevhat =    246.21961912951551     
 mdl_lam =   0.12905352724481209     
 mdl_aEW =    7.5614618607353409E-003
 mdl_yb =    2.4008698866559607E-002
 mdl_yc =    5.7437078628133041E-102
 mdl_ydo =    5.7437078628133041E-102
 mdl_ye =    5.7437078628133041E-102
 mdl_ym =    5.7437078628133041E-102
 mdl_ys =    5.7437078628133041E-102
 mdl_yt =   0.99481020183926416     
 mdl_ytau =    1.0206568872219240E-002
 mdl_yup =    5.7437078628133041E-102
 mdl_vevhat__exp__2 =    60624.100844283676     
 mdl_barlam =   0.12905352724481209     
 mdl_vevT =    246.21961912951551     
 mdl_sqrt__aEW =    8.6956666568672819E-002
 mdl_ee =   0.30825335704310214     
 mdl_gwsh =   0.61338418662494298     
 mdl_vev =    246.21961912951551     
 mdl_g1 =   0.34966952144878632     
 mdl_gw =   0.65296989967087182     
 mdl_ee__exp__2 =    9.5020132128342205E-002
 mdl_gHaa =   -1.9303830602986922E-003
 mdl_gHza =   -6.8546472954154700E-003
 mdl_g1sh =   0.34966952144878632     
 mdl_I1d11 =  (  5.7437078628133041E-102,  0.0000000000000000     )
 mdl_I1d22 =  (  5.7437078628133041E-102,  0.0000000000000000     )
 mdl_I1d33 =  (  2.4008698866559607E-002,  0.0000000000000000     )
 mdl_I2d11 =  (  5.7437078628133041E-102,  0.0000000000000000     )
 mdl_I2d22 =  (  5.7437078628133041E-102,  0.0000000000000000     )
 mdl_I2d33 =  ( 0.99481020183926416     ,  0.0000000000000000     )
 mdl_I3d11 =  (  5.7437078628133041E-102,  0.0000000000000000     )
 mdl_I3d22 =  (  5.7437078628133041E-102,  0.0000000000000000     )
 mdl_I3d33 =  (  2.4008698866559607E-002,  0.0000000000000000     )
 mdl_I4d11 =  (  5.7437078628133041E-102,  0.0000000000000000     )
 mdl_I4d22 =  (  5.7437078628133041E-102,  0.0000000000000000     )
 mdl_I4d33 =  ( 0.99481020183926416     ,  0.0000000000000000     )
 mdl_I5d11 =  (  5.7437078628133041E-102,  0.0000000000000000     )
 mdl_I5d22 =  (  5.7437078628133041E-102,  0.0000000000000000     )
 mdl_I5d33 =  (  2.4008698866559607E-002,  0.0000000000000000     )
 mdl_I6d11 =  (  5.7437078628133041E-102,  0.0000000000000000     )
 mdl_I6d22 =  (  5.7437078628133041E-102,  0.0000000000000000     )
 mdl_I6d33 =  ( 0.99481020183926416     ,  0.0000000000000000     )
 mdl_ee__exp__3 =    2.9290274715240611E-002
 mdl_vevhat__exp__3 =    14926843.019948866     
  Internal Params evaluated point by point
  ----------------------------------------
  
 mdl_sqrt__aS =   0.34365680554879169     
 mdl_G__exp__2 =    1.4840883695558185     
 mdl_gHgg =    3.2334372328970845E-003
 mdl_G__exp__3 =  (  1.8079634332366095     ,  0.0000000000000000     )
  Couplings of SMEFTsim_A_U35_MwScheme_UFO_v3_1-cHW_massless
  ---------------------------------
  
         GC_1 =   0.00000E+00   0.10275E+00
         GC_2 =  -0.00000E+00  -0.20550E+00
         GC_3 =  -0.00000E+00  -0.30825E+00
       GC_255 =  -0.00000E+00  -0.42637E+00
       GC_278 =  -0.00000E+00  -0.37035E+00
       GC_280 =  -0.00000E+00  -0.57563E+00
       GC_328 =  -0.00000E+00  -0.55024E-01
       GC_329 =   0.00000E+00   0.11005E+00
       GC_330 =  -0.00000E+00  -0.16507E+00
       GC_387 =   0.00000E+00   0.98488E-03
       GC_400 =   0.00000E+00   0.52490E+02
       GC_809 =  -0.00000E+00  -0.72171E-02
      GC_1073 =  -0.00000E+00  -0.46172E+00

 Collider parameters:
 --------------------

 Running at P P   machine @    13000.000000000000       GeV
 PDF set = lhapdf 
 alpha_s(Mz)= 0.1127 running at 3 loops.
 alpha_s(Mz)= 0.1127 running at 3 loops.
 Renormalization scale set on event-by-event basis
 Factorization   scale set on event-by-event basis


 getting user params
Enter number of events and max and min iterations: 
 Number of events and iterations         2000           8           3
Enter desired fractional accuracy: 
 Desired fractional accuracy:    1.0000000000000000E-002
Enter 0 for fixed, 2 for adjustable grid: 
Suppress amplitude (0 no, 1 yes)? 
 Using suppressed amplitude.
Exact helicity sum (0 yes, n = number/event)? 
 Explicitly summing over helicities
Enter Configuration Number: 
Running Configuration Number:  394
 Using dconfig=          23
 BW Setting            2           1           2           0           0           0
 Attempting mappinvarients           1           8
 Completed mapping           8
 about to integrate           16        2000           8           3          16           1
 Using non-zero grid deformation.
 16 dimensions   2000 events 16 invarients  8 iterations  1 config(s),  (0.99)
 Using h-tuple random number sequence.
 Error opening grid
 Using Uniform Grid!          32
 Using uniform alpha   1.0000000000000000     
 Grid defined OK
 Set CM energy to      13000.00
 Mapping Graph         394  to config         394
Setting grid   1    0.59172E-04   1
 Setting BW          -2           2   80.387000000000000     
Setting grid   3    0.17093E-03   1
Setting grid   4    0.17093E-03   1
Setting grid   5    0.17093E-03   1
 Transforming s_hat 1/s           15   1.7092947600000000E-004   10000.000000000000        168999999.99999997     
 394   1   2   3   4   5   6   7   8   9  10  11  12  13  14
  15  16
 Masses: 0.000E+00 0.000E+00 0.000E+00 0.000E+00 0.000E+00 0.000E+00 0.000E+00 0.000E+00
Using random seed offsets   394 :      3
  with seed                   24
 Ranmar initialization seeds         124        9400
 
 ********************************************
 * You are using the DiscreteSampler module *
 *      part of the MG5_aMC framework       *
 *         Author: Valentin Hirschi         *
 ********************************************
 
  Particle       3       4       5       6       7       8
      Et >     0.0     0.0     0.0     0.0    10.0    10.0
       E >     0.0     0.0     0.0     0.0     0.0     0.0
     Eta <    -1.0    -1.0    -1.0    -1.0     6.5     6.5
   xqcut:      0.0     0.0     0.0     0.0     0.0     0.0
d R # 3  >    -0.0     0.4     0.0     0.0     0.4     0.4
d R # 4  >    -0.0    -0.0     0.0     0.0     0.4     0.4
d R # 5  >    -0.0    -0.0    -0.0     0.0     0.0     0.0
d R # 6  >    -0.0    -0.0    -0.0    -0.0     0.0     0.0
d R # 7  >    -0.0    -0.0    -0.0    -0.0    -0.0     0.4
s min # 3>     0.0     0.0     0.0     0.0     0.0     0.0
s min # 4>     0.0     0.0     0.0     0.0     0.0     0.0
s min # 5>     0.0     0.0     0.0     0.0     0.0     0.0
s min # 6>     0.0     0.0     0.0     0.0     0.0     0.0
s min # 7>     0.0     0.0     0.0     0.0     0.0 10000.0
xqcutij # 3>     0.0     0.0     0.0     0.0     0.0     0.0
xqcutij # 4>     0.0     0.0     0.0     0.0     0.0     0.0
xqcutij # 5>     0.0     0.0     0.0     0.0     0.0     0.0
xqcutij # 6>     0.0     0.0     0.0     0.0     0.0     0.0
xqcutij # 7>     0.0     0.0     0.0     0.0     0.0     0.0
 Excluding BW           -1           1
 Requiring BW           -2           2
 Excluding BW           -5           3
 alpha_s for scale    86.934117093091601       is   0.11351938173371989     
 Added good helicity          193   256.00000000000000       in event            1 local:           1
 Added good helicity          193   256.00000000000000       in event            1 local:           1
 RESET CUMULATIVE VARIABLE
 RESET CUMULATIVE VARIABLE
 RESET CUMULATIVE VARIABLE
 Warning: Too low fact scales:    1.5887768396530717        75.931800651583799     
 Warning: Too low fact scales:    1.5887768396530717        75.931800651583799     
 Warning: Too low fact scales:    1.5887768396530717        75.931800651583799     
 Warning: Too low fact scales:    1.9262285011829463        24.407524849609821     
 Warning: Too low fact scales:    1.9262285011829463        24.407524849609821     
 Warning: Too low fact scales:    1.9262285011829463        24.407524849609821     
 Warning: Too low fact scales:   0.42258428308498031        16.996360983569975     
 Warning: Too low fact scales:   0.42258428308498031        16.996360983569975     
 Warning: Too low fact scales:   0.42258428308498031        16.996360983569975     
 Warning: Too low fact scales:    38.114438886748090        1.6398995865990511     
 Warning: Too low fact scales:    38.114438886748090        1.6398995865990511     
 No more warnings written out this run.
 Iteration  1   Mean: 0.1147E-10 Abs mean: 0.1325E-10   Fluctuation:  0.113E-10   0.225E-07    28.6%
  1    0.1147E-10 0.1325E-10 +- 0.1129E-10     38.09
 Writing out events   2.8992189085606385E-015   38.085585639413573     
 Relative summed weights:
  0.0000E+00  0.0000E+00  0.1141E-02  0.2301E-03  0.0000E+00  0.0000E+00  0.0000E+00  0.0000E+00  0.0000E+00  0.0000E+00  0.8891E-05  0.1985E-02  0.6519E-03  0.9336E+00  0.0000E+00  0.0000E+00  0.0000E+00  0.0000E+00  0.0000E+00  0.0000E+00  0.0000E+00  0.0000E+00  0.2273E-02  0.6264E-02  0.0000E+00  0.0000E+00  0.0000E+00  0.0000E+00  0.8725E-08  0.1203E-04  0.0000E+00  0.0000E+00
  0.0000E+00  0.0000E+00  0.1357E-03  0.8472E-05  0.0000E+00  0.0000E+00  0.0000E+00  0.0000E+00  0.0000E+00  0.0000E+00  0.2043E-04  0.1741E-02  0.0000E+00  0.0000E+00  0.0000E+00  0.0000E+00  0.0000E+00  0.0000E+00  0.0000E+00  0.0000E+00  0.0000E+00  0.0000E+00  0.0000E+00  0.0000E+00  0.0000E+00  0.0000E+00  0.0000E+00  0.0000E+00  0.0000E+00  0.0000E+00  0.0000E+00  0.0000E+00
  0.0000E+00  0.0000E+00  0.5211E-03  0.8881E-03  0.0000E+00  0.0000E+00  0.0000E+00  0.0000E+00  0.0000E+00  0.0000E+00  0.7524E-04  0.1916E-04  0.0000E+00  0.0000E+00  0.0000E+00  0.0000E+00  0.0000E+00  0.0000E+00  0.0000E+00  0.0000E+00  0.0000E+00  0.0000E+00  0.0000E+00  0.0000E+00  0.0000E+00  0.0000E+00  0.0000E+00  0.0000E+00  0.0000E+00  0.0000E+00  0.0000E+00  0.0000E+00
  0.0000E+00  0.0000E+00  0.8498E-04  0.3489E-02  0.0000E+00  0.0000E+00  0.0000E+00  0.0000E+00  0.0000E+00  0.0000E+00  0.4111E-06  0.4379E-03  0.4096E-02  0.1210E-02  0.0000E+00  0.0000E+00  0.0000E+00  0.0000E+00  0.0000E+00  0.0000E+00  0.0000E+00  0.0000E+00  0.3265E-01  0.1362E-02  0.0000E+00  0.0000E+00  0.0000E+00  0.0000E+00  0.6287E-02  0.8455E-03  0.0000E+00  0.0000E+00
 Relative number of events:
  0.0000E+00  0.0000E+00  0.3515E-01  0.4130E-01  0.0000E+00  0.0000E+00  0.0000E+00  0.0000E+00  0.0000E+00  0.0000E+00  0.2285E-01  0.1670E-01  0.8524E-01  0.8436E-01  0.0000E+00  0.0000E+00  0.0000E+00  0.0000E+00  0.0000E+00  0.0000E+00  0.0000E+00  0.0000E+00  0.4394E-01  0.3427E-01  0.0000E+00  0.0000E+00  0.0000E+00  0.0000E+00  0.5272E-02  0.4394E-02  0.0000E+00  0.0000E+00
  0.0000E+00  0.0000E+00  0.4569E-01  0.3779E-01  0.0000E+00  0.0000E+00  0.0000E+00  0.0000E+00  0.0000E+00  0.0000E+00  0.1582E-01  0.1845E-01  0.0000E+00  0.0000E+00  0.0000E+00  0.0000E+00  0.0000E+00  0.0000E+00  0.0000E+00  0.0000E+00  0.0000E+00  0.0000E+00  0.0000E+00  0.0000E+00  0.0000E+00  0.0000E+00  0.0000E+00  0.0000E+00  0.0000E+00  0.0000E+00  0.0000E+00  0.0000E+00
  0.0000E+00  0.0000E+00  0.4745E-01  0.4394E-01  0.0000E+00  0.0000E+00  0.0000E+00  0.0000E+00  0.0000E+00  0.0000E+00  0.1494E-01  0.1757E-01  0.0000E+00  0.0000E+00  0.0000E+00  0.0000E+00  0.0000E+00  0.0000E+00  0.0000E+00  0.0000E+00  0.0000E+00  0.0000E+00  0.0000E+00  0.0000E+00  0.0000E+00  0.0000E+00  0.0000E+00  0.0000E+00  0.0000E+00  0.0000E+00  0.0000E+00  0.0000E+00
  0.0000E+00  0.0000E+00  0.4130E-01  0.3779E-01  0.0000E+00  0.0000E+00  0.0000E+00  0.0000E+00  0.0000E+00  0.0000E+00  0.1845E-01  0.1757E-01  0.8084E-01  0.9754E-01  0.0000E+00  0.0000E+00  0.0000E+00  0.0000E+00  0.0000E+00  0.0000E+00  0.0000E+00  0.0000E+00  0.4569E-01  0.3339E-01  0.0000E+00  0.0000E+00  0.0000E+00  0.0000E+00  0.7909E-02  0.4394E-02  0.0000E+00  0.0000E+00
 Events:
           0           0          40          47           0           0           0           0           0           0          26          19          97          96           0           0           0           0           0           0           0           0          50          39           0           0           0           0           6           5           0           0
           0           0          52          43           0           0           0           0           0           0          18          21           0           0           0           0           0           0           0           0           0           0           0           0           0           0           0           0           0           0           0           0
           0           0          54          50           0           0           0           0           0           0          17          20           0           0           0           0           0           0           0           0           0           0           0           0           0           0           0           0           0           0           0           0
           0           0          47          43           0           0           0           0           0           0          21          20          92         111           0           0           0           0           0           0           0           0          52          38           0           0           0           0           9           5           0           0
 Iteration  2   Mean: 0.3683E-12 Abs mean: 0.1081E-11   Fluctuation:  0.280E-12   0.628E-09    77.0%
  2    0.3683E-12 0.1081E-11 +- 0.2796E-12     16.36
 Relative summed weights:
  0.0000E+00  0.0000E+00  0.2222E-01  0.7479E-01  0.0000E+00  0.0000E+00  0.0000E+00  0.0000E+00  0.0000E+00  0.0000E+00  0.9588E-03  0.4208E-03  0.7510E-02  0.1796E+00  0.0000E+00  0.0000E+00  0.0000E+00  0.0000E+00  0.0000E+00  0.0000E+00  0.0000E+00  0.0000E+00  0.1451E+00  0.6738E-02  0.0000E+00  0.0000E+00  0.0000E+00  0.0000E+00  0.1274E-03  0.2589E-07  0.0000E+00  0.0000E+00
  0.0000E+00  0.0000E+00  0.7090E-01  0.3215E-01  0.0000E+00  0.0000E+00  0.0000E+00  0.0000E+00  0.0000E+00  0.0000E+00  0.1780E-01  0.8203E-02  0.0000E+00  0.0000E+00  0.0000E+00  0.0000E+00  0.0000E+00  0.0000E+00  0.0000E+00  0.0000E+00  0.0000E+00  0.0000E+00  0.0000E+00  0.0000E+00  0.0000E+00  0.0000E+00  0.0000E+00  0.0000E+00  0.0000E+00  0.0000E+00  0.0000E+00  0.0000E+00
  0.0000E+00  0.0000E+00  0.3394E-01  0.1573E-01  0.0000E+00  0.0000E+00  0.0000E+00  0.0000E+00  0.0000E+00  0.0000E+00  0.2030E+00  0.1221E-01  0.0000E+00  0.0000E+00  0.0000E+00  0.0000E+00  0.0000E+00  0.0000E+00  0.0000E+00  0.0000E+00  0.0000E+00  0.0000E+00  0.0000E+00  0.0000E+00  0.0000E+00  0.0000E+00  0.0000E+00  0.0000E+00  0.0000E+00  0.0000E+00  0.0000E+00  0.0000E+00
  0.0000E+00  0.0000E+00  0.6390E-02  0.3150E-02  0.0000E+00  0.0000E+00  0.0000E+00  0.0000E+00  0.0000E+00  0.0000E+00  0.6023E-02  0.1535E-01  0.3711E-01  0.5065E-01  0.0000E+00  0.0000E+00  0.0000E+00  0.0000E+00  0.0000E+00  0.0000E+00  0.0000E+00  0.0000E+00  0.3195E-01  0.1797E-01  0.0000E+00  0.0000E+00  0.0000E+00  0.0000E+00  0.1902E-04  0.5414E-06  0.0000E+00  0.0000E+00
 Relative number of events:
  0.0000E+00  0.0000E+00  0.4152E-01  0.3409E-01  0.0000E+00  0.0000E+00  0.0000E+00  0.0000E+00  0.0000E+00  0.0000E+00  0.2448E-01  0.1879E-01  0.8654E-01  0.9222E-01  0.0000E+00  0.0000E+00  0.0000E+00  0.0000E+00  0.0000E+00  0.0000E+00  0.0000E+00  0.0000E+00  0.4283E-01  0.4545E-01  0.0000E+00  0.0000E+00  0.0000E+00  0.0000E+00  0.6119E-02  0.8741E-03  0.0000E+00  0.0000E+00
  0.0000E+00  0.0000E+00  0.3628E-01  0.3977E-01  0.0000E+00  0.0000E+00  0.0000E+00  0.0000E+00  0.0000E+00  0.0000E+00  0.1661E-01  0.2010E-01  0.0000E+00  0.0000E+00  0.0000E+00  0.0000E+00  0.0000E+00  0.0000E+00  0.0000E+00  0.0000E+00  0.0000E+00  0.0000E+00  0.0000E+00  0.0000E+00  0.0000E+00  0.0000E+00  0.0000E+00  0.0000E+00  0.0000E+00  0.0000E+00  0.0000E+00  0.0000E+00
  0.0000E+00  0.0000E+00  0.3322E-01  0.4502E-01  0.0000E+00  0.0000E+00  0.0000E+00  0.0000E+00  0.0000E+00  0.0000E+00  0.2054E-01  0.2142E-01  0.0000E+00  0.0000E+00  0.0000E+00  0.0000E+00  0.0000E+00  0.0000E+00  0.0000E+00  0.0000E+00  0.0000E+00  0.0000E+00  0.0000E+00  0.0000E+00  0.0000E+00  0.0000E+00  0.0000E+00  0.0000E+00  0.0000E+00  0.0000E+00  0.0000E+00  0.0000E+00
  0.0000E+00  0.0000E+00  0.3497E-01  0.4065E-01  0.0000E+00  0.0000E+00  0.0000E+00  0.0000E+00  0.0000E+00  0.0000E+00  0.1442E-01  0.2142E-01  0.8348E-01  0.8523E-01  0.0000E+00  0.0000E+00  0.0000E+00  0.0000E+00  0.0000E+00  0.0000E+00  0.0000E+00  0.0000E+00  0.4720E-01  0.4108E-01  0.0000E+00  0.0000E+00  0.0000E+00  0.0000E+00  0.2185E-02  0.3497E-02  0.0000E+00  0.0000E+00
 Events:
           0           0          95          78           0           0           0           0           0           0          56          43         198         211           0           0           0           0           0           0           0           0          98         104           0           0           0           0          14           2           0           0
           0           0          83          91           0           0           0           0           0           0          38          46           0           0           0           0           0           0           0           0           0           0           0           0           0           0           0           0           0           0           0           0
           0           0          76         103           0           0           0           0           0           0          47          49           0           0           0           0           0           0           0           0           0           0           0           0           0           0           0           0           0           0           0           0
           0           0          80          93           0           0           0           0           0           0          33          49         191         195           0           0           0           0           0           0           0           0         108          94           0           0           0           0           5           8           0           0
 Iteration  3   Mean: 0.3744E-11 Abs mean: 0.9097E-11   Fluctuation:  0.219E-11   0.929E-08    80.7%
  3    0.3744E-11 0.9097E-11 +- 0.2195E-11     21.58
 Relative summed weights:
  0.0000E+00  0.0000E+00  0.9219E-01  0.8295E-02  0.0000E+00  0.0000E+00  0.0000E+00  0.0000E+00  0.0000E+00  0.0000E+00  0.2265E-02  0.4986E-01  0.1156E+00  0.1753E-01  0.0000E+00  0.0000E+00  0.0000E+00  0.0000E+00  0.0000E+00  0.0000E+00  0.0000E+00  0.0000E+00  0.2978E-01  0.2064E+00  0.0000E+00  0.0000E+00  0.0000E+00  0.0000E+00  0.5867E-03  0.9931E-03  0.0000E+00  0.0000E+00
  0.0000E+00  0.0000E+00  0.8175E-02  0.3978E-02  0.0000E+00  0.0000E+00  0.0000E+00  0.0000E+00  0.0000E+00  0.0000E+00  0.1977E-02  0.1200E-01  0.0000E+00  0.0000E+00  0.0000E+00  0.0000E+00  0.0000E+00  0.0000E+00  0.0000E+00  0.0000E+00  0.0000E+00  0.0000E+00  0.0000E+00  0.0000E+00  0.0000E+00  0.0000E+00  0.0000E+00  0.0000E+00  0.0000E+00  0.0000E+00  0.0000E+00  0.0000E+00
  0.0000E+00  0.0000E+00  0.2066E-02  0.9254E-02  0.0000E+00  0.0000E+00  0.0000E+00  0.0000E+00  0.0000E+00  0.0000E+00  0.2594E-01  0.1711E-02  0.0000E+00  0.0000E+00  0.0000E+00  0.0000E+00  0.0000E+00  0.0000E+00  0.0000E+00  0.0000E+00  0.0000E+00  0.0000E+00  0.0000E+00  0.0000E+00  0.0000E+00  0.0000E+00  0.0000E+00  0.0000E+00  0.0000E+00  0.0000E+00  0.0000E+00  0.0000E+00
  0.0000E+00  0.0000E+00  0.3315E-02  0.4821E-01  0.0000E+00  0.0000E+00  0.0000E+00  0.0000E+00  0.0000E+00  0.0000E+00  0.5589E-02  0.1688E-01  0.6049E-02  0.1344E+00  0.0000E+00  0.0000E+00  0.0000E+00  0.0000E+00  0.0000E+00  0.0000E+00  0.0000E+00  0.0000E+00  0.1802E-01  0.1781E+00  0.0000E+00  0.0000E+00  0.0000E+00  0.0000E+00  0.5003E-05  0.8803E-03  0.0000E+00  0.0000E+00
 Relative number of events:
  0.0000E+00  0.0000E+00  0.4127E-01  0.3941E-01  0.0000E+00  0.0000E+00  0.0000E+00  0.0000E+00  0.0000E+00  0.0000E+00  0.2229E-01  0.1754E-01  0.8915E-01  0.8296E-01  0.0000E+00  0.0000E+00  0.0000E+00  0.0000E+00  0.0000E+00  0.0000E+00  0.0000E+00  0.0000E+00  0.4148E-01  0.3859E-01  0.0000E+00  0.0000E+00  0.0000E+00  0.0000E+00  0.2064E-02  0.3302E-02  0.0000E+00  0.0000E+00
  0.0000E+00  0.0000E+00  0.3962E-01  0.4148E-01  0.0000E+00  0.0000E+00  0.0000E+00  0.0000E+00  0.0000E+00  0.0000E+00  0.1898E-01  0.1733E-01  0.0000E+00  0.0000E+00  0.0000E+00  0.0000E+00  0.0000E+00  0.0000E+00  0.0000E+00  0.0000E+00  0.0000E+00  0.0000E+00  0.0000E+00  0.0000E+00  0.0000E+00  0.0000E+00  0.0000E+00  0.0000E+00  0.0000E+00  0.0000E+00  0.0000E+00  0.0000E+00
  0.0000E+00  0.0000E+00  0.3632E-01  0.4684E-01  0.0000E+00  0.0000E+00  0.0000E+00  0.0000E+00  0.0000E+00  0.0000E+00  0.1465E-01  0.1775E-01  0.0000E+00  0.0000E+00  0.0000E+00  0.0000E+00  0.0000E+00  0.0000E+00  0.0000E+00  0.0000E+00  0.0000E+00  0.0000E+00  0.0000E+00  0.0000E+00  0.0000E+00  0.0000E+00  0.0000E+00  0.0000E+00  0.0000E+00  0.0000E+00  0.0000E+00  0.0000E+00
  0.0000E+00  0.0000E+00  0.3921E-01  0.3735E-01  0.0000E+00  0.0000E+00  0.0000E+00  0.0000E+00  0.0000E+00  0.0000E+00  0.1775E-01  0.2146E-01  0.9389E-01  0.8419E-01  0.0000E+00  0.0000E+00  0.0000E+00  0.0000E+00  0.0000E+00  0.0000E+00  0.0000E+00  0.0000E+00  0.4045E-01  0.4829E-01  0.0000E+00  0.0000E+00  0.0000E+00  0.0000E+00  0.3095E-02  0.3302E-02  0.0000E+00  0.0000E+00
 Events:
           0           0         200         191           0           0           0           0           0           0         108          85         432         402           0           0           0           0           0           0           0           0         201         187           0           0           0           0          10          16           0           0
           0           0         192         201           0           0           0           0           0           0          92          84           0           0           0           0           0           0           0           0           0           0           0           0           0           0           0           0           0           0           0           0
           0           0         176         227           0           0           0           0           0           0          71          86           0           0           0           0           0           0           0           0           0           0           0           0           0           0           0           0           0           0           0           0
           0           0         190         181           0           0           0           0           0           0          86         104         455         408           0           0           0           0           0           0           0           0         196         234           0           0           0           0          15          16           0           0
 Accuracy:    0.524   0.010   0.173   9.194
 Found          484  events.
 Wrote            5  events.
 Actual xsec    2.5558015003049471E-012
 Correct abs xsec    5.6923449028192140E-012
 Event xsec    5.6923449028192149E-012
 Events wgts > 1:            1
 % Cross section > 1:    6.2606932323029675E-014   1.0998443241206748     
 Iteration  4   Mean: 0.5590E-12 Abs mean: 0.7723E-11   Fluctuation:  0.183E-11   0.268E-07    82.7%
  4    0.5590E-12 0.7723E-11 +- 0.1835E-11     30.05
 Relative summed weights:
  0.0000E+00  0.0000E+00  0.1043E+00  0.1789E-01  0.0000E+00  0.0000E+00  0.0000E+00  0.0000E+00  0.0000E+00  0.0000E+00  0.1675E-01  0.9629E-02  0.4886E-01  0.4337E-01  0.0000E+00  0.0000E+00  0.0000E+00  0.0000E+00  0.0000E+00  0.0000E+00  0.0000E+00  0.0000E+00  0.8649E-01  0.2339E-01  0.0000E+00  0.0000E+00  0.0000E+00  0.0000E+00  0.2007E-02  0.8692E-02  0.0000E+00  0.0000E+00
  0.0000E+00  0.0000E+00  0.1425E-01  0.5244E-01  0.0000E+00  0.0000E+00  0.0000E+00  0.0000E+00  0.0000E+00  0.0000E+00  0.3653E-01  0.9675E-01  0.0000E+00  0.0000E+00  0.0000E+00  0.0000E+00  0.0000E+00  0.0000E+00  0.0000E+00  0.0000E+00  0.0000E+00  0.0000E+00  0.0000E+00  0.0000E+00  0.0000E+00  0.0000E+00  0.0000E+00  0.0000E+00  0.0000E+00  0.0000E+00  0.0000E+00  0.0000E+00
  0.0000E+00  0.0000E+00  0.3667E-01  0.3477E-01  0.0000E+00  0.0000E+00  0.0000E+00  0.0000E+00  0.0000E+00  0.0000E+00  0.2793E-01  0.7802E-02  0.0000E+00  0.0000E+00  0.0000E+00  0.0000E+00  0.0000E+00  0.0000E+00  0.0000E+00  0.0000E+00  0.0000E+00  0.0000E+00  0.0000E+00  0.0000E+00  0.0000E+00  0.0000E+00  0.0000E+00  0.0000E+00  0.0000E+00  0.0000E+00  0.0000E+00  0.0000E+00
  0.0000E+00  0.0000E+00  0.1503E-01  0.1385E-01  0.0000E+00  0.0000E+00  0.0000E+00  0.0000E+00  0.0000E+00  0.0000E+00  0.3239E-01  0.3890E-01  0.4396E-01  0.4610E-01  0.0000E+00  0.0000E+00  0.0000E+00  0.0000E+00  0.0000E+00  0.0000E+00  0.0000E+00  0.0000E+00  0.3937E-01  0.9801E-01  0.0000E+00  0.0000E+00  0.0000E+00  0.0000E+00  0.3533E-02  0.3749E-03  0.0000E+00  0.0000E+00
 Relative number of events:
  0.0000E+00  0.0000E+00  0.3853E-01  0.3904E-01  0.0000E+00  0.0000E+00  0.0000E+00  0.0000E+00  0.0000E+00  0.0000E+00  0.2002E-01  0.2043E-01  0.9153E-01  0.8809E-01  0.0000E+00  0.0000E+00  0.0000E+00  0.0000E+00  0.0000E+00  0.0000E+00  0.0000E+00  0.0000E+00  0.4278E-01  0.4187E-01  0.0000E+00  0.0000E+00  0.0000E+00  0.0000E+00  0.1517E-02  0.1618E-02  0.0000E+00  0.0000E+00
  0.0000E+00  0.0000E+00  0.3681E-01  0.3712E-01  0.0000E+00  0.0000E+00  0.0000E+00  0.0000E+00  0.0000E+00  0.0000E+00  0.1901E-01  0.2023E-01  0.0000E+00  0.0000E+00  0.0000E+00  0.0000E+00  0.0000E+00  0.0000E+00  0.0000E+00  0.0000E+00  0.0000E+00  0.0000E+00  0.0000E+00  0.0000E+00  0.0000E+00  0.0000E+00  0.0000E+00  0.0000E+00  0.0000E+00  0.0000E+00  0.0000E+00  0.0000E+00
  0.0000E+00  0.0000E+00  0.3621E-01  0.4066E-01  0.0000E+00  0.0000E+00  0.0000E+00  0.0000E+00  0.0000E+00  0.0000E+00  0.2002E-01  0.1841E-01  0.0000E+00  0.0000E+00  0.0000E+00  0.0000E+00  0.0000E+00  0.0000E+00  0.0000E+00  0.0000E+00  0.0000E+00  0.0000E+00  0.0000E+00  0.0000E+00  0.0000E+00  0.0000E+00  0.0000E+00  0.0000E+00  0.0000E+00  0.0000E+00  0.0000E+00  0.0000E+00
  0.0000E+00  0.0000E+00  0.4066E-01  0.3550E-01  0.0000E+00  0.0000E+00  0.0000E+00  0.0000E+00  0.0000E+00  0.0000E+00  0.1932E-01  0.1861E-01  0.9183E-01  0.8687E-01  0.0000E+00  0.0000E+00  0.0000E+00  0.0000E+00  0.0000E+00  0.0000E+00  0.0000E+00  0.0000E+00  0.4440E-01  0.4551E-01  0.0000E+00  0.0000E+00  0.0000E+00  0.0000E+00  0.1820E-02  0.1618E-02  0.0000E+00  0.0000E+00
 Events:
           0           0         381         386           0           0           0           0           0           0         198         202         905         871           0           0           0           0           0           0           0           0         423         414           0           0           0           0          15          16           0           0
           0           0         364         367           0           0           0           0           0           0         188         200           0           0           0           0           0           0           0           0           0           0           0           0           0           0           0           0           0           0           0           0
           0           0         358         402           0           0           0           0           0           0         198         182           0           0           0           0           0           0           0           0           0           0           0           0           0           0           0           0           0           0           0           0
           0           0         402         351           0           0           0           0           0           0         191         184         908         859           0           0           0           0           0           0           0           0         439         450           0           0           0           0          18          16           0           0
 Accuracy:    0.320   0.010   0.140   5.246
 Found          517  events.
 Wrote            4  events.
 Actual xsec    1.5993904186864747E-012
 Correct abs xsec    6.2051030540774035E-012
 Event xsec    6.2051030540774035E-012
 Events wgts > 1:            0
 % Cross section > 1:    0.0000000000000000        0.0000000000000000     
 Iteration  5   Mean: 0.3107E-11 Abs mean: 0.6776E-11   Fluctuation:  0.425E-12   0.715E-08    81.8%
  5    0.3107E-11 0.6776E-11 +- 0.4250E-12     11.22
 Relative summed weights:
  0.0000E+00  0.0000E+00  0.2732E-01  0.2530E-01  0.0000E+00  0.0000E+00  0.0000E+00  0.0000E+00  0.0000E+00  0.0000E+00  0.2182E-01  0.2772E-01  0.5289E-01  0.5220E-01  0.0000E+00  0.0000E+00  0.0000E+00  0.0000E+00  0.0000E+00  0.0000E+00  0.0000E+00  0.0000E+00  0.6927E-01  0.4221E-01  0.0000E+00  0.0000E+00  0.0000E+00  0.0000E+00  0.3783E-03  0.6852E-03  0.0000E+00  0.0000E+00
  0.0000E+00  0.0000E+00  0.2547E-01  0.3060E-01  0.0000E+00  0.0000E+00  0.0000E+00  0.0000E+00  0.0000E+00  0.0000E+00  0.1833E-01  0.3324E-01  0.0000E+00  0.0000E+00  0.0000E+00  0.0000E+00  0.0000E+00  0.0000E+00  0.0000E+00  0.0000E+00  0.0000E+00  0.0000E+00  0.0000E+00  0.0000E+00  0.0000E+00  0.0000E+00  0.0000E+00  0.0000E+00  0.0000E+00  0.0000E+00  0.0000E+00  0.0000E+00
  0.0000E+00  0.0000E+00  0.4283E-01  0.7696E-01  0.0000E+00  0.0000E+00  0.0000E+00  0.0000E+00  0.0000E+00  0.0000E+00  0.3322E-01  0.5536E-01  0.0000E+00  0.0000E+00  0.0000E+00  0.0000E+00  0.0000E+00  0.0000E+00  0.0000E+00  0.0000E+00  0.0000E+00  0.0000E+00  0.0000E+00  0.0000E+00  0.0000E+00  0.0000E+00  0.0000E+00  0.0000E+00  0.0000E+00  0.0000E+00  0.0000E+00  0.0000E+00
  0.0000E+00  0.0000E+00  0.3048E-01  0.2926E-01  0.0000E+00  0.0000E+00  0.0000E+00  0.0000E+00  0.0000E+00  0.0000E+00  0.1392E-01  0.4926E-01  0.7555E-01  0.5519E-01  0.0000E+00  0.0000E+00  0.0000E+00  0.0000E+00  0.0000E+00  0.0000E+00  0.0000E+00  0.0000E+00  0.6091E-01  0.4696E-01  0.0000E+00  0.0000E+00  0.0000E+00  0.0000E+00  0.6726E-03  0.1980E-02  0.0000E+00  0.0000E+00
 Relative number of events:
  0.0000E+00  0.0000E+00  0.3993E-01  0.3794E-01  0.0000E+00  0.0000E+00  0.0000E+00  0.0000E+00  0.0000E+00  0.0000E+00  0.2128E-01  0.1919E-01  0.9026E-01  0.8652E-01  0.0000E+00  0.0000E+00  0.0000E+00  0.0000E+00  0.0000E+00  0.0000E+00  0.0000E+00  0.0000E+00  0.4125E-01  0.4338E-01  0.0000E+00  0.0000E+00  0.0000E+00  0.0000E+00  0.1700E-02  0.1603E-02  0.0000E+00  0.0000E+00
  0.0000E+00  0.0000E+00  0.3760E-01  0.3921E-01  0.0000E+00  0.0000E+00  0.0000E+00  0.0000E+00  0.0000E+00  0.0000E+00  0.1885E-01  0.2031E-01  0.0000E+00  0.0000E+00  0.0000E+00  0.0000E+00  0.0000E+00  0.0000E+00  0.0000E+00  0.0000E+00  0.0000E+00  0.0000E+00  0.0000E+00  0.0000E+00  0.0000E+00  0.0000E+00  0.0000E+00  0.0000E+00  0.0000E+00  0.0000E+00  0.0000E+00  0.0000E+00
  0.0000E+00  0.0000E+00  0.4023E-01  0.3750E-01  0.0000E+00  0.0000E+00  0.0000E+00  0.0000E+00  0.0000E+00  0.0000E+00  0.2045E-01  0.1943E-01  0.0000E+00  0.0000E+00  0.0000E+00  0.0000E+00  0.0000E+00  0.0000E+00  0.0000E+00  0.0000E+00  0.0000E+00  0.0000E+00  0.0000E+00  0.0000E+00  0.0000E+00  0.0000E+00  0.0000E+00  0.0000E+00  0.0000E+00  0.0000E+00  0.0000E+00  0.0000E+00
  0.0000E+00  0.0000E+00  0.3862E-01  0.3784E-01  0.0000E+00  0.0000E+00  0.0000E+00  0.0000E+00  0.0000E+00  0.0000E+00  0.1987E-01  0.2031E-01  0.9065E-01  0.8725E-01  0.0000E+00  0.0000E+00  0.0000E+00  0.0000E+00  0.0000E+00  0.0000E+00  0.0000E+00  0.0000E+00  0.4435E-01  0.4037E-01  0.0000E+00  0.0000E+00  0.0000E+00  0.0000E+00  0.2138E-02  0.1943E-02  0.0000E+00  0.0000E+00
 Events:
           0           0         822         781           0           0           0           0           0           0         438         395        1858        1781           0           0           0           0           0           0           0           0         849         893           0           0           0           0          35          33           0           0
           0           0         774         807           0           0           0           0           0           0         388         418           0           0           0           0           0           0           0           0           0           0           0           0           0           0           0           0           0           0           0           0
           0           0         828         772           0           0           0           0           0           0         421         400           0           0           0           0           0           0           0           0           0           0           0           0           0           0           0           0           0           0           0           0
           0           0         795         779           0           0           0           0           0           0         409         418        1866        1796           0           0           0           0           0           0           0           0         913         831           0           0           0           0          44          40           0           0
 Accuracy:    0.109   0.010   0.057   3.605
 Found         1696  events.
 Wrote           32  events.
 Actual xsec    2.9885922672025880E-012
 Correct abs xsec    6.9723336064586926E-012
 Event xsec    6.9723336064586958E-012
 Events wgts > 1:            2
 % Cross section > 1:    7.6003815853304081E-014   1.0900771555580662     
 Iteration  6   Mean: 0.3197E-11 Abs mean: 0.6654E-11   Fluctuation:  0.233E-12   0.892E-08    82.1%
  6    0.3197E-11 0.6654E-11 +- 0.2334E-12      8.87
 Relative summed weights:
  0.0000E+00  0.0000E+00  0.3288E-01  0.3088E-01  0.0000E+00  0.0000E+00  0.0000E+00  0.0000E+00  0.0000E+00  0.0000E+00  0.2624E-01  0.3207E-01  0.5658E-01  0.4732E-01  0.0000E+00  0.0000E+00  0.0000E+00  0.0000E+00  0.0000E+00  0.0000E+00  0.0000E+00  0.0000E+00  0.6429E-01  0.6589E-01  0.0000E+00  0.0000E+00  0.0000E+00  0.0000E+00  0.4350E-02  0.2140E-02  0.0000E+00  0.0000E+00
  0.0000E+00  0.0000E+00  0.2191E-01  0.2457E-01  0.0000E+00  0.0000E+00  0.0000E+00  0.0000E+00  0.0000E+00  0.0000E+00  0.4944E-01  0.3896E-01  0.0000E+00  0.0000E+00  0.0000E+00  0.0000E+00  0.0000E+00  0.0000E+00  0.0000E+00  0.0000E+00  0.0000E+00  0.0000E+00  0.0000E+00  0.0000E+00  0.0000E+00  0.0000E+00  0.0000E+00  0.0000E+00  0.0000E+00  0.0000E+00  0.0000E+00  0.0000E+00
  0.0000E+00  0.0000E+00  0.2611E-01  0.5290E-01  0.0000E+00  0.0000E+00  0.0000E+00  0.0000E+00  0.0000E+00  0.0000E+00  0.2624E-01  0.2551E-01  0.0000E+00  0.0000E+00  0.0000E+00  0.0000E+00  0.0000E+00  0.0000E+00  0.0000E+00  0.0000E+00  0.0000E+00  0.0000E+00  0.0000E+00  0.0000E+00  0.0000E+00  0.0000E+00  0.0000E+00  0.0000E+00  0.0000E+00  0.0000E+00  0.0000E+00  0.0000E+00
  0.0000E+00  0.0000E+00  0.4486E-01  0.2079E-01  0.0000E+00  0.0000E+00  0.0000E+00  0.0000E+00  0.0000E+00  0.0000E+00  0.3507E-01  0.3821E-01  0.5965E-01  0.5667E-01  0.0000E+00  0.0000E+00  0.0000E+00  0.0000E+00  0.0000E+00  0.0000E+00  0.0000E+00  0.0000E+00  0.5365E-01  0.5795E-01  0.0000E+00  0.0000E+00  0.0000E+00  0.0000E+00  0.3157E-02  0.1731E-02  0.0000E+00  0.0000E+00
 Relative number of events:
  0.0000E+00  0.0000E+00  0.3875E-01  0.3882E-01  0.0000E+00  0.0000E+00  0.0000E+00  0.0000E+00  0.0000E+00  0.0000E+00  0.1941E-01  0.2034E-01  0.8653E-01  0.8821E-01  0.0000E+00  0.0000E+00  0.0000E+00  0.0000E+00  0.0000E+00  0.0000E+00  0.0000E+00  0.0000E+00  0.4597E-01  0.4191E-01  0.0000E+00  0.0000E+00  0.0000E+00  0.0000E+00  0.1996E-02  0.2067E-02  0.0000E+00  0.0000E+00
  0.0000E+00  0.0000E+00  0.3880E-01  0.3849E-01  0.0000E+00  0.0000E+00  0.0000E+00  0.0000E+00  0.0000E+00  0.0000E+00  0.1941E-01  0.2043E-01  0.0000E+00  0.0000E+00  0.0000E+00  0.0000E+00  0.0000E+00  0.0000E+00  0.0000E+00  0.0000E+00  0.0000E+00  0.0000E+00  0.0000E+00  0.0000E+00  0.0000E+00  0.0000E+00  0.0000E+00  0.0000E+00  0.0000E+00  0.0000E+00  0.0000E+00  0.0000E+00
  0.0000E+00  0.0000E+00  0.3911E-01  0.3799E-01  0.0000E+00  0.0000E+00  0.0000E+00  0.0000E+00  0.0000E+00  0.0000E+00  0.2012E-01  0.2053E-01  0.0000E+00  0.0000E+00  0.0000E+00  0.0000E+00  0.0000E+00  0.0000E+00  0.0000E+00  0.0000E+00  0.0000E+00  0.0000E+00  0.0000E+00  0.0000E+00  0.0000E+00  0.0000E+00  0.0000E+00  0.0000E+00  0.0000E+00  0.0000E+00  0.0000E+00  0.0000E+00
  0.0000E+00  0.0000E+00  0.3799E-01  0.3773E-01  0.0000E+00  0.0000E+00  0.0000E+00  0.0000E+00  0.0000E+00  0.0000E+00  0.1941E-01  0.1970E-01  0.8933E-01  0.8622E-01  0.0000E+00  0.0000E+00  0.0000E+00  0.0000E+00  0.0000E+00  0.0000E+00  0.0000E+00  0.0000E+00  0.4257E-01  0.4448E-01  0.0000E+00  0.0000E+00  0.0000E+00  0.0000E+00  0.2233E-02  0.1473E-02  0.0000E+00  0.0000E+00
 Events:
           0           0        1631        1634           0           0           0           0           0           0         817         856        3642        3713           0           0           0           0           0           0           0           0        1935        1764           0           0           0           0          84          87           0           0
           0           0        1633        1620           0           0           0           0           0           0         817         860           0           0           0           0           0           0           0           0           0           0           0           0           0           0           0           0           0           0           0           0
           0           0        1646        1599           0           0           0           0           0           0         847         864           0           0           0           0           0           0           0           0           0           0           0           0           0           0           0           0           0           0           0           0
           0           0        1599        1588           0           0           0           0           0           0         817         829        3760        3629           0           0           0           0           0           0           0           0        1792        1872           0           0           0           0          94          62           0           0
 Accuracy:    0.051   0.010   0.030   2.924
 Found         4701  events.
 Wrote           81  events.
 Actual xsec    3.1325021910423782E-012
 Correct abs xsec    6.7002933706014459E-012
 Event xsec    6.7002933706014338E-012
 Events wgts > 1:            1
 % Cross section > 1:    5.6555532417598929E-014  0.84407546490046259     
 Iteration  7   Mean: 0.4327E-11 Abs mean: 0.7620E-11   Fluctuation:  0.702E-12   0.869E-07    81.9%
  7    0.4327E-11 0.7620E-11 +- 0.7022E-12     32.97
 Exceeded boost           3          96   128000.000    
 Exceeded boost           4          96   128000.000    
 Relative summed weights:
  0.0000E+00  0.0000E+00  0.2041E-01  0.2161E-01  0.0000E+00  0.0000E+00  0.0000E+00  0.0000E+00  0.0000E+00  0.0000E+00  0.1427E+00  0.3305E-01  0.4696E-01  0.5161E-01  0.0000E+00  0.0000E+00  0.0000E+00  0.0000E+00  0.0000E+00  0.0000E+00  0.0000E+00  0.0000E+00  0.6250E-01  0.5463E-01  0.0000E+00  0.0000E+00  0.0000E+00  0.0000E+00  0.2455E-02  0.1894E-02  0.0000E+00  0.0000E+00
  0.0000E+00  0.0000E+00  0.2670E-01  0.2201E-01  0.0000E+00  0.0000E+00  0.0000E+00  0.0000E+00  0.0000E+00  0.0000E+00  0.5296E-01  0.2805E-01  0.0000E+00  0.0000E+00  0.0000E+00  0.0000E+00  0.0000E+00  0.0000E+00  0.0000E+00  0.0000E+00  0.0000E+00  0.0000E+00  0.0000E+00  0.0000E+00  0.0000E+00  0.0000E+00  0.0000E+00  0.0000E+00  0.0000E+00  0.0000E+00  0.0000E+00  0.0000E+00
  0.0000E+00  0.0000E+00  0.2637E-01  0.2082E-01  0.0000E+00  0.0000E+00  0.0000E+00  0.0000E+00  0.0000E+00  0.0000E+00  0.2627E-01  0.2596E-01  0.0000E+00  0.0000E+00  0.0000E+00  0.0000E+00  0.0000E+00  0.0000E+00  0.0000E+00  0.0000E+00  0.0000E+00  0.0000E+00  0.0000E+00  0.0000E+00  0.0000E+00  0.0000E+00  0.0000E+00  0.0000E+00  0.0000E+00  0.0000E+00  0.0000E+00  0.0000E+00
  0.0000E+00  0.0000E+00  0.2384E-01  0.2091E-01  0.0000E+00  0.0000E+00  0.0000E+00  0.0000E+00  0.0000E+00  0.0000E+00  0.3062E-01  0.2475E-01  0.4949E-01  0.4770E-01  0.0000E+00  0.0000E+00  0.0000E+00  0.0000E+00  0.0000E+00  0.0000E+00  0.0000E+00  0.0000E+00  0.6629E-01  0.6518E-01  0.0000E+00  0.0000E+00  0.0000E+00  0.0000E+00  0.1198E-02  0.3088E-02  0.0000E+00  0.0000E+00
 Relative number of events:
  0.0000E+00  0.0000E+00  0.3857E-01  0.3880E-01  0.0000E+00  0.0000E+00  0.0000E+00  0.0000E+00  0.0000E+00  0.0000E+00  0.1982E-01  0.2022E-01  0.8873E-01  0.8783E-01  0.0000E+00  0.0000E+00  0.0000E+00  0.0000E+00  0.0000E+00  0.0000E+00  0.0000E+00  0.0000E+00  0.4351E-01  0.4387E-01  0.0000E+00  0.0000E+00  0.0000E+00  0.0000E+00  0.1968E-02  0.1875E-02  0.0000E+00  0.0000E+00
  0.0000E+00  0.0000E+00  0.3711E-01  0.3720E-01  0.0000E+00  0.0000E+00  0.0000E+00  0.0000E+00  0.0000E+00  0.0000E+00  0.1876E-01  0.2014E-01  0.0000E+00  0.0000E+00  0.0000E+00  0.0000E+00  0.0000E+00  0.0000E+00  0.0000E+00  0.0000E+00  0.0000E+00  0.0000E+00  0.0000E+00  0.0000E+00  0.0000E+00  0.0000E+00  0.0000E+00  0.0000E+00  0.0000E+00  0.0000E+00  0.0000E+00  0.0000E+00
  0.0000E+00  0.0000E+00  0.3902E-01  0.3934E-01  0.0000E+00  0.0000E+00  0.0000E+00  0.0000E+00  0.0000E+00  0.0000E+00  0.1942E-01  0.1997E-01  0.0000E+00  0.0000E+00  0.0000E+00  0.0000E+00  0.0000E+00  0.0000E+00  0.0000E+00  0.0000E+00  0.0000E+00  0.0000E+00  0.0000E+00  0.0000E+00  0.0000E+00  0.0000E+00  0.0000E+00  0.0000E+00  0.0000E+00  0.0000E+00  0.0000E+00  0.0000E+00
  0.0000E+00  0.0000E+00  0.3804E-01  0.3740E-01  0.0000E+00  0.0000E+00  0.0000E+00  0.0000E+00  0.0000E+00  0.0000E+00  0.1955E-01  0.2033E-01  0.8851E-01  0.8714E-01  0.0000E+00  0.0000E+00  0.0000E+00  0.0000E+00  0.0000E+00  0.0000E+00  0.0000E+00  0.0000E+00  0.4475E-01  0.4437E-01  0.0000E+00  0.0000E+00  0.0000E+00  0.0000E+00  0.1910E-02  0.1840E-02  0.0000E+00  0.0000E+00
 Events:
           0           0        3313        3332           0           0           0           0           0           0        1702        1737        7621        7543           0           0           0           0           0           0           0           0        3737        3768           0           0           0           0         169         161           0           0
           0           0        3187        3195           0           0           0           0           0           0        1611        1730           0           0           0           0           0           0           0           0           0           0           0           0           0           0           0           0           0           0           0           0
           0           0        3351        3379           0           0           0           0           0           0        1668        1715           0           0           0           0           0           0           0           0           0           0           0           0           0           0           0           0           0           0           0           0
           0           0        3267        3212           0           0           0           0           0           0        1679        1746        7602        7484           0           0           0           0           0           0           0           0        3843        3811           0           0           0           0         164         158           0           0
 Accuracy:    0.047   0.010   0.028   2.723
 Found        11015  events.
 Wrote           15  events.
 Actual xsec    3.2896103361078421E-012
 Correct abs xsec    6.7763424213168830E-012
 Event xsec    6.7763424213168854E-012
 Events wgts > 1:            0
 % Cross section > 1:    0.0000000000000000        0.0000000000000000     
 Iteration  8   Mean: 0.3546E-11 Abs mean: 0.6785E-11   Fluctuation:  0.648E-13   0.302E-08    81.3%
  8    0.3546E-11 0.6785E-11 +- 0.6482E-13      4.83
 Exceeded boost           3          94   128000.000    
 Exceeded boost           3          95   256000.000    
 Exceeded boost           3          96   128000.000    
 Exceeded boost           4          88   128000.000    
 Exceeded boost           4          90   128000.000    
 Exceeded boost           4          91   128000.000    
 Exceeded boost           4          92   256000.000    
 Exceeded boost           4          93   128000.000    
 Exceeded boost           4          95   256000.000    
 Exceeded boost           4          96   256000.000    
 Relative summed weights:
  0.0000E+00  0.0000E+00  0.2457E-01  0.2401E-01  0.0000E+00  0.0000E+00  0.0000E+00  0.0000E+00  0.0000E+00  0.0000E+00  0.3547E-01  0.3706E-01  0.5615E-01  0.5788E-01  0.0000E+00  0.0000E+00  0.0000E+00  0.0000E+00  0.0000E+00  0.0000E+00  0.0000E+00  0.0000E+00  0.7248E-01  0.6720E-01  0.0000E+00  0.0000E+00  0.0000E+00  0.0000E+00  0.2508E-02  0.2047E-02  0.0000E+00  0.0000E+00
  0.0000E+00  0.0000E+00  0.3043E-01  0.2550E-01  0.0000E+00  0.0000E+00  0.0000E+00  0.0000E+00  0.0000E+00  0.0000E+00  0.3446E-01  0.3497E-01  0.0000E+00  0.0000E+00  0.0000E+00  0.0000E+00  0.0000E+00  0.0000E+00  0.0000E+00  0.0000E+00  0.0000E+00  0.0000E+00  0.0000E+00  0.0000E+00  0.0000E+00  0.0000E+00  0.0000E+00  0.0000E+00  0.0000E+00  0.0000E+00  0.0000E+00  0.0000E+00
  0.0000E+00  0.0000E+00  0.2543E-01  0.2741E-01  0.0000E+00  0.0000E+00  0.0000E+00  0.0000E+00  0.0000E+00  0.0000E+00  0.3805E-01  0.3508E-01  0.0000E+00  0.0000E+00  0.0000E+00  0.0000E+00  0.0000E+00  0.0000E+00  0.0000E+00  0.0000E+00  0.0000E+00  0.0000E+00  0.0000E+00  0.0000E+00  0.0000E+00  0.0000E+00  0.0000E+00  0.0000E+00  0.0000E+00  0.0000E+00  0.0000E+00  0.0000E+00
  0.0000E+00  0.0000E+00  0.2554E-01  0.2561E-01  0.0000E+00  0.0000E+00  0.0000E+00  0.0000E+00  0.0000E+00  0.0000E+00  0.3500E-01  0.3074E-01  0.5701E-01  0.5639E-01  0.0000E+00  0.0000E+00  0.0000E+00  0.0000E+00  0.0000E+00  0.0000E+00  0.0000E+00  0.0000E+00  0.6447E-01  0.6846E-01  0.0000E+00  0.0000E+00  0.0000E+00  0.0000E+00  0.3572E-02  0.2519E-02  0.0000E+00  0.0000E+00
 Relative number of events:
  0.0000E+00  0.0000E+00  0.3830E-01  0.3811E-01  0.0000E+00  0.0000E+00  0.0000E+00  0.0000E+00  0.0000E+00  0.0000E+00  0.1969E-01  0.1943E-01  0.8887E-01  0.8834E-01  0.0000E+00  0.0000E+00  0.0000E+00  0.0000E+00  0.0000E+00  0.0000E+00  0.0000E+00  0.0000E+00  0.4391E-01  0.4372E-01  0.0000E+00  0.0000E+00  0.0000E+00  0.0000E+00  0.1573E-02  0.1660E-02  0.0000E+00  0.0000E+00
  0.0000E+00  0.0000E+00  0.3908E-01  0.3728E-01  0.0000E+00  0.0000E+00  0.0000E+00  0.0000E+00  0.0000E+00  0.0000E+00  0.1995E-01  0.1945E-01  0.0000E+00  0.0000E+00  0.0000E+00  0.0000E+00  0.0000E+00  0.0000E+00  0.0000E+00  0.0000E+00  0.0000E+00  0.0000E+00  0.0000E+00  0.0000E+00  0.0000E+00  0.0000E+00  0.0000E+00  0.0000E+00  0.0000E+00  0.0000E+00  0.0000E+00  0.0000E+00
Thanks for using LHAPDF 6.2.1. Please make sure to cite the paper:
  Eur.Phys.J. C75 (2015) 3, 132  (http://arxiv.org/abs/1412.7420)
  0.0000E+00  0.0000E+00  0.3801E-01  0.3905E-01  0.0000E+00  0.0000E+00  0.0000E+00  0.0000E+00  0.0000E+00  0.0000E+00  0.2025E-01  0.1948E-01  0.0000E+00  0.0000E+00  0.0000E+00  0.0000E+00  0.0000E+00  0.0000E+00  0.0000E+00  0.0000E+00  0.0000E+00  0.0000E+00  0.0000E+00  0.0000E+00  0.0000E+00  0.0000E+00  0.0000E+00  0.0000E+00  0.0000E+00  0.0000E+00  0.0000E+00  0.0000E+00
  0.0000E+00  0.0000E+00  0.3973E-01  0.3751E-01  0.0000E+00  0.0000E+00  0.0000E+00  0.0000E+00  0.0000E+00  0.0000E+00  0.1956E-01  0.1968E-01  0.8891E-01  0.8777E-01  0.0000E+00  0.0000E+00  0.0000E+00  0.0000E+00  0.0000E+00  0.0000E+00  0.0000E+00  0.0000E+00  0.4329E-01  0.4401E-01  0.0000E+00  0.0000E+00  0.0000E+00  0.0000E+00  0.1706E-02  0.1672E-02  0.0000E+00  0.0000E+00
 Events:
           0           0        6622        6589           0           0           0           0           0           0        3405        3359       15365       15273           0           0           0           0           0           0           0           0        7592        7558           0           0           0           0         272         287           0           0
           0           0        6757        6445           0           0           0           0           0           0        3449        3362           0           0           0           0           0           0           0           0           0           0           0           0           0           0           0           0           0           0           0           0
           0           0        6571        6751           0           0           0           0           0           0        3501        3368           0           0           0           0           0           0           0           0           0           0           0           0           0           0           0           0           0           0           0           0
           0           0        6869        6485           0           0           0           0           0           0        3381        3403       15371       15175           0           0           0           0           0           0           0           0        7484        7609           0           0           0           0         295         289           0           0
 Accuracy:    0.014   0.010   0.009   2.321
 Found        21272  events.
 Wrote         1407  events.
 Actual xsec    3.5300938669818222E-012
 Correct abs xsec    6.7840743958710063E-012
 Event xsec    6.7840743958712898E-012
 Events wgts > 1:           27
 % Cross section > 1:    6.7531991368793967E-014  0.99544886196845317     

 -------------------------------------------------------------------------------
 Accumulated results:   Integral =  0.6782E-11
                        Std dev  =  0.6143E-13
                       Cross sec =  0.3514E-11
             Chi**2 per DoF.     =      2.3207
 -------------------------------------------------------------------------------
-------------------------------------------------
---------------------------
 Results Last   3 iters: Integral =   0.3530E-11
                     Abs integral =   0.6784E-11
                          Std dev =   0.6223E-13
                  Chi**2 per DoF. =      0.8630
-------------------------------------------------
---------------------------
 Status   1.0000000000000000E-002           9           8

ls status:
events.lhe
ftn26
input_app.txt
results.dat
run1_app.log
