==== LHAPDF6 USING DEFAULT-TYPE LHAGLUE INTERFACE ====
LHAPDF 6.2.1 loading /cvmfs/cms.cern.ch/slc6_amd64_gcc630/external/lhapdf/6.2.1-ghjeda2/share/LHAPDF/NNPDF31_nnlo_as_0118_nf_4_mc_hessian/NNPDF31_nnlo_as_0118_nf_4_mc_hessian_0000.dat
NNPDF31_nnlo_as_0118_nf_4_mc_hessian PDF set, member #0, version 1; LHAPDF ID = 325500
 Process in group number            1
 A PDF is used, so alpha_s(MZ) is going to be modified
 Old value of alpha_s from param_card:   0.11810000000000001     
 New value of alpha_s from PDF lhapdf :  0.11266013434007299     
 using LHAPDF
 Define smin to   10000.000000000000     
 Define smin to   10000.000000000000     
 Define smin to   10000.000000000000     
 Define smin to   10000.000000000000     
 Define smin to   10000.000000000000     
 Define smin to   10000.000000000000     
 Define smin to   10000.000000000000     
 *****************************************************
 *               MadGraph/MadEvent                   *
 *        --------------------------------           *
 *          http://madgraph.hep.uiuc.edu             *
 *          http://madgraph.phys.ucl.ac.be           *
 *          http://madgraph.roma2.infn.it            *
 *        --------------------------------           *
 *                                                   *
 *          PARAMETER AND COUPLING VALUES            *
 *                                                   *
 *****************************************************

  External Params
  ---------------------------------
  
 mdl_MW0 =    80.387000000000000     
 mdl_Gf =    1.1663789999999999E-005
 aS =   0.11810000000000001     
 mdl_ymdo =    1.0000000000000000E-099
 mdl_ymb =    4.1799999999999997     
 mdl_ymt =    173.19999999999999     
 mdl_ymtau =    1.7769999999999999     
 mdl_LambdaSMEFT =    1000.0000000000000     
 mdl_cHW =    1.0000000000000000     
 mdl_MZ =    91.187600000000003     
 mdl_MTA =    1.7769999999999999     
 mdl_MT =    173.19999999999999     
 mdl_MB =    4.1799999999999997     
 mdl_MH =    125.09000000000000     
 mdl_WZ =    2.4952000000000001     
 mdl_WW =    2.0850000000000000     
 mdl_WT =    1.5083359999999999     
 mdl_WH =    4.0699999999999998E-003
  Internal Params
  ---------------------------------
  
 mdl_ymm =    1.0000000000000000E-099
 mdl_yme =    1.0000000000000000E-099
 mdl_ymc =    1.0000000000000000E-099
 mdl_yms =    1.0000000000000000E-099
 mdl_ymup =    1.0000000000000000E-099
 mdl_conjg__CKM3x3 =    1.0000000000000000     
 mdl_cH =    0.0000000000000000     
 mdl_cHB =    0.0000000000000000     
 mdl_CKM1x1 =    1.0000000000000000     
 mdl_conjg__CKM1x1 =    1.0000000000000000     
 mdl_dGf =    0.0000000000000000     
 mdl_CKM3x3 =    1.0000000000000000     
 mdl_dMH2 =    0.0000000000000000     
 mdl_conjg__CKM2x2 =    1.0000000000000000     
 mdl_dg1 =    0.0000000000000000     
 mdl_CKM2x2 =    1.0000000000000000     
 mdl_dgw =    0.0000000000000000     
 mdl_complexi =  (  0.0000000000000000     ,  1.0000000000000000     )
 mdl_MW =    80.387000000000000     
 mdl_nb__2__exp__0_25 =    1.1892071150027210     
 mdl_MH__exp__2 =    15647.508100000001     
 mdl_sqrt__2 =    1.4142135623730951     
 mdl_MW__exp__2 =    6462.0697689999997     
 mdl_MZ__exp__2 =    8315.1783937600012     
 mdl_sth2 =   0.22285855299877133     
 mdl_MH__exp__6 =    3831206449390.3818     
 mdl_MT__exp__6 =    26995248278778.535     
 mdl_MH__exp__4 =    244844509.73956564     
 mdl_MT__exp__4 =    899894403.09759963     
 mdl_MT__exp__2 =    29998.239999999994     
 mdl_LambdaSMEFT__exp__2 =    1000000.0000000000     
 mdl_cth =   0.88155626422890820     
 mdl_sqrt__sth2 =   0.47207896902824564     
 mdl_sth =   0.47207896902824564     
 mdl_MW0__exp__6 =    269845343347.69711     
 mdl_MW0__exp__4 =    41758345.699423708     
 mdl_MW0__exp__2 =    6462.0697689999997     
 mdl_MZ__exp__4 =    69142191.720053151     
 mdl_MZ__exp__6 =    574929658687.79749     
 mdl_cth__exp__2 =   0.77714144700122867     
 mdl_sth__exp__2 =   0.22285855299877130     
 mdl_sth__exp__3 =   0.10520683593878660     
 mdl_cth__exp__3 =   0.68509391079585125     
 mdl_sth__exp__4 =    4.9665934644706158E-002
 mdl_sqrt__Gf =    3.4152291284773265E-003
 mdl_vevhat =    246.21961912951551     
 mdl_lam =   0.12905352724481209     
 mdl_aEW =    7.5614618607353409E-003
 mdl_yb =    2.4008698866559607E-002
 mdl_yc =    5.7437078628133041E-102
 mdl_ydo =    5.7437078628133041E-102
 mdl_ye =    5.7437078628133041E-102
 mdl_ym =    5.7437078628133041E-102
 mdl_ys =    5.7437078628133041E-102
 mdl_yt =   0.99481020183926416     
 mdl_ytau =    1.0206568872219240E-002
 mdl_yup =    5.7437078628133041E-102
 mdl_vevhat__exp__2 =    60624.100844283676     
 mdl_barlam =   0.12905352724481209     
 mdl_vevT =    246.21961912951551     
 mdl_sqrt__aEW =    8.6956666568672819E-002
 mdl_ee =   0.30825335704310214     
 mdl_gwsh =   0.61338418662494298     
 mdl_vev =    246.21961912951551     
 mdl_g1 =   0.34966952144878632     
 mdl_gw =   0.65296989967087182     
 mdl_ee__exp__2 =    9.5020132128342205E-002
 mdl_gHaa =   -1.9303830602986922E-003
 mdl_gHza =   -6.8546472954154700E-003
 mdl_g1sh =   0.34966952144878632     
 mdl_I1d11 =  (  5.7437078628133041E-102,  0.0000000000000000     )
 mdl_I1d22 =  (  5.7437078628133041E-102,  0.0000000000000000     )
 mdl_I1d33 =  (  2.4008698866559607E-002,  0.0000000000000000     )
 mdl_I2d11 =  (  5.7437078628133041E-102,  0.0000000000000000     )
 mdl_I2d22 =  (  5.7437078628133041E-102,  0.0000000000000000     )
 mdl_I2d33 =  ( 0.99481020183926416     ,  0.0000000000000000     )
 mdl_I3d11 =  (  5.7437078628133041E-102,  0.0000000000000000     )
 mdl_I3d22 =  (  5.7437078628133041E-102,  0.0000000000000000     )
 mdl_I3d33 =  (  2.4008698866559607E-002,  0.0000000000000000     )
 mdl_I4d11 =  (  5.7437078628133041E-102,  0.0000000000000000     )
 mdl_I4d22 =  (  5.7437078628133041E-102,  0.0000000000000000     )
 mdl_I4d33 =  ( 0.99481020183926416     ,  0.0000000000000000     )
 mdl_I5d11 =  (  5.7437078628133041E-102,  0.0000000000000000     )
 mdl_I5d22 =  (  5.7437078628133041E-102,  0.0000000000000000     )
 mdl_I5d33 =  (  2.4008698866559607E-002,  0.0000000000000000     )
 mdl_I6d11 =  (  5.7437078628133041E-102,  0.0000000000000000     )
 mdl_I6d22 =  (  5.7437078628133041E-102,  0.0000000000000000     )
 mdl_I6d33 =  ( 0.99481020183926416     ,  0.0000000000000000     )
 mdl_ee__exp__3 =    2.9290274715240611E-002
 mdl_vevhat__exp__3 =    14926843.019948866     
  Internal Params evaluated point by point
  ----------------------------------------
  
 mdl_sqrt__aS =   0.34365680554879169     
 mdl_G__exp__2 =    1.4840883695558185     
 mdl_gHgg =    3.2334372328970845E-003
 mdl_G__exp__3 =  (  1.8079634332366095     ,  0.0000000000000000     )
  Couplings of SMEFTsim_A_U35_MwScheme_UFO_v3_1-cHW_massless
  ---------------------------------
  
         GC_1 =   0.00000E+00   0.10275E+00
         GC_2 =  -0.00000E+00  -0.20550E+00
         GC_3 =  -0.00000E+00  -0.30825E+00
       GC_255 =  -0.00000E+00  -0.42637E+00
       GC_278 =  -0.00000E+00  -0.37035E+00
       GC_280 =  -0.00000E+00  -0.57563E+00
       GC_328 =  -0.00000E+00  -0.55024E-01
       GC_329 =   0.00000E+00   0.11005E+00
       GC_330 =  -0.00000E+00  -0.16507E+00
       GC_387 =   0.00000E+00   0.98488E-03
       GC_400 =   0.00000E+00   0.52490E+02
       GC_809 =  -0.00000E+00  -0.72171E-02
      GC_1073 =  -0.00000E+00  -0.46172E+00

 Collider parameters:
 --------------------

 Running at P P   machine @    13000.000000000000       GeV
 PDF set = lhapdf 
 alpha_s(Mz)= 0.1127 running at 3 loops.
 alpha_s(Mz)= 0.1127 running at 3 loops.
 Renormalization scale set on event-by-event basis
 Factorization   scale set on event-by-event basis


 getting user params
Enter number of events and max and min iterations: 
 Number of events and iterations         2000           8           3
Enter desired fractional accuracy: 
 Desired fractional accuracy:    1.0000000000000000E-002
Enter 0 for fixed, 2 for adjustable grid: 
Suppress amplitude (0 no, 1 yes)? 
 Using suppressed amplitude.
Exact helicity sum (0 yes, n = number/event)? 
 Explicitly summing over helicities
Enter Configuration Number: 
Running Configuration Number:  133
 Not subdividing B.W.
 Attempting mappinvarients           1           8
 Completed mapping           8
 about to integrate           16        2000           8           3          16           1
 Using non-zero grid deformation.
 16 dimensions   2000 events 16 invarients  8 iterations  1 config(s),  (0.99)
 Using h-tuple random number sequence.
 Error opening grid
 Using Uniform Grid!          32
 Using uniform alpha   1.0000000000000000     
 Grid defined OK
 Set CM energy to      13000.00
 Mapping Graph         133  to config         133
 Setting BW          -1           1   80.387000000000000     
Setting grid   2    0.18685E-07   1
 Warning: No cutoff for shat integral found
          Minimum set to    5.9171597633136107E-009
Setting grid   3    0.59172E-08   1
 Warning: No cutoff for shat integral found
          Minimum set to    5.9171597633136107E-009
Setting grid   4    0.59172E-08   1
Setting grid   5    0.59172E-06   1
 Transforming s_hat 1/s           15   5.9171597633136108E-005   10000.000000000000        168999999.99999997     
 133   1   2   3   4   5   6   7   8   9  10  11  12  13  14
  15  16
 Masses: 0.000E+00 0.000E+00 0.000E+00 0.178E+01 0.000E+00 0.000E+00 0.000E+00 0.000E+00
Using random seed offsets   133 :      5
  with seed                   24
 Ranmar initialization seeds       31191        9402
 
 ********************************************
 * You are using the DiscreteSampler module *
 *      part of the MG5_aMC framework       *
 *         Author: Valentin Hirschi         *
 ********************************************
 
  Particle       3       4       5       6       7       8
      Et >     0.0     0.0     0.0     0.0    10.0    10.0
       E >     0.0     0.0     0.0     0.0     0.0     0.0
     Eta <    -1.0    -1.0    -1.0    -1.0     6.5     6.5
   xqcut:      0.0     0.0     0.0     0.0     0.0     0.0
d R # 3  >    -0.0     0.4     0.0     0.0     0.4     0.4
d R # 4  >    -0.0    -0.0     0.0     0.0     0.4     0.4
d R # 5  >    -0.0    -0.0    -0.0     0.0     0.0     0.0
d R # 6  >    -0.0    -0.0    -0.0    -0.0     0.0     0.0
d R # 7  >    -0.0    -0.0    -0.0    -0.0    -0.0     0.4
s min # 3>     0.0     0.0     0.0     0.0     0.0     0.0
s min # 4>     0.0     0.0     0.0     0.0     0.0     0.0
s min # 5>     0.0     0.0     0.0     0.0     0.0     0.0
s min # 6>     0.0     0.0     0.0     0.0     0.0     0.0
s min # 7>     0.0     0.0     0.0     0.0     0.0 10000.0
xqcutij # 3>     0.0     0.0     0.0     0.0     0.0     0.0
xqcutij # 4>     0.0     0.0     0.0     0.0     0.0     0.0
xqcutij # 5>     0.0     0.0     0.0     0.0     0.0     0.0
xqcutij # 6>     0.0     0.0     0.0     0.0     0.0     0.0
xqcutij # 7>     0.0     0.0     0.0     0.0     0.0     0.0
 No cut BW           -1           1
 No cut BW           -5           2
 alpha_s for scale    34.632687123958320       is   0.13318228706946936     
 Added good helicity          193   255.70089568341265       in event            1 local:           1
 Added good helicity          209  0.29910431658732761       in event            1 local:           1
 Added good helicity          193   255.90165792080822       in event            1 local:           1
 Added good helicity          209   9.8342079191802781E-002  in event            1 local:           1
 RESET CUMULATIVE VARIABLE
 RESET CUMULATIVE VARIABLE
 RESET CUMULATIVE VARIABLE
 Iteration  1   Mean: 0.8369E-09 Abs mean: 0.1593E-08   Fluctuation:  0.464E-09   0.540E-06     3.5%
  1    0.8369E-09 0.1593E-08 +- 0.4636E-09     13.02
 Writing out events   2.8814862878660617E-012   13.015034114294918     
 Relative summed weights:
  0.1662E+00  0.0000E+00  0.0000E+00  0.0000E+00  0.9416E-04  0.0000E+00  0.0000E+00  0.0000E+00  0.0000E+00  0.0000E+00  0.0000E+00  0.0000E+00  0.0000E+00  0.0000E+00
  0.2926E+00  0.0000E+00  0.3601E+00  0.9710E-01  0.1014E-02  0.0000E+00  0.6832E-02  0.1025E-02  0.0000E+00  0.0000E+00  0.2998E-01  0.4376E-01  0.3457E-03  0.9418E-03
 Relative number of events:
  0.1529E+00  0.0000E+00  0.0000E+00  0.0000E+00  0.1176E-01  0.0000E+00  0.0000E+00  0.0000E+00  0.0000E+00  0.0000E+00  0.0000E+00  0.0000E+00  0.0000E+00  0.0000E+00
  0.1368E+00  0.0000E+00  0.1426E+00  0.1691E+00  0.1324E-01  0.0000E+00  0.2500E-01  0.2059E-01  0.0000E+00  0.0000E+00  0.1596E+00  0.1485E+00  0.1029E-01  0.9559E-02
 Events:
         208           0           0           0          16           0           0           0           0           0           0           0           0           0
         186           0         194         230          18           0          34          28           0           0         217         202          14          13
 Iteration  2   Mean: 0.3946E-09 Abs mean: 0.1033E-08   Fluctuation:  0.155E-09   0.299E-06    38.3%
  2    0.3946E-09 0.1033E-08 +- 0.1552E-09      9.51
 Relative summed weights:
  0.3914E+00  0.0000E+00  0.0000E+00  0.0000E+00  0.3230E-03  0.0000E+00  0.0000E+00  0.0000E+00  0.0000E+00  0.0000E+00  0.0000E+00  0.0000E+00  0.0000E+00  0.0000E+00
  0.9027E-01  0.0000E+00  0.1900E+00  0.1374E+00  0.5144E-04  0.0000E+00  0.8906E-02  0.1235E-01  0.0000E+00  0.0000E+00  0.6252E-01  0.1062E+00  0.1525E-03  0.4884E-03
 Relative number of events:
  0.1445E+00  0.0000E+00  0.0000E+00  0.0000E+00  0.1103E-01  0.0000E+00  0.0000E+00  0.0000E+00  0.0000E+00  0.0000E+00  0.0000E+00  0.0000E+00  0.0000E+00  0.0000E+00
  0.1442E+00  0.0000E+00  0.1611E+00  0.1686E+00  0.7877E-02  0.0000E+00  0.3033E-01  0.3151E-01  0.0000E+00  0.0000E+00  0.1327E+00  0.1453E+00  0.1142E-01  0.1142E-01
 Events:
         367           0           0           0          28           0           0           0           0           0           0           0           0           0
         366           0         409         428          20           0          77          80           0           0         337         369          29          29
 Iteration  3   Mean: 0.1560E-08 Abs mean: 0.3628E-08   Fluctuation:  0.942E-09   0.454E-05    56.2%
  3    0.1560E-08 0.3628E-08 +- 0.9417E-09     23.22
 Relative summed weights:
  0.3295E+00  0.0000E+00  0.0000E+00  0.0000E+00  0.6621E-03  0.0000E+00  0.0000E+00  0.0000E+00  0.0000E+00  0.0000E+00  0.0000E+00  0.0000E+00  0.0000E+00  0.0000E+00
  0.2368E+00  0.0000E+00  0.2742E+00  0.5559E-01  0.2680E-03  0.0000E+00  0.9321E-02  0.1340E-01  0.0000E+00  0.0000E+00  0.3941E-01  0.4044E-01  0.3163E-03  0.1320E-03
 Relative number of events:
  0.1598E+00  0.0000E+00  0.0000E+00  0.0000E+00  0.1192E-01  0.0000E+00  0.0000E+00  0.0000E+00  0.0000E+00  0.0000E+00  0.0000E+00  0.0000E+00  0.0000E+00  0.0000E+00
  0.1480E+00  0.0000E+00  0.1573E+00  0.1517E+00  0.7883E-02  0.0000E+00  0.3115E-01  0.2903E-01  0.0000E+00  0.0000E+00  0.1459E+00  0.1400E+00  0.9614E-02  0.7691E-02
 Events:
         831           0           0           0          62           0           0           0           0           0           0           0           0           0
         770           0         818         789          41           0         162         151           0           0         759         728          50          40
 Accuracy:    0.435   0.010   0.119  13.448
 Found          581  events.
 Wrote            8  events.
 Actual xsec    7.1228309682652541E-010
 Correct abs xsec    1.6693127639389218E-009
 Event xsec    1.6693127639389220E-009
 Events wgts > 1:            1
 % Cross section > 1:    8.2665588062422716E-012  0.49520730834984106     
 Iteration  4   Mean: 0.9645E-09 Abs mean: 0.1757E-08   Fluctuation:  0.132E-09   0.791E-06    69.5%
  4    0.9645E-09 0.1757E-08 +- 0.1325E-09      9.54
 Relative summed weights:
  0.2892E+00  0.0000E+00  0.0000E+00  0.0000E+00  0.2467E-02  0.0000E+00  0.0000E+00  0.0000E+00  0.0000E+00  0.0000E+00  0.0000E+00  0.0000E+00  0.0000E+00  0.0000E+00
  0.1768E+00  0.0000E+00  0.1191E+00  0.1738E+00  0.2018E-02  0.0000E+00  0.4345E-01  0.1969E-01  0.0000E+00  0.0000E+00  0.1153E+00  0.5506E-01  0.1581E-02  0.1517E-02
 Relative number of events:
  0.1691E+00  0.0000E+00  0.0000E+00  0.0000E+00  0.7837E-02  0.0000E+00  0.0000E+00  0.0000E+00  0.0000E+00  0.0000E+00  0.0000E+00  0.0000E+00  0.0000E+00  0.0000E+00
  0.1668E+00  0.0000E+00  0.1612E+00  0.1555E+00  0.8804E-02  0.0000E+00  0.2738E-01  0.2515E-01  0.0000E+00  0.0000E+00  0.1351E+00  0.1284E+00  0.7740E-02  0.7063E-02
 Events:
        1748           0           0           0          81           0           0           0           0           0           0           0           0           0
        1724           0        1666        1607          91           0         283         260           0           0        1396        1327          80          73
 Accuracy:    0.184   0.010   0.064   8.375
 Found          567  events.
 Wrote           43  events.
 Actual xsec    8.9479835570253459E-010
 Correct abs xsec    1.7385814463314317E-009
 Event xsec    1.7385814463314311E-009
 Events wgts > 1:            3
 % Cross section > 1:    3.7807999593084478E-012  0.21746464436775670     
 Iteration  5   Mean: 0.1723E-08 Abs mean: 0.2803E-08   Fluctuation:  0.206E-09   0.389E-05    75.2%
  5    0.1723E-08 0.2803E-08 +- 0.2062E-09     13.16
 Relative summed weights:
  0.2671E+00  0.0000E+00  0.0000E+00  0.0000E+00  0.3583E-02  0.0000E+00  0.0000E+00  0.0000E+00  0.0000E+00  0.0000E+00  0.0000E+00  0.0000E+00  0.0000E+00  0.0000E+00
  0.2340E+00  0.0000E+00  0.1589E+00  0.1431E+00  0.6191E-03  0.0000E+00  0.1662E-01  0.2256E-01  0.0000E+00  0.0000E+00  0.6471E-01  0.8495E-01  0.1091E-02  0.2660E-02
 Relative number of events:
  0.1784E+00  0.0000E+00  0.0000E+00  0.0000E+00  0.7539E-02  0.0000E+00  0.0000E+00  0.0000E+00  0.0000E+00  0.0000E+00  0.0000E+00  0.0000E+00  0.0000E+00  0.0000E+00
  0.1812E+00  0.0000E+00  0.1575E+00  0.1579E+00  0.7203E-02  0.0000E+00  0.2689E-01  0.2487E-01  0.0000E+00  0.0000E+00  0.1242E+00  0.1211E+00  0.6339E-02  0.6915E-02
 Events:
        3715           0           0           0         157           0           0           0           0           0           0           0           0           0
        3774           0        3279        3288         150           0         560         518           0           0        2586        2522         132         144
 Accuracy:    0.154   0.010   0.048  10.243
 Found         2359  events.
 Wrote           19  events.
 Actual xsec    1.3614003938730982E-009
 Correct abs xsec    2.3455656729689946E-009
 Event xsec    2.3455656729689941E-009
 Events wgts > 1:            0
 % Cross section > 1:    0.0000000000000000        0.0000000000000000     
 Iteration  6   Mean: 0.1575E-08 Abs mean: 0.2647E-08   Fluctuation:  0.965E-10   0.316E-05    79.2%
  6    0.1575E-08 0.2647E-08 +- 0.9653E-10      9.23
 Relative summed weights:
  0.2979E+00  0.0000E+00  0.0000E+00  0.0000E+00  0.1062E-02  0.0000E+00  0.0000E+00  0.0000E+00  0.0000E+00  0.0000E+00  0.0000E+00  0.0000E+00  0.0000E+00  0.0000E+00
  0.2223E+00  0.0000E+00  0.1295E+00  0.1184E+00  0.1353E-02  0.0000E+00  0.2450E-01  0.2722E-01  0.0000E+00  0.0000E+00  0.7186E-01  0.9861E-01  0.1332E-02  0.6011E-02
 Relative number of events:
  0.1894E+00  0.0000E+00  0.0000E+00  0.0000E+00  0.6582E-02  0.0000E+00  0.0000E+00  0.0000E+00  0.0000E+00  0.0000E+00  0.0000E+00  0.0000E+00  0.0000E+00  0.0000E+00
  0.1892E+00  0.0000E+00  0.1542E+00  0.1510E+00  0.7037E-02  0.0000E+00  0.2343E-01  0.2587E-01  0.0000E+00  0.0000E+00  0.1200E+00  0.1209E+00  0.5960E-02  0.6414E-02
 Events:
        7912           0           0           0         275           0           0           0           0           0           0           0           0           0
        7906           0        6441        6309         294           0         979        1081           0           0        5014        5053         249         268
 Accuracy:    0.083   0.010   0.029   8.247
 Found         4092  events.
 Wrote           99  events.
 Actual xsec    1.5031968570327392E-009
 Correct abs xsec    2.5319911191860597E-009
 Event xsec    2.5319911191860589E-009
 Events wgts > 1:            2
 % Cross section > 1:    1.9424609455877693E-011  0.76716736123948104     
 Iteration  7   Mean: 0.1626E-08 Abs mean: 0.2708E-08   Fluctuation:  0.576E-10   0.283E-05    81.9%
  7    0.1626E-08 0.2708E-08 +- 0.5759E-10      7.61
 Exceeded boost           2          96   128000.000    
 Exceeded boost           5          96   128000.000    
 Relative summed weights:
  0.2428E+00  0.0000E+00  0.0000E+00  0.0000E+00  0.2280E-02  0.0000E+00  0.0000E+00  0.0000E+00  0.0000E+00  0.0000E+00  0.0000E+00  0.0000E+00  0.0000E+00  0.0000E+00
  0.2688E+00  0.0000E+00  0.1253E+00  0.1412E+00  0.2637E-02  0.0000E+00  0.2568E-01  0.2605E-01  0.0000E+00  0.0000E+00  0.8434E-01  0.7676E-01  0.1943E-02  0.2310E-02
 Relative number of events:
Thanks for using LHAPDF 6.2.1. Please make sure to cite the paper:
  Eur.Phys.J. C75 (2015) 3, 132  (http://arxiv.org/abs/1412.7420)
  0.1954E+00  0.0000E+00  0.0000E+00  0.0000E+00  0.6427E-02  0.0000E+00  0.0000E+00  0.0000E+00  0.0000E+00  0.0000E+00  0.0000E+00  0.0000E+00  0.0000E+00  0.0000E+00
  0.2005E+00  0.0000E+00  0.1505E+00  0.1504E+00  0.6815E-02  0.0000E+00  0.2333E-01  0.2316E-01  0.0000E+00  0.0000E+00  0.1165E+00  0.1156E+00  0.5626E-02  0.5744E-02
 Events:
       16597           0           0           0         546           0           0           0           0           0           0           0           0           0
       17031           0       12788       12778         579           0        1982        1968           0           0        9901        9823         478         488
 Accuracy:    0.046   0.010   0.017   7.082
 Found         9356  events.
 Wrote          280  events.
 Actual xsec    1.6196074396472521E-009
 Correct abs xsec    2.6987467194870945E-009
 Event xsec    2.6987467194870921E-009
 Events wgts > 1:            5
 % Cross section > 1:    2.4098135021558403E-011  0.89293800146381852     
 Iteration  8   Mean: 0.1647E-08 Abs mean: 0.2712E-08   Fluctuation:  0.447E-10   0.587E-05    83.4%
  8    0.1647E-08 0.2712E-08 +- 0.4475E-10      8.35
 Exceeded boost           2           2   256000.000    
 Exceeded boost           3          96   128000.000    
 Exceeded boost           4          96   256000.000    
 Relative summed weights:
  0.2428E+00  0.0000E+00  0.0000E+00  0.0000E+00  0.1981E-02  0.0000E+00  0.0000E+00  0.0000E+00  0.0000E+00  0.0000E+00  0.0000E+00  0.0000E+00  0.0000E+00  0.0000E+00
  0.2584E+00  0.0000E+00  0.1294E+00  0.1437E+00  0.2081E-02  0.0000E+00  0.2567E-01  0.2830E-01  0.0000E+00  0.0000E+00  0.8770E-01  0.7591E-01  0.1716E-02  0.2359E-02
 Relative number of events:
  0.2013E+00  0.0000E+00  0.0000E+00  0.0000E+00  0.5920E-02  0.0000E+00  0.0000E+00  0.0000E+00  0.0000E+00  0.0000E+00  0.0000E+00  0.0000E+00  0.0000E+00  0.0000E+00
  0.2023E+00  0.0000E+00  0.1485E+00  0.1493E+00  0.6255E-02  0.0000E+00  0.2297E-01  0.2334E-01  0.0000E+00  0.0000E+00  0.1138E+00  0.1154E+00  0.5527E-02  0.5422E-02
 Events:
       34305           0           0           0        1009           0           0           0           0           0           0           0           0           0
       34476           0       25312       25450        1066           0        3914        3977           0           0       19393       19660         942         924
 Accuracy:    0.029   0.010   0.012   6.120
 Found        19072  events.
 Wrote          430  events.
 Actual xsec    1.6320065745305791E-009
 Correct abs xsec    2.7030209512151754E-009
 Event xsec    2.7030209512151725E-009
 Events wgts > 1:            7
 % Cross section > 1:    2.6468314005995220E-011  0.97921231406275633     

 -------------------------------------------------------------------------------
 Accumulated results:   Integral =  0.2672E-08
                        Std dev  =  0.3178E-10
                       Cross sec =  0.1609E-08
             Chi**2 per DoF.     =      6.1196
 -------------------------------------------------------------------------------
-------------------------------------------------
---------------------------
 Results Last   3 iters: Integral =   0.1632E-08
                     Abs integral =   0.2703E-08
                          Std dev =   0.3319E-10
                  Chi**2 per DoF. =      0.1921
-------------------------------------------------
---------------------------
 Status   1.0000000000000000E-002           9           8

ls status:
events.lhe
ftn26
input_app.txt
results.dat
run1_app.log
