==== LHAPDF6 USING DEFAULT-TYPE LHAGLUE INTERFACE ====
LHAPDF 6.2.1 loading /cvmfs/cms.cern.ch/slc6_amd64_gcc630/external/lhapdf/6.2.1-ghjeda2/share/LHAPDF/NNPDF30_lo_as_0130_nf_4/NNPDF30_lo_as_0130_nf_4_0000.dat
NNPDF30_lo_as_0130_nf_4 PDF set, member #0, version 2; LHAPDF ID = 263400
 Process in group number            2
 A PDF is used, so alpha_s(MZ) is going to be modified
 Old value of alpha_s from param_card:   0.11810000000000001     
 New value of alpha_s from PDF lhapdf :  0.12470044313224841     
 using LHAPDF
 Define smin to   10000.000000000000     
 Define smin to   10000.000000000000     
 Define smin to   10000.000000000000     
 Define smin to   10000.000000000000     
 Define smin to   10000.000000000000     
 Define smin to   10000.000000000000     
 Define smin to   10000.000000000000     
 Define smin to   10000.000000000000     
 Define smin to   10000.000000000000     
 Define smin to   10000.000000000000     
 Define smin to   10000.000000000000     
 Define smin to   10000.000000000000     
 Define smin to   10000.000000000000     
 Define smin to   10000.000000000000     
 Define smin to   10000.000000000000     
 Define smin to   10000.000000000000     
 *****************************************************
 *               MadGraph/MadEvent                   *
 *        --------------------------------           *
 *          http://madgraph.hep.uiuc.edu             *
 *          http://madgraph.phys.ucl.ac.be           *
 *          http://madgraph.roma2.infn.it            *
 *        --------------------------------           *
 *                                                   *
 *          PARAMETER AND COUPLING VALUES            *
 *                                                   *
 *****************************************************

  External Params
  ---------------------------------
  
 mdl_MW0 =    80.387000000000000     
 mdl_Gf =    1.1663789999999999E-005
 aS =   0.11810000000000001     
 mdl_ymdo =    1.0000000000000000E-099
 mdl_ymb =    4.1799999999999997     
 mdl_ymt =    173.19999999999999     
 mdl_ymtau =    1.7769999999999999     
 mdl_LambdaSMEFT =    1000.0000000000000     
 mdl_cW =    1.0000000000000000     
 mdl_MZ =    91.187600000000003     
 mdl_MTA =    1.7769999999999999     
 mdl_MT =    173.19999999999999     
 mdl_MB =    4.1799999999999997     
 mdl_MH =    125.09000000000000     
 mdl_WZ =    2.4952000000000001     
 mdl_WW =    2.0850000000000000     
 mdl_WT =    1.5083359999999999     
 mdl_WH =    4.0699999999999998E-003
  Internal Params
  ---------------------------------
  
 mdl_ymm =    1.0000000000000000E-099
 mdl_yme =    1.0000000000000000E-099
 mdl_ymc =    1.0000000000000000E-099
 mdl_yms =    1.0000000000000000E-099
 mdl_ymup =    1.0000000000000000E-099
 mdl_conjg__CKM3x3 =    1.0000000000000000     
 mdl_cH =    0.0000000000000000     
 mdl_cHB =    0.0000000000000000     
 mdl_CKM2x2 =    1.0000000000000000     
 mdl_CKM1x1 =    1.0000000000000000     
 mdl_conjg__CKM1x1 =    1.0000000000000000     
 mdl_dGf =    0.0000000000000000     
 mdl_CKM3x3 =    1.0000000000000000     
 mdl_dMH2 =    0.0000000000000000     
 mdl_conjg__CKM2x2 =    1.0000000000000000     
 mdl_dg1 =    0.0000000000000000     
 mdl_cHW =    0.0000000000000000     
 mdl_dgw =    0.0000000000000000     
 mdl_complexi =  (  0.0000000000000000     ,  1.0000000000000000     )
 mdl_MW =    80.387000000000000     
 mdl_nb__2__exp__0_25 =    1.1892071150027210     
 mdl_MH__exp__2 =    15647.508100000001     
 mdl_sqrt__2 =    1.4142135623730951     
 mdl_MW__exp__2 =    6462.0697689999997     
 mdl_MZ__exp__2 =    8315.1783937600012     
 mdl_sth2 =   0.22285855299877133     
 mdl_MH__exp__6 =    3831206449390.3818     
 mdl_MT__exp__6 =    26995248278778.535     
 mdl_MH__exp__4 =    244844509.73956564     
 mdl_MT__exp__4 =    899894403.09759963     
 mdl_MT__exp__2 =    29998.239999999994     
 mdl_LambdaSMEFT__exp__2 =    1000000.0000000000     
 mdl_cth =   0.88155626422890820     
 mdl_sqrt__sth2 =   0.47207896902824564     
 mdl_sth =   0.47207896902824564     
 mdl_MW0__exp__6 =    269845343347.69711     
 mdl_MW0__exp__4 =    41758345.699423708     
 mdl_MW0__exp__2 =    6462.0697689999997     
 mdl_MZ__exp__4 =    69142191.720053151     
 mdl_MZ__exp__6 =    574929658687.79749     
 mdl_cth__exp__2 =   0.77714144700122867     
 mdl_sth__exp__2 =   0.22285855299877130     
 mdl_sth__exp__3 =   0.10520683593878660     
 mdl_cth__exp__3 =   0.68509391079585125     
 mdl_sth__exp__4 =    4.9665934644706158E-002
 mdl_sqrt__Gf =    3.4152291284773265E-003
 mdl_vevhat =    246.21961912951551     
 mdl_lam =   0.12905352724481209     
 mdl_aEW =    7.5614618607353409E-003
 mdl_yb =    2.4008698866559607E-002
 mdl_yc =    5.7437078628133041E-102
 mdl_ydo =    5.7437078628133041E-102
 mdl_ye =    5.7437078628133041E-102
 mdl_ym =    5.7437078628133041E-102
 mdl_ys =    5.7437078628133041E-102
 mdl_yt =   0.99481020183926416     
 mdl_ytau =    1.0206568872219240E-002
 mdl_yup =    5.7437078628133041E-102
 mdl_vevhat__exp__2 =    60624.100844283676     
 mdl_barlam =   0.12905352724481209     
 mdl_vevT =    246.21961912951551     
 mdl_sqrt__aEW =    8.6956666568672819E-002
 mdl_ee =   0.30825335704310214     
 mdl_gwsh =   0.65296989967087182     
 mdl_vev =    246.21961912951551     
 mdl_g1 =   0.34966952144878632     
 mdl_gw =   0.65296989967087182     
 mdl_ee__exp__2 =    9.5020132128342205E-002
 mdl_gHaa =   -1.9303830602986922E-003
 mdl_gHza =   -6.8546472954154700E-003
 mdl_g1sh =   0.34966952144878632     
 mdl_I1d11 =  (  5.7437078628133041E-102,  0.0000000000000000     )
 mdl_I1d22 =  (  5.7437078628133041E-102,  0.0000000000000000     )
 mdl_I1d33 =  (  2.4008698866559607E-002,  0.0000000000000000     )
 mdl_I2d11 =  (  5.7437078628133041E-102,  0.0000000000000000     )
 mdl_I2d22 =  (  5.7437078628133041E-102,  0.0000000000000000     )
 mdl_I2d33 =  ( 0.99481020183926416     ,  0.0000000000000000     )
 mdl_I3d11 =  (  5.7437078628133041E-102,  0.0000000000000000     )
 mdl_I3d22 =  (  5.7437078628133041E-102,  0.0000000000000000     )
 mdl_I3d33 =  (  2.4008698866559607E-002,  0.0000000000000000     )
 mdl_I4d11 =  (  5.7437078628133041E-102,  0.0000000000000000     )
 mdl_I4d22 =  (  5.7437078628133041E-102,  0.0000000000000000     )
 mdl_I4d33 =  ( 0.99481020183926416     ,  0.0000000000000000     )
 mdl_I5d11 =  (  5.7437078628133041E-102,  0.0000000000000000     )
 mdl_I5d22 =  (  5.7437078628133041E-102,  0.0000000000000000     )
 mdl_I5d33 =  (  2.4008698866559607E-002,  0.0000000000000000     )
 mdl_I6d11 =  (  5.7437078628133041E-102,  0.0000000000000000     )
 mdl_I6d22 =  (  5.7437078628133041E-102,  0.0000000000000000     )
 mdl_I6d33 =  ( 0.99481020183926416     ,  0.0000000000000000     )
 mdl_ee__exp__3 =    2.9290274715240611E-002
 mdl_vevhat__exp__3 =    14926843.019948866     
  Internal Params evaluated point by point
  ----------------------------------------
  
 mdl_sqrt__aS =   0.34365680554879169     
 mdl_G__exp__2 =    1.4840883695558185     
 mdl_gHgg =    3.2334372328970845E-003
 mdl_G__exp__3 =  (  1.8079634332366095     ,  0.0000000000000000     )
  Couplings of SMEFTsim_A_U35_MwScheme_UFO_v3_1-cW_massless
  ---------------------------------
  
        GC_64 =   0.00000E+00   0.52893E-05
       GC_345 =   0.00000E+00   0.28325E-05
         GC_1 =   0.00000E+00   0.10275E+00
         GC_2 =  -0.00000E+00  -0.20550E+00
         GC_3 =  -0.00000E+00  -0.30825E+00
       GC_278 =  -0.00000E+00  -0.37035E+00
       GC_280 =  -0.00000E+00  -0.57563E+00
       GC_318 =   0.00000E+00   0.39178E-05
       GC_328 =  -0.00000E+00  -0.55024E-01
       GC_329 =   0.00000E+00   0.11005E+00
       GC_330 =  -0.00000E+00  -0.16507E+00
      GC_1073 =  -0.00000E+00  -0.46172E+00

 Collider parameters:
 --------------------

 Running at P P   machine @    13000.000000000000       GeV
 PDF set = lhapdf 
 alpha_s(Mz)= 0.1247 running at 1 loops.
 alpha_s(Mz)= 0.1247 running at 1 loops.
 Renormalization scale set on event-by-event basis
 Factorization   scale set on event-by-event basis


 getting user params
Enter number of events and max and min iterations: 
 Number of events and iterations         2000           8           3
Enter desired fractional accuracy: 
 Desired fractional accuracy:    1.0000000000000000E-002
Enter 0 for fixed, 2 for adjustable grid: 
Suppress amplitude (0 no, 1 yes)? 
 Using suppressed amplitude.
Exact helicity sum (0 yes, n = number/event)? 
 Explicitly summing over helicities
Enter Configuration Number: 
Running Configuration Number:  133
 Using dconfig=          23
 BW Setting            2           1           2           0           0           0
 Attempting mappinvarients           1           8
 Completed mapping           8
 about to integrate           16        2000           8           3          16           1
 Using non-zero grid deformation.
 16 dimensions   2000 events 16 invarients  8 iterations  1 config(s),  (0.99)
 Using h-tuple random number sequence.
 Error opening grid
 Using Uniform Grid!          32
 Using uniform alpha   1.0000000000000000     
 Grid defined OK
 Set CM energy to      13000.00
 Mapping Graph         133  to config         133
Setting grid   1    0.59172E-04   1
 Setting BW          -2           2   80.387000000000000     
Setting grid   3    0.17093E-03   1
Setting grid   4    0.17093E-03   1
Setting grid   5    0.17093E-03   1
 Transforming s_hat 1/s           15   1.7092947600000000E-004   10000.000000000000        168999999.99999997     
 133   1   2   3   4   5   6   7   8   9  10  11  12  13  14
  15  16
 Masses: 0.000E+00 0.000E+00 0.000E+00 0.000E+00 0.000E+00 0.000E+00 0.000E+00 0.000E+00
Using random seed offsets   133 :      3
  with seed                   24
 Ranmar initialization seeds       31191        9400
 
 ********************************************
 * You are using the DiscreteSampler module *
 *      part of the MG5_aMC framework       *
 *         Author: Valentin Hirschi         *
 ********************************************
 
  Particle       3       4       5       6       7       8
      Et >     0.0     0.0     0.0     0.0    10.0    10.0
       E >     0.0     0.0     0.0     0.0     0.0     0.0
     Eta <    -1.0    -1.0    -1.0    -1.0     6.5     6.5
   xqcut:      0.0     0.0     0.0     0.0     0.0     0.0
d R # 3  >    -0.0     0.4     0.0     0.0     0.4     0.4
d R # 4  >    -0.0    -0.0     0.0     0.0     0.4     0.4
d R # 5  >    -0.0    -0.0    -0.0     0.0     0.0     0.0
d R # 6  >    -0.0    -0.0    -0.0    -0.0     0.0     0.0
d R # 7  >    -0.0    -0.0    -0.0    -0.0    -0.0     0.4
s min # 3>     0.0     0.0     0.0     0.0     0.0     0.0
s min # 4>     0.0     0.0     0.0     0.0     0.0     0.0
s min # 5>     0.0     0.0     0.0     0.0     0.0     0.0
s min # 6>     0.0     0.0     0.0     0.0     0.0     0.0
s min # 7>     0.0     0.0     0.0     0.0     0.0 10000.0
xqcutij # 3>     0.0     0.0     0.0     0.0     0.0     0.0
xqcutij # 4>     0.0     0.0     0.0     0.0     0.0     0.0
xqcutij # 5>     0.0     0.0     0.0     0.0     0.0     0.0
xqcutij # 6>     0.0     0.0     0.0     0.0     0.0     0.0
xqcutij # 7>     0.0     0.0     0.0     0.0     0.0     0.0
 Excluding BW           -1           1
 Requiring BW           -2           2
 Excluding BW           -5           3
 alpha_s for scale    18.798473086095118       is   0.16878095986539912     
 Added good helicity          193   256.00000000000000       in event            1 local:           1
 Added good helicity          193   256.00000000000000       in event            1 local:           1
 RESET CUMULATIVE VARIABLE
 RESET CUMULATIVE VARIABLE
 RESET CUMULATIVE VARIABLE
 Warning: Too low fact scales:   0.89146616480172181        48.854109287615238     
 Warning: Too low fact scales:   0.89146616480172225        48.854109287615238     
 Warning: Too low fact scales:   0.89146616480172225        48.854109287615238     
 Warning: Too low fact scales:    17.586874553096148        1.0093382857255402     
 Warning: Too low fact scales:    17.586874553096148        1.0093382857255402     
 Warning: Too low fact scales:    17.586874553096148        1.0093382857255402     
 Warning: Too low fact scales:   0.66731621515684081        72.895728016908862     
 Warning: Too low fact scales:   0.66731621515684092        72.895728016908862     
 Warning: Too low fact scales:   0.66731621515684081        72.895728016908862     
 Warning: Too low fact scales:   0.93715190857017128        16.717740312882661     
 Warning: Too low fact scales:   0.93715190857017128        16.717740312882661     
 No more warnings written out this run.
 Iteration  1   Mean: 0.4866E-11 Abs mean: 0.4866E-11   Fluctuation:  0.220E-11   0.406E-08    30.3%
  1    0.4866E-11 0.4866E-11 +- 0.2198E-11     20.20
 Writing out events   1.0023455128819065E-015   20.202641987504347     
 Relative summed weights:
  0.0000E+00  0.0000E+00  0.5866E-03  0.1868E-02  0.0000E+00  0.0000E+00  0.0000E+00  0.0000E+00  0.0000E+00  0.0000E+00  0.3820E-02  0.1428E-02  0.1912E-02  0.2617E-01  0.0000E+00  0.0000E+00  0.0000E+00  0.0000E+00  0.0000E+00  0.0000E+00  0.0000E+00  0.0000E+00  0.2729E-02  0.6222E-02  0.0000E+00  0.0000E+00  0.0000E+00  0.0000E+00  0.2566E-06  0.2044E-05  0.0000E+00  0.0000E+00
  0.0000E+00  0.0000E+00  0.1172E-02  0.1046E-02  0.0000E+00  0.0000E+00  0.0000E+00  0.0000E+00  0.0000E+00  0.0000E+00  0.2429E-01  0.8649E-03  0.0000E+00  0.0000E+00  0.0000E+00  0.0000E+00  0.0000E+00  0.0000E+00  0.0000E+00  0.0000E+00  0.0000E+00  0.0000E+00  0.0000E+00  0.0000E+00  0.0000E+00  0.0000E+00  0.0000E+00  0.0000E+00  0.0000E+00  0.0000E+00  0.0000E+00  0.0000E+00
  0.0000E+00  0.0000E+00  0.7320E-04  0.2038E-02  0.0000E+00  0.0000E+00  0.0000E+00  0.0000E+00  0.0000E+00  0.0000E+00  0.3890E-03  0.5153E-03  0.0000E+00  0.0000E+00  0.0000E+00  0.0000E+00  0.0000E+00  0.0000E+00  0.0000E+00  0.0000E+00  0.0000E+00  0.0000E+00  0.0000E+00  0.0000E+00  0.0000E+00  0.0000E+00  0.0000E+00  0.0000E+00  0.0000E+00  0.0000E+00  0.0000E+00  0.0000E+00
  0.0000E+00  0.0000E+00  0.5225E-02  0.2038E+00  0.0000E+00  0.0000E+00  0.0000E+00  0.0000E+00  0.0000E+00  0.0000E+00  0.6343E-01  0.5327E-02  0.6766E-01  0.4090E-02  0.0000E+00  0.0000E+00  0.0000E+00  0.0000E+00  0.0000E+00  0.0000E+00  0.0000E+00  0.0000E+00  0.4303E+00  0.1444E+00  0.0000E+00  0.0000E+00  0.0000E+00  0.0000E+00  0.1862E-05  0.6680E-03  0.0000E+00  0.0000E+00
 Relative number of events:
  0.0000E+00  0.0000E+00  0.3534E-01  0.2389E-01  0.0000E+00  0.0000E+00  0.0000E+00  0.0000E+00  0.0000E+00  0.0000E+00  0.3932E-01  0.4878E-01  0.4480E-01  0.4032E-01  0.0000E+00  0.0000E+00  0.0000E+00  0.0000E+00  0.0000E+00  0.0000E+00  0.0000E+00  0.0000E+00  0.4530E-01  0.5575E-01  0.0000E+00  0.0000E+00  0.0000E+00  0.0000E+00  0.1991E-02  0.4978E-02  0.0000E+00  0.0000E+00
  0.0000E+00  0.0000E+00  0.3584E-01  0.2837E-01  0.0000E+00  0.0000E+00  0.0000E+00  0.0000E+00  0.0000E+00  0.0000E+00  0.4331E-01  0.4281E-01  0.0000E+00  0.0000E+00  0.0000E+00  0.0000E+00  0.0000E+00  0.0000E+00  0.0000E+00  0.0000E+00  0.0000E+00  0.0000E+00  0.0000E+00  0.0000E+00  0.0000E+00  0.0000E+00  0.0000E+00  0.0000E+00  0.0000E+00  0.0000E+00  0.0000E+00  0.0000E+00
  0.0000E+00  0.0000E+00  0.2787E-01  0.3385E-01  0.0000E+00  0.0000E+00  0.0000E+00  0.0000E+00  0.0000E+00  0.0000E+00  0.3634E-01  0.5127E-01  0.0000E+00  0.0000E+00  0.0000E+00  0.0000E+00  0.0000E+00  0.0000E+00  0.0000E+00  0.0000E+00  0.0000E+00  0.0000E+00  0.0000E+00  0.0000E+00  0.0000E+00  0.0000E+00  0.0000E+00  0.0000E+00  0.0000E+00  0.0000E+00  0.0000E+00  0.0000E+00
  0.0000E+00  0.0000E+00  0.2987E-01  0.3385E-01  0.0000E+00  0.0000E+00  0.0000E+00  0.0000E+00  0.0000E+00  0.0000E+00  0.4978E-01  0.4281E-01  0.4430E-01  0.3733E-01  0.0000E+00  0.0000E+00  0.0000E+00  0.0000E+00  0.0000E+00  0.0000E+00  0.0000E+00  0.0000E+00  0.5475E-01  0.5326E-01  0.0000E+00  0.0000E+00  0.0000E+00  0.0000E+00  0.4480E-02  0.9457E-02  0.0000E+00  0.0000E+00
 Events:
           0           0          71          48           0           0           0           0           0           0          79          98          90          81           0           0           0           0           0           0           0           0          91         112           0           0           0           0           4          10           0           0
           0           0          72          57           0           0           0           0           0           0          87          86           0           0           0           0           0           0           0           0           0           0           0           0           0           0           0           0           0           0           0           0
           0           0          56          68           0           0           0           0           0           0          73         103           0           0           0           0           0           0           0           0           0           0           0           0           0           0           0           0           0           0           0           0
           0           0          60          68           0           0           0           0           0           0         100          86          89          75           0           0           0           0           0           0           0           0         110         107           0           0           0           0           9          19           0           0
 Iteration  2   Mean: 0.4134E-11 Abs mean: 0.4134E-11   Fluctuation:  0.979E-12   0.233E-08    74.6%
  2    0.4134E-11 0.4134E-11 +- 0.9791E-12     14.98
 Relative summed weights:
  0.0000E+00  0.0000E+00  0.6562E-01  0.5491E-01  0.0000E+00  0.0000E+00  0.0000E+00  0.0000E+00  0.0000E+00  0.0000E+00  0.1531E+00  0.1166E-01  0.2089E-01  0.4777E-01  0.0000E+00  0.0000E+00  0.0000E+00  0.0000E+00  0.0000E+00  0.0000E+00  0.0000E+00  0.0000E+00  0.8072E-01  0.1611E-01  0.0000E+00  0.0000E+00  0.0000E+00  0.0000E+00  0.3188E-02  0.2768E-03  0.0000E+00  0.0000E+00
  0.0000E+00  0.0000E+00  0.6002E-02  0.1379E-01  0.0000E+00  0.0000E+00  0.0000E+00  0.0000E+00  0.0000E+00  0.0000E+00  0.1791E+00  0.2993E-01  0.0000E+00  0.0000E+00  0.0000E+00  0.0000E+00  0.0000E+00  0.0000E+00  0.0000E+00  0.0000E+00  0.0000E+00  0.0000E+00  0.0000E+00  0.0000E+00  0.0000E+00  0.0000E+00  0.0000E+00  0.0000E+00  0.0000E+00  0.0000E+00  0.0000E+00  0.0000E+00
  0.0000E+00  0.0000E+00  0.1333E-02  0.1315E-01  0.0000E+00  0.0000E+00  0.0000E+00  0.0000E+00  0.0000E+00  0.0000E+00  0.4145E-01  0.6210E-01  0.0000E+00  0.0000E+00  0.0000E+00  0.0000E+00  0.0000E+00  0.0000E+00  0.0000E+00  0.0000E+00  0.0000E+00  0.0000E+00  0.0000E+00  0.0000E+00  0.0000E+00  0.0000E+00  0.0000E+00  0.0000E+00  0.0000E+00  0.0000E+00  0.0000E+00  0.0000E+00
  0.0000E+00  0.0000E+00  0.6111E-02  0.2710E-01  0.0000E+00  0.0000E+00  0.0000E+00  0.0000E+00  0.0000E+00  0.0000E+00  0.1263E-01  0.7528E-02  0.2385E-01  0.2046E-01  0.0000E+00  0.0000E+00  0.0000E+00  0.0000E+00  0.0000E+00  0.0000E+00  0.0000E+00  0.0000E+00  0.1593E-01  0.8426E-01  0.0000E+00  0.0000E+00  0.0000E+00  0.0000E+00  0.6011E-03  0.3912E-03  0.0000E+00  0.0000E+00
 Relative number of events:
  0.0000E+00  0.0000E+00  0.3100E-01  0.2900E-01  0.0000E+00  0.0000E+00  0.0000E+00  0.0000E+00  0.0000E+00  0.0000E+00  0.5000E-01  0.4925E-01  0.3525E-01  0.4600E-01  0.0000E+00  0.0000E+00  0.0000E+00  0.0000E+00  0.0000E+00  0.0000E+00  0.0000E+00  0.0000E+00  0.5025E-01  0.4975E-01  0.0000E+00  0.0000E+00  0.0000E+00  0.0000E+00  0.5500E-02  0.5500E-02  0.0000E+00  0.0000E+00
  0.0000E+00  0.0000E+00  0.3250E-01  0.2950E-01  0.0000E+00  0.0000E+00  0.0000E+00  0.0000E+00  0.0000E+00  0.0000E+00  0.4550E-01  0.4300E-01  0.0000E+00  0.0000E+00  0.0000E+00  0.0000E+00  0.0000E+00  0.0000E+00  0.0000E+00  0.0000E+00  0.0000E+00  0.0000E+00  0.0000E+00  0.0000E+00  0.0000E+00  0.0000E+00  0.0000E+00  0.0000E+00  0.0000E+00  0.0000E+00  0.0000E+00  0.0000E+00
  0.0000E+00  0.0000E+00  0.3025E-01  0.3375E-01  0.0000E+00  0.0000E+00  0.0000E+00  0.0000E+00  0.0000E+00  0.0000E+00  0.4175E-01  0.4300E-01  0.0000E+00  0.0000E+00  0.0000E+00  0.0000E+00  0.0000E+00  0.0000E+00  0.0000E+00  0.0000E+00  0.0000E+00  0.0000E+00  0.0000E+00  0.0000E+00  0.0000E+00  0.0000E+00  0.0000E+00  0.0000E+00  0.0000E+00  0.0000E+00  0.0000E+00  0.0000E+00
  0.0000E+00  0.0000E+00  0.3475E-01  0.3300E-01  0.0000E+00  0.0000E+00  0.0000E+00  0.0000E+00  0.0000E+00  0.0000E+00  0.4675E-01  0.4400E-01  0.4125E-01  0.4150E-01  0.0000E+00  0.0000E+00  0.0000E+00  0.0000E+00  0.0000E+00  0.0000E+00  0.0000E+00  0.0000E+00  0.4975E-01  0.5025E-01  0.0000E+00  0.0000E+00  0.0000E+00  0.0000E+00  0.4000E-02  0.4000E-02  0.0000E+00  0.0000E+00
 Events:
           0           0         124         116           0           0           0           0           0           0         200         197         141         184           0           0           0           0           0           0           0           0         201         199           0           0           0           0          22          22           0           0
           0           0         130         118           0           0           0           0           0           0         182         172           0           0           0           0           0           0           0           0           0           0           0           0           0           0           0           0           0           0           0           0
           0           0         121         135           0           0           0           0           0           0         167         172           0           0           0           0           0           0           0           0           0           0           0           0           0           0           0           0           0           0           0           0
           0           0         139         132           0           0           0           0           0           0         187         176         165         166           0           0           0           0           0           0           0           0         199         201           0           0           0           0          16          16           0           0
 Iteration  3   Mean: 0.3052E-10 Abs mean: 0.3052E-10   Fluctuation:  0.222E-10   0.177E-06    83.5%
  3    0.3052E-10 0.3052E-10 +- 0.2224E-10     65.18
 Relative summed weights:
  0.0000E+00  0.0000E+00  0.3531E-02  0.3597E-02  0.0000E+00  0.0000E+00  0.0000E+00  0.0000E+00  0.0000E+00  0.0000E+00  0.4054E-01  0.7297E+00  0.5896E-02  0.4927E-02  0.0000E+00  0.0000E+00  0.0000E+00  0.0000E+00  0.0000E+00  0.0000E+00  0.0000E+00  0.0000E+00  0.2388E-01  0.5834E-02  0.0000E+00  0.0000E+00  0.0000E+00  0.0000E+00  0.3969E-02  0.7965E-03  0.0000E+00  0.0000E+00
  0.0000E+00  0.0000E+00  0.1993E-02  0.5195E-02  0.0000E+00  0.0000E+00  0.0000E+00  0.0000E+00  0.0000E+00  0.0000E+00  0.2597E-01  0.3658E-02  0.0000E+00  0.0000E+00  0.0000E+00  0.0000E+00  0.0000E+00  0.0000E+00  0.0000E+00  0.0000E+00  0.0000E+00  0.0000E+00  0.0000E+00  0.0000E+00  0.0000E+00  0.0000E+00  0.0000E+00  0.0000E+00  0.0000E+00  0.0000E+00  0.0000E+00  0.0000E+00
  0.0000E+00  0.0000E+00  0.2207E-02  0.5064E-02  0.0000E+00  0.0000E+00  0.0000E+00  0.0000E+00  0.0000E+00  0.0000E+00  0.1053E-01  0.3411E-02  0.0000E+00  0.0000E+00  0.0000E+00  0.0000E+00  0.0000E+00  0.0000E+00  0.0000E+00  0.0000E+00  0.0000E+00  0.0000E+00  0.0000E+00  0.0000E+00  0.0000E+00  0.0000E+00  0.0000E+00  0.0000E+00  0.0000E+00  0.0000E+00  0.0000E+00  0.0000E+00
  0.0000E+00  0.0000E+00  0.1463E-02  0.3907E-01  0.0000E+00  0.0000E+00  0.0000E+00  0.0000E+00  0.0000E+00  0.0000E+00  0.7159E-02  0.6405E-02  0.2166E-01  0.2352E-01  0.0000E+00  0.0000E+00  0.0000E+00  0.0000E+00  0.0000E+00  0.0000E+00  0.0000E+00  0.0000E+00  0.7848E-02  0.1015E-01  0.0000E+00  0.0000E+00  0.0000E+00  0.0000E+00  0.1257E-03  0.1916E-02  0.0000E+00  0.0000E+00
 Relative number of events:
  0.0000E+00  0.0000E+00  0.2925E-01  0.3163E-01  0.0000E+00  0.0000E+00  0.0000E+00  0.0000E+00  0.0000E+00  0.0000E+00  0.4362E-01  0.4113E-01  0.4238E-01  0.4425E-01  0.0000E+00  0.0000E+00  0.0000E+00  0.0000E+00  0.0000E+00  0.0000E+00  0.0000E+00  0.0000E+00  0.4788E-01  0.4838E-01  0.0000E+00  0.0000E+00  0.0000E+00  0.0000E+00  0.3500E-02  0.3750E-02  0.0000E+00  0.0000E+00
  0.0000E+00  0.0000E+00  0.2813E-01  0.2937E-01  0.0000E+00  0.0000E+00  0.0000E+00  0.0000E+00  0.0000E+00  0.0000E+00  0.4138E-01  0.4100E-01  0.0000E+00  0.0000E+00  0.0000E+00  0.0000E+00  0.0000E+00  0.0000E+00  0.0000E+00  0.0000E+00  0.0000E+00  0.0000E+00  0.0000E+00  0.0000E+00  0.0000E+00  0.0000E+00  0.0000E+00  0.0000E+00  0.0000E+00  0.0000E+00  0.0000E+00  0.0000E+00
  0.0000E+00  0.0000E+00  0.3200E-01  0.3288E-01  0.0000E+00  0.0000E+00  0.0000E+00  0.0000E+00  0.0000E+00  0.0000E+00  0.4738E-01  0.4913E-01  0.0000E+00  0.0000E+00  0.0000E+00  0.0000E+00  0.0000E+00  0.0000E+00  0.0000E+00  0.0000E+00  0.0000E+00  0.0000E+00  0.0000E+00  0.0000E+00  0.0000E+00  0.0000E+00  0.0000E+00  0.0000E+00  0.0000E+00  0.0000E+00  0.0000E+00  0.0000E+00
  0.0000E+00  0.0000E+00  0.3175E-01  0.3238E-01  0.0000E+00  0.0000E+00  0.0000E+00  0.0000E+00  0.0000E+00  0.0000E+00  0.4863E-01  0.4888E-01  0.4238E-01  0.4250E-01  0.0000E+00  0.0000E+00  0.0000E+00  0.0000E+00  0.0000E+00  0.0000E+00  0.0000E+00  0.0000E+00  0.5137E-01  0.5625E-01  0.0000E+00  0.0000E+00  0.0000E+00  0.0000E+00  0.4750E-02  0.4125E-02  0.0000E+00  0.0000E+00
 Events:
           0           0         234         253           0           0           0           0           0           0         349         329         339         354           0           0           0           0           0           0           0           0         383         387           0           0           0           0          28          30           0           0
           0           0         225         235           0           0           0           0           0           0         331         328           0           0           0           0           0           0           0           0           0           0           0           0           0           0           0           0           0           0           0           0
           0           0         256         263           0           0           0           0           0           0         379         393           0           0           0           0           0           0           0           0           0           0           0           0           0           0           0           0           0           0           0           0
           0           0         254         259           0           0           0           0           0           0         389         391         339         340           0           0           0           0           0           0           0           0         411         450           0           0           0           0          38          33           0           0
 Accuracy:    0.783   0.010   0.202  15.099
 Found          386  events.
 Wrote            1  events.
 Actual xsec    6.2983856159960272E-012
 Correct abs xsec    6.2983856159960272E-012
 Event xsec    6.2983856159960280E-012
 Events wgts > 1:            0
 % Cross section > 1:    0.0000000000000000        0.0000000000000000     
 Iteration  4   Mean: 0.1135E-10 Abs mean: 0.1135E-10   Fluctuation:  0.294E-11   0.354E-07    83.9%
  4    0.1135E-10 0.1135E-10 +- 0.2941E-11     32.78
 Relative summed weights:
  0.0000E+00  0.0000E+00  0.8148E-02  0.5019E-02  0.0000E+00  0.0000E+00  0.0000E+00  0.0000E+00  0.0000E+00  0.0000E+00  0.1818E-01  0.4026E-01  0.5695E-01  0.7419E-01  0.0000E+00  0.0000E+00  0.0000E+00  0.0000E+00  0.0000E+00  0.0000E+00  0.0000E+00  0.0000E+00  0.2235E+00  0.4116E-01  0.0000E+00  0.0000E+00  0.0000E+00  0.0000E+00  0.1576E-02  0.3843E-02  0.0000E+00  0.0000E+00
  0.0000E+00  0.0000E+00  0.9707E-02  0.3039E-01  0.0000E+00  0.0000E+00  0.0000E+00  0.0000E+00  0.0000E+00  0.0000E+00  0.6359E-02  0.2440E-01  0.0000E+00  0.0000E+00  0.0000E+00  0.0000E+00  0.0000E+00  0.0000E+00  0.0000E+00  0.0000E+00  0.0000E+00  0.0000E+00  0.0000E+00  0.0000E+00  0.0000E+00  0.0000E+00  0.0000E+00  0.0000E+00  0.0000E+00  0.0000E+00  0.0000E+00  0.0000E+00
  0.0000E+00  0.0000E+00  0.7584E-02  0.4865E-02  0.0000E+00  0.0000E+00  0.0000E+00  0.0000E+00  0.0000E+00  0.0000E+00  0.1093E-01  0.8226E-02  0.0000E+00  0.0000E+00  0.0000E+00  0.0000E+00  0.0000E+00  0.0000E+00  0.0000E+00  0.0000E+00  0.0000E+00  0.0000E+00  0.0000E+00  0.0000E+00  0.0000E+00  0.0000E+00  0.0000E+00  0.0000E+00  0.0000E+00  0.0000E+00  0.0000E+00  0.0000E+00
  0.0000E+00  0.0000E+00  0.1871E-01  0.1165E-01  0.0000E+00  0.0000E+00  0.0000E+00  0.0000E+00  0.0000E+00  0.0000E+00  0.1559E+00  0.1326E-01  0.3121E-01  0.3400E-01  0.0000E+00  0.0000E+00  0.0000E+00  0.0000E+00  0.0000E+00  0.0000E+00  0.0000E+00  0.0000E+00  0.6316E-01  0.9578E-01  0.0000E+00  0.0000E+00  0.0000E+00  0.0000E+00  0.5932E-03  0.4278E-03  0.0000E+00  0.0000E+00
 Relative number of events:
  0.0000E+00  0.0000E+00  0.3263E-01  0.2925E-01  0.0000E+00  0.0000E+00  0.0000E+00  0.0000E+00  0.0000E+00  0.0000E+00  0.4725E-01  0.4337E-01  0.4238E-01  0.4238E-01  0.0000E+00  0.0000E+00  0.0000E+00  0.0000E+00  0.0000E+00  0.0000E+00  0.0000E+00  0.0000E+00  0.5050E-01  0.5063E-01  0.0000E+00  0.0000E+00  0.0000E+00  0.0000E+00  0.3375E-02  0.3750E-02  0.0000E+00  0.0000E+00
  0.0000E+00  0.0000E+00  0.3319E-01  0.3281E-01  0.0000E+00  0.0000E+00  0.0000E+00  0.0000E+00  0.0000E+00  0.0000E+00  0.4425E-01  0.4656E-01  0.0000E+00  0.0000E+00  0.0000E+00  0.0000E+00  0.0000E+00  0.0000E+00  0.0000E+00  0.0000E+00  0.0000E+00  0.0000E+00  0.0000E+00  0.0000E+00  0.0000E+00  0.0000E+00  0.0000E+00  0.0000E+00  0.0000E+00  0.0000E+00  0.0000E+00  0.0000E+00
  0.0000E+00  0.0000E+00  0.2856E-01  0.3225E-01  0.0000E+00  0.0000E+00  0.0000E+00  0.0000E+00  0.0000E+00  0.0000E+00  0.4531E-01  0.4619E-01  0.0000E+00  0.0000E+00  0.0000E+00  0.0000E+00  0.0000E+00  0.0000E+00  0.0000E+00  0.0000E+00  0.0000E+00  0.0000E+00  0.0000E+00  0.0000E+00  0.0000E+00  0.0000E+00  0.0000E+00  0.0000E+00  0.0000E+00  0.0000E+00  0.0000E+00  0.0000E+00
  0.0000E+00  0.0000E+00  0.3200E-01  0.3037E-01  0.0000E+00  0.0000E+00  0.0000E+00  0.0000E+00  0.0000E+00  0.0000E+00  0.4831E-01  0.4606E-01  0.4088E-01  0.4175E-01  0.0000E+00  0.0000E+00  0.0000E+00  0.0000E+00  0.0000E+00  0.0000E+00  0.0000E+00  0.0000E+00  0.4863E-01  0.5087E-01  0.0000E+00  0.0000E+00  0.0000E+00  0.0000E+00  0.3375E-02  0.3125E-02  0.0000E+00  0.0000E+00
 Events:
           0           0         522         468           0           0           0           0           0           0         756         694         678         678           0           0           0           0           0           0           0           0         808         810           0           0           0           0          54          60           0           0
           0           0         531         525           0           0           0           0           0           0         708         745           0           0           0           0           0           0           0           0           0           0           0           0           0           0           0           0           0           0           0           0
           0           0         457         516           0           0           0           0           0           0         725         739           0           0           0           0           0           0           0           0           0           0           0           0           0           0           0           0           0           0           0           0
           0           0         512         486           0           0           0           0           0           0         773         737         654         668           0           0           0           0           0           0           0           0         778         814           0           0           0           0          54          50           0           0
 Accuracy:    0.424   0.010   0.159   7.107
 Found          204  events.
 Wrote            5  events.
 Actual xsec    8.6755769934600342E-012
 Correct abs xsec    8.6755769934600342E-012
 Event xsec    8.6755769934600342E-012
 Events wgts > 1:            1
 % Cross section > 1:    2.2845747998688226E-019   2.6333404701393559E-006
 Iteration  5   Mean: 0.7436E-11 Abs mean: 0.7436E-11   Fluctuation:  0.851E-12   0.209E-07    82.6%
  5    0.7436E-11 0.7436E-11 +- 0.8511E-12     20.47
 Relative summed weights:
  0.0000E+00  0.0000E+00  0.5337E-01  0.2000E-01  0.0000E+00  0.0000E+00  0.0000E+00  0.0000E+00  0.0000E+00  0.0000E+00  0.1830E-01  0.3950E-01  0.5918E-01  0.6973E-01  0.0000E+00  0.0000E+00  0.0000E+00  0.0000E+00  0.0000E+00  0.0000E+00  0.0000E+00  0.0000E+00  0.5674E-01  0.4937E-01  0.0000E+00  0.0000E+00  0.0000E+00  0.0000E+00  0.3788E-02  0.2939E-02  0.0000E+00  0.0000E+00
  0.0000E+00  0.0000E+00  0.3151E-01  0.2268E-01  0.0000E+00  0.0000E+00  0.0000E+00  0.0000E+00  0.0000E+00  0.0000E+00  0.2012E-01  0.2829E-01  0.0000E+00  0.0000E+00  0.0000E+00  0.0000E+00  0.0000E+00  0.0000E+00  0.0000E+00  0.0000E+00  0.0000E+00  0.0000E+00  0.0000E+00  0.0000E+00  0.0000E+00  0.0000E+00  0.0000E+00  0.0000E+00  0.0000E+00  0.0000E+00  0.0000E+00  0.0000E+00
  0.0000E+00  0.0000E+00  0.2693E-01  0.1911E-01  0.0000E+00  0.0000E+00  0.0000E+00  0.0000E+00  0.0000E+00  0.0000E+00  0.1231E+00  0.2314E-01  0.0000E+00  0.0000E+00  0.0000E+00  0.0000E+00  0.0000E+00  0.0000E+00  0.0000E+00  0.0000E+00  0.0000E+00  0.0000E+00  0.0000E+00  0.0000E+00  0.0000E+00  0.0000E+00  0.0000E+00  0.0000E+00  0.0000E+00  0.0000E+00  0.0000E+00  0.0000E+00
  0.0000E+00  0.0000E+00  0.1891E-01  0.2397E-01  0.0000E+00  0.0000E+00  0.0000E+00  0.0000E+00  0.0000E+00  0.0000E+00  0.2429E-01  0.2293E-01  0.4067E-01  0.3475E-01  0.0000E+00  0.0000E+00  0.0000E+00  0.0000E+00  0.0000E+00  0.0000E+00  0.0000E+00  0.0000E+00  0.1081E+00  0.5134E-01  0.0000E+00  0.0000E+00  0.0000E+00  0.0000E+00  0.6518E-02  0.6321E-03  0.0000E+00  0.0000E+00
 Relative number of events:
  0.0000E+00  0.0000E+00  0.3106E-01  0.3059E-01  0.0000E+00  0.0000E+00  0.0000E+00  0.0000E+00  0.0000E+00  0.0000E+00  0.4625E-01  0.4556E-01  0.4291E-01  0.4238E-01  0.0000E+00  0.0000E+00  0.0000E+00  0.0000E+00  0.0000E+00  0.0000E+00  0.0000E+00  0.0000E+00  0.5009E-01  0.5034E-01  0.0000E+00  0.0000E+00  0.0000E+00  0.0000E+00  0.3219E-02  0.3187E-02  0.0000E+00  0.0000E+00
  0.0000E+00  0.0000E+00  0.3156E-01  0.3194E-01  0.0000E+00  0.0000E+00  0.0000E+00  0.0000E+00  0.0000E+00  0.0000E+00  0.4719E-01  0.4709E-01  0.0000E+00  0.0000E+00  0.0000E+00  0.0000E+00  0.0000E+00  0.0000E+00  0.0000E+00  0.0000E+00  0.0000E+00  0.0000E+00  0.0000E+00  0.0000E+00  0.0000E+00  0.0000E+00  0.0000E+00  0.0000E+00  0.0000E+00  0.0000E+00  0.0000E+00  0.0000E+00
  0.0000E+00  0.0000E+00  0.3231E-01  0.2975E-01  0.0000E+00  0.0000E+00  0.0000E+00  0.0000E+00  0.0000E+00  0.0000E+00  0.4516E-01  0.4619E-01  0.0000E+00  0.0000E+00  0.0000E+00  0.0000E+00  0.0000E+00  0.0000E+00  0.0000E+00  0.0000E+00  0.0000E+00  0.0000E+00  0.0000E+00  0.0000E+00  0.0000E+00  0.0000E+00  0.0000E+00  0.0000E+00  0.0000E+00  0.0000E+00  0.0000E+00  0.0000E+00
  0.0000E+00  0.0000E+00  0.3059E-01  0.3213E-01  0.0000E+00  0.0000E+00  0.0000E+00  0.0000E+00  0.0000E+00  0.0000E+00  0.4556E-01  0.4612E-01  0.4147E-01  0.4141E-01  0.0000E+00  0.0000E+00  0.0000E+00  0.0000E+00  0.0000E+00  0.0000E+00  0.0000E+00  0.0000E+00  0.4975E-01  0.4916E-01  0.0000E+00  0.0000E+00  0.0000E+00  0.0000E+00  0.3438E-02  0.3594E-02  0.0000E+00  0.0000E+00
 Events:
           0           0         994         979           0           0           0           0           0           0        1480        1458        1373        1356           0           0           0           0           0           0           0           0        1603        1611           0           0           0           0         103         102           0           0
           0           0        1010        1022           0           0           0           0           0           0        1510        1507           0           0           0           0           0           0           0           0           0           0           0           0           0           0           0           0           0           0           0           0
           0           0        1034         952           0           0           0           0           0           0        1445        1478           0           0           0           0           0           0           0           0           0           0           0           0           0           0           0           0           0           0           0           0
           0           0         979        1028           0           0           0           0           0           0        1458        1476        1327        1325           0           0           0           0           0           0           0           0        1592        1573           0           0           0           0         110         115           0           0
 Accuracy:    0.230   0.010   0.093   6.118
 Found         1207  events.
 Wrote            8  events.
 Actual xsec    8.5288278093575442E-012
 Correct abs xsec    8.5288278093575442E-012
 Event xsec    8.5288278093575458E-012
 Events wgts > 1:            1
 % Cross section > 1:    6.7305292951101000E-020   7.8915056623907773E-007
 Iteration  6   Mean: 0.7604E-11 Abs mean: 0.7604E-11   Fluctuation:  0.249E-12   0.463E-08    80.7%
  6    0.7604E-11 0.7604E-11 +- 0.2491E-12      8.29
 Relative summed weights:
  0.0000E+00  0.0000E+00  0.2256E-01  0.3317E-01  0.0000E+00  0.0000E+00  0.0000E+00  0.0000E+00  0.0000E+00  0.0000E+00  0.3633E-01  0.2874E-01  0.4485E-01  0.3505E-01  0.0000E+00  0.0000E+00  0.0000E+00  0.0000E+00  0.0000E+00  0.0000E+00  0.0000E+00  0.0000E+00  0.6300E-01  0.7698E-01  0.0000E+00  0.0000E+00  0.0000E+00  0.0000E+00  0.3400E-02  0.6944E-02  0.0000E+00  0.0000E+00
  0.0000E+00  0.0000E+00  0.2274E-01  0.3165E-01  0.0000E+00  0.0000E+00  0.0000E+00  0.0000E+00  0.0000E+00  0.0000E+00  0.4321E-01  0.4226E-01  0.0000E+00  0.0000E+00  0.0000E+00  0.0000E+00  0.0000E+00  0.0000E+00  0.0000E+00  0.0000E+00  0.0000E+00  0.0000E+00  0.0000E+00  0.0000E+00  0.0000E+00  0.0000E+00  0.0000E+00  0.0000E+00  0.0000E+00  0.0000E+00  0.0000E+00  0.0000E+00
  0.0000E+00  0.0000E+00  0.2284E-01  0.3592E-01  0.0000E+00  0.0000E+00  0.0000E+00  0.0000E+00  0.0000E+00  0.0000E+00  0.3028E-01  0.2499E-01  0.0000E+00  0.0000E+00  0.0000E+00  0.0000E+00  0.0000E+00  0.0000E+00  0.0000E+00  0.0000E+00  0.0000E+00  0.0000E+00  0.0000E+00  0.0000E+00  0.0000E+00  0.0000E+00  0.0000E+00  0.0000E+00  0.0000E+00  0.0000E+00  0.0000E+00  0.0000E+00
  0.0000E+00  0.0000E+00  0.2308E-01  0.3214E-01  0.0000E+00  0.0000E+00  0.0000E+00  0.0000E+00  0.0000E+00  0.0000E+00  0.3465E-01  0.3621E-01  0.4881E-01  0.5322E-01  0.0000E+00  0.0000E+00  0.0000E+00  0.0000E+00  0.0000E+00  0.0000E+00  0.0000E+00  0.0000E+00  0.7460E-01  0.8717E-01  0.0000E+00  0.0000E+00  0.0000E+00  0.0000E+00  0.2791E-02  0.2425E-02  0.0000E+00  0.0000E+00
 Relative number of events:
  0.0000E+00  0.0000E+00  0.3030E-01  0.3123E-01  0.0000E+00  0.0000E+00  0.0000E+00  0.0000E+00  0.0000E+00  0.0000E+00  0.4684E-01  0.4527E-01  0.4264E-01  0.4202E-01  0.0000E+00  0.0000E+00  0.0000E+00  0.0000E+00  0.0000E+00  0.0000E+00  0.0000E+00  0.0000E+00  0.5091E-01  0.5038E-01  0.0000E+00  0.0000E+00  0.0000E+00  0.0000E+00  0.3406E-02  0.3141E-02  0.0000E+00  0.0000E+00
  0.0000E+00  0.0000E+00  0.3108E-01  0.3194E-01  0.0000E+00  0.0000E+00  0.0000E+00  0.0000E+00  0.0000E+00  0.0000E+00  0.4547E-01  0.4705E-01  0.0000E+00  0.0000E+00  0.0000E+00  0.0000E+00  0.0000E+00  0.0000E+00  0.0000E+00  0.0000E+00  0.0000E+00  0.0000E+00  0.0000E+00  0.0000E+00  0.0000E+00  0.0000E+00  0.0000E+00  0.0000E+00  0.0000E+00  0.0000E+00  0.0000E+00  0.0000E+00
  0.0000E+00  0.0000E+00  0.3117E-01  0.3156E-01  0.0000E+00  0.0000E+00  0.0000E+00  0.0000E+00  0.0000E+00  0.0000E+00  0.4600E-01  0.4623E-01  0.0000E+00  0.0000E+00  0.0000E+00  0.0000E+00  0.0000E+00  0.0000E+00  0.0000E+00  0.0000E+00  0.0000E+00  0.0000E+00  0.0000E+00  0.0000E+00  0.0000E+00  0.0000E+00  0.0000E+00  0.0000E+00  0.0000E+00  0.0000E+00  0.0000E+00  0.0000E+00
  0.0000E+00  0.0000E+00  0.3069E-01  0.3070E-01  0.0000E+00  0.0000E+00  0.0000E+00  0.0000E+00  0.0000E+00  0.0000E+00  0.4612E-01  0.4722E-01  0.4223E-01  0.4050E-01  0.0000E+00  0.0000E+00  0.0000E+00  0.0000E+00  0.0000E+00  0.0000E+00  0.0000E+00  0.0000E+00  0.4923E-01  0.5086E-01  0.0000E+00  0.0000E+00  0.0000E+00  0.0000E+00  0.2969E-02  0.2844E-02  0.0000E+00  0.0000E+00
 Events:
           0           0        1939        1999           0           0           0           0           0           0        2998        2897        2729        2689           0           0           0           0           0           0           0           0        3258        3224           0           0           0           0         218         201           0           0
           0           0        1989        2044           0           0           0           0           0           0        2910        3011           0           0           0           0           0           0           0           0           0           0           0           0           0           0           0           0           0           0           0           0
           0           0        1995        2020           0           0           0           0           0           0        2944        2959           0           0           0           0           0           0           0           0           0           0           0           0           0           0           0           0           0           0           0           0
           0           0        1964        1965           0           0           0           0           0           0        2952        3022        2703        2592           0           0           0           0           0           0           0           0        3151        3255           0           0           0           0         190         182           0           0
 Accuracy:    0.069   0.010   0.031   5.005
 Found         3973  events.
 Wrote          177  events.
 Actual xsec    7.6461947480188973E-012
 Correct abs xsec    7.6461947480188973E-012
 Event xsec    7.6461947480189376E-012
 Events wgts > 1:            6
 % Cross section > 1:    7.1427872224793686E-014  0.93416234582960400     
 Iteration  7   Mean: 0.7996E-11 Abs mean: 0.7996E-11   Fluctuation:  0.177E-12   0.612E-08    80.6%
  7    0.7996E-11 0.7996E-11 +- 0.1773E-12      7.93
 Relative summed weights:
  0.0000E+00  0.0000E+00  0.1901E-01  0.2592E-01  0.0000E+00  0.0000E+00  0.0000E+00  0.0000E+00  0.0000E+00  0.0000E+00  0.3515E-01  0.3165E-01  0.6334E-01  0.5421E-01  0.0000E+00  0.0000E+00  0.0000E+00  0.0000E+00  0.0000E+00  0.0000E+00  0.0000E+00  0.0000E+00  0.6360E-01  0.7452E-01  0.0000E+00  0.0000E+00  0.0000E+00  0.0000E+00  0.4405E-02  0.4202E-02  0.0000E+00  0.0000E+00
  0.0000E+00  0.0000E+00  0.2508E-01  0.2363E-01  0.0000E+00  0.0000E+00  0.0000E+00  0.0000E+00  0.0000E+00  0.0000E+00  0.3860E-01  0.3458E-01  0.0000E+00  0.0000E+00  0.0000E+00  0.0000E+00  0.0000E+00  0.0000E+00  0.0000E+00  0.0000E+00  0.0000E+00  0.0000E+00  0.0000E+00  0.0000E+00  0.0000E+00  0.0000E+00  0.0000E+00  0.0000E+00  0.0000E+00  0.0000E+00  0.0000E+00  0.0000E+00
  0.0000E+00  0.0000E+00  0.2753E-01  0.2567E-01  0.0000E+00  0.0000E+00  0.0000E+00  0.0000E+00  0.0000E+00  0.0000E+00  0.3543E-01  0.3746E-01  0.0000E+00  0.0000E+00  0.0000E+00  0.0000E+00  0.0000E+00  0.0000E+00  0.0000E+00  0.0000E+00  0.0000E+00  0.0000E+00  0.0000E+00  0.0000E+00  0.0000E+00  0.0000E+00  0.0000E+00  0.0000E+00  0.0000E+00  0.0000E+00  0.0000E+00  0.0000E+00
  0.0000E+00  0.0000E+00  0.3187E-01  0.2822E-01  0.0000E+00  0.0000E+00  0.0000E+00  0.0000E+00  0.0000E+00  0.0000E+00  0.3007E-01  0.3135E-01  0.4916E-01  0.4791E-01  0.0000E+00  0.0000E+00  0.0000E+00  0.0000E+00  0.0000E+00  0.0000E+00  0.0000E+00  0.0000E+00  0.7826E-01  0.7420E-01  0.0000E+00  0.0000E+00  0.0000E+00  0.0000E+00  0.2852E-02  0.2113E-02  0.0000E+00  0.0000E+00
 Relative number of events:
  0.0000E+00  0.0000E+00  0.3086E-01  0.3110E-01  0.0000E+00  0.0000E+00  0.0000E+00  0.0000E+00  0.0000E+00  0.0000E+00  0.4686E-01  0.4605E-01  0.4134E-01  0.4211E-01  0.0000E+00  0.0000E+00  0.0000E+00  0.0000E+00  0.0000E+00  0.0000E+00  0.0000E+00  0.0000E+00  0.5016E-01  0.4913E-01  0.0000E+00  0.0000E+00  0.0000E+00  0.0000E+00  0.3289E-02  0.3109E-02  0.0000E+00  0.0000E+00
  0.0000E+00  0.0000E+00  0.3094E-01  0.3180E-01  0.0000E+00  0.0000E+00  0.0000E+00  0.0000E+00  0.0000E+00  0.0000E+00  0.4584E-01  0.4628E-01  0.0000E+00  0.0000E+00  0.0000E+00  0.0000E+00  0.0000E+00  0.0000E+00  0.0000E+00  0.0000E+00  0.0000E+00  0.0000E+00  0.0000E+00  0.0000E+00  0.0000E+00  0.0000E+00  0.0000E+00  0.0000E+00  0.0000E+00  0.0000E+00  0.0000E+00  0.0000E+00
  0.0000E+00  0.0000E+00  0.3163E-01  0.3010E-01  0.0000E+00  0.0000E+00  0.0000E+00  0.0000E+00  0.0000E+00  0.0000E+00  0.4599E-01  0.4560E-01  0.0000E+00  0.0000E+00  0.0000E+00  0.0000E+00  0.0000E+00  0.0000E+00  0.0000E+00  0.0000E+00  0.0000E+00  0.0000E+00  0.0000E+00  0.0000E+00  0.0000E+00  0.0000E+00  0.0000E+00  0.0000E+00  0.0000E+00  0.0000E+00  0.0000E+00  0.0000E+00
  0.0000E+00  0.0000E+00  0.3227E-01  0.3141E-01  0.0000E+00  0.0000E+00  0.0000E+00  0.0000E+00  0.0000E+00  0.0000E+00  0.4689E-01  0.4532E-01  0.4147E-01  0.4202E-01  0.0000E+00  0.0000E+00  0.0000E+00  0.0000E+00  0.0000E+00  0.0000E+00  0.0000E+00  0.0000E+00  0.5179E-01  0.5097E-01  0.0000E+00  0.0000E+00  0.0000E+00  0.0000E+00  0.2820E-02  0.2836E-02  0.0000E+00  0.0000E+00
 Events:
           0           0        3950        3981           0           0           0           0           0           0        5998        5895        5292        5390           0           0           0           0           0           0           0           0        6421        6289           0           0           0           0         421         398           0           0
           0           0        3960        4070           0           0           0           0           0           0        5868        5924           0           0           0           0           0           0           0           0           0           0           0           0           0           0           0           0           0           0           0           0
           0           0        4049        3853           0           0           0           0           0           0        5887        5837           0           0           0           0           0           0           0           0           0           0           0           0           0           0           0           0           0           0           0           0
           0           0        4131        4020           0           0           0           0           0           0        6002        5801        5308        5378           0           0           0           0           0           0           0           0        6629        6524           0           0           0           0         361         363           0           0
 Accuracy:    0.037   0.010   0.018   4.179
 Found         9380  events.
 Wrote          244  events.
 Actual xsec    7.8617095693484078E-012
 Correct abs xsec    7.8617095693484078E-012
 Event xsec    7.8617095693484320E-012
 Events wgts > 1:            7
 % Cross section > 1:    7.2198231834970463E-014  0.91835282387510220     
 Iteration  8   Mean: 0.8017E-11 Abs mean: 0.8017E-11   Fluctuation:  0.117E-12   0.134E-07    80.1%
  8    0.8017E-11 0.8017E-11 +- 0.1172E-12      7.40
 Relative summed weights:
  0.0000E+00  0.0000E+00  0.2690E-01  0.2861E-01  0.0000E+00  0.0000E+00  0.0000E+00  0.0000E+00  0.0000E+00  0.0000E+00  0.3674E-01  0.3494E-01  0.4925E-01  0.5754E-01  0.0000E+00  0.0000E+00  0.0000E+00  0.0000E+00  0.0000E+00  0.0000E+00  0.0000E+00  0.0000E+00  0.6500E-01  0.7280E-01  0.0000E+00  0.0000E+00  0.0000E+00  0.0000E+00  0.3613E-02  0.4459E-02  0.0000E+00  0.0000E+00
  0.0000E+00  0.0000E+00  0.2925E-01  0.2885E-01  0.0000E+00  0.0000E+00  0.0000E+00  0.0000E+00  0.0000E+00  0.0000E+00  0.3630E-01  0.3530E-01  0.0000E+00  0.0000E+00  0.0000E+00  0.0000E+00  0.0000E+00  0.0000E+00  0.0000E+00  0.0000E+00  0.0000E+00  0.0000E+00  0.0000E+00  0.0000E+00  0.0000E+00  0.0000E+00  0.0000E+00  0.0000E+00  0.0000E+00  0.0000E+00  0.0000E+00  0.0000E+00
  0.0000E+00  0.0000E+00  0.2599E-01  0.2587E-01  0.0000E+00  0.0000E+00  0.0000E+00  0.0000E+00  0.0000E+00  0.0000E+00  0.3544E-01  0.3465E-01  0.0000E+00  0.0000E+00  0.0000E+00  0.0000E+00  0.0000E+00  0.0000E+00  0.0000E+00  0.0000E+00  0.0000E+00  0.0000E+00  0.0000E+00  0.0000E+00  0.0000E+00  0.0000E+00  0.0000E+00  0.0000E+00  0.0000E+00  0.0000E+00  0.0000E+00  0.0000E+00
  0.0000E+00  0.0000E+00  0.2618E-01  0.2265E-01  0.0000E+00  0.0000E+00  0.0000E+00  0.0000E+00  0.0000E+00  0.0000E+00  0.3505E-01  0.3374E-01  0.6069E-01  0.5186E-01  0.0000E+00  0.0000E+00  0.0000E+00  0.0000E+00  0.0000E+00  0.0000E+00  0.0000E+00  0.0000E+00  0.6758E-01  0.6277E-01  0.0000E+00  0.0000E+00  0.0000E+00  0.0000E+00  0.4359E-02  0.3628E-02  0.0000E+00  0.0000E+00
 Relative number of events:
  0.0000E+00  0.0000E+00  0.3128E-01  0.3080E-01  0.0000E+00  0.0000E+00  0.0000E+00  0.0000E+00  0.0000E+00  0.0000E+00  0.4635E-01  0.4638E-01  0.4208E-01  0.4201E-01  0.0000E+00  0.0000E+00  0.0000E+00  0.0000E+00  0.0000E+00  0.0000E+00  0.0000E+00  0.0000E+00  0.5046E-01  0.5051E-01  0.0000E+00  0.0000E+00  0.0000E+00  0.0000E+00  0.2816E-02  0.2957E-02  0.0000E+00  0.0000E+00
  0.0000E+00  0.0000E+00  0.3093E-01  0.3060E-01  0.0000E+00  0.0000E+00  0.0000E+00  0.0000E+00  0.0000E+00  0.0000E+00  0.4592E-01  0.4627E-01  0.0000E+00  0.0000E+00  0.0000E+00  0.0000E+00  0.0000E+00  0.0000E+00  0.0000E+00  0.0000E+00  0.0000E+00  0.0000E+00  0.0000E+00  0.0000E+00  0.0000E+00  0.0000E+00  0.0000E+00  0.0000E+00  0.0000E+00  0.0000E+00  0.0000E+00  0.0000E+00
  0.0000E+00  0.0000E+00  0.3114E-01  0.3159E-01  0.0000E+00  0.0000E+00  0.0000E+00  0.0000E+00  0.0000E+00  0.0000E+00  0.4624E-01  0.4639E-01  0.0000E+00  0.0000E+00  0.0000E+00  0.0000E+00  0.0000E+00  0.0000E+00  0.0000E+00  0.0000E+00  0.0000E+00  0.0000E+00  0.0000E+00  0.0000E+00  0.0000E+00  0.0000E+00  0.0000E+00  0.0000E+00  0.0000E+00  0.0000E+00  0.0000E+00  0.0000E+00
  0.0000E+00  0.0000E+00  0.3153E-01  0.3054E-01  0.0000E+00  0.0000E+00  0.0000E+00  0.0000E+00  0.0000E+00  0.0000E+00  0.4582E-01  0.4642E-01  0.4170E-01  0.4240E-01  0.0000E+00  0.0000E+00  0.0000E+00  0.0000E+00  0.0000E+00  0.0000E+00  0.0000E+00  0.0000E+00  0.5048E-01  0.5063E-01  0.0000E+00  0.0000E+00  0.0000E+00  0.0000E+00  0.2848E-02  0.2902E-02  0.0000E+00  0.0000E+00
Thanks for using LHAPDF 6.2.1. Please make sure to cite the paper:
  Eur.Phys.J. C75 (2015) 3, 132  (http://arxiv.org/abs/1412.7420)
 Events:
           0           0        8007        7884           0           0           0           0           0           0       11865       11874       10772       10755           0           0           0           0           0           0           0           0       12919       12931           0           0           0           0         721         757           0           0
           0           0        7918        7833           0           0           0           0           0           0       11756       11845           0           0           0           0           0           0           0           0           0           0           0           0           0           0           0           0           0           0           0           0
           0           0        7972        8088           0           0           0           0           0           0       11838       11876           0           0           0           0           0           0           0           0           0           0           0           0           0           0           0           0           0           0           0           0
           0           0        8072        7818           0           0           0           0           0           0       11729       11884       10675       10855           0           0           0           0           0           0           0           0       12924       12960           0           0           0           0         729         743           0           0
 Accuracy:    0.022   0.010   0.011   3.596
 Found        20060  events.
 Wrote          471  events.
 Actual xsec    7.9608526994460688E-012
 Correct abs xsec    7.9608526994460688E-012
 Event xsec    7.9608526994461156E-012
 Events wgts > 1:            8
 % Cross section > 1:    6.9113338146942976E-014  0.86816501644040733     

 -------------------------------------------------------------------------------
 Accumulated results:   Integral =  0.7957E-11
                        Std dev  =  0.9034E-13
                       Cross sec =  0.7957E-11
             Chi**2 per DoF.     =      3.5957
 -------------------------------------------------------------------------------
-------------------------------------------------
---------------------------
 Results Last   3 iters: Integral =   0.7961E-11
                     Abs integral =   0.7961E-11
                          Std dev =   0.9107E-13
                  Chi**2 per DoF. =      1.1583
-------------------------------------------------
---------------------------
 Status   1.0000000000000000E-002           9           8

ls status:
events.lhe
ftn26
input_app.txt
results.dat
run1_app.log
