==== LHAPDF6 USING DEFAULT-TYPE LHAGLUE INTERFACE ====
LHAPDF 6.2.1 loading /cvmfs/cms.cern.ch/slc6_amd64_gcc630/external/lhapdf/6.2.1-ghjeda2/share/LHAPDF/NNPDF30_lo_as_0130_nf_4/NNPDF30_lo_as_0130_nf_4_0000.dat
NNPDF30_lo_as_0130_nf_4 PDF set, member #0, version 2; LHAPDF ID = 263400
 Process in group number            1
 A PDF is used, so alpha_s(MZ) is going to be modified
 Old value of alpha_s from param_card:   0.11810000000000001     
 New value of alpha_s from PDF lhapdf :  0.12470044313224841     
 using LHAPDF
 Define smin to   10000.000000000000     
 Define smin to   10000.000000000000     
 Define smin to   10000.000000000000     
 Define smin to   10000.000000000000     
 Define smin to   10000.000000000000     
 Define smin to   10000.000000000000     
 Define smin to   10000.000000000000     
 *****************************************************
 *               MadGraph/MadEvent                   *
 *        --------------------------------           *
 *          http://madgraph.hep.uiuc.edu             *
 *          http://madgraph.phys.ucl.ac.be           *
 *          http://madgraph.roma2.infn.it            *
 *        --------------------------------           *
 *                                                   *
 *          PARAMETER AND COUPLING VALUES            *
 *                                                   *
 *****************************************************

  External Params
  ---------------------------------
  
 mdl_MW0 =    80.387000000000000     
 mdl_Gf =    1.1663789999999999E-005
 aS =   0.11810000000000001     
 mdl_ymdo =    1.0000000000000000E-099
 mdl_ymb =    4.1799999999999997     
 mdl_ymt =    173.19999999999999     
 mdl_ymtau =    1.7769999999999999     
 mdl_LambdaSMEFT =    1000.0000000000000     
 mdl_cW =    1.0000000000000000     
 mdl_MZ =    91.187600000000003     
 mdl_MTA =    1.7769999999999999     
 mdl_MT =    173.19999999999999     
 mdl_MB =    4.1799999999999997     
 mdl_MH =    125.09000000000000     
 mdl_WZ =    2.4952000000000001     
 mdl_WW =    2.0850000000000000     
 mdl_WT =    1.5083359999999999     
 mdl_WH =    4.0699999999999998E-003
  Internal Params
  ---------------------------------
  
 mdl_ymm =    1.0000000000000000E-099
 mdl_yme =    1.0000000000000000E-099
 mdl_ymc =    1.0000000000000000E-099
 mdl_yms =    1.0000000000000000E-099
 mdl_ymup =    1.0000000000000000E-099
 mdl_conjg__CKM3x3 =    1.0000000000000000     
 mdl_cH =    0.0000000000000000     
 mdl_cHB =    0.0000000000000000     
 mdl_CKM2x2 =    1.0000000000000000     
 mdl_CKM1x1 =    1.0000000000000000     
 mdl_conjg__CKM1x1 =    1.0000000000000000     
 mdl_dGf =    0.0000000000000000     
 mdl_CKM3x3 =    1.0000000000000000     
 mdl_dMH2 =    0.0000000000000000     
 mdl_conjg__CKM2x2 =    1.0000000000000000     
 mdl_dg1 =    0.0000000000000000     
 mdl_cHW =    0.0000000000000000     
 mdl_dgw =    0.0000000000000000     
 mdl_complexi =  (  0.0000000000000000     ,  1.0000000000000000     )
 mdl_MW =    80.387000000000000     
 mdl_nb__2__exp__0_25 =    1.1892071150027210     
 mdl_MH__exp__2 =    15647.508100000001     
 mdl_sqrt__2 =    1.4142135623730951     
 mdl_MW__exp__2 =    6462.0697689999997     
 mdl_MZ__exp__2 =    8315.1783937600012     
 mdl_sth2 =   0.22285855299877133     
 mdl_MH__exp__6 =    3831206449390.3818     
 mdl_MT__exp__6 =    26995248278778.535     
 mdl_MH__exp__4 =    244844509.73956564     
 mdl_MT__exp__4 =    899894403.09759963     
 mdl_MT__exp__2 =    29998.239999999994     
 mdl_LambdaSMEFT__exp__2 =    1000000.0000000000     
 mdl_cth =   0.88155626422890820     
 mdl_sqrt__sth2 =   0.47207896902824564     
 mdl_sth =   0.47207896902824564     
 mdl_MW0__exp__6 =    269845343347.69711     
 mdl_MW0__exp__4 =    41758345.699423708     
 mdl_MW0__exp__2 =    6462.0697689999997     
 mdl_MZ__exp__4 =    69142191.720053151     
 mdl_MZ__exp__6 =    574929658687.79749     
 mdl_cth__exp__2 =   0.77714144700122867     
 mdl_sth__exp__2 =   0.22285855299877130     
 mdl_sth__exp__3 =   0.10520683593878660     
 mdl_cth__exp__3 =   0.68509391079585125     
 mdl_sth__exp__4 =    4.9665934644706158E-002
 mdl_sqrt__Gf =    3.4152291284773265E-003
 mdl_vevhat =    246.21961912951551     
 mdl_lam =   0.12905352724481209     
 mdl_aEW =    7.5614618607353409E-003
 mdl_yb =    2.4008698866559607E-002
 mdl_yc =    5.7437078628133041E-102
 mdl_ydo =    5.7437078628133041E-102
 mdl_ye =    5.7437078628133041E-102
 mdl_ym =    5.7437078628133041E-102
 mdl_ys =    5.7437078628133041E-102
 mdl_yt =   0.99481020183926416     
 mdl_ytau =    1.0206568872219240E-002
 mdl_yup =    5.7437078628133041E-102
 mdl_vevhat__exp__2 =    60624.100844283676     
 mdl_barlam =   0.12905352724481209     
 mdl_vevT =    246.21961912951551     
 mdl_sqrt__aEW =    8.6956666568672819E-002
 mdl_ee =   0.30825335704310214     
 mdl_gwsh =   0.65296989967087182     
 mdl_vev =    246.21961912951551     
 mdl_g1 =   0.34966952144878632     
 mdl_gw =   0.65296989967087182     
 mdl_ee__exp__2 =    9.5020132128342205E-002
 mdl_gHaa =   -1.9303830602986922E-003
 mdl_gHza =   -6.8546472954154700E-003
 mdl_g1sh =   0.34966952144878632     
 mdl_I1d11 =  (  5.7437078628133041E-102,  0.0000000000000000     )
 mdl_I1d22 =  (  5.7437078628133041E-102,  0.0000000000000000     )
 mdl_I1d33 =  (  2.4008698866559607E-002,  0.0000000000000000     )
 mdl_I2d11 =  (  5.7437078628133041E-102,  0.0000000000000000     )
 mdl_I2d22 =  (  5.7437078628133041E-102,  0.0000000000000000     )
 mdl_I2d33 =  ( 0.99481020183926416     ,  0.0000000000000000     )
 mdl_I3d11 =  (  5.7437078628133041E-102,  0.0000000000000000     )
 mdl_I3d22 =  (  5.7437078628133041E-102,  0.0000000000000000     )
 mdl_I3d33 =  (  2.4008698866559607E-002,  0.0000000000000000     )
 mdl_I4d11 =  (  5.7437078628133041E-102,  0.0000000000000000     )
 mdl_I4d22 =  (  5.7437078628133041E-102,  0.0000000000000000     )
 mdl_I4d33 =  ( 0.99481020183926416     ,  0.0000000000000000     )
 mdl_I5d11 =  (  5.7437078628133041E-102,  0.0000000000000000     )
 mdl_I5d22 =  (  5.7437078628133041E-102,  0.0000000000000000     )
 mdl_I5d33 =  (  2.4008698866559607E-002,  0.0000000000000000     )
 mdl_I6d11 =  (  5.7437078628133041E-102,  0.0000000000000000     )
 mdl_I6d22 =  (  5.7437078628133041E-102,  0.0000000000000000     )
 mdl_I6d33 =  ( 0.99481020183926416     ,  0.0000000000000000     )
 mdl_ee__exp__3 =    2.9290274715240611E-002
 mdl_vevhat__exp__3 =    14926843.019948866     
  Internal Params evaluated point by point
  ----------------------------------------
  
 mdl_sqrt__aS =   0.34365680554879169     
 mdl_G__exp__2 =    1.4840883695558185     
 mdl_gHgg =    3.2334372328970845E-003
 mdl_G__exp__3 =  (  1.8079634332366095     ,  0.0000000000000000     )
  Couplings of SMEFTsim_A_U35_MwScheme_UFO_v3_1-cW_massless
  ---------------------------------
  
        GC_64 =   0.00000E+00   0.52893E-05
       GC_345 =   0.00000E+00   0.28325E-05
         GC_1 =   0.00000E+00   0.10275E+00
         GC_2 =  -0.00000E+00  -0.20550E+00
         GC_3 =  -0.00000E+00  -0.30825E+00
       GC_278 =  -0.00000E+00  -0.37035E+00
       GC_280 =  -0.00000E+00  -0.57563E+00
       GC_318 =   0.00000E+00   0.39178E-05
       GC_328 =  -0.00000E+00  -0.55024E-01
       GC_329 =   0.00000E+00   0.11005E+00
       GC_330 =  -0.00000E+00  -0.16507E+00
      GC_1073 =  -0.00000E+00  -0.46172E+00

 Collider parameters:
 --------------------

 Running at P P   machine @    13000.000000000000       GeV
 PDF set = lhapdf 
 alpha_s(Mz)= 0.1247 running at 1 loops.
 alpha_s(Mz)= 0.1247 running at 1 loops.
 Renormalization scale set on event-by-event basis
 Factorization   scale set on event-by-event basis


 getting user params
Enter number of events and max and min iterations: 
 Number of events and iterations         2000           8           3
Enter desired fractional accuracy: 
 Desired fractional accuracy:    1.0000000000000000E-002
Enter 0 for fixed, 2 for adjustable grid: 
Suppress amplitude (0 no, 1 yes)? 
 Using suppressed amplitude.
Exact helicity sum (0 yes, n = number/event)? 
 Explicitly summing over helicities
Enter Configuration Number: 
Running Configuration Number:   52
 Not subdividing B.W.
 Attempting mappinvarients           1           8
 Completed mapping           8
 about to integrate           16        2000           8           3          16           1
 Using non-zero grid deformation.
 16 dimensions   2000 events 16 invarients  8 iterations  1 config(s),  (0.99)
 Using h-tuple random number sequence.
 Error opening grid
 Using Uniform Grid!          32
 Using uniform alpha   1.0000000000000000     
 Grid defined OK
 Set CM energy to      13000.00
 Mapping Graph          52  to config          52
 Setting BW          -1           1   80.387000000000000     
 Setting BW          -2           2   80.387000000000000     
Setting grid   3    0.18685E-07   1
 Warning: No cutoff for shat integral found
          Minimum set to    5.9171597633136107E-009
Setting grid   4    0.59172E-08   1
Setting grid   5    0.59172E-06   1
 Transforming s_hat 1/s           15   1.1585044837869826E-004   10000.000000000000        168999999.99999997     
  52   1   2   3   4   5   6   7   8   9  10  11  12  13  14
  15  16
 Masses: 0.000E+00 0.000E+00 0.000E+00 0.178E+01 0.000E+00 0.000E+00 0.000E+00 0.000E+00
Using random seed offsets    52 :      5
  with seed                   24
 Ranmar initialization seeds       31110        9402
 
 ********************************************
 * You are using the DiscreteSampler module *
 *      part of the MG5_aMC framework       *
 *         Author: Valentin Hirschi         *
 ********************************************
 
  Particle       3       4       5       6       7       8
      Et >     0.0     0.0     0.0     0.0    10.0    10.0
       E >     0.0     0.0     0.0     0.0     0.0     0.0
     Eta <    -1.0    -1.0    -1.0    -1.0     6.5     6.5
   xqcut:      0.0     0.0     0.0     0.0     0.0     0.0
d R # 3  >    -0.0     0.4     0.0     0.0     0.4     0.4
d R # 4  >    -0.0    -0.0     0.0     0.0     0.4     0.4
d R # 5  >    -0.0    -0.0    -0.0     0.0     0.0     0.0
d R # 6  >    -0.0    -0.0    -0.0    -0.0     0.0     0.0
d R # 7  >    -0.0    -0.0    -0.0    -0.0    -0.0     0.4
s min # 3>     0.0     0.0     0.0     0.0     0.0     0.0
s min # 4>     0.0     0.0     0.0     0.0     0.0     0.0
s min # 5>     0.0     0.0     0.0     0.0     0.0     0.0
s min # 6>     0.0     0.0     0.0     0.0     0.0     0.0
s min # 7>     0.0     0.0     0.0     0.0     0.0 10000.0
xqcutij # 3>     0.0     0.0     0.0     0.0     0.0     0.0
xqcutij # 4>     0.0     0.0     0.0     0.0     0.0     0.0
xqcutij # 5>     0.0     0.0     0.0     0.0     0.0     0.0
xqcutij # 6>     0.0     0.0     0.0     0.0     0.0     0.0
xqcutij # 7>     0.0     0.0     0.0     0.0     0.0     0.0
 No cut BW           -1           1
 No cut BW           -2           2
 No cut BW           -4           3
 No cut BW           -5           4
 alpha_s for scale    203.53416576204646       is   0.11008267688749494     
 Added good helicity          193   255.90666357196648       in event            1 local:           1
 Added good helicity          209   9.3336428033539892E-002  in event            1 local:           1
 Added good helicity          193   254.91599331745039       in event            1 local:           1
 Added good helicity          209   1.0840066825496224       in event            1 local:           1
 RESET CUMULATIVE VARIABLE
 RESET CUMULATIVE VARIABLE
 RESET CUMULATIVE VARIABLE
 Iteration  1   Mean: 0.5889E-04 Abs mean: 0.5889E-04   Fluctuation:  0.167E-04   0.231E-01     6.4%
  1    0.5889E-04 0.5889E-04 +- 0.1667E-04     12.66
 Writing out events   5.7738344926786302E-008   12.656624099138851     
 Relative summed weights:
  0.2299E+00  0.0000E+00  0.0000E+00  0.0000E+00  0.1665E-02  0.0000E+00  0.0000E+00  0.0000E+00  0.0000E+00  0.0000E+00  0.0000E+00  0.0000E+00  0.0000E+00  0.0000E+00
  0.3764E+00  0.0000E+00  0.4010E-02  0.1171E-01  0.2714E-02  0.0000E+00  0.1085E+00  0.1994E+00  0.0000E+00  0.0000E+00  0.5737E-01  0.6649E-02  0.1218E-02  0.4037E-03
 Relative number of events:
  0.1503E+00  0.0000E+00  0.0000E+00  0.0000E+00  0.1299E+00  0.0000E+00  0.0000E+00  0.0000E+00  0.0000E+00  0.0000E+00  0.0000E+00  0.0000E+00  0.0000E+00  0.0000E+00
  0.1613E+00  0.0000E+00  0.5226E-01  0.5127E-01  0.1533E+00  0.0000E+00  0.3086E-01  0.3683E-01  0.0000E+00  0.0000E+00  0.4430E-01  0.5226E-01  0.7666E-01  0.6073E-01
 Events:
         302           0           0           0         261           0           0           0           0           0           0           0           0           0
         324           0         105         103         308           0          62          74           0           0          89         105         154         122
 Iteration  2   Mean: 0.3592E-03 Abs mean: 0.3592E-03   Fluctuation:  0.209E-03   0.815E+00    55.2%
  2    0.3592E-03 0.3592E-03 +- 0.2092E-03     36.84
 Relative summed weights:
  0.7841E+00  0.0000E+00  0.0000E+00  0.0000E+00  0.3309E-03  0.0000E+00  0.0000E+00  0.0000E+00  0.0000E+00  0.0000E+00  0.0000E+00  0.0000E+00  0.0000E+00  0.0000E+00
  0.1511E+00  0.0000E+00  0.2181E-01  0.2047E-01  0.3087E-03  0.0000E+00  0.7261E-02  0.8037E-03  0.0000E+00  0.0000E+00  0.1072E-01  0.2308E-02  0.6811E-03  0.1647E-03
 Relative number of events:
  0.2270E+00  0.0000E+00  0.0000E+00  0.0000E+00  0.9600E-01  0.0000E+00  0.0000E+00  0.0000E+00  0.0000E+00  0.0000E+00  0.0000E+00  0.0000E+00  0.0000E+00  0.0000E+00
  0.2155E+00  0.0000E+00  0.4575E-01  0.5700E-01  0.1092E+00  0.0000E+00  0.3400E-01  0.3125E-01  0.0000E+00  0.0000E+00  0.3625E-01  0.3225E-01  0.5375E-01  0.6200E-01
 Events:
         908           0           0           0         384           0           0           0           0           0           0           0           0           0
         862           0         183         228         437           0         136         125           0           0         145         129         215         248
 Iteration  3   Mean: 0.3150E-03 Abs mean: 0.3150E-03   Fluctuation:  0.198E-03   0.158E+01    71.7%
  3    0.3150E-03 0.3150E-03 +- 0.1985E-03     56.36
 Relative summed weights:
  0.7190E+00  0.0000E+00  0.0000E+00  0.0000E+00  0.1311E-02  0.0000E+00  0.0000E+00  0.0000E+00  0.0000E+00  0.0000E+00  0.0000E+00  0.0000E+00  0.0000E+00  0.0000E+00
  0.1815E+00  0.0000E+00  0.1904E-01  0.5146E-01  0.9972E-03  0.0000E+00  0.2979E-02  0.1570E-01  0.0000E+00  0.0000E+00  0.5430E-02  0.1807E-02  0.6537E-03  0.1265E-03
 Relative number of events:
  0.2896E+00  0.0000E+00  0.0000E+00  0.0000E+00  0.6700E-01  0.0000E+00  0.0000E+00  0.0000E+00  0.0000E+00  0.0000E+00  0.0000E+00  0.0000E+00  0.0000E+00  0.0000E+00
  0.2805E+00  0.0000E+00  0.4850E-01  0.5300E-01  0.6663E-01  0.0000E+00  0.3012E-01  0.2438E-01  0.0000E+00  0.0000E+00  0.3275E-01  0.2825E-01  0.4125E-01  0.3800E-01
 Events:
        2317           0           0           0         536           0           0           0           0           0           0           0           0           0
        2244           0         388         424         533           0         241         195           0           0         262         226         330         304
 Accuracy:    0.635   0.010   0.236   7.234
 Found          150  events.
 Wrote            1  events.
 Actual xsec    1.4412246025489453E-004
 Correct abs xsec    1.4412246025489453E-004
 Event xsec    1.4412246025489453E-004
 Events wgts > 1:            0
 % Cross section > 1:    0.0000000000000000        0.0000000000000000     
 Iteration  4   Mean: 0.1095E-03 Abs mean: 0.1095E-03   Fluctuation:  0.127E-04   0.833E-01    80.9%
  4    0.1095E-03 0.1095E-03 +- 0.1268E-04     14.65
 Relative summed weights:
  0.4190E+00  0.0000E+00  0.0000E+00  0.0000E+00  0.1247E-02  0.0000E+00  0.0000E+00  0.0000E+00  0.0000E+00  0.0000E+00  0.0000E+00  0.0000E+00  0.0000E+00  0.0000E+00
  0.4118E+00  0.0000E+00  0.6641E-01  0.2642E-01  0.3729E-02  0.0000E+00  0.6691E-02  0.7286E-02  0.0000E+00  0.0000E+00  0.2807E-01  0.2736E-01  0.6663E-03  0.1309E-02
 Relative number of events:
  0.3490E+00  0.0000E+00  0.0000E+00  0.0000E+00  0.4437E-01  0.0000E+00  0.0000E+00  0.0000E+00  0.0000E+00  0.0000E+00  0.0000E+00  0.0000E+00  0.0000E+00  0.0000E+00
  0.3434E+00  0.0000E+00  0.4250E-01  0.4138E-01  0.4900E-01  0.0000E+00  0.1656E-01  0.1900E-01  0.0000E+00  0.0000E+00  0.2388E-01  0.2119E-01  0.2425E-01  0.2550E-01
 Events:
        5584           0           0           0         710           0           0           0           0           0           0           0           0           0
        5494           0         680         662         784           0         265         304           0           0         382         339         388         408
 Accuracy:    0.291   0.010   0.104   7.847
 Found          281  events.
 Wrote           19  events.
 Actual xsec    1.2514389014903272E-004
 Correct abs xsec    1.2514389014903272E-004
 Event xsec    1.2514389014903272E-004
 Events wgts > 1:            3
 % Cross section > 1:    1.3407043728908439E-006   1.0713302673380309     
 Iteration  5   Mean: 0.2195E-03 Abs mean: 0.2195E-03   Fluctuation:  0.645E-04   0.201E+01    84.2%
  5    0.2195E-03 0.2195E-03 +- 0.6449E-04     52.56
 Relative summed weights:
  0.2786E+00  0.0000E+00  0.0000E+00  0.0000E+00  0.1389E-02  0.0000E+00  0.0000E+00  0.0000E+00  0.0000E+00  0.0000E+00  0.0000E+00  0.0000E+00  0.0000E+00  0.0000E+00
  0.5766E+00  0.0000E+00  0.4491E-01  0.5156E-01  0.9557E-03  0.0000E+00  0.1158E-01  0.9199E-02  0.0000E+00  0.0000E+00  0.1187E-01  0.1259E-01  0.4773E-03  0.3341E-03
 Relative number of events:
  0.3563E+00  0.0000E+00  0.0000E+00  0.0000E+00  0.4378E-01  0.0000E+00  0.0000E+00  0.0000E+00  0.0000E+00  0.0000E+00  0.0000E+00  0.0000E+00  0.0000E+00  0.0000E+00
  0.3473E+00  0.0000E+00  0.4063E-01  0.4356E-01  0.4153E-01  0.0000E+00  0.1922E-01  0.1825E-01  0.0000E+00  0.0000E+00  0.2219E-01  0.2031E-01  0.2281E-01  0.2403E-01
 Events:
       11403           0           0           0        1401           0           0           0           0           0           0           0           0           0
       11115           0        1300        1394        1329           0         615         584           0           0         710         650         730         769
 Accuracy:    0.251   0.010   0.098   6.558
 Found         1743  events.
 Wrote            3  events.
 Actual xsec    1.2969906893814783E-004
 Correct abs xsec    1.2969906893814783E-004
 Event xsec    1.2969906893814783E-004
 Events wgts > 1:            1
 % Cross section > 1:    9.1001535462969380E-012   7.0163599637224141E-006
 Iteration  6   Mean: 0.1470E-03 Abs mean: 0.1470E-03   Fluctuation:  0.581E-05   0.113E+00    86.4%
  6    0.1470E-03 0.1470E-03 +- 0.5807E-05      9.99
 Relative summed weights:
  0.4118E+00  0.0000E+00  0.0000E+00  0.0000E+00  0.1253E-02  0.0000E+00  0.0000E+00  0.0000E+00  0.0000E+00  0.0000E+00  0.0000E+00  0.0000E+00  0.0000E+00  0.0000E+00
  0.4108E+00  0.0000E+00  0.7626E-01  0.3149E-01  0.1665E-02  0.0000E+00  0.1944E-01  0.1425E-01  0.0000E+00  0.0000E+00  0.1355E-01  0.1751E-01  0.1085E-02  0.8600E-03
 Relative number of events:
  0.3714E+00  0.0000E+00  0.0000E+00  0.0000E+00  0.3516E-01  0.0000E+00  0.0000E+00  0.0000E+00  0.0000E+00  0.0000E+00  0.0000E+00  0.0000E+00  0.0000E+00  0.0000E+00
  0.3715E+00  0.0000E+00  0.3716E-01  0.3658E-01  0.3583E-01  0.0000E+00  0.1661E-01  0.1714E-01  0.0000E+00  0.0000E+00  0.1981E-01  0.1905E-01  0.2017E-01  0.1961E-01
 Events:
       23772           0           0           0        2250           0           0           0           0           0           0           0           0           0
       23773           0        2378        2341        2293           0        1063        1097           0           0        1268        1219        1291        1255
 Accuracy:    0.077   0.010   0.037   4.428
 Found         2642  events.
 Wrote          115  events.
 Actual xsec    1.4433125814337772E-004
 Correct abs xsec    1.4433125814337772E-004
 Event xsec    1.4433125814337740E-004
 Events wgts > 1:            4
 % Cross section > 1:    7.6820793860606807E-007  0.53225333755695325     
 Iteration  7   Mean: 0.1558E-03 Abs mean: 0.1558E-03   Fluctuation:  0.413E-05   0.184E+00    87.1%
  7    0.1558E-03 0.1558E-03 +- 0.4135E-05      9.50
 Exceeded boost           4          96   128000.000    
 Relative summed weights:
  0.4344E+00  0.0000E+00  0.0000E+00  0.0000E+00  0.1446E-02  0.0000E+00  0.0000E+00  0.0000E+00  0.0000E+00  0.0000E+00  0.0000E+00  0.0000E+00  0.0000E+00  0.0000E+00
  0.3927E+00  0.0000E+00  0.4138E-01  0.5500E-01  0.1391E-02  0.0000E+00  0.1637E-01  0.1876E-01  0.0000E+00  0.0000E+00  0.1807E-01  0.1855E-01  0.9699E-03  0.9381E-03
 Relative number of events:
  0.3732E+00  0.0000E+00  0.0000E+00  0.0000E+00  0.3342E-01  0.0000E+00  0.0000E+00  0.0000E+00  0.0000E+00  0.0000E+00  0.0000E+00  0.0000E+00  0.0000E+00  0.0000E+00
Thanks for using LHAPDF 6.2.1. Please make sure to cite the paper:
  Eur.Phys.J. C75 (2015) 3, 132  (http://arxiv.org/abs/1412.7420)
  0.3768E+00  0.0000E+00  0.3769E-01  0.3696E-01  0.3354E-01  0.0000E+00  0.1635E-01  0.1715E-01  0.0000E+00  0.0000E+00  0.1882E-01  0.1948E-01  0.1835E-01  0.1826E-01
 Events:
       47771           0           0           0        4278           0           0           0           0           0           0           0           0           0
       48226           0        4824        4731        4293           0        2093        2195           0           0        2409        2494        2349        2337
 Accuracy:    0.042   0.010   0.021   3.797
 Found         8329  events.
 Wrote          189  events.
 Actual xsec    1.5341900227114553E-004
 Correct abs xsec    1.5341900227114553E-004
 Event xsec    1.5341900227114507E-004
 Events wgts > 1:            8
 % Cross section > 1:    1.5504978442306581E-006   1.0106295969063765     
 Iteration  8   Mean: 0.1565E-03 Abs mean: 0.1565E-03   Fluctuation:  0.287E-05   0.380E+00    87.5%
  8    0.1565E-03 0.1565E-03 +- 0.2872E-05      9.28
 Exceeded boost           3          96   256000.000    
 Exceeded boost           5          96   256000.000    
 Relative summed weights:
  0.4162E+00  0.0000E+00  0.0000E+00  0.0000E+00  0.1531E-02  0.0000E+00  0.0000E+00  0.0000E+00  0.0000E+00  0.0000E+00  0.0000E+00  0.0000E+00  0.0000E+00  0.0000E+00
  0.4080E+00  0.0000E+00  0.4759E-01  0.4563E-01  0.1406E-02  0.0000E+00  0.1836E-01  0.1665E-01  0.0000E+00  0.0000E+00  0.2152E-01  0.2108E-01  0.7936E-03  0.1231E-02
 Relative number of events:
  0.3779E+00  0.0000E+00  0.0000E+00  0.0000E+00  0.3206E-01  0.0000E+00  0.0000E+00  0.0000E+00  0.0000E+00  0.0000E+00  0.0000E+00  0.0000E+00  0.0000E+00  0.0000E+00
  0.3792E+00  0.0000E+00  0.3739E-01  0.3688E-01  0.3257E-01  0.0000E+00  0.1609E-01  0.1656E-01  0.0000E+00  0.0000E+00  0.1852E-01  0.1834E-01  0.1751E-01  0.1705E-01
 Events:
       96731           0           0           0        8208           0           0           0           0           0           0           0           0           0
       97067           0        9571        9441        8337           0        4120        4240           0           0        4742        4696        4482        4365
 Accuracy:    0.025   0.010   0.014   3.306
 Found        17928  events.
 Wrote          313  events.
 Actual xsec    1.5510201080226339E-004
 Correct abs xsec    1.5510201080226339E-004
 Event xsec    1.5510201080226298E-004
 Events wgts > 1:            3
 % Cross section > 1:    1.5373234763483170E-006  0.99116927523797593     

 -------------------------------------------------------------------------------
 Accumulated results:   Integral =  0.1545E-03
                        Std dev  =  0.2157E-05
                       Cross sec =  0.1545E-03
             Chi**2 per DoF.     =      3.3063
 -------------------------------------------------------------------------------
-------------------------------------------------
---------------------------
 Results Last   3 iters: Integral =   0.1551E-03
                     Abs integral =   0.1551E-03
                          Std dev =   0.2187E-05
                  Chi**2 per DoF. =      1.1034
-------------------------------------------------
---------------------------
 Status   1.0000000000000000E-002           9           8

ls status:
events.lhe
ftn26
input_app.txt
results.dat
run1_app.log
