==== LHAPDF6 USING DEFAULT-TYPE LHAGLUE INTERFACE ====
LHAPDF 6.2.1 loading /cvmfs/cms.cern.ch/slc6_amd64_gcc630/external/lhapdf/6.2.1-ghjeda2/share/LHAPDF/NNPDF30_lo_as_0130_nf_4/NNPDF30_lo_as_0130_nf_4_0000.dat
NNPDF30_lo_as_0130_nf_4 PDF set, member #0, version 2; LHAPDF ID = 263400
 Process in group number            2
 A PDF is used, so alpha_s(MZ) is going to be modified
 Old value of alpha_s from param_card:   0.11810000000000001     
 New value of alpha_s from PDF lhapdf :  0.12470044313224841     
 using LHAPDF
 Define smin to   10000.000000000000     
 Define smin to   10000.000000000000     
 Define smin to   10000.000000000000     
 Define smin to   10000.000000000000     
 Define smin to   10000.000000000000     
 Define smin to   10000.000000000000     
 Define smin to   10000.000000000000     
 *****************************************************
 *               MadGraph/MadEvent                   *
 *        --------------------------------           *
 *          http://madgraph.hep.uiuc.edu             *
 *          http://madgraph.phys.ucl.ac.be           *
 *          http://madgraph.roma2.infn.it            *
 *        --------------------------------           *
 *                                                   *
 *          PARAMETER AND COUPLING VALUES            *
 *                                                   *
 *****************************************************

  External Params
  ---------------------------------
  
 mdl_MW0 =    80.387000000000000     
 mdl_Gf =    1.1663789999999999E-005
 aS =   0.11810000000000001     
 mdl_ymdo =    1.0000000000000000E-099
 mdl_ymb =    4.1799999999999997     
 mdl_ymt =    173.19999999999999     
 mdl_ymtau =    1.7769999999999999     
 mdl_LambdaSMEFT =    1000.0000000000000     
 mdl_cHW =    1.0000000000000000     
 mdl_MZ =    91.187600000000003     
 mdl_MTA =    1.7769999999999999     
 mdl_MT =    173.19999999999999     
 mdl_MB =    4.1799999999999997     
 mdl_MH =    125.09000000000000     
 mdl_WZ =    2.4952000000000001     
 mdl_WW =    2.0850000000000000     
 mdl_WT =    1.5083359999999999     
 mdl_WH =    4.0699999999999998E-003
  Internal Params
  ---------------------------------
  
 mdl_ymm =    1.0000000000000000E-099
 mdl_yme =    1.0000000000000000E-099
 mdl_ymc =    1.0000000000000000E-099
 mdl_yms =    1.0000000000000000E-099
 mdl_ymup =    1.0000000000000000E-099
 mdl_conjg__CKM3x3 =    1.0000000000000000     
 mdl_cH =    0.0000000000000000     
 mdl_cHB =    0.0000000000000000     
 mdl_CKM1x1 =    1.0000000000000000     
 mdl_conjg__CKM1x1 =    1.0000000000000000     
 mdl_dGf =    0.0000000000000000     
 mdl_CKM3x3 =    1.0000000000000000     
 mdl_dMH2 =    0.0000000000000000     
 mdl_conjg__CKM2x2 =    1.0000000000000000     
 mdl_dg1 =    0.0000000000000000     
 mdl_CKM2x2 =    1.0000000000000000     
 mdl_dgw =    0.0000000000000000     
 mdl_complexi =  (  0.0000000000000000     ,  1.0000000000000000     )
 mdl_MW =    80.387000000000000     
 mdl_nb__2__exp__0_25 =    1.1892071150027210     
 mdl_MH__exp__2 =    15647.508100000001     
 mdl_sqrt__2 =    1.4142135623730951     
 mdl_MW__exp__2 =    6462.0697689999997     
 mdl_MZ__exp__2 =    8315.1783937600012     
 mdl_sth2 =   0.22285855299877133     
 mdl_MH__exp__6 =    3831206449390.3818     
 mdl_MT__exp__6 =    26995248278778.535     
 mdl_MH__exp__4 =    244844509.73956564     
 mdl_MT__exp__4 =    899894403.09759963     
 mdl_MT__exp__2 =    29998.239999999994     
 mdl_LambdaSMEFT__exp__2 =    1000000.0000000000     
 mdl_cth =   0.88155626422890820     
 mdl_sqrt__sth2 =   0.47207896902824564     
 mdl_sth =   0.47207896902824564     
 mdl_MW0__exp__6 =    269845343347.69711     
 mdl_MW0__exp__4 =    41758345.699423708     
 mdl_MW0__exp__2 =    6462.0697689999997     
 mdl_MZ__exp__4 =    69142191.720053151     
 mdl_MZ__exp__6 =    574929658687.79749     
 mdl_cth__exp__2 =   0.77714144700122867     
 mdl_sth__exp__2 =   0.22285855299877130     
 mdl_sth__exp__3 =   0.10520683593878660     
 mdl_cth__exp__3 =   0.68509391079585125     
 mdl_sth__exp__4 =    4.9665934644706158E-002
 mdl_sqrt__Gf =    3.4152291284773265E-003
 mdl_vevhat =    246.21961912951551     
 mdl_lam =   0.12905352724481209     
 mdl_aEW =    7.5614618607353409E-003
 mdl_yb =    2.4008698866559607E-002
 mdl_yc =    5.7437078628133041E-102
 mdl_ydo =    5.7437078628133041E-102
 mdl_ye =    5.7437078628133041E-102
 mdl_ym =    5.7437078628133041E-102
 mdl_ys =    5.7437078628133041E-102
 mdl_yt =   0.99481020183926416     
 mdl_ytau =    1.0206568872219240E-002
 mdl_yup =    5.7437078628133041E-102
 mdl_vevhat__exp__2 =    60624.100844283676     
 mdl_barlam =   0.12905352724481209     
 mdl_vevT =    246.21961912951551     
 mdl_sqrt__aEW =    8.6956666568672819E-002
 mdl_ee =   0.30825335704310214     
 mdl_gwsh =   0.61338418662494298     
 mdl_vev =    246.21961912951551     
 mdl_g1 =   0.34966952144878632     
 mdl_gw =   0.65296989967087182     
 mdl_ee__exp__2 =    9.5020132128342205E-002
 mdl_gHaa =   -1.9303830602986922E-003
 mdl_gHza =   -6.8546472954154700E-003
 mdl_g1sh =   0.34966952144878632     
 mdl_I1d11 =  (  5.7437078628133041E-102,  0.0000000000000000     )
 mdl_I1d22 =  (  5.7437078628133041E-102,  0.0000000000000000     )
 mdl_I1d33 =  (  2.4008698866559607E-002,  0.0000000000000000     )
 mdl_I2d11 =  (  5.7437078628133041E-102,  0.0000000000000000     )
 mdl_I2d22 =  (  5.7437078628133041E-102,  0.0000000000000000     )
 mdl_I2d33 =  ( 0.99481020183926416     ,  0.0000000000000000     )
 mdl_I3d11 =  (  5.7437078628133041E-102,  0.0000000000000000     )
 mdl_I3d22 =  (  5.7437078628133041E-102,  0.0000000000000000     )
 mdl_I3d33 =  (  2.4008698866559607E-002,  0.0000000000000000     )
 mdl_I4d11 =  (  5.7437078628133041E-102,  0.0000000000000000     )
 mdl_I4d22 =  (  5.7437078628133041E-102,  0.0000000000000000     )
 mdl_I4d33 =  ( 0.99481020183926416     ,  0.0000000000000000     )
 mdl_I5d11 =  (  5.7437078628133041E-102,  0.0000000000000000     )
 mdl_I5d22 =  (  5.7437078628133041E-102,  0.0000000000000000     )
 mdl_I5d33 =  (  2.4008698866559607E-002,  0.0000000000000000     )
 mdl_I6d11 =  (  5.7437078628133041E-102,  0.0000000000000000     )
 mdl_I6d22 =  (  5.7437078628133041E-102,  0.0000000000000000     )
 mdl_I6d33 =  ( 0.99481020183926416     ,  0.0000000000000000     )
 mdl_ee__exp__3 =    2.9290274715240611E-002
 mdl_vevhat__exp__3 =    14926843.019948866     
  Internal Params evaluated point by point
  ----------------------------------------
  
 mdl_sqrt__aS =   0.34365680554879169     
 mdl_G__exp__2 =    1.4840883695558185     
 mdl_gHgg =    3.2334372328970845E-003
 mdl_G__exp__3 =  (  1.8079634332366095     ,  0.0000000000000000     )
  Couplings of SMEFTsim_A_U35_MwScheme_UFO_v3_1-cHW_massless
  ---------------------------------
  
         GC_1 =   0.00000E+00   0.10275E+00
         GC_2 =  -0.00000E+00  -0.20550E+00
         GC_3 =  -0.00000E+00  -0.30825E+00
       GC_255 =  -0.00000E+00  -0.42637E+00
       GC_278 =  -0.00000E+00  -0.37035E+00
       GC_280 =  -0.00000E+00  -0.57563E+00
       GC_328 =  -0.00000E+00  -0.55024E-01
       GC_329 =   0.00000E+00   0.11005E+00
       GC_330 =  -0.00000E+00  -0.16507E+00
       GC_387 =   0.00000E+00   0.98488E-03
       GC_400 =   0.00000E+00   0.52490E+02
       GC_809 =  -0.00000E+00  -0.72171E-02
      GC_1073 =  -0.00000E+00  -0.46172E+00

 Collider parameters:
 --------------------

 Running at P P   machine @    13000.000000000000       GeV
 PDF set = lhapdf 
 alpha_s(Mz)= 0.1247 running at 1 loops.
 alpha_s(Mz)= 0.1247 running at 1 loops.
 Renormalization scale set on event-by-event basis
 Factorization   scale set on event-by-event basis


 getting user params
Enter number of events and max and min iterations: 
 Number of events and iterations         2000           8           3
Enter desired fractional accuracy: 
 Desired fractional accuracy:    1.0000000000000000E-002
Enter 0 for fixed, 2 for adjustable grid: 
Suppress amplitude (0 no, 1 yes)? 
 Using suppressed amplitude.
Exact helicity sum (0 yes, n = number/event)? 
 Explicitly summing over helicities
Enter Configuration Number: 
Running Configuration Number:  245
 Not subdividing B.W.
 Attempting mappinvarients           1           8
 Completed mapping           8
 about to integrate           16        2000           8           3          16           1
 Using non-zero grid deformation.
 16 dimensions   2000 events 16 invarients  8 iterations  1 config(s),  (0.99)
 Using h-tuple random number sequence.
 Error opening grid
 Using Uniform Grid!          32
 Using uniform alpha   1.0000000000000000     
 Grid defined OK
 Set CM energy to      13000.00
 Mapping Graph         245  to config         245
Setting grid   1    0.59172E-04   1
Setting grid   2    0.61293E-04   1
 Setting BW          -3           2   91.187600000000003     
 Setting BW          -4           3   80.387000000000000     
 Warning: No cutoff for shat integral found
          Minimum set to    5.9171597633136107E-009
Setting grid   5    0.59172E-08   1
 Transforming s_hat 1/s           15   6.1293241000000010E-005   10000.000000000000        168999999.99999997     
 245   1   2   3   4   5   6   7   8   9  10  11  12  13  14
  15  16
 Masses: 0.000E+00 0.000E+00 0.000E+00 0.178E+01 0.000E+00 0.000E+00 0.000E+00 0.000E+00
Using random seed offsets   245 :      6
  with seed                   24
 Ranmar initialization seeds       31303        9403
 
 ********************************************
 * You are using the DiscreteSampler module *
 *      part of the MG5_aMC framework       *
 *         Author: Valentin Hirschi         *
 ********************************************
 
  Particle       3       4       5       6       7       8
      Et >     0.0     0.0     0.0     0.0    10.0    10.0
       E >     0.0     0.0     0.0     0.0     0.0     0.0
     Eta <    -1.0    -1.0    -1.0    -1.0     6.5     6.5
   xqcut:      0.0     0.0     0.0     0.0     0.0     0.0
d R # 3  >    -0.0     0.4     0.0     0.0     0.4     0.4
d R # 4  >    -0.0    -0.0     0.0     0.0     0.4     0.4
d R # 5  >    -0.0    -0.0    -0.0     0.0     0.0     0.0
d R # 6  >    -0.0    -0.0    -0.0    -0.0     0.0     0.0
d R # 7  >    -0.0    -0.0    -0.0    -0.0    -0.0     0.4
s min # 3>     0.0     0.0     0.0     0.0     0.0     0.0
s min # 4>     0.0     0.0     0.0     0.0     0.0     0.0
s min # 5>     0.0     0.0     0.0     0.0     0.0     0.0
s min # 6>     0.0     0.0     0.0     0.0     0.0     0.0
s min # 7>     0.0     0.0     0.0     0.0     0.0 10000.0
xqcutij # 3>     0.0     0.0     0.0     0.0     0.0     0.0
xqcutij # 4>     0.0     0.0     0.0     0.0     0.0     0.0
xqcutij # 5>     0.0     0.0     0.0     0.0     0.0     0.0
xqcutij # 6>     0.0     0.0     0.0     0.0     0.0     0.0
xqcutij # 7>     0.0     0.0     0.0     0.0     0.0     0.0
 No cut BW           -1           1
 No cut BW           -3           2
 No cut BW           -4           3
 alpha_s for scale    37.548720084720195       is   0.14614669920981360     
 Added good helicity          193  -196.84836134919266       in event            1 local:           1
 Added good helicity          209  -59.151638650807335       in event            1 local:           1
 Added good helicity          193  -196.84836134919979       in event            1 local:           1
 Added good helicity          209  -59.151638650800209       in event            1 local:           1
 RESET CUMULATIVE VARIABLE
 RESET CUMULATIVE VARIABLE
 RESET CUMULATIVE VARIABLE
 Warning: Too low fact scales:    1.7696677131494714        10.575422856810313     
 Warning: Too low fact scales:    1.7696677131494714        10.575422856810313     
 Warning: Too low fact scales:    14.468069969355135        1.2506086931389579     
 Warning: Too low fact scales:    14.468069969355135        1.2506086931389579     
 Warning: Too low fact scales:    19.572135319564286        1.9042547027558758     
 Warning: Too low fact scales:    19.572135319564286        1.9042547027558758     
 Warning: Too low fact scales:    1.7627247900257761        42.660317367292137     
 Warning: Too low fact scales:    1.7627247900257761        42.660317367292137     
 Warning: Too low fact scales:   0.67233300843155830        31.273676994941962     
 Warning: Too low fact scales:   0.67233300843155830        31.273676994941962     
 Warning: Too low fact scales:   0.88585083881153170        9.4040708146881329     
 No more warnings written out this run.
 Iteration  1   Mean: -.8073E-10 Abs mean: 0.1536E-09   Fluctuation:  0.798E-10   0.152E-06    41.3%
  1   -0.8073E-10 0.1536E-09 +- 0.7978E-10     23.23
 Writing out events   2.3242025795513046E-014   23.231967739305773     
 Relative summed weights:
  0.0000E+00  0.0000E+00  0.2145E-01  0.3355E+00  0.0000E+00  0.0000E+00  0.0000E+00  0.0000E+00  0.4665E+00  0.1766E+00  0.0000E+00  0.0000E+00  0.0000E+00  0.0000E+00
 Relative number of events:
  0.0000E+00  0.0000E+00  0.1850E+00  0.2257E+00  0.0000E+00  0.0000E+00  0.0000E+00  0.0000E+00  0.3034E+00  0.2858E+00  0.0000E+00  0.0000E+00  0.0000E+00  0.0000E+00
 Events:
           0           0         200         244           0           0           0           0         328         309           0           0           0           0
 Iteration  2   Mean: 0.7357E-10 Abs mean: 0.1951E-09   Fluctuation:  0.414E-10   0.111E-06    87.0%
  2    0.7357E-10 0.1951E-09 +- 0.4138E-10     13.41
 Relative summed weights:
  0.0000E+00  0.0000E+00  0.2597E+00  0.1034E+00  0.0000E+00  0.0000E+00  0.0000E+00  0.0000E+00  0.3317E+00  0.3052E+00  0.0000E+00  0.0000E+00  0.0000E+00  0.0000E+00
 Relative number of events:
  0.0000E+00  0.0000E+00  0.2135E+00  0.2290E+00  0.0000E+00  0.0000E+00  0.0000E+00  0.0000E+00  0.2823E+00  0.2752E+00  0.0000E+00  0.0000E+00  0.0000E+00  0.0000E+00
 Events:
           0           0         509         546           0           0           0           0         673         656           0           0           0           0
 Iteration  3   Mean: 0.2027E-10 Abs mean: 0.6126E-09   Fluctuation:  0.134E-09   0.750E-06    86.8%
  3    0.2027E-10 0.6126E-09 +- 0.1344E-09     19.63
 Relative summed weights:
  0.0000E+00  0.0000E+00  0.2490E+00  0.3450E+00  0.0000E+00  0.0000E+00  0.0000E+00  0.0000E+00  0.2745E+00  0.1315E+00  0.0000E+00  0.0000E+00  0.0000E+00  0.0000E+00
 Relative number of events:
  0.0000E+00  0.0000E+00  0.2163E+00  0.2214E+00  0.0000E+00  0.0000E+00  0.0000E+00  0.0000E+00  0.2848E+00  0.2775E+00  0.0000E+00  0.0000E+00  0.0000E+00  0.0000E+00
 Events:
           0           0        1060        1085           0           0           0           0        1396        1360           0           0           0           0
 Accuracy:    0.395   0.010   0.146   7.277
 Found          490  events.
 Wrote            6  events.
 Actual xsec    3.7628419614541676E-011
 Correct abs xsec    3.7741835685875041E-010
 Event xsec    3.7741835685875051E-010
 Events wgts > 1:            1
 % Cross section > 1:    5.0530399417495229E-018   1.3388431828822339E-006
 Iteration  4   Mean: 0.1209E-09 Abs mean: 0.4237E-09   Fluctuation:  0.307E-10   0.241E-06    88.1%
  4    0.1209E-09 0.4237E-09 +- 0.3066E-10      9.15
 Relative summed weights:
  0.0000E+00  0.0000E+00  0.1842E+00  0.2232E+00  0.0000E+00  0.0000E+00  0.0000E+00  0.0000E+00  0.2405E+00  0.3521E+00  0.0000E+00  0.0000E+00  0.0000E+00  0.0000E+00
 Relative number of events:
  0.0000E+00  0.0000E+00  0.2087E+00  0.2171E+00  0.0000E+00  0.0000E+00  0.0000E+00  0.0000E+00  0.2840E+00  0.2902E+00  0.0000E+00  0.0000E+00  0.0000E+00  0.0000E+00
 Events:
           0           0        2012        2093           0           0           0           0        2738        2798           0           0           0           0
 Accuracy:    0.133   0.010   0.065   4.176
 Found          716  events.
 Wrote           31  events.
 Actual xsec    1.0744817852775716E-010
 Correct abs xsec    4.1874619664187290E-010
 Event xsec    4.1874619664187300E-010
 Events wgts > 1:            1
 % Cross section > 1:    2.2002258495288518E-012  0.52543184085575467     
 Iteration  5   Mean: 0.1468E-09 Abs mean: 0.4891E-09   Fluctuation:  0.190E-10   0.215E-06    87.3%
  5    0.1468E-09 0.4891E-09 +- 0.1900E-10      6.95
 Relative summed weights:
  0.0000E+00  0.0000E+00  0.2228E+00  0.2253E+00  0.0000E+00  0.0000E+00  0.0000E+00  0.0000E+00  0.3064E+00  0.2456E+00  0.0000E+00  0.0000E+00  0.0000E+00  0.0000E+00
 Relative number of events:
  0.0000E+00  0.0000E+00  0.2088E+00  0.2142E+00  0.0000E+00  0.0000E+00  0.0000E+00  0.0000E+00  0.2892E+00  0.2878E+00  0.0000E+00  0.0000E+00  0.0000E+00  0.0000E+00
 Events:
           0           0        3987        4091           0           0           0           0        5523        5495           0           0           0           0
 Accuracy:    0.063   0.010   0.033   3.544
 Found         2401  events.
 Wrote          116  events.
 Actual xsec    1.3817336637405324E-010
 Correct abs xsec    4.7777202253424978E-010
 Event xsec    4.7777202253424989E-010
 Events wgts > 1:            4
 % Cross section > 1:    4.2274511519845202E-012  0.88482601588113463     
 Iteration  6   Mean: 0.1279E-09 Abs mean: 0.5121E-09   Fluctuation:  0.144E-10   0.474E-06    86.7%
  6    0.1279E-09 0.5121E-09 +- 0.1444E-10      7.13
 Relative summed weights:
  0.0000E+00  0.0000E+00  0.2322E+00  0.2223E+00  0.0000E+00  0.0000E+00  0.0000E+00  0.0000E+00  0.2613E+00  0.2842E+00  0.0000E+00  0.0000E+00  0.0000E+00  0.0000E+00
 Relative number of events:
  0.0000E+00  0.0000E+00  0.2116E+00  0.2117E+00  0.0000E+00  0.0000E+00  0.0000E+00  0.0000E+00  0.2873E+00  0.2895E+00  0.0000E+00  0.0000E+00  0.0000E+00  0.0000E+00
 Events:
           0           0        8062        8067           0           0           0           0       10947       11030           0           0           0           0
 Accuracy:    0.039   0.010   0.022   3.339
 Found         5231  events.
 Wrote          143  events.
 Actual xsec    1.3321936972770431E-010
 Correct abs xsec    4.9690141095708931E-010
 Event xsec    4.9690141095708745E-010
 Events wgts > 1:            4
 % Cross section > 1:    3.3464135787973165E-012  0.67345624403676996     
 Iteration  7   Mean: 0.1213E-09 Abs mean: 0.4755E-09   Fluctuation:  0.600E-11   0.243E-06    86.0%
  7    0.1213E-09 0.4755E-09 +- 0.5999E-11      4.51
 Exceeded boost           1          96   128000.000    
 Relative summed weights:
  0.0000E+00  0.0000E+00  0.2371E+00  0.2372E+00  0.0000E+00  0.0000E+00  0.0000E+00  0.0000E+00  0.2665E+00  0.2591E+00  0.0000E+00  0.0000E+00  0.0000E+00  0.0000E+00
 Relative number of events:
  0.0000E+00  0.0000E+00  0.2103E+00  0.2131E+00  0.0000E+00  0.0000E+00  0.0000E+00  0.0000E+00  0.2896E+00  0.2870E+00  0.0000E+00  0.0000E+00  0.0000E+00  0.0000E+00
 Events:
           0           0       16018       16233           0           0           0           0       22054       21855           0           0           0           0
 Accuracy:    0.020   0.010   0.011   3.356
 Found        10717  events.
 Wrote          802  events.
 Actual xsec    1.2436028548705529E-010
 Correct abs xsec    4.8224361117849728E-010
 Event xsec    4.8224361117849521E-010
 Events wgts > 1:           11
 % Cross section > 1:    4.5338445332375603E-012  0.94015647447518513     
 Iteration  8   Mean: 0.1346E-09 Abs mean: 0.4824E-09   Fluctuation:  0.446E-11   0.356E-06    85.4%
  8    0.1346E-09 0.4824E-09 +- 0.4455E-11      4.67
 Exceeded boost           1          96   256000.000    
 Relative summed weights:
  0.0000E+00  0.0000E+00  0.2455E+00  0.2305E+00  0.0000E+00  0.0000E+00  0.0000E+00  0.0000E+00  0.2510E+00  0.2730E+00  0.0000E+00  0.0000E+00  0.0000E+00  0.0000E+00
 Relative number of events:
  0.0000E+00  0.0000E+00  0.2111E+00  0.2097E+00  0.0000E+00  0.0000E+00  0.0000E+00  0.0000E+00  0.2896E+00  0.2896E+00  0.0000E+00  0.0000E+00  0.0000E+00  0.0000E+00
 Events:
           0           0       32029       31814           0           0           0           0       43936       43938           0           0           0           0
 Accuracy:    0.012   0.010   0.007   2.875
 Found        23922  events.
 Wrote         1310  events.
 Actual xsec    1.2978918373655579E-010
 Correct abs xsec    4.8210663627191655E-010
 Event xsec    4.8210663627190745E-010
 Events wgts > 1:           12
 % Cross section > 1:    4.7778543476868306E-012  0.99103683463758163     

 -------------------------------------------------------------------------------
 Accumulated results:   Integral =  0.4815E-09
                        Std dev  =  0.3391E-11
                       Cross sec =  0.1301E-09
             Chi**2 per DoF.     =      2.8751
 -------------------------------------------------------------------------------
-------------------------------------------------
---------------------------
 Results Last   3 iters: Integral =   0.1298E-09
                     Abs integral =   0.4821E-09
Thanks for using LHAPDF 6.2.1. Please make sure to cite the paper:
  Eur.Phys.J. C75 (2015) 3, 132  (http://arxiv.org/abs/1412.7420)
                          Std dev =   0.3473E-11
                  Chi**2 per DoF. =      2.7608
-------------------------------------------------
---------------------------
 Status   1.0000000000000000E-002           9           8

ls status:
events.lhe
ftn26
input_app.txt
results.dat
run1_app.log
