==== LHAPDF6 USING DEFAULT-TYPE LHAGLUE INTERFACE ====
LHAPDF 6.2.1 loading /cvmfs/cms.cern.ch/slc6_amd64_gcc630/external/lhapdf/6.2.1-ghjeda2/share/LHAPDF/NNPDF31_nnlo_as_0118_nf_4_mc_hessian/NNPDF31_nnlo_as_0118_nf_4_mc_hessian_0000.dat
NNPDF31_nnlo_as_0118_nf_4_mc_hessian PDF set, member #0, version 1; LHAPDF ID = 325500
 Process in group number            2
 A PDF is used, so alpha_s(MZ) is going to be modified
 Old value of alpha_s from param_card:   0.11810000000000001     
 New value of alpha_s from PDF lhapdf :  0.11266013434007299     
 using LHAPDF
 Define smin to   10000.000000000000     
 Define smin to   10000.000000000000     
 Define smin to   10000.000000000000     
 Define smin to   10000.000000000000     
 Define smin to   10000.000000000000     
 Define smin to   10000.000000000000     
 Define smin to   10000.000000000000     
 Define smin to   10000.000000000000     
 Define smin to   10000.000000000000     
 Define smin to   10000.000000000000     
 Define smin to   10000.000000000000     
 Define smin to   10000.000000000000     
 Define smin to   10000.000000000000     
 Define smin to   10000.000000000000     
 Define smin to   10000.000000000000     
 Define smin to   10000.000000000000     
 *****************************************************
 *               MadGraph/MadEvent                   *
 *        --------------------------------           *
 *          http://madgraph.hep.uiuc.edu             *
 *          http://madgraph.phys.ucl.ac.be           *
 *          http://madgraph.roma2.infn.it            *
 *        --------------------------------           *
 *                                                   *
 *          PARAMETER AND COUPLING VALUES            *
 *                                                   *
 *****************************************************

  External Params
  ---------------------------------
  
 mdl_MW0 =    80.387000000000000     
 mdl_Gf =    1.1663789999999999E-005
 aS =   0.11810000000000001     
 mdl_ymdo =    1.0000000000000000E-099
 mdl_ymb =    4.1799999999999997     
 mdl_ymt =    173.19999999999999     
 mdl_ymtau =    1.7769999999999999     
 mdl_LambdaSMEFT =    1000.0000000000000     
 mdl_cHW =    1.0000000000000000     
 mdl_MZ =    91.187600000000003     
 mdl_MTA =    1.7769999999999999     
 mdl_MT =    173.19999999999999     
 mdl_MB =    4.1799999999999997     
 mdl_MH =    125.09000000000000     
 mdl_WZ =    2.4952000000000001     
 mdl_WW =    2.0850000000000000     
 mdl_WT =    1.5083359999999999     
 mdl_WH =    4.0699999999999998E-003
  Internal Params
  ---------------------------------
  
 mdl_ymm =    1.0000000000000000E-099
 mdl_yme =    1.0000000000000000E-099
 mdl_ymc =    1.0000000000000000E-099
 mdl_yms =    1.0000000000000000E-099
 mdl_ymup =    1.0000000000000000E-099
 mdl_conjg__CKM3x3 =    1.0000000000000000     
 mdl_cH =    0.0000000000000000     
 mdl_cHB =    0.0000000000000000     
 mdl_CKM1x1 =    1.0000000000000000     
 mdl_conjg__CKM1x1 =    1.0000000000000000     
 mdl_dGf =    0.0000000000000000     
 mdl_CKM3x3 =    1.0000000000000000     
 mdl_dMH2 =    0.0000000000000000     
 mdl_conjg__CKM2x2 =    1.0000000000000000     
 mdl_dg1 =    0.0000000000000000     
 mdl_CKM2x2 =    1.0000000000000000     
 mdl_dgw =    0.0000000000000000     
 mdl_complexi =  (  0.0000000000000000     ,  1.0000000000000000     )
 mdl_MW =    80.387000000000000     
 mdl_nb__2__exp__0_25 =    1.1892071150027210     
 mdl_MH__exp__2 =    15647.508100000001     
 mdl_sqrt__2 =    1.4142135623730951     
 mdl_MW__exp__2 =    6462.0697689999997     
 mdl_MZ__exp__2 =    8315.1783937600012     
 mdl_sth2 =   0.22285855299877133     
 mdl_MH__exp__6 =    3831206449390.3818     
 mdl_MT__exp__6 =    26995248278778.535     
 mdl_MH__exp__4 =    244844509.73956564     
 mdl_MT__exp__4 =    899894403.09759963     
 mdl_MT__exp__2 =    29998.239999999994     
 mdl_LambdaSMEFT__exp__2 =    1000000.0000000000     
 mdl_cth =   0.88155626422890820     
 mdl_sqrt__sth2 =   0.47207896902824564     
 mdl_sth =   0.47207896902824564     
 mdl_MW0__exp__6 =    269845343347.69711     
 mdl_MW0__exp__4 =    41758345.699423708     
 mdl_MW0__exp__2 =    6462.0697689999997     
 mdl_MZ__exp__4 =    69142191.720053151     
 mdl_MZ__exp__6 =    574929658687.79749     
 mdl_cth__exp__2 =   0.77714144700122867     
 mdl_sth__exp__2 =   0.22285855299877130     
 mdl_sth__exp__3 =   0.10520683593878660     
 mdl_cth__exp__3 =   0.68509391079585125     
 mdl_sth__exp__4 =    4.9665934644706158E-002
 mdl_sqrt__Gf =    3.4152291284773265E-003
 mdl_vevhat =    246.21961912951551     
 mdl_lam =   0.12905352724481209     
 mdl_aEW =    7.5614618607353409E-003
 mdl_yb =    2.4008698866559607E-002
 mdl_yc =    5.7437078628133041E-102
 mdl_ydo =    5.7437078628133041E-102
 mdl_ye =    5.7437078628133041E-102
 mdl_ym =    5.7437078628133041E-102
 mdl_ys =    5.7437078628133041E-102
 mdl_yt =   0.99481020183926416     
 mdl_ytau =    1.0206568872219240E-002
 mdl_yup =    5.7437078628133041E-102
 mdl_vevhat__exp__2 =    60624.100844283676     
 mdl_barlam =   0.12905352724481209     
 mdl_vevT =    246.21961912951551     
 mdl_sqrt__aEW =    8.6956666568672819E-002
 mdl_ee =   0.30825335704310214     
 mdl_gwsh =   0.61338418662494298     
 mdl_vev =    246.21961912951551     
 mdl_g1 =   0.34966952144878632     
 mdl_gw =   0.65296989967087182     
 mdl_ee__exp__2 =    9.5020132128342205E-002
 mdl_gHaa =   -1.9303830602986922E-003
 mdl_gHza =   -6.8546472954154700E-003
 mdl_g1sh =   0.34966952144878632     
 mdl_I1d11 =  (  5.7437078628133041E-102,  0.0000000000000000     )
 mdl_I1d22 =  (  5.7437078628133041E-102,  0.0000000000000000     )
 mdl_I1d33 =  (  2.4008698866559607E-002,  0.0000000000000000     )
 mdl_I2d11 =  (  5.7437078628133041E-102,  0.0000000000000000     )
 mdl_I2d22 =  (  5.7437078628133041E-102,  0.0000000000000000     )
 mdl_I2d33 =  ( 0.99481020183926416     ,  0.0000000000000000     )
 mdl_I3d11 =  (  5.7437078628133041E-102,  0.0000000000000000     )
 mdl_I3d22 =  (  5.7437078628133041E-102,  0.0000000000000000     )
 mdl_I3d33 =  (  2.4008698866559607E-002,  0.0000000000000000     )
 mdl_I4d11 =  (  5.7437078628133041E-102,  0.0000000000000000     )
 mdl_I4d22 =  (  5.7437078628133041E-102,  0.0000000000000000     )
 mdl_I4d33 =  ( 0.99481020183926416     ,  0.0000000000000000     )
 mdl_I5d11 =  (  5.7437078628133041E-102,  0.0000000000000000     )
 mdl_I5d22 =  (  5.7437078628133041E-102,  0.0000000000000000     )
 mdl_I5d33 =  (  2.4008698866559607E-002,  0.0000000000000000     )
 mdl_I6d11 =  (  5.7437078628133041E-102,  0.0000000000000000     )
 mdl_I6d22 =  (  5.7437078628133041E-102,  0.0000000000000000     )
 mdl_I6d33 =  ( 0.99481020183926416     ,  0.0000000000000000     )
 mdl_ee__exp__3 =    2.9290274715240611E-002
 mdl_vevhat__exp__3 =    14926843.019948866     
  Internal Params evaluated point by point
  ----------------------------------------
  
 mdl_sqrt__aS =   0.34365680554879169     
 mdl_G__exp__2 =    1.4840883695558185     
 mdl_gHgg =    3.2334372328970845E-003
 mdl_G__exp__3 =  (  1.8079634332366095     ,  0.0000000000000000     )
  Couplings of SMEFTsim_A_U35_MwScheme_UFO_v3_1-cHW_massless
  ---------------------------------
  
         GC_1 =   0.00000E+00   0.10275E+00
         GC_2 =  -0.00000E+00  -0.20550E+00
         GC_3 =  -0.00000E+00  -0.30825E+00
       GC_255 =  -0.00000E+00  -0.42637E+00
       GC_278 =  -0.00000E+00  -0.37035E+00
       GC_280 =  -0.00000E+00  -0.57563E+00
       GC_328 =  -0.00000E+00  -0.55024E-01
       GC_329 =   0.00000E+00   0.11005E+00
       GC_330 =  -0.00000E+00  -0.16507E+00
       GC_387 =   0.00000E+00   0.98488E-03
       GC_400 =   0.00000E+00   0.52490E+02
       GC_809 =  -0.00000E+00  -0.72171E-02
      GC_1073 =  -0.00000E+00  -0.46172E+00

 Collider parameters:
 --------------------

 Running at P P   machine @    13000.000000000000       GeV
 PDF set = lhapdf 
 alpha_s(Mz)= 0.1127 running at 3 loops.
 alpha_s(Mz)= 0.1127 running at 3 loops.
 Renormalization scale set on event-by-event basis
 Factorization   scale set on event-by-event basis


 getting user params
Enter number of events and max and min iterations: 
 Number of events and iterations         2000           8           3
Enter desired fractional accuracy: 
 Desired fractional accuracy:    1.0000000000000000E-002
Enter 0 for fixed, 2 for adjustable grid: 
Suppress amplitude (0 no, 1 yes)? 
 Using suppressed amplitude.
Exact helicity sum (0 yes, n = number/event)? 
 Explicitly summing over helicities
Enter Configuration Number: 
Running Configuration Number:  440
 Using dconfig=          79
 BW Setting            1           2           2           2           0           0
 Attempting mappinvarients           1           8
 Completed mapping           8
 about to integrate           16        2000           8           3          16           1
 Using non-zero grid deformation.
 16 dimensions   2000 events 16 invarients  8 iterations  1 config(s),  (0.99)
 Using h-tuple random number sequence.
 Error opening grid
 Using Uniform Grid!          32
 Using uniform alpha   1.0000000000000000     
 Grid defined OK
 Set CM energy to      13000.00
 Mapping Graph         440  to config         440
 Setting BW          -1           1   80.387000000000000     
Setting grid   2    0.28963E-04   1
Setting grid   3    0.28963E-04   1
Setting grid   4    0.59172E-08   1
Setting grid   5    0.28963E-04   1
 Transforming s_hat 1/s           15   5.9171597633136108E-005   10000.000000000000        168999999.99999997     
 440   1   2   3   4   5   6   7   8   9  10  11  12  13  14
  15  16
 Masses: 0.000E+00 0.000E+00 0.000E+00 0.000E+00 0.000E+00 0.000E+00 0.000E+00 0.000E+00
Using random seed offsets   440 :      4
  with seed                   24
 Ranmar initialization seeds         170        9401
 
 ********************************************
 * You are using the DiscreteSampler module *
 *      part of the MG5_aMC framework       *
 *         Author: Valentin Hirschi         *
 ********************************************
 
  Particle       3       4       5       6       7       8
      Et >     0.0     0.0     0.0     0.0    10.0    10.0
       E >     0.0     0.0     0.0     0.0     0.0     0.0
     Eta <    -1.0    -1.0    -1.0    -1.0     6.5     6.5
   xqcut:      0.0     0.0     0.0     0.0     0.0     0.0
d R # 3  >    -0.0     0.4     0.0     0.0     0.4     0.4
d R # 4  >    -0.0    -0.0     0.0     0.0     0.4     0.4
d R # 5  >    -0.0    -0.0    -0.0     0.0     0.0     0.0
d R # 6  >    -0.0    -0.0    -0.0    -0.0     0.0     0.0
d R # 7  >    -0.0    -0.0    -0.0    -0.0    -0.0     0.4
s min # 3>     0.0     0.0     0.0     0.0     0.0     0.0
s min # 4>     0.0     0.0     0.0     0.0     0.0     0.0
s min # 5>     0.0     0.0     0.0     0.0     0.0     0.0
s min # 6>     0.0     0.0     0.0     0.0     0.0     0.0
s min # 7>     0.0     0.0     0.0     0.0     0.0 10000.0
xqcutij # 3>     0.0     0.0     0.0     0.0     0.0     0.0
xqcutij # 4>     0.0     0.0     0.0     0.0     0.0     0.0
xqcutij # 5>     0.0     0.0     0.0     0.0     0.0     0.0
xqcutij # 6>     0.0     0.0     0.0     0.0     0.0     0.0
xqcutij # 7>     0.0     0.0     0.0     0.0     0.0     0.0
 Requiring BW           -1           1
 Excluding BW           -3           2
 Excluding BW           -4           3
 Excluding BW           -5           4
 alpha_s for scale    67.328615607831694       is   0.11835339493754013     
 Added good helicity          193   256.00000000000000       in event            1 local:           1
 Added good helicity          193   256.00000000000000       in event            1 local:           1
 RESET CUMULATIVE VARIABLE
 RESET CUMULATIVE VARIABLE
 RESET CUMULATIVE VARIABLE
 Iteration  1   Mean: 0.6488E-09 Abs mean: 0.2780E-08   Fluctuation:  0.857E-09   0.817E-06     5.3%
  1    0.6488E-09 0.2780E-08 +- 0.8565E-09     13.78
 Writing out events   3.3041303035561482E-012   13.779101829817652     
 Relative summed weights:
  0.0000E+00  0.0000E+00  0.6125E-02  0.2005E+00  0.0000E+00  0.0000E+00  0.0000E+00  0.0000E+00  0.0000E+00  0.0000E+00  0.2114E-03  0.2094E-05  0.2078E-03  0.5083E-02  0.0000E+00  0.0000E+00  0.0000E+00  0.0000E+00  0.0000E+00  0.0000E+00  0.0000E+00  0.0000E+00  0.5371E-02  0.3092E-03  0.0000E+00  0.0000E+00  0.0000E+00  0.0000E+00  0.1113E-04  0.6898E-05  0.0000E+00  0.0000E+00
  0.0000E+00  0.0000E+00  0.8611E-03  0.1272E-01  0.0000E+00  0.0000E+00  0.0000E+00  0.0000E+00  0.0000E+00  0.0000E+00  0.3924E-01  0.2562E-02  0.8293E-02  0.4907E-02  0.0000E+00  0.0000E+00  0.0000E+00  0.0000E+00  0.0000E+00  0.0000E+00  0.0000E+00  0.0000E+00  0.1423E-04  0.2647E-05  0.0000E+00  0.0000E+00  0.0000E+00  0.0000E+00  0.2997E-06  0.5362E-05  0.0000E+00  0.0000E+00
  0.0000E+00  0.0000E+00  0.3690E-02  0.4432E-04  0.0000E+00  0.0000E+00  0.0000E+00  0.0000E+00  0.0000E+00  0.0000E+00  0.2418E-03  0.5172E-03  0.1185E-02  0.2337E-02  0.0000E+00  0.0000E+00  0.0000E+00  0.0000E+00  0.0000E+00  0.0000E+00  0.0000E+00  0.0000E+00  0.1358E-04  0.1934E-03  0.0000E+00  0.0000E+00  0.0000E+00  0.0000E+00  0.4824E-06  0.2631E-05  0.0000E+00  0.0000E+00
  0.0000E+00  0.0000E+00  0.1171E-03  0.2500E-01  0.0000E+00  0.0000E+00  0.0000E+00  0.0000E+00  0.0000E+00  0.0000E+00  0.3027E-04  0.1009E-03  0.8070E-03  0.2414E+00  0.0000E+00  0.0000E+00  0.0000E+00  0.0000E+00  0.0000E+00  0.0000E+00  0.0000E+00  0.0000E+00  0.8724E-05  0.1783E+00  0.0000E+00  0.0000E+00  0.0000E+00  0.0000E+00  0.4937E-04  0.1015E-06  0.0000E+00  0.0000E+00
  0.0000E+00  0.0000E+00  0.5930E-02  0.6022E-04  0.0000E+00  0.0000E+00  0.0000E+00  0.0000E+00  0.0000E+00  0.0000E+00  0.1370E-04  0.1337E-03  0.0000E+00  0.0000E+00  0.0000E+00  0.0000E+00  0.0000E+00  0.0000E+00  0.0000E+00  0.0000E+00  0.0000E+00  0.0000E+00  0.0000E+00  0.0000E+00  0.0000E+00  0.0000E+00  0.0000E+00  0.0000E+00  0.0000E+00  0.0000E+00  0.0000E+00  0.0000E+00
  0.0000E+00  0.0000E+00  0.2768E-01  0.5969E-02  0.0000E+00  0.0000E+00  0.0000E+00  0.0000E+00  0.0000E+00  0.0000E+00  0.7219E-03  0.2283E-03  0.0000E+00  0.0000E+00  0.0000E+00  0.0000E+00  0.0000E+00  0.0000E+00  0.0000E+00  0.0000E+00  0.0000E+00  0.0000E+00  0.0000E+00  0.0000E+00  0.0000E+00  0.0000E+00  0.0000E+00  0.0000E+00  0.0000E+00  0.0000E+00  0.0000E+00  0.0000E+00
  0.0000E+00  0.0000E+00  0.1836E+00  0.2703E-03  0.0000E+00  0.0000E+00  0.0000E+00  0.0000E+00  0.0000E+00  0.0000E+00  0.8755E-03  0.1537E-01  0.0000E+00  0.0000E+00  0.0000E+00  0.0000E+00  0.0000E+00  0.0000E+00  0.0000E+00  0.0000E+00  0.0000E+00  0.0000E+00  0.0000E+00  0.0000E+00  0.0000E+00  0.0000E+00  0.0000E+00  0.0000E+00  0.0000E+00  0.0000E+00  0.0000E+00  0.0000E+00
  0.0000E+00  0.0000E+00  0.2069E-04  0.1748E-01  0.0000E+00  0.0000E+00  0.0000E+00  0.0000E+00  0.0000E+00  0.0000E+00  0.3531E-04  0.1165E-02  0.0000E+00  0.0000E+00  0.0000E+00  0.0000E+00  0.0000E+00  0.0000E+00  0.0000E+00  0.0000E+00  0.0000E+00  0.0000E+00  0.0000E+00  0.0000E+00  0.0000E+00  0.0000E+00  0.0000E+00  0.0000E+00  0.0000E+00  0.0000E+00  0.0000E+00  0.0000E+00
 Relative number of events:
  0.0000E+00  0.0000E+00  0.1542E-01  0.4626E-02  0.0000E+00  0.0000E+00  0.0000E+00  0.0000E+00  0.0000E+00  0.0000E+00  0.2005E-01  0.1002E-01  0.2159E-01  0.2621E-01  0.0000E+00  0.0000E+00  0.0000E+00  0.0000E+00  0.0000E+00  0.0000E+00  0.0000E+00  0.0000E+00  0.2621E-01  0.2159E-01  0.0000E+00  0.0000E+00  0.0000E+00  0.0000E+00  0.6168E-02  0.5397E-02  0.0000E+00  0.0000E+00
  0.0000E+00  0.0000E+00  0.2313E-01  0.1850E-01  0.0000E+00  0.0000E+00  0.0000E+00  0.0000E+00  0.0000E+00  0.0000E+00  0.2082E-01  0.1619E-01  0.5320E-01  0.5397E-01  0.0000E+00  0.0000E+00  0.0000E+00  0.0000E+00  0.0000E+00  0.0000E+00  0.0000E+00  0.0000E+00  0.1388E-01  0.1619E-01  0.0000E+00  0.0000E+00  0.0000E+00  0.0000E+00  0.3084E-02  0.4626E-02  0.0000E+00  0.0000E+00
  0.0000E+00  0.0000E+00  0.1002E-01  0.8481E-02  0.0000E+00  0.0000E+00  0.0000E+00  0.0000E+00  0.0000E+00  0.0000E+00  0.1542E-01  0.1079E-01  0.1465E-01  0.2005E-01  0.0000E+00  0.0000E+00  0.0000E+00  0.0000E+00  0.0000E+00  0.0000E+00  0.0000E+00  0.0000E+00  0.2159E-01  0.2699E-01  0.0000E+00  0.0000E+00  0.0000E+00  0.0000E+00  0.4626E-02  0.5397E-02  0.0000E+00  0.0000E+00
  0.0000E+00  0.0000E+00  0.3238E-01  0.2236E-01  0.0000E+00  0.0000E+00  0.0000E+00  0.0000E+00  0.0000E+00  0.0000E+00  0.1311E-01  0.8481E-02  0.4549E-01  0.5166E-01  0.0000E+00  0.0000E+00  0.0000E+00  0.0000E+00  0.0000E+00  0.0000E+00  0.0000E+00  0.0000E+00  0.1311E-01  0.1388E-01  0.0000E+00  0.0000E+00  0.0000E+00  0.0000E+00  0.4626E-02  0.3084E-02  0.0000E+00  0.0000E+00
  0.0000E+00  0.0000E+00  0.1157E-01  0.8481E-02  0.0000E+00  0.0000E+00  0.0000E+00  0.0000E+00  0.0000E+00  0.0000E+00  0.2005E-01  0.1773E-01  0.0000E+00  0.0000E+00  0.0000E+00  0.0000E+00  0.0000E+00  0.0000E+00  0.0000E+00  0.0000E+00  0.0000E+00  0.0000E+00  0.0000E+00  0.0000E+00  0.0000E+00  0.0000E+00  0.0000E+00  0.0000E+00  0.0000E+00  0.0000E+00  0.0000E+00  0.0000E+00
  0.0000E+00  0.0000E+00  0.2699E-01  0.2930E-01  0.0000E+00  0.0000E+00  0.0000E+00  0.0000E+00  0.0000E+00  0.0000E+00  0.1388E-01  0.1465E-01  0.0000E+00  0.0000E+00  0.0000E+00  0.0000E+00  0.0000E+00  0.0000E+00  0.0000E+00  0.0000E+00  0.0000E+00  0.0000E+00  0.0000E+00  0.0000E+00  0.0000E+00  0.0000E+00  0.0000E+00  0.0000E+00  0.0000E+00  0.0000E+00  0.0000E+00  0.0000E+00
  0.0000E+00  0.0000E+00  0.1079E-01  0.1157E-01  0.0000E+00  0.0000E+00  0.0000E+00  0.0000E+00  0.0000E+00  0.0000E+00  0.1002E-01  0.1619E-01  0.0000E+00  0.0000E+00  0.0000E+00  0.0000E+00  0.0000E+00  0.0000E+00  0.0000E+00  0.0000E+00  0.0000E+00  0.0000E+00  0.0000E+00  0.0000E+00  0.0000E+00  0.0000E+00  0.0000E+00  0.0000E+00  0.0000E+00  0.0000E+00  0.0000E+00  0.0000E+00
  0.0000E+00  0.0000E+00  0.2853E-01  0.2930E-01  0.0000E+00  0.0000E+00  0.0000E+00  0.0000E+00  0.0000E+00  0.0000E+00  0.1388E-01  0.1002E-01  0.0000E+00  0.0000E+00  0.0000E+00  0.0000E+00  0.0000E+00  0.0000E+00  0.0000E+00  0.0000E+00  0.0000E+00  0.0000E+00  0.0000E+00  0.0000E+00  0.0000E+00  0.0000E+00  0.0000E+00  0.0000E+00  0.0000E+00  0.0000E+00  0.0000E+00  0.0000E+00
 Events:
           0           0          20           6           0           0           0           0           0           0          26          13          28          34           0           0           0           0           0           0           0           0          34          28           0           0           0           0           8           7           0           0
           0           0          30          24           0           0           0           0           0           0          27          21          69          70           0           0           0           0           0           0           0           0          18          21           0           0           0           0           4           6           0           0
           0           0          13          11           0           0           0           0           0           0          20          14          19          26           0           0           0           0           0           0           0           0          28          35           0           0           0           0           6           7           0           0
           0           0          42          29           0           0           0           0           0           0          17          11          59          67           0           0           0           0           0           0           0           0          17          18           0           0           0           0           6           4           0           0
           0           0          15          11           0           0           0           0           0           0          26          23           0           0           0           0           0           0           0           0           0           0           0           0           0           0           0           0           0           0           0           0
           0           0          35          38           0           0           0           0           0           0          18          19           0           0           0           0           0           0           0           0           0           0           0           0           0           0           0           0           0           0           0           0
           0           0          14          15           0           0           0           0           0           0          13          21           0           0           0           0           0           0           0           0           0           0           0           0           0           0           0           0           0           0           0           0
           0           0          37          38           0           0           0           0           0           0          18          13           0           0           0           0           0           0           0           0           0           0           0           0           0           0           0           0           0           0           0           0
 Warning: Too low fact scales:   0.75050464878861201        208.63548719953297     
 Warning: Too low fact scales:   0.75050464878861201        208.63548719953297     
 Iteration  2   Mean: 0.2066E-08 Abs mean: 0.5147E-08   Fluctuation:  0.115E-08   0.381E-05    46.4%
  2    0.2066E-08 0.5147E-08 +- 0.1148E-08     14.10
 Relative summed weights:
  0.0000E+00  0.0000E+00  0.4363E-03  0.2824E-01  0.0000E+00  0.0000E+00  0.0000E+00  0.0000E+00  0.0000E+00  0.0000E+00  0.4339E-02  0.1669E-03  0.6678E-03  0.9359E-02  0.0000E+00  0.0000E+00  0.0000E+00  0.0000E+00  0.0000E+00  0.0000E+00  0.0000E+00  0.0000E+00  0.8156E-02  0.2486E-01  0.0000E+00  0.0000E+00  0.0000E+00  0.0000E+00  0.4346E-04  0.2716E-02  0.0000E+00  0.0000E+00
  0.0000E+00  0.0000E+00  0.3448E-02  0.8539E-03  0.0000E+00  0.0000E+00  0.0000E+00  0.0000E+00  0.0000E+00  0.0000E+00  0.9236E-01  0.2135E-01  0.5194E-01  0.3324E-01  0.0000E+00  0.0000E+00  0.0000E+00  0.0000E+00  0.0000E+00  0.0000E+00  0.0000E+00  0.0000E+00  0.5022E-01  0.1422E-02  0.0000E+00  0.0000E+00  0.0000E+00  0.0000E+00  0.1621E-02  0.3359E-04  0.0000E+00  0.0000E+00
  0.0000E+00  0.0000E+00  0.1149E-02  0.2693E-01  0.0000E+00  0.0000E+00  0.0000E+00  0.0000E+00  0.0000E+00  0.0000E+00  0.7166E-03  0.3052E-01  0.1741E-02  0.6418E-03  0.0000E+00  0.0000E+00  0.0000E+00  0.0000E+00  0.0000E+00  0.0000E+00  0.0000E+00  0.0000E+00  0.4439E-02  0.4747E-02  0.0000E+00  0.0000E+00  0.0000E+00  0.0000E+00  0.1249E-02  0.2791E-03  0.0000E+00  0.0000E+00
  0.0000E+00  0.0000E+00  0.4127E-02  0.1636E-01  0.0000E+00  0.0000E+00  0.0000E+00  0.0000E+00  0.0000E+00  0.0000E+00  0.2266E-02  0.9229E-02  0.2832E+00  0.5970E-01  0.0000E+00  0.0000E+00  0.0000E+00  0.0000E+00  0.0000E+00  0.0000E+00  0.0000E+00  0.0000E+00  0.1266E-01  0.5510E-01  0.0000E+00  0.0000E+00  0.0000E+00  0.0000E+00  0.3688E-05  0.3060E-04  0.0000E+00  0.0000E+00
  0.0000E+00  0.0000E+00  0.7987E-02  0.6122E-03  0.0000E+00  0.0000E+00  0.0000E+00  0.0000E+00  0.0000E+00  0.0000E+00  0.1976E-01  0.1501E-02  0.0000E+00  0.0000E+00  0.0000E+00  0.0000E+00  0.0000E+00  0.0000E+00  0.0000E+00  0.0000E+00  0.0000E+00  0.0000E+00  0.0000E+00  0.0000E+00  0.0000E+00  0.0000E+00  0.0000E+00  0.0000E+00  0.0000E+00  0.0000E+00  0.0000E+00  0.0000E+00
  0.0000E+00  0.0000E+00  0.4591E-01  0.8281E-02  0.0000E+00  0.0000E+00  0.0000E+00  0.0000E+00  0.0000E+00  0.0000E+00  0.8227E-02  0.2179E-02  0.0000E+00  0.0000E+00  0.0000E+00  0.0000E+00  0.0000E+00  0.0000E+00  0.0000E+00  0.0000E+00  0.0000E+00  0.0000E+00  0.0000E+00  0.0000E+00  0.0000E+00  0.0000E+00  0.0000E+00  0.0000E+00  0.0000E+00  0.0000E+00  0.0000E+00  0.0000E+00
  0.0000E+00  0.0000E+00  0.4802E-03  0.7169E-02  0.0000E+00  0.0000E+00  0.0000E+00  0.0000E+00  0.0000E+00  0.0000E+00  0.1182E-01  0.9362E-03  0.0000E+00  0.0000E+00  0.0000E+00  0.0000E+00  0.0000E+00  0.0000E+00  0.0000E+00  0.0000E+00  0.0000E+00  0.0000E+00  0.0000E+00  0.0000E+00  0.0000E+00  0.0000E+00  0.0000E+00  0.0000E+00  0.0000E+00  0.0000E+00  0.0000E+00  0.0000E+00
  0.0000E+00  0.0000E+00  0.1244E-01  0.2523E-02  0.0000E+00  0.0000E+00  0.0000E+00  0.0000E+00  0.0000E+00  0.0000E+00  0.5092E-02  0.1447E-01  0.0000E+00  0.0000E+00  0.0000E+00  0.0000E+00  0.0000E+00  0.0000E+00  0.0000E+00  0.0000E+00  0.0000E+00  0.0000E+00  0.0000E+00  0.0000E+00  0.0000E+00  0.0000E+00  0.0000E+00  0.0000E+00  0.0000E+00  0.0000E+00  0.0000E+00  0.0000E+00
 Relative number of events:
  0.0000E+00  0.0000E+00  0.1087E-01  0.9611E-02  0.0000E+00  0.0000E+00  0.0000E+00  0.0000E+00  0.0000E+00  0.0000E+00  0.1588E-01  0.1588E-01  0.1630E-01  0.2048E-01  0.0000E+00  0.0000E+00  0.0000E+00  0.0000E+00  0.0000E+00  0.0000E+00  0.0000E+00  0.0000E+00  0.2633E-01  0.2257E-01  0.0000E+00  0.0000E+00  0.0000E+00  0.0000E+00  0.6268E-02  0.2925E-02  0.0000E+00  0.0000E+00
  0.0000E+00  0.0000E+00  0.2591E-01  0.2967E-01  0.0000E+00  0.0000E+00  0.0000E+00  0.0000E+00  0.0000E+00  0.0000E+00  0.1463E-01  0.1003E-01  0.5767E-01  0.4889E-01  0.0000E+00  0.0000E+00  0.0000E+00  0.0000E+00  0.0000E+00  0.0000E+00  0.0000E+00  0.0000E+00  0.2173E-01  0.1212E-01  0.0000E+00  0.0000E+00  0.0000E+00  0.0000E+00  0.3343E-02  0.3761E-02  0.0000E+00  0.0000E+00
  0.0000E+00  0.0000E+00  0.1254E-01  0.1379E-01  0.0000E+00  0.0000E+00  0.0000E+00  0.0000E+00  0.0000E+00  0.0000E+00  0.9611E-02  0.1797E-01  0.1672E-01  0.1922E-01  0.0000E+00  0.0000E+00  0.0000E+00  0.0000E+00  0.0000E+00  0.0000E+00  0.0000E+00  0.0000E+00  0.2089E-01  0.2340E-01  0.0000E+00  0.0000E+00  0.0000E+00  0.0000E+00  0.3761E-02  0.3761E-02  0.0000E+00  0.0000E+00
  0.0000E+00  0.0000E+00  0.1964E-01  0.2549E-01  0.0000E+00  0.0000E+00  0.0000E+00  0.0000E+00  0.0000E+00  0.0000E+00  0.1045E-01  0.1421E-01  0.5934E-01  0.5976E-01  0.0000E+00  0.0000E+00  0.0000E+00  0.0000E+00  0.0000E+00  0.0000E+00  0.0000E+00  0.0000E+00  0.1254E-01  0.1630E-01  0.0000E+00  0.0000E+00  0.0000E+00  0.0000E+00  0.3343E-02  0.2925E-02  0.0000E+00  0.0000E+00
  0.0000E+00  0.0000E+00  0.1421E-01  0.1087E-01  0.0000E+00  0.0000E+00  0.0000E+00  0.0000E+00  0.0000E+00  0.0000E+00  0.1295E-01  0.1254E-01  0.0000E+00  0.0000E+00  0.0000E+00  0.0000E+00  0.0000E+00  0.0000E+00  0.0000E+00  0.0000E+00  0.0000E+00  0.0000E+00  0.0000E+00  0.0000E+00  0.0000E+00  0.0000E+00  0.0000E+00  0.0000E+00  0.0000E+00  0.0000E+00  0.0000E+00  0.0000E+00
  0.0000E+00  0.0000E+00  0.2800E-01  0.2633E-01  0.0000E+00  0.0000E+00  0.0000E+00  0.0000E+00  0.0000E+00  0.0000E+00  0.1212E-01  0.1630E-01  0.0000E+00  0.0000E+00  0.0000E+00  0.0000E+00  0.0000E+00  0.0000E+00  0.0000E+00  0.0000E+00  0.0000E+00  0.0000E+00  0.0000E+00  0.0000E+00  0.0000E+00  0.0000E+00  0.0000E+00  0.0000E+00  0.0000E+00  0.0000E+00  0.0000E+00  0.0000E+00
  0.0000E+00  0.0000E+00  0.7522E-02  0.1463E-01  0.0000E+00  0.0000E+00  0.0000E+00  0.0000E+00  0.0000E+00  0.0000E+00  0.1463E-01  0.1421E-01  0.0000E+00  0.0000E+00  0.0000E+00  0.0000E+00  0.0000E+00  0.0000E+00  0.0000E+00  0.0000E+00  0.0000E+00  0.0000E+00  0.0000E+00  0.0000E+00  0.0000E+00  0.0000E+00  0.0000E+00  0.0000E+00  0.0000E+00  0.0000E+00  0.0000E+00  0.0000E+00
  0.0000E+00  0.0000E+00  0.2507E-01  0.2257E-01  0.0000E+00  0.0000E+00  0.0000E+00  0.0000E+00  0.0000E+00  0.0000E+00  0.1295E-01  0.1463E-01  0.0000E+00  0.0000E+00  0.0000E+00  0.0000E+00  0.0000E+00  0.0000E+00  0.0000E+00  0.0000E+00  0.0000E+00  0.0000E+00  0.0000E+00  0.0000E+00  0.0000E+00  0.0000E+00  0.0000E+00  0.0000E+00  0.0000E+00  0.0000E+00  0.0000E+00  0.0000E+00
 Events:
           0           0          26          23           0           0           0           0           0           0          38          38          39          49           0           0           0           0           0           0           0           0          63          54           0           0           0           0          15           7           0           0
           0           0          62          71           0           0           0           0           0           0          35          24         138         117           0           0           0           0           0           0           0           0          52          29           0           0           0           0           8           9           0           0
           0           0          30          33           0           0           0           0           0           0          23          43          40          46           0           0           0           0           0           0           0           0          50          56           0           0           0           0           9           9           0           0
           0           0          47          61           0           0           0           0           0           0          25          34         142         143           0           0           0           0           0           0           0           0          30          39           0           0           0           0           8           7           0           0
           0           0          34          26           0           0           0           0           0           0          31          30           0           0           0           0           0           0           0           0           0           0           0           0           0           0           0           0           0           0           0           0
           0           0          67          63           0           0           0           0           0           0          29          39           0           0           0           0           0           0           0           0           0           0           0           0           0           0           0           0           0           0           0           0
           0           0          18          35           0           0           0           0           0           0          35          34           0           0           0           0           0           0           0           0           0           0           0           0           0           0           0           0           0           0           0           0
           0           0          60          54           0           0           0           0           0           0          31          35           0           0           0           0           0           0           0           0           0           0           0           0           0           0           0           0           0           0           0           0
 Warning: Too low fact scales:    1.6350876059147699        81.535272836103701     
 Warning: Too low fact scales:    1.6350876059147694        81.535272836103701     
 Warning: Too low fact scales:    1.6350876059147699        81.535272836103701     
 Iteration  3   Mean: 0.2293E-08 Abs mean: 0.6242E-08   Fluctuation:  0.915E-09   0.468E-05    54.1%
  3    0.2293E-08 0.6242E-08 +- 0.9155E-09     13.12
 Relative summed weights:
  0.0000E+00  0.0000E+00  0.1366E-01  0.6139E-02  0.0000E+00  0.0000E+00  0.0000E+00  0.0000E+00  0.0000E+00  0.0000E+00  0.5058E-03  0.9175E-01  0.1428E-01  0.2147E-01  0.0000E+00  0.0000E+00  0.0000E+00  0.0000E+00  0.0000E+00  0.0000E+00  0.0000E+00  0.0000E+00  0.7744E-02  0.7114E-02  0.0000E+00  0.0000E+00  0.0000E+00  0.0000E+00  0.9771E-03  0.3863E-03  0.0000E+00  0.0000E+00
  0.0000E+00  0.0000E+00  0.2223E-01  0.5672E-02  0.0000E+00  0.0000E+00  0.0000E+00  0.0000E+00  0.0000E+00  0.0000E+00  0.1939E-01  0.5140E-02  0.1305E-01  0.3070E-01  0.0000E+00  0.0000E+00  0.0000E+00  0.0000E+00  0.0000E+00  0.0000E+00  0.0000E+00  0.0000E+00  0.4102E-02  0.1567E-01  0.0000E+00  0.0000E+00  0.0000E+00  0.0000E+00  0.6404E-04  0.4475E-03  0.0000E+00  0.0000E+00
  0.0000E+00  0.0000E+00  0.3739E-02  0.3854E-02  0.0000E+00  0.0000E+00  0.0000E+00  0.0000E+00  0.0000E+00  0.0000E+00  0.2661E-02  0.9300E-02  0.2049E-01  0.1152E-01  0.0000E+00  0.0000E+00  0.0000E+00  0.0000E+00  0.0000E+00  0.0000E+00  0.0000E+00  0.0000E+00  0.2193E-01  0.2490E-01  0.0000E+00  0.0000E+00  0.0000E+00  0.0000E+00  0.1452E-03  0.2390E-03  0.0000E+00  0.0000E+00
  0.0000E+00  0.0000E+00  0.3779E-02  0.1142E-01  0.0000E+00  0.0000E+00  0.0000E+00  0.0000E+00  0.0000E+00  0.0000E+00  0.3399E-02  0.1389E-01  0.7366E-01  0.9161E-01  0.0000E+00  0.0000E+00  0.0000E+00  0.0000E+00  0.0000E+00  0.0000E+00  0.0000E+00  0.0000E+00  0.8362E-02  0.2400E-01  0.0000E+00  0.0000E+00  0.0000E+00  0.0000E+00  0.2942E-03  0.5153E-03  0.0000E+00  0.0000E+00
  0.0000E+00  0.0000E+00  0.5541E-01  0.3203E-01  0.0000E+00  0.0000E+00  0.0000E+00  0.0000E+00  0.0000E+00  0.0000E+00  0.3110E-02  0.1063E-01  0.0000E+00  0.0000E+00  0.0000E+00  0.0000E+00  0.0000E+00  0.0000E+00  0.0000E+00  0.0000E+00  0.0000E+00  0.0000E+00  0.0000E+00  0.0000E+00  0.0000E+00  0.0000E+00  0.0000E+00  0.0000E+00  0.0000E+00  0.0000E+00  0.0000E+00  0.0000E+00
  0.0000E+00  0.0000E+00  0.3656E-01  0.3742E-02  0.0000E+00  0.0000E+00  0.0000E+00  0.0000E+00  0.0000E+00  0.0000E+00  0.1988E-02  0.7161E-02  0.0000E+00  0.0000E+00  0.0000E+00  0.0000E+00  0.0000E+00  0.0000E+00  0.0000E+00  0.0000E+00  0.0000E+00  0.0000E+00  0.0000E+00  0.0000E+00  0.0000E+00  0.0000E+00  0.0000E+00  0.0000E+00  0.0000E+00  0.0000E+00  0.0000E+00  0.0000E+00
  0.0000E+00  0.0000E+00  0.2828E-01  0.6419E-02  0.0000E+00  0.0000E+00  0.0000E+00  0.0000E+00  0.0000E+00  0.0000E+00  0.8546E-01  0.1283E-01  0.0000E+00  0.0000E+00  0.0000E+00  0.0000E+00  0.0000E+00  0.0000E+00  0.0000E+00  0.0000E+00  0.0000E+00  0.0000E+00  0.0000E+00  0.0000E+00  0.0000E+00  0.0000E+00  0.0000E+00  0.0000E+00  0.0000E+00  0.0000E+00  0.0000E+00  0.0000E+00
  0.0000E+00  0.0000E+00  0.7550E-01  0.8233E-02  0.0000E+00  0.0000E+00  0.0000E+00  0.0000E+00  0.0000E+00  0.0000E+00  0.4816E-02  0.1765E-01  0.0000E+00  0.0000E+00  0.0000E+00  0.0000E+00  0.0000E+00  0.0000E+00  0.0000E+00  0.0000E+00  0.0000E+00  0.0000E+00  0.0000E+00  0.0000E+00  0.0000E+00  0.0000E+00  0.0000E+00  0.0000E+00  0.0000E+00  0.0000E+00  0.0000E+00  0.0000E+00
 Relative number of events:
  0.0000E+00  0.0000E+00  0.1259E-01  0.1323E-01  0.0000E+00  0.0000E+00  0.0000E+00  0.0000E+00  0.0000E+00  0.0000E+00  0.1088E-01  0.1622E-01  0.2027E-01  0.2134E-01  0.0000E+00  0.0000E+00  0.0000E+00  0.0000E+00  0.0000E+00  0.0000E+00  0.0000E+00  0.0000E+00  0.2091E-01  0.2475E-01  0.0000E+00  0.0000E+00  0.0000E+00  0.0000E+00  0.3627E-02  0.4267E-02  0.0000E+00  0.0000E+00
  0.0000E+00  0.0000E+00  0.2774E-01  0.2923E-01  0.0000E+00  0.0000E+00  0.0000E+00  0.0000E+00  0.0000E+00  0.0000E+00  0.1152E-01  0.1301E-01  0.5590E-01  0.5505E-01  0.0000E+00  0.0000E+00  0.0000E+00  0.0000E+00  0.0000E+00  0.0000E+00  0.0000E+00  0.0000E+00  0.1323E-01  0.1643E-01  0.0000E+00  0.0000E+00  0.0000E+00  0.0000E+00  0.2774E-02  0.2987E-02  0.0000E+00  0.0000E+00
  0.0000E+00  0.0000E+00  0.1024E-01  0.1301E-01  0.0000E+00  0.0000E+00  0.0000E+00  0.0000E+00  0.0000E+00  0.0000E+00  0.1344E-01  0.1664E-01  0.2240E-01  0.1899E-01  0.0000E+00  0.0000E+00  0.0000E+00  0.0000E+00  0.0000E+00  0.0000E+00  0.0000E+00  0.0000E+00  0.2603E-01  0.2134E-01  0.0000E+00  0.0000E+00  0.0000E+00  0.0000E+00  0.3627E-02  0.3414E-02  0.0000E+00  0.0000E+00
  0.0000E+00  0.0000E+00  0.2134E-01  0.2390E-01  0.0000E+00  0.0000E+00  0.0000E+00  0.0000E+00  0.0000E+00  0.0000E+00  0.1045E-01  0.9601E-02  0.5398E-01  0.6166E-01  0.0000E+00  0.0000E+00  0.0000E+00  0.0000E+00  0.0000E+00  0.0000E+00  0.0000E+00  0.0000E+00  0.1557E-01  0.1600E-01  0.0000E+00  0.0000E+00  0.0000E+00  0.0000E+00  0.3200E-02  0.2987E-02  0.0000E+00  0.0000E+00
  0.0000E+00  0.0000E+00  0.1173E-01  0.1109E-01  0.0000E+00  0.0000E+00  0.0000E+00  0.0000E+00  0.0000E+00  0.0000E+00  0.1323E-01  0.1451E-01  0.0000E+00  0.0000E+00  0.0000E+00  0.0000E+00  0.0000E+00  0.0000E+00  0.0000E+00  0.0000E+00  0.0000E+00  0.0000E+00  0.0000E+00  0.0000E+00  0.0000E+00  0.0000E+00  0.0000E+00  0.0000E+00  0.0000E+00  0.0000E+00  0.0000E+00  0.0000E+00
  0.0000E+00  0.0000E+00  0.3030E-01  0.2411E-01  0.0000E+00  0.0000E+00  0.0000E+00  0.0000E+00  0.0000E+00  0.0000E+00  0.1067E-01  0.1237E-01  0.0000E+00  0.0000E+00  0.0000E+00  0.0000E+00  0.0000E+00  0.0000E+00  0.0000E+00  0.0000E+00  0.0000E+00  0.0000E+00  0.0000E+00  0.0000E+00  0.0000E+00  0.0000E+00  0.0000E+00  0.0000E+00  0.0000E+00  0.0000E+00  0.0000E+00  0.0000E+00
  0.0000E+00  0.0000E+00  0.1579E-01  0.1152E-01  0.0000E+00  0.0000E+00  0.0000E+00  0.0000E+00  0.0000E+00  0.0000E+00  0.1259E-01  0.1344E-01  0.0000E+00  0.0000E+00  0.0000E+00  0.0000E+00  0.0000E+00  0.0000E+00  0.0000E+00  0.0000E+00  0.0000E+00  0.0000E+00  0.0000E+00  0.0000E+00  0.0000E+00  0.0000E+00  0.0000E+00  0.0000E+00  0.0000E+00  0.0000E+00  0.0000E+00  0.0000E+00
  0.0000E+00  0.0000E+00  0.2710E-01  0.2496E-01  0.0000E+00  0.0000E+00  0.0000E+00  0.0000E+00  0.0000E+00  0.0000E+00  0.1216E-01  0.1067E-01  0.0000E+00  0.0000E+00  0.0000E+00  0.0000E+00  0.0000E+00  0.0000E+00  0.0000E+00  0.0000E+00  0.0000E+00  0.0000E+00  0.0000E+00  0.0000E+00  0.0000E+00  0.0000E+00  0.0000E+00  0.0000E+00  0.0000E+00  0.0000E+00  0.0000E+00  0.0000E+00
 Events:
           0           0          59          62           0           0           0           0           0           0          51          76          95         100           0           0           0           0           0           0           0           0          98         116           0           0           0           0          17          20           0           0
           0           0         130         137           0           0           0           0           0           0          54          61         262         258           0           0           0           0           0           0           0           0          62          77           0           0           0           0          13          14           0           0
           0           0          48          61           0           0           0           0           0           0          63          78         105          89           0           0           0           0           0           0           0           0         122         100           0           0           0           0          17          16           0           0
           0           0         100         112           0           0           0           0           0           0          49          45         253         289           0           0           0           0           0           0           0           0          73          75           0           0           0           0          15          14           0           0
           0           0          55          52           0           0           0           0           0           0          62          68           0           0           0           0           0           0           0           0           0           0           0           0           0           0           0           0           0           0           0           0
           0           0         142         113           0           0           0           0           0           0          50          58           0           0           0           0           0           0           0           0           0           0           0           0           0           0           0           0           0           0           0           0
           0           0          74          54           0           0           0           0           0           0          59          63           0           0           0           0           0           0           0           0           0           0           0           0           0           0           0           0           0           0           0           0
           0           0         127         117           0           0           0           0           0           0          57          50           0           0           0           0           0           0           0           0           0           0           0           0           0           0           0           0           0           0           0           0
 Accuracy:    0.151   0.010   0.114   1.763
 Found          484  events.
 Wrote            6  events.
 Actual xsec    2.0090402066712761E-009
 Correct abs xsec    5.4835640040371051E-009
 Event xsec    5.4835640040371051E-009
 Events wgts > 1:            0
 % Cross section > 1:    0.0000000000000000        0.0000000000000000     
 Iteration  4   Mean: 0.6303E-08 Abs mean: 0.1053E-07   Fluctuation:  0.247E-08   0.354E-04    55.5%
  4    0.6303E-08 0.1053E-07 +- 0.2468E-08     29.65
 Relative summed weights:
  0.0000E+00  0.0000E+00  0.5371E-02  0.5367E-02  0.0000E+00  0.0000E+00  0.0000E+00  0.0000E+00  0.0000E+00  0.0000E+00  0.5017E-02  0.2872E-02  0.1280E-01  0.3582E-01  0.0000E+00  0.0000E+00  0.0000E+00  0.0000E+00  0.0000E+00  0.0000E+00  0.0000E+00  0.0000E+00  0.5678E-02  0.6919E-01  0.0000E+00  0.0000E+00  0.0000E+00  0.0000E+00  0.1372E-02  0.1497E-02  0.0000E+00  0.0000E+00
  0.0000E+00  0.0000E+00  0.2134E-01  0.1213E-01  0.0000E+00  0.0000E+00  0.0000E+00  0.0000E+00  0.0000E+00  0.0000E+00  0.5121E-02  0.6948E-02  0.1920E-01  0.2894E-01  0.0000E+00  0.0000E+00  0.0000E+00  0.0000E+00  0.0000E+00  0.0000E+00  0.0000E+00  0.0000E+00  0.1137E-01  0.1148E-01  0.0000E+00  0.0000E+00  0.0000E+00  0.0000E+00  0.1777E-03  0.3430E-03  0.0000E+00  0.0000E+00
  0.0000E+00  0.0000E+00  0.1212E-01  0.7329E-02  0.0000E+00  0.0000E+00  0.0000E+00  0.0000E+00  0.0000E+00  0.0000E+00  0.3634E-02  0.1813E-02  0.8587E-02  0.1503E-01  0.0000E+00  0.0000E+00  0.0000E+00  0.0000E+00  0.0000E+00  0.0000E+00  0.0000E+00  0.0000E+00  0.1165E-01  0.1428E-01  0.0000E+00  0.0000E+00  0.0000E+00  0.0000E+00  0.6708E-03  0.1081E-02  0.0000E+00  0.0000E+00
  0.0000E+00  0.0000E+00  0.5804E-02  0.4447E-02  0.0000E+00  0.0000E+00  0.0000E+00  0.0000E+00  0.0000E+00  0.0000E+00  0.1111E-01  0.7783E-02  0.3204E-01  0.1667E-01  0.0000E+00  0.0000E+00  0.0000E+00  0.0000E+00  0.0000E+00  0.0000E+00  0.0000E+00  0.0000E+00  0.1575E-01  0.2449E-01  0.0000E+00  0.0000E+00  0.0000E+00  0.0000E+00  0.6378E-04  0.3303E-01  0.0000E+00  0.0000E+00
  0.0000E+00  0.0000E+00  0.7016E-02  0.5155E-02  0.0000E+00  0.0000E+00  0.0000E+00  0.0000E+00  0.0000E+00  0.0000E+00  0.5747E-02  0.2673E+00  0.0000E+00  0.0000E+00  0.0000E+00  0.0000E+00  0.0000E+00  0.0000E+00  0.0000E+00  0.0000E+00  0.0000E+00  0.0000E+00  0.0000E+00  0.0000E+00  0.0000E+00  0.0000E+00  0.0000E+00  0.0000E+00  0.0000E+00  0.0000E+00  0.0000E+00  0.0000E+00
  0.0000E+00  0.0000E+00  0.1527E-01  0.2144E-01  0.0000E+00  0.0000E+00  0.0000E+00  0.0000E+00  0.0000E+00  0.0000E+00  0.1011E-01  0.6855E-02  0.0000E+00  0.0000E+00  0.0000E+00  0.0000E+00  0.0000E+00  0.0000E+00  0.0000E+00  0.0000E+00  0.0000E+00  0.0000E+00  0.0000E+00  0.0000E+00  0.0000E+00  0.0000E+00  0.0000E+00  0.0000E+00  0.0000E+00  0.0000E+00  0.0000E+00  0.0000E+00
  0.0000E+00  0.0000E+00  0.1076E+00  0.1616E-01  0.0000E+00  0.0000E+00  0.0000E+00  0.0000E+00  0.0000E+00  0.0000E+00  0.2625E-02  0.8265E-02  0.0000E+00  0.0000E+00  0.0000E+00  0.0000E+00  0.0000E+00  0.0000E+00  0.0000E+00  0.0000E+00  0.0000E+00  0.0000E+00  0.0000E+00  0.0000E+00  0.0000E+00  0.0000E+00  0.0000E+00  0.0000E+00  0.0000E+00  0.0000E+00  0.0000E+00  0.0000E+00
  0.0000E+00  0.0000E+00  0.1685E-01  0.7661E-02  0.0000E+00  0.0000E+00  0.0000E+00  0.0000E+00  0.0000E+00  0.0000E+00  0.6137E-02  0.6404E-02  0.0000E+00  0.0000E+00  0.0000E+00  0.0000E+00  0.0000E+00  0.0000E+00  0.0000E+00  0.0000E+00  0.0000E+00  0.0000E+00  0.0000E+00  0.0000E+00  0.0000E+00  0.0000E+00  0.0000E+00  0.0000E+00  0.0000E+00  0.0000E+00  0.0000E+00  0.0000E+00
 Relative number of events:
  0.0000E+00  0.0000E+00  0.1241E-01  0.1085E-01  0.0000E+00  0.0000E+00  0.0000E+00  0.0000E+00  0.0000E+00  0.0000E+00  0.1523E-01  0.1294E-01  0.1992E-01  0.2034E-01  0.0000E+00  0.0000E+00  0.0000E+00  0.0000E+00  0.0000E+00  0.0000E+00  0.0000E+00  0.0000E+00  0.2316E-01  0.2514E-01  0.0000E+00  0.0000E+00  0.0000E+00  0.0000E+00  0.2817E-02  0.3130E-02  0.0000E+00  0.0000E+00
  0.0000E+00  0.0000E+00  0.2837E-01  0.2712E-01  0.0000E+00  0.0000E+00  0.0000E+00  0.0000E+00  0.0000E+00  0.0000E+00  0.1158E-01  0.1304E-01  0.5456E-01  0.5258E-01  0.0000E+00  0.0000E+00  0.0000E+00  0.0000E+00  0.0000E+00  0.0000E+00  0.0000E+00  0.0000E+00  0.1523E-01  0.1794E-01  0.0000E+00  0.0000E+00  0.0000E+00  0.0000E+00  0.2191E-02  0.1982E-02  0.0000E+00  0.0000E+00
  0.0000E+00  0.0000E+00  0.1127E-01  0.1168E-01  0.0000E+00  0.0000E+00  0.0000E+00  0.0000E+00  0.0000E+00  0.0000E+00  0.1502E-01  0.1356E-01  0.2232E-01  0.2034E-01  0.0000E+00  0.0000E+00  0.0000E+00  0.0000E+00  0.0000E+00  0.0000E+00  0.0000E+00  0.0000E+00  0.2326E-01  0.1930E-01  0.0000E+00  0.0000E+00  0.0000E+00  0.0000E+00  0.1878E-02  0.2817E-02  0.0000E+00  0.0000E+00
  0.0000E+00  0.0000E+00  0.3015E-01  0.2462E-01  0.0000E+00  0.0000E+00  0.0000E+00  0.0000E+00  0.0000E+00  0.0000E+00  0.1241E-01  0.1158E-01  0.5279E-01  0.5550E-01  0.0000E+00  0.0000E+00  0.0000E+00  0.0000E+00  0.0000E+00  0.0000E+00  0.0000E+00  0.0000E+00  0.1607E-01  0.1617E-01  0.0000E+00  0.0000E+00  0.0000E+00  0.0000E+00  0.1982E-02  0.2504E-02  0.0000E+00  0.0000E+00
  0.0000E+00  0.0000E+00  0.1127E-01  0.1471E-01  0.0000E+00  0.0000E+00  0.0000E+00  0.0000E+00  0.0000E+00  0.0000E+00  0.1554E-01  0.1523E-01  0.0000E+00  0.0000E+00  0.0000E+00  0.0000E+00  0.0000E+00  0.0000E+00  0.0000E+00  0.0000E+00  0.0000E+00  0.0000E+00  0.0000E+00  0.0000E+00  0.0000E+00  0.0000E+00  0.0000E+00  0.0000E+00  0.0000E+00  0.0000E+00  0.0000E+00  0.0000E+00
  0.0000E+00  0.0000E+00  0.2650E-01  0.2535E-01  0.0000E+00  0.0000E+00  0.0000E+00  0.0000E+00  0.0000E+00  0.0000E+00  0.1033E-01  0.1074E-01  0.0000E+00  0.0000E+00  0.0000E+00  0.0000E+00  0.0000E+00  0.0000E+00  0.0000E+00  0.0000E+00  0.0000E+00  0.0000E+00  0.0000E+00  0.0000E+00  0.0000E+00  0.0000E+00  0.0000E+00  0.0000E+00  0.0000E+00  0.0000E+00  0.0000E+00  0.0000E+00
  0.0000E+00  0.0000E+00  0.1262E-01  0.1116E-01  0.0000E+00  0.0000E+00  0.0000E+00  0.0000E+00  0.0000E+00  0.0000E+00  0.1502E-01  0.1440E-01  0.0000E+00  0.0000E+00  0.0000E+00  0.0000E+00  0.0000E+00  0.0000E+00  0.0000E+00  0.0000E+00  0.0000E+00  0.0000E+00  0.0000E+00  0.0000E+00  0.0000E+00  0.0000E+00  0.0000E+00  0.0000E+00  0.0000E+00  0.0000E+00  0.0000E+00  0.0000E+00
  0.0000E+00  0.0000E+00  0.2691E-01  0.2921E-01  0.0000E+00  0.0000E+00  0.0000E+00  0.0000E+00  0.0000E+00  0.0000E+00  0.1335E-01  0.1189E-01  0.0000E+00  0.0000E+00  0.0000E+00  0.0000E+00  0.0000E+00  0.0000E+00  0.0000E+00  0.0000E+00  0.0000E+00  0.0000E+00  0.0000E+00  0.0000E+00  0.0000E+00  0.0000E+00  0.0000E+00  0.0000E+00  0.0000E+00  0.0000E+00  0.0000E+00  0.0000E+00
 Events:
           0           0         119         104           0           0           0           0           0           0         146         124         191         195           0           0           0           0           0           0           0           0         222         241           0           0           0           0          27          30           0           0
           0           0         272         260           0           0           0           0           0           0         111         125         523         504           0           0           0           0           0           0           0           0         146         172           0           0           0           0          21          19           0           0
           0           0         108         112           0           0           0           0           0           0         144         130         214         195           0           0           0           0           0           0           0           0         223         185           0           0           0           0          18          27           0           0
           0           0         289         236           0           0           0           0           0           0         119         111         506         532           0           0           0           0           0           0           0           0         154         155           0           0           0           0          19          24           0           0
           0           0         108         141           0           0           0           0           0           0         149         146           0           0           0           0           0           0           0           0           0           0           0           0           0           0           0           0           0           0           0           0
           0           0         254         243           0           0           0           0           0           0          99         103           0           0           0           0           0           0           0           0           0           0           0           0           0           0           0           0           0           0           0           0
           0           0         121         107           0           0           0           0           0           0         144         138           0           0           0           0           0           0           0           0           0           0           0           0           0           0           0           0           0           0           0           0
           0           0         258         280           0           0           0           0           0           0         128         114           0           0           0           0           0           0           0           0           0           0           0           0           0           0           0           0           0           0           0           0
 Accuracy:    0.201   0.010   0.102   3.857
 Found         1239  events.
 Wrote            3  events.
 Actual xsec    3.0996489679637654E-009
 Correct abs xsec    6.9023670270644388E-009
 Event xsec    6.9023670270644396E-009
 Events wgts > 1:            0
 % Cross section > 1:    0.0000000000000000        0.0000000000000000     
 Warning: Too low fact scales:    107.12344853073151        1.7148016915654400     
 Warning: Too low fact scales:    107.12344853073152        1.7148016915654400     
 Warning: Too low fact scales:   0.74337122967985325        217.10281437819538     
 Warning: Too low fact scales:   0.74337122967985325        217.10281437819538     
 Iteration  5   Mean: 0.2649E-08 Abs mean: 0.8591E-08   Fluctuation:  0.424E-09   0.605E-05    57.4%
  5    0.2649E-08 0.8591E-08 +- 0.4245E-09      8.84
 Relative summed weights:
  0.0000E+00  0.0000E+00  0.2696E-01  0.2816E-01  0.0000E+00  0.0000E+00  0.0000E+00  0.0000E+00  0.0000E+00  0.0000E+00  0.9597E-02  0.4255E-02  0.2431E-01  0.2263E-01  0.0000E+00  0.0000E+00  0.0000E+00  0.0000E+00  0.0000E+00  0.0000E+00  0.0000E+00  0.0000E+00  0.1804E-01  0.1446E-01  0.0000E+00  0.0000E+00  0.0000E+00  0.0000E+00  0.2164E-02  0.7294E-03  0.0000E+00  0.0000E+00
  0.0000E+00  0.0000E+00  0.4056E-01  0.1977E-01  0.0000E+00  0.0000E+00  0.0000E+00  0.0000E+00  0.0000E+00  0.0000E+00  0.1256E-01  0.7124E-02  0.4725E-01  0.4969E-01  0.0000E+00  0.0000E+00  0.0000E+00  0.0000E+00  0.0000E+00  0.0000E+00  0.0000E+00  0.0000E+00  0.4340E-01  0.2376E-01  0.0000E+00  0.0000E+00  0.0000E+00  0.0000E+00  0.3121E-02  0.2961E-02  0.0000E+00  0.0000E+00
  0.0000E+00  0.0000E+00  0.1009E-01  0.2772E-01  0.0000E+00  0.0000E+00  0.0000E+00  0.0000E+00  0.0000E+00  0.0000E+00  0.6330E-02  0.4352E-02  0.3596E-01  0.4837E-01  0.0000E+00  0.0000E+00  0.0000E+00  0.0000E+00  0.0000E+00  0.0000E+00  0.0000E+00  0.0000E+00  0.1159E-01  0.3839E-01  0.0000E+00  0.0000E+00  0.0000E+00  0.0000E+00  0.1527E-02  0.1385E-02  0.0000E+00  0.0000E+00
  0.0000E+00  0.0000E+00  0.2647E-01  0.1972E-01  0.0000E+00  0.0000E+00  0.0000E+00  0.0000E+00  0.0000E+00  0.0000E+00  0.1232E-01  0.1341E-01  0.4013E-01  0.3415E-01  0.0000E+00  0.0000E+00  0.0000E+00  0.0000E+00  0.0000E+00  0.0000E+00  0.0000E+00  0.0000E+00  0.5456E-01  0.1270E-01  0.0000E+00  0.0000E+00  0.0000E+00  0.0000E+00  0.1125E-02  0.3434E-02  0.0000E+00  0.0000E+00
  0.0000E+00  0.0000E+00  0.1151E-01  0.1169E-01  0.0000E+00  0.0000E+00  0.0000E+00  0.0000E+00  0.0000E+00  0.0000E+00  0.1304E-01  0.8798E-02  0.0000E+00  0.0000E+00  0.0000E+00  0.0000E+00  0.0000E+00  0.0000E+00  0.0000E+00  0.0000E+00  0.0000E+00  0.0000E+00  0.0000E+00  0.0000E+00  0.0000E+00  0.0000E+00  0.0000E+00  0.0000E+00  0.0000E+00  0.0000E+00  0.0000E+00  0.0000E+00
  0.0000E+00  0.0000E+00  0.2265E-01  0.1360E-01  0.0000E+00  0.0000E+00  0.0000E+00  0.0000E+00  0.0000E+00  0.0000E+00  0.1324E-01  0.1149E-01  0.0000E+00  0.0000E+00  0.0000E+00  0.0000E+00  0.0000E+00  0.0000E+00  0.0000E+00  0.0000E+00  0.0000E+00  0.0000E+00  0.0000E+00  0.0000E+00  0.0000E+00  0.0000E+00  0.0000E+00  0.0000E+00  0.0000E+00  0.0000E+00  0.0000E+00  0.0000E+00
  0.0000E+00  0.0000E+00  0.1365E-01  0.6399E-02  0.0000E+00  0.0000E+00  0.0000E+00  0.0000E+00  0.0000E+00  0.0000E+00  0.5191E-02  0.6683E-02  0.0000E+00  0.0000E+00  0.0000E+00  0.0000E+00  0.0000E+00  0.0000E+00  0.0000E+00  0.0000E+00  0.0000E+00  0.0000E+00  0.0000E+00  0.0000E+00  0.0000E+00  0.0000E+00  0.0000E+00  0.0000E+00  0.0000E+00  0.0000E+00  0.0000E+00  0.0000E+00
  0.0000E+00  0.0000E+00  0.1900E-01  0.1396E-01  0.0000E+00  0.0000E+00  0.0000E+00  0.0000E+00  0.0000E+00  0.0000E+00  0.1388E-01  0.9991E-02  0.0000E+00  0.0000E+00  0.0000E+00  0.0000E+00  0.0000E+00  0.0000E+00  0.0000E+00  0.0000E+00  0.0000E+00  0.0000E+00  0.0000E+00  0.0000E+00  0.0000E+00  0.0000E+00  0.0000E+00  0.0000E+00  0.0000E+00  0.0000E+00  0.0000E+00  0.0000E+00
 Relative number of events:
  0.0000E+00  0.0000E+00  0.1262E-01  0.1257E-01  0.0000E+00  0.0000E+00  0.0000E+00  0.0000E+00  0.0000E+00  0.0000E+00  0.1435E-01  0.1414E-01  0.2056E-01  0.1940E-01  0.0000E+00  0.0000E+00  0.0000E+00  0.0000E+00  0.0000E+00  0.0000E+00  0.0000E+00  0.0000E+00  0.2271E-01  0.2303E-01  0.0000E+00  0.0000E+00  0.0000E+00  0.0000E+00  0.2576E-02  0.2261E-02  0.0000E+00  0.0000E+00
  0.0000E+00  0.0000E+00  0.2618E-01  0.2897E-01  0.0000E+00  0.0000E+00  0.0000E+00  0.0000E+00  0.0000E+00  0.0000E+00  0.1215E-01  0.1215E-01  0.5542E-01  0.5431E-01  0.0000E+00  0.0000E+00  0.0000E+00  0.0000E+00  0.0000E+00  0.0000E+00  0.0000E+00  0.0000E+00  0.1535E-01  0.1704E-01  0.0000E+00  0.0000E+00  0.0000E+00  0.0000E+00  0.1472E-02  0.1630E-02  0.0000E+00  0.0000E+00
  0.0000E+00  0.0000E+00  0.1125E-01  0.1309E-01  0.0000E+00  0.0000E+00  0.0000E+00  0.0000E+00  0.0000E+00  0.0000E+00  0.1425E-01  0.1288E-01  0.1977E-01  0.2056E-01  0.0000E+00  0.0000E+00  0.0000E+00  0.0000E+00  0.0000E+00  0.0000E+00  0.0000E+00  0.0000E+00  0.2371E-01  0.2466E-01  0.0000E+00  0.0000E+00  0.0000E+00  0.0000E+00  0.2261E-02  0.2576E-02  0.0000E+00  0.0000E+00
  0.0000E+00  0.0000E+00  0.2687E-01  0.2776E-01  0.0000E+00  0.0000E+00  0.0000E+00  0.0000E+00  0.0000E+00  0.0000E+00  0.1183E-01  0.1199E-01  0.5742E-01  0.5253E-01  0.0000E+00  0.0000E+00  0.0000E+00  0.0000E+00  0.0000E+00  0.0000E+00  0.0000E+00  0.0000E+00  0.1767E-01  0.1698E-01  0.0000E+00  0.0000E+00  0.0000E+00  0.0000E+00  0.2051E-02  0.2051E-02  0.0000E+00  0.0000E+00
  0.0000E+00  0.0000E+00  0.1283E-01  0.1199E-01  0.0000E+00  0.0000E+00  0.0000E+00  0.0000E+00  0.0000E+00  0.0000E+00  0.1435E-01  0.1409E-01  0.0000E+00  0.0000E+00  0.0000E+00  0.0000E+00  0.0000E+00  0.0000E+00  0.0000E+00  0.0000E+00  0.0000E+00  0.0000E+00  0.0000E+00  0.0000E+00  0.0000E+00  0.0000E+00  0.0000E+00  0.0000E+00  0.0000E+00  0.0000E+00  0.0000E+00  0.0000E+00
  0.0000E+00  0.0000E+00  0.2802E-01  0.2734E-01  0.0000E+00  0.0000E+00  0.0000E+00  0.0000E+00  0.0000E+00  0.0000E+00  0.1314E-01  0.1141E-01  0.0000E+00  0.0000E+00  0.0000E+00  0.0000E+00  0.0000E+00  0.0000E+00  0.0000E+00  0.0000E+00  0.0000E+00  0.0000E+00  0.0000E+00  0.0000E+00  0.0000E+00  0.0000E+00  0.0000E+00  0.0000E+00  0.0000E+00  0.0000E+00  0.0000E+00  0.0000E+00
  0.0000E+00  0.0000E+00  0.1204E-01  0.1157E-01  0.0000E+00  0.0000E+00  0.0000E+00  0.0000E+00  0.0000E+00  0.0000E+00  0.1346E-01  0.1425E-01  0.0000E+00  0.0000E+00  0.0000E+00  0.0000E+00  0.0000E+00  0.0000E+00  0.0000E+00  0.0000E+00  0.0000E+00  0.0000E+00  0.0000E+00  0.0000E+00  0.0000E+00  0.0000E+00  0.0000E+00  0.0000E+00  0.0000E+00  0.0000E+00  0.0000E+00  0.0000E+00
  0.0000E+00  0.0000E+00  0.2534E-01  0.2729E-01  0.0000E+00  0.0000E+00  0.0000E+00  0.0000E+00  0.0000E+00  0.0000E+00  0.1215E-01  0.9675E-02  0.0000E+00  0.0000E+00  0.0000E+00  0.0000E+00  0.0000E+00  0.0000E+00  0.0000E+00  0.0000E+00  0.0000E+00  0.0000E+00  0.0000E+00  0.0000E+00  0.0000E+00  0.0000E+00  0.0000E+00  0.0000E+00  0.0000E+00  0.0000E+00  0.0000E+00  0.0000E+00
 Events:
           0           0         240         239           0           0           0           0           0           0         273         269         391         369           0           0           0           0           0           0           0           0         432         438           0           0           0           0          49          43           0           0
           0           0         498         551           0           0           0           0           0           0         231         231        1054        1033           0           0           0           0           0           0           0           0         292         324           0           0           0           0          28          31           0           0
           0           0         214         249           0           0           0           0           0           0         271         245         376         391           0           0           0           0           0           0           0           0         451         469           0           0           0           0          43          49           0           0
           0           0         511         528           0           0           0           0           0           0         225         228        1092         999           0           0           0           0           0           0           0           0         336         323           0           0           0           0          39          39           0           0
           0           0         244         228           0           0           0           0           0           0         273         268           0           0           0           0           0           0           0           0           0           0           0           0           0           0           0           0           0           0           0           0
           0           0         533         520           0           0           0           0           0           0         250         217           0           0           0           0           0           0           0           0           0           0           0           0           0           0           0           0           0           0           0           0
           0           0         229         220           0           0           0           0           0           0         256         271           0           0           0           0           0           0           0           0           0           0           0           0           0           0           0           0           0           0           0           0
           0           0         482         519           0           0           0           0           0           0         231         184           0           0           0           0           0           0           0           0           0           0           0           0           0           0           0           0           0           0           0           0
 Accuracy:    0.079   0.010   0.045   3.120
 Found         2139  events.
 Wrote           53  events.
 Actual xsec    2.7544783697502735E-009
 Correct abs xsec    8.4350658720258819E-009
 Event xsec    8.4350658720258769E-009
 Events wgts > 1:            1
 % Cross section > 1:    3.5815914218125194E-011  0.42460740391969426     
 Warning: Too low fact scales:    1.0053920489087085        160.97945192310564     
 Warning: Too low fact scales:    1.0053920489087085        160.97945192310564     
 No more warnings written out this run.
 Iteration  6   Mean: 0.2660E-08 Abs mean: 0.8472E-08   Fluctuation:  0.248E-09   0.495E-05    58.2%
  6    0.2660E-08 0.8472E-08 +- 0.2476E-09      7.39
 Relative summed weights:
  0.0000E+00  0.0000E+00  0.1938E-01  0.1776E-01  0.0000E+00  0.0000E+00  0.0000E+00  0.0000E+00  0.0000E+00  0.0000E+00  0.7520E-02  0.6751E-02  0.2471E-01  0.3266E-01  0.0000E+00  0.0000E+00  0.0000E+00  0.0000E+00  0.0000E+00  0.0000E+00  0.0000E+00  0.0000E+00  0.1683E-01  0.1593E-01  0.0000E+00  0.0000E+00  0.0000E+00  0.0000E+00  0.1603E-02  0.1791E-02  0.0000E+00  0.0000E+00
  0.0000E+00  0.0000E+00  0.2175E-01  0.2152E-01  0.0000E+00  0.0000E+00  0.0000E+00  0.0000E+00  0.0000E+00  0.0000E+00  0.8545E-02  0.8699E-02  0.4618E-01  0.5026E-01  0.0000E+00  0.0000E+00  0.0000E+00  0.0000E+00  0.0000E+00  0.0000E+00  0.0000E+00  0.0000E+00  0.2211E-01  0.1843E-01  0.0000E+00  0.0000E+00  0.0000E+00  0.0000E+00  0.2999E-02  0.6187E-03  0.0000E+00  0.0000E+00
  0.0000E+00  0.0000E+00  0.1224E-01  0.1264E-01  0.0000E+00  0.0000E+00  0.0000E+00  0.0000E+00  0.0000E+00  0.0000E+00  0.2229E-01  0.8407E-02  0.4011E-01  0.3690E-01  0.0000E+00  0.0000E+00  0.0000E+00  0.0000E+00  0.0000E+00  0.0000E+00  0.0000E+00  0.0000E+00  0.1856E-01  0.2466E-01  0.0000E+00  0.0000E+00  0.0000E+00  0.0000E+00  0.1095E-02  0.2471E-02  0.0000E+00  0.0000E+00
  0.0000E+00  0.0000E+00  0.2388E-01  0.2170E-01  0.0000E+00  0.0000E+00  0.0000E+00  0.0000E+00  0.0000E+00  0.0000E+00  0.1654E-01  0.1867E-01  0.5208E-01  0.4827E-01  0.0000E+00  0.0000E+00  0.0000E+00  0.0000E+00  0.0000E+00  0.0000E+00  0.0000E+00  0.0000E+00  0.2311E-01  0.2460E-01  0.0000E+00  0.0000E+00  0.0000E+00  0.0000E+00  0.1191E-02  0.1570E-02  0.0000E+00  0.0000E+00
  0.0000E+00  0.0000E+00  0.1764E-01  0.1531E-01  0.0000E+00  0.0000E+00  0.0000E+00  0.0000E+00  0.0000E+00  0.0000E+00  0.1492E-01  0.7969E-02  0.0000E+00  0.0000E+00  0.0000E+00  0.0000E+00  0.0000E+00  0.0000E+00  0.0000E+00  0.0000E+00  0.0000E+00  0.0000E+00  0.0000E+00  0.0000E+00  0.0000E+00  0.0000E+00  0.0000E+00  0.0000E+00  0.0000E+00  0.0000E+00  0.0000E+00  0.0000E+00
  0.0000E+00  0.0000E+00  0.2815E-01  0.2173E-01  0.0000E+00  0.0000E+00  0.0000E+00  0.0000E+00  0.0000E+00  0.0000E+00  0.1369E-01  0.1330E-01  0.0000E+00  0.0000E+00  0.0000E+00  0.0000E+00  0.0000E+00  0.0000E+00  0.0000E+00  0.0000E+00  0.0000E+00  0.0000E+00  0.0000E+00  0.0000E+00  0.0000E+00  0.0000E+00  0.0000E+00  0.0000E+00  0.0000E+00  0.0000E+00  0.0000E+00  0.0000E+00
  0.0000E+00  0.0000E+00  0.1067E-01  0.1181E-01  0.0000E+00  0.0000E+00  0.0000E+00  0.0000E+00  0.0000E+00  0.0000E+00  0.8409E-02  0.9200E-02  0.0000E+00  0.0000E+00  0.0000E+00  0.0000E+00  0.0000E+00  0.0000E+00  0.0000E+00  0.0000E+00  0.0000E+00  0.0000E+00  0.0000E+00  0.0000E+00  0.0000E+00  0.0000E+00  0.0000E+00  0.0000E+00  0.0000E+00  0.0000E+00  0.0000E+00  0.0000E+00
  0.0000E+00  0.0000E+00  0.2216E-01  0.2422E-01  0.0000E+00  0.0000E+00  0.0000E+00  0.0000E+00  0.0000E+00  0.0000E+00  0.1534E-01  0.8450E-02  0.0000E+00  0.0000E+00  0.0000E+00  0.0000E+00  0.0000E+00  0.0000E+00  0.0000E+00  0.0000E+00  0.0000E+00  0.0000E+00  0.0000E+00  0.0000E+00  0.0000E+00  0.0000E+00  0.0000E+00  0.0000E+00  0.0000E+00  0.0000E+00  0.0000E+00  0.0000E+00
 Relative number of events:
  0.0000E+00  0.0000E+00  0.1201E-01  0.1291E-01  0.0000E+00  0.0000E+00  0.0000E+00  0.0000E+00  0.0000E+00  0.0000E+00  0.1434E-01  0.1333E-01  0.1914E-01  0.2007E-01  0.0000E+00  0.0000E+00  0.0000E+00  0.0000E+00  0.0000E+00  0.0000E+00  0.0000E+00  0.0000E+00  0.2353E-01  0.2155E-01  0.0000E+00  0.0000E+00  0.0000E+00  0.0000E+00  0.2429E-02  0.2192E-02  0.0000E+00  0.0000E+00
  0.0000E+00  0.0000E+00  0.2770E-01  0.2667E-01  0.0000E+00  0.0000E+00  0.0000E+00  0.0000E+00  0.0000E+00  0.0000E+00  0.1220E-01  0.1093E-01  0.5682E-01  0.5416E-01  0.0000E+00  0.0000E+00  0.0000E+00  0.0000E+00  0.0000E+00  0.0000E+00  0.0000E+00  0.0000E+00  0.1642E-01  0.1650E-01  0.0000E+00  0.0000E+00  0.0000E+00  0.0000E+00  0.1584E-02  0.1426E-02  0.0000E+00  0.0000E+00
  0.0000E+00  0.0000E+00  0.1151E-01  0.1151E-01  0.0000E+00  0.0000E+00  0.0000E+00  0.0000E+00  0.0000E+00  0.0000E+00  0.1584E-01  0.1431E-01  0.2012E-01  0.2128E-01  0.0000E+00  0.0000E+00  0.0000E+00  0.0000E+00  0.0000E+00  0.0000E+00  0.0000E+00  0.0000E+00  0.2339E-01  0.2318E-01  0.0000E+00  0.0000E+00  0.0000E+00  0.0000E+00  0.2297E-02  0.2060E-02  0.0000E+00  0.0000E+00
  0.0000E+00  0.0000E+00  0.2693E-01  0.2614E-01  0.0000E+00  0.0000E+00  0.0000E+00  0.0000E+00  0.0000E+00  0.0000E+00  0.1289E-01  0.1183E-01  0.5313E-01  0.5318E-01  0.0000E+00  0.0000E+00  0.0000E+00  0.0000E+00  0.0000E+00  0.0000E+00  0.0000E+00  0.0000E+00  0.1864E-01  0.1695E-01  0.0000E+00  0.0000E+00  0.0000E+00  0.0000E+00  0.1928E-02  0.1663E-02  0.0000E+00  0.0000E+00
  0.0000E+00  0.0000E+00  0.1228E-01  0.1228E-01  0.0000E+00  0.0000E+00  0.0000E+00  0.0000E+00  0.0000E+00  0.0000E+00  0.1484E-01  0.1455E-01  0.0000E+00  0.0000E+00  0.0000E+00  0.0000E+00  0.0000E+00  0.0000E+00  0.0000E+00  0.0000E+00  0.0000E+00  0.0000E+00  0.0000E+00  0.0000E+00  0.0000E+00  0.0000E+00  0.0000E+00  0.0000E+00  0.0000E+00  0.0000E+00  0.0000E+00  0.0000E+00
  0.0000E+00  0.0000E+00  0.2743E-01  0.2664E-01  0.0000E+00  0.0000E+00  0.0000E+00  0.0000E+00  0.0000E+00  0.0000E+00  0.1260E-01  0.1249E-01  0.0000E+00  0.0000E+00  0.0000E+00  0.0000E+00  0.0000E+00  0.0000E+00  0.0000E+00  0.0000E+00  0.0000E+00  0.0000E+00  0.0000E+00  0.0000E+00  0.0000E+00  0.0000E+00  0.0000E+00  0.0000E+00  0.0000E+00  0.0000E+00  0.0000E+00  0.0000E+00
  0.0000E+00  0.0000E+00  0.1265E-01  0.1178E-01  0.0000E+00  0.0000E+00  0.0000E+00  0.0000E+00  0.0000E+00  0.0000E+00  0.1365E-01  0.1495E-01  0.0000E+00  0.0000E+00  0.0000E+00  0.0000E+00  0.0000E+00  0.0000E+00  0.0000E+00  0.0000E+00  0.0000E+00  0.0000E+00  0.0000E+00  0.0000E+00  0.0000E+00  0.0000E+00  0.0000E+00  0.0000E+00  0.0000E+00  0.0000E+00  0.0000E+00  0.0000E+00
  0.0000E+00  0.0000E+00  0.2630E-01  0.2662E-01  0.0000E+00  0.0000E+00  0.0000E+00  0.0000E+00  0.0000E+00  0.0000E+00  0.1315E-01  0.1310E-01  0.0000E+00  0.0000E+00  0.0000E+00  0.0000E+00  0.0000E+00  0.0000E+00  0.0000E+00  0.0000E+00  0.0000E+00  0.0000E+00  0.0000E+00  0.0000E+00  0.0000E+00  0.0000E+00  0.0000E+00  0.0000E+00  0.0000E+00  0.0000E+00  0.0000E+00  0.0000E+00
 Events:
           0           0         455         489           0           0           0           0           0           0         543         505         725         760           0           0           0           0           0           0           0           0         891         816           0           0           0           0          92          83           0           0
           0           0        1049        1010           0           0           0           0           0           0         462         414        2152        2051           0           0           0           0           0           0           0           0         622         625           0           0           0           0          60          54           0           0
           0           0         436         436           0           0           0           0           0           0         600         542         762         806           0           0           0           0           0           0           0           0         886         878           0           0           0           0          87          78           0           0
           0           0        1020         990           0           0           0           0           0           0         488         448        2012        2014           0           0           0           0           0           0           0           0         706         642           0           0           0           0          73          63           0           0
           0           0         465         465           0           0           0           0           0           0         562         551           0           0           0           0           0           0           0           0           0           0           0           0           0           0           0           0           0           0           0           0
           0           0        1039        1009           0           0           0           0           0           0         477         473           0           0           0           0           0           0           0           0           0           0           0           0           0           0           0           0           0           0           0           0
           0           0         479         446           0           0           0           0           0           0         517         566           0           0           0           0           0           0           0           0           0           0           0           0           0           0           0           0           0           0           0           0
           0           0         996        1008           0           0           0           0           0           0         498         496           0           0           0           0           0           0           0           0           0           0           0           0           0           0           0           0           0           0           0           0
 Accuracy:    0.038   0.010   0.024   2.461
 Found         5875  events.
 Wrote          176  events.
 Actual xsec    2.6988918733588970E-009
 Correct abs xsec    8.5260493245651802E-009
 Event xsec    8.5260493245651902E-009
 Events wgts > 1:            4
 % Cross section > 1:    7.5044636234374577E-011  0.88018064847638788     
 Iteration  7   Mean: 0.3027E-08 Abs mean: 0.8541E-08   Fluctuation:  0.160E-09   0.100E-04    56.5%
  7    0.3027E-08 0.8541E-08 +- 0.1595E-09      6.68
 Exceeded boost           2          94   128000.000    
 Relative summed weights:
  0.0000E+00  0.0000E+00  0.1386E-01  0.1846E-01  0.0000E+00  0.0000E+00  0.0000E+00  0.0000E+00  0.0000E+00  0.0000E+00  0.1018E-01  0.8228E-02  0.3404E-01  0.2975E-01  0.0000E+00  0.0000E+00  0.0000E+00  0.0000E+00  0.0000E+00  0.0000E+00  0.0000E+00  0.0000E+00  0.1708E-01  0.1792E-01  0.0000E+00  0.0000E+00  0.0000E+00  0.0000E+00  0.1576E-02  0.1987E-02  0.0000E+00  0.0000E+00
  0.0000E+00  0.0000E+00  0.2896E-01  0.2404E-01  0.0000E+00  0.0000E+00  0.0000E+00  0.0000E+00  0.0000E+00  0.0000E+00  0.1091E-01  0.1154E-01  0.5308E-01  0.4600E-01  0.0000E+00  0.0000E+00  0.0000E+00  0.0000E+00  0.0000E+00  0.0000E+00  0.0000E+00  0.0000E+00  0.3166E-01  0.2506E-01  0.0000E+00  0.0000E+00  0.0000E+00  0.0000E+00  0.2000E-02  0.5865E-02  0.0000E+00  0.0000E+00
  0.0000E+00  0.0000E+00  0.1818E-01  0.1433E-01  0.0000E+00  0.0000E+00  0.0000E+00  0.0000E+00  0.0000E+00  0.0000E+00  0.8532E-02  0.8694E-02  0.2692E-01  0.3088E-01  0.0000E+00  0.0000E+00  0.0000E+00  0.0000E+00  0.0000E+00  0.0000E+00  0.0000E+00  0.0000E+00  0.1540E-01  0.2373E-01  0.0000E+00  0.0000E+00  0.0000E+00  0.0000E+00  0.2417E-02  0.8981E-03  0.0000E+00  0.0000E+00
  0.0000E+00  0.0000E+00  0.2131E-01  0.2578E-01  0.0000E+00  0.0000E+00  0.0000E+00  0.0000E+00  0.0000E+00  0.0000E+00  0.1271E-01  0.1042E-01  0.3857E-01  0.4097E-01  0.0000E+00  0.0000E+00  0.0000E+00  0.0000E+00  0.0000E+00  0.0000E+00  0.0000E+00  0.0000E+00  0.2331E-01  0.2342E-01  0.0000E+00  0.0000E+00  0.0000E+00  0.0000E+00  0.2243E-02  0.2134E-02  0.0000E+00  0.0000E+00
  0.0000E+00  0.0000E+00  0.1310E-01  0.1387E-01  0.0000E+00  0.0000E+00  0.0000E+00  0.0000E+00  0.0000E+00  0.0000E+00  0.8870E-02  0.1068E-01  0.0000E+00  0.0000E+00  0.0000E+00  0.0000E+00  0.0000E+00  0.0000E+00  0.0000E+00  0.0000E+00  0.0000E+00  0.0000E+00  0.0000E+00  0.0000E+00  0.0000E+00  0.0000E+00  0.0000E+00  0.0000E+00  0.0000E+00  0.0000E+00  0.0000E+00  0.0000E+00
  0.0000E+00  0.0000E+00  0.2529E-01  0.2518E-01  0.0000E+00  0.0000E+00  0.0000E+00  0.0000E+00  0.0000E+00  0.0000E+00  0.2093E-01  0.1435E-01  0.0000E+00  0.0000E+00  0.0000E+00  0.0000E+00  0.0000E+00  0.0000E+00  0.0000E+00  0.0000E+00  0.0000E+00  0.0000E+00  0.0000E+00  0.0000E+00  0.0000E+00  0.0000E+00  0.0000E+00  0.0000E+00  0.0000E+00  0.0000E+00  0.0000E+00  0.0000E+00
  0.0000E+00  0.0000E+00  0.1302E-01  0.1477E-01  0.0000E+00  0.0000E+00  0.0000E+00  0.0000E+00  0.0000E+00  0.0000E+00  0.1095E-01  0.7273E-02  0.0000E+00  0.0000E+00  0.0000E+00  0.0000E+00  0.0000E+00  0.0000E+00  0.0000E+00  0.0000E+00  0.0000E+00  0.0000E+00  0.0000E+00  0.0000E+00  0.0000E+00  0.0000E+00  0.0000E+00  0.0000E+00  0.0000E+00  0.0000E+00  0.0000E+00  0.0000E+00
  0.0000E+00  0.0000E+00  0.2537E-01  0.2463E-01  0.0000E+00  0.0000E+00  0.0000E+00  0.0000E+00  0.0000E+00  0.0000E+00  0.1502E-01  0.1364E-01  0.0000E+00  0.0000E+00  0.0000E+00  0.0000E+00  0.0000E+00  0.0000E+00  0.0000E+00  0.0000E+00  0.0000E+00  0.0000E+00  0.0000E+00  0.0000E+00  0.0000E+00  0.0000E+00  0.0000E+00  0.0000E+00  0.0000E+00  0.0000E+00  0.0000E+00  0.0000E+00
 Relative number of events:
  0.0000E+00  0.0000E+00  0.1178E-01  0.1188E-01  0.0000E+00  0.0000E+00  0.0000E+00  0.0000E+00  0.0000E+00  0.0000E+00  0.1445E-01  0.1411E-01  0.1897E-01  0.2033E-01  0.0000E+00  0.0000E+00  0.0000E+00  0.0000E+00  0.0000E+00  0.0000E+00  0.0000E+00  0.0000E+00  0.2374E-01  0.2439E-01  0.0000E+00  0.0000E+00  0.0000E+00  0.0000E+00  0.1929E-02  0.2483E-02  0.0000E+00  0.0000E+00
  0.0000E+00  0.0000E+00  0.2676E-01  0.2764E-01  0.0000E+00  0.0000E+00  0.0000E+00  0.0000E+00  0.0000E+00  0.0000E+00  0.1272E-01  0.1263E-01  0.5280E-01  0.5531E-01  0.0000E+00  0.0000E+00  0.0000E+00  0.0000E+00  0.0000E+00  0.0000E+00  0.0000E+00  0.0000E+00  0.1742E-01  0.1691E-01  0.0000E+00  0.0000E+00  0.0000E+00  0.0000E+00  0.1638E-02  0.1612E-02  0.0000E+00  0.0000E+00
  0.0000E+00  0.0000E+00  0.1254E-01  0.1235E-01  0.0000E+00  0.0000E+00  0.0000E+00  0.0000E+00  0.0000E+00  0.0000E+00  0.1399E-01  0.1464E-01  0.2115E-01  0.2009E-01  0.0000E+00  0.0000E+00  0.0000E+00  0.0000E+00  0.0000E+00  0.0000E+00  0.0000E+00  0.0000E+00  0.2357E-01  0.2343E-01  0.0000E+00  0.0000E+00  0.0000E+00  0.0000E+00  0.2074E-02  0.2074E-02  0.0000E+00  0.0000E+00
  0.0000E+00  0.0000E+00  0.2616E-01  0.2664E-01  0.0000E+00  0.0000E+00  0.0000E+00  0.0000E+00  0.0000E+00  0.0000E+00  0.1222E-01  0.1268E-01  0.5509E-01  0.5229E-01  0.0000E+00  0.0000E+00  0.0000E+00  0.0000E+00  0.0000E+00  0.0000E+00  0.0000E+00  0.0000E+00  0.1674E-01  0.1672E-01  0.0000E+00  0.0000E+00  0.0000E+00  0.0000E+00  0.1519E-02  0.1559E-02  0.0000E+00  0.0000E+00
  0.0000E+00  0.0000E+00  0.1258E-01  0.1148E-01  0.0000E+00  0.0000E+00  0.0000E+00  0.0000E+00  0.0000E+00  0.0000E+00  0.1429E-01  0.1411E-01  0.0000E+00  0.0000E+00  0.0000E+00  0.0000E+00  0.0000E+00  0.0000E+00  0.0000E+00  0.0000E+00  0.0000E+00  0.0000E+00  0.0000E+00  0.0000E+00  0.0000E+00  0.0000E+00  0.0000E+00  0.0000E+00  0.0000E+00  0.0000E+00  0.0000E+00  0.0000E+00
  0.0000E+00  0.0000E+00  0.2662E-01  0.2694E-01  0.0000E+00  0.0000E+00  0.0000E+00  0.0000E+00  0.0000E+00  0.0000E+00  0.1285E-01  0.1206E-01  0.0000E+00  0.0000E+00  0.0000E+00  0.0000E+00  0.0000E+00  0.0000E+00  0.0000E+00  0.0000E+00  0.0000E+00  0.0000E+00  0.0000E+00  0.0000E+00  0.0000E+00  0.0000E+00  0.0000E+00  0.0000E+00  0.0000E+00  0.0000E+00  0.0000E+00  0.0000E+00
  0.0000E+00  0.0000E+00  0.1202E-01  0.1225E-01  0.0000E+00  0.0000E+00  0.0000E+00  0.0000E+00  0.0000E+00  0.0000E+00  0.1411E-01  0.1416E-01  0.0000E+00  0.0000E+00  0.0000E+00  0.0000E+00  0.0000E+00  0.0000E+00  0.0000E+00  0.0000E+00  0.0000E+00  0.0000E+00  0.0000E+00  0.0000E+00  0.0000E+00  0.0000E+00  0.0000E+00  0.0000E+00  0.0000E+00  0.0000E+00  0.0000E+00  0.0000E+00
  0.0000E+00  0.0000E+00  0.2752E-01  0.2731E-01  0.0000E+00  0.0000E+00  0.0000E+00  0.0000E+00  0.0000E+00  0.0000E+00  0.1213E-01  0.1258E-01  0.0000E+00  0.0000E+00  0.0000E+00  0.0000E+00  0.0000E+00  0.0000E+00  0.0000E+00  0.0000E+00  0.0000E+00  0.0000E+00  0.0000E+00  0.0000E+00  0.0000E+00  0.0000E+00  0.0000E+00  0.0000E+00  0.0000E+00  0.0000E+00  0.0000E+00  0.0000E+00
 Events:
           0           0         892         899           0           0           0           0           0           0        1094        1068        1436        1539           0           0           0           0           0           0           0           0        1797        1846           0           0           0           0         146         188           0           0
           0           0        2026        2092           0           0           0           0           0           0         963         956        3997        4187           0           0           0           0           0           0           0           0        1319        1280           0           0           0           0         124         122           0           0
           0           0         949         935           0           0           0           0           0           0        1059        1108        1601        1521           0           0           0           0           0           0           0           0        1784        1774           0           0           0           0         157         157           0           0
           0           0        1980        2017           0           0           0           0           0           0         925         960        4170        3958           0           0           0           0           0           0           0           0        1267        1266           0           0           0           0         115         118           0           0
           0           0         952         869           0           0           0           0           0           0        1082        1068           0           0           0           0           0           0           0           0           0           0           0           0           0           0           0           0           0           0           0           0
           0           0        2015        2039           0           0           0           0           0           0         973         913           0           0           0           0           0           0           0           0           0           0           0           0           0           0           0           0           0           0           0           0
           0           0         910         927           0           0           0           0           0           0        1068        1072           0           0           0           0           0           0           0           0           0           0           0           0           0           0           0           0           0           0           0           0
           0           0        2083        2067           0           0           0           0           0           0         918         952           0           0           0           0           0           0           0           0           0           0           0           0           0           0           0           0           0           0           0           0
 Accuracy:    0.021   0.010   0.015   2.062
 Found        13455  events.
 Wrote          366  events.
 Actual xsec    2.8959735778047579E-009
 Correct abs xsec    8.5273020096126654E-009
 Event xsec    8.5273020096127068E-009
 Events wgts > 1:            7
 % Cross section > 1:    7.7880148246824286E-011  0.91330350630282708     
 Iteration  8   Mean: 0.3423E-08 Abs mean: 0.8725E-08   Fluctuation:  0.103E-09   0.103E-04    53.5%
  8    0.3423E-08 0.8725E-08 +- 0.1033E-09      5.99
 Exceeded boost           2          95   256000.000    
 Exceeded boost           4          95   256000.000    
 Relative summed weights:
  0.0000E+00  0.0000E+00  0.1743E-01  0.1703E-01  0.0000E+00  0.0000E+00  0.0000E+00  0.0000E+00  0.0000E+00  0.0000E+00  0.8983E-02  0.9736E-02  0.3365E-01  0.3198E-01  0.0000E+00  0.0000E+00  0.0000E+00  0.0000E+00  0.0000E+00  0.0000E+00  0.0000E+00  0.0000E+00  0.1968E-01  0.1643E-01  0.0000E+00  0.0000E+00  0.0000E+00  0.0000E+00  0.1551E-02  0.1498E-02  0.0000E+00  0.0000E+00
  0.0000E+00  0.0000E+00  0.2269E-01  0.2279E-01  0.0000E+00  0.0000E+00  0.0000E+00  0.0000E+00  0.0000E+00  0.0000E+00  0.1162E-01  0.1122E-01  0.4544E-01  0.4514E-01  0.0000E+00  0.0000E+00  0.0000E+00  0.0000E+00  0.0000E+00  0.0000E+00  0.0000E+00  0.0000E+00  0.2464E-01  0.2551E-01  0.0000E+00  0.0000E+00  0.0000E+00  0.0000E+00  0.2796E-02  0.3542E-02  0.0000E+00  0.0000E+00
  0.0000E+00  0.0000E+00  0.1545E-01  0.1331E-01  0.0000E+00  0.0000E+00  0.0000E+00  0.0000E+00  0.0000E+00  0.0000E+00  0.1060E-01  0.9136E-02  0.3134E-01  0.3718E-01  0.0000E+00  0.0000E+00  0.0000E+00  0.0000E+00  0.0000E+00  0.0000E+00  0.0000E+00  0.0000E+00  0.1681E-01  0.1613E-01  0.0000E+00  0.0000E+00  0.0000E+00  0.0000E+00  0.1211E-02  0.1670E-02  0.0000E+00  0.0000E+00
  0.0000E+00  0.0000E+00  0.2434E-01  0.2362E-01  0.0000E+00  0.0000E+00  0.0000E+00  0.0000E+00  0.0000E+00  0.0000E+00  0.1393E-01  0.1398E-01  0.4405E-01  0.4778E-01  0.0000E+00  0.0000E+00  0.0000E+00  0.0000E+00  0.0000E+00  0.0000E+00  0.0000E+00  0.0000E+00  0.2323E-01  0.3127E-01  0.0000E+00  0.0000E+00  0.0000E+00  0.0000E+00  0.2700E-02  0.2835E-02  0.0000E+00  0.0000E+00
  0.0000E+00  0.0000E+00  0.1589E-01  0.1611E-01  0.0000E+00  0.0000E+00  0.0000E+00  0.0000E+00  0.0000E+00  0.0000E+00  0.8778E-02  0.8694E-02  0.0000E+00  0.0000E+00  0.0000E+00  0.0000E+00  0.0000E+00  0.0000E+00  0.0000E+00  0.0000E+00  0.0000E+00  0.0000E+00  0.0000E+00  0.0000E+00  0.0000E+00  0.0000E+00  0.0000E+00  0.0000E+00  0.0000E+00  0.0000E+00  0.0000E+00  0.0000E+00
  0.0000E+00  0.0000E+00  0.1902E-01  0.2584E-01  0.0000E+00  0.0000E+00  0.0000E+00  0.0000E+00  0.0000E+00  0.0000E+00  0.1323E-01  0.1404E-01  0.0000E+00  0.0000E+00  0.0000E+00  0.0000E+00  0.0000E+00  0.0000E+00  0.0000E+00  0.0000E+00  0.0000E+00  0.0000E+00  0.0000E+00  0.0000E+00  0.0000E+00  0.0000E+00  0.0000E+00  0.0000E+00  0.0000E+00  0.0000E+00  0.0000E+00  0.0000E+00
  0.0000E+00  0.0000E+00  0.1358E-01  0.2508E-01  0.0000E+00  0.0000E+00  0.0000E+00  0.0000E+00  0.0000E+00  0.0000E+00  0.7968E-02  0.1027E-01  0.0000E+00  0.0000E+00  0.0000E+00  0.0000E+00  0.0000E+00  0.0000E+00  0.0000E+00  0.0000E+00  0.0000E+00  0.0000E+00  0.0000E+00  0.0000E+00  0.0000E+00  0.0000E+00  0.0000E+00  0.0000E+00  0.0000E+00  0.0000E+00  0.0000E+00  0.0000E+00
  0.0000E+00  0.0000E+00  0.2179E-01  0.2113E-01  0.0000E+00  0.0000E+00  0.0000E+00  0.0000E+00  0.0000E+00  0.0000E+00  0.1267E-01  0.1198E-01  0.0000E+00  0.0000E+00  0.0000E+00  0.0000E+00  0.0000E+00  0.0000E+00  0.0000E+00  0.0000E+00  0.0000E+00  0.0000E+00  0.0000E+00  0.0000E+00  0.0000E+00  0.0000E+00  0.0000E+00  0.0000E+00  0.0000E+00  0.0000E+00  0.0000E+00  0.0000E+00
 Relative number of events:
  0.0000E+00  0.0000E+00  0.1246E-01  0.1216E-01  0.0000E+00  0.0000E+00  0.0000E+00  0.0000E+00  0.0000E+00  0.0000E+00  0.1442E-01  0.1425E-01  0.2071E-01  0.2008E-01  0.0000E+00  0.0000E+00  0.0000E+00  0.0000E+00  0.0000E+00  0.0000E+00  0.0000E+00  0.0000E+00  0.2352E-01  0.2348E-01  0.0000E+00  0.0000E+00  0.0000E+00  0.0000E+00  0.2185E-02  0.2304E-02  0.0000E+00  0.0000E+00
  0.0000E+00  0.0000E+00  0.2670E-01  0.2676E-01  0.0000E+00  0.0000E+00  0.0000E+00  0.0000E+00  0.0000E+00  0.0000E+00  0.1212E-01  0.1250E-01  0.5376E-01  0.5449E-01  0.0000E+00  0.0000E+00  0.0000E+00  0.0000E+00  0.0000E+00  0.0000E+00  0.0000E+00  0.0000E+00  0.1745E-01  0.1740E-01  0.0000E+00  0.0000E+00  0.0000E+00  0.0000E+00  0.1659E-02  0.1540E-02  0.0000E+00  0.0000E+00
  0.0000E+00  0.0000E+00  0.1161E-01  0.1180E-01  0.0000E+00  0.0000E+00  0.0000E+00  0.0000E+00  0.0000E+00  0.0000E+00  0.1445E-01  0.1420E-01  0.1946E-01  0.2047E-01  0.0000E+00  0.0000E+00  0.0000E+00  0.0000E+00  0.0000E+00  0.0000E+00  0.0000E+00  0.0000E+00  0.2335E-01  0.2349E-01  0.0000E+00  0.0000E+00  0.0000E+00  0.0000E+00  0.2067E-02  0.2100E-02  0.0000E+00  0.0000E+00
  0.0000E+00  0.0000E+00  0.2688E-01  0.2667E-01  0.0000E+00  0.0000E+00  0.0000E+00  0.0000E+00  0.0000E+00  0.0000E+00  0.1241E-01  0.1183E-01  0.5384E-01  0.5387E-01  0.0000E+00  0.0000E+00  0.0000E+00  0.0000E+00  0.0000E+00  0.0000E+00  0.0000E+00  0.0000E+00  0.1710E-01  0.1748E-01  0.0000E+00  0.0000E+00  0.0000E+00  0.0000E+00  0.1711E-02  0.1448E-02  0.0000E+00  0.0000E+00
  0.0000E+00  0.0000E+00  0.1248E-01  0.1234E-01  0.0000E+00  0.0000E+00  0.0000E+00  0.0000E+00  0.0000E+00  0.0000E+00  0.1434E-01  0.1451E-01  0.0000E+00  0.0000E+00  0.0000E+00  0.0000E+00  0.0000E+00  0.0000E+00  0.0000E+00  0.0000E+00  0.0000E+00  0.0000E+00  0.0000E+00  0.0000E+00  0.0000E+00  0.0000E+00  0.0000E+00  0.0000E+00  0.0000E+00  0.0000E+00  0.0000E+00  0.0000E+00
  0.0000E+00  0.0000E+00  0.2748E-01  0.2711E-01  0.0000E+00  0.0000E+00  0.0000E+00  0.0000E+00  0.0000E+00  0.0000E+00  0.1301E-01  0.1209E-01  0.0000E+00  0.0000E+00  0.0000E+00  0.0000E+00  0.0000E+00  0.0000E+00  0.0000E+00  0.0000E+00  0.0000E+00  0.0000E+00  0.0000E+00  0.0000E+00  0.0000E+00  0.0000E+00  0.0000E+00  0.0000E+00  0.0000E+00  0.0000E+00  0.0000E+00  0.0000E+00
  0.0000E+00  0.0000E+00  0.1198E-01  0.1222E-01  0.0000E+00  0.0000E+00  0.0000E+00  0.0000E+00  0.0000E+00  0.0000E+00  0.1420E-01  0.1476E-01  0.0000E+00  0.0000E+00  0.0000E+00  0.0000E+00  0.0000E+00  0.0000E+00  0.0000E+00  0.0000E+00  0.0000E+00  0.0000E+00  0.0000E+00  0.0000E+00  0.0000E+00  0.0000E+00  0.0000E+00  0.0000E+00  0.0000E+00  0.0000E+00  0.0000E+00  0.0000E+00
  0.0000E+00  0.0000E+00  0.2630E-01  0.2631E-01  0.0000E+00  0.0000E+00  0.0000E+00  0.0000E+00  0.0000E+00  0.0000E+00  0.1214E-01  0.1255E-01  0.0000E+00  0.0000E+00  0.0000E+00  0.0000E+00  0.0000E+00  0.0000E+00  0.0000E+00  0.0000E+00  0.0000E+00  0.0000E+00  0.0000E+00  0.0000E+00  0.0000E+00  0.0000E+00  0.0000E+00  0.0000E+00  0.0000E+00  0.0000E+00  0.0000E+00  0.0000E+00
 Events:
           0           0        1893        1848           0           0           0           0           0           0        2191        2165        3146        3050           0           0           0           0           0           0           0           0        3573        3567           0           0           0           0         332         350           0           0
           0           0        4057        4066           0           0           0           0           0           0        1841        1899        8167        8279           0           0           0           0           0           0           0           0        2651        2644           0           0           0           0         252         234           0           0
           0           0        1764        1792           0           0           0           0           0           0        2195        2157        2956        3110           0           0           0           0           0           0           0           0        3547        3568           0           0           0           0         314         319           0           0
           0           0        4084        4052           0           0           0           0           0           0        1885        1797        8180        8185           0           0           0           0           0           0           0           0        2598        2655           0           0           0           0         260         220           0           0
           0           0        1896        1875           0           0           0           0           0           0        2179        2205           0           0           0           0           0           0           0           0           0           0           0           0           0           0           0           0           0           0           0           0
           0           0        4175        4119           0           0           0           0           0           0        1977        1837           0           0           0           0           0           0           0           0           0           0           0           0           0           0           0           0           0           0           0           0
Thanks for using LHAPDF 6.2.1. Please make sure to cite the paper:
  Eur.Phys.J. C75 (2015) 3, 132  (http://arxiv.org/abs/1412.7420)
           0           0        1820        1856           0           0           0           0           0           0        2157        2243           0           0           0           0           0           0           0           0           0           0           0           0           0           0           0           0           0           0           0           0
           0           0        3996        3997           0           0           0           0           0           0        1844        1907           0           0           0           0           0           0           0           0           0           0           0           0           0           0           0           0           0           0           0           0
 Accuracy:    0.013   0.010   0.009   2.018
 Found        29354  events.
 Wrote          830  events.
 Actual xsec    3.2418813681789930E-009
 Correct abs xsec    8.6511850952787296E-009
 Event xsec    8.6511850952786022E-009
 Events wgts > 1:            8
 % Cross section > 1:    8.6832284565981816E-011   1.0037039273771946     

 -------------------------------------------------------------------------------
 Accumulated results:   Integral =  0.8631E-08
                        Std dev  =  0.7986E-10
                       Cross sec =  0.3218E-08
             Chi**2 per DoF.     =      2.0176
 -------------------------------------------------------------------------------
-------------------------------------------------
---------------------------
 Results Last   3 iters: Integral =   0.3242E-08
                     Abs integral =   0.8651E-08
                          Std dev =   0.8184E-10
                  Chi**2 per DoF. =      0.7558
-------------------------------------------------
---------------------------
 Status   1.0000000000000000E-002           9           8

ls status:
events.lhe
ftn26
input_app.txt
results.dat
run1_app.log
