==== LHAPDF6 USING DEFAULT-TYPE LHAGLUE INTERFACE ====
LHAPDF 6.2.1 loading /cvmfs/cms.cern.ch/slc6_amd64_gcc630/external/lhapdf/6.2.1-ghjeda2/share/LHAPDF/NNPDF30_lo_as_0130_nf_4/NNPDF30_lo_as_0130_nf_4_0000.dat
NNPDF30_lo_as_0130_nf_4 PDF set, member #0, version 2; LHAPDF ID = 263400
 Process in group number            1
 A PDF is used, so alpha_s(MZ) is going to be modified
 Old value of alpha_s from param_card:   0.11810000000000001     
 New value of alpha_s from PDF lhapdf :  0.12470044313224841     
 using LHAPDF
 Define smin to   10000.000000000000     
 Define smin to   10000.000000000000     
 Define smin to   10000.000000000000     
 Define smin to   10000.000000000000     
 Define smin to   10000.000000000000     
 Define smin to   10000.000000000000     
 Define smin to   10000.000000000000     
 *****************************************************
 *               MadGraph/MadEvent                   *
 *        --------------------------------           *
 *          http://madgraph.hep.uiuc.edu             *
 *          http://madgraph.phys.ucl.ac.be           *
 *          http://madgraph.roma2.infn.it            *
 *        --------------------------------           *
 *                                                   *
 *          PARAMETER AND COUPLING VALUES            *
 *                                                   *
 *****************************************************

  External Params
  ---------------------------------
  
 mdl_MW0 =    80.387000000000000     
 mdl_Gf =    1.1663789999999999E-005
 aS =   0.11810000000000001     
 mdl_ymdo =    1.0000000000000000E-099
 mdl_ymb =    4.1799999999999997     
 mdl_ymt =    173.19999999999999     
 mdl_ymtau =    1.7769999999999999     
 mdl_LambdaSMEFT =    1000.0000000000000     
 mdl_cHW =    1.0000000000000000     
 mdl_MZ =    91.187600000000003     
 mdl_MTA =    1.7769999999999999     
 mdl_MT =    173.19999999999999     
 mdl_MB =    4.1799999999999997     
 mdl_MH =    125.09000000000000     
 mdl_WZ =    2.4952000000000001     
 mdl_WW =    2.0850000000000000     
 mdl_WT =    1.5083359999999999     
 mdl_WH =    4.0699999999999998E-003
  Internal Params
  ---------------------------------
  
 mdl_ymm =    1.0000000000000000E-099
 mdl_yme =    1.0000000000000000E-099
 mdl_ymc =    1.0000000000000000E-099
 mdl_yms =    1.0000000000000000E-099
 mdl_ymup =    1.0000000000000000E-099
 mdl_conjg__CKM3x3 =    1.0000000000000000     
 mdl_cH =    0.0000000000000000     
 mdl_cHB =    0.0000000000000000     
 mdl_CKM1x1 =    1.0000000000000000     
 mdl_conjg__CKM1x1 =    1.0000000000000000     
 mdl_dGf =    0.0000000000000000     
 mdl_CKM3x3 =    1.0000000000000000     
 mdl_dMH2 =    0.0000000000000000     
 mdl_conjg__CKM2x2 =    1.0000000000000000     
 mdl_dg1 =    0.0000000000000000     
 mdl_CKM2x2 =    1.0000000000000000     
 mdl_dgw =    0.0000000000000000     
 mdl_complexi =  (  0.0000000000000000     ,  1.0000000000000000     )
 mdl_MW =    80.387000000000000     
 mdl_nb__2__exp__0_25 =    1.1892071150027210     
 mdl_MH__exp__2 =    15647.508100000001     
 mdl_sqrt__2 =    1.4142135623730951     
 mdl_MW__exp__2 =    6462.0697689999997     
 mdl_MZ__exp__2 =    8315.1783937600012     
 mdl_sth2 =   0.22285855299877133     
 mdl_MH__exp__6 =    3831206449390.3818     
 mdl_MT__exp__6 =    26995248278778.535     
 mdl_MH__exp__4 =    244844509.73956564     
 mdl_MT__exp__4 =    899894403.09759963     
 mdl_MT__exp__2 =    29998.239999999994     
 mdl_LambdaSMEFT__exp__2 =    1000000.0000000000     
 mdl_cth =   0.88155626422890820     
 mdl_sqrt__sth2 =   0.47207896902824564     
 mdl_sth =   0.47207896902824564     
 mdl_MW0__exp__6 =    269845343347.69711     
 mdl_MW0__exp__4 =    41758345.699423708     
 mdl_MW0__exp__2 =    6462.0697689999997     
 mdl_MZ__exp__4 =    69142191.720053151     
 mdl_MZ__exp__6 =    574929658687.79749     
 mdl_cth__exp__2 =   0.77714144700122867     
 mdl_sth__exp__2 =   0.22285855299877130     
 mdl_sth__exp__3 =   0.10520683593878660     
 mdl_cth__exp__3 =   0.68509391079585125     
 mdl_sth__exp__4 =    4.9665934644706158E-002
 mdl_sqrt__Gf =    3.4152291284773265E-003
 mdl_vevhat =    246.21961912951551     
 mdl_lam =   0.12905352724481209     
 mdl_aEW =    7.5614618607353409E-003
 mdl_yb =    2.4008698866559607E-002
 mdl_yc =    5.7437078628133041E-102
 mdl_ydo =    5.7437078628133041E-102
 mdl_ye =    5.7437078628133041E-102
 mdl_ym =    5.7437078628133041E-102
 mdl_ys =    5.7437078628133041E-102
 mdl_yt =   0.99481020183926416     
 mdl_ytau =    1.0206568872219240E-002
 mdl_yup =    5.7437078628133041E-102
 mdl_vevhat__exp__2 =    60624.100844283676     
 mdl_barlam =   0.12905352724481209     
 mdl_vevT =    246.21961912951551     
 mdl_sqrt__aEW =    8.6956666568672819E-002
 mdl_ee =   0.30825335704310214     
 mdl_gwsh =   0.61338418662494298     
 mdl_vev =    246.21961912951551     
 mdl_g1 =   0.34966952144878632     
 mdl_gw =   0.65296989967087182     
 mdl_ee__exp__2 =    9.5020132128342205E-002
 mdl_gHaa =   -1.9303830602986922E-003
 mdl_gHza =   -6.8546472954154700E-003
 mdl_g1sh =   0.34966952144878632     
 mdl_I1d11 =  (  5.7437078628133041E-102,  0.0000000000000000     )
 mdl_I1d22 =  (  5.7437078628133041E-102,  0.0000000000000000     )
 mdl_I1d33 =  (  2.4008698866559607E-002,  0.0000000000000000     )
 mdl_I2d11 =  (  5.7437078628133041E-102,  0.0000000000000000     )
 mdl_I2d22 =  (  5.7437078628133041E-102,  0.0000000000000000     )
 mdl_I2d33 =  ( 0.99481020183926416     ,  0.0000000000000000     )
 mdl_I3d11 =  (  5.7437078628133041E-102,  0.0000000000000000     )
 mdl_I3d22 =  (  5.7437078628133041E-102,  0.0000000000000000     )
 mdl_I3d33 =  (  2.4008698866559607E-002,  0.0000000000000000     )
 mdl_I4d11 =  (  5.7437078628133041E-102,  0.0000000000000000     )
 mdl_I4d22 =  (  5.7437078628133041E-102,  0.0000000000000000     )
 mdl_I4d33 =  ( 0.99481020183926416     ,  0.0000000000000000     )
 mdl_I5d11 =  (  5.7437078628133041E-102,  0.0000000000000000     )
 mdl_I5d22 =  (  5.7437078628133041E-102,  0.0000000000000000     )
 mdl_I5d33 =  (  2.4008698866559607E-002,  0.0000000000000000     )
 mdl_I6d11 =  (  5.7437078628133041E-102,  0.0000000000000000     )
 mdl_I6d22 =  (  5.7437078628133041E-102,  0.0000000000000000     )
 mdl_I6d33 =  ( 0.99481020183926416     ,  0.0000000000000000     )
 mdl_ee__exp__3 =    2.9290274715240611E-002
 mdl_vevhat__exp__3 =    14926843.019948866     
  Internal Params evaluated point by point
  ----------------------------------------
  
 mdl_sqrt__aS =   0.34365680554879169     
 mdl_G__exp__2 =    1.4840883695558185     
 mdl_gHgg =    3.2334372328970845E-003
 mdl_G__exp__3 =  (  1.8079634332366095     ,  0.0000000000000000     )
  Couplings of SMEFTsim_A_U35_MwScheme_UFO_v3_1-cHW_massless
  ---------------------------------
  
       GC_387 =   0.00000E+00   0.98488E-03
       GC_400 =   0.00000E+00   0.52490E+02
       GC_809 =  -0.00000E+00  -0.72171E-02
      GC_1073 =  -0.00000E+00  -0.46172E+00

 Collider parameters:
 --------------------

 Running at P P   machine @    13000.000000000000       GeV
 PDF set = lhapdf 
 alpha_s(Mz)= 0.1247 running at 1 loops.
 alpha_s(Mz)= 0.1247 running at 1 loops.
 Renormalization scale set on event-by-event basis
 Factorization   scale set on event-by-event basis


 getting user params
Enter number of events and max and min iterations: 
 Number of events and iterations         2000           8           3
Enter desired fractional accuracy: 
 Desired fractional accuracy:    1.0000000000000000E-002
Enter 0 for fixed, 2 for adjustable grid: 
Suppress amplitude (0 no, 1 yes)? 
 Using suppressed amplitude.
Exact helicity sum (0 yes, n = number/event)? 
 Explicitly summing over helicities
Enter Configuration Number: 
Running Configuration Number:   25
 Using dconfig=          80
 BW Setting            2           2           2           2           0           0
 Attempting mappinvarients           1           8
 Completed mapping           8
 about to integrate           16        2000           8           3          16           1
 Using non-zero grid deformation.
 16 dimensions   2000 events 16 invarients  8 iterations  1 config(s),  (0.99)
 Using h-tuple random number sequence.
 Error opening grid
 Using Uniform Grid!          32
 Using uniform alpha   1.0000000000000000     
 Grid defined OK
 Set CM energy to      13000.00
 Mapping Graph          25  to config          25
Setting grid   1    0.59172E-04   1
Setting grid   2    0.59172E-04   1
Setting grid   3    0.61293E-04   1
Setting grid   4    0.18685E-07   1
 Transforming s_hat 1/s           15   6.3452253940828423E-005   10000.000000000000        168999999.99999997     
  25   1   2   3   4   5   6   7   8   9  10  11  12  13  14
  15  16
 Masses: 0.000E+00 0.000E+00 0.178E+01 0.178E+01 0.000E+00 0.000E+00 0.000E+00 0.000E+00
Using random seed offsets    25 :      1
  with seed                   24
 Ranmar initialization seeds       31083        9398
 
 ********************************************
 * You are using the DiscreteSampler module *
 *      part of the MG5_aMC framework       *
 *         Author: Valentin Hirschi         *
 ********************************************
 
  Particle       3       4       5       6       7       8
      Et >     0.0     0.0     0.0     0.0    10.0    10.0
       E >     0.0     0.0     0.0     0.0     0.0     0.0
     Eta <    -1.0    -1.0    -1.0    -1.0     6.5     6.5
   xqcut:      0.0     0.0     0.0     0.0     0.0     0.0
d R # 3  >    -0.0     0.4     0.0     0.0     0.4     0.4
d R # 4  >    -0.0    -0.0     0.0     0.0     0.4     0.4
d R # 5  >    -0.0    -0.0    -0.0     0.0     0.0     0.0
d R # 6  >    -0.0    -0.0    -0.0    -0.0     0.0     0.0
d R # 7  >    -0.0    -0.0    -0.0    -0.0    -0.0     0.4
s min # 3>     0.0     0.0     0.0     0.0     0.0     0.0
s min # 4>     0.0     0.0     0.0     0.0     0.0     0.0
s min # 5>     0.0     0.0     0.0     0.0     0.0     0.0
s min # 6>     0.0     0.0     0.0     0.0     0.0     0.0
s min # 7>     0.0     0.0     0.0     0.0     0.0 10000.0
xqcutij # 3>     0.0     0.0     0.0     0.0     0.0     0.0
xqcutij # 4>     0.0     0.0     0.0     0.0     0.0     0.0
xqcutij # 5>     0.0     0.0     0.0     0.0     0.0     0.0
xqcutij # 6>     0.0     0.0     0.0     0.0     0.0     0.0
xqcutij # 7>     0.0     0.0     0.0     0.0     0.0     0.0
 Excluding BW           -1           1
 Excluding BW           -3           2
 Excluding BW           -4           3
 Excluding BW           -5           4
 alpha_s for scale    29.641646849385342       is   0.15316676205548752     
 Added good helicity          193   94.012678767644033       in event            1 local:           1
 Added good helicity          209  0.37697395849422682       in event            1 local:           1
 Added good helicity          225   159.62291550305309       in event            1 local:           1
 Added good helicity          241   1.9874317708086262       in event            1 local:           1
 Added good helicity          193   94.012678767635421       in event            1 local:           1
 Added good helicity          209  0.37697395849420712       in event            1 local:           1
 Added good helicity          225   159.62291550306176       in event            1 local:           1
 Added good helicity          241   1.9874317708086104       in event            1 local:           1
 RESET CUMULATIVE VARIABLE
 RESET CUMULATIVE VARIABLE
 RESET CUMULATIVE VARIABLE
 Warning: Too low fact scales:    20.945718965925792        1.9902242329405702     
 Warning: Too low fact scales:    20.945718965925792        1.9902242329405702     
 Warning: Too low fact scales:    1.9591597431538097        51.852691984554880     
 Warning: Too low fact scales:    1.9591597431537973        51.852691984554880     
 Warning: Too low fact scales:    1.9591597431538097        51.852691984554880     
 Warning: Too low fact scales:    31.915875472081535        1.0283693393554738     
 Warning: Too low fact scales:    31.915875472081535        1.0283693393554738     
 Warning: Too low fact scales:    31.915875472081535        1.0283693393554738     
 Warning: Too low fact scales:    1.5756222551948664        50.418724640336912     
 Warning: Too low fact scales:    1.5756222551948664        50.418724640336912     
 Warning: Too low fact scales:    1.1195512554908293        11.343282095368568     
 No more warnings written out this run.
 Iteration  1   Mean: 0.1570E-13 Abs mean: 0.1570E-13   Fluctuation:  0.109E-13   0.212E-10    40.0%
  1    0.1570E-13 0.1570E-13 +- 0.1094E-13     31.17
 Writing out events   2.4515485148189565E-018   31.170653080881067     
 Relative summed weights:
  0.0000E+00  0.0000E+00  0.6134E-02  0.1615E+00  0.0000E+00  0.0000E+00  0.0000E+00  0.0000E+00  0.5786E-04  0.2324E-03  0.0000E+00  0.0000E+00  0.0000E+00  0.0000E+00
  0.0000E+00  0.0000E+00  0.7815E+00  0.6925E-02  0.0000E+00  0.0000E+00  0.0000E+00  0.0000E+00  0.1560E-01  0.2140E-01  0.0000E+00  0.0000E+00  0.0000E+00  0.0000E+00
  0.0000E+00  0.0000E+00  0.2512E-04  0.5996E-02  0.0000E+00  0.0000E+00  0.0000E+00  0.0000E+00  0.6680E-04  0.4554E-05  0.0000E+00  0.0000E+00  0.0000E+00  0.0000E+00
  0.0000E+00  0.0000E+00  0.3175E-03  0.2195E-04  0.0000E+00  0.0000E+00  0.0000E+00  0.0000E+00  0.6012E-04  0.1439E-03  0.0000E+00  0.0000E+00  0.0000E+00  0.0000E+00
 Relative number of events:
  0.0000E+00  0.0000E+00  0.6819E-01  0.6322E-01  0.0000E+00  0.0000E+00  0.0000E+00  0.0000E+00  0.5127E-01  0.5376E-01  0.0000E+00  0.0000E+00  0.0000E+00  0.0000E+00
  0.0000E+00  0.0000E+00  0.7018E-01  0.5874E-01  0.0000E+00  0.0000E+00  0.0000E+00  0.0000E+00  0.5824E-01  0.4978E-01  0.0000E+00  0.0000E+00  0.0000E+00  0.0000E+00
  0.0000E+00  0.0000E+00  0.8064E-01  0.6869E-01  0.0000E+00  0.0000E+00  0.0000E+00  0.0000E+00  0.5774E-01  0.5127E-01  0.0000E+00  0.0000E+00  0.0000E+00  0.0000E+00
  0.0000E+00  0.0000E+00  0.7068E-01  0.6969E-01  0.0000E+00  0.0000E+00  0.0000E+00  0.0000E+00  0.6421E-01  0.6371E-01  0.0000E+00  0.0000E+00  0.0000E+00  0.0000E+00
 Events:
           0           0         137         127           0           0           0           0         103         108           0           0           0           0
           0           0         141         118           0           0           0           0         117         100           0           0           0           0
           0           0         162         138           0           0           0           0         116         103           0           0           0           0
           0           0         142         140           0           0           0           0         129         128           0           0           0           0
 Iteration  2   Mean: 0.2594E-14 Abs mean: 0.2594E-14   Fluctuation:  0.127E-14   0.423E-11    83.2%
  2    0.2594E-14 0.2594E-14 +- 0.1272E-14     31.01
 Relative summed weights:
  0.0000E+00  0.0000E+00  0.3536E-02  0.7547E-03  0.0000E+00  0.0000E+00  0.0000E+00  0.0000E+00  0.2401E-01  0.1655E-01  0.0000E+00  0.0000E+00  0.0000E+00  0.0000E+00
  0.0000E+00  0.0000E+00  0.4255E+00  0.3517E-01  0.0000E+00  0.0000E+00  0.0000E+00  0.0000E+00  0.2808E-01  0.1984E+00  0.0000E+00  0.0000E+00  0.0000E+00  0.0000E+00
  0.0000E+00  0.0000E+00  0.1442E-01  0.2077E+00  0.0000E+00  0.0000E+00  0.0000E+00  0.0000E+00  0.2415E-02  0.6350E-02  0.0000E+00  0.0000E+00  0.0000E+00  0.0000E+00
  0.0000E+00  0.0000E+00  0.6773E-02  0.2369E-01  0.0000E+00  0.0000E+00  0.0000E+00  0.0000E+00  0.6039E-02  0.6633E-03  0.0000E+00  0.0000E+00  0.0000E+00  0.0000E+00
 Relative number of events:
  0.0000E+00  0.0000E+00  0.6975E-01  0.6375E-01  0.0000E+00  0.0000E+00  0.0000E+00  0.0000E+00  0.5700E-01  0.6025E-01  0.0000E+00  0.0000E+00  0.0000E+00  0.0000E+00
  0.0000E+00  0.0000E+00  0.6650E-01  0.6875E-01  0.0000E+00  0.0000E+00  0.0000E+00  0.0000E+00  0.5650E-01  0.4825E-01  0.0000E+00  0.0000E+00  0.0000E+00  0.0000E+00
  0.0000E+00  0.0000E+00  0.7000E-01  0.6550E-01  0.0000E+00  0.0000E+00  0.0000E+00  0.0000E+00  0.5600E-01  0.5950E-01  0.0000E+00  0.0000E+00  0.0000E+00  0.0000E+00
  0.0000E+00  0.0000E+00  0.6525E-01  0.7475E-01  0.0000E+00  0.0000E+00  0.0000E+00  0.0000E+00  0.6250E-01  0.5575E-01  0.0000E+00  0.0000E+00  0.0000E+00  0.0000E+00
 Events:
           0           0         279         255           0           0           0           0         228         241           0           0           0           0
           0           0         266         275           0           0           0           0         226         193           0           0           0           0
           0           0         280         262           0           0           0           0         224         238           0           0           0           0
           0           0         261         299           0           0           0           0         250         223           0           0           0           0
 Iteration  3   Mean: 0.5902E-14 Abs mean: 0.5902E-14   Fluctuation:  0.241E-14   0.150E-10    79.2%
  3    0.5902E-14 0.5902E-14 +- 0.2412E-14     36.54
 Relative summed weights:
  0.0000E+00  0.0000E+00  0.1230E+00  0.1554E-01  0.0000E+00  0.0000E+00  0.0000E+00  0.0000E+00  0.2905E-01  0.1114E-01  0.0000E+00  0.0000E+00  0.0000E+00  0.0000E+00
  0.0000E+00  0.0000E+00  0.1894E-01  0.1055E-01  0.0000E+00  0.0000E+00  0.0000E+00  0.0000E+00  0.2366E-01  0.1419E-01  0.0000E+00  0.0000E+00  0.0000E+00  0.0000E+00
  0.0000E+00  0.0000E+00  0.1000E-01  0.2727E+00  0.0000E+00  0.0000E+00  0.0000E+00  0.0000E+00  0.3533E+00  0.2770E-01  0.0000E+00  0.0000E+00  0.0000E+00  0.0000E+00
  0.0000E+00  0.0000E+00  0.6484E-02  0.1276E-01  0.0000E+00  0.0000E+00  0.0000E+00  0.0000E+00  0.2227E-01  0.4862E-01  0.0000E+00  0.0000E+00  0.0000E+00  0.0000E+00
 Relative number of events:
  0.0000E+00  0.0000E+00  0.6925E-01  0.6938E-01  0.0000E+00  0.0000E+00  0.0000E+00  0.0000E+00  0.5550E-01  0.5112E-01  0.0000E+00  0.0000E+00  0.0000E+00  0.0000E+00
  0.0000E+00  0.0000E+00  0.7100E-01  0.7025E-01  0.0000E+00  0.0000E+00  0.0000E+00  0.0000E+00  0.5312E-01  0.5450E-01  0.0000E+00  0.0000E+00  0.0000E+00  0.0000E+00
  0.0000E+00  0.0000E+00  0.7537E-01  0.7087E-01  0.0000E+00  0.0000E+00  0.0000E+00  0.0000E+00  0.5425E-01  0.5625E-01  0.0000E+00  0.0000E+00  0.0000E+00  0.0000E+00
  0.0000E+00  0.0000E+00  0.6663E-01  0.7037E-01  0.0000E+00  0.0000E+00  0.0000E+00  0.0000E+00  0.5688E-01  0.5525E-01  0.0000E+00  0.0000E+00  0.0000E+00  0.0000E+00
 Events:
           0           0         554         555           0           0           0           0         444         409           0           0           0           0
           0           0         568         562           0           0           0           0         425         436           0           0           0           0
           0           0         603         567           0           0           0           0         434         450           0           0           0           0
           0           0         533         563           0           0           0           0         455         442           0           0           0           0
 Accuracy:    0.487   0.010   0.286   2.901
 Found          188  events.
 Wrote            2  events.
 Actual xsec    6.4261578069511937E-015
 Correct abs xsec    6.4261578069511937E-015
 Event xsec    6.4261578069511945E-015
 Events wgts > 1:            1
 % Cross section > 1:    2.1392012905699499E-022   3.3288962936079308E-006
 Iteration  4   Mean: 0.7103E-14 Abs mean: 0.7103E-14   Fluctuation:  0.107E-14   0.895E-11    79.2%
  4    0.7103E-14 0.7103E-14 +- 0.1069E-14     19.03
 Relative summed weights:
  0.0000E+00  0.0000E+00  0.5761E-01  0.3949E-01  0.0000E+00  0.0000E+00  0.0000E+00  0.0000E+00  0.1777E-01  0.2464E-01  0.0000E+00  0.0000E+00  0.0000E+00  0.0000E+00
  0.0000E+00  0.0000E+00  0.8087E-01  0.7316E-01  0.0000E+00  0.0000E+00  0.0000E+00  0.0000E+00  0.7675E-01  0.9919E-01  0.0000E+00  0.0000E+00  0.0000E+00  0.0000E+00
  0.0000E+00  0.0000E+00  0.2884E-01  0.4839E-01  0.0000E+00  0.0000E+00  0.0000E+00  0.0000E+00  0.2668E-01  0.8617E-01  0.0000E+00  0.0000E+00  0.0000E+00  0.0000E+00
  0.0000E+00  0.0000E+00  0.1245E+00  0.1147E+00  0.0000E+00  0.0000E+00  0.0000E+00  0.0000E+00  0.5777E-01  0.4355E-01  0.0000E+00  0.0000E+00  0.0000E+00  0.0000E+00
 Relative number of events:
  0.0000E+00  0.0000E+00  0.6988E-01  0.6731E-01  0.0000E+00  0.0000E+00  0.0000E+00  0.0000E+00  0.5306E-01  0.5650E-01  0.0000E+00  0.0000E+00  0.0000E+00  0.0000E+00
  0.0000E+00  0.0000E+00  0.6563E-01  0.6994E-01  0.0000E+00  0.0000E+00  0.0000E+00  0.0000E+00  0.5444E-01  0.5650E-01  0.0000E+00  0.0000E+00  0.0000E+00  0.0000E+00
  0.0000E+00  0.0000E+00  0.7537E-01  0.6994E-01  0.0000E+00  0.0000E+00  0.0000E+00  0.0000E+00  0.5162E-01  0.6000E-01  0.0000E+00  0.0000E+00  0.0000E+00  0.0000E+00
  0.0000E+00  0.0000E+00  0.7137E-01  0.7000E-01  0.0000E+00  0.0000E+00  0.0000E+00  0.0000E+00  0.5450E-01  0.5394E-01  0.0000E+00  0.0000E+00  0.0000E+00  0.0000E+00
 Events:
           0           0        1118        1077           0           0           0           0         849         904           0           0           0           0
           0           0        1050        1119           0           0           0           0         871         904           0           0           0           0
           0           0        1206        1119           0           0           0           0         826         960           0           0           0           0
           0           0        1142        1120           0           0           0           0         872         863           0           0           0           0
 Accuracy:    0.173   0.010   0.133   1.681
 Found          479  events.
 Wrote           12  events.
 Actual xsec    6.6255847821536319E-015
 Correct abs xsec    6.6255847821536319E-015
 Event xsec    6.6255847821536335E-015
 Events wgts > 1:            1
 % Cross section > 1:    1.4945877039453073E-025   2.2557823242577156E-009
 Iteration  5   Mean: 0.1798E-13 Abs mean: 0.1798E-13   Fluctuation:  0.574E-14   0.176E-09    78.0%
  5    0.1798E-13 0.1798E-13 +- 0.5740E-14     57.12
 Relative summed weights:
  0.0000E+00  0.0000E+00  0.3524E-01  0.7610E-01  0.0000E+00  0.0000E+00  0.0000E+00  0.0000E+00  0.2373E-01  0.2542E-01  0.0000E+00  0.0000E+00  0.0000E+00  0.0000E+00
  0.0000E+00  0.0000E+00  0.2591E-01  0.3587E-01  0.0000E+00  0.0000E+00  0.0000E+00  0.0000E+00  0.2887E-01  0.1269E+00  0.0000E+00  0.0000E+00  0.0000E+00  0.0000E+00
  0.0000E+00  0.0000E+00  0.4393E-01  0.4355E-01  0.0000E+00  0.0000E+00  0.0000E+00  0.0000E+00  0.2510E-01  0.4575E-01  0.0000E+00  0.0000E+00  0.0000E+00  0.0000E+00
  0.0000E+00  0.0000E+00  0.3313E-01  0.4866E-01  0.0000E+00  0.0000E+00  0.0000E+00  0.0000E+00  0.2656E-01  0.3552E+00  0.0000E+00  0.0000E+00  0.0000E+00  0.0000E+00
 Relative number of events:
  0.0000E+00  0.0000E+00  0.6903E-01  0.7159E-01  0.0000E+00  0.0000E+00  0.0000E+00  0.0000E+00  0.5603E-01  0.5450E-01  0.0000E+00  0.0000E+00  0.0000E+00  0.0000E+00
  0.0000E+00  0.0000E+00  0.7166E-01  0.7037E-01  0.0000E+00  0.0000E+00  0.0000E+00  0.0000E+00  0.5528E-01  0.5431E-01  0.0000E+00  0.0000E+00  0.0000E+00  0.0000E+00
  0.0000E+00  0.0000E+00  0.6878E-01  0.6859E-01  0.0000E+00  0.0000E+00  0.0000E+00  0.0000E+00  0.5444E-01  0.5406E-01  0.0000E+00  0.0000E+00  0.0000E+00  0.0000E+00
  0.0000E+00  0.0000E+00  0.6891E-01  0.7016E-01  0.0000E+00  0.0000E+00  0.0000E+00  0.0000E+00  0.5706E-01  0.5522E-01  0.0000E+00  0.0000E+00  0.0000E+00  0.0000E+00
 Events:
           0           0        2209        2291           0           0           0           0        1793        1744           0           0           0           0
           0           0        2293        2252           0           0           0           0        1769        1738           0           0           0           0
           0           0        2201        2195           0           0           0           0        1742        1730           0           0           0           0
           0           0        2205        2245           0           0           0           0        1826        1767           0           0           0           0
 Accuracy:    0.254   0.010   0.123   4.265
 Found         1712  events.
 Wrote            1  events.
 Actual xsec    8.7610007045517117E-015
 Correct abs xsec    8.7610007045517117E-015
 Event xsec    8.7610007045517117E-015
 Events wgts > 1:            1
 % Cross section > 1:    8.3838902597344645E-022   9.5695577964954139E-006
 Iteration  6   Mean: 0.1272E-13 Abs mean: 0.1272E-13   Fluctuation:  0.130E-14   0.677E-10    75.2%
  6    0.1272E-13 0.1272E-13 +- 0.1297E-14     25.81
 Relative summed weights:
  0.0000E+00  0.0000E+00  0.6402E-01  0.6980E-01  0.0000E+00  0.0000E+00  0.0000E+00  0.0000E+00  0.4954E-01  0.5407E-01  0.0000E+00  0.0000E+00  0.0000E+00  0.0000E+00
  0.0000E+00  0.0000E+00  0.1377E+00  0.6927E-01  0.0000E+00  0.0000E+00  0.0000E+00  0.0000E+00  0.4320E-01  0.5017E-01  0.0000E+00  0.0000E+00  0.0000E+00  0.0000E+00
  0.0000E+00  0.0000E+00  0.7035E-01  0.6853E-01  0.0000E+00  0.0000E+00  0.0000E+00  0.0000E+00  0.8165E-01  0.4844E-01  0.0000E+00  0.0000E+00  0.0000E+00  0.0000E+00
  0.0000E+00  0.0000E+00  0.5239E-01  0.5056E-01  0.0000E+00  0.0000E+00  0.0000E+00  0.0000E+00  0.4919E-01  0.4110E-01  0.0000E+00  0.0000E+00  0.0000E+00  0.0000E+00
 Relative number of events:
  0.0000E+00  0.0000E+00  0.7050E-01  0.6994E-01  0.0000E+00  0.0000E+00  0.0000E+00  0.0000E+00  0.5631E-01  0.5492E-01  0.0000E+00  0.0000E+00  0.0000E+00  0.0000E+00
  0.0000E+00  0.0000E+00  0.6861E-01  0.6948E-01  0.0000E+00  0.0000E+00  0.0000E+00  0.0000E+00  0.5514E-01  0.5523E-01  0.0000E+00  0.0000E+00  0.0000E+00  0.0000E+00
  0.0000E+00  0.0000E+00  0.6986E-01  0.6798E-01  0.0000E+00  0.0000E+00  0.0000E+00  0.0000E+00  0.5523E-01  0.5691E-01  0.0000E+00  0.0000E+00  0.0000E+00  0.0000E+00
  0.0000E+00  0.0000E+00  0.7027E-01  0.6873E-01  0.0000E+00  0.0000E+00  0.0000E+00  0.0000E+00  0.5517E-01  0.5570E-01  0.0000E+00  0.0000E+00  0.0000E+00  0.0000E+00
 Events:
           0           0        4512        4476           0           0           0           0        3604        3515           0           0           0           0
           0           0        4391        4447           0           0           0           0        3529        3535           0           0           0           0
           0           0        4471        4351           0           0           0           0        3535        3642           0           0           0           0
           0           0        4497        4399           0           0           0           0        3531        3565           0           0           0           0
 Accuracy:    0.140   0.010   0.078   3.166
 Found         2820  events.
 Wrote           10  events.
 Actual xsec    1.1408931609626819E-014
 Correct abs xsec    1.1408931609626819E-014
 Event xsec    1.1408931609626820E-014
 Events wgts > 1:            0
 % Cross section > 1:    0.0000000000000000        0.0000000000000000     
 Iteration  7   Mean: 0.1115E-13 Abs mean: 0.1115E-13   Fluctuation:  0.244E-15   0.167E-10    75.9%
  7    0.1115E-13 0.1115E-13 +- 0.2445E-15      7.84
 Exceeded boost           2          96   128000.000    
 Relative summed weights:
  0.0000E+00  0.0000E+00  0.6745E-01  0.7289E-01  0.0000E+00  0.0000E+00  0.0000E+00  0.0000E+00  0.6059E-01  0.5137E-01  0.0000E+00  0.0000E+00  0.0000E+00  0.0000E+00
  0.0000E+00  0.0000E+00  0.6561E-01  0.7589E-01  0.0000E+00  0.0000E+00  0.0000E+00  0.0000E+00  0.5091E-01  0.5343E-01  0.0000E+00  0.0000E+00  0.0000E+00  0.0000E+00
  0.0000E+00  0.0000E+00  0.6899E-01  0.6187E-01  0.0000E+00  0.0000E+00  0.0000E+00  0.0000E+00  0.5868E-01  0.5613E-01  0.0000E+00  0.0000E+00  0.0000E+00  0.0000E+00
  0.0000E+00  0.0000E+00  0.6031E-01  0.8030E-01  0.0000E+00  0.0000E+00  0.0000E+00  0.0000E+00  0.5638E-01  0.5920E-01  0.0000E+00  0.0000E+00  0.0000E+00  0.0000E+00
 Relative number of events:
  0.0000E+00  0.0000E+00  0.7008E-01  0.7027E-01  0.0000E+00  0.0000E+00  0.0000E+00  0.0000E+00  0.5585E-01  0.5568E-01  0.0000E+00  0.0000E+00  0.0000E+00  0.0000E+00
  0.0000E+00  0.0000E+00  0.6948E-01  0.6955E-01  0.0000E+00  0.0000E+00  0.0000E+00  0.0000E+00  0.5516E-01  0.5591E-01  0.0000E+00  0.0000E+00  0.0000E+00  0.0000E+00
  0.0000E+00  0.0000E+00  0.7000E-01  0.6827E-01  0.0000E+00  0.0000E+00  0.0000E+00  0.0000E+00  0.5511E-01  0.5522E-01  0.0000E+00  0.0000E+00  0.0000E+00  0.0000E+00
  0.0000E+00  0.0000E+00  0.6951E-01  0.7017E-01  0.0000E+00  0.0000E+00  0.0000E+00  0.0000E+00  0.5462E-01  0.5513E-01  0.0000E+00  0.0000E+00  0.0000E+00  0.0000E+00
 Events:
           0           0        8970        8995           0           0           0           0        7149        7127           0           0           0           0
           0           0        8894        8902           0           0           0           0        7060        7156           0           0           0           0
           0           0        8960        8739           0           0           0           0        7054        7068           0           0           0           0
           0           0        8897        8982           0           0           0           0        6991        7056           0           0           0           0
 Accuracy:    0.034   0.010   0.021   2.588
 Found         9730  events.
 Wrote          166  events.
 Actual xsec    1.1253850984957458E-014
 Correct abs xsec    1.1253850984957458E-014
 Event xsec    1.1253850984957510E-014
 Events wgts > 1:            3
 % Cross section > 1:    7.6166896872838255E-017  0.67680740552409069     
 Iteration  8   Mean: 0.1128E-13 Abs mean: 0.1128E-13   Fluctuation:  0.184E-15   0.243E-10    75.5%
  8    0.1128E-13 0.1128E-13 +- 0.1841E-15      8.26
 Relative summed weights:
  0.0000E+00  0.0000E+00  0.7011E-01  0.6575E-01  0.0000E+00  0.0000E+00  0.0000E+00  0.0000E+00  0.6263E-01  0.5839E-01  0.0000E+00  0.0000E+00  0.0000E+00  0.0000E+00
  0.0000E+00  0.0000E+00  0.6669E-01  0.6890E-01  0.0000E+00  0.0000E+00  0.0000E+00  0.0000E+00  0.5514E-01  0.6303E-01  0.0000E+00  0.0000E+00  0.0000E+00  0.0000E+00
  0.0000E+00  0.0000E+00  0.6418E-01  0.6411E-01  0.0000E+00  0.0000E+00  0.0000E+00  0.0000E+00  0.5607E-01  0.5650E-01  0.0000E+00  0.0000E+00  0.0000E+00  0.0000E+00
  0.0000E+00  0.0000E+00  0.6739E-01  0.6702E-01  0.0000E+00  0.0000E+00  0.0000E+00  0.0000E+00  0.6304E-01  0.5104E-01  0.0000E+00  0.0000E+00  0.0000E+00  0.0000E+00
 Relative number of events:
  0.0000E+00  0.0000E+00  0.7027E-01  0.6996E-01  0.0000E+00  0.0000E+00  0.0000E+00  0.0000E+00  0.5496E-01  0.5476E-01  0.0000E+00  0.0000E+00  0.0000E+00  0.0000E+00
  0.0000E+00  0.0000E+00  0.7005E-01  0.6981E-01  0.0000E+00  0.0000E+00  0.0000E+00  0.0000E+00  0.5555E-01  0.5485E-01  0.0000E+00  0.0000E+00  0.0000E+00  0.0000E+00
  0.0000E+00  0.0000E+00  0.6996E-01  0.6968E-01  0.0000E+00  0.0000E+00  0.0000E+00  0.0000E+00  0.5581E-01  0.5569E-01  0.0000E+00  0.0000E+00  0.0000E+00  0.0000E+00
  0.0000E+00  0.0000E+00  0.6937E-01  0.6923E-01  0.0000E+00  0.0000E+00  0.0000E+00  0.0000E+00  0.5516E-01  0.5489E-01  0.0000E+00  0.0000E+00  0.0000E+00  0.0000E+00
 Events:
           0           0       17989       17910           0           0           0           0       14071       14018           0           0           0           0
           0           0       17933       17872           0           0           0           0       14222       14042           0           0           0           0
           0           0       17910       17838           0           0           0           0       14288       14256           0           0           0           0
           0           0       17758       17722           0           0           0           0       14120       14051           0           0           0           0
 Accuracy:    0.019   0.010   0.013   2.213
 Found        25293  events.
 Wrote          166  events.
 Actual xsec    1.1256219947280861E-014
 Correct abs xsec    1.1256219947280861E-014
 Event xsec    1.1256219947280845E-014
 Events wgts > 1:            4
 % Cross section > 1:    8.0188981088110496E-017  0.71239706991938867     

 -------------------------------------------------------------------------------
 Accumulated results:   Integral =  0.1123E-13
                        Std dev  =  0.1450E-15
                       Cross sec =  0.1123E-13
             Chi**2 per DoF.     =      2.2134
 -------------------------------------------------------------------------------
-------------------------------------------------
---------------------------
 Results Last   3 iters: Integral =   0.1126E-13
                     Abs integral =   0.1126E-13
                          Std dev =   0.1462E-15
                  Chi**2 per DoF. =      0.7269
-------------------------------------------------
---------------------------
Thanks for using LHAPDF 6.2.1. Please make sure to cite the paper:
  Eur.Phys.J. C75 (2015) 3, 132  (http://arxiv.org/abs/1412.7420)
 Status   1.0000000000000000E-002           9           8

ls status:
events.lhe
ftn26
input_app.txt
results.dat
run1_app.log
