==== LHAPDF6 USING DEFAULT-TYPE LHAGLUE INTERFACE ====
LHAPDF 6.2.1 loading /cvmfs/cms.cern.ch/slc6_amd64_gcc630/external/lhapdf/6.2.1-ghjeda2/share/LHAPDF/NNPDF31_nnlo_as_0118_nf_4_mc_hessian/NNPDF31_nnlo_as_0118_nf_4_mc_hessian_0000.dat
NNPDF31_nnlo_as_0118_nf_4_mc_hessian PDF set, member #0, version 1; LHAPDF ID = 325500
 Process in group number            1
 A PDF is used, so alpha_s(MZ) is going to be modified
 Old value of alpha_s from param_card:   0.11810000000000001     
 New value of alpha_s from PDF lhapdf :  0.11266013434007299     
 using LHAPDF
 Define smin to   10000.000000000000     
 Define smin to   10000.000000000000     
 Define smin to   10000.000000000000     
 Define smin to   10000.000000000000     
 Define smin to   10000.000000000000     
 Define smin to   10000.000000000000     
 Define smin to   10000.000000000000     
 *****************************************************
 *               MadGraph/MadEvent                   *
 *        --------------------------------           *
 *          http://madgraph.hep.uiuc.edu             *
 *          http://madgraph.phys.ucl.ac.be           *
 *          http://madgraph.roma2.infn.it            *
 *        --------------------------------           *
 *                                                   *
 *          PARAMETER AND COUPLING VALUES            *
 *                                                   *
 *****************************************************

  External Params
  ---------------------------------
  
 mdl_MW0 =    80.387000000000000     
 mdl_Gf =    1.1663789999999999E-005
 aS =   0.11810000000000001     
 mdl_ymdo =    1.0000000000000000E-099
 mdl_ymb =    4.1799999999999997     
 mdl_ymt =    173.19999999999999     
 mdl_ymtau =    1.7769999999999999     
 mdl_LambdaSMEFT =    1000.0000000000000     
 mdl_cW =    1.0000000000000000     
 mdl_MZ =    91.187600000000003     
 mdl_MTA =    1.7769999999999999     
 mdl_MT =    173.19999999999999     
 mdl_MB =    4.1799999999999997     
 mdl_MH =    125.09000000000000     
 mdl_WZ =    2.4952000000000001     
 mdl_WW =    2.0850000000000000     
 mdl_WT =    1.5083359999999999     
 mdl_WH =    4.0699999999999998E-003
  Internal Params
  ---------------------------------
  
 mdl_ymm =    1.0000000000000000E-099
 mdl_yme =    1.0000000000000000E-099
 mdl_ymc =    1.0000000000000000E-099
 mdl_yms =    1.0000000000000000E-099
 mdl_ymup =    1.0000000000000000E-099
 mdl_conjg__CKM3x3 =    1.0000000000000000     
 mdl_cH =    0.0000000000000000     
 mdl_cHB =    0.0000000000000000     
 mdl_CKM2x2 =    1.0000000000000000     
 mdl_CKM1x1 =    1.0000000000000000     
 mdl_conjg__CKM1x1 =    1.0000000000000000     
 mdl_dGf =    0.0000000000000000     
 mdl_CKM3x3 =    1.0000000000000000     
 mdl_dMH2 =    0.0000000000000000     
 mdl_conjg__CKM2x2 =    1.0000000000000000     
 mdl_dg1 =    0.0000000000000000     
 mdl_cHW =    0.0000000000000000     
 mdl_dgw =    0.0000000000000000     
 mdl_complexi =  (  0.0000000000000000     ,  1.0000000000000000     )
 mdl_MW =    80.387000000000000     
 mdl_nb__2__exp__0_25 =    1.1892071150027210     
 mdl_MH__exp__2 =    15647.508100000001     
 mdl_sqrt__2 =    1.4142135623730951     
 mdl_MW__exp__2 =    6462.0697689999997     
 mdl_MZ__exp__2 =    8315.1783937600012     
 mdl_sth2 =   0.22285855299877133     
 mdl_MH__exp__6 =    3831206449390.3818     
 mdl_MT__exp__6 =    26995248278778.535     
 mdl_MH__exp__4 =    244844509.73956564     
 mdl_MT__exp__4 =    899894403.09759963     
 mdl_MT__exp__2 =    29998.239999999994     
 mdl_LambdaSMEFT__exp__2 =    1000000.0000000000     
 mdl_cth =   0.88155626422890820     
 mdl_sqrt__sth2 =   0.47207896902824564     
 mdl_sth =   0.47207896902824564     
 mdl_MW0__exp__6 =    269845343347.69711     
 mdl_MW0__exp__4 =    41758345.699423708     
 mdl_MW0__exp__2 =    6462.0697689999997     
 mdl_MZ__exp__4 =    69142191.720053151     
 mdl_MZ__exp__6 =    574929658687.79749     
 mdl_cth__exp__2 =   0.77714144700122867     
 mdl_sth__exp__2 =   0.22285855299877130     
 mdl_sth__exp__3 =   0.10520683593878660     
 mdl_cth__exp__3 =   0.68509391079585125     
 mdl_sth__exp__4 =    4.9665934644706158E-002
 mdl_sqrt__Gf =    3.4152291284773265E-003
 mdl_vevhat =    246.21961912951551     
 mdl_lam =   0.12905352724481209     
 mdl_aEW =    7.5614618607353409E-003
 mdl_yb =    2.4008698866559607E-002
 mdl_yc =    5.7437078628133041E-102
 mdl_ydo =    5.7437078628133041E-102
 mdl_ye =    5.7437078628133041E-102
 mdl_ym =    5.7437078628133041E-102
 mdl_ys =    5.7437078628133041E-102
 mdl_yt =   0.99481020183926416     
 mdl_ytau =    1.0206568872219240E-002
 mdl_yup =    5.7437078628133041E-102
 mdl_vevhat__exp__2 =    60624.100844283676     
 mdl_barlam =   0.12905352724481209     
 mdl_vevT =    246.21961912951551     
 mdl_sqrt__aEW =    8.6956666568672819E-002
 mdl_ee =   0.30825335704310214     
 mdl_gwsh =   0.65296989967087182     
 mdl_vev =    246.21961912951551     
 mdl_g1 =   0.34966952144878632     
 mdl_gw =   0.65296989967087182     
 mdl_ee__exp__2 =    9.5020132128342205E-002
 mdl_gHaa =   -1.9303830602986922E-003
 mdl_gHza =   -6.8546472954154700E-003
 mdl_g1sh =   0.34966952144878632     
 mdl_I1d11 =  (  5.7437078628133041E-102,  0.0000000000000000     )
 mdl_I1d22 =  (  5.7437078628133041E-102,  0.0000000000000000     )
 mdl_I1d33 =  (  2.4008698866559607E-002,  0.0000000000000000     )
 mdl_I2d11 =  (  5.7437078628133041E-102,  0.0000000000000000     )
 mdl_I2d22 =  (  5.7437078628133041E-102,  0.0000000000000000     )
 mdl_I2d33 =  ( 0.99481020183926416     ,  0.0000000000000000     )
 mdl_I3d11 =  (  5.7437078628133041E-102,  0.0000000000000000     )
 mdl_I3d22 =  (  5.7437078628133041E-102,  0.0000000000000000     )
 mdl_I3d33 =  (  2.4008698866559607E-002,  0.0000000000000000     )
 mdl_I4d11 =  (  5.7437078628133041E-102,  0.0000000000000000     )
 mdl_I4d22 =  (  5.7437078628133041E-102,  0.0000000000000000     )
 mdl_I4d33 =  ( 0.99481020183926416     ,  0.0000000000000000     )
 mdl_I5d11 =  (  5.7437078628133041E-102,  0.0000000000000000     )
 mdl_I5d22 =  (  5.7437078628133041E-102,  0.0000000000000000     )
 mdl_I5d33 =  (  2.4008698866559607E-002,  0.0000000000000000     )
 mdl_I6d11 =  (  5.7437078628133041E-102,  0.0000000000000000     )
 mdl_I6d22 =  (  5.7437078628133041E-102,  0.0000000000000000     )
 mdl_I6d33 =  ( 0.99481020183926416     ,  0.0000000000000000     )
 mdl_ee__exp__3 =    2.9290274715240611E-002
 mdl_vevhat__exp__3 =    14926843.019948866     
  Internal Params evaluated point by point
  ----------------------------------------
  
 mdl_sqrt__aS =   0.34365680554879169     
 mdl_G__exp__2 =    1.4840883695558185     
 mdl_gHgg =    3.2334372328970845E-003
 mdl_G__exp__3 =  (  1.8079634332366095     ,  0.0000000000000000     )
  Couplings of SMEFTsim_A_U35_MwScheme_UFO_v3_1-cW_massless
  ---------------------------------
  
        GC_64 =   0.00000E+00   0.52893E-05
       GC_345 =   0.00000E+00   0.28325E-05
         GC_1 =   0.00000E+00   0.10275E+00
         GC_2 =  -0.00000E+00  -0.20550E+00
         GC_3 =  -0.00000E+00  -0.30825E+00
       GC_278 =  -0.00000E+00  -0.37035E+00
       GC_280 =  -0.00000E+00  -0.57563E+00
       GC_318 =   0.00000E+00   0.39178E-05
       GC_328 =  -0.00000E+00  -0.55024E-01
       GC_329 =   0.00000E+00   0.11005E+00
       GC_330 =  -0.00000E+00  -0.16507E+00
      GC_1073 =  -0.00000E+00  -0.46172E+00

 Collider parameters:
 --------------------

 Running at P P   machine @    13000.000000000000       GeV
 PDF set = lhapdf 
 alpha_s(Mz)= 0.1127 running at 3 loops.
 alpha_s(Mz)= 0.1127 running at 3 loops.
 Renormalization scale set on event-by-event basis
 Factorization   scale set on event-by-event basis


 getting user params
Enter number of events and max and min iterations: 
 Number of events and iterations         2000           8           3
Enter desired fractional accuracy: 
 Desired fractional accuracy:    1.0000000000000000E-002
Enter 0 for fixed, 2 for adjustable grid: 
Suppress amplitude (0 no, 1 yes)? 
 Using suppressed amplitude.
Exact helicity sum (0 yes, n = number/event)? 
 Explicitly summing over helicities
Enter Configuration Number: 
Running Configuration Number:   51
 Not subdividing B.W.
 Attempting mappinvarients           1           8
 Completed mapping           8
 about to integrate           16        2000           8           3          16           1
 Using non-zero grid deformation.
 16 dimensions   2000 events 16 invarients  8 iterations  1 config(s),  (0.99)
 Using h-tuple random number sequence.
 Error opening grid
 Using Uniform Grid!          32
 Using uniform alpha   1.0000000000000000     
 Grid defined OK
 Set CM energy to      13000.00
 Mapping Graph          51  to config          51
 Setting BW          -1           1   80.387000000000000     
 Setting BW          -2           2   80.387000000000000     
Setting grid   3    0.18685E-07   1
 Warning: No cutoff for shat integral found
          Minimum set to    5.9171597633136107E-009
Setting grid   4    0.59172E-08   1
Setting grid   5    0.59172E-06   1
 Transforming s_hat 1/s           15   1.1585044837869826E-004   10000.000000000000        168999999.99999997     
  51   1   2   3   4   5   6   7   8   9  10  11  12  13  14
  15  16
 Masses: 0.000E+00 0.000E+00 0.000E+00 0.178E+01 0.000E+00 0.000E+00 0.000E+00 0.000E+00
Using random seed offsets    51 :      5
  with seed                   24
 Ranmar initialization seeds       31109        9402
 
 ********************************************
 * You are using the DiscreteSampler module *
 *      part of the MG5_aMC framework       *
 *         Author: Valentin Hirschi         *
 ********************************************
 
  Particle       3       4       5       6       7       8
      Et >     0.0     0.0     0.0     0.0    10.0    10.0
       E >     0.0     0.0     0.0     0.0     0.0     0.0
     Eta <    -1.0    -1.0    -1.0    -1.0     6.5     6.5
   xqcut:      0.0     0.0     0.0     0.0     0.0     0.0
d R # 3  >    -0.0     0.4     0.0     0.0     0.4     0.4
d R # 4  >    -0.0    -0.0     0.0     0.0     0.4     0.4
d R # 5  >    -0.0    -0.0    -0.0     0.0     0.0     0.0
d R # 6  >    -0.0    -0.0    -0.0    -0.0     0.0     0.0
d R # 7  >    -0.0    -0.0    -0.0    -0.0    -0.0     0.4
s min # 3>     0.0     0.0     0.0     0.0     0.0     0.0
s min # 4>     0.0     0.0     0.0     0.0     0.0     0.0
s min # 5>     0.0     0.0     0.0     0.0     0.0     0.0
s min # 6>     0.0     0.0     0.0     0.0     0.0     0.0
s min # 7>     0.0     0.0     0.0     0.0     0.0 10000.0
xqcutij # 3>     0.0     0.0     0.0     0.0     0.0     0.0
xqcutij # 4>     0.0     0.0     0.0     0.0     0.0     0.0
xqcutij # 5>     0.0     0.0     0.0     0.0     0.0     0.0
xqcutij # 6>     0.0     0.0     0.0     0.0     0.0     0.0
xqcutij # 7>     0.0     0.0     0.0     0.0     0.0     0.0
 No cut BW           -1           1
 No cut BW           -2           2
 No cut BW           -5           3
 alpha_s for scale    30.488875066410529       is   0.13647736019536694     
 Added good helicity          193   255.92422967313485       in event            1 local:           1
 Added good helicity          209   7.5770326865166646E-002  in event            1 local:           1
 Added good helicity          193   255.88422933344677       in event            1 local:           1
 Added good helicity          209  0.11577066655322642       in event            1 local:           1
 RESET CUMULATIVE VARIABLE
 RESET CUMULATIVE VARIABLE
 RESET CUMULATIVE VARIABLE
 Iteration  1   Mean: 0.3749E-05 Abs mean: 0.3749E-05   Fluctuation:  0.247E-05   0.492E-02     6.2%
  1    0.3749E-05 0.3749E-05 +- 0.2469E-05     29.45
 Writing out events   3.7570151559274820E-009   29.453658535978743     
 Relative summed weights:
  0.1187E+00  0.0000E+00  0.0000E+00  0.0000E+00  0.2654E-01  0.0000E+00  0.0000E+00  0.0000E+00  0.0000E+00  0.0000E+00  0.0000E+00  0.0000E+00  0.0000E+00  0.0000E+00
  0.9939E-01  0.0000E+00  0.6666E+00  0.1907E-01  0.4946E-02  0.0000E+00  0.2136E-02  0.2222E-01  0.0000E+00  0.0000E+00  0.5615E-02  0.1635E-01  0.2511E-02  0.1595E-01
 Relative number of events:
  0.1354E+00  0.0000E+00  0.0000E+00  0.0000E+00  0.9905E-01  0.0000E+00  0.0000E+00  0.0000E+00  0.0000E+00  0.0000E+00  0.0000E+00  0.0000E+00  0.0000E+00  0.0000E+00
  0.1623E+00  0.0000E+00  0.8263E-01  0.8960E-01  0.1010E+00  0.0000E+00  0.1941E-01  0.3484E-01  0.0000E+00  0.0000E+00  0.6521E-01  0.6023E-01  0.8163E-01  0.6869E-01
 Events:
         272           0           0           0         199           0           0           0           0           0           0           0           0           0
         326           0         166         180         203           0          39          70           0           0         131         121         164         138
 Iteration  2   Mean: 0.3436E-05 Abs mean: 0.3436E-05   Fluctuation:  0.106E-05   0.291E-02    58.2%
  2    0.3436E-05 0.3436E-05 +- 0.1056E-05     19.45
 Relative summed weights:
  0.3270E+00  0.0000E+00  0.0000E+00  0.0000E+00  0.3086E-01  0.0000E+00  0.0000E+00  0.0000E+00  0.0000E+00  0.0000E+00  0.0000E+00  0.0000E+00  0.0000E+00  0.0000E+00
  0.4755E+00  0.0000E+00  0.2777E-01  0.1935E-01  0.1620E-01  0.0000E+00  0.5332E-02  0.4824E-02  0.0000E+00  0.0000E+00  0.2734E-01  0.5843E-01  0.4291E-02  0.3076E-02
 Relative number of events:
  0.1990E+00  0.0000E+00  0.0000E+00  0.0000E+00  0.8075E-01  0.0000E+00  0.0000E+00  0.0000E+00  0.0000E+00  0.0000E+00  0.0000E+00  0.0000E+00  0.0000E+00  0.0000E+00
  0.1995E+00  0.0000E+00  0.7525E-01  0.8000E-01  0.8725E-01  0.0000E+00  0.2025E-01  0.2450E-01  0.0000E+00  0.0000E+00  0.5175E-01  0.5200E-01  0.6350E-01  0.6625E-01
 Events:
         796           0           0           0         323           0           0           0           0           0           0           0           0           0
         798           0         301         320         349           0          81          98           0           0         207         208         254         265
 Iteration  3   Mean: 0.2720E-05 Abs mean: 0.2720E-05   Fluctuation:  0.404E-06   0.212E-02    69.5%
  3    0.2720E-05 0.2720E-05 +- 0.4036E-06     13.27
 Relative summed weights:
  0.3516E+00  0.0000E+00  0.0000E+00  0.0000E+00  0.4703E-01  0.0000E+00  0.0000E+00  0.0000E+00  0.0000E+00  0.0000E+00  0.0000E+00  0.0000E+00  0.0000E+00  0.0000E+00
  0.3841E+00  0.0000E+00  0.7262E-01  0.4048E-01  0.6340E-02  0.0000E+00  0.2124E-01  0.4990E-02  0.0000E+00  0.0000E+00  0.1841E-01  0.3421E-01  0.6796E-02  0.1221E-01
 Relative number of events:
  0.2303E+00  0.0000E+00  0.0000E+00  0.0000E+00  0.6313E-01  0.0000E+00  0.0000E+00  0.0000E+00  0.0000E+00  0.0000E+00  0.0000E+00  0.0000E+00  0.0000E+00  0.0000E+00
  0.2355E+00  0.0000E+00  0.8662E-01  0.8188E-01  0.5800E-01  0.0000E+00  0.2275E-01  0.1937E-01  0.0000E+00  0.0000E+00  0.4838E-01  0.5125E-01  0.5187E-01  0.5100E-01
 Events:
        1842           0           0           0         505           0           0           0           0           0           0           0           0           0
        1884           0         693         655         464           0         182         155           0           0         387         410         415         408
 Accuracy:    0.080   0.010   0.131   0.369
 Found          307  events.
 Wrote            7  events.
 Actual xsec    2.8904939735107915E-006
 Correct abs xsec    2.8904939735107915E-006
 Event xsec    2.8904939735107915E-006
 Events wgts > 1:            0
 % Cross section > 1:    0.0000000000000000        0.0000000000000000     
 Iteration  4   Mean: 0.3851E-05 Abs mean: 0.3851E-05   Fluctuation:  0.432E-06   0.357E-02    77.6%
  4    0.3851E-05 0.3851E-05 +- 0.4322E-06     14.20
 Relative summed weights:
  0.4309E+00  0.0000E+00  0.0000E+00  0.0000E+00  0.9841E-02  0.0000E+00  0.0000E+00  0.0000E+00  0.0000E+00  0.0000E+00  0.0000E+00  0.0000E+00  0.0000E+00  0.0000E+00
  0.3614E+00  0.0000E+00  0.5146E-01  0.3893E-01  0.1561E-01  0.0000E+00  0.2047E-01  0.1543E-01  0.0000E+00  0.0000E+00  0.1637E-01  0.2690E-01  0.6371E-02  0.6306E-02
 Relative number of events:
  0.2588E+00  0.0000E+00  0.0000E+00  0.0000E+00  0.5287E-01  0.0000E+00  0.0000E+00  0.0000E+00  0.0000E+00  0.0000E+00  0.0000E+00  0.0000E+00  0.0000E+00  0.0000E+00
  0.2608E+00  0.0000E+00  0.8131E-01  0.7850E-01  0.5606E-01  0.0000E+00  0.1994E-01  0.2056E-01  0.0000E+00  0.0000E+00  0.4294E-01  0.4600E-01  0.4181E-01  0.4038E-01
 Events:
        4141           0           0           0         846           0           0           0           0           0           0           0           0           0
        4173           0        1301        1256         897           0         319         329           0           0         687         736         669         646
 Accuracy:    0.087   0.010   0.085   1.045
 Found          893  events.
 Wrote           20  events.
 Actual xsec    3.4392466341252461E-006
 Correct abs xsec    3.4392466341252461E-006
 Event xsec    3.4392466341252461E-006
 Events wgts > 1:            1
 % Cross section > 1:    2.5272088597640472E-008  0.73481466396981132     
 Iteration  5   Mean: 0.6394E-05 Abs mean: 0.6394E-05   Fluctuation:  0.163E-05   0.505E-01    80.9%
  5    0.6394E-05 0.6394E-05 +- 0.1625E-05     45.47
 Relative summed weights:
  0.5174E+00  0.0000E+00  0.0000E+00  0.0000E+00  0.1411E-01  0.0000E+00  0.0000E+00  0.0000E+00  0.0000E+00  0.0000E+00  0.0000E+00  0.0000E+00  0.0000E+00  0.0000E+00
  0.2799E+00  0.0000E+00  0.3676E-01  0.3917E-01  0.7927E-02  0.0000E+00  0.3231E-01  0.9949E-02  0.0000E+00  0.0000E+00  0.2928E-01  0.2010E-01  0.5842E-02  0.7284E-02
 Relative number of events:
  0.2858E+00  0.0000E+00  0.0000E+00  0.0000E+00  0.4462E-01  0.0000E+00  0.0000E+00  0.0000E+00  0.0000E+00  0.0000E+00  0.0000E+00  0.0000E+00  0.0000E+00  0.0000E+00
  0.2834E+00  0.0000E+00  0.7550E-01  0.7566E-01  0.4506E-01  0.0000E+00  0.1803E-01  0.1859E-01  0.0000E+00  0.0000E+00  0.4197E-01  0.4297E-01  0.3300E-01  0.3534E-01
 Events:
        9146           0           0           0        1428           0           0           0           0           0           0           0           0           0
        9070           0        2416        2421        1442           0         577         595           0           0        1343        1375        1056        1131
 Accuracy:    0.136   0.010   0.081   2.824
 Found         1813  events.
 Wrote            3  events.
 Actual xsec    3.7655007748518731E-006
 Correct abs xsec    3.7655007748518731E-006
 Event xsec    3.7655007748518731E-006
 Events wgts > 1:            1
 % Cross section > 1:    1.3645224535992185E-013   3.6237476372658451E-006
 Iteration  6   Mean: 0.4341E-05 Abs mean: 0.4341E-05   Fluctuation:  0.210E-06   0.868E-02    83.5%
  6    0.4341E-05 0.4341E-05 +- 0.2097E-06     12.22
 Relative summed weights:
  0.3631E+00  0.0000E+00  0.0000E+00  0.0000E+00  0.1000E-01  0.0000E+00  0.0000E+00  0.0000E+00  0.0000E+00  0.0000E+00  0.0000E+00  0.0000E+00  0.0000E+00  0.0000E+00
  0.3485E+00  0.0000E+00  0.4529E-01  0.5514E-01  0.1018E-01  0.0000E+00  0.1745E-01  0.1832E-01  0.0000E+00  0.0000E+00  0.5170E-01  0.5794E-01  0.1272E-01  0.9651E-02
 Relative number of events:
  0.3085E+00  0.0000E+00  0.0000E+00  0.0000E+00  0.3469E-01  0.0000E+00  0.0000E+00  0.0000E+00  0.0000E+00  0.0000E+00  0.0000E+00  0.0000E+00  0.0000E+00  0.0000E+00
  0.3111E+00  0.0000E+00  0.6945E-01  0.7102E-01  0.3491E-01  0.0000E+00  0.1777E-01  0.1792E-01  0.0000E+00  0.0000E+00  0.3978E-01  0.4041E-01  0.2752E-01  0.2689E-01
 Events:
       19745           0           0           0        2220           0           0           0           0           0           0           0           0           0
       19913           0        4445        4545        2234           0        1137        1147           0           0        2546        2586        1761        1721
 Accuracy:    0.062   0.010   0.041   2.271
 Found         2767  events.
 Wrote           28  events.
 Actual xsec    4.3278243705590286E-006
 Correct abs xsec    4.3278243705590286E-006
 Event xsec    4.3278243705590227E-006
 Events wgts > 1:            0
 % Cross section > 1:    0.0000000000000000        0.0000000000000000     
 Iteration  7   Mean: 0.4804E-05 Abs mean: 0.4804E-05   Fluctuation:  0.161E-06   0.828E-02    84.6%
  7    0.4804E-05 0.4804E-05 +- 0.1613E-06     12.01
 Exceeded boost           4          95   128000.000    
 Exceeded boost           4          96   128000.000    
 Relative summed weights:
  0.3563E+00  0.0000E+00  0.0000E+00  0.0000E+00  0.1328E-01  0.0000E+00  0.0000E+00  0.0000E+00  0.0000E+00  0.0000E+00  0.0000E+00  0.0000E+00  0.0000E+00  0.0000E+00
  0.3954E+00  0.0000E+00  0.4810E-01  0.7086E-01  0.1108E-01  0.0000E+00  0.1749E-01  0.1660E-01  0.0000E+00  0.0000E+00  0.2779E-01  0.2459E-01  0.8710E-02  0.9811E-02
 Relative number of events:
Thanks for using LHAPDF 6.2.1. Please make sure to cite the paper:
  Eur.Phys.J. C75 (2015) 3, 132  (http://arxiv.org/abs/1412.7420)
  0.3216E+00  0.0000E+00  0.0000E+00  0.0000E+00  0.3155E-01  0.0000E+00  0.0000E+00  0.0000E+00  0.0000E+00  0.0000E+00  0.0000E+00  0.0000E+00  0.0000E+00  0.0000E+00
  0.3213E+00  0.0000E+00  0.6866E-01  0.6913E-01  0.3109E-01  0.0000E+00  0.1800E-01  0.1777E-01  0.0000E+00  0.0000E+00  0.3676E-01  0.3695E-01  0.2377E-01  0.2343E-01
 Events:
       41163           0           0           0        4038           0           0           0           0           0           0           0           0           0
       41128           0        8789        8848        3979           0        2304        2275           0           0        4705        4729        3043        2999
 Accuracy:    0.043   0.010   0.026   2.678
 Found         8058  events.
 Wrote           79  events.
 Actual xsec    4.6735783554863925E-006
 Correct abs xsec    4.6735783554863925E-006
 Event xsec    4.6735783554864010E-006
 Events wgts > 1:            3
 % Cross section > 1:    1.0667435839582752E-008  0.22824985542523429     
 Iteration  8   Mean: 0.4782E-05 Abs mean: 0.4782E-05   Fluctuation:  0.789E-07   0.553E-02    85.7%
  8    0.4782E-05 0.4782E-05 +- 0.7886E-07      8.34
 Relative summed weights:
  0.3777E+00  0.0000E+00  0.0000E+00  0.0000E+00  0.1421E-01  0.0000E+00  0.0000E+00  0.0000E+00  0.0000E+00  0.0000E+00  0.0000E+00  0.0000E+00  0.0000E+00  0.0000E+00
  0.3707E+00  0.0000E+00  0.5207E-01  0.5421E-01  0.1095E-01  0.0000E+00  0.1877E-01  0.1925E-01  0.0000E+00  0.0000E+00  0.2932E-01  0.3224E-01  0.1001E-01  0.1052E-01
 Relative number of events:
  0.3320E+00  0.0000E+00  0.0000E+00  0.0000E+00  0.2864E-01  0.0000E+00  0.0000E+00  0.0000E+00  0.0000E+00  0.0000E+00  0.0000E+00  0.0000E+00  0.0000E+00  0.0000E+00
  0.3320E+00  0.0000E+00  0.6588E-01  0.6507E-01  0.2786E-01  0.0000E+00  0.1711E-01  0.1733E-01  0.0000E+00  0.0000E+00  0.3552E-01  0.3452E-01  0.2214E-01  0.2191E-01
 Events:
       84982           0           0           0        7333           0           0           0           0           0           0           0           0           0
       85004           0       16865       16657        7132           0        4380        4437           0           0        9093        8838        5669        5610
 Accuracy:    0.022   0.010   0.014   2.481
 Found        16939  events.
 Wrote          372  events.
 Actual xsec    4.7483746889187205E-006
 Correct abs xsec    4.7483746889187205E-006
 Event xsec    4.7483746889187705E-006
 Events wgts > 1:            6
 % Cross section > 1:    2.7903976726978930E-008  0.58765321936573645     

 -------------------------------------------------------------------------------
 Accumulated results:   Integral =  0.4718E-05
                        Std dev  =  0.6577E-07
                       Cross sec =  0.4718E-05
             Chi**2 per DoF.     =      2.4806
 -------------------------------------------------------------------------------
-------------------------------------------------
---------------------------
 Results Last   3 iters: Integral =   0.4748E-05
                     Abs integral =   0.4748E-05
                          Std dev =   0.6720E-07
                  Chi**2 per DoF. =      2.0357
-------------------------------------------------
---------------------------
 Status   1.0000000000000000E-002           9           8

ls status:
events.lhe
ftn26
input_app.txt
results.dat
run1_app.log
