==== LHAPDF6 USING DEFAULT-TYPE LHAGLUE INTERFACE ====
LHAPDF 6.2.1 loading /cvmfs/cms.cern.ch/slc6_amd64_gcc630/external/lhapdf/6.2.1-ghjeda2/share/LHAPDF/NNPDF30_lo_as_0130_nf_4/NNPDF30_lo_as_0130_nf_4_0000.dat
NNPDF30_lo_as_0130_nf_4 PDF set, member #0, version 2; LHAPDF ID = 263400
 Process in group number            1
 A PDF is used, so alpha_s(MZ) is going to be modified
 Old value of alpha_s from param_card:   0.11810000000000001     
 New value of alpha_s from PDF lhapdf :  0.12470044313224841     
 using LHAPDF
 Define smin to   10000.000000000000     
 Define smin to   10000.000000000000     
 Define smin to   10000.000000000000     
 Define smin to   10000.000000000000     
 Define smin to   10000.000000000000     
 Define smin to   10000.000000000000     
 Define smin to   10000.000000000000     
 *****************************************************
 *               MadGraph/MadEvent                   *
 *        --------------------------------           *
 *          http://madgraph.hep.uiuc.edu             *
 *          http://madgraph.phys.ucl.ac.be           *
 *          http://madgraph.roma2.infn.it            *
 *        --------------------------------           *
 *                                                   *
 *          PARAMETER AND COUPLING VALUES            *
 *                                                   *
 *****************************************************

  External Params
  ---------------------------------
  
 mdl_MW0 =    80.387000000000000     
 mdl_Gf =    1.1663789999999999E-005
 aS =   0.11810000000000001     
 mdl_ymdo =    1.0000000000000000E-099
 mdl_ymb =    4.1799999999999997     
 mdl_ymt =    173.19999999999999     
 mdl_ymtau =    1.7769999999999999     
 mdl_LambdaSMEFT =    1000.0000000000000     
 mdl_cW =    1.0000000000000000     
 mdl_MZ =    91.187600000000003     
 mdl_MTA =    1.7769999999999999     
 mdl_MT =    173.19999999999999     
 mdl_MB =    4.1799999999999997     
 mdl_MH =    125.09000000000000     
 mdl_WZ =    2.4952000000000001     
 mdl_WW =    2.0850000000000000     
 mdl_WT =    1.5083359999999999     
 mdl_WH =    4.0699999999999998E-003
  Internal Params
  ---------------------------------
  
 mdl_ymm =    1.0000000000000000E-099
 mdl_yme =    1.0000000000000000E-099
 mdl_ymc =    1.0000000000000000E-099
 mdl_yms =    1.0000000000000000E-099
 mdl_ymup =    1.0000000000000000E-099
 mdl_conjg__CKM3x3 =    1.0000000000000000     
 mdl_cH =    0.0000000000000000     
 mdl_cHB =    0.0000000000000000     
 mdl_CKM2x2 =    1.0000000000000000     
 mdl_CKM1x1 =    1.0000000000000000     
 mdl_conjg__CKM1x1 =    1.0000000000000000     
 mdl_dGf =    0.0000000000000000     
 mdl_CKM3x3 =    1.0000000000000000     
 mdl_dMH2 =    0.0000000000000000     
 mdl_conjg__CKM2x2 =    1.0000000000000000     
 mdl_dg1 =    0.0000000000000000     
 mdl_cHW =    0.0000000000000000     
 mdl_dgw =    0.0000000000000000     
 mdl_complexi =  (  0.0000000000000000     ,  1.0000000000000000     )
 mdl_MW =    80.387000000000000     
 mdl_nb__2__exp__0_25 =    1.1892071150027210     
 mdl_MH__exp__2 =    15647.508100000001     
 mdl_sqrt__2 =    1.4142135623730951     
 mdl_MW__exp__2 =    6462.0697689999997     
 mdl_MZ__exp__2 =    8315.1783937600012     
 mdl_sth2 =   0.22285855299877133     
 mdl_MH__exp__6 =    3831206449390.3818     
 mdl_MT__exp__6 =    26995248278778.535     
 mdl_MH__exp__4 =    244844509.73956564     
 mdl_MT__exp__4 =    899894403.09759963     
 mdl_MT__exp__2 =    29998.239999999994     
 mdl_LambdaSMEFT__exp__2 =    1000000.0000000000     
 mdl_cth =   0.88155626422890820     
 mdl_sqrt__sth2 =   0.47207896902824564     
 mdl_sth =   0.47207896902824564     
 mdl_MW0__exp__6 =    269845343347.69711     
 mdl_MW0__exp__4 =    41758345.699423708     
 mdl_MW0__exp__2 =    6462.0697689999997     
 mdl_MZ__exp__4 =    69142191.720053151     
 mdl_MZ__exp__6 =    574929658687.79749     
 mdl_cth__exp__2 =   0.77714144700122867     
 mdl_sth__exp__2 =   0.22285855299877130     
 mdl_sth__exp__3 =   0.10520683593878660     
 mdl_cth__exp__3 =   0.68509391079585125     
 mdl_sth__exp__4 =    4.9665934644706158E-002
 mdl_sqrt__Gf =    3.4152291284773265E-003
 mdl_vevhat =    246.21961912951551     
 mdl_lam =   0.12905352724481209     
 mdl_aEW =    7.5614618607353409E-003
 mdl_yb =    2.4008698866559607E-002
 mdl_yc =    5.7437078628133041E-102
 mdl_ydo =    5.7437078628133041E-102
 mdl_ye =    5.7437078628133041E-102
 mdl_ym =    5.7437078628133041E-102
 mdl_ys =    5.7437078628133041E-102
 mdl_yt =   0.99481020183926416     
 mdl_ytau =    1.0206568872219240E-002
 mdl_yup =    5.7437078628133041E-102
 mdl_vevhat__exp__2 =    60624.100844283676     
 mdl_barlam =   0.12905352724481209     
 mdl_vevT =    246.21961912951551     
 mdl_sqrt__aEW =    8.6956666568672819E-002
 mdl_ee =   0.30825335704310214     
 mdl_gwsh =   0.65296989967087182     
 mdl_vev =    246.21961912951551     
 mdl_g1 =   0.34966952144878632     
 mdl_gw =   0.65296989967087182     
 mdl_ee__exp__2 =    9.5020132128342205E-002
 mdl_gHaa =   -1.9303830602986922E-003
 mdl_gHza =   -6.8546472954154700E-003
 mdl_g1sh =   0.34966952144878632     
 mdl_I1d11 =  (  5.7437078628133041E-102,  0.0000000000000000     )
 mdl_I1d22 =  (  5.7437078628133041E-102,  0.0000000000000000     )
 mdl_I1d33 =  (  2.4008698866559607E-002,  0.0000000000000000     )
 mdl_I2d11 =  (  5.7437078628133041E-102,  0.0000000000000000     )
 mdl_I2d22 =  (  5.7437078628133041E-102,  0.0000000000000000     )
 mdl_I2d33 =  ( 0.99481020183926416     ,  0.0000000000000000     )
 mdl_I3d11 =  (  5.7437078628133041E-102,  0.0000000000000000     )
 mdl_I3d22 =  (  5.7437078628133041E-102,  0.0000000000000000     )
 mdl_I3d33 =  (  2.4008698866559607E-002,  0.0000000000000000     )
 mdl_I4d11 =  (  5.7437078628133041E-102,  0.0000000000000000     )
 mdl_I4d22 =  (  5.7437078628133041E-102,  0.0000000000000000     )
 mdl_I4d33 =  ( 0.99481020183926416     ,  0.0000000000000000     )
 mdl_I5d11 =  (  5.7437078628133041E-102,  0.0000000000000000     )
 mdl_I5d22 =  (  5.7437078628133041E-102,  0.0000000000000000     )
 mdl_I5d33 =  (  2.4008698866559607E-002,  0.0000000000000000     )
 mdl_I6d11 =  (  5.7437078628133041E-102,  0.0000000000000000     )
 mdl_I6d22 =  (  5.7437078628133041E-102,  0.0000000000000000     )
 mdl_I6d33 =  ( 0.99481020183926416     ,  0.0000000000000000     )
 mdl_ee__exp__3 =    2.9290274715240611E-002
 mdl_vevhat__exp__3 =    14926843.019948866     
  Internal Params evaluated point by point
  ----------------------------------------
  
 mdl_sqrt__aS =   0.34365680554879169     
 mdl_G__exp__2 =    1.4840883695558185     
 mdl_gHgg =    3.2334372328970845E-003
 mdl_G__exp__3 =  (  1.8079634332366095     ,  0.0000000000000000     )
  Couplings of SMEFTsim_A_U35_MwScheme_UFO_v3_1-cW_massless
  ---------------------------------
  
        GC_64 =   0.00000E+00   0.52893E-05
       GC_345 =   0.00000E+00   0.28325E-05
         GC_1 =   0.00000E+00   0.10275E+00
         GC_2 =  -0.00000E+00  -0.20550E+00
         GC_3 =  -0.00000E+00  -0.30825E+00
       GC_278 =  -0.00000E+00  -0.37035E+00
       GC_280 =  -0.00000E+00  -0.57563E+00
       GC_318 =   0.00000E+00   0.39178E-05
       GC_328 =  -0.00000E+00  -0.55024E-01
       GC_329 =   0.00000E+00   0.11005E+00
       GC_330 =  -0.00000E+00  -0.16507E+00
      GC_1073 =  -0.00000E+00  -0.46172E+00

 Collider parameters:
 --------------------

 Running at P P   machine @    13000.000000000000       GeV
 PDF set = lhapdf 
 alpha_s(Mz)= 0.1247 running at 1 loops.
 alpha_s(Mz)= 0.1247 running at 1 loops.
 Renormalization scale set on event-by-event basis
 Factorization   scale set on event-by-event basis


 getting user params
Enter number of events and max and min iterations: 
 Number of events and iterations         2000           8           3
Enter desired fractional accuracy: 
 Desired fractional accuracy:    1.0000000000000000E-002
Enter 0 for fixed, 2 for adjustable grid: 
Suppress amplitude (0 no, 1 yes)? 
 Using suppressed amplitude.
Exact helicity sum (0 yes, n = number/event)? 
 Explicitly summing over helicities
Enter Configuration Number: 
Running Configuration Number:   24
 Not subdividing B.W.
 Attempting mappinvarients           1           8
 Completed mapping           8
 about to integrate           16        2000           8           3          16           1
 Using non-zero grid deformation.
 16 dimensions   2000 events 16 invarients  8 iterations  1 config(s),  (0.99)
 Using h-tuple random number sequence.
 Error opening grid
 Using Uniform Grid!          32
 Using uniform alpha   1.0000000000000000     
 Grid defined OK
 Set CM energy to      13000.00
 Mapping Graph          24  to config          24
 Setting BW          -1           1   80.387000000000000     
 Setting BW          -2           2   80.387000000000000     
Setting grid   3    0.59172E-08   1
Setting grid   4    0.18685E-07   1
Setting grid   5    0.59172E-06   1
 Transforming s_hat 1/s           15   1.1585044837869826E-004   10000.000000000000        168999999.99999997     
  24   1   2   3   4   5   6   7   8   9  10  11  12  13  14
  15  16
 Masses: 0.000E+00 0.000E+00 0.000E+00 0.178E+01 0.000E+00 0.000E+00 0.000E+00 0.000E+00
Using random seed offsets    24 :      5
  with seed                   24
 Ranmar initialization seeds       31082        9402
 
 ********************************************
 * You are using the DiscreteSampler module *
 *      part of the MG5_aMC framework       *
 *         Author: Valentin Hirschi         *
 ********************************************
 
  Particle       3       4       5       6       7       8
      Et >     0.0     0.0     0.0     0.0    10.0    10.0
       E >     0.0     0.0     0.0     0.0     0.0     0.0
     Eta <    -1.0    -1.0    -1.0    -1.0     6.5     6.5
   xqcut:      0.0     0.0     0.0     0.0     0.0     0.0
d R # 3  >    -0.0     0.4     0.0     0.0     0.4     0.4
d R # 4  >    -0.0    -0.0     0.0     0.0     0.4     0.4
d R # 5  >    -0.0    -0.0    -0.0     0.0     0.0     0.0
d R # 6  >    -0.0    -0.0    -0.0    -0.0     0.0     0.0
d R # 7  >    -0.0    -0.0    -0.0    -0.0    -0.0     0.4
s min # 3>     0.0     0.0     0.0     0.0     0.0     0.0
s min # 4>     0.0     0.0     0.0     0.0     0.0     0.0
s min # 5>     0.0     0.0     0.0     0.0     0.0     0.0
s min # 6>     0.0     0.0     0.0     0.0     0.0     0.0
s min # 7>     0.0     0.0     0.0     0.0     0.0 10000.0
xqcutij # 3>     0.0     0.0     0.0     0.0     0.0     0.0
xqcutij # 4>     0.0     0.0     0.0     0.0     0.0     0.0
xqcutij # 5>     0.0     0.0     0.0     0.0     0.0     0.0
xqcutij # 6>     0.0     0.0     0.0     0.0     0.0     0.0
xqcutij # 7>     0.0     0.0     0.0     0.0     0.0     0.0
 No cut BW           -1           1
 No cut BW           -2           2
 No cut BW           -5           3
 alpha_s for scale    47.509463405098856       is   0.13977210969065185     
 Added good helicity          193   255.94778353185558       in event            1 local:           1
 Added good helicity          209   5.2216468144403075E-002  in event            1 local:           1
 Added good helicity          193   255.94577577776013       in event            1 local:           1
 Added good helicity          209   5.4224222239865186E-002  in event            1 local:           1
 RESET CUMULATIVE VARIABLE
 RESET CUMULATIVE VARIABLE
 RESET CUMULATIVE VARIABLE
 Iteration  1   Mean: 0.8227E-04 Abs mean: 0.8227E-04   Fluctuation:  0.274E-04   0.431E-01     4.6%
  1    0.8227E-04 0.8227E-04 +- 0.2738E-04     14.89
 Writing out events   1.1160789345804860E-007   14.885292476272483     
 Relative summed weights:
  0.1425E+00  0.0000E+00  0.6244E-01  0.2848E+00  0.4964E-03  0.0000E+00  0.4800E-03  0.1517E-02  0.0000E+00  0.0000E+00  0.1377E-01  0.3567E-01  0.2294E-03  0.1481E-02
  0.4565E+00  0.0000E+00  0.0000E+00  0.0000E+00  0.1547E-03  0.0000E+00  0.0000E+00  0.0000E+00  0.0000E+00  0.0000E+00  0.0000E+00  0.0000E+00  0.0000E+00  0.0000E+00
 Relative number of events:
  0.2036E+00  0.0000E+00  0.1120E+00  0.1050E+00  0.3584E-01  0.0000E+00  0.3335E-01  0.3634E-01  0.0000E+00  0.0000E+00  0.8362E-01  0.8113E-01  0.2887E-01  0.3136E-01
  0.2081E+00  0.0000E+00  0.0000E+00  0.0000E+00  0.4082E-01  0.0000E+00  0.0000E+00  0.0000E+00  0.0000E+00  0.0000E+00  0.0000E+00  0.0000E+00  0.0000E+00  0.0000E+00
 Events:
         409           0         225         211          72           0          67          73           0           0         168         163          58          63
         418           0           0           0          82           0           0           0           0           0           0           0           0           0
 Iteration  2   Mean: 0.1027E-03 Abs mean: 0.1027E-03   Fluctuation:  0.204E-04   0.380E-01    55.2%
  2    0.1027E-03 0.1027E-03 +- 0.2042E-04     12.58
 Relative summed weights:
  0.2077E+00  0.0000E+00  0.1315E+00  0.2727E-01  0.6090E-03  0.0000E+00  0.4996E-02  0.9488E-01  0.0000E+00  0.0000E+00  0.1417E-01  0.4366E-01  0.3426E-02  0.9092E-03
  0.4685E+00  0.0000E+00  0.0000E+00  0.0000E+00  0.2419E-02  0.0000E+00  0.0000E+00  0.0000E+00  0.0000E+00  0.0000E+00  0.0000E+00  0.0000E+00  0.0000E+00  0.0000E+00
 Relative number of events:
  0.2425E+00  0.0000E+00  0.1160E+00  0.1115E+00  0.2100E-01  0.0000E+00  0.3800E-01  0.3300E-01  0.0000E+00  0.0000E+00  0.7775E-01  0.7200E-01  0.1875E-01  0.1550E-01
  0.2270E+00  0.0000E+00  0.0000E+00  0.0000E+00  0.2700E-01  0.0000E+00  0.0000E+00  0.0000E+00  0.0000E+00  0.0000E+00  0.0000E+00  0.0000E+00  0.0000E+00  0.0000E+00
 Events:
         970           0         464         446          84           0         152         132           0           0         311         288          75          62
         908           0           0           0         108           0           0           0           0           0           0           0           0           0
 Iteration  3   Mean: 0.9510E-04 Abs mean: 0.9510E-04   Fluctuation:  0.125E-04   0.569E-01    72.5%
  3    0.9510E-04 0.9510E-04 +- 0.1250E-04     11.76
 Relative summed weights:
  0.4428E+00  0.0000E+00  0.3508E-01  0.1280E+00  0.7067E-03  0.0000E+00  0.2946E-01  0.1188E-01  0.0000E+00  0.0000E+00  0.1713E-01  0.1297E-01  0.5425E-03  0.2149E-02
  0.3181E+00  0.0000E+00  0.0000E+00  0.0000E+00  0.1173E-02  0.0000E+00  0.0000E+00  0.0000E+00  0.0000E+00  0.0000E+00  0.0000E+00  0.0000E+00  0.0000E+00  0.0000E+00
 Relative number of events:
  0.2800E+00  0.0000E+00  0.9513E-01  0.9975E-01  0.1787E-01  0.0000E+00  0.3288E-01  0.3138E-01  0.0000E+00  0.0000E+00  0.5325E-01  0.5750E-01  0.1438E-01  0.1388E-01
  0.2893E+00  0.0000E+00  0.0000E+00  0.0000E+00  0.1475E-01  0.0000E+00  0.0000E+00  0.0000E+00  0.0000E+00  0.0000E+00  0.0000E+00  0.0000E+00  0.0000E+00  0.0000E+00
 Events:
        2240           0         761         798         143           0         263         251           0           0         426         460         115         111
        2314           0           0           0         118           0           0           0           0           0           0           0           0           0
 Accuracy:    0.041   0.010   0.104   0.156
 Found          381  events.
 Wrote           11  events.
 Actual xsec    9.5926106347716145E-005
 Correct abs xsec    9.5926106347716145E-005
 Event xsec    9.5926106347716118E-005
 Events wgts > 1:            1
 % Cross section > 1:    1.0509581620833652E-006   1.0955913901829992     
 Iteration  4   Mean: 0.1067E-03 Abs mean: 0.1067E-03   Fluctuation:  0.987E-05   0.110E+00    78.6%
  4    0.1067E-03 0.1067E-03 +- 0.9869E-05     11.70
 Relative summed weights:
  0.3483E+00  0.0000E+00  0.4694E-01  0.7650E-01  0.6365E-03  0.0000E+00  0.9112E-02  0.1122E-01  0.0000E+00  0.0000E+00  0.4159E-01  0.1833E-01  0.4736E-02  0.1021E-02
  0.4389E+00  0.0000E+00  0.0000E+00  0.0000E+00  0.2701E-02  0.0000E+00  0.0000E+00  0.0000E+00  0.0000E+00  0.0000E+00  0.0000E+00  0.0000E+00  0.0000E+00  0.0000E+00
 Relative number of events:
  0.3142E+00  0.0000E+00  0.9300E-01  0.8881E-01  0.1275E-01  0.0000E+00  0.2444E-01  0.2463E-01  0.0000E+00  0.0000E+00  0.4850E-01  0.4519E-01  0.9750E-02  0.8688E-02
  0.3149E+00  0.0000E+00  0.0000E+00  0.0000E+00  0.1512E-01  0.0000E+00  0.0000E+00  0.0000E+00  0.0000E+00  0.0000E+00  0.0000E+00  0.0000E+00  0.0000E+00  0.0000E+00
 Events:
        5027           0        1488        1421         204           0         391         394           0           0         776         723         156         139
        5039           0           0           0         242           0           0           0           0           0           0           0           0           0
 Accuracy:    0.037   0.010   0.069   0.283
 Found          891  events.
 Wrote            7  events.
 Actual xsec    1.0281327957358083E-004
 Correct abs xsec    1.0281327957358083E-004
 Event xsec    1.0281327957358080E-004
 Events wgts > 1:            1
 % Cross section > 1:    4.6369009452001996E-012   4.5100214334488658E-006
 Iteration  5   Mean: 0.1154E-03 Abs mean: 0.1154E-03   Fluctuation:  0.542E-05   0.728E-01    81.0%
  5    0.1154E-03 0.1154E-03 +- 0.5419E-05      8.40
 Relative summed weights:
  0.3608E+00  0.0000E+00  0.7439E-01  0.6844E-01  0.3075E-02  0.0000E+00  0.1988E-01  0.2274E-01  0.0000E+00  0.0000E+00  0.2532E-01  0.2775E-01  0.1295E-02  0.1070E-02
  0.3896E+00  0.0000E+00  0.0000E+00  0.0000E+00  0.5670E-02  0.0000E+00  0.0000E+00  0.0000E+00  0.0000E+00  0.0000E+00  0.0000E+00  0.0000E+00  0.0000E+00  0.0000E+00
 Relative number of events:
  0.3385E+00  0.0000E+00  0.8144E-01  0.8150E-01  0.1066E-01  0.0000E+00  0.2184E-01  0.2178E-01  0.0000E+00  0.0000E+00  0.3853E-01  0.3831E-01  0.7562E-02  0.6906E-02
  0.3421E+00  0.0000E+00  0.0000E+00  0.0000E+00  0.1081E-01  0.0000E+00  0.0000E+00  0.0000E+00  0.0000E+00  0.0000E+00  0.0000E+00  0.0000E+00  0.0000E+00  0.0000E+00
 Events:
       10833           0        2606        2608         341           0         699         697           0           0        1233        1226         242         221
       10948           0           0           0         346           0           0           0           0           0           0           0           0           0
 Accuracy:    0.033   0.010   0.039   0.705
 Found         2077  events.
 Wrote           84  events.
 Actual xsec    1.1191564743989883E-004
 Correct abs xsec    1.1191564743989883E-004
 Event xsec    1.1191564743989881E-004
 Events wgts > 1:            3
 % Cross section > 1:    1.0315352301775119E-006  0.92170778061349212     
 Iteration  6   Mean: 0.1121E-03 Abs mean: 0.1121E-03   Fluctuation:  0.339E-05   0.874E-01    82.5%
  6    0.1121E-03 0.1121E-03 +- 0.3386E-05      7.64
 Relative summed weights:
  0.3796E+00  0.0000E+00  0.5610E-01  0.7050E-01  0.2284E-02  0.0000E+00  0.1230E-01  0.1674E-01  0.0000E+00  0.0000E+00  0.4082E-01  0.2863E-01  0.9128E-03  0.1772E-02
  0.3882E+00  0.0000E+00  0.0000E+00  0.0000E+00  0.2108E-02  0.0000E+00  0.0000E+00  0.0000E+00  0.0000E+00  0.0000E+00  0.0000E+00  0.0000E+00  0.0000E+00  0.0000E+00
 Relative number of events:
  0.3520E+00  0.0000E+00  0.7786E-01  0.7755E-01  0.8547E-02  0.0000E+00  0.1833E-01  0.1812E-01  0.0000E+00  0.0000E+00  0.3605E-01  0.3556E-01  0.5797E-02  0.5703E-02
  0.3563E+00  0.0000E+00  0.0000E+00  0.0000E+00  0.8250E-02  0.0000E+00  0.0000E+00  0.0000E+00  0.0000E+00  0.0000E+00  0.0000E+00  0.0000E+00  0.0000E+00  0.0000E+00
 Events:
       22525           0        4983        4963         547           0        1173        1160           0           0        2307        2276         371         365
       22802           0           0           0         528           0           0           0           0           0           0           0           0           0
 Accuracy:    0.018   0.010   0.024   0.564
 Found         4363  events.
 Wrote          119  events.
 Actual xsec    1.1262212879107993E-004
 Correct abs xsec    1.1262212879107993E-004
 Event xsec    1.1262212879108032E-004
 Events wgts > 1:            2
 % Cross section > 1:    5.0698155685752375E-007  0.45016158218603730     
 Iteration  7   Mean: 0.1208E-03 Abs mean: 0.1208E-03   Fluctuation:  0.298E-05   0.175E+00    83.4%
  7    0.1208E-03 0.1208E-03 +- 0.2983E-05      8.83
 Exceeded boost           5          95   128000.000    
 Relative summed weights:
  0.3886E+00  0.0000E+00  0.6721E-01  0.8215E-01  0.3371E-02  0.0000E+00  0.1851E-01  0.1657E-01  0.0000E+00  0.0000E+00  0.2730E-01  0.3074E-01  0.1997E-02  0.2077E-02
  0.3594E+00  0.0000E+00  0.0000E+00  0.0000E+00  0.2132E-02  0.0000E+00  0.0000E+00  0.0000E+00  0.0000E+00  0.0000E+00  0.0000E+00  0.0000E+00  0.0000E+00  0.0000E+00
 Relative number of events:
  0.3653E+00  0.0000E+00  0.7287E-01  0.7337E-01  0.7203E-02  0.0000E+00  0.1793E-01  0.1680E-01  0.0000E+00  0.0000E+00  0.3250E-01  0.3288E-01  0.5172E-02  0.5109E-02
Thanks for using LHAPDF 6.2.1. Please make sure to cite the paper:
  Eur.Phys.J. C75 (2015) 3, 132  (http://arxiv.org/abs/1412.7420)
  0.3632E+00  0.0000E+00  0.0000E+00  0.0000E+00  0.7656E-02  0.0000E+00  0.0000E+00  0.0000E+00  0.0000E+00  0.0000E+00  0.0000E+00  0.0000E+00  0.0000E+00  0.0000E+00
 Events:
       46759           0        9328        9391         922           0        2295        2150           0           0        4160        4209         662         654
       46490           0           0           0         980           0           0           0           0           0           0           0           0           0
 Accuracy:    0.020   0.010   0.017   1.300
 Found         9694  events.
 Wrote          138  events.
 Actual xsec    1.1706032631035204E-004
 Correct abs xsec    1.1706032631035204E-004
 Event xsec    1.1706032631035235E-004
 Events wgts > 1:            4
 % Cross section > 1:    1.0646493528725971E-006  0.90948777133080982     
 Iteration  8   Mean: 0.1284E-03 Abs mean: 0.1284E-03   Fluctuation:  0.121E-04   0.309E+01    83.6%
  8    0.1284E-03 0.1284E-03 +- 0.1213E-04     47.78
 Exceeded boost           5          96   128000.000    
 Relative summed weights:
  0.4423E+00  0.0000E+00  0.5948E-01  0.6472E-01  0.2344E-02  0.0000E+00  0.1399E-01  0.1288E-01  0.0000E+00  0.0000E+00  0.3171E-01  0.2579E-01  0.1383E-02  0.1952E-02
  0.3412E+00  0.0000E+00  0.0000E+00  0.0000E+00  0.2202E-02  0.0000E+00  0.0000E+00  0.0000E+00  0.0000E+00  0.0000E+00  0.0000E+00  0.0000E+00  0.0000E+00  0.0000E+00
 Relative number of events:
  0.3703E+00  0.0000E+00  0.6952E-01  0.7055E-01  0.6965E-02  0.0000E+00  0.1622E-01  0.1654E-01  0.0000E+00  0.0000E+00  0.3106E-01  0.3158E-01  0.4547E-02  0.4277E-02
  0.3719E+00  0.0000E+00  0.0000E+00  0.0000E+00  0.6469E-02  0.0000E+00  0.0000E+00  0.0000E+00  0.0000E+00  0.0000E+00  0.0000E+00  0.0000E+00  0.0000E+00  0.0000E+00
 Events:
       94809           0       17796       18062        1783           0        4152        4233           0           0        7952        8084        1164        1095
       95214           0           0           0        1656           0           0           0           0           0           0           0           0           0
 Accuracy:    0.019   0.010   0.017   1.280
 Found        19688  events.
 Wrote           11  events.
 Actual xsec    1.1777041277492652E-004
 Correct abs xsec    1.1777041277492652E-004
 Event xsec    1.1777041277492650E-004
 Events wgts > 1:            1
 % Cross section > 1:    1.6914405362173767E-012   1.4362185682832956E-006

 -------------------------------------------------------------------------------
 Accumulated results:   Integral =  0.1165E-03
                        Std dev  =  0.1966E-05
                       Cross sec =  0.1165E-03
             Chi**2 per DoF.     =      1.2800
 -------------------------------------------------------------------------------
-------------------------------------------------
---------------------------
 Results Last   3 iters: Integral =   0.1178E-03
                     Abs integral =   0.1178E-03
                          Std dev =   0.2207E-05
                  Chi**2 per DoF. =      2.3136
-------------------------------------------------
---------------------------
 Status   1.0000000000000000E-002           9           8

ls status:
events.lhe
ftn26
input_app.txt
results.dat
run1_app.log
