==== LHAPDF6 USING DEFAULT-TYPE LHAGLUE INTERFACE ====
LHAPDF 6.2.1 loading /cvmfs/cms.cern.ch/slc6_amd64_gcc630/external/lhapdf/6.2.1-ghjeda2/share/LHAPDF/NNPDF31_nnlo_as_0118_nf_4_mc_hessian/NNPDF31_nnlo_as_0118_nf_4_mc_hessian_0000.dat
NNPDF31_nnlo_as_0118_nf_4_mc_hessian PDF set, member #0, version 1; LHAPDF ID = 325500
 Process in group number            1
 A PDF is used, so alpha_s(MZ) is going to be modified
 Old value of alpha_s from param_card:   0.11810000000000001     
 New value of alpha_s from PDF lhapdf :  0.11266013434007299     
 using LHAPDF
 Define smin to   10000.000000000000     
 Define smin to   10000.000000000000     
 Define smin to   10000.000000000000     
 Define smin to   10000.000000000000     
 Define smin to   10000.000000000000     
 Define smin to   10000.000000000000     
 Define smin to   10000.000000000000     
 *****************************************************
 *               MadGraph/MadEvent                   *
 *        --------------------------------           *
 *          http://madgraph.hep.uiuc.edu             *
 *          http://madgraph.phys.ucl.ac.be           *
 *          http://madgraph.roma2.infn.it            *
 *        --------------------------------           *
 *                                                   *
 *          PARAMETER AND COUPLING VALUES            *
 *                                                   *
 *****************************************************

  External Params
  ---------------------------------
  
 mdl_MW0 =    80.387000000000000     
 mdl_Gf =    1.1663789999999999E-005
 aS =   0.11810000000000001     
 mdl_ymdo =    1.0000000000000000E-099
 mdl_ymb =    4.1799999999999997     
 mdl_ymt =    173.19999999999999     
 mdl_ymtau =    1.7769999999999999     
 mdl_LambdaSMEFT =    1000.0000000000000     
 mdl_MZ =    91.187600000000003     
 mdl_MTA =    1.7769999999999999     
 mdl_MT =    173.19999999999999     
 mdl_MB =    4.1799999999999997     
 mdl_MH =    125.09000000000000     
 mdl_WZ =    2.4952000000000001     
 mdl_WW =    2.0850000000000000     
 mdl_WT =    1.5083359999999999     
 mdl_WH =    4.0699999999999998E-003
  Internal Params
  ---------------------------------
  
 mdl_ymm =    1.0000000000000000E-099
 mdl_yme =    1.0000000000000000E-099
 mdl_ymc =    1.0000000000000000E-099
 mdl_yms =    1.0000000000000000E-099
 mdl_ymup =    1.0000000000000000E-099
 mdl_conjg__CKM3x3 =    1.0000000000000000     
 mdl_cH =    0.0000000000000000     
 mdl_cHB =    0.0000000000000000     
 mdl_CKM2x2 =    1.0000000000000000     
 mdl_CKM1x1 =    1.0000000000000000     
 mdl_conjg__CKM1x1 =    1.0000000000000000     
 mdl_dGf =    0.0000000000000000     
 mdl_CKM3x3 =    1.0000000000000000     
 mdl_dMH2 =    0.0000000000000000     
 mdl_conjg__CKM2x2 =    1.0000000000000000     
 mdl_dg1 =    0.0000000000000000     
 mdl_cHW =    0.0000000000000000     
 mdl_dgw =    0.0000000000000000     
 mdl_complexi =  (  0.0000000000000000     ,  1.0000000000000000     )
 mdl_MW =    80.387000000000000     
 mdl_nb__2__exp__0_25 =    1.1892071150027210     
 mdl_MH__exp__2 =    15647.508100000001     
 mdl_sqrt__2 =    1.4142135623730951     
 mdl_MW__exp__2 =    6462.0697689999997     
 mdl_MZ__exp__2 =    8315.1783937600012     
 mdl_sth2 =   0.22285855299877133     
 mdl_MH__exp__6 =    3831206449390.3818     
 mdl_MT__exp__6 =    26995248278778.535     
 mdl_MH__exp__4 =    244844509.73956564     
 mdl_MT__exp__4 =    899894403.09759963     
 mdl_MT__exp__2 =    29998.239999999994     
 mdl_LambdaSMEFT__exp__2 =    1000000.0000000000     
 mdl_cth =   0.88155626422890820     
 mdl_sqrt__sth2 =   0.47207896902824564     
 mdl_sth =   0.47207896902824564     
 mdl_MW0__exp__6 =    269845343347.69711     
 mdl_MW0__exp__4 =    41758345.699423708     
 mdl_MW0__exp__2 =    6462.0697689999997     
 mdl_MZ__exp__4 =    69142191.720053151     
 mdl_MZ__exp__6 =    574929658687.79749     
 mdl_cth__exp__2 =   0.77714144700122867     
 mdl_sth__exp__2 =   0.22285855299877130     
 mdl_sth__exp__3 =   0.10520683593878660     
 mdl_cth__exp__3 =   0.68509391079585125     
 mdl_sth__exp__4 =    4.9665934644706158E-002
 mdl_sqrt__Gf =    3.4152291284773265E-003
 mdl_vevhat =    246.21961912951551     
 mdl_lam =   0.12905352724481209     
 mdl_aEW =    7.5614618607353409E-003
 mdl_yb =    2.4008698866559607E-002
 mdl_yc =    5.7437078628133041E-102
 mdl_ydo =    5.7437078628133041E-102
 mdl_ye =    5.7437078628133041E-102
 mdl_ym =    5.7437078628133041E-102
 mdl_ys =    5.7437078628133041E-102
 mdl_yt =   0.99481020183926416     
 mdl_ytau =    1.0206568872219240E-002
 mdl_yup =    5.7437078628133041E-102
 mdl_vevhat__exp__2 =    60624.100844283676     
 mdl_barlam =   0.12905352724481209     
 mdl_vevT =    246.21961912951551     
 mdl_sqrt__aEW =    8.6956666568672819E-002
 mdl_ee =   0.30825335704310214     
 mdl_gwsh =   0.65296989967087182     
 mdl_vev =    246.21961912951551     
 mdl_g1 =   0.34966952144878632     
 mdl_gw =   0.65296989967087182     
 mdl_ee__exp__2 =    9.5020132128342205E-002
 mdl_gHaa =   -1.9303830602986922E-003
 mdl_gHza =   -6.8546472954154700E-003
 mdl_g1sh =   0.34966952144878632     
 mdl_I1d11 =  (  5.7437078628133041E-102,  0.0000000000000000     )
 mdl_I1d22 =  (  5.7437078628133041E-102,  0.0000000000000000     )
 mdl_I1d33 =  (  2.4008698866559607E-002,  0.0000000000000000     )
 mdl_I2d11 =  (  5.7437078628133041E-102,  0.0000000000000000     )
 mdl_I2d22 =  (  5.7437078628133041E-102,  0.0000000000000000     )
 mdl_I2d33 =  ( 0.99481020183926416     ,  0.0000000000000000     )
 mdl_I3d11 =  (  5.7437078628133041E-102,  0.0000000000000000     )
 mdl_I3d22 =  (  5.7437078628133041E-102,  0.0000000000000000     )
 mdl_I3d33 =  (  2.4008698866559607E-002,  0.0000000000000000     )
 mdl_I4d11 =  (  5.7437078628133041E-102,  0.0000000000000000     )
 mdl_I4d22 =  (  5.7437078628133041E-102,  0.0000000000000000     )
 mdl_I4d33 =  ( 0.99481020183926416     ,  0.0000000000000000     )
 mdl_I5d11 =  (  5.7437078628133041E-102,  0.0000000000000000     )
 mdl_I5d22 =  (  5.7437078628133041E-102,  0.0000000000000000     )
 mdl_I5d33 =  (  2.4008698866559607E-002,  0.0000000000000000     )
 mdl_I6d11 =  (  5.7437078628133041E-102,  0.0000000000000000     )
 mdl_I6d22 =  (  5.7437078628133041E-102,  0.0000000000000000     )
 mdl_I6d33 =  ( 0.99481020183926416     ,  0.0000000000000000     )
 mdl_ee__exp__3 =    2.9290274715240611E-002
 mdl_vevhat__exp__3 =    14926843.019948866     
  Internal Params evaluated point by point
  ----------------------------------------
  
 mdl_sqrt__aS =   0.34365680554879169     
 mdl_G__exp__2 =    1.4840883695558185     
 mdl_gHgg =    3.2334372328970845E-003
 mdl_G__exp__3 =  (  1.8079634332366095     ,  0.0000000000000000     )
  Couplings of SMEFTsim_A_U35_MwScheme_UFO_v3_1-SMlimit_massless
  ---------------------------------
  
         GC_1 =   0.00000E+00   0.10275E+00
         GC_2 =  -0.00000E+00  -0.20550E+00
         GC_3 =  -0.00000E+00  -0.30825E+00
       GC_255 =  -0.00000E+00  -0.42637E+00
       GC_278 =  -0.00000E+00  -0.37035E+00
       GC_280 =  -0.00000E+00  -0.57563E+00
       GC_328 =  -0.00000E+00  -0.55024E-01
       GC_329 =   0.00000E+00   0.11005E+00
       GC_330 =  -0.00000E+00  -0.16507E+00
       GC_400 =   0.00000E+00   0.52490E+02
       GC_809 =  -0.00000E+00  -0.72171E-02
      GC_1073 =  -0.00000E+00  -0.46172E+00

 Collider parameters:
 --------------------

 Running at P P   machine @    13000.000000000000       GeV
 PDF set = lhapdf 
 alpha_s(Mz)= 0.1127 running at 3 loops.
 alpha_s(Mz)= 0.1127 running at 3 loops.
 Renormalization scale set on event-by-event basis
 Factorization   scale set on event-by-event basis


 getting user params
Enter number of events and max and min iterations: 
 Number of events and iterations         2000           8           3
Enter desired fractional accuracy: 
 Desired fractional accuracy:    1.0000000000000000E-002
Enter 0 for fixed, 2 for adjustable grid: 
Suppress amplitude (0 no, 1 yes)? 
 Using suppressed amplitude.
Exact helicity sum (0 yes, n = number/event)? 
 Explicitly summing over helicities
Enter Configuration Number: 
Running Configuration Number:  483
 Using dconfig=          26
 BW Setting            2           2           2           0           0           0
 Attempting mappinvarients           1           8
 Completed mapping           8
 about to integrate           16        2000           8           3          16           1
 Using non-zero grid deformation.
 16 dimensions   2000 events 16 invarients  8 iterations  1 config(s),  (0.99)
 Using h-tuple random number sequence.
 Error opening grid
 Using Uniform Grid!          32
 Using uniform alpha   1.0000000000000000     
 Grid defined OK
 Set CM energy to      13000.00
 Mapping Graph         483  to config         483
Setting grid   1    0.18685E-07   1
Setting grid   2    0.18685E-07   1
Setting grid   3    0.18685E-07   1
Setting grid   4    0.18685E-07   1
Setting grid   5    0.74739E-07   1
 Transforming s_hat 1/s           15   5.9171597633136108E-005   10000.000000000000        168999999.99999997     
 483   1   2   3   4   5   6   7   8   9  10  11  12  13  14
  15  16
 Masses: 0.000E+00 0.000E+00 0.178E+01 0.178E+01 0.000E+00 0.000E+00 0.000E+00 0.000E+00
Using random seed offsets   483 :      1
  with seed                   24
 Ranmar initialization seeds         213        9398
 
 ********************************************
 * You are using the DiscreteSampler module *
 *      part of the MG5_aMC framework       *
 *         Author: Valentin Hirschi         *
 ********************************************
 
  Particle       3       4       5       6       7       8
      Et >     0.0     0.0     0.0     0.0    10.0    10.0
       E >     0.0     0.0     0.0     0.0     0.0     0.0
     Eta <    -1.0    -1.0    -1.0    -1.0     6.5     6.5
   xqcut:      0.0     0.0     0.0     0.0     0.0     0.0
d R # 3  >    -0.0     0.4     0.0     0.0     0.4     0.4
d R # 4  >    -0.0    -0.0     0.0     0.0     0.4     0.4
d R # 5  >    -0.0    -0.0    -0.0     0.0     0.0     0.0
d R # 6  >    -0.0    -0.0    -0.0    -0.0     0.0     0.0
d R # 7  >    -0.0    -0.0    -0.0    -0.0    -0.0     0.4
s min # 3>     0.0     0.0     0.0     0.0     0.0     0.0
s min # 4>     0.0     0.0     0.0     0.0     0.0     0.0
s min # 5>     0.0     0.0     0.0     0.0     0.0     0.0
s min # 6>     0.0     0.0     0.0     0.0     0.0     0.0
s min # 7>     0.0     0.0     0.0     0.0     0.0 10000.0
xqcutij # 3>     0.0     0.0     0.0     0.0     0.0     0.0
xqcutij # 4>     0.0     0.0     0.0     0.0     0.0     0.0
xqcutij # 5>     0.0     0.0     0.0     0.0     0.0     0.0
xqcutij # 6>     0.0     0.0     0.0     0.0     0.0     0.0
xqcutij # 7>     0.0     0.0     0.0     0.0     0.0     0.0
 Excluding BW           -1           1
 Excluding BW           -3           2
 Excluding BW           -5           3
 alpha_s for scale    25.356916583933625       is   0.14155341946264399     
 Added good helicity          193   245.85298381150704       in event            1 local:           1
 Added good helicity          209   9.8967522898780356       in event            1 local:           1
 Added good helicity          225  0.24475054924254935       in event            1 local:           1
 Added good helicity          241   5.5133493723627273E-003  in event            1 local:           1
 Added good helicity          193   245.85298381150702       in event            1 local:           1
 Added good helicity          209   9.8967522898780622       in event            1 local:           1
 Added good helicity          225  0.24475054924255249       in event            1 local:           1
 Added good helicity          241   5.5133493723627629E-003  in event            1 local:           1
 RESET CUMULATIVE VARIABLE
 RESET CUMULATIVE VARIABLE
 RESET CUMULATIVE VARIABLE
 Iteration  1   Mean: 0.5371E-10 Abs mean: 0.5371E-10   Fluctuation:  0.228E-10   0.344E-07     4.3%
  1    0.5371E-10 0.5371E-10 +- 0.2276E-10     18.96
 Writing out events   7.8928642944675906E-014   18.955173628148923     
 Relative summed weights:
  0.0000E+00  0.0000E+00  0.3359E+00  0.2858E-02  0.0000E+00  0.0000E+00  0.0000E+00  0.0000E+00  0.1879E-01  0.1647E-01  0.0000E+00  0.0000E+00  0.0000E+00  0.0000E+00
  0.0000E+00  0.0000E+00  0.4299E-04  0.8768E-02  0.0000E+00  0.0000E+00  0.0000E+00  0.0000E+00  0.2175E-01  0.1792E-02  0.0000E+00  0.0000E+00  0.0000E+00  0.0000E+00
  0.0000E+00  0.0000E+00  0.2506E-03  0.9915E-02  0.0000E+00  0.0000E+00  0.0000E+00  0.0000E+00  0.5150E-01  0.2203E+00  0.0000E+00  0.0000E+00  0.0000E+00  0.0000E+00
  0.0000E+00  0.0000E+00  0.2410E-03  0.3008E-02  0.0000E+00  0.0000E+00  0.0000E+00  0.0000E+00  0.2626E+00  0.4582E-01  0.0000E+00  0.0000E+00  0.0000E+00  0.0000E+00
 Relative number of events:
  0.0000E+00  0.0000E+00  0.2190E-01  0.1891E-01  0.0000E+00  0.0000E+00  0.0000E+00  0.0000E+00  0.1075E+00  0.1030E+00  0.0000E+00  0.0000E+00  0.0000E+00  0.0000E+00
  0.0000E+00  0.0000E+00  0.2091E-01  0.1643E-01  0.0000E+00  0.0000E+00  0.0000E+00  0.0000E+00  0.1080E+00  0.1045E+00  0.0000E+00  0.0000E+00  0.0000E+00  0.0000E+00
  0.0000E+00  0.0000E+00  0.1792E-01  0.1643E-01  0.0000E+00  0.0000E+00  0.0000E+00  0.0000E+00  0.1135E+00  0.1160E+00  0.0000E+00  0.0000E+00  0.0000E+00  0.0000E+00
  0.0000E+00  0.0000E+00  0.1593E-01  0.1792E-01  0.0000E+00  0.0000E+00  0.0000E+00  0.0000E+00  0.9258E-01  0.1085E+00  0.0000E+00  0.0000E+00  0.0000E+00  0.0000E+00
 Events:
           0           0          44          38           0           0           0           0         216         207           0           0           0           0
           0           0          42          33           0           0           0           0         217         210           0           0           0           0
           0           0          36          33           0           0           0           0         228         233           0           0           0           0
           0           0          32          36           0           0           0           0         186         218           0           0           0           0
 Iteration  2   Mean: 0.1273E-09 Abs mean: 0.1273E-09   Fluctuation:  0.313E-10   0.776E-07    23.8%
  2    0.1273E-09 0.1273E-09 +- 0.3133E-10     15.57
 Relative summed weights:
  0.0000E+00  0.0000E+00  0.8056E-01  0.1596E+00  0.0000E+00  0.0000E+00  0.0000E+00  0.0000E+00  0.7589E-01  0.4637E-01  0.0000E+00  0.0000E+00  0.0000E+00  0.0000E+00
  0.0000E+00  0.0000E+00  0.1026E-01  0.8143E-01  0.0000E+00  0.0000E+00  0.0000E+00  0.0000E+00  0.1290E+00  0.5545E-01  0.0000E+00  0.0000E+00  0.0000E+00  0.0000E+00
  0.0000E+00  0.0000E+00  0.3821E-01  0.1402E-01  0.0000E+00  0.0000E+00  0.0000E+00  0.0000E+00  0.8971E-02  0.7288E-01  0.0000E+00  0.0000E+00  0.0000E+00  0.0000E+00
  0.0000E+00  0.0000E+00  0.2696E-02  0.2888E-02  0.0000E+00  0.0000E+00  0.0000E+00  0.0000E+00  0.1352E+00  0.8660E-01  0.0000E+00  0.0000E+00  0.0000E+00  0.0000E+00
 Relative number of events:
  0.0000E+00  0.0000E+00  0.2175E-01  0.1875E-01  0.0000E+00  0.0000E+00  0.0000E+00  0.0000E+00  0.1123E+00  0.9675E-01  0.0000E+00  0.0000E+00  0.0000E+00  0.0000E+00
  0.0000E+00  0.0000E+00  0.1675E-01  0.1750E-01  0.0000E+00  0.0000E+00  0.0000E+00  0.0000E+00  0.1120E+00  0.1050E+00  0.0000E+00  0.0000E+00  0.0000E+00  0.0000E+00
  0.0000E+00  0.0000E+00  0.1775E-01  0.1925E-01  0.0000E+00  0.0000E+00  0.0000E+00  0.0000E+00  0.1050E+00  0.1032E+00  0.0000E+00  0.0000E+00  0.0000E+00  0.0000E+00
  0.0000E+00  0.0000E+00  0.1850E-01  0.1950E-01  0.0000E+00  0.0000E+00  0.0000E+00  0.0000E+00  0.1110E+00  0.1050E+00  0.0000E+00  0.0000E+00  0.0000E+00  0.0000E+00
 Events:
           0           0          87          75           0           0           0           0         449         387           0           0           0           0
           0           0          67          70           0           0           0           0         448         420           0           0           0           0
           0           0          71          77           0           0           0           0         420         413           0           0           0           0
           0           0          74          78           0           0           0           0         444         420           0           0           0           0
 Iteration  3   Mean: 0.2406E-09 Abs mean: 0.2406E-09   Fluctuation:  0.676E-10   0.470E-06    33.7%
  3    0.2406E-09 0.2406E-09 +- 0.6761E-10     25.14
 Relative summed weights:
  0.0000E+00  0.0000E+00  0.8066E-01  0.2054E-01  0.0000E+00  0.0000E+00  0.0000E+00  0.0000E+00  0.4658E-01  0.2010E-01  0.0000E+00  0.0000E+00  0.0000E+00  0.0000E+00
  0.0000E+00  0.0000E+00  0.1377E-01  0.3238E+00  0.0000E+00  0.0000E+00  0.0000E+00  0.0000E+00  0.1365E+00  0.5366E-01  0.0000E+00  0.0000E+00  0.0000E+00  0.0000E+00
  0.0000E+00  0.0000E+00  0.6875E-01  0.4872E-01  0.0000E+00  0.0000E+00  0.0000E+00  0.0000E+00  0.2536E-01  0.5579E-01  0.0000E+00  0.0000E+00  0.0000E+00  0.0000E+00
  0.0000E+00  0.0000E+00  0.1821E-01  0.2401E-01  0.0000E+00  0.0000E+00  0.0000E+00  0.0000E+00  0.3895E-01  0.2465E-01  0.0000E+00  0.0000E+00  0.0000E+00  0.0000E+00
 Relative number of events:
  0.0000E+00  0.0000E+00  0.1912E-01  0.1937E-01  0.0000E+00  0.0000E+00  0.0000E+00  0.0000E+00  0.1036E+00  0.1079E+00  0.0000E+00  0.0000E+00  0.0000E+00  0.0000E+00
  0.0000E+00  0.0000E+00  0.1713E-01  0.2262E-01  0.0000E+00  0.0000E+00  0.0000E+00  0.0000E+00  0.1071E+00  0.1051E+00  0.0000E+00  0.0000E+00  0.0000E+00  0.0000E+00
  0.0000E+00  0.0000E+00  0.2050E-01  0.1762E-01  0.0000E+00  0.0000E+00  0.0000E+00  0.0000E+00  0.1042E+00  0.1077E+00  0.0000E+00  0.0000E+00  0.0000E+00  0.0000E+00
  0.0000E+00  0.0000E+00  0.1875E-01  0.2038E-01  0.0000E+00  0.0000E+00  0.0000E+00  0.0000E+00  0.1020E+00  0.1067E+00  0.0000E+00  0.0000E+00  0.0000E+00  0.0000E+00
 Events:
           0           0         153         155           0           0           0           0         829         863           0           0           0           0
           0           0         137         181           0           0           0           0         857         841           0           0           0           0
           0           0         164         141           0           0           0           0         834         862           0           0           0           0
           0           0         150         163           0           0           0           0         816         854           0           0           0           0
 Accuracy:    0.308   0.010   0.170   3.303
 Found          472  events.
 Wrote            4  events.
 Actual xsec    1.5677090534130221E-010
 Correct abs xsec    1.5677090534130221E-010
 Event xsec    1.5677090534130221E-010
 Events wgts > 1:            0
 % Cross section > 1:    0.0000000000000000        0.0000000000000000     
 Iteration  4   Mean: 0.2352E-09 Abs mean: 0.2352E-09   Fluctuation:  0.348E-10   0.364E-06    38.4%
  4    0.2352E-09 0.2352E-09 +- 0.3478E-10     18.70
 Relative summed weights:
  0.0000E+00  0.0000E+00  0.5776E-01  0.9485E-01  0.0000E+00  0.0000E+00  0.0000E+00  0.0000E+00  0.4335E-01  0.4112E-01  0.0000E+00  0.0000E+00  0.0000E+00  0.0000E+00
  0.0000E+00  0.0000E+00  0.2389E-01  0.6000E-01  0.0000E+00  0.0000E+00  0.0000E+00  0.0000E+00  0.2989E-01  0.2321E-01  0.0000E+00  0.0000E+00  0.0000E+00  0.0000E+00
  0.0000E+00  0.0000E+00  0.6738E-01  0.7524E-01  0.0000E+00  0.0000E+00  0.0000E+00  0.0000E+00  0.6715E-01  0.1015E+00  0.0000E+00  0.0000E+00  0.0000E+00  0.0000E+00
  0.0000E+00  0.0000E+00  0.1396E+00  0.5753E-01  0.0000E+00  0.0000E+00  0.0000E+00  0.0000E+00  0.7920E-01  0.3832E-01  0.0000E+00  0.0000E+00  0.0000E+00  0.0000E+00
 Relative number of events:
  0.0000E+00  0.0000E+00  0.1900E-01  0.2038E-01  0.0000E+00  0.0000E+00  0.0000E+00  0.0000E+00  0.1054E+00  0.1039E+00  0.0000E+00  0.0000E+00  0.0000E+00  0.0000E+00
  0.0000E+00  0.0000E+00  0.1700E-01  0.1988E-01  0.0000E+00  0.0000E+00  0.0000E+00  0.0000E+00  0.1047E+00  0.1078E+00  0.0000E+00  0.0000E+00  0.0000E+00  0.0000E+00
  0.0000E+00  0.0000E+00  0.1681E-01  0.1713E-01  0.0000E+00  0.0000E+00  0.0000E+00  0.0000E+00  0.1070E+00  0.1104E+00  0.0000E+00  0.0000E+00  0.0000E+00  0.0000E+00
  0.0000E+00  0.0000E+00  0.1731E-01  0.1844E-01  0.0000E+00  0.0000E+00  0.0000E+00  0.0000E+00  0.1061E+00  0.1087E+00  0.0000E+00  0.0000E+00  0.0000E+00  0.0000E+00
 Events:
           0           0         304         326           0           0           0           0        1686        1663           0           0           0           0
           0           0         272         318           0           0           0           0        1676        1725           0           0           0           0
           0           0         269         274           0           0           0           0        1712        1766           0           0           0           0
           0           0         277         295           0           0           0           0        1698        1739           0           0           0           0
 Accuracy:    0.170   0.010   0.111   2.333
 Found          873  events.
 Wrote            7  events.
 Actual xsec    2.1234752336129917E-010
 Correct abs xsec    2.1234752336129917E-010
 Event xsec    2.1234752336129920E-010
 Events wgts > 1:            1
 % Cross section > 1:    6.7769319787434368E-019   3.1914344332675872E-007
 Iteration  5   Mean: 0.2914E-09 Abs mean: 0.2914E-09   Fluctuation:  0.405E-10   0.108E-05    42.0%
  5    0.2914E-09 0.2914E-09 +- 0.4054E-10     24.89
 Relative summed weights:
  0.0000E+00  0.0000E+00  0.1010E+00  0.7701E-01  0.0000E+00  0.0000E+00  0.0000E+00  0.0000E+00  0.2775E-01  0.3118E-01  0.0000E+00  0.0000E+00  0.0000E+00  0.0000E+00
  0.0000E+00  0.0000E+00  0.6008E-01  0.1718E+00  0.0000E+00  0.0000E+00  0.0000E+00  0.0000E+00  0.2936E-01  0.3332E-01  0.0000E+00  0.0000E+00  0.0000E+00  0.0000E+00
  0.0000E+00  0.0000E+00  0.5343E-01  0.7314E-01  0.0000E+00  0.0000E+00  0.0000E+00  0.0000E+00  0.3612E-01  0.2872E-01  0.0000E+00  0.0000E+00  0.0000E+00  0.0000E+00
  0.0000E+00  0.0000E+00  0.5116E-01  0.7324E-01  0.0000E+00  0.0000E+00  0.0000E+00  0.0000E+00  0.9048E-01  0.6215E-01  0.0000E+00  0.0000E+00  0.0000E+00  0.0000E+00
 Relative number of events:
  0.0000E+00  0.0000E+00  0.1872E-01  0.1966E-01  0.0000E+00  0.0000E+00  0.0000E+00  0.0000E+00  0.1042E+00  0.1063E+00  0.0000E+00  0.0000E+00  0.0000E+00  0.0000E+00
  0.0000E+00  0.0000E+00  0.1794E-01  0.1869E-01  0.0000E+00  0.0000E+00  0.0000E+00  0.0000E+00  0.1074E+00  0.1062E+00  0.0000E+00  0.0000E+00  0.0000E+00  0.0000E+00
  0.0000E+00  0.0000E+00  0.1816E-01  0.1825E-01  0.0000E+00  0.0000E+00  0.0000E+00  0.0000E+00  0.1067E+00  0.1045E+00  0.0000E+00  0.0000E+00  0.0000E+00  0.0000E+00
  0.0000E+00  0.0000E+00  0.1822E-01  0.1847E-01  0.0000E+00  0.0000E+00  0.0000E+00  0.0000E+00  0.1081E+00  0.1086E+00  0.0000E+00  0.0000E+00  0.0000E+00  0.0000E+00
 Events:
           0           0         599         629           0           0           0           0        3333        3402           0           0           0           0
           0           0         574         598           0           0           0           0        3436        3398           0           0           0           0
           0           0         581         584           0           0           0           0        3415        3343           0           0           0           0
           0           0         583         591           0           0           0           0        3458        3476           0           0           0           0
 Accuracy:    0.135   0.010   0.087   2.407
 Found         2259  events.
 Wrote            7  events.
 Actual xsec    2.6221201516240125E-010
 Correct abs xsec    2.6221201516240125E-010
 Event xsec    2.6221201516240125E-010
 Events wgts > 1:            1
 % Cross section > 1:    6.2549354462029520E-018   2.3854495921283212E-006
 Iteration  6   Mean: 0.2788E-09 Abs mean: 0.2788E-09   Fluctuation:  0.118E-10   0.181E-06    46.2%
  6    0.2788E-09 0.2788E-09 +- 0.1184E-10     10.74
 Relative summed weights:
  0.0000E+00  0.0000E+00  0.8974E-01  0.7541E-01  0.0000E+00  0.0000E+00  0.0000E+00  0.0000E+00  0.3709E-01  0.3744E-01  0.0000E+00  0.0000E+00  0.0000E+00  0.0000E+00
  0.0000E+00  0.0000E+00  0.7296E-01  0.9108E-01  0.0000E+00  0.0000E+00  0.0000E+00  0.0000E+00  0.4527E-01  0.4405E-01  0.0000E+00  0.0000E+00  0.0000E+00  0.0000E+00
  0.0000E+00  0.0000E+00  0.8551E-01  0.7285E-01  0.0000E+00  0.0000E+00  0.0000E+00  0.0000E+00  0.3638E-01  0.4848E-01  0.0000E+00  0.0000E+00  0.0000E+00  0.0000E+00
  0.0000E+00  0.0000E+00  0.8692E-01  0.9446E-01  0.0000E+00  0.0000E+00  0.0000E+00  0.0000E+00  0.3948E-01  0.4288E-01  0.0000E+00  0.0000E+00  0.0000E+00  0.0000E+00
 Relative number of events:
  0.0000E+00  0.0000E+00  0.1855E-01  0.1800E-01  0.0000E+00  0.0000E+00  0.0000E+00  0.0000E+00  0.1065E+00  0.1064E+00  0.0000E+00  0.0000E+00  0.0000E+00  0.0000E+00
  0.0000E+00  0.0000E+00  0.1786E-01  0.1870E-01  0.0000E+00  0.0000E+00  0.0000E+00  0.0000E+00  0.1060E+00  0.1046E+00  0.0000E+00  0.0000E+00  0.0000E+00  0.0000E+00
  0.0000E+00  0.0000E+00  0.1786E-01  0.1834E-01  0.0000E+00  0.0000E+00  0.0000E+00  0.0000E+00  0.1057E+00  0.1077E+00  0.0000E+00  0.0000E+00  0.0000E+00  0.0000E+00
  0.0000E+00  0.0000E+00  0.1833E-01  0.1862E-01  0.0000E+00  0.0000E+00  0.0000E+00  0.0000E+00  0.1099E+00  0.1068E+00  0.0000E+00  0.0000E+00  0.0000E+00  0.0000E+00
 Events:
           0           0        1187        1152           0           0           0           0        6818        6810           0           0           0           0
           0           0        1143        1197           0           0           0           0        6784        6697           0           0           0           0
           0           0        1143        1174           0           0           0           0        6765        6894           0           0           0           0
           0           0        1173        1192           0           0           0           0        7035        6836           0           0           0           0
 Accuracy:    0.054   0.010   0.038   1.990
 Found         4672  events.
 Wrote          140  events.
 Actual xsec    2.7670216474556531E-010
 Correct abs xsec    2.7670216474556531E-010
 Event xsec    2.7670216474556598E-010
 Events wgts > 1:            6
 % Cross section > 1:    2.4713726635559467E-012  0.89315263067364548     
 Iteration  7   Mean: 0.3178E-09 Abs mean: 0.3178E-09   Fluctuation:  0.217E-10   0.229E-05    47.1%
  7    0.3178E-09 0.3178E-09 +- 0.2175E-10     24.48
 Relative summed weights:
  0.0000E+00  0.0000E+00  0.1235E+00  0.7959E-01  0.0000E+00  0.0000E+00  0.0000E+00  0.0000E+00  0.3057E-01  0.4349E-01  0.0000E+00  0.0000E+00  0.0000E+00  0.0000E+00
  0.0000E+00  0.0000E+00  0.7584E-01  0.9697E-01  0.0000E+00  0.0000E+00  0.0000E+00  0.0000E+00  0.3493E-01  0.3746E-01  0.0000E+00  0.0000E+00  0.0000E+00  0.0000E+00
  0.0000E+00  0.0000E+00  0.7258E-01  0.6714E-01  0.0000E+00  0.0000E+00  0.0000E+00  0.0000E+00  0.3892E-01  0.5098E-01  0.0000E+00  0.0000E+00  0.0000E+00  0.0000E+00
  0.0000E+00  0.0000E+00  0.8610E-01  0.8275E-01  0.0000E+00  0.0000E+00  0.0000E+00  0.0000E+00  0.3620E-01  0.4301E-01  0.0000E+00  0.0000E+00  0.0000E+00  0.0000E+00
 Relative number of events:
  0.0000E+00  0.0000E+00  0.1816E-01  0.1896E-01  0.0000E+00  0.0000E+00  0.0000E+00  0.0000E+00  0.1062E+00  0.1059E+00  0.0000E+00  0.0000E+00  0.0000E+00  0.0000E+00
  0.0000E+00  0.0000E+00  0.1845E-01  0.1858E-01  0.0000E+00  0.0000E+00  0.0000E+00  0.0000E+00  0.1053E+00  0.1065E+00  0.0000E+00  0.0000E+00  0.0000E+00  0.0000E+00
  0.0000E+00  0.0000E+00  0.1869E-01  0.1859E-01  0.0000E+00  0.0000E+00  0.0000E+00  0.0000E+00  0.1056E+00  0.1078E+00  0.0000E+00  0.0000E+00  0.0000E+00  0.0000E+00
  0.0000E+00  0.0000E+00  0.1864E-01  0.1894E-01  0.0000E+00  0.0000E+00  0.0000E+00  0.0000E+00  0.1085E+00  0.1051E+00  0.0000E+00  0.0000E+00  0.0000E+00  0.0000E+00
 Events:
           0           0        2325        2427           0           0           0           0       13594       13561           0           0           0           0
           0           0        2361        2378           0           0           0           0       13477       13636           0           0           0           0
           0           0        2392        2380           0           0           0           0       13516       13799           0           0           0           0
           0           0        2386        2424           0           0           0           0       13891       13453           0           0           0           0
 Accuracy:    0.050   0.010   0.033   2.290
 Found        10668  events.
 Wrote           21  events.
 Actual xsec    2.8972164152595154E-010
Thanks for using LHAPDF 6.2.1. Please make sure to cite the paper:
  Eur.Phys.J. C75 (2015) 3, 132  (http://arxiv.org/abs/1412.7420)
 Correct abs xsec    2.8972164152595154E-010
 Event xsec    2.8972164152595170E-010
 Events wgts > 1:            1
 % Cross section > 1:    2.9677899021028847E-018   1.0243590663340372E-006
 Iteration  8   Mean: 0.2982E-09 Abs mean: 0.2982E-09   Fluctuation:  0.679E-11   0.434E-06    46.9%
  8    0.2982E-09 0.2982E-09 +- 0.6794E-11     11.53
 Exceeded boost           2          96   128000.000    
 Exceeded boost           3          96   256000.000    
 Relative summed weights:
  0.0000E+00  0.0000E+00  0.8057E-01  0.8919E-01  0.0000E+00  0.0000E+00  0.0000E+00  0.0000E+00  0.3874E-01  0.3824E-01  0.0000E+00  0.0000E+00  0.0000E+00  0.0000E+00
  0.0000E+00  0.0000E+00  0.8236E-01  0.8507E-01  0.0000E+00  0.0000E+00  0.0000E+00  0.0000E+00  0.4177E-01  0.3773E-01  0.0000E+00  0.0000E+00  0.0000E+00  0.0000E+00
  0.0000E+00  0.0000E+00  0.9609E-01  0.8302E-01  0.0000E+00  0.0000E+00  0.0000E+00  0.0000E+00  0.3926E-01  0.4063E-01  0.0000E+00  0.0000E+00  0.0000E+00  0.0000E+00
  0.0000E+00  0.0000E+00  0.8228E-01  0.8232E-01  0.0000E+00  0.0000E+00  0.0000E+00  0.0000E+00  0.4074E-01  0.4199E-01  0.0000E+00  0.0000E+00  0.0000E+00  0.0000E+00
 Relative number of events:
  0.0000E+00  0.0000E+00  0.1848E-01  0.1829E-01  0.0000E+00  0.0000E+00  0.0000E+00  0.0000E+00  0.1056E+00  0.1059E+00  0.0000E+00  0.0000E+00  0.0000E+00  0.0000E+00
  0.0000E+00  0.0000E+00  0.1898E-01  0.1861E-01  0.0000E+00  0.0000E+00  0.0000E+00  0.0000E+00  0.1062E+00  0.1058E+00  0.0000E+00  0.0000E+00  0.0000E+00  0.0000E+00
  0.0000E+00  0.0000E+00  0.1866E-01  0.1871E-01  0.0000E+00  0.0000E+00  0.0000E+00  0.0000E+00  0.1076E+00  0.1067E+00  0.0000E+00  0.0000E+00  0.0000E+00  0.0000E+00
  0.0000E+00  0.0000E+00  0.1920E-01  0.1832E-01  0.0000E+00  0.0000E+00  0.0000E+00  0.0000E+00  0.1054E+00  0.1075E+00  0.0000E+00  0.0000E+00  0.0000E+00  0.0000E+00
 Events:
           0           0        4731        4683           0           0           0           0       27041       27123           0           0           0           0
           0           0        4860        4765           0           0           0           0       27195       27081           0           0           0           0
           0           0        4778        4791           0           0           0           0       27536       27304           0           0           0           0
           0           0        4914        4689           0           0           0           0       26993       27516           0           0           0           0
 Accuracy:    0.027   0.010   0.019   2.089
 Found        20548  events.
 Wrote          276  events.
 Actual xsec    2.9573997255613070E-010
 Correct abs xsec    2.9573997255613070E-010
 Event xsec    2.9573997255613003E-010
 Events wgts > 1:           12
 % Cross section > 1:    2.8949037483044799E-012  0.97886793025756469     

 -------------------------------------------------------------------------------
 Accumulated results:   Integral =  0.2930E-09
                        Std dev  =  0.5511E-11
                       Cross sec =  0.2930E-09
             Chi**2 per DoF.     =      2.0894
 -------------------------------------------------------------------------------
-------------------------------------------------
---------------------------
 Results Last   3 iters: Integral =   0.2957E-09
                     Abs integral =   0.2957E-09
                          Std dev =   0.5697E-11
                  Chi**2 per DoF. =      1.6096
-------------------------------------------------
---------------------------
 Status   1.0000000000000000E-002           9           8

ls status:
events.lhe
ftn26
input_app.txt
results.dat
run1_app.log
