==== LHAPDF6 USING DEFAULT-TYPE LHAGLUE INTERFACE ====
LHAPDF 6.2.1 loading /cvmfs/cms.cern.ch/slc6_amd64_gcc630/external/lhapdf/6.2.1-ghjeda2/share/LHAPDF/NNPDF31_nnlo_as_0118_nf_4_mc_hessian/NNPDF31_nnlo_as_0118_nf_4_mc_hessian_0000.dat
NNPDF31_nnlo_as_0118_nf_4_mc_hessian PDF set, member #0, version 1; LHAPDF ID = 325500
 Process in group number            1
 A PDF is used, so alpha_s(MZ) is going to be modified
 Old value of alpha_s from param_card:   0.11810000000000001     
 New value of alpha_s from PDF lhapdf :  0.11266013434007299     
 using LHAPDF
 Define smin to   10000.000000000000     
 Define smin to   10000.000000000000     
 Define smin to   10000.000000000000     
 Define smin to   10000.000000000000     
 Define smin to   10000.000000000000     
 Define smin to   10000.000000000000     
 Define smin to   10000.000000000000     
 *****************************************************
 *               MadGraph/MadEvent                   *
 *        --------------------------------           *
 *          http://madgraph.hep.uiuc.edu             *
 *          http://madgraph.phys.ucl.ac.be           *
 *          http://madgraph.roma2.infn.it            *
 *        --------------------------------           *
 *                                                   *
 *          PARAMETER AND COUPLING VALUES            *
 *                                                   *
 *****************************************************

  External Params
  ---------------------------------
  
 mdl_MW0 =    80.387000000000000     
 mdl_Gf =    1.1663789999999999E-005
 aS =   0.11810000000000001     
 mdl_ymdo =    1.0000000000000000E-099
 mdl_ymb =    4.1799999999999997     
 mdl_ymt =    173.19999999999999     
 mdl_ymtau =    1.7769999999999999     
 mdl_LambdaSMEFT =    1000.0000000000000     
 mdl_cW =    1.0000000000000000     
 mdl_MZ =    91.187600000000003     
 mdl_MTA =    1.7769999999999999     
 mdl_MT =    173.19999999999999     
 mdl_MB =    4.1799999999999997     
 mdl_MH =    125.09000000000000     
 mdl_WZ =    2.4952000000000001     
 mdl_WW =    2.0850000000000000     
 mdl_WT =    1.5083359999999999     
 mdl_WH =    4.0699999999999998E-003
  Internal Params
  ---------------------------------
  
 mdl_ymm =    1.0000000000000000E-099
 mdl_yme =    1.0000000000000000E-099
 mdl_ymc =    1.0000000000000000E-099
 mdl_yms =    1.0000000000000000E-099
 mdl_ymup =    1.0000000000000000E-099
 mdl_conjg__CKM3x3 =    1.0000000000000000     
 mdl_cH =    0.0000000000000000     
 mdl_cHB =    0.0000000000000000     
 mdl_CKM2x2 =    1.0000000000000000     
 mdl_CKM1x1 =    1.0000000000000000     
 mdl_conjg__CKM1x1 =    1.0000000000000000     
 mdl_dGf =    0.0000000000000000     
 mdl_CKM3x3 =    1.0000000000000000     
 mdl_dMH2 =    0.0000000000000000     
 mdl_conjg__CKM2x2 =    1.0000000000000000     
 mdl_dg1 =    0.0000000000000000     
 mdl_cHW =    0.0000000000000000     
 mdl_dgw =    0.0000000000000000     
 mdl_complexi =  (  0.0000000000000000     ,  1.0000000000000000     )
 mdl_MW =    80.387000000000000     
 mdl_nb__2__exp__0_25 =    1.1892071150027210     
 mdl_MH__exp__2 =    15647.508100000001     
 mdl_sqrt__2 =    1.4142135623730951     
 mdl_MW__exp__2 =    6462.0697689999997     
 mdl_MZ__exp__2 =    8315.1783937600012     
 mdl_sth2 =   0.22285855299877133     
 mdl_MH__exp__6 =    3831206449390.3818     
 mdl_MT__exp__6 =    26995248278778.535     
 mdl_MH__exp__4 =    244844509.73956564     
 mdl_MT__exp__4 =    899894403.09759963     
 mdl_MT__exp__2 =    29998.239999999994     
 mdl_LambdaSMEFT__exp__2 =    1000000.0000000000     
 mdl_cth =   0.88155626422890820     
 mdl_sqrt__sth2 =   0.47207896902824564     
 mdl_sth =   0.47207896902824564     
 mdl_MW0__exp__6 =    269845343347.69711     
 mdl_MW0__exp__4 =    41758345.699423708     
 mdl_MW0__exp__2 =    6462.0697689999997     
 mdl_MZ__exp__4 =    69142191.720053151     
 mdl_MZ__exp__6 =    574929658687.79749     
 mdl_cth__exp__2 =   0.77714144700122867     
 mdl_sth__exp__2 =   0.22285855299877130     
 mdl_sth__exp__3 =   0.10520683593878660     
 mdl_cth__exp__3 =   0.68509391079585125     
 mdl_sth__exp__4 =    4.9665934644706158E-002
 mdl_sqrt__Gf =    3.4152291284773265E-003
 mdl_vevhat =    246.21961912951551     
 mdl_lam =   0.12905352724481209     
 mdl_aEW =    7.5614618607353409E-003
 mdl_yb =    2.4008698866559607E-002
 mdl_yc =    5.7437078628133041E-102
 mdl_ydo =    5.7437078628133041E-102
 mdl_ye =    5.7437078628133041E-102
 mdl_ym =    5.7437078628133041E-102
 mdl_ys =    5.7437078628133041E-102
 mdl_yt =   0.99481020183926416     
 mdl_ytau =    1.0206568872219240E-002
 mdl_yup =    5.7437078628133041E-102
 mdl_vevhat__exp__2 =    60624.100844283676     
 mdl_barlam =   0.12905352724481209     
 mdl_vevT =    246.21961912951551     
 mdl_sqrt__aEW =    8.6956666568672819E-002
 mdl_ee =   0.30825335704310214     
 mdl_gwsh =   0.65296989967087182     
 mdl_vev =    246.21961912951551     
 mdl_g1 =   0.34966952144878632     
 mdl_gw =   0.65296989967087182     
 mdl_ee__exp__2 =    9.5020132128342205E-002
 mdl_gHaa =   -1.9303830602986922E-003
 mdl_gHza =   -6.8546472954154700E-003
 mdl_g1sh =   0.34966952144878632     
 mdl_I1d11 =  (  5.7437078628133041E-102,  0.0000000000000000     )
 mdl_I1d22 =  (  5.7437078628133041E-102,  0.0000000000000000     )
 mdl_I1d33 =  (  2.4008698866559607E-002,  0.0000000000000000     )
 mdl_I2d11 =  (  5.7437078628133041E-102,  0.0000000000000000     )
 mdl_I2d22 =  (  5.7437078628133041E-102,  0.0000000000000000     )
 mdl_I2d33 =  ( 0.99481020183926416     ,  0.0000000000000000     )
 mdl_I3d11 =  (  5.7437078628133041E-102,  0.0000000000000000     )
 mdl_I3d22 =  (  5.7437078628133041E-102,  0.0000000000000000     )
 mdl_I3d33 =  (  2.4008698866559607E-002,  0.0000000000000000     )
 mdl_I4d11 =  (  5.7437078628133041E-102,  0.0000000000000000     )
 mdl_I4d22 =  (  5.7437078628133041E-102,  0.0000000000000000     )
 mdl_I4d33 =  ( 0.99481020183926416     ,  0.0000000000000000     )
 mdl_I5d11 =  (  5.7437078628133041E-102,  0.0000000000000000     )
 mdl_I5d22 =  (  5.7437078628133041E-102,  0.0000000000000000     )
 mdl_I5d33 =  (  2.4008698866559607E-002,  0.0000000000000000     )
 mdl_I6d11 =  (  5.7437078628133041E-102,  0.0000000000000000     )
 mdl_I6d22 =  (  5.7437078628133041E-102,  0.0000000000000000     )
 mdl_I6d33 =  ( 0.99481020183926416     ,  0.0000000000000000     )
 mdl_ee__exp__3 =    2.9290274715240611E-002
 mdl_vevhat__exp__3 =    14926843.019948866     
  Internal Params evaluated point by point
  ----------------------------------------
  
 mdl_sqrt__aS =   0.34365680554879169     
 mdl_G__exp__2 =    1.4840883695558185     
 mdl_gHgg =    3.2334372328970845E-003
 mdl_G__exp__3 =  (  1.8079634332366095     ,  0.0000000000000000     )
  Couplings of SMEFTsim_A_U35_MwScheme_UFO_v3_1-cW_massless
  ---------------------------------
  
        GC_64 =   0.00000E+00   0.52893E-05
       GC_345 =   0.00000E+00   0.28325E-05
         GC_1 =   0.00000E+00   0.10275E+00
         GC_2 =  -0.00000E+00  -0.20550E+00
         GC_3 =  -0.00000E+00  -0.30825E+00
       GC_278 =  -0.00000E+00  -0.37035E+00
       GC_280 =  -0.00000E+00  -0.57563E+00
       GC_318 =   0.00000E+00   0.39178E-05
       GC_328 =  -0.00000E+00  -0.55024E-01
       GC_329 =   0.00000E+00   0.11005E+00
       GC_330 =  -0.00000E+00  -0.16507E+00
      GC_1073 =  -0.00000E+00  -0.46172E+00

 Collider parameters:
 --------------------

 Running at P P   machine @    13000.000000000000       GeV
 PDF set = lhapdf 
 alpha_s(Mz)= 0.1127 running at 3 loops.
 alpha_s(Mz)= 0.1127 running at 3 loops.
 Renormalization scale set on event-by-event basis
 Factorization   scale set on event-by-event basis


 getting user params
Enter number of events and max and min iterations: 
 Number of events and iterations         2000           8           3
Enter desired fractional accuracy: 
 Desired fractional accuracy:    1.0000000000000000E-002
Enter 0 for fixed, 2 for adjustable grid: 
Suppress amplitude (0 no, 1 yes)? 
 Using suppressed amplitude.
Exact helicity sum (0 yes, n = number/event)? 
 Explicitly summing over helicities
Enter Configuration Number: 
Running Configuration Number:    4
 Not subdividing B.W.
 Attempting mappinvarients           1           8
 Completed mapping           8
 about to integrate           16        2000           8           3          16           1
 Using non-zero grid deformation.
 16 dimensions   2000 events 16 invarients  8 iterations  1 config(s),  (0.99)
 Using h-tuple random number sequence.
 Error opening grid
 Using Uniform Grid!          32
 Using uniform alpha   1.0000000000000000     
 Grid defined OK
 Set CM energy to      13000.00
 Mapping Graph           4  to config           4
 Setting BW          -1           1   80.387000000000000     
Setting grid   2    0.18685E-07   1
 Warning: No cutoff for shat integral found
          Minimum set to    5.9171597633136107E-009
Setting grid   3    0.59172E-08   1
Setting grid   4    0.18685E-07   1
Setting grid   5    0.59172E-06   1
 Transforming s_hat 1/s           15   5.9171597633136108E-005   10000.000000000000        168999999.99999997     
   4   1   2   3   4   5   6   7   8   9  10  11  12  13  14
  15  16
 Masses: 0.000E+00 0.000E+00 0.178E+01 0.178E+01 0.000E+00 0.000E+00 0.000E+00 0.000E+00
Using random seed offsets     4 :      2
  with seed                   24
 Ranmar initialization seeds       31062        9399
 
 ********************************************
 * You are using the DiscreteSampler module *
 *      part of the MG5_aMC framework       *
 *         Author: Valentin Hirschi         *
 ********************************************
 
  Particle       3       4       5       6       7       8
      Et >     0.0     0.0     0.0     0.0    10.0    10.0
       E >     0.0     0.0     0.0     0.0     0.0     0.0
     Eta <    -1.0    -1.0    -1.0    -1.0     6.5     6.5
   xqcut:      0.0     0.0     0.0     0.0     0.0     0.0
d R # 3  >    -0.0     0.4     0.0     0.0     0.4     0.4
d R # 4  >    -0.0    -0.0     0.0     0.0     0.4     0.4
d R # 5  >    -0.0    -0.0    -0.0     0.0     0.0     0.0
d R # 6  >    -0.0    -0.0    -0.0    -0.0     0.0     0.0
d R # 7  >    -0.0    -0.0    -0.0    -0.0    -0.0     0.4
s min # 3>     0.0     0.0     0.0     0.0     0.0     0.0
s min # 4>     0.0     0.0     0.0     0.0     0.0     0.0
s min # 5>     0.0     0.0     0.0     0.0     0.0     0.0
s min # 6>     0.0     0.0     0.0     0.0     0.0     0.0
s min # 7>     0.0     0.0     0.0     0.0     0.0 10000.0
xqcutij # 3>     0.0     0.0     0.0     0.0     0.0     0.0
xqcutij # 4>     0.0     0.0     0.0     0.0     0.0     0.0
xqcutij # 5>     0.0     0.0     0.0     0.0     0.0     0.0
xqcutij # 6>     0.0     0.0     0.0     0.0     0.0     0.0
xqcutij # 7>     0.0     0.0     0.0     0.0     0.0     0.0
 No cut BW           -1           1
 No cut BW           -4           2
 No cut BW           -5           3
 alpha_s for scale    48.359147449801469       is   0.12528298264417911     
 Added good helicity          193   255.52676316400380       in event            1 local:           1
 Added good helicity          209   4.3537065205176570E-002  in event            1 local:           1
 Added good helicity          225  0.42968953292354833       in event            1 local:           1
 Added good helicity          241   1.0237867451897661E-005  in event            1 local:           1
 Added good helicity          193   255.48242441374157       in event            1 local:           1
 Added good helicity          209   1.9813825233617393E-002  in event            1 local:           1
 Added good helicity          225  0.49773809591575197       in event            1 local:           1
 Added good helicity          241   2.3665109074618347E-005  in event            1 local:           1
 RESET CUMULATIVE VARIABLE
 RESET CUMULATIVE VARIABLE
 RESET CUMULATIVE VARIABLE
 Iteration  1   Mean: 0.4775E-07 Abs mean: 0.4775E-07   Fluctuation:  0.190E-07   0.331E-04     2.8%
  1    0.4775E-07 0.4775E-07 +- 0.1901E-07     17.81
 Writing out events   1.0522511020850216E-010   17.808178026828998     
 Relative summed weights:
  0.1217E-01  0.0000E+00  0.1648E-02  0.1016E-02  0.2938E-04  0.0000E+00  0.3765E-04  0.1596E-01  0.0000E+00  0.0000E+00  0.3238E-02  0.2917E-03  0.7664E-05  0.4673E-03
  0.4020E-01  0.0000E+00  0.2880E-01  0.9150E-02  0.1190E-03  0.0000E+00  0.3341E-04  0.2246E-02  0.0000E+00  0.0000E+00  0.3230E-03  0.1595E-03  0.1767E-04  0.2875E-06
  0.1276E+00  0.0000E+00  0.2935E-02  0.8723E-01  0.1886E-04  0.0000E+00  0.2116E-02  0.1380E-03  0.0000E+00  0.0000E+00  0.1954E-01  0.3092E-02  0.4704E-05  0.4417E-09
  0.3096E-01  0.0000E+00  0.3472E+00  0.1246E-02  0.9557E-06  0.0000E+00  0.1243E-03  0.3530E-03  0.0000E+00  0.0000E+00  0.1344E-02  0.3110E-03  0.5784E-04  0.6867E-06
  0.1114E+00  0.0000E+00  0.0000E+00  0.0000E+00  0.1379E-05  0.0000E+00  0.0000E+00  0.0000E+00  0.0000E+00  0.0000E+00  0.0000E+00  0.0000E+00  0.0000E+00  0.0000E+00
  0.5151E-02  0.0000E+00  0.0000E+00  0.0000E+00  0.2680E-06  0.0000E+00  0.0000E+00  0.0000E+00  0.0000E+00  0.0000E+00  0.0000E+00  0.0000E+00  0.0000E+00  0.0000E+00
  0.1035E+00  0.0000E+00  0.0000E+00  0.0000E+00  0.9656E-04  0.0000E+00  0.0000E+00  0.0000E+00  0.0000E+00  0.0000E+00  0.0000E+00  0.0000E+00  0.0000E+00  0.0000E+00
  0.3954E-01  0.0000E+00  0.0000E+00  0.0000E+00  0.1555E-03  0.0000E+00  0.0000E+00  0.0000E+00  0.0000E+00  0.0000E+00  0.0000E+00  0.0000E+00  0.0000E+00  0.0000E+00
 Relative number of events:
  0.5625E-01  0.0000E+00  0.1941E-01  0.2190E-01  0.3982E-02  0.0000E+00  0.1095E-01  0.1493E-01  0.0000E+00  0.0000E+00  0.1493E-01  0.1891E-01  0.2987E-02  0.6471E-02
  0.5426E-01  0.0000E+00  0.1742E-01  0.2240E-01  0.5973E-02  0.0000E+00  0.1145E-01  0.1344E-01  0.0000E+00  0.0000E+00  0.1792E-01  0.1593E-01  0.2987E-02  0.3982E-02
  0.5874E-01  0.0000E+00  0.2339E-01  0.2539E-01  0.7964E-02  0.0000E+00  0.1692E-01  0.1394E-01  0.0000E+00  0.0000E+00  0.1941E-01  0.1941E-01  0.4978E-02  0.1493E-02
  0.6720E-01  0.0000E+00  0.3186E-01  0.2439E-01  0.4480E-02  0.0000E+00  0.2041E-01  0.1493E-01  0.0000E+00  0.0000E+00  0.2339E-01  0.2091E-01  0.4480E-02  0.2987E-02
  0.7367E-01  0.0000E+00  0.0000E+00  0.0000E+00  0.5973E-02  0.0000E+00  0.0000E+00  0.0000E+00  0.0000E+00  0.0000E+00  0.0000E+00  0.0000E+00  0.0000E+00  0.0000E+00
  0.5525E-01  0.0000E+00  0.0000E+00  0.0000E+00  0.4480E-02  0.0000E+00  0.0000E+00  0.0000E+00  0.0000E+00  0.0000E+00  0.0000E+00  0.0000E+00  0.0000E+00  0.0000E+00
  0.5724E-01  0.0000E+00  0.0000E+00  0.0000E+00  0.4480E-02  0.0000E+00  0.0000E+00  0.0000E+00  0.0000E+00  0.0000E+00  0.0000E+00  0.0000E+00  0.0000E+00  0.0000E+00
  0.5276E-01  0.0000E+00  0.0000E+00  0.0000E+00  0.2987E-02  0.0000E+00  0.0000E+00  0.0000E+00  0.0000E+00  0.0000E+00  0.0000E+00  0.0000E+00  0.0000E+00  0.0000E+00
 Events:
         113           0          39          44           8           0          22          30           0           0          30          38           6          13
         109           0          35          45          12           0          23          27           0           0          36          32           6           8
         118           0          47          51          16           0          34          28           0           0          39          39          10           3
         135           0          64          49           9           0          41          30           0           0          47          42           9           6
         148           0           0           0          12           0           0           0           0           0           0           0           0           0
         111           0           0           0           9           0           0           0           0           0           0           0           0           0
         115           0           0           0           9           0           0           0           0           0           0           0           0           0
         106           0           0           0           6           0           0           0           0           0           0           0           0           0
 Iteration  2   Mean: 0.2946E-07 Abs mean: 0.2946E-07   Fluctuation:  0.554E-08   0.150E-04    56.0%
  2    0.2946E-07 0.2946E-07 +- 0.5535E-08     11.88
 Relative summed weights:
  0.9120E-01  0.0000E+00  0.9319E-03  0.5652E-02  0.1887E-03  0.0000E+00  0.1862E-01  0.1597E-01  0.0000E+00  0.0000E+00  0.1765E-01  0.4743E-03  0.2255E-06  0.8032E-04
  0.7069E-01  0.0000E+00  0.6883E-02  0.7079E-02  0.7726E-03  0.0000E+00  0.4214E-02  0.4062E-02  0.0000E+00  0.0000E+00  0.4984E-02  0.1962E-02  0.2599E-04  0.4989E-04
  0.8384E-01  0.0000E+00  0.2675E-02  0.9475E-03  0.2160E-02  0.0000E+00  0.2570E-02  0.9816E-02  0.0000E+00  0.0000E+00  0.2827E-01  0.9631E-02  0.9357E-04  0.3910E-05
  0.9356E-01  0.0000E+00  0.2824E-02  0.2052E-02  0.1494E-02  0.0000E+00  0.7681E-02  0.1021E-01  0.0000E+00  0.0000E+00  0.9671E-03  0.8993E-03  0.7473E-04  0.3619E-03
  0.2628E-01  0.0000E+00  0.0000E+00  0.0000E+00  0.4806E-04  0.0000E+00  0.0000E+00  0.0000E+00  0.0000E+00  0.0000E+00  0.0000E+00  0.0000E+00  0.0000E+00  0.0000E+00
  0.1579E+00  0.0000E+00  0.0000E+00  0.0000E+00  0.4514E-03  0.0000E+00  0.0000E+00  0.0000E+00  0.0000E+00  0.0000E+00  0.0000E+00  0.0000E+00  0.0000E+00  0.0000E+00
  0.6074E-01  0.0000E+00  0.0000E+00  0.0000E+00  0.1714E-03  0.0000E+00  0.0000E+00  0.0000E+00  0.0000E+00  0.0000E+00  0.0000E+00  0.0000E+00  0.0000E+00  0.0000E+00
  0.2425E+00  0.0000E+00  0.0000E+00  0.0000E+00  0.2012E-03  0.0000E+00  0.0000E+00  0.0000E+00  0.0000E+00  0.0000E+00  0.0000E+00  0.0000E+00  0.0000E+00  0.0000E+00
 Relative number of events:
  0.6800E-01  0.0000E+00  0.2125E-01  0.1850E-01  0.4250E-02  0.0000E+00  0.1425E-01  0.1375E-01  0.0000E+00  0.0000E+00  0.1650E-01  0.1525E-01  0.7500E-03  0.3500E-02
  0.6875E-01  0.0000E+00  0.2225E-01  0.2150E-01  0.4500E-02  0.0000E+00  0.1150E-01  0.1425E-01  0.0000E+00  0.0000E+00  0.1800E-01  0.1475E-01  0.3750E-02  0.2500E-02
  0.6550E-01  0.0000E+00  0.2100E-01  0.2025E-01  0.2750E-02  0.0000E+00  0.1400E-01  0.1150E-01  0.0000E+00  0.0000E+00  0.1575E-01  0.1925E-01  0.6000E-02  0.3000E-02
  0.6600E-01  0.0000E+00  0.2300E-01  0.2300E-01  0.4000E-02  0.0000E+00  0.1375E-01  0.1325E-01  0.0000E+00  0.0000E+00  0.1575E-01  0.1525E-01  0.3250E-02  0.3250E-02
  0.7050E-01  0.0000E+00  0.0000E+00  0.0000E+00  0.2500E-02  0.0000E+00  0.0000E+00  0.0000E+00  0.0000E+00  0.0000E+00  0.0000E+00  0.0000E+00  0.0000E+00  0.0000E+00
  0.6325E-01  0.0000E+00  0.0000E+00  0.0000E+00  0.4750E-02  0.0000E+00  0.0000E+00  0.0000E+00  0.0000E+00  0.0000E+00  0.0000E+00  0.0000E+00  0.0000E+00  0.0000E+00
  0.6750E-01  0.0000E+00  0.0000E+00  0.0000E+00  0.1750E-02  0.0000E+00  0.0000E+00  0.0000E+00  0.0000E+00  0.0000E+00  0.0000E+00  0.0000E+00  0.0000E+00  0.0000E+00
  0.7050E-01  0.0000E+00  0.0000E+00  0.0000E+00  0.2000E-02  0.0000E+00  0.0000E+00  0.0000E+00  0.0000E+00  0.0000E+00  0.0000E+00  0.0000E+00  0.0000E+00  0.0000E+00
 Events:
         272           0          85          74          17           0          57          55           0           0          66          61           3          14
         275           0          89          86          18           0          46          57           0           0          72          59          15          10
         262           0          84          81          11           0          56          46           0           0          63          77          24          12
         264           0          92          92          16           0          55          53           0           0          63          61          13          13
         282           0           0           0          10           0           0           0           0           0           0           0           0           0
         253           0           0           0          19           0           0           0           0           0           0           0           0           0
         270           0           0           0           7           0           0           0           0           0           0           0           0           0
         282           0           0           0           8           0           0           0           0           0           0           0           0           0
 Iteration  3   Mean: 0.5188E-07 Abs mean: 0.5188E-07   Fluctuation:  0.828E-08   0.409E-04    70.7%
  3    0.5188E-07 0.5188E-07 +- 0.8279E-08     14.27
 Relative summed weights:
  0.4116E-01  0.0000E+00  0.2461E-01  0.6269E-02  0.6115E-04  0.0000E+00  0.9456E-02  0.5057E-02  0.0000E+00  0.0000E+00  0.5819E-02  0.2334E-01  0.5418E-03  0.2508E-04
  0.1690E+00  0.0000E+00  0.8305E-02  0.1017E-01  0.4261E-01  0.0000E+00  0.3036E-02  0.1090E-02  0.0000E+00  0.0000E+00  0.3119E-02  0.1626E-01  0.3379E-03  0.6601E-04
  0.3563E-01  0.0000E+00  0.3960E-02  0.6679E-02  0.6993E-04  0.0000E+00  0.3964E-02  0.6811E-02  0.0000E+00  0.0000E+00  0.2769E-02  0.1881E-01  0.2484E-03  0.5798E-05
  0.2046E+00  0.0000E+00  0.8144E-02  0.9507E-02  0.3060E-03  0.0000E+00  0.1043E-01  0.3062E-02  0.0000E+00  0.0000E+00  0.6892E-02  0.1029E-01  0.4428E-04  0.2634E-03
  0.8007E-01  0.0000E+00  0.0000E+00  0.0000E+00  0.4135E-04  0.0000E+00  0.0000E+00  0.0000E+00  0.0000E+00  0.0000E+00  0.0000E+00  0.0000E+00  0.0000E+00  0.0000E+00
  0.5554E-01  0.0000E+00  0.0000E+00  0.0000E+00  0.7979E-04  0.0000E+00  0.0000E+00  0.0000E+00  0.0000E+00  0.0000E+00  0.0000E+00  0.0000E+00  0.0000E+00  0.0000E+00
  0.1248E+00  0.0000E+00  0.0000E+00  0.0000E+00  0.1092E-03  0.0000E+00  0.0000E+00  0.0000E+00  0.0000E+00  0.0000E+00  0.0000E+00  0.0000E+00  0.0000E+00  0.0000E+00
  0.3654E-01  0.0000E+00  0.0000E+00  0.0000E+00  0.1221E-03  0.0000E+00  0.0000E+00  0.0000E+00  0.0000E+00  0.0000E+00  0.0000E+00  0.0000E+00  0.0000E+00  0.0000E+00
 Relative number of events:
  0.7262E-01  0.0000E+00  0.1950E-01  0.2162E-01  0.2500E-02  0.0000E+00  0.1038E-01  0.1263E-01  0.0000E+00  0.0000E+00  0.1450E-01  0.1475E-01  0.2375E-02  0.2250E-02
  0.7850E-01  0.0000E+00  0.1825E-01  0.2237E-01  0.3000E-02  0.0000E+00  0.1100E-01  0.1063E-01  0.0000E+00  0.0000E+00  0.1337E-01  0.1450E-01  0.2875E-02  0.2375E-02
  0.7612E-01  0.0000E+00  0.1825E-01  0.2075E-01  0.3375E-02  0.0000E+00  0.1075E-01  0.1275E-01  0.0000E+00  0.0000E+00  0.1250E-01  0.1325E-01  0.1875E-02  0.2000E-02
  0.7487E-01  0.0000E+00  0.1950E-01  0.2125E-01  0.4500E-02  0.0000E+00  0.1162E-01  0.9875E-02  0.0000E+00  0.0000E+00  0.1263E-01  0.1425E-01  0.1750E-02  0.2875E-02
  0.7250E-01  0.0000E+00  0.0000E+00  0.0000E+00  0.2250E-02  0.0000E+00  0.0000E+00  0.0000E+00  0.0000E+00  0.0000E+00  0.0000E+00  0.0000E+00  0.0000E+00  0.0000E+00
  0.7125E-01  0.0000E+00  0.0000E+00  0.0000E+00  0.3250E-02  0.0000E+00  0.0000E+00  0.0000E+00  0.0000E+00  0.0000E+00  0.0000E+00  0.0000E+00  0.0000E+00  0.0000E+00
  0.7425E-01  0.0000E+00  0.0000E+00  0.0000E+00  0.1875E-02  0.0000E+00  0.0000E+00  0.0000E+00  0.0000E+00  0.0000E+00  0.0000E+00  0.0000E+00  0.0000E+00  0.0000E+00
  0.7812E-01  0.0000E+00  0.0000E+00  0.0000E+00  0.1750E-02  0.0000E+00  0.0000E+00  0.0000E+00  0.0000E+00  0.0000E+00  0.0000E+00  0.0000E+00  0.0000E+00  0.0000E+00
 Events:
         581           0         156         173          20           0          83         101           0           0         116         118          19          18
         628           0         146         179          24           0          88          85           0           0         107         116          23          19
         609           0         146         166          27           0          86         102           0           0         100         106          15          16
         599           0         156         170          36           0          93          79           0           0         101         114          14          23
         580           0           0           0          18           0           0           0           0           0           0           0           0           0
         570           0           0           0          26           0           0           0           0           0           0           0           0           0
         594           0           0           0          15           0           0           0           0           0           0           0           0           0
         625           0           0           0          14           0           0           0           0           0           0           0           0           0
 Accuracy:    0.176   0.010   0.116   2.287
 Found          476  events.
 Wrote           10  events.
 Actual xsec    4.2932793608241517E-008
 Correct abs xsec    4.2932793608241517E-008
 Event xsec    4.2932793608241523E-008
 Events wgts > 1:            0
 % Cross section > 1:    0.0000000000000000        0.0000000000000000     
 Iteration  4   Mean: 0.4926E-07 Abs mean: 0.4926E-07   Fluctuation:  0.389E-08   0.266E-04    79.6%
  4    0.4926E-07 0.4926E-07 +- 0.3890E-08      9.99
 Relative summed weights:
  0.1143E+00  0.0000E+00  0.1128E-01  0.2277E-01  0.2714E-03  0.0000E+00  0.4776E-02  0.8550E-02  0.0000E+00  0.0000E+00  0.4539E-02  0.5910E-02  0.6435E-03  0.2585E-03
  0.7961E-01  0.0000E+00  0.1654E-01  0.9918E-02  0.1364E-02  0.0000E+00  0.5199E-02  0.3822E-02  0.0000E+00  0.0000E+00  0.5003E-02  0.3947E-01  0.7744E-04  0.6701E-03
  0.6580E-01  0.0000E+00  0.7209E-02  0.6810E-02  0.1272E-03  0.0000E+00  0.3572E-02  0.3967E-02  0.0000E+00  0.0000E+00  0.4085E-02  0.3031E-02  0.2534E-02  0.3868E-03
  0.1087E+00  0.0000E+00  0.1573E-01  0.1037E-01  0.2953E-02  0.0000E+00  0.5363E-02  0.4884E-02  0.0000E+00  0.0000E+00  0.6290E-02  0.3095E-01  0.8444E-04  0.1585E-03
  0.9958E-01  0.0000E+00  0.0000E+00  0.0000E+00  0.3916E-03  0.0000E+00  0.0000E+00  0.0000E+00  0.0000E+00  0.0000E+00  0.0000E+00  0.0000E+00  0.0000E+00  0.0000E+00
  0.8761E-01  0.0000E+00  0.0000E+00  0.0000E+00  0.1866E-03  0.0000E+00  0.0000E+00  0.0000E+00  0.0000E+00  0.0000E+00  0.0000E+00  0.0000E+00  0.0000E+00  0.0000E+00
  0.1114E+00  0.0000E+00  0.0000E+00  0.0000E+00  0.2008E-03  0.0000E+00  0.0000E+00  0.0000E+00  0.0000E+00  0.0000E+00  0.0000E+00  0.0000E+00  0.0000E+00  0.0000E+00
  0.8215E-01  0.0000E+00  0.0000E+00  0.0000E+00  0.4704E-03  0.0000E+00  0.0000E+00  0.0000E+00  0.0000E+00  0.0000E+00  0.0000E+00  0.0000E+00  0.0000E+00  0.0000E+00
 Relative number of events:
  0.8356E-01  0.0000E+00  0.1619E-01  0.1881E-01  0.2312E-02  0.0000E+00  0.8000E-02  0.9813E-02  0.0000E+00  0.0000E+00  0.1175E-01  0.1269E-01  0.1563E-02  0.1563E-02
  0.7831E-01  0.0000E+00  0.1794E-01  0.1812E-01  0.2188E-02  0.0000E+00  0.7938E-02  0.7750E-02  0.0000E+00  0.0000E+00  0.1206E-01  0.1144E-01  0.2312E-02  0.1563E-02
  0.8575E-01  0.0000E+00  0.1994E-01  0.1869E-01  0.1937E-02  0.0000E+00  0.1000E-01  0.8937E-02  0.0000E+00  0.0000E+00  0.1263E-01  0.1206E-01  0.1500E-02  0.2125E-02
  0.8244E-01  0.0000E+00  0.1806E-01  0.1869E-01  0.2125E-02  0.0000E+00  0.1063E-01  0.9562E-02  0.0000E+00  0.0000E+00  0.1087E-01  0.1162E-01  0.1625E-02  0.2375E-02
  0.8494E-01  0.0000E+00  0.0000E+00  0.0000E+00  0.2125E-02  0.0000E+00  0.0000E+00  0.0000E+00  0.0000E+00  0.0000E+00  0.0000E+00  0.0000E+00  0.0000E+00  0.0000E+00
  0.8169E-01  0.0000E+00  0.0000E+00  0.0000E+00  0.1750E-02  0.0000E+00  0.0000E+00  0.0000E+00  0.0000E+00  0.0000E+00  0.0000E+00  0.0000E+00  0.0000E+00  0.0000E+00
  0.7988E-01  0.0000E+00  0.0000E+00  0.0000E+00  0.1687E-02  0.0000E+00  0.0000E+00  0.0000E+00  0.0000E+00  0.0000E+00  0.0000E+00  0.0000E+00  0.0000E+00  0.0000E+00
  0.7825E-01  0.0000E+00  0.0000E+00  0.0000E+00  0.2250E-02  0.0000E+00  0.0000E+00  0.0000E+00  0.0000E+00  0.0000E+00  0.0000E+00  0.0000E+00  0.0000E+00  0.0000E+00
 Events:
        1337           0         259         301          37           0         128         157           0           0         188         203          25          25
        1253           0         287         290          35           0         127         124           0           0         193         183          37          25
        1372           0         319         299          31           0         160         143           0           0         202         193          24          34
        1319           0         289         299          34           0         170         153           0           0         174         186          26          38
        1359           0           0           0          34           0           0           0           0           0           0           0           0           0
        1307           0           0           0          28           0           0           0           0           0           0           0           0           0
        1278           0           0           0          27           0           0           0           0           0           0           0           0           0
        1252           0           0           0          36           0           0           0           0           0           0           0           0           0
 Accuracy:    0.082   0.010   0.065   1.560
 Found          828  events.
 Wrote           41  events.
 Actual xsec    4.7252893774443556E-008
 Correct abs xsec    4.7252893774443556E-008
 Event xsec    4.7252893774443516E-008
 Events wgts > 1:            1
 % Cross section > 1:    4.1349883773669578E-010  0.87507622223199055     
 Iteration  5   Mean: 0.7609E-07 Abs mean: 0.7609E-07   Fluctuation:  0.212E-07   0.672E-03    83.6%
  5    0.7609E-07 0.7609E-07 +- 0.2123E-07     49.92
 Relative summed weights:
  0.7068E-01  0.0000E+00  0.7395E-02  0.6117E-02  0.2038E-03  0.0000E+00  0.1482E-01  0.4376E-02  0.0000E+00  0.0000E+00  0.3585E-02  0.3250E-02  0.5753E-03  0.2070E-03
  0.6398E-01  0.0000E+00  0.7689E-02  0.1222E-01  0.8316E-03  0.0000E+00  0.5123E-02  0.7498E-02  0.0000E+00  0.0000E+00  0.1910E-02  0.3117E-02  0.3885E-04  0.2780E-03
  0.7280E-01  0.0000E+00  0.6982E-02  0.6646E-02  0.4832E-03  0.0000E+00  0.6194E-02  0.4081E-02  0.0000E+00  0.0000E+00  0.3264E-02  0.3570E-02  0.4275E-02  0.1981E-03
  0.5249E-01  0.0000E+00  0.2172E-01  0.1184E-01  0.4456E-03  0.0000E+00  0.2615E-02  0.5591E-02  0.0000E+00  0.0000E+00  0.2581E-02  0.5037E-02  0.2214E-03  0.4745E-03
  0.8623E-01  0.0000E+00  0.0000E+00  0.0000E+00  0.8645E-04  0.0000E+00  0.0000E+00  0.0000E+00  0.0000E+00  0.0000E+00  0.0000E+00  0.0000E+00  0.0000E+00  0.0000E+00
  0.3348E+00  0.0000E+00  0.0000E+00  0.0000E+00  0.1356E-02  0.0000E+00  0.0000E+00  0.0000E+00  0.0000E+00  0.0000E+00  0.0000E+00  0.0000E+00  0.0000E+00  0.0000E+00
  0.8296E-01  0.0000E+00  0.0000E+00  0.0000E+00  0.6800E-03  0.0000E+00  0.0000E+00  0.0000E+00  0.0000E+00  0.0000E+00  0.0000E+00  0.0000E+00  0.0000E+00  0.0000E+00
  0.6813E-01  0.0000E+00  0.0000E+00  0.0000E+00  0.3827E-03  0.0000E+00  0.0000E+00  0.0000E+00  0.0000E+00  0.0000E+00  0.0000E+00  0.0000E+00  0.0000E+00  0.0000E+00
 Relative number of events:
  0.8819E-01  0.0000E+00  0.1503E-01  0.1806E-01  0.1625E-02  0.0000E+00  0.8406E-02  0.8625E-02  0.0000E+00  0.0000E+00  0.1137E-01  0.1025E-01  0.1469E-02  0.1531E-02
  0.8703E-01  0.0000E+00  0.1656E-01  0.1628E-01  0.1906E-02  0.0000E+00  0.8313E-02  0.8250E-02  0.0000E+00  0.0000E+00  0.1019E-01  0.1038E-01  0.1031E-02  0.1000E-02
  0.8666E-01  0.0000E+00  0.1659E-01  0.1659E-01  0.1594E-02  0.0000E+00  0.8156E-02  0.7844E-02  0.0000E+00  0.0000E+00  0.9281E-02  0.1063E-01  0.1031E-02  0.1187E-02
  0.8800E-01  0.0000E+00  0.1588E-01  0.1644E-01  0.1594E-02  0.0000E+00  0.8406E-02  0.7469E-02  0.0000E+00  0.0000E+00  0.9625E-02  0.1006E-01  0.1469E-02  0.1000E-02
  0.8653E-01  0.0000E+00  0.0000E+00  0.0000E+00  0.1437E-02  0.0000E+00  0.0000E+00  0.0000E+00  0.0000E+00  0.0000E+00  0.0000E+00  0.0000E+00  0.0000E+00  0.0000E+00
  0.8659E-01  0.0000E+00  0.0000E+00  0.0000E+00  0.1187E-02  0.0000E+00  0.0000E+00  0.0000E+00  0.0000E+00  0.0000E+00  0.0000E+00  0.0000E+00  0.0000E+00  0.0000E+00
  0.8681E-01  0.0000E+00  0.0000E+00  0.0000E+00  0.1437E-02  0.0000E+00  0.0000E+00  0.0000E+00  0.0000E+00  0.0000E+00  0.0000E+00  0.0000E+00  0.0000E+00  0.0000E+00
  0.8941E-01  0.0000E+00  0.0000E+00  0.0000E+00  0.1594E-02  0.0000E+00  0.0000E+00  0.0000E+00  0.0000E+00  0.0000E+00  0.0000E+00  0.0000E+00  0.0000E+00  0.0000E+00
 Events:
        2822           0         481         578          52           0         269         276           0           0         364         328          47          49
        2785           0         530         521          61           0         266         264           0           0         326         332          33          32
        2773           0         531         531          51           0         261         251           0           0         297         340          33          38
        2816           0         508         526          51           0         269         239           0           0         308         322          47          32
        2769           0           0           0          46           0           0           0           0           0           0           0           0           0
        2771           0           0           0          38           0           0           0           0           0           0           0           0           0
        2778           0           0           0          46           0           0           0           0           0           0           0           0           0
        2861           0           0           0          51           0           0           0           0           0           0           0           0           0
 Accuracy:    0.094   0.010   0.064   2.163
 Found         1989  events.
 Wrote            3  events.
 Actual xsec    5.1367522052589470E-008
 Correct abs xsec    5.1367522052589470E-008
 Event xsec    5.1367522052589470E-008
 Events wgts > 1:            1
 % Cross section > 1:    4.1955135589848089E-015   8.1676385999104464E-006
 Iteration  6   Mean: 0.6171E-07 Abs mean: 0.6171E-07   Fluctuation:  0.335E-08   0.160E-03    86.0%
  6    0.6171E-07 0.6171E-07 +- 0.3353E-08     13.75
 Relative summed weights:
  0.7848E-01  0.0000E+00  0.1331E-01  0.1266E-01  0.5272E-03  0.0000E+00  0.6440E-02  0.7279E-02  0.0000E+00  0.0000E+00  0.8831E-02  0.5990E-02  0.2879E-03  0.2900E-02
  0.8685E-01  0.0000E+00  0.1248E-01  0.1302E-01  0.2230E-03  0.0000E+00  0.9125E-02  0.6308E-02  0.0000E+00  0.0000E+00  0.6090E-02  0.5570E-02  0.1121E-03  0.6838E-03
  0.1436E+00  0.0000E+00  0.1172E-01  0.1288E-01  0.3056E-03  0.0000E+00  0.5541E-02  0.4852E-02  0.0000E+00  0.0000E+00  0.7799E-02  0.5234E-02  0.5575E-03  0.1452E-02
  0.9984E-01  0.0000E+00  0.8272E-02  0.8683E-02  0.3344E-03  0.0000E+00  0.4992E-02  0.6638E-02  0.0000E+00  0.0000E+00  0.6847E-02  0.8613E-02  0.2545E-03  0.5320E-03
  0.8395E-01  0.0000E+00  0.0000E+00  0.0000E+00  0.6753E-03  0.0000E+00  0.0000E+00  0.0000E+00  0.0000E+00  0.0000E+00  0.0000E+00  0.0000E+00  0.0000E+00  0.0000E+00
  0.1097E+00  0.0000E+00  0.0000E+00  0.0000E+00  0.6197E-03  0.0000E+00  0.0000E+00  0.0000E+00  0.0000E+00  0.0000E+00  0.0000E+00  0.0000E+00  0.0000E+00  0.0000E+00
  0.8844E-01  0.0000E+00  0.0000E+00  0.0000E+00  0.6998E-03  0.0000E+00  0.0000E+00  0.0000E+00  0.0000E+00  0.0000E+00  0.0000E+00  0.0000E+00  0.0000E+00  0.0000E+00
  0.9760E-01  0.0000E+00  0.0000E+00  0.0000E+00  0.2240E-02  0.0000E+00  0.0000E+00  0.0000E+00  0.0000E+00  0.0000E+00  0.0000E+00  0.0000E+00  0.0000E+00  0.0000E+00
 Relative number of events:
  0.9119E-01  0.0000E+00  0.1537E-01  0.1556E-01  0.1016E-02  0.0000E+00  0.6594E-02  0.7359E-02  0.0000E+00  0.0000E+00  0.8719E-02  0.9578E-02  0.1109E-02  0.9844E-03
  0.9164E-01  0.0000E+00  0.1598E-01  0.1567E-01  0.1125E-02  0.0000E+00  0.7609E-02  0.6984E-02  0.0000E+00  0.0000E+00  0.8734E-02  0.9172E-02  0.8906E-03  0.1094E-02
  0.8994E-01  0.0000E+00  0.1645E-01  0.1537E-01  0.1156E-02  0.0000E+00  0.7500E-02  0.7094E-02  0.0000E+00  0.0000E+00  0.9328E-02  0.9031E-02  0.8906E-03  0.8437E-03
  0.9003E-01  0.0000E+00  0.1642E-01  0.1464E-01  0.9844E-03  0.0000E+00  0.7484E-02  0.7203E-02  0.0000E+00  0.0000E+00  0.8547E-02  0.9703E-02  0.1031E-02  0.1328E-02
  0.9158E-01  0.0000E+00  0.0000E+00  0.0000E+00  0.1203E-02  0.0000E+00  0.0000E+00  0.0000E+00  0.0000E+00  0.0000E+00  0.0000E+00  0.0000E+00  0.0000E+00  0.0000E+00
  0.8994E-01  0.0000E+00  0.0000E+00  0.0000E+00  0.1266E-02  0.0000E+00  0.0000E+00  0.0000E+00  0.0000E+00  0.0000E+00  0.0000E+00  0.0000E+00  0.0000E+00  0.0000E+00
  0.9166E-01  0.0000E+00  0.0000E+00  0.0000E+00  0.1187E-02  0.0000E+00  0.0000E+00  0.0000E+00  0.0000E+00  0.0000E+00  0.0000E+00  0.0000E+00  0.0000E+00  0.0000E+00
  0.9050E-01  0.0000E+00  0.0000E+00  0.0000E+00  0.1297E-02  0.0000E+00  0.0000E+00  0.0000E+00  0.0000E+00  0.0000E+00  0.0000E+00  0.0000E+00  0.0000E+00  0.0000E+00
 Events:
        5836           0         984         996          65           0         422         471           0           0         558         613          71          63
        5865           0        1023        1003          72           0         487         447           0           0         559         587          57          70
        5756           0        1053         984          74           0         480         454           0           0         597         578          57          54
        5762           0        1051         937          63           0         479         461           0           0         547         621          66          85
        5861           0           0           0          77           0           0           0           0           0           0           0           0           0
        5756           0           0           0          81           0           0           0           0           0           0           0           0           0
        5866           0           0           0          76           0           0           0           0           0           0           0           0           0
        5792           0           0           0          83           0           0           0           0           0           0           0           0           0
 Accuracy:    0.069   0.010   0.041   2.814
 Found         3183  events.
 Wrote           28  events.
 Actual xsec    5.8170336826405583E-008
 Correct abs xsec    5.8170336826405583E-008
 Event xsec    5.8170336826405583E-008
 Events wgts > 1:            1
 % Cross section > 1:    2.5737970018639078E-017   4.4245867262978781E-008
 Iteration  7   Mean: 0.6197E-07 Abs mean: 0.6197E-07   Fluctuation:  0.191E-08   0.122E-03    86.9%
  7    0.6197E-07 0.6197E-07 +- 0.1914E-08     11.05
 Relative summed weights:
  0.1090E+00  0.0000E+00  0.1082E-01  0.8486E-02  0.4207E-03  0.0000E+00  0.6182E-02  0.6970E-02  0.0000E+00  0.0000E+00  0.4578E-02  0.6911E-02  0.6763E-03  0.6714E-03
  0.9594E-01  0.0000E+00  0.1186E-01  0.1277E-01  0.4288E-03  0.0000E+00  0.5525E-02  0.5604E-02  0.0000E+00  0.0000E+00  0.6576E-02  0.6263E-02  0.1031E-02  0.3755E-03
  0.8653E-01  0.0000E+00  0.1044E-01  0.9026E-02  0.4539E-03  0.0000E+00  0.6402E-02  0.5627E-02  0.0000E+00  0.0000E+00  0.5777E-02  0.5551E-02  0.1304E-02  0.4816E-03
  0.9216E-01  0.0000E+00  0.1163E-01  0.1444E-01  0.4255E-03  0.0000E+00  0.6566E-02  0.5518E-02  0.0000E+00  0.0000E+00  0.4079E-02  0.7203E-02  0.7450E-03  0.4258E-03
  0.1080E+00  0.0000E+00  0.0000E+00  0.0000E+00  0.9404E-03  0.0000E+00  0.0000E+00  0.0000E+00  0.0000E+00  0.0000E+00  0.0000E+00  0.0000E+00  0.0000E+00  0.0000E+00
  0.1150E+00  0.0000E+00  0.0000E+00  0.0000E+00  0.5775E-03  0.0000E+00  0.0000E+00  0.0000E+00  0.0000E+00  0.0000E+00  0.0000E+00  0.0000E+00  0.0000E+00  0.0000E+00
  0.1047E+00  0.0000E+00  0.0000E+00  0.0000E+00  0.7508E-03  0.0000E+00  0.0000E+00  0.0000E+00  0.0000E+00  0.0000E+00  0.0000E+00  0.0000E+00  0.0000E+00  0.0000E+00
  0.9341E-01  0.0000E+00  0.0000E+00  0.0000E+00  0.7468E-03  0.0000E+00  0.0000E+00  0.0000E+00  0.0000E+00  0.0000E+00  0.0000E+00  0.0000E+00  0.0000E+00  0.0000E+00
 Relative number of events:
  0.9230E-01  0.0000E+00  0.1459E-01  0.1450E-01  0.1141E-02  0.0000E+00  0.7242E-02  0.7133E-02  0.0000E+00  0.0000E+00  0.8656E-02  0.8594E-02  0.9219E-03  0.9297E-03
  0.9271E-01  0.0000E+00  0.1484E-01  0.1505E-01  0.1203E-02  0.0000E+00  0.7500E-02  0.6695E-02  0.0000E+00  0.0000E+00  0.8070E-02  0.8445E-02  0.8750E-03  0.9141E-03
  0.9266E-01  0.0000E+00  0.1429E-01  0.1461E-01  0.1117E-02  0.0000E+00  0.6781E-02  0.7188E-02  0.0000E+00  0.0000E+00  0.8555E-02  0.8977E-02  0.8984E-03  0.8594E-03
  0.9335E-01  0.0000E+00  0.1430E-01  0.1492E-01  0.1055E-02  0.0000E+00  0.6922E-02  0.7078E-02  0.0000E+00  0.0000E+00  0.8148E-02  0.8367E-02  0.8672E-03  0.9063E-03
  0.9250E-01  0.0000E+00  0.0000E+00  0.0000E+00  0.1023E-02  0.0000E+00  0.0000E+00  0.0000E+00  0.0000E+00  0.0000E+00  0.0000E+00  0.0000E+00  0.0000E+00  0.0000E+00
  0.9320E-01  0.0000E+00  0.0000E+00  0.0000E+00  0.1117E-02  0.0000E+00  0.0000E+00  0.0000E+00  0.0000E+00  0.0000E+00  0.0000E+00  0.0000E+00  0.0000E+00  0.0000E+00
  0.9334E-01  0.0000E+00  0.0000E+00  0.0000E+00  0.1172E-02  0.0000E+00  0.0000E+00  0.0000E+00  0.0000E+00  0.0000E+00  0.0000E+00  0.0000E+00  0.0000E+00  0.0000E+00
  0.9234E-01  0.0000E+00  0.0000E+00  0.0000E+00  0.1156E-02  0.0000E+00  0.0000E+00  0.0000E+00  0.0000E+00  0.0000E+00  0.0000E+00  0.0000E+00  0.0000E+00  0.0000E+00
 Events:
       11814           0        1867        1856         146           0         927         913           0           0        1108        1100         118         119
       11867           0        1900        1927         154           0         960         857           0           0        1033        1081         112         117
       11861           0        1829        1870         143           0         868         920           0           0        1095        1149         115         110
       11949           0        1830        1910         135           0         886         906           0           0        1043        1071         111         116
       11840           0           0           0         131           0           0           0           0           0           0           0           0           0
       11929           0           0           0         143           0           0           0           0           0           0           0           0           0
       11947           0           0           0         150           0           0           0           0           0           0           0           0           0
       11819           0           0           0         148           0           0           0           0           0           0           0           0           0
 Accuracy:    0.040   0.010   0.025   2.638
 Found         8256  events.
 Wrote           97  events.
 Actual xsec    6.2036403469591830E-008
 Correct abs xsec    6.2036403469591830E-008
 Event xsec    6.2036403469591724E-008
 Events wgts > 1:            3
 % Cross section > 1:    4.0711162586000258E-010  0.65624633778061581     
 Iteration  8   Mean: 0.6275E-07 Abs mean: 0.6275E-07   Fluctuation:  0.117E-08   0.124E-03    87.7%
  8    0.6275E-07 0.6275E-07 +- 0.1168E-08      9.42
 Exceeded boost           2          96   256000.000    
 Exceeded boost           4          94   128000.000    
 Exceeded boost           4          95   256000.000    
 Exceeded boost           4          96   256000.000    
 Exceeded boost           5          96   256000.000    
 Exceeded boost          13          95   128000.000    
 Relative summed weights:
  0.1060E+00  0.0000E+00  0.1108E-01  0.1079E-01  0.2797E-03  0.0000E+00  0.7232E-02  0.6892E-02  0.0000E+00  0.0000E+00  0.6188E-02  0.4871E-02  0.3980E-03  0.3813E-03
  0.9969E-01  0.0000E+00  0.1272E-01  0.1078E-01  0.1299E-02  0.0000E+00  0.6003E-02  0.7465E-02  0.0000E+00  0.0000E+00  0.9461E-02  0.5115E-02  0.5778E-03  0.8274E-03
  0.9622E-01  0.0000E+00  0.1222E-01  0.1359E-01  0.4748E-03  0.0000E+00  0.5789E-02  0.5537E-02  0.0000E+00  0.0000E+00  0.5729E-02  0.6926E-02  0.9407E-03  0.6971E-03
  0.8538E-01  0.0000E+00  0.1295E-01  0.1054E-01  0.3376E-03  0.0000E+00  0.6320E-02  0.5806E-02  0.0000E+00  0.0000E+00  0.5356E-02  0.6297E-02  0.3295E-03  0.5373E-03
  0.1023E+00  0.0000E+00  0.0000E+00  0.0000E+00  0.1003E-02  0.0000E+00  0.0000E+00  0.0000E+00  0.0000E+00  0.0000E+00  0.0000E+00  0.0000E+00  0.0000E+00  0.0000E+00
  0.1041E+00  0.0000E+00  0.0000E+00  0.0000E+00  0.3498E-03  0.0000E+00  0.0000E+00  0.0000E+00  0.0000E+00  0.0000E+00  0.0000E+00  0.0000E+00  0.0000E+00  0.0000E+00
  0.9096E-01  0.0000E+00  0.0000E+00  0.0000E+00  0.4396E-03  0.0000E+00  0.0000E+00  0.0000E+00  0.0000E+00  0.0000E+00  0.0000E+00  0.0000E+00  0.0000E+00  0.0000E+00
  0.1100E+00  0.0000E+00  0.0000E+00  0.0000E+00  0.6850E-03  0.0000E+00  0.0000E+00  0.0000E+00  0.0000E+00  0.0000E+00  0.0000E+00  0.0000E+00  0.0000E+00  0.0000E+00
 Relative number of events:
  0.9509E-01  0.0000E+00  0.1372E-01  0.1404E-01  0.1047E-02  0.0000E+00  0.6559E-02  0.6551E-02  0.0000E+00  0.0000E+00  0.8141E-02  0.8094E-02  0.6836E-03  0.8047E-03
  0.9428E-01  0.0000E+00  0.1407E-01  0.1385E-01  0.9883E-03  0.0000E+00  0.6719E-02  0.6574E-02  0.0000E+00  0.0000E+00  0.8188E-02  0.7816E-02  0.8711E-03  0.8086E-03
Thanks for using LHAPDF 6.2.1. Please make sure to cite the paper:
  Eur.Phys.J. C75 (2015) 3, 132  (http://arxiv.org/abs/1412.7420)
  0.9501E-01  0.0000E+00  0.1385E-01  0.1446E-01  0.1027E-02  0.0000E+00  0.6562E-02  0.6645E-02  0.0000E+00  0.0000E+00  0.8113E-02  0.7902E-02  0.8281E-03  0.7852E-03
  0.9409E-01  0.0000E+00  0.1387E-01  0.1380E-01  0.9570E-03  0.0000E+00  0.6738E-02  0.6582E-02  0.0000E+00  0.0000E+00  0.7816E-02  0.8051E-02  0.9023E-03  0.8203E-03
  0.9490E-01  0.0000E+00  0.0000E+00  0.0000E+00  0.9648E-03  0.0000E+00  0.0000E+00  0.0000E+00  0.0000E+00  0.0000E+00  0.0000E+00  0.0000E+00  0.0000E+00  0.0000E+00
  0.9477E-01  0.0000E+00  0.0000E+00  0.0000E+00  0.9102E-03  0.0000E+00  0.0000E+00  0.0000E+00  0.0000E+00  0.0000E+00  0.0000E+00  0.0000E+00  0.0000E+00  0.0000E+00
  0.9436E-01  0.0000E+00  0.0000E+00  0.0000E+00  0.9805E-03  0.0000E+00  0.0000E+00  0.0000E+00  0.0000E+00  0.0000E+00  0.0000E+00  0.0000E+00  0.0000E+00  0.0000E+00
  0.9445E-01  0.0000E+00  0.0000E+00  0.0000E+00  0.9531E-03  0.0000E+00  0.0000E+00  0.0000E+00  0.0000E+00  0.0000E+00  0.0000E+00  0.0000E+00  0.0000E+00  0.0000E+00
 Events:
       24344           0        3512        3595         268           0        1679        1677           0           0        2084        2072         175         206
       24136           0        3602        3545         253           0        1720        1683           0           0        2096        2001         223         207
       24322           0        3545        3702         263           0        1680        1701           0           0        2077        2023         212         201
       24088           0        3550        3533         245           0        1725        1685           0           0        2001        2061         231         210
       24295           0           0           0         247           0           0           0           0           0           0           0           0           0
       24262           0           0           0         233           0           0           0           0           0           0           0           0           0
       24157           0           0           0         251           0           0           0           0           0           0           0           0           0
       24178           0           0           0         244           0           0           0           0           0           0           0           0           0
 Accuracy:    0.023   0.010   0.015   2.444
 Found        17862  events.
 Wrote          321  events.
 Actual xsec    6.2475891768558254E-008
 Correct abs xsec    6.2475891768558254E-008
 Event xsec    6.2475891768558625E-008
 Events wgts > 1:            8
 % Cross section > 1:    5.9745262180477050E-010  0.95629306744116327     

 -------------------------------------------------------------------------------
 Accumulated results:   Integral =  0.6173E-07
                        Std dev  =  0.9182E-09
                       Cross sec =  0.6173E-07
             Chi**2 per DoF.     =      2.4438
 -------------------------------------------------------------------------------
-------------------------------------------------
---------------------------
 Results Last   3 iters: Integral =   0.6248E-07
                     Abs integral =   0.6248E-07
                          Std dev =   0.9559E-09
                  Chi**2 per DoF. =      0.0886
-------------------------------------------------
---------------------------
 Status   1.0000000000000000E-002           9           8

ls status:
events.lhe
ftn26
input_app.txt
results.dat
run1_app.log
