==== LHAPDF6 USING DEFAULT-TYPE LHAGLUE INTERFACE ====
LHAPDF 6.2.1 loading /cvmfs/cms.cern.ch/slc6_amd64_gcc630/external/lhapdf/6.2.1-ghjeda2/share/LHAPDF/NNPDF31_nnlo_as_0118_nf_4_mc_hessian/NNPDF31_nnlo_as_0118_nf_4_mc_hessian_0000.dat
NNPDF31_nnlo_as_0118_nf_4_mc_hessian PDF set, member #0, version 1; LHAPDF ID = 325500
 Process in group number            1
 A PDF is used, so alpha_s(MZ) is going to be modified
 Old value of alpha_s from param_card:   0.11810000000000001     
 New value of alpha_s from PDF lhapdf :  0.11266013434007299     
 using LHAPDF
 Define smin to   10000.000000000000     
 Define smin to   10000.000000000000     
 Define smin to   10000.000000000000     
 Define smin to   10000.000000000000     
 Define smin to   10000.000000000000     
 Define smin to   10000.000000000000     
 Define smin to   10000.000000000000     
 *****************************************************
 *               MadGraph/MadEvent                   *
 *        --------------------------------           *
 *          http://madgraph.hep.uiuc.edu             *
 *          http://madgraph.phys.ucl.ac.be           *
 *          http://madgraph.roma2.infn.it            *
 *        --------------------------------           *
 *                                                   *
 *          PARAMETER AND COUPLING VALUES            *
 *                                                   *
 *****************************************************

  External Params
  ---------------------------------
  
 mdl_MW0 =    80.387000000000000     
 mdl_Gf =    1.1663789999999999E-005
 aS =   0.11810000000000001     
 mdl_ymdo =    1.0000000000000000E-099
 mdl_ymb =    4.1799999999999997     
 mdl_ymt =    173.19999999999999     
 mdl_ymtau =    1.7769999999999999     
 mdl_LambdaSMEFT =    1000.0000000000000     
 mdl_cHW =    1.0000000000000000     
 mdl_MZ =    91.187600000000003     
 mdl_MTA =    1.7769999999999999     
 mdl_MT =    173.19999999999999     
 mdl_MB =    4.1799999999999997     
 mdl_MH =    125.09000000000000     
 mdl_WZ =    2.4952000000000001     
 mdl_WW =    2.0850000000000000     
 mdl_WT =    1.5083359999999999     
 mdl_WH =    4.0699999999999998E-003
  Internal Params
  ---------------------------------
  
 mdl_ymm =    1.0000000000000000E-099
 mdl_yme =    1.0000000000000000E-099
 mdl_ymc =    1.0000000000000000E-099
 mdl_yms =    1.0000000000000000E-099
 mdl_ymup =    1.0000000000000000E-099
 mdl_conjg__CKM3x3 =    1.0000000000000000     
 mdl_cH =    0.0000000000000000     
 mdl_cHB =    0.0000000000000000     
 mdl_CKM1x1 =    1.0000000000000000     
 mdl_conjg__CKM1x1 =    1.0000000000000000     
 mdl_dGf =    0.0000000000000000     
 mdl_CKM3x3 =    1.0000000000000000     
 mdl_dMH2 =    0.0000000000000000     
 mdl_conjg__CKM2x2 =    1.0000000000000000     
 mdl_dg1 =    0.0000000000000000     
 mdl_CKM2x2 =    1.0000000000000000     
 mdl_dgw =    0.0000000000000000     
 mdl_complexi =  (  0.0000000000000000     ,  1.0000000000000000     )
 mdl_MW =    80.387000000000000     
 mdl_nb__2__exp__0_25 =    1.1892071150027210     
 mdl_MH__exp__2 =    15647.508100000001     
 mdl_sqrt__2 =    1.4142135623730951     
 mdl_MW__exp__2 =    6462.0697689999997     
 mdl_MZ__exp__2 =    8315.1783937600012     
 mdl_sth2 =   0.22285855299877133     
 mdl_MH__exp__6 =    3831206449390.3818     
 mdl_MT__exp__6 =    26995248278778.535     
 mdl_MH__exp__4 =    244844509.73956564     
 mdl_MT__exp__4 =    899894403.09759963     
 mdl_MT__exp__2 =    29998.239999999994     
 mdl_LambdaSMEFT__exp__2 =    1000000.0000000000     
 mdl_cth =   0.88155626422890820     
 mdl_sqrt__sth2 =   0.47207896902824564     
 mdl_sth =   0.47207896902824564     
 mdl_MW0__exp__6 =    269845343347.69711     
 mdl_MW0__exp__4 =    41758345.699423708     
 mdl_MW0__exp__2 =    6462.0697689999997     
 mdl_MZ__exp__4 =    69142191.720053151     
 mdl_MZ__exp__6 =    574929658687.79749     
 mdl_cth__exp__2 =   0.77714144700122867     
 mdl_sth__exp__2 =   0.22285855299877130     
 mdl_sth__exp__3 =   0.10520683593878660     
 mdl_cth__exp__3 =   0.68509391079585125     
 mdl_sth__exp__4 =    4.9665934644706158E-002
 mdl_sqrt__Gf =    3.4152291284773265E-003
 mdl_vevhat =    246.21961912951551     
 mdl_lam =   0.12905352724481209     
 mdl_aEW =    7.5614618607353409E-003
 mdl_yb =    2.4008698866559607E-002
 mdl_yc =    5.7437078628133041E-102
 mdl_ydo =    5.7437078628133041E-102
 mdl_ye =    5.7437078628133041E-102
 mdl_ym =    5.7437078628133041E-102
 mdl_ys =    5.7437078628133041E-102
 mdl_yt =   0.99481020183926416     
 mdl_ytau =    1.0206568872219240E-002
 mdl_yup =    5.7437078628133041E-102
 mdl_vevhat__exp__2 =    60624.100844283676     
 mdl_barlam =   0.12905352724481209     
 mdl_vevT =    246.21961912951551     
 mdl_sqrt__aEW =    8.6956666568672819E-002
 mdl_ee =   0.30825335704310214     
 mdl_gwsh =   0.61338418662494298     
 mdl_vev =    246.21961912951551     
 mdl_g1 =   0.34966952144878632     
 mdl_gw =   0.65296989967087182     
 mdl_ee__exp__2 =    9.5020132128342205E-002
 mdl_gHaa =   -1.9303830602986922E-003
 mdl_gHza =   -6.8546472954154700E-003
 mdl_g1sh =   0.34966952144878632     
 mdl_I1d11 =  (  5.7437078628133041E-102,  0.0000000000000000     )
 mdl_I1d22 =  (  5.7437078628133041E-102,  0.0000000000000000     )
 mdl_I1d33 =  (  2.4008698866559607E-002,  0.0000000000000000     )
 mdl_I2d11 =  (  5.7437078628133041E-102,  0.0000000000000000     )
 mdl_I2d22 =  (  5.7437078628133041E-102,  0.0000000000000000     )
 mdl_I2d33 =  ( 0.99481020183926416     ,  0.0000000000000000     )
 mdl_I3d11 =  (  5.7437078628133041E-102,  0.0000000000000000     )
 mdl_I3d22 =  (  5.7437078628133041E-102,  0.0000000000000000     )
 mdl_I3d33 =  (  2.4008698866559607E-002,  0.0000000000000000     )
 mdl_I4d11 =  (  5.7437078628133041E-102,  0.0000000000000000     )
 mdl_I4d22 =  (  5.7437078628133041E-102,  0.0000000000000000     )
 mdl_I4d33 =  ( 0.99481020183926416     ,  0.0000000000000000     )
 mdl_I5d11 =  (  5.7437078628133041E-102,  0.0000000000000000     )
 mdl_I5d22 =  (  5.7437078628133041E-102,  0.0000000000000000     )
 mdl_I5d33 =  (  2.4008698866559607E-002,  0.0000000000000000     )
 mdl_I6d11 =  (  5.7437078628133041E-102,  0.0000000000000000     )
 mdl_I6d22 =  (  5.7437078628133041E-102,  0.0000000000000000     )
 mdl_I6d33 =  ( 0.99481020183926416     ,  0.0000000000000000     )
 mdl_ee__exp__3 =    2.9290274715240611E-002
 mdl_vevhat__exp__3 =    14926843.019948866     
  Internal Params evaluated point by point
  ----------------------------------------
  
 mdl_sqrt__aS =   0.34365680554879169     
 mdl_G__exp__2 =    1.4840883695558185     
 mdl_gHgg =    3.2334372328970845E-003
 mdl_G__exp__3 =  (  1.8079634332366095     ,  0.0000000000000000     )
  Couplings of SMEFTsim_A_U35_MwScheme_UFO_v3_1-cHW_massless
  ---------------------------------
  
         GC_1 =   0.00000E+00   0.10275E+00
         GC_2 =  -0.00000E+00  -0.20550E+00
         GC_3 =  -0.00000E+00  -0.30825E+00
       GC_255 =  -0.00000E+00  -0.42637E+00
       GC_278 =  -0.00000E+00  -0.37035E+00
       GC_280 =  -0.00000E+00  -0.57563E+00
       GC_328 =  -0.00000E+00  -0.55024E-01
       GC_329 =   0.00000E+00   0.11005E+00
       GC_330 =  -0.00000E+00  -0.16507E+00
       GC_387 =   0.00000E+00   0.98488E-03
       GC_400 =   0.00000E+00   0.52490E+02
       GC_809 =  -0.00000E+00  -0.72171E-02
      GC_1073 =  -0.00000E+00  -0.46172E+00

 Collider parameters:
 --------------------

 Running at P P   machine @    13000.000000000000       GeV
 PDF set = lhapdf 
 alpha_s(Mz)= 0.1127 running at 3 loops.
 alpha_s(Mz)= 0.1127 running at 3 loops.
 Renormalization scale set on event-by-event basis
 Factorization   scale set on event-by-event basis


 getting user params
Enter number of events and max and min iterations: 
 Number of events and iterations         2000           8           3
Enter desired fractional accuracy: 
 Desired fractional accuracy:    1.0000000000000000E-002
Enter 0 for fixed, 2 for adjustable grid: 
Suppress amplitude (0 no, 1 yes)? 
 Using suppressed amplitude.
Exact helicity sum (0 yes, n = number/event)? 
 Explicitly summing over helicities
Enter Configuration Number: 
Running Configuration Number:  425
 Using dconfig=          71
 BW Setting            2           2           1           2           0           0
 Attempting mappinvarients           1           8
 Completed mapping           8
 about to integrate           16        2000           8           3          16           1
 Using non-zero grid deformation.
 16 dimensions   2000 events 16 invarients  8 iterations  1 config(s),  (0.99)
 Using h-tuple random number sequence.
 Error opening grid
 Using Uniform Grid!          32
 Using uniform alpha   1.0000000000000000     
 Grid defined OK
 Set CM energy to      13000.00
 Mapping Graph         425  to config         425
Setting grid   1    0.59172E-04   1
Setting grid   2    0.18685E-07   1
 Setting BW          -3           3   125.09000000000000     
Setting grid   4    0.95208E-04   1
 Transforming s_hat 1/s           15   9.5207530273505944E-005   10000.000000000000        168999999.99999997     
 425   1   2   3   4   5   6   7   8   9  10  11  12  13  14
  15  16
 Masses: 0.000E+00 0.000E+00 0.178E+01 0.178E+01 0.000E+00 0.000E+00 0.000E+00 0.000E+00
Using random seed offsets   425 :      1
  with seed                   24
 Ranmar initialization seeds         155        9398
 
 ********************************************
 * You are using the DiscreteSampler module *
 *      part of the MG5_aMC framework       *
 *         Author: Valentin Hirschi         *
 ********************************************
 
  Particle       3       4       5       6       7       8
      Et >     0.0     0.0     0.0     0.0    10.0    10.0
       E >     0.0     0.0     0.0     0.0     0.0     0.0
     Eta <    -1.0    -1.0    -1.0    -1.0     6.5     6.5
   xqcut:      0.0     0.0     0.0     0.0     0.0     0.0
d R # 3  >    -0.0     0.4     0.0     0.0     0.4     0.4
d R # 4  >    -0.0    -0.0     0.0     0.0     0.4     0.4
d R # 5  >    -0.0    -0.0    -0.0     0.0     0.0     0.0
d R # 6  >    -0.0    -0.0    -0.0    -0.0     0.0     0.0
d R # 7  >    -0.0    -0.0    -0.0    -0.0    -0.0     0.4
s min # 3>     0.0     0.0     0.0     0.0     0.0     0.0
s min # 4>     0.0     0.0     0.0     0.0     0.0     0.0
s min # 5>     0.0     0.0     0.0     0.0     0.0     0.0
s min # 6>     0.0     0.0     0.0     0.0     0.0     0.0
s min # 7>     0.0     0.0     0.0     0.0     0.0 10000.0
xqcutij # 3>     0.0     0.0     0.0     0.0     0.0     0.0
xqcutij # 4>     0.0     0.0     0.0     0.0     0.0     0.0
xqcutij # 5>     0.0     0.0     0.0     0.0     0.0     0.0
xqcutij # 6>     0.0     0.0     0.0     0.0     0.0     0.0
xqcutij # 7>     0.0     0.0     0.0     0.0     0.0     0.0
 Excluding BW           -1           1
 Excluding BW           -2           2
 Requiring BW           -3           3
 Excluding BW           -5           4
 alpha_s for scale    50.979793616330802       is   0.12412221720444810     
 Added good helicity          193  -58.387926871478001       in event            1 local:           1
 Added good helicity          209   186.42338192483669       in event            1 local:           1
 Added good helicity          225  -8.2625710417265719       in event            1 local:           1
 Added good helicity          241  -2.9261201619586932       in event            1 local:           1
 Added good helicity          193  -58.387926871476573       in event            1 local:           1
 Added good helicity          209   186.42338192483811       in event            1 local:           1
 Added good helicity          225  -8.2625710417265807       in event            1 local:           1
 Added good helicity          241  -2.9261201619586941       in event            1 local:           1
 RESET CUMULATIVE VARIABLE
 RESET CUMULATIVE VARIABLE
 RESET CUMULATIVE VARIABLE
 Iteration  1   Mean: 0.9991E-13 Abs mean: 0.1026E-12   Fluctuation:  0.560E-13   0.107E-09    10.5%
  1    0.9991E-13 0.1026E-12 +- 0.5596E-13     24.39
 Writing out events   6.1261627828264780E-017   24.391121555035745     
 Relative summed weights:
  0.0000E+00  0.0000E+00  0.1001E+00  0.3898E-02  0.0000E+00  0.0000E+00  0.0000E+00  0.0000E+00  0.5939E-02  0.2933E-01  0.0000E+00  0.0000E+00  0.0000E+00  0.0000E+00
  0.0000E+00  0.0000E+00  0.1724E-01  0.7233E-02  0.0000E+00  0.0000E+00  0.0000E+00  0.0000E+00  0.1786E-01  0.5855E+00  0.0000E+00  0.0000E+00  0.0000E+00  0.0000E+00
  0.0000E+00  0.0000E+00  0.6003E-02  0.5301E-01  0.0000E+00  0.0000E+00  0.0000E+00  0.0000E+00  0.4095E-02  0.4305E-02  0.0000E+00  0.0000E+00  0.0000E+00  0.0000E+00
  0.0000E+00  0.0000E+00  0.1262E+00  0.9171E-03  0.0000E+00  0.0000E+00  0.0000E+00  0.0000E+00  0.3233E-01  0.6035E-02  0.0000E+00  0.0000E+00  0.0000E+00  0.0000E+00
 Relative number of events:
  0.0000E+00  0.0000E+00  0.5914E-01  0.5781E-01  0.0000E+00  0.0000E+00  0.0000E+00  0.0000E+00  0.5847E-01  0.5316E-01  0.0000E+00  0.0000E+00  0.0000E+00  0.0000E+00
  0.0000E+00  0.0000E+00  0.6777E-01  0.6910E-01  0.0000E+00  0.0000E+00  0.0000E+00  0.0000E+00  0.7176E-01  0.6844E-01  0.0000E+00  0.0000E+00  0.0000E+00  0.0000E+00
  0.0000E+00  0.0000E+00  0.6047E-01  0.6512E-01  0.0000E+00  0.0000E+00  0.0000E+00  0.0000E+00  0.6379E-01  0.5648E-01  0.0000E+00  0.0000E+00  0.0000E+00  0.0000E+00
  0.0000E+00  0.0000E+00  0.6578E-01  0.6379E-01  0.0000E+00  0.0000E+00  0.0000E+00  0.0000E+00  0.6179E-01  0.5714E-01  0.0000E+00  0.0000E+00  0.0000E+00  0.0000E+00
 Events:
           0           0          89          87           0           0           0           0          88          80           0           0           0           0
           0           0         102         104           0           0           0           0         108         103           0           0           0           0
           0           0          91          98           0           0           0           0          96          85           0           0           0           0
           0           0          99          96           0           0           0           0          93          86           0           0           0           0
 Iteration  2   Mean: 0.1542E-13 Abs mean: 0.3114E-13   Fluctuation:  0.614E-14   0.195E-10    39.1%
  2    0.1542E-13 0.3114E-13 +- 0.6144E-14     12.48
 Relative summed weights:
  0.0000E+00  0.0000E+00  0.6405E-01  0.4563E-01  0.0000E+00  0.0000E+00  0.0000E+00  0.0000E+00  0.2299E-01  0.7562E-01  0.0000E+00  0.0000E+00  0.0000E+00  0.0000E+00
  0.0000E+00  0.0000E+00  0.5756E-01  0.5216E-01  0.0000E+00  0.0000E+00  0.0000E+00  0.0000E+00  0.2437E-01  0.1039E+00  0.0000E+00  0.0000E+00  0.0000E+00  0.0000E+00
  0.0000E+00  0.0000E+00  0.6072E-01  0.4289E-01  0.0000E+00  0.0000E+00  0.0000E+00  0.0000E+00  0.1925E-01  0.2272E-01  0.0000E+00  0.0000E+00  0.0000E+00  0.0000E+00
  0.0000E+00  0.0000E+00  0.1038E+00  0.2396E+00  0.0000E+00  0.0000E+00  0.0000E+00  0.0000E+00  0.2941E-01  0.3534E-01  0.0000E+00  0.0000E+00  0.0000E+00  0.0000E+00
 Relative number of events:
  0.0000E+00  0.0000E+00  0.5675E-01  0.6645E-01  0.0000E+00  0.0000E+00  0.0000E+00  0.0000E+00  0.5763E-01  0.6851E-01  0.0000E+00  0.0000E+00  0.0000E+00  0.0000E+00
  0.0000E+00  0.0000E+00  0.5998E-01  0.5939E-01  0.0000E+00  0.0000E+00  0.0000E+00  0.0000E+00  0.6527E-01  0.6498E-01  0.0000E+00  0.0000E+00  0.0000E+00  0.0000E+00
  0.0000E+00  0.0000E+00  0.6116E-01  0.6439E-01  0.0000E+00  0.0000E+00  0.0000E+00  0.0000E+00  0.6586E-01  0.6439E-01  0.0000E+00  0.0000E+00  0.0000E+00  0.0000E+00
  0.0000E+00  0.0000E+00  0.6292E-01  0.6557E-01  0.0000E+00  0.0000E+00  0.0000E+00  0.0000E+00  0.5293E-01  0.6380E-01  0.0000E+00  0.0000E+00  0.0000E+00  0.0000E+00
 Events:
           0           0         193         226           0           0           0           0         196         233           0           0           0           0
           0           0         204         202           0           0           0           0         222         221           0           0           0           0
           0           0         208         219           0           0           0           0         224         219           0           0           0           0
           0           0         214         223           0           0           0           0         180         217           0           0           0           0
 Iteration  3   Mean: 0.1186E-13 Abs mean: 0.3331E-13   Fluctuation:  0.272E-14   0.120E-10    49.1%
  3    0.1186E-13 0.3331E-13 +- 0.2721E-14      7.31
 Relative summed weights:
  0.0000E+00  0.0000E+00  0.8663E-01  0.6997E-01  0.0000E+00  0.0000E+00  0.0000E+00  0.0000E+00  0.5395E-01  0.6158E-01  0.0000E+00  0.0000E+00  0.0000E+00  0.0000E+00
  0.0000E+00  0.0000E+00  0.4959E-01  0.6308E-01  0.0000E+00  0.0000E+00  0.0000E+00  0.0000E+00  0.5064E-01  0.7387E-01  0.0000E+00  0.0000E+00  0.0000E+00  0.0000E+00
  0.0000E+00  0.0000E+00  0.5493E-01  0.5044E-01  0.0000E+00  0.0000E+00  0.0000E+00  0.0000E+00  0.4840E-01  0.4800E-01  0.0000E+00  0.0000E+00  0.0000E+00  0.0000E+00
  0.0000E+00  0.0000E+00  0.6297E-01  0.7948E-01  0.0000E+00  0.0000E+00  0.0000E+00  0.0000E+00  0.7255E-01  0.7392E-01  0.0000E+00  0.0000E+00  0.0000E+00  0.0000E+00
 Relative number of events:
  0.0000E+00  0.0000E+00  0.5959E-01  0.6664E-01  0.0000E+00  0.0000E+00  0.0000E+00  0.0000E+00  0.6117E-01  0.6218E-01  0.0000E+00  0.0000E+00  0.0000E+00  0.0000E+00
  0.0000E+00  0.0000E+00  0.6477E-01  0.6074E-01  0.0000E+00  0.0000E+00  0.0000E+00  0.0000E+00  0.6693E-01  0.5757E-01  0.0000E+00  0.0000E+00  0.0000E+00  0.0000E+00
  0.0000E+00  0.0000E+00  0.6621E-01  0.5973E-01  0.0000E+00  0.0000E+00  0.0000E+00  0.0000E+00  0.6131E-01  0.5714E-01  0.0000E+00  0.0000E+00  0.0000E+00  0.0000E+00
  0.0000E+00  0.0000E+00  0.6218E-01  0.6635E-01  0.0000E+00  0.0000E+00  0.0000E+00  0.0000E+00  0.5887E-01  0.6865E-01  0.0000E+00  0.0000E+00  0.0000E+00  0.0000E+00
 Events:
           0           0         414         463           0           0           0           0         425         432           0           0           0           0
           0           0         450         422           0           0           0           0         465         400           0           0           0           0
           0           0         460         415           0           0           0           0         426         397           0           0           0           0
           0           0         432         461           0           0           0           0         409         477           0           0           0           0
 Accuracy:    0.196   0.010   0.075   6.837
 Found          851  events.
 Wrote           11  events.
 Actual xsec    1.4022112076429776E-014
 Correct abs xsec    3.4300011234060250E-014
 Event xsec    3.4300011234060250E-014
 Events wgts > 1:            1
 % Cross section > 1:    1.3496383267534231E-022   3.9348043286155515E-007
 Iteration  4   Mean: 0.1108E-13 Abs mean: 0.4334E-13   Fluctuation:  0.325E-14   0.304E-10    55.1%
  4    0.1108E-13 0.4334E-13 +- 0.3252E-14      9.49
 Relative summed weights:
  0.0000E+00  0.0000E+00  0.6392E-01  0.6026E-01  0.0000E+00  0.0000E+00  0.0000E+00  0.0000E+00  0.5270E-01  0.7576E-01  0.0000E+00  0.0000E+00  0.0000E+00  0.0000E+00
  0.0000E+00  0.0000E+00  0.6078E-01  0.5534E-01  0.0000E+00  0.0000E+00  0.0000E+00  0.0000E+00  0.6892E-01  0.6519E-01  0.0000E+00  0.0000E+00  0.0000E+00  0.0000E+00
  0.0000E+00  0.0000E+00  0.5907E-01  0.5890E-01  0.0000E+00  0.0000E+00  0.0000E+00  0.0000E+00  0.5210E-01  0.5690E-01  0.0000E+00  0.0000E+00  0.0000E+00  0.0000E+00
  0.0000E+00  0.0000E+00  0.7424E-01  0.6973E-01  0.0000E+00  0.0000E+00  0.0000E+00  0.0000E+00  0.6065E-01  0.6552E-01  0.0000E+00  0.0000E+00  0.0000E+00  0.0000E+00
 Relative number of events:
  0.0000E+00  0.0000E+00  0.6274E-01  0.6374E-01  0.0000E+00  0.0000E+00  0.0000E+00  0.0000E+00  0.5868E-01  0.5825E-01  0.0000E+00  0.0000E+00  0.0000E+00  0.0000E+00
  0.0000E+00  0.0000E+00  0.5996E-01  0.6538E-01  0.0000E+00  0.0000E+00  0.0000E+00  0.0000E+00  0.6388E-01  0.6559E-01  0.0000E+00  0.0000E+00  0.0000E+00  0.0000E+00
  0.0000E+00  0.0000E+00  0.6260E-01  0.6424E-01  0.0000E+00  0.0000E+00  0.0000E+00  0.0000E+00  0.5932E-01  0.5946E-01  0.0000E+00  0.0000E+00  0.0000E+00  0.0000E+00
  0.0000E+00  0.0000E+00  0.6267E-01  0.6695E-01  0.0000E+00  0.0000E+00  0.0000E+00  0.0000E+00  0.6402E-01  0.6253E-01  0.0000E+00  0.0000E+00  0.0000E+00  0.0000E+00
 Events:
           0           0         880         894           0           0           0           0         823         817           0           0           0           0
           0           0         841         917           0           0           0           0         896         920           0           0           0           0
           0           0         878         901           0           0           0           0         832         834           0           0           0           0
           0           0         879         939           0           0           0           0         898         877           0           0           0           0
 Accuracy:    0.120   0.010   0.053   5.174
 Found         1981  events.
 Wrote           25  events.
 Actual xsec    1.1724463912481686E-014
 Correct abs xsec    3.8198444128925273E-014
 Event xsec    3.8198444128925261E-014
 Events wgts > 1:            1
 % Cross section > 1:    1.7863749952804793E-022   4.6765648078523981E-007
 Iteration  5   Mean: 0.9993E-14 Abs mean: 0.4460E-13   Fluctuation:  0.211E-14   0.317E-10    57.5%
  5    0.9993E-14 0.4460E-13 +- 0.2106E-14      8.45
 Relative summed weights:
  0.0000E+00  0.0000E+00  0.6129E-01  0.6760E-01  0.0000E+00  0.0000E+00  0.0000E+00  0.0000E+00  0.6007E-01  0.6263E-01  0.0000E+00  0.0000E+00  0.0000E+00  0.0000E+00
  0.0000E+00  0.0000E+00  0.6385E-01  0.6096E-01  0.0000E+00  0.0000E+00  0.0000E+00  0.0000E+00  0.6382E-01  0.6074E-01  0.0000E+00  0.0000E+00  0.0000E+00  0.0000E+00
  0.0000E+00  0.0000E+00  0.5588E-01  0.6328E-01  0.0000E+00  0.0000E+00  0.0000E+00  0.0000E+00  0.6390E-01  0.6696E-01  0.0000E+00  0.0000E+00  0.0000E+00  0.0000E+00
  0.0000E+00  0.0000E+00  0.6292E-01  0.6256E-01  0.0000E+00  0.0000E+00  0.0000E+00  0.0000E+00  0.6488E-01  0.5866E-01  0.0000E+00  0.0000E+00  0.0000E+00  0.0000E+00
 Relative number of events:
  0.0000E+00  0.0000E+00  0.6285E-01  0.6128E-01  0.0000E+00  0.0000E+00  0.0000E+00  0.0000E+00  0.5834E-01  0.6114E-01  0.0000E+00  0.0000E+00  0.0000E+00  0.0000E+00
  0.0000E+00  0.0000E+00  0.6192E-01  0.6167E-01  0.0000E+00  0.0000E+00  0.0000E+00  0.0000E+00  0.6199E-01  0.6405E-01  0.0000E+00  0.0000E+00  0.0000E+00  0.0000E+00
  0.0000E+00  0.0000E+00  0.6157E-01  0.6370E-01  0.0000E+00  0.0000E+00  0.0000E+00  0.0000E+00  0.6423E-01  0.6356E-01  0.0000E+00  0.0000E+00  0.0000E+00  0.0000E+00
  0.0000E+00  0.0000E+00  0.6217E-01  0.6572E-01  0.0000E+00  0.0000E+00  0.0000E+00  0.0000E+00  0.6430E-01  0.6150E-01  0.0000E+00  0.0000E+00  0.0000E+00  0.0000E+00
 Events:
           0           0        1770        1726           0           0           0           0        1643        1722           0           0           0           0
           0           0        1744        1737           0           0           0           0        1746        1804           0           0           0           0
           0           0        1734        1794           0           0           0           0        1809        1790           0           0           0           0
           0           0        1751        1851           0           0           0           0        1811        1732           0           0           0           0
 Accuracy:    0.073   0.010   0.035   4.250
 Found         3605  events.
 Wrote           70  events.
 Actual xsec    1.0601868874362360E-014
 Correct abs xsec    4.2128645070912364E-014
 Event xsec    4.2128645070912383E-014
 Events wgts > 1:            2
 % Cross section > 1:    2.6723719769224382E-016  0.63433608472909819     
 Iteration  6   Mean: -.5620E-14 Abs mean: 0.5937E-13   Fluctuation:  0.120E-13   0.616E-09    59.1%
  6   -0.5620E-14 0.5937E-13 +- 0.1196E-13     50.97
 Relative summed weights:
  0.0000E+00  0.0000E+00  0.6179E-01  0.6125E-01  0.0000E+00  0.0000E+00  0.0000E+00  0.0000E+00  0.6299E-01  0.6645E-01  0.0000E+00  0.0000E+00  0.0000E+00  0.0000E+00
  0.0000E+00  0.0000E+00  0.6326E-01  0.6626E-01  0.0000E+00  0.0000E+00  0.0000E+00  0.0000E+00  0.6241E-01  0.6358E-01  0.0000E+00  0.0000E+00  0.0000E+00  0.0000E+00
  0.0000E+00  0.0000E+00  0.6351E-01  0.6216E-01  0.0000E+00  0.0000E+00  0.0000E+00  0.0000E+00  0.6096E-01  0.6318E-01  0.0000E+00  0.0000E+00  0.0000E+00  0.0000E+00
  0.0000E+00  0.0000E+00  0.6001E-01  0.6472E-01  0.0000E+00  0.0000E+00  0.0000E+00  0.0000E+00  0.5908E-01  0.5837E-01  0.0000E+00  0.0000E+00  0.0000E+00  0.0000E+00
 Relative number of events:
  0.0000E+00  0.0000E+00  0.6289E-01  0.6213E-01  0.0000E+00  0.0000E+00  0.0000E+00  0.0000E+00  0.6293E-01  0.6128E-01  0.0000E+00  0.0000E+00  0.0000E+00  0.0000E+00
  0.0000E+00  0.0000E+00  0.6202E-01  0.6234E-01  0.0000E+00  0.0000E+00  0.0000E+00  0.0000E+00  0.6305E-01  0.6434E-01  0.0000E+00  0.0000E+00  0.0000E+00  0.0000E+00
  0.0000E+00  0.0000E+00  0.6186E-01  0.6248E-01  0.0000E+00  0.0000E+00  0.0000E+00  0.0000E+00  0.6277E-01  0.6225E-01  0.0000E+00  0.0000E+00  0.0000E+00  0.0000E+00
  0.0000E+00  0.0000E+00  0.6356E-01  0.6293E-01  0.0000E+00  0.0000E+00  0.0000E+00  0.0000E+00  0.6146E-01  0.6171E-01  0.0000E+00  0.0000E+00  0.0000E+00  0.0000E+00
 Events:
           0           0        3557        3514           0           0           0           0        3559        3466           0           0           0           0
           0           0        3508        3526           0           0           0           0        3566        3639           0           0           0           0
           0           0        3499        3534           0           0           0           0        3550        3521           0           0           0           0
           0           0        3595        3559           0           0           0           0        3476        3490           0           0           0           0
 Accuracy:    0.070   0.010   0.035   4.112
 Found         7386  events.
 Wrote           14  events.
 Actual xsec    9.6987419499734201E-015
 Correct abs xsec    4.4812818329678097E-014
 Event xsec    4.4812818329678103E-014
 Events wgts > 1:            0
 % Cross section > 1:    0.0000000000000000        0.0000000000000000     
 Iteration  7   Mean: 0.4683E-14 Abs mean: 0.4960E-13   Fluctuation:  0.292E-14   0.295E-09    60.0%
  7    0.4683E-14 0.4960E-13 +- 0.2915E-14     21.03
 Relative summed weights:
  0.0000E+00  0.0000E+00  0.6157E-01  0.6376E-01  0.0000E+00  0.0000E+00  0.0000E+00  0.0000E+00  0.6234E-01  0.6242E-01  0.0000E+00  0.0000E+00  0.0000E+00  0.0000E+00
  0.0000E+00  0.0000E+00  0.6098E-01  0.6254E-01  0.0000E+00  0.0000E+00  0.0000E+00  0.0000E+00  0.6175E-01  0.6196E-01  0.0000E+00  0.0000E+00  0.0000E+00  0.0000E+00
  0.0000E+00  0.0000E+00  0.6412E-01  0.6238E-01  0.0000E+00  0.0000E+00  0.0000E+00  0.0000E+00  0.6522E-01  0.6233E-01  0.0000E+00  0.0000E+00  0.0000E+00  0.0000E+00
  0.0000E+00  0.0000E+00  0.6242E-01  0.6376E-01  0.0000E+00  0.0000E+00  0.0000E+00  0.0000E+00  0.6059E-01  0.6188E-01  0.0000E+00  0.0000E+00  0.0000E+00  0.0000E+00
 Relative number of events:
  0.0000E+00  0.0000E+00  0.6379E-01  0.6306E-01  0.0000E+00  0.0000E+00  0.0000E+00  0.0000E+00  0.6226E-01  0.6179E-01  0.0000E+00  0.0000E+00  0.0000E+00  0.0000E+00
  0.0000E+00  0.0000E+00  0.6232E-01  0.6289E-01  0.0000E+00  0.0000E+00  0.0000E+00  0.0000E+00  0.6253E-01  0.6219E-01  0.0000E+00  0.0000E+00  0.0000E+00  0.0000E+00
  0.0000E+00  0.0000E+00  0.6152E-01  0.6335E-01  0.0000E+00  0.0000E+00  0.0000E+00  0.0000E+00  0.6305E-01  0.6281E-01  0.0000E+00  0.0000E+00  0.0000E+00  0.0000E+00
  0.0000E+00  0.0000E+00  0.6313E-01  0.6303E-01  0.0000E+00  0.0000E+00  0.0000E+00  0.0000E+00  0.6071E-01  0.6158E-01  0.0000E+00  0.0000E+00  0.0000E+00  0.0000E+00
 Events:
           0           0        7170        7088           0           0           0           0        6999        6946           0           0           0           0
           0           0        7005        7069           0           0           0           0        7029        6991           0           0           0           0
           0           0        6915        7121           0           0           0           0        7087        7060           0           0           0           0
           0           0        7096        7085           0           0           0           0        6824        6922           0           0           0           0
 Accuracy:    0.060   0.010   0.030   4.056
 Found        11140  events.
 Wrote           13  events.
 Actual xsec    7.4724271498147016E-015
Thanks for using LHAPDF 6.2.1. Please make sure to cite the paper:
  Eur.Phys.J. C75 (2015) 3, 132  (http://arxiv.org/abs/1412.7420)
 Correct abs xsec    4.6974683178082658E-014
 Event xsec    4.6974683178082639E-014
 Events wgts > 1:            1
 % Cross section > 1:    6.1175052483734914E-023   1.3022983518977273E-007
 Iteration  8   Mean: 0.7995E-14 Abs mean: 0.4570E-13   Fluctuation:  0.966E-15   0.817E-10    60.1%
  8    0.7995E-14 0.4570E-13 +- 0.9663E-15     10.70
 Relative summed weights:
  0.0000E+00  0.0000E+00  0.6027E-01  0.6279E-01  0.0000E+00  0.0000E+00  0.0000E+00  0.0000E+00  0.6315E-01  0.6167E-01  0.0000E+00  0.0000E+00  0.0000E+00  0.0000E+00
  0.0000E+00  0.0000E+00  0.6362E-01  0.6354E-01  0.0000E+00  0.0000E+00  0.0000E+00  0.0000E+00  0.6208E-01  0.6121E-01  0.0000E+00  0.0000E+00  0.0000E+00  0.0000E+00
  0.0000E+00  0.0000E+00  0.6050E-01  0.6149E-01  0.0000E+00  0.0000E+00  0.0000E+00  0.0000E+00  0.6278E-01  0.6352E-01  0.0000E+00  0.0000E+00  0.0000E+00  0.0000E+00
  0.0000E+00  0.0000E+00  0.6243E-01  0.6291E-01  0.0000E+00  0.0000E+00  0.0000E+00  0.0000E+00  0.6386E-01  0.6417E-01  0.0000E+00  0.0000E+00  0.0000E+00  0.0000E+00
 Relative number of events:
  0.0000E+00  0.0000E+00  0.6111E-01  0.6244E-01  0.0000E+00  0.0000E+00  0.0000E+00  0.0000E+00  0.6231E-01  0.6261E-01  0.0000E+00  0.0000E+00  0.0000E+00  0.0000E+00
  0.0000E+00  0.0000E+00  0.6249E-01  0.6187E-01  0.0000E+00  0.0000E+00  0.0000E+00  0.0000E+00  0.6287E-01  0.6269E-01  0.0000E+00  0.0000E+00  0.0000E+00  0.0000E+00
  0.0000E+00  0.0000E+00  0.6210E-01  0.6245E-01  0.0000E+00  0.0000E+00  0.0000E+00  0.0000E+00  0.6201E-01  0.6298E-01  0.0000E+00  0.0000E+00  0.0000E+00  0.0000E+00
  0.0000E+00  0.0000E+00  0.6242E-01  0.6363E-01  0.0000E+00  0.0000E+00  0.0000E+00  0.0000E+00  0.6269E-01  0.6335E-01  0.0000E+00  0.0000E+00  0.0000E+00  0.0000E+00
 Events:
           0           0       13698       13997           0           0           0           0       13967       14035           0           0           0           0
           0           0       14008       13868           0           0           0           0       14093       14052           0           0           0           0
           0           0       13921       13998           0           0           0           0       13900       14117           0           0           0           0
           0           0       13993       14264           0           0           0           0       14052       14201           0           0           0           0
 Accuracy:    0.032   0.010   0.017   3.433
 Found        26965  events.
 Wrote          214  events.
 Actual xsec    7.4873125684646141E-015
 Correct abs xsec    4.6277532061682008E-014
 Event xsec    4.6277532061681926E-014
 Events wgts > 1:            7
 % Cross section > 1:    4.4368471390359633E-016  0.95874756958133023     

 -------------------------------------------------------------------------------
 Accumulated results:   Integral =  0.4526E-13
                        Std dev  =  0.7813E-15
                       Cross sec =  0.8361E-14
             Chi**2 per DoF.     =      3.4335
 -------------------------------------------------------------------------------
-------------------------------------------------
---------------------------
 Results Last   3 iters: Integral =   0.7487E-14
                     Abs integral =   0.4628E-13
                          Std dev =   0.9162E-15
                  Chi**2 per DoF. =      1.4268
-------------------------------------------------
---------------------------
 Status   1.0000000000000000E-002           9           8

ls status:
events.lhe
ftn26
input_app.txt
results.dat
run1_app.log
