==== LHAPDF6 USING DEFAULT-TYPE LHAGLUE INTERFACE ====
LHAPDF 6.2.1 loading /cvmfs/cms.cern.ch/slc6_amd64_gcc630/external/lhapdf/6.2.1-ghjeda2/share/LHAPDF/NNPDF31_nnlo_as_0118_nf_4_mc_hessian/NNPDF31_nnlo_as_0118_nf_4_mc_hessian_0000.dat
NNPDF31_nnlo_as_0118_nf_4_mc_hessian PDF set, member #0, version 1; LHAPDF ID = 325500
 Process in group number            2
 A PDF is used, so alpha_s(MZ) is going to be modified
 Old value of alpha_s from param_card:   0.11810000000000001     
 New value of alpha_s from PDF lhapdf :  0.11266013434007299     
 using LHAPDF
 Define smin to   10000.000000000000     
 Define smin to   10000.000000000000     
 Define smin to   10000.000000000000     
 Define smin to   10000.000000000000     
 Define smin to   10000.000000000000     
 Define smin to   10000.000000000000     
 Define smin to   10000.000000000000     
 *****************************************************
 *               MadGraph/MadEvent                   *
 *        --------------------------------           *
 *          http://madgraph.hep.uiuc.edu             *
 *          http://madgraph.phys.ucl.ac.be           *
 *          http://madgraph.roma2.infn.it            *
 *        --------------------------------           *
 *                                                   *
 *          PARAMETER AND COUPLING VALUES            *
 *                                                   *
 *****************************************************

  External Params
  ---------------------------------
  
 mdl_MW0 =    80.387000000000000     
 mdl_Gf =    1.1663789999999999E-005
 aS =   0.11810000000000001     
 mdl_ymdo =    1.0000000000000000E-099
 mdl_ymb =    4.1799999999999997     
 mdl_ymt =    173.19999999999999     
 mdl_ymtau =    1.7769999999999999     
 mdl_LambdaSMEFT =    1000.0000000000000     
 mdl_cW =    1.0000000000000000     
 mdl_MZ =    91.187600000000003     
 mdl_MTA =    1.7769999999999999     
 mdl_MT =    173.19999999999999     
 mdl_MB =    4.1799999999999997     
 mdl_MH =    125.09000000000000     
 mdl_WZ =    2.4952000000000001     
 mdl_WW =    2.0850000000000000     
 mdl_WT =    1.5083359999999999     
 mdl_WH =    4.0699999999999998E-003
  Internal Params
  ---------------------------------
  
 mdl_ymm =    1.0000000000000000E-099
 mdl_yme =    1.0000000000000000E-099
 mdl_ymc =    1.0000000000000000E-099
 mdl_yms =    1.0000000000000000E-099
 mdl_ymup =    1.0000000000000000E-099
 mdl_conjg__CKM3x3 =    1.0000000000000000     
 mdl_cH =    0.0000000000000000     
 mdl_cHB =    0.0000000000000000     
 mdl_CKM2x2 =    1.0000000000000000     
 mdl_CKM1x1 =    1.0000000000000000     
 mdl_conjg__CKM1x1 =    1.0000000000000000     
 mdl_dGf =    0.0000000000000000     
 mdl_CKM3x3 =    1.0000000000000000     
 mdl_dMH2 =    0.0000000000000000     
 mdl_conjg__CKM2x2 =    1.0000000000000000     
 mdl_dg1 =    0.0000000000000000     
 mdl_cHW =    0.0000000000000000     
 mdl_dgw =    0.0000000000000000     
 mdl_complexi =  (  0.0000000000000000     ,  1.0000000000000000     )
 mdl_MW =    80.387000000000000     
 mdl_nb__2__exp__0_25 =    1.1892071150027210     
 mdl_MH__exp__2 =    15647.508100000001     
 mdl_sqrt__2 =    1.4142135623730951     
 mdl_MW__exp__2 =    6462.0697689999997     
 mdl_MZ__exp__2 =    8315.1783937600012     
 mdl_sth2 =   0.22285855299877133     
 mdl_MH__exp__6 =    3831206449390.3818     
 mdl_MT__exp__6 =    26995248278778.535     
 mdl_MH__exp__4 =    244844509.73956564     
 mdl_MT__exp__4 =    899894403.09759963     
 mdl_MT__exp__2 =    29998.239999999994     
 mdl_LambdaSMEFT__exp__2 =    1000000.0000000000     
 mdl_cth =   0.88155626422890820     
 mdl_sqrt__sth2 =   0.47207896902824564     
 mdl_sth =   0.47207896902824564     
 mdl_MW0__exp__6 =    269845343347.69711     
 mdl_MW0__exp__4 =    41758345.699423708     
 mdl_MW0__exp__2 =    6462.0697689999997     
 mdl_MZ__exp__4 =    69142191.720053151     
 mdl_MZ__exp__6 =    574929658687.79749     
 mdl_cth__exp__2 =   0.77714144700122867     
 mdl_sth__exp__2 =   0.22285855299877130     
 mdl_sth__exp__3 =   0.10520683593878660     
 mdl_cth__exp__3 =   0.68509391079585125     
 mdl_sth__exp__4 =    4.9665934644706158E-002
 mdl_sqrt__Gf =    3.4152291284773265E-003
 mdl_vevhat =    246.21961912951551     
 mdl_lam =   0.12905352724481209     
 mdl_aEW =    7.5614618607353409E-003
 mdl_yb =    2.4008698866559607E-002
 mdl_yc =    5.7437078628133041E-102
 mdl_ydo =    5.7437078628133041E-102
 mdl_ye =    5.7437078628133041E-102
 mdl_ym =    5.7437078628133041E-102
 mdl_ys =    5.7437078628133041E-102
 mdl_yt =   0.99481020183926416     
 mdl_ytau =    1.0206568872219240E-002
 mdl_yup =    5.7437078628133041E-102
 mdl_vevhat__exp__2 =    60624.100844283676     
 mdl_barlam =   0.12905352724481209     
 mdl_vevT =    246.21961912951551     
 mdl_sqrt__aEW =    8.6956666568672819E-002
 mdl_ee =   0.30825335704310214     
 mdl_gwsh =   0.65296989967087182     
 mdl_vev =    246.21961912951551     
 mdl_g1 =   0.34966952144878632     
 mdl_gw =   0.65296989967087182     
 mdl_ee__exp__2 =    9.5020132128342205E-002
 mdl_gHaa =   -1.9303830602986922E-003
 mdl_gHza =   -6.8546472954154700E-003
 mdl_g1sh =   0.34966952144878632     
 mdl_I1d11 =  (  5.7437078628133041E-102,  0.0000000000000000     )
 mdl_I1d22 =  (  5.7437078628133041E-102,  0.0000000000000000     )
 mdl_I1d33 =  (  2.4008698866559607E-002,  0.0000000000000000     )
 mdl_I2d11 =  (  5.7437078628133041E-102,  0.0000000000000000     )
 mdl_I2d22 =  (  5.7437078628133041E-102,  0.0000000000000000     )
 mdl_I2d33 =  ( 0.99481020183926416     ,  0.0000000000000000     )
 mdl_I3d11 =  (  5.7437078628133041E-102,  0.0000000000000000     )
 mdl_I3d22 =  (  5.7437078628133041E-102,  0.0000000000000000     )
 mdl_I3d33 =  (  2.4008698866559607E-002,  0.0000000000000000     )
 mdl_I4d11 =  (  5.7437078628133041E-102,  0.0000000000000000     )
 mdl_I4d22 =  (  5.7437078628133041E-102,  0.0000000000000000     )
 mdl_I4d33 =  ( 0.99481020183926416     ,  0.0000000000000000     )
 mdl_I5d11 =  (  5.7437078628133041E-102,  0.0000000000000000     )
 mdl_I5d22 =  (  5.7437078628133041E-102,  0.0000000000000000     )
 mdl_I5d33 =  (  2.4008698866559607E-002,  0.0000000000000000     )
 mdl_I6d11 =  (  5.7437078628133041E-102,  0.0000000000000000     )
 mdl_I6d22 =  (  5.7437078628133041E-102,  0.0000000000000000     )
 mdl_I6d33 =  ( 0.99481020183926416     ,  0.0000000000000000     )
 mdl_ee__exp__3 =    2.9290274715240611E-002
 mdl_vevhat__exp__3 =    14926843.019948866     
  Internal Params evaluated point by point
  ----------------------------------------
  
 mdl_sqrt__aS =   0.34365680554879169     
 mdl_G__exp__2 =    1.4840883695558185     
 mdl_gHgg =    3.2334372328970845E-003
 mdl_G__exp__3 =  (  1.8079634332366095     ,  0.0000000000000000     )
  Couplings of SMEFTsim_A_U35_MwScheme_UFO_v3_1-cW_massless
  ---------------------------------
  
        GC_64 =   0.00000E+00   0.52893E-05
       GC_345 =   0.00000E+00   0.28325E-05
         GC_1 =   0.00000E+00   0.10275E+00
         GC_2 =  -0.00000E+00  -0.20550E+00
         GC_3 =  -0.00000E+00  -0.30825E+00
       GC_278 =  -0.00000E+00  -0.37035E+00
       GC_280 =  -0.00000E+00  -0.57563E+00
       GC_318 =   0.00000E+00   0.39178E-05
       GC_328 =  -0.00000E+00  -0.55024E-01
       GC_329 =   0.00000E+00   0.11005E+00
       GC_330 =  -0.00000E+00  -0.16507E+00
      GC_1073 =  -0.00000E+00  -0.46172E+00

 Collider parameters:
 --------------------

 Running at P P   machine @    13000.000000000000       GeV
 PDF set = lhapdf 
 alpha_s(Mz)= 0.1127 running at 3 loops.
 alpha_s(Mz)= 0.1127 running at 3 loops.
 Renormalization scale set on event-by-event basis
 Factorization   scale set on event-by-event basis


 getting user params
Enter number of events and max and min iterations: 
 Number of events and iterations         2000           8           3
Enter desired fractional accuracy: 
 Desired fractional accuracy:    1.0000000000000000E-002
Enter 0 for fixed, 2 for adjustable grid: 
Suppress amplitude (0 no, 1 yes)? 
 Using suppressed amplitude.
Exact helicity sum (0 yes, n = number/event)? 
 Explicitly summing over helicities
Enter Configuration Number: 
Running Configuration Number:    2
 Not subdividing B.W.
 Attempting mappinvarients           1           8
 Completed mapping           8
 about to integrate           16        2000           8           3          16           1
 Using non-zero grid deformation.
 16 dimensions   2000 events 16 invarients  8 iterations  1 config(s),  (0.99)
 Using h-tuple random number sequence.
 Error opening grid
 Using Uniform Grid!          32
 Using uniform alpha   1.0000000000000000     
 Grid defined OK
 Set CM energy to      13000.00
 Mapping Graph           2  to config           2
 Setting BW          -1           1   80.387000000000000     
 Warning: No cutoff for shat integral found
          Minimum set to    5.9171597633136107E-009
Setting grid   2    0.59172E-08   1
Setting grid   3    0.18685E-07   1
 Warning: No cutoff for shat integral found
          Minimum set to    5.9171597633136107E-009
Setting grid   4    0.59172E-08   1
Setting grid   5    0.59172E-06   1
 Transforming s_hat 1/s           15   5.9171597633136108E-005   10000.000000000000        168999999.99999997     
   2   1   2   3   4   5   6   7   8   9  10  11  12  13  14
  15  16
 Masses: 0.000E+00 0.000E+00 0.000E+00 0.178E+01 0.000E+00 0.000E+00 0.000E+00 0.000E+00
Using random seed offsets     2 :      6
  with seed                   24
 Ranmar initialization seeds       31060        9403
 
 ********************************************
 * You are using the DiscreteSampler module *
 *      part of the MG5_aMC framework       *
 *         Author: Valentin Hirschi         *
 ********************************************
 
  Particle       3       4       5       6       7       8
      Et >     0.0     0.0     0.0     0.0    10.0    10.0
       E >     0.0     0.0     0.0     0.0     0.0     0.0
     Eta <    -1.0    -1.0    -1.0    -1.0     6.5     6.5
   xqcut:      0.0     0.0     0.0     0.0     0.0     0.0
d R # 3  >    -0.0     0.4     0.0     0.0     0.4     0.4
d R # 4  >    -0.0    -0.0     0.0     0.0     0.4     0.4
d R # 5  >    -0.0    -0.0    -0.0     0.0     0.0     0.0
d R # 6  >    -0.0    -0.0    -0.0    -0.0     0.0     0.0
d R # 7  >    -0.0    -0.0    -0.0    -0.0    -0.0     0.4
s min # 3>     0.0     0.0     0.0     0.0     0.0     0.0
s min # 4>     0.0     0.0     0.0     0.0     0.0     0.0
s min # 5>     0.0     0.0     0.0     0.0     0.0     0.0
s min # 6>     0.0     0.0     0.0     0.0     0.0     0.0
s min # 7>     0.0     0.0     0.0     0.0     0.0 10000.0
xqcutij # 3>     0.0     0.0     0.0     0.0     0.0     0.0
xqcutij # 4>     0.0     0.0     0.0     0.0     0.0     0.0
xqcutij # 5>     0.0     0.0     0.0     0.0     0.0     0.0
xqcutij # 6>     0.0     0.0     0.0     0.0     0.0     0.0
xqcutij # 7>     0.0     0.0     0.0     0.0     0.0     0.0
 No cut BW           -1           1
 No cut BW           -5           2
 alpha_s for scale    50.397295655699260       is   0.12437303897650416     
 Added good helicity          193   255.60232373302296       in event            1 local:           1
 Added good helicity          209  0.39767626697705138       in event            1 local:           1
 Added good helicity          193   255.95774394784610       in event            1 local:           1
 Added good helicity          209   4.2256052153892172E-002  in event            1 local:           1
 RESET CUMULATIVE VARIABLE
 RESET CUMULATIVE VARIABLE
 RESET CUMULATIVE VARIABLE
 Iteration  1   Mean: 0.4765E-08 Abs mean: 0.4765E-08   Fluctuation:  0.894E-09   0.982E-06     2.6%
  1    0.4765E-08 0.4765E-08 +- 0.8943E-09      8.39
 Writing out events   1.1297149531326306E-011   8.3938569214770133     
 Relative summed weights:
  0.2762E+00  0.0000E+00  0.3782E-01  0.6731E-01  0.2024E-04  0.0000E+00  0.1173E+00  0.8578E-01  0.0000E+00  0.0000E+00  0.3498E-02  0.2193E-01  0.7011E-02  0.5351E-04
  0.3829E+00  0.0000E+00  0.0000E+00  0.0000E+00  0.1678E-03  0.0000E+00  0.0000E+00  0.0000E+00  0.0000E+00  0.0000E+00  0.0000E+00  0.0000E+00  0.0000E+00  0.0000E+00
 Relative number of events:
  0.2384E+00  0.0000E+00  0.5525E-01  0.4928E-01  0.6969E-02  0.0000E+00  0.1513E+00  0.1528E+00  0.0000E+00  0.0000E+00  0.3683E-01  0.3683E-01  0.8462E-02  0.5475E-02
  0.2499E+00  0.0000E+00  0.0000E+00  0.0000E+00  0.8462E-02  0.0000E+00  0.0000E+00  0.0000E+00  0.0000E+00  0.0000E+00  0.0000E+00  0.0000E+00  0.0000E+00  0.0000E+00
 Events:
         479           0         111          99          14           0         304         307           0           0          74          74          17          11
         502           0           0           0          17           0           0           0           0           0           0           0           0           0
 Iteration  2   Mean: 0.7487E-08 Abs mean: 0.7487E-08   Fluctuation:  0.123E-08   0.238E-05    53.6%
  2    0.7487E-08 0.7487E-08 +- 0.1226E-08     10.35
 Relative summed weights:
  0.2430E+00  0.0000E+00  0.6543E-01  0.2146E-01  0.1361E-01  0.0000E+00  0.1074E+00  0.4206E-01  0.0000E+00  0.0000E+00  0.1994E-01  0.3834E-01  0.1523E-01  0.1595E-02
  0.4319E+00  0.0000E+00  0.0000E+00  0.0000E+00  0.2724E-04  0.0000E+00  0.0000E+00  0.0000E+00  0.0000E+00  0.0000E+00  0.0000E+00  0.0000E+00  0.0000E+00  0.0000E+00
 Relative number of events:
  0.2632E+00  0.0000E+00  0.5475E-01  0.4175E-01  0.1000E-01  0.0000E+00  0.1400E+00  0.1323E+00  0.0000E+00  0.0000E+00  0.3800E-01  0.3550E-01  0.4250E-02  0.5000E-02
  0.2695E+00  0.0000E+00  0.0000E+00  0.0000E+00  0.5750E-02  0.0000E+00  0.0000E+00  0.0000E+00  0.0000E+00  0.0000E+00  0.0000E+00  0.0000E+00  0.0000E+00  0.0000E+00
 Events:
        1053           0         219         167          40           0         560         529           0           0         152         142          17          20
        1078           0           0           0          23           0           0           0           0           0           0           0           0           0
 Iteration  3   Mean: 0.6613E-08 Abs mean: 0.6613E-08   Fluctuation:  0.747E-09   0.379E-05    66.6%
  3    0.6613E-08 0.6613E-08 +- 0.7470E-09     10.10
 Relative summed weights:
  0.3463E+00  0.0000E+00  0.4018E-01  0.4862E-01  0.7217E-02  0.0000E+00  0.9934E-01  0.7409E-01  0.0000E+00  0.0000E+00  0.2013E-01  0.8365E-02  0.1821E-02  0.1609E-02
  0.3105E+00  0.0000E+00  0.0000E+00  0.0000E+00  0.4180E-01  0.0000E+00  0.0000E+00  0.0000E+00  0.0000E+00  0.0000E+00  0.0000E+00  0.0000E+00  0.0000E+00  0.0000E+00
 Relative number of events:
  0.2926E+00  0.0000E+00  0.4750E-01  0.4688E-01  0.5375E-02  0.0000E+00  0.1274E+00  0.1293E+00  0.0000E+00  0.0000E+00  0.2913E-01  0.3087E-01  0.3750E-02  0.4375E-02
  0.2767E+00  0.0000E+00  0.0000E+00  0.0000E+00  0.6125E-02  0.0000E+00  0.0000E+00  0.0000E+00  0.0000E+00  0.0000E+00  0.0000E+00  0.0000E+00  0.0000E+00  0.0000E+00
 Events:
        2341           0         380         375          43           0        1019        1034           0           0         233         247          30          35
        2214           0           0           0          49           0           0           0           0           0           0           0           0           0
 Accuracy:    0.101   0.010   0.083   1.464
 Found          481  events.
 Wrote           10  events.
 Actual xsec    6.4751128384550084E-009
 Correct abs xsec    6.4751128384550084E-009
 Event xsec    6.4751128384550092E-009
 Events wgts > 1:            1
 % Cross section > 1:    2.2525220475215396E-017   3.4787379057613475E-007
 Iteration  4   Mean: 0.6849E-08 Abs mean: 0.6849E-08   Fluctuation:  0.392E-09   0.231E-05    75.1%
  4    0.6849E-08 0.6849E-08 +- 0.3918E-09      7.24
 Relative summed weights:
  0.3117E+00  0.0000E+00  0.4910E-01  0.6231E-01  0.4111E-02  0.0000E+00  0.1242E+00  0.7719E-01  0.0000E+00  0.0000E+00  0.1457E-01  0.2648E-01  0.7061E-02  0.2471E-02
  0.3122E+00  0.0000E+00  0.0000E+00  0.0000E+00  0.8507E-02  0.0000E+00  0.0000E+00  0.0000E+00  0.0000E+00  0.0000E+00  0.0000E+00  0.0000E+00  0.0000E+00  0.0000E+00
 Relative number of events:
  0.3068E+00  0.0000E+00  0.3950E-01  0.4138E-01  0.4812E-02  0.0000E+00  0.1221E+00  0.1204E+00  0.0000E+00  0.0000E+00  0.2444E-01  0.2619E-01  0.3875E-02  0.4000E-02
  0.3022E+00  0.0000E+00  0.0000E+00  0.0000E+00  0.4375E-02  0.0000E+00  0.0000E+00  0.0000E+00  0.0000E+00  0.0000E+00  0.0000E+00  0.0000E+00  0.0000E+00  0.0000E+00
 Events:
        4909           0         632         662          77           0        1953        1926           0           0         391         419          62          64
        4835           0           0           0          70           0           0           0           0           0           0           0           0           0
 Accuracy:    0.047   0.010   0.047   1.004
 Found         1096  events.
 Wrote           58  events.
 Actual xsec    6.8614219736573348E-009
 Correct abs xsec    6.8614219736573348E-009
 Event xsec    6.8614219736573422E-009
 Events wgts > 1:            2
 % Cross section > 1:    2.0456313076815854E-011  0.29813518473798267     
 Iteration  5   Mean: 0.7314E-08 Abs mean: 0.7314E-08   Fluctuation:  0.396E-09   0.578E-05    78.3%
  5    0.7314E-08 0.7314E-08 +- 0.3962E-09      9.69
 Relative summed weights:
  0.3481E+00  0.0000E+00  0.4418E-01  0.5678E-01  0.1555E-02  0.0000E+00  0.7593E-01  0.9825E-01  0.0000E+00  0.0000E+00  0.1911E-01  0.2637E-01  0.1824E-02  0.2595E-02
  0.3146E+00  0.0000E+00  0.0000E+00  0.0000E+00  0.1076E-01  0.0000E+00  0.0000E+00  0.0000E+00  0.0000E+00  0.0000E+00  0.0000E+00  0.0000E+00  0.0000E+00  0.0000E+00
 Relative number of events:
  0.3147E+00  0.0000E+00  0.3934E-01  0.4066E-01  0.3656E-02  0.0000E+00  0.1155E+00  0.1148E+00  0.0000E+00  0.0000E+00  0.2391E-01  0.2347E-01  0.2719E-02  0.3000E-02
  0.3140E+00  0.0000E+00  0.0000E+00  0.0000E+00  0.4344E-02  0.0000E+00  0.0000E+00  0.0000E+00  0.0000E+00  0.0000E+00  0.0000E+00  0.0000E+00  0.0000E+00  0.0000E+00
 Events:
       10069           0        1259        1301         117           0        3695        3672           0           0         765         751          87          96
       10049           0           0           0         139           0           0           0           0           0           0           0           0           0
 Accuracy:    0.036   0.010   0.036   1.040
 Found         2306  events.
 Wrote           44  events.
 Actual xsec    7.0418238687131874E-009
 Correct abs xsec    7.0418238687131874E-009
 Event xsec    7.0418238687131974E-009
 Events wgts > 1:            2
 % Cross section > 1:    5.4037203975681811E-011  0.76737511450362950     
 Iteration  6   Mean: 0.7133E-08 Abs mean: 0.7133E-08   Fluctuation:  0.197E-09   0.479E-05    81.2%
  6    0.7133E-08 0.7133E-08 +- 0.1974E-09      7.00
 Relative summed weights:
  0.3005E+00  0.0000E+00  0.4209E-01  0.6099E-01  0.3784E-02  0.0000E+00  0.8971E-01  0.1120E+00  0.0000E+00  0.0000E+00  0.2715E-01  0.2943E-01  0.4646E-02  0.3013E-02
  0.3173E+00  0.0000E+00  0.0000E+00  0.0000E+00  0.9332E-02  0.0000E+00  0.0000E+00  0.0000E+00  0.0000E+00  0.0000E+00  0.0000E+00  0.0000E+00  0.0000E+00  0.0000E+00
 Relative number of events:
  0.3215E+00  0.0000E+00  0.3759E-01  0.3980E-01  0.3734E-02  0.0000E+00  0.1111E+00  0.1100E+00  0.0000E+00  0.0000E+00  0.2302E-01  0.2291E-01  0.2797E-02  0.2531E-02
  0.3213E+00  0.0000E+00  0.0000E+00  0.0000E+00  0.3625E-02  0.0000E+00  0.0000E+00  0.0000E+00  0.0000E+00  0.0000E+00  0.0000E+00  0.0000E+00  0.0000E+00  0.0000E+00
 Events:
       20577           0        2406        2547         239           0        7112        7042           0           0        1473        1466         179         162
       20565           0           0           0         232           0           0           0           0           0           0           0           0           0
 Accuracy:    0.020   0.010   0.022   0.855
 Found         4733  events.
 Wrote          170  events.
 Actual xsec    7.1203456595343174E-009
 Correct abs xsec    7.1203456595343174E-009
 Event xsec    7.1203456595343066E-009
 Events wgts > 1:            5
 % Cross section > 1:    6.4597194311044504E-011  0.90721992161359988     
 Iteration  7   Mean: 0.7337E-08 Abs mean: 0.7337E-08   Fluctuation:  0.183E-09   0.125E-04    82.6%
  7    0.7337E-08 0.7337E-08 +- 0.1830E-09      8.92
 Exceeded boost           3          95   128000.000    
 Exceeded boost          11          94   128000.000    
 Relative summed weights:
  0.3038E+00  0.0000E+00  0.5394E-01  0.6655E-01  0.5632E-02  0.0000E+00  0.8682E-01  0.9486E-01  0.0000E+00  0.0000E+00  0.2511E-01  0.2555E-01  0.4558E-02  0.3680E-02
  0.3246E+00  0.0000E+00  0.0000E+00  0.0000E+00  0.4872E-02  0.0000E+00  0.0000E+00  0.0000E+00  0.0000E+00  0.0000E+00  0.0000E+00  0.0000E+00  0.0000E+00  0.0000E+00
 Relative number of events:
Thanks for using LHAPDF 6.2.1. Please make sure to cite the paper:
  Eur.Phys.J. C75 (2015) 3, 132  (http://arxiv.org/abs/1412.7420)
  0.3261E+00  0.0000E+00  0.3674E-01  0.3686E-01  0.3492E-02  0.0000E+00  0.1074E+00  0.1088E+00  0.0000E+00  0.0000E+00  0.2112E-01  0.2103E-01  0.2359E-02  0.2437E-02
  0.3301E+00  0.0000E+00  0.0000E+00  0.0000E+00  0.3602E-02  0.0000E+00  0.0000E+00  0.0000E+00  0.0000E+00  0.0000E+00  0.0000E+00  0.0000E+00  0.0000E+00  0.0000E+00
 Events:
       41745           0        4703        4718         447           0       13748       13922           0           0        2703        2692         302         312
       42247           0           0           0         461           0           0           0           0           0           0           0           0           0
 Accuracy:    0.015   0.010   0.016   0.890
 Found        10250  events.
 Wrote          114  events.
 Actual xsec    7.2526715089795410E-009
 Correct abs xsec    7.2526715089795410E-009
 Event xsec    7.2526715089795137E-009
 Events wgts > 1:            3
 % Cross section > 1:    5.5881640736593216E-011  0.77049733560118228     
 Iteration  8   Mean: 0.7412E-08 Abs mean: 0.7412E-08   Fluctuation:  0.116E-09   0.809E-05    83.5%
  8    0.7412E-08 0.7412E-08 +- 0.1160E-09      7.92
 Exceeded boost           4          95   256000.000    
 Exceeded boost           5          96   256000.000    
 Exceeded boost          11          95   128000.000    
 Exceeded boost          13          95   128000.000    
 Relative summed weights:
  0.3100E+00  0.0000E+00  0.5146E-01  0.5246E-01  0.8203E-02  0.0000E+00  0.8859E-01  0.9682E-01  0.0000E+00  0.0000E+00  0.2707E-01  0.2839E-01  0.4067E-02  0.3896E-02
  0.3241E+00  0.0000E+00  0.0000E+00  0.0000E+00  0.4971E-02  0.0000E+00  0.0000E+00  0.0000E+00  0.0000E+00  0.0000E+00  0.0000E+00  0.0000E+00  0.0000E+00  0.0000E+00
 Relative number of events:
  0.3296E+00  0.0000E+00  0.3590E-01  0.3623E-01  0.3207E-02  0.0000E+00  0.1055E+00  0.1063E+00  0.0000E+00  0.0000E+00  0.2079E-01  0.2059E-01  0.2375E-02  0.2258E-02
  0.3341E+00  0.0000E+00  0.0000E+00  0.0000E+00  0.3094E-02  0.0000E+00  0.0000E+00  0.0000E+00  0.0000E+00  0.0000E+00  0.0000E+00  0.0000E+00  0.0000E+00  0.0000E+00
 Events:
       84371           0        9190        9275         821           0       27019       27220           0           0        5322        5270         608         578
       85534           0           0           0         792           0           0           0           0           0           0           0           0           0
 Accuracy:    0.011   0.010   0.011   0.996
 Found        20633  events.
 Wrote          421  events.
 Actual xsec    7.3424477329163192E-009
 Correct abs xsec    7.3424477329163192E-009
 Event xsec    7.3424477329164333E-009
 Events wgts > 1:           12
 % Cross section > 1:    7.2532667301629448E-011  0.98785405003924132     

 -------------------------------------------------------------------------------
 Accumulated results:   Integral =  0.7306E-08
                        Std dev  =  0.8280E-10
                       Cross sec =  0.7306E-08
             Chi**2 per DoF.     =      0.9959
 -------------------------------------------------------------------------------
-------------------------------------------------
---------------------------
 Results Last   3 iters: Integral =   0.7342E-08
                     Abs integral =   0.7342E-08
                          Std dev =   0.8780E-10
                  Chi**2 per DoF. =      0.7391
-------------------------------------------------
---------------------------
 Status   1.0000000000000000E-002           9           8

ls status:
events.lhe
ftn26
input_app.txt
results.dat
run1_app.log
