==== LHAPDF6 USING DEFAULT-TYPE LHAGLUE INTERFACE ====
LHAPDF 6.2.1 loading /cvmfs/cms.cern.ch/slc6_amd64_gcc630/external/lhapdf/6.2.1-ghjeda2/share/LHAPDF/NNPDF30_lo_as_0130_nf_4/NNPDF30_lo_as_0130_nf_4_0000.dat
NNPDF30_lo_as_0130_nf_4 PDF set, member #0, version 2; LHAPDF ID = 263400
 Process in group number            2
 A PDF is used, so alpha_s(MZ) is going to be modified
 Old value of alpha_s from param_card:   0.11810000000000001     
 New value of alpha_s from PDF lhapdf :  0.12470044313224841     
 using LHAPDF
 Define smin to   10000.000000000000     
 Define smin to   10000.000000000000     
 Define smin to   10000.000000000000     
 Define smin to   10000.000000000000     
 Define smin to   10000.000000000000     
 Define smin to   10000.000000000000     
 Define smin to   10000.000000000000     
 *****************************************************
 *               MadGraph/MadEvent                   *
 *        --------------------------------           *
 *          http://madgraph.hep.uiuc.edu             *
 *          http://madgraph.phys.ucl.ac.be           *
 *          http://madgraph.roma2.infn.it            *
 *        --------------------------------           *
 *                                                   *
 *          PARAMETER AND COUPLING VALUES            *
 *                                                   *
 *****************************************************

  External Params
  ---------------------------------
  
 mdl_MW0 =    80.387000000000000     
 mdl_Gf =    1.1663789999999999E-005
 aS =   0.11810000000000001     
 mdl_ymdo =    1.0000000000000000E-099
 mdl_ymb =    4.1799999999999997     
 mdl_ymt =    173.19999999999999     
 mdl_ymtau =    1.7769999999999999     
 mdl_LambdaSMEFT =    1000.0000000000000     
 mdl_cHW =    1.0000000000000000     
 mdl_MZ =    91.187600000000003     
 mdl_MTA =    1.7769999999999999     
 mdl_MT =    173.19999999999999     
 mdl_MB =    4.1799999999999997     
 mdl_MH =    125.09000000000000     
 mdl_WZ =    2.4952000000000001     
 mdl_WW =    2.0850000000000000     
 mdl_WT =    1.5083359999999999     
 mdl_WH =    4.0699999999999998E-003
  Internal Params
  ---------------------------------
  
 mdl_ymm =    1.0000000000000000E-099
 mdl_yme =    1.0000000000000000E-099
 mdl_ymc =    1.0000000000000000E-099
 mdl_yms =    1.0000000000000000E-099
 mdl_ymup =    1.0000000000000000E-099
 mdl_conjg__CKM3x3 =    1.0000000000000000     
 mdl_cH =    0.0000000000000000     
 mdl_cHB =    0.0000000000000000     
 mdl_CKM1x1 =    1.0000000000000000     
 mdl_conjg__CKM1x1 =    1.0000000000000000     
 mdl_dGf =    0.0000000000000000     
 mdl_CKM3x3 =    1.0000000000000000     
 mdl_dMH2 =    0.0000000000000000     
 mdl_conjg__CKM2x2 =    1.0000000000000000     
 mdl_dg1 =    0.0000000000000000     
 mdl_CKM2x2 =    1.0000000000000000     
 mdl_dgw =    0.0000000000000000     
 mdl_complexi =  (  0.0000000000000000     ,  1.0000000000000000     )
 mdl_MW =    80.387000000000000     
 mdl_nb__2__exp__0_25 =    1.1892071150027210     
 mdl_MH__exp__2 =    15647.508100000001     
 mdl_sqrt__2 =    1.4142135623730951     
 mdl_MW__exp__2 =    6462.0697689999997     
 mdl_MZ__exp__2 =    8315.1783937600012     
 mdl_sth2 =   0.22285855299877133     
 mdl_MH__exp__6 =    3831206449390.3818     
 mdl_MT__exp__6 =    26995248278778.535     
 mdl_MH__exp__4 =    244844509.73956564     
 mdl_MT__exp__4 =    899894403.09759963     
 mdl_MT__exp__2 =    29998.239999999994     
 mdl_LambdaSMEFT__exp__2 =    1000000.0000000000     
 mdl_cth =   0.88155626422890820     
 mdl_sqrt__sth2 =   0.47207896902824564     
 mdl_sth =   0.47207896902824564     
 mdl_MW0__exp__6 =    269845343347.69711     
 mdl_MW0__exp__4 =    41758345.699423708     
 mdl_MW0__exp__2 =    6462.0697689999997     
 mdl_MZ__exp__4 =    69142191.720053151     
 mdl_MZ__exp__6 =    574929658687.79749     
 mdl_cth__exp__2 =   0.77714144700122867     
 mdl_sth__exp__2 =   0.22285855299877130     
 mdl_sth__exp__3 =   0.10520683593878660     
 mdl_cth__exp__3 =   0.68509391079585125     
 mdl_sth__exp__4 =    4.9665934644706158E-002
 mdl_sqrt__Gf =    3.4152291284773265E-003
 mdl_vevhat =    246.21961912951551     
 mdl_lam =   0.12905352724481209     
 mdl_aEW =    7.5614618607353409E-003
 mdl_yb =    2.4008698866559607E-002
 mdl_yc =    5.7437078628133041E-102
 mdl_ydo =    5.7437078628133041E-102
 mdl_ye =    5.7437078628133041E-102
 mdl_ym =    5.7437078628133041E-102
 mdl_ys =    5.7437078628133041E-102
 mdl_yt =   0.99481020183926416     
 mdl_ytau =    1.0206568872219240E-002
 mdl_yup =    5.7437078628133041E-102
 mdl_vevhat__exp__2 =    60624.100844283676     
 mdl_barlam =   0.12905352724481209     
 mdl_vevT =    246.21961912951551     
 mdl_sqrt__aEW =    8.6956666568672819E-002
 mdl_ee =   0.30825335704310214     
 mdl_gwsh =   0.61338418662494298     
 mdl_vev =    246.21961912951551     
 mdl_g1 =   0.34966952144878632     
 mdl_gw =   0.65296989967087182     
 mdl_ee__exp__2 =    9.5020132128342205E-002
 mdl_gHaa =   -1.9303830602986922E-003
 mdl_gHza =   -6.8546472954154700E-003
 mdl_g1sh =   0.34966952144878632     
 mdl_I1d11 =  (  5.7437078628133041E-102,  0.0000000000000000     )
 mdl_I1d22 =  (  5.7437078628133041E-102,  0.0000000000000000     )
 mdl_I1d33 =  (  2.4008698866559607E-002,  0.0000000000000000     )
 mdl_I2d11 =  (  5.7437078628133041E-102,  0.0000000000000000     )
 mdl_I2d22 =  (  5.7437078628133041E-102,  0.0000000000000000     )
 mdl_I2d33 =  ( 0.99481020183926416     ,  0.0000000000000000     )
 mdl_I3d11 =  (  5.7437078628133041E-102,  0.0000000000000000     )
 mdl_I3d22 =  (  5.7437078628133041E-102,  0.0000000000000000     )
 mdl_I3d33 =  (  2.4008698866559607E-002,  0.0000000000000000     )
 mdl_I4d11 =  (  5.7437078628133041E-102,  0.0000000000000000     )
 mdl_I4d22 =  (  5.7437078628133041E-102,  0.0000000000000000     )
 mdl_I4d33 =  ( 0.99481020183926416     ,  0.0000000000000000     )
 mdl_I5d11 =  (  5.7437078628133041E-102,  0.0000000000000000     )
 mdl_I5d22 =  (  5.7437078628133041E-102,  0.0000000000000000     )
 mdl_I5d33 =  (  2.4008698866559607E-002,  0.0000000000000000     )
 mdl_I6d11 =  (  5.7437078628133041E-102,  0.0000000000000000     )
 mdl_I6d22 =  (  5.7437078628133041E-102,  0.0000000000000000     )
 mdl_I6d33 =  ( 0.99481020183926416     ,  0.0000000000000000     )
 mdl_ee__exp__3 =    2.9290274715240611E-002
 mdl_vevhat__exp__3 =    14926843.019948866     
  Internal Params evaluated point by point
  ----------------------------------------
  
 mdl_sqrt__aS =   0.34365680554879169     
 mdl_G__exp__2 =    1.4840883695558185     
 mdl_gHgg =    3.2334372328970845E-003
 mdl_G__exp__3 =  (  1.8079634332366095     ,  0.0000000000000000     )
  Couplings of SMEFTsim_A_U35_MwScheme_UFO_v3_1-cHW_massless
  ---------------------------------
  
         GC_1 =   0.00000E+00   0.10275E+00
         GC_2 =  -0.00000E+00  -0.20550E+00
         GC_3 =  -0.00000E+00  -0.30825E+00
       GC_255 =  -0.00000E+00  -0.42637E+00
       GC_278 =  -0.00000E+00  -0.37035E+00
       GC_280 =  -0.00000E+00  -0.57563E+00
       GC_328 =  -0.00000E+00  -0.55024E-01
       GC_329 =   0.00000E+00   0.11005E+00
       GC_330 =  -0.00000E+00  -0.16507E+00
       GC_387 =   0.00000E+00   0.98488E-03
       GC_400 =   0.00000E+00   0.52490E+02
       GC_809 =  -0.00000E+00  -0.72171E-02
      GC_1073 =  -0.00000E+00  -0.46172E+00

 Collider parameters:
 --------------------

 Running at P P   machine @    13000.000000000000       GeV
 PDF set = lhapdf 
 alpha_s(Mz)= 0.1247 running at 1 loops.
 alpha_s(Mz)= 0.1247 running at 1 loops.
 Renormalization scale set on event-by-event basis
 Factorization   scale set on event-by-event basis


 getting user params
Enter number of events and max and min iterations: 
 Number of events and iterations         2000           8           3
Enter desired fractional accuracy: 
 Desired fractional accuracy:    1.0000000000000000E-002
Enter 0 for fixed, 2 for adjustable grid: 
Suppress amplitude (0 no, 1 yes)? 
 Using suppressed amplitude.
Exact helicity sum (0 yes, n = number/event)? 
 Explicitly summing over helicities
Enter Configuration Number: 
Running Configuration Number:   84
 Not subdividing B.W.
 Attempting mappinvarients           1           8
 Completed mapping           8
 about to integrate           16        2000           8           3          16           1
 Using non-zero grid deformation.
 16 dimensions   2000 events 16 invarients  8 iterations  1 config(s),  (0.99)
 Using h-tuple random number sequence.
 Error opening grid
 Using Uniform Grid!          32
 Using uniform alpha   1.0000000000000000     
 Grid defined OK
 Set CM energy to      13000.00
 Mapping Graph          84  to config          84
 Setting BW          -1           1   80.387000000000000     
 Setting BW          -2           2   80.387000000000000     
Setting grid   3    0.18685E-07   1
Setting grid   4    0.59172E-06   1
Setting grid   5    0.18685E-07   1
 Transforming s_hat 1/s           15   1.1585044837869826E-004   10000.000000000000        168999999.99999997     
  84   1   2   3   4   5   6   7   8   9  10  11  12  13  14
  15  16
 Masses: 0.000E+00 0.000E+00 0.178E+01 0.178E+01 0.000E+00 0.000E+00 0.000E+00 0.000E+00
Using random seed offsets    84 :      2
  with seed                   24
 Ranmar initialization seeds       31142        9399
 
 ********************************************
 * You are using the DiscreteSampler module *
 *      part of the MG5_aMC framework       *
 *         Author: Valentin Hirschi         *
 ********************************************
 
  Particle       3       4       5       6       7       8
      Et >     0.0     0.0     0.0     0.0    10.0    10.0
       E >     0.0     0.0     0.0     0.0     0.0     0.0
     Eta <    -1.0    -1.0    -1.0    -1.0     6.5     6.5
   xqcut:      0.0     0.0     0.0     0.0     0.0     0.0
d R # 3  >    -0.0     0.4     0.0     0.0     0.4     0.4
d R # 4  >    -0.0    -0.0     0.0     0.0     0.4     0.4
d R # 5  >    -0.0    -0.0    -0.0     0.0     0.0     0.0
d R # 6  >    -0.0    -0.0    -0.0    -0.0     0.0     0.0
d R # 7  >    -0.0    -0.0    -0.0    -0.0    -0.0     0.4
s min # 3>     0.0     0.0     0.0     0.0     0.0     0.0
s min # 4>     0.0     0.0     0.0     0.0     0.0     0.0
s min # 5>     0.0     0.0     0.0     0.0     0.0     0.0
s min # 6>     0.0     0.0     0.0     0.0     0.0     0.0
s min # 7>     0.0     0.0     0.0     0.0     0.0 10000.0
xqcutij # 3>     0.0     0.0     0.0     0.0     0.0     0.0
xqcutij # 4>     0.0     0.0     0.0     0.0     0.0     0.0
xqcutij # 5>     0.0     0.0     0.0     0.0     0.0     0.0
xqcutij # 6>     0.0     0.0     0.0     0.0     0.0     0.0
xqcutij # 7>     0.0     0.0     0.0     0.0     0.0     0.0
 No cut BW           -1           1
 No cut BW           -2           2
 No cut BW           -4           3
 alpha_s for scale    34.839496416944975       is   0.14829916486597020     
 Added good helicity          193  -255.97943117546140       in event            1 local:           1
 Added good helicity          209  -1.0607112084965890E-002  in event            1 local:           1
 Added good helicity          225   9.8728198702312999E-003  in event            1 local:           1
 Added good helicity          241  -8.8892583387000589E-005  in event            1 local:           1
 Added good helicity          193   255.85891142456254       in event            1 local:           1
 Added good helicity          209  -2.8507364343991811E-002  in event            1 local:           1
 Added good helicity          225  0.11251324663282131       in event            1 local:           1
 Added good helicity          241  -6.7964460617986924E-005  in event            1 local:           1
 RESET CUMULATIVE VARIABLE
 RESET CUMULATIVE VARIABLE
 RESET CUMULATIVE VARIABLE
 Iteration  1   Mean: 0.3801E-06 Abs mean: 0.6272E-06   Fluctuation:  0.109E-06   0.145E-03     4.9%
  1    0.3801E-06 0.6272E-06 +- 0.1090E-06      7.77
 Writing out events   7.9582578274458636E-010   7.7738376914661096     
 Relative summed weights:
  0.1310E-01  0.0000E+00  0.2251E-01  0.1514E+00  0.5522E-03  0.0000E+00  0.9585E-02  0.1687E-01  0.0000E+00  0.0000E+00  0.1448E-02  0.5774E-02  0.7706E-03  0.6337E-03
  0.1051E+00  0.0000E+00  0.2969E-01  0.6997E-02  0.3260E-02  0.0000E+00  0.6807E-02  0.1189E-01  0.0000E+00  0.0000E+00  0.2295E-01  0.4481E-02  0.1485E-03  0.2408E-02
  0.1081E-01  0.0000E+00  0.2024E-01  0.7313E-01  0.1191E-01  0.0000E+00  0.3519E-02  0.3386E-02  0.0000E+00  0.0000E+00  0.3100E-01  0.5388E-02  0.7158E-02  0.4812E-03
  0.3775E-01  0.0000E+00  0.9991E-01  0.9196E-01  0.3433E-02  0.0000E+00  0.2948E-02  0.5650E-02  0.0000E+00  0.0000E+00  0.1986E-01  0.2210E-01  0.7797E-03  0.6559E-03
  0.3329E-01  0.0000E+00  0.0000E+00  0.0000E+00  0.2225E-02  0.0000E+00  0.0000E+00  0.0000E+00  0.0000E+00  0.0000E+00  0.0000E+00  0.0000E+00  0.0000E+00  0.0000E+00
  0.2964E-01  0.0000E+00  0.0000E+00  0.0000E+00  0.5514E-02  0.0000E+00  0.0000E+00  0.0000E+00  0.0000E+00  0.0000E+00  0.0000E+00  0.0000E+00  0.0000E+00  0.0000E+00
  0.4014E-01  0.0000E+00  0.0000E+00  0.0000E+00  0.7522E-02  0.0000E+00  0.0000E+00  0.0000E+00  0.0000E+00  0.0000E+00  0.0000E+00  0.0000E+00  0.0000E+00  0.0000E+00
  0.7825E-02  0.0000E+00  0.0000E+00  0.0000E+00  0.5330E-02  0.0000E+00  0.0000E+00  0.0000E+00  0.0000E+00  0.0000E+00  0.0000E+00  0.0000E+00  0.0000E+00  0.0000E+00
 Relative number of events:
  0.4360E-01  0.0000E+00  0.3305E-01  0.3024E-01  0.9845E-02  0.0000E+00  0.1688E-01  0.2813E-01  0.0000E+00  0.0000E+00  0.1477E-01  0.1406E-01  0.7736E-02  0.6329E-02
  0.4501E-01  0.0000E+00  0.2532E-01  0.2602E-01  0.9845E-02  0.0000E+00  0.2039E-01  0.2039E-01  0.0000E+00  0.0000E+00  0.1477E-01  0.1266E-01  0.7032E-03  0.4219E-02
  0.4852E-01  0.0000E+00  0.2672E-01  0.2321E-01  0.7736E-02  0.0000E+00  0.1828E-01  0.1828E-01  0.0000E+00  0.0000E+00  0.1828E-01  0.1828E-01  0.7736E-02  0.3516E-02
  0.4571E-01  0.0000E+00  0.2391E-01  0.2250E-01  0.9845E-02  0.0000E+00  0.1758E-01  0.2180E-01  0.0000E+00  0.0000E+00  0.1125E-01  0.1617E-01  0.5626E-02  0.4219E-02
  0.4079E-01  0.0000E+00  0.0000E+00  0.0000E+00  0.1055E-01  0.0000E+00  0.0000E+00  0.0000E+00  0.0000E+00  0.0000E+00  0.0000E+00  0.0000E+00  0.0000E+00  0.0000E+00
  0.4712E-01  0.0000E+00  0.0000E+00  0.0000E+00  0.7736E-02  0.0000E+00  0.0000E+00  0.0000E+00  0.0000E+00  0.0000E+00  0.0000E+00  0.0000E+00  0.0000E+00  0.0000E+00
  0.6188E-01  0.0000E+00  0.0000E+00  0.0000E+00  0.1125E-01  0.0000E+00  0.0000E+00  0.0000E+00  0.0000E+00  0.0000E+00  0.0000E+00  0.0000E+00  0.0000E+00  0.0000E+00
  0.5134E-01  0.0000E+00  0.0000E+00  0.0000E+00  0.1617E-01  0.0000E+00  0.0000E+00  0.0000E+00  0.0000E+00  0.0000E+00  0.0000E+00  0.0000E+00  0.0000E+00  0.0000E+00
 Events:
          62           0          47          43          14           0          24          40           0           0          21          20          11           9
          64           0          36          37          14           0          29          29           0           0          21          18           1           6
          69           0          38          33          11           0          26          26           0           0          26          26          11           5
          65           0          34          32          14           0          25          31           0           0          16          23           8           6
          58           0           0           0          15           0           0           0           0           0           0           0           0           0
          67           0           0           0          11           0           0           0           0           0           0           0           0           0
          88           0           0           0          16           0           0           0           0           0           0           0           0           0
          73           0           0           0          23           0           0           0           0           0           0           0           0           0
 Iteration  2   Mean: 0.5325E-06 Abs mean: 0.1079E-05   Fluctuation:  0.220E-06   0.565E-03    46.0%
  2    0.5325E-06 0.1079E-05 +- 0.2195E-06     12.87
 Relative summed weights:
  0.3263E-01  0.0000E+00  0.9766E-01  0.4828E-01  0.2763E-02  0.0000E+00  0.1603E-01  0.6818E-02  0.0000E+00  0.0000E+00  0.9317E-02  0.1754E-01  0.2280E-02  0.9872E-02
  0.2840E-01  0.0000E+00  0.1816E-01  0.3993E-01  0.7574E-03  0.0000E+00  0.5917E-02  0.3984E-01  0.0000E+00  0.0000E+00  0.4068E-02  0.2463E-02  0.2124E-03  0.3134E-03
  0.1836E+00  0.0000E+00  0.6780E-01  0.6549E-02  0.9117E-02  0.0000E+00  0.3155E-02  0.9940E-02  0.0000E+00  0.0000E+00  0.1045E-01  0.4558E-02  0.2540E-02  0.3234E-02
  0.3249E-01  0.0000E+00  0.6365E-01  0.1346E-01  0.7011E-03  0.0000E+00  0.3571E-02  0.3429E-01  0.0000E+00  0.0000E+00  0.1592E-01  0.2097E-01  0.1519E-02  0.5587E-02
  0.6711E-01  0.0000E+00  0.0000E+00  0.0000E+00  0.2178E-02  0.0000E+00  0.0000E+00  0.0000E+00  0.0000E+00  0.0000E+00  0.0000E+00  0.0000E+00  0.0000E+00  0.0000E+00
  0.1555E-01  0.0000E+00  0.0000E+00  0.0000E+00  0.5410E-03  0.0000E+00  0.0000E+00  0.0000E+00  0.0000E+00  0.0000E+00  0.0000E+00  0.0000E+00  0.0000E+00  0.0000E+00
  0.2205E-01  0.0000E+00  0.0000E+00  0.0000E+00  0.1133E-02  0.0000E+00  0.0000E+00  0.0000E+00  0.0000E+00  0.0000E+00  0.0000E+00  0.0000E+00  0.0000E+00  0.0000E+00
  0.1387E-01  0.0000E+00  0.0000E+00  0.0000E+00  0.1227E-02  0.0000E+00  0.0000E+00  0.0000E+00  0.0000E+00  0.0000E+00  0.0000E+00  0.0000E+00  0.0000E+00  0.0000E+00
 Relative number of events:
  0.4600E-01  0.0000E+00  0.2535E-01  0.2898E-01  0.9055E-02  0.0000E+00  0.2535E-01  0.1920E-01  0.0000E+00  0.0000E+00  0.1702E-01  0.1485E-01  0.6882E-02  0.5071E-02
  0.4600E-01  0.0000E+00  0.2934E-01  0.2499E-01  0.9417E-02  0.0000E+00  0.1992E-01  0.2137E-01  0.0000E+00  0.0000E+00  0.1449E-01  0.1521E-01  0.4708E-02  0.5071E-02
  0.4708E-01  0.0000E+00  0.3115E-01  0.2390E-01  0.9779E-02  0.0000E+00  0.2173E-01  0.1956E-01  0.0000E+00  0.0000E+00  0.1775E-01  0.1775E-01  0.5795E-02  0.6157E-02
  0.4382E-01  0.0000E+00  0.2499E-01  0.2898E-01  0.9779E-02  0.0000E+00  0.1775E-01  0.2246E-01  0.0000E+00  0.0000E+00  0.1847E-01  0.1666E-01  0.6157E-02  0.8330E-02
  0.3948E-01  0.0000E+00  0.0000E+00  0.0000E+00  0.1014E-01  0.0000E+00  0.0000E+00  0.0000E+00  0.0000E+00  0.0000E+00  0.0000E+00  0.0000E+00  0.0000E+00  0.0000E+00
  0.4491E-01  0.0000E+00  0.0000E+00  0.0000E+00  0.9055E-02  0.0000E+00  0.0000E+00  0.0000E+00  0.0000E+00  0.0000E+00  0.0000E+00  0.0000E+00  0.0000E+00  0.0000E+00
  0.4382E-01  0.0000E+00  0.0000E+00  0.0000E+00  0.1014E-01  0.0000E+00  0.0000E+00  0.0000E+00  0.0000E+00  0.0000E+00  0.0000E+00  0.0000E+00  0.0000E+00  0.0000E+00
  0.4672E-01  0.0000E+00  0.0000E+00  0.0000E+00  0.9417E-02  0.0000E+00  0.0000E+00  0.0000E+00  0.0000E+00  0.0000E+00  0.0000E+00  0.0000E+00  0.0000E+00  0.0000E+00
 Events:
         127           0          70          80          25           0          70          53           0           0          47          41          19          14
         127           0          81          69          26           0          55          59           0           0          40          42          13          14
         130           0          86          66          27           0          60          54           0           0          49          49          16          17
         121           0          69          80          27           0          49          62           0           0          51          46          17          23
         109           0           0           0          28           0           0           0           0           0           0           0           0           0
         124           0           0           0          25           0           0           0           0           0           0           0           0           0
         121           0           0           0          28           0           0           0           0           0           0           0           0           0
         129           0           0           0          26           0           0           0           0           0           0           0           0           0
 Iteration  3   Mean: 0.3816E-06 Abs mean: 0.1158E-05   Fluctuation:  0.130E-06   0.573E-03    62.4%
  3    0.3816E-06 0.1158E-05 +- 0.1300E-06     10.04
 Relative summed weights:
  0.3670E-01  0.0000E+00  0.2085E-01  0.4261E-01  0.3916E-02  0.0000E+00  0.1324E-01  0.2198E-01  0.0000E+00  0.0000E+00  0.2690E-01  0.1740E-01  0.1806E-02  0.1593E-02
  0.3831E-01  0.0000E+00  0.2548E-01  0.7000E-02  0.2929E-02  0.0000E+00  0.6957E-02  0.4293E-01  0.0000E+00  0.0000E+00  0.2927E-01  0.2481E-01  0.7560E-03  0.4362E-02
  0.4348E-01  0.0000E+00  0.1944E-01  0.2381E-01  0.2846E-01  0.0000E+00  0.1903E-01  0.1091E+00  0.0000E+00  0.0000E+00  0.2227E-01  0.5620E-02  0.3776E-02  0.1743E-02
  0.1517E-01  0.0000E+00  0.6997E-01  0.2135E-01  0.5245E-02  0.0000E+00  0.2317E-01  0.1511E-01  0.0000E+00  0.0000E+00  0.3353E-02  0.1807E-01  0.7117E-02  0.1363E-02
  0.2766E-01  0.0000E+00  0.0000E+00  0.0000E+00  0.3162E-02  0.0000E+00  0.0000E+00  0.0000E+00  0.0000E+00  0.0000E+00  0.0000E+00  0.0000E+00  0.0000E+00  0.0000E+00
  0.5710E-01  0.0000E+00  0.0000E+00  0.0000E+00  0.2947E-02  0.0000E+00  0.0000E+00  0.0000E+00  0.0000E+00  0.0000E+00  0.0000E+00  0.0000E+00  0.0000E+00  0.0000E+00
  0.1591E-01  0.0000E+00  0.0000E+00  0.0000E+00  0.1523E-02  0.0000E+00  0.0000E+00  0.0000E+00  0.0000E+00  0.0000E+00  0.0000E+00  0.0000E+00  0.0000E+00  0.0000E+00
  0.6391E-01  0.0000E+00  0.0000E+00  0.0000E+00  0.1376E-02  0.0000E+00  0.0000E+00  0.0000E+00  0.0000E+00  0.0000E+00  0.0000E+00  0.0000E+00  0.0000E+00  0.0000E+00
 Relative number of events:
  0.5533E-01  0.0000E+00  0.2424E-01  0.2609E-01  0.1073E-01  0.0000E+00  0.1776E-01  0.2406E-01  0.0000E+00  0.0000E+00  0.1795E-01  0.1869E-01  0.8512E-02  0.4811E-02
  0.4700E-01  0.0000E+00  0.2702E-01  0.2239E-01  0.8327E-02  0.0000E+00  0.2054E-01  0.1943E-01  0.0000E+00  0.0000E+00  0.1184E-01  0.1295E-01  0.4256E-02  0.7217E-02
  0.4626E-01  0.0000E+00  0.2461E-01  0.2646E-01  0.9067E-02  0.0000E+00  0.2369E-01  0.1795E-01  0.0000E+00  0.0000E+00  0.1739E-01  0.1406E-01  0.6477E-02  0.6477E-02
  0.4737E-01  0.0000E+00  0.2424E-01  0.2461E-01  0.9993E-02  0.0000E+00  0.2221E-01  0.1721E-01  0.0000E+00  0.0000E+00  0.1369E-01  0.1129E-01  0.6847E-02  0.4626E-02
  0.4719E-01  0.0000E+00  0.0000E+00  0.0000E+00  0.8882E-02  0.0000E+00  0.0000E+00  0.0000E+00  0.0000E+00  0.0000E+00  0.0000E+00  0.0000E+00  0.0000E+00  0.0000E+00
  0.4867E-01  0.0000E+00  0.0000E+00  0.0000E+00  0.1166E-01  0.0000E+00  0.0000E+00  0.0000E+00  0.0000E+00  0.0000E+00  0.0000E+00  0.0000E+00  0.0000E+00  0.0000E+00
  0.4922E-01  0.0000E+00  0.0000E+00  0.0000E+00  0.9067E-02  0.0000E+00  0.0000E+00  0.0000E+00  0.0000E+00  0.0000E+00  0.0000E+00  0.0000E+00  0.0000E+00  0.0000E+00
  0.5255E-01  0.0000E+00  0.0000E+00  0.0000E+00  0.9067E-02  0.0000E+00  0.0000E+00  0.0000E+00  0.0000E+00  0.0000E+00  0.0000E+00  0.0000E+00  0.0000E+00  0.0000E+00
 Events:
         299           0         131         141          58           0          96         130           0           0          97         101          46          26
         254           0         146         121          45           0         111         105           0           0          64          70          23          39
         250           0         133         143          49           0         128          97           0           0          94          76          35          35
         256           0         131         133          54           0         120          93           0           0          74          61          37          25
         255           0           0           0          48           0           0           0           0           0           0           0           0           0
         263           0           0           0          63           0           0           0           0           0           0           0           0           0
         266           0           0           0          49           0           0           0           0           0           0           0           0           0
         284           0           0           0          49           0           0           0           0           0           0           0           0           0
 Accuracy:    0.154   0.010   0.086   3.248
 Found          540  events.
 Wrote           11  events.
 Actual xsec    4.0793303836805930E-007
 Correct abs xsec    1.0152965109855763E-006
 Event xsec    1.0152965109855767E-006
 Events wgts > 1:            1
 % Cross section > 1:    3.7395269541361145E-015   3.6831870430698625E-007
 Iteration  4   Mean: 0.7916E-06 Abs mean: 0.1269E-05   Fluctuation:  0.175E-06   0.247E-02    70.3%
  4    0.7916E-06 0.1269E-05 +- 0.1750E-06     17.45
 Relative summed weights:
  0.2578E-01  0.0000E+00  0.5637E-01  0.3304E-01  0.2719E-02  0.0000E+00  0.2174E-01  0.1033E-01  0.0000E+00  0.0000E+00  0.8138E-02  0.4595E-02  0.3420E-02  0.1133E-02
  0.3708E-01  0.0000E+00  0.4192E-01  0.2102E+00  0.3235E-02  0.0000E+00  0.1273E-01  0.1899E-01  0.0000E+00  0.0000E+00  0.2431E-01  0.1874E-01  0.2464E-02  0.2509E-02
  0.3254E-01  0.0000E+00  0.2040E-01  0.6457E-01  0.2962E-02  0.0000E+00  0.7195E-02  0.1510E-01  0.0000E+00  0.0000E+00  0.7301E-02  0.1036E-01  0.1337E-02  0.6741E-03
  0.3853E-01  0.0000E+00  0.1990E-01  0.1720E-01  0.2603E-02  0.0000E+00  0.4090E-02  0.2229E-01  0.0000E+00  0.0000E+00  0.1273E-01  0.3408E-01  0.2282E-02  0.1054E-02
  0.3305E-01  0.0000E+00  0.0000E+00  0.0000E+00  0.1570E-02  0.0000E+00  0.0000E+00  0.0000E+00  0.0000E+00  0.0000E+00  0.0000E+00  0.0000E+00  0.0000E+00  0.0000E+00
  0.3478E-01  0.0000E+00  0.0000E+00  0.0000E+00  0.5362E-02  0.0000E+00  0.0000E+00  0.0000E+00  0.0000E+00  0.0000E+00  0.0000E+00  0.0000E+00  0.0000E+00  0.0000E+00
  0.3258E-01  0.0000E+00  0.0000E+00  0.0000E+00  0.8881E-02  0.0000E+00  0.0000E+00  0.0000E+00  0.0000E+00  0.0000E+00  0.0000E+00  0.0000E+00  0.0000E+00  0.0000E+00
  0.2419E-01  0.0000E+00  0.0000E+00  0.0000E+00  0.2938E-02  0.0000E+00  0.0000E+00  0.0000E+00  0.0000E+00  0.0000E+00  0.0000E+00  0.0000E+00  0.0000E+00  0.0000E+00
 Relative number of events:
  0.5246E-01  0.0000E+00  0.2522E-01  0.2293E-01  0.7166E-02  0.0000E+00  0.2236E-01  0.1835E-01  0.0000E+00  0.0000E+00  0.1414E-01  0.1347E-01  0.5828E-02  0.4777E-02
  0.5284E-01  0.0000E+00  0.2714E-01  0.2513E-01  0.8026E-02  0.0000E+00  0.1968E-01  0.2198E-01  0.0000E+00  0.0000E+00  0.1557E-01  0.1510E-01  0.4682E-02  0.5733E-02
  0.5016E-01  0.0000E+00  0.2723E-01  0.2742E-01  0.7548E-02  0.0000E+00  0.1949E-01  0.1777E-01  0.0000E+00  0.0000E+00  0.1433E-01  0.1519E-01  0.4682E-02  0.5542E-02
  0.5074E-01  0.0000E+00  0.2685E-01  0.2828E-01  0.8599E-02  0.0000E+00  0.1921E-01  0.1787E-01  0.0000E+00  0.0000E+00  0.1357E-01  0.1357E-01  0.6402E-02  0.4873E-02
  0.5293E-01  0.0000E+00  0.0000E+00  0.0000E+00  0.8599E-02  0.0000E+00  0.0000E+00  0.0000E+00  0.0000E+00  0.0000E+00  0.0000E+00  0.0000E+00  0.0000E+00  0.0000E+00
  0.5312E-01  0.0000E+00  0.0000E+00  0.0000E+00  0.9746E-02  0.0000E+00  0.0000E+00  0.0000E+00  0.0000E+00  0.0000E+00  0.0000E+00  0.0000E+00  0.0000E+00  0.0000E+00
  0.4835E-01  0.0000E+00  0.0000E+00  0.0000E+00  0.9077E-02  0.0000E+00  0.0000E+00  0.0000E+00  0.0000E+00  0.0000E+00  0.0000E+00  0.0000E+00  0.0000E+00  0.0000E+00
  0.4854E-01  0.0000E+00  0.0000E+00  0.0000E+00  0.7739E-02  0.0000E+00  0.0000E+00  0.0000E+00  0.0000E+00  0.0000E+00  0.0000E+00  0.0000E+00  0.0000E+00  0.0000E+00
 Events:
         549           0         264         240          75           0         234         192           0           0         148         141          61          50
         553           0         284         263          84           0         206         230           0           0         163         158          49          60
         525           0         285         287          79           0         204         186           0           0         150         159          49          58
         531           0         281         296          90           0         201         187           0           0         142         142          67          51
         554           0           0           0          90           0           0           0           0           0           0           0           0           0
         556           0           0           0         102           0           0           0           0           0           0           0           0           0
         506           0           0           0          95           0           0           0           0           0           0           0           0           0
         508           0           0           0          81           0           0           0           0           0           0           0           0           0
 Accuracy:    0.117   0.010   0.073   2.583
 Found         1118  events.
 Wrote            5  events.
 Actual xsec    5.4308315792468451E-007
 Correct abs xsec    1.1830141526747094E-006
 Event xsec    1.1830141526747092E-006
 Events wgts > 1:            1
 % Cross section > 1:    2.7029974238135276E-014   2.2848394651088887E-006
 Iteration  5   Mean: 0.6951E-06 Abs mean: 0.1200E-05   Fluctuation:  0.636E-07   0.998E-03    73.8%
  5    0.6951E-06 0.1200E-05 +- 0.6362E-07      9.48
 Relative summed weights:
  0.3858E-01  0.0000E+00  0.3393E-01  0.2874E-01  0.2688E-02  0.0000E+00  0.1249E-01  0.1060E-01  0.0000E+00  0.0000E+00  0.1689E-01  0.1511E-01  0.3790E-02  0.2120E-02
  0.4579E-01  0.0000E+00  0.3717E-01  0.5032E-01  0.3799E-02  0.0000E+00  0.1255E-01  0.1488E-01  0.0000E+00  0.0000E+00  0.1123E-01  0.2612E-01  0.1485E-02  0.2516E-02
  0.6109E-01  0.0000E+00  0.4687E-01  0.2952E-01  0.2252E-02  0.0000E+00  0.1956E-01  0.1391E-01  0.0000E+00  0.0000E+00  0.1899E-01  0.1909E-01  0.1261E-02  0.2018E-02
  0.6850E-01  0.0000E+00  0.2161E-01  0.2495E-01  0.2374E-02  0.0000E+00  0.8251E-02  0.1007E-01  0.0000E+00  0.0000E+00  0.1625E-01  0.2141E-01  0.1266E-02  0.6902E-03
  0.3667E-01  0.0000E+00  0.0000E+00  0.0000E+00  0.1922E-02  0.0000E+00  0.0000E+00  0.0000E+00  0.0000E+00  0.0000E+00  0.0000E+00  0.0000E+00  0.0000E+00  0.0000E+00
  0.9729E-01  0.0000E+00  0.0000E+00  0.0000E+00  0.5749E-02  0.0000E+00  0.0000E+00  0.0000E+00  0.0000E+00  0.0000E+00  0.0000E+00  0.0000E+00  0.0000E+00  0.0000E+00
  0.3860E-01  0.0000E+00  0.0000E+00  0.0000E+00  0.2572E-02  0.0000E+00  0.0000E+00  0.0000E+00  0.0000E+00  0.0000E+00  0.0000E+00  0.0000E+00  0.0000E+00  0.0000E+00
  0.5182E-01  0.0000E+00  0.0000E+00  0.0000E+00  0.4659E-02  0.0000E+00  0.0000E+00  0.0000E+00  0.0000E+00  0.0000E+00  0.0000E+00  0.0000E+00  0.0000E+00  0.0000E+00
 Relative number of events:
  0.5375E-01  0.0000E+00  0.2642E-01  0.2561E-01  0.8217E-02  0.0000E+00  0.1944E-01  0.1873E-01  0.0000E+00  0.0000E+00  0.1419E-01  0.1562E-01  0.5351E-02  0.6163E-02
  0.5179E-01  0.0000E+00  0.2780E-01  0.2599E-01  0.8599E-02  0.0000E+00  0.1911E-01  0.1983E-01  0.0000E+00  0.0000E+00  0.1744E-01  0.1428E-01  0.5398E-02  0.4634E-02
  0.5064E-01  0.0000E+00  0.2585E-01  0.2475E-01  0.7453E-02  0.0000E+00  0.1911E-01  0.1906E-01  0.0000E+00  0.0000E+00  0.1491E-01  0.1596E-01  0.5016E-02  0.5207E-02
  0.5059E-01  0.0000E+00  0.2370E-01  0.2565E-01  0.7453E-02  0.0000E+00  0.1992E-01  0.2030E-01  0.0000E+00  0.0000E+00  0.1491E-01  0.1371E-01  0.5876E-02  0.4873E-02
  0.5031E-01  0.0000E+00  0.0000E+00  0.0000E+00  0.8074E-02  0.0000E+00  0.0000E+00  0.0000E+00  0.0000E+00  0.0000E+00  0.0000E+00  0.0000E+00  0.0000E+00  0.0000E+00
  0.5293E-01  0.0000E+00  0.0000E+00  0.0000E+00  0.8265E-02  0.0000E+00  0.0000E+00  0.0000E+00  0.0000E+00  0.0000E+00  0.0000E+00  0.0000E+00  0.0000E+00  0.0000E+00
  0.5126E-01  0.0000E+00  0.0000E+00  0.0000E+00  0.8074E-02  0.0000E+00  0.0000E+00  0.0000E+00  0.0000E+00  0.0000E+00  0.0000E+00  0.0000E+00  0.0000E+00  0.0000E+00
  0.4973E-01  0.0000E+00  0.0000E+00  0.0000E+00  0.8074E-02  0.0000E+00  0.0000E+00  0.0000E+00  0.0000E+00  0.0000E+00  0.0000E+00  0.0000E+00  0.0000E+00  0.0000E+00
 Events:
        1125           0         553         536         172           0         407         392           0           0         297         327         112         129
        1084           0         582         544         180           0         400         415           0           0         365         299         113          97
        1060           0         541         518         156           0         400         399           0           0         312         334         105         109
        1059           0         496         537         156           0         417         425           0           0         312         287         123         102
        1053           0           0           0         169           0           0           0           0           0           0           0           0           0
        1108           0           0           0         173           0           0           0           0           0           0           0           0           0
        1073           0           0           0         169           0           0           0           0           0           0           0           0           0
        1041           0           0           0         169           0           0           0           0           0           0           0           0           0
 Accuracy:    0.061   0.010   0.043   1.995
 Found         2237  events.
 Wrote           47  events.
 Actual xsec    6.5453358185422690E-007
 Correct abs xsec    1.2004663462040963E-006
 Event xsec    1.2004663462040954E-006
 Events wgts > 1:            2
 % Cross section > 1:    7.8266620327831192E-009  0.65196846688215959     
 Iteration  6   Mean: 0.6053E-06 Abs mean: 0.1147E-05   Fluctuation:  0.373E-07   0.169E-02    76.2%
  6    0.6053E-06 0.1147E-05 +- 0.3729E-07      8.22
 Relative summed weights:
  0.3935E-01  0.0000E+00  0.3709E-01  0.3173E-01  0.3483E-02  0.0000E+00  0.1635E-01  0.1623E-01  0.0000E+00  0.0000E+00  0.3392E-01  0.1699E-01  0.1570E-02  0.1784E-02
  0.4221E-01  0.0000E+00  0.3743E-01  0.3867E-01  0.2987E-02  0.0000E+00  0.1591E-01  0.1890E-01  0.0000E+00  0.0000E+00  0.1492E-01  0.1690E-01  0.1977E-02  0.1626E-02
  0.4915E-01  0.0000E+00  0.4259E-01  0.6698E-01  0.5858E-02  0.0000E+00  0.1923E-01  0.1938E-01  0.0000E+00  0.0000E+00  0.1956E-01  0.1277E-01  0.3135E-02  0.2287E-02
  0.4592E-01  0.0000E+00  0.2593E-01  0.3180E-01  0.5921E-02  0.0000E+00  0.1597E-01  0.1552E-01  0.0000E+00  0.0000E+00  0.2057E-01  0.1462E-01  0.2315E-02  0.2634E-02
  0.3901E-01  0.0000E+00  0.0000E+00  0.0000E+00  0.3311E-02  0.0000E+00  0.0000E+00  0.0000E+00  0.0000E+00  0.0000E+00  0.0000E+00  0.0000E+00  0.0000E+00  0.0000E+00
  0.4802E-01  0.0000E+00  0.0000E+00  0.0000E+00  0.5585E-02  0.0000E+00  0.0000E+00  0.0000E+00  0.0000E+00  0.0000E+00  0.0000E+00  0.0000E+00  0.0000E+00  0.0000E+00
  0.4132E-01  0.0000E+00  0.0000E+00  0.0000E+00  0.3555E-02  0.0000E+00  0.0000E+00  0.0000E+00  0.0000E+00  0.0000E+00  0.0000E+00  0.0000E+00  0.0000E+00  0.0000E+00
  0.4291E-01  0.0000E+00  0.0000E+00  0.0000E+00  0.4140E-02  0.0000E+00  0.0000E+00  0.0000E+00  0.0000E+00  0.0000E+00  0.0000E+00  0.0000E+00  0.0000E+00  0.0000E+00
 Relative number of events:
  0.5225E-01  0.0000E+00  0.2599E-01  0.2563E-01  0.8157E-02  0.0000E+00  0.1943E-01  0.2032E-01  0.0000E+00  0.0000E+00  0.1373E-01  0.1405E-01  0.5092E-02  0.4682E-02
  0.5266E-01  0.0000E+00  0.2503E-01  0.2546E-01  0.8664E-02  0.0000E+00  0.1940E-01  0.1892E-01  0.0000E+00  0.0000E+00  0.1409E-01  0.1407E-01  0.4972E-02  0.4827E-02
  0.5066E-01  0.0000E+00  0.2635E-01  0.2486E-01  0.8833E-02  0.0000E+00  0.1890E-01  0.1856E-01  0.0000E+00  0.0000E+00  0.1388E-01  0.1393E-01  0.4754E-02  0.4948E-02
  0.5310E-01  0.0000E+00  0.2580E-01  0.2609E-01  0.9147E-02  0.0000E+00  0.1921E-01  0.1945E-01  0.0000E+00  0.0000E+00  0.1482E-01  0.1414E-01  0.4923E-02  0.4561E-02
  0.5283E-01  0.0000E+00  0.0000E+00  0.0000E+00  0.8447E-02  0.0000E+00  0.0000E+00  0.0000E+00  0.0000E+00  0.0000E+00  0.0000E+00  0.0000E+00  0.0000E+00  0.0000E+00
  0.5396E-01  0.0000E+00  0.0000E+00  0.0000E+00  0.7385E-02  0.0000E+00  0.0000E+00  0.0000E+00  0.0000E+00  0.0000E+00  0.0000E+00  0.0000E+00  0.0000E+00  0.0000E+00
  0.5179E-01  0.0000E+00  0.0000E+00  0.0000E+00  0.8447E-02  0.0000E+00  0.0000E+00  0.0000E+00  0.0000E+00  0.0000E+00  0.0000E+00  0.0000E+00  0.0000E+00  0.0000E+00
  0.5500E-01  0.0000E+00  0.0000E+00  0.0000E+00  0.7795E-02  0.0000E+00  0.0000E+00  0.0000E+00  0.0000E+00  0.0000E+00  0.0000E+00  0.0000E+00  0.0000E+00  0.0000E+00
 Events:
        2165           0        1077        1062         338           0         805         842           0           0         569         582         211         194
        2182           0        1037        1055         359           0         804         784           0           0         584         583         206         200
        2099           0        1092        1030         366           0         783         769           0           0         575         577         197         205
        2200           0        1069        1081         379           0         796         806           0           0         614         586         204         189
        2189           0           0           0         350           0           0           0           0           0           0           0           0           0
        2236           0           0           0         306           0           0           0           0           0           0           0           0           0
        2146           0           0           0         350           0           0           0           0           0           0           0           0           0
        2279           0           0           0         323           0           0           0           0           0           0           0           0           0
 Accuracy:    0.033   0.010   0.026   1.628
 Found         4916  events.
 Wrote           48  events.
 Actual xsec    6.3610650927626555E-007
 Correct abs xsec    1.1656126758555111E-006
 Event xsec    1.1656126758555114E-006
 Events wgts > 1:            0
 % Cross section > 1:    0.0000000000000000        0.0000000000000000     
 Iteration  7   Mean: 0.6291E-06 Abs mean: 0.1181E-05   Fluctuation:  0.199E-07   0.830E-03    78.3%
  7    0.6291E-06 0.1181E-05 +- 0.1993E-07      6.04
 Relative summed weights:
  0.5055E-01  0.0000E+00  0.3915E-01  0.3138E-01  0.5555E-02  0.0000E+00  0.2187E-01  0.1582E-01  0.0000E+00  0.0000E+00  0.2216E-01  0.2052E-01  0.2014E-02  0.2873E-02
  0.4879E-01  0.0000E+00  0.3925E-01  0.3953E-01  0.4675E-02  0.0000E+00  0.1450E-01  0.1505E-01  0.0000E+00  0.0000E+00  0.1422E-01  0.1202E-01  0.1777E-02  0.1517E-02
  0.5090E-01  0.0000E+00  0.2764E-01  0.3690E-01  0.4363E-02  0.0000E+00  0.1602E-01  0.1199E-01  0.0000E+00  0.0000E+00  0.1796E-01  0.2324E-01  0.3161E-02  0.2560E-02
  0.4553E-01  0.0000E+00  0.3576E-01  0.2989E-01  0.4078E-02  0.0000E+00  0.1590E-01  0.1607E-01  0.0000E+00  0.0000E+00  0.2184E-01  0.2004E-01  0.2675E-02  0.3454E-02
  0.4608E-01  0.0000E+00  0.0000E+00  0.0000E+00  0.4384E-02  0.0000E+00  0.0000E+00  0.0000E+00  0.0000E+00  0.0000E+00  0.0000E+00  0.0000E+00  0.0000E+00  0.0000E+00
  0.4721E-01  0.0000E+00  0.0000E+00  0.0000E+00  0.4783E-02  0.0000E+00  0.0000E+00  0.0000E+00  0.0000E+00  0.0000E+00  0.0000E+00  0.0000E+00  0.0000E+00  0.0000E+00
  0.4726E-01  0.0000E+00  0.0000E+00  0.0000E+00  0.3978E-02  0.0000E+00  0.0000E+00  0.0000E+00  0.0000E+00  0.0000E+00  0.0000E+00  0.0000E+00  0.0000E+00  0.0000E+00
  0.4923E-01  0.0000E+00  0.0000E+00  0.0000E+00  0.3870E-02  0.0000E+00  0.0000E+00  0.0000E+00  0.0000E+00  0.0000E+00  0.0000E+00  0.0000E+00  0.0000E+00  0.0000E+00
 Relative number of events:
  0.5458E-01  0.0000E+00  0.2596E-01  0.2517E-01  0.8155E-02  0.0000E+00  0.1953E-01  0.1829E-01  0.0000E+00  0.0000E+00  0.1312E-01  0.1367E-01  0.4867E-02  0.4757E-02
  0.5467E-01  0.0000E+00  0.2557E-01  0.2612E-01  0.7379E-02  0.0000E+00  0.1899E-01  0.1909E-01  0.0000E+00  0.0000E+00  0.1407E-01  0.1348E-01  0.4757E-02  0.4745E-02
  0.5469E-01  0.0000E+00  0.2495E-01  0.2511E-01  0.7731E-02  0.0000E+00  0.1945E-01  0.1868E-01  0.0000E+00  0.0000E+00  0.1425E-01  0.1370E-01  0.4867E-02  0.4915E-02
  0.5397E-01  0.0000E+00  0.2487E-01  0.2579E-01  0.8507E-02  0.0000E+00  0.1927E-01  0.1901E-01  0.0000E+00  0.0000E+00  0.1425E-01  0.1409E-01  0.4891E-02  0.4697E-02
  0.5339E-01  0.0000E+00  0.0000E+00  0.0000E+00  0.8337E-02  0.0000E+00  0.0000E+00  0.0000E+00  0.0000E+00  0.0000E+00  0.0000E+00  0.0000E+00  0.0000E+00  0.0000E+00
  0.5365E-01  0.0000E+00  0.0000E+00  0.0000E+00  0.8204E-02  0.0000E+00  0.0000E+00  0.0000E+00  0.0000E+00  0.0000E+00  0.0000E+00  0.0000E+00  0.0000E+00  0.0000E+00
  0.5231E-01  0.0000E+00  0.0000E+00  0.0000E+00  0.7767E-02  0.0000E+00  0.0000E+00  0.0000E+00  0.0000E+00  0.0000E+00  0.0000E+00  0.0000E+00  0.0000E+00  0.0000E+00
  0.5425E-01  0.0000E+00  0.0000E+00  0.0000E+00  0.7464E-02  0.0000E+00  0.0000E+00  0.0000E+00  0.0000E+00  0.0000E+00  0.0000E+00  0.0000E+00  0.0000E+00  0.0000E+00
 Events:
        4497           0        2139        2074         672           0        1609        1507           0           0        1081        1126         401         392
        4505           0        2107        2152         608           0        1565        1573           0           0        1159        1111         392         391
        4506           0        2056        2069         637           0        1603        1539           0           0        1174        1129         401         405
        4447           0        2049        2125         701           0        1588        1566           0           0        1174        1161         403         387
        4399           0           0           0         687           0           0           0           0           0           0           0           0           0
        4421           0           0           0         676           0           0           0           0           0           0           0           0           0
        4310           0           0           0         640           0           0           0           0           0           0           0           0           0
        4470           0           0           0         615           0           0           0           0           0           0           0           0           0
 Accuracy:    0.017   0.010   0.014   1.416
 Found        10848  events.
 Wrote          477  events.
 Actual xsec    6.2928724946738491E-007
 Correct abs xsec    1.1754829061388995E-006
 Event xsec    1.1754829061389120E-006
 Events wgts > 1:            9
 % Cross section > 1:    1.1002390322354326E-008  0.93598896801431875     
 Iteration  8   Mean: 0.6029E-06 Abs mean: 0.1137E-05   Fluctuation:  0.118E-07   0.645E-03    80.0%
  8    0.6029E-06 0.1137E-05 +- 0.1184E-07      5.27
 Exceeded boost           3          96   256000.000    
 Exceeded boost           4          96   256000.000    
 Exceeded boost           5          95   256000.000    
 Exceeded boost          13          95   256000.000    
 Relative summed weights:
  0.5134E-01  0.0000E+00  0.3223E-01  0.3890E-01  0.4843E-02  0.0000E+00  0.1711E-01  0.1482E-01  0.0000E+00  0.0000E+00  0.1849E-01  0.2173E-01  0.2738E-02  0.2782E-02
  0.5173E-01  0.0000E+00  0.3609E-01  0.3152E-01  0.3695E-02  0.0000E+00  0.1563E-01  0.1521E-01  0.0000E+00  0.0000E+00  0.1843E-01  0.1810E-01  0.2396E-02  0.2465E-02
  0.4290E-01  0.0000E+00  0.3692E-01  0.3457E-01  0.3697E-02  0.0000E+00  0.1548E-01  0.1531E-01  0.0000E+00  0.0000E+00  0.1795E-01  0.1769E-01  0.2383E-02  0.3349E-02
  0.4843E-01  0.0000E+00  0.3318E-01  0.3501E-01  0.3868E-02  0.0000E+00  0.1737E-01  0.1582E-01  0.0000E+00  0.0000E+00  0.1763E-01  0.1492E-01  0.2555E-02  0.2577E-02
  0.4778E-01  0.0000E+00  0.0000E+00  0.0000E+00  0.3922E-02  0.0000E+00  0.0000E+00  0.0000E+00  0.0000E+00  0.0000E+00  0.0000E+00  0.0000E+00  0.0000E+00  0.0000E+00
  0.5176E-01  0.0000E+00  0.0000E+00  0.0000E+00  0.4207E-02  0.0000E+00  0.0000E+00  0.0000E+00  0.0000E+00  0.0000E+00  0.0000E+00  0.0000E+00  0.0000E+00  0.0000E+00
  0.4631E-01  0.0000E+00  0.0000E+00  0.0000E+00  0.4882E-02  0.0000E+00  0.0000E+00  0.0000E+00  0.0000E+00  0.0000E+00  0.0000E+00  0.0000E+00  0.0000E+00  0.0000E+00
  0.5400E-01  0.0000E+00  0.0000E+00  0.0000E+00  0.5263E-02  0.0000E+00  0.0000E+00  0.0000E+00  0.0000E+00  0.0000E+00  0.0000E+00  0.0000E+00  0.0000E+00  0.0000E+00
 Relative number of events:
  0.5456E-01  0.0000E+00  0.2504E-01  0.2548E-01  0.7564E-02  0.0000E+00  0.1885E-01  0.1896E-01  0.0000E+00  0.0000E+00  0.1353E-01  0.1337E-01  0.4699E-02  0.4462E-02
  0.5654E-01  0.0000E+00  0.2489E-01  0.2550E-01  0.7491E-02  0.0000E+00  0.1908E-01  0.1939E-01  0.0000E+00  0.0000E+00  0.1341E-01  0.1298E-01  0.4486E-02  0.4980E-02
  0.5412E-01  0.0000E+00  0.2531E-01  0.2523E-01  0.7600E-02  0.0000E+00  0.1915E-01  0.1963E-01  0.0000E+00  0.0000E+00  0.1323E-01  0.1326E-01  0.4510E-02  0.4730E-02
Thanks for using LHAPDF 6.2.1. Please make sure to cite the paper:
  Eur.Phys.J. C75 (2015) 3, 132  (http://arxiv.org/abs/1412.7420)
  0.5506E-01  0.0000E+00  0.2498E-01  0.2526E-01  0.7485E-02  0.0000E+00  0.1947E-01  0.1844E-01  0.0000E+00  0.0000E+00  0.1372E-01  0.1304E-01  0.4699E-02  0.4797E-02
  0.5507E-01  0.0000E+00  0.0000E+00  0.0000E+00  0.7722E-02  0.0000E+00  0.0000E+00  0.0000E+00  0.0000E+00  0.0000E+00  0.0000E+00  0.0000E+00  0.0000E+00  0.0000E+00
  0.5557E-01  0.0000E+00  0.0000E+00  0.0000E+00  0.7552E-02  0.0000E+00  0.0000E+00  0.0000E+00  0.0000E+00  0.0000E+00  0.0000E+00  0.0000E+00  0.0000E+00  0.0000E+00
  0.5494E-01  0.0000E+00  0.0000E+00  0.0000E+00  0.7521E-02  0.0000E+00  0.0000E+00  0.0000E+00  0.0000E+00  0.0000E+00  0.0000E+00  0.0000E+00  0.0000E+00  0.0000E+00
  0.5514E-01  0.0000E+00  0.0000E+00  0.0000E+00  0.7509E-02  0.0000E+00  0.0000E+00  0.0000E+00  0.0000E+00  0.0000E+00  0.0000E+00  0.0000E+00  0.0000E+00  0.0000E+00
 Events:
        8951           0        4109        4181        1241           0        3093        3111           0           0        2220        2193         771         732
        9277           0        4083        4184        1229           0        3130        3181           0           0        2200        2130         736         817
        8879           0        4153        4140        1247           0        3142        3221           0           0        2170        2176         740         776
        9033           0        4098        4144        1228           0        3195        3025           0           0        2251        2140         771         787
        9035           0           0           0        1267           0           0           0           0           0           0           0           0           0
        9117           0           0           0        1239           0           0           0           0           0           0           0           0           0
        9014           0           0           0        1234           0           0           0           0           0           0           0           0           0
        9047           0           0           0        1232           0           0           0           0           0           0           0           0           0
 Accuracy:    0.011   0.010   0.008   1.692
 Found        21655  events.
 Wrote         1212  events.
 Actual xsec    6.0979789736802879E-007
 Correct abs xsec    1.1489539836835674E-006
 Event xsec    1.1489539836835475E-006
 Events wgts > 1:           27
 % Cross section > 1:    1.0276273575598615E-008  0.89440253670150238     

 -------------------------------------------------------------------------------
 Accumulated results:   Integral =  0.1149E-05
                        Std dev  =  0.9637E-08
                       Cross sec =  0.6107E-06
             Chi**2 per DoF.     =      1.6919
 -------------------------------------------------------------------------------
-------------------------------------------------
---------------------------
 Results Last   3 iters: Integral =   0.6098E-06
                     Abs integral =   0.1149E-05
                          Std dev =   0.9823E-08
                  Chi**2 per DoF. =      1.7713
-------------------------------------------------
---------------------------
 Status   1.0000000000000000E-002           9           8

ls status:
events.lhe
ftn26
input_app.txt
results.dat
run1_app.log
