==== LHAPDF6 USING DEFAULT-TYPE LHAGLUE INTERFACE ====
LHAPDF 6.2.1 loading /cvmfs/cms.cern.ch/slc6_amd64_gcc630/external/lhapdf/6.2.1-ghjeda2/share/LHAPDF/NNPDF30_lo_as_0130_nf_4/NNPDF30_lo_as_0130_nf_4_0000.dat
NNPDF30_lo_as_0130_nf_4 PDF set, member #0, version 2; LHAPDF ID = 263400
 Process in group number            1
 A PDF is used, so alpha_s(MZ) is going to be modified
 Old value of alpha_s from param_card:   0.11810000000000001     
 New value of alpha_s from PDF lhapdf :  0.12470044313224841     
 using LHAPDF
 Define smin to   10000.000000000000     
 Define smin to   10000.000000000000     
 Define smin to   10000.000000000000     
 Define smin to   10000.000000000000     
 Define smin to   10000.000000000000     
 Define smin to   10000.000000000000     
 Define smin to   10000.000000000000     
 *****************************************************
 *               MadGraph/MadEvent                   *
 *        --------------------------------           *
 *          http://madgraph.hep.uiuc.edu             *
 *          http://madgraph.phys.ucl.ac.be           *
 *          http://madgraph.roma2.infn.it            *
 *        --------------------------------           *
 *                                                   *
 *          PARAMETER AND COUPLING VALUES            *
 *                                                   *
 *****************************************************

  External Params
  ---------------------------------
  
 mdl_MW0 =    80.387000000000000     
 mdl_Gf =    1.1663789999999999E-005
 aS =   0.11810000000000001     
 mdl_ymdo =    1.0000000000000000E-099
 mdl_ymb =    4.1799999999999997     
 mdl_ymt =    173.19999999999999     
 mdl_ymtau =    1.7769999999999999     
 mdl_LambdaSMEFT =    1000.0000000000000     
 mdl_cHW =    1.0000000000000000     
 mdl_MZ =    91.187600000000003     
 mdl_MTA =    1.7769999999999999     
 mdl_MT =    173.19999999999999     
 mdl_MB =    4.1799999999999997     
 mdl_MH =    125.09000000000000     
 mdl_WZ =    2.4952000000000001     
 mdl_WW =    2.0850000000000000     
 mdl_WT =    1.5083359999999999     
 mdl_WH =    4.0699999999999998E-003
  Internal Params
  ---------------------------------
  
 mdl_ymm =    1.0000000000000000E-099
 mdl_yme =    1.0000000000000000E-099
 mdl_ymc =    1.0000000000000000E-099
 mdl_yms =    1.0000000000000000E-099
 mdl_ymup =    1.0000000000000000E-099
 mdl_conjg__CKM3x3 =    1.0000000000000000     
 mdl_cH =    0.0000000000000000     
 mdl_cHB =    0.0000000000000000     
 mdl_CKM1x1 =    1.0000000000000000     
 mdl_conjg__CKM1x1 =    1.0000000000000000     
 mdl_dGf =    0.0000000000000000     
 mdl_CKM3x3 =    1.0000000000000000     
 mdl_dMH2 =    0.0000000000000000     
 mdl_conjg__CKM2x2 =    1.0000000000000000     
 mdl_dg1 =    0.0000000000000000     
 mdl_CKM2x2 =    1.0000000000000000     
 mdl_dgw =    0.0000000000000000     
 mdl_complexi =  (  0.0000000000000000     ,  1.0000000000000000     )
 mdl_MW =    80.387000000000000     
 mdl_nb__2__exp__0_25 =    1.1892071150027210     
 mdl_MH__exp__2 =    15647.508100000001     
 mdl_sqrt__2 =    1.4142135623730951     
 mdl_MW__exp__2 =    6462.0697689999997     
 mdl_MZ__exp__2 =    8315.1783937600012     
 mdl_sth2 =   0.22285855299877133     
 mdl_MH__exp__6 =    3831206449390.3818     
 mdl_MT__exp__6 =    26995248278778.535     
 mdl_MH__exp__4 =    244844509.73956564     
 mdl_MT__exp__4 =    899894403.09759963     
 mdl_MT__exp__2 =    29998.239999999994     
 mdl_LambdaSMEFT__exp__2 =    1000000.0000000000     
 mdl_cth =   0.88155626422890820     
 mdl_sqrt__sth2 =   0.47207896902824564     
 mdl_sth =   0.47207896902824564     
 mdl_MW0__exp__6 =    269845343347.69711     
 mdl_MW0__exp__4 =    41758345.699423708     
 mdl_MW0__exp__2 =    6462.0697689999997     
 mdl_MZ__exp__4 =    69142191.720053151     
 mdl_MZ__exp__6 =    574929658687.79749     
 mdl_cth__exp__2 =   0.77714144700122867     
 mdl_sth__exp__2 =   0.22285855299877130     
 mdl_sth__exp__3 =   0.10520683593878660     
 mdl_cth__exp__3 =   0.68509391079585125     
 mdl_sth__exp__4 =    4.9665934644706158E-002
 mdl_sqrt__Gf =    3.4152291284773265E-003
 mdl_vevhat =    246.21961912951551     
 mdl_lam =   0.12905352724481209     
 mdl_aEW =    7.5614618607353409E-003
 mdl_yb =    2.4008698866559607E-002
 mdl_yc =    5.7437078628133041E-102
 mdl_ydo =    5.7437078628133041E-102
 mdl_ye =    5.7437078628133041E-102
 mdl_ym =    5.7437078628133041E-102
 mdl_ys =    5.7437078628133041E-102
 mdl_yt =   0.99481020183926416     
 mdl_ytau =    1.0206568872219240E-002
 mdl_yup =    5.7437078628133041E-102
 mdl_vevhat__exp__2 =    60624.100844283676     
 mdl_barlam =   0.12905352724481209     
 mdl_vevT =    246.21961912951551     
 mdl_sqrt__aEW =    8.6956666568672819E-002
 mdl_ee =   0.30825335704310214     
 mdl_gwsh =   0.61338418662494298     
 mdl_vev =    246.21961912951551     
 mdl_g1 =   0.34966952144878632     
 mdl_gw =   0.65296989967087182     
 mdl_ee__exp__2 =    9.5020132128342205E-002
 mdl_gHaa =   -1.9303830602986922E-003
 mdl_gHza =   -6.8546472954154700E-003
 mdl_g1sh =   0.34966952144878632     
 mdl_I1d11 =  (  5.7437078628133041E-102,  0.0000000000000000     )
 mdl_I1d22 =  (  5.7437078628133041E-102,  0.0000000000000000     )
 mdl_I1d33 =  (  2.4008698866559607E-002,  0.0000000000000000     )
 mdl_I2d11 =  (  5.7437078628133041E-102,  0.0000000000000000     )
 mdl_I2d22 =  (  5.7437078628133041E-102,  0.0000000000000000     )
 mdl_I2d33 =  ( 0.99481020183926416     ,  0.0000000000000000     )
 mdl_I3d11 =  (  5.7437078628133041E-102,  0.0000000000000000     )
 mdl_I3d22 =  (  5.7437078628133041E-102,  0.0000000000000000     )
 mdl_I3d33 =  (  2.4008698866559607E-002,  0.0000000000000000     )
 mdl_I4d11 =  (  5.7437078628133041E-102,  0.0000000000000000     )
 mdl_I4d22 =  (  5.7437078628133041E-102,  0.0000000000000000     )
 mdl_I4d33 =  ( 0.99481020183926416     ,  0.0000000000000000     )
 mdl_I5d11 =  (  5.7437078628133041E-102,  0.0000000000000000     )
 mdl_I5d22 =  (  5.7437078628133041E-102,  0.0000000000000000     )
 mdl_I5d33 =  (  2.4008698866559607E-002,  0.0000000000000000     )
 mdl_I6d11 =  (  5.7437078628133041E-102,  0.0000000000000000     )
 mdl_I6d22 =  (  5.7437078628133041E-102,  0.0000000000000000     )
 mdl_I6d33 =  ( 0.99481020183926416     ,  0.0000000000000000     )
 mdl_ee__exp__3 =    2.9290274715240611E-002
 mdl_vevhat__exp__3 =    14926843.019948866     
  Internal Params evaluated point by point
  ----------------------------------------
  
 mdl_sqrt__aS =   0.34365680554879169     
 mdl_G__exp__2 =    1.4840883695558185     
 mdl_gHgg =    3.2334372328970845E-003
 mdl_G__exp__3 =  (  1.8079634332366095     ,  0.0000000000000000     )
  Couplings of SMEFTsim_A_U35_MwScheme_UFO_v3_1-cHW_massless
  ---------------------------------
  
         GC_1 =   0.00000E+00   0.10275E+00
         GC_2 =  -0.00000E+00  -0.20550E+00
         GC_3 =  -0.00000E+00  -0.30825E+00
       GC_255 =  -0.00000E+00  -0.42637E+00
       GC_278 =  -0.00000E+00  -0.37035E+00
       GC_280 =  -0.00000E+00  -0.57563E+00
       GC_328 =  -0.00000E+00  -0.55024E-01
       GC_329 =   0.00000E+00   0.11005E+00
       GC_330 =  -0.00000E+00  -0.16507E+00
       GC_387 =   0.00000E+00   0.98488E-03
       GC_400 =   0.00000E+00   0.52490E+02
       GC_809 =  -0.00000E+00  -0.72171E-02
      GC_1073 =  -0.00000E+00  -0.46172E+00

 Collider parameters:
 --------------------

 Running at P P   machine @    13000.000000000000       GeV
 PDF set = lhapdf 
 alpha_s(Mz)= 0.1247 running at 1 loops.
 alpha_s(Mz)= 0.1247 running at 1 loops.
 Renormalization scale set on event-by-event basis
 Factorization   scale set on event-by-event basis


 getting user params
Enter number of events and max and min iterations: 
 Number of events and iterations         2000           8           3
Enter desired fractional accuracy: 
 Desired fractional accuracy:    1.0000000000000000E-002
Enter 0 for fixed, 2 for adjustable grid: 
Suppress amplitude (0 no, 1 yes)? 
 Using suppressed amplitude.
Exact helicity sum (0 yes, n = number/event)? 
 Explicitly summing over helicities
Enter Configuration Number: 
Running Configuration Number:  417
 Using dconfig=          80
 BW Setting            2           2           2           2           0           0
 Attempting mappinvarients           1           8
 Completed mapping           8
 about to integrate           16        2000           8           3          16           1
 Using non-zero grid deformation.
 16 dimensions   2000 events 16 invarients  8 iterations  1 config(s),  (0.99)
 Using h-tuple random number sequence.
 Error opening grid
 Using Uniform Grid!          32
 Using uniform alpha   1.0000000000000000     
 Grid defined OK
 Set CM energy to      13000.00
 Mapping Graph         417  to config         417
Setting grid   1    0.59172E-04   1
Setting grid   2    0.61293E-04   1
Setting grid   3    0.61293E-04   1
Setting grid   4    0.18685E-07   1
Setting grid   5    0.63452E-04   1
 Transforming s_hat 1/s           15   6.3452253940828423E-005   10000.000000000000        168999999.99999997     
 417   1   2   3   4   5   6   7   8   9  10  11  12  13  14
  15  16
 Masses: 0.000E+00 0.000E+00 0.178E+01 0.178E+01 0.000E+00 0.000E+00 0.000E+00 0.000E+00
Using random seed offsets   417 :      1
  with seed                   24
 Ranmar initialization seeds         147        9398
 
 ********************************************
 * You are using the DiscreteSampler module *
 *      part of the MG5_aMC framework       *
 *         Author: Valentin Hirschi         *
 ********************************************
 
  Particle       3       4       5       6       7       8
      Et >     0.0     0.0     0.0     0.0    10.0    10.0
       E >     0.0     0.0     0.0     0.0     0.0     0.0
     Eta <    -1.0    -1.0    -1.0    -1.0     6.5     6.5
   xqcut:      0.0     0.0     0.0     0.0     0.0     0.0
d R # 3  >    -0.0     0.4     0.0     0.0     0.4     0.4
d R # 4  >    -0.0    -0.0     0.0     0.0     0.4     0.4
d R # 5  >    -0.0    -0.0    -0.0     0.0     0.0     0.0
d R # 6  >    -0.0    -0.0    -0.0    -0.0     0.0     0.0
d R # 7  >    -0.0    -0.0    -0.0    -0.0    -0.0     0.4
s min # 3>     0.0     0.0     0.0     0.0     0.0     0.0
s min # 4>     0.0     0.0     0.0     0.0     0.0     0.0
s min # 5>     0.0     0.0     0.0     0.0     0.0     0.0
s min # 6>     0.0     0.0     0.0     0.0     0.0     0.0
s min # 7>     0.0     0.0     0.0     0.0     0.0 10000.0
xqcutij # 3>     0.0     0.0     0.0     0.0     0.0     0.0
xqcutij # 4>     0.0     0.0     0.0     0.0     0.0     0.0
xqcutij # 5>     0.0     0.0     0.0     0.0     0.0     0.0
xqcutij # 6>     0.0     0.0     0.0     0.0     0.0     0.0
xqcutij # 7>     0.0     0.0     0.0     0.0     0.0     0.0
 Excluding BW           -1           1
 Excluding BW           -3           2
 Excluding BW           -4           3
 Excluding BW           -5           4
 alpha_s for scale    37.870896093255034       is   0.14590518641019212     
 Added good helicity          193   249.27472342408706       in event            1 local:           1
 Added good helicity          209  0.36481508594154788       in event            1 local:           1
 Added good helicity          225   6.3411333064622983       in event            1 local:           1
 Added good helicity          241   1.9328183509094564E-002  in event            1 local:           1
 Added good helicity          193   249.27472342408669       in event            1 local:           1
 Added good helicity          209  0.36481508594154910       in event            1 local:           1
 Added good helicity          225   6.3411333064626367       in event            1 local:           1
 Added good helicity          241   1.9328183509095924E-002  in event            1 local:           1
 RESET CUMULATIVE VARIABLE
 RESET CUMULATIVE VARIABLE
 RESET CUMULATIVE VARIABLE
 Iteration  1   Mean: 0.1613E-12 Abs mean: 0.4484E-11   Fluctuation:  0.226E-11   0.402E-08    28.0%
  1    0.1613E-12 0.4484E-11 +- 0.2259E-11     22.54
 Writing out events   9.9962789455051930E-016   22.535379775931286     
 Relative summed weights:
  0.0000E+00  0.0000E+00  0.5697E-01  0.2019E-01  0.0000E+00  0.0000E+00  0.0000E+00  0.0000E+00  0.6974E-01  0.6547E-05  0.0000E+00  0.0000E+00  0.0000E+00  0.0000E+00
  0.0000E+00  0.0000E+00  0.5479E-02  0.3163E-02  0.0000E+00  0.0000E+00  0.0000E+00  0.0000E+00  0.3944E-01  0.2310E-01  0.0000E+00  0.0000E+00  0.0000E+00  0.0000E+00
  0.0000E+00  0.0000E+00  0.3549E+00  0.2900E-01  0.0000E+00  0.0000E+00  0.0000E+00  0.0000E+00  0.1463E+00  0.4512E-02  0.0000E+00  0.0000E+00  0.0000E+00  0.0000E+00
  0.0000E+00  0.0000E+00  0.2318E+00  0.1501E-02  0.0000E+00  0.0000E+00  0.0000E+00  0.0000E+00  0.1268E-02  0.1266E-01  0.0000E+00  0.0000E+00  0.0000E+00  0.0000E+00
 Relative number of events:
  0.0000E+00  0.0000E+00  0.5806E-01  0.5459E-01  0.0000E+00  0.0000E+00  0.0000E+00  0.0000E+00  0.4939E-01  0.6672E-01  0.0000E+00  0.0000E+00  0.0000E+00  0.0000E+00
  0.0000E+00  0.0000E+00  0.4939E-01  0.6066E-01  0.0000E+00  0.0000E+00  0.0000E+00  0.0000E+00  0.6153E-01  0.7019E-01  0.0000E+00  0.0000E+00  0.0000E+00  0.0000E+00
  0.0000E+00  0.0000E+00  0.6586E-01  0.7279E-01  0.0000E+00  0.0000E+00  0.0000E+00  0.0000E+00  0.6326E-01  0.6153E-01  0.0000E+00  0.0000E+00  0.0000E+00  0.0000E+00
  0.0000E+00  0.0000E+00  0.6672E-01  0.6153E-01  0.0000E+00  0.0000E+00  0.0000E+00  0.0000E+00  0.6499E-01  0.7279E-01  0.0000E+00  0.0000E+00  0.0000E+00  0.0000E+00
 Events:
           0           0          67          63           0           0           0           0          57          77           0           0           0           0
           0           0          57          70           0           0           0           0          71          81           0           0           0           0
           0           0          76          84           0           0           0           0          73          71           0           0           0           0
           0           0          77          71           0           0           0           0          75          84           0           0           0           0
 Iteration  2   Mean: 0.1891E-10 Abs mean: 0.3132E-10   Fluctuation:  0.842E-11   0.238E-07    77.2%
  2    0.1891E-10 0.3132E-10 +- 0.8415E-11     16.99
 Relative summed weights:
  0.0000E+00  0.0000E+00  0.4083E-01  0.7838E-01  0.0000E+00  0.0000E+00  0.0000E+00  0.0000E+00  0.2821E-01  0.2907E-01  0.0000E+00  0.0000E+00  0.0000E+00  0.0000E+00
  0.0000E+00  0.0000E+00  0.4495E-01  0.1166E+00  0.0000E+00  0.0000E+00  0.0000E+00  0.0000E+00  0.3518E-01  0.7711E-02  0.0000E+00  0.0000E+00  0.0000E+00  0.0000E+00
  0.0000E+00  0.0000E+00  0.1340E+00  0.5460E-02  0.0000E+00  0.0000E+00  0.0000E+00  0.0000E+00  0.1293E-01  0.2221E-01  0.0000E+00  0.0000E+00  0.0000E+00  0.0000E+00
  0.0000E+00  0.0000E+00  0.1034E-02  0.3763E+00  0.0000E+00  0.0000E+00  0.0000E+00  0.0000E+00  0.4310E-01  0.2409E-01  0.0000E+00  0.0000E+00  0.0000E+00  0.0000E+00
 Relative number of events:
  0.0000E+00  0.0000E+00  0.6726E-01  0.5785E-01  0.0000E+00  0.0000E+00  0.0000E+00  0.0000E+00  0.7534E-01  0.6637E-01  0.0000E+00  0.0000E+00  0.0000E+00  0.0000E+00
  0.0000E+00  0.0000E+00  0.4574E-01  0.5785E-01  0.0000E+00  0.0000E+00  0.0000E+00  0.0000E+00  0.5740E-01  0.6996E-01  0.0000E+00  0.0000E+00  0.0000E+00  0.0000E+00
  0.0000E+00  0.0000E+00  0.5202E-01  0.4933E-01  0.0000E+00  0.0000E+00  0.0000E+00  0.0000E+00  0.7668E-01  0.7265E-01  0.0000E+00  0.0000E+00  0.0000E+00  0.0000E+00
  0.0000E+00  0.0000E+00  0.5381E-01  0.5874E-01  0.0000E+00  0.0000E+00  0.0000E+00  0.0000E+00  0.7534E-01  0.6368E-01  0.0000E+00  0.0000E+00  0.0000E+00  0.0000E+00
 Events:
           0           0         150         129           0           0           0           0         168         148           0           0           0           0
           0           0         102         129           0           0           0           0         128         156           0           0           0           0
           0           0         116         110           0           0           0           0         171         162           0           0           0           0
           0           0         120         131           0           0           0           0         168         142           0           0           0           0
 Iteration  3   Mean: 0.1785E-10 Abs mean: 0.7728E-10   Fluctuation:  0.130E-10   0.501E-07    80.2%
  3    0.1785E-10 0.7728E-10 +- 0.1297E-10     15.01
 Relative summed weights:
  0.0000E+00  0.0000E+00  0.2718E-01  0.4225E-01  0.0000E+00  0.0000E+00  0.0000E+00  0.0000E+00  0.3174E-01  0.9870E-01  0.0000E+00  0.0000E+00  0.0000E+00  0.0000E+00
  0.0000E+00  0.0000E+00  0.2392E-01  0.7097E-01  0.0000E+00  0.0000E+00  0.0000E+00  0.0000E+00  0.1213E+00  0.2331E-01  0.0000E+00  0.0000E+00  0.0000E+00  0.0000E+00
  0.0000E+00  0.0000E+00  0.2129E+00  0.7073E-01  0.0000E+00  0.0000E+00  0.0000E+00  0.0000E+00  0.6868E-01  0.3875E-01  0.0000E+00  0.0000E+00  0.0000E+00  0.0000E+00
  0.0000E+00  0.0000E+00  0.4061E-01  0.8446E-02  0.0000E+00  0.0000E+00  0.0000E+00  0.0000E+00  0.5552E-01  0.6499E-01  0.0000E+00  0.0000E+00  0.0000E+00  0.0000E+00
 Relative number of events:
  0.0000E+00  0.0000E+00  0.5495E-01  0.6206E-01  0.0000E+00  0.0000E+00  0.0000E+00  0.0000E+00  0.6830E-01  0.6184E-01  0.0000E+00  0.0000E+00  0.0000E+00  0.0000E+00
  0.0000E+00  0.0000E+00  0.6206E-01  0.6206E-01  0.0000E+00  0.0000E+00  0.0000E+00  0.0000E+00  0.6076E-01  0.6637E-01  0.0000E+00  0.0000E+00  0.0000E+00  0.0000E+00
  0.0000E+00  0.0000E+00  0.6162E-01  0.5387E-01  0.0000E+00  0.0000E+00  0.0000E+00  0.0000E+00  0.6809E-01  0.6399E-01  0.0000E+00  0.0000E+00  0.0000E+00  0.0000E+00
  0.0000E+00  0.0000E+00  0.6378E-01  0.5559E-01  0.0000E+00  0.0000E+00  0.0000E+00  0.0000E+00  0.7218E-01  0.6249E-01  0.0000E+00  0.0000E+00  0.0000E+00  0.0000E+00
 Events:
           0           0         255         288           0           0           0           0         317         287           0           0           0           0
           0           0         288         288           0           0           0           0         282         308           0           0           0           0
           0           0         286         250           0           0           0           0         316         297           0           0           0           0
           0           0         296         258           0           0           0           0         335         290           0           0           0           0
 Accuracy:    0.298   0.010   0.137   4.748
 Found          332  events.
 Wrote           12  events.
 Actual xsec    1.6817497252013246E-011
 Correct abs xsec    5.9953829035568822E-011
 Event xsec    5.9953829035568848E-011
 Events wgts > 1:            1
 % Cross section > 1:    3.9265286247676219E-020   6.5492541309382045E-008
 Iteration  4   Mean: 0.4941E-10 Abs mean: 0.1366E-09   Fluctuation:  0.184E-10   0.131E-06    81.0%
  4    0.4941E-10 0.1366E-09 +- 0.1842E-10     17.06
 Relative summed weights:
  0.0000E+00  0.0000E+00  0.7757E-01  0.2002E-01  0.0000E+00  0.0000E+00  0.0000E+00  0.0000E+00  0.5955E-01  0.4047E-01  0.0000E+00  0.0000E+00  0.0000E+00  0.0000E+00
  0.0000E+00  0.0000E+00  0.6375E-01  0.2812E-01  0.0000E+00  0.0000E+00  0.0000E+00  0.0000E+00  0.4145E-01  0.1437E+00  0.0000E+00  0.0000E+00  0.0000E+00  0.0000E+00
  0.0000E+00  0.0000E+00  0.3012E-01  0.1313E+00  0.0000E+00  0.0000E+00  0.0000E+00  0.0000E+00  0.7366E-01  0.1863E+00  0.0000E+00  0.0000E+00  0.0000E+00  0.0000E+00
  0.0000E+00  0.0000E+00  0.2116E-01  0.2093E-01  0.0000E+00  0.0000E+00  0.0000E+00  0.0000E+00  0.3745E-01  0.2446E-01  0.0000E+00  0.0000E+00  0.0000E+00  0.0000E+00
 Relative number of events:
  0.0000E+00  0.0000E+00  0.5983E-01  0.5596E-01  0.0000E+00  0.0000E+00  0.0000E+00  0.0000E+00  0.6539E-01  0.6560E-01  0.0000E+00  0.0000E+00  0.0000E+00  0.0000E+00
  0.0000E+00  0.0000E+00  0.6151E-01  0.5596E-01  0.0000E+00  0.0000E+00  0.0000E+00  0.0000E+00  0.6518E-01  0.6727E-01  0.0000E+00  0.0000E+00  0.0000E+00  0.0000E+00
  0.0000E+00  0.0000E+00  0.5742E-01  0.5763E-01  0.0000E+00  0.0000E+00  0.0000E+00  0.0000E+00  0.6266E-01  0.7021E-01  0.0000E+00  0.0000E+00  0.0000E+00  0.0000E+00
  0.0000E+00  0.0000E+00  0.5994E-01  0.5879E-01  0.0000E+00  0.0000E+00  0.0000E+00  0.0000E+00  0.7021E-01  0.6644E-01  0.0000E+00  0.0000E+00  0.0000E+00  0.0000E+00
 Events:
           0           0         571         534           0           0           0           0         624         626           0           0           0           0
           0           0         587         534           0           0           0           0         622         642           0           0           0           0
           0           0         548         550           0           0           0           0         598         670           0           0           0           0
           0           0         572         561           0           0           0           0         670         634           0           0           0           0
 Accuracy:    0.247   0.010   0.096   6.583
 Found          776  events.
 Wrote           15  events.
 Actual xsec    3.4620117547030484E-011
 Correct abs xsec    1.0243482576486629E-010
 Event xsec    1.0243482576486629E-010
 Events wgts > 1:            2
 % Cross section > 1:    1.0297359906637139E-012   1.0052596692334093     
 Iteration  5   Mean: 0.4297E-10 Abs mean: 0.1253E-09   Fluctuation:  0.597E-11   0.479E-07    81.8%
  5    0.4297E-10 0.1253E-09 +- 0.5966E-11      8.52
 Relative summed weights:
  0.0000E+00  0.0000E+00  0.4246E-01  0.5712E-01  0.0000E+00  0.0000E+00  0.0000E+00  0.0000E+00  0.4703E-01  0.7345E-01  0.0000E+00  0.0000E+00  0.0000E+00  0.0000E+00
  0.0000E+00  0.0000E+00  0.5004E-01  0.8889E-01  0.0000E+00  0.0000E+00  0.0000E+00  0.0000E+00  0.8444E-01  0.4229E-01  0.0000E+00  0.0000E+00  0.0000E+00  0.0000E+00
  0.0000E+00  0.0000E+00  0.4108E-01  0.4616E-01  0.0000E+00  0.0000E+00  0.0000E+00  0.0000E+00  0.7774E-01  0.7817E-01  0.0000E+00  0.0000E+00  0.0000E+00  0.0000E+00
  0.0000E+00  0.0000E+00  0.3745E-01  0.1091E+00  0.0000E+00  0.0000E+00  0.0000E+00  0.0000E+00  0.6152E-01  0.6303E-01  0.0000E+00  0.0000E+00  0.0000E+00  0.0000E+00
 Relative number of events:
  0.0000E+00  0.0000E+00  0.5672E-01  0.5688E-01  0.0000E+00  0.0000E+00  0.0000E+00  0.0000E+00  0.6900E-01  0.6858E-01  0.0000E+00  0.0000E+00  0.0000E+00  0.0000E+00
  0.0000E+00  0.0000E+00  0.5715E-01  0.5773E-01  0.0000E+00  0.0000E+00  0.0000E+00  0.0000E+00  0.6789E-01  0.6805E-01  0.0000E+00  0.0000E+00  0.0000E+00  0.0000E+00
  0.0000E+00  0.0000E+00  0.5614E-01  0.5662E-01  0.0000E+00  0.0000E+00  0.0000E+00  0.0000E+00  0.6963E-01  0.6593E-01  0.0000E+00  0.0000E+00  0.0000E+00  0.0000E+00
  0.0000E+00  0.0000E+00  0.5688E-01  0.5757E-01  0.0000E+00  0.0000E+00  0.0000E+00  0.0000E+00  0.6635E-01  0.6889E-01  0.0000E+00  0.0000E+00  0.0000E+00  0.0000E+00
 Events:
           0           0        1072        1075           0           0           0           0        1304        1296           0           0           0           0
           0           0        1080        1091           0           0           0           0        1283        1286           0           0           0           0
           0           0        1061        1070           0           0           0           0        1316        1246           0           0           0           0
           0           0        1075        1088           0           0           0           0        1254        1302           0           0           0           0
 Accuracy:    0.089   0.010   0.043   4.399
 Found         1755  events.
 Wrote          107  events.
 Actual xsec    4.1955807760006806E-011
 Correct abs xsec    1.2324814876337167E-010
 Event xsec    1.2324814876337128E-010
 Events wgts > 1:            7
 % Cross section > 1:    1.1051541372352963E-012  0.89669025322004869     
 Iteration  6   Mean: 0.4741E-10 Abs mean: 0.1442E-09   Fluctuation:  0.760E-11   0.389E-06    81.9%
  6    0.4741E-10 0.1442E-09 +- 0.7602E-11     13.34
 Relative summed weights:
  0.0000E+00  0.0000E+00  0.4809E-01  0.6665E-01  0.0000E+00  0.0000E+00  0.0000E+00  0.0000E+00  0.5843E-01  0.1205E+00  0.0000E+00  0.0000E+00  0.0000E+00  0.0000E+00
  0.0000E+00  0.0000E+00  0.6759E-01  0.5100E-01  0.0000E+00  0.0000E+00  0.0000E+00  0.0000E+00  0.4733E-01  0.6990E-01  0.0000E+00  0.0000E+00  0.0000E+00  0.0000E+00
  0.0000E+00  0.0000E+00  0.5218E-01  0.5267E-01  0.0000E+00  0.0000E+00  0.0000E+00  0.0000E+00  0.6900E-01  0.5978E-01  0.0000E+00  0.0000E+00  0.0000E+00  0.0000E+00
  0.0000E+00  0.0000E+00  0.4850E-01  0.5803E-01  0.0000E+00  0.0000E+00  0.0000E+00  0.0000E+00  0.7127E-01  0.5912E-01  0.0000E+00  0.0000E+00  0.0000E+00  0.0000E+00
 Relative number of events:
  0.0000E+00  0.0000E+00  0.5780E-01  0.5987E-01  0.0000E+00  0.0000E+00  0.0000E+00  0.0000E+00  0.6864E-01  0.6938E-01  0.0000E+00  0.0000E+00  0.0000E+00  0.0000E+00
  0.0000E+00  0.0000E+00  0.5637E-01  0.5748E-01  0.0000E+00  0.0000E+00  0.0000E+00  0.0000E+00  0.6933E-01  0.6710E-01  0.0000E+00  0.0000E+00  0.0000E+00  0.0000E+00
  0.0000E+00  0.0000E+00  0.5600E-01  0.5648E-01  0.0000E+00  0.0000E+00  0.0000E+00  0.0000E+00  0.6946E-01  0.6853E-01  0.0000E+00  0.0000E+00  0.0000E+00  0.0000E+00
  0.0000E+00  0.0000E+00  0.5677E-01  0.5443E-01  0.0000E+00  0.0000E+00  0.0000E+00  0.0000E+00  0.6622E-01  0.6614E-01  0.0000E+00  0.0000E+00  0.0000E+00  0.0000E+00
 Events:
           0           0        2177        2255           0           0           0           0        2585        2613           0           0           0           0
           0           0        2123        2165           0           0           0           0        2611        2527           0           0           0           0
           0           0        2109        2127           0           0           0           0        2616        2581           0           0           0           0
           0           0        2138        2050           0           0           0           0        2494        2491           0           0           0           0
 Accuracy:    0.071   0.010   0.033   4.524
 Found         4929  events.
 Wrote           23  events.
 Actual xsec    4.5250118750802492E-011
 Correct abs xsec    1.3395835437231075E-010
 Event xsec    1.3395835437231067E-010
 Events wgts > 1:            1
 % Cross section > 1:    1.7170356095978829E-019   1.2817682164306999E-007
 Iteration  7   Mean: 0.4833E-10 Abs mean: 0.1435E-09   Fluctuation:  0.251E-11   0.789E-07    81.8%
  7    0.4833E-10 0.1435E-09 +- 0.2508E-11      6.25
 Relative summed weights:
  0.0000E+00  0.0000E+00  0.6062E-01  0.5726E-01  0.0000E+00  0.0000E+00  0.0000E+00  0.0000E+00  0.6151E-01  0.6364E-01  0.0000E+00  0.0000E+00  0.0000E+00  0.0000E+00
  0.0000E+00  0.0000E+00  0.5114E-01  0.6306E-01  0.0000E+00  0.0000E+00  0.0000E+00  0.0000E+00  0.6528E-01  0.6160E-01  0.0000E+00  0.0000E+00  0.0000E+00  0.0000E+00
  0.0000E+00  0.0000E+00  0.5933E-01  0.5613E-01  0.0000E+00  0.0000E+00  0.0000E+00  0.0000E+00  0.6590E-01  0.7578E-01  0.0000E+00  0.0000E+00  0.0000E+00  0.0000E+00
  0.0000E+00  0.0000E+00  0.6089E-01  0.6338E-01  0.0000E+00  0.0000E+00  0.0000E+00  0.0000E+00  0.6814E-01  0.6634E-01  0.0000E+00  0.0000E+00  0.0000E+00  0.0000E+00
 Relative number of events:
  0.0000E+00  0.0000E+00  0.5643E-01  0.5757E-01  0.0000E+00  0.0000E+00  0.0000E+00  0.0000E+00  0.6917E-01  0.6865E-01  0.0000E+00  0.0000E+00  0.0000E+00  0.0000E+00
  0.0000E+00  0.0000E+00  0.5692E-01  0.5589E-01  0.0000E+00  0.0000E+00  0.0000E+00  0.0000E+00  0.6880E-01  0.6839E-01  0.0000E+00  0.0000E+00  0.0000E+00  0.0000E+00
  0.0000E+00  0.0000E+00  0.5651E-01  0.5604E-01  0.0000E+00  0.0000E+00  0.0000E+00  0.0000E+00  0.6711E-01  0.6771E-01  0.0000E+00  0.0000E+00  0.0000E+00  0.0000E+00
  0.0000E+00  0.0000E+00  0.5711E-01  0.5643E-01  0.0000E+00  0.0000E+00  0.0000E+00  0.0000E+00  0.6873E-01  0.6853E-01  0.0000E+00  0.0000E+00  0.0000E+00  0.0000E+00
 Events:
           0           0        4273        4359           0           0           0           0        5237        5198           0           0           0           0
           0           0        4310        4232           0           0           0           0        5209        5178           0           0           0           0
           0           0        4279        4243           0           0           0           0        5081        5127           0           0           0           0
           0           0        4324        4273           0           0           0           0        5204        5189           0           0           0           0
 Accuracy:    0.032   0.010   0.015   4.367
 Found        10563  events.
 Wrote          381  events.
 Actual xsec    4.7670845383871903E-011
Thanks for using LHAPDF 6.2.1. Please make sure to cite the paper:
  Eur.Phys.J. C75 (2015) 3, 132  (http://arxiv.org/abs/1412.7420)
 Correct abs xsec    1.4158889459723580E-010
 Event xsec    1.4158889459723463E-010
 Events wgts > 1:           10
 % Cross section > 1:    1.4015821539261698E-012  0.98989554082834408     
 Iteration  8   Mean: 0.4413E-10 Abs mean: 0.1403E-09   Fluctuation:  0.143E-11   0.114E-06    81.0%
  8    0.4413E-10 0.1403E-09 +- 0.1428E-11      5.15
 Exceeded boost           4          95   128000.000    
 Relative summed weights:
  0.0000E+00  0.0000E+00  0.5870E-01  0.6276E-01  0.0000E+00  0.0000E+00  0.0000E+00  0.0000E+00  0.6471E-01  0.6179E-01  0.0000E+00  0.0000E+00  0.0000E+00  0.0000E+00
  0.0000E+00  0.0000E+00  0.5609E-01  0.5458E-01  0.0000E+00  0.0000E+00  0.0000E+00  0.0000E+00  0.6543E-01  0.6647E-01  0.0000E+00  0.0000E+00  0.0000E+00  0.0000E+00
  0.0000E+00  0.0000E+00  0.6059E-01  0.6085E-01  0.0000E+00  0.0000E+00  0.0000E+00  0.0000E+00  0.6939E-01  0.6885E-01  0.0000E+00  0.0000E+00  0.0000E+00  0.0000E+00
  0.0000E+00  0.0000E+00  0.6000E-01  0.6189E-01  0.0000E+00  0.0000E+00  0.0000E+00  0.0000E+00  0.5963E-01  0.6828E-01  0.0000E+00  0.0000E+00  0.0000E+00  0.0000E+00
 Relative number of events:
  0.0000E+00  0.0000E+00  0.5682E-01  0.5682E-01  0.0000E+00  0.0000E+00  0.0000E+00  0.0000E+00  0.6891E-01  0.6799E-01  0.0000E+00  0.0000E+00  0.0000E+00  0.0000E+00
  0.0000E+00  0.0000E+00  0.5520E-01  0.5573E-01  0.0000E+00  0.0000E+00  0.0000E+00  0.0000E+00  0.6907E-01  0.6700E-01  0.0000E+00  0.0000E+00  0.0000E+00  0.0000E+00
  0.0000E+00  0.0000E+00  0.5671E-01  0.5861E-01  0.0000E+00  0.0000E+00  0.0000E+00  0.0000E+00  0.6885E-01  0.6851E-01  0.0000E+00  0.0000E+00  0.0000E+00  0.0000E+00
  0.0000E+00  0.0000E+00  0.5636E-01  0.5814E-01  0.0000E+00  0.0000E+00  0.0000E+00  0.0000E+00  0.6694E-01  0.6836E-01  0.0000E+00  0.0000E+00  0.0000E+00  0.0000E+00
 Events:
           0           0        8563        8562           0           0           0           0       10385       10246           0           0           0           0
           0           0        8319        8399           0           0           0           0       10408       10097           0           0           0           0
           0           0        8546        8832           0           0           0           0       10375       10324           0           0           0           0
           0           0        8493        8761           0           0           0           0       10087       10301           0           0           0           0
 Accuracy:    0.016   0.010   0.009   3.753
 Found        22630  events.
 Wrote         1106  events.
 Actual xsec    4.5258435328056388E-011
 Correct abs xsec    1.4116060506638470E-010
 Event xsec    1.4116060506638154E-010
 Events wgts > 1:           15
 % Cross section > 1:    1.3234927760028107E-012  0.93757941557450186     

 -------------------------------------------------------------------------------
 Accumulated results:   Integral =  0.1403E-09
                        Std dev  =  0.1193E-11
                       Cross sec =  0.4509E-10
             Chi**2 per DoF.     =      3.7527
 -------------------------------------------------------------------------------
-------------------------------------------------
---------------------------
 Results Last   3 iters: Integral =   0.4526E-10
                     Abs integral =   0.1412E-09
                          Std dev =   0.1225E-11
                  Chi**2 per DoF. =      0.7157
-------------------------------------------------
---------------------------
 Status   1.0000000000000000E-002           9           8

ls status:
events.lhe
ftn26
input_app.txt
results.dat
run1_app.log
