==== LHAPDF6 USING DEFAULT-TYPE LHAGLUE INTERFACE ====
LHAPDF 6.2.1 loading /cvmfs/cms.cern.ch/slc6_amd64_gcc630/external/lhapdf/6.2.1-ghjeda2/share/LHAPDF/NNPDF30_lo_as_0130_nf_4/NNPDF30_lo_as_0130_nf_4_0000.dat
NNPDF30_lo_as_0130_nf_4 PDF set, member #0, version 2; LHAPDF ID = 263400
 Process in group number            2
 A PDF is used, so alpha_s(MZ) is going to be modified
 Old value of alpha_s from param_card:   0.11810000000000001     
 New value of alpha_s from PDF lhapdf :  0.12470044313224841     
 using LHAPDF
 Define smin to   10000.000000000000     
 Define smin to   10000.000000000000     
 Define smin to   10000.000000000000     
 Define smin to   10000.000000000000     
 Define smin to   10000.000000000000     
 Define smin to   10000.000000000000     
 Define smin to   10000.000000000000     
 *****************************************************
 *               MadGraph/MadEvent                   *
 *        --------------------------------           *
 *          http://madgraph.hep.uiuc.edu             *
 *          http://madgraph.phys.ucl.ac.be           *
 *          http://madgraph.roma2.infn.it            *
 *        --------------------------------           *
 *                                                   *
 *          PARAMETER AND COUPLING VALUES            *
 *                                                   *
 *****************************************************

  External Params
  ---------------------------------
  
 mdl_MW0 =    80.387000000000000     
 mdl_Gf =    1.1663789999999999E-005
 aS =   0.11810000000000001     
 mdl_ymdo =    1.0000000000000000E-099
 mdl_ymb =    4.1799999999999997     
 mdl_ymt =    173.19999999999999     
 mdl_ymtau =    1.7769999999999999     
 mdl_LambdaSMEFT =    1000.0000000000000     
 mdl_cHW =    1.0000000000000000     
 mdl_MZ =    91.187600000000003     
 mdl_MTA =    1.7769999999999999     
 mdl_MT =    173.19999999999999     
 mdl_MB =    4.1799999999999997     
 mdl_MH =    125.09000000000000     
 mdl_WZ =    2.4952000000000001     
 mdl_WW =    2.0850000000000000     
 mdl_WT =    1.5083359999999999     
 mdl_WH =    4.0699999999999998E-003
  Internal Params
  ---------------------------------
  
 mdl_ymm =    1.0000000000000000E-099
 mdl_yme =    1.0000000000000000E-099
 mdl_ymc =    1.0000000000000000E-099
 mdl_yms =    1.0000000000000000E-099
 mdl_ymup =    1.0000000000000000E-099
 mdl_conjg__CKM3x3 =    1.0000000000000000     
 mdl_cH =    0.0000000000000000     
 mdl_cHB =    0.0000000000000000     
 mdl_CKM1x1 =    1.0000000000000000     
 mdl_conjg__CKM1x1 =    1.0000000000000000     
 mdl_dGf =    0.0000000000000000     
 mdl_CKM3x3 =    1.0000000000000000     
 mdl_dMH2 =    0.0000000000000000     
 mdl_conjg__CKM2x2 =    1.0000000000000000     
 mdl_dg1 =    0.0000000000000000     
 mdl_CKM2x2 =    1.0000000000000000     
 mdl_dgw =    0.0000000000000000     
 mdl_complexi =  (  0.0000000000000000     ,  1.0000000000000000     )
 mdl_MW =    80.387000000000000     
 mdl_nb__2__exp__0_25 =    1.1892071150027210     
 mdl_MH__exp__2 =    15647.508100000001     
 mdl_sqrt__2 =    1.4142135623730951     
 mdl_MW__exp__2 =    6462.0697689999997     
 mdl_MZ__exp__2 =    8315.1783937600012     
 mdl_sth2 =   0.22285855299877133     
 mdl_MH__exp__6 =    3831206449390.3818     
 mdl_MT__exp__6 =    26995248278778.535     
 mdl_MH__exp__4 =    244844509.73956564     
 mdl_MT__exp__4 =    899894403.09759963     
 mdl_MT__exp__2 =    29998.239999999994     
 mdl_LambdaSMEFT__exp__2 =    1000000.0000000000     
 mdl_cth =   0.88155626422890820     
 mdl_sqrt__sth2 =   0.47207896902824564     
 mdl_sth =   0.47207896902824564     
 mdl_MW0__exp__6 =    269845343347.69711     
 mdl_MW0__exp__4 =    41758345.699423708     
 mdl_MW0__exp__2 =    6462.0697689999997     
 mdl_MZ__exp__4 =    69142191.720053151     
 mdl_MZ__exp__6 =    574929658687.79749     
 mdl_cth__exp__2 =   0.77714144700122867     
 mdl_sth__exp__2 =   0.22285855299877130     
 mdl_sth__exp__3 =   0.10520683593878660     
 mdl_cth__exp__3 =   0.68509391079585125     
 mdl_sth__exp__4 =    4.9665934644706158E-002
 mdl_sqrt__Gf =    3.4152291284773265E-003
 mdl_vevhat =    246.21961912951551     
 mdl_lam =   0.12905352724481209     
 mdl_aEW =    7.5614618607353409E-003
 mdl_yb =    2.4008698866559607E-002
 mdl_yc =    5.7437078628133041E-102
 mdl_ydo =    5.7437078628133041E-102
 mdl_ye =    5.7437078628133041E-102
 mdl_ym =    5.7437078628133041E-102
 mdl_ys =    5.7437078628133041E-102
 mdl_yt =   0.99481020183926416     
 mdl_ytau =    1.0206568872219240E-002
 mdl_yup =    5.7437078628133041E-102
 mdl_vevhat__exp__2 =    60624.100844283676     
 mdl_barlam =   0.12905352724481209     
 mdl_vevT =    246.21961912951551     
 mdl_sqrt__aEW =    8.6956666568672819E-002
 mdl_ee =   0.30825335704310214     
 mdl_gwsh =   0.61338418662494298     
 mdl_vev =    246.21961912951551     
 mdl_g1 =   0.34966952144878632     
 mdl_gw =   0.65296989967087182     
 mdl_ee__exp__2 =    9.5020132128342205E-002
 mdl_gHaa =   -1.9303830602986922E-003
 mdl_gHza =   -6.8546472954154700E-003
 mdl_g1sh =   0.34966952144878632     
 mdl_I1d11 =  (  5.7437078628133041E-102,  0.0000000000000000     )
 mdl_I1d22 =  (  5.7437078628133041E-102,  0.0000000000000000     )
 mdl_I1d33 =  (  2.4008698866559607E-002,  0.0000000000000000     )
 mdl_I2d11 =  (  5.7437078628133041E-102,  0.0000000000000000     )
 mdl_I2d22 =  (  5.7437078628133041E-102,  0.0000000000000000     )
 mdl_I2d33 =  ( 0.99481020183926416     ,  0.0000000000000000     )
 mdl_I3d11 =  (  5.7437078628133041E-102,  0.0000000000000000     )
 mdl_I3d22 =  (  5.7437078628133041E-102,  0.0000000000000000     )
 mdl_I3d33 =  (  2.4008698866559607E-002,  0.0000000000000000     )
 mdl_I4d11 =  (  5.7437078628133041E-102,  0.0000000000000000     )
 mdl_I4d22 =  (  5.7437078628133041E-102,  0.0000000000000000     )
 mdl_I4d33 =  ( 0.99481020183926416     ,  0.0000000000000000     )
 mdl_I5d11 =  (  5.7437078628133041E-102,  0.0000000000000000     )
 mdl_I5d22 =  (  5.7437078628133041E-102,  0.0000000000000000     )
 mdl_I5d33 =  (  2.4008698866559607E-002,  0.0000000000000000     )
 mdl_I6d11 =  (  5.7437078628133041E-102,  0.0000000000000000     )
 mdl_I6d22 =  (  5.7437078628133041E-102,  0.0000000000000000     )
 mdl_I6d33 =  ( 0.99481020183926416     ,  0.0000000000000000     )
 mdl_ee__exp__3 =    2.9290274715240611E-002
 mdl_vevhat__exp__3 =    14926843.019948866     
  Internal Params evaluated point by point
  ----------------------------------------
  
 mdl_sqrt__aS =   0.34365680554879169     
 mdl_G__exp__2 =    1.4840883695558185     
 mdl_gHgg =    3.2334372328970845E-003
 mdl_G__exp__3 =  (  1.8079634332366095     ,  0.0000000000000000     )
  Couplings of SMEFTsim_A_U35_MwScheme_UFO_v3_1-cHW_massless
  ---------------------------------
  
         GC_1 =   0.00000E+00   0.10275E+00
         GC_2 =  -0.00000E+00  -0.20550E+00
         GC_3 =  -0.00000E+00  -0.30825E+00
       GC_255 =  -0.00000E+00  -0.42637E+00
       GC_278 =  -0.00000E+00  -0.37035E+00
       GC_280 =  -0.00000E+00  -0.57563E+00
       GC_328 =  -0.00000E+00  -0.55024E-01
       GC_329 =   0.00000E+00   0.11005E+00
       GC_330 =  -0.00000E+00  -0.16507E+00
       GC_387 =   0.00000E+00   0.98488E-03
       GC_400 =   0.00000E+00   0.52490E+02
       GC_809 =  -0.00000E+00  -0.72171E-02
      GC_1073 =  -0.00000E+00  -0.46172E+00

 Collider parameters:
 --------------------

 Running at P P   machine @    13000.000000000000       GeV
 PDF set = lhapdf 
 alpha_s(Mz)= 0.1247 running at 1 loops.
 alpha_s(Mz)= 0.1247 running at 1 loops.
 Renormalization scale set on event-by-event basis
 Factorization   scale set on event-by-event basis


 getting user params
Enter number of events and max and min iterations: 
 Number of events and iterations         2000           8           3
Enter desired fractional accuracy: 
 Desired fractional accuracy:    1.0000000000000000E-002
Enter 0 for fixed, 2 for adjustable grid: 
Suppress amplitude (0 no, 1 yes)? 
 Using suppressed amplitude.
Exact helicity sum (0 yes, n = number/event)? 
 Explicitly summing over helicities
Enter Configuration Number: 
Running Configuration Number:  483
 Using dconfig=          22
 BW Setting            1           1           2           0           0           0
 Attempting mappinvarients           1           8
 Completed mapping           8
 about to integrate           16        2000           8           3          16           1
 Using non-zero grid deformation.
 16 dimensions   2000 events 16 invarients  8 iterations  1 config(s),  (0.99)
 Using h-tuple random number sequence.
 Error opening grid
 Using Uniform Grid!          32
 Using uniform alpha   1.0000000000000000     
 Grid defined OK
 Set CM energy to      13000.00
 Mapping Graph         483  to config         483
 Setting BW          -1           1   80.387000000000000     
Setting grid   2    0.28963E-04   1
 Setting BW          -3           2   80.387000000000000     
Setting grid   4    0.28963E-04   1
Setting grid   5    0.11585E-03   1
 Transforming s_hat 1/s           15   1.5133541879289945E-004   10000.000000000000        168999999.99999997     
 483   1   2   3   4   5   6   7   8   9  10  11  12  13  14
  15  16
 Masses: 0.000E+00 0.000E+00 0.178E+01 0.178E+01 0.000E+00 0.000E+00 0.000E+00 0.000E+00
Using random seed offsets   483 :      2
  with seed                   24
 Ranmar initialization seeds         213        9399
 
 ********************************************
 * You are using the DiscreteSampler module *
 *      part of the MG5_aMC framework       *
 *         Author: Valentin Hirschi         *
 ********************************************
 
  Particle       3       4       5       6       7       8
      Et >     0.0     0.0     0.0     0.0    10.0    10.0
       E >     0.0     0.0     0.0     0.0     0.0     0.0
     Eta <    -1.0    -1.0    -1.0    -1.0     6.5     6.5
   xqcut:      0.0     0.0     0.0     0.0     0.0     0.0
d R # 3  >    -0.0     0.4     0.0     0.0     0.4     0.4
d R # 4  >    -0.0    -0.0     0.0     0.0     0.4     0.4
d R # 5  >    -0.0    -0.0    -0.0     0.0     0.0     0.0
d R # 6  >    -0.0    -0.0    -0.0    -0.0     0.0     0.0
d R # 7  >    -0.0    -0.0    -0.0    -0.0    -0.0     0.4
s min # 3>     0.0     0.0     0.0     0.0     0.0     0.0
s min # 4>     0.0     0.0     0.0     0.0     0.0     0.0
s min # 5>     0.0     0.0     0.0     0.0     0.0     0.0
s min # 6>     0.0     0.0     0.0     0.0     0.0     0.0
s min # 7>     0.0     0.0     0.0     0.0     0.0 10000.0
xqcutij # 3>     0.0     0.0     0.0     0.0     0.0     0.0
xqcutij # 4>     0.0     0.0     0.0     0.0     0.0     0.0
xqcutij # 5>     0.0     0.0     0.0     0.0     0.0     0.0
xqcutij # 6>     0.0     0.0     0.0     0.0     0.0     0.0
xqcutij # 7>     0.0     0.0     0.0     0.0     0.0     0.0
 Requiring BW           -1           1
 Requiring BW           -3           2
 Excluding BW           -5           3
 alpha_s for scale    68.712791159011005       is   0.13082365492630041     
 Added good helicity          193   254.38220485557480       in event            1 local:           1
 Added good helicity          209 -0.88507176759305495       in event            1 local:           1
 Added good helicity          225  0.73187586980166786       in event            1 local:           1
 Added good helicity          241   8.4750703047925264E-004  in event            1 local:           1
 Added good helicity          193   254.38220485557468       in event            1 local:           1
 Added good helicity          209 -0.88507176759309336       in event            1 local:           1
 Added good helicity          225  0.73187586980170816       in event            1 local:           1
 Added good helicity          241   8.4750703047930794E-004  in event            1 local:           1
 RESET CUMULATIVE VARIABLE
 RESET CUMULATIVE VARIABLE
 RESET CUMULATIVE VARIABLE
 Iteration  1   Mean: 0.5520E-09 Abs mean: 0.9192E-09   Fluctuation:  0.274E-09   0.373E-06     8.0%
  1    0.5520E-09 0.9192E-09 +- 0.2740E-09     13.33
 Writing out events   7.1415358675121029E-013   13.331005210083614     
 Relative summed weights:
  0.0000E+00  0.0000E+00  0.1115E+00  0.2763E-01  0.0000E+00  0.0000E+00  0.0000E+00  0.0000E+00  0.2465E-02  0.3035E-01  0.0000E+00  0.0000E+00  0.0000E+00  0.0000E+00
  0.0000E+00  0.0000E+00  0.4361E-01  0.5935E-01  0.0000E+00  0.0000E+00  0.0000E+00  0.0000E+00  0.5593E-02  0.2429E+00  0.0000E+00  0.0000E+00  0.0000E+00  0.0000E+00
  0.0000E+00  0.0000E+00  0.2962E+00  0.2186E-01  0.0000E+00  0.0000E+00  0.0000E+00  0.0000E+00  0.4442E-02  0.4467E-01  0.0000E+00  0.0000E+00  0.0000E+00  0.0000E+00
  0.0000E+00  0.0000E+00  0.1846E-01  0.1696E-01  0.0000E+00  0.0000E+00  0.0000E+00  0.0000E+00  0.6997E-01  0.4044E-02  0.0000E+00  0.0000E+00  0.0000E+00  0.0000E+00
 Relative number of events:
  0.0000E+00  0.0000E+00  0.9469E-01  0.1102E+00  0.0000E+00  0.0000E+00  0.0000E+00  0.0000E+00  0.2041E-01  0.1959E-01  0.0000E+00  0.0000E+00  0.0000E+00  0.0000E+00
  0.0000E+00  0.0000E+00  0.1069E+00  0.8980E-01  0.0000E+00  0.0000E+00  0.0000E+00  0.0000E+00  0.1796E-01  0.2286E-01  0.0000E+00  0.0000E+00  0.0000E+00  0.0000E+00
  0.0000E+00  0.0000E+00  0.1265E+00  0.9959E-01  0.0000E+00  0.0000E+00  0.0000E+00  0.0000E+00  0.2694E-01  0.2531E-01  0.0000E+00  0.0000E+00  0.0000E+00  0.0000E+00
  0.0000E+00  0.0000E+00  0.1045E+00  0.9796E-01  0.0000E+00  0.0000E+00  0.0000E+00  0.0000E+00  0.2122E-01  0.1551E-01  0.0000E+00  0.0000E+00  0.0000E+00  0.0000E+00
 Events:
           0           0         116         135           0           0           0           0          25          24           0           0           0           0
           0           0         131         110           0           0           0           0          22          28           0           0           0           0
           0           0         155         122           0           0           0           0          33          31           0           0           0           0
           0           0         128         120           0           0           0           0          26          19           0           0           0           0
 Iteration  2   Mean: 0.6206E-09 Abs mean: 0.9189E-09   Fluctuation:  0.227E-09   0.819E-06    38.2%
  2    0.6206E-09 0.9189E-09 +- 0.2266E-09     15.60
 Relative summed weights:
  0.0000E+00  0.0000E+00  0.9131E-01  0.3019E+00  0.0000E+00  0.0000E+00  0.0000E+00  0.0000E+00  0.9766E-02  0.3173E-01  0.0000E+00  0.0000E+00  0.0000E+00  0.0000E+00
  0.0000E+00  0.0000E+00  0.7202E-01  0.8362E-01  0.0000E+00  0.0000E+00  0.0000E+00  0.0000E+00  0.1270E-01  0.2873E-01  0.0000E+00  0.0000E+00  0.0000E+00  0.0000E+00
  0.0000E+00  0.0000E+00  0.4039E-01  0.5995E-01  0.0000E+00  0.0000E+00  0.0000E+00  0.0000E+00  0.6540E-02  0.4995E-02  0.0000E+00  0.0000E+00  0.0000E+00  0.0000E+00
  0.0000E+00  0.0000E+00  0.1815E+00  0.4472E-01  0.0000E+00  0.0000E+00  0.0000E+00  0.0000E+00  0.1752E-01  0.1261E-01  0.0000E+00  0.0000E+00  0.0000E+00  0.0000E+00
 Relative number of events:
  0.0000E+00  0.0000E+00  0.1118E+00  0.1066E+00  0.0000E+00  0.0000E+00  0.0000E+00  0.0000E+00  0.1796E-01  0.1517E-01  0.0000E+00  0.0000E+00  0.0000E+00  0.0000E+00
  0.0000E+00  0.0000E+00  0.1098E+00  0.1122E+00  0.0000E+00  0.0000E+00  0.0000E+00  0.0000E+00  0.2555E-01  0.1796E-01  0.0000E+00  0.0000E+00  0.0000E+00  0.0000E+00
  0.0000E+00  0.0000E+00  0.1062E+00  0.1050E+00  0.0000E+00  0.0000E+00  0.0000E+00  0.0000E+00  0.1717E-01  0.1956E-01  0.0000E+00  0.0000E+00  0.0000E+00  0.0000E+00
  0.0000E+00  0.0000E+00  0.1098E+00  0.9022E-01  0.0000E+00  0.0000E+00  0.0000E+00  0.0000E+00  0.2076E-01  0.1437E-01  0.0000E+00  0.0000E+00  0.0000E+00  0.0000E+00
 Events:
           0           0         280         267           0           0           0           0          45          38           0           0           0           0
           0           0         275         281           0           0           0           0          64          45           0           0           0           0
           0           0         266         263           0           0           0           0          43          49           0           0           0           0
           0           0         275         226           0           0           0           0          52          36           0           0           0           0
 Iteration  3   Mean: 0.3266E-09 Abs mean: 0.6401E-09   Fluctuation:  0.493E-10   0.246E-06    42.5%
  3    0.3266E-09 0.6401E-09 +- 0.4929E-10      6.89
 Relative summed weights:
  0.0000E+00  0.0000E+00  0.9518E-01  0.1794E+00  0.0000E+00  0.0000E+00  0.0000E+00  0.0000E+00  0.1897E-01  0.1772E-01  0.0000E+00  0.0000E+00  0.0000E+00  0.0000E+00
  0.0000E+00  0.0000E+00  0.7221E-01  0.1110E+00  0.0000E+00  0.0000E+00  0.0000E+00  0.0000E+00  0.1083E-01  0.1379E-01  0.0000E+00  0.0000E+00  0.0000E+00  0.0000E+00
  0.0000E+00  0.0000E+00  0.9519E-01  0.8112E-01  0.0000E+00  0.0000E+00  0.0000E+00  0.0000E+00  0.3761E-01  0.1501E-01  0.0000E+00  0.0000E+00  0.0000E+00  0.0000E+00
  0.0000E+00  0.0000E+00  0.8057E-01  0.1328E+00  0.0000E+00  0.0000E+00  0.0000E+00  0.0000E+00  0.1328E-01  0.2542E-01  0.0000E+00  0.0000E+00  0.0000E+00  0.0000E+00
 Relative number of events:
  0.0000E+00  0.0000E+00  0.1065E+00  0.1034E+00  0.0000E+00  0.0000E+00  0.0000E+00  0.0000E+00  0.1973E-01  0.1686E-01  0.0000E+00  0.0000E+00  0.0000E+00  0.0000E+00
  0.0000E+00  0.0000E+00  0.1092E+00  0.1050E+00  0.0000E+00  0.0000E+00  0.0000E+00  0.0000E+00  0.1820E-01  0.2126E-01  0.0000E+00  0.0000E+00  0.0000E+00  0.0000E+00
  0.0000E+00  0.0000E+00  0.1032E+00  0.1117E+00  0.0000E+00  0.0000E+00  0.0000E+00  0.0000E+00  0.2088E-01  0.1934E-01  0.0000E+00  0.0000E+00  0.0000E+00  0.0000E+00
  0.0000E+00  0.0000E+00  0.9960E-01  0.1086E+00  0.0000E+00  0.0000E+00  0.0000E+00  0.0000E+00  0.1934E-01  0.1724E-01  0.0000E+00  0.0000E+00  0.0000E+00  0.0000E+00
 Events:
           0           0         556         540           0           0           0           0         103          88           0           0           0           0
           0           0         570         548           0           0           0           0          95         111           0           0           0           0
           0           0         539         583           0           0           0           0         109         101           0           0           0           0
           0           0         520         567           0           0           0           0         101          90           0           0           0           0
 Accuracy:    0.101   0.010   0.071   2.005
 Found          772  events.
 Wrote           17  events.
 Actual xsec    3.6413368324961100E-010
 Correct abs xsec    6.7944421682843926E-010
 Event xsec    6.7944421682843967E-010
 Events wgts > 1:            1
 % Cross section > 1:    8.9598111556164108E-012   1.3186970959057809     
 Iteration  4   Mean: 0.3949E-09 Abs mean: 0.7276E-09   Fluctuation:  0.328E-10   0.218E-06    45.3%
  4    0.3949E-09 0.7276E-09 +- 0.3284E-10      5.71
 Relative summed weights:
  0.0000E+00  0.0000E+00  0.1018E+00  0.1048E+00  0.0000E+00  0.0000E+00  0.0000E+00  0.0000E+00  0.2379E-01  0.1735E-01  0.0000E+00  0.0000E+00  0.0000E+00  0.0000E+00
  0.0000E+00  0.0000E+00  0.7834E-01  0.1224E+00  0.0000E+00  0.0000E+00  0.0000E+00  0.0000E+00  0.1542E-01  0.2052E-01  0.0000E+00  0.0000E+00  0.0000E+00  0.0000E+00
  0.0000E+00  0.0000E+00  0.1126E+00  0.9320E-01  0.0000E+00  0.0000E+00  0.0000E+00  0.0000E+00  0.2998E-01  0.5194E-01  0.0000E+00  0.0000E+00  0.0000E+00  0.0000E+00
  0.0000E+00  0.0000E+00  0.1035E+00  0.8810E-01  0.0000E+00  0.0000E+00  0.0000E+00  0.0000E+00  0.1214E-01  0.2406E-01  0.0000E+00  0.0000E+00  0.0000E+00  0.0000E+00
 Relative number of events:
  0.0000E+00  0.0000E+00  0.1087E+00  0.1062E+00  0.0000E+00  0.0000E+00  0.0000E+00  0.0000E+00  0.1985E-01  0.1872E-01  0.0000E+00  0.0000E+00  0.0000E+00  0.0000E+00
  0.0000E+00  0.0000E+00  0.1028E+00  0.1082E+00  0.0000E+00  0.0000E+00  0.0000E+00  0.0000E+00  0.1881E-01  0.1957E-01  0.0000E+00  0.0000E+00  0.0000E+00  0.0000E+00
  0.0000E+00  0.0000E+00  0.1063E+00  0.1028E+00  0.0000E+00  0.0000E+00  0.0000E+00  0.0000E+00  0.1777E-01  0.1881E-01  0.0000E+00  0.0000E+00  0.0000E+00  0.0000E+00
  0.0000E+00  0.0000E+00  0.1083E+00  0.1059E+00  0.0000E+00  0.0000E+00  0.0000E+00  0.0000E+00  0.1796E-01  0.1928E-01  0.0000E+00  0.0000E+00  0.0000E+00  0.0000E+00
 Events:
           0           0        1150        1123           0           0           0           0         210         198           0           0           0           0
           0           0        1088        1145           0           0           0           0         199         207           0           0           0           0
           0           0        1125        1087           0           0           0           0         188         199           0           0           0           0
           0           0        1146        1120           0           0           0           0         190         204           0           0           0           0
 Accuracy:    0.046   0.010   0.038   1.423
 Found         2186  events.
 Wrote           73  events.
 Actual xsec    3.8332735655188152E-010
 Correct abs xsec    7.1039749503807756E-010
 Event xsec    7.1039749503807735E-010
 Events wgts > 1:            2
 % Cross section > 1:    4.7050879226608816E-012  0.66231763984594128     
 Iteration  5   Mean: 0.3880E-09 Abs mean: 0.7099E-09   Fluctuation:  0.177E-10   0.218E-06    47.0%
  5    0.3880E-09 0.7099E-09 +- 0.1774E-10      4.47
 Relative summed weights:
  0.0000E+00  0.0000E+00  0.9705E-01  0.9686E-01  0.0000E+00  0.0000E+00  0.0000E+00  0.0000E+00  0.2206E-01  0.2337E-01  0.0000E+00  0.0000E+00  0.0000E+00  0.0000E+00
  0.0000E+00  0.0000E+00  0.1078E+00  0.1150E+00  0.0000E+00  0.0000E+00  0.0000E+00  0.0000E+00  0.2055E-01  0.2488E-01  0.0000E+00  0.0000E+00  0.0000E+00  0.0000E+00
  0.0000E+00  0.0000E+00  0.9937E-01  0.1066E+00  0.0000E+00  0.0000E+00  0.0000E+00  0.0000E+00  0.1630E-01  0.2802E-01  0.0000E+00  0.0000E+00  0.0000E+00  0.0000E+00
  0.0000E+00  0.0000E+00  0.9560E-01  0.1058E+00  0.0000E+00  0.0000E+00  0.0000E+00  0.0000E+00  0.1707E-01  0.2375E-01  0.0000E+00  0.0000E+00  0.0000E+00  0.0000E+00
 Relative number of events:
  0.0000E+00  0.0000E+00  0.1027E+00  0.1054E+00  0.0000E+00  0.0000E+00  0.0000E+00  0.0000E+00  0.1955E-01  0.1800E-01  0.0000E+00  0.0000E+00  0.0000E+00  0.0000E+00
  0.0000E+00  0.0000E+00  0.1107E+00  0.1076E+00  0.0000E+00  0.0000E+00  0.0000E+00  0.0000E+00  0.1922E-01  0.1847E-01  0.0000E+00  0.0000E+00  0.0000E+00  0.0000E+00
  0.0000E+00  0.0000E+00  0.1065E+00  0.1060E+00  0.0000E+00  0.0000E+00  0.0000E+00  0.0000E+00  0.1692E-01  0.1838E-01  0.0000E+00  0.0000E+00  0.0000E+00  0.0000E+00
  0.0000E+00  0.0000E+00  0.1058E+00  0.1068E+00  0.0000E+00  0.0000E+00  0.0000E+00  0.0000E+00  0.1899E-01  0.1894E-01  0.0000E+00  0.0000E+00  0.0000E+00  0.0000E+00
 Events:
           0           0        2190        2249           0           0           0           0         417         384           0           0           0           0
           0           0        2361        2296           0           0           0           0         410         394           0           0           0           0
           0           0        2272        2261           0           0           0           0         361         392           0           0           0           0
           0           0        2257        2277           0           0           0           0         405         404           0           0           0           0
 Accuracy:    0.022   0.010   0.021   1.079
 Found         4361  events.
 Wrote          254  events.
 Actual xsec    3.8492110576797615E-010
 Correct abs xsec    7.0856034231095956E-010
 Event xsec    7.0856034231095336E-010
 Events wgts > 1:            3
 % Cross section > 1:    6.3124343198198623E-012  0.89088168542314994     
 Iteration  6   Mean: 0.3864E-09 Abs mean: 0.6899E-09   Fluctuation:  0.104E-10   0.243E-06    48.3%
  6    0.3864E-09 0.6899E-09 +- 0.1042E-10      3.82
 Relative summed weights:
  0.0000E+00  0.0000E+00  0.9570E-01  0.1014E+00  0.0000E+00  0.0000E+00  0.0000E+00  0.0000E+00  0.2240E-01  0.2100E-01  0.0000E+00  0.0000E+00  0.0000E+00  0.0000E+00
  0.0000E+00  0.0000E+00  0.9236E-01  0.1167E+00  0.0000E+00  0.0000E+00  0.0000E+00  0.0000E+00  0.2432E-01  0.2485E-01  0.0000E+00  0.0000E+00  0.0000E+00  0.0000E+00
  0.0000E+00  0.0000E+00  0.9850E-01  0.9632E-01  0.0000E+00  0.0000E+00  0.0000E+00  0.0000E+00  0.2418E-01  0.2408E-01  0.0000E+00  0.0000E+00  0.0000E+00  0.0000E+00
  0.0000E+00  0.0000E+00  0.1030E+00  0.1086E+00  0.0000E+00  0.0000E+00  0.0000E+00  0.0000E+00  0.2391E-01  0.2272E-01  0.0000E+00  0.0000E+00  0.0000E+00  0.0000E+00
 Relative number of events:
  0.0000E+00  0.0000E+00  0.1070E+00  0.1058E+00  0.0000E+00  0.0000E+00  0.0000E+00  0.0000E+00  0.1897E-01  0.1771E-01  0.0000E+00  0.0000E+00  0.0000E+00  0.0000E+00
  0.0000E+00  0.0000E+00  0.1058E+00  0.1070E+00  0.0000E+00  0.0000E+00  0.0000E+00  0.0000E+00  0.1818E-01  0.1888E-01  0.0000E+00  0.0000E+00  0.0000E+00  0.0000E+00
  0.0000E+00  0.0000E+00  0.1054E+00  0.1060E+00  0.0000E+00  0.0000E+00  0.0000E+00  0.0000E+00  0.1871E-01  0.1860E-01  0.0000E+00  0.0000E+00  0.0000E+00  0.0000E+00
  0.0000E+00  0.0000E+00  0.1055E+00  0.1081E+00  0.0000E+00  0.0000E+00  0.0000E+00  0.0000E+00  0.1958E-01  0.1871E-01  0.0000E+00  0.0000E+00  0.0000E+00  0.0000E+00
 Events:
           0           0        4582        4530           0           0           0           0         812         758           0           0           0           0
           0           0        4529        4582           0           0           0           0         778         808           0           0           0           0
           0           0        4511        4537           0           0           0           0         801         796           0           0           0           0
           0           0        4514        4627           0           0           0           0         838         801           0           0           0           0
 Accuracy:    0.013   0.010   0.012   1.177
 Found         9125  events.
 Wrote          602  events.
 Actual xsec    3.8741279536656586E-010
 Correct abs xsec    6.9770680610247180E-010
 Event xsec    6.9770680610247252E-010
 Events wgts > 1:            8
 % Cross section > 1:    6.6612662188912714E-012  0.95473717048890716     
 Iteration  7   Mean: 0.3909E-09 Abs mean: 0.7018E-09   Fluctuation:  0.723E-11   0.267E-06    48.5%
  7    0.3909E-09 0.7018E-09 +- 0.7227E-11      3.68
 Relative summed weights:
  0.0000E+00  0.0000E+00  0.1002E+00  0.9849E-01  0.0000E+00  0.0000E+00  0.0000E+00  0.0000E+00  0.2589E-01  0.2172E-01  0.0000E+00  0.0000E+00  0.0000E+00  0.0000E+00
  0.0000E+00  0.0000E+00  0.9875E-01  0.1013E+00  0.0000E+00  0.0000E+00  0.0000E+00  0.0000E+00  0.2026E-01  0.2365E-01  0.0000E+00  0.0000E+00  0.0000E+00  0.0000E+00
  0.0000E+00  0.0000E+00  0.1058E+00  0.9921E-01  0.0000E+00  0.0000E+00  0.0000E+00  0.0000E+00  0.2587E-01  0.2374E-01  0.0000E+00  0.0000E+00  0.0000E+00  0.0000E+00
  0.0000E+00  0.0000E+00  0.1014E+00  0.1063E+00  0.0000E+00  0.0000E+00  0.0000E+00  0.0000E+00  0.2077E-01  0.2673E-01  0.0000E+00  0.0000E+00  0.0000E+00  0.0000E+00
 Relative number of events:
  0.0000E+00  0.0000E+00  0.1075E+00  0.1062E+00  0.0000E+00  0.0000E+00  0.0000E+00  0.0000E+00  0.1860E-01  0.1839E-01  0.0000E+00  0.0000E+00  0.0000E+00  0.0000E+00
  0.0000E+00  0.0000E+00  0.1067E+00  0.1064E+00  0.0000E+00  0.0000E+00  0.0000E+00  0.0000E+00  0.1797E-01  0.1903E-01  0.0000E+00  0.0000E+00  0.0000E+00  0.0000E+00
  0.0000E+00  0.0000E+00  0.1057E+00  0.1062E+00  0.0000E+00  0.0000E+00  0.0000E+00  0.0000E+00  0.1864E-01  0.1837E-01  0.0000E+00  0.0000E+00  0.0000E+00  0.0000E+00
  0.0000E+00  0.0000E+00  0.1050E+00  0.1092E+00  0.0000E+00  0.0000E+00  0.0000E+00  0.0000E+00  0.1787E-01  0.1827E-01  0.0000E+00  0.0000E+00  0.0000E+00  0.0000E+00
 Events:
           0           0        9205        9093           0           0           0           0        1592        1574           0           0           0           0
           0           0        9133        9105           0           0           0           0        1538        1629           0           0           0           0
           0           0        9049        9090           0           0           0           0        1596        1573           0           0           0           0
           0           0        8991        9348           0           0           0           0        1530        1564           0           0           0           0
 Accuracy:    0.008   0.010   0.008   1.001
 Finished due to accuracy    7.8850238052378726E-003   1.0000000000000000E-002

 -------------------------------------------------------------------------------
Thanks for using LHAPDF 6.2.1. Please make sure to cite the paper:
  Eur.Phys.J. C75 (2015) 3, 132  (http://arxiv.org/abs/1412.7420)
 Accumulated results:   Integral =  0.6999E-09
                        Std dev  =  0.5515E-11
                       Cross sec =  0.3892E-09
             Chi**2 per DoF.     =      1.0012
 -------------------------------------------------------------------------------
 Found        19366  events.
 Wrote         1409  events.
 Actual xsec    3.8931128308211832E-010
 Correct abs xsec    6.9923906893908736E-010
 Event xsec    6.9923906893909066E-010
 Events wgts > 1:           31
 % Cross section > 1:    6.9962055566005422E-012   1.0005455740931959     
-------------------------------------------------
---------------------------
 Results Last   3 iters: Integral =   0.3893E-09
                     Abs integral =   0.6992E-09
                          Std dev =   0.5632E-11
                  Chi**2 per DoF. =      0.6457
-------------------------------------------------
---------------------------
 Status   1.0000000000000000E-002           8           8

ls status:
events.lhe
ftn26
input_app.txt
results.dat
run1_app.log
