==== LHAPDF6 USING DEFAULT-TYPE LHAGLUE INTERFACE ====
LHAPDF 6.2.1 loading /cvmfs/cms.cern.ch/slc6_amd64_gcc630/external/lhapdf/6.2.1-ghjeda2/share/LHAPDF/NNPDF31_nnlo_as_0118_nf_4_mc_hessian/NNPDF31_nnlo_as_0118_nf_4_mc_hessian_0000.dat
NNPDF31_nnlo_as_0118_nf_4_mc_hessian PDF set, member #0, version 1; LHAPDF ID = 325500
 Process in group number            1
 A PDF is used, so alpha_s(MZ) is going to be modified
 Old value of alpha_s from param_card:   0.11810000000000001     
 New value of alpha_s from PDF lhapdf :  0.11266013434007299     
 using LHAPDF
 Define smin to   10000.000000000000     
 Define smin to   10000.000000000000     
 Define smin to   10000.000000000000     
 Define smin to   10000.000000000000     
 Define smin to   10000.000000000000     
 Define smin to   10000.000000000000     
 Define smin to   10000.000000000000     
 *****************************************************
 *               MadGraph/MadEvent                   *
 *        --------------------------------           *
 *          http://madgraph.hep.uiuc.edu             *
 *          http://madgraph.phys.ucl.ac.be           *
 *          http://madgraph.roma2.infn.it            *
 *        --------------------------------           *
 *                                                   *
 *          PARAMETER AND COUPLING VALUES            *
 *                                                   *
 *****************************************************

  External Params
  ---------------------------------
  
 mdl_MW0 =    80.387000000000000     
 mdl_Gf =    1.1663789999999999E-005
 aS =   0.11810000000000001     
 mdl_ymdo =    1.0000000000000000E-099
 mdl_ymb =    4.1799999999999997     
 mdl_ymt =    173.19999999999999     
 mdl_ymtau =    1.7769999999999999     
 mdl_LambdaSMEFT =    1000.0000000000000     
 mdl_MZ =    91.187600000000003     
 mdl_MTA =    1.7769999999999999     
 mdl_MT =    173.19999999999999     
 mdl_MB =    4.1799999999999997     
 mdl_MH =    125.09000000000000     
 mdl_WZ =    2.4952000000000001     
 mdl_WW =    2.0850000000000000     
 mdl_WT =    1.5083359999999999     
 mdl_WH =    4.0699999999999998E-003
  Internal Params
  ---------------------------------
  
 mdl_ymm =    1.0000000000000000E-099
 mdl_yme =    1.0000000000000000E-099
 mdl_ymc =    1.0000000000000000E-099
 mdl_yms =    1.0000000000000000E-099
 mdl_ymup =    1.0000000000000000E-099
 mdl_conjg__CKM3x3 =    1.0000000000000000     
 mdl_cH =    0.0000000000000000     
 mdl_cHB =    0.0000000000000000     
 mdl_CKM2x2 =    1.0000000000000000     
 mdl_CKM1x1 =    1.0000000000000000     
 mdl_conjg__CKM1x1 =    1.0000000000000000     
 mdl_dGf =    0.0000000000000000     
 mdl_CKM3x3 =    1.0000000000000000     
 mdl_dMH2 =    0.0000000000000000     
 mdl_conjg__CKM2x2 =    1.0000000000000000     
 mdl_dg1 =    0.0000000000000000     
 mdl_cHW =    0.0000000000000000     
 mdl_dgw =    0.0000000000000000     
 mdl_complexi =  (  0.0000000000000000     ,  1.0000000000000000     )
 mdl_MW =    80.387000000000000     
 mdl_nb__2__exp__0_25 =    1.1892071150027210     
 mdl_MH__exp__2 =    15647.508100000001     
 mdl_sqrt__2 =    1.4142135623730951     
 mdl_MW__exp__2 =    6462.0697689999997     
 mdl_MZ__exp__2 =    8315.1783937600012     
 mdl_sth2 =   0.22285855299877133     
 mdl_MH__exp__6 =    3831206449390.3818     
 mdl_MT__exp__6 =    26995248278778.535     
 mdl_MH__exp__4 =    244844509.73956564     
 mdl_MT__exp__4 =    899894403.09759963     
 mdl_MT__exp__2 =    29998.239999999994     
 mdl_LambdaSMEFT__exp__2 =    1000000.0000000000     
 mdl_cth =   0.88155626422890820     
 mdl_sqrt__sth2 =   0.47207896902824564     
 mdl_sth =   0.47207896902824564     
 mdl_MW0__exp__6 =    269845343347.69711     
 mdl_MW0__exp__4 =    41758345.699423708     
 mdl_MW0__exp__2 =    6462.0697689999997     
 mdl_MZ__exp__4 =    69142191.720053151     
 mdl_MZ__exp__6 =    574929658687.79749     
 mdl_cth__exp__2 =   0.77714144700122867     
 mdl_sth__exp__2 =   0.22285855299877130     
 mdl_sth__exp__3 =   0.10520683593878660     
 mdl_cth__exp__3 =   0.68509391079585125     
 mdl_sth__exp__4 =    4.9665934644706158E-002
 mdl_sqrt__Gf =    3.4152291284773265E-003
 mdl_vevhat =    246.21961912951551     
 mdl_lam =   0.12905352724481209     
 mdl_aEW =    7.5614618607353409E-003
 mdl_yb =    2.4008698866559607E-002
 mdl_yc =    5.7437078628133041E-102
 mdl_ydo =    5.7437078628133041E-102
 mdl_ye =    5.7437078628133041E-102
 mdl_ym =    5.7437078628133041E-102
 mdl_ys =    5.7437078628133041E-102
 mdl_yt =   0.99481020183926416     
 mdl_ytau =    1.0206568872219240E-002
 mdl_yup =    5.7437078628133041E-102
 mdl_vevhat__exp__2 =    60624.100844283676     
 mdl_barlam =   0.12905352724481209     
 mdl_vevT =    246.21961912951551     
 mdl_sqrt__aEW =    8.6956666568672819E-002
 mdl_ee =   0.30825335704310214     
 mdl_gwsh =   0.65296989967087182     
 mdl_vev =    246.21961912951551     
 mdl_g1 =   0.34966952144878632     
 mdl_gw =   0.65296989967087182     
 mdl_ee__exp__2 =    9.5020132128342205E-002
 mdl_gHaa =   -1.9303830602986922E-003
 mdl_gHza =   -6.8546472954154700E-003
 mdl_g1sh =   0.34966952144878632     
 mdl_I1d11 =  (  5.7437078628133041E-102,  0.0000000000000000     )
 mdl_I1d22 =  (  5.7437078628133041E-102,  0.0000000000000000     )
 mdl_I1d33 =  (  2.4008698866559607E-002,  0.0000000000000000     )
 mdl_I2d11 =  (  5.7437078628133041E-102,  0.0000000000000000     )
 mdl_I2d22 =  (  5.7437078628133041E-102,  0.0000000000000000     )
 mdl_I2d33 =  ( 0.99481020183926416     ,  0.0000000000000000     )
 mdl_I3d11 =  (  5.7437078628133041E-102,  0.0000000000000000     )
 mdl_I3d22 =  (  5.7437078628133041E-102,  0.0000000000000000     )
 mdl_I3d33 =  (  2.4008698866559607E-002,  0.0000000000000000     )
 mdl_I4d11 =  (  5.7437078628133041E-102,  0.0000000000000000     )
 mdl_I4d22 =  (  5.7437078628133041E-102,  0.0000000000000000     )
 mdl_I4d33 =  ( 0.99481020183926416     ,  0.0000000000000000     )
 mdl_I5d11 =  (  5.7437078628133041E-102,  0.0000000000000000     )
 mdl_I5d22 =  (  5.7437078628133041E-102,  0.0000000000000000     )
 mdl_I5d33 =  (  2.4008698866559607E-002,  0.0000000000000000     )
 mdl_I6d11 =  (  5.7437078628133041E-102,  0.0000000000000000     )
 mdl_I6d22 =  (  5.7437078628133041E-102,  0.0000000000000000     )
 mdl_I6d33 =  ( 0.99481020183926416     ,  0.0000000000000000     )
 mdl_ee__exp__3 =    2.9290274715240611E-002
 mdl_vevhat__exp__3 =    14926843.019948866     
  Internal Params evaluated point by point
  ----------------------------------------
  
 mdl_sqrt__aS =   0.34365680554879169     
 mdl_G__exp__2 =    1.4840883695558185     
 mdl_gHgg =    3.2334372328970845E-003
 mdl_G__exp__3 =  (  1.8079634332366095     ,  0.0000000000000000     )
  Couplings of SMEFTsim_A_U35_MwScheme_UFO_v3_1-SMlimit_massless
  ---------------------------------
  
         GC_1 =   0.00000E+00   0.10275E+00
         GC_2 =  -0.00000E+00  -0.20550E+00
         GC_3 =  -0.00000E+00  -0.30825E+00
       GC_255 =  -0.00000E+00  -0.42637E+00
       GC_278 =  -0.00000E+00  -0.37035E+00
       GC_280 =  -0.00000E+00  -0.57563E+00
       GC_328 =  -0.00000E+00  -0.55024E-01
       GC_329 =   0.00000E+00   0.11005E+00
       GC_330 =  -0.00000E+00  -0.16507E+00
       GC_400 =   0.00000E+00   0.52490E+02
       GC_809 =  -0.00000E+00  -0.72171E-02
      GC_1073 =  -0.00000E+00  -0.46172E+00

 Collider parameters:
 --------------------

 Running at P P   machine @    13000.000000000000       GeV
 PDF set = lhapdf 
 alpha_s(Mz)= 0.1127 running at 3 loops.
 alpha_s(Mz)= 0.1127 running at 3 loops.
 Renormalization scale set on event-by-event basis
 Factorization   scale set on event-by-event basis


 getting user params
Enter number of events and max and min iterations: 
 Number of events and iterations         2000           8           3
Enter desired fractional accuracy: 
 Desired fractional accuracy:    1.0000000000000000E-002
Enter 0 for fixed, 2 for adjustable grid: 
Suppress amplitude (0 no, 1 yes)? 
 Using suppressed amplitude.
Exact helicity sum (0 yes, n = number/event)? 
 Explicitly summing over helicities
Enter Configuration Number: 
Running Configuration Number:  423
 Using dconfig=          23
 BW Setting            2           1           2           0           0           0
 Attempting mappinvarients           1           8
 Completed mapping           8
 about to integrate           16        2000           8           3          16           1
 Using non-zero grid deformation.
 16 dimensions   2000 events 16 invarients  8 iterations  1 config(s),  (0.99)
 Using h-tuple random number sequence.
 Error opening grid
 Using Uniform Grid!          32
 Using uniform alpha   1.0000000000000000     
 Grid defined OK
 Set CM energy to      13000.00
 Mapping Graph         423  to config         423
Setting grid   1    0.59172E-04   1
 Setting BW          -2           2   80.387000000000000     
Setting grid   3    0.17093E-03   1
Setting grid   4    0.17452E-03   1
 Transforming s_hat 1/s           15   1.7452239124852076E-004   10000.000000000000        168999999.99999997     
 423   1   2   3   4   5   6   7   8   9  10  11  12  13  14
  15  16
 Masses: 0.000E+00 0.000E+00 0.178E+01 0.178E+01 0.000E+00 0.000E+00 0.000E+00 0.000E+00
Using random seed offsets   423 :      1
  with seed                   24
 Ranmar initialization seeds         153        9398
 
 ********************************************
 * You are using the DiscreteSampler module *
 *      part of the MG5_aMC framework       *
 *         Author: Valentin Hirschi         *
 ********************************************
 
  Particle       3       4       5       6       7       8
      Et >     0.0     0.0     0.0     0.0    10.0    10.0
       E >     0.0     0.0     0.0     0.0     0.0     0.0
     Eta <    -1.0    -1.0    -1.0    -1.0     6.5     6.5
   xqcut:      0.0     0.0     0.0     0.0     0.0     0.0
d R # 3  >    -0.0     0.4     0.0     0.0     0.4     0.4
d R # 4  >    -0.0    -0.0     0.0     0.0     0.4     0.4
d R # 5  >    -0.0    -0.0    -0.0     0.0     0.0     0.0
d R # 6  >    -0.0    -0.0    -0.0    -0.0     0.0     0.0
d R # 7  >    -0.0    -0.0    -0.0    -0.0    -0.0     0.4
s min # 3>     0.0     0.0     0.0     0.0     0.0     0.0
s min # 4>     0.0     0.0     0.0     0.0     0.0     0.0
s min # 5>     0.0     0.0     0.0     0.0     0.0     0.0
s min # 6>     0.0     0.0     0.0     0.0     0.0     0.0
s min # 7>     0.0     0.0     0.0     0.0     0.0 10000.0
xqcutij # 3>     0.0     0.0     0.0     0.0     0.0     0.0
xqcutij # 4>     0.0     0.0     0.0     0.0     0.0     0.0
xqcutij # 5>     0.0     0.0     0.0     0.0     0.0     0.0
xqcutij # 6>     0.0     0.0     0.0     0.0     0.0     0.0
xqcutij # 7>     0.0     0.0     0.0     0.0     0.0     0.0
 Excluding BW           -1           1
 Requiring BW           -2           2
 Excluding BW           -5           3
 alpha_s for scale    53.351410241997762       is   0.12313999766717436     
 Added good helicity          193   212.89665660560141       in event            1 local:           1
 Added good helicity          209   42.835750161945654       in event            1 local:           1
 Added good helicity          225  0.13667953886152129       in event            1 local:           1
 Added good helicity          241  0.13091369359142002       in event            1 local:           1
 Added good helicity          193   212.89665660560163       in event            1 local:           1
 Added good helicity          209   42.835750161945455       in event            1 local:           1
 Added good helicity          225  0.13667953886152104       in event            1 local:           1
 Added good helicity          241  0.13091369359141944       in event            1 local:           1
 RESET CUMULATIVE VARIABLE
 RESET CUMULATIVE VARIABLE
 RESET CUMULATIVE VARIABLE
 Iteration  1   Mean: 0.1368E-10 Abs mean: 0.1368E-10   Fluctuation:  0.377E-11   0.530E-08    34.1%
  1    0.1368E-10 0.1368E-10 +- 0.3773E-11     12.34
 Writing out events   2.5054336934697324E-015   12.336410939843297     
 Relative summed weights:
  0.0000E+00  0.0000E+00  0.5416E-01  0.4991E-01  0.0000E+00  0.0000E+00  0.0000E+00  0.0000E+00  0.2926E-03  0.3129E-01  0.0000E+00  0.0000E+00  0.0000E+00  0.0000E+00
  0.0000E+00  0.0000E+00  0.6609E-01  0.1358E+00  0.0000E+00  0.0000E+00  0.0000E+00  0.0000E+00  0.2792E+00  0.1033E+00  0.0000E+00  0.0000E+00  0.0000E+00  0.0000E+00
  0.0000E+00  0.0000E+00  0.4965E-01  0.3163E-01  0.0000E+00  0.0000E+00  0.0000E+00  0.0000E+00  0.3078E-02  0.3030E-02  0.0000E+00  0.0000E+00  0.0000E+00  0.0000E+00
  0.0000E+00  0.0000E+00  0.5992E-01  0.1067E+00  0.0000E+00  0.0000E+00  0.0000E+00  0.0000E+00  0.1798E-01  0.7972E-02  0.0000E+00  0.0000E+00  0.0000E+00  0.0000E+00
 Relative number of events:
  0.0000E+00  0.0000E+00  0.9159E-01  0.8313E-01  0.0000E+00  0.0000E+00  0.0000E+00  0.0000E+00  0.3335E-01  0.3783E-01  0.0000E+00  0.0000E+00  0.0000E+00  0.0000E+00
  0.0000E+00  0.0000E+00  0.7815E-01  0.9856E-01  0.0000E+00  0.0000E+00  0.0000E+00  0.0000E+00  0.3584E-01  0.2688E-01  0.0000E+00  0.0000E+00  0.0000E+00  0.0000E+00
  0.0000E+00  0.0000E+00  0.9457E-01  0.9557E-01  0.0000E+00  0.0000E+00  0.0000E+00  0.0000E+00  0.2837E-01  0.3982E-01  0.0000E+00  0.0000E+00  0.0000E+00  0.0000E+00
  0.0000E+00  0.0000E+00  0.8910E-01  0.1035E+00  0.0000E+00  0.0000E+00  0.0000E+00  0.0000E+00  0.3484E-01  0.2887E-01  0.0000E+00  0.0000E+00  0.0000E+00  0.0000E+00
 Events:
           0           0         184         167           0           0           0           0          67          76           0           0           0           0
           0           0         157         198           0           0           0           0          72          54           0           0           0           0
           0           0         190         192           0           0           0           0          57          80           0           0           0           0
           0           0         179         208           0           0           0           0          70          58           0           0           0           0
 Iteration  2   Mean: 0.1804E-10 Abs mean: 0.1804E-10   Fluctuation:  0.450E-11   0.145E-07    75.5%
  2    0.1804E-10 0.1804E-10 +- 0.4497E-11     15.76
 Relative summed weights:
  0.0000E+00  0.0000E+00  0.1885E-01  0.4661E-01  0.0000E+00  0.0000E+00  0.0000E+00  0.0000E+00  0.2996E-01  0.1411E-01  0.0000E+00  0.0000E+00  0.0000E+00  0.0000E+00
  0.0000E+00  0.0000E+00  0.3200E-01  0.3582E-01  0.0000E+00  0.0000E+00  0.0000E+00  0.0000E+00  0.7664E-01  0.3307E-01  0.0000E+00  0.0000E+00  0.0000E+00  0.0000E+00
  0.0000E+00  0.0000E+00  0.1910E-01  0.5466E-01  0.0000E+00  0.0000E+00  0.0000E+00  0.0000E+00  0.2086E-01  0.5376E-01  0.0000E+00  0.0000E+00  0.0000E+00  0.0000E+00
  0.0000E+00  0.0000E+00  0.1395E+00  0.3098E+00  0.0000E+00  0.0000E+00  0.0000E+00  0.0000E+00  0.4324E-01  0.7211E-01  0.0000E+00  0.0000E+00  0.0000E+00  0.0000E+00
 Relative number of events:
  0.0000E+00  0.0000E+00  0.9350E-01  0.9350E-01  0.0000E+00  0.0000E+00  0.0000E+00  0.0000E+00  0.3300E-01  0.3600E-01  0.0000E+00  0.0000E+00  0.0000E+00  0.0000E+00
  0.0000E+00  0.0000E+00  0.9525E-01  0.8775E-01  0.0000E+00  0.0000E+00  0.0000E+00  0.0000E+00  0.3350E-01  0.3425E-01  0.0000E+00  0.0000E+00  0.0000E+00  0.0000E+00
  0.0000E+00  0.0000E+00  0.8625E-01  0.9025E-01  0.0000E+00  0.0000E+00  0.0000E+00  0.0000E+00  0.3025E-01  0.3675E-01  0.0000E+00  0.0000E+00  0.0000E+00  0.0000E+00
  0.0000E+00  0.0000E+00  0.8700E-01  0.9650E-01  0.0000E+00  0.0000E+00  0.0000E+00  0.0000E+00  0.3050E-01  0.3575E-01  0.0000E+00  0.0000E+00  0.0000E+00  0.0000E+00
 Events:
           0           0         374         374           0           0           0           0         132         144           0           0           0           0
           0           0         381         351           0           0           0           0         134         137           0           0           0           0
           0           0         345         361           0           0           0           0         121         147           0           0           0           0
           0           0         348         386           0           0           0           0         122         143           0           0           0           0
 Iteration  3   Mean: 0.1612E-10 Abs mean: 0.1612E-10   Fluctuation:  0.267E-11   0.137E-07    82.2%
  3    0.1612E-10 0.1612E-10 +- 0.2668E-11     14.81
 Relative summed weights:
  0.0000E+00  0.0000E+00  0.6808E-01  0.1803E+00  0.0000E+00  0.0000E+00  0.0000E+00  0.0000E+00  0.2715E-01  0.1038E+00  0.0000E+00  0.0000E+00  0.0000E+00  0.0000E+00
  0.0000E+00  0.0000E+00  0.4122E-01  0.8496E-01  0.0000E+00  0.0000E+00  0.0000E+00  0.0000E+00  0.2534E-01  0.2820E-01  0.0000E+00  0.0000E+00  0.0000E+00  0.0000E+00
  0.0000E+00  0.0000E+00  0.5908E-01  0.1443E+00  0.0000E+00  0.0000E+00  0.0000E+00  0.0000E+00  0.4862E-01  0.4206E-01  0.0000E+00  0.0000E+00  0.0000E+00  0.0000E+00
  0.0000E+00  0.0000E+00  0.4179E-01  0.5656E-01  0.0000E+00  0.0000E+00  0.0000E+00  0.0000E+00  0.1482E-01  0.3376E-01  0.0000E+00  0.0000E+00  0.0000E+00  0.0000E+00
 Relative number of events:
  0.0000E+00  0.0000E+00  0.9538E-01  0.9175E-01  0.0000E+00  0.0000E+00  0.0000E+00  0.0000E+00  0.3612E-01  0.3363E-01  0.0000E+00  0.0000E+00  0.0000E+00  0.0000E+00
  0.0000E+00  0.0000E+00  0.9337E-01  0.9525E-01  0.0000E+00  0.0000E+00  0.0000E+00  0.0000E+00  0.3175E-01  0.3188E-01  0.0000E+00  0.0000E+00  0.0000E+00  0.0000E+00
  0.0000E+00  0.0000E+00  0.9212E-01  0.9450E-01  0.0000E+00  0.0000E+00  0.0000E+00  0.0000E+00  0.3375E-01  0.3150E-01  0.0000E+00  0.0000E+00  0.0000E+00  0.0000E+00
  0.0000E+00  0.0000E+00  0.8600E-01  0.8550E-01  0.0000E+00  0.0000E+00  0.0000E+00  0.0000E+00  0.3413E-01  0.3338E-01  0.0000E+00  0.0000E+00  0.0000E+00  0.0000E+00
 Events:
           0           0         763         734           0           0           0           0         289         269           0           0           0           0
           0           0         747         762           0           0           0           0         254         255           0           0           0           0
           0           0         737         756           0           0           0           0         270         252           0           0           0           0
           0           0         688         684           0           0           0           0         273         267           0           0           0           0
 Accuracy:    0.064   0.010   0.123   0.266
 Found          351  events.
 Wrote            5  events.
 Actual xsec    1.6102462485343120E-011
 Correct abs xsec    1.6102462485343120E-011
 Event xsec    1.6102462485343120E-011
 Events wgts > 1:            2
 % Cross section > 1:    1.9436312526314297E-013   1.2070397645084243     
 Iteration  4   Mean: 0.1846E-10 Abs mean: 0.1846E-10   Fluctuation:  0.139E-11   0.134E-07    84.3%
  4    0.1846E-10 0.1846E-10 +- 0.1393E-11      9.54
 Relative summed weights:
  0.0000E+00  0.0000E+00  0.5495E-01  0.5804E-01  0.0000E+00  0.0000E+00  0.0000E+00  0.0000E+00  0.5078E-01  0.6986E-01  0.0000E+00  0.0000E+00  0.0000E+00  0.0000E+00
  0.0000E+00  0.0000E+00  0.9762E-01  0.7729E-01  0.0000E+00  0.0000E+00  0.0000E+00  0.0000E+00  0.4742E-01  0.3956E-01  0.0000E+00  0.0000E+00  0.0000E+00  0.0000E+00
  0.0000E+00  0.0000E+00  0.5843E-01  0.6103E-01  0.0000E+00  0.0000E+00  0.0000E+00  0.0000E+00  0.5879E-01  0.4262E-01  0.0000E+00  0.0000E+00  0.0000E+00  0.0000E+00
  0.0000E+00  0.0000E+00  0.6097E-01  0.5495E-01  0.0000E+00  0.0000E+00  0.0000E+00  0.0000E+00  0.1086E+00  0.5912E-01  0.0000E+00  0.0000E+00  0.0000E+00  0.0000E+00
 Relative number of events:
  0.0000E+00  0.0000E+00  0.8969E-01  0.9131E-01  0.0000E+00  0.0000E+00  0.0000E+00  0.0000E+00  0.3313E-01  0.3394E-01  0.0000E+00  0.0000E+00  0.0000E+00  0.0000E+00
  0.0000E+00  0.0000E+00  0.9488E-01  0.9556E-01  0.0000E+00  0.0000E+00  0.0000E+00  0.0000E+00  0.3244E-01  0.3081E-01  0.0000E+00  0.0000E+00  0.0000E+00  0.0000E+00
  0.0000E+00  0.0000E+00  0.9181E-01  0.9250E-01  0.0000E+00  0.0000E+00  0.0000E+00  0.0000E+00  0.3125E-01  0.3288E-01  0.0000E+00  0.0000E+00  0.0000E+00  0.0000E+00
  0.0000E+00  0.0000E+00  0.9250E-01  0.8887E-01  0.0000E+00  0.0000E+00  0.0000E+00  0.0000E+00  0.3319E-01  0.3525E-01  0.0000E+00  0.0000E+00  0.0000E+00  0.0000E+00
 Events:
           0           0        1435        1461           0           0           0           0         530         543           0           0           0           0
           0           0        1518        1529           0           0           0           0         519         493           0           0           0           0
           0           0        1469        1480           0           0           0           0         500         526           0           0           0           0
           0           0        1480        1422           0           0           0           0         531         564           0           0           0           0
 Accuracy:    0.042   0.010   0.064   0.425
 Found         1068  events.
 Wrote           21  events.
 Actual xsec    1.8060086059585769E-011
 Correct abs xsec    1.8060086059585769E-011
 Event xsec    1.8060086059585769E-011
 Events wgts > 1:            1
 % Cross section > 1:    1.0978513450454161E-013  0.60788821350201072     
 Iteration  5   Mean: 0.1888E-10 Abs mean: 0.1888E-10   Fluctuation:  0.835E-12   0.189E-07    84.5%
  5    0.1888E-10 0.1888E-10 +- 0.8346E-12      7.91
 Relative summed weights:
  0.0000E+00  0.0000E+00  0.6165E-01  0.5878E-01  0.0000E+00  0.0000E+00  0.0000E+00  0.0000E+00  0.9020E-01  0.5445E-01  0.0000E+00  0.0000E+00  0.0000E+00  0.0000E+00
  0.0000E+00  0.0000E+00  0.7047E-01  0.7219E-01  0.0000E+00  0.0000E+00  0.0000E+00  0.0000E+00  0.6911E-01  0.6102E-01  0.0000E+00  0.0000E+00  0.0000E+00  0.0000E+00
  0.0000E+00  0.0000E+00  0.5728E-01  0.5770E-01  0.0000E+00  0.0000E+00  0.0000E+00  0.0000E+00  0.5308E-01  0.4600E-01  0.0000E+00  0.0000E+00  0.0000E+00  0.0000E+00
  0.0000E+00  0.0000E+00  0.6407E-01  0.5756E-01  0.0000E+00  0.0000E+00  0.0000E+00  0.0000E+00  0.5780E-01  0.6863E-01  0.0000E+00  0.0000E+00  0.0000E+00  0.0000E+00
 Relative number of events:
  0.0000E+00  0.0000E+00  0.9022E-01  0.9134E-01  0.0000E+00  0.0000E+00  0.0000E+00  0.0000E+00  0.3422E-01  0.3391E-01  0.0000E+00  0.0000E+00  0.0000E+00  0.0000E+00
  0.0000E+00  0.0000E+00  0.9216E-01  0.9506E-01  0.0000E+00  0.0000E+00  0.0000E+00  0.0000E+00  0.3300E-01  0.3422E-01  0.0000E+00  0.0000E+00  0.0000E+00  0.0000E+00
  0.0000E+00  0.0000E+00  0.9094E-01  0.9062E-01  0.0000E+00  0.0000E+00  0.0000E+00  0.0000E+00  0.3191E-01  0.3303E-01  0.0000E+00  0.0000E+00  0.0000E+00  0.0000E+00
  0.0000E+00  0.0000E+00  0.9097E-01  0.9106E-01  0.0000E+00  0.0000E+00  0.0000E+00  0.0000E+00  0.3263E-01  0.3472E-01  0.0000E+00  0.0000E+00  0.0000E+00  0.0000E+00
 Events:
           0           0        2887        2923           0           0           0           0        1095        1085           0           0           0           0
           0           0        2949        3042           0           0           0           0        1056        1095           0           0           0           0
           0           0        2910        2900           0           0           0           0        1021        1057           0           0           0           0
           0           0        2911        2914           0           0           0           0        1044        1111           0           0           0           0
 Accuracy:    0.024   0.010   0.036   0.429
 Found         2332  events.
 Wrote           28  events.
 Actual xsec    1.8641184994252260E-011
 Correct abs xsec    1.8641184994252260E-011
 Event xsec    1.8641184994252273E-011
 Events wgts > 1:            0
 % Cross section > 1:    0.0000000000000000        0.0000000000000000     
 Iteration  6   Mean: 0.2029E-10 Abs mean: 0.2029E-10   Fluctuation:  0.474E-12   0.842E-08    84.3%
  6    0.2029E-10 0.2029E-10 +- 0.4742E-12      5.91
 Relative summed weights:
  0.0000E+00  0.0000E+00  0.6310E-01  0.6134E-01  0.0000E+00  0.0000E+00  0.0000E+00  0.0000E+00  0.5374E-01  0.6619E-01  0.0000E+00  0.0000E+00  0.0000E+00  0.0000E+00
  0.0000E+00  0.0000E+00  0.6757E-01  0.5997E-01  0.0000E+00  0.0000E+00  0.0000E+00  0.0000E+00  0.5347E-01  0.6156E-01  0.0000E+00  0.0000E+00  0.0000E+00  0.0000E+00
  0.0000E+00  0.0000E+00  0.6051E-01  0.6173E-01  0.0000E+00  0.0000E+00  0.0000E+00  0.0000E+00  0.6108E-01  0.6582E-01  0.0000E+00  0.0000E+00  0.0000E+00  0.0000E+00
  0.0000E+00  0.0000E+00  0.5824E-01  0.6028E-01  0.0000E+00  0.0000E+00  0.0000E+00  0.0000E+00  0.7920E-01  0.6621E-01  0.0000E+00  0.0000E+00  0.0000E+00  0.0000E+00
 Relative number of events:
  0.0000E+00  0.0000E+00  0.8948E-01  0.9359E-01  0.0000E+00  0.0000E+00  0.0000E+00  0.0000E+00  0.3347E-01  0.3456E-01  0.0000E+00  0.0000E+00  0.0000E+00  0.0000E+00
  0.0000E+00  0.0000E+00  0.9433E-01  0.9050E-01  0.0000E+00  0.0000E+00  0.0000E+00  0.0000E+00  0.3433E-01  0.3406E-01  0.0000E+00  0.0000E+00  0.0000E+00  0.0000E+00
  0.0000E+00  0.0000E+00  0.8886E-01  0.9295E-01  0.0000E+00  0.0000E+00  0.0000E+00  0.0000E+00  0.3328E-01  0.3333E-01  0.0000E+00  0.0000E+00  0.0000E+00  0.0000E+00
  0.0000E+00  0.0000E+00  0.8877E-01  0.9212E-01  0.0000E+00  0.0000E+00  0.0000E+00  0.0000E+00  0.3431E-01  0.3205E-01  0.0000E+00  0.0000E+00  0.0000E+00  0.0000E+00
 Events:
           0           0        5727        5990           0           0           0           0        2142        2212           0           0           0           0
           0           0        6037        5792           0           0           0           0        2197        2180           0           0           0           0
           0           0        5687        5949           0           0           0           0        2130        2133           0           0           0           0
           0           0        5681        5896           0           0           0           0        2196        2051           0           0           0           0
 Accuracy:    0.021   0.010   0.020   1.136
 Found         5242  events.
 Wrote          276  events.
 Actual xsec    1.9877163745098434E-011
 Correct abs xsec    1.9877163745098434E-011
 Event xsec    1.9877163745098521E-011
 Events wgts > 1:            8
 % Cross section > 1:    1.6700641526041849E-013  0.84019238057341217     
 Iteration  7   Mean: 0.1998E-10 Abs mean: 0.1998E-10   Fluctuation:  0.305E-12   0.106E-07    84.2%
  7    0.1998E-10 0.1998E-10 +- 0.3053E-12      5.47
 Relative summed weights:
  0.0000E+00  0.0000E+00  0.6008E-01  0.5973E-01  0.0000E+00  0.0000E+00  0.0000E+00  0.0000E+00  0.6258E-01  0.6665E-01  0.0000E+00  0.0000E+00  0.0000E+00  0.0000E+00
  0.0000E+00  0.0000E+00  0.6438E-01  0.5695E-01  0.0000E+00  0.0000E+00  0.0000E+00  0.0000E+00  0.6625E-01  0.6084E-01  0.0000E+00  0.0000E+00  0.0000E+00  0.0000E+00
  0.0000E+00  0.0000E+00  0.5921E-01  0.6307E-01  0.0000E+00  0.0000E+00  0.0000E+00  0.0000E+00  0.6637E-01  0.6136E-01  0.0000E+00  0.0000E+00  0.0000E+00  0.0000E+00
  0.0000E+00  0.0000E+00  0.5993E-01  0.6151E-01  0.0000E+00  0.0000E+00  0.0000E+00  0.0000E+00  0.6700E-01  0.6409E-01  0.0000E+00  0.0000E+00  0.0000E+00  0.0000E+00
 Relative number of events:
  0.0000E+00  0.0000E+00  0.9161E-01  0.9243E-01  0.0000E+00  0.0000E+00  0.0000E+00  0.0000E+00  0.3393E-01  0.3381E-01  0.0000E+00  0.0000E+00  0.0000E+00  0.0000E+00
  0.0000E+00  0.0000E+00  0.9134E-01  0.9082E-01  0.0000E+00  0.0000E+00  0.0000E+00  0.0000E+00  0.3359E-01  0.3355E-01  0.0000E+00  0.0000E+00  0.0000E+00  0.0000E+00
  0.0000E+00  0.0000E+00  0.9188E-01  0.9170E-01  0.0000E+00  0.0000E+00  0.0000E+00  0.0000E+00  0.3423E-01  0.3355E-01  0.0000E+00  0.0000E+00  0.0000E+00  0.0000E+00
  0.0000E+00  0.0000E+00  0.9098E-01  0.9032E-01  0.0000E+00  0.0000E+00  0.0000E+00  0.0000E+00  0.3293E-01  0.3333E-01  0.0000E+00  0.0000E+00  0.0000E+00  0.0000E+00
 Events:
           0           0       11726       11831           0           0           0           0        4343        4328           0           0           0           0
           0           0       11692       11625           0           0           0           0        4300        4294           0           0           0           0
           0           0       11761       11737           0           0           0           0        4381        4295           0           0           0           0
           0           0       11645       11561           0           0           0           0        4215        4266           0           0           0           0
 Accuracy:    0.012   0.010   0.012   0.962
 Found        10293  events.
 Wrote          656  events.
 Actual xsec    1.9982597778887377E-011
Thanks for using LHAPDF 6.2.1. Please make sure to cite the paper:
  Eur.Phys.J. C75 (2015) 3, 132  (http://arxiv.org/abs/1412.7420)
 Correct abs xsec    1.9982597778887377E-011
 Event xsec    1.9982597778887771E-011
 Events wgts > 1:           10
 % Cross section > 1:    1.9330874717378431E-013  0.96738546866024056     
 Iteration  8   Mean: 0.1973E-10 Abs mean: 0.1973E-10   Fluctuation:  0.206E-12   0.186E-07    84.0%
  8    0.1973E-10 0.1973E-10 +- 0.2062E-12      5.29
 Relative summed weights:
  0.0000E+00  0.0000E+00  0.6091E-01  0.6001E-01  0.0000E+00  0.0000E+00  0.0000E+00  0.0000E+00  0.6107E-01  0.6067E-01  0.0000E+00  0.0000E+00  0.0000E+00  0.0000E+00
  0.0000E+00  0.0000E+00  0.6516E-01  0.6148E-01  0.0000E+00  0.0000E+00  0.0000E+00  0.0000E+00  0.6388E-01  0.6267E-01  0.0000E+00  0.0000E+00  0.0000E+00  0.0000E+00
  0.0000E+00  0.0000E+00  0.6402E-01  0.5837E-01  0.0000E+00  0.0000E+00  0.0000E+00  0.0000E+00  0.6814E-01  0.6239E-01  0.0000E+00  0.0000E+00  0.0000E+00  0.0000E+00
  0.0000E+00  0.0000E+00  0.5854E-01  0.6192E-01  0.0000E+00  0.0000E+00  0.0000E+00  0.0000E+00  0.6457E-01  0.6621E-01  0.0000E+00  0.0000E+00  0.0000E+00  0.0000E+00
 Relative number of events:
  0.0000E+00  0.0000E+00  0.9117E-01  0.9197E-01  0.0000E+00  0.0000E+00  0.0000E+00  0.0000E+00  0.3393E-01  0.3362E-01  0.0000E+00  0.0000E+00  0.0000E+00  0.0000E+00
  0.0000E+00  0.0000E+00  0.9160E-01  0.9196E-01  0.0000E+00  0.0000E+00  0.0000E+00  0.0000E+00  0.3352E-01  0.3327E-01  0.0000E+00  0.0000E+00  0.0000E+00  0.0000E+00
  0.0000E+00  0.0000E+00  0.9158E-01  0.9102E-01  0.0000E+00  0.0000E+00  0.0000E+00  0.0000E+00  0.3343E-01  0.3325E-01  0.0000E+00  0.0000E+00  0.0000E+00  0.0000E+00
  0.0000E+00  0.0000E+00  0.9157E-01  0.9120E-01  0.0000E+00  0.0000E+00  0.0000E+00  0.0000E+00  0.3345E-01  0.3343E-01  0.0000E+00  0.0000E+00  0.0000E+00  0.0000E+00
 Events:
           0           0       23339       23544           0           0           0           0        8686        8607           0           0           0           0
           0           0       23450       23543           0           0           0           0        8582        8518           0           0           0           0
           0           0       23444       23302           0           0           0           0        8559        8513           0           0           0           0
           0           0       23443       23348           0           0           0           0        8563        8559           0           0           0           0
 Accuracy:    0.007   0.010   0.008   0.876
 Finished due to accuracy    7.3939369763594380E-003   1.0000000000000000E-002

 -------------------------------------------------------------------------------
 Accumulated results:   Integral =  0.1981E-10
                        Std dev  =  0.1564E-12
                       Cross sec =  0.1981E-10
             Chi**2 per DoF.     =      0.8763
 -------------------------------------------------------------------------------
 Found        21767  events.
 Wrote         1420  events.
 Actual xsec    1.9869495394426119E-011
 Correct abs xsec    1.9869495394426119E-011
 Event xsec    1.9869495394425909E-011
 Events wgts > 1:           16
 % Cross section > 1:    2.0097892025790770E-013   1.0114948380334274     
-------------------------------------------------
---------------------------
 Results Last   3 iters: Integral =   0.1987E-10
                     Abs integral =   0.1987E-10
                          Std dev =   0.1608E-12
                  Chi**2 per DoF. =      0.6842
-------------------------------------------------
---------------------------
 Status   1.0000000000000000E-002           9           8

ls status:
events.lhe
ftn26
input_app.txt
results.dat
run1_app.log
