==== LHAPDF6 USING DEFAULT-TYPE LHAGLUE INTERFACE ====
LHAPDF 6.2.1 loading /cvmfs/cms.cern.ch/slc6_amd64_gcc630/external/lhapdf/6.2.1-ghjeda2/share/LHAPDF/NNPDF30_lo_as_0130_nf_4/NNPDF30_lo_as_0130_nf_4_0000.dat
NNPDF30_lo_as_0130_nf_4 PDF set, member #0, version 2; LHAPDF ID = 263400
 Process in group number            2
 A PDF is used, so alpha_s(MZ) is going to be modified
 Old value of alpha_s from param_card:   0.11810000000000001     
 New value of alpha_s from PDF lhapdf :  0.12470044313224841     
 using LHAPDF
 Define smin to   10000.000000000000     
 Define smin to   10000.000000000000     
 Define smin to   10000.000000000000     
 Define smin to   10000.000000000000     
 Define smin to   10000.000000000000     
 Define smin to   10000.000000000000     
 Define smin to   10000.000000000000     
 *****************************************************
 *               MadGraph/MadEvent                   *
 *        --------------------------------           *
 *          http://madgraph.hep.uiuc.edu             *
 *          http://madgraph.phys.ucl.ac.be           *
 *          http://madgraph.roma2.infn.it            *
 *        --------------------------------           *
 *                                                   *
 *          PARAMETER AND COUPLING VALUES            *
 *                                                   *
 *****************************************************

  External Params
  ---------------------------------
  
 mdl_MW0 =    80.387000000000000     
 mdl_Gf =    1.1663789999999999E-005
 aS =   0.11810000000000001     
 mdl_ymdo =    1.0000000000000000E-099
 mdl_ymb =    4.1799999999999997     
 mdl_ymt =    173.19999999999999     
 mdl_ymtau =    1.7769999999999999     
 mdl_LambdaSMEFT =    1000.0000000000000     
 mdl_cHW =    1.0000000000000000     
 mdl_MZ =    91.187600000000003     
 mdl_MTA =    1.7769999999999999     
 mdl_MT =    173.19999999999999     
 mdl_MB =    4.1799999999999997     
 mdl_MH =    125.09000000000000     
 mdl_WZ =    2.4952000000000001     
 mdl_WW =    2.0850000000000000     
 mdl_WT =    1.5083359999999999     
 mdl_WH =    4.0699999999999998E-003
  Internal Params
  ---------------------------------
  
 mdl_ymm =    1.0000000000000000E-099
 mdl_yme =    1.0000000000000000E-099
 mdl_ymc =    1.0000000000000000E-099
 mdl_yms =    1.0000000000000000E-099
 mdl_ymup =    1.0000000000000000E-099
 mdl_conjg__CKM3x3 =    1.0000000000000000     
 mdl_cH =    0.0000000000000000     
 mdl_cHB =    0.0000000000000000     
 mdl_CKM1x1 =    1.0000000000000000     
 mdl_conjg__CKM1x1 =    1.0000000000000000     
 mdl_dGf =    0.0000000000000000     
 mdl_CKM3x3 =    1.0000000000000000     
 mdl_dMH2 =    0.0000000000000000     
 mdl_conjg__CKM2x2 =    1.0000000000000000     
 mdl_dg1 =    0.0000000000000000     
 mdl_CKM2x2 =    1.0000000000000000     
 mdl_dgw =    0.0000000000000000     
 mdl_complexi =  (  0.0000000000000000     ,  1.0000000000000000     )
 mdl_MW =    80.387000000000000     
 mdl_nb__2__exp__0_25 =    1.1892071150027210     
 mdl_MH__exp__2 =    15647.508100000001     
 mdl_sqrt__2 =    1.4142135623730951     
 mdl_MW__exp__2 =    6462.0697689999997     
 mdl_MZ__exp__2 =    8315.1783937600012     
 mdl_sth2 =   0.22285855299877133     
 mdl_MH__exp__6 =    3831206449390.3818     
 mdl_MT__exp__6 =    26995248278778.535     
 mdl_MH__exp__4 =    244844509.73956564     
 mdl_MT__exp__4 =    899894403.09759963     
 mdl_MT__exp__2 =    29998.239999999994     
 mdl_LambdaSMEFT__exp__2 =    1000000.0000000000     
 mdl_cth =   0.88155626422890820     
 mdl_sqrt__sth2 =   0.47207896902824564     
 mdl_sth =   0.47207896902824564     
 mdl_MW0__exp__6 =    269845343347.69711     
 mdl_MW0__exp__4 =    41758345.699423708     
 mdl_MW0__exp__2 =    6462.0697689999997     
 mdl_MZ__exp__4 =    69142191.720053151     
 mdl_MZ__exp__6 =    574929658687.79749     
 mdl_cth__exp__2 =   0.77714144700122867     
 mdl_sth__exp__2 =   0.22285855299877130     
 mdl_sth__exp__3 =   0.10520683593878660     
 mdl_cth__exp__3 =   0.68509391079585125     
 mdl_sth__exp__4 =    4.9665934644706158E-002
 mdl_sqrt__Gf =    3.4152291284773265E-003
 mdl_vevhat =    246.21961912951551     
 mdl_lam =   0.12905352724481209     
 mdl_aEW =    7.5614618607353409E-003
 mdl_yb =    2.4008698866559607E-002
 mdl_yc =    5.7437078628133041E-102
 mdl_ydo =    5.7437078628133041E-102
 mdl_ye =    5.7437078628133041E-102
 mdl_ym =    5.7437078628133041E-102
 mdl_ys =    5.7437078628133041E-102
 mdl_yt =   0.99481020183926416     
 mdl_ytau =    1.0206568872219240E-002
 mdl_yup =    5.7437078628133041E-102
 mdl_vevhat__exp__2 =    60624.100844283676     
 mdl_barlam =   0.12905352724481209     
 mdl_vevT =    246.21961912951551     
 mdl_sqrt__aEW =    8.6956666568672819E-002
 mdl_ee =   0.30825335704310214     
 mdl_gwsh =   0.61338418662494298     
 mdl_vev =    246.21961912951551     
 mdl_g1 =   0.34966952144878632     
 mdl_gw =   0.65296989967087182     
 mdl_ee__exp__2 =    9.5020132128342205E-002
 mdl_gHaa =   -1.9303830602986922E-003
 mdl_gHza =   -6.8546472954154700E-003
 mdl_g1sh =   0.34966952144878632     
 mdl_I1d11 =  (  5.7437078628133041E-102,  0.0000000000000000     )
 mdl_I1d22 =  (  5.7437078628133041E-102,  0.0000000000000000     )
 mdl_I1d33 =  (  2.4008698866559607E-002,  0.0000000000000000     )
 mdl_I2d11 =  (  5.7437078628133041E-102,  0.0000000000000000     )
 mdl_I2d22 =  (  5.7437078628133041E-102,  0.0000000000000000     )
 mdl_I2d33 =  ( 0.99481020183926416     ,  0.0000000000000000     )
 mdl_I3d11 =  (  5.7437078628133041E-102,  0.0000000000000000     )
 mdl_I3d22 =  (  5.7437078628133041E-102,  0.0000000000000000     )
 mdl_I3d33 =  (  2.4008698866559607E-002,  0.0000000000000000     )
 mdl_I4d11 =  (  5.7437078628133041E-102,  0.0000000000000000     )
 mdl_I4d22 =  (  5.7437078628133041E-102,  0.0000000000000000     )
 mdl_I4d33 =  ( 0.99481020183926416     ,  0.0000000000000000     )
 mdl_I5d11 =  (  5.7437078628133041E-102,  0.0000000000000000     )
 mdl_I5d22 =  (  5.7437078628133041E-102,  0.0000000000000000     )
 mdl_I5d33 =  (  2.4008698866559607E-002,  0.0000000000000000     )
 mdl_I6d11 =  (  5.7437078628133041E-102,  0.0000000000000000     )
 mdl_I6d22 =  (  5.7437078628133041E-102,  0.0000000000000000     )
 mdl_I6d33 =  ( 0.99481020183926416     ,  0.0000000000000000     )
 mdl_ee__exp__3 =    2.9290274715240611E-002
 mdl_vevhat__exp__3 =    14926843.019948866     
  Internal Params evaluated point by point
  ----------------------------------------
  
 mdl_sqrt__aS =   0.34365680554879169     
 mdl_G__exp__2 =    1.4840883695558185     
 mdl_gHgg =    3.2334372328970845E-003
 mdl_G__exp__3 =  (  1.8079634332366095     ,  0.0000000000000000     )
  Couplings of SMEFTsim_A_U35_MwScheme_UFO_v3_1-cHW_massless
  ---------------------------------
  
         GC_1 =   0.00000E+00   0.10275E+00
         GC_2 =  -0.00000E+00  -0.20550E+00
         GC_3 =  -0.00000E+00  -0.30825E+00
       GC_255 =  -0.00000E+00  -0.42637E+00
       GC_278 =  -0.00000E+00  -0.37035E+00
       GC_280 =  -0.00000E+00  -0.57563E+00
       GC_328 =  -0.00000E+00  -0.55024E-01
       GC_329 =   0.00000E+00   0.11005E+00
       GC_330 =  -0.00000E+00  -0.16507E+00
       GC_387 =   0.00000E+00   0.98488E-03
       GC_400 =   0.00000E+00   0.52490E+02
       GC_809 =  -0.00000E+00  -0.72171E-02
      GC_1073 =  -0.00000E+00  -0.46172E+00

 Collider parameters:
 --------------------

 Running at P P   machine @    13000.000000000000       GeV
 PDF set = lhapdf 
 alpha_s(Mz)= 0.1247 running at 1 loops.
 alpha_s(Mz)= 0.1247 running at 1 loops.
 Renormalization scale set on event-by-event basis
 Factorization   scale set on event-by-event basis


 getting user params
Enter number of events and max and min iterations: 
 Number of events and iterations         2000           8           3
Enter desired fractional accuracy: 
 Desired fractional accuracy:    1.0000000000000000E-002
Enter 0 for fixed, 2 for adjustable grid: 
Suppress amplitude (0 no, 1 yes)? 
 Using suppressed amplitude.
Exact helicity sum (0 yes, n = number/event)? 
 Explicitly summing over helicities
Enter Configuration Number: 
Running Configuration Number:  192
 Using dconfig=          23
 BW Setting            2           1           2           0           0           0
 Attempting mappinvarients           1           8
 Completed mapping           8
 about to integrate           16        2000           8           3          16           1
 Using non-zero grid deformation.
 16 dimensions   2000 events 16 invarients  8 iterations  1 config(s),  (0.99)
 Using h-tuple random number sequence.
 Error opening grid
 Using Uniform Grid!          32
 Using uniform alpha   1.0000000000000000     
 Grid defined OK
 Set CM energy to      13000.00
 Mapping Graph         192  to config         192
Setting grid   1    0.59172E-04   1
Setting grid   2    0.59172E-04   1
 Setting BW          -3           2   91.187600000000003     
Setting grid   4    0.59172E-04   1
Setting grid   5    0.61293E-04   1
 Transforming s_hat 1/s           15   6.1293241000000010E-005   10000.000000000000        168999999.99999997     
 192   1   2   3   4   5   6   7   8   9  10  11  12  13  14
  15  16
 Masses: 0.000E+00 0.000E+00 0.000E+00 0.178E+01 0.000E+00 0.000E+00 0.000E+00 0.000E+00
Using random seed offsets   192 :      6
  with seed                   24
 Ranmar initialization seeds       31250        9403
 
 ********************************************
 * You are using the DiscreteSampler module *
 *      part of the MG5_aMC framework       *
 *         Author: Valentin Hirschi         *
 ********************************************
 
  Particle       3       4       5       6       7       8
      Et >     0.0     0.0     0.0     0.0    10.0    10.0
       E >     0.0     0.0     0.0     0.0     0.0     0.0
     Eta <    -1.0    -1.0    -1.0    -1.0     6.5     6.5
   xqcut:      0.0     0.0     0.0     0.0     0.0     0.0
d R # 3  >    -0.0     0.4     0.0     0.0     0.4     0.4
d R # 4  >    -0.0    -0.0     0.0     0.0     0.4     0.4
d R # 5  >    -0.0    -0.0    -0.0     0.0     0.0     0.0
d R # 6  >    -0.0    -0.0    -0.0    -0.0     0.0     0.0
d R # 7  >    -0.0    -0.0    -0.0    -0.0    -0.0     0.4
s min # 3>     0.0     0.0     0.0     0.0     0.0     0.0
s min # 4>     0.0     0.0     0.0     0.0     0.0     0.0
s min # 5>     0.0     0.0     0.0     0.0     0.0     0.0
s min # 6>     0.0     0.0     0.0     0.0     0.0     0.0
s min # 7>     0.0     0.0     0.0     0.0     0.0 10000.0
xqcutij # 3>     0.0     0.0     0.0     0.0     0.0     0.0
xqcutij # 4>     0.0     0.0     0.0     0.0     0.0     0.0
xqcutij # 5>     0.0     0.0     0.0     0.0     0.0     0.0
xqcutij # 6>     0.0     0.0     0.0     0.0     0.0     0.0
xqcutij # 7>     0.0     0.0     0.0     0.0     0.0     0.0
 Excluding BW           -1           1
 Requiring BW           -3           2
 Excluding BW           -5           3
 alpha_s for scale    104.83128392585942       is   0.12188946707801214     
 Added good helicity          193   193.81520138242243       in event            1 local:           1
 Added good helicity          209   62.184798617577584       in event            1 local:           1
 Added good helicity          193   193.81520138242237       in event            1 local:           1
 Added good helicity          209   62.184798617577627       in event            1 local:           1
 RESET CUMULATIVE VARIABLE
 RESET CUMULATIVE VARIABLE
 RESET CUMULATIVE VARIABLE
 Iteration  1   Mean: 0.4914E-24 Abs mean: 0.5818E-24   Fluctuation:  0.376E-24   0.269E-21     0.2%
  1    0.4914E-24 0.5818E-24 +- 0.3756E-24     18.82
 Writing out events   7.2726250661636668E-027   18.821309357052016     
 Relative summed weights:
  0.0000E+00  0.0000E+00  0.5912E+00  0.3706E+00  0.0000E+00  0.0000E+00  0.0000E+00  0.0000E+00  0.3816E-01  0.3827E-04  0.0000E+00  0.0000E+00  0.0000E+00  0.0000E+00
 Relative number of events:
  0.0000E+00  0.0000E+00  0.3226E+00  0.3226E+00  0.0000E+00  0.0000E+00  0.0000E+00  0.0000E+00  0.1982E+00  0.1567E+00  0.0000E+00  0.0000E+00  0.0000E+00  0.0000E+00
 Events:
           0           0         140         140           0           0           0           0          86          68           0           0           0           0
 Iteration  2   Mean: -.1627E-24 Abs mean: 0.1081E-23   Fluctuation:  0.439E-24   0.132E-20     6.1%
  2   -0.1627E-24 0.1081E-23 +- 0.4386E-24     25.66
 Relative summed weights:
  0.0000E+00  0.0000E+00  0.1129E-01  0.6522E-01  0.0000E+00  0.0000E+00  0.0000E+00  0.0000E+00  0.9382E-01  0.8297E+00  0.0000E+00  0.0000E+00  0.0000E+00  0.0000E+00
 Relative number of events:
  0.0000E+00  0.0000E+00  0.3245E+00  0.3413E+00  0.0000E+00  0.0000E+00  0.0000E+00  0.0000E+00  0.1785E+00  0.1558E+00  0.0000E+00  0.0000E+00  0.0000E+00  0.0000E+00
 Events:
           0           0         600         631           0           0           0           0         330         288           0           0           0           0
 Iteration  3   Mean: -.4012E-23 Abs mean: 0.5229E-23   Fluctuation:  0.320E-23   0.252E-19    49.1%
  3   -0.4012E-23 0.5229E-23 +- 0.3200E-23     54.74
 Relative summed weights:
  0.0000E+00  0.0000E+00  0.1223E+00  0.2888E+00  0.0000E+00  0.0000E+00  0.0000E+00  0.0000E+00  0.5167E+00  0.7219E-01  0.0000E+00  0.0000E+00  0.0000E+00  0.0000E+00
 Relative number of events:
  0.0000E+00  0.0000E+00  0.3216E+00  0.3324E+00  0.0000E+00  0.0000E+00  0.0000E+00  0.0000E+00  0.1663E+00  0.1796E+00  0.0000E+00  0.0000E+00  0.0000E+00  0.0000E+00
 Events:
           0           0        1137        1175           0           0           0           0         588         635           0           0           0           0
 Accuracy:    0.662   0.010   0.300   4.880
 Found          299  events.
 Wrote            1  events.
 Actual xsec   -9.4390160649665601E-025
 Correct abs xsec    1.9671622018419573E-024
 Event xsec    1.9671622018419573E-024
 Events wgts > 1:            1
 % Cross section > 1:    3.1813549355953634E-032   1.6172306140370601E-006
 Iteration  4   Mean: -.5751E-23 Abs mean: 0.9323E-23   Fluctuation:  0.275E-23   0.367E-19    78.2%
  4   -0.5751E-23 0.9323E-23 +- 0.2755E-23     37.37
 Relative summed weights:
  0.0000E+00  0.0000E+00  0.5909E-01  0.5355E+00  0.0000E+00  0.0000E+00  0.0000E+00  0.0000E+00  0.3413E+00  0.6413E-01  0.0000E+00  0.0000E+00  0.0000E+00  0.0000E+00
 Relative number of events:
  0.0000E+00  0.0000E+00  0.3249E+00  0.3279E+00  0.0000E+00  0.0000E+00  0.0000E+00  0.0000E+00  0.1687E+00  0.1785E+00  0.0000E+00  0.0000E+00  0.0000E+00  0.0000E+00
 Events:
           0           0        2204        2224           0           0           0           0        1144        1211           0           0           0           0
 Accuracy:    0.395   0.010   0.210   3.529
 Found          367  events.
 Wrote            4  events.
 Actual xsec   -3.8403401086522710E-024
 Correct abs xsec    6.3030604605281550E-024
 Event xsec    6.3030604605281550E-024
 Events wgts > 1:            1
 % Cross section > 1:    6.5196088694641362E-033   1.0343560735760158E-007
 Iteration  5   Mean: -.4550E-22 Abs mean: 0.4866E-22   Fluctuation:  0.367E-22   0.117E-17    77.4%
  5   -0.4550E-22 0.4866E-22 +- 0.3674E-22    135.06
 Relative summed weights:
  0.0000E+00  0.0000E+00  0.2522E+00  0.2368E+00  0.0000E+00  0.0000E+00  0.0000E+00  0.0000E+00  0.2676E+00  0.2433E+00  0.0000E+00  0.0000E+00  0.0000E+00  0.0000E+00
 Relative number of events:
  0.0000E+00  0.0000E+00  0.3252E+00  0.3300E+00  0.0000E+00  0.0000E+00  0.0000E+00  0.0000E+00  0.1740E+00  0.1708E+00  0.0000E+00  0.0000E+00  0.0000E+00  0.0000E+00
 Events:
           0           0        4156        4217           0           0           0           0        2223        2183           0           0           0           0
 Accuracy:    0.667   0.010   0.203  10.833
 Found         1123  events.
 Wrote            1  events.
 Actual xsec   -9.8498689623543167E-024
 Correct abs xsec    1.2979886965173177E-023
 Event xsec    1.2979886965173177E-023
 Events wgts > 1:            0
 % Cross section > 1:    0.0000000000000000        0.0000000000000000     
 Iteration  6   Mean: -.1341E-22 Abs mean: 0.1785E-22   Fluctuation:  0.311E-23   0.148E-18    70.2%
  6   -0.1341E-22 0.1785E-22 +- 0.3110E-23     44.08
 Relative summed weights:
  0.0000E+00  0.0000E+00  0.2652E+00  0.2366E+00  0.0000E+00  0.0000E+00  0.0000E+00  0.0000E+00  0.2369E+00  0.2613E+00  0.0000E+00  0.0000E+00  0.0000E+00  0.0000E+00
 Relative number of events:
  0.0000E+00  0.0000E+00  0.3266E+00  0.3275E+00  0.0000E+00  0.0000E+00  0.0000E+00  0.0000E+00  0.1730E+00  0.1729E+00  0.0000E+00  0.0000E+00  0.0000E+00  0.0000E+00
 Events:
Thanks for using LHAPDF 6.2.1. Please make sure to cite the paper:
  Eur.Phys.J. C75 (2015) 3, 132  (http://arxiv.org/abs/1412.7420)
           0           0        7944        7967           0           0           0           0        4207        4206           0           0           0           0
 Accuracy:    0.283   0.010   0.132   4.590
 Found          907  events.
 Wrote            7  events.
 Actual xsec   -1.2729511916999923E-023
 Correct abs xsec    1.6904406785897068E-023
 Event xsec    1.6904406785897071E-023
 Events wgts > 1:            0
 % Cross section > 1:    0.0000000000000000        0.0000000000000000     
 Iteration  7   Mean: -.1427E-22 Abs mean: 0.1963E-22   Fluctuation:  0.885E-24   0.480E-19    71.4%
  7   -0.1427E-22 0.1963E-22 +- 0.8850E-24     16.13
 Exceeded boost           4          96   128000.000    
 Relative summed weights:
  0.0000E+00  0.0000E+00  0.2679E+00  0.2097E+00  0.0000E+00  0.0000E+00  0.0000E+00  0.0000E+00  0.2639E+00  0.2585E+00  0.0000E+00  0.0000E+00  0.0000E+00  0.0000E+00
 Relative number of events:
  0.0000E+00  0.0000E+00  0.3303E+00  0.3257E+00  0.0000E+00  0.0000E+00  0.0000E+00  0.0000E+00  0.1709E+00  0.1730E+00  0.0000E+00  0.0000E+00  0.0000E+00  0.0000E+00
 Events:
           0           0       15251       15038           0           0           0           0        7892        7989           0           0           0           0
 Accuracy:    0.072   0.010   0.043   2.815
 Found         6469  events.
 Wrote           89  events.
 Actual xsec   -1.4319542507856856E-023
 Correct abs xsec    1.9614079791362802E-023
 Event xsec    1.9614079791362784E-023
 Events wgts > 1:            3
 % Cross section > 1:    1.6794444249555071E-025  0.85624431164752579     
 Iteration  8   Mean: -.1545E-22 Abs mean: 0.2067E-22   Fluctuation:  0.448E-24   0.594E-19    71.2%
  8   -0.1545E-22 0.2067E-22 +- 0.4483E-24     10.97
 Exceeded boost           4          96   256000.000    
 Relative summed weights:
  0.0000E+00  0.0000E+00  0.2523E+00  0.2430E+00  0.0000E+00  0.0000E+00  0.0000E+00  0.0000E+00  0.2579E+00  0.2468E+00  0.0000E+00  0.0000E+00  0.0000E+00  0.0000E+00
 Relative number of events:
  0.0000E+00  0.0000E+00  0.3296E+00  0.3262E+00  0.0000E+00  0.0000E+00  0.0000E+00  0.0000E+00  0.1710E+00  0.1732E+00  0.0000E+00  0.0000E+00  0.0000E+00  0.0000E+00
 Events:
           0           0       29987       29672           0           0           0           0       15555       15759           0           0           0           0
 Accuracy:    0.031   0.010   0.019   2.516
 Found        18339  events.
 Wrote          250  events.
 Actual xsec   -1.5207051835913443E-023
 Correct abs xsec    2.0442375792310871E-023
 Event xsec    2.0442375792310933E-023
 Events wgts > 1:            5
 % Cross section > 1:    2.0146843327339866E-025  0.98554314488816774     

 -------------------------------------------------------------------------------
 Accumulated results:   Integral =  0.2034E-22
                        Std dev  =  0.3932E-24
                       Cross sec = -0.1513E-22
             Chi**2 per DoF.     =      2.5157
 -------------------------------------------------------------------------------
-------------------------------------------------
---------------------------
 Results Last   3 iters: Integral =  -0.1521E-22
                     Abs integral =   0.2044E-22
                          Std dev =   0.3971E-24
                  Chi**2 per DoF. =      0.8999
-------------------------------------------------
---------------------------
 Status   1.0000000000000000E-002           9           8

ls status:
events.lhe
ftn26
input_app.txt
results.dat
run1_app.log
