==== LHAPDF6 USING DEFAULT-TYPE LHAGLUE INTERFACE ====
LHAPDF 6.2.1 loading /cvmfs/cms.cern.ch/slc6_amd64_gcc630/external/lhapdf/6.2.1-ghjeda2/share/LHAPDF/NNPDF31_nnlo_as_0118_nf_4_mc_hessian/NNPDF31_nnlo_as_0118_nf_4_mc_hessian_0000.dat
NNPDF31_nnlo_as_0118_nf_4_mc_hessian PDF set, member #0, version 1; LHAPDF ID = 325500
 Process in group number            2
 A PDF is used, so alpha_s(MZ) is going to be modified
 Old value of alpha_s from param_card:   0.11810000000000001     
 New value of alpha_s from PDF lhapdf :  0.11266013434007299     
 using LHAPDF
 Define smin to   10000.000000000000     
 Define smin to   10000.000000000000     
 Define smin to   10000.000000000000     
 Define smin to   10000.000000000000     
 Define smin to   10000.000000000000     
 Define smin to   10000.000000000000     
 Define smin to   10000.000000000000     
 *****************************************************
 *               MadGraph/MadEvent                   *
 *        --------------------------------           *
 *          http://madgraph.hep.uiuc.edu             *
 *          http://madgraph.phys.ucl.ac.be           *
 *          http://madgraph.roma2.infn.it            *
 *        --------------------------------           *
 *                                                   *
 *          PARAMETER AND COUPLING VALUES            *
 *                                                   *
 *****************************************************

  External Params
  ---------------------------------
  
 mdl_MW0 =    80.387000000000000     
 mdl_Gf =    1.1663789999999999E-005
 aS =   0.11810000000000001     
 mdl_ymdo =    1.0000000000000000E-099
 mdl_ymb =    4.1799999999999997     
 mdl_ymt =    173.19999999999999     
 mdl_ymtau =    1.7769999999999999     
 mdl_LambdaSMEFT =    1000.0000000000000     
 mdl_cHW =    1.0000000000000000     
 mdl_MZ =    91.187600000000003     
 mdl_MTA =    1.7769999999999999     
 mdl_MT =    173.19999999999999     
 mdl_MB =    4.1799999999999997     
 mdl_MH =    125.09000000000000     
 mdl_WZ =    2.4952000000000001     
 mdl_WW =    2.0850000000000000     
 mdl_WT =    1.5083359999999999     
 mdl_WH =    4.0699999999999998E-003
  Internal Params
  ---------------------------------
  
 mdl_ymm =    1.0000000000000000E-099
 mdl_yme =    1.0000000000000000E-099
 mdl_ymc =    1.0000000000000000E-099
 mdl_yms =    1.0000000000000000E-099
 mdl_ymup =    1.0000000000000000E-099
 mdl_conjg__CKM3x3 =    1.0000000000000000     
 mdl_cH =    0.0000000000000000     
 mdl_cHB =    0.0000000000000000     
 mdl_CKM1x1 =    1.0000000000000000     
 mdl_conjg__CKM1x1 =    1.0000000000000000     
 mdl_dGf =    0.0000000000000000     
 mdl_CKM3x3 =    1.0000000000000000     
 mdl_dMH2 =    0.0000000000000000     
 mdl_conjg__CKM2x2 =    1.0000000000000000     
 mdl_dg1 =    0.0000000000000000     
 mdl_CKM2x2 =    1.0000000000000000     
 mdl_dgw =    0.0000000000000000     
 mdl_complexi =  (  0.0000000000000000     ,  1.0000000000000000     )
 mdl_MW =    80.387000000000000     
 mdl_nb__2__exp__0_25 =    1.1892071150027210     
 mdl_MH__exp__2 =    15647.508100000001     
 mdl_sqrt__2 =    1.4142135623730951     
 mdl_MW__exp__2 =    6462.0697689999997     
 mdl_MZ__exp__2 =    8315.1783937600012     
 mdl_sth2 =   0.22285855299877133     
 mdl_MH__exp__6 =    3831206449390.3818     
 mdl_MT__exp__6 =    26995248278778.535     
 mdl_MH__exp__4 =    244844509.73956564     
 mdl_MT__exp__4 =    899894403.09759963     
 mdl_MT__exp__2 =    29998.239999999994     
 mdl_LambdaSMEFT__exp__2 =    1000000.0000000000     
 mdl_cth =   0.88155626422890820     
 mdl_sqrt__sth2 =   0.47207896902824564     
 mdl_sth =   0.47207896902824564     
 mdl_MW0__exp__6 =    269845343347.69711     
 mdl_MW0__exp__4 =    41758345.699423708     
 mdl_MW0__exp__2 =    6462.0697689999997     
 mdl_MZ__exp__4 =    69142191.720053151     
 mdl_MZ__exp__6 =    574929658687.79749     
 mdl_cth__exp__2 =   0.77714144700122867     
 mdl_sth__exp__2 =   0.22285855299877130     
 mdl_sth__exp__3 =   0.10520683593878660     
 mdl_cth__exp__3 =   0.68509391079585125     
 mdl_sth__exp__4 =    4.9665934644706158E-002
 mdl_sqrt__Gf =    3.4152291284773265E-003
 mdl_vevhat =    246.21961912951551     
 mdl_lam =   0.12905352724481209     
 mdl_aEW =    7.5614618607353409E-003
 mdl_yb =    2.4008698866559607E-002
 mdl_yc =    5.7437078628133041E-102
 mdl_ydo =    5.7437078628133041E-102
 mdl_ye =    5.7437078628133041E-102
 mdl_ym =    5.7437078628133041E-102
 mdl_ys =    5.7437078628133041E-102
 mdl_yt =   0.99481020183926416     
 mdl_ytau =    1.0206568872219240E-002
 mdl_yup =    5.7437078628133041E-102
 mdl_vevhat__exp__2 =    60624.100844283676     
 mdl_barlam =   0.12905352724481209     
 mdl_vevT =    246.21961912951551     
 mdl_sqrt__aEW =    8.6956666568672819E-002
 mdl_ee =   0.30825335704310214     
 mdl_gwsh =   0.61338418662494298     
 mdl_vev =    246.21961912951551     
 mdl_g1 =   0.34966952144878632     
 mdl_gw =   0.65296989967087182     
 mdl_ee__exp__2 =    9.5020132128342205E-002
 mdl_gHaa =   -1.9303830602986922E-003
 mdl_gHza =   -6.8546472954154700E-003
 mdl_g1sh =   0.34966952144878632     
 mdl_I1d11 =  (  5.7437078628133041E-102,  0.0000000000000000     )
 mdl_I1d22 =  (  5.7437078628133041E-102,  0.0000000000000000     )
 mdl_I1d33 =  (  2.4008698866559607E-002,  0.0000000000000000     )
 mdl_I2d11 =  (  5.7437078628133041E-102,  0.0000000000000000     )
 mdl_I2d22 =  (  5.7437078628133041E-102,  0.0000000000000000     )
 mdl_I2d33 =  ( 0.99481020183926416     ,  0.0000000000000000     )
 mdl_I3d11 =  (  5.7437078628133041E-102,  0.0000000000000000     )
 mdl_I3d22 =  (  5.7437078628133041E-102,  0.0000000000000000     )
 mdl_I3d33 =  (  2.4008698866559607E-002,  0.0000000000000000     )
 mdl_I4d11 =  (  5.7437078628133041E-102,  0.0000000000000000     )
 mdl_I4d22 =  (  5.7437078628133041E-102,  0.0000000000000000     )
 mdl_I4d33 =  ( 0.99481020183926416     ,  0.0000000000000000     )
 mdl_I5d11 =  (  5.7437078628133041E-102,  0.0000000000000000     )
 mdl_I5d22 =  (  5.7437078628133041E-102,  0.0000000000000000     )
 mdl_I5d33 =  (  2.4008698866559607E-002,  0.0000000000000000     )
 mdl_I6d11 =  (  5.7437078628133041E-102,  0.0000000000000000     )
 mdl_I6d22 =  (  5.7437078628133041E-102,  0.0000000000000000     )
 mdl_I6d33 =  ( 0.99481020183926416     ,  0.0000000000000000     )
 mdl_ee__exp__3 =    2.9290274715240611E-002
 mdl_vevhat__exp__3 =    14926843.019948866     
  Internal Params evaluated point by point
  ----------------------------------------
  
 mdl_sqrt__aS =   0.34365680554879169     
 mdl_G__exp__2 =    1.4840883695558185     
 mdl_gHgg =    3.2334372328970845E-003
 mdl_G__exp__3 =  (  1.8079634332366095     ,  0.0000000000000000     )
  Couplings of SMEFTsim_A_U35_MwScheme_UFO_v3_1-cHW_massless
  ---------------------------------
  
         GC_1 =   0.00000E+00   0.10275E+00
         GC_2 =  -0.00000E+00  -0.20550E+00
         GC_3 =  -0.00000E+00  -0.30825E+00
       GC_255 =  -0.00000E+00  -0.42637E+00
       GC_278 =  -0.00000E+00  -0.37035E+00
       GC_280 =  -0.00000E+00  -0.57563E+00
       GC_328 =  -0.00000E+00  -0.55024E-01
       GC_329 =   0.00000E+00   0.11005E+00
       GC_330 =  -0.00000E+00  -0.16507E+00
       GC_387 =   0.00000E+00   0.98488E-03
       GC_400 =   0.00000E+00   0.52490E+02
       GC_809 =  -0.00000E+00  -0.72171E-02
      GC_1073 =  -0.00000E+00  -0.46172E+00

 Collider parameters:
 --------------------

 Running at P P   machine @    13000.000000000000       GeV
 PDF set = lhapdf 
 alpha_s(Mz)= 0.1127 running at 3 loops.
 alpha_s(Mz)= 0.1127 running at 3 loops.
 Renormalization scale set on event-by-event basis
 Factorization   scale set on event-by-event basis


 getting user params
Enter number of events and max and min iterations: 
 Number of events and iterations         2000           8           3
Enter desired fractional accuracy: 
 Desired fractional accuracy:    1.0000000000000000E-002
Enter 0 for fixed, 2 for adjustable grid: 
Suppress amplitude (0 no, 1 yes)? 
 Using suppressed amplitude.
Exact helicity sum (0 yes, n = number/event)? 
 Explicitly summing over helicities
Enter Configuration Number: 
Running Configuration Number:  526
 Using dconfig=          23
 BW Setting            2           1           2           0           0           0
 Attempting mappinvarients           1           8
 Completed mapping           8
 about to integrate           16        2000           8           3          16           1
 Using non-zero grid deformation.
 16 dimensions   2000 events 16 invarients  8 iterations  1 config(s),  (0.99)
 Using h-tuple random number sequence.
 Error opening grid
 Using Uniform Grid!          32
 Using uniform alpha   1.0000000000000000     
 Grid defined OK
 Set CM energy to      13000.00
 Mapping Graph         526  to config         526
Setting grid   1    0.59172E-04   1
 Setting BW          -2           2   80.387000000000000     
Setting grid   3    0.17093E-03   1
 Setting BW          -4           4   80.387000000000000     
Setting grid   5    0.18685E-07   1
 Transforming s_hat 1/s           15   1.7452239124852076E-004   10000.000000000000        168999999.99999997     
 526   1   2   3   4   5   6   7   8   9  10  11  12  13  14
  15  16
 Masses: 0.000E+00 0.000E+00 0.178E+01 0.178E+01 0.000E+00 0.000E+00 0.000E+00 0.000E+00
Using random seed offsets   526 :      2
  with seed                   24
 Ranmar initialization seeds         256        9399
 
 ********************************************
 * You are using the DiscreteSampler module *
 *      part of the MG5_aMC framework       *
 *         Author: Valentin Hirschi         *
 ********************************************
 
  Particle       3       4       5       6       7       8
      Et >     0.0     0.0     0.0     0.0    10.0    10.0
       E >     0.0     0.0     0.0     0.0     0.0     0.0
     Eta <    -1.0    -1.0    -1.0    -1.0     6.5     6.5
   xqcut:      0.0     0.0     0.0     0.0     0.0     0.0
d R # 3  >    -0.0     0.4     0.0     0.0     0.4     0.4
d R # 4  >    -0.0    -0.0     0.0     0.0     0.4     0.4
d R # 5  >    -0.0    -0.0    -0.0     0.0     0.0     0.0
d R # 6  >    -0.0    -0.0    -0.0    -0.0     0.0     0.0
d R # 7  >    -0.0    -0.0    -0.0    -0.0    -0.0     0.4
s min # 3>     0.0     0.0     0.0     0.0     0.0     0.0
s min # 4>     0.0     0.0     0.0     0.0     0.0     0.0
s min # 5>     0.0     0.0     0.0     0.0     0.0     0.0
s min # 6>     0.0     0.0     0.0     0.0     0.0     0.0
s min # 7>     0.0     0.0     0.0     0.0     0.0 10000.0
xqcutij # 3>     0.0     0.0     0.0     0.0     0.0     0.0
xqcutij # 4>     0.0     0.0     0.0     0.0     0.0     0.0
xqcutij # 5>     0.0     0.0     0.0     0.0     0.0     0.0
xqcutij # 6>     0.0     0.0     0.0     0.0     0.0     0.0
xqcutij # 7>     0.0     0.0     0.0     0.0     0.0     0.0
 Excluding BW           -1           1
 Requiring BW           -2           2
 Excluding BW           -3           3
 No cut BW           -4           4
 alpha_s for scale    21.923700253140147       is   0.14584578981674662     
 Added good helicity          193   253.83887329229802       in event            1 local:           1
 Added good helicity          209   2.1102778143092324       in event            1 local:           1
 Added good helicity          225   5.0684090326081940E-002  in event            1 local:           1
 Added good helicity          241   1.6480306666168912E-004  in event            1 local:           1
 Added good helicity          193   253.83887329229799       in event            1 local:           1
 Added good helicity          209   2.1102778143092356       in event            1 local:           1
 Added good helicity          225   5.0684090326082225E-002  in event            1 local:           1
 Added good helicity          241   1.6480306666169050E-004  in event            1 local:           1
 RESET CUMULATIVE VARIABLE
 RESET CUMULATIVE VARIABLE
 RESET CUMULATIVE VARIABLE
 Iteration  1   Mean: 0.2516E-07 Abs mean: 0.6738E-07   Fluctuation:  0.148E-07   0.164E-04    34.7%
  1    0.2516E-07 0.6738E-07 +- 0.1476E-07      9.80
 Writing out events   1.2152232365419266E-011   9.7984695770992154     
 Relative summed weights:
  0.0000E+00  0.0000E+00  0.3162E-01  0.2483E-01  0.0000E+00  0.0000E+00  0.0000E+00  0.0000E+00  0.1845E-01  0.1740E+00  0.0000E+00  0.0000E+00  0.0000E+00  0.0000E+00
  0.0000E+00  0.0000E+00  0.7139E-01  0.2228E+00  0.0000E+00  0.0000E+00  0.0000E+00  0.0000E+00  0.1868E-01  0.3797E-01  0.0000E+00  0.0000E+00  0.0000E+00  0.0000E+00
  0.0000E+00  0.0000E+00  0.1931E+00  0.2154E-01  0.0000E+00  0.0000E+00  0.0000E+00  0.0000E+00  0.1220E-01  0.6765E-01  0.0000E+00  0.0000E+00  0.0000E+00  0.0000E+00
  0.0000E+00  0.0000E+00  0.6573E-01  0.2428E-01  0.0000E+00  0.0000E+00  0.0000E+00  0.0000E+00  0.7144E-02  0.8669E-02  0.0000E+00  0.0000E+00  0.0000E+00  0.0000E+00
 Relative number of events:
  0.0000E+00  0.0000E+00  0.1054E+00  0.1054E+00  0.0000E+00  0.0000E+00  0.0000E+00  0.0000E+00  0.3587E-01  0.2840E-01  0.0000E+00  0.0000E+00  0.0000E+00  0.0000E+00
  0.0000E+00  0.0000E+00  0.9118E-01  0.9492E-01  0.0000E+00  0.0000E+00  0.0000E+00  0.0000E+00  0.2765E-01  0.2990E-01  0.0000E+00  0.0000E+00  0.0000E+00  0.0000E+00
  0.0000E+00  0.0000E+00  0.8595E-01  0.9268E-01  0.0000E+00  0.0000E+00  0.0000E+00  0.0000E+00  0.3662E-01  0.3214E-01  0.0000E+00  0.0000E+00  0.0000E+00  0.0000E+00
  0.0000E+00  0.0000E+00  0.7997E-01  0.9492E-01  0.0000E+00  0.0000E+00  0.0000E+00  0.0000E+00  0.2691E-01  0.3214E-01  0.0000E+00  0.0000E+00  0.0000E+00  0.0000E+00
 Events:
           0           0         141         141           0           0           0           0          48          38           0           0           0           0
           0           0         122         127           0           0           0           0          37          40           0           0           0           0
           0           0         115         124           0           0           0           0          49          43           0           0           0           0
           0           0         107         127           0           0           0           0          36          43           0           0           0           0
 Iteration  2   Mean: 0.3078E-07 Abs mean: 0.8183E-07   Fluctuation:  0.101E-07   0.210E-04    75.4%
  2    0.3078E-07 0.8183E-07 +- 0.1014E-07      7.84
 Relative summed weights:
  0.0000E+00  0.0000E+00  0.5435E-01  0.4990E-01  0.0000E+00  0.0000E+00  0.0000E+00  0.0000E+00  0.4043E-01  0.2154E-01  0.0000E+00  0.0000E+00  0.0000E+00  0.0000E+00
  0.0000E+00  0.0000E+00  0.5147E-01  0.1626E+00  0.0000E+00  0.0000E+00  0.0000E+00  0.0000E+00  0.1225E+00  0.1843E-01  0.0000E+00  0.0000E+00  0.0000E+00  0.0000E+00
  0.0000E+00  0.0000E+00  0.5129E-01  0.4739E-01  0.0000E+00  0.0000E+00  0.0000E+00  0.0000E+00  0.3007E-01  0.3419E-01  0.0000E+00  0.0000E+00  0.0000E+00  0.0000E+00
  0.0000E+00  0.0000E+00  0.4418E-01  0.8629E-01  0.0000E+00  0.0000E+00  0.0000E+00  0.0000E+00  0.6050E-01  0.1249E+00  0.0000E+00  0.0000E+00  0.0000E+00  0.0000E+00
 Relative number of events:
  0.0000E+00  0.0000E+00  0.1021E+00  0.9018E-01  0.0000E+00  0.0000E+00  0.0000E+00  0.0000E+00  0.2955E-01  0.3185E-01  0.0000E+00  0.0000E+00  0.0000E+00  0.0000E+00
  0.0000E+00  0.0000E+00  0.9094E-01  0.9018E-01  0.0000E+00  0.0000E+00  0.0000E+00  0.0000E+00  0.2916E-01  0.3607E-01  0.0000E+00  0.0000E+00  0.0000E+00  0.0000E+00
  0.0000E+00  0.0000E+00  0.9401E-01  0.8596E-01  0.0000E+00  0.0000E+00  0.0000E+00  0.0000E+00  0.2878E-01  0.3185E-01  0.0000E+00  0.0000E+00  0.0000E+00  0.0000E+00
  0.0000E+00  0.0000E+00  0.9517E-01  0.9708E-01  0.0000E+00  0.0000E+00  0.0000E+00  0.0000E+00  0.2993E-01  0.3722E-01  0.0000E+00  0.0000E+00  0.0000E+00  0.0000E+00
 Events:
           0           0         266         235           0           0           0           0          77          83           0           0           0           0
           0           0         237         235           0           0           0           0          76          94           0           0           0           0
           0           0         245         224           0           0           0           0          75          83           0           0           0           0
           0           0         248         253           0           0           0           0          78          97           0           0           0           0
 Iteration  3   Mean: 0.1997E-07 Abs mean: 0.7911E-07   Fluctuation:  0.597E-08   0.276E-04    81.4%
  3    0.1997E-07 0.7911E-07 +- 0.5967E-08      6.75
 Relative summed weights:
  0.0000E+00  0.0000E+00  0.6827E-01  0.6369E-01  0.0000E+00  0.0000E+00  0.0000E+00  0.0000E+00  0.4054E-01  0.7865E-01  0.0000E+00  0.0000E+00  0.0000E+00  0.0000E+00
  0.0000E+00  0.0000E+00  0.9995E-01  0.7939E-01  0.0000E+00  0.0000E+00  0.0000E+00  0.0000E+00  0.3026E-01  0.3137E-01  0.0000E+00  0.0000E+00  0.0000E+00  0.0000E+00
  0.0000E+00  0.0000E+00  0.6587E-01  0.8135E-01  0.0000E+00  0.0000E+00  0.0000E+00  0.0000E+00  0.7368E-01  0.3371E-01  0.0000E+00  0.0000E+00  0.0000E+00  0.0000E+00
  0.0000E+00  0.0000E+00  0.7125E-01  0.1247E+00  0.0000E+00  0.0000E+00  0.0000E+00  0.0000E+00  0.2817E-01  0.2919E-01  0.0000E+00  0.0000E+00  0.0000E+00  0.0000E+00
 Relative number of events:
  0.0000E+00  0.0000E+00  0.9303E-01  0.8578E-01  0.0000E+00  0.0000E+00  0.0000E+00  0.0000E+00  0.3271E-01  0.3408E-01  0.0000E+00  0.0000E+00  0.0000E+00  0.0000E+00
  0.0000E+00  0.0000E+00  0.8989E-01  0.9479E-01  0.0000E+00  0.0000E+00  0.0000E+00  0.0000E+00  0.3369E-01  0.3055E-01  0.0000E+00  0.0000E+00  0.0000E+00  0.0000E+00
  0.0000E+00  0.0000E+00  0.9224E-01  0.9029E-01  0.0000E+00  0.0000E+00  0.0000E+00  0.0000E+00  0.3506E-01  0.3388E-01  0.0000E+00  0.0000E+00  0.0000E+00  0.0000E+00
  0.0000E+00  0.0000E+00  0.9244E-01  0.9166E-01  0.0000E+00  0.0000E+00  0.0000E+00  0.0000E+00  0.3584E-01  0.3408E-01  0.0000E+00  0.0000E+00  0.0000E+00  0.0000E+00
 Events:
           0           0         475         438           0           0           0           0         167         174           0           0           0           0
           0           0         459         484           0           0           0           0         172         156           0           0           0           0
           0           0         471         461           0           0           0           0         179         173           0           0           0           0
           0           0         472         468           0           0           0           0         183         174           0           0           0           0
 Accuracy:    0.032   0.010   0.062   0.268
 Found          624  events.
 Wrote           23  events.
 Actual xsec    2.3074945423911693E-008
 Correct abs xsec    7.8855416965244151E-008
 Event xsec    7.8855416965244085E-008
 Events wgts > 1:            1
 % Cross section > 1:    7.0984212151282363E-010  0.90018181227256711     
 Iteration  4   Mean: 0.2510E-07 Abs mean: 0.7624E-07   Fluctuation:  0.284E-08   0.229E-04    84.9%
  4    0.2510E-07 0.7624E-07 +- 0.2836E-08      4.70
 Relative summed weights:
  0.0000E+00  0.0000E+00  0.6362E-01  0.7517E-01  0.0000E+00  0.0000E+00  0.0000E+00  0.0000E+00  0.4610E-01  0.4669E-01  0.0000E+00  0.0000E+00  0.0000E+00  0.0000E+00
  0.0000E+00  0.0000E+00  0.8133E-01  0.6482E-01  0.0000E+00  0.0000E+00  0.0000E+00  0.0000E+00  0.4527E-01  0.4118E-01  0.0000E+00  0.0000E+00  0.0000E+00  0.0000E+00
  0.0000E+00  0.0000E+00  0.6762E-01  0.5988E-01  0.0000E+00  0.0000E+00  0.0000E+00  0.0000E+00  0.6784E-01  0.4442E-01  0.0000E+00  0.0000E+00  0.0000E+00  0.0000E+00
  0.0000E+00  0.0000E+00  0.7505E-01  0.8270E-01  0.0000E+00  0.0000E+00  0.0000E+00  0.0000E+00  0.5113E-01  0.8716E-01  0.0000E+00  0.0000E+00  0.0000E+00  0.0000E+00
 Relative number of events:
  0.0000E+00  0.0000E+00  0.9206E-01  0.9514E-01  0.0000E+00  0.0000E+00  0.0000E+00  0.0000E+00  0.3158E-01  0.3506E-01  0.0000E+00  0.0000E+00  0.0000E+00  0.0000E+00
  0.0000E+00  0.0000E+00  0.9147E-01  0.8154E-01  0.0000E+00  0.0000E+00  0.0000E+00  0.0000E+00  0.3347E-01  0.3466E-01  0.0000E+00  0.0000E+00  0.0000E+00  0.0000E+00
  0.0000E+00  0.0000E+00  0.9693E-01  0.8789E-01  0.0000E+00  0.0000E+00  0.0000E+00  0.0000E+00  0.3456E-01  0.3714E-01  0.0000E+00  0.0000E+00  0.0000E+00  0.0000E+00
  0.0000E+00  0.0000E+00  0.8909E-01  0.9246E-01  0.0000E+00  0.0000E+00  0.0000E+00  0.0000E+00  0.3287E-01  0.3406E-01  0.0000E+00  0.0000E+00  0.0000E+00  0.0000E+00
 Events:
           0           0         927         958           0           0           0           0         318         353           0           0           0           0
           0           0         921         821           0           0           0           0         337         349           0           0           0           0
           0           0         976         885           0           0           0           0         348         374           0           0           0           0
           0           0         897         931           0           0           0           0         331         343           0           0           0           0
 Accuracy:    0.016   0.010   0.032   0.261
 Found         1408  events.
 Wrote           64  events.
 Actual xsec    2.4549460605450434E-008
 Correct abs xsec    7.7143044763722392E-008
 Event xsec    7.7143044763722339E-008
 Events wgts > 1:            1
 % Cross section > 1:    3.0240426164963333E-010  0.39200457095756658     
 Iteration  5   Mean: 0.2540E-07 Abs mean: 0.7885E-07   Fluctuation:  0.177E-08   0.211E-04    85.4%
  5    0.2540E-07 0.7885E-07 +- 0.1770E-08      4.02
 Relative summed weights:
  0.0000E+00  0.0000E+00  0.6728E-01  0.7058E-01  0.0000E+00  0.0000E+00  0.0000E+00  0.0000E+00  0.4582E-01  0.4419E-01  0.0000E+00  0.0000E+00  0.0000E+00  0.0000E+00
  0.0000E+00  0.0000E+00  0.6765E-01  0.6746E-01  0.0000E+00  0.0000E+00  0.0000E+00  0.0000E+00  0.5641E-01  0.6378E-01  0.0000E+00  0.0000E+00  0.0000E+00  0.0000E+00
  0.0000E+00  0.0000E+00  0.6795E-01  0.6737E-01  0.0000E+00  0.0000E+00  0.0000E+00  0.0000E+00  0.5592E-01  0.6677E-01  0.0000E+00  0.0000E+00  0.0000E+00  0.0000E+00
  0.0000E+00  0.0000E+00  0.6851E-01  0.8074E-01  0.0000E+00  0.0000E+00  0.0000E+00  0.0000E+00  0.5698E-01  0.5259E-01  0.0000E+00  0.0000E+00  0.0000E+00  0.0000E+00
 Relative number of events:
  0.0000E+00  0.0000E+00  0.9000E-01  0.9010E-01  0.0000E+00  0.0000E+00  0.0000E+00  0.0000E+00  0.3314E-01  0.3259E-01  0.0000E+00  0.0000E+00  0.0000E+00  0.0000E+00
  0.0000E+00  0.0000E+00  0.8858E-01  0.8919E-01  0.0000E+00  0.0000E+00  0.0000E+00  0.0000E+00  0.3512E-01  0.3628E-01  0.0000E+00  0.0000E+00  0.0000E+00  0.0000E+00
  0.0000E+00  0.0000E+00  0.8863E-01  0.9015E-01  0.0000E+00  0.0000E+00  0.0000E+00  0.0000E+00  0.3436E-01  0.3745E-01  0.0000E+00  0.0000E+00  0.0000E+00  0.0000E+00
  0.0000E+00  0.0000E+00  0.9142E-01  0.9127E-01  0.0000E+00  0.0000E+00  0.0000E+00  0.0000E+00  0.3679E-01  0.3492E-01  0.0000E+00  0.0000E+00  0.0000E+00  0.0000E+00
 Events:
           0           0        1776        1778           0           0           0           0         654         643           0           0           0           0
           0           0        1748        1760           0           0           0           0         693         716           0           0           0           0
           0           0        1749        1779           0           0           0           0         678         739           0           0           0           0
           0           0        1804        1801           0           0           0           0         726         689           0           0           0           0
 Accuracy:    0.010   0.010   0.018   0.288
 Finished due to accuracy    9.8480469309251695E-003   1.0000000000000000E-002

 -------------------------------------------------------------------------------
 Accumulated results:   Integral =  0.7821E-07
                        Std dev  =  0.1436E-08
                       Cross sec =  0.2512E-07
             Chi**2 per DoF.     =      0.2879
 -------------------------------------------------------------------------------
 Found         3093  events.
 Wrote          290  events.
 Actual xsec    2.4993355930008538E-008
 Correct abs xsec    7.8210169232625080E-008
 Event xsec    7.8210169232625199E-008
 Events wgts > 1:            6
 % Cross section > 1:    6.1289147443437844E-010  0.78364678205901672     
-------------------------------------------------
---------------------------
 Results Last   3 iters: Integral =   0.2499E-07
                     Abs integral =   0.7821E-07
                          Std dev =   0.1457E-08
                  Chi**2 per DoF. =      0.3171
Thanks for using LHAPDF 6.2.1. Please make sure to cite the paper:
  Eur.Phys.J. C75 (2015) 3, 132  (http://arxiv.org/abs/1412.7420)
-------------------------------------------------
---------------------------
 Status   1.0000000000000000E-002           6           8

ls status:
events.lhe
ftn26
input_app.txt
results.dat
run1_app.log
