==== LHAPDF6 USING DEFAULT-TYPE LHAGLUE INTERFACE ====
LHAPDF 6.2.1 loading /cvmfs/cms.cern.ch/slc6_amd64_gcc630/external/lhapdf/6.2.1-ghjeda2/share/LHAPDF/NNPDF31_nnlo_as_0118_nf_4_mc_hessian/NNPDF31_nnlo_as_0118_nf_4_mc_hessian_0000.dat
NNPDF31_nnlo_as_0118_nf_4_mc_hessian PDF set, member #0, version 1; LHAPDF ID = 325500
 Process in group number            2
 A PDF is used, so alpha_s(MZ) is going to be modified
 Old value of alpha_s from param_card:   0.11810000000000001     
 New value of alpha_s from PDF lhapdf :  0.11266013434007299     
 using LHAPDF
 Define smin to   10000.000000000000     
 Define smin to   10000.000000000000     
 Define smin to   10000.000000000000     
 Define smin to   10000.000000000000     
 Define smin to   10000.000000000000     
 Define smin to   10000.000000000000     
 Define smin to   10000.000000000000     
 *****************************************************
 *               MadGraph/MadEvent                   *
 *        --------------------------------           *
 *          http://madgraph.hep.uiuc.edu             *
 *          http://madgraph.phys.ucl.ac.be           *
 *          http://madgraph.roma2.infn.it            *
 *        --------------------------------           *
 *                                                   *
 *          PARAMETER AND COUPLING VALUES            *
 *                                                   *
 *****************************************************

  External Params
  ---------------------------------
  
 mdl_MW0 =    80.387000000000000     
 mdl_Gf =    1.1663789999999999E-005
 aS =   0.11810000000000001     
 mdl_ymdo =    1.0000000000000000E-099
 mdl_ymb =    4.1799999999999997     
 mdl_ymt =    173.19999999999999     
 mdl_ymtau =    1.7769999999999999     
 mdl_LambdaSMEFT =    1000.0000000000000     
 mdl_cW =    1.0000000000000000     
 mdl_MZ =    91.187600000000003     
 mdl_MTA =    1.7769999999999999     
 mdl_MT =    173.19999999999999     
 mdl_MB =    4.1799999999999997     
 mdl_MH =    125.09000000000000     
 mdl_WZ =    2.4952000000000001     
 mdl_WW =    2.0850000000000000     
 mdl_WT =    1.5083359999999999     
 mdl_WH =    4.0699999999999998E-003
  Internal Params
  ---------------------------------
  
 mdl_ymm =    1.0000000000000000E-099
 mdl_yme =    1.0000000000000000E-099
 mdl_ymc =    1.0000000000000000E-099
 mdl_yms =    1.0000000000000000E-099
 mdl_ymup =    1.0000000000000000E-099
 mdl_conjg__CKM3x3 =    1.0000000000000000     
 mdl_cH =    0.0000000000000000     
 mdl_cHB =    0.0000000000000000     
 mdl_CKM2x2 =    1.0000000000000000     
 mdl_CKM1x1 =    1.0000000000000000     
 mdl_conjg__CKM1x1 =    1.0000000000000000     
 mdl_dGf =    0.0000000000000000     
 mdl_CKM3x3 =    1.0000000000000000     
 mdl_dMH2 =    0.0000000000000000     
 mdl_conjg__CKM2x2 =    1.0000000000000000     
 mdl_dg1 =    0.0000000000000000     
 mdl_cHW =    0.0000000000000000     
 mdl_dgw =    0.0000000000000000     
 mdl_complexi =  (  0.0000000000000000     ,  1.0000000000000000     )
 mdl_MW =    80.387000000000000     
 mdl_nb__2__exp__0_25 =    1.1892071150027210     
 mdl_MH__exp__2 =    15647.508100000001     
 mdl_sqrt__2 =    1.4142135623730951     
 mdl_MW__exp__2 =    6462.0697689999997     
 mdl_MZ__exp__2 =    8315.1783937600012     
 mdl_sth2 =   0.22285855299877133     
 mdl_MH__exp__6 =    3831206449390.3818     
 mdl_MT__exp__6 =    26995248278778.535     
 mdl_MH__exp__4 =    244844509.73956564     
 mdl_MT__exp__4 =    899894403.09759963     
 mdl_MT__exp__2 =    29998.239999999994     
 mdl_LambdaSMEFT__exp__2 =    1000000.0000000000     
 mdl_cth =   0.88155626422890820     
 mdl_sqrt__sth2 =   0.47207896902824564     
 mdl_sth =   0.47207896902824564     
 mdl_MW0__exp__6 =    269845343347.69711     
 mdl_MW0__exp__4 =    41758345.699423708     
 mdl_MW0__exp__2 =    6462.0697689999997     
 mdl_MZ__exp__4 =    69142191.720053151     
 mdl_MZ__exp__6 =    574929658687.79749     
 mdl_cth__exp__2 =   0.77714144700122867     
 mdl_sth__exp__2 =   0.22285855299877130     
 mdl_sth__exp__3 =   0.10520683593878660     
 mdl_cth__exp__3 =   0.68509391079585125     
 mdl_sth__exp__4 =    4.9665934644706158E-002
 mdl_sqrt__Gf =    3.4152291284773265E-003
 mdl_vevhat =    246.21961912951551     
 mdl_lam =   0.12905352724481209     
 mdl_aEW =    7.5614618607353409E-003
 mdl_yb =    2.4008698866559607E-002
 mdl_yc =    5.7437078628133041E-102
 mdl_ydo =    5.7437078628133041E-102
 mdl_ye =    5.7437078628133041E-102
 mdl_ym =    5.7437078628133041E-102
 mdl_ys =    5.7437078628133041E-102
 mdl_yt =   0.99481020183926416     
 mdl_ytau =    1.0206568872219240E-002
 mdl_yup =    5.7437078628133041E-102
 mdl_vevhat__exp__2 =    60624.100844283676     
 mdl_barlam =   0.12905352724481209     
 mdl_vevT =    246.21961912951551     
 mdl_sqrt__aEW =    8.6956666568672819E-002
 mdl_ee =   0.30825335704310214     
 mdl_gwsh =   0.65296989967087182     
 mdl_vev =    246.21961912951551     
 mdl_g1 =   0.34966952144878632     
 mdl_gw =   0.65296989967087182     
 mdl_ee__exp__2 =    9.5020132128342205E-002
 mdl_gHaa =   -1.9303830602986922E-003
 mdl_gHza =   -6.8546472954154700E-003
 mdl_g1sh =   0.34966952144878632     
 mdl_I1d11 =  (  5.7437078628133041E-102,  0.0000000000000000     )
 mdl_I1d22 =  (  5.7437078628133041E-102,  0.0000000000000000     )
 mdl_I1d33 =  (  2.4008698866559607E-002,  0.0000000000000000     )
 mdl_I2d11 =  (  5.7437078628133041E-102,  0.0000000000000000     )
 mdl_I2d22 =  (  5.7437078628133041E-102,  0.0000000000000000     )
 mdl_I2d33 =  ( 0.99481020183926416     ,  0.0000000000000000     )
 mdl_I3d11 =  (  5.7437078628133041E-102,  0.0000000000000000     )
 mdl_I3d22 =  (  5.7437078628133041E-102,  0.0000000000000000     )
 mdl_I3d33 =  (  2.4008698866559607E-002,  0.0000000000000000     )
 mdl_I4d11 =  (  5.7437078628133041E-102,  0.0000000000000000     )
 mdl_I4d22 =  (  5.7437078628133041E-102,  0.0000000000000000     )
 mdl_I4d33 =  ( 0.99481020183926416     ,  0.0000000000000000     )
 mdl_I5d11 =  (  5.7437078628133041E-102,  0.0000000000000000     )
 mdl_I5d22 =  (  5.7437078628133041E-102,  0.0000000000000000     )
 mdl_I5d33 =  (  2.4008698866559607E-002,  0.0000000000000000     )
 mdl_I6d11 =  (  5.7437078628133041E-102,  0.0000000000000000     )
 mdl_I6d22 =  (  5.7437078628133041E-102,  0.0000000000000000     )
 mdl_I6d33 =  ( 0.99481020183926416     ,  0.0000000000000000     )
 mdl_ee__exp__3 =    2.9290274715240611E-002
 mdl_vevhat__exp__3 =    14926843.019948866     
  Internal Params evaluated point by point
  ----------------------------------------
  
 mdl_sqrt__aS =   0.34365680554879169     
 mdl_G__exp__2 =    1.4840883695558185     
 mdl_gHgg =    3.2334372328970845E-003
 mdl_G__exp__3 =  (  1.8079634332366095     ,  0.0000000000000000     )
  Couplings of SMEFTsim_A_U35_MwScheme_UFO_v3_1-cW_massless
  ---------------------------------
  
        GC_64 =   0.00000E+00   0.52893E-05
       GC_345 =   0.00000E+00   0.28325E-05
         GC_1 =   0.00000E+00   0.10275E+00
         GC_2 =  -0.00000E+00  -0.20550E+00
         GC_3 =  -0.00000E+00  -0.30825E+00
       GC_255 =  -0.00000E+00  -0.42637E+00
       GC_278 =  -0.00000E+00  -0.37035E+00
       GC_280 =  -0.00000E+00  -0.57563E+00
       GC_318 =   0.00000E+00   0.39178E-05
       GC_328 =  -0.00000E+00  -0.55024E-01
       GC_329 =   0.00000E+00   0.11005E+00
       GC_330 =  -0.00000E+00  -0.16507E+00
       GC_400 =   0.00000E+00   0.52490E+02
       GC_809 =  -0.00000E+00  -0.72171E-02
      GC_1073 =  -0.00000E+00  -0.46172E+00

 Collider parameters:
 --------------------

 Running at P P   machine @    13000.000000000000       GeV
 PDF set = lhapdf 
 alpha_s(Mz)= 0.1127 running at 3 loops.
 alpha_s(Mz)= 0.1127 running at 3 loops.
 Renormalization scale set on event-by-event basis
 Factorization   scale set on event-by-event basis


 getting user params
Enter number of events and max and min iterations: 
 Number of events and iterations         2000           8           3
Enter desired fractional accuracy: 
 Desired fractional accuracy:    1.0000000000000000E-002
Enter 0 for fixed, 2 for adjustable grid: 
Suppress amplitude (0 no, 1 yes)? 
 Using suppressed amplitude.
Exact helicity sum (0 yes, n = number/event)? 
 Explicitly summing over helicities
Enter Configuration Number: 
Running Configuration Number:  427
 Using dconfig=          68
 BW Setting            2           1           1           2           0           0
 Attempting mappinvarients           1           8
 Completed mapping           8
 about to integrate           16        2000           8           3          16           1
 Using non-zero grid deformation.
 16 dimensions   2000 events 16 invarients  8 iterations  1 config(s),  (0.99)
 Using h-tuple random number sequence.
 Error opening grid
 Using Uniform Grid!          32
 Using uniform alpha   1.0000000000000000     
 Grid defined OK
 Set CM energy to      13000.00
 Mapping Graph         427  to config         427
Setting grid   1    0.59172E-04   1
 Setting BW          -2           2   80.387000000000000     
Setting grid   3    0.17093E-03   1
 Setting BW          -4           3   80.387000000000000     
Setting grid   5    0.34061E-03   1
 Transforming s_hat 1/s           15   3.4061257855621320E-004   10000.000000000000        168999999.99999997     
 427   1   2   3   4   5   6   7   8   9  10  11  12  13  14
  15  16
 Masses: 0.000E+00 0.000E+00 0.178E+01 0.178E+01 0.000E+00 0.000E+00 0.000E+00 0.000E+00
Using random seed offsets   427 :      2
  with seed                   24
 Ranmar initialization seeds         157        9399
 
 ********************************************
 * You are using the DiscreteSampler module *
 *      part of the MG5_aMC framework       *
 *         Author: Valentin Hirschi         *
 ********************************************
 
  Particle       3       4       5       6       7       8
      Et >     0.0     0.0     0.0     0.0    10.0    10.0
       E >     0.0     0.0     0.0     0.0     0.0     0.0
     Eta <    -1.0    -1.0    -1.0    -1.0     6.5     6.5
   xqcut:      0.0     0.0     0.0     0.0     0.0     0.0
d R # 3  >    -0.0     0.4     0.0     0.0     0.4     0.4
d R # 4  >    -0.0    -0.0     0.0     0.0     0.4     0.4
d R # 5  >    -0.0    -0.0    -0.0     0.0     0.0     0.0
d R # 6  >    -0.0    -0.0    -0.0    -0.0     0.0     0.0
d R # 7  >    -0.0    -0.0    -0.0    -0.0    -0.0     0.4
s min # 3>     0.0     0.0     0.0     0.0     0.0     0.0
s min # 4>     0.0     0.0     0.0     0.0     0.0     0.0
s min # 5>     0.0     0.0     0.0     0.0     0.0     0.0
s min # 6>     0.0     0.0     0.0     0.0     0.0     0.0
s min # 7>     0.0     0.0     0.0     0.0     0.0 10000.0
xqcutij # 3>     0.0     0.0     0.0     0.0     0.0     0.0
xqcutij # 4>     0.0     0.0     0.0     0.0     0.0     0.0
xqcutij # 5>     0.0     0.0     0.0     0.0     0.0     0.0
xqcutij # 6>     0.0     0.0     0.0     0.0     0.0     0.0
xqcutij # 7>     0.0     0.0     0.0     0.0     0.0     0.0
 Excluding BW           -1           1
 Requiring BW           -2           2
 Requiring BW           -4           3
 Excluding BW           -5           4
 alpha_s for scale    30.539356085315468       is   0.13643350401581883     
 Added good helicity          193  -255.01009331681695       in event            1 local:           1
 Added good helicity          209 -0.17046885675078402       in event            1 local:           1
 Added good helicity          225 -0.81940555109557700       in event            1 local:           1
 Added good helicity          241   3.2275336702267723E-005  in event            1 local:           1
 Added good helicity          193  -255.01009331681686       in event            1 local:           1
 Added good helicity          209 -0.17046885675079093       in event            1 local:           1
 Added good helicity          225 -0.81940555109563329       in event            1 local:           1
 Added good helicity          241   3.2275336702269552E-005  in event            1 local:           1
 RESET CUMULATIVE VARIABLE
 RESET CUMULATIVE VARIABLE
 RESET CUMULATIVE VARIABLE
 Iteration  1   Mean: -.2186E-07 Abs mean: 0.5165E-07   Fluctuation:  0.226E-07   0.418E-04    19.1%
  1   -0.2186E-07 0.5165E-07 +- 0.2263E-07     19.60
 Writing out events   1.6903518067246449E-011   19.596045937568491     
 Relative summed weights:
  0.0000E+00  0.0000E+00  0.1480E+00  0.3991E-01  0.0000E+00  0.0000E+00  0.0000E+00  0.0000E+00  0.2708E-01  0.1775E-02  0.0000E+00  0.0000E+00  0.0000E+00  0.0000E+00
  0.0000E+00  0.0000E+00  0.9600E-02  0.3792E-01  0.0000E+00  0.0000E+00  0.0000E+00  0.0000E+00  0.4687E-01  0.6137E-02  0.0000E+00  0.0000E+00  0.0000E+00  0.0000E+00
  0.0000E+00  0.0000E+00  0.2340E-01  0.4866E+00  0.0000E+00  0.0000E+00  0.0000E+00  0.0000E+00  0.3359E-01  0.4199E-01  0.0000E+00  0.0000E+00  0.0000E+00  0.0000E+00
  0.0000E+00  0.0000E+00  0.2352E-01  0.1830E-01  0.0000E+00  0.0000E+00  0.0000E+00  0.0000E+00  0.4799E-01  0.7292E-02  0.0000E+00  0.0000E+00  0.0000E+00  0.0000E+00
 Relative number of events:
  0.0000E+00  0.0000E+00  0.7652E-01  0.7520E-01  0.0000E+00  0.0000E+00  0.0000E+00  0.0000E+00  0.8443E-01  0.5673E-01  0.0000E+00  0.0000E+00  0.0000E+00  0.0000E+00
  0.0000E+00  0.0000E+00  0.6069E-01  0.5805E-01  0.0000E+00  0.0000E+00  0.0000E+00  0.0000E+00  0.6069E-01  0.5937E-01  0.0000E+00  0.0000E+00  0.0000E+00  0.0000E+00
  0.0000E+00  0.0000E+00  0.6860E-01  0.6201E-01  0.0000E+00  0.0000E+00  0.0000E+00  0.0000E+00  0.6201E-01  0.5409E-01  0.0000E+00  0.0000E+00  0.0000E+00  0.0000E+00
  0.0000E+00  0.0000E+00  0.6860E-01  0.6728E-01  0.0000E+00  0.0000E+00  0.0000E+00  0.0000E+00  0.5409E-01  0.3166E-01  0.0000E+00  0.0000E+00  0.0000E+00  0.0000E+00
 Events:
           0           0          58          57           0           0           0           0          64          43           0           0           0           0
           0           0          46          44           0           0           0           0          46          45           0           0           0           0
           0           0          52          47           0           0           0           0          47          41           0           0           0           0
           0           0          52          51           0           0           0           0          41          24           0           0           0           0
 Iteration  2   Mean: -.9690E-08 Abs mean: 0.3680E-07   Fluctuation:  0.641E-08   0.183E-04    52.5%
  2   -0.9690E-08 0.3680E-07 +- 0.6410E-08     11.02
 Relative summed weights:
  0.0000E+00  0.0000E+00  0.1362E+00  0.1086E+00  0.0000E+00  0.0000E+00  0.0000E+00  0.0000E+00  0.6178E-01  0.1829E-01  0.0000E+00  0.0000E+00  0.0000E+00  0.0000E+00
  0.0000E+00  0.0000E+00  0.4088E-01  0.8542E-01  0.0000E+00  0.0000E+00  0.0000E+00  0.0000E+00  0.2103E-01  0.3693E-01  0.0000E+00  0.0000E+00  0.0000E+00  0.0000E+00
  0.0000E+00  0.0000E+00  0.4216E-01  0.2597E-01  0.0000E+00  0.0000E+00  0.0000E+00  0.0000E+00  0.3615E-01  0.6584E-01  0.0000E+00  0.0000E+00  0.0000E+00  0.0000E+00
  0.0000E+00  0.0000E+00  0.3406E-01  0.1083E+00  0.0000E+00  0.0000E+00  0.0000E+00  0.0000E+00  0.1138E+00  0.6462E-01  0.0000E+00  0.0000E+00  0.0000E+00  0.0000E+00
 Relative number of events:
  0.0000E+00  0.0000E+00  0.5871E-01  0.5933E-01  0.0000E+00  0.0000E+00  0.0000E+00  0.0000E+00  0.5871E-01  0.5933E-01  0.0000E+00  0.0000E+00  0.0000E+00  0.0000E+00
  0.0000E+00  0.0000E+00  0.5933E-01  0.6119E-01  0.0000E+00  0.0000E+00  0.0000E+00  0.0000E+00  0.6799E-01  0.7355E-01  0.0000E+00  0.0000E+00  0.0000E+00  0.0000E+00
  0.0000E+00  0.0000E+00  0.5624E-01  0.5995E-01  0.0000E+00  0.0000E+00  0.0000E+00  0.0000E+00  0.6304E-01  0.6428E-01  0.0000E+00  0.0000E+00  0.0000E+00  0.0000E+00
  0.0000E+00  0.0000E+00  0.6489E-01  0.6613E-01  0.0000E+00  0.0000E+00  0.0000E+00  0.0000E+00  0.5624E-01  0.7108E-01  0.0000E+00  0.0000E+00  0.0000E+00  0.0000E+00
 Events:
           0           0          95          96           0           0           0           0          95          96           0           0           0           0
           0           0          96          99           0           0           0           0         110         119           0           0           0           0
           0           0          91          97           0           0           0           0         102         104           0           0           0           0
           0           0         105         107           0           0           0           0          91         115           0           0           0           0
 Iteration  3   Mean: -.1600E-07 Abs mean: 0.4384E-07   Fluctuation:  0.479E-08   0.225E-04    63.7%
  3   -0.1600E-07 0.4384E-07 +- 0.4789E-08      9.77
 Relative summed weights:
  0.0000E+00  0.0000E+00  0.4645E-01  0.6880E-01  0.0000E+00  0.0000E+00  0.0000E+00  0.0000E+00  0.7523E-01  0.4641E-01  0.0000E+00  0.0000E+00  0.0000E+00  0.0000E+00
  0.0000E+00  0.0000E+00  0.7136E-01  0.5225E-01  0.0000E+00  0.0000E+00  0.0000E+00  0.0000E+00  0.7139E-01  0.5330E-01  0.0000E+00  0.0000E+00  0.0000E+00  0.0000E+00
  0.0000E+00  0.0000E+00  0.5001E-01  0.3484E-01  0.0000E+00  0.0000E+00  0.0000E+00  0.0000E+00  0.6379E-01  0.7369E-01  0.0000E+00  0.0000E+00  0.0000E+00  0.0000E+00
  0.0000E+00  0.0000E+00  0.6021E-01  0.5144E-01  0.0000E+00  0.0000E+00  0.0000E+00  0.0000E+00  0.9748E-01  0.8337E-01  0.0000E+00  0.0000E+00  0.0000E+00  0.0000E+00
 Relative number of events:
  0.0000E+00  0.0000E+00  0.6061E-01  0.5941E-01  0.0000E+00  0.0000E+00  0.0000E+00  0.0000E+00  0.6721E-01  0.6271E-01  0.0000E+00  0.0000E+00  0.0000E+00  0.0000E+00
  0.0000E+00  0.0000E+00  0.5851E-01  0.5881E-01  0.0000E+00  0.0000E+00  0.0000E+00  0.0000E+00  0.7681E-01  0.6331E-01  0.0000E+00  0.0000E+00  0.0000E+00  0.0000E+00
  0.0000E+00  0.0000E+00  0.5641E-01  0.4620E-01  0.0000E+00  0.0000E+00  0.0000E+00  0.0000E+00  0.7651E-01  0.6511E-01  0.0000E+00  0.0000E+00  0.0000E+00  0.0000E+00
  0.0000E+00  0.0000E+00  0.6061E-01  0.5131E-01  0.0000E+00  0.0000E+00  0.0000E+00  0.0000E+00  0.6661E-01  0.6991E-01  0.0000E+00  0.0000E+00  0.0000E+00  0.0000E+00
 Events:
           0           0         202         198           0           0           0           0         224         209           0           0           0           0
           0           0         195         196           0           0           0           0         256         211           0           0           0           0
           0           0         188         154           0           0           0           0         255         217           0           0           0           0
           0           0         202         171           0           0           0           0         222         233           0           0           0           0
 Accuracy:    0.062   0.010   0.091   0.462
 Found          687  events.
 Wrote           14  events.
 Actual xsec   -1.4545093890312313E-008
 Correct abs xsec    4.2274537465246757E-008
 Event xsec    4.2274537465246757E-008
 Events wgts > 1:            2
 % Cross section > 1:    3.2773080096042774E-010  0.77524396625238101     
 Iteration  4   Mean: -.5530E-08 Abs mean: 0.3740E-07   Fluctuation:  0.169E-08   0.158E-04    67.8%
  4   -0.5530E-08 0.3740E-07 +- 0.1690E-08      5.71
 Relative summed weights:
  0.0000E+00  0.0000E+00  0.4291E-01  0.5900E-01  0.0000E+00  0.0000E+00  0.0000E+00  0.0000E+00  0.7142E-01  0.4368E-01  0.0000E+00  0.0000E+00  0.0000E+00  0.0000E+00
  0.0000E+00  0.0000E+00  0.5822E-01  0.6439E-01  0.0000E+00  0.0000E+00  0.0000E+00  0.0000E+00  0.5930E-01  0.6184E-01  0.0000E+00  0.0000E+00  0.0000E+00  0.0000E+00
  0.0000E+00  0.0000E+00  0.7651E-01  0.7936E-01  0.0000E+00  0.0000E+00  0.0000E+00  0.0000E+00  0.1058E+00  0.4794E-01  0.0000E+00  0.0000E+00  0.0000E+00  0.0000E+00
  0.0000E+00  0.0000E+00  0.5384E-01  0.6163E-01  0.0000E+00  0.0000E+00  0.0000E+00  0.0000E+00  0.7177E-01  0.4237E-01  0.0000E+00  0.0000E+00  0.0000E+00  0.0000E+00
 Relative number of events:
  0.0000E+00  0.0000E+00  0.5159E-01  0.5365E-01  0.0000E+00  0.0000E+00  0.0000E+00  0.0000E+00  0.6997E-01  0.6791E-01  0.0000E+00  0.0000E+00  0.0000E+00  0.0000E+00
  0.0000E+00  0.0000E+00  0.5262E-01  0.5424E-01  0.0000E+00  0.0000E+00  0.0000E+00  0.0000E+00  0.6674E-01  0.6894E-01  0.0000E+00  0.0000E+00  0.0000E+00  0.0000E+00
  0.0000E+00  0.0000E+00  0.5674E-01  0.5483E-01  0.0000E+00  0.0000E+00  0.0000E+00  0.0000E+00  0.7761E-01  0.7364E-01  0.0000E+00  0.0000E+00  0.0000E+00  0.0000E+00
  0.0000E+00  0.0000E+00  0.5983E-01  0.5351E-01  0.0000E+00  0.0000E+00  0.0000E+00  0.0000E+00  0.6982E-01  0.6835E-01  0.0000E+00  0.0000E+00  0.0000E+00  0.0000E+00
 Events:
           0           0         351         365           0           0           0           0         476         462           0           0           0           0
           0           0         358         369           0           0           0           0         454         469           0           0           0           0
           0           0         386         373           0           0           0           0         528         501           0           0           0           0
           0           0         407         364           0           0           0           0         475         465           0           0           0           0
 Accuracy:    0.038   0.010   0.040   0.898
 Found         1345  events.
 Wrote           35  events.
 Actual xsec   -7.2024888245747726E-009
 Correct abs xsec    3.8260678025073748E-008
 Event xsec    3.8260678025073741E-008
 Events wgts > 1:            1
 % Cross section > 1:    6.2365588547057319E-017   1.6300178607965774E-007
 Iteration  5   Mean: -.4753E-08 Abs mean: 0.3559E-07   Fluctuation:  0.797E-09   0.128E-04    71.4%
  5   -0.4753E-08 0.3559E-07 +- 0.7971E-09      4.01
 Relative summed weights:
  0.0000E+00  0.0000E+00  0.5393E-01  0.5532E-01  0.0000E+00  0.0000E+00  0.0000E+00  0.0000E+00  0.6722E-01  0.6893E-01  0.0000E+00  0.0000E+00  0.0000E+00  0.0000E+00
  0.0000E+00  0.0000E+00  0.6946E-01  0.6025E-01  0.0000E+00  0.0000E+00  0.0000E+00  0.0000E+00  0.7369E-01  0.5656E-01  0.0000E+00  0.0000E+00  0.0000E+00  0.0000E+00
  0.0000E+00  0.0000E+00  0.6132E-01  0.5718E-01  0.0000E+00  0.0000E+00  0.0000E+00  0.0000E+00  0.7056E-01  0.6673E-01  0.0000E+00  0.0000E+00  0.0000E+00  0.0000E+00
  0.0000E+00  0.0000E+00  0.5599E-01  0.5220E-01  0.0000E+00  0.0000E+00  0.0000E+00  0.0000E+00  0.6544E-01  0.6521E-01  0.0000E+00  0.0000E+00  0.0000E+00  0.0000E+00
 Relative number of events:
  0.0000E+00  0.0000E+00  0.5373E-01  0.5167E-01  0.0000E+00  0.0000E+00  0.0000E+00  0.0000E+00  0.7121E-01  0.7000E-01  0.0000E+00  0.0000E+00  0.0000E+00  0.0000E+00
  0.0000E+00  0.0000E+00  0.5259E-01  0.5010E-01  0.0000E+00  0.0000E+00  0.0000E+00  0.0000E+00  0.7071E-01  0.6915E-01  0.0000E+00  0.0000E+00  0.0000E+00  0.0000E+00
  0.0000E+00  0.0000E+00  0.5607E-01  0.5515E-01  0.0000E+00  0.0000E+00  0.0000E+00  0.0000E+00  0.7320E-01  0.7235E-01  0.0000E+00  0.0000E+00  0.0000E+00  0.0000E+00
  0.0000E+00  0.0000E+00  0.5451E-01  0.5131E-01  0.0000E+00  0.0000E+00  0.0000E+00  0.0000E+00  0.7377E-01  0.7448E-01  0.0000E+00  0.0000E+00  0.0000E+00  0.0000E+00
 Events:
           0           0         756         727           0           0           0           0        1002         985           0           0           0           0
           0           0         740         705           0           0           0           0         995         973           0           0           0           0
           0           0         789         776           0           0           0           0        1030        1018           0           0           0           0
           0           0         767         722           0           0           0           0        1038        1048           0           0           0           0
 Accuracy:    0.024   0.010   0.020   1.445
 Found         3408  events.
 Wrote          157  events.
 Actual xsec   -5.2688348152124489E-009
 Correct abs xsec    3.6208204694571511E-008
 Event xsec    3.6208204694571438E-008
 Events wgts > 1:            2
 % Cross section > 1:    1.6852611356699910E-010  0.46543625951237955     
 Iteration  6   Mean: -.3078E-08 Abs mean: 0.3582E-07   Fluctuation:  0.458E-09   0.479E-05    72.9%
  6   -0.3078E-08 0.3582E-07 +- 0.4579E-09      3.23
 Relative summed weights:
  0.0000E+00  0.0000E+00  0.6332E-01  0.5815E-01  0.0000E+00  0.0000E+00  0.0000E+00  0.0000E+00  0.6791E-01  0.7024E-01  0.0000E+00  0.0000E+00  0.0000E+00  0.0000E+00
  0.0000E+00  0.0000E+00  0.5538E-01  0.6831E-01  0.0000E+00  0.0000E+00  0.0000E+00  0.0000E+00  0.7069E-01  0.7025E-01  0.0000E+00  0.0000E+00  0.0000E+00  0.0000E+00
  0.0000E+00  0.0000E+00  0.5650E-01  0.5283E-01  0.0000E+00  0.0000E+00  0.0000E+00  0.0000E+00  0.6944E-01  0.6758E-01  0.0000E+00  0.0000E+00  0.0000E+00  0.0000E+00
  0.0000E+00  0.0000E+00  0.4973E-01  0.5368E-01  0.0000E+00  0.0000E+00  0.0000E+00  0.0000E+00  0.6348E-01  0.6249E-01  0.0000E+00  0.0000E+00  0.0000E+00  0.0000E+00
 Relative number of events:
  0.0000E+00  0.0000E+00  0.5306E-01  0.5235E-01  0.0000E+00  0.0000E+00  0.0000E+00  0.0000E+00  0.7007E-01  0.7311E-01  0.0000E+00  0.0000E+00  0.0000E+00  0.0000E+00
  0.0000E+00  0.0000E+00  0.5277E-01  0.5524E-01  0.0000E+00  0.0000E+00  0.0000E+00  0.0000E+00  0.6809E-01  0.7409E-01  0.0000E+00  0.0000E+00  0.0000E+00  0.0000E+00
  0.0000E+00  0.0000E+00  0.5362E-01  0.5313E-01  0.0000E+00  0.0000E+00  0.0000E+00  0.0000E+00  0.7311E-01  0.7307E-01  0.0000E+00  0.0000E+00  0.0000E+00  0.0000E+00
  0.0000E+00  0.0000E+00  0.5143E-01  0.5281E-01  0.0000E+00  0.0000E+00  0.0000E+00  0.0000E+00  0.7138E-01  0.7268E-01  0.0000E+00  0.0000E+00  0.0000E+00  0.0000E+00
 Events:
           0           0        1503        1483           0           0           0           0        1985        2071           0           0           0           0
           0           0        1495        1565           0           0           0           0        1929        2099           0           0           0           0
           0           0        1519        1505           0           0           0           0        2071        2070           0           0           0           0
           0           0        1457        1496           0           0           0           0        2022        2059           0           0           0           0
 Accuracy:    0.012   0.010   0.011   1.226
 Found         7248  events.
 Wrote          984  events.
 Actual xsec   -3.6056220203520134E-009
 Correct abs xsec    3.5857863027936492E-008
 Event xsec    3.5857863027936922E-008
 Events wgts > 1:           21
 % Cross section > 1:    3.4561096724020131E-010  0.96383592901488646     
 Iteration  7   Mean: -.4168E-08 Abs mean: 0.3629E-07   Fluctuation:  0.379E-09   0.259E-04    73.7%
  7   -0.4168E-08 0.3629E-07 +- 0.3794E-09      3.74
 Relative summed weights:
  0.0000E+00  0.0000E+00  0.5944E-01  0.5298E-01  0.0000E+00  0.0000E+00  0.0000E+00  0.0000E+00  0.6307E-01  0.6936E-01  0.0000E+00  0.0000E+00  0.0000E+00  0.0000E+00
  0.0000E+00  0.0000E+00  0.5711E-01  0.5479E-01  0.0000E+00  0.0000E+00  0.0000E+00  0.0000E+00  0.6771E-01  0.6454E-01  0.0000E+00  0.0000E+00  0.0000E+00  0.0000E+00
  0.0000E+00  0.0000E+00  0.5643E-01  0.6288E-01  0.0000E+00  0.0000E+00  0.0000E+00  0.0000E+00  0.6728E-01  0.6228E-01  0.0000E+00  0.0000E+00  0.0000E+00  0.0000E+00
  0.0000E+00  0.0000E+00  0.7124E-01  0.6501E-01  0.0000E+00  0.0000E+00  0.0000E+00  0.0000E+00  0.6166E-01  0.6422E-01  0.0000E+00  0.0000E+00  0.0000E+00  0.0000E+00
 Relative number of events:
  0.0000E+00  0.0000E+00  0.5243E-01  0.5367E-01  0.0000E+00  0.0000E+00  0.0000E+00  0.0000E+00  0.7159E-01  0.7266E-01  0.0000E+00  0.0000E+00  0.0000E+00  0.0000E+00
  0.0000E+00  0.0000E+00  0.5227E-01  0.5319E-01  0.0000E+00  0.0000E+00  0.0000E+00  0.0000E+00  0.7365E-01  0.7289E-01  0.0000E+00  0.0000E+00  0.0000E+00  0.0000E+00
  0.0000E+00  0.0000E+00  0.5294E-01  0.5346E-01  0.0000E+00  0.0000E+00  0.0000E+00  0.0000E+00  0.7293E-01  0.7302E-01  0.0000E+00  0.0000E+00  0.0000E+00  0.0000E+00
  0.0000E+00  0.0000E+00  0.5149E-01  0.5358E-01  0.0000E+00  0.0000E+00  0.0000E+00  0.0000E+00  0.7030E-01  0.6993E-01  0.0000E+00  0.0000E+00  0.0000E+00  0.0000E+00
 Events:
           0           0        2967        3037           0           0           0           0        4051        4112           0           0           0           0
           0           0        2958        3010           0           0           0           0        4168        4125           0           0           0           0
           0           0        2996        3025           0           0           0           0        4127        4132           0           0           0           0
           0           0        2914        3032           0           0           0           0        3978        3957           0           0           0           0
Thanks for using LHAPDF 6.2.1. Please make sure to cite the paper:
  Eur.Phys.J. C75 (2015) 3, 132  (http://arxiv.org/abs/1412.7420)
 Accuracy:    0.008   0.010   0.007   1.080
 Finished due to accuracy    7.7719977258188192E-003   1.0000000000000000E-002

 -------------------------------------------------------------------------------
 Accumulated results:   Integral =  0.3612E-07
                        Std dev  =  0.2702E-09
                       Cross sec = -0.3968E-08
             Chi**2 per DoF.     =      1.0799
 -------------------------------------------------------------------------------
 Found        14876  events.
 Wrote         1178  events.
 Actual xsec   -3.8489843829758134E-009
 Correct abs xsec    3.6044372994075903E-008
 Event xsec    3.6044372994076531E-008
 Events wgts > 1:           14
 % Cross section > 1:    3.6045257405578447E-010   1.0000245367425884     
-------------------------------------------------
---------------------------
 Results Last   3 iters: Integral =  -0.3849E-08
                     Abs integral =   0.3604E-07
                          Std dev =   0.2743E-09
                  Chi**2 per DoF. =      0.4937
-------------------------------------------------
---------------------------
 Status   1.0000000000000000E-002           8           8

ls status:
events.lhe
ftn26
input_app.txt
results.dat
run1_app.log
