==== LHAPDF6 USING DEFAULT-TYPE LHAGLUE INTERFACE ====
LHAPDF 6.2.1 loading /cvmfs/cms.cern.ch/slc6_amd64_gcc630/external/lhapdf/6.2.1-ghjeda2/share/LHAPDF/NNPDF31_nnlo_as_0118_nf_4_mc_hessian/NNPDF31_nnlo_as_0118_nf_4_mc_hessian_0000.dat
NNPDF31_nnlo_as_0118_nf_4_mc_hessian PDF set, member #0, version 1; LHAPDF ID = 325500
 Process in group number            1
 A PDF is used, so alpha_s(MZ) is going to be modified
 Old value of alpha_s from param_card:   0.11810000000000001     
 New value of alpha_s from PDF lhapdf :  0.11266013434007299     
 using LHAPDF
 Define smin to   10000.000000000000     
 Define smin to   10000.000000000000     
 Define smin to   10000.000000000000     
 Define smin to   10000.000000000000     
 Define smin to   10000.000000000000     
 Define smin to   10000.000000000000     
 Define smin to   10000.000000000000     
 Define smin to   10000.000000000000     
 Define smin to   10000.000000000000     
 Define smin to   10000.000000000000     
 Define smin to   10000.000000000000     
 Define smin to   10000.000000000000     
 Define smin to   10000.000000000000     
 Define smin to   10000.000000000000     
 Define smin to   10000.000000000000     
 Define smin to   10000.000000000000     
 *****************************************************
 *               MadGraph/MadEvent                   *
 *        --------------------------------           *
 *          http://madgraph.hep.uiuc.edu             *
 *          http://madgraph.phys.ucl.ac.be           *
 *          http://madgraph.roma2.infn.it            *
 *        --------------------------------           *
 *                                                   *
 *          PARAMETER AND COUPLING VALUES            *
 *                                                   *
 *****************************************************

  External Params
  ---------------------------------
  
 mdl_MW0 =    80.387000000000000     
 mdl_Gf =    1.1663789999999999E-005
 aS =   0.11810000000000001     
 mdl_ymdo =    1.0000000000000000E-099
 mdl_ymb =    4.1799999999999997     
 mdl_ymt =    173.19999999999999     
 mdl_ymtau =    1.7769999999999999     
 mdl_LambdaSMEFT =    1000.0000000000000     
 mdl_cW =    1.0000000000000000     
 mdl_MZ =    91.187600000000003     
 mdl_MTA =    1.7769999999999999     
 mdl_MT =    173.19999999999999     
 mdl_MB =    4.1799999999999997     
 mdl_MH =    125.09000000000000     
 mdl_WZ =    2.4952000000000001     
 mdl_WW =    2.0850000000000000     
 mdl_WT =    1.5083359999999999     
 mdl_WH =    4.0699999999999998E-003
  Internal Params
  ---------------------------------
  
 mdl_ymm =    1.0000000000000000E-099
 mdl_yme =    1.0000000000000000E-099
 mdl_ymc =    1.0000000000000000E-099
 mdl_yms =    1.0000000000000000E-099
 mdl_ymup =    1.0000000000000000E-099
 mdl_conjg__CKM3x3 =    1.0000000000000000     
 mdl_cH =    0.0000000000000000     
 mdl_cHB =    0.0000000000000000     
 mdl_CKM2x2 =    1.0000000000000000     
 mdl_CKM1x1 =    1.0000000000000000     
 mdl_conjg__CKM1x1 =    1.0000000000000000     
 mdl_dGf =    0.0000000000000000     
 mdl_CKM3x3 =    1.0000000000000000     
 mdl_dMH2 =    0.0000000000000000     
 mdl_conjg__CKM2x2 =    1.0000000000000000     
 mdl_dg1 =    0.0000000000000000     
 mdl_cHW =    0.0000000000000000     
 mdl_dgw =    0.0000000000000000     
 mdl_complexi =  (  0.0000000000000000     ,  1.0000000000000000     )
 mdl_MW =    80.387000000000000     
 mdl_nb__2__exp__0_25 =    1.1892071150027210     
 mdl_MH__exp__2 =    15647.508100000001     
 mdl_sqrt__2 =    1.4142135623730951     
 mdl_MW__exp__2 =    6462.0697689999997     
 mdl_MZ__exp__2 =    8315.1783937600012     
 mdl_sth2 =   0.22285855299877133     
 mdl_MH__exp__6 =    3831206449390.3818     
 mdl_MT__exp__6 =    26995248278778.535     
 mdl_MH__exp__4 =    244844509.73956564     
 mdl_MT__exp__4 =    899894403.09759963     
 mdl_MT__exp__2 =    29998.239999999994     
 mdl_LambdaSMEFT__exp__2 =    1000000.0000000000     
 mdl_cth =   0.88155626422890820     
 mdl_sqrt__sth2 =   0.47207896902824564     
 mdl_sth =   0.47207896902824564     
 mdl_MW0__exp__6 =    269845343347.69711     
 mdl_MW0__exp__4 =    41758345.699423708     
 mdl_MW0__exp__2 =    6462.0697689999997     
 mdl_MZ__exp__4 =    69142191.720053151     
 mdl_MZ__exp__6 =    574929658687.79749     
 mdl_cth__exp__2 =   0.77714144700122867     
 mdl_sth__exp__2 =   0.22285855299877130     
 mdl_sth__exp__3 =   0.10520683593878660     
 mdl_cth__exp__3 =   0.68509391079585125     
 mdl_sth__exp__4 =    4.9665934644706158E-002
 mdl_sqrt__Gf =    3.4152291284773265E-003
 mdl_vevhat =    246.21961912951551     
 mdl_lam =   0.12905352724481209     
 mdl_aEW =    7.5614618607353409E-003
 mdl_yb =    2.4008698866559607E-002
 mdl_yc =    5.7437078628133041E-102
 mdl_ydo =    5.7437078628133041E-102
 mdl_ye =    5.7437078628133041E-102
 mdl_ym =    5.7437078628133041E-102
 mdl_ys =    5.7437078628133041E-102
 mdl_yt =   0.99481020183926416     
 mdl_ytau =    1.0206568872219240E-002
 mdl_yup =    5.7437078628133041E-102
 mdl_vevhat__exp__2 =    60624.100844283676     
 mdl_barlam =   0.12905352724481209     
 mdl_vevT =    246.21961912951551     
 mdl_sqrt__aEW =    8.6956666568672819E-002
 mdl_ee =   0.30825335704310214     
 mdl_gwsh =   0.65296989967087182     
 mdl_vev =    246.21961912951551     
 mdl_g1 =   0.34966952144878632     
 mdl_gw =   0.65296989967087182     
 mdl_ee__exp__2 =    9.5020132128342205E-002
 mdl_gHaa =   -1.9303830602986922E-003
 mdl_gHza =   -6.8546472954154700E-003
 mdl_g1sh =   0.34966952144878632     
 mdl_I1d11 =  (  5.7437078628133041E-102,  0.0000000000000000     )
 mdl_I1d22 =  (  5.7437078628133041E-102,  0.0000000000000000     )
 mdl_I1d33 =  (  2.4008698866559607E-002,  0.0000000000000000     )
 mdl_I2d11 =  (  5.7437078628133041E-102,  0.0000000000000000     )
 mdl_I2d22 =  (  5.7437078628133041E-102,  0.0000000000000000     )
 mdl_I2d33 =  ( 0.99481020183926416     ,  0.0000000000000000     )
 mdl_I3d11 =  (  5.7437078628133041E-102,  0.0000000000000000     )
 mdl_I3d22 =  (  5.7437078628133041E-102,  0.0000000000000000     )
 mdl_I3d33 =  (  2.4008698866559607E-002,  0.0000000000000000     )
 mdl_I4d11 =  (  5.7437078628133041E-102,  0.0000000000000000     )
 mdl_I4d22 =  (  5.7437078628133041E-102,  0.0000000000000000     )
 mdl_I4d33 =  ( 0.99481020183926416     ,  0.0000000000000000     )
 mdl_I5d11 =  (  5.7437078628133041E-102,  0.0000000000000000     )
 mdl_I5d22 =  (  5.7437078628133041E-102,  0.0000000000000000     )
 mdl_I5d33 =  (  2.4008698866559607E-002,  0.0000000000000000     )
 mdl_I6d11 =  (  5.7437078628133041E-102,  0.0000000000000000     )
 mdl_I6d22 =  (  5.7437078628133041E-102,  0.0000000000000000     )
 mdl_I6d33 =  ( 0.99481020183926416     ,  0.0000000000000000     )
 mdl_ee__exp__3 =    2.9290274715240611E-002
 mdl_vevhat__exp__3 =    14926843.019948866     
  Internal Params evaluated point by point
  ----------------------------------------
  
 mdl_sqrt__aS =   0.34365680554879169     
 mdl_G__exp__2 =    1.4840883695558185     
 mdl_gHgg =    3.2334372328970845E-003
 mdl_G__exp__3 =  (  1.8079634332366095     ,  0.0000000000000000     )
  Couplings of SMEFTsim_A_U35_MwScheme_UFO_v3_1-cW_massless
  ---------------------------------
  
        GC_64 =   0.00000E+00   0.52893E-05
       GC_345 =   0.00000E+00   0.28325E-05
         GC_1 =   0.00000E+00   0.10275E+00
         GC_2 =  -0.00000E+00  -0.20550E+00
         GC_3 =  -0.00000E+00  -0.30825E+00
       GC_278 =  -0.00000E+00  -0.37035E+00
       GC_280 =  -0.00000E+00  -0.57563E+00
       GC_318 =   0.00000E+00   0.39178E-05
       GC_328 =  -0.00000E+00  -0.55024E-01
       GC_329 =   0.00000E+00   0.11005E+00
       GC_330 =  -0.00000E+00  -0.16507E+00
      GC_1073 =  -0.00000E+00  -0.46172E+00

 Collider parameters:
 --------------------

 Running at P P   machine @    13000.000000000000       GeV
 PDF set = lhapdf 
 alpha_s(Mz)= 0.1127 running at 3 loops.
 alpha_s(Mz)= 0.1127 running at 3 loops.
 Renormalization scale set on event-by-event basis
 Factorization   scale set on event-by-event basis


 getting user params
Enter number of events and max and min iterations: 
 Number of events and iterations         2000           8           3
Enter desired fractional accuracy: 
 Desired fractional accuracy:    1.0000000000000000E-002
Enter 0 for fixed, 2 for adjustable grid: 
Suppress amplitude (0 no, 1 yes)? 
 Using suppressed amplitude.
Exact helicity sum (0 yes, n = number/event)? 
 Explicitly summing over helicities
Enter Configuration Number: 
Running Configuration Number:    2
 Not subdividing B.W.
 Attempting mappinvarients           1           8
 Completed mapping           8
 about to integrate           16        2000           8           3          16           1
 Using non-zero grid deformation.
 16 dimensions   2000 events 16 invarients  8 iterations  1 config(s),  (0.99)
 Using h-tuple random number sequence.
 Error opening grid
 Using Uniform Grid!          32
 Using uniform alpha   1.0000000000000000     
 Grid defined OK
 Set CM energy to      13000.00
 Mapping Graph           2  to config           2
 Setting BW          -1           1   80.387000000000000     
 Warning: No cutoff for shat integral found
          Minimum set to    5.9171597633136107E-009
Setting grid   2    0.59172E-08   1
 Warning: No cutoff for shat integral found
          Minimum set to    5.9171597633136107E-009
Setting grid   3    0.59172E-08   1
 Warning: No cutoff for shat integral found
          Minimum set to    5.9171597633136107E-009
Setting grid   4    0.59172E-08   1
Setting grid   5    0.59172E-06   1
 Transforming s_hat 1/s           15   5.9171597633136108E-005   10000.000000000000        168999999.99999997     
   2   1   2   3   4   5   6   7   8   9  10  11  12  13  14
  15  16
 Masses: 0.000E+00 0.000E+00 0.000E+00 0.000E+00 0.000E+00 0.000E+00 0.000E+00 0.000E+00
Using random seed offsets     2 :      1
  with seed                   24
 Ranmar initialization seeds       31060        9398
 
 ********************************************
 * You are using the DiscreteSampler module *
 *      part of the MG5_aMC framework       *
 *         Author: Valentin Hirschi         *
 ********************************************
 
  Particle       3       4       5       6       7       8
      Et >     0.0     0.0     0.0     0.0    10.0    10.0
       E >     0.0     0.0     0.0     0.0     0.0     0.0
     Eta <    -1.0    -1.0    -1.0    -1.0     6.5     6.5
   xqcut:      0.0     0.0     0.0     0.0     0.0     0.0
d R # 3  >    -0.0     0.4     0.0     0.0     0.4     0.4
d R # 4  >    -0.0    -0.0     0.0     0.0     0.4     0.4
d R # 5  >    -0.0    -0.0    -0.0     0.0     0.0     0.0
d R # 6  >    -0.0    -0.0    -0.0    -0.0     0.0     0.0
d R # 7  >    -0.0    -0.0    -0.0    -0.0    -0.0     0.4
s min # 3>     0.0     0.0     0.0     0.0     0.0     0.0
s min # 4>     0.0     0.0     0.0     0.0     0.0     0.0
s min # 5>     0.0     0.0     0.0     0.0     0.0     0.0
s min # 6>     0.0     0.0     0.0     0.0     0.0     0.0
s min # 7>     0.0     0.0     0.0     0.0     0.0 10000.0
xqcutij # 3>     0.0     0.0     0.0     0.0     0.0     0.0
xqcutij # 4>     0.0     0.0     0.0     0.0     0.0     0.0
xqcutij # 5>     0.0     0.0     0.0     0.0     0.0     0.0
xqcutij # 6>     0.0     0.0     0.0     0.0     0.0     0.0
xqcutij # 7>     0.0     0.0     0.0     0.0     0.0     0.0
 No cut BW           -1           1
 No cut BW           -5           2
 alpha_s for scale    27.517060173936937       is   0.13925353702305204     
 Added good helicity          193   256.00000000000000       in event            1 local:           1
 Added good helicity          193   256.00000000000000       in event            1 local:           1
 RESET CUMULATIVE VARIABLE
 RESET CUMULATIVE VARIABLE
 RESET CUMULATIVE VARIABLE
 Iteration  1   Mean: 0.2223E-07 Abs mean: 0.2223E-07   Fluctuation:  0.720E-08   0.113E-04     2.7%
  1    0.2223E-07 0.2223E-07 +- 0.7200E-08     14.48
 Writing out events   5.2311787821312925E-011   14.483700796252002     
 Relative summed weights:
  0.6195E-01  0.0000E+00  0.8486E-03  0.9547E-04  0.3220E-04  0.0000E+00  0.3899E-01  0.0000E+00  0.7704E-03  0.4714E-02  0.0000E+00  0.0000E+00  0.1096E-01  0.5193E-03  0.4749E-05  0.2006E-02  0.3084E-04  0.0000E+00  0.3152E-03  0.1366E-05  0.5728E-01  0.1577E-01  0.0000E+00  0.0000E+00  0.6741E-03  0.4792E-04  0.4752E-04  0.1772E-05  0.0000E+00  0.0000E+00  0.2242E-04  0.1539E-04
  0.8177E-02  0.0000E+00  0.1187E-01  0.7790E-02  0.5046E-03  0.0000E+00  0.0000E+00  0.0000E+00  0.6373E-03  0.3478E-02  0.0000E+00  0.0000E+00  0.0000E+00  0.0000E+00  0.3811E-01  0.4639E-02  0.0000E+00  0.0000E+00  0.1586E-05  0.1080E-08  0.0000E+00  0.0000E+00  0.0000E+00  0.0000E+00  0.0000E+00  0.0000E+00  0.0000E+00  0.0000E+00  0.0000E+00  0.0000E+00  0.0000E+00  0.0000E+00
  0.2468E-02  0.0000E+00  0.6338E-03  0.1475E-03  0.1993E-04  0.0000E+00  0.0000E+00  0.0000E+00  0.4838E-03  0.4327E-05  0.0000E+00  0.0000E+00  0.0000E+00  0.0000E+00  0.1981E-04  0.5183E-04  0.0000E+00  0.0000E+00  0.2355E-07  0.2758E-03  0.0000E+00  0.0000E+00  0.0000E+00  0.0000E+00  0.0000E+00  0.0000E+00  0.0000E+00  0.0000E+00  0.0000E+00  0.0000E+00  0.0000E+00  0.0000E+00
  0.8716E-01  0.0000E+00  0.3990E-01  0.7607E-04  0.6349E-07  0.0000E+00  0.1529E-01  0.0000E+00  0.4820E-03  0.3925E-03  0.0000E+00  0.0000E+00  0.5064E-03  0.3763E-02  0.1382E+00  0.1173E-03  0.4835E-03  0.0000E+00  0.3823E-06  0.1101E-04  0.2760E-02  0.6713E-01  0.0000E+00  0.0000E+00  0.4635E-02  0.8183E-03  0.1150E-05  0.7974E-04  0.0000E+00  0.0000E+00  0.0000E+00  0.0000E+00
  0.1534E-02  0.0000E+00  0.0000E+00  0.0000E+00  0.4285E-02  0.0000E+00  0.5356E-01  0.0000E+00  0.0000E+00  0.0000E+00  0.0000E+00  0.0000E+00  0.0000E+00  0.0000E+00  0.0000E+00  0.0000E+00  0.1337E-03  0.0000E+00  0.0000E+00  0.0000E+00  0.0000E+00  0.0000E+00  0.0000E+00  0.0000E+00  0.0000E+00  0.0000E+00  0.0000E+00  0.0000E+00  0.0000E+00  0.0000E+00  0.0000E+00  0.0000E+00
  0.1129E-01  0.0000E+00  0.0000E+00  0.0000E+00  0.2217E-06  0.0000E+00  0.0000E+00  0.0000E+00  0.0000E+00  0.0000E+00  0.0000E+00  0.0000E+00  0.0000E+00  0.0000E+00  0.0000E+00  0.0000E+00  0.0000E+00  0.0000E+00  0.0000E+00  0.0000E+00  0.0000E+00  0.0000E+00  0.0000E+00  0.0000E+00  0.0000E+00  0.0000E+00  0.0000E+00  0.0000E+00  0.0000E+00  0.0000E+00  0.0000E+00  0.0000E+00
  0.2134E-01  0.0000E+00  0.0000E+00  0.0000E+00  0.2433E-09  0.0000E+00  0.0000E+00  0.0000E+00  0.0000E+00  0.0000E+00  0.0000E+00  0.0000E+00  0.0000E+00  0.0000E+00  0.0000E+00  0.0000E+00  0.0000E+00  0.0000E+00  0.0000E+00  0.0000E+00  0.0000E+00  0.0000E+00  0.0000E+00  0.0000E+00  0.0000E+00  0.0000E+00  0.0000E+00  0.0000E+00  0.0000E+00  0.0000E+00  0.0000E+00  0.0000E+00
  0.5521E-02  0.0000E+00  0.0000E+00  0.0000E+00  0.4705E-06  0.0000E+00  0.2661E+00  0.0000E+00  0.0000E+00  0.0000E+00  0.0000E+00  0.0000E+00  0.0000E+00  0.0000E+00  0.0000E+00  0.0000E+00  0.1758E-05  0.0000E+00  0.0000E+00  0.0000E+00  0.0000E+00  0.0000E+00  0.0000E+00  0.0000E+00  0.0000E+00  0.0000E+00  0.0000E+00  0.0000E+00  0.0000E+00  0.0000E+00  0.0000E+00  0.0000E+00
 Relative number of events:
  0.4181E-01  0.0000E+00  0.1444E-01  0.1095E-01  0.1991E-02  0.0000E+00  0.6023E-01  0.0000E+00  0.1095E-01  0.8960E-02  0.0000E+00  0.0000E+00  0.1692E-01  0.1842E-01  0.6969E-02  0.8960E-02  0.1991E-02  0.0000E+00  0.1493E-02  0.1493E-02  0.1493E-01  0.1593E-01  0.0000E+00  0.0000E+00  0.1593E-01  0.6969E-02  0.3982E-02  0.1493E-02  0.0000E+00  0.0000E+00  0.1991E-02  0.1991E-02
  0.2987E-01  0.0000E+00  0.1095E-01  0.1294E-01  0.1991E-02  0.0000E+00  0.0000E+00  0.0000E+00  0.6969E-02  0.9955E-02  0.0000E+00  0.0000E+00  0.0000E+00  0.0000E+00  0.7466E-02  0.6969E-02  0.0000E+00  0.0000E+00  0.1493E-02  0.4978E-03  0.0000E+00  0.0000E+00  0.0000E+00  0.0000E+00  0.0000E+00  0.0000E+00  0.0000E+00  0.0000E+00  0.0000E+00  0.0000E+00  0.0000E+00  0.0000E+00
  0.3385E-01  0.0000E+00  0.8960E-02  0.1244E-01  0.1991E-02  0.0000E+00  0.0000E+00  0.0000E+00  0.6471E-02  0.6471E-02  0.0000E+00  0.0000E+00  0.0000E+00  0.0000E+00  0.6969E-02  0.6969E-02  0.0000E+00  0.0000E+00  0.4978E-03  0.1493E-02  0.0000E+00  0.0000E+00  0.0000E+00  0.0000E+00  0.0000E+00  0.0000E+00  0.0000E+00  0.0000E+00  0.0000E+00  0.0000E+00  0.0000E+00  0.0000E+00
  0.3634E-01  0.0000E+00  0.1444E-01  0.1145E-01  0.4978E-03  0.0000E+00  0.7018E-01  0.0000E+00  0.7964E-02  0.8462E-02  0.0000E+00  0.0000E+00  0.1941E-01  0.2240E-01  0.7964E-02  0.8462E-02  0.4480E-02  0.0000E+00  0.4978E-03  0.4978E-03  0.1941E-01  0.1792E-01  0.0000E+00  0.0000E+00  0.1294E-01  0.1394E-01  0.1493E-02  0.4480E-02  0.0000E+00  0.0000E+00  0.0000E+00  0.0000E+00
  0.3285E-01  0.0000E+00  0.0000E+00  0.0000E+00  0.4978E-03  0.0000E+00  0.6421E-01  0.0000E+00  0.0000E+00  0.0000E+00  0.0000E+00  0.0000E+00  0.0000E+00  0.0000E+00  0.0000E+00  0.0000E+00  0.1991E-02  0.0000E+00  0.0000E+00  0.0000E+00  0.0000E+00  0.0000E+00  0.0000E+00  0.0000E+00  0.0000E+00  0.0000E+00  0.0000E+00  0.0000E+00  0.0000E+00  0.0000E+00  0.0000E+00  0.0000E+00
  0.3136E-01  0.0000E+00  0.0000E+00  0.0000E+00  0.9955E-03  0.0000E+00  0.0000E+00  0.0000E+00  0.0000E+00  0.0000E+00  0.0000E+00  0.0000E+00  0.0000E+00  0.0000E+00  0.0000E+00  0.0000E+00  0.0000E+00  0.0000E+00  0.0000E+00  0.0000E+00  0.0000E+00  0.0000E+00  0.0000E+00  0.0000E+00  0.0000E+00  0.0000E+00  0.0000E+00  0.0000E+00  0.0000E+00  0.0000E+00  0.0000E+00  0.0000E+00
  0.3783E-01  0.0000E+00  0.0000E+00  0.0000E+00  0.4978E-03  0.0000E+00  0.0000E+00  0.0000E+00  0.0000E+00  0.0000E+00  0.0000E+00  0.0000E+00  0.0000E+00  0.0000E+00  0.0000E+00  0.0000E+00  0.0000E+00  0.0000E+00  0.0000E+00  0.0000E+00  0.0000E+00  0.0000E+00  0.0000E+00  0.0000E+00  0.0000E+00  0.0000E+00  0.0000E+00  0.0000E+00  0.0000E+00  0.0000E+00  0.0000E+00  0.0000E+00
  0.3435E-01  0.0000E+00  0.0000E+00  0.0000E+00  0.1493E-02  0.0000E+00  0.6322E-01  0.0000E+00  0.0000E+00  0.0000E+00  0.0000E+00  0.0000E+00  0.0000E+00  0.0000E+00  0.0000E+00  0.0000E+00  0.3484E-02  0.0000E+00  0.0000E+00  0.0000E+00  0.0000E+00  0.0000E+00  0.0000E+00  0.0000E+00  0.0000E+00  0.0000E+00  0.0000E+00  0.0000E+00  0.0000E+00  0.0000E+00  0.0000E+00  0.0000E+00
 Events:
          84           0          29          22           4           0         121           0          22          18           0           0          34          37          14          18           4           0           3           3          30          32           0           0          32          14           8           3           0           0           4           4
          60           0          22          26           4           0           0           0          14          20           0           0           0           0          15          14           0           0           3           1           0           0           0           0           0           0           0           0           0           0           0           0
          68           0          18          25           4           0           0           0          13          13           0           0           0           0          14          14           0           0           1           3           0           0           0           0           0           0           0           0           0           0           0           0
          73           0          29          23           1           0         141           0          16          17           0           0          39          45          16          17           9           0           1           1          39          36           0           0          26          28           3           9           0           0           0           0
          66           0           0           0           1           0         129           0           0           0           0           0           0           0           0           0           4           0           0           0           0           0           0           0           0           0           0           0           0           0           0           0
          63           0           0           0           2           0           0           0           0           0           0           0           0           0           0           0           0           0           0           0           0           0           0           0           0           0           0           0           0           0           0           0
          76           0           0           0           1           0           0           0           0           0           0           0           0           0           0           0           0           0           0           0           0           0           0           0           0           0           0           0           0           0           0           0
          69           0           0           0           3           0         127           0           0           0           0           0           0           0           0           0           7           0           0           0           0           0           0           0           0           0           0           0           0           0           0           0
 Iteration  2   Mean: 0.2856E-07 Abs mean: 0.2856E-07   Fluctuation:  0.822E-08   0.290E-04    48.5%
  2    0.2856E-07 0.2856E-07 +- 0.8219E-08     18.20
 Relative summed weights:
  0.1799E-01  0.0000E+00  0.5007E-03  0.9724E-02  0.5127E-05  0.0000E+00  0.3347E-01  0.0000E+00  0.2663E-02  0.1628E-02  0.0000E+00  0.0000E+00  0.1177E-01  0.9839E-02  0.6049E-03  0.4344E-03  0.3741E-02  0.0000E+00  0.4585E-05  0.1228E-05  0.3093E-02  0.4124E-01  0.0000E+00  0.0000E+00  0.6035E-03  0.1051E-02  0.1079E-03  0.1639E-03  0.0000E+00  0.0000E+00  0.3287E-05  0.3909E-03
  0.9307E-01  0.0000E+00  0.9753E-02  0.5783E-02  0.2533E-05  0.0000E+00  0.0000E+00  0.0000E+00  0.2177E-01  0.1531E-03  0.0000E+00  0.0000E+00  0.0000E+00  0.0000E+00  0.5570E-02  0.6579E-03  0.0000E+00  0.0000E+00  0.1668E-06  0.3605E-07  0.0000E+00  0.0000E+00  0.0000E+00  0.0000E+00  0.0000E+00  0.0000E+00  0.0000E+00  0.0000E+00  0.0000E+00  0.0000E+00  0.0000E+00  0.0000E+00
  0.1432E-01  0.0000E+00  0.5598E-02  0.2887E-02  0.1462E-04  0.0000E+00  0.0000E+00  0.0000E+00  0.4447E-03  0.4204E-02  0.0000E+00  0.0000E+00  0.0000E+00  0.0000E+00  0.3138E-02  0.3385E-03  0.0000E+00  0.0000E+00  0.3984E-11  0.5843E-06  0.0000E+00  0.0000E+00  0.0000E+00  0.0000E+00  0.0000E+00  0.0000E+00  0.0000E+00  0.0000E+00  0.0000E+00  0.0000E+00  0.0000E+00  0.0000E+00
  0.4171E-02  0.0000E+00  0.1784E-02  0.5841E-02  0.4406E-04  0.0000E+00  0.4397E-01  0.0000E+00  0.2143E-03  0.6587E-03  0.0000E+00  0.0000E+00  0.2620E-02  0.9813E-02  0.4396E-02  0.1862E-02  0.2721E-04  0.0000E+00  0.1460E-07  0.1745E-04  0.5272E-03  0.1205E-01  0.0000E+00  0.0000E+00  0.3109E-02  0.2849E-02  0.4266E-04  0.4497E-05  0.0000E+00  0.0000E+00  0.4364E-02  0.4590E-05
  0.2751E-01  0.0000E+00  0.0000E+00  0.0000E+00  0.1949E-05  0.0000E+00  0.9603E-01  0.0000E+00  0.0000E+00  0.0000E+00  0.0000E+00  0.0000E+00  0.0000E+00  0.0000E+00  0.0000E+00  0.0000E+00  0.1043E-04  0.0000E+00  0.0000E+00  0.0000E+00  0.0000E+00  0.0000E+00  0.0000E+00  0.0000E+00  0.0000E+00  0.0000E+00  0.0000E+00  0.0000E+00  0.0000E+00  0.0000E+00  0.0000E+00  0.0000E+00
  0.2961E-01  0.0000E+00  0.0000E+00  0.0000E+00  0.8830E-03  0.0000E+00  0.0000E+00  0.0000E+00  0.0000E+00  0.0000E+00  0.0000E+00  0.0000E+00  0.0000E+00  0.0000E+00  0.0000E+00  0.0000E+00  0.0000E+00  0.0000E+00  0.0000E+00  0.0000E+00  0.0000E+00  0.0000E+00  0.0000E+00  0.0000E+00  0.0000E+00  0.0000E+00  0.0000E+00  0.0000E+00  0.0000E+00  0.0000E+00  0.0000E+00  0.0000E+00
  0.1118E+00  0.0000E+00  0.0000E+00  0.0000E+00  0.3067E-05  0.0000E+00  0.0000E+00  0.0000E+00  0.0000E+00  0.0000E+00  0.0000E+00  0.0000E+00  0.0000E+00  0.0000E+00  0.0000E+00  0.0000E+00  0.0000E+00  0.0000E+00  0.0000E+00  0.0000E+00  0.0000E+00  0.0000E+00  0.0000E+00  0.0000E+00  0.0000E+00  0.0000E+00  0.0000E+00  0.0000E+00  0.0000E+00  0.0000E+00  0.0000E+00  0.0000E+00
  0.3078E+00  0.0000E+00  0.0000E+00  0.0000E+00  0.1098E-04  0.0000E+00  0.2111E-01  0.0000E+00  0.0000E+00  0.0000E+00  0.0000E+00  0.0000E+00  0.0000E+00  0.0000E+00  0.0000E+00  0.0000E+00  0.1217E-03  0.0000E+00  0.0000E+00  0.0000E+00  0.0000E+00  0.0000E+00  0.0000E+00  0.0000E+00  0.0000E+00  0.0000E+00  0.0000E+00  0.0000E+00  0.0000E+00  0.0000E+00  0.0000E+00  0.0000E+00
 Relative number of events:
  0.3475E-01  0.0000E+00  0.1300E-01  0.1300E-01  0.1000E-02  0.0000E+00  0.7375E-01  0.0000E+00  0.6250E-02  0.7500E-02  0.0000E+00  0.0000E+00  0.2400E-01  0.2300E-01  0.8750E-02  0.7500E-02  0.1500E-02  0.0000E+00  0.5000E-03  0.7500E-03  0.1600E-01  0.1600E-01  0.0000E+00  0.0000E+00  0.1225E-01  0.1350E-01  0.1750E-02  0.1000E-02  0.0000E+00  0.0000E+00  0.1000E-02  0.7500E-03
  0.3425E-01  0.0000E+00  0.1050E-01  0.1200E-01  0.5000E-03  0.0000E+00  0.0000E+00  0.0000E+00  0.9750E-02  0.8000E-02  0.0000E+00  0.0000E+00  0.0000E+00  0.0000E+00  0.8000E-02  0.6250E-02  0.0000E+00  0.0000E+00  0.2500E-03  0.2500E-03  0.0000E+00  0.0000E+00  0.0000E+00  0.0000E+00  0.0000E+00  0.0000E+00  0.0000E+00  0.0000E+00  0.0000E+00  0.0000E+00  0.0000E+00  0.0000E+00
  0.3300E-01  0.0000E+00  0.1200E-01  0.1125E-01  0.5000E-03  0.0000E+00  0.0000E+00  0.0000E+00  0.9250E-02  0.9000E-02  0.0000E+00  0.0000E+00  0.0000E+00  0.0000E+00  0.5000E-02  0.5750E-02  0.0000E+00  0.0000E+00  0.2500E-03  0.2500E-03  0.0000E+00  0.0000E+00  0.0000E+00  0.0000E+00  0.0000E+00  0.0000E+00  0.0000E+00  0.0000E+00  0.0000E+00  0.0000E+00  0.0000E+00  0.0000E+00
  0.3350E-01  0.0000E+00  0.1050E-01  0.9750E-02  0.1000E-02  0.0000E+00  0.7275E-01  0.0000E+00  0.7750E-02  0.9500E-02  0.0000E+00  0.0000E+00  0.2350E-01  0.2025E-01  0.7500E-02  0.7250E-02  0.7500E-03  0.0000E+00  0.2500E-03  0.7500E-03  0.1825E-01  0.1500E-01  0.0000E+00  0.0000E+00  0.1200E-01  0.1350E-01  0.1000E-02  0.1250E-02  0.0000E+00  0.0000E+00  0.1250E-02  0.7500E-03
  0.3575E-01  0.0000E+00  0.0000E+00  0.0000E+00  0.2500E-03  0.0000E+00  0.6875E-01  0.0000E+00  0.0000E+00  0.0000E+00  0.0000E+00  0.0000E+00  0.0000E+00  0.0000E+00  0.0000E+00  0.0000E+00  0.1500E-02  0.0000E+00  0.0000E+00  0.0000E+00  0.0000E+00  0.0000E+00  0.0000E+00  0.0000E+00  0.0000E+00  0.0000E+00  0.0000E+00  0.0000E+00  0.0000E+00  0.0000E+00  0.0000E+00  0.0000E+00
  0.3050E-01  0.0000E+00  0.0000E+00  0.0000E+00  0.7500E-03  0.0000E+00  0.0000E+00  0.0000E+00  0.0000E+00  0.0000E+00  0.0000E+00  0.0000E+00  0.0000E+00  0.0000E+00  0.0000E+00  0.0000E+00  0.0000E+00  0.0000E+00  0.0000E+00  0.0000E+00  0.0000E+00  0.0000E+00  0.0000E+00  0.0000E+00  0.0000E+00  0.0000E+00  0.0000E+00  0.0000E+00  0.0000E+00  0.0000E+00  0.0000E+00  0.0000E+00
  0.3700E-01  0.0000E+00  0.0000E+00  0.0000E+00  0.5000E-03  0.0000E+00  0.0000E+00  0.0000E+00  0.0000E+00  0.0000E+00  0.0000E+00  0.0000E+00  0.0000E+00  0.0000E+00  0.0000E+00  0.0000E+00  0.0000E+00  0.0000E+00  0.0000E+00  0.0000E+00  0.0000E+00  0.0000E+00  0.0000E+00  0.0000E+00  0.0000E+00  0.0000E+00  0.0000E+00  0.0000E+00  0.0000E+00  0.0000E+00  0.0000E+00  0.0000E+00
  0.3700E-01  0.0000E+00  0.0000E+00  0.0000E+00  0.1000E-02  0.0000E+00  0.6525E-01  0.0000E+00  0.0000E+00  0.0000E+00  0.0000E+00  0.0000E+00  0.0000E+00  0.0000E+00  0.0000E+00  0.0000E+00  0.2500E-03  0.0000E+00  0.0000E+00  0.0000E+00  0.0000E+00  0.0000E+00  0.0000E+00  0.0000E+00  0.0000E+00  0.0000E+00  0.0000E+00  0.0000E+00  0.0000E+00  0.0000E+00  0.0000E+00  0.0000E+00
 Events:
         139           0          52          52           4           0         295           0          25          30           0           0          96          92          35          30           6           0           2           3          64          64           0           0          49          54           7           4           0           0           4           3
         137           0          42          48           2           0           0           0          39          32           0           0           0           0          32          25           0           0           1           1           0           0           0           0           0           0           0           0           0           0           0           0
         132           0          48          45           2           0           0           0          37          36           0           0           0           0          20          23           0           0           1           1           0           0           0           0           0           0           0           0           0           0           0           0
         134           0          42          39           4           0         291           0          31          38           0           0          94          81          30          29           3           0           1           3          73          60           0           0          48          54           4           5           0           0           5           3
         143           0           0           0           1           0         275           0           0           0           0           0           0           0           0           0           6           0           0           0           0           0           0           0           0           0           0           0           0           0           0           0
         122           0           0           0           3           0           0           0           0           0           0           0           0           0           0           0           0           0           0           0           0           0           0           0           0           0           0           0           0           0           0           0
         148           0           0           0           2           0           0           0           0           0           0           0           0           0           0           0           0           0           0           0           0           0           0           0           0           0           0           0           0           0           0           0
         148           0           0           0           4           0         261           0           0           0           0           0           0           0           0           0           1           0           0           0           0           0           0           0           0           0           0           0           0           0           0           0
 Iteration  3   Mean: 0.6012E-07 Abs mean: 0.6012E-07   Fluctuation:  0.152E-07   0.840E-04    66.4%
  3    0.6012E-07 0.6012E-07 +- 0.1516E-07     22.56
 Relative summed weights:
  0.2936E-01  0.0000E+00  0.2675E-02  0.9986E-02  0.5295E-05  0.0000E+00  0.1207E+00  0.0000E+00  0.7851E-02  0.7426E-03  0.0000E+00  0.0000E+00  0.1505E-01  0.4391E-02  0.1292E-03  0.4732E-03  0.9982E-06  0.0000E+00  0.5676E-05  0.5259E-07  0.3727E-02  0.7252E-02  0.0000E+00  0.0000E+00  0.6690E-02  0.2084E-02  0.1497E-04  0.1932E-03  0.0000E+00  0.0000E+00  0.1628E-03  0.1905E-04
  0.1988E-01  0.0000E+00  0.1911E-02  0.5631E-03  0.9126E-04  0.0000E+00  0.0000E+00  0.0000E+00  0.1009E-02  0.7516E-03  0.0000E+00  0.0000E+00  0.0000E+00  0.0000E+00  0.8256E-03  0.6401E-03  0.0000E+00  0.0000E+00  0.6194E-04  0.2019E-05  0.0000E+00  0.0000E+00  0.0000E+00  0.0000E+00  0.0000E+00  0.0000E+00  0.0000E+00  0.0000E+00  0.0000E+00  0.0000E+00  0.0000E+00  0.0000E+00
  0.2706E-01  0.0000E+00  0.1866E-02  0.1041E-02  0.0000E+00  0.0000E+00  0.0000E+00  0.0000E+00  0.3866E-03  0.1195E-03  0.0000E+00  0.0000E+00  0.0000E+00  0.0000E+00  0.4516E-03  0.1641E-02  0.0000E+00  0.0000E+00  0.4118E-06  0.1633E-03  0.0000E+00  0.0000E+00  0.0000E+00  0.0000E+00  0.0000E+00  0.0000E+00  0.0000E+00  0.0000E+00  0.0000E+00  0.0000E+00  0.0000E+00  0.0000E+00
  0.9414E-02  0.0000E+00  0.2001E-01  0.1024E-02  0.8938E-06  0.0000E+00  0.4062E-01  0.0000E+00  0.7649E-03  0.1169E-02  0.0000E+00  0.0000E+00  0.1296E-01  0.5333E-02  0.9161E-03  0.3815E-03  0.6057E-04  0.0000E+00  0.8796E-04  0.5697E-06  0.3153E-02  0.7117E-02  0.0000E+00  0.0000E+00  0.1784E+00  0.8014E-03  0.8852E-04  0.5440E-05  0.0000E+00  0.0000E+00  0.1175E-03  0.1851E-05
  0.3699E-01  0.0000E+00  0.0000E+00  0.0000E+00  0.3908E-04  0.0000E+00  0.1598E+00  0.0000E+00  0.0000E+00  0.0000E+00  0.0000E+00  0.0000E+00  0.0000E+00  0.0000E+00  0.0000E+00  0.0000E+00  0.7847E-07  0.0000E+00  0.0000E+00  0.0000E+00  0.0000E+00  0.0000E+00  0.0000E+00  0.0000E+00  0.0000E+00  0.0000E+00  0.0000E+00  0.0000E+00  0.0000E+00  0.0000E+00  0.0000E+00  0.0000E+00
  0.1565E-01  0.0000E+00  0.0000E+00  0.0000E+00  0.5276E-06  0.0000E+00  0.0000E+00  0.0000E+00  0.0000E+00  0.0000E+00  0.0000E+00  0.0000E+00  0.0000E+00  0.0000E+00  0.0000E+00  0.0000E+00  0.0000E+00  0.0000E+00  0.0000E+00  0.0000E+00  0.0000E+00  0.0000E+00  0.0000E+00  0.0000E+00  0.0000E+00  0.0000E+00  0.0000E+00  0.0000E+00  0.0000E+00  0.0000E+00  0.0000E+00  0.0000E+00
  0.4636E-01  0.0000E+00  0.0000E+00  0.0000E+00  0.6599E-05  0.0000E+00  0.0000E+00  0.0000E+00  0.0000E+00  0.0000E+00  0.0000E+00  0.0000E+00  0.0000E+00  0.0000E+00  0.0000E+00  0.0000E+00  0.0000E+00  0.0000E+00  0.0000E+00  0.0000E+00  0.0000E+00  0.0000E+00  0.0000E+00  0.0000E+00  0.0000E+00  0.0000E+00  0.0000E+00  0.0000E+00  0.0000E+00  0.0000E+00  0.0000E+00  0.0000E+00
  0.1096E-01  0.0000E+00  0.0000E+00  0.0000E+00  0.3596E-03  0.0000E+00  0.1773E+00  0.0000E+00  0.0000E+00  0.0000E+00  0.0000E+00  0.0000E+00  0.0000E+00  0.0000E+00  0.0000E+00  0.0000E+00  0.7543E-04  0.0000E+00  0.0000E+00  0.0000E+00  0.0000E+00  0.0000E+00  0.0000E+00  0.0000E+00  0.0000E+00  0.0000E+00  0.0000E+00  0.0000E+00  0.0000E+00  0.0000E+00  0.0000E+00  0.0000E+00
 Relative number of events:
  0.3787E-01  0.0000E+00  0.8500E-02  0.9750E-02  0.2500E-03  0.0000E+00  0.7812E-01  0.0000E+00  0.6250E-02  0.7500E-02  0.0000E+00  0.0000E+00  0.2025E-01  0.1937E-01  0.6125E-02  0.8500E-02  0.2500E-03  0.0000E+00  0.3750E-03  0.2500E-03  0.1450E-01  0.1175E-01  0.0000E+00  0.0000E+00  0.9875E-02  0.9250E-02  0.1000E-02  0.1125E-02  0.0000E+00  0.0000E+00  0.1000E-02  0.2500E-03
  0.3725E-01  0.0000E+00  0.8000E-02  0.8000E-02  0.5000E-03  0.0000E+00  0.0000E+00  0.0000E+00  0.8125E-02  0.5625E-02  0.0000E+00  0.0000E+00  0.0000E+00  0.0000E+00  0.4625E-02  0.6125E-02  0.0000E+00  0.0000E+00  0.5000E-03  0.3750E-03  0.0000E+00  0.0000E+00  0.0000E+00  0.0000E+00  0.0000E+00  0.0000E+00  0.0000E+00  0.0000E+00  0.0000E+00  0.0000E+00  0.0000E+00  0.0000E+00
  0.3737E-01  0.0000E+00  0.1063E-01  0.8000E-02  0.0000E+00  0.0000E+00  0.0000E+00  0.0000E+00  0.5750E-02  0.7250E-02  0.0000E+00  0.0000E+00  0.0000E+00  0.0000E+00  0.7125E-02  0.6500E-02  0.0000E+00  0.0000E+00  0.2500E-03  0.2500E-03  0.0000E+00  0.0000E+00  0.0000E+00  0.0000E+00  0.0000E+00  0.0000E+00  0.0000E+00  0.0000E+00  0.0000E+00  0.0000E+00  0.0000E+00  0.0000E+00
  0.3675E-01  0.0000E+00  0.8500E-02  0.9375E-02  0.3750E-03  0.0000E+00  0.7963E-01  0.0000E+00  0.7250E-02  0.6750E-02  0.0000E+00  0.0000E+00  0.1850E-01  0.1775E-01  0.7000E-02  0.5125E-02  0.8750E-03  0.0000E+00  0.5000E-03  0.2500E-03  0.1325E-01  0.1625E-01  0.0000E+00  0.0000E+00  0.1038E-01  0.1075E-01  0.1375E-02  0.1375E-02  0.0000E+00  0.0000E+00  0.1125E-02  0.6250E-03
  0.4500E-01  0.0000E+00  0.0000E+00  0.0000E+00  0.7500E-03  0.0000E+00  0.8213E-01  0.0000E+00  0.0000E+00  0.0000E+00  0.0000E+00  0.0000E+00  0.0000E+00  0.0000E+00  0.0000E+00  0.0000E+00  0.5000E-03  0.0000E+00  0.0000E+00  0.0000E+00  0.0000E+00  0.0000E+00  0.0000E+00  0.0000E+00  0.0000E+00  0.0000E+00  0.0000E+00  0.0000E+00  0.0000E+00  0.0000E+00  0.0000E+00  0.0000E+00
  0.4188E-01  0.0000E+00  0.0000E+00  0.0000E+00  0.1250E-03  0.0000E+00  0.0000E+00  0.0000E+00  0.0000E+00  0.0000E+00  0.0000E+00  0.0000E+00  0.0000E+00  0.0000E+00  0.0000E+00  0.0000E+00  0.0000E+00  0.0000E+00  0.0000E+00  0.0000E+00  0.0000E+00  0.0000E+00  0.0000E+00  0.0000E+00  0.0000E+00  0.0000E+00  0.0000E+00  0.0000E+00  0.0000E+00  0.0000E+00  0.0000E+00  0.0000E+00
  0.4038E-01  0.0000E+00  0.0000E+00  0.0000E+00  0.3750E-03  0.0000E+00  0.0000E+00  0.0000E+00  0.0000E+00  0.0000E+00  0.0000E+00  0.0000E+00  0.0000E+00  0.0000E+00  0.0000E+00  0.0000E+00  0.0000E+00  0.0000E+00  0.0000E+00  0.0000E+00  0.0000E+00  0.0000E+00  0.0000E+00  0.0000E+00  0.0000E+00  0.0000E+00  0.0000E+00  0.0000E+00  0.0000E+00  0.0000E+00  0.0000E+00  0.0000E+00
  0.3975E-01  0.0000E+00  0.0000E+00  0.0000E+00  0.7500E-03  0.0000E+00  0.7975E-01  0.0000E+00  0.0000E+00  0.0000E+00  0.0000E+00  0.0000E+00  0.0000E+00  0.0000E+00  0.0000E+00  0.0000E+00  0.5000E-03  0.0000E+00  0.0000E+00  0.0000E+00  0.0000E+00  0.0000E+00  0.0000E+00  0.0000E+00  0.0000E+00  0.0000E+00  0.0000E+00  0.0000E+00  0.0000E+00  0.0000E+00  0.0000E+00  0.0000E+00
 Events:
         303           0          68          78           2           0         625           0          50          60           0           0         162         155          49          68           2           0           3           2         116          94           0           0          79          74           8           9           0           0           8           2
         298           0          64          64           4           0           0           0          65          45           0           0           0           0          37          49           0           0           4           3           0           0           0           0           0           0           0           0           0           0           0           0
         299           0          85          64           0           0           0           0          46          58           0           0           0           0          57          52           0           0           2           2           0           0           0           0           0           0           0           0           0           0           0           0
         294           0          68          75           3           0         637           0          58          54           0           0         148         142          56          41           7           0           4           2         106         130           0           0          83          86          11          11           0           0           9           5
         360           0           0           0           6           0         657           0           0           0           0           0           0           0           0           0           4           0           0           0           0           0           0           0           0           0           0           0           0           0           0           0
         335           0           0           0           1           0           0           0           0           0           0           0           0           0           0           0           0           0           0           0           0           0           0           0           0           0           0           0           0           0           0           0
         323           0           0           0           3           0           0           0           0           0           0           0           0           0           0           0           0           0           0           0           0           0           0           0           0           0           0           0           0           0           0           0
         318           0           0           0           6           0         638           0           0           0           0           0           0           0           0           0           4           0           0           0           0           0           0           0           0           0           0           0           0           0           0           0
 Accuracy:    0.301   0.010   0.164   3.382
 Found          424  events.
 Wrote            7  events.
 Actual xsec    4.0235764991430043E-008
 Correct abs xsec    4.0235764991430043E-008
 Event xsec    4.0235764991430037E-008
 Events wgts > 1:            1
 % Cross section > 1:    6.4601109871981544E-016   1.6055643501680949E-006
 Iteration  4   Mean: 0.7383E-07 Abs mean: 0.7383E-07   Fluctuation:  0.250E-07   0.367E-03    75.9%
  4    0.7383E-07 0.7383E-07 +- 0.2504E-07     42.90
 Relative summed weights:
  0.1929E-01  0.0000E+00  0.1749E-02  0.1065E-02  0.1626E-09  0.0000E+00  0.7150E-01  0.0000E+00  0.4327E-03  0.4507E-03  0.0000E+00  0.0000E+00  0.9446E-02  0.2655E-01  0.1756E-02  0.1724E-02  0.2690E-04  0.0000E+00  0.6147E-06  0.6595E-05  0.2900E-02  0.3143E-02  0.0000E+00  0.0000E+00  0.9430E-01  0.2914E-02  0.3513E-04  0.1661E-04  0.0000E+00  0.0000E+00  0.1462E-04  0.2402E-03
  0.4140E-01  0.0000E+00  0.9366E-03  0.1938E-02  0.4182E-05  0.0000E+00  0.0000E+00  0.0000E+00  0.3014E-02  0.5062E-03  0.0000E+00  0.0000E+00  0.0000E+00  0.0000E+00  0.7303E-02  0.1553E-02  0.0000E+00  0.0000E+00  0.1150E-05  0.2455E-03  0.0000E+00  0.0000E+00  0.0000E+00  0.0000E+00  0.0000E+00  0.0000E+00  0.0000E+00  0.0000E+00  0.0000E+00  0.0000E+00  0.0000E+00  0.0000E+00
  0.3487E-01  0.0000E+00  0.2009E-02  0.2004E-02  0.4636E-07  0.0000E+00  0.0000E+00  0.0000E+00  0.1546E-02  0.1070E-02  0.0000E+00  0.0000E+00  0.0000E+00  0.0000E+00  0.1103E-02  0.1068E-02  0.0000E+00  0.0000E+00  0.1423E-05  0.2447E-04  0.0000E+00  0.0000E+00  0.0000E+00  0.0000E+00  0.0000E+00  0.0000E+00  0.0000E+00  0.0000E+00  0.0000E+00  0.0000E+00  0.0000E+00  0.0000E+00
  0.2268E-01  0.0000E+00  0.3703E-02  0.8973E-03  0.7884E-04  0.0000E+00  0.4747E-01  0.0000E+00  0.1135E-02  0.5170E-03  0.0000E+00  0.0000E+00  0.4648E-02  0.6046E-02  0.1639E-02  0.2818E-02  0.6396E-04  0.0000E+00  0.4100E-04  0.1715E-03  0.5950E-03  0.3567E-02  0.0000E+00  0.0000E+00  0.4623E-02  0.3993E-02  0.4272E-04  0.2349E-03  0.0000E+00  0.0000E+00  0.3178E-03  0.1026E-03
  0.2441E-01  0.0000E+00  0.0000E+00  0.0000E+00  0.3556E-03  0.0000E+00  0.4404E+00  0.0000E+00  0.0000E+00  0.0000E+00  0.0000E+00  0.0000E+00  0.0000E+00  0.0000E+00  0.0000E+00  0.0000E+00  0.1487E-05  0.0000E+00  0.0000E+00  0.0000E+00  0.0000E+00  0.0000E+00  0.0000E+00  0.0000E+00  0.0000E+00  0.0000E+00  0.0000E+00  0.0000E+00  0.0000E+00  0.0000E+00  0.0000E+00  0.0000E+00
  0.1673E-01  0.0000E+00  0.0000E+00  0.0000E+00  0.6006E-06  0.0000E+00  0.0000E+00  0.0000E+00  0.0000E+00  0.0000E+00  0.0000E+00  0.0000E+00  0.0000E+00  0.0000E+00  0.0000E+00  0.0000E+00  0.0000E+00  0.0000E+00  0.0000E+00  0.0000E+00  0.0000E+00  0.0000E+00  0.0000E+00  0.0000E+00  0.0000E+00  0.0000E+00  0.0000E+00  0.0000E+00  0.0000E+00  0.0000E+00  0.0000E+00  0.0000E+00
  0.1374E-01  0.0000E+00  0.0000E+00  0.0000E+00  0.1229E-04  0.0000E+00  0.0000E+00  0.0000E+00  0.0000E+00  0.0000E+00  0.0000E+00  0.0000E+00  0.0000E+00  0.0000E+00  0.0000E+00  0.0000E+00  0.0000E+00  0.0000E+00  0.0000E+00  0.0000E+00  0.0000E+00  0.0000E+00  0.0000E+00  0.0000E+00  0.0000E+00  0.0000E+00  0.0000E+00  0.0000E+00  0.0000E+00  0.0000E+00  0.0000E+00  0.0000E+00
  0.2559E-01  0.0000E+00  0.0000E+00  0.0000E+00  0.8525E-03  0.0000E+00  0.3430E-01  0.0000E+00  0.0000E+00  0.0000E+00  0.0000E+00  0.0000E+00  0.0000E+00  0.0000E+00  0.0000E+00  0.0000E+00  0.1035E-03  0.0000E+00  0.0000E+00  0.0000E+00  0.0000E+00  0.0000E+00  0.0000E+00  0.0000E+00  0.0000E+00  0.0000E+00  0.0000E+00  0.0000E+00  0.0000E+00  0.0000E+00  0.0000E+00  0.0000E+00
 Relative number of events:
  0.4362E-01  0.0000E+00  0.8063E-02  0.7875E-02  0.6250E-04  0.0000E+00  0.9237E-01  0.0000E+00  0.5125E-02  0.4812E-02  0.0000E+00  0.0000E+00  0.1562E-01  0.1606E-01  0.4188E-02  0.4437E-02  0.2500E-03  0.0000E+00  0.3125E-03  0.1875E-03  0.1063E-01  0.1006E-01  0.0000E+00  0.0000E+00  0.7313E-02  0.7562E-02  0.5625E-03  0.4375E-03  0.0000E+00  0.0000E+00  0.4375E-03  0.5000E-03
  0.4387E-01  0.0000E+00  0.7313E-02  0.6250E-02  0.1875E-03  0.0000E+00  0.0000E+00  0.0000E+00  0.3938E-02  0.5188E-02  0.0000E+00  0.0000E+00  0.0000E+00  0.0000E+00  0.5000E-02  0.4063E-02  0.0000E+00  0.0000E+00  0.1875E-03  0.4375E-03  0.0000E+00  0.0000E+00  0.0000E+00  0.0000E+00  0.0000E+00  0.0000E+00  0.0000E+00  0.0000E+00  0.0000E+00  0.0000E+00  0.0000E+00  0.0000E+00
  0.4500E-01  0.0000E+00  0.7687E-02  0.6500E-02  0.3125E-03  0.0000E+00  0.0000E+00  0.0000E+00  0.4437E-02  0.4875E-02  0.0000E+00  0.0000E+00  0.0000E+00  0.0000E+00  0.4375E-02  0.4938E-02  0.0000E+00  0.0000E+00  0.1250E-03  0.2500E-03  0.0000E+00  0.0000E+00  0.0000E+00  0.0000E+00  0.0000E+00  0.0000E+00  0.0000E+00  0.0000E+00  0.0000E+00  0.0000E+00  0.0000E+00  0.0000E+00
  0.4456E-01  0.0000E+00  0.8063E-02  0.7938E-02  0.2500E-03  0.0000E+00  0.9531E-01  0.0000E+00  0.5375E-02  0.5125E-02  0.0000E+00  0.0000E+00  0.1656E-01  0.1575E-01  0.3375E-02  0.3687E-02  0.6875E-03  0.0000E+00  0.2500E-03  0.4375E-03  0.9687E-02  0.8937E-02  0.0000E+00  0.0000E+00  0.8250E-02  0.5500E-02  0.5000E-03  0.7500E-03  0.0000E+00  0.0000E+00  0.8125E-03  0.3750E-03
  0.4156E-01  0.0000E+00  0.0000E+00  0.0000E+00  0.3125E-03  0.0000E+00  0.9006E-01  0.0000E+00  0.0000E+00  0.0000E+00  0.0000E+00  0.0000E+00  0.0000E+00  0.0000E+00  0.0000E+00  0.0000E+00  0.3750E-03  0.0000E+00  0.0000E+00  0.0000E+00  0.0000E+00  0.0000E+00  0.0000E+00  0.0000E+00  0.0000E+00  0.0000E+00  0.0000E+00  0.0000E+00  0.0000E+00  0.0000E+00  0.0000E+00  0.0000E+00
  0.4731E-01  0.0000E+00  0.0000E+00  0.0000E+00  0.1875E-03  0.0000E+00  0.0000E+00  0.0000E+00  0.0000E+00  0.0000E+00  0.0000E+00  0.0000E+00  0.0000E+00  0.0000E+00  0.0000E+00  0.0000E+00  0.0000E+00  0.0000E+00  0.0000E+00  0.0000E+00  0.0000E+00  0.0000E+00  0.0000E+00  0.0000E+00  0.0000E+00  0.0000E+00  0.0000E+00  0.0000E+00  0.0000E+00  0.0000E+00  0.0000E+00  0.0000E+00
  0.4462E-01  0.0000E+00  0.0000E+00  0.0000E+00  0.4375E-03  0.0000E+00  0.0000E+00  0.0000E+00  0.0000E+00  0.0000E+00  0.0000E+00  0.0000E+00  0.0000E+00  0.0000E+00  0.0000E+00  0.0000E+00  0.0000E+00  0.0000E+00  0.0000E+00  0.0000E+00  0.0000E+00  0.0000E+00  0.0000E+00  0.0000E+00  0.0000E+00  0.0000E+00  0.0000E+00  0.0000E+00  0.0000E+00  0.0000E+00  0.0000E+00  0.0000E+00
  0.4256E-01  0.0000E+00  0.0000E+00  0.0000E+00  0.2500E-03  0.0000E+00  0.9413E-01  0.0000E+00  0.0000E+00  0.0000E+00  0.0000E+00  0.0000E+00  0.0000E+00  0.0000E+00  0.0000E+00  0.0000E+00  0.5625E-03  0.0000E+00  0.0000E+00  0.0000E+00  0.0000E+00  0.0000E+00  0.0000E+00  0.0000E+00  0.0000E+00  0.0000E+00  0.0000E+00  0.0000E+00  0.0000E+00  0.0000E+00  0.0000E+00  0.0000E+00
 Events:
         698           0         129         126           1           0        1478           0          82          77           0           0         250         257          67          71           4           0           5           3         170         161           0           0         117         121           9           7           0           0           7           8
         702           0         117         100           3           0           0           0          63          83           0           0           0           0          80          65           0           0           3           7           0           0           0           0           0           0           0           0           0           0           0           0
         720           0         123         104           5           0           0           0          71          78           0           0           0           0          70          79           0           0           2           4           0           0           0           0           0           0           0           0           0           0           0           0
         713           0         129         127           4           0        1525           0          86          82           0           0         265         252          54          59          11           0           4           7         155         143           0           0         132          88           8          12           0           0          13           6
         665           0           0           0           5           0        1441           0           0           0           0           0           0           0           0           0           6           0           0           0           0           0           0           0           0           0           0           0           0           0           0           0
         757           0           0           0           3           0           0           0           0           0           0           0           0           0           0           0           0           0           0           0           0           0           0           0           0           0           0           0           0           0           0           0
         714           0           0           0           7           0           0           0           0           0           0           0           0           0           0           0           0           0           0           0           0           0           0           0           0           0           0           0           0           0           0           0
         681           0           0           0           4           0        1506           0           0           0           0           0           0           0           0           0           9           0           0           0           0           0           0           0           0           0           0           0           0           0           0           0
 Accuracy:    0.251   0.010   0.147   2.905
 Found          595  events.
 Wrote            1  events.
 Actual xsec    5.2942728004967583E-008
 Correct abs xsec    5.2942728004967583E-008
 Event xsec    5.2942728004967583E-008
 Events wgts > 1:            1
 % Cross section > 1:    2.9839347671058274E-015   5.6361560492799813E-006
 Iteration  5   Mean: 0.4254E-07 Abs mean: 0.4254E-07   Fluctuation:  0.416E-08   0.912E-04    81.6%
  5    0.4254E-07 0.4254E-07 +- 0.4162E-08     17.50
 Relative summed weights:
  0.4067E-01  0.0000E+00  0.2673E-02  0.5346E-02  0.5643E-04  0.0000E+00  0.1691E+00  0.0000E+00  0.1589E-02  0.3600E-02  0.0000E+00  0.0000E+00  0.1102E-01  0.1168E-01  0.9938E-03  0.4198E-02  0.2654E-02  0.0000E+00  0.5399E-06  0.6014E-03  0.5795E-02  0.9848E-02  0.0000E+00  0.0000E+00  0.7625E-02  0.4757E-02  0.5563E-04  0.4911E-04  0.0000E+00  0.0000E+00  0.1797E-03  0.4927E-05
  0.3091E-01  0.0000E+00  0.1317E-01  0.1994E-02  0.1944E-03  0.0000E+00  0.0000E+00  0.0000E+00  0.1246E-02  0.2314E-02  0.0000E+00  0.0000E+00  0.0000E+00  0.0000E+00  0.1389E-02  0.9941E-02  0.0000E+00  0.0000E+00  0.1790E-04  0.2156E-02  0.0000E+00  0.0000E+00  0.0000E+00  0.0000E+00  0.0000E+00  0.0000E+00  0.0000E+00  0.0000E+00  0.0000E+00  0.0000E+00  0.0000E+00  0.0000E+00
  0.2838E-01  0.0000E+00  0.3998E-02  0.5441E-02  0.1180E-03  0.0000E+00  0.0000E+00  0.0000E+00  0.4496E-02  0.3258E-02  0.0000E+00  0.0000E+00  0.0000E+00  0.0000E+00  0.1490E-02  0.1103E-02  0.0000E+00  0.0000E+00  0.9071E-03  0.2395E-04  0.0000E+00  0.0000E+00  0.0000E+00  0.0000E+00  0.0000E+00  0.0000E+00  0.0000E+00  0.0000E+00  0.0000E+00  0.0000E+00  0.0000E+00  0.0000E+00
  0.2773E-01  0.0000E+00  0.5858E-02  0.5731E-02  0.2827E-04  0.0000E+00  0.1191E+00  0.0000E+00  0.1411E-02  0.5768E-03  0.0000E+00  0.0000E+00  0.8248E-02  0.3121E-01  0.9264E-02  0.1595E-02  0.4128E-03  0.0000E+00  0.1112E-04  0.1081E-04  0.5364E-01  0.3023E-02  0.0000E+00  0.0000E+00  0.4814E-02  0.7776E-02  0.6043E-04  0.7169E-03  0.0000E+00  0.0000E+00  0.2838E-03  0.2674E-03
  0.4038E-01  0.0000E+00  0.0000E+00  0.0000E+00  0.7567E-03  0.0000E+00  0.8705E-01  0.0000E+00  0.0000E+00  0.0000E+00  0.0000E+00  0.0000E+00  0.0000E+00  0.0000E+00  0.0000E+00  0.0000E+00  0.6664E-04  0.0000E+00  0.0000E+00  0.0000E+00  0.0000E+00  0.0000E+00  0.0000E+00  0.0000E+00  0.0000E+00  0.0000E+00  0.0000E+00  0.0000E+00  0.0000E+00  0.0000E+00  0.0000E+00  0.0000E+00
  0.3389E-01  0.0000E+00  0.0000E+00  0.0000E+00  0.3053E-05  0.0000E+00  0.0000E+00  0.0000E+00  0.0000E+00  0.0000E+00  0.0000E+00  0.0000E+00  0.0000E+00  0.0000E+00  0.0000E+00  0.0000E+00  0.0000E+00  0.0000E+00  0.0000E+00  0.0000E+00  0.0000E+00  0.0000E+00  0.0000E+00  0.0000E+00  0.0000E+00  0.0000E+00  0.0000E+00  0.0000E+00  0.0000E+00  0.0000E+00  0.0000E+00  0.0000E+00
  0.4224E-01  0.0000E+00  0.0000E+00  0.0000E+00  0.1182E-02  0.0000E+00  0.0000E+00  0.0000E+00  0.0000E+00  0.0000E+00  0.0000E+00  0.0000E+00  0.0000E+00  0.0000E+00  0.0000E+00  0.0000E+00  0.0000E+00  0.0000E+00  0.0000E+00  0.0000E+00  0.0000E+00  0.0000E+00  0.0000E+00  0.0000E+00  0.0000E+00  0.0000E+00  0.0000E+00  0.0000E+00  0.0000E+00  0.0000E+00  0.0000E+00  0.0000E+00
  0.4228E-01  0.0000E+00  0.0000E+00  0.0000E+00  0.5268E-03  0.0000E+00  0.7462E-01  0.0000E+00  0.0000E+00  0.0000E+00  0.0000E+00  0.0000E+00  0.0000E+00  0.0000E+00  0.0000E+00  0.0000E+00  0.1939E-03  0.0000E+00  0.0000E+00  0.0000E+00  0.0000E+00  0.0000E+00  0.0000E+00  0.0000E+00  0.0000E+00  0.0000E+00  0.0000E+00  0.0000E+00  0.0000E+00  0.0000E+00  0.0000E+00  0.0000E+00
 Relative number of events:
  0.4734E-01  0.0000E+00  0.5812E-02  0.7406E-02  0.3437E-03  0.0000E+00  0.9281E-01  0.0000E+00  0.4531E-02  0.4063E-02  0.0000E+00  0.0000E+00  0.1362E-01  0.1425E-01  0.3250E-02  0.3875E-02  0.6563E-03  0.0000E+00  0.1250E-03  0.3125E-03  0.9906E-02  0.8906E-02  0.0000E+00  0.0000E+00  0.7656E-02  0.6938E-02  0.5313E-03  0.4375E-03  0.0000E+00  0.0000E+00  0.4062E-03  0.1563E-03
  0.4628E-01  0.0000E+00  0.7000E-02  0.6281E-02  0.2500E-03  0.0000E+00  0.0000E+00  0.0000E+00  0.4938E-02  0.5000E-02  0.0000E+00  0.0000E+00  0.0000E+00  0.0000E+00  0.3156E-02  0.3969E-02  0.0000E+00  0.0000E+00  0.3125E-04  0.2500E-03  0.0000E+00  0.0000E+00  0.0000E+00  0.0000E+00  0.0000E+00  0.0000E+00  0.0000E+00  0.0000E+00  0.0000E+00  0.0000E+00  0.0000E+00  0.0000E+00
  0.4631E-01  0.0000E+00  0.6250E-02  0.7000E-02  0.2812E-03  0.0000E+00  0.0000E+00  0.0000E+00  0.4188E-02  0.4500E-02  0.0000E+00  0.0000E+00  0.0000E+00  0.0000E+00  0.3281E-02  0.3500E-02  0.0000E+00  0.0000E+00  0.2188E-03  0.2188E-03  0.0000E+00  0.0000E+00  0.0000E+00  0.0000E+00  0.0000E+00  0.0000E+00  0.0000E+00  0.0000E+00  0.0000E+00  0.0000E+00  0.0000E+00  0.0000E+00
  0.4603E-01  0.0000E+00  0.7562E-02  0.7063E-02  0.2188E-03  0.0000E+00  0.9803E-01  0.0000E+00  0.4781E-02  0.3781E-02  0.0000E+00  0.0000E+00  0.1381E-01  0.1337E-01  0.3375E-02  0.3375E-02  0.5625E-03  0.0000E+00  0.2812E-03  0.2188E-03  0.9187E-02  0.9656E-02  0.0000E+00  0.0000E+00  0.7156E-02  0.7344E-02  0.5937E-03  0.5625E-03  0.0000E+00  0.0000E+00  0.3750E-03  0.2812E-03
  0.4637E-01  0.0000E+00  0.0000E+00  0.0000E+00  0.2188E-03  0.0000E+00  0.9216E-01  0.0000E+00  0.0000E+00  0.0000E+00  0.0000E+00  0.0000E+00  0.0000E+00  0.0000E+00  0.0000E+00  0.0000E+00  0.3750E-03  0.0000E+00  0.0000E+00  0.0000E+00  0.0000E+00  0.0000E+00  0.0000E+00  0.0000E+00  0.0000E+00  0.0000E+00  0.0000E+00  0.0000E+00  0.0000E+00  0.0000E+00  0.0000E+00  0.0000E+00
  0.4666E-01  0.0000E+00  0.0000E+00  0.0000E+00  0.1875E-03  0.0000E+00  0.0000E+00  0.0000E+00  0.0000E+00  0.0000E+00  0.0000E+00  0.0000E+00  0.0000E+00  0.0000E+00  0.0000E+00  0.0000E+00  0.0000E+00  0.0000E+00  0.0000E+00  0.0000E+00  0.0000E+00  0.0000E+00  0.0000E+00  0.0000E+00  0.0000E+00  0.0000E+00  0.0000E+00  0.0000E+00  0.0000E+00  0.0000E+00  0.0000E+00  0.0000E+00
  0.4641E-01  0.0000E+00  0.0000E+00  0.0000E+00  0.2500E-03  0.0000E+00  0.0000E+00  0.0000E+00  0.0000E+00  0.0000E+00  0.0000E+00  0.0000E+00  0.0000E+00  0.0000E+00  0.0000E+00  0.0000E+00  0.0000E+00  0.0000E+00  0.0000E+00  0.0000E+00  0.0000E+00  0.0000E+00  0.0000E+00  0.0000E+00  0.0000E+00  0.0000E+00  0.0000E+00  0.0000E+00  0.0000E+00  0.0000E+00  0.0000E+00  0.0000E+00
  0.4769E-01  0.0000E+00  0.0000E+00  0.0000E+00  0.2812E-03  0.0000E+00  0.9516E-01  0.0000E+00  0.0000E+00  0.0000E+00  0.0000E+00  0.0000E+00  0.0000E+00  0.0000E+00  0.0000E+00  0.0000E+00  0.3750E-03  0.0000E+00  0.0000E+00  0.0000E+00  0.0000E+00  0.0000E+00  0.0000E+00  0.0000E+00  0.0000E+00  0.0000E+00  0.0000E+00  0.0000E+00  0.0000E+00  0.0000E+00  0.0000E+00  0.0000E+00
 Events:
        1515           0         186         237          11           0        2970           0         145         130           0           0         436         456         104         124          21           0           4          10         317         285           0           0         245         222          17          14           0           0          13           5
        1481           0         224         201           8           0           0           0         158         160           0           0           0           0         101         127           0           0           1           8           0           0           0           0           0           0           0           0           0           0           0           0
        1482           0         200         224           9           0           0           0         134         144           0           0           0           0         105         112           0           0           7           7           0           0           0           0           0           0           0           0           0           0           0           0
        1473           0         242         226           7           0        3137           0         153         121           0           0         442         428         108         108          18           0           9           7         294         309           0           0         229         235          19          18           0           0          12           9
        1484           0           0           0           7           0        2949           0           0           0           0           0           0           0           0           0          12           0           0           0           0           0           0           0           0           0           0           0           0           0           0           0
        1493           0           0           0           6           0           0           0           0           0           0           0           0           0           0           0           0           0           0           0           0           0           0           0           0           0           0           0           0           0           0           0
        1485           0           0           0           8           0           0           0           0           0           0           0           0           0           0           0           0           0           0           0           0           0           0           0           0           0           0           0           0           0           0           0
        1526           0           0           0           9           0        3045           0           0           0           0           0           0           0           0           0          12           0           0           0           0           0           0           0           0           0           0           0           0           0           0           0
 Accuracy:    0.130   0.010   0.082   2.535
 Found         1177  events.
 Wrote           15  events.
 Actual xsec    4.6795781439110162E-008
 Correct abs xsec    4.6795781439110162E-008
 Event xsec    4.6795781439110149E-008
 Events wgts > 1:            1
 % Cross section > 1:    2.8855322083467453E-016   6.1662229363588026E-007
 Iteration  6   Mean: 0.4418E-07 Abs mean: 0.4418E-07   Fluctuation:  0.171E-08   0.400E-04    84.8%
  6    0.4418E-07 0.4418E-07 +- 0.1708E-08      9.78
 Relative summed weights:
  0.3518E-01  0.0000E+00  0.4430E-02  0.7903E-02  0.1340E-03  0.0000E+00  0.9076E-01  0.0000E+00  0.1745E-02  0.1795E-02  0.0000E+00  0.0000E+00  0.1376E-01  0.2593E-01  0.6080E-02  0.6081E-02  0.4369E-03  0.0000E+00  0.2150E-03  0.1008E-03  0.1491E-01  0.3687E-02  0.0000E+00  0.0000E+00  0.6101E-02  0.6330E-02  0.1497E-03  0.7233E-04  0.0000E+00  0.0000E+00  0.8748E-03  0.4042E-04
  0.4472E-01  0.0000E+00  0.1208E-01  0.5717E-02  0.4686E-03  0.0000E+00  0.0000E+00  0.0000E+00  0.2025E-02  0.6840E-02  0.0000E+00  0.0000E+00  0.0000E+00  0.0000E+00  0.3723E-02  0.3986E-02  0.0000E+00  0.0000E+00  0.1229E-02  0.2480E-03  0.0000E+00  0.0000E+00  0.0000E+00  0.0000E+00  0.0000E+00  0.0000E+00  0.0000E+00  0.0000E+00  0.0000E+00  0.0000E+00  0.0000E+00  0.0000E+00
  0.6593E-01  0.0000E+00  0.6796E-02  0.3313E-02  0.3886E-03  0.0000E+00  0.0000E+00  0.0000E+00  0.1928E-02  0.3011E-02  0.0000E+00  0.0000E+00  0.0000E+00  0.0000E+00  0.2156E-02  0.1123E-02  0.0000E+00  0.0000E+00  0.5225E-04  0.1173E-02  0.0000E+00  0.0000E+00  0.0000E+00  0.0000E+00  0.0000E+00  0.0000E+00  0.0000E+00  0.0000E+00  0.0000E+00  0.0000E+00  0.0000E+00  0.0000E+00
  0.3688E-01  0.0000E+00  0.5287E-02  0.5555E-02  0.1083E-03  0.0000E+00  0.1031E+00  0.0000E+00  0.1268E-02  0.2701E-02  0.0000E+00  0.0000E+00  0.1253E-01  0.1550E-01  0.3747E-02  0.3307E-02  0.9325E-02  0.0000E+00  0.1659E-03  0.3483E-03  0.7309E-02  0.6857E-02  0.0000E+00  0.0000E+00  0.5695E-02  0.6143E-02  0.5427E-03  0.2457E-04  0.0000E+00  0.0000E+00  0.3829E-03  0.1655E-03
  0.5052E-01  0.0000E+00  0.0000E+00  0.0000E+00  0.1341E-04  0.0000E+00  0.1134E+00  0.0000E+00  0.0000E+00  0.0000E+00  0.0000E+00  0.0000E+00  0.0000E+00  0.0000E+00  0.0000E+00  0.0000E+00  0.8725E-03  0.0000E+00  0.0000E+00  0.0000E+00  0.0000E+00  0.0000E+00  0.0000E+00  0.0000E+00  0.0000E+00  0.0000E+00  0.0000E+00  0.0000E+00  0.0000E+00  0.0000E+00  0.0000E+00  0.0000E+00
  0.3975E-01  0.0000E+00  0.0000E+00  0.0000E+00  0.1401E-03  0.0000E+00  0.0000E+00  0.0000E+00  0.0000E+00  0.0000E+00  0.0000E+00  0.0000E+00  0.0000E+00  0.0000E+00  0.0000E+00  0.0000E+00  0.0000E+00  0.0000E+00  0.0000E+00  0.0000E+00  0.0000E+00  0.0000E+00  0.0000E+00  0.0000E+00  0.0000E+00  0.0000E+00  0.0000E+00  0.0000E+00  0.0000E+00  0.0000E+00  0.0000E+00  0.0000E+00
  0.4044E-01  0.0000E+00  0.0000E+00  0.0000E+00  0.8218E-04  0.0000E+00  0.0000E+00  0.0000E+00  0.0000E+00  0.0000E+00  0.0000E+00  0.0000E+00  0.0000E+00  0.0000E+00  0.0000E+00  0.0000E+00  0.0000E+00  0.0000E+00  0.0000E+00  0.0000E+00  0.0000E+00  0.0000E+00  0.0000E+00  0.0000E+00  0.0000E+00  0.0000E+00  0.0000E+00  0.0000E+00  0.0000E+00  0.0000E+00  0.0000E+00  0.0000E+00
  0.4223E-01  0.0000E+00  0.0000E+00  0.0000E+00  0.6982E-05  0.0000E+00  0.9021E-01  0.0000E+00  0.0000E+00  0.0000E+00  0.0000E+00  0.0000E+00  0.0000E+00  0.0000E+00  0.0000E+00  0.0000E+00  0.1780E-02  0.0000E+00  0.0000E+00  0.0000E+00  0.0000E+00  0.0000E+00  0.0000E+00  0.0000E+00  0.0000E+00  0.0000E+00  0.0000E+00  0.0000E+00  0.0000E+00  0.0000E+00  0.0000E+00  0.0000E+00
 Relative number of events:
  0.4870E-01  0.0000E+00  0.5797E-02  0.6672E-02  0.2344E-03  0.0000E+00  0.9809E-01  0.0000E+00  0.3891E-02  0.4000E-02  0.0000E+00  0.0000E+00  0.1292E-01  0.1319E-01  0.3375E-02  0.3125E-02  0.2656E-03  0.0000E+00  0.1719E-03  0.1563E-03  0.8516E-02  0.7437E-02  0.0000E+00  0.0000E+00  0.6250E-02  0.5781E-02  0.5313E-03  0.4844E-03  0.0000E+00  0.0000E+00  0.2812E-03  0.2969E-03
  0.4738E-01  0.0000E+00  0.6547E-02  0.6375E-02  0.1563E-03  0.0000E+00  0.0000E+00  0.0000E+00  0.3656E-02  0.3703E-02  0.0000E+00  0.0000E+00  0.0000E+00  0.0000E+00  0.3266E-02  0.2891E-02  0.0000E+00  0.0000E+00  0.1406E-03  0.1406E-03  0.0000E+00  0.0000E+00  0.0000E+00  0.0000E+00  0.0000E+00  0.0000E+00  0.0000E+00  0.0000E+00  0.0000E+00  0.0000E+00  0.0000E+00  0.0000E+00
  0.4745E-01  0.0000E+00  0.5922E-02  0.5703E-02  0.2656E-03  0.0000E+00  0.0000E+00  0.0000E+00  0.3891E-02  0.3578E-02  0.0000E+00  0.0000E+00  0.0000E+00  0.0000E+00  0.3125E-02  0.2938E-02  0.0000E+00  0.0000E+00  0.9375E-04  0.1875E-03  0.0000E+00  0.0000E+00  0.0000E+00  0.0000E+00  0.0000E+00  0.0000E+00  0.0000E+00  0.0000E+00  0.0000E+00  0.0000E+00  0.0000E+00  0.0000E+00
  0.4853E-01  0.0000E+00  0.6578E-02  0.6406E-02  0.1719E-03  0.0000E+00  0.1007E+00  0.0000E+00  0.4141E-02  0.3859E-02  0.0000E+00  0.0000E+00  0.1362E-01  0.1391E-01  0.3312E-02  0.3219E-02  0.3594E-03  0.0000E+00  0.2812E-03  0.1094E-03  0.7812E-02  0.7828E-02  0.0000E+00  0.0000E+00  0.6156E-02  0.6656E-02  0.4531E-03  0.4062E-03  0.0000E+00  0.0000E+00  0.2656E-03  0.3437E-03
  0.4811E-01  0.0000E+00  0.0000E+00  0.0000E+00  0.9375E-04  0.0000E+00  0.9869E-01  0.0000E+00  0.0000E+00  0.0000E+00  0.0000E+00  0.0000E+00  0.0000E+00  0.0000E+00  0.0000E+00  0.0000E+00  0.4375E-03  0.0000E+00  0.0000E+00  0.0000E+00  0.0000E+00  0.0000E+00  0.0000E+00  0.0000E+00  0.0000E+00  0.0000E+00  0.0000E+00  0.0000E+00  0.0000E+00  0.0000E+00  0.0000E+00  0.0000E+00
  0.4788E-01  0.0000E+00  0.0000E+00  0.0000E+00  0.1406E-03  0.0000E+00  0.0000E+00  0.0000E+00  0.0000E+00  0.0000E+00  0.0000E+00  0.0000E+00  0.0000E+00  0.0000E+00  0.0000E+00  0.0000E+00  0.0000E+00  0.0000E+00  0.0000E+00  0.0000E+00  0.0000E+00  0.0000E+00  0.0000E+00  0.0000E+00  0.0000E+00  0.0000E+00  0.0000E+00  0.0000E+00  0.0000E+00  0.0000E+00  0.0000E+00  0.0000E+00
  0.4750E-01  0.0000E+00  0.0000E+00  0.0000E+00  0.2812E-03  0.0000E+00  0.0000E+00  0.0000E+00  0.0000E+00  0.0000E+00  0.0000E+00  0.0000E+00  0.0000E+00  0.0000E+00  0.0000E+00  0.0000E+00  0.0000E+00  0.0000E+00  0.0000E+00  0.0000E+00  0.0000E+00  0.0000E+00  0.0000E+00  0.0000E+00  0.0000E+00  0.0000E+00  0.0000E+00  0.0000E+00  0.0000E+00  0.0000E+00  0.0000E+00  0.0000E+00
  0.4731E-01  0.0000E+00  0.0000E+00  0.0000E+00  0.1094E-03  0.0000E+00  0.9634E-01  0.0000E+00  0.0000E+00  0.0000E+00  0.0000E+00  0.0000E+00  0.0000E+00  0.0000E+00  0.0000E+00  0.0000E+00  0.4531E-03  0.0000E+00  0.0000E+00  0.0000E+00  0.0000E+00  0.0000E+00  0.0000E+00  0.0000E+00  0.0000E+00  0.0000E+00  0.0000E+00  0.0000E+00  0.0000E+00  0.0000E+00  0.0000E+00  0.0000E+00
 Events:
        3117           0         371         427          15           0        6278           0         249         256           0           0         827         844         216         200          17           0          11          10         545         476           0           0         400         370          34          31           0           0          18          19
        3032           0         419         408          10           0           0           0         234         237           0           0           0           0         209         185           0           0           9           9           0           0           0           0           0           0           0           0           0           0           0           0
        3037           0         379         365          17           0           0           0         249         229           0           0           0           0         200         188           0           0           6          12           0           0           0           0           0           0           0           0           0           0           0           0
        3106           0         421         410          11           0        6442           0         265         247           0           0         872         890         212         206          23           0          18           7         500         501           0           0         394         426          29          26           0           0          17          22
        3079           0           0           0           6           0        6316           0           0           0           0           0           0           0           0           0          28           0           0           0           0           0           0           0           0           0           0           0           0           0           0           0
        3064           0           0           0           9           0           0           0           0           0           0           0           0           0           0           0           0           0           0           0           0           0           0           0           0           0           0           0           0           0           0           0
        3040           0           0           0          18           0           0           0           0           0           0           0           0           0           0           0           0           0           0           0           0           0           0           0           0           0           0           0           0           0           0           0
        3028           0           0           0           7           0        6166           0           0           0           0           0           0           0           0           0          29           0           0           0           0           0           0           0           0           0           0           0           0           0           0           0
 Accuracy:    0.049   0.010   0.035   2.000
 Found         4114  events.
 Wrote          104  events.
 Actual xsec    4.4289069328031468E-008
 Correct abs xsec    4.4289069328031468E-008
 Event xsec    4.4289069328031388E-008
 Events wgts > 1:            4
 % Cross section > 1:    3.9212415106422774E-010  0.88537455632657636     
 Iteration  7   Mean: 0.4762E-07 Abs mean: 0.4762E-07   Fluctuation:  0.230E-08   0.182E-03    86.4%
  7    0.4762E-07 0.4762E-07 +- 0.2304E-08     17.31
 Exceeded boost           5          96   128000.000    
 Relative summed weights:
  0.4087E-01  0.0000E+00  0.7368E-02  0.1803E-01  0.4717E-03  0.0000E+00  0.8619E-01  0.0000E+00  0.5791E-02  0.2321E-02  0.0000E+00  0.0000E+00  0.3685E-01  0.1248E-01  0.2474E-02  0.3819E-02  0.4279E-03  0.0000E+00  0.3660E-03  0.4562E-03  0.6706E-02  0.5972E-02  0.0000E+00  0.0000E+00  0.6152E-02  0.5360E-02  0.3844E-03  0.1663E-03  0.0000E+00  0.0000E+00  0.5392E-03  0.8030E-03
  0.4171E-01  0.0000E+00  0.3709E-01  0.6349E-02  0.7453E-03  0.0000E+00  0.0000E+00  0.0000E+00  0.2516E-02  0.5193E-02  0.0000E+00  0.0000E+00  0.0000E+00  0.0000E+00  0.3080E-02  0.3814E-02  0.0000E+00  0.0000E+00  0.1279E-02  0.9775E-04  0.0000E+00  0.0000E+00  0.0000E+00  0.0000E+00  0.0000E+00  0.0000E+00  0.0000E+00  0.0000E+00  0.0000E+00  0.0000E+00  0.0000E+00  0.0000E+00
  0.3616E-01  0.0000E+00  0.3791E-02  0.8927E-02  0.2035E-03  0.0000E+00  0.0000E+00  0.0000E+00  0.2035E-02  0.2000E-02  0.0000E+00  0.0000E+00  0.0000E+00  0.0000E+00  0.4556E-02  0.3081E-02  0.0000E+00  0.0000E+00  0.5078E-03  0.6623E-04  0.0000E+00  0.0000E+00  0.0000E+00  0.0000E+00  0.0000E+00  0.0000E+00  0.0000E+00  0.0000E+00  0.0000E+00  0.0000E+00  0.0000E+00  0.0000E+00
  0.3918E-01  0.0000E+00  0.1763E-01  0.2097E-01  0.1716E-03  0.0000E+00  0.9329E-01  0.0000E+00  0.2721E-02  0.2451E-02  0.0000E+00  0.0000E+00  0.2278E-01  0.1346E-01  0.2779E-02  0.3591E-02  0.6620E-02  0.0000E+00  0.2992E-03  0.4071E-04  0.4786E-02  0.7820E-02  0.0000E+00  0.0000E+00  0.6066E-02  0.7772E-02  0.1082E-02  0.5696E-04  0.0000E+00  0.0000E+00  0.1189E-02  0.7542E-03
  0.4009E-01  0.0000E+00  0.0000E+00  0.0000E+00  0.1109E-03  0.0000E+00  0.7912E-01  0.0000E+00  0.0000E+00  0.0000E+00  0.0000E+00  0.0000E+00  0.0000E+00  0.0000E+00  0.0000E+00  0.0000E+00  0.7098E-03  0.0000E+00  0.0000E+00  0.0000E+00  0.0000E+00  0.0000E+00  0.0000E+00  0.0000E+00  0.0000E+00  0.0000E+00  0.0000E+00  0.0000E+00  0.0000E+00  0.0000E+00  0.0000E+00  0.0000E+00
  0.4309E-01  0.0000E+00  0.0000E+00  0.0000E+00  0.6972E-04  0.0000E+00  0.0000E+00  0.0000E+00  0.0000E+00  0.0000E+00  0.0000E+00  0.0000E+00  0.0000E+00  0.0000E+00  0.0000E+00  0.0000E+00  0.0000E+00  0.0000E+00  0.0000E+00  0.0000E+00  0.0000E+00  0.0000E+00  0.0000E+00  0.0000E+00  0.0000E+00  0.0000E+00  0.0000E+00  0.0000E+00  0.0000E+00  0.0000E+00  0.0000E+00  0.0000E+00
  0.4825E-01  0.0000E+00  0.0000E+00  0.0000E+00  0.3321E-03  0.0000E+00  0.0000E+00  0.0000E+00  0.0000E+00  0.0000E+00  0.0000E+00  0.0000E+00  0.0000E+00  0.0000E+00  0.0000E+00  0.0000E+00  0.0000E+00  0.0000E+00  0.0000E+00  0.0000E+00  0.0000E+00  0.0000E+00  0.0000E+00  0.0000E+00  0.0000E+00  0.0000E+00  0.0000E+00  0.0000E+00  0.0000E+00  0.0000E+00  0.0000E+00  0.0000E+00
  0.3909E-01  0.0000E+00  0.0000E+00  0.0000E+00  0.1258E-02  0.0000E+00  0.8455E-01  0.0000E+00  0.0000E+00  0.0000E+00  0.0000E+00  0.0000E+00  0.0000E+00  0.0000E+00  0.0000E+00  0.0000E+00  0.6013E-03  0.0000E+00  0.0000E+00  0.0000E+00  0.0000E+00  0.0000E+00  0.0000E+00  0.0000E+00  0.0000E+00  0.0000E+00  0.0000E+00  0.0000E+00  0.0000E+00  0.0000E+00  0.0000E+00  0.0000E+00
 Relative number of events:
  0.4783E-01  0.0000E+00  0.6203E-02  0.6406E-02  0.2109E-03  0.0000E+00  0.1004E+00  0.0000E+00  0.3687E-02  0.4055E-02  0.0000E+00  0.0000E+00  0.1238E-01  0.1209E-01  0.2977E-02  0.3117E-02  0.2422E-03  0.0000E+00  0.8594E-04  0.1719E-03  0.7250E-02  0.7492E-02  0.0000E+00  0.0000E+00  0.5727E-02  0.5703E-02  0.3125E-03  0.4141E-03  0.0000E+00  0.0000E+00  0.2812E-03  0.2656E-03
  0.4810E-01  0.0000E+00  0.6156E-02  0.6117E-02  0.1016E-03  0.0000E+00  0.0000E+00  0.0000E+00  0.3672E-02  0.3758E-02  0.0000E+00  0.0000E+00  0.0000E+00  0.0000E+00  0.2922E-02  0.3031E-02  0.0000E+00  0.0000E+00  0.1797E-03  0.1250E-03  0.0000E+00  0.0000E+00  0.0000E+00  0.0000E+00  0.0000E+00  0.0000E+00  0.0000E+00  0.0000E+00  0.0000E+00  0.0000E+00  0.0000E+00  0.0000E+00
  0.4863E-01  0.0000E+00  0.5945E-02  0.6172E-02  0.1719E-03  0.0000E+00  0.0000E+00  0.0000E+00  0.3930E-02  0.3727E-02  0.0000E+00  0.0000E+00  0.0000E+00  0.0000E+00  0.3148E-02  0.2984E-02  0.0000E+00  0.0000E+00  0.2188E-03  0.7031E-04  0.0000E+00  0.0000E+00  0.0000E+00  0.0000E+00  0.0000E+00  0.0000E+00  0.0000E+00  0.0000E+00  0.0000E+00  0.0000E+00  0.0000E+00  0.0000E+00
  0.4876E-01  0.0000E+00  0.6008E-02  0.5922E-02  0.1094E-03  0.0000E+00  0.1000E+00  0.0000E+00  0.3648E-02  0.3336E-02  0.0000E+00  0.0000E+00  0.1181E-01  0.1192E-01  0.3023E-02  0.2797E-02  0.3750E-03  0.0000E+00  0.1563E-03  0.1719E-03  0.7828E-02  0.7625E-02  0.0000E+00  0.0000E+00  0.5602E-02  0.5648E-02  0.3125E-03  0.3516E-03  0.0000E+00  0.0000E+00  0.3750E-03  0.2891E-03
  0.4919E-01  0.0000E+00  0.0000E+00  0.0000E+00  0.1172E-03  0.0000E+00  0.9998E-01  0.0000E+00  0.0000E+00  0.0000E+00  0.0000E+00  0.0000E+00  0.0000E+00  0.0000E+00  0.0000E+00  0.0000E+00  0.4219E-03  0.0000E+00  0.0000E+00  0.0000E+00  0.0000E+00  0.0000E+00  0.0000E+00  0.0000E+00  0.0000E+00  0.0000E+00  0.0000E+00  0.0000E+00  0.0000E+00  0.0000E+00  0.0000E+00  0.0000E+00
  0.4869E-01  0.0000E+00  0.0000E+00  0.0000E+00  0.2109E-03  0.0000E+00  0.0000E+00  0.0000E+00  0.0000E+00  0.0000E+00  0.0000E+00  0.0000E+00  0.0000E+00  0.0000E+00  0.0000E+00  0.0000E+00  0.0000E+00  0.0000E+00  0.0000E+00  0.0000E+00  0.0000E+00  0.0000E+00  0.0000E+00  0.0000E+00  0.0000E+00  0.0000E+00  0.0000E+00  0.0000E+00  0.0000E+00  0.0000E+00  0.0000E+00  0.0000E+00
  0.4906E-01  0.0000E+00  0.0000E+00  0.0000E+00  0.1406E-03  0.0000E+00  0.0000E+00  0.0000E+00  0.0000E+00  0.0000E+00  0.0000E+00  0.0000E+00  0.0000E+00  0.0000E+00  0.0000E+00  0.0000E+00  0.0000E+00  0.0000E+00  0.0000E+00  0.0000E+00  0.0000E+00  0.0000E+00  0.0000E+00  0.0000E+00  0.0000E+00  0.0000E+00  0.0000E+00  0.0000E+00  0.0000E+00  0.0000E+00  0.0000E+00  0.0000E+00
  0.4965E-01  0.0000E+00  0.0000E+00  0.0000E+00  0.2031E-03  0.0000E+00  0.9940E-01  0.0000E+00  0.0000E+00  0.0000E+00  0.0000E+00  0.0000E+00  0.0000E+00  0.0000E+00  0.0000E+00  0.0000E+00  0.3750E-03  0.0000E+00  0.0000E+00  0.0000E+00  0.0000E+00  0.0000E+00  0.0000E+00  0.0000E+00  0.0000E+00  0.0000E+00  0.0000E+00  0.0000E+00  0.0000E+00  0.0000E+00  0.0000E+00  0.0000E+00
 Events:
        6122           0         794         820          27           0       12851           0         472         519           0           0        1584        1547         381         399          31           0          11          22         928         959           0           0         733         730          40          53           0           0          36          34
        6157           0         788         783          13           0           0           0         470         481           0           0           0           0         374         388           0           0          23          16           0           0           0           0           0           0           0           0           0           0           0           0
        6225           0         761         790          22           0           0           0         503         477           0           0           0           0         403         382           0           0          28           9           0           0           0           0           0           0           0           0           0           0           0           0
        6241           0         769         758          14           0       12806           0         467         427           0           0        1512        1526         387         358          48           0          20          22        1002         976           0           0         717         723          40          45           0           0          48          37
        6296           0           0           0          15           0       12797           0           0           0           0           0           0           0           0           0          54           0           0           0           0           0           0           0           0           0           0           0           0           0           0           0
        6232           0           0           0          27           0           0           0           0           0           0           0           0           0           0           0           0           0           0           0           0           0           0           0           0           0           0           0           0           0           0           0
        6280           0           0           0          18           0           0           0           0           0           0           0           0           0           0           0           0           0           0           0           0           0           0           0           0           0           0           0           0           0           0           0
        6355           0           0           0          26           0       12723           0           0           0           0           0           0           0           0           0          48           0           0           0           0           0           0           0           0           0           0           0           0           0           0           0
 Accuracy:    0.039   0.010   0.028   1.861
 Found         9215  events.
 Wrote           39  events.
 Actual xsec    4.5259654120695874E-008
 Correct abs xsec    4.5259654120695874E-008
 Event xsec    4.5259654120695880E-008
 Events wgts > 1:            2
 % Cross section > 1:    2.2914158764332454E-010  0.50628223324964594     
 Iteration  8   Mean: 0.4827E-07 Abs mean: 0.4827E-07   Fluctuation:  0.924E-09   0.907E-04    87.2%
  8    0.4827E-07 0.4827E-07 +- 0.9245E-09      9.69
 Exceeded boost           3          94   128000.000    
 Exceeded boost           3          96   128000.000    
 Exceeded boost           4          96   256000.000    
 Relative summed weights:
  0.4604E-01  0.0000E+00  0.6183E-02  0.5023E-02  0.1020E-02  0.0000E+00  0.9275E-01  0.0000E+00  0.2406E-02  0.2770E-02  0.0000E+00  0.0000E+00  0.1338E-01  0.1689E-01  0.1093E-01  0.7260E-02  0.7669E-03  0.0000E+00  0.2725E-03  0.9774E-03  0.5299E-02  0.5574E-02  0.0000E+00  0.0000E+00  0.5887E-02  0.1342E-01  0.1750E-03  0.3133E-03  0.0000E+00  0.0000E+00  0.6048E-03  0.6575E-03
  0.4165E-01  0.0000E+00  0.5013E-02  0.6684E-02  0.2892E-03  0.0000E+00  0.0000E+00  0.0000E+00  0.2050E-02  0.1726E-02  0.0000E+00  0.0000E+00  0.0000E+00  0.0000E+00  0.3527E-02  0.5249E-02  0.0000E+00  0.0000E+00  0.1736E-03  0.1431E-03  0.0000E+00  0.0000E+00  0.0000E+00  0.0000E+00  0.0000E+00  0.0000E+00  0.0000E+00  0.0000E+00  0.0000E+00  0.0000E+00  0.0000E+00  0.0000E+00
  0.4959E-01  0.0000E+00  0.8411E-02  0.8213E-02  0.5688E-03  0.0000E+00  0.0000E+00  0.0000E+00  0.1608E-02  0.2640E-02  0.0000E+00  0.0000E+00  0.0000E+00  0.0000E+00  0.5184E-02  0.3430E-02  0.0000E+00  0.0000E+00  0.1161E-02  0.1440E-03  0.0000E+00  0.0000E+00  0.0000E+00  0.0000E+00  0.0000E+00  0.0000E+00  0.0000E+00  0.0000E+00  0.0000E+00  0.0000E+00  0.0000E+00  0.0000E+00
  0.4217E-01  0.0000E+00  0.6884E-02  0.7114E-02  0.3072E-03  0.0000E+00  0.9512E-01  0.0000E+00  0.2389E-02  0.3073E-02  0.0000E+00  0.0000E+00  0.1363E-01  0.1919E-01  0.4237E-02  0.3502E-02  0.1537E-02  0.0000E+00  0.1078E-02  0.3074E-03  0.5784E-02  0.5599E-02  0.0000E+00  0.0000E+00  0.6760E-02  0.8401E-02  0.4854E-03  0.5069E-03  0.0000E+00  0.0000E+00  0.1321E-02  0.8687E-03
  0.4826E-01  0.0000E+00  0.0000E+00  0.0000E+00  0.6975E-03  0.0000E+00  0.9504E-01  0.0000E+00  0.0000E+00  0.0000E+00  0.0000E+00  0.0000E+00  0.0000E+00  0.0000E+00  0.0000E+00  0.0000E+00  0.1009E-02  0.0000E+00  0.0000E+00  0.0000E+00  0.0000E+00  0.0000E+00  0.0000E+00  0.0000E+00  0.0000E+00  0.0000E+00  0.0000E+00  0.0000E+00  0.0000E+00  0.0000E+00  0.0000E+00  0.0000E+00
  0.4280E-01  0.0000E+00  0.0000E+00  0.0000E+00  0.3430E-02  0.0000E+00  0.0000E+00  0.0000E+00  0.0000E+00  0.0000E+00  0.0000E+00  0.0000E+00  0.0000E+00  0.0000E+00  0.0000E+00  0.0000E+00  0.0000E+00  0.0000E+00  0.0000E+00  0.0000E+00  0.0000E+00  0.0000E+00  0.0000E+00  0.0000E+00  0.0000E+00  0.0000E+00  0.0000E+00  0.0000E+00  0.0000E+00  0.0000E+00  0.0000E+00  0.0000E+00
  0.4480E-01  0.0000E+00  0.0000E+00  0.0000E+00  0.1080E-02  0.0000E+00  0.0000E+00  0.0000E+00  0.0000E+00  0.0000E+00  0.0000E+00  0.0000E+00  0.0000E+00  0.0000E+00  0.0000E+00  0.0000E+00  0.0000E+00  0.0000E+00  0.0000E+00  0.0000E+00  0.0000E+00  0.0000E+00  0.0000E+00  0.0000E+00  0.0000E+00  0.0000E+00  0.0000E+00  0.0000E+00  0.0000E+00  0.0000E+00  0.0000E+00  0.0000E+00
  0.4098E-01  0.0000E+00  0.0000E+00  0.0000E+00  0.4116E-03  0.0000E+00  0.1044E+00  0.0000E+00  0.0000E+00  0.0000E+00  0.0000E+00  0.0000E+00  0.0000E+00  0.0000E+00  0.0000E+00  0.0000E+00  0.7452E-03  0.0000E+00  0.0000E+00  0.0000E+00  0.0000E+00  0.0000E+00  0.0000E+00  0.0000E+00  0.0000E+00  0.0000E+00  0.0000E+00  0.0000E+00  0.0000E+00  0.0000E+00  0.0000E+00  0.0000E+00
 Relative number of events:
  0.4908E-01  0.0000E+00  0.5984E-02  0.5883E-02  0.1406E-03  0.0000E+00  0.1011E+00  0.0000E+00  0.3543E-02  0.3609E-02  0.0000E+00  0.0000E+00  0.1162E-01  0.1182E-01  0.2941E-02  0.2965E-02  0.3594E-03  0.0000E+00  0.1328E-03  0.1172E-03  0.7035E-02  0.7406E-02  0.0000E+00  0.0000E+00  0.5426E-02  0.5492E-02  0.3203E-03  0.2852E-03  0.0000E+00  0.0000E+00  0.2852E-03  0.2656E-03
  0.4961E-01  0.0000E+00  0.5977E-02  0.5777E-02  0.1484E-03  0.0000E+00  0.0000E+00  0.0000E+00  0.3664E-02  0.3391E-02  0.0000E+00  0.0000E+00  0.0000E+00  0.0000E+00  0.2852E-02  0.3027E-02  0.0000E+00  0.0000E+00  0.1367E-03  0.1016E-03  0.0000E+00  0.0000E+00  0.0000E+00  0.0000E+00  0.0000E+00  0.0000E+00  0.0000E+00  0.0000E+00  0.0000E+00  0.0000E+00  0.0000E+00  0.0000E+00
  0.4951E-01  0.0000E+00  0.5930E-02  0.6035E-02  0.2148E-03  0.0000E+00  0.0000E+00  0.0000E+00  0.3484E-02  0.3406E-02  0.0000E+00  0.0000E+00  0.0000E+00  0.0000E+00  0.2949E-02  0.2980E-02  0.0000E+00  0.0000E+00  0.1523E-03  0.1250E-03  0.0000E+00  0.0000E+00  0.0000E+00  0.0000E+00  0.0000E+00  0.0000E+00  0.0000E+00  0.0000E+00  0.0000E+00  0.0000E+00  0.0000E+00  0.0000E+00
  0.4930E-01  0.0000E+00  0.6023E-02  0.5746E-02  0.1563E-03  0.0000E+00  0.1014E+00  0.0000E+00  0.3539E-02  0.3516E-02  0.0000E+00  0.0000E+00  0.1202E-01  0.1140E-01  0.2840E-02  0.2754E-02  0.3359E-03  0.0000E+00  0.1445E-03  0.1523E-03  0.7258E-02  0.7332E-02  0.0000E+00  0.0000E+00  0.5148E-02  0.5500E-02  0.3594E-03  0.2891E-03  0.0000E+00  0.0000E+00  0.2852E-03  0.2500E-03
  0.4921E-01  0.0000E+00  0.0000E+00  0.0000E+00  0.1953E-03  0.0000E+00  0.1015E+00  0.0000E+00  0.0000E+00  0.0000E+00  0.0000E+00  0.0000E+00  0.0000E+00  0.0000E+00  0.0000E+00  0.0000E+00  0.3047E-03  0.0000E+00  0.0000E+00  0.0000E+00  0.0000E+00  0.0000E+00  0.0000E+00  0.0000E+00  0.0000E+00  0.0000E+00  0.0000E+00  0.0000E+00  0.0000E+00  0.0000E+00  0.0000E+00  0.0000E+00
  0.4870E-01  0.0000E+00  0.0000E+00  0.0000E+00  0.2383E-03  0.0000E+00  0.0000E+00  0.0000E+00  0.0000E+00  0.0000E+00  0.0000E+00  0.0000E+00  0.0000E+00  0.0000E+00  0.0000E+00  0.0000E+00  0.0000E+00  0.0000E+00  0.0000E+00  0.0000E+00  0.0000E+00  0.0000E+00  0.0000E+00  0.0000E+00  0.0000E+00  0.0000E+00  0.0000E+00  0.0000E+00  0.0000E+00  0.0000E+00  0.0000E+00  0.0000E+00
  0.4971E-01  0.0000E+00  0.0000E+00  0.0000E+00  0.1289E-03  0.0000E+00  0.0000E+00  0.0000E+00  0.0000E+00  0.0000E+00  0.0000E+00  0.0000E+00  0.0000E+00  0.0000E+00  0.0000E+00  0.0000E+00  0.0000E+00  0.0000E+00  0.0000E+00  0.0000E+00  0.0000E+00  0.0000E+00  0.0000E+00  0.0000E+00  0.0000E+00  0.0000E+00  0.0000E+00  0.0000E+00  0.0000E+00  0.0000E+00  0.0000E+00  0.0000E+00
  0.4887E-01  0.0000E+00  0.0000E+00  0.0000E+00  0.1367E-03  0.0000E+00  0.9967E-01  0.0000E+00  0.0000E+00  0.0000E+00  0.0000E+00  0.0000E+00  0.0000E+00  0.0000E+00  0.0000E+00  0.0000E+00  0.3164E-03  0.0000E+00  0.0000E+00  0.0000E+00  0.0000E+00  0.0000E+00  0.0000E+00  0.0000E+00  0.0000E+00  0.0000E+00  0.0000E+00  0.0000E+00  0.0000E+00  0.0000E+00  0.0000E+00  0.0000E+00
 Events:
       12564           0        1532        1506          36           0       25883           0         907         924           0           0        2976        3025         753         759          92           0          34          30        1801        1896           0           0        1389        1406          82          73           0           0          73          68
       12699           0        1530        1479          38           0           0           0         938         868           0           0           0           0         730         775           0           0          35          26           0           0           0           0           0           0           0           0           0           0           0           0
       12675           0        1518        1545          55           0           0           0         892         872           0           0           0           0         755         763           0           0          39          32           0           0           0           0           0           0           0           0           0           0           0           0
       12620           0        1542        1471          40           0       25953           0         906         900           0           0        3077        2919         727         705          86           0          37          39        1858        1877           0           0        1318        1408          92          74           0           0          73          64
       12597           0           0           0          50           0       25987           0           0           0           0           0           0           0           0           0          78           0           0           0           0           0           0           0           0           0           0           0           0           0           0           0
       12467           0           0           0          61           0           0           0           0           0           0           0           0           0           0           0           0           0           0           0           0           0           0           0           0           0           0           0           0           0           0           0
       12727           0           0           0          33           0           0           0           0           0           0           0           0           0           0           0           0           0           0           0           0           0           0           0           0           0           0           0           0           0           0           0
       12510           0           0           0          35           0       25515           0           0           0           0           0           0           0           0           0          81           0           0           0           0           0           0           0           0           0           0           0           0           0           0           0
 Accuracy:    0.022   0.010   0.016   1.941
 Found        18718  events.
 Wrote          252  events.
 Actual xsec    4.7484353933791310E-008
 Correct abs xsec    4.7484353933791310E-008
 Event xsec    4.7484353933791296E-008
 Events wgts > 1:            4
Thanks for using LHAPDF 6.2.1. Please make sure to cite the paper:
  Eur.Phys.J. C75 (2015) 3, 132  (http://arxiv.org/abs/1412.7420)
 % Cross section > 1:    4.7140979100712530E-010  0.99276867421303572     

 -------------------------------------------------------------------------------
 Accumulated results:   Integral =  0.4734E-07
                        Std dev  =  0.7510E-09
                       Cross sec =  0.4734E-07
             Chi**2 per DoF.     =      1.9407
 -------------------------------------------------------------------------------
-------------------------------------------------
---------------------------
 Results Last   3 iters: Integral =   0.4748E-07
                     Abs integral =   0.4748E-07
                          Std dev =   0.7679E-09
                  Chi**2 per DoF. =      2.2413
-------------------------------------------------
---------------------------
 Status   1.0000000000000000E-002           9           8

ls status:
events.lhe
ftn26
input_app.txt
results.dat
run1_app.log
