==== LHAPDF6 USING DEFAULT-TYPE LHAGLUE INTERFACE ====
LHAPDF 6.2.1 loading /cvmfs/cms.cern.ch/slc6_amd64_gcc630/external/lhapdf/6.2.1-ghjeda2/share/LHAPDF/NNPDF30_lo_as_0130_nf_4/NNPDF30_lo_as_0130_nf_4_0000.dat
NNPDF30_lo_as_0130_nf_4 PDF set, member #0, version 2; LHAPDF ID = 263400
 Process in group number            1
 A PDF is used, so alpha_s(MZ) is going to be modified
 Old value of alpha_s from param_card:   0.11810000000000001     
 New value of alpha_s from PDF lhapdf :  0.12470044313224841     
 using LHAPDF
 Define smin to   10000.000000000000     
 Define smin to   10000.000000000000     
 Define smin to   10000.000000000000     
 Define smin to   10000.000000000000     
 Define smin to   10000.000000000000     
 Define smin to   10000.000000000000     
 Define smin to   10000.000000000000     
 Define smin to   10000.000000000000     
 Define smin to   10000.000000000000     
 Define smin to   10000.000000000000     
 Define smin to   10000.000000000000     
 Define smin to   10000.000000000000     
 Define smin to   10000.000000000000     
 Define smin to   10000.000000000000     
 Define smin to   10000.000000000000     
 Define smin to   10000.000000000000     
 *****************************************************
 *               MadGraph/MadEvent                   *
 *        --------------------------------           *
 *          http://madgraph.hep.uiuc.edu             *
 *          http://madgraph.phys.ucl.ac.be           *
 *          http://madgraph.roma2.infn.it            *
 *        --------------------------------           *
 *                                                   *
 *          PARAMETER AND COUPLING VALUES            *
 *                                                   *
 *****************************************************

  External Params
  ---------------------------------
  
 mdl_MW0 =    80.387000000000000     
 mdl_Gf =    1.1663789999999999E-005
 aS =   0.11810000000000001     
 mdl_ymdo =    1.0000000000000000E-099
 mdl_ymb =    4.1799999999999997     
 mdl_ymt =    173.19999999999999     
 mdl_ymtau =    1.7769999999999999     
 mdl_LambdaSMEFT =    1000.0000000000000     
 mdl_cW =    1.0000000000000000     
 mdl_MZ =    91.187600000000003     
 mdl_MTA =    1.7769999999999999     
 mdl_MT =    173.19999999999999     
 mdl_MB =    4.1799999999999997     
 mdl_MH =    125.09000000000000     
 mdl_WZ =    2.4952000000000001     
 mdl_WW =    2.0850000000000000     
 mdl_WT =    1.5083359999999999     
 mdl_WH =    4.0699999999999998E-003
  Internal Params
  ---------------------------------
  
 mdl_ymm =    1.0000000000000000E-099
 mdl_yme =    1.0000000000000000E-099
 mdl_ymc =    1.0000000000000000E-099
 mdl_yms =    1.0000000000000000E-099
 mdl_ymup =    1.0000000000000000E-099
 mdl_conjg__CKM3x3 =    1.0000000000000000     
 mdl_cH =    0.0000000000000000     
 mdl_cHB =    0.0000000000000000     
 mdl_CKM2x2 =    1.0000000000000000     
 mdl_CKM1x1 =    1.0000000000000000     
 mdl_conjg__CKM1x1 =    1.0000000000000000     
 mdl_dGf =    0.0000000000000000     
 mdl_CKM3x3 =    1.0000000000000000     
 mdl_dMH2 =    0.0000000000000000     
 mdl_conjg__CKM2x2 =    1.0000000000000000     
 mdl_dg1 =    0.0000000000000000     
 mdl_cHW =    0.0000000000000000     
 mdl_dgw =    0.0000000000000000     
 mdl_complexi =  (  0.0000000000000000     ,  1.0000000000000000     )
 mdl_MW =    80.387000000000000     
 mdl_nb__2__exp__0_25 =    1.1892071150027210     
 mdl_MH__exp__2 =    15647.508100000001     
 mdl_sqrt__2 =    1.4142135623730951     
 mdl_MW__exp__2 =    6462.0697689999997     
 mdl_MZ__exp__2 =    8315.1783937600012     
 mdl_sth2 =   0.22285855299877133     
 mdl_MH__exp__6 =    3831206449390.3818     
 mdl_MT__exp__6 =    26995248278778.535     
 mdl_MH__exp__4 =    244844509.73956564     
 mdl_MT__exp__4 =    899894403.09759963     
 mdl_MT__exp__2 =    29998.239999999994     
 mdl_LambdaSMEFT__exp__2 =    1000000.0000000000     
 mdl_cth =   0.88155626422890820     
 mdl_sqrt__sth2 =   0.47207896902824564     
 mdl_sth =   0.47207896902824564     
 mdl_MW0__exp__6 =    269845343347.69711     
 mdl_MW0__exp__4 =    41758345.699423708     
 mdl_MW0__exp__2 =    6462.0697689999997     
 mdl_MZ__exp__4 =    69142191.720053151     
 mdl_MZ__exp__6 =    574929658687.79749     
 mdl_cth__exp__2 =   0.77714144700122867     
 mdl_sth__exp__2 =   0.22285855299877130     
 mdl_sth__exp__3 =   0.10520683593878660     
 mdl_cth__exp__3 =   0.68509391079585125     
 mdl_sth__exp__4 =    4.9665934644706158E-002
 mdl_sqrt__Gf =    3.4152291284773265E-003
 mdl_vevhat =    246.21961912951551     
 mdl_lam =   0.12905352724481209     
 mdl_aEW =    7.5614618607353409E-003
 mdl_yb =    2.4008698866559607E-002
 mdl_yc =    5.7437078628133041E-102
 mdl_ydo =    5.7437078628133041E-102
 mdl_ye =    5.7437078628133041E-102
 mdl_ym =    5.7437078628133041E-102
 mdl_ys =    5.7437078628133041E-102
 mdl_yt =   0.99481020183926416     
 mdl_ytau =    1.0206568872219240E-002
 mdl_yup =    5.7437078628133041E-102
 mdl_vevhat__exp__2 =    60624.100844283676     
 mdl_barlam =   0.12905352724481209     
 mdl_vevT =    246.21961912951551     
 mdl_sqrt__aEW =    8.6956666568672819E-002
 mdl_ee =   0.30825335704310214     
 mdl_gwsh =   0.65296989967087182     
 mdl_vev =    246.21961912951551     
 mdl_g1 =   0.34966952144878632     
 mdl_gw =   0.65296989967087182     
 mdl_ee__exp__2 =    9.5020132128342205E-002
 mdl_gHaa =   -1.9303830602986922E-003
 mdl_gHza =   -6.8546472954154700E-003
 mdl_g1sh =   0.34966952144878632     
 mdl_I1d11 =  (  5.7437078628133041E-102,  0.0000000000000000     )
 mdl_I1d22 =  (  5.7437078628133041E-102,  0.0000000000000000     )
 mdl_I1d33 =  (  2.4008698866559607E-002,  0.0000000000000000     )
 mdl_I2d11 =  (  5.7437078628133041E-102,  0.0000000000000000     )
 mdl_I2d22 =  (  5.7437078628133041E-102,  0.0000000000000000     )
 mdl_I2d33 =  ( 0.99481020183926416     ,  0.0000000000000000     )
 mdl_I3d11 =  (  5.7437078628133041E-102,  0.0000000000000000     )
 mdl_I3d22 =  (  5.7437078628133041E-102,  0.0000000000000000     )
 mdl_I3d33 =  (  2.4008698866559607E-002,  0.0000000000000000     )
 mdl_I4d11 =  (  5.7437078628133041E-102,  0.0000000000000000     )
 mdl_I4d22 =  (  5.7437078628133041E-102,  0.0000000000000000     )
 mdl_I4d33 =  ( 0.99481020183926416     ,  0.0000000000000000     )
 mdl_I5d11 =  (  5.7437078628133041E-102,  0.0000000000000000     )
 mdl_I5d22 =  (  5.7437078628133041E-102,  0.0000000000000000     )
 mdl_I5d33 =  (  2.4008698866559607E-002,  0.0000000000000000     )
 mdl_I6d11 =  (  5.7437078628133041E-102,  0.0000000000000000     )
 mdl_I6d22 =  (  5.7437078628133041E-102,  0.0000000000000000     )
 mdl_I6d33 =  ( 0.99481020183926416     ,  0.0000000000000000     )
 mdl_ee__exp__3 =    2.9290274715240611E-002
 mdl_vevhat__exp__3 =    14926843.019948866     
  Internal Params evaluated point by point
  ----------------------------------------
  
 mdl_sqrt__aS =   0.34365680554879169     
 mdl_G__exp__2 =    1.4840883695558185     
 mdl_gHgg =    3.2334372328970845E-003
 mdl_G__exp__3 =  (  1.8079634332366095     ,  0.0000000000000000     )
  Couplings of SMEFTsim_A_U35_MwScheme_UFO_v3_1-cW_massless
  ---------------------------------
  
        GC_64 =   0.00000E+00   0.52893E-05
       GC_345 =   0.00000E+00   0.28325E-05
         GC_1 =   0.00000E+00   0.10275E+00
         GC_2 =  -0.00000E+00  -0.20550E+00
         GC_3 =  -0.00000E+00  -0.30825E+00
       GC_278 =  -0.00000E+00  -0.37035E+00
       GC_280 =  -0.00000E+00  -0.57563E+00
       GC_318 =   0.00000E+00   0.39178E-05
       GC_328 =  -0.00000E+00  -0.55024E-01
       GC_329 =   0.00000E+00   0.11005E+00
       GC_330 =  -0.00000E+00  -0.16507E+00
      GC_1073 =  -0.00000E+00  -0.46172E+00

 Collider parameters:
 --------------------

 Running at P P   machine @    13000.000000000000       GeV
 PDF set = lhapdf 
 alpha_s(Mz)= 0.1247 running at 1 loops.
 alpha_s(Mz)= 0.1247 running at 1 loops.
 Renormalization scale set on event-by-event basis
 Factorization   scale set on event-by-event basis


 getting user params
Enter number of events and max and min iterations: 
 Number of events and iterations         2000           8           3
Enter desired fractional accuracy: 
 Desired fractional accuracy:    1.0000000000000000E-002
Enter 0 for fixed, 2 for adjustable grid: 
Suppress amplitude (0 no, 1 yes)? 
 Using suppressed amplitude.
Exact helicity sum (0 yes, n = number/event)? 
 Explicitly summing over helicities
Enter Configuration Number: 
Running Configuration Number:    3
 Not subdividing B.W.
 Attempting mappinvarients           1           8
 Completed mapping           8
 about to integrate           16        2000           8           3          16           1
 Using non-zero grid deformation.
 16 dimensions   2000 events 16 invarients  8 iterations  1 config(s),  (0.99)
 Using h-tuple random number sequence.
 Error opening grid
 Using Uniform Grid!          32
 Using uniform alpha   1.0000000000000000     
 Grid defined OK
 Set CM energy to      13000.00
 Mapping Graph           3  to config           3
 Setting BW          -1           1   80.387000000000000     
 Warning: No cutoff for shat integral found
          Minimum set to    5.9171597633136107E-009
Setting grid   2    0.59172E-08   1
 Warning: No cutoff for shat integral found
          Minimum set to    5.9171597633136107E-009
Setting grid   3    0.59172E-08   1
 Warning: No cutoff for shat integral found
          Minimum set to    5.9171597633136107E-009
Setting grid   4    0.59172E-08   1
Setting grid   5    0.59172E-06   1
 Transforming s_hat 1/s           15   5.9171597633136108E-005   10000.000000000000        168999999.99999997     
   3   1   2   3   4   5   6   7   8   9  10  11  12  13  14
  15  16
 Masses: 0.000E+00 0.000E+00 0.000E+00 0.000E+00 0.000E+00 0.000E+00 0.000E+00 0.000E+00
Using random seed offsets     3 :      1
  with seed                   24
 Ranmar initialization seeds       31061        9398
 
 ********************************************
 * You are using the DiscreteSampler module *
 *      part of the MG5_aMC framework       *
 *         Author: Valentin Hirschi         *
 ********************************************
 
  Particle       3       4       5       6       7       8
      Et >     0.0     0.0     0.0     0.0    10.0    10.0
       E >     0.0     0.0     0.0     0.0     0.0     0.0
     Eta <    -1.0    -1.0    -1.0    -1.0     6.5     6.5
   xqcut:      0.0     0.0     0.0     0.0     0.0     0.0
d R # 3  >    -0.0     0.4     0.0     0.0     0.4     0.4
d R # 4  >    -0.0    -0.0     0.0     0.0     0.4     0.4
d R # 5  >    -0.0    -0.0    -0.0     0.0     0.0     0.0
d R # 6  >    -0.0    -0.0    -0.0    -0.0     0.0     0.0
d R # 7  >    -0.0    -0.0    -0.0    -0.0    -0.0     0.4
s min # 3>     0.0     0.0     0.0     0.0     0.0     0.0
s min # 4>     0.0     0.0     0.0     0.0     0.0     0.0
s min # 5>     0.0     0.0     0.0     0.0     0.0     0.0
s min # 6>     0.0     0.0     0.0     0.0     0.0     0.0
s min # 7>     0.0     0.0     0.0     0.0     0.0 10000.0
xqcutij # 3>     0.0     0.0     0.0     0.0     0.0     0.0
xqcutij # 4>     0.0     0.0     0.0     0.0     0.0     0.0
xqcutij # 5>     0.0     0.0     0.0     0.0     0.0     0.0
xqcutij # 6>     0.0     0.0     0.0     0.0     0.0     0.0
xqcutij # 7>     0.0     0.0     0.0     0.0     0.0     0.0
 No cut BW           -1           1
 No cut BW           -3           2
 No cut BW           -5           3
 alpha_s for scale    20.740172837264108       is   0.16514826631256735     
 Added good helicity          193   256.00000000000000       in event            1 local:           1
 Added good helicity          193   256.00000000000000       in event            1 local:           1
 RESET CUMULATIVE VARIABLE
 RESET CUMULATIVE VARIABLE
 RESET CUMULATIVE VARIABLE
 Iteration  1   Mean: 0.5483E-07 Abs mean: 0.5483E-07   Fluctuation:  0.182E-07   0.300E-04     2.6%
  1    0.5483E-07 0.5483E-07 +- 0.1823E-07     14.87
 Writing out events   1.2970670778370594E-010   14.866307321118448     
 Relative summed weights:
  0.9148E-02  0.0000E+00  0.2856E-02  0.3416E-01  0.1163E-04  0.0000E+00  0.9364E-01  0.0000E+00  0.1189E-05  0.2218E-03  0.0000E+00  0.0000E+00  0.2495E-02  0.1471E+00  0.1950E-02  0.1286E-02  0.1887E-03  0.0000E+00  0.2172E-05  0.7681E-06  0.7002E-03  0.6096E-04  0.0000E+00  0.0000E+00  0.6148E-01  0.2370E-03  0.1376E-04  0.8722E-01  0.0000E+00  0.0000E+00  0.4501E-03  0.6307E-04
  0.1743E-01  0.0000E+00  0.2129E-02  0.2363E-03  0.1657E-05  0.0000E+00  0.0000E+00  0.0000E+00  0.5040E-04  0.3914E-02  0.0000E+00  0.0000E+00  0.0000E+00  0.0000E+00  0.6006E-03  0.2188E-01  0.0000E+00  0.0000E+00  0.6170E-05  0.1057E-05  0.0000E+00  0.0000E+00  0.0000E+00  0.0000E+00  0.0000E+00  0.0000E+00  0.0000E+00  0.0000E+00  0.0000E+00  0.0000E+00  0.0000E+00  0.0000E+00
  0.9897E-02  0.0000E+00  0.2141E-02  0.2455E-02  0.3476E-06  0.0000E+00  0.0000E+00  0.0000E+00  0.3431E-05  0.1337E-04  0.0000E+00  0.0000E+00  0.0000E+00  0.0000E+00  0.2259E-02  0.1394E-05  0.0000E+00  0.0000E+00  0.1556E-05  0.3152E-06  0.0000E+00  0.0000E+00  0.0000E+00  0.0000E+00  0.0000E+00  0.0000E+00  0.0000E+00  0.0000E+00  0.0000E+00  0.0000E+00  0.0000E+00  0.0000E+00
  0.4516E-02  0.0000E+00  0.2518E-03  0.6454E-02  0.1947E-03  0.0000E+00  0.2820E+00  0.0000E+00  0.2550E-02  0.4786E-07  0.0000E+00  0.0000E+00  0.4051E-02  0.1378E-01  0.1741E-03  0.9498E-04  0.4672E-04  0.0000E+00  0.5726E-06  0.1239E-04  0.1146E-03  0.1298E-05  0.0000E+00  0.0000E+00  0.1008E-02  0.4087E-03  0.1318E-06  0.8353E-03  0.0000E+00  0.0000E+00  0.2245E-05  0.2472E-04
  0.2996E-02  0.0000E+00  0.0000E+00  0.0000E+00  0.5052E-04  0.0000E+00  0.1175E+00  0.0000E+00  0.0000E+00  0.0000E+00  0.0000E+00  0.0000E+00  0.0000E+00  0.0000E+00  0.0000E+00  0.0000E+00  0.1213E-02  0.0000E+00  0.0000E+00  0.0000E+00  0.0000E+00  0.0000E+00  0.0000E+00  0.0000E+00  0.0000E+00  0.0000E+00  0.0000E+00  0.0000E+00  0.0000E+00  0.0000E+00  0.0000E+00  0.0000E+00
  0.2023E-01  0.0000E+00  0.0000E+00  0.0000E+00  0.4104E-03  0.0000E+00  0.0000E+00  0.0000E+00  0.0000E+00  0.0000E+00  0.0000E+00  0.0000E+00  0.0000E+00  0.0000E+00  0.0000E+00  0.0000E+00  0.0000E+00  0.0000E+00  0.0000E+00  0.0000E+00  0.0000E+00  0.0000E+00  0.0000E+00  0.0000E+00  0.0000E+00  0.0000E+00  0.0000E+00  0.0000E+00  0.0000E+00  0.0000E+00  0.0000E+00  0.0000E+00
  0.1422E-01  0.0000E+00  0.0000E+00  0.0000E+00  0.4759E-05  0.0000E+00  0.0000E+00  0.0000E+00  0.0000E+00  0.0000E+00  0.0000E+00  0.0000E+00  0.0000E+00  0.0000E+00  0.0000E+00  0.0000E+00  0.0000E+00  0.0000E+00  0.0000E+00  0.0000E+00  0.0000E+00  0.0000E+00  0.0000E+00  0.0000E+00  0.0000E+00  0.0000E+00  0.0000E+00  0.0000E+00  0.0000E+00  0.0000E+00  0.0000E+00  0.0000E+00
  0.1655E-01  0.0000E+00  0.0000E+00  0.0000E+00  0.3338E-05  0.0000E+00  0.3997E-02  0.0000E+00  0.0000E+00  0.0000E+00  0.0000E+00  0.0000E+00  0.0000E+00  0.0000E+00  0.0000E+00  0.0000E+00  0.4099E-05  0.0000E+00  0.0000E+00  0.0000E+00  0.0000E+00  0.0000E+00  0.0000E+00  0.0000E+00  0.0000E+00  0.0000E+00  0.0000E+00  0.0000E+00  0.0000E+00  0.0000E+00  0.0000E+00  0.0000E+00
 Relative number of events:
  0.2339E-01  0.0000E+00  0.1045E-01  0.1991E-01  0.7466E-02  0.0000E+00  0.2787E-01  0.0000E+00  0.2987E-02  0.5475E-02  0.0000E+00  0.0000E+00  0.3484E-01  0.3982E-01  0.1045E-01  0.1095E-01  0.7964E-02  0.0000E+00  0.6969E-02  0.5475E-02  0.4480E-02  0.1991E-02  0.0000E+00  0.0000E+00  0.2489E-01  0.1891E-01  0.3982E-02  0.3982E-02  0.0000E+00  0.0000E+00  0.1344E-01  0.6969E-02
  0.2588E-01  0.0000E+00  0.1692E-01  0.1493E-01  0.3982E-02  0.0000E+00  0.0000E+00  0.0000E+00  0.4480E-02  0.6969E-02  0.0000E+00  0.0000E+00  0.0000E+00  0.0000E+00  0.1244E-01  0.7466E-02  0.0000E+00  0.0000E+00  0.5475E-02  0.2987E-02  0.0000E+00  0.0000E+00  0.0000E+00  0.0000E+00  0.0000E+00  0.0000E+00  0.0000E+00  0.0000E+00  0.0000E+00  0.0000E+00  0.0000E+00  0.0000E+00
  0.3186E-01  0.0000E+00  0.1842E-01  0.1991E-01  0.6969E-02  0.0000E+00  0.0000E+00  0.0000E+00  0.2489E-02  0.9955E-03  0.0000E+00  0.0000E+00  0.0000E+00  0.0000E+00  0.8462E-02  0.7964E-02  0.0000E+00  0.0000E+00  0.3982E-02  0.3484E-02  0.0000E+00  0.0000E+00  0.0000E+00  0.0000E+00  0.0000E+00  0.0000E+00  0.0000E+00  0.0000E+00  0.0000E+00  0.0000E+00  0.0000E+00  0.0000E+00
  0.2937E-01  0.0000E+00  0.1394E-01  0.1195E-01  0.6471E-02  0.0000E+00  0.2738E-01  0.0000E+00  0.5973E-02  0.2987E-02  0.0000E+00  0.0000E+00  0.3335E-01  0.3634E-01  0.1244E-01  0.8462E-02  0.1195E-01  0.0000E+00  0.4978E-02  0.2987E-02  0.3484E-02  0.4480E-02  0.0000E+00  0.0000E+00  0.1991E-01  0.2190E-01  0.5475E-02  0.4978E-02  0.0000E+00  0.0000E+00  0.8960E-02  0.6471E-02
  0.2688E-01  0.0000E+00  0.0000E+00  0.0000E+00  0.1095E-01  0.0000E+00  0.2339E-01  0.0000E+00  0.0000E+00  0.0000E+00  0.0000E+00  0.0000E+00  0.0000E+00  0.0000E+00  0.0000E+00  0.0000E+00  0.1493E-01  0.0000E+00  0.0000E+00  0.0000E+00  0.0000E+00  0.0000E+00  0.0000E+00  0.0000E+00  0.0000E+00  0.0000E+00  0.0000E+00  0.0000E+00  0.0000E+00  0.0000E+00  0.0000E+00  0.0000E+00
  0.2638E-01  0.0000E+00  0.0000E+00  0.0000E+00  0.7964E-02  0.0000E+00  0.0000E+00  0.0000E+00  0.0000E+00  0.0000E+00  0.0000E+00  0.0000E+00  0.0000E+00  0.0000E+00  0.0000E+00  0.0000E+00  0.0000E+00  0.0000E+00  0.0000E+00  0.0000E+00  0.0000E+00  0.0000E+00  0.0000E+00  0.0000E+00  0.0000E+00  0.0000E+00  0.0000E+00  0.0000E+00  0.0000E+00  0.0000E+00  0.0000E+00  0.0000E+00
  0.2489E-01  0.0000E+00  0.0000E+00  0.0000E+00  0.8960E-02  0.0000E+00  0.0000E+00  0.0000E+00  0.0000E+00  0.0000E+00  0.0000E+00  0.0000E+00  0.0000E+00  0.0000E+00  0.0000E+00  0.0000E+00  0.0000E+00  0.0000E+00  0.0000E+00  0.0000E+00  0.0000E+00  0.0000E+00  0.0000E+00  0.0000E+00  0.0000E+00  0.0000E+00  0.0000E+00  0.0000E+00  0.0000E+00  0.0000E+00  0.0000E+00  0.0000E+00
  0.2987E-01  0.0000E+00  0.0000E+00  0.0000E+00  0.5973E-02  0.0000E+00  0.2240E-01  0.0000E+00  0.0000E+00  0.0000E+00  0.0000E+00  0.0000E+00  0.0000E+00  0.0000E+00  0.0000E+00  0.0000E+00  0.1444E-01  0.0000E+00  0.0000E+00  0.0000E+00  0.0000E+00  0.0000E+00  0.0000E+00  0.0000E+00  0.0000E+00  0.0000E+00  0.0000E+00  0.0000E+00  0.0000E+00  0.0000E+00  0.0000E+00  0.0000E+00
 Events:
          47           0          21          40          15           0          56           0           6          11           0           0          70          80          21          22          16           0          14          11           9           4           0           0          50          38           8           8           0           0          27          14
          52           0          34          30           8           0           0           0           9          14           0           0           0           0          25          15           0           0          11           6           0           0           0           0           0           0           0           0           0           0           0           0
          64           0          37          40          14           0           0           0           5           2           0           0           0           0          17          16           0           0           8           7           0           0           0           0           0           0           0           0           0           0           0           0
          59           0          28          24          13           0          55           0          12           6           0           0          67          73          25          17          24           0          10           6           7           9           0           0          40          44          11          10           0           0          18          13
          54           0           0           0          22           0          47           0           0           0           0           0           0           0           0           0          30           0           0           0           0           0           0           0           0           0           0           0           0           0           0           0
          53           0           0           0          16           0           0           0           0           0           0           0           0           0           0           0           0           0           0           0           0           0           0           0           0           0           0           0           0           0           0           0
          50           0           0           0          18           0           0           0           0           0           0           0           0           0           0           0           0           0           0           0           0           0           0           0           0           0           0           0           0           0           0           0
          60           0           0           0          12           0          45           0           0           0           0           0           0           0           0           0          29           0           0           0           0           0           0           0           0           0           0           0           0           0           0           0
 Iteration  2   Mean: 0.1742E-06 Abs mean: 0.1742E-06   Fluctuation:  0.832E-07   0.246E-03    55.8%
  2    0.1742E-06 0.1742E-06 +- 0.8325E-07     30.23
 Relative summed weights:
  0.1056E-02  0.0000E+00  0.3031E-03  0.4693E-03  0.8268E-05  0.0000E+00  0.3677E+00  0.0000E+00  0.2779E-02  0.4226E-03  0.0000E+00  0.0000E+00  0.1968E-02  0.2608E+00  0.5013E-03  0.5989E-03  0.2820E-03  0.0000E+00  0.8510E-05  0.4404E-05  0.5978E-03  0.3852E-03  0.0000E+00  0.0000E+00  0.5245E-03  0.2357E-02  0.1133E-03  0.7055E-05  0.0000E+00  0.0000E+00  0.2728E-04  0.1022E-03
  0.5823E-02  0.0000E+00  0.6470E-03  0.3846E-03  0.3945E-03  0.0000E+00  0.0000E+00  0.0000E+00  0.1679E-03  0.2217E-03  0.0000E+00  0.0000E+00  0.0000E+00  0.0000E+00  0.2341E-03  0.1441E-03  0.0000E+00  0.0000E+00  0.1012E-03  0.1420E-04  0.0000E+00  0.0000E+00  0.0000E+00  0.0000E+00  0.0000E+00  0.0000E+00  0.0000E+00  0.0000E+00  0.0000E+00  0.0000E+00  0.0000E+00  0.0000E+00
  0.3642E-02  0.0000E+00  0.6403E-03  0.3316E-03  0.1660E-03  0.0000E+00  0.0000E+00  0.0000E+00  0.1314E-03  0.1331E-03  0.0000E+00  0.0000E+00  0.0000E+00  0.0000E+00  0.3480E-03  0.5815E-03  0.0000E+00  0.0000E+00  0.1800E-04  0.1080E-04  0.0000E+00  0.0000E+00  0.0000E+00  0.0000E+00  0.0000E+00  0.0000E+00  0.0000E+00  0.0000E+00  0.0000E+00  0.0000E+00  0.0000E+00  0.0000E+00
  0.6295E-02  0.0000E+00  0.3318E-03  0.6294E-03  0.1705E-04  0.0000E+00  0.9838E-02  0.0000E+00  0.4583E-03  0.2780E-04  0.0000E+00  0.0000E+00  0.1480E-02  0.2177E-02  0.8040E-04  0.7784E-03  0.3317E-04  0.0000E+00  0.4376E-04  0.4972E-04  0.1481E-02  0.6390E-04  0.0000E+00  0.0000E+00  0.9536E-03  0.4045E-03  0.1141E-03  0.9855E-05  0.0000E+00  0.0000E+00  0.2905E-03  0.2317E-04
  0.9590E-01  0.0000E+00  0.0000E+00  0.0000E+00  0.1802E-04  0.0000E+00  0.1440E-01  0.0000E+00  0.0000E+00  0.0000E+00  0.0000E+00  0.0000E+00  0.0000E+00  0.0000E+00  0.0000E+00  0.0000E+00  0.1195E-04  0.0000E+00  0.0000E+00  0.0000E+00  0.0000E+00  0.0000E+00  0.0000E+00  0.0000E+00  0.0000E+00  0.0000E+00  0.0000E+00  0.0000E+00  0.0000E+00  0.0000E+00  0.0000E+00  0.0000E+00
  0.1571E-01  0.0000E+00  0.0000E+00  0.0000E+00  0.6723E-05  0.0000E+00  0.0000E+00  0.0000E+00  0.0000E+00  0.0000E+00  0.0000E+00  0.0000E+00  0.0000E+00  0.0000E+00  0.0000E+00  0.0000E+00  0.0000E+00  0.0000E+00  0.0000E+00  0.0000E+00  0.0000E+00  0.0000E+00  0.0000E+00  0.0000E+00  0.0000E+00  0.0000E+00  0.0000E+00  0.0000E+00  0.0000E+00  0.0000E+00  0.0000E+00  0.0000E+00
  0.1806E+00  0.0000E+00  0.0000E+00  0.0000E+00  0.6005E-05  0.0000E+00  0.0000E+00  0.0000E+00  0.0000E+00  0.0000E+00  0.0000E+00  0.0000E+00  0.0000E+00  0.0000E+00  0.0000E+00  0.0000E+00  0.0000E+00  0.0000E+00  0.0000E+00  0.0000E+00  0.0000E+00  0.0000E+00  0.0000E+00  0.0000E+00  0.0000E+00  0.0000E+00  0.0000E+00  0.0000E+00  0.0000E+00  0.0000E+00  0.0000E+00  0.0000E+00
  0.2064E-02  0.0000E+00  0.0000E+00  0.0000E+00  0.1111E-04  0.0000E+00  0.1052E-01  0.0000E+00  0.0000E+00  0.0000E+00  0.0000E+00  0.0000E+00  0.0000E+00  0.0000E+00  0.0000E+00  0.0000E+00  0.5171E-04  0.0000E+00  0.0000E+00  0.0000E+00  0.0000E+00  0.0000E+00  0.0000E+00  0.0000E+00  0.0000E+00  0.0000E+00  0.0000E+00  0.0000E+00  0.0000E+00  0.0000E+00  0.0000E+00  0.0000E+00
 Relative number of events:
  0.3175E-01  0.0000E+00  0.1225E-01  0.1300E-01  0.3250E-02  0.0000E+00  0.3150E-01  0.0000E+00  0.3500E-02  0.4250E-02  0.0000E+00  0.0000E+00  0.3575E-01  0.3775E-01  0.9500E-02  0.8000E-02  0.1000E-01  0.0000E+00  0.3000E-02  0.3250E-02  0.3750E-02  0.5250E-02  0.0000E+00  0.0000E+00  0.1700E-01  0.2125E-01  0.2250E-02  0.3000E-02  0.0000E+00  0.0000E+00  0.7500E-02  0.6500E-02
  0.3175E-01  0.0000E+00  0.1725E-01  0.1900E-01  0.3500E-02  0.0000E+00  0.0000E+00  0.0000E+00  0.4500E-02  0.5500E-02  0.0000E+00  0.0000E+00  0.0000E+00  0.0000E+00  0.8250E-02  0.9250E-02  0.0000E+00  0.0000E+00  0.3500E-02  0.3250E-02  0.0000E+00  0.0000E+00  0.0000E+00  0.0000E+00  0.0000E+00  0.0000E+00  0.0000E+00  0.0000E+00  0.0000E+00  0.0000E+00  0.0000E+00  0.0000E+00
  0.3275E-01  0.0000E+00  0.1500E-01  0.1675E-01  0.4250E-02  0.0000E+00  0.0000E+00  0.0000E+00  0.4500E-02  0.6000E-02  0.0000E+00  0.0000E+00  0.0000E+00  0.0000E+00  0.1075E-01  0.9000E-02  0.0000E+00  0.0000E+00  0.2750E-02  0.4750E-02  0.0000E+00  0.0000E+00  0.0000E+00  0.0000E+00  0.0000E+00  0.0000E+00  0.0000E+00  0.0000E+00  0.0000E+00  0.0000E+00  0.0000E+00  0.0000E+00
  0.3500E-01  0.0000E+00  0.1575E-01  0.1375E-01  0.4750E-02  0.0000E+00  0.2675E-01  0.0000E+00  0.5500E-02  0.3750E-02  0.0000E+00  0.0000E+00  0.3725E-01  0.3375E-01  0.1000E-01  0.8000E-02  0.7750E-02  0.0000E+00  0.4250E-02  0.4250E-02  0.6750E-02  0.2750E-02  0.0000E+00  0.0000E+00  0.1725E-01  0.1925E-01  0.5250E-02  0.2500E-02  0.0000E+00  0.0000E+00  0.8250E-02  0.4000E-02
  0.3675E-01  0.0000E+00  0.0000E+00  0.0000E+00  0.4500E-02  0.0000E+00  0.3125E-01  0.0000E+00  0.0000E+00  0.0000E+00  0.0000E+00  0.0000E+00  0.0000E+00  0.0000E+00  0.0000E+00  0.0000E+00  0.7750E-02  0.0000E+00  0.0000E+00  0.0000E+00  0.0000E+00  0.0000E+00  0.0000E+00  0.0000E+00  0.0000E+00  0.0000E+00  0.0000E+00  0.0000E+00  0.0000E+00  0.0000E+00  0.0000E+00  0.0000E+00
  0.3450E-01  0.0000E+00  0.0000E+00  0.0000E+00  0.4750E-02  0.0000E+00  0.0000E+00  0.0000E+00  0.0000E+00  0.0000E+00  0.0000E+00  0.0000E+00  0.0000E+00  0.0000E+00  0.0000E+00  0.0000E+00  0.0000E+00  0.0000E+00  0.0000E+00  0.0000E+00  0.0000E+00  0.0000E+00  0.0000E+00  0.0000E+00  0.0000E+00  0.0000E+00  0.0000E+00  0.0000E+00  0.0000E+00  0.0000E+00  0.0000E+00  0.0000E+00
  0.2875E-01  0.0000E+00  0.0000E+00  0.0000E+00  0.4500E-02  0.0000E+00  0.0000E+00  0.0000E+00  0.0000E+00  0.0000E+00  0.0000E+00  0.0000E+00  0.0000E+00  0.0000E+00  0.0000E+00  0.0000E+00  0.0000E+00  0.0000E+00  0.0000E+00  0.0000E+00  0.0000E+00  0.0000E+00  0.0000E+00  0.0000E+00  0.0000E+00  0.0000E+00  0.0000E+00  0.0000E+00  0.0000E+00  0.0000E+00  0.0000E+00  0.0000E+00
  0.3550E-01  0.0000E+00  0.0000E+00  0.0000E+00  0.6000E-02  0.0000E+00  0.3350E-01  0.0000E+00  0.0000E+00  0.0000E+00  0.0000E+00  0.0000E+00  0.0000E+00  0.0000E+00  0.0000E+00  0.0000E+00  0.1025E-01  0.0000E+00  0.0000E+00  0.0000E+00  0.0000E+00  0.0000E+00  0.0000E+00  0.0000E+00  0.0000E+00  0.0000E+00  0.0000E+00  0.0000E+00  0.0000E+00  0.0000E+00  0.0000E+00  0.0000E+00
 Events:
         127           0          49          52          13           0         126           0          14          17           0           0         143         151          38          32          40           0          12          13          15          21           0           0          68          85           9          12           0           0          30          26
         127           0          69          76          14           0           0           0          18          22           0           0           0           0          33          37           0           0          14          13           0           0           0           0           0           0           0           0           0           0           0           0
         131           0          60          67          17           0           0           0          18          24           0           0           0           0          43          36           0           0          11          19           0           0           0           0           0           0           0           0           0           0           0           0
         140           0          63          55          19           0         107           0          22          15           0           0         149         135          40          32          31           0          17          17          27          11           0           0          69          77          21          10           0           0          33          16
         147           0           0           0          18           0         125           0           0           0           0           0           0           0           0           0          31           0           0           0           0           0           0           0           0           0           0           0           0           0           0           0
         138           0           0           0          19           0           0           0           0           0           0           0           0           0           0           0           0           0           0           0           0           0           0           0           0           0           0           0           0           0           0           0
         115           0           0           0          18           0           0           0           0           0           0           0           0           0           0           0           0           0           0           0           0           0           0           0           0           0           0           0           0           0           0           0
         142           0           0           0          24           0         134           0           0           0           0           0           0           0           0           0          41           0           0           0           0           0           0           0           0           0           0           0           0           0           0           0
 Iteration  3   Mean: 0.3095E-07 Abs mean: 0.3095E-07   Fluctuation:  0.444E-08   0.235E-04    71.3%
  3    0.3095E-07 0.3095E-07 +- 0.4442E-08     12.84
 Relative summed weights:
  0.3789E-01  0.0000E+00  0.1318E-01  0.6081E-02  0.1558E-02  0.0000E+00  0.6630E-01  0.0000E+00  0.1628E-02  0.4681E-02  0.0000E+00  0.0000E+00  0.1643E-01  0.4106E-01  0.3449E-03  0.1950E-01  0.4600E-03  0.0000E+00  0.2769E-04  0.2871E-03  0.1951E-02  0.1777E-03  0.0000E+00  0.0000E+00  0.6313E-02  0.5144E-02  0.1282E-04  0.1497E-03  0.0000E+00  0.0000E+00  0.1484E-03  0.9976E-04
  0.2664E-01  0.0000E+00  0.3528E-02  0.9772E-02  0.2250E-02  0.0000E+00  0.0000E+00  0.0000E+00  0.3571E-02  0.1007E-02  0.0000E+00  0.0000E+00  0.0000E+00  0.0000E+00  0.4944E-02  0.2424E-02  0.0000E+00  0.0000E+00  0.4078E-04  0.2122E-03  0.0000E+00  0.0000E+00  0.0000E+00  0.0000E+00  0.0000E+00  0.0000E+00  0.0000E+00  0.0000E+00  0.0000E+00  0.0000E+00  0.0000E+00  0.0000E+00
  0.1033E-01  0.0000E+00  0.8810E-02  0.1450E-02  0.1180E-02  0.0000E+00  0.0000E+00  0.0000E+00  0.1000E-02  0.5118E-03  0.0000E+00  0.0000E+00  0.0000E+00  0.0000E+00  0.3210E-02  0.6549E-02  0.0000E+00  0.0000E+00  0.6058E-04  0.1816E-03  0.0000E+00  0.0000E+00  0.0000E+00  0.0000E+00  0.0000E+00  0.0000E+00  0.0000E+00  0.0000E+00  0.0000E+00  0.0000E+00  0.0000E+00  0.0000E+00
  0.1080E+00  0.0000E+00  0.1276E-01  0.2839E-02  0.4148E-04  0.0000E+00  0.6681E-01  0.0000E+00  0.2443E-03  0.9407E-03  0.0000E+00  0.0000E+00  0.2138E-01  0.1313E-01  0.5018E-02  0.6734E-03  0.1349E-02  0.0000E+00  0.1314E-02  0.2257E-03  0.9054E-02  0.1034E-01  0.0000E+00  0.0000E+00  0.1012E-01  0.1592E-02  0.6044E-04  0.1627E-04  0.0000E+00  0.0000E+00  0.2557E-03  0.7854E-04
  0.5645E-01  0.0000E+00  0.0000E+00  0.0000E+00  0.4546E-04  0.0000E+00  0.1571E+00  0.0000E+00  0.0000E+00  0.0000E+00  0.0000E+00  0.0000E+00  0.0000E+00  0.0000E+00  0.0000E+00  0.0000E+00  0.1884E-03  0.0000E+00  0.0000E+00  0.0000E+00  0.0000E+00  0.0000E+00  0.0000E+00  0.0000E+00  0.0000E+00  0.0000E+00  0.0000E+00  0.0000E+00  0.0000E+00  0.0000E+00  0.0000E+00  0.0000E+00
  0.2984E-01  0.0000E+00  0.0000E+00  0.0000E+00  0.8323E-03  0.0000E+00  0.0000E+00  0.0000E+00  0.0000E+00  0.0000E+00  0.0000E+00  0.0000E+00  0.0000E+00  0.0000E+00  0.0000E+00  0.0000E+00  0.0000E+00  0.0000E+00  0.0000E+00  0.0000E+00  0.0000E+00  0.0000E+00  0.0000E+00  0.0000E+00  0.0000E+00  0.0000E+00  0.0000E+00  0.0000E+00  0.0000E+00  0.0000E+00  0.0000E+00  0.0000E+00
  0.3159E-01  0.0000E+00  0.0000E+00  0.0000E+00  0.1555E-02  0.0000E+00  0.0000E+00  0.0000E+00  0.0000E+00  0.0000E+00  0.0000E+00  0.0000E+00  0.0000E+00  0.0000E+00  0.0000E+00  0.0000E+00  0.0000E+00  0.0000E+00  0.0000E+00  0.0000E+00  0.0000E+00  0.0000E+00  0.0000E+00  0.0000E+00  0.0000E+00  0.0000E+00  0.0000E+00  0.0000E+00  0.0000E+00  0.0000E+00  0.0000E+00  0.0000E+00
  0.4205E-01  0.0000E+00  0.0000E+00  0.0000E+00  0.2714E-03  0.0000E+00  0.1025E+00  0.0000E+00  0.0000E+00  0.0000E+00  0.0000E+00  0.0000E+00  0.0000E+00  0.0000E+00  0.0000E+00  0.0000E+00  0.1537E-03  0.0000E+00  0.0000E+00  0.0000E+00  0.0000E+00  0.0000E+00  0.0000E+00  0.0000E+00  0.0000E+00  0.0000E+00  0.0000E+00  0.0000E+00  0.0000E+00  0.0000E+00  0.0000E+00  0.0000E+00
 Relative number of events:
  0.3675E-01  0.0000E+00  0.1675E-01  0.1675E-01  0.3500E-02  0.0000E+00  0.3750E-01  0.0000E+00  0.3375E-02  0.4375E-02  0.0000E+00  0.0000E+00  0.3488E-01  0.3537E-01  0.6875E-02  0.9000E-02  0.6125E-02  0.0000E+00  0.1625E-02  0.2875E-02  0.3250E-02  0.4000E-02  0.0000E+00  0.0000E+00  0.1738E-01  0.1963E-01  0.1875E-02  0.2000E-02  0.0000E+00  0.0000E+00  0.4625E-02  0.3125E-02
  0.3875E-01  0.0000E+00  0.1525E-01  0.1625E-01  0.2750E-02  0.0000E+00  0.0000E+00  0.0000E+00  0.5375E-02  0.4625E-02  0.0000E+00  0.0000E+00  0.0000E+00  0.0000E+00  0.9750E-02  0.8250E-02  0.0000E+00  0.0000E+00  0.2875E-02  0.2750E-02  0.0000E+00  0.0000E+00  0.0000E+00  0.0000E+00  0.0000E+00  0.0000E+00  0.0000E+00  0.0000E+00  0.0000E+00  0.0000E+00  0.0000E+00  0.0000E+00
  0.3750E-01  0.0000E+00  0.1463E-01  0.1425E-01  0.2250E-02  0.0000E+00  0.0000E+00  0.0000E+00  0.4125E-02  0.4875E-02  0.0000E+00  0.0000E+00  0.0000E+00  0.0000E+00  0.9125E-02  0.9000E-02  0.0000E+00  0.0000E+00  0.1750E-02  0.8750E-03  0.0000E+00  0.0000E+00  0.0000E+00  0.0000E+00  0.0000E+00  0.0000E+00  0.0000E+00  0.0000E+00  0.0000E+00  0.0000E+00  0.0000E+00  0.0000E+00
  0.3400E-01  0.0000E+00  0.1638E-01  0.1375E-01  0.4125E-02  0.0000E+00  0.3800E-01  0.0000E+00  0.3500E-02  0.4125E-02  0.0000E+00  0.0000E+00  0.3375E-01  0.3938E-01  0.1050E-01  0.8750E-02  0.5625E-02  0.0000E+00  0.2125E-02  0.2500E-02  0.2125E-02  0.4000E-02  0.0000E+00  0.0000E+00  0.1775E-01  0.1812E-01  0.2375E-02  0.1750E-02  0.0000E+00  0.0000E+00  0.4375E-02  0.4250E-02
  0.3650E-01  0.0000E+00  0.0000E+00  0.0000E+00  0.2750E-02  0.0000E+00  0.3525E-01  0.0000E+00  0.0000E+00  0.0000E+00  0.0000E+00  0.0000E+00  0.0000E+00  0.0000E+00  0.0000E+00  0.0000E+00  0.6500E-02  0.0000E+00  0.0000E+00  0.0000E+00  0.0000E+00  0.0000E+00  0.0000E+00  0.0000E+00  0.0000E+00  0.0000E+00  0.0000E+00  0.0000E+00  0.0000E+00  0.0000E+00  0.0000E+00  0.0000E+00
  0.3750E-01  0.0000E+00  0.0000E+00  0.0000E+00  0.2875E-02  0.0000E+00  0.0000E+00  0.0000E+00  0.0000E+00  0.0000E+00  0.0000E+00  0.0000E+00  0.0000E+00  0.0000E+00  0.0000E+00  0.0000E+00  0.0000E+00  0.0000E+00  0.0000E+00  0.0000E+00  0.0000E+00  0.0000E+00  0.0000E+00  0.0000E+00  0.0000E+00  0.0000E+00  0.0000E+00  0.0000E+00  0.0000E+00  0.0000E+00  0.0000E+00  0.0000E+00
  0.3837E-01  0.0000E+00  0.0000E+00  0.0000E+00  0.4000E-02  0.0000E+00  0.0000E+00  0.0000E+00  0.0000E+00  0.0000E+00  0.0000E+00  0.0000E+00  0.0000E+00  0.0000E+00  0.0000E+00  0.0000E+00  0.0000E+00  0.0000E+00  0.0000E+00  0.0000E+00  0.0000E+00  0.0000E+00  0.0000E+00  0.0000E+00  0.0000E+00  0.0000E+00  0.0000E+00  0.0000E+00  0.0000E+00  0.0000E+00  0.0000E+00  0.0000E+00
  0.4000E-01  0.0000E+00  0.0000E+00  0.0000E+00  0.3125E-02  0.0000E+00  0.3825E-01  0.0000E+00  0.0000E+00  0.0000E+00  0.0000E+00  0.0000E+00  0.0000E+00  0.0000E+00  0.0000E+00  0.0000E+00  0.7000E-02  0.0000E+00  0.0000E+00  0.0000E+00  0.0000E+00  0.0000E+00  0.0000E+00  0.0000E+00  0.0000E+00  0.0000E+00  0.0000E+00  0.0000E+00  0.0000E+00  0.0000E+00  0.0000E+00  0.0000E+00
 Events:
         294           0         134         134          28           0         300           0          27          35           0           0         279         283          55          72          49           0          13          23          26          32           0           0         139         157          15          16           0           0          37          25
         310           0         122         130          22           0           0           0          43          37           0           0           0           0          78          66           0           0          23          22           0           0           0           0           0           0           0           0           0           0           0           0
         300           0         117         114          18           0           0           0          33          39           0           0           0           0          73          72           0           0          14           7           0           0           0           0           0           0           0           0           0           0           0           0
         272           0         131         110          33           0         304           0          28          33           0           0         270         315          84          70          45           0          17          20          17          32           0           0         142         145          19          14           0           0          35          34
         292           0           0           0          22           0         282           0           0           0           0           0           0           0           0           0          52           0           0           0           0           0           0           0           0           0           0           0           0           0           0           0
         300           0           0           0          23           0           0           0           0           0           0           0           0           0           0           0           0           0           0           0           0           0           0           0           0           0           0           0           0           0           0           0
         307           0           0           0          32           0           0           0           0           0           0           0           0           0           0           0           0           0           0           0           0           0           0           0           0           0           0           0           0           0           0           0
         320           0           0           0          25           0         306           0           0           0           0           0           0           0           0           0          56           0           0           0           0           0           0           0           0           0           0           0           0           0           0           0
 Accuracy:    0.582   0.010   0.127  21.022
 Found          117  events.
 Wrote            8  events.
 Actual xsec    4.4553888350021351E-008
 Correct abs xsec    4.4553888350021351E-008
 Event xsec    4.4553888350021358E-008
 Events wgts > 1:            0
 % Cross section > 1:    0.0000000000000000        0.0000000000000000     
 Iteration  4   Mean: 0.7402E-07 Abs mean: 0.7402E-07   Fluctuation:  0.132E-07   0.177E-03    78.2%
  4    0.7402E-07 0.7402E-07 +- 0.1316E-07     22.49
 Relative summed weights:
  0.2155E-01  0.0000E+00  0.3538E-02  0.7906E-02  0.1396E-03  0.0000E+00  0.5171E-01  0.0000E+00  0.3599E-02  0.5205E-03  0.0000E+00  0.0000E+00  0.8364E-02  0.1214E-01  0.7200E-02  0.1159E-02  0.1291E-02  0.0000E+00  0.3191E-03  0.2164E-03  0.4002E-01  0.3237E-02  0.0000E+00  0.0000E+00  0.1941E-02  0.1723E-02  0.2791E-04  0.2515E-03  0.0000E+00  0.0000E+00  0.1147E-03  0.3246E-03
  0.1682E+00  0.0000E+00  0.4447E-02  0.3428E-02  0.2871E-03  0.0000E+00  0.0000E+00  0.0000E+00  0.1995E-02  0.1069E-02  0.0000E+00  0.0000E+00  0.0000E+00  0.0000E+00  0.7744E-02  0.1000E-02  0.0000E+00  0.0000E+00  0.1258E-04  0.3264E-04  0.0000E+00  0.0000E+00  0.0000E+00  0.0000E+00  0.0000E+00  0.0000E+00  0.0000E+00  0.0000E+00  0.0000E+00  0.0000E+00  0.0000E+00  0.0000E+00
  0.3531E-01  0.0000E+00  0.6283E-02  0.2586E-02  0.5894E-04  0.0000E+00  0.0000E+00  0.0000E+00  0.1957E-02  0.7352E-03  0.0000E+00  0.0000E+00  0.0000E+00  0.0000E+00  0.6690E-02  0.6063E-03  0.0000E+00  0.0000E+00  0.3029E-04  0.5117E-04  0.0000E+00  0.0000E+00  0.0000E+00  0.0000E+00  0.0000E+00  0.0000E+00  0.0000E+00  0.0000E+00  0.0000E+00  0.0000E+00  0.0000E+00  0.0000E+00
  0.6883E-01  0.0000E+00  0.4454E-02  0.1507E-02  0.1584E-03  0.0000E+00  0.6052E-01  0.0000E+00  0.3955E-03  0.3650E-03  0.0000E+00  0.0000E+00  0.1551E-01  0.9972E-02  0.1581E-01  0.1356E-02  0.1878E-03  0.0000E+00  0.4212E-04  0.2710E-04  0.1227E-01  0.4545E-03  0.0000E+00  0.0000E+00  0.3242E-02  0.6310E-02  0.2036E-04  0.4111E-03  0.0000E+00  0.0000E+00  0.1095E-03  0.2086E-03
  0.2727E-01  0.0000E+00  0.0000E+00  0.0000E+00  0.1288E-03  0.0000E+00  0.2129E+00  0.0000E+00  0.0000E+00  0.0000E+00  0.0000E+00  0.0000E+00  0.0000E+00  0.0000E+00  0.0000E+00  0.0000E+00  0.7902E-03  0.0000E+00  0.0000E+00  0.0000E+00  0.0000E+00  0.0000E+00  0.0000E+00  0.0000E+00  0.0000E+00  0.0000E+00  0.0000E+00  0.0000E+00  0.0000E+00  0.0000E+00  0.0000E+00  0.0000E+00
  0.2319E-01  0.0000E+00  0.0000E+00  0.0000E+00  0.5177E-03  0.0000E+00  0.0000E+00  0.0000E+00  0.0000E+00  0.0000E+00  0.0000E+00  0.0000E+00  0.0000E+00  0.0000E+00  0.0000E+00  0.0000E+00  0.0000E+00  0.0000E+00  0.0000E+00  0.0000E+00  0.0000E+00  0.0000E+00  0.0000E+00  0.0000E+00  0.0000E+00  0.0000E+00  0.0000E+00  0.0000E+00  0.0000E+00  0.0000E+00  0.0000E+00  0.0000E+00
  0.3985E-01  0.0000E+00  0.0000E+00  0.0000E+00  0.5707E-03  0.0000E+00  0.0000E+00  0.0000E+00  0.0000E+00  0.0000E+00  0.0000E+00  0.0000E+00  0.0000E+00  0.0000E+00  0.0000E+00  0.0000E+00  0.0000E+00  0.0000E+00  0.0000E+00  0.0000E+00  0.0000E+00  0.0000E+00  0.0000E+00  0.0000E+00  0.0000E+00  0.0000E+00  0.0000E+00  0.0000E+00  0.0000E+00  0.0000E+00  0.0000E+00  0.0000E+00
  0.3079E-01  0.0000E+00  0.0000E+00  0.0000E+00  0.5044E-04  0.0000E+00  0.5171E-01  0.0000E+00  0.0000E+00  0.0000E+00  0.0000E+00  0.0000E+00  0.0000E+00  0.0000E+00  0.0000E+00  0.0000E+00  0.1792E-03  0.0000E+00  0.0000E+00  0.0000E+00  0.0000E+00  0.0000E+00  0.0000E+00  0.0000E+00  0.0000E+00  0.0000E+00  0.0000E+00  0.0000E+00  0.0000E+00  0.0000E+00  0.0000E+00  0.0000E+00
 Relative number of events:
  0.4219E-01  0.0000E+00  0.1519E-01  0.1344E-01  0.2312E-02  0.0000E+00  0.3925E-01  0.0000E+00  0.3125E-02  0.3250E-02  0.0000E+00  0.0000E+00  0.3513E-01  0.3750E-01  0.8688E-02  0.7188E-02  0.5625E-02  0.0000E+00  0.1063E-02  0.2063E-02  0.3250E-02  0.3312E-02  0.0000E+00  0.0000E+00  0.1481E-01  0.1400E-01  0.1563E-02  0.1437E-02  0.0000E+00  0.0000E+00  0.2750E-02  0.3875E-02
  0.4181E-01  0.0000E+00  0.1644E-01  0.1531E-01  0.2000E-02  0.0000E+00  0.0000E+00  0.0000E+00  0.3687E-02  0.4250E-02  0.0000E+00  0.0000E+00  0.0000E+00  0.0000E+00  0.7375E-02  0.6125E-02  0.0000E+00  0.0000E+00  0.1563E-02  0.1563E-02  0.0000E+00  0.0000E+00  0.0000E+00  0.0000E+00  0.0000E+00  0.0000E+00  0.0000E+00  0.0000E+00  0.0000E+00  0.0000E+00  0.0000E+00  0.0000E+00
  0.3994E-01  0.0000E+00  0.1269E-01  0.1444E-01  0.2125E-02  0.0000E+00  0.0000E+00  0.0000E+00  0.4313E-02  0.3250E-02  0.0000E+00  0.0000E+00  0.0000E+00  0.0000E+00  0.6437E-02  0.5938E-02  0.0000E+00  0.0000E+00  0.1563E-02  0.1875E-02  0.0000E+00  0.0000E+00  0.0000E+00  0.0000E+00  0.0000E+00  0.0000E+00  0.0000E+00  0.0000E+00  0.0000E+00  0.0000E+00  0.0000E+00  0.0000E+00
  0.4387E-01  0.0000E+00  0.1306E-01  0.1519E-01  0.3063E-02  0.0000E+00  0.4362E-01  0.0000E+00  0.3187E-02  0.3063E-02  0.0000E+00  0.0000E+00  0.3319E-01  0.3469E-01  0.7562E-02  0.7375E-02  0.3812E-02  0.0000E+00  0.2125E-02  0.1687E-02  0.3750E-02  0.3187E-02  0.0000E+00  0.0000E+00  0.1463E-01  0.1525E-01  0.1625E-02  0.1563E-02  0.0000E+00  0.0000E+00  0.2500E-02  0.3187E-02
  0.4125E-01  0.0000E+00  0.0000E+00  0.0000E+00  0.2812E-02  0.0000E+00  0.4569E-01  0.0000E+00  0.0000E+00  0.0000E+00  0.0000E+00  0.0000E+00  0.0000E+00  0.0000E+00  0.0000E+00  0.0000E+00  0.6687E-02  0.0000E+00  0.0000E+00  0.0000E+00  0.0000E+00  0.0000E+00  0.0000E+00  0.0000E+00  0.0000E+00  0.0000E+00  0.0000E+00  0.0000E+00  0.0000E+00  0.0000E+00  0.0000E+00  0.0000E+00
  0.4350E-01  0.0000E+00  0.0000E+00  0.0000E+00  0.3750E-02  0.0000E+00  0.0000E+00  0.0000E+00  0.0000E+00  0.0000E+00  0.0000E+00  0.0000E+00  0.0000E+00  0.0000E+00  0.0000E+00  0.0000E+00  0.0000E+00  0.0000E+00  0.0000E+00  0.0000E+00  0.0000E+00  0.0000E+00  0.0000E+00  0.0000E+00  0.0000E+00  0.0000E+00  0.0000E+00  0.0000E+00  0.0000E+00  0.0000E+00  0.0000E+00  0.0000E+00
  0.4381E-01  0.0000E+00  0.0000E+00  0.0000E+00  0.2063E-02  0.0000E+00  0.0000E+00  0.0000E+00  0.0000E+00  0.0000E+00  0.0000E+00  0.0000E+00  0.0000E+00  0.0000E+00  0.0000E+00  0.0000E+00  0.0000E+00  0.0000E+00  0.0000E+00  0.0000E+00  0.0000E+00  0.0000E+00  0.0000E+00  0.0000E+00  0.0000E+00  0.0000E+00  0.0000E+00  0.0000E+00  0.0000E+00  0.0000E+00  0.0000E+00  0.0000E+00
  0.4631E-01  0.0000E+00  0.0000E+00  0.0000E+00  0.2375E-02  0.0000E+00  0.4200E-01  0.0000E+00  0.0000E+00  0.0000E+00  0.0000E+00  0.0000E+00  0.0000E+00  0.0000E+00  0.0000E+00  0.0000E+00  0.4875E-02  0.0000E+00  0.0000E+00  0.0000E+00  0.0000E+00  0.0000E+00  0.0000E+00  0.0000E+00  0.0000E+00  0.0000E+00  0.0000E+00  0.0000E+00  0.0000E+00  0.0000E+00  0.0000E+00  0.0000E+00
 Events:
         675           0         243         215          37           0         628           0          50          52           0           0         562         600         139         115          90           0          17          33          52          53           0           0         237         224          25          23           0           0          44          62
         669           0         263         245          32           0           0           0          59          68           0           0           0           0         118          98           0           0          25          25           0           0           0           0           0           0           0           0           0           0           0           0
         639           0         203         231          34           0           0           0          69          52           0           0           0           0         103          95           0           0          25          30           0           0           0           0           0           0           0           0           0           0           0           0
         702           0         209         243          49           0         698           0          51          49           0           0         531         555         121         118          61           0          34          27          60          51           0           0         234         244          26          25           0           0          40          51
         660           0           0           0          45           0         731           0           0           0           0           0           0           0           0           0         107           0           0           0           0           0           0           0           0           0           0           0           0           0           0           0
         696           0           0           0          60           0           0           0           0           0           0           0           0           0           0           0           0           0           0           0           0           0           0           0           0           0           0           0           0           0           0           0
         701           0           0           0          33           0           0           0           0           0           0           0           0           0           0           0           0           0           0           0           0           0           0           0           0           0           0           0           0           0           0           0
         741           0           0           0          38           0         672           0           0           0           0           0           0           0           0           0          78           0           0           0           0           0           0           0           0           0           0           0           0           0           0           0
 Accuracy:    0.349   0.010   0.103  11.402
 Found         1035  events.
 Wrote            3  events.
 Actual xsec    5.4479287761116764E-008
 Correct abs xsec    5.4479287761116764E-008
 Event xsec    5.4479287761116764E-008
 Events wgts > 1:            1
 % Cross section > 1:    9.0531123270150731E-016   1.6617530623218807E-006
 Iteration  5   Mean: 0.6101E-07 Abs mean: 0.6101E-07   Fluctuation:  0.567E-08   0.147E-03    83.0%
  5    0.6101E-07 0.6101E-07 +- 0.5670E-08     16.63
 Relative summed weights:
  0.4776E-01  0.0000E+00  0.5568E-02  0.7618E-02  0.3000E-03  0.0000E+00  0.1569E+00  0.0000E+00  0.3141E-02  0.2125E-02  0.0000E+00  0.0000E+00  0.1653E-01  0.1932E-01  0.1442E-02  0.1654E-02  0.1370E-02  0.0000E+00  0.5833E-03  0.3548E-03  0.2154E-02  0.3017E-02  0.0000E+00  0.0000E+00  0.4632E-02  0.6078E-02  0.1238E-03  0.1775E-03  0.0000E+00  0.0000E+00  0.2870E-03  0.1282E-02
  0.3638E-01  0.0000E+00  0.4364E-02  0.5563E-02  0.9123E-03  0.0000E+00  0.0000E+00  0.0000E+00  0.6594E-03  0.8140E-03  0.0000E+00  0.0000E+00  0.0000E+00  0.0000E+00  0.8687E-02  0.1358E-02  0.0000E+00  0.0000E+00  0.1861E-03  0.8587E-04  0.0000E+00  0.0000E+00  0.0000E+00  0.0000E+00  0.0000E+00  0.0000E+00  0.0000E+00  0.0000E+00  0.0000E+00  0.0000E+00  0.0000E+00  0.0000E+00
  0.5690E-01  0.0000E+00  0.4467E-02  0.3619E-02  0.2990E-03  0.0000E+00  0.0000E+00  0.0000E+00  0.5355E-03  0.1513E-02  0.0000E+00  0.0000E+00  0.0000E+00  0.0000E+00  0.2878E-02  0.2095E-02  0.0000E+00  0.0000E+00  0.2035E-03  0.3737E-03  0.0000E+00  0.0000E+00  0.0000E+00  0.0000E+00  0.0000E+00  0.0000E+00  0.0000E+00  0.0000E+00  0.0000E+00  0.0000E+00  0.0000E+00  0.0000E+00
  0.4338E-01  0.0000E+00  0.6616E-02  0.8392E-02  0.1408E-03  0.0000E+00  0.8180E-01  0.0000E+00  0.2531E-02  0.2413E-02  0.0000E+00  0.0000E+00  0.3655E-01  0.1209E-01  0.6607E-02  0.2779E-02  0.7334E-03  0.0000E+00  0.2269E-02  0.2641E-03  0.3649E-02  0.1236E-02  0.0000E+00  0.0000E+00  0.3240E-02  0.4381E-02  0.5987E-02  0.8541E-04  0.0000E+00  0.0000E+00  0.3874E-03  0.1491E-03
  0.3319E-01  0.0000E+00  0.0000E+00  0.0000E+00  0.3613E-03  0.0000E+00  0.9601E-01  0.0000E+00  0.0000E+00  0.0000E+00  0.0000E+00  0.0000E+00  0.0000E+00  0.0000E+00  0.0000E+00  0.0000E+00  0.3539E-03  0.0000E+00  0.0000E+00  0.0000E+00  0.0000E+00  0.0000E+00  0.0000E+00  0.0000E+00  0.0000E+00  0.0000E+00  0.0000E+00  0.0000E+00  0.0000E+00  0.0000E+00  0.0000E+00  0.0000E+00
  0.3198E-01  0.0000E+00  0.0000E+00  0.0000E+00  0.1768E-03  0.0000E+00  0.0000E+00  0.0000E+00  0.0000E+00  0.0000E+00  0.0000E+00  0.0000E+00  0.0000E+00  0.0000E+00  0.0000E+00  0.0000E+00  0.0000E+00  0.0000E+00  0.0000E+00  0.0000E+00  0.0000E+00  0.0000E+00  0.0000E+00  0.0000E+00  0.0000E+00  0.0000E+00  0.0000E+00  0.0000E+00  0.0000E+00  0.0000E+00  0.0000E+00  0.0000E+00
  0.3085E-01  0.0000E+00  0.0000E+00  0.0000E+00  0.1924E-02  0.0000E+00  0.0000E+00  0.0000E+00  0.0000E+00  0.0000E+00  0.0000E+00  0.0000E+00  0.0000E+00  0.0000E+00  0.0000E+00  0.0000E+00  0.0000E+00  0.0000E+00  0.0000E+00  0.0000E+00  0.0000E+00  0.0000E+00  0.0000E+00  0.0000E+00  0.0000E+00  0.0000E+00  0.0000E+00  0.0000E+00  0.0000E+00  0.0000E+00  0.0000E+00  0.0000E+00
  0.5102E-01  0.0000E+00  0.0000E+00  0.0000E+00  0.1527E-02  0.0000E+00  0.1119E+00  0.0000E+00  0.0000E+00  0.0000E+00  0.0000E+00  0.0000E+00  0.0000E+00  0.0000E+00  0.0000E+00  0.0000E+00  0.6937E-03  0.0000E+00  0.0000E+00  0.0000E+00  0.0000E+00  0.0000E+00  0.0000E+00  0.0000E+00  0.0000E+00  0.0000E+00  0.0000E+00  0.0000E+00  0.0000E+00  0.0000E+00  0.0000E+00  0.0000E+00
 Relative number of events:
  0.4722E-01  0.0000E+00  0.1384E-01  0.1416E-01  0.2031E-02  0.0000E+00  0.4847E-01  0.0000E+00  0.3063E-02  0.3375E-02  0.0000E+00  0.0000E+00  0.3247E-01  0.3238E-01  0.6063E-02  0.5656E-02  0.3344E-02  0.0000E+00  0.1031E-02  0.1437E-02  0.2563E-02  0.2906E-02  0.0000E+00  0.0000E+00  0.1241E-01  0.1388E-01  0.1250E-02  0.9687E-03  0.0000E+00  0.0000E+00  0.3375E-02  0.3063E-02
  0.4600E-01  0.0000E+00  0.1275E-01  0.1428E-01  0.2281E-02  0.0000E+00  0.0000E+00  0.0000E+00  0.3219E-02  0.2656E-02  0.0000E+00  0.0000E+00  0.0000E+00  0.0000E+00  0.6406E-02  0.6063E-02  0.0000E+00  0.0000E+00  0.1531E-02  0.1281E-02  0.0000E+00  0.0000E+00  0.0000E+00  0.0000E+00  0.0000E+00  0.0000E+00  0.0000E+00  0.0000E+00  0.0000E+00  0.0000E+00  0.0000E+00  0.0000E+00
  0.4884E-01  0.0000E+00  0.1450E-01  0.1284E-01  0.1937E-02  0.0000E+00  0.0000E+00  0.0000E+00  0.2594E-02  0.2875E-02  0.0000E+00  0.0000E+00  0.0000E+00  0.0000E+00  0.6594E-02  0.5469E-02  0.0000E+00  0.0000E+00  0.1375E-02  0.1250E-02  0.0000E+00  0.0000E+00  0.0000E+00  0.0000E+00  0.0000E+00  0.0000E+00  0.0000E+00  0.0000E+00  0.0000E+00  0.0000E+00  0.0000E+00  0.0000E+00
  0.4616E-01  0.0000E+00  0.1391E-01  0.1456E-01  0.1781E-02  0.0000E+00  0.4428E-01  0.0000E+00  0.3406E-02  0.2844E-02  0.0000E+00  0.0000E+00  0.3428E-01  0.3266E-01  0.5656E-02  0.5719E-02  0.3938E-02  0.0000E+00  0.1500E-02  0.9687E-03  0.3406E-02  0.3438E-02  0.0000E+00  0.0000E+00  0.1337E-01  0.1472E-01  0.1000E-02  0.1125E-02  0.0000E+00  0.0000E+00  0.2469E-02  0.2781E-02
  0.4831E-01  0.0000E+00  0.0000E+00  0.0000E+00  0.1687E-02  0.0000E+00  0.4450E-01  0.0000E+00  0.0000E+00  0.0000E+00  0.0000E+00  0.0000E+00  0.0000E+00  0.0000E+00  0.0000E+00  0.0000E+00  0.4500E-02  0.0000E+00  0.0000E+00  0.0000E+00  0.0000E+00  0.0000E+00  0.0000E+00  0.0000E+00  0.0000E+00  0.0000E+00  0.0000E+00  0.0000E+00  0.0000E+00  0.0000E+00  0.0000E+00  0.0000E+00
  0.4550E-01  0.0000E+00  0.0000E+00  0.0000E+00  0.1906E-02  0.0000E+00  0.0000E+00  0.0000E+00  0.0000E+00  0.0000E+00  0.0000E+00  0.0000E+00  0.0000E+00  0.0000E+00  0.0000E+00  0.0000E+00  0.0000E+00  0.0000E+00  0.0000E+00  0.0000E+00  0.0000E+00  0.0000E+00  0.0000E+00  0.0000E+00  0.0000E+00  0.0000E+00  0.0000E+00  0.0000E+00  0.0000E+00  0.0000E+00  0.0000E+00  0.0000E+00
  0.4738E-01  0.0000E+00  0.0000E+00  0.0000E+00  0.1844E-02  0.0000E+00  0.0000E+00  0.0000E+00  0.0000E+00  0.0000E+00  0.0000E+00  0.0000E+00  0.0000E+00  0.0000E+00  0.0000E+00  0.0000E+00  0.0000E+00  0.0000E+00  0.0000E+00  0.0000E+00  0.0000E+00  0.0000E+00  0.0000E+00  0.0000E+00  0.0000E+00  0.0000E+00  0.0000E+00  0.0000E+00  0.0000E+00  0.0000E+00  0.0000E+00  0.0000E+00
  0.4850E-01  0.0000E+00  0.0000E+00  0.0000E+00  0.1937E-02  0.0000E+00  0.4669E-01  0.0000E+00  0.0000E+00  0.0000E+00  0.0000E+00  0.0000E+00  0.0000E+00  0.0000E+00  0.0000E+00  0.0000E+00  0.3594E-02  0.0000E+00  0.0000E+00  0.0000E+00  0.0000E+00  0.0000E+00  0.0000E+00  0.0000E+00  0.0000E+00  0.0000E+00  0.0000E+00  0.0000E+00  0.0000E+00  0.0000E+00  0.0000E+00  0.0000E+00
 Events:
        1511           0         443         453          65           0        1551           0          98         108           0           0        1039        1036         194         181         107           0          33          46          82          93           0           0         397         444          40          31           0           0         108          98
        1472           0         408         457          73           0           0           0         103          85           0           0           0           0         205         194           0           0          49          41           0           0           0           0           0           0           0           0           0           0           0           0
        1563           0         464         411          62           0           0           0          83          92           0           0           0           0         211         175           0           0          44          40           0           0           0           0           0           0           0           0           0           0           0           0
        1477           0         445         466          57           0        1417           0         109          91           0           0        1097        1045         181         183         126           0          48          31         109         110           0           0         428         471          32          36           0           0          79          89
        1546           0           0           0          54           0        1424           0           0           0           0           0           0           0           0           0         144           0           0           0           0           0           0           0           0           0           0           0           0           0           0           0
        1456           0           0           0          61           0           0           0           0           0           0           0           0           0           0           0           0           0           0           0           0           0           0           0           0           0           0           0           0           0           0           0
        1516           0           0           0          59           0           0           0           0           0           0           0           0           0           0           0           0           0           0           0           0           0           0           0           0           0           0           0           0           0           0           0
        1552           0           0           0          62           0        1494           0           0           0           0           0           0           0           0           0         115           0           0           0           0           0           0           0           0           0           0           0           0           0           0           0
 Accuracy:    0.192   0.010   0.069   7.689
 Found         1452  events.
 Wrote           11  events.
 Actual xsec    5.5663542251186973E-008
 Correct abs xsec    5.5663542251186973E-008
 Event xsec    5.5663542251186973E-008
 Events wgts > 1:            1
 % Cross section > 1:    2.3339922137649873E-016   4.1930357274652549E-007
 Iteration  6   Mean: 0.5852E-07 Abs mean: 0.5852E-07   Fluctuation:  0.209E-08   0.811E-04    85.2%
  6    0.5852E-07 0.5852E-07 +- 0.2093E-08      9.05
 Relative summed weights:
  0.3677E-01  0.0000E+00  0.6218E-02  0.7519E-02  0.4571E-03  0.0000E+00  0.9438E-01  0.0000E+00  0.3290E-02  0.1190E-02  0.0000E+00  0.0000E+00  0.1606E-01  0.1140E-01  0.3213E-02  0.2022E-02  0.8737E-03  0.0000E+00  0.2422E-03  0.1768E-03  0.2897E-02  0.4825E-02  0.0000E+00  0.0000E+00  0.1040E-01  0.5331E-02  0.2506E-03  0.2567E-03  0.0000E+00  0.0000E+00  0.4540E-03  0.6941E-03
  0.4944E-01  0.0000E+00  0.5903E-02  0.9619E-02  0.7657E-03  0.0000E+00  0.0000E+00  0.0000E+00  0.4736E-02  0.2875E-02  0.0000E+00  0.0000E+00  0.0000E+00  0.0000E+00  0.2007E-02  0.7520E-02  0.0000E+00  0.0000E+00  0.8202E-04  0.2380E-03  0.0000E+00  0.0000E+00  0.0000E+00  0.0000E+00  0.0000E+00  0.0000E+00  0.0000E+00  0.0000E+00  0.0000E+00  0.0000E+00  0.0000E+00  0.0000E+00
  0.5057E-01  0.0000E+00  0.6465E-02  0.6624E-02  0.3167E-03  0.0000E+00  0.0000E+00  0.0000E+00  0.1097E-02  0.1522E-02  0.0000E+00  0.0000E+00  0.0000E+00  0.0000E+00  0.2691E-02  0.2071E-02  0.0000E+00  0.0000E+00  0.2785E-03  0.1091E-02  0.0000E+00  0.0000E+00  0.0000E+00  0.0000E+00  0.0000E+00  0.0000E+00  0.0000E+00  0.0000E+00  0.0000E+00  0.0000E+00  0.0000E+00  0.0000E+00
  0.4345E-01  0.0000E+00  0.4857E-02  0.7519E-02  0.3600E-03  0.0000E+00  0.1058E+00  0.0000E+00  0.1578E-02  0.1111E-02  0.0000E+00  0.0000E+00  0.2004E-01  0.1590E-01  0.3189E-02  0.2996E-02  0.1054E-02  0.0000E+00  0.1747E-03  0.4327E-03  0.5941E-02  0.1690E-02  0.0000E+00  0.0000E+00  0.5068E-02  0.4651E-02  0.8634E-04  0.8908E-03  0.0000E+00  0.0000E+00  0.1669E-02  0.7689E-03
  0.5318E-01  0.0000E+00  0.0000E+00  0.0000E+00  0.2727E-03  0.0000E+00  0.9900E-01  0.0000E+00  0.0000E+00  0.0000E+00  0.0000E+00  0.0000E+00  0.0000E+00  0.0000E+00  0.0000E+00  0.0000E+00  0.2124E-02  0.0000E+00  0.0000E+00  0.0000E+00  0.0000E+00  0.0000E+00  0.0000E+00  0.0000E+00  0.0000E+00  0.0000E+00  0.0000E+00  0.0000E+00  0.0000E+00  0.0000E+00  0.0000E+00  0.0000E+00
  0.4287E-01  0.0000E+00  0.0000E+00  0.0000E+00  0.1475E-02  0.0000E+00  0.0000E+00  0.0000E+00  0.0000E+00  0.0000E+00  0.0000E+00  0.0000E+00  0.0000E+00  0.0000E+00  0.0000E+00  0.0000E+00  0.0000E+00  0.0000E+00  0.0000E+00  0.0000E+00  0.0000E+00  0.0000E+00  0.0000E+00  0.0000E+00  0.0000E+00  0.0000E+00  0.0000E+00  0.0000E+00  0.0000E+00  0.0000E+00  0.0000E+00  0.0000E+00
  0.3615E-01  0.0000E+00  0.0000E+00  0.0000E+00  0.7658E-03  0.0000E+00  0.0000E+00  0.0000E+00  0.0000E+00  0.0000E+00  0.0000E+00  0.0000E+00  0.0000E+00  0.0000E+00  0.0000E+00  0.0000E+00  0.0000E+00  0.0000E+00  0.0000E+00  0.0000E+00  0.0000E+00  0.0000E+00  0.0000E+00  0.0000E+00  0.0000E+00  0.0000E+00  0.0000E+00  0.0000E+00  0.0000E+00  0.0000E+00  0.0000E+00  0.0000E+00
  0.4567E-01  0.0000E+00  0.0000E+00  0.0000E+00  0.5880E-03  0.0000E+00  0.1228E+00  0.0000E+00  0.0000E+00  0.0000E+00  0.0000E+00  0.0000E+00  0.0000E+00  0.0000E+00  0.0000E+00  0.0000E+00  0.1026E-02  0.0000E+00  0.0000E+00  0.0000E+00  0.0000E+00  0.0000E+00  0.0000E+00  0.0000E+00  0.0000E+00  0.0000E+00  0.0000E+00  0.0000E+00  0.0000E+00  0.0000E+00  0.0000E+00  0.0000E+00
 Relative number of events:
  0.5122E-01  0.0000E+00  0.1188E-01  0.1252E-01  0.1516E-02  0.0000E+00  0.4975E-01  0.0000E+00  0.3156E-02  0.2531E-02  0.0000E+00  0.0000E+00  0.3025E-01  0.3005E-01  0.5641E-02  0.5641E-02  0.3469E-02  0.0000E+00  0.1422E-02  0.9063E-03  0.2750E-02  0.2734E-02  0.0000E+00  0.0000E+00  0.1245E-01  0.1189E-01  0.1109E-02  0.8750E-03  0.0000E+00  0.0000E+00  0.2234E-02  0.2375E-02
  0.5134E-01  0.0000E+00  0.1252E-01  0.1336E-01  0.1937E-02  0.0000E+00  0.0000E+00  0.0000E+00  0.2563E-02  0.2828E-02  0.0000E+00  0.0000E+00  0.0000E+00  0.0000E+00  0.5125E-02  0.5641E-02  0.0000E+00  0.0000E+00  0.9219E-03  0.9844E-03  0.0000E+00  0.0000E+00  0.0000E+00  0.0000E+00  0.0000E+00  0.0000E+00  0.0000E+00  0.0000E+00  0.0000E+00  0.0000E+00  0.0000E+00  0.0000E+00
  0.5055E-01  0.0000E+00  0.1241E-01  0.1292E-01  0.1859E-02  0.0000E+00  0.0000E+00  0.0000E+00  0.2547E-02  0.2531E-02  0.0000E+00  0.0000E+00  0.0000E+00  0.0000E+00  0.5859E-02  0.5609E-02  0.0000E+00  0.0000E+00  0.1375E-02  0.1328E-02  0.0000E+00  0.0000E+00  0.0000E+00  0.0000E+00  0.0000E+00  0.0000E+00  0.0000E+00  0.0000E+00  0.0000E+00  0.0000E+00  0.0000E+00  0.0000E+00
  0.5167E-01  0.0000E+00  0.1238E-01  0.1250E-01  0.2203E-02  0.0000E+00  0.4984E-01  0.0000E+00  0.2719E-02  0.2172E-02  0.0000E+00  0.0000E+00  0.3106E-01  0.2952E-01  0.5328E-02  0.5578E-02  0.3422E-02  0.0000E+00  0.1016E-02  0.1109E-02  0.2703E-02  0.2375E-02  0.0000E+00  0.0000E+00  0.1292E-01  0.1275E-01  0.9063E-03  0.9687E-03  0.0000E+00  0.0000E+00  0.2219E-02  0.2344E-02
  0.5025E-01  0.0000E+00  0.0000E+00  0.0000E+00  0.1937E-02  0.0000E+00  0.5031E-01  0.0000E+00  0.0000E+00  0.0000E+00  0.0000E+00  0.0000E+00  0.0000E+00  0.0000E+00  0.0000E+00  0.0000E+00  0.3344E-02  0.0000E+00  0.0000E+00  0.0000E+00  0.0000E+00  0.0000E+00  0.0000E+00  0.0000E+00  0.0000E+00  0.0000E+00  0.0000E+00  0.0000E+00  0.0000E+00  0.0000E+00  0.0000E+00  0.0000E+00
  0.5017E-01  0.0000E+00  0.0000E+00  0.0000E+00  0.2188E-02  0.0000E+00  0.0000E+00  0.0000E+00  0.0000E+00  0.0000E+00  0.0000E+00  0.0000E+00  0.0000E+00  0.0000E+00  0.0000E+00  0.0000E+00  0.0000E+00  0.0000E+00  0.0000E+00  0.0000E+00  0.0000E+00  0.0000E+00  0.0000E+00  0.0000E+00  0.0000E+00  0.0000E+00  0.0000E+00  0.0000E+00  0.0000E+00  0.0000E+00  0.0000E+00  0.0000E+00
  0.5009E-01  0.0000E+00  0.0000E+00  0.0000E+00  0.1594E-02  0.0000E+00  0.0000E+00  0.0000E+00  0.0000E+00  0.0000E+00  0.0000E+00  0.0000E+00  0.0000E+00  0.0000E+00  0.0000E+00  0.0000E+00  0.0000E+00  0.0000E+00  0.0000E+00  0.0000E+00  0.0000E+00  0.0000E+00  0.0000E+00  0.0000E+00  0.0000E+00  0.0000E+00  0.0000E+00  0.0000E+00  0.0000E+00  0.0000E+00  0.0000E+00  0.0000E+00
  0.4923E-01  0.0000E+00  0.0000E+00  0.0000E+00  0.1672E-02  0.0000E+00  0.4727E-01  0.0000E+00  0.0000E+00  0.0000E+00  0.0000E+00  0.0000E+00  0.0000E+00  0.0000E+00  0.0000E+00  0.0000E+00  0.3672E-02  0.0000E+00  0.0000E+00  0.0000E+00  0.0000E+00  0.0000E+00  0.0000E+00  0.0000E+00  0.0000E+00  0.0000E+00  0.0000E+00  0.0000E+00  0.0000E+00  0.0000E+00  0.0000E+00  0.0000E+00
 Events:
        3278           0         760         801          97           0        3184           0         202         162           0           0        1936        1923         361         361         222           0          91          58         176         175           0           0         797         761          71          56           0           0         143         152
        3286           0         801         855         124           0           0           0         164         181           0           0           0           0         328         361           0           0          59          63           0           0           0           0           0           0           0           0           0           0           0           0
        3235           0         794         827         119           0           0           0         163         162           0           0           0           0         375         359           0           0          88          85           0           0           0           0           0           0           0           0           0           0           0           0
        3307           0         792         800         141           0        3190           0         174         139           0           0        1988        1889         341         357         219           0          65          71         173         152           0           0         827         816          58          62           0           0         142         150
        3216           0           0           0         124           0        3220           0           0           0           0           0           0           0           0           0         214           0           0           0           0           0           0           0           0           0           0           0           0           0           0           0
        3211           0           0           0         140           0           0           0           0           0           0           0           0           0           0           0           0           0           0           0           0           0           0           0           0           0           0           0           0           0           0           0
        3206           0           0           0         102           0           0           0           0           0           0           0           0           0           0           0           0           0           0           0           0           0           0           0           0           0           0           0           0           0           0           0
        3151           0           0           0         107           0        3025           0           0           0           0           0           0           0           0           0         235           0           0           0           0           0           0           0           0           0           0           0           0           0           0           0
 Accuracy:    0.078   0.010   0.032   6.084
 Found         4011  events.
 Wrote           43  events.
 Actual xsec    5.9357606375062504E-008
 Correct abs xsec    5.9357606375062504E-008
 Event xsec    5.9357606375062478E-008
 Events wgts > 1:            0
 % Cross section > 1:    0.0000000000000000        0.0000000000000000     
 Iteration  7   Mean: 0.6306E-07 Abs mean: 0.6306E-07   Fluctuation:  0.178E-08   0.143E-03    86.5%
  7    0.6306E-07 0.6306E-07 +- 0.1785E-08     10.13
 Exceeded boost          11          94   128000.000    
 Relative summed weights:
  0.4515E-01  0.0000E+00  0.8062E-02  0.5534E-02  0.1117E-02  0.0000E+00  0.9718E-01  0.0000E+00  0.2400E-02  0.1931E-02  0.0000E+00  0.0000E+00  0.1870E-01  0.1465E-01  0.3279E-02  0.3083E-02  0.6556E-03  0.0000E+00  0.5225E-03  0.2762E-03  0.4762E-02  0.4295E-02  0.0000E+00  0.0000E+00  0.5974E-02  0.4429E-02  0.3763E-03  0.2899E-03  0.0000E+00  0.0000E+00  0.2682E-02  0.6029E-03
  0.4908E-01  0.0000E+00  0.8202E-02  0.5872E-02  0.9974E-03  0.0000E+00  0.0000E+00  0.0000E+00  0.1177E-02  0.2192E-02  0.0000E+00  0.0000E+00  0.0000E+00  0.0000E+00  0.3522E-02  0.2918E-02  0.0000E+00  0.0000E+00  0.3458E-03  0.2239E-03  0.0000E+00  0.0000E+00  0.0000E+00  0.0000E+00  0.0000E+00  0.0000E+00  0.0000E+00  0.0000E+00  0.0000E+00  0.0000E+00  0.0000E+00  0.0000E+00
  0.4274E-01  0.0000E+00  0.9321E-02  0.6632E-02  0.3357E-03  0.0000E+00  0.0000E+00  0.0000E+00  0.1193E-02  0.2443E-02  0.0000E+00  0.0000E+00  0.0000E+00  0.0000E+00  0.3451E-02  0.3024E-02  0.0000E+00  0.0000E+00  0.3661E-03  0.1763E-03  0.0000E+00  0.0000E+00  0.0000E+00  0.0000E+00  0.0000E+00  0.0000E+00  0.0000E+00  0.0000E+00  0.0000E+00  0.0000E+00  0.0000E+00  0.0000E+00
  0.4575E-01  0.0000E+00  0.7838E-02  0.6926E-02  0.4333E-03  0.0000E+00  0.9341E-01  0.0000E+00  0.1457E-02  0.6647E-02  0.0000E+00  0.0000E+00  0.1794E-01  0.1566E-01  0.2463E-02  0.2973E-02  0.1232E-02  0.0000E+00  0.2910E-03  0.3060E-03  0.3373E-02  0.4249E-02  0.0000E+00  0.0000E+00  0.5980E-02  0.4918E-02  0.1949E-03  0.1925E-03  0.0000E+00  0.0000E+00  0.6198E-03  0.1146E-02
  0.4085E-01  0.0000E+00  0.0000E+00  0.0000E+00  0.5012E-03  0.0000E+00  0.1117E+00  0.0000E+00  0.0000E+00  0.0000E+00  0.0000E+00  0.0000E+00  0.0000E+00  0.0000E+00  0.0000E+00  0.0000E+00  0.6422E-03  0.0000E+00  0.0000E+00  0.0000E+00  0.0000E+00  0.0000E+00  0.0000E+00  0.0000E+00  0.0000E+00  0.0000E+00  0.0000E+00  0.0000E+00  0.0000E+00  0.0000E+00  0.0000E+00  0.0000E+00
  0.5480E-01  0.0000E+00  0.0000E+00  0.0000E+00  0.2967E-03  0.0000E+00  0.0000E+00  0.0000E+00  0.0000E+00  0.0000E+00  0.0000E+00  0.0000E+00  0.0000E+00  0.0000E+00  0.0000E+00  0.0000E+00  0.0000E+00  0.0000E+00  0.0000E+00  0.0000E+00  0.0000E+00  0.0000E+00  0.0000E+00  0.0000E+00  0.0000E+00  0.0000E+00  0.0000E+00  0.0000E+00  0.0000E+00  0.0000E+00  0.0000E+00  0.0000E+00
  0.4483E-01  0.0000E+00  0.0000E+00  0.0000E+00  0.3289E-03  0.0000E+00  0.0000E+00  0.0000E+00  0.0000E+00  0.0000E+00  0.0000E+00  0.0000E+00  0.0000E+00  0.0000E+00  0.0000E+00  0.0000E+00  0.0000E+00  0.0000E+00  0.0000E+00  0.0000E+00  0.0000E+00  0.0000E+00  0.0000E+00  0.0000E+00  0.0000E+00  0.0000E+00  0.0000E+00  0.0000E+00  0.0000E+00  0.0000E+00  0.0000E+00  0.0000E+00
  0.4898E-01  0.0000E+00  0.0000E+00  0.0000E+00  0.3644E-03  0.0000E+00  0.1012E+00  0.0000E+00  0.0000E+00  0.0000E+00  0.0000E+00  0.0000E+00  0.0000E+00  0.0000E+00  0.0000E+00  0.0000E+00  0.1304E-02  0.0000E+00  0.0000E+00  0.0000E+00  0.0000E+00  0.0000E+00  0.0000E+00  0.0000E+00  0.0000E+00  0.0000E+00  0.0000E+00  0.0000E+00  0.0000E+00  0.0000E+00  0.0000E+00  0.0000E+00
 Relative number of events:
  0.5183E-01  0.0000E+00  0.1291E-01  0.1205E-01  0.1727E-02  0.0000E+00  0.5038E-01  0.0000E+00  0.2672E-02  0.2641E-02  0.0000E+00  0.0000E+00  0.2893E-01  0.2938E-01  0.5437E-02  0.5250E-02  0.2969E-02  0.0000E+00  0.9922E-03  0.9766E-03  0.2711E-02  0.2516E-02  0.0000E+00  0.0000E+00  0.1141E-01  0.1155E-01  0.8281E-03  0.7734E-03  0.0000E+00  0.0000E+00  0.1969E-02  0.2031E-02
  0.5302E-01  0.0000E+00  0.1261E-01  0.1223E-01  0.1422E-02  0.0000E+00  0.0000E+00  0.0000E+00  0.2367E-02  0.2445E-02  0.0000E+00  0.0000E+00  0.0000E+00  0.0000E+00  0.5320E-02  0.5336E-02  0.0000E+00  0.0000E+00  0.1164E-02  0.1117E-02  0.0000E+00  0.0000E+00  0.0000E+00  0.0000E+00  0.0000E+00  0.0000E+00  0.0000E+00  0.0000E+00  0.0000E+00  0.0000E+00  0.0000E+00  0.0000E+00
  0.5182E-01  0.0000E+00  0.1268E-01  0.1246E-01  0.1477E-02  0.0000E+00  0.0000E+00  0.0000E+00  0.2594E-02  0.2406E-02  0.0000E+00  0.0000E+00  0.0000E+00  0.0000E+00  0.5000E-02  0.4906E-02  0.0000E+00  0.0000E+00  0.1008E-02  0.1156E-02  0.0000E+00  0.0000E+00  0.0000E+00  0.0000E+00  0.0000E+00  0.0000E+00  0.0000E+00  0.0000E+00  0.0000E+00  0.0000E+00  0.0000E+00  0.0000E+00
  0.5155E-01  0.0000E+00  0.1181E-01  0.1245E-01  0.1492E-02  0.0000E+00  0.5183E-01  0.0000E+00  0.2453E-02  0.2602E-02  0.0000E+00  0.0000E+00  0.2959E-01  0.2928E-01  0.5063E-02  0.5430E-02  0.3219E-02  0.0000E+00  0.9609E-03  0.1156E-02  0.2406E-02  0.2352E-02  0.0000E+00  0.0000E+00  0.1121E-01  0.1145E-01  0.7734E-03  0.8125E-03  0.0000E+00  0.0000E+00  0.2195E-02  0.2164E-02
  0.5205E-01  0.0000E+00  0.0000E+00  0.0000E+00  0.1500E-02  0.0000E+00  0.5027E-01  0.0000E+00  0.0000E+00  0.0000E+00  0.0000E+00  0.0000E+00  0.0000E+00  0.0000E+00  0.0000E+00  0.0000E+00  0.3117E-02  0.0000E+00  0.0000E+00  0.0000E+00  0.0000E+00  0.0000E+00  0.0000E+00  0.0000E+00  0.0000E+00  0.0000E+00  0.0000E+00  0.0000E+00  0.0000E+00  0.0000E+00  0.0000E+00  0.0000E+00
  0.5241E-01  0.0000E+00  0.0000E+00  0.0000E+00  0.1539E-02  0.0000E+00  0.0000E+00  0.0000E+00  0.0000E+00  0.0000E+00  0.0000E+00  0.0000E+00  0.0000E+00  0.0000E+00  0.0000E+00  0.0000E+00  0.0000E+00  0.0000E+00  0.0000E+00  0.0000E+00  0.0000E+00  0.0000E+00  0.0000E+00  0.0000E+00  0.0000E+00  0.0000E+00  0.0000E+00  0.0000E+00  0.0000E+00  0.0000E+00  0.0000E+00  0.0000E+00
  0.5172E-01  0.0000E+00  0.0000E+00  0.0000E+00  0.1641E-02  0.0000E+00  0.0000E+00  0.0000E+00  0.0000E+00  0.0000E+00  0.0000E+00  0.0000E+00  0.0000E+00  0.0000E+00  0.0000E+00  0.0000E+00  0.0000E+00  0.0000E+00  0.0000E+00  0.0000E+00  0.0000E+00  0.0000E+00  0.0000E+00  0.0000E+00  0.0000E+00  0.0000E+00  0.0000E+00  0.0000E+00  0.0000E+00  0.0000E+00  0.0000E+00  0.0000E+00
  0.5289E-01  0.0000E+00  0.0000E+00  0.0000E+00  0.1617E-02  0.0000E+00  0.5135E-01  0.0000E+00  0.0000E+00  0.0000E+00  0.0000E+00  0.0000E+00  0.0000E+00  0.0000E+00  0.0000E+00  0.0000E+00  0.3180E-02  0.0000E+00  0.0000E+00  0.0000E+00  0.0000E+00  0.0000E+00  0.0000E+00  0.0000E+00  0.0000E+00  0.0000E+00  0.0000E+00  0.0000E+00  0.0000E+00  0.0000E+00  0.0000E+00  0.0000E+00
 Events:
        6634           0        1653        1543         221           0        6449           0         342         338           0           0        3703        3761         696         672         380           0         127         125         347         322           0           0        1460        1479         106          99           0           0         252         260
        6786           0        1614        1565         182           0           0           0         303         313           0           0           0           0         681         683           0           0         149         143           0           0           0           0           0           0           0           0           0           0           0           0
        6633           0        1623        1595         189           0           0           0         332         308           0           0           0           0         640         628           0           0         129         148           0           0           0           0           0           0           0           0           0           0           0           0
        6599           0        1512        1593         191           0        6634           0         314         333           0           0        3787        3748         648         695         412           0         123         148         308         301           0           0        1435        1465          99         104           0           0         281         277
        6662           0           0           0         192           0        6434           0           0           0           0           0           0           0           0           0         399           0           0           0           0           0           0           0           0           0           0           0           0           0           0           0
        6709           0           0           0         197           0           0           0           0           0           0           0           0           0           0           0           0           0           0           0           0           0           0           0           0           0           0           0           0           0           0           0
        6620           0           0           0         210           0           0           0           0           0           0           0           0           0           0           0           0           0           0           0           0           0           0           0           0           0           0           0           0           0           0           0
        6770           0           0           0         207           0        6573           0           0           0           0           0           0           0           0           0         407           0           0           0           0           0           0           0           0           0           0           0           0           0           0           0
 Accuracy:    0.048   0.010   0.021   5.180
 Found         9318  events.
 Wrote           55  events.
 Actual xsec    6.1294752326473333E-008
 Correct abs xsec    6.1294752326473333E-008
 Event xsec    6.1294752326473200E-008
 Events wgts > 1:            1
 % Cross section > 1:    7.8934735243241925E-017   1.2877894476645110E-007
 Iteration  8   Mean: 0.6571E-07 Abs mean: 0.6571E-07   Fluctuation:  0.136E-08   0.173E-03    87.0%
  8    0.6571E-07 0.6571E-07 +- 0.1360E-08     10.47
 Exceeded boost           9          96   128000.000    
 Relative summed weights:
  0.5548E-01  0.0000E+00  0.1130E-01  0.6704E-02  0.2902E-03  0.0000E+00  0.9463E-01  0.0000E+00  0.2277E-02  0.2421E-02  0.0000E+00  0.0000E+00  0.1478E-01  0.1960E-01  0.2780E-02  0.2203E-02  0.1209E-02  0.0000E+00  0.3122E-03  0.2509E-03  0.5069E-02  0.4060E-02  0.0000E+00  0.0000E+00  0.6687E-02  0.5369E-02  0.2933E-03  0.2000E-03  0.0000E+00  0.0000E+00  0.5195E-03  0.8147E-03
  0.4253E-01  0.0000E+00  0.7773E-02  0.5823E-02  0.5011E-03  0.0000E+00  0.0000E+00  0.0000E+00  0.2190E-02  0.2808E-02  0.0000E+00  0.0000E+00  0.0000E+00  0.0000E+00  0.2821E-02  0.2422E-02  0.0000E+00  0.0000E+00  0.3541E-03  0.2779E-03  0.0000E+00  0.0000E+00  0.0000E+00  0.0000E+00  0.0000E+00  0.0000E+00  0.0000E+00  0.0000E+00  0.0000E+00  0.0000E+00  0.0000E+00  0.0000E+00
  0.4835E-01  0.0000E+00  0.5631E-02  0.7333E-02  0.3710E-03  0.0000E+00  0.0000E+00  0.0000E+00  0.1904E-02  0.1927E-02  0.0000E+00  0.0000E+00  0.0000E+00  0.0000E+00  0.2424E-02  0.2722E-02  0.0000E+00  0.0000E+00  0.2408E-03  0.1797E-03  0.0000E+00  0.0000E+00  0.0000E+00  0.0000E+00  0.0000E+00  0.0000E+00  0.0000E+00  0.0000E+00  0.0000E+00  0.0000E+00  0.0000E+00  0.0000E+00
  0.5086E-01  0.0000E+00  0.8497E-02  0.7297E-02  0.2488E-03  0.0000E+00  0.9692E-01  0.0000E+00  0.2256E-02  0.2126E-02  0.0000E+00  0.0000E+00  0.1528E-01  0.1280E-01  0.2487E-02  0.2324E-02  0.8846E-03  0.0000E+00  0.3289E-03  0.2293E-03  0.6261E-02  0.3618E-02  0.0000E+00  0.0000E+00  0.4814E-02  0.5956E-02  0.1674E-03  0.1673E-03  0.0000E+00  0.0000E+00  0.7105E-03  0.7477E-03
  0.4377E-01  0.0000E+00  0.0000E+00  0.0000E+00  0.4335E-03  0.0000E+00  0.9929E-01  0.0000E+00  0.0000E+00  0.0000E+00  0.0000E+00  0.0000E+00  0.0000E+00  0.0000E+00  0.0000E+00  0.0000E+00  0.7767E-03  0.0000E+00  0.0000E+00  0.0000E+00  0.0000E+00  0.0000E+00  0.0000E+00  0.0000E+00  0.0000E+00  0.0000E+00  0.0000E+00  0.0000E+00  0.0000E+00  0.0000E+00  0.0000E+00  0.0000E+00
  0.4929E-01  0.0000E+00  0.0000E+00  0.0000E+00  0.3215E-03  0.0000E+00  0.0000E+00  0.0000E+00  0.0000E+00  0.0000E+00  0.0000E+00  0.0000E+00  0.0000E+00  0.0000E+00  0.0000E+00  0.0000E+00  0.0000E+00  0.0000E+00  0.0000E+00  0.0000E+00  0.0000E+00  0.0000E+00  0.0000E+00  0.0000E+00  0.0000E+00  0.0000E+00  0.0000E+00  0.0000E+00  0.0000E+00  0.0000E+00  0.0000E+00  0.0000E+00
  0.5181E-01  0.0000E+00  0.0000E+00  0.0000E+00  0.4010E-03  0.0000E+00  0.0000E+00  0.0000E+00  0.0000E+00  0.0000E+00  0.0000E+00  0.0000E+00  0.0000E+00  0.0000E+00  0.0000E+00  0.0000E+00  0.0000E+00  0.0000E+00  0.0000E+00  0.0000E+00  0.0000E+00  0.0000E+00  0.0000E+00  0.0000E+00  0.0000E+00  0.0000E+00  0.0000E+00  0.0000E+00  0.0000E+00  0.0000E+00  0.0000E+00  0.0000E+00
  0.4400E-01  0.0000E+00  0.0000E+00  0.0000E+00  0.6677E-03  0.0000E+00  0.1068E+00  0.0000E+00  0.0000E+00  0.0000E+00  0.0000E+00  0.0000E+00  0.0000E+00  0.0000E+00  0.0000E+00  0.0000E+00  0.1667E-02  0.0000E+00  0.0000E+00  0.0000E+00  0.0000E+00  0.0000E+00  0.0000E+00  0.0000E+00  0.0000E+00  0.0000E+00  0.0000E+00  0.0000E+00  0.0000E+00  0.0000E+00  0.0000E+00  0.0000E+00
 Relative number of events:
  0.5323E-01  0.0000E+00  0.1232E-01  0.1234E-01  0.1379E-02  0.0000E+00  0.5178E-01  0.0000E+00  0.2402E-02  0.2582E-02  0.0000E+00  0.0000E+00  0.2950E-01  0.2950E-01  0.5098E-02  0.4895E-02  0.3000E-02  0.0000E+00  0.8750E-03  0.9297E-03  0.2516E-02  0.2633E-02  0.0000E+00  0.0000E+00  0.1127E-01  0.1087E-01  0.7773E-03  0.7539E-03  0.0000E+00  0.0000E+00  0.1891E-02  0.1777E-02
  0.5311E-01  0.0000E+00  0.1226E-01  0.1180E-01  0.1480E-02  0.0000E+00  0.0000E+00  0.0000E+00  0.2547E-02  0.2453E-02  0.0000E+00  0.0000E+00  0.0000E+00  0.0000E+00  0.4930E-02  0.4965E-02  0.0000E+00  0.0000E+00  0.9883E-03  0.1020E-02  0.0000E+00  0.0000E+00  0.0000E+00  0.0000E+00  0.0000E+00  0.0000E+00  0.0000E+00  0.0000E+00  0.0000E+00  0.0000E+00  0.0000E+00  0.0000E+00
  0.5334E-01  0.0000E+00  0.1259E-01  0.1249E-01  0.1414E-02  0.0000E+00  0.0000E+00  0.0000E+00  0.2539E-02  0.2605E-02  0.0000E+00  0.0000E+00  0.0000E+00  0.0000E+00  0.5188E-02  0.5035E-02  0.0000E+00  0.0000E+00  0.9375E-03  0.8984E-03  0.0000E+00  0.0000E+00  0.0000E+00  0.0000E+00  0.0000E+00  0.0000E+00  0.0000E+00  0.0000E+00  0.0000E+00  0.0000E+00  0.0000E+00  0.0000E+00
  0.5298E-01  0.0000E+00  0.1204E-01  0.1204E-01  0.1313E-02  0.0000E+00  0.5135E-01  0.0000E+00  0.2590E-02  0.2352E-02  0.0000E+00  0.0000E+00  0.2840E-01  0.2879E-01  0.5004E-02  0.4887E-02  0.2871E-02  0.0000E+00  0.9375E-03  0.9883E-03  0.2402E-02  0.2340E-02  0.0000E+00  0.0000E+00  0.1142E-01  0.1110E-01  0.7852E-03  0.6953E-03  0.0000E+00  0.0000E+00  0.1961E-02  0.1965E-02
  0.5279E-01  0.0000E+00  0.0000E+00  0.0000E+00  0.1445E-02  0.0000E+00  0.5147E-01  0.0000E+00  0.0000E+00  0.0000E+00  0.0000E+00  0.0000E+00  0.0000E+00  0.0000E+00  0.0000E+00  0.0000E+00  0.3105E-02  0.0000E+00  0.0000E+00  0.0000E+00  0.0000E+00  0.0000E+00  0.0000E+00  0.0000E+00  0.0000E+00  0.0000E+00  0.0000E+00  0.0000E+00  0.0000E+00  0.0000E+00  0.0000E+00  0.0000E+00
  0.5266E-01  0.0000E+00  0.0000E+00  0.0000E+00  0.1348E-02  0.0000E+00  0.0000E+00  0.0000E+00  0.0000E+00  0.0000E+00  0.0000E+00  0.0000E+00  0.0000E+00  0.0000E+00  0.0000E+00  0.0000E+00  0.0000E+00  0.0000E+00  0.0000E+00  0.0000E+00  0.0000E+00  0.0000E+00  0.0000E+00  0.0000E+00  0.0000E+00  0.0000E+00  0.0000E+00  0.0000E+00  0.0000E+00  0.0000E+00  0.0000E+00  0.0000E+00
  0.5282E-01  0.0000E+00  0.0000E+00  0.0000E+00  0.1348E-02  0.0000E+00  0.0000E+00  0.0000E+00  0.0000E+00  0.0000E+00  0.0000E+00  0.0000E+00  0.0000E+00  0.0000E+00  0.0000E+00  0.0000E+00  0.0000E+00  0.0000E+00  0.0000E+00  0.0000E+00  0.0000E+00  0.0000E+00  0.0000E+00  0.0000E+00  0.0000E+00  0.0000E+00  0.0000E+00  0.0000E+00  0.0000E+00  0.0000E+00  0.0000E+00  0.0000E+00
  0.5241E-01  0.0000E+00  0.0000E+00  0.0000E+00  0.1480E-02  0.0000E+00  0.5192E-01  0.0000E+00  0.0000E+00  0.0000E+00  0.0000E+00  0.0000E+00  0.0000E+00  0.0000E+00  0.0000E+00  0.0000E+00  0.3055E-02  0.0000E+00  0.0000E+00  0.0000E+00  0.0000E+00  0.0000E+00  0.0000E+00  0.0000E+00  0.0000E+00  0.0000E+00  0.0000E+00  0.0000E+00  0.0000E+00  0.0000E+00  0.0000E+00  0.0000E+00
 Events:
       13628           0        3153        3159         353           0       13255           0         615         661           0           0        7553        7552        1305        1253         768           0         224         238         644         674           0           0        2885        2783         199         193           0           0         484         455
       13597           0        3138        3022         379           0           0           0         652         628           0           0           0           0        1262        1271           0           0         253         261           0           0           0           0           0           0           0           0           0           0           0           0
       13655           0        3223        3198         362           0           0           0         650         667           0           0           0           0        1328        1289           0           0         240         230           0           0           0           0           0           0           0           0           0           0           0           0
       13563           0        3083        3082         336           0       13146           0         663         602           0           0        7270        7371        1281        1251         735           0         240         253         615         599           0           0        2923        2842         201         178           0           0         502         503
       13515           0           0           0         370           0       13176           0           0           0           0           0           0           0           0           0         795           0           0           0           0           0           0           0           0           0           0           0           0           0           0           0
       13482           0           0           0         345           0           0           0           0           0           0           0           0           0           0           0           0           0           0           0           0           0           0           0           0           0           0           0           0           0           0           0
       13523           0           0           0         345           0           0           0           0           0           0           0           0           0           0           0           0           0           0           0           0           0           0           0           0           0           0           0           0           0           0           0
       13418           0           0           0         379           0       13292           0           0           0           0           0           0           0           0           0         782           0           0           0           0           0           0           0           0           0           0           0           0           0           0           0
 Accuracy:    0.033   0.010   0.015   5.007
 Found        19287  events.
 Wrote          183  events.
 Actual xsec    6.3663357691109630E-008
 Correct abs xsec    6.3663357691109630E-008
 Event xsec    6.3663357691109604E-008
 Events wgts > 1:            2
 % Cross section > 1:    5.1482130946001601E-010  0.80866188672908978     

 -------------------------------------------------------------------------------
 Accumulated results:   Integral =  0.6341E-07
                        Std dev  =  0.9375E-09
                       Cross sec =  0.6341E-07
             Chi**2 per DoF.     =      5.0069
 -------------------------------------------------------------------------------
Thanks for using LHAPDF 6.2.1. Please make sure to cite the paper:
  Eur.Phys.J. C75 (2015) 3, 132  (http://arxiv.org/abs/1412.7420)
-------------------------------------------------
---------------------------
 Results Last   3 iters: Integral =   0.6366E-07
                     Abs integral =   0.6366E-07
                          Std dev =   0.9636E-09
                  Chi**2 per DoF. =      4.2095
-------------------------------------------------
---------------------------
 Status   1.0000000000000000E-002           9           8

ls status:
events.lhe
ftn26
input_app.txt
results.dat
run1_app.log
