==== LHAPDF6 USING DEFAULT-TYPE LHAGLUE INTERFACE ====
LHAPDF 6.2.1 loading /cvmfs/cms.cern.ch/slc6_amd64_gcc630/external/lhapdf/6.2.1-ghjeda2/share/LHAPDF/NNPDF30_lo_as_0130_nf_4/NNPDF30_lo_as_0130_nf_4_0000.dat
NNPDF30_lo_as_0130_nf_4 PDF set, member #0, version 2; LHAPDF ID = 263400
 Process in group number            1
 A PDF is used, so alpha_s(MZ) is going to be modified
 Old value of alpha_s from param_card:   0.11810000000000001     
 New value of alpha_s from PDF lhapdf :  0.12470044313224841     
 using LHAPDF
 Define smin to   10000.000000000000     
 Define smin to   10000.000000000000     
 Define smin to   10000.000000000000     
 Define smin to   10000.000000000000     
 Define smin to   10000.000000000000     
 Define smin to   10000.000000000000     
 Define smin to   10000.000000000000     
 *****************************************************
 *               MadGraph/MadEvent                   *
 *        --------------------------------           *
 *          http://madgraph.hep.uiuc.edu             *
 *          http://madgraph.phys.ucl.ac.be           *
 *          http://madgraph.roma2.infn.it            *
 *        --------------------------------           *
 *                                                   *
 *          PARAMETER AND COUPLING VALUES            *
 *                                                   *
 *****************************************************

  External Params
  ---------------------------------
  
 mdl_MW0 =    80.387000000000000     
 mdl_Gf =    1.1663789999999999E-005
 aS =   0.11810000000000001     
 mdl_ymdo =    1.0000000000000000E-099
 mdl_ymb =    4.1799999999999997     
 mdl_ymt =    173.19999999999999     
 mdl_ymtau =    1.7769999999999999     
 mdl_LambdaSMEFT =    1000.0000000000000     
 mdl_cHW =    1.0000000000000000     
 mdl_MZ =    91.187600000000003     
 mdl_MTA =    1.7769999999999999     
 mdl_MT =    173.19999999999999     
 mdl_MB =    4.1799999999999997     
 mdl_MH =    125.09000000000000     
 mdl_WZ =    2.4952000000000001     
 mdl_WW =    2.0850000000000000     
 mdl_WT =    1.5083359999999999     
 mdl_WH =    4.0699999999999998E-003
  Internal Params
  ---------------------------------
  
 mdl_ymm =    1.0000000000000000E-099
 mdl_yme =    1.0000000000000000E-099
 mdl_ymc =    1.0000000000000000E-099
 mdl_yms =    1.0000000000000000E-099
 mdl_ymup =    1.0000000000000000E-099
 mdl_conjg__CKM3x3 =    1.0000000000000000     
 mdl_cH =    0.0000000000000000     
 mdl_cHB =    0.0000000000000000     
 mdl_CKM1x1 =    1.0000000000000000     
 mdl_conjg__CKM1x1 =    1.0000000000000000     
 mdl_dGf =    0.0000000000000000     
 mdl_CKM3x3 =    1.0000000000000000     
 mdl_dMH2 =    0.0000000000000000     
 mdl_conjg__CKM2x2 =    1.0000000000000000     
 mdl_dg1 =    0.0000000000000000     
 mdl_CKM2x2 =    1.0000000000000000     
 mdl_dgw =    0.0000000000000000     
 mdl_complexi =  (  0.0000000000000000     ,  1.0000000000000000     )
 mdl_MW =    80.387000000000000     
 mdl_nb__2__exp__0_25 =    1.1892071150027210     
 mdl_MH__exp__2 =    15647.508100000001     
 mdl_sqrt__2 =    1.4142135623730951     
 mdl_MW__exp__2 =    6462.0697689999997     
 mdl_MZ__exp__2 =    8315.1783937600012     
 mdl_sth2 =   0.22285855299877133     
 mdl_MH__exp__6 =    3831206449390.3818     
 mdl_MT__exp__6 =    26995248278778.535     
 mdl_MH__exp__4 =    244844509.73956564     
 mdl_MT__exp__4 =    899894403.09759963     
 mdl_MT__exp__2 =    29998.239999999994     
 mdl_LambdaSMEFT__exp__2 =    1000000.0000000000     
 mdl_cth =   0.88155626422890820     
 mdl_sqrt__sth2 =   0.47207896902824564     
 mdl_sth =   0.47207896902824564     
 mdl_MW0__exp__6 =    269845343347.69711     
 mdl_MW0__exp__4 =    41758345.699423708     
 mdl_MW0__exp__2 =    6462.0697689999997     
 mdl_MZ__exp__4 =    69142191.720053151     
 mdl_MZ__exp__6 =    574929658687.79749     
 mdl_cth__exp__2 =   0.77714144700122867     
 mdl_sth__exp__2 =   0.22285855299877130     
 mdl_sth__exp__3 =   0.10520683593878660     
 mdl_cth__exp__3 =   0.68509391079585125     
 mdl_sth__exp__4 =    4.9665934644706158E-002
 mdl_sqrt__Gf =    3.4152291284773265E-003
 mdl_vevhat =    246.21961912951551     
 mdl_lam =   0.12905352724481209     
 mdl_aEW =    7.5614618607353409E-003
 mdl_yb =    2.4008698866559607E-002
 mdl_yc =    5.7437078628133041E-102
 mdl_ydo =    5.7437078628133041E-102
 mdl_ye =    5.7437078628133041E-102
 mdl_ym =    5.7437078628133041E-102
 mdl_ys =    5.7437078628133041E-102
 mdl_yt =   0.99481020183926416     
 mdl_ytau =    1.0206568872219240E-002
 mdl_yup =    5.7437078628133041E-102
 mdl_vevhat__exp__2 =    60624.100844283676     
 mdl_barlam =   0.12905352724481209     
 mdl_vevT =    246.21961912951551     
 mdl_sqrt__aEW =    8.6956666568672819E-002
 mdl_ee =   0.30825335704310214     
 mdl_gwsh =   0.61338418662494298     
 mdl_vev =    246.21961912951551     
 mdl_g1 =   0.34966952144878632     
 mdl_gw =   0.65296989967087182     
 mdl_ee__exp__2 =    9.5020132128342205E-002
 mdl_gHaa =   -1.9303830602986922E-003
 mdl_gHza =   -6.8546472954154700E-003
 mdl_g1sh =   0.34966952144878632     
 mdl_I1d11 =  (  5.7437078628133041E-102,  0.0000000000000000     )
 mdl_I1d22 =  (  5.7437078628133041E-102,  0.0000000000000000     )
 mdl_I1d33 =  (  2.4008698866559607E-002,  0.0000000000000000     )
 mdl_I2d11 =  (  5.7437078628133041E-102,  0.0000000000000000     )
 mdl_I2d22 =  (  5.7437078628133041E-102,  0.0000000000000000     )
 mdl_I2d33 =  ( 0.99481020183926416     ,  0.0000000000000000     )
 mdl_I3d11 =  (  5.7437078628133041E-102,  0.0000000000000000     )
 mdl_I3d22 =  (  5.7437078628133041E-102,  0.0000000000000000     )
 mdl_I3d33 =  (  2.4008698866559607E-002,  0.0000000000000000     )
 mdl_I4d11 =  (  5.7437078628133041E-102,  0.0000000000000000     )
 mdl_I4d22 =  (  5.7437078628133041E-102,  0.0000000000000000     )
 mdl_I4d33 =  ( 0.99481020183926416     ,  0.0000000000000000     )
 mdl_I5d11 =  (  5.7437078628133041E-102,  0.0000000000000000     )
 mdl_I5d22 =  (  5.7437078628133041E-102,  0.0000000000000000     )
 mdl_I5d33 =  (  2.4008698866559607E-002,  0.0000000000000000     )
 mdl_I6d11 =  (  5.7437078628133041E-102,  0.0000000000000000     )
 mdl_I6d22 =  (  5.7437078628133041E-102,  0.0000000000000000     )
 mdl_I6d33 =  ( 0.99481020183926416     ,  0.0000000000000000     )
 mdl_ee__exp__3 =    2.9290274715240611E-002
 mdl_vevhat__exp__3 =    14926843.019948866     
  Internal Params evaluated point by point
  ----------------------------------------
  
 mdl_sqrt__aS =   0.34365680554879169     
 mdl_G__exp__2 =    1.4840883695558185     
 mdl_gHgg =    3.2334372328970845E-003
 mdl_G__exp__3 =  (  1.8079634332366095     ,  0.0000000000000000     )
  Couplings of SMEFTsim_A_U35_MwScheme_UFO_v3_1-cHW_massless
  ---------------------------------
  
       GC_387 =   0.00000E+00   0.98488E-03
       GC_400 =   0.00000E+00   0.52490E+02
       GC_809 =  -0.00000E+00  -0.72171E-02
      GC_1073 =  -0.00000E+00  -0.46172E+00

 Collider parameters:
 --------------------

 Running at P P   machine @    13000.000000000000       GeV
 PDF set = lhapdf 
 alpha_s(Mz)= 0.1247 running at 1 loops.
 alpha_s(Mz)= 0.1247 running at 1 loops.
 Renormalization scale set on event-by-event basis
 Factorization   scale set on event-by-event basis


 getting user params
Enter number of events and max and min iterations: 
 Number of events and iterations         2000           8           3
Enter desired fractional accuracy: 
 Desired fractional accuracy:    1.0000000000000000E-002
Enter 0 for fixed, 2 for adjustable grid: 
Suppress amplitude (0 no, 1 yes)? 
 Using suppressed amplitude.
Exact helicity sum (0 yes, n = number/event)? 
 Explicitly summing over helicities
Enter Configuration Number: 
Running Configuration Number:    1
 Not subdividing B.W.
 Attempting mappinvarients           1           8
 Completed mapping           8
 about to integrate           16        2000           8           3          16           1
 Using non-zero grid deformation.
 16 dimensions   2000 events 16 invarients  8 iterations  1 config(s),  (0.99)
 Using h-tuple random number sequence.
 Error opening grid
 Using Uniform Grid!          32
 Using uniform alpha   1.0000000000000000     
 Grid defined OK
 Set CM energy to      13000.00
 Mapping Graph           1  to config           1
 Setting BW          -1           1   80.387000000000000     
 Warning: No cutoff for shat integral found
          Minimum set to    5.9171597633136107E-009
Setting grid   2    0.59172E-08   1
Setting grid   3    0.18685E-07   1
 Warning: No cutoff for shat integral found
          Minimum set to    5.9171597633136107E-009
Setting grid   4    0.59172E-08   1
Setting grid   5    0.59172E-06   1
 Transforming s_hat 1/s           15   5.9171597633136108E-005   10000.000000000000        168999999.99999997     
   1   1   2   3   4   5   6   7   8   9  10  11  12  13  14
  15  16
 Masses: 0.000E+00 0.000E+00 0.000E+00 0.178E+01 0.000E+00 0.000E+00 0.000E+00 0.000E+00
Using random seed offsets     1 :      5
  with seed                   24
 Ranmar initialization seeds       31059        9402
 
 ********************************************
 * You are using the DiscreteSampler module *
 *      part of the MG5_aMC framework       *
 *         Author: Valentin Hirschi         *
 ********************************************
 
  Particle       3       4       5       6       7       8
      Et >     0.0     0.0     0.0     0.0    10.0    10.0
       E >     0.0     0.0     0.0     0.0     0.0     0.0
     Eta <    -1.0    -1.0    -1.0    -1.0     6.5     6.5
   xqcut:      0.0     0.0     0.0     0.0     0.0     0.0
d R # 3  >    -0.0     0.4     0.0     0.0     0.4     0.4
d R # 4  >    -0.0    -0.0     0.0     0.0     0.4     0.4
d R # 5  >    -0.0    -0.0    -0.0     0.0     0.0     0.0
d R # 6  >    -0.0    -0.0    -0.0    -0.0     0.0     0.0
d R # 7  >    -0.0    -0.0    -0.0    -0.0    -0.0     0.4
s min # 3>     0.0     0.0     0.0     0.0     0.0     0.0
s min # 4>     0.0     0.0     0.0     0.0     0.0     0.0
s min # 5>     0.0     0.0     0.0     0.0     0.0     0.0
s min # 6>     0.0     0.0     0.0     0.0     0.0     0.0
s min # 7>     0.0     0.0     0.0     0.0     0.0 10000.0
xqcutij # 3>     0.0     0.0     0.0     0.0     0.0     0.0
xqcutij # 4>     0.0     0.0     0.0     0.0     0.0     0.0
xqcutij # 5>     0.0     0.0     0.0     0.0     0.0     0.0
xqcutij # 6>     0.0     0.0     0.0     0.0     0.0     0.0
xqcutij # 7>     0.0     0.0     0.0     0.0     0.0     0.0
 No cut BW           -1           1
 No cut BW           -3           2
 No cut BW           -5           3
 alpha_s for scale    23.910244719062437       is   0.16015769578190253     
 Added good helicity          193   254.15150109882947       in event            1 local:           1
 Added good helicity          209   1.8484989011705080       in event            1 local:           1
 Added good helicity          193   253.71094918138110       in event            1 local:           1
 Added good helicity          209   2.2890508186188767       in event            1 local:           1
 RESET CUMULATIVE VARIABLE
 RESET CUMULATIVE VARIABLE
 RESET CUMULATIVE VARIABLE
 Iteration  1   Mean: 0.1752E-10 Abs mean: 0.1752E-10   Fluctuation:  0.442E-11   0.528E-08     2.5%
  1    0.1752E-10 0.1752E-10 +- 0.4422E-11     11.28
 Writing out events   4.3030229789011127E-014   11.284477822630389     
 Relative summed weights:
  0.1479E+00  0.0000E+00  0.9193E-01  0.6843E-01  0.8976E-02  0.0000E+00  0.1017E-01  0.7197E-02  0.0000E+00  0.0000E+00  0.1562E+00  0.1766E+00  0.2547E-03  0.2790E-02
  0.3288E+00  0.0000E+00  0.0000E+00  0.0000E+00  0.7883E-03  0.0000E+00  0.0000E+00  0.0000E+00  0.0000E+00  0.0000E+00  0.0000E+00  0.0000E+00  0.0000E+00  0.0000E+00
 Relative number of events:
  0.2235E+00  0.0000E+00  0.1010E+00  0.9657E-01  0.2638E-01  0.0000E+00  0.5625E-01  0.5475E-01  0.0000E+00  0.0000E+00  0.5973E-01  0.7068E-01  0.1941E-01  0.2240E-01
  0.2479E+00  0.0000E+00  0.0000E+00  0.0000E+00  0.2140E-01  0.0000E+00  0.0000E+00  0.0000E+00  0.0000E+00  0.0000E+00  0.0000E+00  0.0000E+00  0.0000E+00  0.0000E+00
 Events:
         449           0         203         194          53           0         113         110           0           0         120         142          39          45
         498           0           0           0          43           0           0           0           0           0           0           0           0           0
 Iteration  2   Mean: 0.2689E-10 Abs mean: 0.2689E-10   Fluctuation:  0.615E-11   0.165E-07    49.4%
  2    0.2689E-10 0.2689E-10 +- 0.6148E-11     14.46
 Relative summed weights:
  0.4213E+00  0.0000E+00  0.5157E-01  0.4319E-01  0.1094E-02  0.0000E+00  0.3140E-02  0.4584E-02  0.0000E+00  0.0000E+00  0.7354E-02  0.2229E-01  0.6027E-03  0.2068E-03
  0.4434E+00  0.0000E+00  0.0000E+00  0.0000E+00  0.1261E-02  0.0000E+00  0.0000E+00  0.0000E+00  0.0000E+00  0.0000E+00  0.0000E+00  0.0000E+00  0.0000E+00  0.0000E+00
 Relative number of events:
  0.2762E+00  0.0000E+00  0.8400E-01  0.8400E-01  0.2100E-01  0.0000E+00  0.4675E-01  0.5100E-01  0.0000E+00  0.0000E+00  0.6025E-01  0.6150E-01  0.1325E-01  0.1600E-01
  0.2662E+00  0.0000E+00  0.0000E+00  0.0000E+00  0.1975E-01  0.0000E+00  0.0000E+00  0.0000E+00  0.0000E+00  0.0000E+00  0.0000E+00  0.0000E+00  0.0000E+00  0.0000E+00
 Events:
        1105           0         336         336          84           0         187         204           0           0         241         246          53          64
        1065           0           0           0          79           0           0           0           0           0           0           0           0           0
 Iteration  3   Mean: 0.2364E-10 Abs mean: 0.2364E-10   Fluctuation:  0.268E-11   0.116E-07    66.4%
  3    0.2364E-10 0.2364E-10 +- 0.2677E-11     10.12
 Relative summed weights:
  0.3005E+00  0.0000E+00  0.1097E+00  0.5596E-01  0.8158E-03  0.0000E+00  0.1227E-01  0.7580E-01  0.0000E+00  0.0000E+00  0.1613E-01  0.1670E-01  0.2518E-02  0.2520E-02
  0.4057E+00  0.0000E+00  0.0000E+00  0.0000E+00  0.1411E-02  0.0000E+00  0.0000E+00  0.0000E+00  0.0000E+00  0.0000E+00  0.0000E+00  0.0000E+00  0.0000E+00  0.0000E+00
 Relative number of events:
  0.3199E+00  0.0000E+00  0.7662E-01  0.7500E-01  0.1263E-01  0.0000E+00  0.3313E-01  0.3800E-01  0.0000E+00  0.0000E+00  0.4225E-01  0.3950E-01  0.1025E-01  0.1075E-01
  0.3276E+00  0.0000E+00  0.0000E+00  0.0000E+00  0.1438E-01  0.0000E+00  0.0000E+00  0.0000E+00  0.0000E+00  0.0000E+00  0.0000E+00  0.0000E+00  0.0000E+00  0.0000E+00
 Events:
        2559           0         613         600         101           0         265         304           0           0         338         316          82          86
        2621           0           0           0         115           0           0           0           0           0           0           0           0           0
 Accuracy:    0.080   0.010   0.094   0.715
 Found          469  events.
 Wrote           16  events.
 Actual xsec    2.3343741386783106E-011
 Correct abs xsec    2.3343741386783106E-011
 Event xsec    2.3343741386783103E-011
 Events wgts > 1:            0
 % Cross section > 1:    0.0000000000000000        0.0000000000000000     
 Iteration  4   Mean: 0.2158E-10 Abs mean: 0.2158E-10   Fluctuation:  0.105E-11   0.687E-08    74.8%
  4    0.2158E-10 0.2158E-10 +- 0.1049E-11      6.15
 Relative summed weights:
  0.3396E+00  0.0000E+00  0.4779E-01  0.7100E-01  0.1607E-02  0.0000E+00  0.2826E-01  0.1430E-01  0.0000E+00  0.0000E+00  0.1523E-01  0.3485E-01  0.6617E-03  0.8819E-03
  0.4446E+00  0.0000E+00  0.0000E+00  0.0000E+00  0.1281E-02  0.0000E+00  0.0000E+00  0.0000E+00  0.0000E+00  0.0000E+00  0.0000E+00  0.0000E+00  0.0000E+00  0.0000E+00
 Relative number of events:
  0.3611E+00  0.0000E+00  0.6550E-01  0.6850E-01  0.7812E-02  0.0000E+00  0.2881E-01  0.2913E-01  0.0000E+00  0.0000E+00  0.3106E-01  0.3319E-01  0.6875E-02  0.5375E-02
  0.3539E+00  0.0000E+00  0.0000E+00  0.0000E+00  0.8750E-02  0.0000E+00  0.0000E+00  0.0000E+00  0.0000E+00  0.0000E+00  0.0000E+00  0.0000E+00  0.0000E+00  0.0000E+00
 Events:
        5777           0        1048        1096         125           0         461         466           0           0         497         531         110          86
        5663           0           0           0         140           0           0           0           0           0           0           0           0           0
 Accuracy:    0.037   0.010   0.043   0.732
 Found         1178  events.
 Wrote           79  events.
 Actual xsec    2.2082234608182296E-011
 Correct abs xsec    2.2082234608182296E-011
 Event xsec    2.2082234608182238E-011
 Events wgts > 1:            2
 % Cross section > 1:    2.0391768422428170E-013  0.92344677901720651     
 Iteration  5   Mean: 0.2041E-10 Abs mean: 0.2041E-10   Fluctuation:  0.501E-12   0.455E-08    79.4%
  5    0.2041E-10 0.2041E-10 +- 0.5012E-12      4.39
 Relative summed weights:
  0.3855E+00  0.0000E+00  0.6127E-01  0.6549E-01  0.2092E-02  0.0000E+00  0.1598E-01  0.1264E-01  0.0000E+00  0.0000E+00  0.2704E-01  0.3291E-01  0.1126E-02  0.1202E-02
  0.3900E+00  0.0000E+00  0.0000E+00  0.0000E+00  0.4757E-02  0.0000E+00  0.0000E+00  0.0000E+00  0.0000E+00  0.0000E+00  0.0000E+00  0.0000E+00  0.0000E+00  0.0000E+00
 Relative number of events:
  0.3802E+00  0.0000E+00  0.5519E-01  0.5813E-01  0.6781E-02  0.0000E+00  0.2322E-01  0.2453E-01  0.0000E+00  0.0000E+00  0.2797E-01  0.2581E-01  0.4437E-02  0.4781E-02
  0.3820E+00  0.0000E+00  0.0000E+00  0.0000E+00  0.6969E-02  0.0000E+00  0.0000E+00  0.0000E+00  0.0000E+00  0.0000E+00  0.0000E+00  0.0000E+00  0.0000E+00  0.0000E+00
 Events:
       12165           0        1766        1860         217           0         743         785           0           0         895         826         142         153
       12225           0           0           0         223           0           0           0           0           0           0           0           0           0
 Accuracy:    0.023   0.010   0.021   1.171
 Found         2850  events.
 Wrote          285  events.
 Actual xsec    2.0751875705902234E-011
 Correct abs xsec    2.0751875705902234E-011
 Event xsec    2.0751875705902260E-011
 Events wgts > 1:            9
 % Cross section > 1:    1.4402328644094154E-013  0.69402539067819480     
 Iteration  6   Mean: 0.1971E-10 Abs mean: 0.1971E-10   Fluctuation:  0.283E-12   0.564E-08    81.5%
  6    0.1971E-10 0.1971E-10 +- 0.2826E-12      3.63
 Relative summed weights:
  0.3978E+00  0.0000E+00  0.6629E-01  0.6379E-01  0.2390E-02  0.0000E+00  0.1699E-01  0.1505E-01  0.0000E+00  0.0000E+00  0.2571E-01  0.2382E-01  0.1713E-02  0.2907E-02
  0.3805E+00  0.0000E+00  0.0000E+00  0.0000E+00  0.2993E-02  0.0000E+00  0.0000E+00  0.0000E+00  0.0000E+00  0.0000E+00  0.0000E+00  0.0000E+00  0.0000E+00  0.0000E+00
 Relative number of events:
  0.3895E+00  0.0000E+00  0.5391E-01  0.5359E-01  0.5656E-02  0.0000E+00  0.2159E-01  0.2191E-01  0.0000E+00  0.0000E+00  0.2555E-01  0.2419E-01  0.3781E-02  0.4188E-02
  0.3907E+00  0.0000E+00  0.0000E+00  0.0000E+00  0.5516E-02  0.0000E+00  0.0000E+00  0.0000E+00  0.0000E+00  0.0000E+00  0.0000E+00  0.0000E+00  0.0000E+00  0.0000E+00
 Events:
       24925           0        3450        3430         362           0        1382        1402           0           0        1635        1548         242         268
       25003           0           0           0         353           0           0           0           0           0           0           0           0           0
 Accuracy:    0.016   0.010   0.012   1.870
 Found         6048  events.
 Wrote          708  events.
 Actual xsec    1.9990317599325317E-011
 Correct abs xsec    1.9990317599325317E-011
 Event xsec    1.9990317599325350E-011
 Events wgts > 1:           13
 % Cross section > 1:    1.8115747513126316E-013  0.90622609786538377     
 Iteration  7   Mean: 0.1983E-10 Abs mean: 0.1983E-10   Fluctuation:  0.169E-12   0.461E-08    83.7%
  7    0.1983E-10 0.1983E-10 +- 0.1686E-12      3.04
 Exceeded boost           3          96   128000.000    
 Exceeded boost           4          96   128000.000    
 Exceeded boost           9          96   128000.000    
 Exceeded boost          11          95   128000.000    
 Relative summed weights:
  0.3858E+00  0.0000E+00  0.6248E-01  0.6489E-01  0.3143E-02  0.0000E+00  0.1674E-01  0.1738E-01  0.0000E+00  0.0000E+00  0.2872E-01  0.2685E-01  0.1554E-02  0.1823E-02
  0.3875E+00  0.0000E+00  0.0000E+00  0.0000E+00  0.3054E-02  0.0000E+00  0.0000E+00  0.0000E+00  0.0000E+00  0.0000E+00  0.0000E+00  0.0000E+00  0.0000E+00  0.0000E+00
 Relative number of events:
  0.3964E+00  0.0000E+00  0.5165E-01  0.5185E-01  0.5078E-02  0.0000E+00  0.2055E-01  0.2087E-01  0.0000E+00  0.0000E+00  0.2316E-01  0.2299E-01  0.2969E-02  0.3359E-02
Thanks for using LHAPDF 6.2.1. Please make sure to cite the paper:
  Eur.Phys.J. C75 (2015) 3, 132  (http://arxiv.org/abs/1412.7420)
  0.3962E+00  0.0000E+00  0.0000E+00  0.0000E+00  0.4945E-02  0.0000E+00  0.0000E+00  0.0000E+00  0.0000E+00  0.0000E+00  0.0000E+00  0.0000E+00  0.0000E+00  0.0000E+00
 Events:
       50734           0        6611        6637         650           0        2631        2671           0           0        2965        2943         380         430
       50715           0           0           0         633           0           0           0           0           0           0           0           0           0
 Accuracy:    0.009   0.010   0.007   1.671
 Finished due to accuracy    8.9436560282775725E-003   1.0000000000000000E-002

 -------------------------------------------------------------------------------
 Accumulated results:   Integral =  0.1990E-10
                        Std dev  =  0.1377E-12
                       Cross sec =  0.1990E-10
             Chi**2 per DoF.     =      1.6714
 -------------------------------------------------------------------------------
 Found        13088  events.
 Wrote         2299  events.
 Actual xsec    1.9848010553855778E-011
 Correct abs xsec    1.9848010553855778E-011
 Event xsec    1.9848010553856528E-011
 Events wgts > 1:           37
 % Cross section > 1:    1.9784677105266801E-013  0.99680907824903286     
-------------------------------------------------
---------------------------
 Results Last   3 iters: Integral =   0.1985E-10
                     Abs integral =   0.1985E-10
                          Std dev =   0.1391E-12
                  Chi**2 per DoF. =      0.7419
-------------------------------------------------
---------------------------
 Status   1.0000000000000000E-002           8           8

ls status:
events.lhe
ftn26
input_app.txt
results.dat
run1_app.log
