==== LHAPDF6 USING DEFAULT-TYPE LHAGLUE INTERFACE ====
LHAPDF 6.2.1 loading /cvmfs/cms.cern.ch/slc6_amd64_gcc630/external/lhapdf/6.2.1-ghjeda2/share/LHAPDF/NNPDF30_lo_as_0130_nf_4/NNPDF30_lo_as_0130_nf_4_0000.dat
NNPDF30_lo_as_0130_nf_4 PDF set, member #0, version 2; LHAPDF ID = 263400
 Process in group number            2
 A PDF is used, so alpha_s(MZ) is going to be modified
 Old value of alpha_s from param_card:   0.11810000000000001     
 New value of alpha_s from PDF lhapdf :  0.12470044313224841     
 using LHAPDF
 Define smin to   10000.000000000000     
 Define smin to   10000.000000000000     
 Define smin to   10000.000000000000     
 Define smin to   10000.000000000000     
 Define smin to   10000.000000000000     
 Define smin to   10000.000000000000     
 Define smin to   10000.000000000000     
 *****************************************************
 *               MadGraph/MadEvent                   *
 *        --------------------------------           *
 *          http://madgraph.hep.uiuc.edu             *
 *          http://madgraph.phys.ucl.ac.be           *
 *          http://madgraph.roma2.infn.it            *
 *        --------------------------------           *
 *                                                   *
 *          PARAMETER AND COUPLING VALUES            *
 *                                                   *
 *****************************************************

  External Params
  ---------------------------------
  
 mdl_MW0 =    80.387000000000000     
 mdl_Gf =    1.1663789999999999E-005
 aS =   0.11810000000000001     
 mdl_ymdo =    1.0000000000000000E-099
 mdl_ymb =    4.1799999999999997     
 mdl_ymt =    173.19999999999999     
 mdl_ymtau =    1.7769999999999999     
 mdl_LambdaSMEFT =    1000.0000000000000     
 mdl_cHW =    1.0000000000000000     
 mdl_MZ =    91.187600000000003     
 mdl_MTA =    1.7769999999999999     
 mdl_MT =    173.19999999999999     
 mdl_MB =    4.1799999999999997     
 mdl_MH =    125.09000000000000     
 mdl_WZ =    2.4952000000000001     
 mdl_WW =    2.0850000000000000     
 mdl_WT =    1.5083359999999999     
 mdl_WH =    4.0699999999999998E-003
  Internal Params
  ---------------------------------
  
 mdl_ymm =    1.0000000000000000E-099
 mdl_yme =    1.0000000000000000E-099
 mdl_ymc =    1.0000000000000000E-099
 mdl_yms =    1.0000000000000000E-099
 mdl_ymup =    1.0000000000000000E-099
 mdl_conjg__CKM3x3 =    1.0000000000000000     
 mdl_cH =    0.0000000000000000     
 mdl_cHB =    0.0000000000000000     
 mdl_CKM1x1 =    1.0000000000000000     
 mdl_conjg__CKM1x1 =    1.0000000000000000     
 mdl_dGf =    0.0000000000000000     
 mdl_CKM3x3 =    1.0000000000000000     
 mdl_dMH2 =    0.0000000000000000     
 mdl_conjg__CKM2x2 =    1.0000000000000000     
 mdl_dg1 =    0.0000000000000000     
 mdl_CKM2x2 =    1.0000000000000000     
 mdl_dgw =    0.0000000000000000     
 mdl_complexi =  (  0.0000000000000000     ,  1.0000000000000000     )
 mdl_MW =    80.387000000000000     
 mdl_nb__2__exp__0_25 =    1.1892071150027210     
 mdl_MH__exp__2 =    15647.508100000001     
 mdl_sqrt__2 =    1.4142135623730951     
 mdl_MW__exp__2 =    6462.0697689999997     
 mdl_MZ__exp__2 =    8315.1783937600012     
 mdl_sth2 =   0.22285855299877133     
 mdl_MH__exp__6 =    3831206449390.3818     
 mdl_MT__exp__6 =    26995248278778.535     
 mdl_MH__exp__4 =    244844509.73956564     
 mdl_MT__exp__4 =    899894403.09759963     
 mdl_MT__exp__2 =    29998.239999999994     
 mdl_LambdaSMEFT__exp__2 =    1000000.0000000000     
 mdl_cth =   0.88155626422890820     
 mdl_sqrt__sth2 =   0.47207896902824564     
 mdl_sth =   0.47207896902824564     
 mdl_MW0__exp__6 =    269845343347.69711     
 mdl_MW0__exp__4 =    41758345.699423708     
 mdl_MW0__exp__2 =    6462.0697689999997     
 mdl_MZ__exp__4 =    69142191.720053151     
 mdl_MZ__exp__6 =    574929658687.79749     
 mdl_cth__exp__2 =   0.77714144700122867     
 mdl_sth__exp__2 =   0.22285855299877130     
 mdl_sth__exp__3 =   0.10520683593878660     
 mdl_cth__exp__3 =   0.68509391079585125     
 mdl_sth__exp__4 =    4.9665934644706158E-002
 mdl_sqrt__Gf =    3.4152291284773265E-003
 mdl_vevhat =    246.21961912951551     
 mdl_lam =   0.12905352724481209     
 mdl_aEW =    7.5614618607353409E-003
 mdl_yb =    2.4008698866559607E-002
 mdl_yc =    5.7437078628133041E-102
 mdl_ydo =    5.7437078628133041E-102
 mdl_ye =    5.7437078628133041E-102
 mdl_ym =    5.7437078628133041E-102
 mdl_ys =    5.7437078628133041E-102
 mdl_yt =   0.99481020183926416     
 mdl_ytau =    1.0206568872219240E-002
 mdl_yup =    5.7437078628133041E-102
 mdl_vevhat__exp__2 =    60624.100844283676     
 mdl_barlam =   0.12905352724481209     
 mdl_vevT =    246.21961912951551     
 mdl_sqrt__aEW =    8.6956666568672819E-002
 mdl_ee =   0.30825335704310214     
 mdl_gwsh =   0.61338418662494298     
 mdl_vev =    246.21961912951551     
 mdl_g1 =   0.34966952144878632     
 mdl_gw =   0.65296989967087182     
 mdl_ee__exp__2 =    9.5020132128342205E-002
 mdl_gHaa =   -1.9303830602986922E-003
 mdl_gHza =   -6.8546472954154700E-003
 mdl_g1sh =   0.34966952144878632     
 mdl_I1d11 =  (  5.7437078628133041E-102,  0.0000000000000000     )
 mdl_I1d22 =  (  5.7437078628133041E-102,  0.0000000000000000     )
 mdl_I1d33 =  (  2.4008698866559607E-002,  0.0000000000000000     )
 mdl_I2d11 =  (  5.7437078628133041E-102,  0.0000000000000000     )
 mdl_I2d22 =  (  5.7437078628133041E-102,  0.0000000000000000     )
 mdl_I2d33 =  ( 0.99481020183926416     ,  0.0000000000000000     )
 mdl_I3d11 =  (  5.7437078628133041E-102,  0.0000000000000000     )
 mdl_I3d22 =  (  5.7437078628133041E-102,  0.0000000000000000     )
 mdl_I3d33 =  (  2.4008698866559607E-002,  0.0000000000000000     )
 mdl_I4d11 =  (  5.7437078628133041E-102,  0.0000000000000000     )
 mdl_I4d22 =  (  5.7437078628133041E-102,  0.0000000000000000     )
 mdl_I4d33 =  ( 0.99481020183926416     ,  0.0000000000000000     )
 mdl_I5d11 =  (  5.7437078628133041E-102,  0.0000000000000000     )
 mdl_I5d22 =  (  5.7437078628133041E-102,  0.0000000000000000     )
 mdl_I5d33 =  (  2.4008698866559607E-002,  0.0000000000000000     )
 mdl_I6d11 =  (  5.7437078628133041E-102,  0.0000000000000000     )
 mdl_I6d22 =  (  5.7437078628133041E-102,  0.0000000000000000     )
 mdl_I6d33 =  ( 0.99481020183926416     ,  0.0000000000000000     )
 mdl_ee__exp__3 =    2.9290274715240611E-002
 mdl_vevhat__exp__3 =    14926843.019948866     
  Internal Params evaluated point by point
  ----------------------------------------
  
 mdl_sqrt__aS =   0.34365680554879169     
 mdl_G__exp__2 =    1.4840883695558185     
 mdl_gHgg =    3.2334372328970845E-003
 mdl_G__exp__3 =  (  1.8079634332366095     ,  0.0000000000000000     )
  Couplings of SMEFTsim_A_U35_MwScheme_UFO_v3_1-cHW_massless
  ---------------------------------
  
         GC_1 =   0.00000E+00   0.10275E+00
         GC_2 =  -0.00000E+00  -0.20550E+00
         GC_3 =  -0.00000E+00  -0.30825E+00
       GC_255 =  -0.00000E+00  -0.42637E+00
       GC_278 =  -0.00000E+00  -0.37035E+00
       GC_280 =  -0.00000E+00  -0.57563E+00
       GC_328 =  -0.00000E+00  -0.55024E-01
       GC_329 =   0.00000E+00   0.11005E+00
       GC_330 =  -0.00000E+00  -0.16507E+00
       GC_387 =   0.00000E+00   0.98488E-03
       GC_400 =   0.00000E+00   0.52490E+02
       GC_809 =  -0.00000E+00  -0.72171E-02
      GC_1073 =  -0.00000E+00  -0.46172E+00

 Collider parameters:
 --------------------

 Running at P P   machine @    13000.000000000000       GeV
 PDF set = lhapdf 
 alpha_s(Mz)= 0.1247 running at 1 loops.
 alpha_s(Mz)= 0.1247 running at 1 loops.
 Renormalization scale set on event-by-event basis
 Factorization   scale set on event-by-event basis


 getting user params
Enter number of events and max and min iterations: 
 Number of events and iterations         2000           8           3
Enter desired fractional accuracy: 
 Desired fractional accuracy:    1.0000000000000000E-002
Enter 0 for fixed, 2 for adjustable grid: 
Suppress amplitude (0 no, 1 yes)? 
 Using suppressed amplitude.
Exact helicity sum (0 yes, n = number/event)? 
 Explicitly summing over helicities
Enter Configuration Number: 
Running Configuration Number:   50
 Not subdividing B.W.
 Attempting mappinvarients           1           8
 Completed mapping           8
 about to integrate           16        2000           8           3          16           1
 Using non-zero grid deformation.
 16 dimensions   2000 events 16 invarients  8 iterations  1 config(s),  (0.99)
 Using h-tuple random number sequence.
 Error opening grid
 Using Uniform Grid!          32
 Using uniform alpha   1.0000000000000000     
 Grid defined OK
 Set CM energy to      13000.00
 Mapping Graph          50  to config          50
 Setting BW          -1           1   80.387000000000000     
Setting grid   2    0.59172E-08   1
 Setting BW          -3           2   80.387000000000000     
Setting grid   4    0.59172E-06   1
Setting grid   5    0.18685E-07   1
 Transforming s_hat 1/s           15   1.1585044837869826E-004   10000.000000000000        168999999.99999997     
  50   1   2   3   4   5   6   7   8   9  10  11  12  13  14
  15  16
 Masses: 0.000E+00 0.000E+00 0.000E+00 0.178E+01 0.000E+00 0.000E+00 0.000E+00 0.000E+00
Using random seed offsets    50 :      6
  with seed                   24
 Ranmar initialization seeds       31108        9403
 
 ********************************************
 * You are using the DiscreteSampler module *
 *      part of the MG5_aMC framework       *
 *         Author: Valentin Hirschi         *
 ********************************************
 
  Particle       3       4       5       6       7       8
      Et >     0.0     0.0     0.0     0.0    10.0    10.0
       E >     0.0     0.0     0.0     0.0     0.0     0.0
     Eta <    -1.0    -1.0    -1.0    -1.0     6.5     6.5
   xqcut:      0.0     0.0     0.0     0.0     0.0     0.0
d R # 3  >    -0.0     0.4     0.0     0.0     0.4     0.4
d R # 4  >    -0.0    -0.0     0.0     0.0     0.4     0.4
d R # 5  >    -0.0    -0.0    -0.0     0.0     0.0     0.0
d R # 6  >    -0.0    -0.0    -0.0    -0.0     0.0     0.0
d R # 7  >    -0.0    -0.0    -0.0    -0.0    -0.0     0.4
s min # 3>     0.0     0.0     0.0     0.0     0.0     0.0
s min # 4>     0.0     0.0     0.0     0.0     0.0     0.0
s min # 5>     0.0     0.0     0.0     0.0     0.0     0.0
s min # 6>     0.0     0.0     0.0     0.0     0.0     0.0
s min # 7>     0.0     0.0     0.0     0.0     0.0 10000.0
xqcutij # 3>     0.0     0.0     0.0     0.0     0.0     0.0
xqcutij # 4>     0.0     0.0     0.0     0.0     0.0     0.0
xqcutij # 5>     0.0     0.0     0.0     0.0     0.0     0.0
xqcutij # 6>     0.0     0.0     0.0     0.0     0.0     0.0
xqcutij # 7>     0.0     0.0     0.0     0.0     0.0     0.0
 No cut BW           -1           1
 No cut BW           -3           2
 alpha_s for scale    79.230188837337181       is   0.12766818585049067     
 Added good helicity          193  -255.83359278510946       in event            1 local:           1
 Added good helicity          209  0.16640721489055901       in event            1 local:           1
 Added good helicity          193   255.08763372585358       in event            1 local:           1
 Added good helicity          209  0.91236627414642424       in event            1 local:           1
 RESET CUMULATIVE VARIABLE
 RESET CUMULATIVE VARIABLE
 RESET CUMULATIVE VARIABLE
 Iteration  1   Mean: 0.1818E-05 Abs mean: 0.2875E-05   Fluctuation:  0.105E-05   0.203E-02     4.9%
  1    0.1818E-05 0.2875E-05 +- 0.1047E-05     16.28
 Writing out events   3.6919612512669025E-009   16.280118947476961     
 Relative summed weights:
  0.1029E+00  0.0000E+00  0.1072E+00  0.4419E-01  0.2058E-01  0.0000E+00  0.4828E-01  0.5553E-01  0.0000E+00  0.0000E+00  0.9349E-01  0.2363E-01  0.1313E-02  0.1559E-01
  0.4797E+00  0.0000E+00  0.0000E+00  0.0000E+00  0.7542E-02  0.0000E+00  0.0000E+00  0.0000E+00  0.0000E+00  0.0000E+00  0.0000E+00  0.0000E+00  0.0000E+00  0.0000E+00
 Relative number of events:
  0.1449E+00  0.0000E+00  0.1786E+00  0.1557E+00  0.3945E-01  0.0000E+00  0.4448E-01  0.4735E-01  0.0000E+00  0.0000E+00  0.9756E-01  0.7461E-01  0.2152E-01  0.3156E-01
  0.1306E+00  0.0000E+00  0.0000E+00  0.0000E+00  0.3372E-01  0.0000E+00  0.0000E+00  0.0000E+00  0.0000E+00  0.0000E+00  0.0000E+00  0.0000E+00  0.0000E+00  0.0000E+00
 Events:
         202           0         249         217          55           0          62          66           0           0         136         104          30          44
         182           0           0           0          47           0           0           0           0           0           0           0           0           0
 Iteration  2   Mean: 0.4544E-05 Abs mean: 0.6129E-05   Fluctuation:  0.245E-05   0.970E-02    32.8%
  2    0.4544E-05 0.6129E-05 +- 0.2454E-05     25.33
 Relative summed weights:
  0.8775E-01  0.0000E+00  0.8123E-01  0.4381E-01  0.1154E-01  0.0000E+00  0.4985E+00  0.6575E-01  0.0000E+00  0.0000E+00  0.4373E-01  0.3515E-01  0.5993E-02  0.1064E-02
  0.1085E+00  0.0000E+00  0.0000E+00  0.0000E+00  0.1697E-01  0.0000E+00  0.0000E+00  0.0000E+00  0.0000E+00  0.0000E+00  0.0000E+00  0.0000E+00  0.0000E+00  0.0000E+00
 Relative number of events:
  0.1367E+00  0.0000E+00  0.1738E+00  0.1580E+00  0.3360E-01  0.0000E+00  0.4365E-01  0.5214E-01  0.0000E+00  0.0000E+00  0.8150E-01  0.8459E-01  0.2086E-01  0.2626E-01
  0.1510E+00  0.0000E+00  0.0000E+00  0.0000E+00  0.3785E-01  0.0000E+00  0.0000E+00  0.0000E+00  0.0000E+00  0.0000E+00  0.0000E+00  0.0000E+00  0.0000E+00  0.0000E+00
 Events:
         354           0         450         409          87           0         113         135           0           0         211         219          54          68
         391           0           0           0          98           0           0           0           0           0           0           0           0           0
 Iteration  3   Mean: 0.2737E-05 Abs mean: 0.4719E-05   Fluctuation:  0.599E-06   0.257E-02    48.8%
  3    0.2737E-05 0.4719E-05 +- 0.5989E-06     11.35
 Relative summed weights:
  0.2503E+00  0.0000E+00  0.1119E+00  0.9018E-01  0.7962E-02  0.0000E+00  0.1176E+00  0.4672E-01  0.0000E+00  0.0000E+00  0.4679E-01  0.4764E-01  0.5378E-02  0.9599E-02
  0.2594E+00  0.0000E+00  0.0000E+00  0.0000E+00  0.6541E-02  0.0000E+00  0.0000E+00  0.0000E+00  0.0000E+00  0.0000E+00  0.0000E+00  0.0000E+00  0.0000E+00  0.0000E+00
 Relative number of events:
  0.1474E+00  0.0000E+00  0.1712E+00  0.1724E+00  0.2870E-01  0.0000E+00  0.4037E-01  0.5185E-01  0.0000E+00  0.0000E+00  0.8213E-01  0.7995E-01  0.2573E-01  0.2315E-01
  0.1464E+00  0.0000E+00  0.0000E+00  0.0000E+00  0.3067E-01  0.0000E+00  0.0000E+00  0.0000E+00  0.0000E+00  0.0000E+00  0.0000E+00  0.0000E+00  0.0000E+00  0.0000E+00
 Events:
         745           0         865         871         145           0         204         262           0           0         415         404         130         117
         740           0           0           0         155           0           0           0           0           0           0           0           0           0
 Accuracy:    0.107   0.010   0.115   0.872
 Found          517  events.
 Wrote           14  events.
 Actual xsec    2.7942472651172413E-006
 Correct abs xsec    4.6516699994104196E-006
 Event xsec    4.6516699994104205E-006
 Events wgts > 1:            1
 % Cross section > 1:    6.7899805884009165E-015   1.4596866478622768E-007
 Iteration  4   Mean: 0.2784E-05 Abs mean: 0.4460E-05   Fluctuation:  0.303E-06   0.228E-02    54.9%
  4    0.2784E-05 0.4460E-05 +- 0.3030E-06      8.59
 Relative summed weights:
  0.2160E+00  0.0000E+00  0.1485E+00  0.1031E+00  0.8332E-02  0.0000E+00  0.5407E-01  0.4120E-01  0.0000E+00  0.0000E+00  0.4072E-01  0.3230E-01  0.8419E-02  0.2145E-01
  0.3105E+00  0.0000E+00  0.0000E+00  0.0000E+00  0.1537E-01  0.0000E+00  0.0000E+00  0.0000E+00  0.0000E+00  0.0000E+00  0.0000E+00  0.0000E+00  0.0000E+00  0.0000E+00
 Relative number of events:
  0.1518E+00  0.0000E+00  0.1731E+00  0.1663E+00  0.2814E-01  0.0000E+00  0.4120E-01  0.4512E-01  0.0000E+00  0.0000E+00  0.8331E-01  0.7999E-01  0.2482E-01  0.2412E-01
  0.1496E+00  0.0000E+00  0.0000E+00  0.0000E+00  0.3236E-01  0.0000E+00  0.0000E+00  0.0000E+00  0.0000E+00  0.0000E+00  0.0000E+00  0.0000E+00  0.0000E+00  0.0000E+00
 Events:
        1511           0        1723        1655         280           0         410         449           0           0         829         796         247         240
        1489           0           0           0         322           0           0           0           0           0           0           0           0           0
 Accuracy:    0.047   0.010   0.058   0.652
 Found         1299  events.
 Wrote           29  events.
 Actual xsec    2.8126019807537551E-006
 Correct abs xsec    4.5528294969397374E-006
 Event xsec    4.5528294969397340E-006
 Events wgts > 1:            1
 % Cross section > 1:    1.1918377057532310E-008  0.26177956072247954     
 Iteration  5   Mean: 0.3129E-05 Abs mean: 0.4913E-05   Fluctuation:  0.293E-06   0.659E-02    61.2%
  5    0.3129E-05 0.4913E-05 +- 0.2932E-06     10.68
 Relative summed weights:
  0.1826E+00  0.0000E+00  0.1193E+00  0.9953E-01  0.1515E-01  0.0000E+00  0.1535E+00  0.6608E-01  0.0000E+00  0.0000E+00  0.6056E-01  0.4860E-01  0.7781E-02  0.1152E-01
  0.2241E+00  0.0000E+00  0.0000E+00  0.0000E+00  0.1130E-01  0.0000E+00  0.0000E+00  0.0000E+00  0.0000E+00  0.0000E+00  0.0000E+00  0.0000E+00  0.0000E+00  0.0000E+00
 Relative number of events:
  0.1570E+00  0.0000E+00  0.1768E+00  0.1714E+00  0.3012E-01  0.0000E+00  0.4538E-01  0.4251E-01  0.0000E+00  0.0000E+00  0.7595E-01  0.7495E-01  0.2095E-01  0.2377E-01
  0.1516E+00  0.0000E+00  0.0000E+00  0.0000E+00  0.2962E-01  0.0000E+00  0.0000E+00  0.0000E+00  0.0000E+00  0.0000E+00  0.0000E+00  0.0000E+00  0.0000E+00  0.0000E+00
 Events:
        3117           0        3510        3402         598           0         901         844           0           0        1508        1488         416         472
        3010           0           0           0         588           0           0           0           0           0           0           0           0           0
 Accuracy:    0.035   0.010   0.042   0.712
 Found         3079  events.
 Wrote           20  events.
 Actual xsec    2.9518789148038046E-006
 Correct abs xsec    4.7157962019317556E-006
 Event xsec    4.7157962019317573E-006
 Events wgts > 1:            1
 % Cross section > 1:    8.0953040998989450E-015   1.7166356969757983E-007
 Iteration  6   Mean: 0.2734E-05 Abs mean: 0.4533E-05   Fluctuation:  0.110E-06   0.400E-02    65.8%
  6    0.2734E-05 0.4533E-05 +- 0.1104E-06      6.16
 Relative summed weights:
  0.2496E+00  0.0000E+00  0.1176E+00  0.1108E+00  0.1389E-01  0.0000E+00  0.6507E-01  0.7725E-01  0.0000E+00  0.0000E+00  0.5736E-01  0.6189E-01  0.1104E-01  0.9419E-02
  0.2116E+00  0.0000E+00  0.0000E+00  0.0000E+00  0.1452E-01  0.0000E+00  0.0000E+00  0.0000E+00  0.0000E+00  0.0000E+00  0.0000E+00  0.0000E+00  0.0000E+00  0.0000E+00
 Relative number of events:
  0.1560E+00  0.0000E+00  0.1722E+00  0.1751E+00  0.2861E-01  0.0000E+00  0.4392E-01  0.4316E-01  0.0000E+00  0.0000E+00  0.7558E-01  0.7644E-01  0.2200E-01  0.2170E-01
  0.1566E+00  0.0000E+00  0.0000E+00  0.0000E+00  0.2871E-01  0.0000E+00  0.0000E+00  0.0000E+00  0.0000E+00  0.0000E+00  0.0000E+00  0.0000E+00  0.0000E+00  0.0000E+00
 Events:
        6184           0        6826        6940        1134           0        1741        1711           0           0        2996        3030         872         860
        6208           0           0           0        1138           0           0           0           0           0           0           0           0           0
 Accuracy:    0.018   0.010   0.021   0.726
 Found         5954  events.
 Wrote          187  events.
 Actual xsec    2.7899398139841346E-006
 Correct abs xsec    4.5741544889042198E-006
 Event xsec    4.5741544889042189E-006
 Events wgts > 1:            2
 % Cross section > 1:    3.8118791029021157E-008  0.83335163080932284     
 Iteration  7   Mean: 0.2862E-05 Abs mean: 0.4731E-05   Fluctuation:  0.742E-07   0.414E-02    67.7%
  7    0.2862E-05 0.4731E-05 +- 0.7423E-07      5.61
 Exceeded boost          13          93   128000.000    
 Exceeded boost          13          94   128000.000    
 Exceeded boost          13          95   128000.000    
 Relative summed weights:
  0.2288E+00  0.0000E+00  0.1137E+00  0.1172E+00  0.1261E-01  0.0000E+00  0.7584E-01  0.7202E-01  0.0000E+00  0.0000E+00  0.5844E-01  0.5948E-01  0.8791E-02  0.9464E-02
  0.2309E+00  0.0000E+00  0.0000E+00  0.0000E+00  0.1272E-01  0.0000E+00  0.0000E+00  0.0000E+00  0.0000E+00  0.0000E+00  0.0000E+00  0.0000E+00  0.0000E+00  0.0000E+00
 Relative number of events:
Thanks for using LHAPDF 6.2.1. Please make sure to cite the paper:
  Eur.Phys.J. C75 (2015) 3, 132  (http://arxiv.org/abs/1412.7420)
  0.1589E+00  0.0000E+00  0.1728E+00  0.1723E+00  0.2810E-01  0.0000E+00  0.4445E-01  0.4387E-01  0.0000E+00  0.0000E+00  0.7540E-01  0.7432E-01  0.2177E-01  0.2113E-01
  0.1595E+00  0.0000E+00  0.0000E+00  0.0000E+00  0.2736E-01  0.0000E+00  0.0000E+00  0.0000E+00  0.0000E+00  0.0000E+00  0.0000E+00  0.0000E+00  0.0000E+00  0.0000E+00
 Events:
       12669           0       13777       13730        2240           0        3543        3497           0           0        6010        5924        1735        1684
       12715           0           0           0        2181           0           0           0           0           0           0           0           0           0
 Accuracy:    0.012   0.010   0.013   0.842
 Found        13453  events.
 Wrote          169  events.
 Actual xsec    2.8385825698160705E-006
 Correct abs xsec    4.6837404444773957E-006
 Event xsec    4.6837404444774025E-006
 Events wgts > 1:            3
 % Cross section > 1:    9.8172140621604028E-009  0.20960200887595892     
 Iteration  8   Mean: 0.2798E-05 Abs mean: 0.4772E-05   Fluctuation:  0.579E-07   0.725E-02    70.1%
  8    0.2798E-05 0.4772E-05 +- 0.5791E-07      6.14
 Exceeded boost           2          96   256000.000    
 Exceeded boost          13          96   256000.000    
 Relative summed weights:
  0.2342E+00  0.0000E+00  0.1162E+00  0.1144E+00  0.1389E-01  0.0000E+00  0.7830E-01  0.6907E-01  0.0000E+00  0.0000E+00  0.5760E-01  0.6049E-01  0.8723E-02  0.9868E-02
  0.2242E+00  0.0000E+00  0.0000E+00  0.0000E+00  0.1316E-01  0.0000E+00  0.0000E+00  0.0000E+00  0.0000E+00  0.0000E+00  0.0000E+00  0.0000E+00  0.0000E+00  0.0000E+00
 Relative number of events:
  0.1607E+00  0.0000E+00  0.1710E+00  0.1720E+00  0.2725E-01  0.0000E+00  0.4511E-01  0.4328E-01  0.0000E+00  0.0000E+00  0.7440E-01  0.7453E-01  0.2091E-01  0.2145E-01
  0.1614E+00  0.0000E+00  0.0000E+00  0.0000E+00  0.2792E-01  0.0000E+00  0.0000E+00  0.0000E+00  0.0000E+00  0.0000E+00  0.0000E+00  0.0000E+00  0.0000E+00  0.0000E+00
 Events:
       25614           0       27253       27410        4342           0        7189        6898           0           0       11857       11877        3332        3418
       25725           0           0           0        4450           0           0           0           0           0           0           0           0           0
 Accuracy:    0.008   0.010   0.009   0.901
 Finished due to accuracy    8.2891855311966484E-003   1.0000000000000000E-002

 -------------------------------------------------------------------------------
 Accumulated results:   Integral =  0.4726E-05
                        Std dev  =  0.4127E-07
                       Cross sec =  0.2816E-05
             Chi**2 per DoF.     =      0.9009
 -------------------------------------------------------------------------------
 Found        26868  events.
 Wrote          470  events.
 Actual xsec    2.8101712933071610E-006
 Correct abs xsec    4.7263754231993675E-006
 Event xsec    4.7263754231994285E-006
 Events wgts > 1:            4
 % Cross section > 1:    3.8312348073759799E-008  0.81060738183648140     
-------------------------------------------------
---------------------------
 Results Last   3 iters: Integral =   0.2810E-05
                     Abs integral =   0.4726E-05
                          Std dev =   0.4221E-07
                  Chi**2 per DoF. =      1.8539
-------------------------------------------------
---------------------------
 Status   1.0000000000000000E-002           9           8

ls status:
events.lhe
ftn26
input_app.txt
results.dat
run1_app.log
