==== LHAPDF6 USING DEFAULT-TYPE LHAGLUE INTERFACE ====
LHAPDF 6.2.1 loading /cvmfs/cms.cern.ch/slc6_amd64_gcc630/external/lhapdf/6.2.1-ghjeda2/share/LHAPDF/NNPDF31_nnlo_as_0118_nf_4_mc_hessian/NNPDF31_nnlo_as_0118_nf_4_mc_hessian_0000.dat
NNPDF31_nnlo_as_0118_nf_4_mc_hessian PDF set, member #0, version 1; LHAPDF ID = 325500
 Process in group number            1
 A PDF is used, so alpha_s(MZ) is going to be modified
 Old value of alpha_s from param_card:   0.11810000000000001     
 New value of alpha_s from PDF lhapdf :  0.11266013434007299     
 using LHAPDF
 Define smin to   10000.000000000000     
 Define smin to   10000.000000000000     
 Define smin to   10000.000000000000     
 Define smin to   10000.000000000000     
 Define smin to   10000.000000000000     
 Define smin to   10000.000000000000     
 Define smin to   10000.000000000000     
 *****************************************************
 *               MadGraph/MadEvent                   *
 *        --------------------------------           *
 *          http://madgraph.hep.uiuc.edu             *
 *          http://madgraph.phys.ucl.ac.be           *
 *          http://madgraph.roma2.infn.it            *
 *        --------------------------------           *
 *                                                   *
 *          PARAMETER AND COUPLING VALUES            *
 *                                                   *
 *****************************************************

  External Params
  ---------------------------------
  
 mdl_MW0 =    80.387000000000000     
 mdl_Gf =    1.1663789999999999E-005
 aS =   0.11810000000000001     
 mdl_ymdo =    1.0000000000000000E-099
 mdl_ymb =    4.1799999999999997     
 mdl_ymt =    173.19999999999999     
 mdl_ymtau =    1.7769999999999999     
 mdl_LambdaSMEFT =    1000.0000000000000     
 mdl_cW =    1.0000000000000000     
 mdl_MZ =    91.187600000000003     
 mdl_MTA =    1.7769999999999999     
 mdl_MT =    173.19999999999999     
 mdl_MB =    4.1799999999999997     
 mdl_MH =    125.09000000000000     
 mdl_WZ =    2.4952000000000001     
 mdl_WW =    2.0850000000000000     
 mdl_WT =    1.5083359999999999     
 mdl_WH =    4.0699999999999998E-003
  Internal Params
  ---------------------------------
  
 mdl_ymm =    1.0000000000000000E-099
 mdl_yme =    1.0000000000000000E-099
 mdl_ymc =    1.0000000000000000E-099
 mdl_yms =    1.0000000000000000E-099
 mdl_ymup =    1.0000000000000000E-099
 mdl_conjg__CKM3x3 =    1.0000000000000000     
 mdl_cH =    0.0000000000000000     
 mdl_cHB =    0.0000000000000000     
 mdl_CKM2x2 =    1.0000000000000000     
 mdl_CKM1x1 =    1.0000000000000000     
 mdl_conjg__CKM1x1 =    1.0000000000000000     
 mdl_dGf =    0.0000000000000000     
 mdl_CKM3x3 =    1.0000000000000000     
 mdl_dMH2 =    0.0000000000000000     
 mdl_conjg__CKM2x2 =    1.0000000000000000     
 mdl_dg1 =    0.0000000000000000     
 mdl_cHW =    0.0000000000000000     
 mdl_dgw =    0.0000000000000000     
 mdl_complexi =  (  0.0000000000000000     ,  1.0000000000000000     )
 mdl_MW =    80.387000000000000     
 mdl_nb__2__exp__0_25 =    1.1892071150027210     
 mdl_MH__exp__2 =    15647.508100000001     
 mdl_sqrt__2 =    1.4142135623730951     
 mdl_MW__exp__2 =    6462.0697689999997     
 mdl_MZ__exp__2 =    8315.1783937600012     
 mdl_sth2 =   0.22285855299877133     
 mdl_MH__exp__6 =    3831206449390.3818     
 mdl_MT__exp__6 =    26995248278778.535     
 mdl_MH__exp__4 =    244844509.73956564     
 mdl_MT__exp__4 =    899894403.09759963     
 mdl_MT__exp__2 =    29998.239999999994     
 mdl_LambdaSMEFT__exp__2 =    1000000.0000000000     
 mdl_cth =   0.88155626422890820     
 mdl_sqrt__sth2 =   0.47207896902824564     
 mdl_sth =   0.47207896902824564     
 mdl_MW0__exp__6 =    269845343347.69711     
 mdl_MW0__exp__4 =    41758345.699423708     
 mdl_MW0__exp__2 =    6462.0697689999997     
 mdl_MZ__exp__4 =    69142191.720053151     
 mdl_MZ__exp__6 =    574929658687.79749     
 mdl_cth__exp__2 =   0.77714144700122867     
 mdl_sth__exp__2 =   0.22285855299877130     
 mdl_sth__exp__3 =   0.10520683593878660     
 mdl_cth__exp__3 =   0.68509391079585125     
 mdl_sth__exp__4 =    4.9665934644706158E-002
 mdl_sqrt__Gf =    3.4152291284773265E-003
 mdl_vevhat =    246.21961912951551     
 mdl_lam =   0.12905352724481209     
 mdl_aEW =    7.5614618607353409E-003
 mdl_yb =    2.4008698866559607E-002
 mdl_yc =    5.7437078628133041E-102
 mdl_ydo =    5.7437078628133041E-102
 mdl_ye =    5.7437078628133041E-102
 mdl_ym =    5.7437078628133041E-102
 mdl_ys =    5.7437078628133041E-102
 mdl_yt =   0.99481020183926416     
 mdl_ytau =    1.0206568872219240E-002
 mdl_yup =    5.7437078628133041E-102
 mdl_vevhat__exp__2 =    60624.100844283676     
 mdl_barlam =   0.12905352724481209     
 mdl_vevT =    246.21961912951551     
 mdl_sqrt__aEW =    8.6956666568672819E-002
 mdl_ee =   0.30825335704310214     
 mdl_gwsh =   0.65296989967087182     
 mdl_vev =    246.21961912951551     
 mdl_g1 =   0.34966952144878632     
 mdl_gw =   0.65296989967087182     
 mdl_ee__exp__2 =    9.5020132128342205E-002
 mdl_gHaa =   -1.9303830602986922E-003
 mdl_gHza =   -6.8546472954154700E-003
 mdl_g1sh =   0.34966952144878632     
 mdl_I1d11 =  (  5.7437078628133041E-102,  0.0000000000000000     )
 mdl_I1d22 =  (  5.7437078628133041E-102,  0.0000000000000000     )
 mdl_I1d33 =  (  2.4008698866559607E-002,  0.0000000000000000     )
 mdl_I2d11 =  (  5.7437078628133041E-102,  0.0000000000000000     )
 mdl_I2d22 =  (  5.7437078628133041E-102,  0.0000000000000000     )
 mdl_I2d33 =  ( 0.99481020183926416     ,  0.0000000000000000     )
 mdl_I3d11 =  (  5.7437078628133041E-102,  0.0000000000000000     )
 mdl_I3d22 =  (  5.7437078628133041E-102,  0.0000000000000000     )
 mdl_I3d33 =  (  2.4008698866559607E-002,  0.0000000000000000     )
 mdl_I4d11 =  (  5.7437078628133041E-102,  0.0000000000000000     )
 mdl_I4d22 =  (  5.7437078628133041E-102,  0.0000000000000000     )
 mdl_I4d33 =  ( 0.99481020183926416     ,  0.0000000000000000     )
 mdl_I5d11 =  (  5.7437078628133041E-102,  0.0000000000000000     )
 mdl_I5d22 =  (  5.7437078628133041E-102,  0.0000000000000000     )
 mdl_I5d33 =  (  2.4008698866559607E-002,  0.0000000000000000     )
 mdl_I6d11 =  (  5.7437078628133041E-102,  0.0000000000000000     )
 mdl_I6d22 =  (  5.7437078628133041E-102,  0.0000000000000000     )
 mdl_I6d33 =  ( 0.99481020183926416     ,  0.0000000000000000     )
 mdl_ee__exp__3 =    2.9290274715240611E-002
 mdl_vevhat__exp__3 =    14926843.019948866     
  Internal Params evaluated point by point
  ----------------------------------------
  
 mdl_sqrt__aS =   0.34365680554879169     
 mdl_G__exp__2 =    1.4840883695558185     
 mdl_gHgg =    3.2334372328970845E-003
 mdl_G__exp__3 =  (  1.8079634332366095     ,  0.0000000000000000     )
  Couplings of SMEFTsim_A_U35_MwScheme_UFO_v3_1-cW_massless
  ---------------------------------
  
        GC_64 =   0.00000E+00   0.52893E-05
       GC_345 =   0.00000E+00   0.28325E-05
         GC_1 =   0.00000E+00   0.10275E+00
         GC_2 =  -0.00000E+00  -0.20550E+00
         GC_3 =  -0.00000E+00  -0.30825E+00
       GC_255 =  -0.00000E+00  -0.42637E+00
       GC_278 =  -0.00000E+00  -0.37035E+00
       GC_280 =  -0.00000E+00  -0.57563E+00
       GC_318 =   0.00000E+00   0.39178E-05
       GC_328 =  -0.00000E+00  -0.55024E-01
       GC_329 =   0.00000E+00   0.11005E+00
       GC_330 =  -0.00000E+00  -0.16507E+00
       GC_400 =   0.00000E+00   0.52490E+02
       GC_809 =  -0.00000E+00  -0.72171E-02
      GC_1073 =  -0.00000E+00  -0.46172E+00

 Collider parameters:
 --------------------

 Running at P P   machine @    13000.000000000000       GeV
 PDF set = lhapdf 
 alpha_s(Mz)= 0.1127 running at 3 loops.
 alpha_s(Mz)= 0.1127 running at 3 loops.
 Renormalization scale set on event-by-event basis
 Factorization   scale set on event-by-event basis


 getting user params
Enter number of events and max and min iterations: 
 Number of events and iterations         2000           8           3
Enter desired fractional accuracy: 
 Desired fractional accuracy:    1.0000000000000000E-002
Enter 0 for fixed, 2 for adjustable grid: 
Suppress amplitude (0 no, 1 yes)? 
 Using suppressed amplitude.
Exact helicity sum (0 yes, n = number/event)? 
 Explicitly summing over helicities
Enter Configuration Number: 
Running Configuration Number:   34
 Not subdividing B.W.
 Attempting mappinvarients           1           8
 Completed mapping           8
 about to integrate           16        2000           8           3          16           1
 Using non-zero grid deformation.
 16 dimensions   2000 events 16 invarients  8 iterations  1 config(s),  (0.99)
 Using h-tuple random number sequence.
 Error opening grid
 Using Uniform Grid!          32
 Using uniform alpha   1.0000000000000000     
 Grid defined OK
 Set CM energy to      13000.00
 Mapping Graph          34  to config          34
 Setting BW          -1           1   80.387000000000000     
 Warning: No cutoff for shat integral found
          Minimum set to    5.9171597633136107E-009
Setting grid   2    0.59172E-08   1
Setting grid   3    0.18685E-07   1
Setting grid   4    0.18685E-07   1
Setting grid   5    0.59172E-06   1
 Transforming s_hat 1/s           15   5.9171597633136108E-005   10000.000000000000        168999999.99999997     
  34   1   2   3   4   5   6   7   8   9  10  11  12  13  14
  15  16
 Masses: 0.000E+00 0.000E+00 0.178E+01 0.178E+01 0.000E+00 0.000E+00 0.000E+00 0.000E+00
Using random seed offsets    34 :      1
  with seed                   24
 Ranmar initialization seeds       31092        9398
 
 ********************************************
 * You are using the DiscreteSampler module *
 *      part of the MG5_aMC framework       *
 *         Author: Valentin Hirschi         *
 ********************************************
 
  Particle       3       4       5       6       7       8
      Et >     0.0     0.0     0.0     0.0    10.0    10.0
       E >     0.0     0.0     0.0     0.0     0.0     0.0
     Eta <    -1.0    -1.0    -1.0    -1.0     6.5     6.5
   xqcut:      0.0     0.0     0.0     0.0     0.0     0.0
d R # 3  >    -0.0     0.4     0.0     0.0     0.4     0.4
d R # 4  >    -0.0    -0.0     0.0     0.0     0.4     0.4
d R # 5  >    -0.0    -0.0    -0.0     0.0     0.0     0.0
d R # 6  >    -0.0    -0.0    -0.0    -0.0     0.0     0.0
d R # 7  >    -0.0    -0.0    -0.0    -0.0    -0.0     0.4
s min # 3>     0.0     0.0     0.0     0.0     0.0     0.0
s min # 4>     0.0     0.0     0.0     0.0     0.0     0.0
s min # 5>     0.0     0.0     0.0     0.0     0.0     0.0
s min # 6>     0.0     0.0     0.0     0.0     0.0     0.0
s min # 7>     0.0     0.0     0.0     0.0     0.0 10000.0
xqcutij # 3>     0.0     0.0     0.0     0.0     0.0     0.0
xqcutij # 4>     0.0     0.0     0.0     0.0     0.0     0.0
xqcutij # 5>     0.0     0.0     0.0     0.0     0.0     0.0
xqcutij # 6>     0.0     0.0     0.0     0.0     0.0     0.0
xqcutij # 7>     0.0     0.0     0.0     0.0     0.0     0.0
 No cut BW           -1           1
 No cut BW           -5           2
 alpha_s for scale    16.219953316340906       is   0.15565972931080149     
 Added good helicity          193   206.93678295210304       in event            1 local:           1
 Added good helicity          209   49.049273059562438       in event            1 local:           1
 Added good helicity          225   5.8033253650529712E-003  in event            1 local:           1
 Added good helicity          241   8.1406629694740305E-003  in event            1 local:           1
 Added good helicity          193   184.59630893969990       in event            1 local:           1
 Added good helicity          209   71.367875093819009       in event            1 local:           1
 Added good helicity          225   2.6206267884865402E-002  in event            1 local:           1
 Added good helicity          241   9.6096985962219918E-003  in event            1 local:           1
 RESET CUMULATIVE VARIABLE
 RESET CUMULATIVE VARIABLE
 RESET CUMULATIVE VARIABLE
 Iteration  1   Mean: -.1565E-07 Abs mean: 0.5472E-07   Fluctuation:  0.149E-07   0.257E-04     2.4%
  1   -0.1565E-07 0.5472E-07 +- 0.1486E-07     12.14
 Writing out events   1.4057909126349980E-010   12.141021607269401     
 Relative summed weights:
  0.5915E-01  0.0000E+00  0.8547E-02  0.3053E-03  0.1056E-03  0.0000E+00  0.2549E-03  0.2512E-03  0.0000E+00  0.0000E+00  0.1960E-02  0.3195E-02  0.1063E-04  0.6471E-04
  0.2276E-01  0.0000E+00  0.3124E-02  0.8686E-03  0.7916E-03  0.0000E+00  0.9807E-02  0.1373E-01  0.0000E+00  0.0000E+00  0.5854E-03  0.1018E-02  0.2162E-03  0.1030E-04
  0.4053E-01  0.0000E+00  0.1748E-02  0.2011E-02  0.1042E-02  0.0000E+00  0.4056E-02  0.1067E-03  0.0000E+00  0.0000E+00  0.3007E-02  0.1050E+00  0.2974E-02  0.8154E-05
  0.1328E+00  0.0000E+00  0.1387E-02  0.1223E-01  0.1687E-04  0.0000E+00  0.5668E-01  0.4471E-01  0.0000E+00  0.0000E+00  0.4594E-02  0.1512E-02  0.5693E-03  0.7148E-04
  0.2429E-01  0.0000E+00  0.0000E+00  0.0000E+00  0.1395E-02  0.0000E+00  0.0000E+00  0.0000E+00  0.0000E+00  0.0000E+00  0.0000E+00  0.0000E+00  0.0000E+00  0.0000E+00
  0.4419E-01  0.0000E+00  0.0000E+00  0.0000E+00  0.1292E-02  0.0000E+00  0.0000E+00  0.0000E+00  0.0000E+00  0.0000E+00  0.0000E+00  0.0000E+00  0.0000E+00  0.0000E+00
  0.3618E+00  0.0000E+00  0.0000E+00  0.0000E+00  0.1184E-03  0.0000E+00  0.0000E+00  0.0000E+00  0.0000E+00  0.0000E+00  0.0000E+00  0.0000E+00  0.0000E+00  0.0000E+00
  0.2435E-01  0.0000E+00  0.0000E+00  0.0000E+00  0.7834E-03  0.0000E+00  0.0000E+00  0.0000E+00  0.0000E+00  0.0000E+00  0.0000E+00  0.0000E+00  0.0000E+00  0.0000E+00
 Relative number of events:
  0.6455E-01  0.0000E+00  0.2540E-01  0.1905E-01  0.6349E-02  0.0000E+00  0.1164E-01  0.1376E-01  0.0000E+00  0.0000E+00  0.2328E-01  0.3492E-01  0.8466E-02  0.5291E-02
  0.4550E-01  0.0000E+00  0.3280E-01  0.2963E-01  0.5291E-02  0.0000E+00  0.1164E-01  0.1587E-01  0.0000E+00  0.0000E+00  0.2434E-01  0.1905E-01  0.4233E-02  0.6349E-02
  0.5503E-01  0.0000E+00  0.2540E-01  0.2328E-01  0.3175E-02  0.0000E+00  0.2011E-01  0.1376E-01  0.0000E+00  0.0000E+00  0.1799E-01  0.1693E-01  0.8466E-02  0.5291E-02
  0.4656E-01  0.0000E+00  0.2540E-01  0.1270E-01  0.5291E-02  0.0000E+00  0.1270E-01  0.1481E-01  0.0000E+00  0.0000E+00  0.1481E-01  0.1905E-01  0.5291E-02  0.6349E-02
  0.5926E-01  0.0000E+00  0.0000E+00  0.0000E+00  0.7407E-02  0.0000E+00  0.0000E+00  0.0000E+00  0.0000E+00  0.0000E+00  0.0000E+00  0.0000E+00  0.0000E+00  0.0000E+00
  0.5397E-01  0.0000E+00  0.0000E+00  0.0000E+00  0.5291E-02  0.0000E+00  0.0000E+00  0.0000E+00  0.0000E+00  0.0000E+00  0.0000E+00  0.0000E+00  0.0000E+00  0.0000E+00
  0.4868E-01  0.0000E+00  0.0000E+00  0.0000E+00  0.9524E-02  0.0000E+00  0.0000E+00  0.0000E+00  0.0000E+00  0.0000E+00  0.0000E+00  0.0000E+00  0.0000E+00  0.0000E+00
  0.4656E-01  0.0000E+00  0.0000E+00  0.0000E+00  0.9524E-02  0.0000E+00  0.0000E+00  0.0000E+00  0.0000E+00  0.0000E+00  0.0000E+00  0.0000E+00  0.0000E+00  0.0000E+00
 Events:
          61           0          24          18           6           0          11          13           0           0          22          33           8           5
          43           0          31          28           5           0          11          15           0           0          23          18           4           6
          52           0          24          22           3           0          19          13           0           0          17          16           8           5
          44           0          24          12           5           0          12          14           0           0          14          18           5           6
          56           0           0           0           7           0           0           0           0           0           0           0           0           0
          51           0           0           0           5           0           0           0           0           0           0           0           0           0
          46           0           0           0           9           0           0           0           0           0           0           0           0           0
          44           0           0           0           9           0           0           0           0           0           0           0           0           0
 Iteration  2   Mean: 0.7589E-08 Abs mean: 0.7413E-07   Fluctuation:  0.146E-07   0.352E-04    47.8%
  2    0.7589E-08 0.7413E-07 +- 0.1464E-07     12.49
 Relative summed weights:
  0.5144E-01  0.0000E+00  0.2615E-02  0.1969E-02  0.5870E-03  0.0000E+00  0.8820E-03  0.3756E-02  0.0000E+00  0.0000E+00  0.2432E-02  0.7384E-02  0.5545E-03  0.3019E-04
  0.4115E-01  0.0000E+00  0.4133E-02  0.2119E+00  0.6294E-03  0.0000E+00  0.2929E-02  0.2774E-02  0.0000E+00  0.0000E+00  0.5049E-02  0.3996E-02  0.1317E-03  0.1365E-02
  0.1059E-01  0.0000E+00  0.6020E-02  0.3553E-02  0.5257E-04  0.0000E+00  0.6282E-03  0.7196E-02  0.0000E+00  0.0000E+00  0.3536E-02  0.2505E-02  0.2440E-03  0.3914E-03
  0.2511E-01  0.0000E+00  0.2077E-01  0.2753E-02  0.8263E-03  0.0000E+00  0.1260E-03  0.4801E-02  0.0000E+00  0.0000E+00  0.2200E+00  0.1561E-02  0.1977E-03  0.1035E-03
  0.8677E-01  0.0000E+00  0.0000E+00  0.0000E+00  0.2304E-01  0.0000E+00  0.0000E+00  0.0000E+00  0.0000E+00  0.0000E+00  0.0000E+00  0.0000E+00  0.0000E+00  0.0000E+00
  0.3829E-01  0.0000E+00  0.0000E+00  0.0000E+00  0.1388E-03  0.0000E+00  0.0000E+00  0.0000E+00  0.0000E+00  0.0000E+00  0.0000E+00  0.0000E+00  0.0000E+00  0.0000E+00
  0.1200E+00  0.0000E+00  0.0000E+00  0.0000E+00  0.3971E-04  0.0000E+00  0.0000E+00  0.0000E+00  0.0000E+00  0.0000E+00  0.0000E+00  0.0000E+00  0.0000E+00  0.0000E+00
  0.7497E-01  0.0000E+00  0.0000E+00  0.0000E+00  0.6818E-04  0.0000E+00  0.0000E+00  0.0000E+00  0.0000E+00  0.0000E+00  0.0000E+00  0.0000E+00  0.0000E+00  0.0000E+00
 Relative number of events:
  0.5462E-01  0.0000E+00  0.1996E-01  0.2363E-01  0.5252E-02  0.0000E+00  0.1103E-01  0.1261E-01  0.0000E+00  0.0000E+00  0.1628E-01  0.1523E-01  0.4727E-02  0.6828E-02
  0.6775E-01  0.0000E+00  0.1943E-01  0.3151E-01  0.6303E-02  0.0000E+00  0.9979E-02  0.1523E-01  0.0000E+00  0.0000E+00  0.1628E-01  0.1786E-01  0.5252E-02  0.4202E-02
  0.6145E-01  0.0000E+00  0.2521E-01  0.2574E-01  0.5252E-02  0.0000E+00  0.1103E-01  0.8929E-02  0.0000E+00  0.0000E+00  0.1418E-01  0.2416E-01  0.8403E-02  0.5777E-02
  0.5620E-01  0.0000E+00  0.2679E-01  0.2521E-01  0.5777E-02  0.0000E+00  0.7353E-02  0.1418E-01  0.0000E+00  0.0000E+00  0.1681E-01  0.1891E-01  0.5777E-02  0.5777E-02
  0.6145E-01  0.0000E+00  0.0000E+00  0.0000E+00  0.5777E-02  0.0000E+00  0.0000E+00  0.0000E+00  0.0000E+00  0.0000E+00  0.0000E+00  0.0000E+00  0.0000E+00  0.0000E+00
  0.5357E-01  0.0000E+00  0.0000E+00  0.0000E+00  0.4727E-02  0.0000E+00  0.0000E+00  0.0000E+00  0.0000E+00  0.0000E+00  0.0000E+00  0.0000E+00  0.0000E+00  0.0000E+00
  0.6933E-01  0.0000E+00  0.0000E+00  0.0000E+00  0.4727E-02  0.0000E+00  0.0000E+00  0.0000E+00  0.0000E+00  0.0000E+00  0.0000E+00  0.0000E+00  0.0000E+00  0.0000E+00
  0.5830E-01  0.0000E+00  0.0000E+00  0.0000E+00  0.5252E-02  0.0000E+00  0.0000E+00  0.0000E+00  0.0000E+00  0.0000E+00  0.0000E+00  0.0000E+00  0.0000E+00  0.0000E+00
 Events:
         104           0          38          45          10           0          21          24           0           0          31          29           9          13
         129           0          37          60          12           0          19          29           0           0          31          34          10           8
         117           0          48          49          10           0          21          17           0           0          27          46          16          11
         107           0          51          48          11           0          14          27           0           0          32          36          11          11
         117           0           0           0          11           0           0           0           0           0           0           0           0           0
         102           0           0           0           9           0           0           0           0           0           0           0           0           0
         132           0           0           0           9           0           0           0           0           0           0           0           0           0
         111           0           0           0          10           0           0           0           0           0           0           0           0           0
 Iteration  3   Mean: -.2185E-07 Abs mean: 0.6990E-07   Fluctuation:  0.766E-08   0.436E-04    65.4%
  3   -0.2185E-07 0.6990E-07 +- 0.7662E-08      9.80
 Relative summed weights:
  0.8018E-01  0.0000E+00  0.5665E-01  0.5049E-01  0.2661E-02  0.0000E+00  0.2569E-02  0.1108E-01  0.0000E+00  0.0000E+00  0.1286E-01  0.1084E-01  0.3552E-03  0.9183E-03
  0.3996E-01  0.0000E+00  0.3214E-01  0.1151E-01  0.2366E-02  0.0000E+00  0.6989E-02  0.3347E-02  0.0000E+00  0.0000E+00  0.8855E-02  0.3541E-01  0.2335E-03  0.1544E-02
  0.5608E-01  0.0000E+00  0.7163E-02  0.2066E-01  0.1791E-02  0.0000E+00  0.9001E-02  0.3724E-02  0.0000E+00  0.0000E+00  0.2710E-01  0.1756E-01  0.1936E-03  0.2604E-03
  0.6178E-01  0.0000E+00  0.2877E-01  0.2020E-01  0.9683E-03  0.0000E+00  0.7615E-03  0.2895E-01  0.0000E+00  0.0000E+00  0.2903E-02  0.4099E-02  0.2194E-02  0.5533E-02
  0.1258E+00  0.0000E+00  0.0000E+00  0.0000E+00  0.7117E-02  0.0000E+00  0.0000E+00  0.0000E+00  0.0000E+00  0.0000E+00  0.0000E+00  0.0000E+00  0.0000E+00  0.0000E+00
  0.7859E-01  0.0000E+00  0.0000E+00  0.0000E+00  0.1625E-01  0.0000E+00  0.0000E+00  0.0000E+00  0.0000E+00  0.0000E+00  0.0000E+00  0.0000E+00  0.0000E+00  0.0000E+00
  0.3682E-01  0.0000E+00  0.0000E+00  0.0000E+00  0.1141E-02  0.0000E+00  0.0000E+00  0.0000E+00  0.0000E+00  0.0000E+00  0.0000E+00  0.0000E+00  0.0000E+00  0.0000E+00
  0.6167E-01  0.0000E+00  0.0000E+00  0.0000E+00  0.1911E-02  0.0000E+00  0.0000E+00  0.0000E+00  0.0000E+00  0.0000E+00  0.0000E+00  0.0000E+00  0.0000E+00  0.0000E+00
 Relative number of events:
  0.6706E-01  0.0000E+00  0.2425E-01  0.2373E-01  0.4643E-02  0.0000E+00  0.1109E-01  0.1161E-01  0.0000E+00  0.0000E+00  0.1109E-01  0.1315E-01  0.4127E-02  0.3095E-02
  0.5932E-01  0.0000E+00  0.2682E-01  0.2270E-01  0.5159E-02  0.0000E+00  0.1341E-01  0.1032E-01  0.0000E+00  0.0000E+00  0.1573E-01  0.1754E-01  0.3611E-02  0.4385E-02
  0.6061E-01  0.0000E+00  0.2786E-01  0.2450E-01  0.3611E-02  0.0000E+00  0.9801E-02  0.8770E-02  0.0000E+00  0.0000E+00  0.1806E-01  0.1909E-01  0.3095E-02  0.2837E-02
  0.5984E-01  0.0000E+00  0.2734E-01  0.2373E-01  0.7222E-02  0.0000E+00  0.9286E-02  0.9801E-02  0.0000E+00  0.0000E+00  0.1548E-01  0.1548E-01  0.6706E-02  0.6964E-02
  0.6294E-01  0.0000E+00  0.0000E+00  0.0000E+00  0.3869E-02  0.0000E+00  0.0000E+00  0.0000E+00  0.0000E+00  0.0000E+00  0.0000E+00  0.0000E+00  0.0000E+00  0.0000E+00
  0.6758E-01  0.0000E+00  0.0000E+00  0.0000E+00  0.3611E-02  0.0000E+00  0.0000E+00  0.0000E+00  0.0000E+00  0.0000E+00  0.0000E+00  0.0000E+00  0.0000E+00  0.0000E+00
  0.6913E-01  0.0000E+00  0.0000E+00  0.0000E+00  0.4901E-02  0.0000E+00  0.0000E+00  0.0000E+00  0.0000E+00  0.0000E+00  0.0000E+00  0.0000E+00  0.0000E+00  0.0000E+00
  0.7016E-01  0.0000E+00  0.0000E+00  0.0000E+00  0.4901E-02  0.0000E+00  0.0000E+00  0.0000E+00  0.0000E+00  0.0000E+00  0.0000E+00  0.0000E+00  0.0000E+00  0.0000E+00
 Events:
         260           0          94          92          18           0          43          45           0           0          43          51          16          12
         230           0         104          88          20           0          52          40           0           0          61          68          14          17
         235           0         108          95          14           0          38          34           0           0          70          74          12          11
         232           0         106          92          28           0          36          38           0           0          60          60          26          27
         244           0           0           0          15           0           0           0           0           0           0           0           0           0
         262           0           0           0          14           0           0           0           0           0           0           0           0           0
         268           0           0           0          19           0           0           0           0           0           0           0           0           0
         272           0           0           0          19           0           0           0           0           0           0           0           0           0
 Accuracy:    0.055   0.010   0.090   0.367
 Found          563  events.
 Wrote           14  events.
 Actual xsec   -1.4998974317952854E-008
 Correct abs xsec    6.9107142794674529E-008
 Event xsec    6.9107142794674542E-008
 Events wgts > 1:            0
 % Cross section > 1:    0.0000000000000000        0.0000000000000000     
 Iteration  4   Mean: -.2446E-07 Abs mean: 0.7589E-07   Fluctuation:  0.731E-08   0.995E-04    72.1%
  4   -0.2446E-07 0.7589E-07 +- 0.7308E-08     12.18
 Relative summed weights:
  0.6335E-01  0.0000E+00  0.2058E-01  0.2934E-01  0.4254E-02  0.0000E+00  0.4411E-02  0.5089E-02  0.0000E+00  0.0000E+00  0.9095E-02  0.1087E-01  0.5057E-03  0.1105E-02
  0.8464E-01  0.0000E+00  0.7275E-02  0.2199E-01  0.1582E-02  0.0000E+00  0.1028E-01  0.2098E-01  0.0000E+00  0.0000E+00  0.1002E-01  0.2863E-02  0.1221E-02  0.9090E-03
  0.6853E-01  0.0000E+00  0.1024E-01  0.2121E-01  0.1161E-02  0.0000E+00  0.8573E-02  0.5062E-02  0.0000E+00  0.0000E+00  0.4329E-02  0.7548E-02  0.7713E-03  0.1606E-02
  0.1666E+00  0.0000E+00  0.1366E-01  0.1712E-01  0.2897E-02  0.0000E+00  0.4505E-02  0.4375E-02  0.0000E+00  0.0000E+00  0.8653E-02  0.9149E-02  0.7737E-03  0.1051E-02
  0.6242E-01  0.0000E+00  0.0000E+00  0.0000E+00  0.3932E-02  0.0000E+00  0.0000E+00  0.0000E+00  0.0000E+00  0.0000E+00  0.0000E+00  0.0000E+00  0.0000E+00  0.0000E+00
  0.9452E-01  0.0000E+00  0.0000E+00  0.0000E+00  0.2140E-02  0.0000E+00  0.0000E+00  0.0000E+00  0.0000E+00  0.0000E+00  0.0000E+00  0.0000E+00  0.0000E+00  0.0000E+00
  0.9956E-01  0.0000E+00  0.0000E+00  0.0000E+00  0.6073E-03  0.0000E+00  0.0000E+00  0.0000E+00  0.0000E+00  0.0000E+00  0.0000E+00  0.0000E+00  0.0000E+00  0.0000E+00
  0.6711E-01  0.0000E+00  0.0000E+00  0.0000E+00  0.1550E-02  0.0000E+00  0.0000E+00  0.0000E+00  0.0000E+00  0.0000E+00  0.0000E+00  0.0000E+00  0.0000E+00  0.0000E+00
 Relative number of events:
  0.7476E-01  0.0000E+00  0.2253E-01  0.2479E-01  0.6363E-02  0.0000E+00  0.1220E-01  0.9942E-02  0.0000E+00  0.0000E+00  0.1352E-01  0.1140E-01  0.3579E-02  0.2916E-02
  0.6522E-01  0.0000E+00  0.2373E-01  0.2161E-01  0.4374E-02  0.0000E+00  0.9411E-02  0.1127E-01  0.0000E+00  0.0000E+00  0.1405E-01  0.1538E-01  0.2519E-02  0.3579E-02
  0.6813E-01  0.0000E+00  0.2306E-01  0.2439E-01  0.2784E-02  0.0000E+00  0.8616E-02  0.9677E-02  0.0000E+00  0.0000E+00  0.1458E-01  0.1418E-01  0.3844E-02  0.3181E-02
  0.6866E-01  0.0000E+00  0.2439E-01  0.2426E-01  0.3712E-02  0.0000E+00  0.9809E-02  0.7688E-02  0.0000E+00  0.0000E+00  0.1392E-01  0.1273E-01  0.2916E-02  0.4109E-02
  0.6933E-01  0.0000E+00  0.0000E+00  0.0000E+00  0.3446E-02  0.0000E+00  0.0000E+00  0.0000E+00  0.0000E+00  0.0000E+00  0.0000E+00  0.0000E+00  0.0000E+00  0.0000E+00
  0.6760E-01  0.0000E+00  0.0000E+00  0.0000E+00  0.3579E-02  0.0000E+00  0.0000E+00  0.0000E+00  0.0000E+00  0.0000E+00  0.0000E+00  0.0000E+00  0.0000E+00  0.0000E+00
  0.7304E-01  0.0000E+00  0.0000E+00  0.0000E+00  0.3181E-02  0.0000E+00  0.0000E+00  0.0000E+00  0.0000E+00  0.0000E+00  0.0000E+00  0.0000E+00  0.0000E+00  0.0000E+00
  0.7821E-01  0.0000E+00  0.0000E+00  0.0000E+00  0.3844E-02  0.0000E+00  0.0000E+00  0.0000E+00  0.0000E+00  0.0000E+00  0.0000E+00  0.0000E+00  0.0000E+00  0.0000E+00
 Events:
         564           0         170         187          48           0          92          75           0           0         102          86          27          22
         492           0         179         163          33           0          71          85           0           0         106         116          19          27
         514           0         174         184          21           0          65          73           0           0         110         107          29          24
         518           0         184         183          28           0          74          58           0           0         105          96          22          31
         523           0           0           0          26           0           0           0           0           0           0           0           0           0
         510           0           0           0          27           0           0           0           0           0           0           0           0           0
         551           0           0           0          24           0           0           0           0           0           0           0           0           0
         590           0           0           0          29           0           0           0           0           0           0           0           0           0
 Accuracy:    0.041   0.010   0.066   0.392
 Found         1322  events.
 Wrote           14  events.
 Actual xsec   -1.9663359768605317E-008
 Correct abs xsec    7.3380931358043303E-008
 Event xsec    7.3380931358043330E-008
 Events wgts > 1:            0
 % Cross section > 1:    0.0000000000000000        0.0000000000000000     
 Iteration  5   Mean: -.1817E-07 Abs mean: 0.6653E-07   Fluctuation:  0.262E-08   0.622E-04    77.3%
  5   -0.1817E-07 0.6653E-07 +- 0.2621E-08      7.05
 Relative summed weights:
  0.8905E-01  0.0000E+00  0.1499E-01  0.1821E-01  0.1169E-02  0.0000E+00  0.4949E-02  0.2601E-01  0.0000E+00  0.0000E+00  0.7340E-02  0.1193E-01  0.1410E-02  0.8934E-03
  0.1048E+00  0.0000E+00  0.2128E-01  0.1607E-01  0.1253E-02  0.0000E+00  0.5980E-02  0.8075E-02  0.0000E+00  0.0000E+00  0.7509E-02  0.1071E-01  0.1107E-02  0.2037E-02
  0.8524E-01  0.0000E+00  0.1538E-01  0.2263E-01  0.1318E-02  0.0000E+00  0.6146E-02  0.9931E-02  0.0000E+00  0.0000E+00  0.8001E-02  0.9358E-02  0.1434E-02  0.6553E-03
  0.7593E-01  0.0000E+00  0.2186E-01  0.1682E-01  0.9093E-03  0.0000E+00  0.8080E-02  0.3867E-02  0.0000E+00  0.0000E+00  0.2758E-01  0.8276E-02  0.1295E-02  0.4514E-03
  0.6549E-01  0.0000E+00  0.0000E+00  0.0000E+00  0.1526E-02  0.0000E+00  0.0000E+00  0.0000E+00  0.0000E+00  0.0000E+00  0.0000E+00  0.0000E+00  0.0000E+00  0.0000E+00
  0.8863E-01  0.0000E+00  0.0000E+00  0.0000E+00  0.1811E-02  0.0000E+00  0.0000E+00  0.0000E+00  0.0000E+00  0.0000E+00  0.0000E+00  0.0000E+00  0.0000E+00  0.0000E+00
  0.8717E-01  0.0000E+00  0.0000E+00  0.0000E+00  0.1193E-02  0.0000E+00  0.0000E+00  0.0000E+00  0.0000E+00  0.0000E+00  0.0000E+00  0.0000E+00  0.0000E+00  0.0000E+00
  0.7334E-01  0.0000E+00  0.0000E+00  0.0000E+00  0.9419E-03  0.0000E+00  0.0000E+00  0.0000E+00  0.0000E+00  0.0000E+00  0.0000E+00  0.0000E+00  0.0000E+00  0.0000E+00
 Relative number of events:
  0.7378E-01  0.0000E+00  0.2344E-01  0.2611E-01  0.3517E-02  0.0000E+00  0.8661E-02  0.9964E-02  0.0000E+00  0.0000E+00  0.1361E-01  0.1537E-01  0.2800E-02  0.2344E-02
  0.7085E-01  0.0000E+00  0.2390E-01  0.2188E-01  0.2735E-02  0.0000E+00  0.8401E-02  0.9117E-02  0.0000E+00  0.0000E+00  0.1335E-01  0.1237E-01  0.3061E-02  0.2344E-02
  0.7515E-01  0.0000E+00  0.2357E-01  0.2351E-01  0.2800E-02  0.0000E+00  0.8205E-02  0.9638E-02  0.0000E+00  0.0000E+00  0.1348E-01  0.1335E-01  0.2409E-02  0.2409E-02
  0.7248E-01  0.0000E+00  0.2540E-01  0.2338E-01  0.2930E-02  0.0000E+00  0.1042E-01  0.7815E-02  0.0000E+00  0.0000E+00  0.1322E-01  0.1341E-01  0.3517E-02  0.2800E-02
  0.7287E-01  0.0000E+00  0.0000E+00  0.0000E+00  0.2996E-02  0.0000E+00  0.0000E+00  0.0000E+00  0.0000E+00  0.0000E+00  0.0000E+00  0.0000E+00  0.0000E+00  0.0000E+00
  0.7150E-01  0.0000E+00  0.0000E+00  0.0000E+00  0.3582E-02  0.0000E+00  0.0000E+00  0.0000E+00  0.0000E+00  0.0000E+00  0.0000E+00  0.0000E+00  0.0000E+00  0.0000E+00
  0.7378E-01  0.0000E+00  0.0000E+00  0.0000E+00  0.3582E-02  0.0000E+00  0.0000E+00  0.0000E+00  0.0000E+00  0.0000E+00  0.0000E+00  0.0000E+00  0.0000E+00  0.0000E+00
  0.7163E-01  0.0000E+00  0.0000E+00  0.0000E+00  0.2540E-02  0.0000E+00  0.0000E+00  0.0000E+00  0.0000E+00  0.0000E+00  0.0000E+00  0.0000E+00  0.0000E+00  0.0000E+00
 Events:
        1133           0         360         401          54           0         133         153           0           0         209         236          43          36
        1088           0         367         336          42           0         129         140           0           0         205         190          47          36
        1154           0         362         361          43           0         126         148           0           0         207         205          37          37
        1113           0         390         359          45           0         160         120           0           0         203         206          54          43
        1119           0           0           0          46           0           0           0           0           0           0           0           0           0
        1098           0           0           0          55           0           0           0           0           0           0           0           0           0
        1133           0           0           0          55           0           0           0           0           0           0           0           0           0
        1100           0           0           0          39           0           0           0           0           0           0           0           0           0
 Accuracy:    0.027   0.010   0.034   0.635
 Found         2487  events.
 Wrote           45  events.
 Actual xsec   -1.9348622894169059E-008
 Correct abs xsec    6.8072226624050784E-008
 Event xsec    6.8072226624050784E-008
 Events wgts > 1:            0
 % Cross section > 1:    0.0000000000000000        0.0000000000000000     
 Iteration  6   Mean: -.1745E-07 Abs mean: 0.6892E-07   Fluctuation:  0.153E-08   0.535E-04    79.8%
  6   -0.1745E-07 0.6892E-07 +- 0.1526E-08      5.60
 Relative summed weights:
  0.7826E-01  0.0000E+00  0.2252E-01  0.1667E-01  0.1977E-02  0.0000E+00  0.2041E-01  0.1289E-01  0.0000E+00  0.0000E+00  0.8631E-02  0.8815E-02  0.7980E-03  0.1193E-02
  0.7621E-01  0.0000E+00  0.1629E-01  0.2515E-01  0.1329E-02  0.0000E+00  0.6042E-02  0.8390E-02  0.0000E+00  0.0000E+00  0.1200E-01  0.8481E-02  0.1968E-02  0.7869E-03
  0.8691E-01  0.0000E+00  0.1968E-01  0.1675E-01  0.2066E-02  0.0000E+00  0.1675E-01  0.7204E-02  0.0000E+00  0.0000E+00  0.8232E-02  0.9919E-02  0.1443E-02  0.5289E-02
  0.7034E-01  0.0000E+00  0.1284E-01  0.1111E-01  0.1178E-02  0.0000E+00  0.1770E-01  0.4482E-02  0.0000E+00  0.0000E+00  0.8656E-02  0.6788E-02  0.1677E-02  0.1914E-02
  0.8888E-01  0.0000E+00  0.0000E+00  0.0000E+00  0.1332E-02  0.0000E+00  0.0000E+00  0.0000E+00  0.0000E+00  0.0000E+00  0.0000E+00  0.0000E+00  0.0000E+00  0.0000E+00
  0.7290E-01  0.0000E+00  0.0000E+00  0.0000E+00  0.3591E-02  0.0000E+00  0.0000E+00  0.0000E+00  0.0000E+00  0.0000E+00  0.0000E+00  0.0000E+00  0.0000E+00  0.0000E+00
  0.8361E-01  0.0000E+00  0.0000E+00  0.0000E+00  0.1302E-02  0.0000E+00  0.0000E+00  0.0000E+00  0.0000E+00  0.0000E+00  0.0000E+00  0.0000E+00  0.0000E+00  0.0000E+00
  0.1072E+00  0.0000E+00  0.0000E+00  0.0000E+00  0.1484E-02  0.0000E+00  0.0000E+00  0.0000E+00  0.0000E+00  0.0000E+00  0.0000E+00  0.0000E+00  0.0000E+00  0.0000E+00
 Relative number of events:
  0.7387E-01  0.0000E+00  0.2296E-01  0.2399E-01  0.2603E-02  0.0000E+00  0.9028E-02  0.8731E-02  0.0000E+00  0.0000E+00  0.1311E-01  0.1295E-01  0.2208E-02  0.2570E-02
  0.7446E-01  0.0000E+00  0.2362E-01  0.2366E-01  0.3657E-02  0.0000E+00  0.8369E-02  0.8797E-02  0.0000E+00  0.0000E+00  0.1272E-01  0.1255E-01  0.2899E-02  0.2537E-02
  0.7548E-01  0.0000E+00  0.2267E-01  0.2273E-01  0.2834E-02  0.0000E+00  0.8533E-02  0.8665E-02  0.0000E+00  0.0000E+00  0.1137E-01  0.1400E-01  0.2768E-02  0.2504E-02
  0.7621E-01  0.0000E+00  0.2125E-01  0.2326E-01  0.2636E-02  0.0000E+00  0.8830E-02  0.8039E-02  0.0000E+00  0.0000E+00  0.1245E-01  0.1301E-01  0.2504E-02  0.2208E-02
  0.7581E-01  0.0000E+00  0.0000E+00  0.0000E+00  0.2768E-02  0.0000E+00  0.0000E+00  0.0000E+00  0.0000E+00  0.0000E+00  0.0000E+00  0.0000E+00  0.0000E+00  0.0000E+00
  0.7644E-01  0.0000E+00  0.0000E+00  0.0000E+00  0.3097E-02  0.0000E+00  0.0000E+00  0.0000E+00  0.0000E+00  0.0000E+00  0.0000E+00  0.0000E+00  0.0000E+00  0.0000E+00
  0.7393E-01  0.0000E+00  0.0000E+00  0.0000E+00  0.3031E-02  0.0000E+00  0.0000E+00  0.0000E+00  0.0000E+00  0.0000E+00  0.0000E+00  0.0000E+00  0.0000E+00  0.0000E+00
  0.7522E-01  0.0000E+00  0.0000E+00  0.0000E+00  0.2438E-02  0.0000E+00  0.0000E+00  0.0000E+00  0.0000E+00  0.0000E+00  0.0000E+00  0.0000E+00  0.0000E+00  0.0000E+00
 Events:
        2242           0         697         728          79           0         274         265           0           0         398         393          67          78
        2260           0         717         718         111           0         254         267           0           0         386         381          88          77
        2291           0         688         690          86           0         259         263           0           0         345         425          84          76
        2313           0         645         706          80           0         268         244           0           0         378         395          76          67
        2301           0           0           0          84           0           0           0           0           0           0           0           0           0
        2320           0           0           0          94           0           0           0           0           0           0           0           0           0
        2244           0           0           0          92           0           0           0           0           0           0           0           0           0
        2283           0           0           0          74           0           0           0           0           0           0           0           0           0
 Accuracy:    0.013   0.010   0.019   0.519
 Found         5791  events.
 Wrote          289  events.
 Actual xsec   -1.7888722188982880E-008
 Correct abs xsec    6.8637462490955294E-008
 Event xsec    6.8637462490955109E-008
 Events wgts > 1:            4
 % Cross section > 1:    6.5923856860602234E-010  0.96046465688164862     
 Iteration  7   Mean: -.1804E-07 Abs mean: 0.6939E-07   Fluctuation:  0.978E-09   0.400E-04    81.5%
  7   -0.1804E-07 0.6939E-07 +- 0.9778E-09      5.04
 Exceeded boost           2          96   128000.000    
 Exceeded boost          11          94   128000.000    
 Exceeded boost          13          95   128000.000    
 Relative summed weights:
  0.7709E-01  0.0000E+00  0.1635E-01  0.1664E-01  0.2099E-02  0.0000E+00  0.9155E-02  0.1377E-01  0.0000E+00  0.0000E+00  0.1350E-01  0.2165E-01  0.1431E-02  0.1005E-02
  0.7437E-01  0.0000E+00  0.1453E-01  0.1707E-01  0.1233E-02  0.0000E+00  0.9472E-02  0.7272E-02  0.0000E+00  0.0000E+00  0.1210E-01  0.8995E-02  0.2047E-02  0.9990E-03
  0.8571E-01  0.0000E+00  0.1639E-01  0.1523E-01  0.1628E-02  0.0000E+00  0.6819E-02  0.9483E-02  0.0000E+00  0.0000E+00  0.1017E-01  0.9539E-02  0.2614E-02  0.9786E-03
  0.8000E-01  0.0000E+00  0.1510E-01  0.1408E-01  0.2275E-02  0.0000E+00  0.1067E-01  0.6377E-02  0.0000E+00  0.0000E+00  0.1030E-01  0.1114E-01  0.1303E-02  0.1430E-02
  0.8612E-01  0.0000E+00  0.0000E+00  0.0000E+00  0.1027E-02  0.0000E+00  0.0000E+00  0.0000E+00  0.0000E+00  0.0000E+00  0.0000E+00  0.0000E+00  0.0000E+00  0.0000E+00
  0.8910E-01  0.0000E+00  0.0000E+00  0.0000E+00  0.1865E-02  0.0000E+00  0.0000E+00  0.0000E+00  0.0000E+00  0.0000E+00  0.0000E+00  0.0000E+00  0.0000E+00  0.0000E+00
  0.9935E-01  0.0000E+00  0.0000E+00  0.0000E+00  0.1430E-02  0.0000E+00  0.0000E+00  0.0000E+00  0.0000E+00  0.0000E+00  0.0000E+00  0.0000E+00  0.0000E+00  0.0000E+00
  0.8767E-01  0.0000E+00  0.0000E+00  0.0000E+00  0.1427E-02  0.0000E+00  0.0000E+00  0.0000E+00  0.0000E+00  0.0000E+00  0.0000E+00  0.0000E+00  0.0000E+00  0.0000E+00
 Relative number of events:
  0.7767E-01  0.0000E+00  0.2271E-01  0.2300E-01  0.2470E-02  0.0000E+00  0.7858E-02  0.7510E-02  0.0000E+00  0.0000E+00  0.1275E-01  0.1177E-01  0.2205E-02  0.2487E-02
  0.7651E-01  0.0000E+00  0.2233E-01  0.2285E-01  0.2487E-02  0.0000E+00  0.8256E-02  0.8074E-02  0.0000E+00  0.0000E+00  0.1232E-01  0.1220E-01  0.2437E-02  0.1857E-02
  0.7926E-01  0.0000E+00  0.2319E-01  0.2328E-01  0.2288E-02  0.0000E+00  0.7925E-02  0.7693E-02  0.0000E+00  0.0000E+00  0.1238E-01  0.1243E-01  0.2222E-02  0.2172E-02
  0.7456E-01  0.0000E+00  0.2255E-01  0.2205E-01  0.2371E-02  0.0000E+00  0.7577E-02  0.7792E-02  0.0000E+00  0.0000E+00  0.1257E-01  0.1301E-01  0.2238E-02  0.2288E-02
  0.7764E-01  0.0000E+00  0.0000E+00  0.0000E+00  0.2205E-02  0.0000E+00  0.0000E+00  0.0000E+00  0.0000E+00  0.0000E+00  0.0000E+00  0.0000E+00  0.0000E+00  0.0000E+00
Thanks for using LHAPDF 6.2.1. Please make sure to cite the paper:
  Eur.Phys.J. C75 (2015) 3, 132  (http://arxiv.org/abs/1412.7420)
  0.7819E-01  0.0000E+00  0.0000E+00  0.0000E+00  0.2934E-02  0.0000E+00  0.0000E+00  0.0000E+00  0.0000E+00  0.0000E+00  0.0000E+00  0.0000E+00  0.0000E+00  0.0000E+00
  0.7779E-01  0.0000E+00  0.0000E+00  0.0000E+00  0.2354E-02  0.0000E+00  0.0000E+00  0.0000E+00  0.0000E+00  0.0000E+00  0.0000E+00  0.0000E+00  0.0000E+00  0.0000E+00
  0.7686E-01  0.0000E+00  0.0000E+00  0.0000E+00  0.2421E-02  0.0000E+00  0.0000E+00  0.0000E+00  0.0000E+00  0.0000E+00  0.0000E+00  0.0000E+00  0.0000E+00  0.0000E+00
 Events:
        4685           0        1370        1387         149           0         474         453           0           0         769         710         133         150
        4615           0        1347        1378         150           0         498         487           0           0         743         736         147         112
        4781           0        1399        1404         138           0         478         464           0           0         747         750         134         131
        4497           0        1360        1330         143           0         457         470           0           0         758         785         135         138
        4683           0           0           0         133           0           0           0           0           0           0           0           0           0
        4716           0           0           0         177           0           0           0           0           0           0           0           0           0
        4692           0           0           0         142           0           0           0           0           0           0           0           0           0
        4636           0           0           0         146           0           0           0           0           0           0           0           0           0
 Accuracy:    0.008   0.010   0.011   0.462
 Finished due to accuracy    7.6201928657438451E-003   1.0000000000000000E-002

 -------------------------------------------------------------------------------
 Accumulated results:   Integral =  0.6912E-07
                        Std dev  =  0.7753E-09
                       Cross sec = -0.1794E-07
             Chi**2 per DoF.     =      0.4616
 -------------------------------------------------------------------------------
 Found        11612  events.
 Wrote          590  events.
 Actual xsec   -1.7892935472374998E-008
 Correct abs xsec    6.9030136947490704E-008
 Event xsec    6.9030136947491406E-008
 Events wgts > 1:            9
 % Cross section > 1:    6.5960940962237687E-010  0.95553831817560586     
-------------------------------------------------
---------------------------
 Results Last   3 iters: Integral =  -0.1789E-07
                     Abs integral =   0.6903E-07
                          Std dev =   0.7857E-09
                  Chi**2 per DoF. =      0.5278
-------------------------------------------------
---------------------------
 Status   1.0000000000000000E-002           8           8

ls status:
events.lhe
ftn26
input_app.txt
results.dat
run1_app.log
