==== LHAPDF6 USING DEFAULT-TYPE LHAGLUE INTERFACE ====
LHAPDF 6.2.1 loading /cvmfs/cms.cern.ch/slc6_amd64_gcc630/external/lhapdf/6.2.1-ghjeda2/share/LHAPDF/NNPDF30_lo_as_0130_nf_4/NNPDF30_lo_as_0130_nf_4_0000.dat
NNPDF30_lo_as_0130_nf_4 PDF set, member #0, version 2; LHAPDF ID = 263400
 Process in group number            2
 A PDF is used, so alpha_s(MZ) is going to be modified
 Old value of alpha_s from param_card:   0.11810000000000001     
 New value of alpha_s from PDF lhapdf :  0.12470044313224841     
 using LHAPDF
 Define smin to   10000.000000000000     
 Define smin to   10000.000000000000     
 Define smin to   10000.000000000000     
 Define smin to   10000.000000000000     
 Define smin to   10000.000000000000     
 Define smin to   10000.000000000000     
 Define smin to   10000.000000000000     
 Define smin to   10000.000000000000     
 Define smin to   10000.000000000000     
 Define smin to   10000.000000000000     
 Define smin to   10000.000000000000     
 Define smin to   10000.000000000000     
 Define smin to   10000.000000000000     
 Define smin to   10000.000000000000     
 Define smin to   10000.000000000000     
 Define smin to   10000.000000000000     
 *****************************************************
 *               MadGraph/MadEvent                   *
 *        --------------------------------           *
 *          http://madgraph.hep.uiuc.edu             *
 *          http://madgraph.phys.ucl.ac.be           *
 *          http://madgraph.roma2.infn.it            *
 *        --------------------------------           *
 *                                                   *
 *          PARAMETER AND COUPLING VALUES            *
 *                                                   *
 *****************************************************

  External Params
  ---------------------------------
  
 mdl_MW0 =    80.387000000000000     
 mdl_Gf =    1.1663789999999999E-005
 aS =   0.11810000000000001     
 mdl_ymdo =    1.0000000000000000E-099
 mdl_ymb =    4.1799999999999997     
 mdl_ymt =    173.19999999999999     
 mdl_ymtau =    1.7769999999999999     
 mdl_LambdaSMEFT =    1000.0000000000000     
 mdl_cHW =    1.0000000000000000     
 mdl_MZ =    91.187600000000003     
 mdl_MTA =    1.7769999999999999     
 mdl_MT =    173.19999999999999     
 mdl_MB =    4.1799999999999997     
 mdl_MH =    125.09000000000000     
 mdl_WZ =    2.4952000000000001     
 mdl_WW =    2.0850000000000000     
 mdl_WT =    1.5083359999999999     
 mdl_WH =    4.0699999999999998E-003
  Internal Params
  ---------------------------------
  
 mdl_ymm =    1.0000000000000000E-099
 mdl_yme =    1.0000000000000000E-099
 mdl_ymc =    1.0000000000000000E-099
 mdl_yms =    1.0000000000000000E-099
 mdl_ymup =    1.0000000000000000E-099
 mdl_conjg__CKM3x3 =    1.0000000000000000     
 mdl_cH =    0.0000000000000000     
 mdl_cHB =    0.0000000000000000     
 mdl_CKM1x1 =    1.0000000000000000     
 mdl_conjg__CKM1x1 =    1.0000000000000000     
 mdl_dGf =    0.0000000000000000     
 mdl_CKM3x3 =    1.0000000000000000     
 mdl_dMH2 =    0.0000000000000000     
 mdl_conjg__CKM2x2 =    1.0000000000000000     
 mdl_dg1 =    0.0000000000000000     
 mdl_CKM2x2 =    1.0000000000000000     
 mdl_dgw =    0.0000000000000000     
 mdl_complexi =  (  0.0000000000000000     ,  1.0000000000000000     )
 mdl_MW =    80.387000000000000     
 mdl_nb__2__exp__0_25 =    1.1892071150027210     
 mdl_MH__exp__2 =    15647.508100000001     
 mdl_sqrt__2 =    1.4142135623730951     
 mdl_MW__exp__2 =    6462.0697689999997     
 mdl_MZ__exp__2 =    8315.1783937600012     
 mdl_sth2 =   0.22285855299877133     
 mdl_MH__exp__6 =    3831206449390.3818     
 mdl_MT__exp__6 =    26995248278778.535     
 mdl_MH__exp__4 =    244844509.73956564     
 mdl_MT__exp__4 =    899894403.09759963     
 mdl_MT__exp__2 =    29998.239999999994     
 mdl_LambdaSMEFT__exp__2 =    1000000.0000000000     
 mdl_cth =   0.88155626422890820     
 mdl_sqrt__sth2 =   0.47207896902824564     
 mdl_sth =   0.47207896902824564     
 mdl_MW0__exp__6 =    269845343347.69711     
 mdl_MW0__exp__4 =    41758345.699423708     
 mdl_MW0__exp__2 =    6462.0697689999997     
 mdl_MZ__exp__4 =    69142191.720053151     
 mdl_MZ__exp__6 =    574929658687.79749     
 mdl_cth__exp__2 =   0.77714144700122867     
 mdl_sth__exp__2 =   0.22285855299877130     
 mdl_sth__exp__3 =   0.10520683593878660     
 mdl_cth__exp__3 =   0.68509391079585125     
 mdl_sth__exp__4 =    4.9665934644706158E-002
 mdl_sqrt__Gf =    3.4152291284773265E-003
 mdl_vevhat =    246.21961912951551     
 mdl_lam =   0.12905352724481209     
 mdl_aEW =    7.5614618607353409E-003
 mdl_yb =    2.4008698866559607E-002
 mdl_yc =    5.7437078628133041E-102
 mdl_ydo =    5.7437078628133041E-102
 mdl_ye =    5.7437078628133041E-102
 mdl_ym =    5.7437078628133041E-102
 mdl_ys =    5.7437078628133041E-102
 mdl_yt =   0.99481020183926416     
 mdl_ytau =    1.0206568872219240E-002
 mdl_yup =    5.7437078628133041E-102
 mdl_vevhat__exp__2 =    60624.100844283676     
 mdl_barlam =   0.12905352724481209     
 mdl_vevT =    246.21961912951551     
 mdl_sqrt__aEW =    8.6956666568672819E-002
 mdl_ee =   0.30825335704310214     
 mdl_gwsh =   0.61338418662494298     
 mdl_vev =    246.21961912951551     
 mdl_g1 =   0.34966952144878632     
 mdl_gw =   0.65296989967087182     
 mdl_ee__exp__2 =    9.5020132128342205E-002
 mdl_gHaa =   -1.9303830602986922E-003
 mdl_gHza =   -6.8546472954154700E-003
 mdl_g1sh =   0.34966952144878632     
 mdl_I1d11 =  (  5.7437078628133041E-102,  0.0000000000000000     )
 mdl_I1d22 =  (  5.7437078628133041E-102,  0.0000000000000000     )
 mdl_I1d33 =  (  2.4008698866559607E-002,  0.0000000000000000     )
 mdl_I2d11 =  (  5.7437078628133041E-102,  0.0000000000000000     )
 mdl_I2d22 =  (  5.7437078628133041E-102,  0.0000000000000000     )
 mdl_I2d33 =  ( 0.99481020183926416     ,  0.0000000000000000     )
 mdl_I3d11 =  (  5.7437078628133041E-102,  0.0000000000000000     )
 mdl_I3d22 =  (  5.7437078628133041E-102,  0.0000000000000000     )
 mdl_I3d33 =  (  2.4008698866559607E-002,  0.0000000000000000     )
 mdl_I4d11 =  (  5.7437078628133041E-102,  0.0000000000000000     )
 mdl_I4d22 =  (  5.7437078628133041E-102,  0.0000000000000000     )
 mdl_I4d33 =  ( 0.99481020183926416     ,  0.0000000000000000     )
 mdl_I5d11 =  (  5.7437078628133041E-102,  0.0000000000000000     )
 mdl_I5d22 =  (  5.7437078628133041E-102,  0.0000000000000000     )
 mdl_I5d33 =  (  2.4008698866559607E-002,  0.0000000000000000     )
 mdl_I6d11 =  (  5.7437078628133041E-102,  0.0000000000000000     )
 mdl_I6d22 =  (  5.7437078628133041E-102,  0.0000000000000000     )
 mdl_I6d33 =  ( 0.99481020183926416     ,  0.0000000000000000     )
 mdl_ee__exp__3 =    2.9290274715240611E-002
 mdl_vevhat__exp__3 =    14926843.019948866     
  Internal Params evaluated point by point
  ----------------------------------------
  
 mdl_sqrt__aS =   0.34365680554879169     
 mdl_G__exp__2 =    1.4840883695558185     
 mdl_gHgg =    3.2334372328970845E-003
 mdl_G__exp__3 =  (  1.8079634332366095     ,  0.0000000000000000     )
  Couplings of SMEFTsim_A_U35_MwScheme_UFO_v3_1-cHW_massless
  ---------------------------------
  
         GC_1 =   0.00000E+00   0.10275E+00
         GC_2 =  -0.00000E+00  -0.20550E+00
         GC_3 =  -0.00000E+00  -0.30825E+00
       GC_255 =  -0.00000E+00  -0.42637E+00
       GC_278 =  -0.00000E+00  -0.37035E+00
       GC_280 =  -0.00000E+00  -0.57563E+00
       GC_328 =  -0.00000E+00  -0.55024E-01
       GC_329 =   0.00000E+00   0.11005E+00
       GC_330 =  -0.00000E+00  -0.16507E+00
       GC_387 =   0.00000E+00   0.98488E-03
       GC_400 =   0.00000E+00   0.52490E+02
       GC_809 =  -0.00000E+00  -0.72171E-02
      GC_1073 =  -0.00000E+00  -0.46172E+00

 Collider parameters:
 --------------------

 Running at P P   machine @    13000.000000000000       GeV
 PDF set = lhapdf 
 alpha_s(Mz)= 0.1247 running at 1 loops.
 alpha_s(Mz)= 0.1247 running at 1 loops.
 Renormalization scale set on event-by-event basis
 Factorization   scale set on event-by-event basis


 getting user params
Enter number of events and max and min iterations: 
 Number of events and iterations         2000           8           3
Enter desired fractional accuracy: 
 Desired fractional accuracy:    1.0000000000000000E-002
Enter 0 for fixed, 2 for adjustable grid: 
Suppress amplitude (0 no, 1 yes)? 
 Using suppressed amplitude.
Exact helicity sum (0 yes, n = number/event)? 
 Explicitly summing over helicities
Enter Configuration Number: 
Running Configuration Number:  447
 Using dconfig=          25
 BW Setting            1           2           2           0           0           0
 Attempting mappinvarients           1           8
 Completed mapping           8
 about to integrate           16        2000           8           3          16           1
 Using non-zero grid deformation.
 16 dimensions   2000 events 16 invarients  8 iterations  1 config(s),  (0.99)
 Using h-tuple random number sequence.
 Error opening grid
 Using Uniform Grid!          32
 Using uniform alpha   1.0000000000000000     
 Grid defined OK
 Set CM energy to      13000.00
 Mapping Graph         447  to config         447
 Setting BW          -1           1   80.387000000000000     
Setting grid   2    0.28963E-04   1
Setting grid   3    0.59172E-08   1
Setting grid   4    0.59172E-08   1
Setting grid   5    0.28963E-04   1
 Transforming s_hat 1/s           15   5.9171597633136108E-005   10000.000000000000        168999999.99999997     
 447   1   2   3   4   5   6   7   8   9  10  11  12  13  14
  15  16
 Masses: 0.000E+00 0.000E+00 0.000E+00 0.000E+00 0.000E+00 0.000E+00 0.000E+00 0.000E+00
Using random seed offsets   447 :      4
  with seed                   24
 Ranmar initialization seeds         177        9401
 
 ********************************************
 * You are using the DiscreteSampler module *
 *      part of the MG5_aMC framework       *
 *         Author: Valentin Hirschi         *
 ********************************************
 
  Particle       3       4       5       6       7       8
      Et >     0.0     0.0     0.0     0.0    10.0    10.0
       E >     0.0     0.0     0.0     0.0     0.0     0.0
     Eta <    -1.0    -1.0    -1.0    -1.0     6.5     6.5
   xqcut:      0.0     0.0     0.0     0.0     0.0     0.0
d R # 3  >    -0.0     0.4     0.0     0.0     0.4     0.4
d R # 4  >    -0.0    -0.0     0.0     0.0     0.4     0.4
d R # 5  >    -0.0    -0.0    -0.0     0.0     0.0     0.0
d R # 6  >    -0.0    -0.0    -0.0    -0.0     0.0     0.0
d R # 7  >    -0.0    -0.0    -0.0    -0.0    -0.0     0.4
s min # 3>     0.0     0.0     0.0     0.0     0.0     0.0
s min # 4>     0.0     0.0     0.0     0.0     0.0     0.0
s min # 5>     0.0     0.0     0.0     0.0     0.0     0.0
s min # 6>     0.0     0.0     0.0     0.0     0.0     0.0
s min # 7>     0.0     0.0     0.0     0.0     0.0 10000.0
xqcutij # 3>     0.0     0.0     0.0     0.0     0.0     0.0
xqcutij # 4>     0.0     0.0     0.0     0.0     0.0     0.0
xqcutij # 5>     0.0     0.0     0.0     0.0     0.0     0.0
xqcutij # 6>     0.0     0.0     0.0     0.0     0.0     0.0
xqcutij # 7>     0.0     0.0     0.0     0.0     0.0     0.0
 Requiring BW           -1           1
 Excluding BW           -3           2
 Excluding BW           -5           3
 alpha_s for scale    59.473131554012234       is   0.13418505095808675     
 Added good helicity          193   256.00000000000000       in event            1 local:           1
 Added good helicity          193   256.00000000000000       in event            1 local:           1
 RESET CUMULATIVE VARIABLE
 RESET CUMULATIVE VARIABLE
 RESET CUMULATIVE VARIABLE
 Iteration  1   Mean: 0.1927E-09 Abs mean: 0.2784E-09   Fluctuation:  0.136E-09   0.244E-06     3.6%
  1    0.1927E-09 0.2784E-09 +- 0.1356E-09     21.79
 Writing out events   4.8371452453539274E-013   21.791718856087826     
 Relative summed weights:
  0.0000E+00  0.0000E+00  0.3334E-02  0.1250E+00  0.0000E+00  0.0000E+00  0.0000E+00  0.0000E+00  0.0000E+00  0.0000E+00  0.1153E-03  0.4045E-03  0.3976E-02  0.5403E-01  0.0000E+00  0.0000E+00  0.0000E+00  0.0000E+00  0.0000E+00  0.0000E+00  0.0000E+00  0.0000E+00  0.1061E-01  0.2677E-03  0.0000E+00  0.0000E+00  0.0000E+00  0.0000E+00  0.9600E-05  0.9762E-04  0.0000E+00  0.0000E+00
  0.0000E+00  0.0000E+00  0.1460E-02  0.1072E-01  0.0000E+00  0.0000E+00  0.0000E+00  0.0000E+00  0.0000E+00  0.0000E+00  0.4684E-03  0.9510E-03  0.8197E-02  0.9139E-02  0.0000E+00  0.0000E+00  0.0000E+00  0.0000E+00  0.0000E+00  0.0000E+00  0.0000E+00  0.0000E+00  0.2512E-02  0.2128E+00  0.0000E+00  0.0000E+00  0.0000E+00  0.0000E+00  0.1128E-05  0.1326E-06  0.0000E+00  0.0000E+00
  0.0000E+00  0.0000E+00  0.5614E-02  0.5229E+00  0.0000E+00  0.0000E+00  0.0000E+00  0.0000E+00  0.0000E+00  0.0000E+00  0.3112E-02  0.3707E-04  0.0000E+00  0.0000E+00  0.0000E+00  0.0000E+00  0.0000E+00  0.0000E+00  0.0000E+00  0.0000E+00  0.0000E+00  0.0000E+00  0.0000E+00  0.0000E+00  0.0000E+00  0.0000E+00  0.0000E+00  0.0000E+00  0.0000E+00  0.0000E+00  0.0000E+00  0.0000E+00
  0.0000E+00  0.0000E+00  0.8468E-02  0.1074E-02  0.0000E+00  0.0000E+00  0.0000E+00  0.0000E+00  0.0000E+00  0.0000E+00  0.1055E-02  0.1362E-01  0.0000E+00  0.0000E+00  0.0000E+00  0.0000E+00  0.0000E+00  0.0000E+00  0.0000E+00  0.0000E+00  0.0000E+00  0.0000E+00  0.0000E+00  0.0000E+00  0.0000E+00  0.0000E+00  0.0000E+00  0.0000E+00  0.0000E+00  0.0000E+00  0.0000E+00  0.0000E+00
 Relative number of events:
  0.0000E+00  0.0000E+00  0.4323E-01  0.3263E-01  0.0000E+00  0.0000E+00  0.0000E+00  0.0000E+00  0.0000E+00  0.0000E+00  0.2365E-01  0.2855E-01  0.6770E-01  0.7259E-01  0.0000E+00  0.0000E+00  0.0000E+00  0.0000E+00  0.0000E+00  0.0000E+00  0.0000E+00  0.0000E+00  0.3752E-01  0.3344E-01  0.0000E+00  0.0000E+00  0.0000E+00  0.0000E+00  0.6525E-02  0.5710E-02  0.0000E+00  0.0000E+00
  0.0000E+00  0.0000E+00  0.4405E-01  0.4323E-01  0.0000E+00  0.0000E+00  0.0000E+00  0.0000E+00  0.0000E+00  0.0000E+00  0.2202E-01  0.3589E-01  0.6852E-01  0.7259E-01  0.0000E+00  0.0000E+00  0.0000E+00  0.0000E+00  0.0000E+00  0.0000E+00  0.0000E+00  0.0000E+00  0.2692E-01  0.3915E-01  0.0000E+00  0.0000E+00  0.0000E+00  0.0000E+00  0.3263E-02  0.3263E-02  0.0000E+00  0.0000E+00
  0.0000E+00  0.0000E+00  0.4486E-01  0.4812E-01  0.0000E+00  0.0000E+00  0.0000E+00  0.0000E+00  0.0000E+00  0.0000E+00  0.3181E-01  0.2773E-01  0.0000E+00  0.0000E+00  0.0000E+00  0.0000E+00  0.0000E+00  0.0000E+00  0.0000E+00  0.0000E+00  0.0000E+00  0.0000E+00  0.0000E+00  0.0000E+00  0.0000E+00  0.0000E+00  0.0000E+00  0.0000E+00  0.0000E+00  0.0000E+00  0.0000E+00  0.0000E+00
  0.0000E+00  0.0000E+00  0.4405E-01  0.3834E-01  0.0000E+00  0.0000E+00  0.0000E+00  0.0000E+00  0.0000E+00  0.0000E+00  0.2936E-01  0.2529E-01  0.0000E+00  0.0000E+00  0.0000E+00  0.0000E+00  0.0000E+00  0.0000E+00  0.0000E+00  0.0000E+00  0.0000E+00  0.0000E+00  0.0000E+00  0.0000E+00  0.0000E+00  0.0000E+00  0.0000E+00  0.0000E+00  0.0000E+00  0.0000E+00  0.0000E+00  0.0000E+00
 Events:
           0           0          53          40           0           0           0           0           0           0          29          35          83          89           0           0           0           0           0           0           0           0          46          41           0           0           0           0           8           7           0           0
           0           0          54          53           0           0           0           0           0           0          27          44          84          89           0           0           0           0           0           0           0           0          33          48           0           0           0           0           4           4           0           0
           0           0          55          59           0           0           0           0           0           0          39          34           0           0           0           0           0           0           0           0           0           0           0           0           0           0           0           0           0           0           0           0
           0           0          54          47           0           0           0           0           0           0          36          31           0           0           0           0           0           0           0           0           0           0           0           0           0           0           0           0           0           0           0           0
 Iteration  2   Mean: 0.2144E-10 Abs mean: 0.1249E-09   Fluctuation:  0.260E-10   0.753E-07    25.6%
  2    0.2144E-10 0.1249E-09 +- 0.2599E-10     13.16
 Relative summed weights:
  0.0000E+00  0.0000E+00  0.4501E-01  0.5205E-01  0.0000E+00  0.0000E+00  0.0000E+00  0.0000E+00  0.0000E+00  0.0000E+00  0.8609E-02  0.4520E-02  0.5876E-01  0.1403E+00  0.0000E+00  0.0000E+00  0.0000E+00  0.0000E+00  0.0000E+00  0.0000E+00  0.0000E+00  0.0000E+00  0.4945E-01  0.5188E-02  0.0000E+00  0.0000E+00  0.0000E+00  0.0000E+00  0.1319E-01  0.1887E-02  0.0000E+00  0.0000E+00
  0.0000E+00  0.0000E+00  0.1697E-01  0.1713E-01  0.0000E+00  0.0000E+00  0.0000E+00  0.0000E+00  0.0000E+00  0.0000E+00  0.6894E-02  0.3609E-02  0.1991E+00  0.9392E-01  0.0000E+00  0.0000E+00  0.0000E+00  0.0000E+00  0.0000E+00  0.0000E+00  0.0000E+00  0.0000E+00  0.2852E-02  0.2250E-02  0.0000E+00  0.0000E+00  0.0000E+00  0.0000E+00  0.6661E-03  0.7916E-04  0.0000E+00  0.0000E+00
  0.0000E+00  0.0000E+00  0.1410E-01  0.6460E-01  0.0000E+00  0.0000E+00  0.0000E+00  0.0000E+00  0.0000E+00  0.0000E+00  0.7181E-02  0.5377E-01  0.0000E+00  0.0000E+00  0.0000E+00  0.0000E+00  0.0000E+00  0.0000E+00  0.0000E+00  0.0000E+00  0.0000E+00  0.0000E+00  0.0000E+00  0.0000E+00  0.0000E+00  0.0000E+00  0.0000E+00  0.0000E+00  0.0000E+00  0.0000E+00  0.0000E+00  0.0000E+00
  0.0000E+00  0.0000E+00  0.1018E+00  0.2022E-01  0.0000E+00  0.0000E+00  0.0000E+00  0.0000E+00  0.0000E+00  0.0000E+00  0.1648E-02  0.1433E-01  0.0000E+00  0.0000E+00  0.0000E+00  0.0000E+00  0.0000E+00  0.0000E+00  0.0000E+00  0.0000E+00  0.0000E+00  0.0000E+00  0.0000E+00  0.0000E+00  0.0000E+00  0.0000E+00  0.0000E+00  0.0000E+00  0.0000E+00  0.0000E+00  0.0000E+00  0.0000E+00
 Relative number of events:
  0.0000E+00  0.0000E+00  0.4267E-01  0.4143E-01  0.0000E+00  0.0000E+00  0.0000E+00  0.0000E+00  0.0000E+00  0.0000E+00  0.2527E-01  0.2568E-01  0.8119E-01  0.7954E-01  0.0000E+00  0.0000E+00  0.0000E+00  0.0000E+00  0.0000E+00  0.0000E+00  0.0000E+00  0.0000E+00  0.4018E-01  0.3645E-01  0.0000E+00  0.0000E+00  0.0000E+00  0.0000E+00  0.2900E-02  0.2486E-02  0.0000E+00  0.0000E+00
  0.0000E+00  0.0000E+00  0.4391E-01  0.4805E-01  0.0000E+00  0.0000E+00  0.0000E+00  0.0000E+00  0.0000E+00  0.0000E+00  0.2858E-01  0.2278E-01  0.5800E-01  0.6877E-01  0.0000E+00  0.0000E+00  0.0000E+00  0.0000E+00  0.0000E+00  0.0000E+00  0.0000E+00  0.0000E+00  0.3521E-01  0.3314E-01  0.0000E+00  0.0000E+00  0.0000E+00  0.0000E+00  0.4557E-02  0.2900E-02  0.0000E+00  0.0000E+00
  0.0000E+00  0.0000E+00  0.4391E-01  0.4391E-01  0.0000E+00  0.0000E+00  0.0000E+00  0.0000E+00  0.0000E+00  0.0000E+00  0.2651E-01  0.2361E-01  0.0000E+00  0.0000E+00  0.0000E+00  0.0000E+00  0.0000E+00  0.0000E+00  0.0000E+00  0.0000E+00  0.0000E+00  0.0000E+00  0.0000E+00  0.0000E+00  0.0000E+00  0.0000E+00  0.0000E+00  0.0000E+00  0.0000E+00  0.0000E+00  0.0000E+00  0.0000E+00
  0.0000E+00  0.0000E+00  0.4681E-01  0.4101E-01  0.0000E+00  0.0000E+00  0.0000E+00  0.0000E+00  0.0000E+00  0.0000E+00  0.2361E-01  0.2693E-01  0.0000E+00  0.0000E+00  0.0000E+00  0.0000E+00  0.0000E+00  0.0000E+00  0.0000E+00  0.0000E+00  0.0000E+00  0.0000E+00  0.0000E+00  0.0000E+00  0.0000E+00  0.0000E+00  0.0000E+00  0.0000E+00  0.0000E+00  0.0000E+00  0.0000E+00  0.0000E+00
 Events:
           0           0         103         100           0           0           0           0           0           0          61          62         196         192           0           0           0           0           0           0           0           0          97          88           0           0           0           0           7           6           0           0
           0           0         106         116           0           0           0           0           0           0          69          55         140         166           0           0           0           0           0           0           0           0          85          80           0           0           0           0          11           7           0           0
           0           0         106         106           0           0           0           0           0           0          64          57           0           0           0           0           0           0           0           0           0           0           0           0           0           0           0           0           0           0           0           0
           0           0         113          99           0           0           0           0           0           0          57          65           0           0           0           0           0           0           0           0           0           0           0           0           0           0           0           0           0           0           0           0
 Iteration  3   Mean: 0.1676E-09 Abs mean: 0.2271E-09   Fluctuation:  0.104E-09   0.825E-06    33.7%
  3    0.1676E-09 0.2271E-09 +- 0.1036E-09     40.78
 Relative summed weights:
  0.0000E+00  0.0000E+00  0.1766E-01  0.4739E-01  0.0000E+00  0.0000E+00  0.0000E+00  0.0000E+00  0.0000E+00  0.0000E+00  0.2657E-02  0.7327E-02  0.2520E-01  0.7964E-01  0.0000E+00  0.0000E+00  0.0000E+00  0.0000E+00  0.0000E+00  0.0000E+00  0.0000E+00  0.0000E+00  0.1988E-01  0.1586E-01  0.0000E+00  0.0000E+00  0.0000E+00  0.0000E+00  0.1859E-03  0.1158E-02  0.0000E+00  0.0000E+00
  0.0000E+00  0.0000E+00  0.2230E-01  0.5385E+00  0.0000E+00  0.0000E+00  0.0000E+00  0.0000E+00  0.0000E+00  0.0000E+00  0.8010E-02  0.2653E-02  0.4656E-01  0.3121E-01  0.0000E+00  0.0000E+00  0.0000E+00  0.0000E+00  0.0000E+00  0.0000E+00  0.0000E+00  0.0000E+00  0.5395E-02  0.6034E-02  0.0000E+00  0.0000E+00  0.0000E+00  0.0000E+00  0.6362E-03  0.6599E-03  0.0000E+00  0.0000E+00
  0.0000E+00  0.0000E+00  0.3008E-01  0.3039E-01  0.0000E+00  0.0000E+00  0.0000E+00  0.0000E+00  0.0000E+00  0.0000E+00  0.2962E-02  0.1618E-01  0.0000E+00  0.0000E+00  0.0000E+00  0.0000E+00  0.0000E+00  0.0000E+00  0.0000E+00  0.0000E+00  0.0000E+00  0.0000E+00  0.0000E+00  0.0000E+00  0.0000E+00  0.0000E+00  0.0000E+00  0.0000E+00  0.0000E+00  0.0000E+00  0.0000E+00  0.0000E+00
  0.0000E+00  0.0000E+00  0.1510E-01  0.1887E-01  0.0000E+00  0.0000E+00  0.0000E+00  0.0000E+00  0.0000E+00  0.0000E+00  0.5205E-02  0.2267E-02  0.0000E+00  0.0000E+00  0.0000E+00  0.0000E+00  0.0000E+00  0.0000E+00  0.0000E+00  0.0000E+00  0.0000E+00  0.0000E+00  0.0000E+00  0.0000E+00  0.0000E+00  0.0000E+00  0.0000E+00  0.0000E+00  0.0000E+00  0.0000E+00  0.0000E+00  0.0000E+00
 Relative number of events:
  0.0000E+00  0.0000E+00  0.3858E-01  0.4096E-01  0.0000E+00  0.0000E+00  0.0000E+00  0.0000E+00  0.0000E+00  0.0000E+00  0.3067E-01  0.2671E-01  0.7420E-01  0.7459E-01  0.0000E+00  0.0000E+00  0.0000E+00  0.0000E+00  0.0000E+00  0.0000E+00  0.0000E+00  0.0000E+00  0.3997E-01  0.3463E-01  0.0000E+00  0.0000E+00  0.0000E+00  0.0000E+00  0.2374E-02  0.2176E-02  0.0000E+00  0.0000E+00
  0.0000E+00  0.0000E+00  0.4195E-01  0.3997E-01  0.0000E+00  0.0000E+00  0.0000E+00  0.0000E+00  0.0000E+00  0.0000E+00  0.2236E-01  0.2374E-01  0.7756E-01  0.7578E-01  0.0000E+00  0.0000E+00  0.0000E+00  0.0000E+00  0.0000E+00  0.0000E+00  0.0000E+00  0.0000E+00  0.3285E-01  0.3720E-01  0.0000E+00  0.0000E+00  0.0000E+00  0.0000E+00  0.1583E-02  0.3562E-02  0.0000E+00  0.0000E+00
  0.0000E+00  0.0000E+00  0.4234E-01  0.4551E-01  0.0000E+00  0.0000E+00  0.0000E+00  0.0000E+00  0.0000E+00  0.0000E+00  0.2434E-01  0.2671E-01  0.0000E+00  0.0000E+00  0.0000E+00  0.0000E+00  0.0000E+00  0.0000E+00  0.0000E+00  0.0000E+00  0.0000E+00  0.0000E+00  0.0000E+00  0.0000E+00  0.0000E+00  0.0000E+00  0.0000E+00  0.0000E+00  0.0000E+00  0.0000E+00  0.0000E+00  0.0000E+00
  0.0000E+00  0.0000E+00  0.4214E-01  0.4214E-01  0.0000E+00  0.0000E+00  0.0000E+00  0.0000E+00  0.0000E+00  0.0000E+00  0.2869E-01  0.2671E-01  0.0000E+00  0.0000E+00  0.0000E+00  0.0000E+00  0.0000E+00  0.0000E+00  0.0000E+00  0.0000E+00  0.0000E+00  0.0000E+00  0.0000E+00  0.0000E+00  0.0000E+00  0.0000E+00  0.0000E+00  0.0000E+00  0.0000E+00  0.0000E+00  0.0000E+00  0.0000E+00
 Events:
           0           0         195         207           0           0           0           0           0           0         155         135         375         377           0           0           0           0           0           0           0           0         202         175           0           0           0           0          12          11           0           0
           0           0         212         202           0           0           0           0           0           0         113         120         392         383           0           0           0           0           0           0           0           0         166         188           0           0           0           0           8          18           0           0
           0           0         214         230           0           0           0           0           0           0         123         135           0           0           0           0           0           0           0           0           0           0           0           0           0           0           0           0           0           0           0           0
           0           0         213         213           0           0           0           0           0           0         145         135           0           0           0           0           0           0           0           0           0           0           0           0           0           0           0           0           0           0           0           0
 Accuracy:    0.257   0.010   0.176   2.123
 Found          794  events.
 Wrote            3  events.
 Actual xsec    6.5787146142987649E-011
 Correct abs xsec    1.6033145065570672E-010
 Event xsec    1.6033145065570669E-010
 Events wgts > 1:            1
 % Cross section > 1:    1.5616602247682313E-018   9.7401989340302078E-007
 Iteration  4   Mean: 0.9440E-10 Abs mean: 0.1560E-09   Fluctuation:  0.146E-10   0.133E-06    40.2%
  4    0.9440E-10 0.1560E-09 +- 0.1456E-10     11.81
 Relative summed weights:
  0.0000E+00  0.0000E+00  0.3953E-01  0.4125E-01  0.0000E+00  0.0000E+00  0.0000E+00  0.0000E+00  0.0000E+00  0.0000E+00  0.4525E-02  0.1364E-01  0.1984E+00  0.8686E-01  0.0000E+00  0.0000E+00  0.0000E+00  0.0000E+00  0.0000E+00  0.0000E+00  0.0000E+00  0.0000E+00  0.1329E-01  0.2015E-01  0.0000E+00  0.0000E+00  0.0000E+00  0.0000E+00  0.5438E-03  0.1107E-02  0.0000E+00  0.0000E+00
  0.0000E+00  0.0000E+00  0.7830E-01  0.3211E-01  0.0000E+00  0.0000E+00  0.0000E+00  0.0000E+00  0.0000E+00  0.0000E+00  0.7317E-02  0.1214E-01  0.8711E-01  0.6431E-01  0.0000E+00  0.0000E+00  0.0000E+00  0.0000E+00  0.0000E+00  0.0000E+00  0.0000E+00  0.0000E+00  0.1713E-01  0.1518E-01  0.0000E+00  0.0000E+00  0.0000E+00  0.0000E+00  0.1011E-02  0.1287E-02  0.0000E+00  0.0000E+00
  0.0000E+00  0.0000E+00  0.3019E-01  0.3765E-01  0.0000E+00  0.0000E+00  0.0000E+00  0.0000E+00  0.0000E+00  0.0000E+00  0.1058E-01  0.1468E-01  0.0000E+00  0.0000E+00  0.0000E+00  0.0000E+00  0.0000E+00  0.0000E+00  0.0000E+00  0.0000E+00  0.0000E+00  0.0000E+00  0.0000E+00  0.0000E+00  0.0000E+00  0.0000E+00  0.0000E+00  0.0000E+00  0.0000E+00  0.0000E+00  0.0000E+00  0.0000E+00
  0.0000E+00  0.0000E+00  0.3695E-01  0.1131E+00  0.0000E+00  0.0000E+00  0.0000E+00  0.0000E+00  0.0000E+00  0.0000E+00  0.7108E-02  0.1456E-01  0.0000E+00  0.0000E+00  0.0000E+00  0.0000E+00  0.0000E+00  0.0000E+00  0.0000E+00  0.0000E+00  0.0000E+00  0.0000E+00  0.0000E+00  0.0000E+00  0.0000E+00  0.0000E+00  0.0000E+00  0.0000E+00  0.0000E+00  0.0000E+00  0.0000E+00  0.0000E+00
 Relative number of events:
  0.0000E+00  0.0000E+00  0.4295E-01  0.4385E-01  0.0000E+00  0.0000E+00  0.0000E+00  0.0000E+00  0.0000E+00  0.0000E+00  0.2292E-01  0.2292E-01  0.7175E-01  0.7952E-01  0.0000E+00  0.0000E+00  0.0000E+00  0.0000E+00  0.0000E+00  0.0000E+00  0.0000E+00  0.0000E+00  0.3657E-01  0.3667E-01  0.0000E+00  0.0000E+00  0.0000E+00  0.0000E+00  0.2192E-02  0.2990E-02  0.0000E+00  0.0000E+00
  0.0000E+00  0.0000E+00  0.4793E-01  0.4624E-01  0.0000E+00  0.0000E+00  0.0000E+00  0.0000E+00  0.0000E+00  0.0000E+00  0.2531E-01  0.2501E-01  0.7045E-01  0.7564E-01  0.0000E+00  0.0000E+00  0.0000E+00  0.0000E+00  0.0000E+00  0.0000E+00  0.0000E+00  0.0000E+00  0.3239E-01  0.3348E-01  0.0000E+00  0.0000E+00  0.0000E+00  0.0000E+00  0.1794E-02  0.3189E-02  0.0000E+00  0.0000E+00
  0.0000E+00  0.0000E+00  0.4185E-01  0.4116E-01  0.0000E+00  0.0000E+00  0.0000E+00  0.0000E+00  0.0000E+00  0.0000E+00  0.2551E-01  0.2661E-01  0.0000E+00  0.0000E+00  0.0000E+00  0.0000E+00  0.0000E+00  0.0000E+00  0.0000E+00  0.0000E+00  0.0000E+00  0.0000E+00  0.0000E+00  0.0000E+00  0.0000E+00  0.0000E+00  0.0000E+00  0.0000E+00  0.0000E+00  0.0000E+00  0.0000E+00  0.0000E+00
  0.0000E+00  0.0000E+00  0.4574E-01  0.4415E-01  0.0000E+00  0.0000E+00  0.0000E+00  0.0000E+00  0.0000E+00  0.0000E+00  0.2611E-01  0.2511E-01  0.0000E+00  0.0000E+00  0.0000E+00  0.0000E+00  0.0000E+00  0.0000E+00  0.0000E+00  0.0000E+00  0.0000E+00  0.0000E+00  0.0000E+00  0.0000E+00  0.0000E+00  0.0000E+00  0.0000E+00  0.0000E+00  0.0000E+00  0.0000E+00  0.0000E+00  0.0000E+00
 Events:
           0           0         431         440           0           0           0           0           0           0         230         230         720         798           0           0           0           0           0           0           0           0         367         368           0           0           0           0          22          30           0           0
           0           0         481         464           0           0           0           0           0           0         254         251         707         759           0           0           0           0           0           0           0           0         325         336           0           0           0           0          18          32           0           0
           0           0         420         413           0           0           0           0           0           0         256         267           0           0           0           0           0           0           0           0           0           0           0           0           0           0           0           0           0           0           0           0
           0           0         459         443           0           0           0           0           0           0         262         252           0           0           0           0           0           0           0           0           0           0           0           0           0           0           0           0           0           0           0           0
 Accuracy:    0.100   0.010   0.083   1.484
 Found         1179  events.
 Wrote           16  events.
 Actual xsec    8.5059326427281528E-011
 Correct abs xsec    1.5335429443076328E-010
 Event xsec    1.5335429443076320E-010
 Events wgts > 1:            1
 % Cross section > 1:    1.9653426505248773E-018   1.2815700126429751E-006
 Iteration  5   Mean: 0.8432E-10 Abs mean: 0.1499E-09   Fluctuation:  0.628E-11   0.128E-06    41.1%
  5    0.8432E-10 0.1499E-09 +- 0.6282E-11      7.50
 Relative summed weights:
  0.0000E+00  0.0000E+00  0.4002E-01  0.4744E-01  0.0000E+00  0.0000E+00  0.0000E+00  0.0000E+00  0.0000E+00  0.0000E+00  0.1239E-01  0.9211E-02  0.9013E-01  0.1125E+00  0.0000E+00  0.0000E+00  0.0000E+00  0.0000E+00  0.0000E+00  0.0000E+00  0.0000E+00  0.0000E+00  0.2029E-01  0.2326E-01  0.0000E+00  0.0000E+00  0.0000E+00  0.0000E+00  0.1387E-02  0.1059E-02  0.0000E+00  0.0000E+00
  0.0000E+00  0.0000E+00  0.7401E-01  0.4195E-01  0.0000E+00  0.0000E+00  0.0000E+00  0.0000E+00  0.0000E+00  0.0000E+00  0.1170E-01  0.9592E-02  0.1033E+00  0.9234E-01  0.0000E+00  0.0000E+00  0.0000E+00  0.0000E+00  0.0000E+00  0.0000E+00  0.0000E+00  0.0000E+00  0.2108E-01  0.2399E-01  0.0000E+00  0.0000E+00  0.0000E+00  0.0000E+00  0.6759E-02  0.1294E-02  0.0000E+00  0.0000E+00
  0.0000E+00  0.0000E+00  0.4708E-01  0.4250E-01  0.0000E+00  0.0000E+00  0.0000E+00  0.0000E+00  0.0000E+00  0.0000E+00  0.8679E-02  0.1074E-01  0.0000E+00  0.0000E+00  0.0000E+00  0.0000E+00  0.0000E+00  0.0000E+00  0.0000E+00  0.0000E+00  0.0000E+00  0.0000E+00  0.0000E+00  0.0000E+00  0.0000E+00  0.0000E+00  0.0000E+00  0.0000E+00  0.0000E+00  0.0000E+00  0.0000E+00  0.0000E+00
  0.0000E+00  0.0000E+00  0.4665E-01  0.7754E-01  0.0000E+00  0.0000E+00  0.0000E+00  0.0000E+00  0.0000E+00  0.0000E+00  0.1069E-01  0.1242E-01  0.0000E+00  0.0000E+00  0.0000E+00  0.0000E+00  0.0000E+00  0.0000E+00  0.0000E+00  0.0000E+00  0.0000E+00  0.0000E+00  0.0000E+00  0.0000E+00  0.0000E+00  0.0000E+00  0.0000E+00  0.0000E+00  0.0000E+00  0.0000E+00  0.0000E+00  0.0000E+00
 Relative number of events:
  0.0000E+00  0.0000E+00  0.4339E-01  0.4458E-01  0.0000E+00  0.0000E+00  0.0000E+00  0.0000E+00  0.0000E+00  0.0000E+00  0.2444E-01  0.2429E-01  0.7386E-01  0.8005E-01  0.0000E+00  0.0000E+00  0.0000E+00  0.0000E+00  0.0000E+00  0.0000E+00  0.0000E+00  0.0000E+00  0.3240E-01  0.3221E-01  0.0000E+00  0.0000E+00  0.0000E+00  0.0000E+00  0.3612E-02  0.3315E-02  0.0000E+00  0.0000E+00
  0.0000E+00  0.0000E+00  0.4260E-01  0.4680E-01  0.0000E+00  0.0000E+00  0.0000E+00  0.0000E+00  0.0000E+00  0.0000E+00  0.2484E-01  0.2434E-01  0.7757E-01  0.7574E-01  0.0000E+00  0.0000E+00  0.0000E+00  0.0000E+00  0.0000E+00  0.0000E+00  0.0000E+00  0.0000E+00  0.3428E-01  0.3587E-01  0.0000E+00  0.0000E+00  0.0000E+00  0.0000E+00  0.2919E-02  0.2968E-02  0.0000E+00  0.0000E+00
  0.0000E+00  0.0000E+00  0.4418E-01  0.4482E-01  0.0000E+00  0.0000E+00  0.0000E+00  0.0000E+00  0.0000E+00  0.0000E+00  0.2315E-01  0.2548E-01  0.0000E+00  0.0000E+00  0.0000E+00  0.0000E+00  0.0000E+00  0.0000E+00  0.0000E+00  0.0000E+00  0.0000E+00  0.0000E+00  0.0000E+00  0.0000E+00  0.0000E+00  0.0000E+00  0.0000E+00  0.0000E+00  0.0000E+00  0.0000E+00  0.0000E+00  0.0000E+00
  0.0000E+00  0.0000E+00  0.4279E-01  0.4176E-01  0.0000E+00  0.0000E+00  0.0000E+00  0.0000E+00  0.0000E+00  0.0000E+00  0.2345E-01  0.2429E-01  0.0000E+00  0.0000E+00  0.0000E+00  0.0000E+00  0.0000E+00  0.0000E+00  0.0000E+00  0.0000E+00  0.0000E+00  0.0000E+00  0.0000E+00  0.0000E+00  0.0000E+00  0.0000E+00  0.0000E+00  0.0000E+00  0.0000E+00  0.0000E+00  0.0000E+00  0.0000E+00
 Events:
           0           0         877         901           0           0           0           0           0           0         494         491        1493        1618           0           0           0           0           0           0           0           0         655         651           0           0           0           0          73          67           0           0
           0           0         861         946           0           0           0           0           0           0         502         492        1568        1531           0           0           0           0           0           0           0           0         693         725           0           0           0           0          59          60           0           0
           0           0         893         906           0           0           0           0           0           0         468         515           0           0           0           0           0           0           0           0           0           0           0           0           0           0           0           0           0           0           0           0
           0           0         865         844           0           0           0           0           0           0         474         491           0           0           0           0           0           0           0           0           0           0           0           0           0           0           0           0           0           0           0           0
 Accuracy:    0.042   0.010   0.037   1.260
 Found         3854  events.
 Wrote           44  events.
 Actual xsec    8.6584070162346380E-011
 Correct abs xsec    1.5144868143635792E-010
 Event xsec    1.5144868143635808E-010
 Events wgts > 1:            1
 % Cross section > 1:    7.3107824513248875E-019   4.8272341376554220E-007
 Iteration  6   Mean: 0.8646E-10 Abs mean: 0.1565E-09   Fluctuation:  0.327E-11   0.657E-07    36.7%
  6    0.8646E-10 0.1565E-09 +- 0.3267E-11      5.28
 Relative summed weights:
  0.0000E+00  0.0000E+00  0.5902E-01  0.5733E-01  0.0000E+00  0.0000E+00  0.0000E+00  0.0000E+00  0.0000E+00  0.0000E+00  0.1469E-01  0.1352E-01  0.1030E+00  0.1026E+00  0.0000E+00  0.0000E+00  0.0000E+00  0.0000E+00  0.0000E+00  0.0000E+00  0.0000E+00  0.0000E+00  0.2019E-01  0.2402E-01  0.0000E+00  0.0000E+00  0.0000E+00  0.0000E+00  0.1803E-02  0.3473E-02  0.0000E+00  0.0000E+00
  0.0000E+00  0.0000E+00  0.4655E-01  0.4597E-01  0.0000E+00  0.0000E+00  0.0000E+00  0.0000E+00  0.0000E+00  0.0000E+00  0.1353E-01  0.1313E-01  0.9510E-01  0.9077E-01  0.0000E+00  0.0000E+00  0.0000E+00  0.0000E+00  0.0000E+00  0.0000E+00  0.0000E+00  0.0000E+00  0.2008E-01  0.2337E-01  0.0000E+00  0.0000E+00  0.0000E+00  0.0000E+00  0.1448E-02  0.1464E-02  0.0000E+00  0.0000E+00
  0.0000E+00  0.0000E+00  0.4994E-01  0.4464E-01  0.0000E+00  0.0000E+00  0.0000E+00  0.0000E+00  0.0000E+00  0.0000E+00  0.1875E-01  0.9712E-02  0.0000E+00  0.0000E+00  0.0000E+00  0.0000E+00  0.0000E+00  0.0000E+00  0.0000E+00  0.0000E+00  0.0000E+00  0.0000E+00  0.0000E+00  0.0000E+00  0.0000E+00  0.0000E+00  0.0000E+00  0.0000E+00  0.0000E+00  0.0000E+00  0.0000E+00  0.0000E+00
  0.0000E+00  0.0000E+00  0.4656E-01  0.5175E-01  0.0000E+00  0.0000E+00  0.0000E+00  0.0000E+00  0.0000E+00  0.0000E+00  0.1335E-01  0.1423E-01  0.0000E+00  0.0000E+00  0.0000E+00  0.0000E+00  0.0000E+00  0.0000E+00  0.0000E+00  0.0000E+00  0.0000E+00  0.0000E+00  0.0000E+00  0.0000E+00  0.0000E+00  0.0000E+00  0.0000E+00  0.0000E+00  0.0000E+00  0.0000E+00  0.0000E+00  0.0000E+00
 Relative number of events:
  0.0000E+00  0.0000E+00  0.4466E-01  0.4489E-01  0.0000E+00  0.0000E+00  0.0000E+00  0.0000E+00  0.0000E+00  0.0000E+00  0.2477E-01  0.2416E-01  0.7641E-01  0.7631E-01  0.0000E+00  0.0000E+00  0.0000E+00  0.0000E+00  0.0000E+00  0.0000E+00  0.0000E+00  0.0000E+00  0.3439E-01  0.3397E-01  0.0000E+00  0.0000E+00  0.0000E+00  0.0000E+00  0.3032E-02  0.2761E-02  0.0000E+00  0.0000E+00
  0.0000E+00  0.0000E+00  0.4412E-01  0.4491E-01  0.0000E+00  0.0000E+00  0.0000E+00  0.0000E+00  0.0000E+00  0.0000E+00  0.2544E-01  0.2440E-01  0.7624E-01  0.7375E-01  0.0000E+00  0.0000E+00  0.0000E+00  0.0000E+00  0.0000E+00  0.0000E+00  0.0000E+00  0.0000E+00  0.3382E-01  0.3209E-01  0.0000E+00  0.0000E+00  0.0000E+00  0.0000E+00  0.2785E-02  0.3254E-02  0.0000E+00  0.0000E+00
  0.0000E+00  0.0000E+00  0.4466E-01  0.4444E-01  0.0000E+00  0.0000E+00  0.0000E+00  0.0000E+00  0.0000E+00  0.0000E+00  0.2361E-01  0.2443E-01  0.0000E+00  0.0000E+00  0.0000E+00  0.0000E+00  0.0000E+00  0.0000E+00  0.0000E+00  0.0000E+00  0.0000E+00  0.0000E+00  0.0000E+00  0.0000E+00  0.0000E+00  0.0000E+00  0.0000E+00  0.0000E+00  0.0000E+00  0.0000E+00  0.0000E+00  0.0000E+00
  0.0000E+00  0.0000E+00  0.4390E-01  0.4314E-01  0.0000E+00  0.0000E+00  0.0000E+00  0.0000E+00  0.0000E+00  0.0000E+00  0.2492E-01  0.2472E-01  0.0000E+00  0.0000E+00  0.0000E+00  0.0000E+00  0.0000E+00  0.0000E+00  0.0000E+00  0.0000E+00  0.0000E+00  0.0000E+00  0.0000E+00  0.0000E+00  0.0000E+00  0.0000E+00  0.0000E+00  0.0000E+00  0.0000E+00  0.0000E+00  0.0000E+00  0.0000E+00
 Events:
           0           0        1812        1821           0           0           0           0           0           0        1005         980        3100        3096           0           0           0           0           0           0           0           0        1395        1378           0           0           0           0         123         112           0           0
           0           0        1790        1822           0           0           0           0           0           0        1032         990        3093        2992           0           0           0           0           0           0           0           0        1372        1302           0           0           0           0         113         132           0           0
           0           0        1812        1803           0           0           0           0           0           0         958         991           0           0           0           0           0           0           0           0           0           0           0           0           0           0           0           0           0           0           0           0
           0           0        1781        1750           0           0           0           0           0           0        1011        1003           0           0           0           0           0           0           0           0           0           0           0           0           0           0           0           0           0           0           0           0
 Accuracy:    0.019   0.010   0.018   1.077
 Found         9861  events.
 Wrote          273  events.
 Actual xsec    8.6359777447999695E-011
 Correct abs xsec    1.5519711711877613E-010
 Event xsec    1.5519711711877704E-010
 Events wgts > 1:            4
 % Cross section > 1:    1.2614691138107109E-012  0.81281736235169266     
 Iteration  7   Mean: 0.8279E-10 Abs mean: 0.1520E-09   Fluctuation:  0.179E-11   0.525E-07    35.7%
  7    0.8279E-10 0.1520E-09 +- 0.1793E-11      4.22
 Exceeded boost           2          95   128000.000    
 Exceeded boost          15           2   128000.000    
 Exceeded boost          15           3   128000.000    
 Relative summed weights:
  0.0000E+00  0.0000E+00  0.5126E-01  0.4920E-01  0.0000E+00  0.0000E+00  0.0000E+00  0.0000E+00  0.0000E+00  0.0000E+00  0.1399E-01  0.1171E-01  0.1022E+00  0.9374E-01  0.0000E+00  0.0000E+00  0.0000E+00  0.0000E+00  0.0000E+00  0.0000E+00  0.0000E+00  0.0000E+00  0.2318E-01  0.2018E-01  0.0000E+00  0.0000E+00  0.0000E+00  0.0000E+00  0.1969E-02  0.1517E-02  0.0000E+00  0.0000E+00
  0.0000E+00  0.0000E+00  0.5034E-01  0.4674E-01  0.0000E+00  0.0000E+00  0.0000E+00  0.0000E+00  0.0000E+00  0.0000E+00  0.1277E-01  0.1318E-01  0.9929E-01  0.1053E+00  0.0000E+00  0.0000E+00  0.0000E+00  0.0000E+00  0.0000E+00  0.0000E+00  0.0000E+00  0.0000E+00  0.2269E-01  0.2047E-01  0.0000E+00  0.0000E+00  0.0000E+00  0.0000E+00  0.2113E-02  0.1664E-02  0.0000E+00  0.0000E+00
  0.0000E+00  0.0000E+00  0.4938E-01  0.5714E-01  0.0000E+00  0.0000E+00  0.0000E+00  0.0000E+00  0.0000E+00  0.0000E+00  0.1162E-01  0.1224E-01  0.0000E+00  0.0000E+00  0.0000E+00  0.0000E+00  0.0000E+00  0.0000E+00  0.0000E+00  0.0000E+00  0.0000E+00  0.0000E+00  0.0000E+00  0.0000E+00  0.0000E+00  0.0000E+00  0.0000E+00  0.0000E+00  0.0000E+00  0.0000E+00  0.0000E+00  0.0000E+00
  0.0000E+00  0.0000E+00  0.5224E-01  0.5033E-01  0.0000E+00  0.0000E+00  0.0000E+00  0.0000E+00  0.0000E+00  0.0000E+00  0.1247E-01  0.1110E-01  0.0000E+00  0.0000E+00  0.0000E+00  0.0000E+00  0.0000E+00  0.0000E+00  0.0000E+00  0.0000E+00  0.0000E+00  0.0000E+00  0.0000E+00  0.0000E+00  0.0000E+00  0.0000E+00  0.0000E+00  0.0000E+00  0.0000E+00  0.0000E+00  0.0000E+00  0.0000E+00
 Relative number of events:
  0.0000E+00  0.0000E+00  0.4496E-01  0.4364E-01  0.0000E+00  0.0000E+00  0.0000E+00  0.0000E+00  0.0000E+00  0.0000E+00  0.2492E-01  0.2366E-01  0.7659E-01  0.7542E-01  0.0000E+00  0.0000E+00  0.0000E+00  0.0000E+00  0.0000E+00  0.0000E+00  0.0000E+00  0.0000E+00  0.3403E-01  0.3254E-01  0.0000E+00  0.0000E+00  0.0000E+00  0.0000E+00  0.3171E-02  0.2827E-02  0.0000E+00  0.0000E+00
  0.0000E+00  0.0000E+00  0.4494E-01  0.4356E-01  0.0000E+00  0.0000E+00  0.0000E+00  0.0000E+00  0.0000E+00  0.0000E+00  0.2502E-01  0.2452E-01  0.7487E-01  0.7505E-01  0.0000E+00  0.0000E+00  0.0000E+00  0.0000E+00  0.0000E+00  0.0000E+00  0.0000E+00  0.0000E+00  0.3337E-01  0.3355E-01  0.0000E+00  0.0000E+00  0.0000E+00  0.0000E+00  0.3048E-02  0.2974E-02  0.0000E+00  0.0000E+00
  0.0000E+00  0.0000E+00  0.4453E-01  0.4508E-01  0.0000E+00  0.0000E+00  0.0000E+00  0.0000E+00  0.0000E+00  0.0000E+00  0.2457E-01  0.2425E-01  0.0000E+00  0.0000E+00  0.0000E+00  0.0000E+00  0.0000E+00  0.0000E+00  0.0000E+00  0.0000E+00  0.0000E+00  0.0000E+00  0.0000E+00  0.0000E+00  0.0000E+00  0.0000E+00  0.0000E+00  0.0000E+00  0.0000E+00  0.0000E+00  0.0000E+00  0.0000E+00
  0.0000E+00  0.0000E+00  0.4493E-01  0.4433E-01  0.0000E+00  0.0000E+00  0.0000E+00  0.0000E+00  0.0000E+00  0.0000E+00  0.2474E-01  0.2490E-01  0.0000E+00  0.0000E+00  0.0000E+00  0.0000E+00  0.0000E+00  0.0000E+00  0.0000E+00  0.0000E+00  0.0000E+00  0.0000E+00  0.0000E+00  0.0000E+00  0.0000E+00  0.0000E+00  0.0000E+00  0.0000E+00  0.0000E+00  0.0000E+00  0.0000E+00  0.0000E+00
 Events:
           0           0        3658        3551           0           0           0           0           0           0        2028        1925        6232        6137           0           0           0           0           0           0           0           0        2769        2648           0           0           0           0         258         230           0           0
           0           0        3657        3544           0           0           0           0           0           0        2036        1995        6092        6107           0           0           0           0           0           0           0           0        2715        2730           0           0           0           0         248         242           0           0
           0           0        3623        3668           0           0           0           0           0           0        1999        1973           0           0           0           0           0           0           0           0           0           0           0           0           0           0           0           0           0           0           0           0
           0           0        3656        3607           0           0           0           0           0           0        2013        2026           0           0           0           0           0           0           0           0           0           0           0           0           0           0           0           0           0           0           0           0
 Accuracy:    0.010   0.010   0.010   1.080
 Found        20827  events.
 Wrote         1142  events.
 Actual xsec    8.3711898458844050E-011
 Correct abs xsec    1.5293406862871765E-010
 Event xsec    1.5293406862872016E-010
 Events wgts > 1:           22
 % Cross section > 1:    1.4595616801358829E-012  0.95437314473028112     
 Iteration  8   Mean: 0.8630E-10 Abs mean: 0.1553E-09   Fluctuation:  0.120E-11   0.564E-07    35.5%
  8    0.8630E-10 0.1553E-09 +- 0.1204E-11      3.92
 Exceeded boost           2          95   256000.000    
 Exceeded boost           3          96   128000.000    
 Relative summed weights:
  0.0000E+00  0.0000E+00  0.4936E-01  0.4808E-01  0.0000E+00  0.0000E+00  0.0000E+00  0.0000E+00  0.0000E+00  0.0000E+00  0.1126E-01  0.1229E-01  0.9926E-01  0.1005E+00  0.0000E+00  0.0000E+00  0.0000E+00  0.0000E+00  0.0000E+00  0.0000E+00  0.0000E+00  0.0000E+00  0.2386E-01  0.2341E-01  0.0000E+00  0.0000E+00  0.0000E+00  0.0000E+00  0.3732E-02  0.2242E-02  0.0000E+00  0.0000E+00
  0.0000E+00  0.0000E+00  0.5158E-01  0.5381E-01  0.0000E+00  0.0000E+00  0.0000E+00  0.0000E+00  0.0000E+00  0.0000E+00  0.1163E-01  0.1468E-01  0.9867E-01  0.1019E+00  0.0000E+00  0.0000E+00  0.0000E+00  0.0000E+00  0.0000E+00  0.0000E+00  0.0000E+00  0.0000E+00  0.2481E-01  0.2170E-01  0.0000E+00  0.0000E+00  0.0000E+00  0.0000E+00  0.2587E-02  0.4960E-02  0.0000E+00  0.0000E+00
  0.0000E+00  0.0000E+00  0.4879E-01  0.4818E-01  0.0000E+00  0.0000E+00  0.0000E+00  0.0000E+00  0.0000E+00  0.0000E+00  0.1160E-01  0.1286E-01  0.0000E+00  0.0000E+00  0.0000E+00  0.0000E+00  0.0000E+00  0.0000E+00  0.0000E+00  0.0000E+00  0.0000E+00  0.0000E+00  0.0000E+00  0.0000E+00  0.0000E+00  0.0000E+00  0.0000E+00  0.0000E+00  0.0000E+00  0.0000E+00  0.0000E+00  0.0000E+00
  0.0000E+00  0.0000E+00  0.4656E-01  0.4762E-01  0.0000E+00  0.0000E+00  0.0000E+00  0.0000E+00  0.0000E+00  0.0000E+00  0.1193E-01  0.1208E-01  0.0000E+00  0.0000E+00  0.0000E+00  0.0000E+00  0.0000E+00  0.0000E+00  0.0000E+00  0.0000E+00  0.0000E+00  0.0000E+00  0.0000E+00  0.0000E+00  0.0000E+00  0.0000E+00  0.0000E+00  0.0000E+00  0.0000E+00  0.0000E+00  0.0000E+00  0.0000E+00
 Relative number of events:
  0.0000E+00  0.0000E+00  0.4349E-01  0.4410E-01  0.0000E+00  0.0000E+00  0.0000E+00  0.0000E+00  0.0000E+00  0.0000E+00  0.2460E-01  0.2396E-01  0.7608E-01  0.7478E-01  0.0000E+00  0.0000E+00  0.0000E+00  0.0000E+00  0.0000E+00  0.0000E+00  0.0000E+00  0.0000E+00  0.3457E-01  0.3376E-01  0.0000E+00  0.0000E+00  0.0000E+00  0.0000E+00  0.2942E-02  0.2851E-02  0.0000E+00  0.0000E+00
  0.0000E+00  0.0000E+00  0.4401E-01  0.4358E-01  0.0000E+00  0.0000E+00  0.0000E+00  0.0000E+00  0.0000E+00  0.0000E+00  0.2385E-01  0.2462E-01  0.7533E-01  0.7613E-01  0.0000E+00  0.0000E+00  0.0000E+00  0.0000E+00  0.0000E+00  0.0000E+00  0.0000E+00  0.0000E+00  0.3426E-01  0.3380E-01  0.0000E+00  0.0000E+00  0.0000E+00  0.0000E+00  0.2698E-02  0.2820E-02  0.0000E+00  0.0000E+00
  0.0000E+00  0.0000E+00  0.4466E-01  0.4533E-01  0.0000E+00  0.0000E+00  0.0000E+00  0.0000E+00  0.0000E+00  0.0000E+00  0.2443E-01  0.2473E-01  0.0000E+00  0.0000E+00  0.0000E+00  0.0000E+00  0.0000E+00  0.0000E+00  0.0000E+00  0.0000E+00  0.0000E+00  0.0000E+00  0.0000E+00  0.0000E+00  0.0000E+00  0.0000E+00  0.0000E+00  0.0000E+00  0.0000E+00  0.0000E+00  0.0000E+00  0.0000E+00
  0.0000E+00  0.0000E+00  0.4463E-01  0.4500E-01  0.0000E+00  0.0000E+00  0.0000E+00  0.0000E+00  0.0000E+00  0.0000E+00  0.2451E-01  0.2449E-01  0.0000E+00  0.0000E+00  0.0000E+00  0.0000E+00  0.0000E+00  0.0000E+00  0.0000E+00  0.0000E+00  0.0000E+00  0.0000E+00  0.0000E+00  0.0000E+00  0.0000E+00  0.0000E+00  0.0000E+00  0.0000E+00  0.0000E+00  0.0000E+00  0.0000E+00  0.0000E+00
 Events:
           0           0        7110        7209           0           0           0           0           0           0        4021        3916       12436       12224           0           0           0           0           0           0           0           0        5651        5518           0           0           0           0         481         466           0           0
           0           0        7194        7124           0           0           0           0           0           0        3899        4024       12315       12445           0           0           0           0           0           0           0           0        5600        5525           0           0           0           0         441         461           0           0
Thanks for using LHAPDF 6.2.1. Please make sure to cite the paper:
  Eur.Phys.J. C75 (2015) 3, 132  (http://arxiv.org/abs/1412.7420)
           0           0        7301        7410           0           0           0           0           0           0        3994        4043           0           0           0           0           0           0           0           0           0           0           0           0           0           0           0           0           0           0           0           0
           0           0        7296        7356           0           0           0           0           0           0        4006        4004           0           0           0           0           0           0           0           0           0           0           0           0           0           0           0           0           0           0           0           0
 Accuracy:    0.006   0.010   0.006   1.116
 Finished due to accuracy    6.4497991699491433E-003   1.0000000000000000E-002

 -------------------------------------------------------------------------------
 Accumulated results:   Integral =  0.1544E-09
                        Std dev  =  0.9429E-12
                       Cross sec =  0.8534E-10
             Chi**2 per DoF.     =      1.1162
 -------------------------------------------------------------------------------
 Found        45154  events.
 Wrote         2827  events.
 Actual xsec    8.5344429723567572E-011
 Correct abs xsec    1.5453029781994272E-010
 Event xsec    1.5453029781994081E-010
 Events wgts > 1:           50
 % Cross section > 1:    1.5352090760221088E-012  0.99346801092102943     
-------------------------------------------------
---------------------------
 Results Last   3 iters: Integral =   0.8534E-10
                     Abs integral =   0.1545E-09
                          Std dev =   0.9562E-12
                  Chi**2 per DoF. =      1.3608
-------------------------------------------------
---------------------------
 Status   1.0000000000000000E-002           9           8

ls status:
events.lhe
ftn26
input_app.txt
results.dat
run1_app.log
