==== LHAPDF6 USING DEFAULT-TYPE LHAGLUE INTERFACE ====
LHAPDF 6.2.1 loading /cvmfs/cms.cern.ch/slc6_amd64_gcc630/external/lhapdf/6.2.1-ghjeda2/share/LHAPDF/NNPDF31_nnlo_as_0118_nf_4_mc_hessian/NNPDF31_nnlo_as_0118_nf_4_mc_hessian_0000.dat
NNPDF31_nnlo_as_0118_nf_4_mc_hessian PDF set, member #0, version 1; LHAPDF ID = 325500
 Process in group number            1
 A PDF is used, so alpha_s(MZ) is going to be modified
 Old value of alpha_s from param_card:   0.11810000000000001     
 New value of alpha_s from PDF lhapdf :  0.11266013434007299     
 using LHAPDF
 Define smin to   10000.000000000000     
 Define smin to   10000.000000000000     
 Define smin to   10000.000000000000     
 Define smin to   10000.000000000000     
 Define smin to   10000.000000000000     
 Define smin to   10000.000000000000     
 Define smin to   10000.000000000000     
 Define smin to   10000.000000000000     
 Define smin to   10000.000000000000     
 Define smin to   10000.000000000000     
 Define smin to   10000.000000000000     
 Define smin to   10000.000000000000     
 Define smin to   10000.000000000000     
 Define smin to   10000.000000000000     
 Define smin to   10000.000000000000     
 Define smin to   10000.000000000000     
 *****************************************************
 *               MadGraph/MadEvent                   *
 *        --------------------------------           *
 *          http://madgraph.hep.uiuc.edu             *
 *          http://madgraph.phys.ucl.ac.be           *
 *          http://madgraph.roma2.infn.it            *
 *        --------------------------------           *
 *                                                   *
 *          PARAMETER AND COUPLING VALUES            *
 *                                                   *
 *****************************************************

  External Params
  ---------------------------------
  
 mdl_MW0 =    80.387000000000000     
 mdl_Gf =    1.1663789999999999E-005
 aS =   0.11810000000000001     
 mdl_ymdo =    1.0000000000000000E-099
 mdl_ymb =    4.1799999999999997     
 mdl_ymt =    173.19999999999999     
 mdl_ymtau =    1.7769999999999999     
 mdl_LambdaSMEFT =    1000.0000000000000     
 mdl_MZ =    91.187600000000003     
 mdl_MTA =    1.7769999999999999     
 mdl_MT =    173.19999999999999     
 mdl_MB =    4.1799999999999997     
 mdl_MH =    125.09000000000000     
 mdl_WZ =    2.4952000000000001     
 mdl_WW =    2.0850000000000000     
 mdl_WT =    1.5083359999999999     
 mdl_WH =    4.0699999999999998E-003
  Internal Params
  ---------------------------------
  
 mdl_ymm =    1.0000000000000000E-099
 mdl_yme =    1.0000000000000000E-099
 mdl_ymc =    1.0000000000000000E-099
 mdl_yms =    1.0000000000000000E-099
 mdl_ymup =    1.0000000000000000E-099
 mdl_conjg__CKM3x3 =    1.0000000000000000     
 mdl_cH =    0.0000000000000000     
 mdl_cHB =    0.0000000000000000     
 mdl_CKM2x2 =    1.0000000000000000     
 mdl_CKM1x1 =    1.0000000000000000     
 mdl_conjg__CKM1x1 =    1.0000000000000000     
 mdl_dGf =    0.0000000000000000     
 mdl_CKM3x3 =    1.0000000000000000     
 mdl_dMH2 =    0.0000000000000000     
 mdl_conjg__CKM2x2 =    1.0000000000000000     
 mdl_dg1 =    0.0000000000000000     
 mdl_cHW =    0.0000000000000000     
 mdl_dgw =    0.0000000000000000     
 mdl_complexi =  (  0.0000000000000000     ,  1.0000000000000000     )
 mdl_MW =    80.387000000000000     
 mdl_nb__2__exp__0_25 =    1.1892071150027210     
 mdl_MH__exp__2 =    15647.508100000001     
 mdl_sqrt__2 =    1.4142135623730951     
 mdl_MW__exp__2 =    6462.0697689999997     
 mdl_MZ__exp__2 =    8315.1783937600012     
 mdl_sth2 =   0.22285855299877133     
 mdl_MH__exp__6 =    3831206449390.3818     
 mdl_MT__exp__6 =    26995248278778.535     
 mdl_MH__exp__4 =    244844509.73956564     
 mdl_MT__exp__4 =    899894403.09759963     
 mdl_MT__exp__2 =    29998.239999999994     
 mdl_LambdaSMEFT__exp__2 =    1000000.0000000000     
 mdl_cth =   0.88155626422890820     
 mdl_sqrt__sth2 =   0.47207896902824564     
 mdl_sth =   0.47207896902824564     
 mdl_MW0__exp__6 =    269845343347.69711     
 mdl_MW0__exp__4 =    41758345.699423708     
 mdl_MW0__exp__2 =    6462.0697689999997     
 mdl_MZ__exp__4 =    69142191.720053151     
 mdl_MZ__exp__6 =    574929658687.79749     
 mdl_cth__exp__2 =   0.77714144700122867     
 mdl_sth__exp__2 =   0.22285855299877130     
 mdl_sth__exp__3 =   0.10520683593878660     
 mdl_cth__exp__3 =   0.68509391079585125     
 mdl_sth__exp__4 =    4.9665934644706158E-002
 mdl_sqrt__Gf =    3.4152291284773265E-003
 mdl_vevhat =    246.21961912951551     
 mdl_lam =   0.12905352724481209     
 mdl_aEW =    7.5614618607353409E-003
 mdl_yb =    2.4008698866559607E-002
 mdl_yc =    5.7437078628133041E-102
 mdl_ydo =    5.7437078628133041E-102
 mdl_ye =    5.7437078628133041E-102
 mdl_ym =    5.7437078628133041E-102
 mdl_ys =    5.7437078628133041E-102
 mdl_yt =   0.99481020183926416     
 mdl_ytau =    1.0206568872219240E-002
 mdl_yup =    5.7437078628133041E-102
 mdl_vevhat__exp__2 =    60624.100844283676     
 mdl_barlam =   0.12905352724481209     
 mdl_vevT =    246.21961912951551     
 mdl_sqrt__aEW =    8.6956666568672819E-002
 mdl_ee =   0.30825335704310214     
 mdl_gwsh =   0.65296989967087182     
 mdl_vev =    246.21961912951551     
 mdl_g1 =   0.34966952144878632     
 mdl_gw =   0.65296989967087182     
 mdl_ee__exp__2 =    9.5020132128342205E-002
 mdl_gHaa =   -1.9303830602986922E-003
 mdl_gHza =   -6.8546472954154700E-003
 mdl_g1sh =   0.34966952144878632     
 mdl_I1d11 =  (  5.7437078628133041E-102,  0.0000000000000000     )
 mdl_I1d22 =  (  5.7437078628133041E-102,  0.0000000000000000     )
 mdl_I1d33 =  (  2.4008698866559607E-002,  0.0000000000000000     )
 mdl_I2d11 =  (  5.7437078628133041E-102,  0.0000000000000000     )
 mdl_I2d22 =  (  5.7437078628133041E-102,  0.0000000000000000     )
 mdl_I2d33 =  ( 0.99481020183926416     ,  0.0000000000000000     )
 mdl_I3d11 =  (  5.7437078628133041E-102,  0.0000000000000000     )
 mdl_I3d22 =  (  5.7437078628133041E-102,  0.0000000000000000     )
 mdl_I3d33 =  (  2.4008698866559607E-002,  0.0000000000000000     )
 mdl_I4d11 =  (  5.7437078628133041E-102,  0.0000000000000000     )
 mdl_I4d22 =  (  5.7437078628133041E-102,  0.0000000000000000     )
 mdl_I4d33 =  ( 0.99481020183926416     ,  0.0000000000000000     )
 mdl_I5d11 =  (  5.7437078628133041E-102,  0.0000000000000000     )
 mdl_I5d22 =  (  5.7437078628133041E-102,  0.0000000000000000     )
 mdl_I5d33 =  (  2.4008698866559607E-002,  0.0000000000000000     )
 mdl_I6d11 =  (  5.7437078628133041E-102,  0.0000000000000000     )
 mdl_I6d22 =  (  5.7437078628133041E-102,  0.0000000000000000     )
 mdl_I6d33 =  ( 0.99481020183926416     ,  0.0000000000000000     )
 mdl_ee__exp__3 =    2.9290274715240611E-002
 mdl_vevhat__exp__3 =    14926843.019948866     
  Internal Params evaluated point by point
  ----------------------------------------
  
 mdl_sqrt__aS =   0.34365680554879169     
 mdl_G__exp__2 =    1.4840883695558185     
 mdl_gHgg =    3.2334372328970845E-003
 mdl_G__exp__3 =  (  1.8079634332366095     ,  0.0000000000000000     )
  Couplings of SMEFTsim_A_U35_MwScheme_UFO_v3_1-SMlimit_massless
  ---------------------------------
  
         GC_1 =   0.00000E+00   0.10275E+00
         GC_2 =  -0.00000E+00  -0.20550E+00
         GC_3 =  -0.00000E+00  -0.30825E+00
       GC_255 =  -0.00000E+00  -0.42637E+00
       GC_278 =  -0.00000E+00  -0.37035E+00
       GC_280 =  -0.00000E+00  -0.57563E+00
       GC_328 =  -0.00000E+00  -0.55024E-01
       GC_329 =   0.00000E+00   0.11005E+00
       GC_330 =  -0.00000E+00  -0.16507E+00
       GC_400 =   0.00000E+00   0.52490E+02
       GC_809 =  -0.00000E+00  -0.72171E-02
      GC_1073 =  -0.00000E+00  -0.46172E+00

 Collider parameters:
 --------------------

 Running at P P   machine @    13000.000000000000       GeV
 PDF set = lhapdf 
 alpha_s(Mz)= 0.1127 running at 3 loops.
 alpha_s(Mz)= 0.1127 running at 3 loops.
 Renormalization scale set on event-by-event basis
 Factorization   scale set on event-by-event basis


 getting user params
Enter number of events and max and min iterations: 
 Number of events and iterations         2000           8           3
Enter desired fractional accuracy: 
 Desired fractional accuracy:    1.0000000000000000E-002
Enter 0 for fixed, 2 for adjustable grid: 
Suppress amplitude (0 no, 1 yes)? 
 Using suppressed amplitude.
Exact helicity sum (0 yes, n = number/event)? 
 Explicitly summing over helicities
Enter Configuration Number: 
Running Configuration Number:  490
 Using dconfig=          26
 BW Setting            2           2           2           0           0           0
 Attempting mappinvarients           1           8
 Completed mapping           8
 about to integrate           16        2000           8           3          16           1
 Using non-zero grid deformation.
 16 dimensions   2000 events 16 invarients  8 iterations  1 config(s),  (0.99)
 Using h-tuple random number sequence.
 Error opening grid
 Using Uniform Grid!          32
 Using uniform alpha   1.0000000000000000     
 Grid defined OK
 Set CM energy to      13000.00
 Mapping Graph         490  to config         490
Setting grid   1    0.59172E-04   1
Setting grid   2    0.59172E-08   1
Setting grid   3    0.59172E-04   1
 Setting BW          -4           4   80.387000000000000     
 Warning: No cutoff for shat integral found
          Minimum set to    5.9171597633136107E-009
Setting grid   5    0.59172E-08   1
 Transforming s_hat 1/s           15   5.9171597633136108E-005   10000.000000000000        168999999.99999997     
 490   1   2   3   4   5   6   7   8   9  10  11  12  13  14
  15  16
 Masses: 0.000E+00 0.000E+00 0.000E+00 0.000E+00 0.000E+00 0.000E+00 0.000E+00 0.000E+00
Using random seed offsets   490 :      3
  with seed                   24
 Ranmar initialization seeds         220        9400
 
 ********************************************
 * You are using the DiscreteSampler module *
 *      part of the MG5_aMC framework       *
 *         Author: Valentin Hirschi         *
 ********************************************
 
  Particle       3       4       5       6       7       8
      Et >     0.0     0.0     0.0     0.0    10.0    10.0
       E >     0.0     0.0     0.0     0.0     0.0     0.0
     Eta <    -1.0    -1.0    -1.0    -1.0     6.5     6.5
   xqcut:      0.0     0.0     0.0     0.0     0.0     0.0
d R # 3  >    -0.0     0.4     0.0     0.0     0.4     0.4
d R # 4  >    -0.0    -0.0     0.0     0.0     0.4     0.4
d R # 5  >    -0.0    -0.0    -0.0     0.0     0.0     0.0
d R # 6  >    -0.0    -0.0    -0.0    -0.0     0.0     0.0
d R # 7  >    -0.0    -0.0    -0.0    -0.0    -0.0     0.4
s min # 3>     0.0     0.0     0.0     0.0     0.0     0.0
s min # 4>     0.0     0.0     0.0     0.0     0.0     0.0
s min # 5>     0.0     0.0     0.0     0.0     0.0     0.0
s min # 6>     0.0     0.0     0.0     0.0     0.0     0.0
s min # 7>     0.0     0.0     0.0     0.0     0.0 10000.0
xqcutij # 3>     0.0     0.0     0.0     0.0     0.0     0.0
xqcutij # 4>     0.0     0.0     0.0     0.0     0.0     0.0
xqcutij # 5>     0.0     0.0     0.0     0.0     0.0     0.0
xqcutij # 6>     0.0     0.0     0.0     0.0     0.0     0.0
xqcutij # 7>     0.0     0.0     0.0     0.0     0.0     0.0
 Excluding BW           -1           1
 Excluding BW           -2           2
 Excluding BW           -3           3
 No cut BW           -4           4
 alpha_s for scale    155.61690197504703       is   0.10388965582774148     
 Added good helicity          193   256.00000000000000       in event            1 local:           1
 Added good helicity          193   256.00000000000000       in event            1 local:           1
 RESET CUMULATIVE VARIABLE
 RESET CUMULATIVE VARIABLE
 RESET CUMULATIVE VARIABLE
 Warning: Too low fact scales:    49.080945970325708        1.6151685131213513     
 Warning: Too low fact scales:    49.080945970325708        1.6151685131213513     
 Warning: Too low fact scales:    49.080945970325708        1.6151685131213513     
 Warning: Too low fact scales:    1.8254813059183701        3.4954872428697792     
 Warning: Too low fact scales:    1.8254813059183701        3.4954872428697792     
 Warning: Too low fact scales:    1.6595818192692764        2.1215928736145866     
 Warning: Too low fact scales:    1.6595818192692764        2.1215928736145866     
 Warning: Too low fact scales:    1.2283658725714248        5.7284280750078844     
 Warning: Too low fact scales:    1.2283658725714248        5.7284280750078844     
 Warning: Too low fact scales:    1.2283658725714248        5.7284280750078844     
 Warning: Too low fact scales:    1.5274798104183855        2.0195404936978272     
 No more warnings written out this run.
 Iteration  1   Mean: 0.6511E-06 Abs mean: 0.6511E-06   Fluctuation:  0.370E-06   0.561E-03    40.4%
  1    0.6511E-06 0.6511E-06 +- 0.3702E-06     25.42
 Writing out events   1.0061726143986491E-010   25.424084193206724     
 Relative summed weights:
  0.0000E+00  0.0000E+00  0.2991E-02  0.3059E-01  0.0000E+00  0.0000E+00  0.0000E+00  0.0000E+00  0.0000E+00  0.0000E+00  0.3457E-03  0.5989E-02  0.1769E-02  0.1165E-02  0.0000E+00  0.0000E+00  0.0000E+00  0.0000E+00  0.0000E+00  0.0000E+00  0.0000E+00  0.0000E+00  0.7972E-04  0.1772E-01  0.0000E+00  0.0000E+00  0.0000E+00  0.0000E+00  0.6482E-15  0.1407E-09  0.0000E+00  0.0000E+00
  0.0000E+00  0.0000E+00  0.9855E-02  0.1847E-03  0.0000E+00  0.0000E+00  0.0000E+00  0.0000E+00  0.0000E+00  0.0000E+00  0.1343E-01  0.9397E-04  0.8148E-02  0.7218E-02  0.0000E+00  0.0000E+00  0.0000E+00  0.0000E+00  0.0000E+00  0.0000E+00  0.0000E+00  0.0000E+00  0.1940E-02  0.2333E-03  0.0000E+00  0.0000E+00  0.0000E+00  0.0000E+00  0.3257E-08  0.3403E-08  0.0000E+00  0.0000E+00
  0.0000E+00  0.0000E+00  0.2815E-03  0.8800E-03  0.0000E+00  0.0000E+00  0.0000E+00  0.0000E+00  0.0000E+00  0.0000E+00  0.9484E-01  0.7522E-05  0.0000E+00  0.0000E+00  0.0000E+00  0.0000E+00  0.0000E+00  0.0000E+00  0.0000E+00  0.0000E+00  0.0000E+00  0.0000E+00  0.0000E+00  0.0000E+00  0.0000E+00  0.0000E+00  0.0000E+00  0.0000E+00  0.0000E+00  0.0000E+00  0.0000E+00  0.0000E+00
  0.0000E+00  0.0000E+00  0.1112E-01  0.7867E+00  0.0000E+00  0.0000E+00  0.0000E+00  0.0000E+00  0.0000E+00  0.0000E+00  0.1436E-02  0.3002E-02  0.0000E+00  0.0000E+00  0.0000E+00  0.0000E+00  0.0000E+00  0.0000E+00  0.0000E+00  0.0000E+00  0.0000E+00  0.0000E+00  0.0000E+00  0.0000E+00  0.0000E+00  0.0000E+00  0.0000E+00  0.0000E+00  0.0000E+00  0.0000E+00  0.0000E+00  0.0000E+00
 Relative number of events:
  0.0000E+00  0.0000E+00  0.4480E-01  0.3982E-01  0.0000E+00  0.0000E+00  0.0000E+00  0.0000E+00  0.0000E+00  0.0000E+00  0.2887E-01  0.4231E-01  0.7118E-01  0.7168E-01  0.0000E+00  0.0000E+00  0.0000E+00  0.0000E+00  0.0000E+00  0.0000E+00  0.0000E+00  0.0000E+00  0.1145E-01  0.1195E-01  0.0000E+00  0.0000E+00  0.0000E+00  0.0000E+00  0.9955E-03  0.4480E-02  0.0000E+00  0.0000E+00
  0.0000E+00  0.0000E+00  0.4978E-01  0.4579E-01  0.0000E+00  0.0000E+00  0.0000E+00  0.0000E+00  0.0000E+00  0.0000E+00  0.3385E-01  0.3683E-01  0.8064E-01  0.7068E-01  0.0000E+00  0.0000E+00  0.0000E+00  0.0000E+00  0.0000E+00  0.0000E+00  0.0000E+00  0.0000E+00  0.1244E-01  0.1344E-01  0.0000E+00  0.0000E+00  0.0000E+00  0.0000E+00  0.1991E-02  0.3484E-02  0.0000E+00  0.0000E+00
  0.0000E+00  0.0000E+00  0.4679E-01  0.4928E-01  0.0000E+00  0.0000E+00  0.0000E+00  0.0000E+00  0.0000E+00  0.0000E+00  0.4131E-01  0.3136E-01  0.0000E+00  0.0000E+00  0.0000E+00  0.0000E+00  0.0000E+00  0.0000E+00  0.0000E+00  0.0000E+00  0.0000E+00  0.0000E+00  0.0000E+00  0.0000E+00  0.0000E+00  0.0000E+00  0.0000E+00  0.0000E+00  0.0000E+00  0.0000E+00  0.0000E+00  0.0000E+00
  0.0000E+00  0.0000E+00  0.4181E-01  0.3783E-01  0.0000E+00  0.0000E+00  0.0000E+00  0.0000E+00  0.0000E+00  0.0000E+00  0.3634E-01  0.3883E-01  0.0000E+00  0.0000E+00  0.0000E+00  0.0000E+00  0.0000E+00  0.0000E+00  0.0000E+00  0.0000E+00  0.0000E+00  0.0000E+00  0.0000E+00  0.0000E+00  0.0000E+00  0.0000E+00  0.0000E+00  0.0000E+00  0.0000E+00  0.0000E+00  0.0000E+00  0.0000E+00
 Events:
           0           0          90          80           0           0           0           0           0           0          58          85         143         144           0           0           0           0           0           0           0           0          23          24           0           0           0           0           2           9           0           0
           0           0         100          92           0           0           0           0           0           0          68          74         162         142           0           0           0           0           0           0           0           0          25          27           0           0           0           0           4           7           0           0
           0           0          94          99           0           0           0           0           0           0          83          63           0           0           0           0           0           0           0           0           0           0           0           0           0           0           0           0           0           0           0           0
           0           0          84          76           0           0           0           0           0           0          73          78           0           0           0           0           0           0           0           0           0           0           0           0           0           0           0           0           0           0           0           0
 Iteration  2   Mean: 0.1857E-06 Abs mean: 0.1857E-06   Fluctuation:  0.602E-07   0.197E-03    76.5%
  2    0.1857E-06 0.1857E-06 +- 0.6019E-07     20.49
 Relative summed weights:
  0.0000E+00  0.0000E+00  0.5814E-01  0.4920E-02  0.0000E+00  0.0000E+00  0.0000E+00  0.0000E+00  0.0000E+00  0.0000E+00  0.2051E-01  0.1654E-01  0.3634E-01  0.8413E-01  0.0000E+00  0.0000E+00  0.0000E+00  0.0000E+00  0.0000E+00  0.0000E+00  0.0000E+00  0.0000E+00  0.2341E-02  0.2910E-03  0.0000E+00  0.0000E+00  0.0000E+00  0.0000E+00  0.4679E-11  0.4132E-08  0.0000E+00  0.0000E+00
  0.0000E+00  0.0000E+00  0.4547E-02  0.1948E-01  0.0000E+00  0.0000E+00  0.0000E+00  0.0000E+00  0.0000E+00  0.0000E+00  0.1475E+00  0.2946E-01  0.5502E-02  0.5319E-01  0.0000E+00  0.0000E+00  0.0000E+00  0.0000E+00  0.0000E+00  0.0000E+00  0.0000E+00  0.0000E+00  0.7120E-02  0.2250E-01  0.0000E+00  0.0000E+00  0.0000E+00  0.0000E+00  0.1846E-02  0.1758E-06  0.0000E+00  0.0000E+00
  0.0000E+00  0.0000E+00  0.1866E-01  0.1198E+00  0.0000E+00  0.0000E+00  0.0000E+00  0.0000E+00  0.0000E+00  0.0000E+00  0.1148E-01  0.3482E-01  0.0000E+00  0.0000E+00  0.0000E+00  0.0000E+00  0.0000E+00  0.0000E+00  0.0000E+00  0.0000E+00  0.0000E+00  0.0000E+00  0.0000E+00  0.0000E+00  0.0000E+00  0.0000E+00  0.0000E+00  0.0000E+00  0.0000E+00  0.0000E+00  0.0000E+00  0.0000E+00
  0.0000E+00  0.0000E+00  0.4755E-02  0.2763E+00  0.0000E+00  0.0000E+00  0.0000E+00  0.0000E+00  0.0000E+00  0.0000E+00  0.8693E-02  0.1116E-01  0.0000E+00  0.0000E+00  0.0000E+00  0.0000E+00  0.0000E+00  0.0000E+00  0.0000E+00  0.0000E+00  0.0000E+00  0.0000E+00  0.0000E+00  0.0000E+00  0.0000E+00  0.0000E+00  0.0000E+00  0.0000E+00  0.0000E+00  0.0000E+00  0.0000E+00  0.0000E+00
 Relative number of events:
  0.0000E+00  0.0000E+00  0.4275E-01  0.4100E-01  0.0000E+00  0.0000E+00  0.0000E+00  0.0000E+00  0.0000E+00  0.0000E+00  0.2975E-01  0.3300E-01  0.8025E-01  0.7850E-01  0.0000E+00  0.0000E+00  0.0000E+00  0.0000E+00  0.0000E+00  0.0000E+00  0.0000E+00  0.0000E+00  0.1175E-01  0.8250E-02  0.0000E+00  0.0000E+00  0.0000E+00  0.0000E+00  0.1000E-02  0.5000E-03  0.0000E+00  0.0000E+00
  0.0000E+00  0.0000E+00  0.4325E-01  0.4275E-01  0.0000E+00  0.0000E+00  0.0000E+00  0.0000E+00  0.0000E+00  0.0000E+00  0.3700E-01  0.3475E-01  0.8200E-01  0.8325E-01  0.0000E+00  0.0000E+00  0.0000E+00  0.0000E+00  0.0000E+00  0.0000E+00  0.0000E+00  0.0000E+00  0.1525E-01  0.1250E-01  0.0000E+00  0.0000E+00  0.0000E+00  0.0000E+00  0.1500E-02  0.1000E-02  0.0000E+00  0.0000E+00
  0.0000E+00  0.0000E+00  0.4525E-01  0.4700E-01  0.0000E+00  0.0000E+00  0.0000E+00  0.0000E+00  0.0000E+00  0.0000E+00  0.3625E-01  0.3600E-01  0.0000E+00  0.0000E+00  0.0000E+00  0.0000E+00  0.0000E+00  0.0000E+00  0.0000E+00  0.0000E+00  0.0000E+00  0.0000E+00  0.0000E+00  0.0000E+00  0.0000E+00  0.0000E+00  0.0000E+00  0.0000E+00  0.0000E+00  0.0000E+00  0.0000E+00  0.0000E+00
  0.0000E+00  0.0000E+00  0.4050E-01  0.4725E-01  0.0000E+00  0.0000E+00  0.0000E+00  0.0000E+00  0.0000E+00  0.0000E+00  0.3450E-01  0.3325E-01  0.0000E+00  0.0000E+00  0.0000E+00  0.0000E+00  0.0000E+00  0.0000E+00  0.0000E+00  0.0000E+00  0.0000E+00  0.0000E+00  0.0000E+00  0.0000E+00  0.0000E+00  0.0000E+00  0.0000E+00  0.0000E+00  0.0000E+00  0.0000E+00  0.0000E+00  0.0000E+00
 Events:
           0           0         171         164           0           0           0           0           0           0         119         132         321         314           0           0           0           0           0           0           0           0          47          33           0           0           0           0           4           2           0           0
           0           0         173         171           0           0           0           0           0           0         148         139         328         333           0           0           0           0           0           0           0           0          61          50           0           0           0           0           6           4           0           0
           0           0         181         188           0           0           0           0           0           0         145         144           0           0           0           0           0           0           0           0           0           0           0           0           0           0           0           0           0           0           0           0
           0           0         162         189           0           0           0           0           0           0         138         133           0           0           0           0           0           0           0           0           0           0           0           0           0           0           0           0           0           0           0           0
 Iteration  3   Mean: 0.3135E-06 Abs mean: 0.3135E-06   Fluctuation:  0.618E-07   0.404E-03    83.2%
  3    0.3135E-06 0.3135E-06 +- 0.6176E-07     17.62
 Relative summed weights:
  0.0000E+00  0.0000E+00  0.1713E-01  0.2337E-01  0.0000E+00  0.0000E+00  0.0000E+00  0.0000E+00  0.0000E+00  0.0000E+00  0.1780E-01  0.1681E-01  0.4283E-01  0.2092E+00  0.0000E+00  0.0000E+00  0.0000E+00  0.0000E+00  0.0000E+00  0.0000E+00  0.0000E+00  0.0000E+00  0.2790E-01  0.1292E-01  0.0000E+00  0.0000E+00  0.0000E+00  0.0000E+00  0.2602E-05  0.8334E-02  0.0000E+00  0.0000E+00
  0.0000E+00  0.0000E+00  0.2005E-01  0.7559E-01  0.0000E+00  0.0000E+00  0.0000E+00  0.0000E+00  0.0000E+00  0.0000E+00  0.9454E-02  0.7887E-01  0.7732E-01  0.2558E-01  0.0000E+00  0.0000E+00  0.0000E+00  0.0000E+00  0.0000E+00  0.0000E+00  0.0000E+00  0.0000E+00  0.7451E-01  0.4649E-01  0.0000E+00  0.0000E+00  0.0000E+00  0.0000E+00  0.4666E-02  0.1719E-03  0.0000E+00  0.0000E+00
  0.0000E+00  0.0000E+00  0.5471E-01  0.2975E-01  0.0000E+00  0.0000E+00  0.0000E+00  0.0000E+00  0.0000E+00  0.0000E+00  0.1162E-01  0.3331E-01  0.0000E+00  0.0000E+00  0.0000E+00  0.0000E+00  0.0000E+00  0.0000E+00  0.0000E+00  0.0000E+00  0.0000E+00  0.0000E+00  0.0000E+00  0.0000E+00  0.0000E+00  0.0000E+00  0.0000E+00  0.0000E+00  0.0000E+00  0.0000E+00  0.0000E+00  0.0000E+00
  0.0000E+00  0.0000E+00  0.2932E-01  0.2575E-01  0.0000E+00  0.0000E+00  0.0000E+00  0.0000E+00  0.0000E+00  0.0000E+00  0.1198E-01  0.1458E-01  0.0000E+00  0.0000E+00  0.0000E+00  0.0000E+00  0.0000E+00  0.0000E+00  0.0000E+00  0.0000E+00  0.0000E+00  0.0000E+00  0.0000E+00  0.0000E+00  0.0000E+00  0.0000E+00  0.0000E+00  0.0000E+00  0.0000E+00  0.0000E+00  0.0000E+00  0.0000E+00
 Relative number of events:
  0.0000E+00  0.0000E+00  0.4550E-01  0.4213E-01  0.0000E+00  0.0000E+00  0.0000E+00  0.0000E+00  0.0000E+00  0.0000E+00  0.3250E-01  0.3662E-01  0.7350E-01  0.8325E-01  0.0000E+00  0.0000E+00  0.0000E+00  0.0000E+00  0.0000E+00  0.0000E+00  0.0000E+00  0.0000E+00  0.1013E-01  0.1225E-01  0.0000E+00  0.0000E+00  0.0000E+00  0.0000E+00  0.1375E-02  0.8750E-03  0.0000E+00  0.0000E+00
  0.0000E+00  0.0000E+00  0.4587E-01  0.4450E-01  0.0000E+00  0.0000E+00  0.0000E+00  0.0000E+00  0.0000E+00  0.0000E+00  0.3425E-01  0.3662E-01  0.8150E-01  0.7675E-01  0.0000E+00  0.0000E+00  0.0000E+00  0.0000E+00  0.0000E+00  0.0000E+00  0.0000E+00  0.0000E+00  0.1400E-01  0.1312E-01  0.0000E+00  0.0000E+00  0.0000E+00  0.0000E+00  0.1125E-02  0.1125E-02  0.0000E+00  0.0000E+00
  0.0000E+00  0.0000E+00  0.4675E-01  0.4362E-01  0.0000E+00  0.0000E+00  0.0000E+00  0.0000E+00  0.0000E+00  0.0000E+00  0.3600E-01  0.3625E-01  0.0000E+00  0.0000E+00  0.0000E+00  0.0000E+00  0.0000E+00  0.0000E+00  0.0000E+00  0.0000E+00  0.0000E+00  0.0000E+00  0.0000E+00  0.0000E+00  0.0000E+00  0.0000E+00  0.0000E+00  0.0000E+00  0.0000E+00  0.0000E+00  0.0000E+00  0.0000E+00
  0.0000E+00  0.0000E+00  0.3950E-01  0.4125E-01  0.0000E+00  0.0000E+00  0.0000E+00  0.0000E+00  0.0000E+00  0.0000E+00  0.3587E-01  0.3375E-01  0.0000E+00  0.0000E+00  0.0000E+00  0.0000E+00  0.0000E+00  0.0000E+00  0.0000E+00  0.0000E+00  0.0000E+00  0.0000E+00  0.0000E+00  0.0000E+00  0.0000E+00  0.0000E+00  0.0000E+00  0.0000E+00  0.0000E+00  0.0000E+00  0.0000E+00  0.0000E+00
 Events:
           0           0         364         337           0           0           0           0           0           0         260         293         588         666           0           0           0           0           0           0           0           0          81          98           0           0           0           0          11           7           0           0
           0           0         367         356           0           0           0           0           0           0         274         293         652         614           0           0           0           0           0           0           0           0         112         105           0           0           0           0           9           9           0           0
           0           0         374         349           0           0           0           0           0           0         288         290           0           0           0           0           0           0           0           0           0           0           0           0           0           0           0           0           0           0           0           0
           0           0         316         330           0           0           0           0           0           0         287         270           0           0           0           0           0           0           0           0           0           0           0           0           0           0           0           0           0           0           0           0
 Accuracy:    0.263   0.010   0.161   2.657
 Found          324  events.
 Wrote            3  events.
 Actual xsec    3.0898268358394636E-007
 Correct abs xsec    3.0898268358394636E-007
 Event xsec    3.0898268358394642E-007
 Events wgts > 1:            0
 % Cross section > 1:    0.0000000000000000        0.0000000000000000     
 Iteration  4   Mean: 0.3312E-06 Abs mean: 0.3312E-06   Fluctuation:  0.373E-07   0.391E-03    84.2%
  4    0.3312E-06 0.3312E-06 +- 0.3732E-07     14.25
 Relative summed weights:
  0.0000E+00  0.0000E+00  0.2042E-01  0.4798E-01  0.0000E+00  0.0000E+00  0.0000E+00  0.0000E+00  0.0000E+00  0.0000E+00  0.1503E-01  0.1810E-01  0.9719E-01  0.8726E-01  0.0000E+00  0.0000E+00  0.0000E+00  0.0000E+00  0.0000E+00  0.0000E+00  0.0000E+00  0.0000E+00  0.3163E-01  0.1117E+00  0.0000E+00  0.0000E+00  0.0000E+00  0.0000E+00  0.2342E-02  0.8631E-04  0.0000E+00  0.0000E+00
  0.0000E+00  0.0000E+00  0.2343E-01  0.2579E-01  0.0000E+00  0.0000E+00  0.0000E+00  0.0000E+00  0.0000E+00  0.0000E+00  0.1152E-01  0.3257E-01  0.6187E-01  0.4526E-01  0.0000E+00  0.0000E+00  0.0000E+00  0.0000E+00  0.0000E+00  0.0000E+00  0.0000E+00  0.0000E+00  0.3432E-01  0.1560E-01  0.0000E+00  0.0000E+00  0.0000E+00  0.0000E+00  0.7500E-03  0.4475E-03  0.0000E+00  0.0000E+00
  0.0000E+00  0.0000E+00  0.7596E-01  0.3293E-01  0.0000E+00  0.0000E+00  0.0000E+00  0.0000E+00  0.0000E+00  0.0000E+00  0.2960E-01  0.8847E-01  0.0000E+00  0.0000E+00  0.0000E+00  0.0000E+00  0.0000E+00  0.0000E+00  0.0000E+00  0.0000E+00  0.0000E+00  0.0000E+00  0.0000E+00  0.0000E+00  0.0000E+00  0.0000E+00  0.0000E+00  0.0000E+00  0.0000E+00  0.0000E+00  0.0000E+00  0.0000E+00
  0.0000E+00  0.0000E+00  0.2593E-01  0.2943E-01  0.0000E+00  0.0000E+00  0.0000E+00  0.0000E+00  0.0000E+00  0.0000E+00  0.2247E-01  0.1190E-01  0.0000E+00  0.0000E+00  0.0000E+00  0.0000E+00  0.0000E+00  0.0000E+00  0.0000E+00  0.0000E+00  0.0000E+00  0.0000E+00  0.0000E+00  0.0000E+00  0.0000E+00  0.0000E+00  0.0000E+00  0.0000E+00  0.0000E+00  0.0000E+00  0.0000E+00  0.0000E+00
 Relative number of events:
  0.0000E+00  0.0000E+00  0.4125E-01  0.4294E-01  0.0000E+00  0.0000E+00  0.0000E+00  0.0000E+00  0.0000E+00  0.0000E+00  0.3481E-01  0.3712E-01  0.7506E-01  0.7750E-01  0.0000E+00  0.0000E+00  0.0000E+00  0.0000E+00  0.0000E+00  0.0000E+00  0.0000E+00  0.0000E+00  0.1406E-01  0.1325E-01  0.0000E+00  0.0000E+00  0.0000E+00  0.0000E+00  0.1063E-02  0.1000E-02  0.0000E+00  0.0000E+00
  0.0000E+00  0.0000E+00  0.4575E-01  0.4487E-01  0.0000E+00  0.0000E+00  0.0000E+00  0.0000E+00  0.0000E+00  0.0000E+00  0.3488E-01  0.3575E-01  0.7850E-01  0.8019E-01  0.0000E+00  0.0000E+00  0.0000E+00  0.0000E+00  0.0000E+00  0.0000E+00  0.0000E+00  0.0000E+00  0.1350E-01  0.1263E-01  0.0000E+00  0.0000E+00  0.0000E+00  0.0000E+00  0.4375E-03  0.8750E-03  0.0000E+00  0.0000E+00
  0.0000E+00  0.0000E+00  0.4456E-01  0.4231E-01  0.0000E+00  0.0000E+00  0.0000E+00  0.0000E+00  0.0000E+00  0.0000E+00  0.3644E-01  0.3375E-01  0.0000E+00  0.0000E+00  0.0000E+00  0.0000E+00  0.0000E+00  0.0000E+00  0.0000E+00  0.0000E+00  0.0000E+00  0.0000E+00  0.0000E+00  0.0000E+00  0.0000E+00  0.0000E+00  0.0000E+00  0.0000E+00  0.0000E+00  0.0000E+00  0.0000E+00  0.0000E+00
  0.0000E+00  0.0000E+00  0.4300E-01  0.4238E-01  0.0000E+00  0.0000E+00  0.0000E+00  0.0000E+00  0.0000E+00  0.0000E+00  0.3694E-01  0.3519E-01  0.0000E+00  0.0000E+00  0.0000E+00  0.0000E+00  0.0000E+00  0.0000E+00  0.0000E+00  0.0000E+00  0.0000E+00  0.0000E+00  0.0000E+00  0.0000E+00  0.0000E+00  0.0000E+00  0.0000E+00  0.0000E+00  0.0000E+00  0.0000E+00  0.0000E+00  0.0000E+00
 Events:
           0           0         660         687           0           0           0           0           0           0         557         594        1201        1240           0           0           0           0           0           0           0           0         225         212           0           0           0           0          17          16           0           0
           0           0         732         718           0           0           0           0           0           0         558         572        1256        1283           0           0           0           0           0           0           0           0         216         202           0           0           0           0           7          14           0           0
           0           0         713         677           0           0           0           0           0           0         583         540           0           0           0           0           0           0           0           0           0           0           0           0           0           0           0           0           0           0           0           0
           0           0         688         678           0           0           0           0           0           0         591         563           0           0           0           0           0           0           0           0           0           0           0           0           0           0           0           0           0           0           0           0
 Accuracy:    0.119   0.010   0.092   1.652
 Found          720  events.
 Wrote           11  events.
 Actual xsec    3.1506350116941168E-007
 Correct abs xsec    3.1506350116941168E-007
 Event xsec    3.1506350116941174E-007
 Events wgts > 1:            1
 % Cross section > 1:    7.0645430293832824E-015   2.2422600533422724E-006
 Iteration  5   Mean: 0.4139E-06 Abs mean: 0.4139E-06   Fluctuation:  0.319E-07   0.708E-03    84.3%
  5    0.4139E-06 0.4139E-06 +- 0.3193E-07     13.80
 Relative summed weights:
  0.0000E+00  0.0000E+00  0.2484E-01  0.3184E-01  0.0000E+00  0.0000E+00  0.0000E+00  0.0000E+00  0.0000E+00  0.0000E+00  0.1433E-01  0.2327E-01  0.6973E-01  0.8197E-01  0.0000E+00  0.0000E+00  0.0000E+00  0.0000E+00  0.0000E+00  0.0000E+00  0.0000E+00  0.0000E+00  0.4170E-01  0.3632E-01  0.0000E+00  0.0000E+00  0.0000E+00  0.0000E+00  0.9141E-03  0.4843E-03  0.0000E+00  0.0000E+00
  0.0000E+00  0.0000E+00  0.8232E-01  0.3626E-01  0.0000E+00  0.0000E+00  0.0000E+00  0.0000E+00  0.0000E+00  0.0000E+00  0.3757E-01  0.1780E-01  0.6861E-01  0.6153E-01  0.0000E+00  0.0000E+00  0.0000E+00  0.0000E+00  0.0000E+00  0.0000E+00  0.0000E+00  0.0000E+00  0.7641E-01  0.3348E-01  0.0000E+00  0.0000E+00  0.0000E+00  0.0000E+00  0.7463E-03  0.2755E-03  0.0000E+00  0.0000E+00
  0.0000E+00  0.0000E+00  0.3114E-01  0.2013E-01  0.0000E+00  0.0000E+00  0.0000E+00  0.0000E+00  0.0000E+00  0.0000E+00  0.2335E-01  0.4720E-01  0.0000E+00  0.0000E+00  0.0000E+00  0.0000E+00  0.0000E+00  0.0000E+00  0.0000E+00  0.0000E+00  0.0000E+00  0.0000E+00  0.0000E+00  0.0000E+00  0.0000E+00  0.0000E+00  0.0000E+00  0.0000E+00  0.0000E+00  0.0000E+00  0.0000E+00  0.0000E+00
  0.0000E+00  0.0000E+00  0.3358E-01  0.5463E-01  0.0000E+00  0.0000E+00  0.0000E+00  0.0000E+00  0.0000E+00  0.0000E+00  0.2518E-01  0.2438E-01  0.0000E+00  0.0000E+00  0.0000E+00  0.0000E+00  0.0000E+00  0.0000E+00  0.0000E+00  0.0000E+00  0.0000E+00  0.0000E+00  0.0000E+00  0.0000E+00  0.0000E+00  0.0000E+00  0.0000E+00  0.0000E+00  0.0000E+00  0.0000E+00  0.0000E+00  0.0000E+00
 Relative number of events:
  0.0000E+00  0.0000E+00  0.4497E-01  0.4350E-01  0.0000E+00  0.0000E+00  0.0000E+00  0.0000E+00  0.0000E+00  0.0000E+00  0.3325E-01  0.3516E-01  0.7909E-01  0.7894E-01  0.0000E+00  0.0000E+00  0.0000E+00  0.0000E+00  0.0000E+00  0.0000E+00  0.0000E+00  0.0000E+00  0.1381E-01  0.1328E-01  0.0000E+00  0.0000E+00  0.0000E+00  0.0000E+00  0.8437E-03  0.6875E-03  0.0000E+00  0.0000E+00
  0.0000E+00  0.0000E+00  0.4356E-01  0.4337E-01  0.0000E+00  0.0000E+00  0.0000E+00  0.0000E+00  0.0000E+00  0.0000E+00  0.3416E-01  0.3375E-01  0.7828E-01  0.8063E-01  0.0000E+00  0.0000E+00  0.0000E+00  0.0000E+00  0.0000E+00  0.0000E+00  0.0000E+00  0.0000E+00  0.1347E-01  0.1337E-01  0.0000E+00  0.0000E+00  0.0000E+00  0.0000E+00  0.6250E-03  0.8125E-03  0.0000E+00  0.0000E+00
  0.0000E+00  0.0000E+00  0.4394E-01  0.4397E-01  0.0000E+00  0.0000E+00  0.0000E+00  0.0000E+00  0.0000E+00  0.0000E+00  0.3463E-01  0.3544E-01  0.0000E+00  0.0000E+00  0.0000E+00  0.0000E+00  0.0000E+00  0.0000E+00  0.0000E+00  0.0000E+00  0.0000E+00  0.0000E+00  0.0000E+00  0.0000E+00  0.0000E+00  0.0000E+00  0.0000E+00  0.0000E+00  0.0000E+00  0.0000E+00  0.0000E+00  0.0000E+00
  0.0000E+00  0.0000E+00  0.4331E-01  0.4384E-01  0.0000E+00  0.0000E+00  0.0000E+00  0.0000E+00  0.0000E+00  0.0000E+00  0.3328E-01  0.3603E-01  0.0000E+00  0.0000E+00  0.0000E+00  0.0000E+00  0.0000E+00  0.0000E+00  0.0000E+00  0.0000E+00  0.0000E+00  0.0000E+00  0.0000E+00  0.0000E+00  0.0000E+00  0.0000E+00  0.0000E+00  0.0000E+00  0.0000E+00  0.0000E+00  0.0000E+00  0.0000E+00
 Events:
           0           0        1439        1392           0           0           0           0           0           0        1064        1125        2531        2526           0           0           0           0           0           0           0           0         442         425           0           0           0           0          27          22           0           0
           0           0        1394        1388           0           0           0           0           0           0        1093        1080        2505        2580           0           0           0           0           0           0           0           0         431         428           0           0           0           0          20          26           0           0
           0           0        1406        1407           0           0           0           0           0           0        1108        1134           0           0           0           0           0           0           0           0           0           0           0           0           0           0           0           0           0           0           0           0
           0           0        1386        1403           0           0           0           0           0           0        1065        1153           0           0           0           0           0           0           0           0           0           0           0           0           0           0           0           0           0           0           0           0
 Accuracy:    0.082   0.010   0.059   1.899
 Found         1950  events.
 Wrote           13  events.
 Actual xsec    3.8054715016254985E-007
 Correct abs xsec    3.8054715016254985E-007
 Event xsec    3.8054715016254995E-007
 Events wgts > 1:            0
 % Cross section > 1:    0.0000000000000000        0.0000000000000000     
 Iteration  6   Mean: 0.4388E-06 Abs mean: 0.4388E-06   Fluctuation:  0.191E-07   0.708E-03    83.8%
  6    0.4388E-06 0.4388E-06 +- 0.1909E-07     11.00
 Relative summed weights:
  0.0000E+00  0.0000E+00  0.6102E-01  0.3306E-01  0.0000E+00  0.0000E+00  0.0000E+00  0.0000E+00  0.0000E+00  0.0000E+00  0.2482E-01  0.2337E-01  0.6520E-01  0.6659E-01  0.0000E+00  0.0000E+00  0.0000E+00  0.0000E+00  0.0000E+00  0.0000E+00  0.0000E+00  0.0000E+00  0.7624E-01  0.5021E-01  0.0000E+00  0.0000E+00  0.0000E+00  0.0000E+00  0.4619E-03  0.2439E-03  0.0000E+00  0.0000E+00
  0.0000E+00  0.0000E+00  0.3598E-01  0.4128E-01  0.0000E+00  0.0000E+00  0.0000E+00  0.0000E+00  0.0000E+00  0.0000E+00  0.2186E-01  0.2068E-01  0.6635E-01  0.7576E-01  0.0000E+00  0.0000E+00  0.0000E+00  0.0000E+00  0.0000E+00  0.0000E+00  0.0000E+00  0.0000E+00  0.5052E-01  0.3722E-01  0.0000E+00  0.0000E+00  0.0000E+00  0.0000E+00  0.1311E-02  0.3172E-02  0.0000E+00  0.0000E+00
  0.0000E+00  0.0000E+00  0.3656E-01  0.3390E-01  0.0000E+00  0.0000E+00  0.0000E+00  0.0000E+00  0.0000E+00  0.0000E+00  0.3371E-01  0.2120E-01  0.0000E+00  0.0000E+00  0.0000E+00  0.0000E+00  0.0000E+00  0.0000E+00  0.0000E+00  0.0000E+00  0.0000E+00  0.0000E+00  0.0000E+00  0.0000E+00  0.0000E+00  0.0000E+00  0.0000E+00  0.0000E+00  0.0000E+00  0.0000E+00  0.0000E+00  0.0000E+00
  0.0000E+00  0.0000E+00  0.3675E-01  0.3954E-01  0.0000E+00  0.0000E+00  0.0000E+00  0.0000E+00  0.0000E+00  0.0000E+00  0.2218E-01  0.2081E-01  0.0000E+00  0.0000E+00  0.0000E+00  0.0000E+00  0.0000E+00  0.0000E+00  0.0000E+00  0.0000E+00  0.0000E+00  0.0000E+00  0.0000E+00  0.0000E+00  0.0000E+00  0.0000E+00  0.0000E+00  0.0000E+00  0.0000E+00  0.0000E+00  0.0000E+00  0.0000E+00
 Relative number of events:
  0.0000E+00  0.0000E+00  0.4487E-01  0.4330E-01  0.0000E+00  0.0000E+00  0.0000E+00  0.0000E+00  0.0000E+00  0.0000E+00  0.3456E-01  0.3503E-01  0.8064E-01  0.7853E-01  0.0000E+00  0.0000E+00  0.0000E+00  0.0000E+00  0.0000E+00  0.0000E+00  0.0000E+00  0.0000E+00  0.1242E-01  0.1283E-01  0.0000E+00  0.0000E+00  0.0000E+00  0.0000E+00  0.6563E-03  0.6406E-03  0.0000E+00  0.0000E+00
  0.0000E+00  0.0000E+00  0.4447E-01  0.4345E-01  0.0000E+00  0.0000E+00  0.0000E+00  0.0000E+00  0.0000E+00  0.0000E+00  0.3422E-01  0.3409E-01  0.7883E-01  0.7875E-01  0.0000E+00  0.0000E+00  0.0000E+00  0.0000E+00  0.0000E+00  0.0000E+00  0.0000E+00  0.0000E+00  0.1277E-01  0.1309E-01  0.0000E+00  0.0000E+00  0.0000E+00  0.0000E+00  0.6719E-03  0.7656E-03  0.0000E+00  0.0000E+00
  0.0000E+00  0.0000E+00  0.4458E-01  0.4400E-01  0.0000E+00  0.0000E+00  0.0000E+00  0.0000E+00  0.0000E+00  0.0000E+00  0.3634E-01  0.3448E-01  0.0000E+00  0.0000E+00  0.0000E+00  0.0000E+00  0.0000E+00  0.0000E+00  0.0000E+00  0.0000E+00  0.0000E+00  0.0000E+00  0.0000E+00  0.0000E+00  0.0000E+00  0.0000E+00  0.0000E+00  0.0000E+00  0.0000E+00  0.0000E+00  0.0000E+00  0.0000E+00
  0.0000E+00  0.0000E+00  0.4258E-01  0.4259E-01  0.0000E+00  0.0000E+00  0.0000E+00  0.0000E+00  0.0000E+00  0.0000E+00  0.3530E-01  0.3553E-01  0.0000E+00  0.0000E+00  0.0000E+00  0.0000E+00  0.0000E+00  0.0000E+00  0.0000E+00  0.0000E+00  0.0000E+00  0.0000E+00  0.0000E+00  0.0000E+00  0.0000E+00  0.0000E+00  0.0000E+00  0.0000E+00  0.0000E+00  0.0000E+00  0.0000E+00  0.0000E+00
 Events:
           0           0        2872        2771           0           0           0           0           0           0        2212        2242        5161        5026           0           0           0           0           0           0           0           0         795         821           0           0           0           0          42          41           0           0
           0           0        2846        2781           0           0           0           0           0           0        2190        2182        5045        5040           0           0           0           0           0           0           0           0         817         838           0           0           0           0          43          49           0           0
           0           0        2853        2816           0           0           0           0           0           0        2326        2207           0           0           0           0           0           0           0           0           0           0           0           0           0           0           0           0           0           0           0           0
           0           0        2725        2726           0           0           0           0           0           0        2259        2274           0           0           0           0           0           0           0           0           0           0           0           0           0           0           0           0           0           0           0           0
 Accuracy:    0.050   0.010   0.035   2.055
 Found         4245  events.
 Wrote           42  events.
 Actual xsec    4.2249472639208632E-007
 Correct abs xsec    4.2249472639208632E-007
 Event xsec    4.2249472639208600E-007
 Events wgts > 1:            0
 % Cross section > 1:    0.0000000000000000        0.0000000000000000     
 Iteration  7   Mean: 0.4946E-06 Abs mean: 0.4946E-06   Fluctuation:  0.197E-07   0.173E-02    83.8%
  7    0.4946E-06 0.4946E-06 +- 0.1967E-07     14.23
 Exceeded boost           1          96   128000.000    
 Exceeded boost           2          96   128000.000    
 Relative summed weights:
  0.0000E+00  0.0000E+00  0.3293E-01  0.2993E-01  0.0000E+00  0.0000E+00  0.0000E+00  0.0000E+00  0.0000E+00  0.0000E+00  0.2767E-01  0.2748E-01  0.7036E-01  0.8233E-01  0.0000E+00  0.0000E+00  0.0000E+00  0.0000E+00  0.0000E+00  0.0000E+00  0.0000E+00  0.0000E+00  0.5048E-01  0.4200E-01  0.0000E+00  0.0000E+00  0.0000E+00  0.0000E+00  0.9619E-02  0.8460E-03  0.0000E+00  0.0000E+00
  0.0000E+00  0.0000E+00  0.3211E-01  0.2845E-01  0.0000E+00  0.0000E+00  0.0000E+00  0.0000E+00  0.0000E+00  0.0000E+00  0.2507E-01  0.2750E-01  0.7660E-01  0.6059E-01  0.0000E+00  0.0000E+00  0.0000E+00  0.0000E+00  0.0000E+00  0.0000E+00  0.0000E+00  0.0000E+00  0.4333E-01  0.7004E-01  0.0000E+00  0.0000E+00  0.0000E+00  0.0000E+00  0.1092E-02  0.3024E-02  0.0000E+00  0.0000E+00
  0.0000E+00  0.0000E+00  0.3007E-01  0.3271E-01  0.0000E+00  0.0000E+00  0.0000E+00  0.0000E+00  0.0000E+00  0.0000E+00  0.2859E-01  0.3050E-01  0.0000E+00  0.0000E+00  0.0000E+00  0.0000E+00  0.0000E+00  0.0000E+00  0.0000E+00  0.0000E+00  0.0000E+00  0.0000E+00  0.0000E+00  0.0000E+00  0.0000E+00  0.0000E+00  0.0000E+00  0.0000E+00  0.0000E+00  0.0000E+00  0.0000E+00  0.0000E+00
  0.0000E+00  0.0000E+00  0.3531E-01  0.3125E-01  0.0000E+00  0.0000E+00  0.0000E+00  0.0000E+00  0.0000E+00  0.0000E+00  0.4302E-01  0.2709E-01  0.0000E+00  0.0000E+00  0.0000E+00  0.0000E+00  0.0000E+00  0.0000E+00  0.0000E+00  0.0000E+00  0.0000E+00  0.0000E+00  0.0000E+00  0.0000E+00  0.0000E+00  0.0000E+00  0.0000E+00  0.0000E+00  0.0000E+00  0.0000E+00  0.0000E+00  0.0000E+00
 Relative number of events:
  0.0000E+00  0.0000E+00  0.4385E-01  0.4411E-01  0.0000E+00  0.0000E+00  0.0000E+00  0.0000E+00  0.0000E+00  0.0000E+00  0.3412E-01  0.3435E-01  0.7833E-01  0.7998E-01  0.0000E+00  0.0000E+00  0.0000E+00  0.0000E+00  0.0000E+00  0.0000E+00  0.0000E+00  0.0000E+00  0.1242E-01  0.1331E-01  0.0000E+00  0.0000E+00  0.0000E+00  0.0000E+00  0.6719E-03  0.6641E-03  0.0000E+00  0.0000E+00
  0.0000E+00  0.0000E+00  0.4387E-01  0.4402E-01  0.0000E+00  0.0000E+00  0.0000E+00  0.0000E+00  0.0000E+00  0.0000E+00  0.3477E-01  0.3377E-01  0.8015E-01  0.7987E-01  0.0000E+00  0.0000E+00  0.0000E+00  0.0000E+00  0.0000E+00  0.0000E+00  0.0000E+00  0.0000E+00  0.1312E-01  0.1281E-01  0.0000E+00  0.0000E+00  0.0000E+00  0.0000E+00  0.6250E-03  0.6797E-03  0.0000E+00  0.0000E+00
  0.0000E+00  0.0000E+00  0.4384E-01  0.4406E-01  0.0000E+00  0.0000E+00  0.0000E+00  0.0000E+00  0.0000E+00  0.0000E+00  0.3574E-01  0.3388E-01  0.0000E+00  0.0000E+00  0.0000E+00  0.0000E+00  0.0000E+00  0.0000E+00  0.0000E+00  0.0000E+00  0.0000E+00  0.0000E+00  0.0000E+00  0.0000E+00  0.0000E+00  0.0000E+00  0.0000E+00  0.0000E+00  0.0000E+00  0.0000E+00  0.0000E+00  0.0000E+00
  0.0000E+00  0.0000E+00  0.4394E-01  0.4366E-01  0.0000E+00  0.0000E+00  0.0000E+00  0.0000E+00  0.0000E+00  0.0000E+00  0.3473E-01  0.3466E-01  0.0000E+00  0.0000E+00  0.0000E+00  0.0000E+00  0.0000E+00  0.0000E+00  0.0000E+00  0.0000E+00  0.0000E+00  0.0000E+00  0.0000E+00  0.0000E+00  0.0000E+00  0.0000E+00  0.0000E+00  0.0000E+00  0.0000E+00  0.0000E+00  0.0000E+00  0.0000E+00
 Events:
           0           0        5613        5646           0           0           0           0           0           0        4367        4397       10026       10237           0           0           0           0           0           0           0           0        1590        1704           0           0           0           0          86          85           0           0
           0           0        5615        5634           0           0           0           0           0           0        4451        4323       10259       10223           0           0           0           0           0           0           0           0        1680        1640           0           0           0           0          80          87           0           0
           0           0        5612        5640           0           0           0           0           0           0        4575        4336           0           0           0           0           0           0           0           0           0           0           0           0           0           0           0           0           0           0           0           0
           0           0        5624        5588           0           0           0           0           0           0        4446        4436           0           0           0           0           0           0           0           0           0           0           0           0           0           0           0           0           0           0           0           0
 Accuracy:    0.047   0.010   0.026   3.213
 Found         9486  events.
 Wrote           50  events.
 Actual xsec    4.6219668361061814E-007
 Correct abs xsec    4.6219668361061814E-007
 Event xsec    4.6219668361061809E-007
 Events wgts > 1:            1
 % Cross section > 1:    5.0771201899459555E-009   1.0984761184966059     
 Iteration  8   Mean: 0.4898E-06 Abs mean: 0.4898E-06   Fluctuation:  0.131E-07   0.221E-02    85.3%
  8    0.4898E-06 0.4898E-06 +- 0.1307E-07     13.50
 Exceeded boost           2          95   128000.000    
 Exceeded boost           3          96   128000.000    
 Relative summed weights:
  0.0000E+00  0.0000E+00  0.3542E-01  0.3867E-01  0.0000E+00  0.0000E+00  0.0000E+00  0.0000E+00  0.0000E+00  0.0000E+00  0.3139E-01  0.3062E-01  0.6923E-01  0.6819E-01  0.0000E+00  0.0000E+00  0.0000E+00  0.0000E+00  0.0000E+00  0.0000E+00  0.0000E+00  0.0000E+00  0.3618E-01  0.5663E-01  0.0000E+00  0.0000E+00  0.0000E+00  0.0000E+00  0.1471E-02  0.4139E-02  0.0000E+00  0.0000E+00
  0.0000E+00  0.0000E+00  0.3426E-01  0.3283E-01  0.0000E+00  0.0000E+00  0.0000E+00  0.0000E+00  0.0000E+00  0.0000E+00  0.2356E-01  0.2185E-01  0.7107E-01  0.8033E-01  0.0000E+00  0.0000E+00  0.0000E+00  0.0000E+00  0.0000E+00  0.0000E+00  0.0000E+00  0.0000E+00  0.4462E-01  0.5500E-01  0.0000E+00  0.0000E+00  0.0000E+00  0.0000E+00  0.2632E-02  0.1833E-02  0.0000E+00  0.0000E+00
  0.0000E+00  0.0000E+00  0.3166E-01  0.5353E-01  0.0000E+00  0.0000E+00  0.0000E+00  0.0000E+00  0.0000E+00  0.0000E+00  0.2983E-01  0.2499E-01  0.0000E+00  0.0000E+00  0.0000E+00  0.0000E+00  0.0000E+00  0.0000E+00  0.0000E+00  0.0000E+00  0.0000E+00  0.0000E+00  0.0000E+00  0.0000E+00  0.0000E+00  0.0000E+00  0.0000E+00  0.0000E+00  0.0000E+00  0.0000E+00  0.0000E+00  0.0000E+00
  0.0000E+00  0.0000E+00  0.3474E-01  0.3510E-01  0.0000E+00  0.0000E+00  0.0000E+00  0.0000E+00  0.0000E+00  0.0000E+00  0.2741E-01  0.2280E-01  0.0000E+00  0.0000E+00  0.0000E+00  0.0000E+00  0.0000E+00  0.0000E+00  0.0000E+00  0.0000E+00  0.0000E+00  0.0000E+00  0.0000E+00  0.0000E+00  0.0000E+00  0.0000E+00  0.0000E+00  0.0000E+00  0.0000E+00  0.0000E+00  0.0000E+00  0.0000E+00
 Relative number of events:
  0.0000E+00  0.0000E+00  0.4346E-01  0.4360E-01  0.0000E+00  0.0000E+00  0.0000E+00  0.0000E+00  0.0000E+00  0.0000E+00  0.3499E-01  0.3465E-01  0.7866E-01  0.7866E-01  0.0000E+00  0.0000E+00  0.0000E+00  0.0000E+00  0.0000E+00  0.0000E+00  0.0000E+00  0.0000E+00  0.1312E-01  0.1272E-01  0.0000E+00  0.0000E+00  0.0000E+00  0.0000E+00  0.6914E-03  0.7422E-03  0.0000E+00  0.0000E+00
  0.0000E+00  0.0000E+00  0.4417E-01  0.4366E-01  0.0000E+00  0.0000E+00  0.0000E+00  0.0000E+00  0.0000E+00  0.0000E+00  0.3475E-01  0.3516E-01  0.7864E-01  0.7977E-01  0.0000E+00  0.0000E+00  0.0000E+00  0.0000E+00  0.0000E+00  0.0000E+00  0.0000E+00  0.0000E+00  0.1295E-01  0.1277E-01  0.0000E+00  0.0000E+00  0.0000E+00  0.0000E+00  0.6602E-03  0.6484E-03  0.0000E+00  0.0000E+00
  0.0000E+00  0.0000E+00  0.4438E-01  0.4395E-01  0.0000E+00  0.0000E+00  0.0000E+00  0.0000E+00  0.0000E+00  0.0000E+00  0.3464E-01  0.3463E-01  0.0000E+00  0.0000E+00  0.0000E+00  0.0000E+00  0.0000E+00  0.0000E+00  0.0000E+00  0.0000E+00  0.0000E+00  0.0000E+00  0.0000E+00  0.0000E+00  0.0000E+00  0.0000E+00  0.0000E+00  0.0000E+00  0.0000E+00  0.0000E+00  0.0000E+00  0.0000E+00
Thanks for using LHAPDF 6.2.1. Please make sure to cite the paper:
  Eur.Phys.J. C75 (2015) 3, 132  (http://arxiv.org/abs/1412.7420)
  0.0000E+00  0.0000E+00  0.4462E-01  0.4407E-01  0.0000E+00  0.0000E+00  0.0000E+00  0.0000E+00  0.0000E+00  0.0000E+00  0.3482E-01  0.3441E-01  0.0000E+00  0.0000E+00  0.0000E+00  0.0000E+00  0.0000E+00  0.0000E+00  0.0000E+00  0.0000E+00  0.0000E+00  0.0000E+00  0.0000E+00  0.0000E+00  0.0000E+00  0.0000E+00  0.0000E+00  0.0000E+00  0.0000E+00  0.0000E+00  0.0000E+00  0.0000E+00
 Events:
           0           0       11125       11162           0           0           0           0           0           0        8957        8871       20137       20136           0           0           0           0           0           0           0           0        3358        3257           0           0           0           0         177         190           0           0
           0           0       11307       11178           0           0           0           0           0           0        8897        9000       20131       20421           0           0           0           0           0           0           0           0        3315        3269           0           0           0           0         169         166           0           0
           0           0       11362       11250           0           0           0           0           0           0        8869        8866           0           0           0           0           0           0           0           0           0           0           0           0           0           0           0           0           0           0           0           0
           0           0       11424       11283           0           0           0           0           0           0        8913        8810           0           0           0           0           0           0           0           0           0           0           0           0           0           0           0           0           0           0           0           0
 Accuracy:    0.034   0.010   0.019   3.228
 Found        18271  events.
 Wrote           47  events.
 Actual xsec    4.8047055554644363E-007
 Correct abs xsec    4.8047055554644363E-007
 Event xsec    4.8047055554644416E-007
 Events wgts > 1:            0
 % Cross section > 1:    0.0000000000000000        0.0000000000000000     

 -------------------------------------------------------------------------------
 Accumulated results:   Integral =  0.4701E-06
                        Std dev  =  0.8805E-08
                       Cross sec =  0.4701E-06
             Chi**2 per DoF.     =      3.2278
 -------------------------------------------------------------------------------
-------------------------------------------------
---------------------------
 Results Last   3 iters: Integral =   0.4805E-06
                     Abs integral =   0.4805E-06
                          Std dev =   0.9486E-08
                  Chi**2 per DoF. =      2.8927
-------------------------------------------------
---------------------------
 Status   1.0000000000000000E-002           9           8

ls status:
events.lhe
ftn26
input_app.txt
results.dat
run1_app.log
