==== LHAPDF6 USING DEFAULT-TYPE LHAGLUE INTERFACE ====
LHAPDF 6.2.1 loading /cvmfs/cms.cern.ch/slc6_amd64_gcc630/external/lhapdf/6.2.1-ghjeda2/share/LHAPDF/NNPDF31_nnlo_as_0118_nf_4_mc_hessian/NNPDF31_nnlo_as_0118_nf_4_mc_hessian_0000.dat
NNPDF31_nnlo_as_0118_nf_4_mc_hessian PDF set, member #0, version 1; LHAPDF ID = 325500
 Process in group number            1
 A PDF is used, so alpha_s(MZ) is going to be modified
 Old value of alpha_s from param_card:   0.11810000000000001     
 New value of alpha_s from PDF lhapdf :  0.11266013434007299     
 using LHAPDF
 Define smin to   10000.000000000000     
 Define smin to   10000.000000000000     
 Define smin to   10000.000000000000     
 Define smin to   10000.000000000000     
 Define smin to   10000.000000000000     
 Define smin to   10000.000000000000     
 Define smin to   10000.000000000000     
 *****************************************************
 *               MadGraph/MadEvent                   *
 *        --------------------------------           *
 *          http://madgraph.hep.uiuc.edu             *
 *          http://madgraph.phys.ucl.ac.be           *
 *          http://madgraph.roma2.infn.it            *
 *        --------------------------------           *
 *                                                   *
 *          PARAMETER AND COUPLING VALUES            *
 *                                                   *
 *****************************************************

  External Params
  ---------------------------------
  
 mdl_MW0 =    80.387000000000000     
 mdl_Gf =    1.1663789999999999E-005
 aS =   0.11810000000000001     
 mdl_ymdo =    1.0000000000000000E-099
 mdl_ymb =    4.1799999999999997     
 mdl_ymt =    173.19999999999999     
 mdl_ymtau =    1.7769999999999999     
 mdl_LambdaSMEFT =    1000.0000000000000     
 mdl_cW =    1.0000000000000000     
 mdl_MZ =    91.187600000000003     
 mdl_MTA =    1.7769999999999999     
 mdl_MT =    173.19999999999999     
 mdl_MB =    4.1799999999999997     
 mdl_MH =    125.09000000000000     
 mdl_WZ =    2.4952000000000001     
 mdl_WW =    2.0850000000000000     
 mdl_WT =    1.5083359999999999     
 mdl_WH =    4.0699999999999998E-003
  Internal Params
  ---------------------------------
  
 mdl_ymm =    1.0000000000000000E-099
 mdl_yme =    1.0000000000000000E-099
 mdl_ymc =    1.0000000000000000E-099
 mdl_yms =    1.0000000000000000E-099
 mdl_ymup =    1.0000000000000000E-099
 mdl_conjg__CKM3x3 =    1.0000000000000000     
 mdl_cH =    0.0000000000000000     
 mdl_cHB =    0.0000000000000000     
 mdl_CKM2x2 =    1.0000000000000000     
 mdl_CKM1x1 =    1.0000000000000000     
 mdl_conjg__CKM1x1 =    1.0000000000000000     
 mdl_dGf =    0.0000000000000000     
 mdl_CKM3x3 =    1.0000000000000000     
 mdl_dMH2 =    0.0000000000000000     
 mdl_conjg__CKM2x2 =    1.0000000000000000     
 mdl_dg1 =    0.0000000000000000     
 mdl_cHW =    0.0000000000000000     
 mdl_dgw =    0.0000000000000000     
 mdl_complexi =  (  0.0000000000000000     ,  1.0000000000000000     )
 mdl_MW =    80.387000000000000     
 mdl_nb__2__exp__0_25 =    1.1892071150027210     
 mdl_MH__exp__2 =    15647.508100000001     
 mdl_sqrt__2 =    1.4142135623730951     
 mdl_MW__exp__2 =    6462.0697689999997     
 mdl_MZ__exp__2 =    8315.1783937600012     
 mdl_sth2 =   0.22285855299877133     
 mdl_MH__exp__6 =    3831206449390.3818     
 mdl_MT__exp__6 =    26995248278778.535     
 mdl_MH__exp__4 =    244844509.73956564     
 mdl_MT__exp__4 =    899894403.09759963     
 mdl_MT__exp__2 =    29998.239999999994     
 mdl_LambdaSMEFT__exp__2 =    1000000.0000000000     
 mdl_cth =   0.88155626422890820     
 mdl_sqrt__sth2 =   0.47207896902824564     
 mdl_sth =   0.47207896902824564     
 mdl_MW0__exp__6 =    269845343347.69711     
 mdl_MW0__exp__4 =    41758345.699423708     
 mdl_MW0__exp__2 =    6462.0697689999997     
 mdl_MZ__exp__4 =    69142191.720053151     
 mdl_MZ__exp__6 =    574929658687.79749     
 mdl_cth__exp__2 =   0.77714144700122867     
 mdl_sth__exp__2 =   0.22285855299877130     
 mdl_sth__exp__3 =   0.10520683593878660     
 mdl_cth__exp__3 =   0.68509391079585125     
 mdl_sth__exp__4 =    4.9665934644706158E-002
 mdl_sqrt__Gf =    3.4152291284773265E-003
 mdl_vevhat =    246.21961912951551     
 mdl_lam =   0.12905352724481209     
 mdl_aEW =    7.5614618607353409E-003
 mdl_yb =    2.4008698866559607E-002
 mdl_yc =    5.7437078628133041E-102
 mdl_ydo =    5.7437078628133041E-102
 mdl_ye =    5.7437078628133041E-102
 mdl_ym =    5.7437078628133041E-102
 mdl_ys =    5.7437078628133041E-102
 mdl_yt =   0.99481020183926416     
 mdl_ytau =    1.0206568872219240E-002
 mdl_yup =    5.7437078628133041E-102
 mdl_vevhat__exp__2 =    60624.100844283676     
 mdl_barlam =   0.12905352724481209     
 mdl_vevT =    246.21961912951551     
 mdl_sqrt__aEW =    8.6956666568672819E-002
 mdl_ee =   0.30825335704310214     
 mdl_gwsh =   0.65296989967087182     
 mdl_vev =    246.21961912951551     
 mdl_g1 =   0.34966952144878632     
 mdl_gw =   0.65296989967087182     
 mdl_ee__exp__2 =    9.5020132128342205E-002
 mdl_gHaa =   -1.9303830602986922E-003
 mdl_gHza =   -6.8546472954154700E-003
 mdl_g1sh =   0.34966952144878632     
 mdl_I1d11 =  (  5.7437078628133041E-102,  0.0000000000000000     )
 mdl_I1d22 =  (  5.7437078628133041E-102,  0.0000000000000000     )
 mdl_I1d33 =  (  2.4008698866559607E-002,  0.0000000000000000     )
 mdl_I2d11 =  (  5.7437078628133041E-102,  0.0000000000000000     )
 mdl_I2d22 =  (  5.7437078628133041E-102,  0.0000000000000000     )
 mdl_I2d33 =  ( 0.99481020183926416     ,  0.0000000000000000     )
 mdl_I3d11 =  (  5.7437078628133041E-102,  0.0000000000000000     )
 mdl_I3d22 =  (  5.7437078628133041E-102,  0.0000000000000000     )
 mdl_I3d33 =  (  2.4008698866559607E-002,  0.0000000000000000     )
 mdl_I4d11 =  (  5.7437078628133041E-102,  0.0000000000000000     )
 mdl_I4d22 =  (  5.7437078628133041E-102,  0.0000000000000000     )
 mdl_I4d33 =  ( 0.99481020183926416     ,  0.0000000000000000     )
 mdl_I5d11 =  (  5.7437078628133041E-102,  0.0000000000000000     )
 mdl_I5d22 =  (  5.7437078628133041E-102,  0.0000000000000000     )
 mdl_I5d33 =  (  2.4008698866559607E-002,  0.0000000000000000     )
 mdl_I6d11 =  (  5.7437078628133041E-102,  0.0000000000000000     )
 mdl_I6d22 =  (  5.7437078628133041E-102,  0.0000000000000000     )
 mdl_I6d33 =  ( 0.99481020183926416     ,  0.0000000000000000     )
 mdl_ee__exp__3 =    2.9290274715240611E-002
 mdl_vevhat__exp__3 =    14926843.019948866     
  Internal Params evaluated point by point
  ----------------------------------------
  
 mdl_sqrt__aS =   0.34365680554879169     
 mdl_G__exp__2 =    1.4840883695558185     
 mdl_gHgg =    3.2334372328970845E-003
 mdl_G__exp__3 =  (  1.8079634332366095     ,  0.0000000000000000     )
  Couplings of SMEFTsim_A_U35_MwScheme_UFO_v3_1-cW_massless
  ---------------------------------
  
        GC_64 =   0.00000E+00   0.52893E-05
       GC_345 =   0.00000E+00   0.28325E-05
         GC_1 =   0.00000E+00   0.10275E+00
         GC_2 =  -0.00000E+00  -0.20550E+00
         GC_3 =  -0.00000E+00  -0.30825E+00
       GC_278 =  -0.00000E+00  -0.37035E+00
       GC_280 =  -0.00000E+00  -0.57563E+00
       GC_318 =   0.00000E+00   0.39178E-05
       GC_328 =  -0.00000E+00  -0.55024E-01
       GC_329 =   0.00000E+00   0.11005E+00
       GC_330 =  -0.00000E+00  -0.16507E+00
      GC_1073 =  -0.00000E+00  -0.46172E+00

 Collider parameters:
 --------------------

 Running at P P   machine @    13000.000000000000       GeV
 PDF set = lhapdf 
 alpha_s(Mz)= 0.1127 running at 3 loops.
 alpha_s(Mz)= 0.1127 running at 3 loops.
 Renormalization scale set on event-by-event basis
 Factorization   scale set on event-by-event basis


 getting user params
Enter number of events and max and min iterations: 
 Number of events and iterations         2000           8           3
Enter desired fractional accuracy: 
 Desired fractional accuracy:    1.0000000000000000E-002
Enter 0 for fixed, 2 for adjustable grid: 
Suppress amplitude (0 no, 1 yes)? 
 Using suppressed amplitude.
Exact helicity sum (0 yes, n = number/event)? 
 Explicitly summing over helicities
Enter Configuration Number: 
Running Configuration Number:  162
 Using dconfig=          71
 BW Setting            2           2           1           2           0           0
 Attempting mappinvarients           1           8
 Completed mapping           8
 about to integrate           16        2000           8           3          16           1
 Using non-zero grid deformation.
 16 dimensions   2000 events 16 invarients  8 iterations  1 config(s),  (0.99)
 Using h-tuple random number sequence.
 Error opening grid
 Using Uniform Grid!          32
 Using uniform alpha   1.0000000000000000     
 Grid defined OK
 Set CM energy to      13000.00
 Mapping Graph         162  to config         162
Setting grid   1    0.18685E-07   1
Setting grid   2    0.18685E-07   1
Setting grid   3    0.18685E-07   1
 Setting BW          -4           3   80.387000000000000     
Setting grid   5    0.30453E-04   1
 Transforming s_hat 1/s           15   5.9171597633136108E-005   10000.000000000000        168999999.99999997     
 162   1   2   3   4   5   6   7   8   9  10  11  12  13  14
  15  16
 Masses: 0.000E+00 0.000E+00 0.178E+01 0.178E+01 0.000E+00 0.000E+00 0.000E+00 0.000E+00
Using random seed offsets   162 :      2
  with seed                   24
 Ranmar initialization seeds       31220        9399
 
 ********************************************
 * You are using the DiscreteSampler module *
 *      part of the MG5_aMC framework       *
 *         Author: Valentin Hirschi         *
 ********************************************
 
  Particle       3       4       5       6       7       8
      Et >     0.0     0.0     0.0     0.0    10.0    10.0
       E >     0.0     0.0     0.0     0.0     0.0     0.0
     Eta <    -1.0    -1.0    -1.0    -1.0     6.5     6.5
   xqcut:      0.0     0.0     0.0     0.0     0.0     0.0
d R # 3  >    -0.0     0.4     0.0     0.0     0.4     0.4
d R # 4  >    -0.0    -0.0     0.0     0.0     0.4     0.4
d R # 5  >    -0.0    -0.0    -0.0     0.0     0.0     0.0
d R # 6  >    -0.0    -0.0    -0.0    -0.0     0.0     0.0
d R # 7  >    -0.0    -0.0    -0.0    -0.0    -0.0     0.4
s min # 3>     0.0     0.0     0.0     0.0     0.0     0.0
s min # 4>     0.0     0.0     0.0     0.0     0.0     0.0
s min # 5>     0.0     0.0     0.0     0.0     0.0     0.0
s min # 6>     0.0     0.0     0.0     0.0     0.0     0.0
s min # 7>     0.0     0.0     0.0     0.0     0.0 10000.0
xqcutij # 3>     0.0     0.0     0.0     0.0     0.0     0.0
xqcutij # 4>     0.0     0.0     0.0     0.0     0.0     0.0
xqcutij # 5>     0.0     0.0     0.0     0.0     0.0     0.0
xqcutij # 6>     0.0     0.0     0.0     0.0     0.0     0.0
xqcutij # 7>     0.0     0.0     0.0     0.0     0.0     0.0
 Excluding BW           -1           1
 Excluding BW           -3           2
 Requiring BW           -4           3
 Excluding BW           -5           4
 alpha_s for scale    192.31913890615547       is   0.10079072645348945     
 Added good helicity          193   255.46622474782836       in event            1 local:           1
 Added good helicity          209   1.3131794472364152E-002  in event            1 local:           1
 Added good helicity          225  0.52061042009074843       in event            1 local:           1
 Added good helicity          241   3.3037608477623209E-005  in event            1 local:           1
 Added good helicity          193   255.46622474782836       in event            1 local:           1
 Added good helicity          209   1.3131794472366254E-002  in event            1 local:           1
 Added good helicity          225  0.52061042009074865       in event            1 local:           1
 Added good helicity          241   3.3037608477627153E-005  in event            1 local:           1
 RESET CUMULATIVE VARIABLE
 RESET CUMULATIVE VARIABLE
 RESET CUMULATIVE VARIABLE
 Iteration  1   Mean: 0.3908E-07 Abs mean: 0.3908E-07   Fluctuation:  0.204E-07   0.324E-04     2.3%
  1    0.3908E-07 0.3908E-07 +- 0.2041E-07     23.36
 Writing out events   1.0435446639378564E-010   23.359383013015123     
 Relative summed weights:
  0.0000E+00  0.0000E+00  0.5281E-03  0.1773E-03  0.0000E+00  0.0000E+00  0.0000E+00  0.0000E+00  0.2207E-02  0.1322E-02  0.0000E+00  0.0000E+00  0.0000E+00  0.0000E+00
  0.0000E+00  0.0000E+00  0.3017E+00  0.2147E-02  0.0000E+00  0.0000E+00  0.0000E+00  0.0000E+00  0.1117E-02  0.3098E-02  0.0000E+00  0.0000E+00  0.0000E+00  0.0000E+00
  0.0000E+00  0.0000E+00  0.1394E-01  0.6816E-03  0.0000E+00  0.0000E+00  0.0000E+00  0.0000E+00  0.2632E-02  0.8744E-01  0.0000E+00  0.0000E+00  0.0000E+00  0.0000E+00
  0.0000E+00  0.0000E+00  0.8503E-02  0.3328E-02  0.0000E+00  0.0000E+00  0.0000E+00  0.0000E+00  0.7178E-03  0.1405E-02  0.0000E+00  0.0000E+00  0.0000E+00  0.0000E+00
  0.0000E+00  0.0000E+00  0.3459E-03  0.3837E-03  0.0000E+00  0.0000E+00  0.0000E+00  0.0000E+00  0.2307E-01  0.2590E-02  0.0000E+00  0.0000E+00  0.0000E+00  0.0000E+00
  0.0000E+00  0.0000E+00  0.5398E-02  0.2780E-01  0.0000E+00  0.0000E+00  0.0000E+00  0.0000E+00  0.2978E-03  0.4749E+00  0.0000E+00  0.0000E+00  0.0000E+00  0.0000E+00
  0.0000E+00  0.0000E+00  0.5367E-03  0.2434E-01  0.0000E+00  0.0000E+00  0.0000E+00  0.0000E+00  0.1480E-03  0.1747E-02  0.0000E+00  0.0000E+00  0.0000E+00  0.0000E+00
  0.0000E+00  0.0000E+00  0.6488E-03  0.4247E-02  0.0000E+00  0.0000E+00  0.0000E+00  0.0000E+00  0.2376E-03  0.2410E-02  0.0000E+00  0.0000E+00  0.0000E+00  0.0000E+00
 Relative number of events:
  0.0000E+00  0.0000E+00  0.2091E-01  0.2190E-01  0.0000E+00  0.0000E+00  0.0000E+00  0.0000E+00  0.2140E-01  0.1643E-01  0.0000E+00  0.0000E+00  0.0000E+00  0.0000E+00
  0.0000E+00  0.0000E+00  0.7168E-01  0.5674E-01  0.0000E+00  0.0000E+00  0.0000E+00  0.0000E+00  0.2240E-01  0.2339E-01  0.0000E+00  0.0000E+00  0.0000E+00  0.0000E+00
  0.0000E+00  0.0000E+00  0.2339E-01  0.1742E-01  0.0000E+00  0.0000E+00  0.0000E+00  0.0000E+00  0.2389E-01  0.1692E-01  0.0000E+00  0.0000E+00  0.0000E+00  0.0000E+00
  0.0000E+00  0.0000E+00  0.6421E-01  0.5226E-01  0.0000E+00  0.0000E+00  0.0000E+00  0.0000E+00  0.2439E-01  0.2837E-01  0.0000E+00  0.0000E+00  0.0000E+00  0.0000E+00
  0.0000E+00  0.0000E+00  0.2339E-01  0.1991E-01  0.0000E+00  0.0000E+00  0.0000E+00  0.0000E+00  0.2240E-01  0.2588E-01  0.0000E+00  0.0000E+00  0.0000E+00  0.0000E+00
  0.0000E+00  0.0000E+00  0.5923E-01  0.5426E-01  0.0000E+00  0.0000E+00  0.0000E+00  0.0000E+00  0.2041E-01  0.3036E-01  0.0000E+00  0.0000E+00  0.0000E+00  0.0000E+00
  0.0000E+00  0.0000E+00  0.1991E-01  0.1991E-01  0.0000E+00  0.0000E+00  0.0000E+00  0.0000E+00  0.2140E-01  0.2041E-01  0.0000E+00  0.0000E+00  0.0000E+00  0.0000E+00
  0.0000E+00  0.0000E+00  0.4978E-01  0.6322E-01  0.0000E+00  0.0000E+00  0.0000E+00  0.0000E+00  0.1842E-01  0.2539E-01  0.0000E+00  0.0000E+00  0.0000E+00  0.0000E+00
 Events:
           0           0          42          44           0           0           0           0          43          33           0           0           0           0
           0           0         144         114           0           0           0           0          45          47           0           0           0           0
           0           0          47          35           0           0           0           0          48          34           0           0           0           0
           0           0         129         105           0           0           0           0          49          57           0           0           0           0
           0           0          47          40           0           0           0           0          45          52           0           0           0           0
           0           0         119         109           0           0           0           0          41          61           0           0           0           0
           0           0          40          40           0           0           0           0          43          41           0           0           0           0
           0           0         100         127           0           0           0           0          37          51           0           0           0           0
 Iteration  2   Mean: 0.4231E-07 Abs mean: 0.4231E-07   Fluctuation:  0.182E-07   0.551E-04    28.0%
  2    0.4231E-07 0.4231E-07 +- 0.1816E-07     27.15
 Relative summed weights:
  0.0000E+00  0.0000E+00  0.1065E-01  0.1467E-02  0.0000E+00  0.0000E+00  0.0000E+00  0.0000E+00  0.9840E-03  0.4732E-01  0.0000E+00  0.0000E+00  0.0000E+00  0.0000E+00
  0.0000E+00  0.0000E+00  0.2615E+00  0.8832E-03  0.0000E+00  0.0000E+00  0.0000E+00  0.0000E+00  0.6362E-03  0.9483E-02  0.0000E+00  0.0000E+00  0.0000E+00  0.0000E+00
  0.0000E+00  0.0000E+00  0.5927E-02  0.1157E-01  0.0000E+00  0.0000E+00  0.0000E+00  0.0000E+00  0.6506E-02  0.7795E-03  0.0000E+00  0.0000E+00  0.0000E+00  0.0000E+00
  0.0000E+00  0.0000E+00  0.4281E-02  0.2461E-01  0.0000E+00  0.0000E+00  0.0000E+00  0.0000E+00  0.3392E-02  0.8817E-01  0.0000E+00  0.0000E+00  0.0000E+00  0.0000E+00
  0.0000E+00  0.0000E+00  0.5980E-02  0.1755E-01  0.0000E+00  0.0000E+00  0.0000E+00  0.0000E+00  0.5372E-01  0.7068E-03  0.0000E+00  0.0000E+00  0.0000E+00  0.0000E+00
  0.0000E+00  0.0000E+00  0.3319E+00  0.3529E-02  0.0000E+00  0.0000E+00  0.0000E+00  0.0000E+00  0.1133E-02  0.7317E-02  0.0000E+00  0.0000E+00  0.0000E+00  0.0000E+00
  0.0000E+00  0.0000E+00  0.1405E-02  0.2936E-01  0.0000E+00  0.0000E+00  0.0000E+00  0.0000E+00  0.3729E-02  0.2281E-01  0.0000E+00  0.0000E+00  0.0000E+00  0.0000E+00
  0.0000E+00  0.0000E+00  0.2578E-02  0.2675E-01  0.0000E+00  0.0000E+00  0.0000E+00  0.0000E+00  0.2751E-02  0.1066E-01  0.0000E+00  0.0000E+00  0.0000E+00  0.0000E+00
 Relative number of events:
  0.0000E+00  0.0000E+00  0.2000E-01  0.2250E-01  0.0000E+00  0.0000E+00  0.0000E+00  0.0000E+00  0.2225E-01  0.1675E-01  0.0000E+00  0.0000E+00  0.0000E+00  0.0000E+00
  0.0000E+00  0.0000E+00  0.5800E-01  0.5775E-01  0.0000E+00  0.0000E+00  0.0000E+00  0.0000E+00  0.2775E-01  0.2950E-01  0.0000E+00  0.0000E+00  0.0000E+00  0.0000E+00
  0.0000E+00  0.0000E+00  0.1775E-01  0.2275E-01  0.0000E+00  0.0000E+00  0.0000E+00  0.0000E+00  0.1975E-01  0.1700E-01  0.0000E+00  0.0000E+00  0.0000E+00  0.0000E+00
  0.0000E+00  0.0000E+00  0.6050E-01  0.5700E-01  0.0000E+00  0.0000E+00  0.0000E+00  0.0000E+00  0.2650E-01  0.2175E-01  0.0000E+00  0.0000E+00  0.0000E+00  0.0000E+00
  0.0000E+00  0.0000E+00  0.2500E-01  0.2675E-01  0.0000E+00  0.0000E+00  0.0000E+00  0.0000E+00  0.1725E-01  0.1775E-01  0.0000E+00  0.0000E+00  0.0000E+00  0.0000E+00
  0.0000E+00  0.0000E+00  0.5700E-01  0.5375E-01  0.0000E+00  0.0000E+00  0.0000E+00  0.0000E+00  0.2100E-01  0.2850E-01  0.0000E+00  0.0000E+00  0.0000E+00  0.0000E+00
  0.0000E+00  0.0000E+00  0.2525E-01  0.2475E-01  0.0000E+00  0.0000E+00  0.0000E+00  0.0000E+00  0.1875E-01  0.1950E-01  0.0000E+00  0.0000E+00  0.0000E+00  0.0000E+00
  0.0000E+00  0.0000E+00  0.5575E-01  0.5700E-01  0.0000E+00  0.0000E+00  0.0000E+00  0.0000E+00  0.3200E-01  0.2250E-01  0.0000E+00  0.0000E+00  0.0000E+00  0.0000E+00
 Events:
           0           0          80          90           0           0           0           0          89          67           0           0           0           0
           0           0         232         231           0           0           0           0         111         118           0           0           0           0
           0           0          71          91           0           0           0           0          79          68           0           0           0           0
           0           0         242         228           0           0           0           0         106          87           0           0           0           0
           0           0         100         107           0           0           0           0          69          71           0           0           0           0
           0           0         228         215           0           0           0           0          84         114           0           0           0           0
           0           0         101          99           0           0           0           0          75          78           0           0           0           0
           0           0         223         228           0           0           0           0         128          90           0           0           0           0
 Iteration  3   Mean: 0.9247E-07 Abs mean: 0.9247E-07   Fluctuation:  0.478E-07   0.368E-03    43.0%
  3    0.9247E-07 0.9247E-07 +- 0.4785E-07     46.28
 Relative summed weights:
  0.0000E+00  0.0000E+00  0.8116E-02  0.3280E-02  0.0000E+00  0.0000E+00  0.0000E+00  0.0000E+00  0.3538E-01  0.5864E-02  0.0000E+00  0.0000E+00  0.0000E+00  0.0000E+00
  0.0000E+00  0.0000E+00  0.6549E-01  0.3929E-02  0.0000E+00  0.0000E+00  0.0000E+00  0.0000E+00  0.1415E-02  0.2663E-02  0.0000E+00  0.0000E+00  0.0000E+00  0.0000E+00
  0.0000E+00  0.0000E+00  0.1043E+00  0.6718E-02  0.0000E+00  0.0000E+00  0.0000E+00  0.0000E+00  0.2986E-02  0.5384E-02  0.0000E+00  0.0000E+00  0.0000E+00  0.0000E+00
  0.0000E+00  0.0000E+00  0.2113E-01  0.6779E-02  0.0000E+00  0.0000E+00  0.0000E+00  0.0000E+00  0.6938E-02  0.1019E-02  0.0000E+00  0.0000E+00  0.0000E+00  0.0000E+00
  0.0000E+00  0.0000E+00  0.1386E+00  0.1585E-02  0.0000E+00  0.0000E+00  0.0000E+00  0.0000E+00  0.3621E-02  0.5308E-02  0.0000E+00  0.0000E+00  0.0000E+00  0.0000E+00
  0.0000E+00  0.0000E+00  0.5792E-02  0.1420E-01  0.0000E+00  0.0000E+00  0.0000E+00  0.0000E+00  0.3159E-02  0.1435E-02  0.0000E+00  0.0000E+00  0.0000E+00  0.0000E+00
  0.0000E+00  0.0000E+00  0.2392E-01  0.4989E+00  0.0000E+00  0.0000E+00  0.0000E+00  0.0000E+00  0.2059E-02  0.2102E-02  0.0000E+00  0.0000E+00  0.0000E+00  0.0000E+00
  0.0000E+00  0.0000E+00  0.6208E-02  0.5578E-02  0.0000E+00  0.0000E+00  0.0000E+00  0.0000E+00  0.4555E-02  0.1591E-02  0.0000E+00  0.0000E+00  0.0000E+00  0.0000E+00
 Relative number of events:
  0.0000E+00  0.0000E+00  0.2113E-01  0.2363E-01  0.0000E+00  0.0000E+00  0.0000E+00  0.0000E+00  0.2125E-01  0.2050E-01  0.0000E+00  0.0000E+00  0.0000E+00  0.0000E+00
  0.0000E+00  0.0000E+00  0.5613E-01  0.5838E-01  0.0000E+00  0.0000E+00  0.0000E+00  0.0000E+00  0.2262E-01  0.2475E-01  0.0000E+00  0.0000E+00  0.0000E+00  0.0000E+00
  0.0000E+00  0.0000E+00  0.2438E-01  0.1988E-01  0.0000E+00  0.0000E+00  0.0000E+00  0.0000E+00  0.2100E-01  0.1963E-01  0.0000E+00  0.0000E+00  0.0000E+00  0.0000E+00
  0.0000E+00  0.0000E+00  0.5725E-01  0.5663E-01  0.0000E+00  0.0000E+00  0.0000E+00  0.0000E+00  0.2325E-01  0.2250E-01  0.0000E+00  0.0000E+00  0.0000E+00  0.0000E+00
  0.0000E+00  0.0000E+00  0.2413E-01  0.2400E-01  0.0000E+00  0.0000E+00  0.0000E+00  0.0000E+00  0.2000E-01  0.2125E-01  0.0000E+00  0.0000E+00  0.0000E+00  0.0000E+00
  0.0000E+00  0.0000E+00  0.5725E-01  0.6112E-01  0.0000E+00  0.0000E+00  0.0000E+00  0.0000E+00  0.2500E-01  0.2662E-01  0.0000E+00  0.0000E+00  0.0000E+00  0.0000E+00
  0.0000E+00  0.0000E+00  0.2438E-01  0.2262E-01  0.0000E+00  0.0000E+00  0.0000E+00  0.0000E+00  0.1950E-01  0.1825E-01  0.0000E+00  0.0000E+00  0.0000E+00  0.0000E+00
  0.0000E+00  0.0000E+00  0.5813E-01  0.5625E-01  0.0000E+00  0.0000E+00  0.0000E+00  0.0000E+00  0.2513E-01  0.2350E-01  0.0000E+00  0.0000E+00  0.0000E+00  0.0000E+00
 Events:
           0           0         169         189           0           0           0           0         170         164           0           0           0           0
           0           0         449         467           0           0           0           0         181         198           0           0           0           0
           0           0         195         159           0           0           0           0         168         157           0           0           0           0
           0           0         458         453           0           0           0           0         186         180           0           0           0           0
           0           0         193         192           0           0           0           0         160         170           0           0           0           0
           0           0         458         489           0           0           0           0         200         213           0           0           0           0
           0           0         195         181           0           0           0           0         156         146           0           0           0           0
           0           0         465         450           0           0           0           0         201         188           0           0           0           0
 Accuracy:    0.296   0.010   0.279   1.122
 Found          249  events.
 Wrote            1  events.
 Actual xsec    5.5992104808990298E-008
 Correct abs xsec    5.5992104808990298E-008
 Event xsec    5.5992104808990298E-008
 Events wgts > 1:            0
 % Cross section > 1:    0.0000000000000000        0.0000000000000000     
 Iteration  4   Mean: 0.3483E-07 Abs mean: 0.3483E-07   Fluctuation:  0.505E-08   0.429E-04    57.4%
  4    0.3483E-07 0.3483E-07 +- 0.5054E-08     18.35
 Relative summed weights:
  0.0000E+00  0.0000E+00  0.2948E-01  0.1290E-01  0.0000E+00  0.0000E+00  0.0000E+00  0.0000E+00  0.3614E-01  0.1610E-01  0.0000E+00  0.0000E+00  0.0000E+00  0.0000E+00
  0.0000E+00  0.0000E+00  0.9147E-01  0.1123E+00  0.0000E+00  0.0000E+00  0.0000E+00  0.0000E+00  0.5598E-02  0.6373E-02  0.0000E+00  0.0000E+00  0.0000E+00  0.0000E+00
  0.0000E+00  0.0000E+00  0.1544E-01  0.1315E-01  0.0000E+00  0.0000E+00  0.0000E+00  0.0000E+00  0.5914E-01  0.6315E-02  0.0000E+00  0.0000E+00  0.0000E+00  0.0000E+00
  0.0000E+00  0.0000E+00  0.1110E-01  0.3327E-01  0.0000E+00  0.0000E+00  0.0000E+00  0.0000E+00  0.7857E-02  0.2922E-01  0.0000E+00  0.0000E+00  0.0000E+00  0.0000E+00
  0.0000E+00  0.0000E+00  0.4555E-01  0.1611E-01  0.0000E+00  0.0000E+00  0.0000E+00  0.0000E+00  0.1703E-01  0.4476E-01  0.0000E+00  0.0000E+00  0.0000E+00  0.0000E+00
  0.0000E+00  0.0000E+00  0.3287E-01  0.9457E-02  0.0000E+00  0.0000E+00  0.0000E+00  0.0000E+00  0.5479E-02  0.8226E-01  0.0000E+00  0.0000E+00  0.0000E+00  0.0000E+00
  0.0000E+00  0.0000E+00  0.3069E-01  0.4916E-01  0.0000E+00  0.0000E+00  0.0000E+00  0.0000E+00  0.1346E-01  0.1147E-01  0.0000E+00  0.0000E+00  0.0000E+00  0.0000E+00
  0.0000E+00  0.0000E+00  0.1466E-01  0.8049E-01  0.0000E+00  0.0000E+00  0.0000E+00  0.0000E+00  0.1448E-01  0.4627E-01  0.0000E+00  0.0000E+00  0.0000E+00  0.0000E+00
 Relative number of events:
  0.0000E+00  0.0000E+00  0.2075E-01  0.2231E-01  0.0000E+00  0.0000E+00  0.0000E+00  0.0000E+00  0.2312E-01  0.1825E-01  0.0000E+00  0.0000E+00  0.0000E+00  0.0000E+00
  0.0000E+00  0.0000E+00  0.5606E-01  0.5488E-01  0.0000E+00  0.0000E+00  0.0000E+00  0.0000E+00  0.2519E-01  0.2575E-01  0.0000E+00  0.0000E+00  0.0000E+00  0.0000E+00
  0.0000E+00  0.0000E+00  0.2194E-01  0.2337E-01  0.0000E+00  0.0000E+00  0.0000E+00  0.0000E+00  0.2169E-01  0.1988E-01  0.0000E+00  0.0000E+00  0.0000E+00  0.0000E+00
  0.0000E+00  0.0000E+00  0.5744E-01  0.5931E-01  0.0000E+00  0.0000E+00  0.0000E+00  0.0000E+00  0.2637E-01  0.2475E-01  0.0000E+00  0.0000E+00  0.0000E+00  0.0000E+00
  0.0000E+00  0.0000E+00  0.2294E-01  0.2356E-01  0.0000E+00  0.0000E+00  0.0000E+00  0.0000E+00  0.1956E-01  0.2038E-01  0.0000E+00  0.0000E+00  0.0000E+00  0.0000E+00
  0.0000E+00  0.0000E+00  0.5469E-01  0.5625E-01  0.0000E+00  0.0000E+00  0.0000E+00  0.0000E+00  0.2600E-01  0.2606E-01  0.0000E+00  0.0000E+00  0.0000E+00  0.0000E+00
  0.0000E+00  0.0000E+00  0.2312E-01  0.2406E-01  0.0000E+00  0.0000E+00  0.0000E+00  0.0000E+00  0.1975E-01  0.2100E-01  0.0000E+00  0.0000E+00  0.0000E+00  0.0000E+00
  0.0000E+00  0.0000E+00  0.5725E-01  0.5700E-01  0.0000E+00  0.0000E+00  0.0000E+00  0.0000E+00  0.2363E-01  0.2369E-01  0.0000E+00  0.0000E+00  0.0000E+00  0.0000E+00
 Events:
           0           0         332         357           0           0           0           0         370         292           0           0           0           0
           0           0         897         878           0           0           0           0         403         412           0           0           0           0
           0           0         351         374           0           0           0           0         347         318           0           0           0           0
           0           0         919         949           0           0           0           0         422         396           0           0           0           0
           0           0         367         377           0           0           0           0         313         326           0           0           0           0
           0           0         875         900           0           0           0           0         416         417           0           0           0           0
           0           0         370         385           0           0           0           0         316         336           0           0           0           0
           0           0         916         912           0           0           0           0         378         379           0           0           0           0
 Accuracy:    0.203   0.010   0.129   2.490
 Found          338  events.
 Wrote           11  events.
 Actual xsec    3.9347925181388097E-008
 Correct abs xsec    3.9347925181388097E-008
 Event xsec    3.9347925181388097E-008
 Events wgts > 1:            0
 % Cross section > 1:    0.0000000000000000        0.0000000000000000     
 Iteration  5   Mean: 0.3748E-07 Abs mean: 0.3748E-07   Fluctuation:  0.319E-08   0.553E-04    59.6%
  5    0.3748E-07 0.3748E-07 +- 0.3194E-08     15.24
 Relative summed weights:
  0.0000E+00  0.0000E+00  0.2949E-01  0.4364E-01  0.0000E+00  0.0000E+00  0.0000E+00  0.0000E+00  0.2211E-01  0.1885E-01  0.0000E+00  0.0000E+00  0.0000E+00  0.0000E+00
  0.0000E+00  0.0000E+00  0.1909E-01  0.2594E-01  0.0000E+00  0.0000E+00  0.0000E+00  0.0000E+00  0.2374E-01  0.1940E-01  0.0000E+00  0.0000E+00  0.0000E+00  0.0000E+00
  0.0000E+00  0.0000E+00  0.5934E-01  0.2294E-01  0.0000E+00  0.0000E+00  0.0000E+00  0.0000E+00  0.2642E-01  0.3697E-01  0.0000E+00  0.0000E+00  0.0000E+00  0.0000E+00
  0.0000E+00  0.0000E+00  0.2258E-01  0.1403E-01  0.0000E+00  0.0000E+00  0.0000E+00  0.0000E+00  0.7364E-01  0.1578E-01  0.0000E+00  0.0000E+00  0.0000E+00  0.0000E+00
  0.0000E+00  0.0000E+00  0.4136E-01  0.2769E-01  0.0000E+00  0.0000E+00  0.0000E+00  0.0000E+00  0.2317E-01  0.2568E-01  0.0000E+00  0.0000E+00  0.0000E+00  0.0000E+00
  0.0000E+00  0.0000E+00  0.9667E-01  0.4433E-01  0.0000E+00  0.0000E+00  0.0000E+00  0.0000E+00  0.1303E-01  0.1788E-01  0.0000E+00  0.0000E+00  0.0000E+00  0.0000E+00
  0.0000E+00  0.0000E+00  0.3551E-01  0.1609E-01  0.0000E+00  0.0000E+00  0.0000E+00  0.0000E+00  0.4661E-01  0.3879E-01  0.0000E+00  0.0000E+00  0.0000E+00  0.0000E+00
  0.0000E+00  0.0000E+00  0.3313E-01  0.2575E-01  0.0000E+00  0.0000E+00  0.0000E+00  0.0000E+00  0.2247E-01  0.1789E-01  0.0000E+00  0.0000E+00  0.0000E+00  0.0000E+00
 Relative number of events:
  0.0000E+00  0.0000E+00  0.2219E-01  0.2138E-01  0.0000E+00  0.0000E+00  0.0000E+00  0.0000E+00  0.1963E-01  0.2066E-01  0.0000E+00  0.0000E+00  0.0000E+00  0.0000E+00
  0.0000E+00  0.0000E+00  0.5391E-01  0.5741E-01  0.0000E+00  0.0000E+00  0.0000E+00  0.0000E+00  0.2650E-01  0.2616E-01  0.0000E+00  0.0000E+00  0.0000E+00  0.0000E+00
  0.0000E+00  0.0000E+00  0.2237E-01  0.2319E-01  0.0000E+00  0.0000E+00  0.0000E+00  0.0000E+00  0.2200E-01  0.2031E-01  0.0000E+00  0.0000E+00  0.0000E+00  0.0000E+00
  0.0000E+00  0.0000E+00  0.5694E-01  0.5578E-01  0.0000E+00  0.0000E+00  0.0000E+00  0.0000E+00  0.2397E-01  0.2484E-01  0.0000E+00  0.0000E+00  0.0000E+00  0.0000E+00
  0.0000E+00  0.0000E+00  0.2331E-01  0.2228E-01  0.0000E+00  0.0000E+00  0.0000E+00  0.0000E+00  0.1909E-01  0.2000E-01  0.0000E+00  0.0000E+00  0.0000E+00  0.0000E+00
  0.0000E+00  0.0000E+00  0.5900E-01  0.5838E-01  0.0000E+00  0.0000E+00  0.0000E+00  0.0000E+00  0.2506E-01  0.2647E-01  0.0000E+00  0.0000E+00  0.0000E+00  0.0000E+00
  0.0000E+00  0.0000E+00  0.2222E-01  0.2225E-01  0.0000E+00  0.0000E+00  0.0000E+00  0.0000E+00  0.2169E-01  0.2153E-01  0.0000E+00  0.0000E+00  0.0000E+00  0.0000E+00
  0.0000E+00  0.0000E+00  0.5634E-01  0.5603E-01  0.0000E+00  0.0000E+00  0.0000E+00  0.0000E+00  0.2544E-01  0.2369E-01  0.0000E+00  0.0000E+00  0.0000E+00  0.0000E+00
 Events:
           0           0         710         684           0           0           0           0         628         661           0           0           0           0
           0           0        1725        1837           0           0           0           0         848         837           0           0           0           0
           0           0         716         742           0           0           0           0         704         650           0           0           0           0
           0           0        1822        1785           0           0           0           0         767         795           0           0           0           0
           0           0         746         713           0           0           0           0         611         640           0           0           0           0
           0           0        1888        1868           0           0           0           0         802         847           0           0           0           0
           0           0         711         712           0           0           0           0         694         689           0           0           0           0
           0           0        1803        1793           0           0           0           0         814         758           0           0           0           0
 Accuracy:    0.101   0.010   0.071   2.021
 Found         1792  events.
 Wrote           19  events.
 Actual xsec    3.7899087588276914E-008
 Correct abs xsec    3.7899087588276914E-008
 Event xsec    3.7899087588276934E-008
 Events wgts > 1:            1
 % Cross section > 1:    3.1996645409806305E-010  0.84425899001599214     
 Iteration  6   Mean: 0.5332E-07 Abs mean: 0.5332E-07   Fluctuation:  0.866E-08   0.464E-03    61.4%
  6    0.5332E-07 0.5332E-07 +- 0.8663E-08     41.10
 Relative summed weights:
  0.0000E+00  0.0000E+00  0.3222E-01  0.1558E+00  0.0000E+00  0.0000E+00  0.0000E+00  0.0000E+00  0.1917E-01  0.2318E-01  0.0000E+00  0.0000E+00  0.0000E+00  0.0000E+00
  0.0000E+00  0.0000E+00  0.2900E-01  0.2311E-01  0.0000E+00  0.0000E+00  0.0000E+00  0.0000E+00  0.1514E-01  0.1745E-01  0.0000E+00  0.0000E+00  0.0000E+00  0.0000E+00
  0.0000E+00  0.0000E+00  0.5785E-01  0.3026E-01  0.0000E+00  0.0000E+00  0.0000E+00  0.0000E+00  0.1709E-01  0.2309E-01  0.0000E+00  0.0000E+00  0.0000E+00  0.0000E+00
  0.0000E+00  0.0000E+00  0.2820E-01  0.2318E-01  0.0000E+00  0.0000E+00  0.0000E+00  0.0000E+00  0.1768E-01  0.1313E-01  0.0000E+00  0.0000E+00  0.0000E+00  0.0000E+00
  0.0000E+00  0.0000E+00  0.1164E+00  0.3177E-01  0.0000E+00  0.0000E+00  0.0000E+00  0.0000E+00  0.2584E-01  0.2098E-01  0.0000E+00  0.0000E+00  0.0000E+00  0.0000E+00
  0.0000E+00  0.0000E+00  0.2678E-01  0.2775E-01  0.0000E+00  0.0000E+00  0.0000E+00  0.0000E+00  0.1459E-01  0.1542E-01  0.0000E+00  0.0000E+00  0.0000E+00  0.0000E+00
  0.0000E+00  0.0000E+00  0.3789E-01  0.3629E-01  0.0000E+00  0.0000E+00  0.0000E+00  0.0000E+00  0.1266E-01  0.2831E-01  0.0000E+00  0.0000E+00  0.0000E+00  0.0000E+00
  0.0000E+00  0.0000E+00  0.2688E-01  0.2792E-01  0.0000E+00  0.0000E+00  0.0000E+00  0.0000E+00  0.1480E-01  0.1014E-01  0.0000E+00  0.0000E+00  0.0000E+00  0.0000E+00
 Relative number of events:
  0.0000E+00  0.0000E+00  0.2297E-01  0.2205E-01  0.0000E+00  0.0000E+00  0.0000E+00  0.0000E+00  0.1975E-01  0.2073E-01  0.0000E+00  0.0000E+00  0.0000E+00  0.0000E+00
  0.0000E+00  0.0000E+00  0.5809E-01  0.5795E-01  0.0000E+00  0.0000E+00  0.0000E+00  0.0000E+00  0.2538E-01  0.2550E-01  0.0000E+00  0.0000E+00  0.0000E+00  0.0000E+00
  0.0000E+00  0.0000E+00  0.2223E-01  0.2187E-01  0.0000E+00  0.0000E+00  0.0000E+00  0.0000E+00  0.2086E-01  0.1959E-01  0.0000E+00  0.0000E+00  0.0000E+00  0.0000E+00
  0.0000E+00  0.0000E+00  0.5684E-01  0.5641E-01  0.0000E+00  0.0000E+00  0.0000E+00  0.0000E+00  0.2488E-01  0.2573E-01  0.0000E+00  0.0000E+00  0.0000E+00  0.0000E+00
  0.0000E+00  0.0000E+00  0.2233E-01  0.2206E-01  0.0000E+00  0.0000E+00  0.0000E+00  0.0000E+00  0.2020E-01  0.2028E-01  0.0000E+00  0.0000E+00  0.0000E+00  0.0000E+00
  0.0000E+00  0.0000E+00  0.5675E-01  0.5694E-01  0.0000E+00  0.0000E+00  0.0000E+00  0.0000E+00  0.2552E-01  0.2481E-01  0.0000E+00  0.0000E+00  0.0000E+00  0.0000E+00
  0.0000E+00  0.0000E+00  0.2245E-01  0.2256E-01  0.0000E+00  0.0000E+00  0.0000E+00  0.0000E+00  0.1998E-01  0.1964E-01  0.0000E+00  0.0000E+00  0.0000E+00  0.0000E+00
  0.0000E+00  0.0000E+00  0.5753E-01  0.5738E-01  0.0000E+00  0.0000E+00  0.0000E+00  0.0000E+00  0.2578E-01  0.2494E-01  0.0000E+00  0.0000E+00  0.0000E+00  0.0000E+00
 Events:
           0           0        1470        1411           0           0           0           0        1264        1327           0           0           0           0
           0           0        3718        3709           0           0           0           0        1624        1632           0           0           0           0
           0           0        1423        1400           0           0           0           0        1335        1254           0           0           0           0
           0           0        3638        3610           0           0           0           0        1592        1647           0           0           0           0
           0           0        1429        1412           0           0           0           0        1293        1298           0           0           0           0
           0           0        3632        3644           0           0           0           0        1633        1588           0           0           0           0
           0           0        1437        1444           0           0           0           0        1279        1257           0           0           0           0
           0           0        3682        3672           0           0           0           0        1650        1596           0           0           0           0
 Accuracy:    0.099   0.010   0.065   2.332
 Found         4653  events.
 Wrote            9  events.
 Actual xsec    3.9603189396679960E-008
 Correct abs xsec    3.9603189396679960E-008
 Event xsec    3.9603189396679953E-008
 Events wgts > 1:            0
 % Cross section > 1:    0.0000000000000000        0.0000000000000000     
 Iteration  7   Mean: 0.4445E-07 Abs mean: 0.4445E-07   Fluctuation:  0.118E-08   0.647E-04    57.4%
  7    0.4445E-07 0.4445E-07 +- 0.1176E-08      9.46
 Exceeded boost           3           6   128000.000    
 Exceeded boost           3           9   128000.000    
 Relative summed weights:
  0.0000E+00  0.0000E+00  0.6299E-01  0.4116E-01  0.0000E+00  0.0000E+00  0.0000E+00  0.0000E+00  0.3260E-01  0.3118E-01  0.0000E+00  0.0000E+00  0.0000E+00  0.0000E+00
  0.0000E+00  0.0000E+00  0.2664E-01  0.2560E-01  0.0000E+00  0.0000E+00  0.0000E+00  0.0000E+00  0.2164E-01  0.2221E-01  0.0000E+00  0.0000E+00  0.0000E+00  0.0000E+00
  0.0000E+00  0.0000E+00  0.4231E-01  0.4488E-01  0.0000E+00  0.0000E+00  0.0000E+00  0.0000E+00  0.2842E-01  0.2579E-01  0.0000E+00  0.0000E+00  0.0000E+00  0.0000E+00
  0.0000E+00  0.0000E+00  0.2582E-01  0.2583E-01  0.0000E+00  0.0000E+00  0.0000E+00  0.0000E+00  0.1859E-01  0.2160E-01  0.0000E+00  0.0000E+00  0.0000E+00  0.0000E+00
  0.0000E+00  0.0000E+00  0.4791E-01  0.4223E-01  0.0000E+00  0.0000E+00  0.0000E+00  0.0000E+00  0.2676E-01  0.3177E-01  0.0000E+00  0.0000E+00  0.0000E+00  0.0000E+00
  0.0000E+00  0.0000E+00  0.3351E-01  0.2912E-01  0.0000E+00  0.0000E+00  0.0000E+00  0.0000E+00  0.1610E-01  0.1479E-01  0.0000E+00  0.0000E+00  0.0000E+00  0.0000E+00
  0.0000E+00  0.0000E+00  0.4032E-01  0.4566E-01  0.0000E+00  0.0000E+00  0.0000E+00  0.0000E+00  0.3446E-01  0.2807E-01  0.0000E+00  0.0000E+00  0.0000E+00  0.0000E+00
  0.0000E+00  0.0000E+00  0.3475E-01  0.3298E-01  0.0000E+00  0.0000E+00  0.0000E+00  0.0000E+00  0.2108E-01  0.2323E-01  0.0000E+00  0.0000E+00  0.0000E+00  0.0000E+00
 Relative number of events:
  0.0000E+00  0.0000E+00  0.2277E-01  0.2266E-01  0.0000E+00  0.0000E+00  0.0000E+00  0.0000E+00  0.2014E-01  0.2018E-01  0.0000E+00  0.0000E+00  0.0000E+00  0.0000E+00
  0.0000E+00  0.0000E+00  0.5820E-01  0.5725E-01  0.0000E+00  0.0000E+00  0.0000E+00  0.0000E+00  0.2569E-01  0.2568E-01  0.0000E+00  0.0000E+00  0.0000E+00  0.0000E+00
  0.0000E+00  0.0000E+00  0.2230E-01  0.2237E-01  0.0000E+00  0.0000E+00  0.0000E+00  0.0000E+00  0.1990E-01  0.1883E-01  0.0000E+00  0.0000E+00  0.0000E+00  0.0000E+00
  0.0000E+00  0.0000E+00  0.5669E-01  0.5588E-01  0.0000E+00  0.0000E+00  0.0000E+00  0.0000E+00  0.2540E-01  0.2554E-01  0.0000E+00  0.0000E+00  0.0000E+00  0.0000E+00
  0.0000E+00  0.0000E+00  0.2218E-01  0.2236E-01  0.0000E+00  0.0000E+00  0.0000E+00  0.0000E+00  0.2009E-01  0.2030E-01  0.0000E+00  0.0000E+00  0.0000E+00  0.0000E+00
  0.0000E+00  0.0000E+00  0.5687E-01  0.5730E-01  0.0000E+00  0.0000E+00  0.0000E+00  0.0000E+00  0.2442E-01  0.2584E-01  0.0000E+00  0.0000E+00  0.0000E+00  0.0000E+00
  0.0000E+00  0.0000E+00  0.2245E-01  0.2244E-01  0.0000E+00  0.0000E+00  0.0000E+00  0.0000E+00  0.2036E-01  0.2073E-01  0.0000E+00  0.0000E+00  0.0000E+00  0.0000E+00
  0.0000E+00  0.0000E+00  0.5724E-01  0.5751E-01  0.0000E+00  0.0000E+00  0.0000E+00  0.0000E+00  0.2548E-01  0.2498E-01  0.0000E+00  0.0000E+00  0.0000E+00  0.0000E+00
 Events:
           0           0        2914        2900           0           0           0           0        2578        2583           0           0           0           0
           0           0        7449        7328           0           0           0           0        3288        3287           0           0           0           0
           0           0        2854        2863           0           0           0           0        2547        2410           0           0           0           0
           0           0        7256        7153           0           0           0           0        3251        3269           0           0           0           0
           0           0        2839        2862           0           0           0           0        2571        2598           0           0           0           0
           0           0        7279        7335           0           0           0           0        3126        3308           0           0           0           0
           0           0        2873        2872           0           0           0           0        2606        2654           0           0           0           0
           0           0        7327        7361           0           0           0           0        3261        3198           0           0           0           0
 Accuracy:    0.034   0.010   0.025   1.929
 Found         8611  events.
 Wrote          217  events.
 Actual xsec    4.4063335382511423E-008
 Correct abs xsec    4.4063335382511423E-008
 Event xsec    4.4063335382511364E-008
 Events wgts > 1:            4
 % Cross section > 1:    4.1887340321017708E-010  0.95061665117713023     
 Iteration  8   Mean: 0.4460E-07 Abs mean: 0.4460E-07   Fluctuation:  0.675E-09   0.415E-04    56.0%
  8    0.4460E-07 0.4460E-07 +- 0.6751E-09      7.66
 Exceeded boost           3           3   128000.000    
 Relative summed weights:
  0.0000E+00  0.0000E+00  0.4513E-01  0.4745E-01  0.0000E+00  0.0000E+00  0.0000E+00  0.0000E+00  0.2742E-01  0.2974E-01  0.0000E+00  0.0000E+00  0.0000E+00  0.0000E+00
  0.0000E+00  0.0000E+00  0.3516E-01  0.2970E-01  0.0000E+00  0.0000E+00  0.0000E+00  0.0000E+00  0.1949E-01  0.1861E-01  0.0000E+00  0.0000E+00  0.0000E+00  0.0000E+00
  0.0000E+00  0.0000E+00  0.4204E-01  0.4595E-01  0.0000E+00  0.0000E+00  0.0000E+00  0.0000E+00  0.3091E-01  0.3087E-01  0.0000E+00  0.0000E+00  0.0000E+00  0.0000E+00
  0.0000E+00  0.0000E+00  0.2963E-01  0.3123E-01  0.0000E+00  0.0000E+00  0.0000E+00  0.0000E+00  0.1945E-01  0.2143E-01  0.0000E+00  0.0000E+00  0.0000E+00  0.0000E+00
  0.0000E+00  0.0000E+00  0.3956E-01  0.4335E-01  0.0000E+00  0.0000E+00  0.0000E+00  0.0000E+00  0.2986E-01  0.3117E-01  0.0000E+00  0.0000E+00  0.0000E+00  0.0000E+00
  0.0000E+00  0.0000E+00  0.3187E-01  0.2725E-01  0.0000E+00  0.0000E+00  0.0000E+00  0.0000E+00  0.2092E-01  0.2241E-01  0.0000E+00  0.0000E+00  0.0000E+00  0.0000E+00
  0.0000E+00  0.0000E+00  0.4177E-01  0.4689E-01  0.0000E+00  0.0000E+00  0.0000E+00  0.0000E+00  0.3262E-01  0.2699E-01  0.0000E+00  0.0000E+00  0.0000E+00  0.0000E+00
  0.0000E+00  0.0000E+00  0.2871E-01  0.2954E-01  0.0000E+00  0.0000E+00  0.0000E+00  0.0000E+00  0.2118E-01  0.2170E-01  0.0000E+00  0.0000E+00  0.0000E+00  0.0000E+00
 Relative number of events:
  0.0000E+00  0.0000E+00  0.2179E-01  0.2273E-01  0.0000E+00  0.0000E+00  0.0000E+00  0.0000E+00  0.2038E-01  0.1980E-01  0.0000E+00  0.0000E+00  0.0000E+00  0.0000E+00
  0.0000E+00  0.0000E+00  0.5648E-01  0.5703E-01  0.0000E+00  0.0000E+00  0.0000E+00  0.0000E+00  0.2534E-01  0.2531E-01  0.0000E+00  0.0000E+00  0.0000E+00  0.0000E+00
Thanks for using LHAPDF 6.2.1. Please make sure to cite the paper:
  Eur.Phys.J. C75 (2015) 3, 132  (http://arxiv.org/abs/1412.7420)
  0.0000E+00  0.0000E+00  0.2190E-01  0.2244E-01  0.0000E+00  0.0000E+00  0.0000E+00  0.0000E+00  0.2002E-01  0.2046E-01  0.0000E+00  0.0000E+00  0.0000E+00  0.0000E+00
  0.0000E+00  0.0000E+00  0.5768E-01  0.5714E-01  0.0000E+00  0.0000E+00  0.0000E+00  0.0000E+00  0.2511E-01  0.2590E-01  0.0000E+00  0.0000E+00  0.0000E+00  0.0000E+00
  0.0000E+00  0.0000E+00  0.2201E-01  0.2209E-01  0.0000E+00  0.0000E+00  0.0000E+00  0.0000E+00  0.2051E-01  0.2019E-01  0.0000E+00  0.0000E+00  0.0000E+00  0.0000E+00
  0.0000E+00  0.0000E+00  0.5740E-01  0.5709E-01  0.0000E+00  0.0000E+00  0.0000E+00  0.0000E+00  0.2513E-01  0.2525E-01  0.0000E+00  0.0000E+00  0.0000E+00  0.0000E+00
  0.0000E+00  0.0000E+00  0.2280E-01  0.2272E-01  0.0000E+00  0.0000E+00  0.0000E+00  0.0000E+00  0.2033E-01  0.2029E-01  0.0000E+00  0.0000E+00  0.0000E+00  0.0000E+00
  0.0000E+00  0.0000E+00  0.5731E-01  0.5741E-01  0.0000E+00  0.0000E+00  0.0000E+00  0.0000E+00  0.2534E-01  0.2463E-01  0.0000E+00  0.0000E+00  0.0000E+00  0.0000E+00
 Events:
           0           0        5578        5818           0           0           0           0        5217        5069           0           0           0           0
           0           0       14459       14599           0           0           0           0        6486        6480           0           0           0           0
           0           0        5607        5745           0           0           0           0        5125        5237           0           0           0           0
           0           0       14765       14628           0           0           0           0        6427        6631           0           0           0           0
           0           0        5635        5655           0           0           0           0        5251        5168           0           0           0           0
           0           0       14694       14614           0           0           0           0        6433        6464           0           0           0           0
           0           0        5838        5817           0           0           0           0        5205        5194           0           0           0           0
           0           0       14671       14696           0           0           0           0        6488        6306           0           0           0           0
 Accuracy:    0.017   0.010   0.013   1.659
 Found        23002  events.
 Wrote          610  events.
 Actual xsec    4.4619134380953796E-008
 Correct abs xsec    4.4619134380953796E-008
 Event xsec    4.4619134380953790E-008
 Events wgts > 1:           12
 % Cross section > 1:    4.1185037609596054E-010  0.92303533407802685     

 -------------------------------------------------------------------------------
 Accumulated results:   Integral =  0.4440E-07
                        Std dev  =  0.5718E-09
                       Cross sec =  0.4440E-07
             Chi**2 per DoF.     =      1.6589
 -------------------------------------------------------------------------------
-------------------------------------------------
---------------------------
 Results Last   3 iters: Integral =   0.4462E-07
                     Abs integral =   0.4462E-07
                          Std dev =   0.5843E-09
                  Chi**2 per DoF. =      0.5145
-------------------------------------------------
---------------------------
 Status   1.0000000000000000E-002           9           8

ls status:
events.lhe
ftn26
input_app.txt
results.dat
run1_app.log
