==== LHAPDF6 USING DEFAULT-TYPE LHAGLUE INTERFACE ====
LHAPDF 6.2.1 loading /cvmfs/cms.cern.ch/slc6_amd64_gcc630/external/lhapdf/6.2.1-ghjeda2/share/LHAPDF/NNPDF31_nnlo_as_0118_nf_4_mc_hessian/NNPDF31_nnlo_as_0118_nf_4_mc_hessian_0000.dat
NNPDF31_nnlo_as_0118_nf_4_mc_hessian PDF set, member #0, version 1; LHAPDF ID = 325500
 Process in group number            2
 A PDF is used, so alpha_s(MZ) is going to be modified
 Old value of alpha_s from param_card:   0.11810000000000001     
 New value of alpha_s from PDF lhapdf :  0.11266013434007299     
 using LHAPDF
 Define smin to   10000.000000000000     
 Define smin to   10000.000000000000     
 Define smin to   10000.000000000000     
 Define smin to   10000.000000000000     
 Define smin to   10000.000000000000     
 Define smin to   10000.000000000000     
 Define smin to   10000.000000000000     
 *****************************************************
 *               MadGraph/MadEvent                   *
 *        --------------------------------           *
 *          http://madgraph.hep.uiuc.edu             *
 *          http://madgraph.phys.ucl.ac.be           *
 *          http://madgraph.roma2.infn.it            *
 *        --------------------------------           *
 *                                                   *
 *          PARAMETER AND COUPLING VALUES            *
 *                                                   *
 *****************************************************

  External Params
  ---------------------------------
  
 mdl_MW0 =    80.387000000000000     
 mdl_Gf =    1.1663789999999999E-005
 aS =   0.11810000000000001     
 mdl_ymdo =    1.0000000000000000E-099
 mdl_ymb =    4.1799999999999997     
 mdl_ymt =    173.19999999999999     
 mdl_ymtau =    1.7769999999999999     
 mdl_LambdaSMEFT =    1000.0000000000000     
 mdl_cW =    1.0000000000000000     
 mdl_MZ =    91.187600000000003     
 mdl_MTA =    1.7769999999999999     
 mdl_MT =    173.19999999999999     
 mdl_MB =    4.1799999999999997     
 mdl_MH =    125.09000000000000     
 mdl_WZ =    2.4952000000000001     
 mdl_WW =    2.0850000000000000     
 mdl_WT =    1.5083359999999999     
 mdl_WH =    4.0699999999999998E-003
  Internal Params
  ---------------------------------
  
 mdl_ymm =    1.0000000000000000E-099
 mdl_yme =    1.0000000000000000E-099
 mdl_ymc =    1.0000000000000000E-099
 mdl_yms =    1.0000000000000000E-099
 mdl_ymup =    1.0000000000000000E-099
 mdl_conjg__CKM3x3 =    1.0000000000000000     
 mdl_cH =    0.0000000000000000     
 mdl_cHB =    0.0000000000000000     
 mdl_CKM2x2 =    1.0000000000000000     
 mdl_CKM1x1 =    1.0000000000000000     
 mdl_conjg__CKM1x1 =    1.0000000000000000     
 mdl_dGf =    0.0000000000000000     
 mdl_CKM3x3 =    1.0000000000000000     
 mdl_dMH2 =    0.0000000000000000     
 mdl_conjg__CKM2x2 =    1.0000000000000000     
 mdl_dg1 =    0.0000000000000000     
 mdl_cHW =    0.0000000000000000     
 mdl_dgw =    0.0000000000000000     
 mdl_complexi =  (  0.0000000000000000     ,  1.0000000000000000     )
 mdl_MW =    80.387000000000000     
 mdl_nb__2__exp__0_25 =    1.1892071150027210     
 mdl_MH__exp__2 =    15647.508100000001     
 mdl_sqrt__2 =    1.4142135623730951     
 mdl_MW__exp__2 =    6462.0697689999997     
 mdl_MZ__exp__2 =    8315.1783937600012     
 mdl_sth2 =   0.22285855299877133     
 mdl_MH__exp__6 =    3831206449390.3818     
 mdl_MT__exp__6 =    26995248278778.535     
 mdl_MH__exp__4 =    244844509.73956564     
 mdl_MT__exp__4 =    899894403.09759963     
 mdl_MT__exp__2 =    29998.239999999994     
 mdl_LambdaSMEFT__exp__2 =    1000000.0000000000     
 mdl_cth =   0.88155626422890820     
 mdl_sqrt__sth2 =   0.47207896902824564     
 mdl_sth =   0.47207896902824564     
 mdl_MW0__exp__6 =    269845343347.69711     
 mdl_MW0__exp__4 =    41758345.699423708     
 mdl_MW0__exp__2 =    6462.0697689999997     
 mdl_MZ__exp__4 =    69142191.720053151     
 mdl_MZ__exp__6 =    574929658687.79749     
 mdl_cth__exp__2 =   0.77714144700122867     
 mdl_sth__exp__2 =   0.22285855299877130     
 mdl_sth__exp__3 =   0.10520683593878660     
 mdl_cth__exp__3 =   0.68509391079585125     
 mdl_sth__exp__4 =    4.9665934644706158E-002
 mdl_sqrt__Gf =    3.4152291284773265E-003
 mdl_vevhat =    246.21961912951551     
 mdl_lam =   0.12905352724481209     
 mdl_aEW =    7.5614618607353409E-003
 mdl_yb =    2.4008698866559607E-002
 mdl_yc =    5.7437078628133041E-102
 mdl_ydo =    5.7437078628133041E-102
 mdl_ye =    5.7437078628133041E-102
 mdl_ym =    5.7437078628133041E-102
 mdl_ys =    5.7437078628133041E-102
 mdl_yt =   0.99481020183926416     
 mdl_ytau =    1.0206568872219240E-002
 mdl_yup =    5.7437078628133041E-102
 mdl_vevhat__exp__2 =    60624.100844283676     
 mdl_barlam =   0.12905352724481209     
 mdl_vevT =    246.21961912951551     
 mdl_sqrt__aEW =    8.6956666568672819E-002
 mdl_ee =   0.30825335704310214     
 mdl_gwsh =   0.65296989967087182     
 mdl_vev =    246.21961912951551     
 mdl_g1 =   0.34966952144878632     
 mdl_gw =   0.65296989967087182     
 mdl_ee__exp__2 =    9.5020132128342205E-002
 mdl_gHaa =   -1.9303830602986922E-003
 mdl_gHza =   -6.8546472954154700E-003
 mdl_g1sh =   0.34966952144878632     
 mdl_I1d11 =  (  5.7437078628133041E-102,  0.0000000000000000     )
 mdl_I1d22 =  (  5.7437078628133041E-102,  0.0000000000000000     )
 mdl_I1d33 =  (  2.4008698866559607E-002,  0.0000000000000000     )
 mdl_I2d11 =  (  5.7437078628133041E-102,  0.0000000000000000     )
 mdl_I2d22 =  (  5.7437078628133041E-102,  0.0000000000000000     )
 mdl_I2d33 =  ( 0.99481020183926416     ,  0.0000000000000000     )
 mdl_I3d11 =  (  5.7437078628133041E-102,  0.0000000000000000     )
 mdl_I3d22 =  (  5.7437078628133041E-102,  0.0000000000000000     )
 mdl_I3d33 =  (  2.4008698866559607E-002,  0.0000000000000000     )
 mdl_I4d11 =  (  5.7437078628133041E-102,  0.0000000000000000     )
 mdl_I4d22 =  (  5.7437078628133041E-102,  0.0000000000000000     )
 mdl_I4d33 =  ( 0.99481020183926416     ,  0.0000000000000000     )
 mdl_I5d11 =  (  5.7437078628133041E-102,  0.0000000000000000     )
 mdl_I5d22 =  (  5.7437078628133041E-102,  0.0000000000000000     )
 mdl_I5d33 =  (  2.4008698866559607E-002,  0.0000000000000000     )
 mdl_I6d11 =  (  5.7437078628133041E-102,  0.0000000000000000     )
 mdl_I6d22 =  (  5.7437078628133041E-102,  0.0000000000000000     )
 mdl_I6d33 =  ( 0.99481020183926416     ,  0.0000000000000000     )
 mdl_ee__exp__3 =    2.9290274715240611E-002
 mdl_vevhat__exp__3 =    14926843.019948866     
  Internal Params evaluated point by point
  ----------------------------------------
  
 mdl_sqrt__aS =   0.34365680554879169     
 mdl_G__exp__2 =    1.4840883695558185     
 mdl_gHgg =    3.2334372328970845E-003
 mdl_G__exp__3 =  (  1.8079634332366095     ,  0.0000000000000000     )
  Couplings of SMEFTsim_A_U35_MwScheme_UFO_v3_1-cW_massless
  ---------------------------------
  
        GC_64 =   0.00000E+00   0.52893E-05
       GC_345 =   0.00000E+00   0.28325E-05
         GC_1 =   0.00000E+00   0.10275E+00
         GC_2 =  -0.00000E+00  -0.20550E+00
         GC_3 =  -0.00000E+00  -0.30825E+00
       GC_278 =  -0.00000E+00  -0.37035E+00
       GC_280 =  -0.00000E+00  -0.57563E+00
       GC_318 =   0.00000E+00   0.39178E-05
       GC_328 =  -0.00000E+00  -0.55024E-01
       GC_329 =   0.00000E+00   0.11005E+00
       GC_330 =  -0.00000E+00  -0.16507E+00
      GC_1073 =  -0.00000E+00  -0.46172E+00

 Collider parameters:
 --------------------

 Running at P P   machine @    13000.000000000000       GeV
 PDF set = lhapdf 
 alpha_s(Mz)= 0.1127 running at 3 loops.
 alpha_s(Mz)= 0.1127 running at 3 loops.
 Renormalization scale set on event-by-event basis
 Factorization   scale set on event-by-event basis


 getting user params
Enter number of events and max and min iterations: 
 Number of events and iterations         2000           8           3
Enter desired fractional accuracy: 
 Desired fractional accuracy:    1.0000000000000000E-002
Enter 0 for fixed, 2 for adjustable grid: 
Suppress amplitude (0 no, 1 yes)? 
 Using suppressed amplitude.
Exact helicity sum (0 yes, n = number/event)? 
 Explicitly summing over helicities
Enter Configuration Number: 
Running Configuration Number:   86
 Using dconfig=          71
 BW Setting            2           2           1           2           0           0
 Attempting mappinvarients           1           8
 Completed mapping           8
 about to integrate           16        2000           8           3          16           1
 Using non-zero grid deformation.
 16 dimensions   2000 events 16 invarients  8 iterations  1 config(s),  (0.99)
 Using h-tuple random number sequence.
 Error opening grid
 Using Uniform Grid!          32
 Using uniform alpha   1.0000000000000000     
 Grid defined OK
 Set CM energy to      13000.00
 Mapping Graph          86  to config          86
Setting grid   1    0.59172E-08   1
Setting grid   2    0.59172E-08   1
Setting grid   3    0.59172E-08   1
 Setting BW          -4           3   80.387000000000000     
Setting grid   5    0.28963E-04   1
 Transforming s_hat 1/s           15   5.9171597633136108E-005   10000.000000000000        168999999.99999997     
  86   1   2   3   4   5   6   7   8   9  10  11  12  13  14
  15  16
 Masses: 0.000E+00 0.000E+00 0.000E+00 0.178E+01 0.000E+00 0.000E+00 0.000E+00 0.000E+00
Using random seed offsets    86 :      6
  with seed                   24
 Ranmar initialization seeds       31144        9403
 
 ********************************************
 * You are using the DiscreteSampler module *
 *      part of the MG5_aMC framework       *
 *         Author: Valentin Hirschi         *
 ********************************************
 
  Particle       3       4       5       6       7       8
      Et >     0.0     0.0     0.0     0.0    10.0    10.0
       E >     0.0     0.0     0.0     0.0     0.0     0.0
     Eta <    -1.0    -1.0    -1.0    -1.0     6.5     6.5
   xqcut:      0.0     0.0     0.0     0.0     0.0     0.0
d R # 3  >    -0.0     0.4     0.0     0.0     0.4     0.4
d R # 4  >    -0.0    -0.0     0.0     0.0     0.4     0.4
d R # 5  >    -0.0    -0.0    -0.0     0.0     0.0     0.0
d R # 6  >    -0.0    -0.0    -0.0    -0.0     0.0     0.0
d R # 7  >    -0.0    -0.0    -0.0    -0.0    -0.0     0.4
s min # 3>     0.0     0.0     0.0     0.0     0.0     0.0
s min # 4>     0.0     0.0     0.0     0.0     0.0     0.0
s min # 5>     0.0     0.0     0.0     0.0     0.0     0.0
s min # 6>     0.0     0.0     0.0     0.0     0.0     0.0
s min # 7>     0.0     0.0     0.0     0.0     0.0 10000.0
xqcutij # 3>     0.0     0.0     0.0     0.0     0.0     0.0
xqcutij # 4>     0.0     0.0     0.0     0.0     0.0     0.0
xqcutij # 5>     0.0     0.0     0.0     0.0     0.0     0.0
xqcutij # 6>     0.0     0.0     0.0     0.0     0.0     0.0
xqcutij # 7>     0.0     0.0     0.0     0.0     0.0     0.0
 Excluding BW           -1           1
 Excluding BW           -3           2
 Requiring BW           -4           3
 Excluding BW           -5           4
 alpha_s for scale    47.486741430074019       is   0.12568879795974197     
 Added good helicity          193   255.91350126670642       in event            1 local:           1
 Added good helicity          209   8.6498733293589619E-002  in event            1 local:           1
 Added good helicity          193   255.91350126670642       in event            1 local:           1
 Added good helicity          209   8.6498733293589203E-002  in event            1 local:           1
 RESET CUMULATIVE VARIABLE
 RESET CUMULATIVE VARIABLE
 RESET CUMULATIVE VARIABLE
 Iteration  1   Mean: 0.2695E-07 Abs mean: 0.2695E-07   Fluctuation:  0.257E-07   0.514E-04     2.4%
  1    0.2695E-07 0.2695E-07 +- 0.2569E-07     42.63
 Writing out events   7.0303683142091695E-011   42.629932829822749     
 Relative summed weights:
  0.0000E+00  0.0000E+00  0.5736E-02  0.8018E-02  0.0000E+00  0.0000E+00  0.0000E+00  0.0000E+00  0.9656E+00  0.3212E-02  0.0000E+00  0.0000E+00  0.0000E+00  0.0000E+00
  0.0000E+00  0.0000E+00  0.3882E-02  0.8879E-02  0.0000E+00  0.0000E+00  0.0000E+00  0.0000E+00  0.3984E-02  0.6688E-03  0.0000E+00  0.0000E+00  0.0000E+00  0.0000E+00
 Relative number of events:
  0.0000E+00  0.0000E+00  0.1976E+00  0.1971E+00  0.0000E+00  0.0000E+00  0.0000E+00  0.0000E+00  0.1384E+00  0.1309E+00  0.0000E+00  0.0000E+00  0.0000E+00  0.0000E+00
  0.0000E+00  0.0000E+00  0.7566E-01  0.9059E-01  0.0000E+00  0.0000E+00  0.0000E+00  0.0000E+00  0.8462E-01  0.8512E-01  0.0000E+00  0.0000E+00  0.0000E+00  0.0000E+00
 Events:
           0           0         397         396           0           0           0           0         278         263           0           0           0           0
           0           0         152         182           0           0           0           0         170         171           0           0           0           0
 Iteration  2   Mean: 0.1271E-06 Abs mean: 0.1271E-06   Fluctuation:  0.122E-06   0.489E-03    30.2%
  2    0.1271E-06 0.1271E-06 +- 0.1222E-06     60.82
 Relative summed weights:
  0.0000E+00  0.0000E+00  0.3055E-02  0.2404E-01  0.0000E+00  0.0000E+00  0.0000E+00  0.0000E+00  0.1435E-02  0.3140E-03  0.0000E+00  0.0000E+00  0.0000E+00  0.0000E+00
  0.0000E+00  0.0000E+00  0.3296E-02  0.3335E-02  0.0000E+00  0.0000E+00  0.0000E+00  0.0000E+00  0.5884E-03  0.9639E+00  0.0000E+00  0.0000E+00  0.0000E+00  0.0000E+00
 Relative number of events:
  0.0000E+00  0.0000E+00  0.1930E+00  0.1888E+00  0.0000E+00  0.0000E+00  0.0000E+00  0.0000E+00  0.1298E+00  0.1505E+00  0.0000E+00  0.0000E+00  0.0000E+00  0.0000E+00
  0.0000E+00  0.0000E+00  0.9025E-01  0.8675E-01  0.0000E+00  0.0000E+00  0.0000E+00  0.0000E+00  0.8075E-01  0.8025E-01  0.0000E+00  0.0000E+00  0.0000E+00  0.0000E+00
 Events:
           0           0         772         755           0           0           0           0         519         602           0           0           0           0
           0           0         361         347           0           0           0           0         323         321           0           0           0           0
 Iteration  3   Mean: 0.1093E-07 Abs mean: 0.1093E-07   Fluctuation:  0.535E-08   0.404E-04    53.9%
  3    0.1093E-07 0.1093E-07 +- 0.5349E-08     43.76
 Relative summed weights:
  0.0000E+00  0.0000E+00  0.1427E+00  0.2878E-01  0.0000E+00  0.0000E+00  0.0000E+00  0.0000E+00  0.3180E-01  0.2256E-01  0.0000E+00  0.0000E+00  0.0000E+00  0.0000E+00
  0.0000E+00  0.0000E+00  0.9155E-01  0.1823E-01  0.0000E+00  0.0000E+00  0.0000E+00  0.0000E+00  0.1523E+00  0.5121E+00  0.0000E+00  0.0000E+00  0.0000E+00  0.0000E+00
 Relative number of events:
  0.0000E+00  0.0000E+00  0.2004E+00  0.1964E+00  0.0000E+00  0.0000E+00  0.0000E+00  0.0000E+00  0.1348E+00  0.1381E+00  0.0000E+00  0.0000E+00  0.0000E+00  0.0000E+00
  0.0000E+00  0.0000E+00  0.8175E-01  0.8725E-01  0.0000E+00  0.0000E+00  0.0000E+00  0.0000E+00  0.8025E-01  0.8113E-01  0.0000E+00  0.0000E+00  0.0000E+00  0.0000E+00
 Events:
           0           0        1603        1571           0           0           0           0        1078        1105           0           0           0           0
           0           0         654         698           0           0           0           0         642         649           0           0           0           0
 Accuracy:    0.905   0.010   0.397   5.204
 Found           38  events.
 Wrote            2  events.
 Actual xsec    3.3460348129105776E-008
 Correct abs xsec    3.3460348129105776E-008
 Event xsec    3.3460348129105776E-008
 Events wgts > 1:            0
 % Cross section > 1:    0.0000000000000000        0.0000000000000000     
 Iteration  4   Mean: 0.1939E-07 Abs mean: 0.1939E-07   Fluctuation:  0.711E-08   0.801E-04    56.6%
  4    0.1939E-07 0.1939E-07 +- 0.7107E-08     46.37
 Relative summed weights:
  0.0000E+00  0.0000E+00  0.2903E+00  0.3084E+00  0.0000E+00  0.0000E+00  0.0000E+00  0.0000E+00  0.2045E-01  0.3688E-01  0.0000E+00  0.0000E+00  0.0000E+00  0.0000E+00
  0.0000E+00  0.0000E+00  0.1751E+00  0.2075E-01  0.0000E+00  0.0000E+00  0.0000E+00  0.0000E+00  0.7444E-01  0.7366E-01  0.0000E+00  0.0000E+00  0.0000E+00  0.0000E+00
 Relative number of events:
  0.0000E+00  0.0000E+00  0.1891E+00  0.1970E+00  0.0000E+00  0.0000E+00  0.0000E+00  0.0000E+00  0.1354E+00  0.1394E+00  0.0000E+00  0.0000E+00  0.0000E+00  0.0000E+00
  0.0000E+00  0.0000E+00  0.8756E-01  0.8506E-01  0.0000E+00  0.0000E+00  0.0000E+00  0.0000E+00  0.8469E-01  0.8188E-01  0.0000E+00  0.0000E+00  0.0000E+00  0.0000E+00
 Events:
           0           0        3025        3152           0           0           0           0        2166        2230           0           0           0           0
           0           0        1401        1361           0           0           0           0        1355        1310           0           0           0           0
 Accuracy:    0.667   0.010   0.269   6.141
 Found          334  events.
 Wrote            2  events.
 Actual xsec    2.5778475597682948E-008
 Correct abs xsec    2.5778475597682948E-008
 Event xsec    2.5778475597682948E-008
 Events wgts > 1:            1
 % Cross section > 1:    1.2371377347840555E-015   4.7991112977031629E-006
 Iteration  5   Mean: 0.3327E-07 Abs mean: 0.3327E-07   Fluctuation:  0.899E-08   0.263E-03    54.4%
  5    0.3327E-07 0.3327E-07 +- 0.8986E-08     48.32
 Relative summed weights:
  0.0000E+00  0.0000E+00  0.9761E-01  0.5066E-01  0.0000E+00  0.0000E+00  0.0000E+00  0.0000E+00  0.3429E+00  0.5565E-01  0.0000E+00  0.0000E+00  0.0000E+00  0.0000E+00
  0.0000E+00  0.0000E+00  0.1515E+00  0.1475E+00  0.0000E+00  0.0000E+00  0.0000E+00  0.0000E+00  0.8914E-01  0.6503E-01  0.0000E+00  0.0000E+00  0.0000E+00  0.0000E+00
 Relative number of events:
  0.0000E+00  0.0000E+00  0.1917E+00  0.1933E+00  0.0000E+00  0.0000E+00  0.0000E+00  0.0000E+00  0.1355E+00  0.1387E+00  0.0000E+00  0.0000E+00  0.0000E+00  0.0000E+00
  0.0000E+00  0.0000E+00  0.8678E-01  0.8603E-01  0.0000E+00  0.0000E+00  0.0000E+00  0.0000E+00  0.8331E-01  0.8472E-01  0.0000E+00  0.0000E+00  0.0000E+00  0.0000E+00
 Events:
           0           0        6134        6184           0           0           0           0        4337        4438           0           0           0           0
           0           0        2777        2753           0           0           0           0        2666        2711           0           0           0           0
 Accuracy:    0.364   0.010   0.191   3.637
 Found         1048  events.
 Wrote            2  events.
 Actual xsec    2.5502726884802407E-008
 Correct abs xsec    2.5502726884802407E-008
 Event xsec    2.5502726884802407E-008
 Events wgts > 1:            0
 % Cross section > 1:    0.0000000000000000        0.0000000000000000     
 Iteration  6   Mean: 0.2503E-07 Abs mean: 0.2503E-07   Fluctuation:  0.217E-08   0.888E-04    55.4%
  6    0.2503E-07 0.2503E-07 +- 0.2174E-08     21.98
 Relative summed weights:
  0.0000E+00  0.0000E+00  0.1153E+00  0.1617E+00  0.0000E+00  0.0000E+00  0.0000E+00  0.0000E+00  0.1009E+00  0.7918E-01  0.0000E+00  0.0000E+00  0.0000E+00  0.0000E+00
  0.0000E+00  0.0000E+00  0.1221E+00  0.1769E+00  0.0000E+00  0.0000E+00  0.0000E+00  0.0000E+00  0.1319E+00  0.1121E+00  0.0000E+00  0.0000E+00  0.0000E+00  0.0000E+00
 Relative number of events:
  0.0000E+00  0.0000E+00  0.1919E+00  0.1976E+00  0.0000E+00  0.0000E+00  0.0000E+00  0.0000E+00  0.1352E+00  0.1370E+00  0.0000E+00  0.0000E+00  0.0000E+00  0.0000E+00
  0.0000E+00  0.0000E+00  0.8528E-01  0.8728E-01  0.0000E+00  0.0000E+00  0.0000E+00  0.0000E+00  0.8222E-01  0.8352E-01  0.0000E+00  0.0000E+00  0.0000E+00  0.0000E+00
 Events:
           0           0       12279       12646           0           0           0           0        8653        8771           0           0           0           0
           0           0        5458        5586           0           0           0           0        5262        5345           0           0           0           0
 Accuracy:    0.157   0.010   0.079   3.957
 Found         2689  events.
 Wrote           15  events.
 Actual xsec    2.5486892977426589E-008
 Correct abs xsec    2.5486892977426589E-008
 Event xsec    2.5486892977426579E-008
 Events wgts > 1:            0
 % Cross section > 1:    0.0000000000000000        0.0000000000000000     
 Iteration  7   Mean: 0.2645E-07 Abs mean: 0.2645E-07   Fluctuation:  0.102E-08   0.932E-04    56.9%
  7    0.2645E-07 0.2645E-07 +- 0.1022E-08     13.82
 Relative summed weights:
  0.0000E+00  0.0000E+00  0.1258E+00  0.1566E+00  0.0000E+00  0.0000E+00  0.0000E+00  0.0000E+00  0.8494E-01  0.8332E-01  0.0000E+00  0.0000E+00  0.0000E+00  0.0000E+00
  0.0000E+00  0.0000E+00  0.1474E+00  0.1731E+00  0.0000E+00  0.0000E+00  0.0000E+00  0.0000E+00  0.1109E+00  0.1180E+00  0.0000E+00  0.0000E+00  0.0000E+00  0.0000E+00
 Relative number of events:
  0.0000E+00  0.0000E+00  0.1934E+00  0.1946E+00  0.0000E+00  0.0000E+00  0.0000E+00  0.0000E+00  0.1379E+00  0.1362E+00  0.0000E+00  0.0000E+00  0.0000E+00  0.0000E+00
Thanks for using LHAPDF 6.2.1. Please make sure to cite the paper:
  Eur.Phys.J. C75 (2015) 3, 132  (http://arxiv.org/abs/1412.7420)
  0.0000E+00  0.0000E+00  0.8774E-01  0.8698E-01  0.0000E+00  0.0000E+00  0.0000E+00  0.0000E+00  0.8224E-01  0.8096E-01  0.0000E+00  0.0000E+00  0.0000E+00  0.0000E+00
 Events:
           0           0       24752       24907           0           0           0           0       17655       17431           0           0           0           0
           0           0       11231       11134           0           0           0           0       10527       10363           0           0           0           0
 Accuracy:    0.062   0.010   0.035   3.181
 Found         9494  events.
 Wrote           39  events.
 Actual xsec    2.6334466808323858E-008
 Correct abs xsec    2.6334466808323858E-008
 Event xsec    2.6334466808323875E-008
 Events wgts > 1:            1
 % Cross section > 1:    3.0284001636817196E-017   1.1499758797943439E-007
 Iteration  8   Mean: 0.2818E-07 Abs mean: 0.2818E-07   Fluctuation:  0.488E-09   0.410E-04    55.9%
  8    0.2818E-07 0.2818E-07 +- 0.4877E-09      8.76
 Exceeded boost           3           2   256000.000    
 Relative summed weights:
  0.0000E+00  0.0000E+00  0.1286E+00  0.1177E+00  0.0000E+00  0.0000E+00  0.0000E+00  0.0000E+00  0.8634E-01  0.8306E-01  0.0000E+00  0.0000E+00  0.0000E+00  0.0000E+00
  0.0000E+00  0.0000E+00  0.1772E+00  0.1701E+00  0.0000E+00  0.0000E+00  0.0000E+00  0.0000E+00  0.1197E+00  0.1173E+00  0.0000E+00  0.0000E+00  0.0000E+00  0.0000E+00
 Relative number of events:
  0.0000E+00  0.0000E+00  0.1952E+00  0.1949E+00  0.0000E+00  0.0000E+00  0.0000E+00  0.0000E+00  0.1370E+00  0.1360E+00  0.0000E+00  0.0000E+00  0.0000E+00  0.0000E+00
  0.0000E+00  0.0000E+00  0.8646E-01  0.8600E-01  0.0000E+00  0.0000E+00  0.0000E+00  0.0000E+00  0.8209E-01  0.8243E-01  0.0000E+00  0.0000E+00  0.0000E+00  0.0000E+00
 Events:
           0           0       49960       49887           0           0           0           0       35072       34815           0           0           0           0
           0           0       22135       22016           0           0           0           0       21014       21101           0           0           0           0
 Accuracy:    0.026   0.010   0.015   2.866
 Found        23455  events.
 Wrote          426  events.
 Actual xsec    2.7802970501496257E-008
 Correct abs xsec    2.7802970501496257E-008
 Event xsec    2.7802970501495843E-008
 Events wgts > 1:            7
 % Cross section > 1:    2.6490469120710254E-010  0.95279276433016480     

 -------------------------------------------------------------------------------
 Accumulated results:   Integral =  0.2781E-07
                        Std dev  =  0.4308E-09
                       Cross sec =  0.2781E-07
             Chi**2 per DoF.     =      2.8663
 -------------------------------------------------------------------------------
-------------------------------------------------
---------------------------
 Results Last   3 iters: Integral =   0.2780E-07
                     Abs integral =   0.2780E-07
                          Std dev =   0.4320E-09
                  Chi**2 per DoF. =      1.9964
-------------------------------------------------
---------------------------
 Status   1.0000000000000000E-002           9           8

ls status:
events.lhe
ftn26
input_app.txt
results.dat
run1_app.log
