==== LHAPDF6 USING DEFAULT-TYPE LHAGLUE INTERFACE ====
LHAPDF 6.2.1 loading /cvmfs/cms.cern.ch/slc6_amd64_gcc630/external/lhapdf/6.2.1-ghjeda2/share/LHAPDF/NNPDF30_lo_as_0130_nf_4/NNPDF30_lo_as_0130_nf_4_0000.dat
NNPDF30_lo_as_0130_nf_4 PDF set, member #0, version 2; LHAPDF ID = 263400
 Process in group number            1
 A PDF is used, so alpha_s(MZ) is going to be modified
 Old value of alpha_s from param_card:   0.11810000000000001     
 New value of alpha_s from PDF lhapdf :  0.12470044313224841     
 using LHAPDF
 Define smin to   10000.000000000000     
 Define smin to   10000.000000000000     
 Define smin to   10000.000000000000     
 Define smin to   10000.000000000000     
 Define smin to   10000.000000000000     
 Define smin to   10000.000000000000     
 Define smin to   10000.000000000000     
 Define smin to   10000.000000000000     
 Define smin to   10000.000000000000     
 Define smin to   10000.000000000000     
 Define smin to   10000.000000000000     
 Define smin to   10000.000000000000     
 Define smin to   10000.000000000000     
 Define smin to   10000.000000000000     
 Define smin to   10000.000000000000     
 Define smin to   10000.000000000000     
 *****************************************************
 *               MadGraph/MadEvent                   *
 *        --------------------------------           *
 *          http://madgraph.hep.uiuc.edu             *
 *          http://madgraph.phys.ucl.ac.be           *
 *          http://madgraph.roma2.infn.it            *
 *        --------------------------------           *
 *                                                   *
 *          PARAMETER AND COUPLING VALUES            *
 *                                                   *
 *****************************************************

  External Params
  ---------------------------------
  
 mdl_MW0 =    80.387000000000000     
 mdl_Gf =    1.1663789999999999E-005
 aS =   0.11810000000000001     
 mdl_ymdo =    1.0000000000000000E-099
 mdl_ymb =    4.1799999999999997     
 mdl_ymt =    173.19999999999999     
 mdl_ymtau =    1.7769999999999999     
 mdl_LambdaSMEFT =    1000.0000000000000     
 mdl_cHW =    1.0000000000000000     
 mdl_MZ =    91.187600000000003     
 mdl_MTA =    1.7769999999999999     
 mdl_MT =    173.19999999999999     
 mdl_MB =    4.1799999999999997     
 mdl_MH =    125.09000000000000     
 mdl_WZ =    2.4952000000000001     
 mdl_WW =    2.0850000000000000     
 mdl_WT =    1.5083359999999999     
 mdl_WH =    4.0699999999999998E-003
  Internal Params
  ---------------------------------
  
 mdl_ymm =    1.0000000000000000E-099
 mdl_yme =    1.0000000000000000E-099
 mdl_ymc =    1.0000000000000000E-099
 mdl_yms =    1.0000000000000000E-099
 mdl_ymup =    1.0000000000000000E-099
 mdl_conjg__CKM3x3 =    1.0000000000000000     
 mdl_cH =    0.0000000000000000     
 mdl_cHB =    0.0000000000000000     
 mdl_CKM1x1 =    1.0000000000000000     
 mdl_conjg__CKM1x1 =    1.0000000000000000     
 mdl_dGf =    0.0000000000000000     
 mdl_CKM3x3 =    1.0000000000000000     
 mdl_dMH2 =    0.0000000000000000     
 mdl_conjg__CKM2x2 =    1.0000000000000000     
 mdl_dg1 =    0.0000000000000000     
 mdl_CKM2x2 =    1.0000000000000000     
 mdl_dgw =    0.0000000000000000     
 mdl_complexi =  (  0.0000000000000000     ,  1.0000000000000000     )
 mdl_MW =    80.387000000000000     
 mdl_nb__2__exp__0_25 =    1.1892071150027210     
 mdl_MH__exp__2 =    15647.508100000001     
 mdl_sqrt__2 =    1.4142135623730951     
 mdl_MW__exp__2 =    6462.0697689999997     
 mdl_MZ__exp__2 =    8315.1783937600012     
 mdl_sth2 =   0.22285855299877133     
 mdl_MH__exp__6 =    3831206449390.3818     
 mdl_MT__exp__6 =    26995248278778.535     
 mdl_MH__exp__4 =    244844509.73956564     
 mdl_MT__exp__4 =    899894403.09759963     
 mdl_MT__exp__2 =    29998.239999999994     
 mdl_LambdaSMEFT__exp__2 =    1000000.0000000000     
 mdl_cth =   0.88155626422890820     
 mdl_sqrt__sth2 =   0.47207896902824564     
 mdl_sth =   0.47207896902824564     
 mdl_MW0__exp__6 =    269845343347.69711     
 mdl_MW0__exp__4 =    41758345.699423708     
 mdl_MW0__exp__2 =    6462.0697689999997     
 mdl_MZ__exp__4 =    69142191.720053151     
 mdl_MZ__exp__6 =    574929658687.79749     
 mdl_cth__exp__2 =   0.77714144700122867     
 mdl_sth__exp__2 =   0.22285855299877130     
 mdl_sth__exp__3 =   0.10520683593878660     
 mdl_cth__exp__3 =   0.68509391079585125     
 mdl_sth__exp__4 =    4.9665934644706158E-002
 mdl_sqrt__Gf =    3.4152291284773265E-003
 mdl_vevhat =    246.21961912951551     
 mdl_lam =   0.12905352724481209     
 mdl_aEW =    7.5614618607353409E-003
 mdl_yb =    2.4008698866559607E-002
 mdl_yc =    5.7437078628133041E-102
 mdl_ydo =    5.7437078628133041E-102
 mdl_ye =    5.7437078628133041E-102
 mdl_ym =    5.7437078628133041E-102
 mdl_ys =    5.7437078628133041E-102
 mdl_yt =   0.99481020183926416     
 mdl_ytau =    1.0206568872219240E-002
 mdl_yup =    5.7437078628133041E-102
 mdl_vevhat__exp__2 =    60624.100844283676     
 mdl_barlam =   0.12905352724481209     
 mdl_vevT =    246.21961912951551     
 mdl_sqrt__aEW =    8.6956666568672819E-002
 mdl_ee =   0.30825335704310214     
 mdl_gwsh =   0.61338418662494298     
 mdl_vev =    246.21961912951551     
 mdl_g1 =   0.34966952144878632     
 mdl_gw =   0.65296989967087182     
 mdl_ee__exp__2 =    9.5020132128342205E-002
 mdl_gHaa =   -1.9303830602986922E-003
 mdl_gHza =   -6.8546472954154700E-003
 mdl_g1sh =   0.34966952144878632     
 mdl_I1d11 =  (  5.7437078628133041E-102,  0.0000000000000000     )
 mdl_I1d22 =  (  5.7437078628133041E-102,  0.0000000000000000     )
 mdl_I1d33 =  (  2.4008698866559607E-002,  0.0000000000000000     )
 mdl_I2d11 =  (  5.7437078628133041E-102,  0.0000000000000000     )
 mdl_I2d22 =  (  5.7437078628133041E-102,  0.0000000000000000     )
 mdl_I2d33 =  ( 0.99481020183926416     ,  0.0000000000000000     )
 mdl_I3d11 =  (  5.7437078628133041E-102,  0.0000000000000000     )
 mdl_I3d22 =  (  5.7437078628133041E-102,  0.0000000000000000     )
 mdl_I3d33 =  (  2.4008698866559607E-002,  0.0000000000000000     )
 mdl_I4d11 =  (  5.7437078628133041E-102,  0.0000000000000000     )
 mdl_I4d22 =  (  5.7437078628133041E-102,  0.0000000000000000     )
 mdl_I4d33 =  ( 0.99481020183926416     ,  0.0000000000000000     )
 mdl_I5d11 =  (  5.7437078628133041E-102,  0.0000000000000000     )
 mdl_I5d22 =  (  5.7437078628133041E-102,  0.0000000000000000     )
 mdl_I5d33 =  (  2.4008698866559607E-002,  0.0000000000000000     )
 mdl_I6d11 =  (  5.7437078628133041E-102,  0.0000000000000000     )
 mdl_I6d22 =  (  5.7437078628133041E-102,  0.0000000000000000     )
 mdl_I6d33 =  ( 0.99481020183926416     ,  0.0000000000000000     )
 mdl_ee__exp__3 =    2.9290274715240611E-002
 mdl_vevhat__exp__3 =    14926843.019948866     
  Internal Params evaluated point by point
  ----------------------------------------
  
 mdl_sqrt__aS =   0.34365680554879169     
 mdl_G__exp__2 =    1.4840883695558185     
 mdl_gHgg =    3.2334372328970845E-003
 mdl_G__exp__3 =  (  1.8079634332366095     ,  0.0000000000000000     )
  Couplings of SMEFTsim_A_U35_MwScheme_UFO_v3_1-cHW_massless
  ---------------------------------
  
         GC_1 =   0.00000E+00   0.10275E+00
         GC_2 =  -0.00000E+00  -0.20550E+00
         GC_3 =  -0.00000E+00  -0.30825E+00
       GC_255 =  -0.00000E+00  -0.42637E+00
       GC_278 =  -0.00000E+00  -0.37035E+00
       GC_280 =  -0.00000E+00  -0.57563E+00
       GC_328 =  -0.00000E+00  -0.55024E-01
       GC_329 =   0.00000E+00   0.11005E+00
       GC_330 =  -0.00000E+00  -0.16507E+00
       GC_387 =   0.00000E+00   0.98488E-03
       GC_400 =   0.00000E+00   0.52490E+02
       GC_809 =  -0.00000E+00  -0.72171E-02
      GC_1073 =  -0.00000E+00  -0.46172E+00

 Collider parameters:
 --------------------

 Running at P P   machine @    13000.000000000000       GeV
 PDF set = lhapdf 
 alpha_s(Mz)= 0.1247 running at 1 loops.
 alpha_s(Mz)= 0.1247 running at 1 loops.
 Renormalization scale set on event-by-event basis
 Factorization   scale set on event-by-event basis


 getting user params
Enter number of events and max and min iterations: 
 Number of events and iterations         2000           8           3
Enter desired fractional accuracy: 
 Desired fractional accuracy:    1.0000000000000000E-002
Enter 0 for fixed, 2 for adjustable grid: 
Suppress amplitude (0 no, 1 yes)? 
 Using suppressed amplitude.
Exact helicity sum (0 yes, n = number/event)? 
 Explicitly summing over helicities
Enter Configuration Number: 
Running Configuration Number:   73
 Not subdividing B.W.
 Attempting mappinvarients           1           8
 Completed mapping           8
 about to integrate           16        2000           8           3          16           1
 Using non-zero grid deformation.
 16 dimensions   2000 events 16 invarients  8 iterations  1 config(s),  (0.99)
 Using h-tuple random number sequence.
 Error opening grid
 Using Uniform Grid!          32
 Using uniform alpha   1.0000000000000000     
 Grid defined OK
 Set CM energy to      13000.00
 Mapping Graph          73  to config          73
 Setting BW          -1           1   80.387000000000000     
 Setting BW          -2           2   80.387000000000000     
Setting grid   3    0.59172E-08   1
 Warning: No cutoff for shat integral found
          Minimum set to    5.9171597633136107E-009
Setting grid   4    0.59172E-08   1
Setting grid   5    0.59172E-06   1
 Transforming s_hat 1/s           15   1.1585044837869826E-004   10000.000000000000        168999999.99999997     
  73   1   2   3   4   5   6   7   8   9  10  11  12  13  14
  15  16
 Masses: 0.000E+00 0.000E+00 0.000E+00 0.000E+00 0.000E+00 0.000E+00 0.000E+00 0.000E+00
Using random seed offsets    73 :      3
  with seed                   24
 Ranmar initialization seeds       31131        9400
 
 ********************************************
 * You are using the DiscreteSampler module *
 *      part of the MG5_aMC framework       *
 *         Author: Valentin Hirschi         *
 ********************************************
 
  Particle       3       4       5       6       7       8
      Et >     0.0     0.0     0.0     0.0    10.0    10.0
       E >     0.0     0.0     0.0     0.0     0.0     0.0
     Eta <    -1.0    -1.0    -1.0    -1.0     6.5     6.5
   xqcut:      0.0     0.0     0.0     0.0     0.0     0.0
d R # 3  >    -0.0     0.4     0.0     0.0     0.4     0.4
d R # 4  >    -0.0    -0.0     0.0     0.0     0.4     0.4
d R # 5  >    -0.0    -0.0    -0.0     0.0     0.0     0.0
d R # 6  >    -0.0    -0.0    -0.0    -0.0     0.0     0.0
d R # 7  >    -0.0    -0.0    -0.0    -0.0    -0.0     0.4
s min # 3>     0.0     0.0     0.0     0.0     0.0     0.0
s min # 4>     0.0     0.0     0.0     0.0     0.0     0.0
s min # 5>     0.0     0.0     0.0     0.0     0.0     0.0
s min # 6>     0.0     0.0     0.0     0.0     0.0     0.0
s min # 7>     0.0     0.0     0.0     0.0     0.0 10000.0
xqcutij # 3>     0.0     0.0     0.0     0.0     0.0     0.0
xqcutij # 4>     0.0     0.0     0.0     0.0     0.0     0.0
xqcutij # 5>     0.0     0.0     0.0     0.0     0.0     0.0
xqcutij # 6>     0.0     0.0     0.0     0.0     0.0     0.0
xqcutij # 7>     0.0     0.0     0.0     0.0     0.0     0.0
 No cut BW           -1           1
 No cut BW           -2           2
 alpha_s for scale    41.057831352693128       is   0.14365973301648724     
 Added good helicity          193   256.00000000000000       in event            1 local:           1
 Added good helicity          193   256.00000000000000       in event            1 local:           1
 RESET CUMULATIVE VARIABLE
 RESET CUMULATIVE VARIABLE
 RESET CUMULATIVE VARIABLE
 Iteration  1   Mean: 0.8684E-06 Abs mean: 0.1353E-05   Fluctuation:  0.394E-06   0.724E-03     4.0%
  1    0.8684E-06 0.1353E-05 +- 0.3935E-06     13.00
 Writing out events   2.1034429228054667E-009   13.002073680163127     
 Relative summed weights:
  0.9568E-01  0.0000E+00  0.1553E-02  0.8588E-03  0.6811E-04  0.0000E+00  0.5029E-01  0.0000E+00  0.8282E-03  0.3078E-01  0.0000E+00  0.0000E+00  0.1959E-02  0.4064E-02  0.2046E-03  0.3518E-03  0.1936E-02  0.0000E+00  0.1709E-03  0.8947E-04  0.2526E-02  0.3757E-01  0.0000E+00  0.0000E+00  0.3454E-02  0.1954E-01  0.3808E-05  0.1785E-04  0.0000E+00  0.0000E+00  0.2549E-03  0.2448E-03
  0.6466E-02  0.0000E+00  0.1112E-02  0.4073E-02  0.2552E-03  0.0000E+00  0.6971E-01  0.0000E+00  0.7656E-03  0.8374E-03  0.0000E+00  0.0000E+00  0.5764E-02  0.6173E-02  0.4106E-03  0.1076E-01  0.3188E-03  0.0000E+00  0.2277E-04  0.1518E-03  0.1013E-02  0.2194E-02  0.0000E+00  0.0000E+00  0.4811E-02  0.3444E-02  0.2013E-03  0.1231E-04  0.0000E+00  0.0000E+00  0.7440E-05  0.2824E-03
  0.3962E-02  0.0000E+00  0.4381E-02  0.3313E-02  0.4664E-04  0.0000E+00  0.0000E+00  0.0000E+00  0.2775E-02  0.4889E-02  0.0000E+00  0.0000E+00  0.0000E+00  0.0000E+00  0.4506E-03  0.7578E-02  0.0000E+00  0.0000E+00  0.1568E-03  0.2725E-04  0.0000E+00  0.0000E+00  0.0000E+00  0.0000E+00  0.0000E+00  0.0000E+00  0.0000E+00  0.0000E+00  0.0000E+00  0.0000E+00  0.0000E+00  0.0000E+00
  0.3378E+00  0.0000E+00  0.9304E-02  0.1352E-01  0.6172E-04  0.0000E+00  0.0000E+00  0.0000E+00  0.7401E-02  0.5241E-03  0.0000E+00  0.0000E+00  0.0000E+00  0.0000E+00  0.3372E-03  0.4879E-02  0.0000E+00  0.0000E+00  0.6433E-04  0.8312E-04  0.0000E+00  0.0000E+00  0.0000E+00  0.0000E+00  0.0000E+00  0.0000E+00  0.0000E+00  0.0000E+00  0.0000E+00  0.0000E+00  0.0000E+00  0.0000E+00
  0.7509E-01  0.0000E+00  0.0000E+00  0.0000E+00  0.3191E-04  0.0000E+00  0.2038E-01  0.0000E+00  0.0000E+00  0.0000E+00  0.0000E+00  0.0000E+00  0.0000E+00  0.0000E+00  0.0000E+00  0.0000E+00  0.4585E-03  0.0000E+00  0.0000E+00  0.0000E+00  0.0000E+00  0.0000E+00  0.0000E+00  0.0000E+00  0.0000E+00  0.0000E+00  0.0000E+00  0.0000E+00  0.0000E+00  0.0000E+00  0.0000E+00  0.0000E+00
  0.5917E-02  0.0000E+00  0.0000E+00  0.0000E+00  0.1287E-03  0.0000E+00  0.1037E+00  0.0000E+00  0.0000E+00  0.0000E+00  0.0000E+00  0.0000E+00  0.0000E+00  0.0000E+00  0.0000E+00  0.0000E+00  0.1222E-03  0.0000E+00  0.0000E+00  0.0000E+00  0.0000E+00  0.0000E+00  0.0000E+00  0.0000E+00  0.0000E+00  0.0000E+00  0.0000E+00  0.0000E+00  0.0000E+00  0.0000E+00  0.0000E+00  0.0000E+00
  0.1520E-01  0.0000E+00  0.0000E+00  0.0000E+00  0.6557E-04  0.0000E+00  0.0000E+00  0.0000E+00  0.0000E+00  0.0000E+00  0.0000E+00  0.0000E+00  0.0000E+00  0.0000E+00  0.0000E+00  0.0000E+00  0.0000E+00  0.0000E+00  0.0000E+00  0.0000E+00  0.0000E+00  0.0000E+00  0.0000E+00  0.0000E+00  0.0000E+00  0.0000E+00  0.0000E+00  0.0000E+00  0.0000E+00  0.0000E+00  0.0000E+00  0.0000E+00
  0.4391E-02  0.0000E+00  0.0000E+00  0.0000E+00  0.1730E-02  0.0000E+00  0.0000E+00  0.0000E+00  0.0000E+00  0.0000E+00  0.0000E+00  0.0000E+00  0.0000E+00  0.0000E+00  0.0000E+00  0.0000E+00  0.0000E+00  0.0000E+00  0.0000E+00  0.0000E+00  0.0000E+00  0.0000E+00  0.0000E+00  0.0000E+00  0.0000E+00  0.0000E+00  0.0000E+00  0.0000E+00  0.0000E+00  0.0000E+00  0.0000E+00  0.0000E+00
 Relative number of events:
  0.1826E-01  0.0000E+00  0.1607E-01  0.1972E-01  0.4383E-02  0.0000E+00  0.4164E-01  0.0000E+00  0.6574E-02  0.5113E-02  0.0000E+00  0.0000E+00  0.2922E-01  0.2557E-01  0.8766E-02  0.9496E-02  0.1972E-01  0.0000E+00  0.6574E-02  0.5844E-02  0.3652E-02  0.7305E-02  0.0000E+00  0.0000E+00  0.2045E-01  0.8035E-02  0.7305E-03  0.4383E-02  0.0000E+00  0.0000E+00  0.8766E-02  0.2264E-01
  0.2045E-01  0.0000E+00  0.1242E-01  0.1534E-01  0.1096E-01  0.0000E+00  0.3725E-01  0.0000E+00  0.2922E-02  0.3652E-02  0.0000E+00  0.0000E+00  0.3360E-01  0.3068E-01  0.8035E-02  0.7305E-02  0.1680E-01  0.0000E+00  0.7305E-02  0.5113E-02  0.5113E-02  0.8766E-02  0.0000E+00  0.0000E+00  0.8035E-02  0.1023E-01  0.2191E-02  0.7305E-03  0.0000E+00  0.0000E+00  0.6574E-02  0.1753E-01
  0.1972E-01  0.0000E+00  0.1242E-01  0.1607E-01  0.8766E-02  0.0000E+00  0.0000E+00  0.0000E+00  0.4383E-02  0.5113E-02  0.0000E+00  0.0000E+00  0.0000E+00  0.0000E+00  0.4383E-02  0.1169E-01  0.0000E+00  0.0000E+00  0.5113E-02  0.2191E-02  0.0000E+00  0.0000E+00  0.0000E+00  0.0000E+00  0.0000E+00  0.0000E+00  0.0000E+00  0.0000E+00  0.0000E+00  0.0000E+00  0.0000E+00  0.0000E+00
  0.2337E-01  0.0000E+00  0.1388E-01  0.1899E-01  0.6574E-02  0.0000E+00  0.0000E+00  0.0000E+00  0.2922E-02  0.4383E-02  0.0000E+00  0.0000E+00  0.0000E+00  0.0000E+00  0.4383E-02  0.8035E-02  0.0000E+00  0.0000E+00  0.5844E-02  0.5844E-02  0.0000E+00  0.0000E+00  0.0000E+00  0.0000E+00  0.0000E+00  0.0000E+00  0.0000E+00  0.0000E+00  0.0000E+00  0.0000E+00  0.0000E+00  0.0000E+00
  0.2118E-01  0.0000E+00  0.0000E+00  0.0000E+00  0.8035E-02  0.0000E+00  0.4237E-01  0.0000E+00  0.0000E+00  0.0000E+00  0.0000E+00  0.0000E+00  0.0000E+00  0.0000E+00  0.0000E+00  0.0000E+00  0.1826E-01  0.0000E+00  0.0000E+00  0.0000E+00  0.0000E+00  0.0000E+00  0.0000E+00  0.0000E+00  0.0000E+00  0.0000E+00  0.0000E+00  0.0000E+00  0.0000E+00  0.0000E+00  0.0000E+00  0.0000E+00
  0.1972E-01  0.0000E+00  0.0000E+00  0.0000E+00  0.8766E-02  0.0000E+00  0.5405E-01  0.0000E+00  0.0000E+00  0.0000E+00  0.0000E+00  0.0000E+00  0.0000E+00  0.0000E+00  0.0000E+00  0.0000E+00  0.1607E-01  0.0000E+00  0.0000E+00  0.0000E+00  0.0000E+00  0.0000E+00  0.0000E+00  0.0000E+00  0.0000E+00  0.0000E+00  0.0000E+00  0.0000E+00  0.0000E+00  0.0000E+00  0.0000E+00  0.0000E+00
  0.2703E-01  0.0000E+00  0.0000E+00  0.0000E+00  0.8766E-02  0.0000E+00  0.0000E+00  0.0000E+00  0.0000E+00  0.0000E+00  0.0000E+00  0.0000E+00  0.0000E+00  0.0000E+00  0.0000E+00  0.0000E+00  0.0000E+00  0.0000E+00  0.0000E+00  0.0000E+00  0.0000E+00  0.0000E+00  0.0000E+00  0.0000E+00  0.0000E+00  0.0000E+00  0.0000E+00  0.0000E+00  0.0000E+00  0.0000E+00  0.0000E+00  0.0000E+00
  0.1826E-01  0.0000E+00  0.0000E+00  0.0000E+00  0.9496E-02  0.0000E+00  0.0000E+00  0.0000E+00  0.0000E+00  0.0000E+00  0.0000E+00  0.0000E+00  0.0000E+00  0.0000E+00  0.0000E+00  0.0000E+00  0.0000E+00  0.0000E+00  0.0000E+00  0.0000E+00  0.0000E+00  0.0000E+00  0.0000E+00  0.0000E+00  0.0000E+00  0.0000E+00  0.0000E+00  0.0000E+00  0.0000E+00  0.0000E+00  0.0000E+00  0.0000E+00
 Events:
          25           0          22          27           6           0          57           0           9           7           0           0          40          35          12          13          27           0           9           8           5          10           0           0          28          11           1           6           0           0          12          31
          28           0          17          21          15           0          51           0           4           5           0           0          46          42          11          10          23           0          10           7           7          12           0           0          11          14           3           1           0           0           9          24
          27           0          17          22          12           0           0           0           6           7           0           0           0           0           6          16           0           0           7           3           0           0           0           0           0           0           0           0           0           0           0           0
          32           0          19          26           9           0           0           0           4           6           0           0           0           0           6          11           0           0           8           8           0           0           0           0           0           0           0           0           0           0           0           0
          29           0           0           0          11           0          58           0           0           0           0           0           0           0           0           0          25           0           0           0           0           0           0           0           0           0           0           0           0           0           0           0
          27           0           0           0          12           0          74           0           0           0           0           0           0           0           0           0          22           0           0           0           0           0           0           0           0           0           0           0           0           0           0           0
          37           0           0           0          12           0           0           0           0           0           0           0           0           0           0           0           0           0           0           0           0           0           0           0           0           0           0           0           0           0           0           0
          25           0           0           0          13           0           0           0           0           0           0           0           0           0           0           0           0           0           0           0           0           0           0           0           0           0           0           0           0           0           0           0
 Iteration  2   Mean: 0.8634E-06 Abs mean: 0.1222E-05   Fluctuation:  0.199E-06   0.483E-03    46.0%
  2    0.8634E-06 0.1222E-05 +- 0.1993E-06     10.32
 Relative summed weights:
  0.1971E-01  0.0000E+00  0.3929E-02  0.4132E-02  0.9506E-04  0.0000E+00  0.1792E+00  0.0000E+00  0.7643E-02  0.5205E-02  0.0000E+00  0.0000E+00  0.4300E-02  0.9206E-02  0.6023E-03  0.5493E-02  0.2127E-03  0.0000E+00  0.7759E-04  0.3429E-03  0.4143E-02  0.3060E-02  0.0000E+00  0.0000E+00  0.6653E-02  0.4043E-02  0.1751E-02  0.2221E-07  0.0000E+00  0.0000E+00  0.6738E-03  0.7222E-04
  0.2333E-01  0.0000E+00  0.3093E-02  0.1849E-02  0.1338E-02  0.0000E+00  0.6611E-01  0.0000E+00  0.1328E-02  0.7338E-02  0.0000E+00  0.0000E+00  0.1656E-01  0.7234E-02  0.9751E-02  0.3786E-01  0.2079E-03  0.0000E+00  0.1226E-03  0.1373E-03  0.1133E-01  0.5072E-02  0.0000E+00  0.0000E+00  0.3152E-03  0.2697E-02  0.2123E-06  0.1219E-03  0.0000E+00  0.0000E+00  0.1306E-02  0.1021E-03
  0.9857E-01  0.0000E+00  0.2295E-02  0.3104E-02  0.3583E-04  0.0000E+00  0.0000E+00  0.0000E+00  0.3205E-02  0.4036E-02  0.0000E+00  0.0000E+00  0.0000E+00  0.0000E+00  0.2766E-02  0.1162E-02  0.0000E+00  0.0000E+00  0.5747E-04  0.1532E-02  0.0000E+00  0.0000E+00  0.0000E+00  0.0000E+00  0.0000E+00  0.0000E+00  0.0000E+00  0.0000E+00  0.0000E+00  0.0000E+00  0.0000E+00  0.0000E+00
  0.5352E-01  0.0000E+00  0.1381E-02  0.1696E-02  0.3678E-03  0.0000E+00  0.0000E+00  0.0000E+00  0.8825E-02  0.4168E-02  0.0000E+00  0.0000E+00  0.0000E+00  0.0000E+00  0.7092E-03  0.1209E-02  0.0000E+00  0.0000E+00  0.1321E-03  0.3164E-03  0.0000E+00  0.0000E+00  0.0000E+00  0.0000E+00  0.0000E+00  0.0000E+00  0.0000E+00  0.0000E+00  0.0000E+00  0.0000E+00  0.0000E+00  0.0000E+00
  0.2736E-01  0.0000E+00  0.0000E+00  0.0000E+00  0.3653E-03  0.0000E+00  0.6055E-01  0.0000E+00  0.0000E+00  0.0000E+00  0.0000E+00  0.0000E+00  0.0000E+00  0.0000E+00  0.0000E+00  0.0000E+00  0.2093E-02  0.0000E+00  0.0000E+00  0.0000E+00  0.0000E+00  0.0000E+00  0.0000E+00  0.0000E+00  0.0000E+00  0.0000E+00  0.0000E+00  0.0000E+00  0.0000E+00  0.0000E+00  0.0000E+00  0.0000E+00
  0.1514E+00  0.0000E+00  0.0000E+00  0.0000E+00  0.3393E-03  0.0000E+00  0.4024E-01  0.0000E+00  0.0000E+00  0.0000E+00  0.0000E+00  0.0000E+00  0.0000E+00  0.0000E+00  0.0000E+00  0.0000E+00  0.6582E-03  0.0000E+00  0.0000E+00  0.0000E+00  0.0000E+00  0.0000E+00  0.0000E+00  0.0000E+00  0.0000E+00  0.0000E+00  0.0000E+00  0.0000E+00  0.0000E+00  0.0000E+00  0.0000E+00  0.0000E+00
  0.2902E-01  0.0000E+00  0.0000E+00  0.0000E+00  0.2599E-04  0.0000E+00  0.0000E+00  0.0000E+00  0.0000E+00  0.0000E+00  0.0000E+00  0.0000E+00  0.0000E+00  0.0000E+00  0.0000E+00  0.0000E+00  0.0000E+00  0.0000E+00  0.0000E+00  0.0000E+00  0.0000E+00  0.0000E+00  0.0000E+00  0.0000E+00  0.0000E+00  0.0000E+00  0.0000E+00  0.0000E+00  0.0000E+00  0.0000E+00  0.0000E+00  0.0000E+00
  0.4069E-01  0.0000E+00  0.0000E+00  0.0000E+00  0.4715E-03  0.0000E+00  0.0000E+00  0.0000E+00  0.0000E+00  0.0000E+00  0.0000E+00  0.0000E+00  0.0000E+00  0.0000E+00  0.0000E+00  0.0000E+00  0.0000E+00  0.0000E+00  0.0000E+00  0.0000E+00  0.0000E+00  0.0000E+00  0.0000E+00  0.0000E+00  0.0000E+00  0.0000E+00  0.0000E+00  0.0000E+00  0.0000E+00  0.0000E+00  0.0000E+00  0.0000E+00
 Relative number of events:
  0.1521E-01  0.0000E+00  0.1636E-01  0.1902E-01  0.7607E-02  0.0000E+00  0.5021E-01  0.0000E+00  0.5325E-02  0.2663E-02  0.0000E+00  0.0000E+00  0.3461E-01  0.3195E-01  0.7607E-02  0.5706E-02  0.1255E-01  0.0000E+00  0.2663E-02  0.5325E-02  0.1065E-01  0.6466E-02  0.0000E+00  0.0000E+00  0.1674E-01  0.1674E-01  0.1521E-02  0.7607E-03  0.0000E+00  0.0000E+00  0.9509E-02  0.7607E-02
  0.2168E-01  0.0000E+00  0.2092E-01  0.1750E-01  0.1179E-01  0.0000E+00  0.4793E-01  0.0000E+00  0.4564E-02  0.5706E-02  0.0000E+00  0.0000E+00  0.3005E-01  0.3233E-01  0.6086E-02  0.1141E-01  0.1027E-01  0.0000E+00  0.3804E-02  0.7227E-02  0.1065E-01  0.1027E-01  0.0000E+00  0.0000E+00  0.1065E-01  0.9890E-02  0.3804E-03  0.1141E-02  0.0000E+00  0.0000E+00  0.1103E-01  0.7607E-02
  0.2510E-01  0.0000E+00  0.1369E-01  0.1521E-01  0.7988E-02  0.0000E+00  0.0000E+00  0.0000E+00  0.4184E-02  0.5325E-02  0.0000E+00  0.0000E+00  0.0000E+00  0.0000E+00  0.1027E-01  0.5706E-02  0.0000E+00  0.0000E+00  0.5325E-02  0.7607E-02  0.0000E+00  0.0000E+00  0.0000E+00  0.0000E+00  0.0000E+00  0.0000E+00  0.0000E+00  0.0000E+00  0.0000E+00  0.0000E+00  0.0000E+00  0.0000E+00
  0.2282E-01  0.0000E+00  0.1560E-01  0.1445E-01  0.6847E-02  0.0000E+00  0.0000E+00  0.0000E+00  0.4945E-02  0.4564E-02  0.0000E+00  0.0000E+00  0.0000E+00  0.0000E+00  0.7227E-02  0.7227E-02  0.0000E+00  0.0000E+00  0.5325E-02  0.5706E-02  0.0000E+00  0.0000E+00  0.0000E+00  0.0000E+00  0.0000E+00  0.0000E+00  0.0000E+00  0.0000E+00  0.0000E+00  0.0000E+00  0.0000E+00  0.0000E+00
  0.2701E-01  0.0000E+00  0.0000E+00  0.0000E+00  0.6466E-02  0.0000E+00  0.4336E-01  0.0000E+00  0.0000E+00  0.0000E+00  0.0000E+00  0.0000E+00  0.0000E+00  0.0000E+00  0.0000E+00  0.0000E+00  0.1217E-01  0.0000E+00  0.0000E+00  0.0000E+00  0.0000E+00  0.0000E+00  0.0000E+00  0.0000E+00  0.0000E+00  0.0000E+00  0.0000E+00  0.0000E+00  0.0000E+00  0.0000E+00  0.0000E+00  0.0000E+00
  0.1750E-01  0.0000E+00  0.0000E+00  0.0000E+00  0.6466E-02  0.0000E+00  0.4260E-01  0.0000E+00  0.0000E+00  0.0000E+00  0.0000E+00  0.0000E+00  0.0000E+00  0.0000E+00  0.0000E+00  0.0000E+00  0.1598E-01  0.0000E+00  0.0000E+00  0.0000E+00  0.0000E+00  0.0000E+00  0.0000E+00  0.0000E+00  0.0000E+00  0.0000E+00  0.0000E+00  0.0000E+00  0.0000E+00  0.0000E+00  0.0000E+00  0.0000E+00
  0.1940E-01  0.0000E+00  0.0000E+00  0.0000E+00  0.3423E-02  0.0000E+00  0.0000E+00  0.0000E+00  0.0000E+00  0.0000E+00  0.0000E+00  0.0000E+00  0.0000E+00  0.0000E+00  0.0000E+00  0.0000E+00  0.0000E+00  0.0000E+00  0.0000E+00  0.0000E+00  0.0000E+00  0.0000E+00  0.0000E+00  0.0000E+00  0.0000E+00  0.0000E+00  0.0000E+00  0.0000E+00  0.0000E+00  0.0000E+00  0.0000E+00  0.0000E+00
  0.2282E-01  0.0000E+00  0.0000E+00  0.0000E+00  0.7988E-02  0.0000E+00  0.0000E+00  0.0000E+00  0.0000E+00  0.0000E+00  0.0000E+00  0.0000E+00  0.0000E+00  0.0000E+00  0.0000E+00  0.0000E+00  0.0000E+00  0.0000E+00  0.0000E+00  0.0000E+00  0.0000E+00  0.0000E+00  0.0000E+00  0.0000E+00  0.0000E+00  0.0000E+00  0.0000E+00  0.0000E+00  0.0000E+00  0.0000E+00  0.0000E+00  0.0000E+00
 Events:
          40           0          43          50          20           0         132           0          14           7           0           0          91          84          20          15          33           0           7          14          28          17           0           0          44          44           4           2           0           0          25          20
          57           0          55          46          31           0         126           0          12          15           0           0          79          85          16          30          27           0          10          19          28          27           0           0          28          26           1           3           0           0          29          20
          66           0          36          40          21           0           0           0          11          14           0           0           0           0          27          15           0           0          14          20           0           0           0           0           0           0           0           0           0           0           0           0
          60           0          41          38          18           0           0           0          13          12           0           0           0           0          19          19           0           0          14          15           0           0           0           0           0           0           0           0           0           0           0           0
          71           0           0           0          17           0         114           0           0           0           0           0           0           0           0           0          32           0           0           0           0           0           0           0           0           0           0           0           0           0           0           0
          46           0           0           0          17           0         112           0           0           0           0           0           0           0           0           0          42           0           0           0           0           0           0           0           0           0           0           0           0           0           0           0
          51           0           0           0           9           0           0           0           0           0           0           0           0           0           0           0           0           0           0           0           0           0           0           0           0           0           0           0           0           0           0           0
          60           0           0           0          21           0           0           0           0           0           0           0           0           0           0           0           0           0           0           0           0           0           0           0           0           0           0           0           0           0           0           0
 Iteration  3   Mean: 0.1087E-05 Abs mean: 0.1732E-05   Fluctuation:  0.157E-06   0.495E-03    60.1%
  3    0.1087E-05 0.1732E-05 +- 0.1570E-06      8.11
 Relative summed weights:
  0.5044E-01  0.0000E+00  0.2532E-02  0.4730E-02  0.6301E-04  0.0000E+00  0.6296E-01  0.0000E+00  0.4008E-02  0.1573E-02  0.0000E+00  0.0000E+00  0.9102E-02  0.5513E-02  0.7941E-03  0.8028E-03  0.4408E-03  0.0000E+00  0.7756E-04  0.3569E-04  0.1801E-01  0.6033E-02  0.0000E+00  0.0000E+00  0.3028E-02  0.4968E-03  0.2114E-02  0.1512E-04  0.0000E+00  0.0000E+00  0.6342E-03  0.3004E-03
  0.7830E-01  0.0000E+00  0.1906E-02  0.3819E-02  0.6406E-03  0.0000E+00  0.6794E-01  0.0000E+00  0.5502E-02  0.9869E-02  0.0000E+00  0.0000E+00  0.1059E-01  0.6826E-02  0.2177E-02  0.1517E-02  0.2205E-03  0.0000E+00  0.4948E-03  0.2061E-04  0.2895E-02  0.2140E-01  0.0000E+00  0.0000E+00  0.5066E-02  0.1185E-02  0.1469E-02  0.6093E-04  0.0000E+00  0.0000E+00  0.1460E-03  0.1389E-03
  0.4239E-01  0.0000E+00  0.9550E-02  0.3666E-02  0.1716E-03  0.0000E+00  0.0000E+00  0.0000E+00  0.3487E-02  0.2631E-02  0.0000E+00  0.0000E+00  0.0000E+00  0.0000E+00  0.1353E-02  0.1055E-02  0.0000E+00  0.0000E+00  0.4421E-03  0.4392E-04  0.0000E+00  0.0000E+00  0.0000E+00  0.0000E+00  0.0000E+00  0.0000E+00  0.0000E+00  0.0000E+00  0.0000E+00  0.0000E+00  0.0000E+00  0.0000E+00
  0.2492E-01  0.0000E+00  0.1718E-02  0.2176E-02  0.1628E-03  0.0000E+00  0.0000E+00  0.0000E+00  0.8364E-02  0.2404E-02  0.0000E+00  0.0000E+00  0.0000E+00  0.0000E+00  0.1056E-02  0.5757E-03  0.0000E+00  0.0000E+00  0.1790E-03  0.1147E-03  0.0000E+00  0.0000E+00  0.0000E+00  0.0000E+00  0.0000E+00  0.0000E+00  0.0000E+00  0.0000E+00  0.0000E+00  0.0000E+00  0.0000E+00  0.0000E+00
  0.4435E-01  0.0000E+00  0.0000E+00  0.0000E+00  0.4483E-04  0.0000E+00  0.9316E-01  0.0000E+00  0.0000E+00  0.0000E+00  0.0000E+00  0.0000E+00  0.0000E+00  0.0000E+00  0.0000E+00  0.0000E+00  0.1377E-02  0.0000E+00  0.0000E+00  0.0000E+00  0.0000E+00  0.0000E+00  0.0000E+00  0.0000E+00  0.0000E+00  0.0000E+00  0.0000E+00  0.0000E+00  0.0000E+00  0.0000E+00  0.0000E+00  0.0000E+00
  0.4020E-01  0.0000E+00  0.0000E+00  0.0000E+00  0.9001E-04  0.0000E+00  0.1972E+00  0.0000E+00  0.0000E+00  0.0000E+00  0.0000E+00  0.0000E+00  0.0000E+00  0.0000E+00  0.0000E+00  0.0000E+00  0.5424E-03  0.0000E+00  0.0000E+00  0.0000E+00  0.0000E+00  0.0000E+00  0.0000E+00  0.0000E+00  0.0000E+00  0.0000E+00  0.0000E+00  0.0000E+00  0.0000E+00  0.0000E+00  0.0000E+00  0.0000E+00
  0.5840E-01  0.0000E+00  0.0000E+00  0.0000E+00  0.4120E-03  0.0000E+00  0.0000E+00  0.0000E+00  0.0000E+00  0.0000E+00  0.0000E+00  0.0000E+00  0.0000E+00  0.0000E+00  0.0000E+00  0.0000E+00  0.0000E+00  0.0000E+00  0.0000E+00  0.0000E+00  0.0000E+00  0.0000E+00  0.0000E+00  0.0000E+00  0.0000E+00  0.0000E+00  0.0000E+00  0.0000E+00  0.0000E+00  0.0000E+00  0.0000E+00  0.0000E+00
  0.6157E-01  0.0000E+00  0.0000E+00  0.0000E+00  0.2980E-03  0.0000E+00  0.0000E+00  0.0000E+00  0.0000E+00  0.0000E+00  0.0000E+00  0.0000E+00  0.0000E+00  0.0000E+00  0.0000E+00  0.0000E+00  0.0000E+00  0.0000E+00  0.0000E+00  0.0000E+00  0.0000E+00  0.0000E+00  0.0000E+00  0.0000E+00  0.0000E+00  0.0000E+00  0.0000E+00  0.0000E+00  0.0000E+00  0.0000E+00  0.0000E+00  0.0000E+00
 Relative number of events:
  0.2600E-01  0.0000E+00  0.1618E-01  0.1637E-01  0.6162E-02  0.0000E+00  0.4737E-01  0.0000E+00  0.3851E-02  0.4622E-02  0.0000E+00  0.0000E+00  0.3120E-01  0.3139E-01  0.6162E-02  0.5199E-02  0.1098E-01  0.0000E+00  0.5392E-02  0.4236E-02  0.9243E-02  0.8088E-02  0.0000E+00  0.0000E+00  0.1194E-01  0.1194E-01  0.9628E-03  0.1155E-02  0.0000E+00  0.0000E+00  0.8280E-02  0.9628E-02
  0.2234E-01  0.0000E+00  0.1772E-01  0.1386E-01  0.4429E-02  0.0000E+00  0.4660E-01  0.0000E+00  0.3274E-02  0.4814E-02  0.0000E+00  0.0000E+00  0.3736E-01  0.3582E-01  0.4814E-02  0.6355E-02  0.1155E-01  0.0000E+00  0.4044E-02  0.3466E-02  0.9628E-02  0.1040E-01  0.0000E+00  0.0000E+00  0.1579E-01  0.1136E-01  0.2311E-02  0.1733E-02  0.0000E+00  0.0000E+00  0.8858E-02  0.7510E-02
  0.2503E-01  0.0000E+00  0.1618E-01  0.1367E-01  0.5777E-02  0.0000E+00  0.0000E+00  0.0000E+00  0.4622E-02  0.4044E-02  0.0000E+00  0.0000E+00  0.0000E+00  0.0000E+00  0.7895E-02  0.7125E-02  0.0000E+00  0.0000E+00  0.3274E-02  0.3851E-02  0.0000E+00  0.0000E+00  0.0000E+00  0.0000E+00  0.0000E+00  0.0000E+00  0.0000E+00  0.0000E+00  0.0000E+00  0.0000E+00  0.0000E+00  0.0000E+00
  0.2234E-01  0.0000E+00  0.1637E-01  0.1541E-01  0.5970E-02  0.0000E+00  0.0000E+00  0.0000E+00  0.4814E-02  0.5392E-02  0.0000E+00  0.0000E+00  0.0000E+00  0.0000E+00  0.5777E-02  0.5970E-02  0.0000E+00  0.0000E+00  0.5199E-02  0.4622E-02  0.0000E+00  0.0000E+00  0.0000E+00  0.0000E+00  0.0000E+00  0.0000E+00  0.0000E+00  0.0000E+00  0.0000E+00  0.0000E+00  0.0000E+00  0.0000E+00
  0.2985E-01  0.0000E+00  0.0000E+00  0.0000E+00  0.4429E-02  0.0000E+00  0.5045E-01  0.0000E+00  0.0000E+00  0.0000E+00  0.0000E+00  0.0000E+00  0.0000E+00  0.0000E+00  0.0000E+00  0.0000E+00  0.1136E-01  0.0000E+00  0.0000E+00  0.0000E+00  0.0000E+00  0.0000E+00  0.0000E+00  0.0000E+00  0.0000E+00  0.0000E+00  0.0000E+00  0.0000E+00  0.0000E+00  0.0000E+00  0.0000E+00  0.0000E+00
  0.2542E-01  0.0000E+00  0.0000E+00  0.0000E+00  0.7318E-02  0.0000E+00  0.4737E-01  0.0000E+00  0.0000E+00  0.0000E+00  0.0000E+00  0.0000E+00  0.0000E+00  0.0000E+00  0.0000E+00  0.0000E+00  0.1406E-01  0.0000E+00  0.0000E+00  0.0000E+00  0.0000E+00  0.0000E+00  0.0000E+00  0.0000E+00  0.0000E+00  0.0000E+00  0.0000E+00  0.0000E+00  0.0000E+00  0.0000E+00  0.0000E+00  0.0000E+00
  0.2426E-01  0.0000E+00  0.0000E+00  0.0000E+00  0.8473E-02  0.0000E+00  0.0000E+00  0.0000E+00  0.0000E+00  0.0000E+00  0.0000E+00  0.0000E+00  0.0000E+00  0.0000E+00  0.0000E+00  0.0000E+00  0.0000E+00  0.0000E+00  0.0000E+00  0.0000E+00  0.0000E+00  0.0000E+00  0.0000E+00  0.0000E+00  0.0000E+00  0.0000E+00  0.0000E+00  0.0000E+00  0.0000E+00  0.0000E+00  0.0000E+00  0.0000E+00
  0.2503E-01  0.0000E+00  0.0000E+00  0.0000E+00  0.8280E-02  0.0000E+00  0.0000E+00  0.0000E+00  0.0000E+00  0.0000E+00  0.0000E+00  0.0000E+00  0.0000E+00  0.0000E+00  0.0000E+00  0.0000E+00  0.0000E+00  0.0000E+00  0.0000E+00  0.0000E+00  0.0000E+00  0.0000E+00  0.0000E+00  0.0000E+00  0.0000E+00  0.0000E+00  0.0000E+00  0.0000E+00  0.0000E+00  0.0000E+00  0.0000E+00  0.0000E+00
 Events:
         135           0          84          85          32           0         246           0          20          24           0           0         162         163          32          27          57           0          28          22          48          42           0           0          62          62           5           6           0           0          43          50
         116           0          92          72          23           0         242           0          17          25           0           0         194         186          25          33          60           0          21          18          50          54           0           0          82          59          12           9           0           0          46          39
         130           0          84          71          30           0           0           0          24          21           0           0           0           0          41          37           0           0          17          20           0           0           0           0           0           0           0           0           0           0           0           0
         116           0          85          80          31           0           0           0          25          28           0           0           0           0          30          31           0           0          27          24           0           0           0           0           0           0           0           0           0           0           0           0
         155           0           0           0          23           0         262           0           0           0           0           0           0           0           0           0          59           0           0           0           0           0           0           0           0           0           0           0           0           0           0           0
         132           0           0           0          38           0         246           0           0           0           0           0           0           0           0           0          73           0           0           0           0           0           0           0           0           0           0           0           0           0           0           0
         126           0           0           0          44           0           0           0           0           0           0           0           0           0           0           0           0           0           0           0           0           0           0           0           0           0           0           0           0           0           0           0
         130           0           0           0          43           0           0           0           0           0           0           0           0           0           0           0           0           0           0           0           0           0           0           0           0           0           0           0           0           0           0           0
 Accuracy:    0.097   0.010   0.076   1.619
 Found          661  events.
 Wrote           26  events.
 Actual xsec    1.0231139075929950E-006
 Correct abs xsec    1.5941511462906650E-006
 Event xsec    1.5941511462906646E-006
 Events wgts > 1:            2
 % Cross section > 1:    6.4348435414979233E-010   4.0365328949333180E-002
 Iteration  4   Mean: 0.9195E-06 Abs mean: 0.1558E-05   Fluctuation:  0.101E-06   0.118E-02    69.0%
  4    0.9195E-06 0.1558E-05 +- 0.1007E-06      8.18
 Relative summed weights:
  0.4601E-01  0.0000E+00  0.5341E-02  0.3957E-02  0.2455E-03  0.0000E+00  0.9473E-01  0.0000E+00  0.7491E-02  0.2575E-02  0.0000E+00  0.0000E+00  0.5869E-02  0.4319E-02  0.1459E-02  0.1453E-02  0.1092E-02  0.0000E+00  0.2494E-03  0.5341E-04  0.1770E-01  0.9211E-02  0.0000E+00  0.0000E+00  0.4498E-02  0.5129E-02  0.1653E-03  0.2129E-03  0.0000E+00  0.0000E+00  0.7369E-03  0.2645E-03
  0.1104E+00  0.0000E+00  0.3893E-02  0.4228E-02  0.2616E-03  0.0000E+00  0.6174E-01  0.0000E+00  0.1013E-01  0.6302E-02  0.0000E+00  0.0000E+00  0.1638E-01  0.6985E-02  0.3541E-02  0.1958E-02  0.5780E-03  0.0000E+00  0.1161E-03  0.1421E-03  0.1707E-01  0.1062E-01  0.0000E+00  0.0000E+00  0.3235E-02  0.2213E-02  0.1307E-03  0.9034E-04  0.0000E+00  0.0000E+00  0.3587E-03  0.2862E-03
  0.4495E-01  0.0000E+00  0.5196E-02  0.6928E-02  0.5714E-03  0.0000E+00  0.0000E+00  0.0000E+00  0.1499E-01  0.4000E-02  0.0000E+00  0.0000E+00  0.0000E+00  0.0000E+00  0.5943E-02  0.1002E-02  0.0000E+00  0.0000E+00  0.2728E-03  0.2101E-03  0.0000E+00  0.0000E+00  0.0000E+00  0.0000E+00  0.0000E+00  0.0000E+00  0.0000E+00  0.0000E+00  0.0000E+00  0.0000E+00  0.0000E+00  0.0000E+00
  0.5351E-01  0.0000E+00  0.3506E-02  0.2270E-02  0.1492E-03  0.0000E+00  0.0000E+00  0.0000E+00  0.3072E-02  0.1080E-01  0.0000E+00  0.0000E+00  0.0000E+00  0.0000E+00  0.3847E-02  0.1703E-02  0.0000E+00  0.0000E+00  0.2181E-03  0.6864E-04  0.0000E+00  0.0000E+00  0.0000E+00  0.0000E+00  0.0000E+00  0.0000E+00  0.0000E+00  0.0000E+00  0.0000E+00  0.0000E+00  0.0000E+00  0.0000E+00
  0.4510E-01  0.0000E+00  0.0000E+00  0.0000E+00  0.2272E-03  0.0000E+00  0.9304E-01  0.0000E+00  0.0000E+00  0.0000E+00  0.0000E+00  0.0000E+00  0.0000E+00  0.0000E+00  0.0000E+00  0.0000E+00  0.3687E-03  0.0000E+00  0.0000E+00  0.0000E+00  0.0000E+00  0.0000E+00  0.0000E+00  0.0000E+00  0.0000E+00  0.0000E+00  0.0000E+00  0.0000E+00  0.0000E+00  0.0000E+00  0.0000E+00  0.0000E+00
  0.5948E-01  0.0000E+00  0.0000E+00  0.0000E+00  0.2363E-03  0.0000E+00  0.7854E-01  0.0000E+00  0.0000E+00  0.0000E+00  0.0000E+00  0.0000E+00  0.0000E+00  0.0000E+00  0.0000E+00  0.0000E+00  0.7631E-03  0.0000E+00  0.0000E+00  0.0000E+00  0.0000E+00  0.0000E+00  0.0000E+00  0.0000E+00  0.0000E+00  0.0000E+00  0.0000E+00  0.0000E+00  0.0000E+00  0.0000E+00  0.0000E+00  0.0000E+00
  0.3164E-01  0.0000E+00  0.0000E+00  0.0000E+00  0.3493E-03  0.0000E+00  0.0000E+00  0.0000E+00  0.0000E+00  0.0000E+00  0.0000E+00  0.0000E+00  0.0000E+00  0.0000E+00  0.0000E+00  0.0000E+00  0.0000E+00  0.0000E+00  0.0000E+00  0.0000E+00  0.0000E+00  0.0000E+00  0.0000E+00  0.0000E+00  0.0000E+00  0.0000E+00  0.0000E+00  0.0000E+00  0.0000E+00  0.0000E+00  0.0000E+00  0.0000E+00
  0.5336E-01  0.0000E+00  0.0000E+00  0.0000E+00  0.2493E-03  0.0000E+00  0.0000E+00  0.0000E+00  0.0000E+00  0.0000E+00  0.0000E+00  0.0000E+00  0.0000E+00  0.0000E+00  0.0000E+00  0.0000E+00  0.0000E+00  0.0000E+00  0.0000E+00  0.0000E+00  0.0000E+00  0.0000E+00  0.0000E+00  0.0000E+00  0.0000E+00  0.0000E+00  0.0000E+00  0.0000E+00  0.0000E+00  0.0000E+00  0.0000E+00  0.0000E+00
 Relative number of events:
  0.2723E-01  0.0000E+00  0.1434E-01  0.1599E-01  0.6397E-02  0.0000E+00  0.5466E-01  0.0000E+00  0.4071E-02  0.5137E-02  0.0000E+00  0.0000E+00  0.2878E-01  0.2975E-01  0.5912E-02  0.4652E-02  0.1134E-01  0.0000E+00  0.4264E-02  0.3101E-02  0.9110E-02  0.6687E-02  0.0000E+00  0.0000E+00  0.1105E-01  0.1211E-01  0.1454E-02  0.9692E-03  0.0000E+00  0.0000E+00  0.8529E-02  0.7657E-02
  0.2578E-01  0.0000E+00  0.1696E-01  0.1812E-01  0.5137E-02  0.0000E+00  0.5292E-01  0.0000E+00  0.4167E-02  0.4555E-02  0.0000E+00  0.0000E+00  0.3101E-01  0.2937E-01  0.6203E-02  0.7269E-02  0.1299E-01  0.0000E+00  0.3295E-02  0.3586E-02  0.8529E-02  0.7850E-02  0.0000E+00  0.0000E+00  0.9304E-02  0.8916E-02  0.6784E-03  0.1066E-02  0.0000E+00  0.0000E+00  0.8432E-02  0.6590E-02
  0.2694E-01  0.0000E+00  0.1512E-01  0.1841E-01  0.5815E-02  0.0000E+00  0.0000E+00  0.0000E+00  0.5718E-02  0.4458E-02  0.0000E+00  0.0000E+00  0.0000E+00  0.0000E+00  0.6687E-02  0.6590E-02  0.0000E+00  0.0000E+00  0.3489E-02  0.4264E-02  0.0000E+00  0.0000E+00  0.0000E+00  0.0000E+00  0.0000E+00  0.0000E+00  0.0000E+00  0.0000E+00  0.0000E+00  0.0000E+00  0.0000E+00  0.0000E+00
  0.2578E-01  0.0000E+00  0.1774E-01  0.1522E-01  0.4458E-02  0.0000E+00  0.0000E+00  0.0000E+00  0.4555E-02  0.4071E-02  0.0000E+00  0.0000E+00  0.0000E+00  0.0000E+00  0.5815E-02  0.7657E-02  0.0000E+00  0.0000E+00  0.3198E-02  0.2908E-02  0.0000E+00  0.0000E+00  0.0000E+00  0.0000E+00  0.0000E+00  0.0000E+00  0.0000E+00  0.0000E+00  0.0000E+00  0.0000E+00  0.0000E+00  0.0000E+00
  0.2869E-01  0.0000E+00  0.0000E+00  0.0000E+00  0.6494E-02  0.0000E+00  0.5534E-01  0.0000E+00  0.0000E+00  0.0000E+00  0.0000E+00  0.0000E+00  0.0000E+00  0.0000E+00  0.0000E+00  0.0000E+00  0.1095E-01  0.0000E+00  0.0000E+00  0.0000E+00  0.0000E+00  0.0000E+00  0.0000E+00  0.0000E+00  0.0000E+00  0.0000E+00  0.0000E+00  0.0000E+00  0.0000E+00  0.0000E+00  0.0000E+00  0.0000E+00
  0.2607E-01  0.0000E+00  0.0000E+00  0.0000E+00  0.5330E-02  0.0000E+00  0.5534E-01  0.0000E+00  0.0000E+00  0.0000E+00  0.0000E+00  0.0000E+00  0.0000E+00  0.0000E+00  0.0000E+00  0.0000E+00  0.1221E-01  0.0000E+00  0.0000E+00  0.0000E+00  0.0000E+00  0.0000E+00  0.0000E+00  0.0000E+00  0.0000E+00  0.0000E+00  0.0000E+00  0.0000E+00  0.0000E+00  0.0000E+00  0.0000E+00  0.0000E+00
  0.2743E-01  0.0000E+00  0.0000E+00  0.0000E+00  0.4458E-02  0.0000E+00  0.0000E+00  0.0000E+00  0.0000E+00  0.0000E+00  0.0000E+00  0.0000E+00  0.0000E+00  0.0000E+00  0.0000E+00  0.0000E+00  0.0000E+00  0.0000E+00  0.0000E+00  0.0000E+00  0.0000E+00  0.0000E+00  0.0000E+00  0.0000E+00  0.0000E+00  0.0000E+00  0.0000E+00  0.0000E+00  0.0000E+00  0.0000E+00  0.0000E+00  0.0000E+00
  0.2772E-01  0.0000E+00  0.0000E+00  0.0000E+00  0.5137E-02  0.0000E+00  0.0000E+00  0.0000E+00  0.0000E+00  0.0000E+00  0.0000E+00  0.0000E+00  0.0000E+00  0.0000E+00  0.0000E+00  0.0000E+00  0.0000E+00  0.0000E+00  0.0000E+00  0.0000E+00  0.0000E+00  0.0000E+00  0.0000E+00  0.0000E+00  0.0000E+00  0.0000E+00  0.0000E+00  0.0000E+00  0.0000E+00  0.0000E+00  0.0000E+00  0.0000E+00
 Events:
         281           0         148         165          66           0         564           0          42          53           0           0         297         307          61          48         117           0          44          32          94          69           0           0         114         125          15          10           0           0          88          79
         266           0         175         187          53           0         546           0          43          47           0           0         320         303          64          75         134           0          34          37          88          81           0           0          96          92           7          11           0           0          87          68
         278           0         156         190          60           0           0           0          59          46           0           0           0           0          69          68           0           0          36          44           0           0           0           0           0           0           0           0           0           0           0           0
         266           0         183         157          46           0           0           0          47          42           0           0           0           0          60          79           0           0          33          30           0           0           0           0           0           0           0           0           0           0           0           0
         296           0           0           0          67           0         571           0           0           0           0           0           0           0           0           0         113           0           0           0           0           0           0           0           0           0           0           0           0           0           0           0
         269           0           0           0          55           0         571           0           0           0           0           0           0           0           0           0         126           0           0           0           0           0           0           0           0           0           0           0           0           0           0           0
         283           0           0           0          46           0           0           0           0           0           0           0           0           0           0           0           0           0           0           0           0           0           0           0           0           0           0           0           0           0           0           0
         286           0           0           0          53           0           0           0           0           0           0           0           0           0           0           0           0           0           0           0           0           0           0           0           0           0           0           0           0           0           0           0
 Accuracy:    0.052   0.010   0.049   1.126
 Found         1181  events.
 Wrote           23  events.
 Actual xsec    9.6552518009202079E-007
 Correct abs xsec    1.5795348051215869E-006
 Event xsec    1.5795348051215874E-006
 Events wgts > 1:            1
 % Cross section > 1:    9.2412432745967040E-017   5.8506107270522245E-009
 Iteration  5   Mean: 0.8104E-06 Abs mean: 0.1474E-05   Fluctuation:  0.413E-07   0.450E-03    73.5%
  5    0.8104E-06 0.1474E-05 +- 0.4134E-07      5.02
 Relative summed weights:
  0.4560E-01  0.0000E+00  0.3838E-02  0.7769E-02  0.2330E-03  0.0000E+00  0.1153E+00  0.0000E+00  0.6472E-02  0.2701E-02  0.0000E+00  0.0000E+00  0.1146E-01  0.8982E-02  0.1254E-02  0.1959E-02  0.6329E-03  0.0000E+00  0.2622E-03  0.1433E-03  0.1042E-01  0.1710E-01  0.0000E+00  0.0000E+00  0.3517E-02  0.3494E-02  0.5506E-03  0.3557E-03  0.0000E+00  0.0000E+00  0.4173E-03  0.4880E-03
  0.4694E-01  0.0000E+00  0.5172E-02  0.2763E-02  0.4737E-03  0.0000E+00  0.1005E+00  0.0000E+00  0.9925E-02  0.1025E-01  0.0000E+00  0.0000E+00  0.8091E-02  0.1007E-01  0.1176E-02  0.1608E-02  0.5556E-03  0.0000E+00  0.1929E-03  0.1416E-03  0.1424E-01  0.8717E-02  0.0000E+00  0.0000E+00  0.3178E-02  0.6090E-02  0.1446E-03  0.4441E-03  0.0000E+00  0.0000E+00  0.2542E-03  0.3543E-03
  0.5643E-01  0.0000E+00  0.3494E-02  0.4463E-02  0.3361E-03  0.0000E+00  0.0000E+00  0.0000E+00  0.5472E-02  0.5720E-02  0.0000E+00  0.0000E+00  0.0000E+00  0.0000E+00  0.1330E-02  0.1726E-02  0.0000E+00  0.0000E+00  0.2471E-03  0.1878E-03  0.0000E+00  0.0000E+00  0.0000E+00  0.0000E+00  0.0000E+00  0.0000E+00  0.0000E+00  0.0000E+00  0.0000E+00  0.0000E+00  0.0000E+00  0.0000E+00
  0.4319E-01  0.0000E+00  0.4766E-02  0.4019E-02  0.4138E-03  0.0000E+00  0.0000E+00  0.0000E+00  0.1612E-01  0.6279E-02  0.0000E+00  0.0000E+00  0.0000E+00  0.0000E+00  0.3604E-02  0.3168E-02  0.0000E+00  0.0000E+00  0.1997E-03  0.3276E-03  0.0000E+00  0.0000E+00  0.0000E+00  0.0000E+00  0.0000E+00  0.0000E+00  0.0000E+00  0.0000E+00  0.0000E+00  0.0000E+00  0.0000E+00  0.0000E+00
  0.5257E-01  0.0000E+00  0.0000E+00  0.0000E+00  0.2682E-03  0.0000E+00  0.8329E-01  0.0000E+00  0.0000E+00  0.0000E+00  0.0000E+00  0.0000E+00  0.0000E+00  0.0000E+00  0.0000E+00  0.0000E+00  0.7724E-03  0.0000E+00  0.0000E+00  0.0000E+00  0.0000E+00  0.0000E+00  0.0000E+00  0.0000E+00  0.0000E+00  0.0000E+00  0.0000E+00  0.0000E+00  0.0000E+00  0.0000E+00  0.0000E+00  0.0000E+00
  0.5041E-01  0.0000E+00  0.0000E+00  0.0000E+00  0.3011E-03  0.0000E+00  0.8754E-01  0.0000E+00  0.0000E+00  0.0000E+00  0.0000E+00  0.0000E+00  0.0000E+00  0.0000E+00  0.0000E+00  0.0000E+00  0.7663E-03  0.0000E+00  0.0000E+00  0.0000E+00  0.0000E+00  0.0000E+00  0.0000E+00  0.0000E+00  0.0000E+00  0.0000E+00  0.0000E+00  0.0000E+00  0.0000E+00  0.0000E+00  0.0000E+00  0.0000E+00
  0.4386E-01  0.0000E+00  0.0000E+00  0.0000E+00  0.2777E-03  0.0000E+00  0.0000E+00  0.0000E+00  0.0000E+00  0.0000E+00  0.0000E+00  0.0000E+00  0.0000E+00  0.0000E+00  0.0000E+00  0.0000E+00  0.0000E+00  0.0000E+00  0.0000E+00  0.0000E+00  0.0000E+00  0.0000E+00  0.0000E+00  0.0000E+00  0.0000E+00  0.0000E+00  0.0000E+00  0.0000E+00  0.0000E+00  0.0000E+00  0.0000E+00  0.0000E+00
  0.4395E-01  0.0000E+00  0.0000E+00  0.0000E+00  0.2210E-03  0.0000E+00  0.0000E+00  0.0000E+00  0.0000E+00  0.0000E+00  0.0000E+00  0.0000E+00  0.0000E+00  0.0000E+00  0.0000E+00  0.0000E+00  0.0000E+00  0.0000E+00  0.0000E+00  0.0000E+00  0.0000E+00  0.0000E+00  0.0000E+00  0.0000E+00  0.0000E+00  0.0000E+00  0.0000E+00  0.0000E+00  0.0000E+00  0.0000E+00  0.0000E+00  0.0000E+00
 Relative number of events:
  0.2964E-01  0.0000E+00  0.1430E-01  0.1460E-01  0.4255E-02  0.0000E+00  0.5769E-01  0.0000E+00  0.3958E-02  0.3513E-02  0.0000E+00  0.0000E+00  0.3127E-01  0.3171E-01  0.5145E-02  0.6135E-02  0.9895E-02  0.0000E+00  0.4106E-02  0.3018E-02  0.8609E-02  0.7471E-02  0.0000E+00  0.0000E+00  0.1074E-01  0.1079E-01  0.1039E-02  0.9895E-03  0.0000E+00  0.0000E+00  0.6580E-02  0.7223E-02
  0.2771E-01  0.0000E+00  0.1499E-01  0.1529E-01  0.4849E-02  0.0000E+00  0.5487E-01  0.0000E+00  0.4008E-02  0.3760E-02  0.0000E+00  0.0000E+00  0.3023E-01  0.3181E-01  0.6135E-02  0.5195E-02  0.1044E-01  0.0000E+00  0.2919E-02  0.2771E-02  0.7966E-02  0.7817E-02  0.0000E+00  0.0000E+00  0.1098E-01  0.1187E-01  0.9400E-03  0.1088E-02  0.0000E+00  0.0000E+00  0.5492E-02  0.6333E-02
  0.3132E-01  0.0000E+00  0.1415E-01  0.1558E-01  0.5195E-02  0.0000E+00  0.0000E+00  0.0000E+00  0.4008E-02  0.3760E-02  0.0000E+00  0.0000E+00  0.0000E+00  0.0000E+00  0.5294E-02  0.5541E-02  0.0000E+00  0.0000E+00  0.3265E-02  0.3364E-02  0.0000E+00  0.0000E+00  0.0000E+00  0.0000E+00  0.0000E+00  0.0000E+00  0.0000E+00  0.0000E+00  0.0000E+00  0.0000E+00  0.0000E+00  0.0000E+00
  0.2860E-01  0.0000E+00  0.1554E-01  0.1435E-01  0.5591E-02  0.0000E+00  0.0000E+00  0.0000E+00  0.3760E-02  0.3562E-02  0.0000E+00  0.0000E+00  0.0000E+00  0.0000E+00  0.7273E-02  0.6630E-02  0.0000E+00  0.0000E+00  0.3463E-02  0.3513E-02  0.0000E+00  0.0000E+00  0.0000E+00  0.0000E+00  0.0000E+00  0.0000E+00  0.0000E+00  0.0000E+00  0.0000E+00  0.0000E+00  0.0000E+00  0.0000E+00
  0.3082E-01  0.0000E+00  0.0000E+00  0.0000E+00  0.5442E-02  0.0000E+00  0.5967E-01  0.0000E+00  0.0000E+00  0.0000E+00  0.0000E+00  0.0000E+00  0.0000E+00  0.0000E+00  0.0000E+00  0.0000E+00  0.1029E-01  0.0000E+00  0.0000E+00  0.0000E+00  0.0000E+00  0.0000E+00  0.0000E+00  0.0000E+00  0.0000E+00  0.0000E+00  0.0000E+00  0.0000E+00  0.0000E+00  0.0000E+00  0.0000E+00  0.0000E+00
  0.2771E-01  0.0000E+00  0.0000E+00  0.0000E+00  0.5541E-02  0.0000E+00  0.5665E-01  0.0000E+00  0.0000E+00  0.0000E+00  0.0000E+00  0.0000E+00  0.0000E+00  0.0000E+00  0.0000E+00  0.0000E+00  0.1173E-01  0.0000E+00  0.0000E+00  0.0000E+00  0.0000E+00  0.0000E+00  0.0000E+00  0.0000E+00  0.0000E+00  0.0000E+00  0.0000E+00  0.0000E+00  0.0000E+00  0.0000E+00  0.0000E+00  0.0000E+00
  0.2978E-01  0.0000E+00  0.0000E+00  0.0000E+00  0.4997E-02  0.0000E+00  0.0000E+00  0.0000E+00  0.0000E+00  0.0000E+00  0.0000E+00  0.0000E+00  0.0000E+00  0.0000E+00  0.0000E+00  0.0000E+00  0.0000E+00  0.0000E+00  0.0000E+00  0.0000E+00  0.0000E+00  0.0000E+00  0.0000E+00  0.0000E+00  0.0000E+00  0.0000E+00  0.0000E+00  0.0000E+00  0.0000E+00  0.0000E+00  0.0000E+00  0.0000E+00
  0.2884E-01  0.0000E+00  0.0000E+00  0.0000E+00  0.4651E-02  0.0000E+00  0.0000E+00  0.0000E+00  0.0000E+00  0.0000E+00  0.0000E+00  0.0000E+00  0.0000E+00  0.0000E+00  0.0000E+00  0.0000E+00  0.0000E+00  0.0000E+00  0.0000E+00  0.0000E+00  0.0000E+00  0.0000E+00  0.0000E+00  0.0000E+00  0.0000E+00  0.0000E+00  0.0000E+00  0.0000E+00  0.0000E+00  0.0000E+00  0.0000E+00  0.0000E+00
 Events:
         599           0         289         295          86           0        1166           0          80          71           0           0         632         641         104         124         200           0          83          61         174         151           0           0         217         218          21          20           0           0         133         146
         560           0         303         309          98           0        1109           0          81          76           0           0         611         643         124         105         211           0          59          56         161         158           0           0         222         240          19          22           0           0         111         128
         633           0         286         315         105           0           0           0          81          76           0           0           0           0         107         112           0           0          66          68           0           0           0           0           0           0           0           0           0           0           0           0
         578           0         314         290         113           0           0           0          76          72           0           0           0           0         147         134           0           0          70          71           0           0           0           0           0           0           0           0           0           0           0           0
         623           0           0           0         110           0        1206           0           0           0           0           0           0           0           0           0         208           0           0           0           0           0           0           0           0           0           0           0           0           0           0           0
         560           0           0           0         112           0        1145           0           0           0           0           0           0           0           0           0         237           0           0           0           0           0           0           0           0           0           0           0           0           0           0           0
         602           0           0           0         101           0           0           0           0           0           0           0           0           0           0           0           0           0           0           0           0           0           0           0           0           0           0           0           0           0           0           0
         583           0           0           0          94           0           0           0           0           0           0           0           0           0           0           0           0           0           0           0           0           0           0           0           0           0           0           0           0           0           0           0
 Accuracy:    0.027   0.010   0.024   1.269
 Found         2714  events.
 Wrote          223  events.
 Actual xsec    8.4706025340349561E-007
 Correct abs xsec    1.5056181806276410E-006
 Event xsec    1.5056181806276386E-006
 Events wgts > 1:            4
 % Cross section > 1:    1.3738774471275024E-008  0.91250056940384572     
 Iteration  6   Mean: 0.8280E-06 Abs mean: 0.1480E-05   Fluctuation:  0.271E-07   0.412E-03    76.5%
  6    0.8280E-06 0.1480E-05 +- 0.2707E-07      4.63
 Relative summed weights:
  0.5360E-01  0.0000E+00  0.3404E-02  0.3390E-02  0.3081E-03  0.0000E+00  0.9810E-01  0.0000E+00  0.8623E-02  0.6043E-02  0.0000E+00  0.0000E+00  0.7555E-02  0.8986E-02  0.2345E-02  0.2018E-02  0.6880E-03  0.0000E+00  0.1960E-03  0.2104E-03  0.1102E-01  0.1315E-01  0.0000E+00  0.0000E+00  0.3978E-02  0.4669E-02  0.3175E-03  0.3946E-03  0.0000E+00  0.0000E+00  0.5372E-03  0.3969E-03
  0.5383E-01  0.0000E+00  0.4674E-02  0.4114E-02  0.1958E-03  0.0000E+00  0.1041E+00  0.0000E+00  0.5026E-02  0.6412E-02  0.0000E+00  0.0000E+00  0.8726E-02  0.7870E-02  0.1820E-02  0.2527E-02  0.7163E-03  0.0000E+00  0.2168E-03  0.2210E-03  0.1250E-01  0.8653E-02  0.0000E+00  0.0000E+00  0.5367E-02  0.3533E-02  0.2178E-03  0.2090E-03  0.0000E+00  0.0000E+00  0.4400E-03  0.4776E-03
  0.4494E-01  0.0000E+00  0.4611E-02  0.3961E-02  0.3064E-03  0.0000E+00  0.0000E+00  0.0000E+00  0.7202E-02  0.6896E-02  0.0000E+00  0.0000E+00  0.0000E+00  0.0000E+00  0.1830E-02  0.2413E-02  0.0000E+00  0.0000E+00  0.2803E-03  0.1838E-03  0.0000E+00  0.0000E+00  0.0000E+00  0.0000E+00  0.0000E+00  0.0000E+00  0.0000E+00  0.0000E+00  0.0000E+00  0.0000E+00  0.0000E+00  0.0000E+00
  0.5361E-01  0.0000E+00  0.5768E-02  0.5228E-02  0.4056E-03  0.0000E+00  0.0000E+00  0.0000E+00  0.4979E-02  0.6969E-02  0.0000E+00  0.0000E+00  0.0000E+00  0.0000E+00  0.1798E-02  0.1650E-02  0.0000E+00  0.0000E+00  0.2568E-03  0.2717E-03  0.0000E+00  0.0000E+00  0.0000E+00  0.0000E+00  0.0000E+00  0.0000E+00  0.0000E+00  0.0000E+00  0.0000E+00  0.0000E+00  0.0000E+00  0.0000E+00
  0.3842E-01  0.0000E+00  0.0000E+00  0.0000E+00  0.2988E-03  0.0000E+00  0.8808E-01  0.0000E+00  0.0000E+00  0.0000E+00  0.0000E+00  0.0000E+00  0.0000E+00  0.0000E+00  0.0000E+00  0.0000E+00  0.4841E-03  0.0000E+00  0.0000E+00  0.0000E+00  0.0000E+00  0.0000E+00  0.0000E+00  0.0000E+00  0.0000E+00  0.0000E+00  0.0000E+00  0.0000E+00  0.0000E+00  0.0000E+00  0.0000E+00  0.0000E+00
  0.5468E-01  0.0000E+00  0.0000E+00  0.0000E+00  0.4156E-03  0.0000E+00  0.9997E-01  0.0000E+00  0.0000E+00  0.0000E+00  0.0000E+00  0.0000E+00  0.0000E+00  0.0000E+00  0.0000E+00  0.0000E+00  0.4897E-03  0.0000E+00  0.0000E+00  0.0000E+00  0.0000E+00  0.0000E+00  0.0000E+00  0.0000E+00  0.0000E+00  0.0000E+00  0.0000E+00  0.0000E+00  0.0000E+00  0.0000E+00  0.0000E+00  0.0000E+00
  0.5739E-01  0.0000E+00  0.0000E+00  0.0000E+00  0.1977E-03  0.0000E+00  0.0000E+00  0.0000E+00  0.0000E+00  0.0000E+00  0.0000E+00  0.0000E+00  0.0000E+00  0.0000E+00  0.0000E+00  0.0000E+00  0.0000E+00  0.0000E+00  0.0000E+00  0.0000E+00  0.0000E+00  0.0000E+00  0.0000E+00  0.0000E+00  0.0000E+00  0.0000E+00  0.0000E+00  0.0000E+00  0.0000E+00  0.0000E+00  0.0000E+00  0.0000E+00
  0.4387E-01  0.0000E+00  0.0000E+00  0.0000E+00  0.3892E-03  0.0000E+00  0.0000E+00  0.0000E+00  0.0000E+00  0.0000E+00  0.0000E+00  0.0000E+00  0.0000E+00  0.0000E+00  0.0000E+00  0.0000E+00  0.0000E+00  0.0000E+00  0.0000E+00  0.0000E+00  0.0000E+00  0.0000E+00  0.0000E+00  0.0000E+00  0.0000E+00  0.0000E+00  0.0000E+00  0.0000E+00  0.0000E+00  0.0000E+00  0.0000E+00  0.0000E+00
 Relative number of events:
  0.3079E-01  0.0000E+00  0.1425E-01  0.1411E-01  0.5447E-02  0.0000E+00  0.6040E-01  0.0000E+00  0.3705E-02  0.3680E-02  0.0000E+00  0.0000E+00  0.2934E-01  0.2991E-01  0.5422E-02  0.5692E-02  0.1028E-01  0.0000E+00  0.3042E-02  0.3435E-02  0.7287E-02  0.7139E-02  0.0000E+00  0.0000E+00  0.9666E-02  0.1141E-01  0.1055E-02  0.1325E-02  0.0000E+00  0.0000E+00  0.5569E-02  0.6600E-02
  0.3005E-01  0.0000E+00  0.1551E-01  0.1482E-01  0.4907E-02  0.0000E+00  0.5994E-01  0.0000E+00  0.3140E-02  0.3165E-02  0.0000E+00  0.0000E+00  0.2971E-01  0.2961E-01  0.5667E-02  0.4907E-02  0.1050E-01  0.0000E+00  0.3435E-02  0.3386E-02  0.6722E-02  0.7188E-02  0.0000E+00  0.0000E+00  0.1008E-01  0.9691E-02  0.8342E-03  0.9814E-03  0.0000E+00  0.0000E+00  0.6551E-02  0.6305E-02
  0.2897E-01  0.0000E+00  0.1519E-01  0.1497E-01  0.5839E-02  0.0000E+00  0.0000E+00  0.0000E+00  0.3484E-02  0.3582E-02  0.0000E+00  0.0000E+00  0.0000E+00  0.0000E+00  0.5496E-02  0.5815E-02  0.0000E+00  0.0000E+00  0.3018E-02  0.3238E-02  0.0000E+00  0.0000E+00  0.0000E+00  0.0000E+00  0.0000E+00  0.0000E+00  0.0000E+00  0.0000E+00  0.0000E+00  0.0000E+00  0.0000E+00  0.0000E+00
  0.3108E-01  0.0000E+00  0.1565E-01  0.1541E-01  0.4907E-02  0.0000E+00  0.0000E+00  0.0000E+00  0.3754E-02  0.4269E-02  0.0000E+00  0.0000E+00  0.0000E+00  0.0000E+00  0.5324E-02  0.5005E-02  0.0000E+00  0.0000E+00  0.3214E-02  0.3238E-02  0.0000E+00  0.0000E+00  0.0000E+00  0.0000E+00  0.0000E+00  0.0000E+00  0.0000E+00  0.0000E+00  0.0000E+00  0.0000E+00  0.0000E+00  0.0000E+00
  0.2951E-01  0.0000E+00  0.0000E+00  0.0000E+00  0.4858E-02  0.0000E+00  0.5959E-01  0.0000E+00  0.0000E+00  0.0000E+00  0.0000E+00  0.0000E+00  0.0000E+00  0.0000E+00  0.0000E+00  0.0000E+00  0.1021E-01  0.0000E+00  0.0000E+00  0.0000E+00  0.0000E+00  0.0000E+00  0.0000E+00  0.0000E+00  0.0000E+00  0.0000E+00  0.0000E+00  0.0000E+00  0.0000E+00  0.0000E+00  0.0000E+00  0.0000E+00
  0.3032E-01  0.0000E+00  0.0000E+00  0.0000E+00  0.5152E-02  0.0000E+00  0.6229E-01  0.0000E+00  0.0000E+00  0.0000E+00  0.0000E+00  0.0000E+00  0.0000E+00  0.0000E+00  0.0000E+00  0.0000E+00  0.9396E-02  0.0000E+00  0.0000E+00  0.0000E+00  0.0000E+00  0.0000E+00  0.0000E+00  0.0000E+00  0.0000E+00  0.0000E+00  0.0000E+00  0.0000E+00  0.0000E+00  0.0000E+00  0.0000E+00  0.0000E+00
  0.2974E-01  0.0000E+00  0.0000E+00  0.0000E+00  0.5054E-02  0.0000E+00  0.0000E+00  0.0000E+00  0.0000E+00  0.0000E+00  0.0000E+00  0.0000E+00  0.0000E+00  0.0000E+00  0.0000E+00  0.0000E+00  0.0000E+00  0.0000E+00  0.0000E+00  0.0000E+00  0.0000E+00  0.0000E+00  0.0000E+00  0.0000E+00  0.0000E+00  0.0000E+00  0.0000E+00  0.0000E+00  0.0000E+00  0.0000E+00  0.0000E+00  0.0000E+00
  0.3052E-01  0.0000E+00  0.0000E+00  0.0000E+00  0.5250E-02  0.0000E+00  0.0000E+00  0.0000E+00  0.0000E+00  0.0000E+00  0.0000E+00  0.0000E+00  0.0000E+00  0.0000E+00  0.0000E+00  0.0000E+00  0.0000E+00  0.0000E+00  0.0000E+00  0.0000E+00  0.0000E+00  0.0000E+00  0.0000E+00  0.0000E+00  0.0000E+00  0.0000E+00  0.0000E+00  0.0000E+00  0.0000E+00  0.0000E+00  0.0000E+00  0.0000E+00
 Events:
        1255           0         581         575         222           0        2462           0         151         150           0           0        1196        1219         221         232         419           0         124         140         297         291           0           0         394         465          43          54           0           0         227         269
        1225           0         632         604         200           0        2443           0         128         129           0           0        1211        1207         231         200         428           0         140         138         274         293           0           0         411         395          34          40           0           0         267         257
        1181           0         619         610         238           0           0           0         142         146           0           0           0           0         224         237           0           0         123         132           0           0           0           0           0           0           0           0           0           0           0           0
        1267           0         638         628         200           0           0           0         153         174           0           0           0           0         217         204           0           0         131         132           0           0           0           0           0           0           0           0           0           0           0           0
        1203           0           0           0         198           0        2429           0           0           0           0           0           0           0           0           0         416           0           0           0           0           0           0           0           0           0           0           0           0           0           0           0
        1236           0           0           0         210           0        2539           0           0           0           0           0           0           0           0           0         383           0           0           0           0           0           0           0           0           0           0           0           0           0           0           0
        1212           0           0           0         206           0           0           0           0           0           0           0           0           0           0           0           0           0           0           0           0           0           0           0           0           0           0           0           0           0           0           0
        1244           0           0           0         214           0           0           0           0           0           0           0           0           0           0           0           0           0           0           0           0           0           0           0           0           0           0           0           0           0           0           0
 Accuracy:    0.015   0.010   0.015   1.062
 Found         5823  events.
 Wrote          503  events.
 Actual xsec    8.2789590959521834E-007
 Correct abs xsec    1.4826516613587285E-006
 Event xsec    1.4826516613587450E-006
 Events wgts > 1:            9
 % Cross section > 1:    9.8345376223114367E-009  0.66330736198000684     
 Iteration  7   Mean: 0.8200E-06 Abs mean: 0.1469E-05   Fluctuation:  0.155E-07   0.239E-03    78.8%
  7    0.8200E-06 0.1469E-05 +- 0.1547E-07      3.77
 Relative summed weights:
  0.4905E-01  0.0000E+00  0.4434E-02  0.4555E-02  0.3269E-03  0.0000E+00  0.1010E+00  0.0000E+00  0.4702E-02  0.5369E-02  0.0000E+00  0.0000E+00  0.8827E-02  0.8968E-02  0.2038E-02  0.2454E-02  0.7022E-03  0.0000E+00  0.2244E-03  0.2427E-03  0.1273E-01  0.1526E-01  0.0000E+00  0.0000E+00  0.3235E-02  0.3800E-02  0.2542E-03  0.3303E-03  0.0000E+00  0.0000E+00  0.4366E-03  0.4344E-03
  0.4924E-01  0.0000E+00  0.3828E-02  0.3890E-02  0.2659E-03  0.0000E+00  0.9676E-01  0.0000E+00  0.6491E-02  0.5556E-02  0.0000E+00  0.0000E+00  0.8876E-02  0.9087E-02  0.2022E-02  0.1984E-02  0.6930E-03  0.0000E+00  0.3064E-03  0.1920E-03  0.1363E-01  0.1120E-01  0.0000E+00  0.0000E+00  0.3946E-02  0.4653E-02  0.3029E-03  0.1960E-03  0.0000E+00  0.0000E+00  0.4595E-03  0.4243E-03
  0.5535E-01  0.0000E+00  0.4709E-02  0.4413E-02  0.2829E-03  0.0000E+00  0.0000E+00  0.0000E+00  0.6958E-02  0.5724E-02  0.0000E+00  0.0000E+00  0.0000E+00  0.0000E+00  0.1809E-02  0.1983E-02  0.0000E+00  0.0000E+00  0.1996E-03  0.2365E-03  0.0000E+00  0.0000E+00  0.0000E+00  0.0000E+00  0.0000E+00  0.0000E+00  0.0000E+00  0.0000E+00  0.0000E+00  0.0000E+00  0.0000E+00  0.0000E+00
  0.4729E-01  0.0000E+00  0.4158E-02  0.5142E-02  0.3417E-03  0.0000E+00  0.0000E+00  0.0000E+00  0.5827E-02  0.6778E-02  0.0000E+00  0.0000E+00  0.0000E+00  0.0000E+00  0.2489E-02  0.2493E-02  0.0000E+00  0.0000E+00  0.2226E-03  0.2734E-03  0.0000E+00  0.0000E+00  0.0000E+00  0.0000E+00  0.0000E+00  0.0000E+00  0.0000E+00  0.0000E+00  0.0000E+00  0.0000E+00  0.0000E+00  0.0000E+00
  0.5057E-01  0.0000E+00  0.0000E+00  0.0000E+00  0.3465E-03  0.0000E+00  0.9838E-01  0.0000E+00  0.0000E+00  0.0000E+00  0.0000E+00  0.0000E+00  0.0000E+00  0.0000E+00  0.0000E+00  0.0000E+00  0.7471E-03  0.0000E+00  0.0000E+00  0.0000E+00  0.0000E+00  0.0000E+00  0.0000E+00  0.0000E+00  0.0000E+00  0.0000E+00  0.0000E+00  0.0000E+00  0.0000E+00  0.0000E+00  0.0000E+00  0.0000E+00
  0.5110E-01  0.0000E+00  0.0000E+00  0.0000E+00  0.3470E-03  0.0000E+00  0.9357E-01  0.0000E+00  0.0000E+00  0.0000E+00  0.0000E+00  0.0000E+00  0.0000E+00  0.0000E+00  0.0000E+00  0.0000E+00  0.7358E-03  0.0000E+00  0.0000E+00  0.0000E+00  0.0000E+00  0.0000E+00  0.0000E+00  0.0000E+00  0.0000E+00  0.0000E+00  0.0000E+00  0.0000E+00  0.0000E+00  0.0000E+00  0.0000E+00  0.0000E+00
  0.5047E-01  0.0000E+00  0.0000E+00  0.0000E+00  0.4063E-03  0.0000E+00  0.0000E+00  0.0000E+00  0.0000E+00  0.0000E+00  0.0000E+00  0.0000E+00  0.0000E+00  0.0000E+00  0.0000E+00  0.0000E+00  0.0000E+00  0.0000E+00  0.0000E+00  0.0000E+00  0.0000E+00  0.0000E+00  0.0000E+00  0.0000E+00  0.0000E+00  0.0000E+00  0.0000E+00  0.0000E+00  0.0000E+00  0.0000E+00  0.0000E+00  0.0000E+00
  0.4300E-01  0.0000E+00  0.0000E+00  0.0000E+00  0.3030E-03  0.0000E+00  0.0000E+00  0.0000E+00  0.0000E+00  0.0000E+00  0.0000E+00  0.0000E+00  0.0000E+00  0.0000E+00  0.0000E+00  0.0000E+00  0.0000E+00  0.0000E+00  0.0000E+00  0.0000E+00  0.0000E+00  0.0000E+00  0.0000E+00  0.0000E+00  0.0000E+00  0.0000E+00  0.0000E+00  0.0000E+00  0.0000E+00  0.0000E+00  0.0000E+00  0.0000E+00
 Relative number of events:
  0.3162E-01  0.0000E+00  0.1467E-01  0.1512E-01  0.4674E-02  0.0000E+00  0.6431E-01  0.0000E+00  0.2949E-02  0.3450E-02  0.0000E+00  0.0000E+00  0.2918E-01  0.2941E-01  0.5273E-02  0.5359E-02  0.9837E-02  0.0000E+00  0.2973E-02  0.3047E-02  0.6632E-02  0.7182E-02  0.0000E+00  0.0000E+00  0.9128E-02  0.9250E-02  0.8687E-03  0.8687E-03  0.0000E+00  0.0000E+00  0.6032E-02  0.5897E-02
  0.3070E-01  0.0000E+00  0.1427E-01  0.1411E-01  0.4833E-02  0.0000E+00  0.6240E-01  0.0000E+00  0.3340E-02  0.3536E-02  0.0000E+00  0.0000E+00  0.2933E-01  0.3001E-01  0.5335E-02  0.5212E-02  0.8846E-02  0.0000E+00  0.2814E-02  0.2875E-02  0.6913E-02  0.6448E-02  0.0000E+00  0.0000E+00  0.9666E-02  0.1039E-01  0.8442E-03  0.8442E-03  0.0000E+00  0.0000E+00  0.6032E-02  0.6179E-02
  0.3171E-01  0.0000E+00  0.1427E-01  0.1435E-01  0.4576E-02  0.0000E+00  0.0000E+00  0.0000E+00  0.3744E-02  0.3548E-02  0.0000E+00  0.0000E+00  0.0000E+00  0.0000E+00  0.5090E-02  0.5396E-02  0.0000E+00  0.0000E+00  0.2741E-02  0.3218E-02  0.0000E+00  0.0000E+00  0.0000E+00  0.0000E+00  0.0000E+00  0.0000E+00  0.0000E+00  0.0000E+00  0.0000E+00  0.0000E+00  0.0000E+00  0.0000E+00
  0.3055E-01  0.0000E+00  0.1451E-01  0.1460E-01  0.4772E-02  0.0000E+00  0.0000E+00  0.0000E+00  0.3524E-02  0.3622E-02  0.0000E+00  0.0000E+00  0.0000E+00  0.0000E+00  0.5885E-02  0.5151E-02  0.0000E+00  0.0000E+00  0.2875E-02  0.2912E-02  0.0000E+00  0.0000E+00  0.0000E+00  0.0000E+00  0.0000E+00  0.0000E+00  0.0000E+00  0.0000E+00  0.0000E+00  0.0000E+00  0.0000E+00  0.0000E+00
  0.3135E-01  0.0000E+00  0.0000E+00  0.0000E+00  0.4772E-02  0.0000E+00  0.6242E-01  0.0000E+00  0.0000E+00  0.0000E+00  0.0000E+00  0.0000E+00  0.0000E+00  0.0000E+00  0.0000E+00  0.0000E+00  0.9446E-02  0.0000E+00  0.0000E+00  0.0000E+00  0.0000E+00  0.0000E+00  0.0000E+00  0.0000E+00  0.0000E+00  0.0000E+00  0.0000E+00  0.0000E+00  0.0000E+00  0.0000E+00  0.0000E+00  0.0000E+00
  0.3143E-01  0.0000E+00  0.0000E+00  0.0000E+00  0.4796E-02  0.0000E+00  0.6343E-01  0.0000E+00  0.0000E+00  0.0000E+00  0.0000E+00  0.0000E+00  0.0000E+00  0.0000E+00  0.0000E+00  0.0000E+00  0.9666E-02  0.0000E+00  0.0000E+00  0.0000E+00  0.0000E+00  0.0000E+00  0.0000E+00  0.0000E+00  0.0000E+00  0.0000E+00  0.0000E+00  0.0000E+00  0.0000E+00  0.0000E+00  0.0000E+00  0.0000E+00
  0.3170E-01  0.0000E+00  0.0000E+00  0.0000E+00  0.4931E-02  0.0000E+00  0.0000E+00  0.0000E+00  0.0000E+00  0.0000E+00  0.0000E+00  0.0000E+00  0.0000E+00  0.0000E+00  0.0000E+00  0.0000E+00  0.0000E+00  0.0000E+00  0.0000E+00  0.0000E+00  0.0000E+00  0.0000E+00  0.0000E+00  0.0000E+00  0.0000E+00  0.0000E+00  0.0000E+00  0.0000E+00  0.0000E+00  0.0000E+00  0.0000E+00  0.0000E+00
  0.3159E-01  0.0000E+00  0.0000E+00  0.0000E+00  0.4772E-02  0.0000E+00  0.0000E+00  0.0000E+00  0.0000E+00  0.0000E+00  0.0000E+00  0.0000E+00  0.0000E+00  0.0000E+00  0.0000E+00  0.0000E+00  0.0000E+00  0.0000E+00  0.0000E+00  0.0000E+00  0.0000E+00  0.0000E+00  0.0000E+00  0.0000E+00  0.0000E+00  0.0000E+00  0.0000E+00  0.0000E+00  0.0000E+00  0.0000E+00  0.0000E+00  0.0000E+00
 Events:
        2584           0        1199        1236         382           0        5256           0         241         282           0           0        2385        2404         431         438         804           0         243         249         542         587           0           0         746         756          71          71           0           0         493         482
        2509           0        1166        1153         395           0        5100           0         273         289           0           0        2397        2453         436         426         723           0         230         235         565         527           0           0         790         849          69          69           0           0         493         505
Thanks for using LHAPDF 6.2.1. Please make sure to cite the paper:
  Eur.Phys.J. C75 (2015) 3, 132  (http://arxiv.org/abs/1412.7420)
        2592           0        1166        1173         374           0           0           0         306         290           0           0           0           0         416         441           0           0         224         263           0           0           0           0           0           0           0           0           0           0           0           0
        2497           0        1186        1193         390           0           0           0         288         296           0           0           0           0         481         421           0           0         235         238           0           0           0           0           0           0           0           0           0           0           0           0
        2562           0           0           0         390           0        5102           0           0           0           0           0           0           0           0           0         772           0           0           0           0           0           0           0           0           0           0           0           0           0           0           0
        2569           0           0           0         392           0        5184           0           0           0           0           0           0           0           0           0         790           0           0           0           0           0           0           0           0           0           0           0           0           0           0           0
        2591           0           0           0         403           0           0           0           0           0           0           0           0           0           0           0           0           0           0           0           0           0           0           0           0           0           0           0           0           0           0           0
        2582           0           0           0         390           0           0           0           0           0           0           0           0           0           0           0           0           0           0           0           0           0           0           0           0           0           0           0           0           0           0           0
 Accuracy:    0.008   0.010   0.009   0.971
 Finished due to accuracy    8.4241766094780499E-003   1.0000000000000000E-002

 -------------------------------------------------------------------------------
 Accumulated results:   Integral =  0.1475E-05
                        Std dev  =  0.1261E-07
                       Cross sec =  0.8251E-06
             Chi**2 per DoF.     =      0.9713
 -------------------------------------------------------------------------------
 Found        11919  events.
 Wrote         1864  events.
 Actual xsec    8.2089374317059700E-007
 Correct abs xsec    1.4721932619391991E-006
 Event xsec    1.4721932619392004E-006
 Events wgts > 1:           42
 % Cross section > 1:    1.4579509541739646E-008  0.99032578932845028     
-------------------------------------------------
---------------------------
 Results Last   3 iters: Integral =   0.8209E-06
                     Abs integral =   0.1472E-05
                          Std dev =   0.1278E-07
                  Chi**2 per DoF. =      0.0639
-------------------------------------------------
---------------------------
 Status   1.0000000000000000E-002           8           8

ls status:
events.lhe
ftn26
input_app.txt
results.dat
run1_app.log
