==== LHAPDF6 USING DEFAULT-TYPE LHAGLUE INTERFACE ====
LHAPDF 6.2.1 loading /cvmfs/cms.cern.ch/slc6_amd64_gcc630/external/lhapdf/6.2.1-ghjeda2/share/LHAPDF/NNPDF31_nnlo_as_0118_nf_4_mc_hessian/NNPDF31_nnlo_as_0118_nf_4_mc_hessian_0000.dat
NNPDF31_nnlo_as_0118_nf_4_mc_hessian PDF set, member #0, version 1; LHAPDF ID = 325500
 Process in group number            2
 A PDF is used, so alpha_s(MZ) is going to be modified
 Old value of alpha_s from param_card:   0.11810000000000001     
 New value of alpha_s from PDF lhapdf :  0.11266013434007299     
 using LHAPDF
 Define smin to   10000.000000000000     
 Define smin to   10000.000000000000     
 Define smin to   10000.000000000000     
 Define smin to   10000.000000000000     
 Define smin to   10000.000000000000     
 Define smin to   10000.000000000000     
 Define smin to   10000.000000000000     
 *****************************************************
 *               MadGraph/MadEvent                   *
 *        --------------------------------           *
 *          http://madgraph.hep.uiuc.edu             *
 *          http://madgraph.phys.ucl.ac.be           *
 *          http://madgraph.roma2.infn.it            *
 *        --------------------------------           *
 *                                                   *
 *          PARAMETER AND COUPLING VALUES            *
 *                                                   *
 *****************************************************

  External Params
  ---------------------------------
  
 mdl_MW0 =    80.387000000000000     
 mdl_Gf =    1.1663789999999999E-005
 aS =   0.11810000000000001     
 mdl_ymdo =    1.0000000000000000E-099
 mdl_ymb =    4.1799999999999997     
 mdl_ymt =    173.19999999999999     
 mdl_ymtau =    1.7769999999999999     
 mdl_LambdaSMEFT =    1000.0000000000000     
 mdl_MZ =    91.187600000000003     
 mdl_MTA =    1.7769999999999999     
 mdl_MT =    173.19999999999999     
 mdl_MB =    4.1799999999999997     
 mdl_MH =    125.09000000000000     
 mdl_WZ =    2.4952000000000001     
 mdl_WW =    2.0850000000000000     
 mdl_WT =    1.5083359999999999     
 mdl_WH =    4.0699999999999998E-003
  Internal Params
  ---------------------------------
  
 mdl_ymm =    1.0000000000000000E-099
 mdl_yme =    1.0000000000000000E-099
 mdl_ymc =    1.0000000000000000E-099
 mdl_yms =    1.0000000000000000E-099
 mdl_ymup =    1.0000000000000000E-099
 mdl_conjg__CKM3x3 =    1.0000000000000000     
 mdl_cH =    0.0000000000000000     
 mdl_cHB =    0.0000000000000000     
 mdl_CKM2x2 =    1.0000000000000000     
 mdl_CKM1x1 =    1.0000000000000000     
 mdl_conjg__CKM1x1 =    1.0000000000000000     
 mdl_dGf =    0.0000000000000000     
 mdl_CKM3x3 =    1.0000000000000000     
 mdl_dMH2 =    0.0000000000000000     
 mdl_conjg__CKM2x2 =    1.0000000000000000     
 mdl_dg1 =    0.0000000000000000     
 mdl_cHW =    0.0000000000000000     
 mdl_dgw =    0.0000000000000000     
 mdl_complexi =  (  0.0000000000000000     ,  1.0000000000000000     )
 mdl_MW =    80.387000000000000     
 mdl_nb__2__exp__0_25 =    1.1892071150027210     
 mdl_MH__exp__2 =    15647.508100000001     
 mdl_sqrt__2 =    1.4142135623730951     
 mdl_MW__exp__2 =    6462.0697689999997     
 mdl_MZ__exp__2 =    8315.1783937600012     
 mdl_sth2 =   0.22285855299877133     
 mdl_MH__exp__6 =    3831206449390.3818     
 mdl_MT__exp__6 =    26995248278778.535     
 mdl_MH__exp__4 =    244844509.73956564     
 mdl_MT__exp__4 =    899894403.09759963     
 mdl_MT__exp__2 =    29998.239999999994     
 mdl_LambdaSMEFT__exp__2 =    1000000.0000000000     
 mdl_cth =   0.88155626422890820     
 mdl_sqrt__sth2 =   0.47207896902824564     
 mdl_sth =   0.47207896902824564     
 mdl_MW0__exp__6 =    269845343347.69711     
 mdl_MW0__exp__4 =    41758345.699423708     
 mdl_MW0__exp__2 =    6462.0697689999997     
 mdl_MZ__exp__4 =    69142191.720053151     
 mdl_MZ__exp__6 =    574929658687.79749     
 mdl_cth__exp__2 =   0.77714144700122867     
 mdl_sth__exp__2 =   0.22285855299877130     
 mdl_sth__exp__3 =   0.10520683593878660     
 mdl_cth__exp__3 =   0.68509391079585125     
 mdl_sth__exp__4 =    4.9665934644706158E-002
 mdl_sqrt__Gf =    3.4152291284773265E-003
 mdl_vevhat =    246.21961912951551     
 mdl_lam =   0.12905352724481209     
 mdl_aEW =    7.5614618607353409E-003
 mdl_yb =    2.4008698866559607E-002
 mdl_yc =    5.7437078628133041E-102
 mdl_ydo =    5.7437078628133041E-102
 mdl_ye =    5.7437078628133041E-102
 mdl_ym =    5.7437078628133041E-102
 mdl_ys =    5.7437078628133041E-102
 mdl_yt =   0.99481020183926416     
 mdl_ytau =    1.0206568872219240E-002
 mdl_yup =    5.7437078628133041E-102
 mdl_vevhat__exp__2 =    60624.100844283676     
 mdl_barlam =   0.12905352724481209     
 mdl_vevT =    246.21961912951551     
 mdl_sqrt__aEW =    8.6956666568672819E-002
 mdl_ee =   0.30825335704310214     
 mdl_gwsh =   0.65296989967087182     
 mdl_vev =    246.21961912951551     
 mdl_g1 =   0.34966952144878632     
 mdl_gw =   0.65296989967087182     
 mdl_ee__exp__2 =    9.5020132128342205E-002
 mdl_gHaa =   -1.9303830602986922E-003
 mdl_gHza =   -6.8546472954154700E-003
 mdl_g1sh =   0.34966952144878632     
 mdl_I1d11 =  (  5.7437078628133041E-102,  0.0000000000000000     )
 mdl_I1d22 =  (  5.7437078628133041E-102,  0.0000000000000000     )
 mdl_I1d33 =  (  2.4008698866559607E-002,  0.0000000000000000     )
 mdl_I2d11 =  (  5.7437078628133041E-102,  0.0000000000000000     )
 mdl_I2d22 =  (  5.7437078628133041E-102,  0.0000000000000000     )
 mdl_I2d33 =  ( 0.99481020183926416     ,  0.0000000000000000     )
 mdl_I3d11 =  (  5.7437078628133041E-102,  0.0000000000000000     )
 mdl_I3d22 =  (  5.7437078628133041E-102,  0.0000000000000000     )
 mdl_I3d33 =  (  2.4008698866559607E-002,  0.0000000000000000     )
 mdl_I4d11 =  (  5.7437078628133041E-102,  0.0000000000000000     )
 mdl_I4d22 =  (  5.7437078628133041E-102,  0.0000000000000000     )
 mdl_I4d33 =  ( 0.99481020183926416     ,  0.0000000000000000     )
 mdl_I5d11 =  (  5.7437078628133041E-102,  0.0000000000000000     )
 mdl_I5d22 =  (  5.7437078628133041E-102,  0.0000000000000000     )
 mdl_I5d33 =  (  2.4008698866559607E-002,  0.0000000000000000     )
 mdl_I6d11 =  (  5.7437078628133041E-102,  0.0000000000000000     )
 mdl_I6d22 =  (  5.7437078628133041E-102,  0.0000000000000000     )
 mdl_I6d33 =  ( 0.99481020183926416     ,  0.0000000000000000     )
 mdl_ee__exp__3 =    2.9290274715240611E-002
 mdl_vevhat__exp__3 =    14926843.019948866     
  Internal Params evaluated point by point
  ----------------------------------------
  
 mdl_sqrt__aS =   0.34365680554879169     
 mdl_G__exp__2 =    1.4840883695558185     
 mdl_gHgg =    3.2334372328970845E-003
 mdl_G__exp__3 =  (  1.8079634332366095     ,  0.0000000000000000     )
  Couplings of SMEFTsim_A_U35_MwScheme_UFO_v3_1-SMlimit_massless
  ---------------------------------
  
         GC_1 =   0.00000E+00   0.10275E+00
         GC_2 =  -0.00000E+00  -0.20550E+00
         GC_3 =  -0.00000E+00  -0.30825E+00
       GC_255 =  -0.00000E+00  -0.42637E+00
       GC_278 =  -0.00000E+00  -0.37035E+00
       GC_280 =  -0.00000E+00  -0.57563E+00
       GC_328 =  -0.00000E+00  -0.55024E-01
       GC_329 =   0.00000E+00   0.11005E+00
       GC_330 =  -0.00000E+00  -0.16507E+00
       GC_400 =   0.00000E+00   0.52490E+02
       GC_809 =  -0.00000E+00  -0.72171E-02
      GC_1073 =  -0.00000E+00  -0.46172E+00

 Collider parameters:
 --------------------

 Running at P P   machine @    13000.000000000000       GeV
 PDF set = lhapdf 
 alpha_s(Mz)= 0.1127 running at 3 loops.
 alpha_s(Mz)= 0.1127 running at 3 loops.
 Renormalization scale set on event-by-event basis
 Factorization   scale set on event-by-event basis


 getting user params
Enter number of events and max and min iterations: 
 Number of events and iterations         2000           8           3
Enter desired fractional accuracy: 
 Desired fractional accuracy:    1.0000000000000000E-002
Enter 0 for fixed, 2 for adjustable grid: 
Suppress amplitude (0 no, 1 yes)? 
 Using suppressed amplitude.
Exact helicity sum (0 yes, n = number/event)? 
 Explicitly summing over helicities
Enter Configuration Number: 
Running Configuration Number:  329
 Not subdividing B.W.
 Attempting mappinvarients           1           8
 Completed mapping           8
 about to integrate           16        2000           8           3          16           1
 Using non-zero grid deformation.
 16 dimensions   2000 events 16 invarients  8 iterations  1 config(s),  (0.99)
 Using h-tuple random number sequence.
 Error opening grid
 Using Uniform Grid!          32
 Using uniform alpha   1.0000000000000000     
 Grid defined OK
 Set CM energy to      13000.00
 Mapping Graph         329  to config         329
 Setting BW          -1           1   80.387000000000000     
 Setting BW          -2           2   80.387000000000000     
Setting grid   3    0.18685E-07   1
Setting grid   4    0.59172E-06   1
Setting grid   5    0.18685E-07   1
 Transforming s_hat 1/s           15   1.1585044837869826E-004   10000.000000000000        168999999.99999997     
 329   1   2   3   4   5   6   7   8   9  10  11  12  13  14
  15  16
 Masses: 0.000E+00 0.000E+00 0.178E+01 0.178E+01 0.000E+00 0.000E+00 0.000E+00 0.000E+00
Using random seed offsets   329 :      2
  with seed                   24
 Ranmar initialization seeds          59        9399
 
 ********************************************
 * You are using the DiscreteSampler module *
 *      part of the MG5_aMC framework       *
 *         Author: Valentin Hirschi         *
 ********************************************
 
  Particle       3       4       5       6       7       8
      Et >     0.0     0.0     0.0     0.0    10.0    10.0
       E >     0.0     0.0     0.0     0.0     0.0     0.0
     Eta <    -1.0    -1.0    -1.0    -1.0     6.5     6.5
   xqcut:      0.0     0.0     0.0     0.0     0.0     0.0
d R # 3  >    -0.0     0.4     0.0     0.0     0.4     0.4
d R # 4  >    -0.0    -0.0     0.0     0.0     0.4     0.4
d R # 5  >    -0.0    -0.0    -0.0     0.0     0.0     0.0
d R # 6  >    -0.0    -0.0    -0.0    -0.0     0.0     0.0
d R # 7  >    -0.0    -0.0    -0.0    -0.0    -0.0     0.4
s min # 3>     0.0     0.0     0.0     0.0     0.0     0.0
s min # 4>     0.0     0.0     0.0     0.0     0.0     0.0
s min # 5>     0.0     0.0     0.0     0.0     0.0     0.0
s min # 6>     0.0     0.0     0.0     0.0     0.0     0.0
s min # 7>     0.0     0.0     0.0     0.0     0.0 10000.0
xqcutij # 3>     0.0     0.0     0.0     0.0     0.0     0.0
xqcutij # 4>     0.0     0.0     0.0     0.0     0.0     0.0
xqcutij # 5>     0.0     0.0     0.0     0.0     0.0     0.0
xqcutij # 6>     0.0     0.0     0.0     0.0     0.0     0.0
xqcutij # 7>     0.0     0.0     0.0     0.0     0.0     0.0
 No cut BW           -1           1
 No cut BW           -2           2
 alpha_s for scale    57.282353146498757       is   0.12163556112582258     
 Added good helicity          193   255.91377489630125       in event            1 local:           1
 Added good helicity          209   4.2415540675705785E-002  in event            1 local:           1
 Added good helicity          225   4.3801345087190996E-002  in event            1 local:           1
 Added good helicity          241   8.2179358565277093E-006  in event            1 local:           1
 Added good helicity          193   255.81559665400741       in event            1 local:           1
 Added good helicity          209   4.0339796454399640E-002  in event            1 local:           1
 Added good helicity          225  0.14405057495200485       in event            1 local:           1
 Added good helicity          241   1.2974586190981638E-005  in event            1 local:           1
 RESET CUMULATIVE VARIABLE
 RESET CUMULATIVE VARIABLE
 RESET CUMULATIVE VARIABLE
 Iteration  1   Mean: 0.8726E-06 Abs mean: 0.8726E-06   Fluctuation:  0.231E-06   0.385E-03     7.3%
  1    0.8726E-06 0.8726E-06 +- 0.2313E-06     11.86
 Writing out events   7.5041931513316949E-010   11.857095357113932     
 Relative summed weights:
  0.4660E-01  0.0000E+00  0.0000E+00  0.0000E+00  0.0000E+00  0.0000E+00  0.1044E-01  0.1707E-01  0.0000E+00  0.0000E+00  0.0000E+00  0.0000E+00  0.0000E+00  0.0000E+00
  0.1931E-01  0.0000E+00  0.0000E+00  0.0000E+00  0.0000E+00  0.0000E+00  0.0000E+00  0.0000E+00  0.0000E+00  0.0000E+00  0.0000E+00  0.0000E+00  0.0000E+00  0.0000E+00
  0.1216E+00  0.0000E+00  0.6398E-06  0.0000E+00  0.0000E+00  0.0000E+00  0.2204E-01  0.5992E-01  0.0000E+00  0.0000E+00  0.0000E+00  0.0000E+00  0.0000E+00  0.0000E+00
  0.6997E-01  0.0000E+00  0.0000E+00  0.0000E+00  0.0000E+00  0.0000E+00  0.0000E+00  0.0000E+00  0.0000E+00  0.0000E+00  0.0000E+00  0.0000E+00  0.0000E+00  0.0000E+00
  0.3538E+00  0.0000E+00  0.0000E+00  0.2662E-02  0.0000E+00  0.0000E+00  0.9461E-02  0.1408E-01  0.0000E+00  0.0000E+00  0.0000E+00  0.3620E-07  0.0000E+00  0.0000E+00
  0.2539E-01  0.0000E+00  0.0000E+00  0.0000E+00  0.0000E+00  0.0000E+00  0.0000E+00  0.0000E+00  0.0000E+00  0.0000E+00  0.0000E+00  0.0000E+00  0.0000E+00  0.0000E+00
  0.1362E+00  0.0000E+00  0.2435E-05  0.0000E+00  0.0000E+00  0.0000E+00  0.3192E-01  0.2766E-01  0.0000E+00  0.0000E+00  0.1902E-06  0.0000E+00  0.0000E+00  0.0000E+00
  0.3192E-01  0.0000E+00  0.0000E+00  0.0000E+00  0.0000E+00  0.0000E+00  0.0000E+00  0.0000E+00  0.0000E+00  0.0000E+00  0.0000E+00  0.0000E+00  0.0000E+00  0.0000E+00
 Relative number of events:
  0.7018E-01  0.0000E+00  0.0000E+00  0.0000E+00  0.0000E+00  0.0000E+00  0.4629E-01  0.4679E-01  0.0000E+00  0.0000E+00  0.0000E+00  0.0000E+00  0.0000E+00  0.0000E+00
  0.8263E-01  0.0000E+00  0.0000E+00  0.0000E+00  0.0000E+00  0.0000E+00  0.0000E+00  0.0000E+00  0.0000E+00  0.0000E+00  0.0000E+00  0.0000E+00  0.0000E+00  0.0000E+00
  0.8512E-01  0.0000E+00  0.4978E-03  0.0000E+00  0.0000E+00  0.0000E+00  0.4729E-01  0.3833E-01  0.0000E+00  0.0000E+00  0.0000E+00  0.0000E+00  0.0000E+00  0.0000E+00
  0.8113E-01  0.0000E+00  0.0000E+00  0.0000E+00  0.0000E+00  0.0000E+00  0.0000E+00  0.0000E+00  0.0000E+00  0.0000E+00  0.0000E+00  0.0000E+00  0.0000E+00  0.0000E+00
  0.7466E-01  0.0000E+00  0.0000E+00  0.4978E-03  0.0000E+00  0.0000E+00  0.4131E-01  0.5326E-01  0.0000E+00  0.0000E+00  0.0000E+00  0.4978E-03  0.0000E+00  0.0000E+00
  0.7715E-01  0.0000E+00  0.0000E+00  0.0000E+00  0.0000E+00  0.0000E+00  0.0000E+00  0.0000E+00  0.0000E+00  0.0000E+00  0.0000E+00  0.0000E+00  0.0000E+00  0.0000E+00
  0.8064E-01  0.0000E+00  0.4978E-03  0.0000E+00  0.0000E+00  0.0000E+00  0.5226E-01  0.4231E-01  0.0000E+00  0.0000E+00  0.4978E-03  0.0000E+00  0.0000E+00  0.0000E+00
  0.7815E-01  0.0000E+00  0.0000E+00  0.0000E+00  0.0000E+00  0.0000E+00  0.0000E+00  0.0000E+00  0.0000E+00  0.0000E+00  0.0000E+00  0.0000E+00  0.0000E+00  0.0000E+00
 Events:
         141           0           0           0           0           0          93          94           0           0           0           0           0           0
         166           0           0           0           0           0           0           0           0           0           0           0           0           0
         171           0           1           0           0           0          95          77           0           0           0           0           0           0
         163           0           0           0           0           0           0           0           0           0           0           0           0           0
         150           0           0           1           0           0          83         107           0           0           0           1           0           0
         155           0           0           0           0           0           0           0           0           0           0           0           0           0
         162           0           1           0           0           0         105          85           0           0           1           0           0           0
         157           0           0           0           0           0           0           0           0           0           0           0           0           0
 Iteration  2   Mean: 0.1182E-05 Abs mean: 0.1182E-05   Fluctuation:  0.423E-06   0.148E-02    41.9%
  2    0.1182E-05 0.1182E-05 +- 0.4230E-06     22.63
 Relative summed weights:
  0.4054E-01  0.0000E+00  0.0000E+00  0.1369E-01  0.0000E+00  0.0000E+00  0.3135E-02  0.1493E-01  0.0000E+00  0.0000E+00  0.0000E+00  0.0000E+00  0.0000E+00  0.0000E+00
  0.5268E-01  0.0000E+00  0.0000E+00  0.0000E+00  0.0000E+00  0.0000E+00  0.0000E+00  0.0000E+00  0.0000E+00  0.0000E+00  0.0000E+00  0.0000E+00  0.0000E+00  0.0000E+00
  0.3915E+00  0.0000E+00  0.0000E+00  0.0000E+00  0.0000E+00  0.0000E+00  0.1703E+00  0.1976E-01  0.0000E+00  0.0000E+00  0.0000E+00  0.0000E+00  0.0000E+00  0.0000E+00
  0.4094E-01  0.0000E+00  0.0000E+00  0.0000E+00  0.0000E+00  0.0000E+00  0.0000E+00  0.0000E+00  0.0000E+00  0.0000E+00  0.0000E+00  0.0000E+00  0.0000E+00  0.0000E+00
  0.3886E-01  0.0000E+00  0.0000E+00  0.0000E+00  0.0000E+00  0.0000E+00  0.1923E-01  0.1628E-01  0.0000E+00  0.0000E+00  0.0000E+00  0.2000E-03  0.0000E+00  0.0000E+00
  0.4692E-01  0.0000E+00  0.0000E+00  0.0000E+00  0.0000E+00  0.0000E+00  0.0000E+00  0.0000E+00  0.0000E+00  0.0000E+00  0.0000E+00  0.0000E+00  0.0000E+00  0.0000E+00
  0.6050E-01  0.0000E+00  0.9786E-04  0.0000E+00  0.0000E+00  0.0000E+00  0.1689E-01  0.2321E-01  0.0000E+00  0.0000E+00  0.0000E+00  0.5393E-04  0.0000E+00  0.0000E+00
  0.3031E-01  0.0000E+00  0.0000E+00  0.0000E+00  0.0000E+00  0.0000E+00  0.0000E+00  0.0000E+00  0.0000E+00  0.0000E+00  0.0000E+00  0.0000E+00  0.0000E+00  0.0000E+00
 Relative number of events:
  0.8050E-01  0.0000E+00  0.0000E+00  0.2500E-03  0.0000E+00  0.0000E+00  0.4000E-01  0.4075E-01  0.0000E+00  0.0000E+00  0.0000E+00  0.0000E+00  0.0000E+00  0.0000E+00
  0.8150E-01  0.0000E+00  0.0000E+00  0.0000E+00  0.0000E+00  0.0000E+00  0.0000E+00  0.0000E+00  0.0000E+00  0.0000E+00  0.0000E+00  0.0000E+00  0.0000E+00  0.0000E+00
  0.8125E-01  0.0000E+00  0.0000E+00  0.0000E+00  0.0000E+00  0.0000E+00  0.4725E-01  0.4450E-01  0.0000E+00  0.0000E+00  0.0000E+00  0.0000E+00  0.0000E+00  0.0000E+00
  0.7925E-01  0.0000E+00  0.0000E+00  0.0000E+00  0.0000E+00  0.0000E+00  0.0000E+00  0.0000E+00  0.0000E+00  0.0000E+00  0.0000E+00  0.0000E+00  0.0000E+00  0.0000E+00
  0.7825E-01  0.0000E+00  0.0000E+00  0.0000E+00  0.0000E+00  0.0000E+00  0.3975E-01  0.4475E-01  0.0000E+00  0.0000E+00  0.0000E+00  0.2500E-03  0.0000E+00  0.0000E+00
  0.8250E-01  0.0000E+00  0.0000E+00  0.0000E+00  0.0000E+00  0.0000E+00  0.0000E+00  0.0000E+00  0.0000E+00  0.0000E+00  0.0000E+00  0.0000E+00  0.0000E+00  0.0000E+00
  0.8825E-01  0.0000E+00  0.5000E-03  0.0000E+00  0.0000E+00  0.0000E+00  0.4575E-01  0.4550E-01  0.0000E+00  0.0000E+00  0.0000E+00  0.2500E-03  0.0000E+00  0.0000E+00
  0.7900E-01  0.0000E+00  0.0000E+00  0.0000E+00  0.0000E+00  0.0000E+00  0.0000E+00  0.0000E+00  0.0000E+00  0.0000E+00  0.0000E+00  0.0000E+00  0.0000E+00  0.0000E+00
 Events:
         322           0           0           1           0           0         160         163           0           0           0           0           0           0
         326           0           0           0           0           0           0           0           0           0           0           0           0           0
         325           0           0           0           0           0         189         178           0           0           0           0           0           0
         317           0           0           0           0           0           0           0           0           0           0           0           0           0
         313           0           0           0           0           0         159         179           0           0           0           1           0           0
         330           0           0           0           0           0           0           0           0           0           0           0           0           0
         353           0           2           0           0           0         183         182           0           0           0           1           0           0
         316           0           0           0           0           0           0           0           0           0           0           0           0           0
 Iteration  3   Mean: 0.1157E-05 Abs mean: 0.1157E-05   Fluctuation:  0.172E-06   0.649E-03    53.0%
  3    0.1157E-05 0.1157E-05 +- 0.1722E-06     13.31
 Relative summed weights:
  0.1521E+00  0.0000E+00  0.0000E+00  0.0000E+00  0.0000E+00  0.0000E+00  0.9492E-02  0.3638E-01  0.0000E+00  0.0000E+00  0.1984E-02  0.0000E+00  0.0000E+00  0.0000E+00
  0.4715E-01  0.0000E+00  0.0000E+00  0.0000E+00  0.0000E+00  0.0000E+00  0.0000E+00  0.0000E+00  0.0000E+00  0.0000E+00  0.0000E+00  0.0000E+00  0.0000E+00  0.0000E+00
  0.7116E-01  0.0000E+00  0.8866E-03  0.1829E-03  0.0000E+00  0.0000E+00  0.3919E-01  0.1106E-01  0.0000E+00  0.0000E+00  0.0000E+00  0.4699E-05  0.0000E+00  0.0000E+00
  0.9297E-01  0.0000E+00  0.0000E+00  0.0000E+00  0.0000E+00  0.0000E+00  0.0000E+00  0.0000E+00  0.0000E+00  0.0000E+00  0.0000E+00  0.0000E+00  0.0000E+00  0.0000E+00
  0.1405E+00  0.0000E+00  0.0000E+00  0.0000E+00  0.0000E+00  0.0000E+00  0.1681E-01  0.1876E-01  0.0000E+00  0.0000E+00  0.3871E-03  0.0000E+00  0.0000E+00  0.0000E+00
  0.7469E-01  0.0000E+00  0.0000E+00  0.0000E+00  0.0000E+00  0.0000E+00  0.0000E+00  0.0000E+00  0.0000E+00  0.0000E+00  0.0000E+00  0.0000E+00  0.0000E+00  0.0000E+00
  0.6669E-01  0.0000E+00  0.0000E+00  0.3873E-01  0.0000E+00  0.0000E+00  0.8822E-01  0.9858E-02  0.0000E+00  0.0000E+00  0.1191E-02  0.0000E+00  0.0000E+00  0.0000E+00
  0.8157E-01  0.0000E+00  0.0000E+00  0.0000E+00  0.0000E+00  0.0000E+00  0.0000E+00  0.0000E+00  0.0000E+00  0.0000E+00  0.0000E+00  0.0000E+00  0.0000E+00  0.0000E+00
 Relative number of events:
  0.7725E-01  0.0000E+00  0.0000E+00  0.0000E+00  0.0000E+00  0.0000E+00  0.4288E-01  0.4138E-01  0.0000E+00  0.0000E+00  0.3750E-03  0.0000E+00  0.0000E+00  0.0000E+00
  0.8375E-01  0.0000E+00  0.0000E+00  0.0000E+00  0.0000E+00  0.0000E+00  0.0000E+00  0.0000E+00  0.0000E+00  0.0000E+00  0.0000E+00  0.0000E+00  0.0000E+00  0.0000E+00
  0.8288E-01  0.0000E+00  0.1250E-03  0.2500E-03  0.0000E+00  0.0000E+00  0.4400E-01  0.4425E-01  0.0000E+00  0.0000E+00  0.0000E+00  0.1250E-03  0.0000E+00  0.0000E+00
  0.8425E-01  0.0000E+00  0.0000E+00  0.0000E+00  0.0000E+00  0.0000E+00  0.0000E+00  0.0000E+00  0.0000E+00  0.0000E+00  0.0000E+00  0.0000E+00  0.0000E+00  0.0000E+00
  0.8088E-01  0.0000E+00  0.0000E+00  0.0000E+00  0.0000E+00  0.0000E+00  0.4175E-01  0.4637E-01  0.0000E+00  0.0000E+00  0.3750E-03  0.0000E+00  0.0000E+00  0.0000E+00
  0.8238E-01  0.0000E+00  0.0000E+00  0.0000E+00  0.0000E+00  0.0000E+00  0.0000E+00  0.0000E+00  0.0000E+00  0.0000E+00  0.0000E+00  0.0000E+00  0.0000E+00  0.0000E+00
  0.7950E-01  0.0000E+00  0.0000E+00  0.2500E-03  0.0000E+00  0.0000E+00  0.4113E-01  0.4113E-01  0.0000E+00  0.0000E+00  0.1250E-03  0.0000E+00  0.0000E+00  0.0000E+00
  0.8463E-01  0.0000E+00  0.0000E+00  0.0000E+00  0.0000E+00  0.0000E+00  0.0000E+00  0.0000E+00  0.0000E+00  0.0000E+00  0.0000E+00  0.0000E+00  0.0000E+00  0.0000E+00
 Events:
         618           0           0           0           0           0         343         331           0           0           3           0           0           0
         670           0           0           0           0           0           0           0           0           0           0           0           0           0
         663           0           1           2           0           0         352         354           0           0           0           1           0           0
         674           0           0           0           0           0           0           0           0           0           0           0           0           0
         647           0           0           0           0           0         334         371           0           0           3           0           0           0
         659           0           0           0           0           0           0           0           0           0           0           0           0           0
         636           0           0           2           0           0         329         329           0           0           1           0           0           0
         677           0           0           0           0           0           0           0           0           0           0           0           0           0
 Accuracy:    0.076   0.010   0.122   0.387
 Found          407  events.
 Wrote            6  events.
 Actual xsec    1.0997160774885396E-006
 Correct abs xsec    1.0997160774885396E-006
 Event xsec    1.0997160774885398E-006
 Events wgts > 1:            1
 % Cross section > 1:    9.5529207720691886E-010   8.6867155692454082E-002
 Iteration  4   Mean: 0.1317E-05 Abs mean: 0.1317E-05   Fluctuation:  0.118E-06   0.875E-03    53.9%
  4    0.1317E-05 0.1317E-05 +- 0.1183E-06     11.36
 Relative summed weights:
  0.9470E-01  0.0000E+00  0.1142E-02  0.5360E-02  0.0000E+00  0.0000E+00  0.4399E-01  0.3614E-01  0.0000E+00  0.0000E+00  0.5719E-07  0.6721E-04  0.0000E+00  0.0000E+00
  0.8832E-01  0.0000E+00  0.0000E+00  0.0000E+00  0.0000E+00  0.0000E+00  0.0000E+00  0.0000E+00  0.0000E+00  0.0000E+00  0.0000E+00  0.0000E+00  0.0000E+00  0.0000E+00
  0.6982E-01  0.0000E+00  0.1256E-03  0.1030E-01  0.0000E+00  0.0000E+00  0.2850E-01  0.2407E-01  0.0000E+00  0.0000E+00  0.5113E-04  0.1902E-05  0.0000E+00  0.0000E+00
  0.6149E-01  0.0000E+00  0.0000E+00  0.0000E+00  0.0000E+00  0.0000E+00  0.0000E+00  0.0000E+00  0.0000E+00  0.0000E+00  0.0000E+00  0.0000E+00  0.0000E+00  0.0000E+00
  0.8976E-01  0.0000E+00  0.3324E-03  0.2682E-03  0.0000E+00  0.0000E+00  0.4596E-01  0.2483E-01  0.0000E+00  0.0000E+00  0.2021E-01  0.6521E-02  0.4460E-04  0.0000E+00
  0.8470E-01  0.0000E+00  0.0000E+00  0.0000E+00  0.0000E+00  0.0000E+00  0.0000E+00  0.0000E+00  0.0000E+00  0.0000E+00  0.0000E+00  0.0000E+00  0.0000E+00  0.0000E+00
  0.1034E+00  0.0000E+00  0.0000E+00  0.1006E-01  0.6561E-03  0.0000E+00  0.3077E-01  0.2200E-01  0.0000E+00  0.0000E+00  0.3413E-05  0.2362E-05  0.0000E+00  0.0000E+00
  0.9642E-01  0.0000E+00  0.0000E+00  0.0000E+00  0.0000E+00  0.0000E+00  0.0000E+00  0.0000E+00  0.0000E+00  0.0000E+00  0.0000E+00  0.0000E+00  0.0000E+00  0.0000E+00
 Relative number of events:
  0.7812E-01  0.0000E+00  0.3750E-03  0.2500E-03  0.0000E+00  0.0000E+00  0.3919E-01  0.4225E-01  0.0000E+00  0.0000E+00  0.6250E-04  0.1250E-03  0.0000E+00  0.0000E+00
  0.8469E-01  0.0000E+00  0.0000E+00  0.0000E+00  0.0000E+00  0.0000E+00  0.0000E+00  0.0000E+00  0.0000E+00  0.0000E+00  0.0000E+00  0.0000E+00  0.0000E+00  0.0000E+00
  0.8513E-01  0.0000E+00  0.1250E-03  0.3125E-03  0.0000E+00  0.0000E+00  0.4288E-01  0.4263E-01  0.0000E+00  0.0000E+00  0.1250E-03  0.1250E-03  0.0000E+00  0.0000E+00
  0.8481E-01  0.0000E+00  0.0000E+00  0.0000E+00  0.0000E+00  0.0000E+00  0.0000E+00  0.0000E+00  0.0000E+00  0.0000E+00  0.0000E+00  0.0000E+00  0.0000E+00  0.0000E+00
  0.7975E-01  0.0000E+00  0.6250E-04  0.1875E-03  0.0000E+00  0.0000E+00  0.4387E-01  0.4450E-01  0.0000E+00  0.0000E+00  0.1875E-03  0.1875E-03  0.6250E-04  0.0000E+00
  0.7863E-01  0.0000E+00  0.0000E+00  0.0000E+00  0.0000E+00  0.0000E+00  0.0000E+00  0.0000E+00  0.0000E+00  0.0000E+00  0.0000E+00  0.0000E+00  0.0000E+00  0.0000E+00
  0.8156E-01  0.0000E+00  0.0000E+00  0.1250E-03  0.6250E-04  0.0000E+00  0.4500E-01  0.4044E-01  0.0000E+00  0.0000E+00  0.6250E-04  0.6250E-04  0.0000E+00  0.0000E+00
  0.8406E-01  0.0000E+00  0.0000E+00  0.0000E+00  0.0000E+00  0.0000E+00  0.0000E+00  0.0000E+00  0.0000E+00  0.0000E+00  0.0000E+00  0.0000E+00  0.0000E+00  0.0000E+00
 Events:
        1250           0           6           4           0           0         627         676           0           0           1           2           0           0
        1355           0           0           0           0           0           0           0           0           0           0           0           0           0
        1362           0           2           5           0           0         686         682           0           0           2           2           0           0
        1357           0           0           0           0           0           0           0           0           0           0           0           0           0
        1276           0           1           3           0           0         702         712           0           0           3           3           1           0
        1258           0           0           0           0           0           0           0           0           0           0           0           0           0
        1305           0           0           2           1           0         720         647           0           0           1           1           0           0
        1345           0           0           0           0           0           0           0           0           0           0           0           0           0
 Accuracy:    0.058   0.010   0.072   0.649
 Found         1132  events.
 Wrote           25  events.
 Actual xsec    1.2704220158095554E-006
 Correct abs xsec    1.2704220158095554E-006
 Event xsec    1.2704220158095539E-006
 Events wgts > 1:            0
 % Cross section > 1:    0.0000000000000000        0.0000000000000000     
 Iteration  5   Mean: 0.1308E-05 Abs mean: 0.1308E-05   Fluctuation:  0.739E-07   0.122E-02    60.6%
  5    0.1308E-05 0.1308E-05 +- 0.7389E-07     10.10
 Relative summed weights:
  0.7557E-01  0.0000E+00  0.2975E-01  0.1290E-02  0.0000E+00  0.0000E+00  0.2812E-01  0.3608E-01  0.0000E+00  0.0000E+00  0.0000E+00  0.4118E-02  0.0000E+00  0.0000E+00
  0.1230E+00  0.0000E+00  0.0000E+00  0.0000E+00  0.0000E+00  0.0000E+00  0.0000E+00  0.0000E+00  0.0000E+00  0.0000E+00  0.0000E+00  0.0000E+00  0.0000E+00  0.0000E+00
  0.6917E-01  0.0000E+00  0.5764E-02  0.1433E-02  0.0000E+00  0.0000E+00  0.3109E-01  0.3913E-01  0.0000E+00  0.0000E+00  0.9496E-05  0.1357E-01  0.0000E+00  0.0000E+00
  0.5818E-01  0.0000E+00  0.0000E+00  0.0000E+00  0.0000E+00  0.0000E+00  0.0000E+00  0.0000E+00  0.0000E+00  0.0000E+00  0.0000E+00  0.0000E+00  0.0000E+00  0.0000E+00
  0.9222E-01  0.0000E+00  0.3278E-02  0.1628E-02  0.0000E+00  0.0000E+00  0.3421E-01  0.5259E-01  0.0000E+00  0.0000E+00  0.3194E-02  0.1028E-04  0.0000E+00  0.0000E+00
  0.7170E-01  0.0000E+00  0.0000E+00  0.0000E+00  0.2753E-03  0.0000E+00  0.0000E+00  0.0000E+00  0.0000E+00  0.0000E+00  0.0000E+00  0.0000E+00  0.0000E+00  0.0000E+00
  0.6782E-01  0.0000E+00  0.4503E-04  0.3586E-03  0.0000E+00  0.0000E+00  0.3335E-01  0.2761E-01  0.0000E+00  0.0000E+00  0.8194E-02  0.1121E-03  0.0000E+00  0.0000E+00
  0.8712E-01  0.0000E+00  0.0000E+00  0.0000E+00  0.0000E+00  0.0000E+00  0.0000E+00  0.0000E+00  0.0000E+00  0.0000E+00  0.0000E+00  0.0000E+00  0.0000E+00  0.0000E+00
 Relative number of events:
  0.8350E-01  0.0000E+00  0.2500E-03  0.1563E-03  0.0000E+00  0.0000E+00  0.4241E-01  0.3913E-01  0.0000E+00  0.0000E+00  0.0000E+00  0.2188E-03  0.0000E+00  0.0000E+00
  0.8234E-01  0.0000E+00  0.0000E+00  0.0000E+00  0.0000E+00  0.0000E+00  0.0000E+00  0.0000E+00  0.0000E+00  0.0000E+00  0.0000E+00  0.0000E+00  0.0000E+00  0.0000E+00
  0.8344E-01  0.0000E+00  0.6250E-04  0.1250E-03  0.0000E+00  0.0000E+00  0.4375E-01  0.4500E-01  0.0000E+00  0.0000E+00  0.6250E-04  0.2188E-03  0.0000E+00  0.0000E+00
  0.8194E-01  0.0000E+00  0.0000E+00  0.0000E+00  0.0000E+00  0.0000E+00  0.0000E+00  0.0000E+00  0.0000E+00  0.0000E+00  0.0000E+00  0.0000E+00  0.0000E+00  0.0000E+00
  0.8216E-01  0.0000E+00  0.9375E-04  0.2188E-03  0.0000E+00  0.0000E+00  0.4109E-01  0.4206E-01  0.0000E+00  0.0000E+00  0.1563E-03  0.3125E-04  0.0000E+00  0.0000E+00
  0.8300E-01  0.0000E+00  0.0000E+00  0.0000E+00  0.3125E-04  0.0000E+00  0.0000E+00  0.0000E+00  0.0000E+00  0.0000E+00  0.0000E+00  0.0000E+00  0.0000E+00  0.0000E+00
  0.8088E-01  0.0000E+00  0.6250E-04  0.1250E-03  0.0000E+00  0.0000E+00  0.4128E-01  0.4006E-01  0.0000E+00  0.0000E+00  0.9375E-04  0.6250E-04  0.0000E+00  0.0000E+00
  0.8600E-01  0.0000E+00  0.0000E+00  0.0000E+00  0.0000E+00  0.0000E+00  0.0000E+00  0.0000E+00  0.0000E+00  0.0000E+00  0.0000E+00  0.0000E+00  0.0000E+00  0.0000E+00
 Events:
        2672           0           8           5           0           0        1357        1252           0           0           0           7           0           0
        2635           0           0           0           0           0           0           0           0           0           0           0           0           0
        2670           0           2           4           0           0        1400        1440           0           0           2           7           0           0
        2622           0           0           0           0           0           0           0           0           0           0           0           0           0
        2629           0           3           7           0           0        1315        1346           0           0           5           1           0           0
        2656           0           0           0           1           0           0           0           0           0           0           0           0           0
        2588           0           2           4           0           0        1321        1282           0           0           3           2           0           0
        2752           0           0           0           0           0           0           0           0           0           0           0           0           0
 Accuracy:    0.033   0.010   0.045   0.537
 Found         2275  events.
 Wrote           29  events.
 Actual xsec    1.2964067610269116E-006
 Correct abs xsec    1.2964067610269116E-006
 Event xsec    1.2964067610269120E-006
 Events wgts > 1:            1
 % Cross section > 1:    5.8499732549797051E-015   4.5124519794588340E-007
 Iteration  6   Mean: 0.1490E-05 Abs mean: 0.1490E-05   Fluctuation:  0.949E-07   0.403E-02    64.1%
  6    0.1490E-05 0.1490E-05 +- 0.9486E-07     16.11
 Relative summed weights:
  0.6959E-01  0.0000E+00  0.7454E-03  0.2678E-02  0.0000E+00  0.0000E+00  0.3430E-01  0.7591E-01  0.0000E+00  0.0000E+00  0.7371E-03  0.7385E-04  0.0000E+00  0.0000E+00
  0.6341E-01  0.0000E+00  0.0000E+00  0.0000E+00  0.0000E+00  0.0000E+00  0.0000E+00  0.0000E+00  0.0000E+00  0.0000E+00  0.0000E+00  0.0000E+00  0.0000E+00  0.0000E+00
  0.7907E-01  0.0000E+00  0.4422E-02  0.2908E-02  0.0000E+00  0.0000E+00  0.3672E-01  0.3455E-01  0.0000E+00  0.0000E+00  0.1153E-02  0.1767E-02  0.0000E+00  0.0000E+00
  0.7337E-01  0.0000E+00  0.0000E+00  0.0000E+00  0.0000E+00  0.0000E+00  0.0000E+00  0.0000E+00  0.0000E+00  0.0000E+00  0.0000E+00  0.0000E+00  0.0000E+00  0.0000E+00
  0.1142E+00  0.0000E+00  0.1176E-02  0.1493E-01  0.0000E+00  0.0000E+00  0.3812E-01  0.3225E-01  0.0000E+00  0.0000E+00  0.1625E-02  0.3425E-02  0.0000E+00  0.0000E+00
  0.7206E-01  0.0000E+00  0.0000E+00  0.0000E+00  0.0000E+00  0.0000E+00  0.0000E+00  0.0000E+00  0.0000E+00  0.0000E+00  0.0000E+00  0.0000E+00  0.0000E+00  0.0000E+00
  0.7257E-01  0.0000E+00  0.9727E-04  0.1100E-01  0.0000E+00  0.0000E+00  0.3797E-01  0.3260E-01  0.0000E+00  0.0000E+00  0.8179E-03  0.8499E-02  0.0000E+00  0.0000E+00
  0.7726E-01  0.0000E+00  0.0000E+00  0.0000E+00  0.0000E+00  0.0000E+00  0.0000E+00  0.0000E+00  0.0000E+00  0.0000E+00  0.0000E+00  0.0000E+00  0.0000E+00  0.0000E+00
 Relative number of events:
  0.8289E-01  0.0000E+00  0.1719E-03  0.9375E-04  0.0000E+00  0.0000E+00  0.4084E-01  0.4128E-01  0.0000E+00  0.0000E+00  0.1250E-03  0.1250E-03  0.0000E+00  0.0000E+00
  0.8173E-01  0.0000E+00  0.0000E+00  0.0000E+00  0.0000E+00  0.0000E+00  0.0000E+00  0.0000E+00  0.0000E+00  0.0000E+00  0.0000E+00  0.0000E+00  0.0000E+00  0.0000E+00
  0.8242E-01  0.0000E+00  0.1563E-03  0.1250E-03  0.0000E+00  0.0000E+00  0.4250E-01  0.4133E-01  0.0000E+00  0.0000E+00  0.6250E-04  0.1250E-03  0.0000E+00  0.0000E+00
  0.8333E-01  0.0000E+00  0.0000E+00  0.0000E+00  0.0000E+00  0.0000E+00  0.0000E+00  0.0000E+00  0.0000E+00  0.0000E+00  0.0000E+00  0.0000E+00  0.0000E+00  0.0000E+00
  0.8520E-01  0.0000E+00  0.1094E-03  0.1250E-03  0.0000E+00  0.0000E+00  0.4166E-01  0.4167E-01  0.0000E+00  0.0000E+00  0.7813E-04  0.1406E-03  0.0000E+00  0.0000E+00
  0.8297E-01  0.0000E+00  0.0000E+00  0.0000E+00  0.0000E+00  0.0000E+00  0.0000E+00  0.0000E+00  0.0000E+00  0.0000E+00  0.0000E+00  0.0000E+00  0.0000E+00  0.0000E+00
  0.8198E-01  0.0000E+00  0.1563E-03  0.1406E-03  0.0000E+00  0.0000E+00  0.4184E-01  0.4106E-01  0.0000E+00  0.0000E+00  0.9375E-04  0.9375E-04  0.0000E+00  0.0000E+00
  0.8536E-01  0.0000E+00  0.0000E+00  0.0000E+00  0.0000E+00  0.0000E+00  0.0000E+00  0.0000E+00  0.0000E+00  0.0000E+00  0.0000E+00  0.0000E+00  0.0000E+00  0.0000E+00
 Events:
        5305           0          11           6           0           0        2614        2642           0           0           8           8           0           0
        5231           0           0           0           0           0           0           0           0           0           0           0           0           0
        5275           0          10           8           0           0        2720        2645           0           0           4           8           0           0
        5333           0           0           0           0           0           0           0           0           0           0           0           0           0
        5453           0           7           8           0           0        2666        2667           0           0           5           9           0           0
        5310           0           0           0           0           0           0           0           0           0           0           0           0           0
        5247           0          10           9           0           0        2678        2628           0           0           6           6           0           0
        5463           0           0           0           0           0           0           0           0           0           0           0           0           0
 Accuracy:    0.039   0.010   0.036   1.165
 Found         5228  events.
 Wrote           37  events.
 Actual xsec    1.3752366854437616E-006
 Correct abs xsec    1.3752366854437616E-006
 Event xsec    1.3752366854437616E-006
 Events wgts > 1:            2
 % Cross section > 1:    7.0872232889574921E-009  0.51534571204887447     
 Iteration  7   Mean: 0.1688E-05 Abs mean: 0.1688E-05   Fluctuation:  0.104E-06   0.830E-02    68.9%
  7    0.1688E-05 0.1688E-05 +- 0.1043E-06     22.10
 Relative summed weights:
  0.6879E-01  0.0000E+00  0.1251E-02  0.2902E-01  0.0000E+00  0.0000E+00  0.3339E-01  0.2825E-01  0.0000E+00  0.0000E+00  0.1307E-01  0.1694E-02  0.0000E+00  0.2853E-03
  0.8551E-01  0.0000E+00  0.0000E+00  0.0000E+00  0.0000E+00  0.0000E+00  0.0000E+00  0.0000E+00  0.0000E+00  0.0000E+00  0.0000E+00  0.0000E+00  0.0000E+00  0.0000E+00
  0.1062E+00  0.0000E+00  0.3658E-02  0.1055E-01  0.0000E+00  0.0000E+00  0.2991E-01  0.3387E-01  0.0000E+00  0.0000E+00  0.3843E-03  0.3080E-03  0.0000E+00  0.0000E+00
  0.6823E-01  0.0000E+00  0.0000E+00  0.0000E+00  0.1777E-05  0.0000E+00  0.0000E+00  0.0000E+00  0.0000E+00  0.0000E+00  0.0000E+00  0.0000E+00  0.0000E+00  0.0000E+00
  0.6894E-01  0.0000E+00  0.1713E-02  0.2950E-01  0.0000E+00  0.0000E+00  0.3056E-01  0.3396E-01  0.0000E+00  0.0000E+00  0.2379E-02  0.3316E-03  0.1864E-03  0.0000E+00
  0.8376E-01  0.0000E+00  0.0000E+00  0.0000E+00  0.0000E+00  0.0000E+00  0.0000E+00  0.0000E+00  0.0000E+00  0.0000E+00  0.0000E+00  0.0000E+00  0.0000E+00  0.0000E+00
  0.6654E-01  0.0000E+00  0.1443E-01  0.7644E-02  0.0000E+00  0.0000E+00  0.3809E-01  0.2911E-01  0.0000E+00  0.0000E+00  0.1795E-02  0.6497E-02  0.0000E+00  0.0000E+00
  0.7022E-01  0.0000E+00  0.0000E+00  0.0000E+00  0.2059E-05  0.0000E+00  0.0000E+00  0.0000E+00  0.0000E+00  0.0000E+00  0.0000E+00  0.0000E+00  0.0000E+00  0.0000E+00
 Relative number of events:
  0.8467E-01  0.0000E+00  0.1406E-03  0.1172E-03  0.0000E+00  0.0000E+00  0.4040E-01  0.4123E-01  0.0000E+00  0.0000E+00  0.1250E-03  0.1016E-03  0.0000E+00  0.7813E-05
  0.8523E-01  0.0000E+00  0.0000E+00  0.0000E+00  0.0000E+00  0.0000E+00  0.0000E+00  0.0000E+00  0.0000E+00  0.0000E+00  0.0000E+00  0.0000E+00  0.0000E+00  0.0000E+00
  0.8414E-01  0.0000E+00  0.1094E-03  0.1641E-03  0.0000E+00  0.0000E+00  0.4052E-01  0.4043E-01  0.0000E+00  0.0000E+00  0.1172E-03  0.6250E-04  0.0000E+00  0.0000E+00
  0.8440E-01  0.0000E+00  0.0000E+00  0.0000E+00  0.7813E-05  0.0000E+00  0.0000E+00  0.0000E+00  0.0000E+00  0.0000E+00  0.0000E+00  0.0000E+00  0.0000E+00  0.0000E+00
  0.8459E-01  0.0000E+00  0.1328E-03  0.1563E-03  0.0000E+00  0.0000E+00  0.3994E-01  0.4008E-01  0.0000E+00  0.0000E+00  0.9375E-04  0.8594E-04  0.7813E-05  0.0000E+00
  0.8292E-01  0.0000E+00  0.0000E+00  0.0000E+00  0.0000E+00  0.0000E+00  0.0000E+00  0.0000E+00  0.0000E+00  0.0000E+00  0.0000E+00  0.0000E+00  0.0000E+00  0.0000E+00
  0.8411E-01  0.0000E+00  0.1953E-03  0.1797E-03  0.0000E+00  0.0000E+00  0.4046E-01  0.4006E-01  0.0000E+00  0.0000E+00  0.9375E-04  0.7031E-04  0.0000E+00  0.0000E+00
  0.8484E-01  0.0000E+00  0.0000E+00  0.0000E+00  0.7813E-05  0.0000E+00  0.0000E+00  0.0000E+00  0.0000E+00  0.0000E+00  0.0000E+00  0.0000E+00  0.0000E+00  0.0000E+00
 Events:
       10838           0          18          15           0           0        5171        5278           0           0          16          13           0           1
       10909           0           0           0           0           0           0           0           0           0           0           0           0           0
       10770           0          14          21           0           0        5186        5175           0           0          15           8           0           0
       10803           0           0           0           1           0           0           0           0           0           0           0           0           0
       10828           0          17          20           0           0        5112        5130           0           0          12          11           1           0
       10614           0           0           0           0           0           0           0           0           0           0           0           0           0
       10766           0          25          23           0           0        5179        5128           0           0          12           9           0           0
       10860           0           0           0           1           0           0           0           0           0           0           0           0           0
 Accuracy:    0.051   0.010   0.031   2.644
 Found         9935  events.
 Wrote           26  events.
 Actual xsec    1.4838171162646075E-006
 Correct abs xsec    1.4838171162646075E-006
 Event xsec    1.4838171162646073E-006
 Events wgts > 1:            1
 % Cross section > 1:    1.6377270663564223E-015   1.1037256872189688E-007
 Iteration  8   Mean: 0.1650E-05 Abs mean: 0.1650E-05   Fluctuation:  0.851E-07   0.191E-01    71.6%
  8    0.1650E-05 0.1650E-05 +- 0.8513E-07     26.10
 Exceeded boost           3          96   128000.000    
 Exceeded boost          15           1   256000.000    
 Relative summed weights:
  0.7883E-01  0.0000E+00  0.7424E-02  0.6228E-02  0.2652E-04  0.0000E+00  0.3008E-01  0.4061E-01  0.0000E+00  0.0000E+00  0.1051E-02  0.2778E-02  0.1344E-04  0.2507E-05
  0.8469E-01  0.0000E+00  0.0000E+00  0.0000E+00  0.0000E+00  0.0000E+00  0.0000E+00  0.0000E+00  0.0000E+00  0.0000E+00  0.0000E+00  0.0000E+00  0.0000E+00  0.0000E+00
  0.1139E+00  0.0000E+00  0.2797E-02  0.3695E-02  0.4274E-02  0.0000E+00  0.3401E-01  0.3305E-01  0.0000E+00  0.0000E+00  0.4292E-02  0.2079E-02  0.0000E+00  0.0000E+00
  0.7628E-01  0.0000E+00  0.0000E+00  0.0000E+00  0.1699E-04  0.0000E+00  0.0000E+00  0.0000E+00  0.0000E+00  0.0000E+00  0.0000E+00  0.0000E+00  0.0000E+00  0.0000E+00
  0.6916E-01  0.0000E+00  0.6801E-02  0.8671E-02  0.0000E+00  0.0000E+00  0.3213E-01  0.4693E-01  0.0000E+00  0.0000E+00  0.2324E-02  0.2990E-02  0.0000E+00  0.0000E+00
  0.6928E-01  0.0000E+00  0.0000E+00  0.0000E+00  0.0000E+00  0.0000E+00  0.0000E+00  0.0000E+00  0.0000E+00  0.0000E+00  0.0000E+00  0.0000E+00  0.0000E+00  0.0000E+00
  0.7153E-01  0.0000E+00  0.3387E-02  0.3737E-02  0.0000E+00  0.0000E+00  0.5011E-01  0.3316E-01  0.0000E+00  0.0000E+00  0.8442E-03  0.1808E-02  0.0000E+00  0.0000E+00
  0.7098E-01  0.0000E+00  0.0000E+00  0.0000E+00  0.0000E+00  0.0000E+00  0.0000E+00  0.0000E+00  0.0000E+00  0.0000E+00  0.0000E+00  0.0000E+00  0.0000E+00  0.0000E+00
 Relative number of events:
  0.8502E-01  0.0000E+00  0.1445E-03  0.1328E-03  0.3906E-05  0.0000E+00  0.4003E-01  0.3980E-01  0.0000E+00  0.0000E+00  0.5078E-04  0.9766E-04  0.3906E-05  0.3906E-05
  0.8470E-01  0.0000E+00  0.0000E+00  0.0000E+00  0.0000E+00  0.0000E+00  0.0000E+00  0.0000E+00  0.0000E+00  0.0000E+00  0.0000E+00  0.0000E+00  0.0000E+00  0.0000E+00
  0.8514E-01  0.0000E+00  0.1211E-03  0.1250E-03  0.3906E-05  0.0000E+00  0.4021E-01  0.4027E-01  0.0000E+00  0.0000E+00  0.7813E-04  0.8594E-04  0.0000E+00  0.0000E+00
  0.8493E-01  0.0000E+00  0.0000E+00  0.0000E+00  0.3906E-05  0.0000E+00  0.0000E+00  0.0000E+00  0.0000E+00  0.0000E+00  0.0000E+00  0.0000E+00  0.0000E+00  0.0000E+00
Thanks for using LHAPDF 6.2.1. Please make sure to cite the paper:
  Eur.Phys.J. C75 (2015) 3, 132  (http://arxiv.org/abs/1412.7420)
  0.8456E-01  0.0000E+00  0.8984E-04  0.9766E-04  0.0000E+00  0.0000E+00  0.4013E-01  0.4040E-01  0.0000E+00  0.0000E+00  0.8594E-04  0.8984E-04  0.0000E+00  0.0000E+00
  0.8474E-01  0.0000E+00  0.0000E+00  0.0000E+00  0.0000E+00  0.0000E+00  0.0000E+00  0.0000E+00  0.0000E+00  0.0000E+00  0.0000E+00  0.0000E+00  0.0000E+00  0.0000E+00
  0.8375E-01  0.0000E+00  0.1367E-03  0.1875E-03  0.0000E+00  0.0000E+00  0.3982E-01  0.3996E-01  0.0000E+00  0.0000E+00  0.8594E-04  0.8984E-04  0.0000E+00  0.0000E+00
  0.8483E-01  0.0000E+00  0.0000E+00  0.0000E+00  0.0000E+00  0.0000E+00  0.0000E+00  0.0000E+00  0.0000E+00  0.0000E+00  0.0000E+00  0.0000E+00  0.0000E+00  0.0000E+00
 Events:
       21765           0          37          34           1           0       10247       10190           0           0          13          25           1           1
       21682           0           0           0           0           0           0           0           0           0           0           0           0           0
       21795           0          31          32           1           0       10295       10309           0           0          20          22           0           0
       21742           0           0           0           1           0           0           0           0           0           0           0           0           0
       21648           0          23          25           0           0       10272       10342           0           0          22          23           0           0
       21694           0           0           0           0           0           0           0           0           0           0           0           0           0
       21439           0          35          48           0           0       10194       10229           0           0          22          23           0           0
       21717           0           0           0           0           0           0           0           0           0           0           0           0           0
 Accuracy:    0.046   0.010   0.027   2.886
 Found        19123  events.
 Wrote           17  events.
 Actual xsec    1.6168801141393452E-006
 Correct abs xsec    1.6168801141393452E-006
 Event xsec    1.6168801141393448E-006
 Events wgts > 1:            1
 % Cross section > 1:    1.0258540921851882E-014   6.3446515496991195E-007

 -------------------------------------------------------------------------------
 Accumulated results:   Integral =  0.1495E-05
                        Std dev  =  0.4012E-07
                       Cross sec =  0.1495E-05
             Chi**2 per DoF.     =      2.8863
 -------------------------------------------------------------------------------
-------------------------------------------------
---------------------------
 Results Last   3 iters: Integral =   0.1617E-05
                     Abs integral =   0.1617E-05
                          Std dev =   0.5437E-07
                  Chi**2 per DoF. =      1.2136
-------------------------------------------------
---------------------------
 Status   1.0000000000000000E-002           9           8

ls status:
events.lhe
ftn26
input_app.txt
results.dat
run1_app.log
