==== LHAPDF6 USING DEFAULT-TYPE LHAGLUE INTERFACE ====
LHAPDF 6.2.1 loading /cvmfs/cms.cern.ch/slc6_amd64_gcc630/external/lhapdf/6.2.1-ghjeda2/share/LHAPDF/NNPDF31_nnlo_as_0118_nf_4_mc_hessian/NNPDF31_nnlo_as_0118_nf_4_mc_hessian_0000.dat
NNPDF31_nnlo_as_0118_nf_4_mc_hessian PDF set, member #0, version 1; LHAPDF ID = 325500
 Process in group number            2
 A PDF is used, so alpha_s(MZ) is going to be modified
 Old value of alpha_s from param_card:   0.11810000000000001     
 New value of alpha_s from PDF lhapdf :  0.11266013434007299     
 using LHAPDF
 Define smin to   10000.000000000000     
 Define smin to   10000.000000000000     
 Define smin to   10000.000000000000     
 Define smin to   10000.000000000000     
 Define smin to   10000.000000000000     
 Define smin to   10000.000000000000     
 Define smin to   10000.000000000000     
 *****************************************************
 *               MadGraph/MadEvent                   *
 *        --------------------------------           *
 *          http://madgraph.hep.uiuc.edu             *
 *          http://madgraph.phys.ucl.ac.be           *
 *          http://madgraph.roma2.infn.it            *
 *        --------------------------------           *
 *                                                   *
 *          PARAMETER AND COUPLING VALUES            *
 *                                                   *
 *****************************************************

  External Params
  ---------------------------------
  
 mdl_MW0 =    80.387000000000000     
 mdl_Gf =    1.1663789999999999E-005
 aS =   0.11810000000000001     
 mdl_ymdo =    1.0000000000000000E-099
 mdl_ymb =    4.1799999999999997     
 mdl_ymt =    173.19999999999999     
 mdl_ymtau =    1.7769999999999999     
 mdl_LambdaSMEFT =    1000.0000000000000     
 mdl_cHW =    1.0000000000000000     
 mdl_MZ =    91.187600000000003     
 mdl_MTA =    1.7769999999999999     
 mdl_MT =    173.19999999999999     
 mdl_MB =    4.1799999999999997     
 mdl_MH =    125.09000000000000     
 mdl_WZ =    2.4952000000000001     
 mdl_WW =    2.0850000000000000     
 mdl_WT =    1.5083359999999999     
 mdl_WH =    4.0699999999999998E-003
  Internal Params
  ---------------------------------
  
 mdl_ymm =    1.0000000000000000E-099
 mdl_yme =    1.0000000000000000E-099
 mdl_ymc =    1.0000000000000000E-099
 mdl_yms =    1.0000000000000000E-099
 mdl_ymup =    1.0000000000000000E-099
 mdl_conjg__CKM3x3 =    1.0000000000000000     
 mdl_cH =    0.0000000000000000     
 mdl_cHB =    0.0000000000000000     
 mdl_CKM1x1 =    1.0000000000000000     
 mdl_conjg__CKM1x1 =    1.0000000000000000     
 mdl_dGf =    0.0000000000000000     
 mdl_CKM3x3 =    1.0000000000000000     
 mdl_dMH2 =    0.0000000000000000     
 mdl_conjg__CKM2x2 =    1.0000000000000000     
 mdl_dg1 =    0.0000000000000000     
 mdl_CKM2x2 =    1.0000000000000000     
 mdl_dgw =    0.0000000000000000     
 mdl_complexi =  (  0.0000000000000000     ,  1.0000000000000000     )
 mdl_MW =    80.387000000000000     
 mdl_nb__2__exp__0_25 =    1.1892071150027210     
 mdl_MH__exp__2 =    15647.508100000001     
 mdl_sqrt__2 =    1.4142135623730951     
 mdl_MW__exp__2 =    6462.0697689999997     
 mdl_MZ__exp__2 =    8315.1783937600012     
 mdl_sth2 =   0.22285855299877133     
 mdl_MH__exp__6 =    3831206449390.3818     
 mdl_MT__exp__6 =    26995248278778.535     
 mdl_MH__exp__4 =    244844509.73956564     
 mdl_MT__exp__4 =    899894403.09759963     
 mdl_MT__exp__2 =    29998.239999999994     
 mdl_LambdaSMEFT__exp__2 =    1000000.0000000000     
 mdl_cth =   0.88155626422890820     
 mdl_sqrt__sth2 =   0.47207896902824564     
 mdl_sth =   0.47207896902824564     
 mdl_MW0__exp__6 =    269845343347.69711     
 mdl_MW0__exp__4 =    41758345.699423708     
 mdl_MW0__exp__2 =    6462.0697689999997     
 mdl_MZ__exp__4 =    69142191.720053151     
 mdl_MZ__exp__6 =    574929658687.79749     
 mdl_cth__exp__2 =   0.77714144700122867     
 mdl_sth__exp__2 =   0.22285855299877130     
 mdl_sth__exp__3 =   0.10520683593878660     
 mdl_cth__exp__3 =   0.68509391079585125     
 mdl_sth__exp__4 =    4.9665934644706158E-002
 mdl_sqrt__Gf =    3.4152291284773265E-003
 mdl_vevhat =    246.21961912951551     
 mdl_lam =   0.12905352724481209     
 mdl_aEW =    7.5614618607353409E-003
 mdl_yb =    2.4008698866559607E-002
 mdl_yc =    5.7437078628133041E-102
 mdl_ydo =    5.7437078628133041E-102
 mdl_ye =    5.7437078628133041E-102
 mdl_ym =    5.7437078628133041E-102
 mdl_ys =    5.7437078628133041E-102
 mdl_yt =   0.99481020183926416     
 mdl_ytau =    1.0206568872219240E-002
 mdl_yup =    5.7437078628133041E-102
 mdl_vevhat__exp__2 =    60624.100844283676     
 mdl_barlam =   0.12905352724481209     
 mdl_vevT =    246.21961912951551     
 mdl_sqrt__aEW =    8.6956666568672819E-002
 mdl_ee =   0.30825335704310214     
 mdl_gwsh =   0.61338418662494298     
 mdl_vev =    246.21961912951551     
 mdl_g1 =   0.34966952144878632     
 mdl_gw =   0.65296989967087182     
 mdl_ee__exp__2 =    9.5020132128342205E-002
 mdl_gHaa =   -1.9303830602986922E-003
 mdl_gHza =   -6.8546472954154700E-003
 mdl_g1sh =   0.34966952144878632     
 mdl_I1d11 =  (  5.7437078628133041E-102,  0.0000000000000000     )
 mdl_I1d22 =  (  5.7437078628133041E-102,  0.0000000000000000     )
 mdl_I1d33 =  (  2.4008698866559607E-002,  0.0000000000000000     )
 mdl_I2d11 =  (  5.7437078628133041E-102,  0.0000000000000000     )
 mdl_I2d22 =  (  5.7437078628133041E-102,  0.0000000000000000     )
 mdl_I2d33 =  ( 0.99481020183926416     ,  0.0000000000000000     )
 mdl_I3d11 =  (  5.7437078628133041E-102,  0.0000000000000000     )
 mdl_I3d22 =  (  5.7437078628133041E-102,  0.0000000000000000     )
 mdl_I3d33 =  (  2.4008698866559607E-002,  0.0000000000000000     )
 mdl_I4d11 =  (  5.7437078628133041E-102,  0.0000000000000000     )
 mdl_I4d22 =  (  5.7437078628133041E-102,  0.0000000000000000     )
 mdl_I4d33 =  ( 0.99481020183926416     ,  0.0000000000000000     )
 mdl_I5d11 =  (  5.7437078628133041E-102,  0.0000000000000000     )
 mdl_I5d22 =  (  5.7437078628133041E-102,  0.0000000000000000     )
 mdl_I5d33 =  (  2.4008698866559607E-002,  0.0000000000000000     )
 mdl_I6d11 =  (  5.7437078628133041E-102,  0.0000000000000000     )
 mdl_I6d22 =  (  5.7437078628133041E-102,  0.0000000000000000     )
 mdl_I6d33 =  ( 0.99481020183926416     ,  0.0000000000000000     )
 mdl_ee__exp__3 =    2.9290274715240611E-002
 mdl_vevhat__exp__3 =    14926843.019948866     
  Internal Params evaluated point by point
  ----------------------------------------
  
 mdl_sqrt__aS =   0.34365680554879169     
 mdl_G__exp__2 =    1.4840883695558185     
 mdl_gHgg =    3.2334372328970845E-003
 mdl_G__exp__3 =  (  1.8079634332366095     ,  0.0000000000000000     )
  Couplings of SMEFTsim_A_U35_MwScheme_UFO_v3_1-cHW_massless
  ---------------------------------
  
         GC_1 =   0.00000E+00   0.10275E+00
         GC_2 =  -0.00000E+00  -0.20550E+00
         GC_3 =  -0.00000E+00  -0.30825E+00
       GC_255 =  -0.00000E+00  -0.42637E+00
       GC_278 =  -0.00000E+00  -0.37035E+00
       GC_280 =  -0.00000E+00  -0.57563E+00
       GC_328 =  -0.00000E+00  -0.55024E-01
       GC_329 =   0.00000E+00   0.11005E+00
       GC_330 =  -0.00000E+00  -0.16507E+00
       GC_387 =   0.00000E+00   0.98488E-03
       GC_400 =   0.00000E+00   0.52490E+02
       GC_809 =  -0.00000E+00  -0.72171E-02
      GC_1073 =  -0.00000E+00  -0.46172E+00

 Collider parameters:
 --------------------

 Running at P P   machine @    13000.000000000000       GeV
 PDF set = lhapdf 
 alpha_s(Mz)= 0.1127 running at 3 loops.
 alpha_s(Mz)= 0.1127 running at 3 loops.
 Renormalization scale set on event-by-event basis
 Factorization   scale set on event-by-event basis


 getting user params
Enter number of events and max and min iterations: 
 Number of events and iterations         2000           8           3
Enter desired fractional accuracy: 
 Desired fractional accuracy:    1.0000000000000000E-002
Enter 0 for fixed, 2 for adjustable grid: 
Suppress amplitude (0 no, 1 yes)? 
 Using suppressed amplitude.
Exact helicity sum (0 yes, n = number/event)? 
 Explicitly summing over helicities
Enter Configuration Number: 
Running Configuration Number:  483
 Using dconfig=          25
 BW Setting            1           2           2           0           0           0
 Attempting mappinvarients           1           8
 Completed mapping           8
 about to integrate           16        2000           8           3          16           1
 Using non-zero grid deformation.
 16 dimensions   2000 events 16 invarients  8 iterations  1 config(s),  (0.99)
 Using h-tuple random number sequence.
 Error opening grid
 Using Uniform Grid!          32
 Using uniform alpha   1.0000000000000000     
 Grid defined OK
 Set CM energy to      13000.00
 Mapping Graph         483  to config         483
 Setting BW          -1           1   80.387000000000000     
Setting grid   2    0.28963E-04   1
Setting grid   3    0.18685E-07   1
Setting grid   4    0.18685E-07   1
Setting grid   5    0.30453E-04   1
 Transforming s_hat 1/s           15   5.9171597633136108E-005   10000.000000000000        168999999.99999997     
 483   1   2   3   4   5   6   7   8   9  10  11  12  13  14
  15  16
 Masses: 0.000E+00 0.000E+00 0.178E+01 0.178E+01 0.000E+00 0.000E+00 0.000E+00 0.000E+00
Using random seed offsets   483 :      2
  with seed                   24
 Ranmar initialization seeds         213        9399
 
 ********************************************
 * You are using the DiscreteSampler module *
 *      part of the MG5_aMC framework       *
 *         Author: Valentin Hirschi         *
 ********************************************
 
  Particle       3       4       5       6       7       8
      Et >     0.0     0.0     0.0     0.0    10.0    10.0
       E >     0.0     0.0     0.0     0.0     0.0     0.0
     Eta <    -1.0    -1.0    -1.0    -1.0     6.5     6.5
   xqcut:      0.0     0.0     0.0     0.0     0.0     0.0
d R # 3  >    -0.0     0.4     0.0     0.0     0.4     0.4
d R # 4  >    -0.0    -0.0     0.0     0.0     0.4     0.4
d R # 5  >    -0.0    -0.0    -0.0     0.0     0.0     0.0
d R # 6  >    -0.0    -0.0    -0.0    -0.0     0.0     0.0
d R # 7  >    -0.0    -0.0    -0.0    -0.0    -0.0     0.4
s min # 3>     0.0     0.0     0.0     0.0     0.0     0.0
s min # 4>     0.0     0.0     0.0     0.0     0.0     0.0
s min # 5>     0.0     0.0     0.0     0.0     0.0     0.0
s min # 6>     0.0     0.0     0.0     0.0     0.0     0.0
s min # 7>     0.0     0.0     0.0     0.0     0.0 10000.0
xqcutij # 3>     0.0     0.0     0.0     0.0     0.0     0.0
xqcutij # 4>     0.0     0.0     0.0     0.0     0.0     0.0
xqcutij # 5>     0.0     0.0     0.0     0.0     0.0     0.0
xqcutij # 6>     0.0     0.0     0.0     0.0     0.0     0.0
xqcutij # 7>     0.0     0.0     0.0     0.0     0.0     0.0
 Requiring BW           -1           1
 Excluding BW           -3           2
 Excluding BW           -5           3
 alpha_s for scale    49.094673345505612       is   0.12494861503003127     
 Added good helicity          193   255.46247573503311       in event            1 local:           1
 Added good helicity          209 -0.17849941983464376       in event            1 local:           1
 Added good helicity          225  0.35824266052824638       in event            1 local:           1
 Added good helicity          241   7.8218460399607408E-004  in event            1 local:           1
 Added good helicity          193   255.46247573503311       in event            1 local:           1
 Added good helicity          209 -0.17849941983464662       in event            1 local:           1
 Added good helicity          225  0.35824266052825177       in event            1 local:           1
 Added good helicity          241   7.8218460399608113E-004  in event            1 local:           1
 RESET CUMULATIVE VARIABLE
 RESET CUMULATIVE VARIABLE
 RESET CUMULATIVE VARIABLE
 Iteration  1   Mean: 0.2266E-10 Abs mean: 0.3884E-10   Fluctuation:  0.229E-10   0.444E-07     3.6%
  1    0.2266E-10 0.3884E-10 +- 0.2292E-10     26.40
 Writing out events   6.7073111867523881E-014   26.395265550833390     
 Relative summed weights:
  0.0000E+00  0.0000E+00  0.3930E-02  0.9459E-01  0.0000E+00  0.0000E+00  0.0000E+00  0.0000E+00  0.8371E-01  0.6131E-02  0.0000E+00  0.0000E+00  0.0000E+00  0.0000E+00
  0.0000E+00  0.0000E+00  0.7433E+00  0.1129E-01  0.0000E+00  0.0000E+00  0.0000E+00  0.0000E+00  0.1532E-01  0.7436E-02  0.0000E+00  0.0000E+00  0.0000E+00  0.0000E+00
  0.0000E+00  0.0000E+00  0.2058E-02  0.4864E-03  0.0000E+00  0.0000E+00  0.0000E+00  0.0000E+00  0.5588E-03  0.2732E-02  0.0000E+00  0.0000E+00  0.0000E+00  0.0000E+00
  0.0000E+00  0.0000E+00  0.3893E-02  0.8858E-02  0.0000E+00  0.0000E+00  0.0000E+00  0.0000E+00  0.1288E-01  0.2866E-02  0.0000E+00  0.0000E+00  0.0000E+00  0.0000E+00
 Relative number of events:
  0.0000E+00  0.0000E+00  0.5960E-01  0.5546E-01  0.0000E+00  0.0000E+00  0.0000E+00  0.0000E+00  0.7947E-01  0.6043E-01  0.0000E+00  0.0000E+00  0.0000E+00  0.0000E+00
  0.0000E+00  0.0000E+00  0.6374E-01  0.5546E-01  0.0000E+00  0.0000E+00  0.0000E+00  0.0000E+00  0.6788E-01  0.5546E-01  0.0000E+00  0.0000E+00  0.0000E+00  0.0000E+00
  0.0000E+00  0.0000E+00  0.5050E-01  0.6043E-01  0.0000E+00  0.0000E+00  0.0000E+00  0.0000E+00  0.8113E-01  0.7864E-01  0.0000E+00  0.0000E+00  0.0000E+00  0.0000E+00
  0.0000E+00  0.0000E+00  0.4553E-01  0.4884E-01  0.0000E+00  0.0000E+00  0.0000E+00  0.0000E+00  0.7285E-01  0.6457E-01  0.0000E+00  0.0000E+00  0.0000E+00  0.0000E+00
 Events:
           0           0          72          67           0           0           0           0          96          73           0           0           0           0
           0           0          77          67           0           0           0           0          82          67           0           0           0           0
           0           0          61          73           0           0           0           0          98          95           0           0           0           0
           0           0          55          59           0           0           0           0          88          78           0           0           0           0
 Iteration  2   Mean: 0.3259E-10 Abs mean: 0.4014E-10   Fluctuation:  0.122E-10   0.289E-07    24.1%
  2    0.3259E-10 0.4014E-10 +- 0.1218E-10     19.19
 Relative summed weights:
  0.0000E+00  0.0000E+00  0.4028E-01  0.2929E-01  0.0000E+00  0.0000E+00  0.0000E+00  0.0000E+00  0.1316E-01  0.4502E-02  0.0000E+00  0.0000E+00  0.0000E+00  0.0000E+00
  0.0000E+00  0.0000E+00  0.3448E+00  0.1421E+00  0.0000E+00  0.0000E+00  0.0000E+00  0.0000E+00  0.7440E-02  0.1132E-01  0.0000E+00  0.0000E+00  0.0000E+00  0.0000E+00
  0.0000E+00  0.0000E+00  0.1037E+00  0.2860E-01  0.0000E+00  0.0000E+00  0.0000E+00  0.0000E+00  0.9446E-02  0.9496E-02  0.0000E+00  0.0000E+00  0.0000E+00  0.0000E+00
  0.0000E+00  0.0000E+00  0.2105E+00  0.2217E-01  0.0000E+00  0.0000E+00  0.0000E+00  0.0000E+00  0.3118E-02  0.2010E-01  0.0000E+00  0.0000E+00  0.0000E+00  0.0000E+00
 Relative number of events:
  0.0000E+00  0.0000E+00  0.6921E-01  0.5860E-01  0.0000E+00  0.0000E+00  0.0000E+00  0.0000E+00  0.7473E-01  0.7134E-01  0.0000E+00  0.0000E+00  0.0000E+00  0.0000E+00
  0.0000E+00  0.0000E+00  0.5605E-01  0.5775E-01  0.0000E+00  0.0000E+00  0.0000E+00  0.0000E+00  0.6454E-01  0.6709E-01  0.0000E+00  0.0000E+00  0.0000E+00  0.0000E+00
  0.0000E+00  0.0000E+00  0.5563E-01  0.6200E-01  0.0000E+00  0.0000E+00  0.0000E+00  0.0000E+00  0.6497E-01  0.6072E-01  0.0000E+00  0.0000E+00  0.0000E+00  0.0000E+00
  0.0000E+00  0.0000E+00  0.4756E-01  0.5690E-01  0.0000E+00  0.0000E+00  0.0000E+00  0.0000E+00  0.6412E-01  0.6879E-01  0.0000E+00  0.0000E+00  0.0000E+00  0.0000E+00
 Events:
           0           0         163         138           0           0           0           0         176         168           0           0           0           0
           0           0         132         136           0           0           0           0         152         158           0           0           0           0
           0           0         131         146           0           0           0           0         153         143           0           0           0           0
           0           0         112         134           0           0           0           0         151         162           0           0           0           0
 Iteration  3   Mean: 0.1130E-10 Abs mean: 0.2846E-10   Fluctuation:  0.275E-11   0.715E-08    32.5%
  3    0.1130E-10 0.2846E-10 +- 0.2747E-11      8.63
 Relative summed weights:
  0.0000E+00  0.0000E+00  0.7602E-01  0.1210E+00  0.0000E+00  0.0000E+00  0.0000E+00  0.0000E+00  0.2836E-01  0.4373E-01  0.0000E+00  0.0000E+00  0.0000E+00  0.0000E+00
  0.0000E+00  0.0000E+00  0.5111E-01  0.1536E+00  0.0000E+00  0.0000E+00  0.0000E+00  0.0000E+00  0.2814E-01  0.2095E-01  0.0000E+00  0.0000E+00  0.0000E+00  0.0000E+00
  0.0000E+00  0.0000E+00  0.1457E+00  0.6943E-01  0.0000E+00  0.0000E+00  0.0000E+00  0.0000E+00  0.3113E-01  0.1439E-01  0.0000E+00  0.0000E+00  0.0000E+00  0.0000E+00
  0.0000E+00  0.0000E+00  0.7661E-01  0.9886E-01  0.0000E+00  0.0000E+00  0.0000E+00  0.0000E+00  0.1776E-01  0.2321E-01  0.0000E+00  0.0000E+00  0.0000E+00  0.0000E+00
 Relative number of events:
  0.0000E+00  0.0000E+00  0.5441E-01  0.5649E-01  0.0000E+00  0.0000E+00  0.0000E+00  0.0000E+00  0.6916E-01  0.6667E-01  0.0000E+00  0.0000E+00  0.0000E+00  0.0000E+00
  0.0000E+00  0.0000E+00  0.6231E-01  0.6563E-01  0.0000E+00  0.0000E+00  0.0000E+00  0.0000E+00  0.6147E-01  0.6417E-01  0.0000E+00  0.0000E+00  0.0000E+00  0.0000E+00
  0.0000E+00  0.0000E+00  0.5462E-01  0.5171E-01  0.0000E+00  0.0000E+00  0.0000E+00  0.0000E+00  0.7601E-01  0.6750E-01  0.0000E+00  0.0000E+00  0.0000E+00  0.0000E+00
  0.0000E+00  0.0000E+00  0.5400E-01  0.5940E-01  0.0000E+00  0.0000E+00  0.0000E+00  0.0000E+00  0.6957E-01  0.6687E-01  0.0000E+00  0.0000E+00  0.0000E+00  0.0000E+00
 Events:
           0           0         262         272           0           0           0           0         333         321           0           0           0           0
           0           0         300         316           0           0           0           0         296         309           0           0           0           0
           0           0         263         249           0           0           0           0         366         325           0           0           0           0
           0           0         260         286           0           0           0           0         335         322           0           0           0           0
 Accuracy:    0.086   0.010   0.091   0.898
 Found          563  events.
 Wrote           26  events.
 Actual xsec    1.3479472038836586E-011
 Correct abs xsec    2.9753849664710546E-011
 Event xsec    2.9753849664710559E-011
 Events wgts > 1:            2
 % Cross section > 1:    2.6169560998081991E-013  0.87953529687690468     
 Iteration  4   Mean: 0.3173E-10 Abs mean: 0.4797E-10   Fluctuation:  0.823E-11   0.122E-06    37.3%
  4    0.3173E-10 0.4797E-10 +- 0.8227E-11     21.69
 Relative summed weights:
  0.0000E+00  0.0000E+00  0.1098E+00  0.8335E-01  0.0000E+00  0.0000E+00  0.0000E+00  0.0000E+00  0.1972E-01  0.1340E-01  0.0000E+00  0.0000E+00  0.0000E+00  0.0000E+00
  0.0000E+00  0.0000E+00  0.7925E-01  0.4608E-01  0.0000E+00  0.0000E+00  0.0000E+00  0.0000E+00  0.1596E-01  0.4246E-01  0.0000E+00  0.0000E+00  0.0000E+00  0.0000E+00
  0.0000E+00  0.0000E+00  0.7398E-01  0.8000E-01  0.0000E+00  0.0000E+00  0.0000E+00  0.0000E+00  0.1269E-01  0.2004E-01  0.0000E+00  0.0000E+00  0.0000E+00  0.0000E+00
  0.0000E+00  0.0000E+00  0.7508E-01  0.2943E+00  0.0000E+00  0.0000E+00  0.0000E+00  0.0000E+00  0.1866E-01  0.1522E-01  0.0000E+00  0.0000E+00  0.0000E+00  0.0000E+00
 Relative number of events:
  0.0000E+00  0.0000E+00  0.6024E-01  0.5859E-01  0.0000E+00  0.0000E+00  0.0000E+00  0.0000E+00  0.6529E-01  0.6612E-01  0.0000E+00  0.0000E+00  0.0000E+00  0.0000E+00
  0.0000E+00  0.0000E+00  0.5683E-01  0.5962E-01  0.0000E+00  0.0000E+00  0.0000E+00  0.0000E+00  0.7024E-01  0.6529E-01  0.0000E+00  0.0000E+00  0.0000E+00  0.0000E+00
  0.0000E+00  0.0000E+00  0.5704E-01  0.5900E-01  0.0000E+00  0.0000E+00  0.0000E+00  0.0000E+00  0.6333E-01  0.6622E-01  0.0000E+00  0.0000E+00  0.0000E+00  0.0000E+00
  0.0000E+00  0.0000E+00  0.5652E-01  0.6240E-01  0.0000E+00  0.0000E+00  0.0000E+00  0.0000E+00  0.6993E-01  0.6333E-01  0.0000E+00  0.0000E+00  0.0000E+00  0.0000E+00
 Events:
           0           0         584         568           0           0           0           0         633         641           0           0           0           0
           0           0         551         578           0           0           0           0         681         633           0           0           0           0
           0           0         553         572           0           0           0           0         614         642           0           0           0           0
           0           0         548         605           0           0           0           0         678         614           0           0           0           0
 Accuracy:    0.140   0.010   0.080   3.042
 Found         1885  events.
 Wrote            5  events.
 Actual xsec    1.7384971619983504E-011
 Correct abs xsec    3.3651787243559149E-011
 Event xsec    3.3651787243559143E-011
 Events wgts > 1:            0
 % Cross section > 1:    0.0000000000000000        0.0000000000000000     
 Iteration  5   Mean: 0.1966E-10 Abs mean: 0.3863E-10   Fluctuation:  0.162E-11   0.211E-07    40.5%
  5    0.1966E-10 0.3863E-10 +- 0.1620E-11      7.50
 Relative summed weights:
  0.0000E+00  0.0000E+00  0.1179E+00  0.7331E-01  0.0000E+00  0.0000E+00  0.0000E+00  0.0000E+00  0.2169E-01  0.2305E-01  0.0000E+00  0.0000E+00  0.0000E+00  0.0000E+00
  0.0000E+00  0.0000E+00  0.1057E+00  0.1127E+00  0.0000E+00  0.0000E+00  0.0000E+00  0.0000E+00  0.3040E-01  0.2110E-01  0.0000E+00  0.0000E+00  0.0000E+00  0.0000E+00
  0.0000E+00  0.0000E+00  0.9761E-01  0.9291E-01  0.0000E+00  0.0000E+00  0.0000E+00  0.0000E+00  0.2583E-01  0.2699E-01  0.0000E+00  0.0000E+00  0.0000E+00  0.0000E+00
  0.0000E+00  0.0000E+00  0.1189E+00  0.7890E-01  0.0000E+00  0.0000E+00  0.0000E+00  0.0000E+00  0.3090E-01  0.2203E-01  0.0000E+00  0.0000E+00  0.0000E+00  0.0000E+00
 Relative number of events:
  0.0000E+00  0.0000E+00  0.6269E-01  0.5537E-01  0.0000E+00  0.0000E+00  0.0000E+00  0.0000E+00  0.6554E-01  0.6478E-01  0.0000E+00  0.0000E+00  0.0000E+00  0.0000E+00
  0.0000E+00  0.0000E+00  0.5771E-01  0.5969E-01  0.0000E+00  0.0000E+00  0.0000E+00  0.0000E+00  0.6915E-01  0.6722E-01  0.0000E+00  0.0000E+00  0.0000E+00  0.0000E+00
  0.0000E+00  0.0000E+00  0.5806E-01  0.5918E-01  0.0000E+00  0.0000E+00  0.0000E+00  0.0000E+00  0.6661E-01  0.6544E-01  0.0000E+00  0.0000E+00  0.0000E+00  0.0000E+00
  0.0000E+00  0.0000E+00  0.5791E-01  0.5817E-01  0.0000E+00  0.0000E+00  0.0000E+00  0.0000E+00  0.6706E-01  0.6544E-01  0.0000E+00  0.0000E+00  0.0000E+00  0.0000E+00
 Events:
           0           0        1233        1089           0           0           0           0        1289        1274           0           0           0           0
           0           0        1135        1174           0           0           0           0        1360        1322           0           0           0           0
           0           0        1142        1164           0           0           0           0        1310        1287           0           0           0           0
           0           0        1139        1144           0           0           0           0        1319        1287           0           0           0           0
 Accuracy:    0.057   0.010   0.037   2.353
 Found         3141  events.
 Wrote          118  events.
 Actual xsec    1.8975529736597427E-011
 Correct abs xsec    3.7537148309237073E-011
 Event xsec    3.7537148309236931E-011
 Events wgts > 1:            3
 % Cross section > 1:    2.8627607803725789E-013  0.76264737981391273     
 Iteration  6   Mean: 0.2175E-10 Abs mean: 0.3971E-10   Fluctuation:  0.133E-11   0.438E-07    40.3%
  6    0.2175E-10 0.3971E-10 +- 0.1332E-11      8.48
 Relative summed weights:
  0.0000E+00  0.0000E+00  0.9877E-01  0.1069E+00  0.0000E+00  0.0000E+00  0.0000E+00  0.0000E+00  0.2975E-01  0.2473E-01  0.0000E+00  0.0000E+00  0.0000E+00  0.0000E+00
  0.0000E+00  0.0000E+00  0.1058E+00  0.7951E-01  0.0000E+00  0.0000E+00  0.0000E+00  0.0000E+00  0.2419E-01  0.2338E-01  0.0000E+00  0.0000E+00  0.0000E+00  0.0000E+00
  0.0000E+00  0.0000E+00  0.9724E-01  0.1160E+00  0.0000E+00  0.0000E+00  0.0000E+00  0.0000E+00  0.2415E-01  0.4410E-01  0.0000E+00  0.0000E+00  0.0000E+00  0.0000E+00
  0.0000E+00  0.0000E+00  0.8228E-01  0.9842E-01  0.0000E+00  0.0000E+00  0.0000E+00  0.0000E+00  0.2200E-01  0.2279E-01  0.0000E+00  0.0000E+00  0.0000E+00  0.0000E+00
 Relative number of events:
  0.0000E+00  0.0000E+00  0.6006E-01  0.5884E-01  0.0000E+00  0.0000E+00  0.0000E+00  0.0000E+00  0.6632E-01  0.6333E-01  0.0000E+00  0.0000E+00  0.0000E+00  0.0000E+00
  0.0000E+00  0.0000E+00  0.5968E-01  0.5785E-01  0.0000E+00  0.0000E+00  0.0000E+00  0.0000E+00  0.6523E-01  0.6589E-01  0.0000E+00  0.0000E+00  0.0000E+00  0.0000E+00
  0.0000E+00  0.0000E+00  0.5940E-01  0.5899E-01  0.0000E+00  0.0000E+00  0.0000E+00  0.0000E+00  0.6473E-01  0.6704E-01  0.0000E+00  0.0000E+00  0.0000E+00  0.0000E+00
  0.0000E+00  0.0000E+00  0.6102E-01  0.5826E-01  0.0000E+00  0.0000E+00  0.0000E+00  0.0000E+00  0.6843E-01  0.6493E-01  0.0000E+00  0.0000E+00  0.0000E+00  0.0000E+00
 Events:
           0           0        2367        2319           0           0           0           0        2614        2496           0           0           0           0
           0           0        2352        2280           0           0           0           0        2571        2597           0           0           0           0
           0           0        2341        2325           0           0           0           0        2551        2642           0           0           0           0
           0           0        2405        2296           0           0           0           0        2697        2559           0           0           0           0
 Accuracy:    0.035   0.010   0.025   2.011
 Found         8365  events.
 Wrote           83  events.
 Actual xsec    2.1181082400192047E-011
 Correct abs xsec    3.9484824422553101E-011
 Event xsec    3.9484824422553191E-011
 Events wgts > 1:            3
 % Cross section > 1:    3.4403121621818573E-013  0.87129985063750159     
 Iteration  7   Mean: 0.2241E-10 Abs mean: 0.3980E-10   Fluctuation:  0.727E-12   0.483E-07    39.6%
  7    0.2241E-10 0.3980E-10 +- 0.7275E-12      6.54
 Relative summed weights:
  0.0000E+00  0.0000E+00  0.1047E+00  0.1139E+00  0.0000E+00  0.0000E+00  0.0000E+00  0.0000E+00  0.1977E-01  0.2830E-01  0.0000E+00  0.0000E+00  0.0000E+00  0.0000E+00
  0.0000E+00  0.0000E+00  0.8984E-01  0.9780E-01  0.0000E+00  0.0000E+00  0.0000E+00  0.0000E+00  0.2384E-01  0.2356E-01  0.0000E+00  0.0000E+00  0.0000E+00  0.0000E+00
  0.0000E+00  0.0000E+00  0.1118E+00  0.9300E-01  0.0000E+00  0.0000E+00  0.0000E+00  0.0000E+00  0.2314E-01  0.2207E-01  0.0000E+00  0.0000E+00  0.0000E+00  0.0000E+00
  0.0000E+00  0.0000E+00  0.1069E+00  0.9458E-01  0.0000E+00  0.0000E+00  0.0000E+00  0.0000E+00  0.2464E-01  0.2211E-01  0.0000E+00  0.0000E+00  0.0000E+00  0.0000E+00
 Relative number of events:
  0.0000E+00  0.0000E+00  0.6005E-01  0.5987E-01  0.0000E+00  0.0000E+00  0.0000E+00  0.0000E+00  0.6687E-01  0.6702E-01  0.0000E+00  0.0000E+00  0.0000E+00  0.0000E+00
  0.0000E+00  0.0000E+00  0.5804E-01  0.5840E-01  0.0000E+00  0.0000E+00  0.0000E+00  0.0000E+00  0.6551E-01  0.6560E-01  0.0000E+00  0.0000E+00  0.0000E+00  0.0000E+00
  0.0000E+00  0.0000E+00  0.6038E-01  0.5823E-01  0.0000E+00  0.0000E+00  0.0000E+00  0.0000E+00  0.6570E-01  0.6383E-01  0.0000E+00  0.0000E+00  0.0000E+00  0.0000E+00
  0.0000E+00  0.0000E+00  0.6002E-01  0.6044E-01  0.0000E+00  0.0000E+00  0.0000E+00  0.0000E+00  0.6592E-01  0.6412E-01  0.0000E+00  0.0000E+00  0.0000E+00  0.0000E+00
 Events:
           0           0        4732        4718           0           0           0           0        5270        5282           0           0           0           0
           0           0        4574        4602           0           0           0           0        5163        5170           0           0           0           0
           0           0        4758        4589           0           0           0           0        5178        5030           0           0           0           0
           0           0        4730        4763           0           0           0           0        5195        5053           0           0           0           0
 Accuracy:    0.019   0.010   0.015   1.742
 Found        18041  events.
 Wrote          135  events.
 Actual xsec    2.1924506349279172E-011
Thanks for using LHAPDF 6.2.1. Please make sure to cite the paper:
  Eur.Phys.J. C75 (2015) 3, 132  (http://arxiv.org/abs/1412.7420)
 Correct abs xsec    3.9634592175080807E-011
 Event xsec    3.9634592175080820E-011
 Events wgts > 1:            1
 % Cross section > 1:    8.3791979725867439E-014  0.21141123227842720     
 Iteration  8   Mean: 0.2105E-10 Abs mean: 0.3868E-10   Fluctuation:  0.409E-12   0.445E-07    38.9%
  8    0.2105E-10 0.3868E-10 +- 0.4092E-12      5.35
 Exceeded boost           3          96   256000.000    
 Exceeded boost           4          96   128000.000    
 Relative summed weights:
  0.0000E+00  0.0000E+00  0.9801E-01  0.9208E-01  0.0000E+00  0.0000E+00  0.0000E+00  0.0000E+00  0.2395E-01  0.2403E-01  0.0000E+00  0.0000E+00  0.0000E+00  0.0000E+00
  0.0000E+00  0.0000E+00  0.1032E+00  0.1001E+00  0.0000E+00  0.0000E+00  0.0000E+00  0.0000E+00  0.2539E-01  0.2570E-01  0.0000E+00  0.0000E+00  0.0000E+00  0.0000E+00
  0.0000E+00  0.0000E+00  0.9941E-01  0.9854E-01  0.0000E+00  0.0000E+00  0.0000E+00  0.0000E+00  0.2696E-01  0.2573E-01  0.0000E+00  0.0000E+00  0.0000E+00  0.0000E+00
  0.0000E+00  0.0000E+00  0.1058E+00  0.9946E-01  0.0000E+00  0.0000E+00  0.0000E+00  0.0000E+00  0.2660E-01  0.2500E-01  0.0000E+00  0.0000E+00  0.0000E+00  0.0000E+00
 Relative number of events:
  0.0000E+00  0.0000E+00  0.5946E-01  0.5798E-01  0.0000E+00  0.0000E+00  0.0000E+00  0.0000E+00  0.6587E-01  0.6499E-01  0.0000E+00  0.0000E+00  0.0000E+00  0.0000E+00
  0.0000E+00  0.0000E+00  0.5807E-01  0.5924E-01  0.0000E+00  0.0000E+00  0.0000E+00  0.0000E+00  0.6495E-01  0.6536E-01  0.0000E+00  0.0000E+00  0.0000E+00  0.0000E+00
  0.0000E+00  0.0000E+00  0.5965E-01  0.6019E-01  0.0000E+00  0.0000E+00  0.0000E+00  0.0000E+00  0.6658E-01  0.6547E-01  0.0000E+00  0.0000E+00  0.0000E+00  0.0000E+00
  0.0000E+00  0.0000E+00  0.5970E-01  0.5995E-01  0.0000E+00  0.0000E+00  0.0000E+00  0.0000E+00  0.6645E-01  0.6608E-01  0.0000E+00  0.0000E+00  0.0000E+00  0.0000E+00
 Events:
           0           0        9362        9128           0           0           0           0       10370       10232           0           0           0           0
           0           0        9143        9327           0           0           0           0       10226       10290           0           0           0           0
           0           0        9391        9476           0           0           0           0       10483       10308           0           0           0           0
           0           0        9399        9439           0           0           0           0       10462       10403           0           0           0           0
 Accuracy:    0.011   0.010   0.009   1.694
 Found        38043  events.
 Wrote         1005  events.
 Actual xsec    2.1413879030475732E-011
 Correct abs xsec    3.9016489000831595E-011
 Event xsec    3.9016489000832105E-011
 Events wgts > 1:           11
 % Cross section > 1:    3.6773530738005051E-013  0.94251255506923692     

 -------------------------------------------------------------------------------
 Accumulated results:   Integral =  0.3894E-10
                        Std dev  =  0.3346E-12
                       Cross sec =  0.2130E-10
             Chi**2 per DoF.     =      1.6936
 -------------------------------------------------------------------------------
-------------------------------------------------
---------------------------
 Results Last   3 iters: Integral =   0.2141E-10
                     Abs integral =   0.3902E-10
                          Std dev =   0.3446E-12
                  Chi**2 per DoF. =      1.0519
-------------------------------------------------
---------------------------
 Status   1.0000000000000000E-002           9           8

ls status:
events.lhe
ftn26
input_app.txt
results.dat
run1_app.log
