==== LHAPDF6 USING DEFAULT-TYPE LHAGLUE INTERFACE ====
LHAPDF 6.2.1 loading /cvmfs/cms.cern.ch/slc6_amd64_gcc630/external/lhapdf/6.2.1-ghjeda2/share/LHAPDF/NNPDF31_nnlo_as_0118_nf_4_mc_hessian/NNPDF31_nnlo_as_0118_nf_4_mc_hessian_0000.dat
NNPDF31_nnlo_as_0118_nf_4_mc_hessian PDF set, member #0, version 1; LHAPDF ID = 325500
 Process in group number            2
 A PDF is used, so alpha_s(MZ) is going to be modified
 Old value of alpha_s from param_card:   0.11810000000000001     
 New value of alpha_s from PDF lhapdf :  0.11266013434007299     
 using LHAPDF
 Define smin to   10000.000000000000     
 Define smin to   10000.000000000000     
 Define smin to   10000.000000000000     
 Define smin to   10000.000000000000     
 Define smin to   10000.000000000000     
 Define smin to   10000.000000000000     
 Define smin to   10000.000000000000     
 *****************************************************
 *               MadGraph/MadEvent                   *
 *        --------------------------------           *
 *          http://madgraph.hep.uiuc.edu             *
 *          http://madgraph.phys.ucl.ac.be           *
 *          http://madgraph.roma2.infn.it            *
 *        --------------------------------           *
 *                                                   *
 *          PARAMETER AND COUPLING VALUES            *
 *                                                   *
 *****************************************************

  External Params
  ---------------------------------
  
 mdl_MW0 =    80.387000000000000     
 mdl_Gf =    1.1663789999999999E-005
 aS =   0.11810000000000001     
 mdl_ymdo =    1.0000000000000000E-099
 mdl_ymb =    4.1799999999999997     
 mdl_ymt =    173.19999999999999     
 mdl_ymtau =    1.7769999999999999     
 mdl_LambdaSMEFT =    1000.0000000000000     
 mdl_cHW =    1.0000000000000000     
 mdl_MZ =    91.187600000000003     
 mdl_MTA =    1.7769999999999999     
 mdl_MT =    173.19999999999999     
 mdl_MB =    4.1799999999999997     
 mdl_MH =    125.09000000000000     
 mdl_WZ =    2.4952000000000001     
 mdl_WW =    2.0850000000000000     
 mdl_WT =    1.5083359999999999     
 mdl_WH =    4.0699999999999998E-003
  Internal Params
  ---------------------------------
  
 mdl_ymm =    1.0000000000000000E-099
 mdl_yme =    1.0000000000000000E-099
 mdl_ymc =    1.0000000000000000E-099
 mdl_yms =    1.0000000000000000E-099
 mdl_ymup =    1.0000000000000000E-099
 mdl_conjg__CKM3x3 =    1.0000000000000000     
 mdl_cH =    0.0000000000000000     
 mdl_cHB =    0.0000000000000000     
 mdl_CKM1x1 =    1.0000000000000000     
 mdl_conjg__CKM1x1 =    1.0000000000000000     
 mdl_dGf =    0.0000000000000000     
 mdl_CKM3x3 =    1.0000000000000000     
 mdl_dMH2 =    0.0000000000000000     
 mdl_conjg__CKM2x2 =    1.0000000000000000     
 mdl_dg1 =    0.0000000000000000     
 mdl_CKM2x2 =    1.0000000000000000     
 mdl_dgw =    0.0000000000000000     
 mdl_complexi =  (  0.0000000000000000     ,  1.0000000000000000     )
 mdl_MW =    80.387000000000000     
 mdl_nb__2__exp__0_25 =    1.1892071150027210     
 mdl_MH__exp__2 =    15647.508100000001     
 mdl_sqrt__2 =    1.4142135623730951     
 mdl_MW__exp__2 =    6462.0697689999997     
 mdl_MZ__exp__2 =    8315.1783937600012     
 mdl_sth2 =   0.22285855299877133     
 mdl_MH__exp__6 =    3831206449390.3818     
 mdl_MT__exp__6 =    26995248278778.535     
 mdl_MH__exp__4 =    244844509.73956564     
 mdl_MT__exp__4 =    899894403.09759963     
 mdl_MT__exp__2 =    29998.239999999994     
 mdl_LambdaSMEFT__exp__2 =    1000000.0000000000     
 mdl_cth =   0.88155626422890820     
 mdl_sqrt__sth2 =   0.47207896902824564     
 mdl_sth =   0.47207896902824564     
 mdl_MW0__exp__6 =    269845343347.69711     
 mdl_MW0__exp__4 =    41758345.699423708     
 mdl_MW0__exp__2 =    6462.0697689999997     
 mdl_MZ__exp__4 =    69142191.720053151     
 mdl_MZ__exp__6 =    574929658687.79749     
 mdl_cth__exp__2 =   0.77714144700122867     
 mdl_sth__exp__2 =   0.22285855299877130     
 mdl_sth__exp__3 =   0.10520683593878660     
 mdl_cth__exp__3 =   0.68509391079585125     
 mdl_sth__exp__4 =    4.9665934644706158E-002
 mdl_sqrt__Gf =    3.4152291284773265E-003
 mdl_vevhat =    246.21961912951551     
 mdl_lam =   0.12905352724481209     
 mdl_aEW =    7.5614618607353409E-003
 mdl_yb =    2.4008698866559607E-002
 mdl_yc =    5.7437078628133041E-102
 mdl_ydo =    5.7437078628133041E-102
 mdl_ye =    5.7437078628133041E-102
 mdl_ym =    5.7437078628133041E-102
 mdl_ys =    5.7437078628133041E-102
 mdl_yt =   0.99481020183926416     
 mdl_ytau =    1.0206568872219240E-002
 mdl_yup =    5.7437078628133041E-102
 mdl_vevhat__exp__2 =    60624.100844283676     
 mdl_barlam =   0.12905352724481209     
 mdl_vevT =    246.21961912951551     
 mdl_sqrt__aEW =    8.6956666568672819E-002
 mdl_ee =   0.30825335704310214     
 mdl_gwsh =   0.61338418662494298     
 mdl_vev =    246.21961912951551     
 mdl_g1 =   0.34966952144878632     
 mdl_gw =   0.65296989967087182     
 mdl_ee__exp__2 =    9.5020132128342205E-002
 mdl_gHaa =   -1.9303830602986922E-003
 mdl_gHza =   -6.8546472954154700E-003
 mdl_g1sh =   0.34966952144878632     
 mdl_I1d11 =  (  5.7437078628133041E-102,  0.0000000000000000     )
 mdl_I1d22 =  (  5.7437078628133041E-102,  0.0000000000000000     )
 mdl_I1d33 =  (  2.4008698866559607E-002,  0.0000000000000000     )
 mdl_I2d11 =  (  5.7437078628133041E-102,  0.0000000000000000     )
 mdl_I2d22 =  (  5.7437078628133041E-102,  0.0000000000000000     )
 mdl_I2d33 =  ( 0.99481020183926416     ,  0.0000000000000000     )
 mdl_I3d11 =  (  5.7437078628133041E-102,  0.0000000000000000     )
 mdl_I3d22 =  (  5.7437078628133041E-102,  0.0000000000000000     )
 mdl_I3d33 =  (  2.4008698866559607E-002,  0.0000000000000000     )
 mdl_I4d11 =  (  5.7437078628133041E-102,  0.0000000000000000     )
 mdl_I4d22 =  (  5.7437078628133041E-102,  0.0000000000000000     )
 mdl_I4d33 =  ( 0.99481020183926416     ,  0.0000000000000000     )
 mdl_I5d11 =  (  5.7437078628133041E-102,  0.0000000000000000     )
 mdl_I5d22 =  (  5.7437078628133041E-102,  0.0000000000000000     )
 mdl_I5d33 =  (  2.4008698866559607E-002,  0.0000000000000000     )
 mdl_I6d11 =  (  5.7437078628133041E-102,  0.0000000000000000     )
 mdl_I6d22 =  (  5.7437078628133041E-102,  0.0000000000000000     )
 mdl_I6d33 =  ( 0.99481020183926416     ,  0.0000000000000000     )
 mdl_ee__exp__3 =    2.9290274715240611E-002
 mdl_vevhat__exp__3 =    14926843.019948866     
  Internal Params evaluated point by point
  ----------------------------------------
  
 mdl_sqrt__aS =   0.34365680554879169     
 mdl_G__exp__2 =    1.4840883695558185     
 mdl_gHgg =    3.2334372328970845E-003
 mdl_G__exp__3 =  (  1.8079634332366095     ,  0.0000000000000000     )
  Couplings of SMEFTsim_A_U35_MwScheme_UFO_v3_1-cHW_massless
  ---------------------------------
  
         GC_1 =   0.00000E+00   0.10275E+00
         GC_2 =  -0.00000E+00  -0.20550E+00
         GC_3 =  -0.00000E+00  -0.30825E+00
       GC_255 =  -0.00000E+00  -0.42637E+00
       GC_278 =  -0.00000E+00  -0.37035E+00
       GC_280 =  -0.00000E+00  -0.57563E+00
       GC_328 =  -0.00000E+00  -0.55024E-01
       GC_329 =   0.00000E+00   0.11005E+00
       GC_330 =  -0.00000E+00  -0.16507E+00
       GC_387 =   0.00000E+00   0.98488E-03
       GC_400 =   0.00000E+00   0.52490E+02
       GC_809 =  -0.00000E+00  -0.72171E-02
      GC_1073 =  -0.00000E+00  -0.46172E+00

 Collider parameters:
 --------------------

 Running at P P   machine @    13000.000000000000       GeV
 PDF set = lhapdf 
 alpha_s(Mz)= 0.1127 running at 3 loops.
 alpha_s(Mz)= 0.1127 running at 3 loops.
 Renormalization scale set on event-by-event basis
 Factorization   scale set on event-by-event basis


 getting user params
Enter number of events and max and min iterations: 
 Number of events and iterations         2000           8           3
Enter desired fractional accuracy: 
 Desired fractional accuracy:    1.0000000000000000E-002
Enter 0 for fixed, 2 for adjustable grid: 
Suppress amplitude (0 no, 1 yes)? 
 Using suppressed amplitude.
Exact helicity sum (0 yes, n = number/event)? 
 Explicitly summing over helicities
Enter Configuration Number: 
Running Configuration Number:  333
 Not subdividing B.W.
 Attempting mappinvarients           1           8
 Completed mapping           8
 about to integrate           16        2000           8           3          16           1
 Using non-zero grid deformation.
 16 dimensions   2000 events 16 invarients  8 iterations  1 config(s),  (0.99)
 Using h-tuple random number sequence.
 Error opening grid
 Using Uniform Grid!          32
 Using uniform alpha   1.0000000000000000     
 Grid defined OK
 Set CM energy to      13000.00
 Mapping Graph         333  to config         333
 Setting BW          -1           1   80.387000000000000     
 Setting BW          -2           2   80.387000000000000     
Setting grid   3    0.18685E-07   1
Setting grid   4    0.18685E-07   1
Setting grid   5    0.59172E-06   1
 Transforming s_hat 1/s           15   1.1585044837869826E-004   10000.000000000000        168999999.99999997     
 333   1   2   3   4   5   6   7   8   9  10  11  12  13  14
  15  16
 Masses: 0.000E+00 0.000E+00 0.178E+01 0.178E+01 0.000E+00 0.000E+00 0.000E+00 0.000E+00
Using random seed offsets   333 :      2
  with seed                   24
 Ranmar initialization seeds          63        9399
 
 ********************************************
 * You are using the DiscreteSampler module *
 *      part of the MG5_aMC framework       *
 *         Author: Valentin Hirschi         *
 ********************************************
 
  Particle       3       4       5       6       7       8
      Et >     0.0     0.0     0.0     0.0    10.0    10.0
       E >     0.0     0.0     0.0     0.0     0.0     0.0
     Eta <    -1.0    -1.0    -1.0    -1.0     6.5     6.5
   xqcut:      0.0     0.0     0.0     0.0     0.0     0.0
d R # 3  >    -0.0     0.4     0.0     0.0     0.4     0.4
d R # 4  >    -0.0    -0.0     0.0     0.0     0.4     0.4
d R # 5  >    -0.0    -0.0    -0.0     0.0     0.0     0.0
d R # 6  >    -0.0    -0.0    -0.0    -0.0     0.0     0.0
d R # 7  >    -0.0    -0.0    -0.0    -0.0    -0.0     0.4
s min # 3>     0.0     0.0     0.0     0.0     0.0     0.0
s min # 4>     0.0     0.0     0.0     0.0     0.0     0.0
s min # 5>     0.0     0.0     0.0     0.0     0.0     0.0
s min # 6>     0.0     0.0     0.0     0.0     0.0     0.0
s min # 7>     0.0     0.0     0.0     0.0     0.0 10000.0
xqcutij # 3>     0.0     0.0     0.0     0.0     0.0     0.0
xqcutij # 4>     0.0     0.0     0.0     0.0     0.0     0.0
xqcutij # 5>     0.0     0.0     0.0     0.0     0.0     0.0
xqcutij # 6>     0.0     0.0     0.0     0.0     0.0     0.0
xqcutij # 7>     0.0     0.0     0.0     0.0     0.0     0.0
 No cut BW           -1           1
 No cut BW           -2           2
 alpha_s for scale    33.655846754175045       is   0.13390733453994288     
 Added good helicity          193   255.49945888301394       in event            1 local:           1
 Added good helicity          209  0.47751360502589779       in event            1 local:           1
 Added good helicity          225  -2.3005369705020755E-002  in event            1 local:           1
 Added good helicity          241   2.2142255169390096E-005  in event            1 local:           1
 Added good helicity          193   255.66007497078374       in event            1 local:           1
 Added good helicity          209  0.27199509930035953       in event            1 local:           1
 Added good helicity          225  -6.7926116685959756E-002  in event            1 local:           1
 Added good helicity          241   3.8132299613895254E-006  in event            1 local:           1
 RESET CUMULATIVE VARIABLE
 RESET CUMULATIVE VARIABLE
 RESET CUMULATIVE VARIABLE
 Iteration  1   Mean: 0.3140E-07 Abs mean: 0.3930E-07   Fluctuation:  0.128E-07   0.230E-04     8.7%
  1    0.3140E-07 0.3930E-07 +- 0.1277E-07     14.53
 Writing out events   2.8233466835203847E-011   14.530974802549133     
 Relative summed weights:
  0.2542E-01  0.0000E+00  0.0000E+00  0.0000E+00  0.1687E-03  0.0000E+00  0.0000E+00  0.0000E+00  0.0000E+00  0.0000E+00  0.0000E+00  0.0000E+00  0.0000E+00  0.0000E+00
  0.1022E-01  0.0000E+00  0.1380E+00  0.4317E-01  0.1128E-03  0.0000E+00  0.3534E-02  0.1006E-02  0.0000E+00  0.0000E+00  0.2470E-01  0.3391E-02  0.5748E-03  0.2700E-08
  0.4011E-03  0.0000E+00  0.0000E+00  0.0000E+00  0.5199E-03  0.0000E+00  0.0000E+00  0.0000E+00  0.0000E+00  0.0000E+00  0.0000E+00  0.0000E+00  0.0000E+00  0.0000E+00
  0.4823E-02  0.0000E+00  0.5580E-01  0.1988E-01  0.1562E-03  0.0000E+00  0.7170E-02  0.5686E-02  0.0000E+00  0.0000E+00  0.3982E-02  0.6003E-02  0.1517E-03  0.5736E-06
  0.8020E-03  0.0000E+00  0.0000E+00  0.0000E+00  0.1467E-03  0.0000E+00  0.0000E+00  0.0000E+00  0.0000E+00  0.0000E+00  0.0000E+00  0.0000E+00  0.0000E+00  0.0000E+00
  0.1214E-01  0.0000E+00  0.2832E-01  0.6085E-01  0.1794E-04  0.0000E+00  0.8829E-03  0.2524E-02  0.0000E+00  0.0000E+00  0.2961E-01  0.3911E-02  0.2157E-03  0.0000E+00
  0.5946E-02  0.0000E+00  0.0000E+00  0.0000E+00  0.6889E-04  0.0000E+00  0.0000E+00  0.0000E+00  0.0000E+00  0.0000E+00  0.0000E+00  0.0000E+00  0.0000E+00  0.0000E+00
  0.1217E+00  0.0000E+00  0.7306E-02  0.3131E-01  0.5931E-03  0.0000E+00  0.3852E-04  0.5593E-04  0.0000E+00  0.0000E+00  0.1113E-01  0.3274E+00  0.9946E-04  0.2205E-04
 Relative number of events:
  0.1497E-01  0.0000E+00  0.0000E+00  0.0000E+00  0.4277E-02  0.0000E+00  0.0000E+00  0.0000E+00  0.0000E+00  0.0000E+00  0.0000E+00  0.0000E+00  0.0000E+00  0.0000E+00
  0.8553E-02  0.0000E+00  0.5488E-01  0.6985E-01  0.2851E-02  0.0000E+00  0.2851E-02  0.4277E-02  0.0000E+00  0.0000E+00  0.4419E-01  0.5132E-01  0.1426E-02  0.7128E-03
  0.1069E-01  0.0000E+00  0.0000E+00  0.0000E+00  0.4277E-02  0.0000E+00  0.0000E+00  0.0000E+00  0.0000E+00  0.0000E+00  0.0000E+00  0.0000E+00  0.0000E+00  0.0000E+00
  0.1212E-01  0.0000E+00  0.6272E-01  0.5560E-01  0.4277E-02  0.0000E+00  0.6415E-02  0.7128E-02  0.0000E+00  0.0000E+00  0.2922E-01  0.4775E-01  0.4989E-02  0.1426E-02
  0.9266E-02  0.0000E+00  0.0000E+00  0.0000E+00  0.4989E-02  0.0000E+00  0.0000E+00  0.0000E+00  0.0000E+00  0.0000E+00  0.0000E+00  0.0000E+00  0.0000E+00  0.0000E+00
  0.1283E-01  0.0000E+00  0.5631E-01  0.6700E-01  0.2138E-02  0.0000E+00  0.7128E-02  0.4989E-02  0.0000E+00  0.0000E+00  0.4419E-01  0.3849E-01  0.2138E-02  0.0000E+00
  0.9979E-02  0.0000E+00  0.0000E+00  0.0000E+00  0.1426E-02  0.0000E+00  0.0000E+00  0.0000E+00  0.0000E+00  0.0000E+00  0.0000E+00  0.0000E+00  0.0000E+00  0.0000E+00
  0.1140E-01  0.0000E+00  0.6201E-01  0.6058E-01  0.4277E-02  0.0000E+00  0.2138E-02  0.3564E-02  0.0000E+00  0.0000E+00  0.3920E-01  0.4490E-01  0.2138E-02  0.2138E-02
 Events:
          21           0           0           0           6           0           0           0           0           0           0           0           0           0
          12           0          77          98           4           0           4           6           0           0          62          72           2           1
          15           0           0           0           6           0           0           0           0           0           0           0           0           0
          17           0          88          78           6           0           9          10           0           0          41          67           7           2
          13           0           0           0           7           0           0           0           0           0           0           0           0           0
          18           0          79          94           3           0          10           7           0           0          62          54           3           0
          14           0           0           0           2           0           0           0           0           0           0           0           0           0
          16           0          87          85           6           0           3           5           0           0          55          63           3           3
 Iteration  2   Mean: 0.1884E-07 Abs mean: 0.2762E-07   Fluctuation:  0.392E-08   0.790E-05    56.5%
  2    0.1884E-07 0.2762E-07 +- 0.3925E-08      8.99
 Relative summed weights:
  0.3714E-02  0.0000E+00  0.0000E+00  0.0000E+00  0.6973E-03  0.0000E+00  0.0000E+00  0.0000E+00  0.0000E+00  0.0000E+00  0.0000E+00  0.0000E+00  0.0000E+00  0.0000E+00
  0.4664E-01  0.0000E+00  0.3171E-01  0.2838E-01  0.2194E-03  0.0000E+00  0.1664E-02  0.4097E-03  0.0000E+00  0.0000E+00  0.3908E-01  0.1587E-01  0.6700E-04  0.2868E-03
  0.9035E-01  0.0000E+00  0.0000E+00  0.0000E+00  0.5009E-04  0.0000E+00  0.0000E+00  0.0000E+00  0.0000E+00  0.0000E+00  0.0000E+00  0.0000E+00  0.0000E+00  0.0000E+00
  0.8247E-02  0.0000E+00  0.4792E-01  0.2442E-01  0.1530E-02  0.0000E+00  0.8695E-01  0.6447E-02  0.0000E+00  0.0000E+00  0.1492E-01  0.9985E-01  0.5333E-03  0.1887E-04
  0.5714E-02  0.0000E+00  0.0000E+00  0.0000E+00  0.8755E-04  0.0000E+00  0.0000E+00  0.0000E+00  0.0000E+00  0.0000E+00  0.0000E+00  0.0000E+00  0.0000E+00  0.0000E+00
  0.7605E-01  0.0000E+00  0.1617E-01  0.3831E-01  0.6627E-03  0.0000E+00  0.3282E-02  0.1089E-01  0.0000E+00  0.0000E+00  0.1096E-01  0.4284E-01  0.9555E-03  0.1675E-02
  0.8548E-02  0.0000E+00  0.0000E+00  0.0000E+00  0.6598E-03  0.0000E+00  0.0000E+00  0.0000E+00  0.0000E+00  0.0000E+00  0.0000E+00  0.0000E+00  0.0000E+00  0.0000E+00
  0.1768E-02  0.0000E+00  0.5345E-01  0.3791E-01  0.3045E-03  0.0000E+00  0.7426E-02  0.5671E-02  0.0000E+00  0.0000E+00  0.5240E-01  0.7425E-01  0.3479E-04  0.2026E-04
 Relative number of events:
  0.1378E-01  0.0000E+00  0.0000E+00  0.0000E+00  0.1862E-02  0.0000E+00  0.0000E+00  0.0000E+00  0.0000E+00  0.0000E+00  0.0000E+00  0.0000E+00  0.0000E+00  0.0000E+00
  0.1266E-01  0.0000E+00  0.6555E-01  0.5922E-01  0.2980E-02  0.0000E+00  0.4097E-02  0.3352E-02  0.0000E+00  0.0000E+00  0.4134E-01  0.4544E-01  0.1490E-02  0.1117E-02
  0.1155E-01  0.0000E+00  0.0000E+00  0.0000E+00  0.7449E-03  0.0000E+00  0.0000E+00  0.0000E+00  0.0000E+00  0.0000E+00  0.0000E+00  0.0000E+00  0.0000E+00  0.0000E+00
  0.1378E-01  0.0000E+00  0.6108E-01  0.6741E-01  0.3352E-02  0.0000E+00  0.6331E-02  0.4842E-02  0.0000E+00  0.0000E+00  0.3650E-01  0.3650E-01  0.1490E-02  0.1862E-02
  0.1117E-01  0.0000E+00  0.0000E+00  0.0000E+00  0.1862E-02  0.0000E+00  0.0000E+00  0.0000E+00  0.0000E+00  0.0000E+00  0.0000E+00  0.0000E+00  0.0000E+00  0.0000E+00
  0.1713E-01  0.0000E+00  0.6555E-01  0.5996E-01  0.7449E-03  0.0000E+00  0.4097E-02  0.4097E-02  0.0000E+00  0.0000E+00  0.3799E-01  0.4171E-01  0.2607E-02  0.2980E-02
  0.1266E-01  0.0000E+00  0.0000E+00  0.0000E+00  0.1862E-02  0.0000E+00  0.0000E+00  0.0000E+00  0.0000E+00  0.0000E+00  0.0000E+00  0.0000E+00  0.0000E+00  0.0000E+00
  0.8566E-02  0.0000E+00  0.7039E-01  0.6592E-01  0.3352E-02  0.0000E+00  0.4842E-02  0.2607E-02  0.0000E+00  0.0000E+00  0.3575E-01  0.4097E-01  0.2607E-02  0.2235E-02
 Events:
          37           0           0           0           5           0           0           0           0           0           0           0           0           0
          34           0         176         159           8           0          11           9           0           0         111         122           4           3
          31           0           0           0           2           0           0           0           0           0           0           0           0           0
          37           0         164         181           9           0          17          13           0           0          98          98           4           5
          30           0           0           0           5           0           0           0           0           0           0           0           0           0
          46           0         176         161           2           0          11          11           0           0         102         112           7           8
          34           0           0           0           5           0           0           0           0           0           0           0           0           0
          23           0         189         177           9           0          13           7           0           0          96         110           7           6
 Iteration  3   Mean: 0.1151E-07 Abs mean: 0.2184E-07   Fluctuation:  0.114E-08   0.290E-05    67.2%
  3    0.1151E-07 0.2184E-07 +- 0.1142E-08      4.68
 Relative summed weights:
  0.1650E-01  0.0000E+00  0.0000E+00  0.0000E+00  0.1798E-02  0.0000E+00  0.0000E+00  0.0000E+00  0.0000E+00  0.0000E+00  0.0000E+00  0.0000E+00  0.0000E+00  0.0000E+00
  0.1275E-01  0.0000E+00  0.4661E-01  0.6181E-01  0.1432E-02  0.0000E+00  0.1428E-01  0.1415E-01  0.0000E+00  0.0000E+00  0.4100E-01  0.2988E-01  0.9096E-03  0.3164E-04
  0.2271E-01  0.0000E+00  0.0000E+00  0.0000E+00  0.2379E-03  0.0000E+00  0.0000E+00  0.0000E+00  0.0000E+00  0.0000E+00  0.0000E+00  0.0000E+00  0.0000E+00  0.0000E+00
  0.1696E-01  0.0000E+00  0.8138E-01  0.5121E-01  0.2613E-02  0.0000E+00  0.1962E-01  0.2283E-01  0.0000E+00  0.0000E+00  0.2281E-01  0.1779E-01  0.1112E-02  0.1524E-02
  0.2273E-01  0.0000E+00  0.0000E+00  0.0000E+00  0.1405E-03  0.0000E+00  0.0000E+00  0.0000E+00  0.0000E+00  0.0000E+00  0.0000E+00  0.0000E+00  0.0000E+00  0.0000E+00
  0.4525E-01  0.0000E+00  0.5495E-01  0.4599E-01  0.1211E-02  0.0000E+00  0.6007E-02  0.1124E-02  0.0000E+00  0.0000E+00  0.5261E-01  0.2411E-01  0.4333E-03  0.5115E-03
  0.2457E-01  0.0000E+00  0.0000E+00  0.0000E+00  0.1099E-03  0.0000E+00  0.0000E+00  0.0000E+00  0.0000E+00  0.0000E+00  0.0000E+00  0.0000E+00  0.0000E+00  0.0000E+00
  0.1097E-01  0.0000E+00  0.5114E-01  0.7271E-01  0.1957E-02  0.0000E+00  0.6376E-02  0.5032E-02  0.0000E+00  0.0000E+00  0.1874E-01  0.5067E-01  0.1805E-03  0.5368E-03
 Relative number of events:
  0.1518E-01  0.0000E+00  0.0000E+00  0.0000E+00  0.1898E-02  0.0000E+00  0.0000E+00  0.0000E+00  0.0000E+00  0.0000E+00  0.0000E+00  0.0000E+00  0.0000E+00  0.0000E+00
  0.1670E-01  0.0000E+00  0.6622E-01  0.6509E-01  0.2277E-02  0.0000E+00  0.3416E-02  0.5123E-02  0.0000E+00  0.0000E+00  0.3814E-01  0.3928E-01  0.1328E-02  0.7590E-03
  0.1461E-01  0.0000E+00  0.0000E+00  0.0000E+00  0.2277E-02  0.0000E+00  0.0000E+00  0.0000E+00  0.0000E+00  0.0000E+00  0.0000E+00  0.0000E+00  0.0000E+00  0.0000E+00
  0.1461E-01  0.0000E+00  0.6205E-01  0.6395E-01  0.3226E-02  0.0000E+00  0.3036E-02  0.4934E-02  0.0000E+00  0.0000E+00  0.3510E-01  0.4118E-01  0.1328E-02  0.2277E-02
  0.1537E-01  0.0000E+00  0.0000E+00  0.0000E+00  0.1139E-02  0.0000E+00  0.0000E+00  0.0000E+00  0.0000E+00  0.0000E+00  0.0000E+00  0.0000E+00  0.0000E+00  0.0000E+00
  0.1499E-01  0.0000E+00  0.6414E-01  0.6376E-01  0.1139E-02  0.0000E+00  0.5693E-02  0.2846E-02  0.0000E+00  0.0000E+00  0.3852E-01  0.3757E-01  0.1518E-02  0.1139E-02
  0.1328E-01  0.0000E+00  0.0000E+00  0.0000E+00  0.7590E-03  0.0000E+00  0.0000E+00  0.0000E+00  0.0000E+00  0.0000E+00  0.0000E+00  0.0000E+00  0.0000E+00  0.0000E+00
  0.1063E-01  0.0000E+00  0.6850E-01  0.6376E-01  0.2087E-02  0.0000E+00  0.5313E-02  0.4744E-02  0.0000E+00  0.0000E+00  0.4080E-01  0.3567E-01  0.9488E-03  0.1708E-02
 Events:
          80           0           0           0          10           0           0           0           0           0           0           0           0           0
          88           0         349         343          12           0          18          27           0           0         201         207           7           4
          77           0           0           0          12           0           0           0           0           0           0           0           0           0
          77           0         327         337          17           0          16          26           0           0         185         217           7          12
          81           0           0           0           6           0           0           0           0           0           0           0           0           0
          79           0         338         336           6           0          30          15           0           0         203         198           8           6
          70           0           0           0           4           0           0           0           0           0           0           0           0           0
          56           0         361         336          11           0          28          25           0           0         215         188           5           9
 Accuracy:    0.095   0.010   0.049   3.873
 Found          618  events.
 Wrote           81  events.
 Actual xsec    1.2807916073388180E-008
 Correct abs xsec    2.2905057703075156E-008
 Event xsec    2.2905057703075156E-008
 Events wgts > 1:            4
 % Cross section > 1:    2.3804600328852424E-010   1.0392726635941414     
 Iteration  4   Mean: 0.1760E-07 Abs mean: 0.2699E-07   Fluctuation:  0.155E-08   0.157E-04    72.6%
  4    0.1760E-07 0.2699E-07 +- 0.1551E-08      7.27
 Relative summed weights:
  0.3498E-01  0.0000E+00  0.0000E+00  0.0000E+00  0.6972E-03  0.0000E+00  0.0000E+00  0.0000E+00  0.0000E+00  0.0000E+00  0.0000E+00  0.0000E+00  0.0000E+00  0.0000E+00
  0.5170E-01  0.0000E+00  0.4661E-01  0.5452E-01  0.1316E-02  0.0000E+00  0.1321E-01  0.1364E-01  0.0000E+00  0.0000E+00  0.3290E-01  0.4651E-01  0.5477E-03  0.4029E-03
  0.2012E-01  0.0000E+00  0.0000E+00  0.0000E+00  0.7614E-03  0.0000E+00  0.0000E+00  0.0000E+00  0.0000E+00  0.0000E+00  0.0000E+00  0.0000E+00  0.0000E+00  0.0000E+00
  0.1931E-01  0.0000E+00  0.5226E-01  0.4823E-01  0.6020E-03  0.0000E+00  0.1120E-01  0.3307E-02  0.0000E+00  0.0000E+00  0.2834E-01  0.6908E-01  0.7884E-03  0.3039E-03
  0.1810E-01  0.0000E+00  0.0000E+00  0.0000E+00  0.3764E-03  0.0000E+00  0.0000E+00  0.0000E+00  0.0000E+00  0.0000E+00  0.0000E+00  0.0000E+00  0.0000E+00  0.0000E+00
  0.1751E-01  0.0000E+00  0.5525E-01  0.5221E-01  0.3589E-02  0.0000E+00  0.1051E-01  0.8167E-02  0.0000E+00  0.0000E+00  0.2489E-01  0.2124E-01  0.1807E-03  0.1614E-02
  0.3572E-01  0.0000E+00  0.0000E+00  0.0000E+00  0.2079E-02  0.0000E+00  0.0000E+00  0.0000E+00  0.0000E+00  0.0000E+00  0.0000E+00  0.0000E+00  0.0000E+00  0.0000E+00
  0.1157E-01  0.0000E+00  0.6112E-01  0.5252E-01  0.1245E-02  0.0000E+00  0.6241E-02  0.3848E-02  0.0000E+00  0.0000E+00  0.3160E-01  0.2744E-01  0.1833E-03  0.1455E-02
 Relative number of events:
  0.1282E-01  0.0000E+00  0.0000E+00  0.0000E+00  0.1531E-02  0.0000E+00  0.0000E+00  0.0000E+00  0.0000E+00  0.0000E+00  0.0000E+00  0.0000E+00  0.0000E+00  0.0000E+00
  0.1263E-01  0.0000E+00  0.6658E-01  0.6467E-01  0.2009E-02  0.0000E+00  0.4496E-02  0.4783E-02  0.0000E+00  0.0000E+00  0.3731E-01  0.3808E-01  0.1339E-02  0.7653E-03
  0.1406E-01  0.0000E+00  0.0000E+00  0.0000E+00  0.1626E-02  0.0000E+00  0.0000E+00  0.0000E+00  0.0000E+00  0.0000E+00  0.0000E+00  0.0000E+00  0.0000E+00  0.0000E+00
  0.1378E-01  0.0000E+00  0.6572E-01  0.6878E-01  0.1244E-02  0.0000E+00  0.3731E-02  0.3540E-02  0.0000E+00  0.0000E+00  0.3482E-01  0.3980E-01  0.1339E-02  0.1148E-02
  0.1311E-01  0.0000E+00  0.0000E+00  0.0000E+00  0.1435E-02  0.0000E+00  0.0000E+00  0.0000E+00  0.0000E+00  0.0000E+00  0.0000E+00  0.0000E+00  0.0000E+00  0.0000E+00
  0.1330E-01  0.0000E+00  0.6936E-01  0.6649E-01  0.1722E-02  0.0000E+00  0.4401E-02  0.4209E-02  0.0000E+00  0.0000E+00  0.3855E-01  0.3425E-01  0.1626E-02  0.1531E-02
  0.1358E-01  0.0000E+00  0.0000E+00  0.0000E+00  0.2392E-02  0.0000E+00  0.0000E+00  0.0000E+00  0.0000E+00  0.0000E+00  0.0000E+00  0.0000E+00  0.0000E+00  0.0000E+00
  0.1205E-01  0.0000E+00  0.6945E-01  0.6658E-01  0.2009E-02  0.0000E+00  0.3731E-02  0.4114E-02  0.0000E+00  0.0000E+00  0.3865E-01  0.3836E-01  0.1052E-02  0.1435E-02
 Events:
         134           0           0           0          16           0           0           0           0           0           0           0           0           0
         132           0         696         676          21           0          47          50           0           0         390         398          14           8
         147           0           0           0          17           0           0           0           0           0           0           0           0           0
         144           0         687         719          13           0          39          37           0           0         364         416          14          12
         137           0           0           0          15           0           0           0           0           0           0           0           0           0
         139           0         725         695          18           0          46          44           0           0         403         358          17          16
         142           0           0           0          25           0           0           0           0           0           0           0           0           0
         126           0         726         696          21           0          39          43           0           0         404         401          11          15
 Accuracy:    0.073   0.010   0.037   3.860
 Found         1663  events.
 Wrote           21  events.
 Actual xsec    1.4585543913608823E-008
 Correct abs xsec    2.4410603948974016E-008
 Event xsec    2.4410603948974019E-008
 Events wgts > 1:            1
 % Cross section > 1:    8.8963212841532185E-019   3.6444494789024388E-009
 Iteration  5   Mean: 0.1549E-07 Abs mean: 0.2530E-07   Fluctuation:  0.713E-09   0.142E-04    75.2%
  5    0.1549E-07 0.2530E-07 +- 0.7129E-09      5.04
 Relative summed weights:
  0.2481E-01  0.0000E+00  0.0000E+00  0.0000E+00  0.7764E-03  0.0000E+00  0.0000E+00  0.0000E+00  0.0000E+00  0.0000E+00  0.0000E+00  0.0000E+00  0.0000E+00  0.0000E+00
  0.2198E-01  0.0000E+00  0.5323E-01  0.4948E-01  0.7897E-03  0.0000E+00  0.1846E-01  0.8817E-02  0.0000E+00  0.0000E+00  0.3982E-01  0.3711E-01  0.3370E-02  0.6838E-03
  0.1877E-01  0.0000E+00  0.0000E+00  0.0000E+00  0.1295E-02  0.0000E+00  0.0000E+00  0.0000E+00  0.0000E+00  0.0000E+00  0.0000E+00  0.0000E+00  0.0000E+00  0.0000E+00
  0.3171E-01  0.0000E+00  0.5402E-01  0.5145E-01  0.1228E-02  0.0000E+00  0.1788E-01  0.6982E-02  0.0000E+00  0.0000E+00  0.3315E-01  0.2976E-01  0.9153E-03  0.5422E-03
  0.4129E-01  0.0000E+00  0.0000E+00  0.0000E+00  0.1151E-02  0.0000E+00  0.0000E+00  0.0000E+00  0.0000E+00  0.0000E+00  0.0000E+00  0.0000E+00  0.0000E+00  0.0000E+00
  0.1860E-01  0.0000E+00  0.6192E-01  0.6062E-01  0.6108E-03  0.0000E+00  0.9315E-02  0.7427E-02  0.0000E+00  0.0000E+00  0.2719E-01  0.2650E-01  0.6314E-03  0.3245E-03
  0.1685E-01  0.0000E+00  0.0000E+00  0.0000E+00  0.7461E-03  0.0000E+00  0.0000E+00  0.0000E+00  0.0000E+00  0.0000E+00  0.0000E+00  0.0000E+00  0.0000E+00  0.0000E+00
  0.2195E-01  0.0000E+00  0.6707E-01  0.5893E-01  0.1949E-02  0.0000E+00  0.3616E-02  0.8607E-02  0.0000E+00  0.0000E+00  0.2618E-01  0.2882E-01  0.1027E-02  0.1653E-02
 Relative number of events:
  0.1225E-01  0.0000E+00  0.0000E+00  0.0000E+00  0.1742E-02  0.0000E+00  0.0000E+00  0.0000E+00  0.0000E+00  0.0000E+00  0.0000E+00  0.0000E+00  0.0000E+00  0.0000E+00
  0.1268E-01  0.0000E+00  0.6718E-01  0.6820E-01  0.1694E-02  0.0000E+00  0.4066E-02  0.3388E-02  0.0000E+00  0.0000E+00  0.3616E-01  0.4129E-01  0.2130E-02  0.9196E-03
  0.1263E-01  0.0000E+00  0.0000E+00  0.0000E+00  0.2275E-02  0.0000E+00  0.0000E+00  0.0000E+00  0.0000E+00  0.0000E+00  0.0000E+00  0.0000E+00  0.0000E+00  0.0000E+00
  0.1258E-01  0.0000E+00  0.6616E-01  0.6878E-01  0.1791E-02  0.0000E+00  0.4211E-02  0.4114E-02  0.0000E+00  0.0000E+00  0.3683E-01  0.3616E-01  0.1065E-02  0.1065E-02
  0.1341E-01  0.0000E+00  0.0000E+00  0.0000E+00  0.1984E-02  0.0000E+00  0.0000E+00  0.0000E+00  0.0000E+00  0.0000E+00  0.0000E+00  0.0000E+00  0.0000E+00  0.0000E+00
  0.1355E-01  0.0000E+00  0.6510E-01  0.6931E-01  0.1646E-02  0.0000E+00  0.4066E-02  0.4259E-02  0.0000E+00  0.0000E+00  0.3887E-01  0.3543E-01  0.1500E-02  0.1258E-02
  0.1316E-01  0.0000E+00  0.0000E+00  0.0000E+00  0.1888E-02  0.0000E+00  0.0000E+00  0.0000E+00  0.0000E+00  0.0000E+00  0.0000E+00  0.0000E+00  0.0000E+00  0.0000E+00
  0.1200E-01  0.0000E+00  0.6810E-01  0.6592E-01  0.2275E-02  0.0000E+00  0.3485E-02  0.3920E-02  0.0000E+00  0.0000E+00  0.3964E-01  0.3717E-01  0.1307E-02  0.1404E-02
 Events:
         253           0           0           0          36           0           0           0           0           0           0           0           0           0
         262           0        1388        1409          35           0          84          70           0           0         747         853          44          19
         261           0           0           0          47           0           0           0           0           0           0           0           0           0
         260           0        1367        1421          37           0          87          85           0           0         761         747          22          22
         277           0           0           0          41           0           0           0           0           0           0           0           0           0
         280           0        1345        1432          34           0          84          88           0           0         803         732          31          26
         272           0           0           0          39           0           0           0           0           0           0           0           0           0
         248           0        1407        1362          47           0          72          81           0           0         819         768          27          29
 Accuracy:    0.038   0.010   0.022   2.882
 Found         2964  events.
 Wrote           68  events.
 Actual xsec    1.5069151363614180E-008
 Correct abs xsec    2.4907432248630314E-008
 Event xsec    2.4907432248630333E-008
 Events wgts > 1:            1
 % Cross section > 1:    4.6119090576436652E-018   1.8516196336927807E-008
 Iteration  6   Mean: 0.1578E-07 Abs mean: 0.2583E-07   Fluctuation:  0.409E-09   0.999E-05    76.3%
  6    0.1578E-07 0.2583E-07 +- 0.4094E-09      4.01
 Relative summed weights:
  0.2702E-01  0.0000E+00  0.0000E+00  0.0000E+00  0.2082E-02  0.0000E+00  0.0000E+00  0.0000E+00  0.0000E+00  0.0000E+00  0.0000E+00  0.0000E+00  0.0000E+00  0.0000E+00
  0.2758E-01  0.0000E+00  0.5727E-01  0.5659E-01  0.2190E-02  0.0000E+00  0.1006E-01  0.8455E-02  0.0000E+00  0.0000E+00  0.3389E-01  0.2961E-01  0.3225E-02  0.1593E-02
  0.2432E-01  0.0000E+00  0.0000E+00  0.0000E+00  0.1025E-02  0.0000E+00  0.0000E+00  0.0000E+00  0.0000E+00  0.0000E+00  0.0000E+00  0.0000E+00  0.0000E+00  0.0000E+00
  0.2870E-01  0.0000E+00  0.5132E-01  0.4971E-01  0.1180E-02  0.0000E+00  0.1071E-01  0.7898E-02  0.0000E+00  0.0000E+00  0.3210E-01  0.3598E-01  0.9315E-03  0.9355E-03
  0.2318E-01  0.0000E+00  0.0000E+00  0.0000E+00  0.1341E-02  0.0000E+00  0.0000E+00  0.0000E+00  0.0000E+00  0.0000E+00  0.0000E+00  0.0000E+00  0.0000E+00  0.0000E+00
  0.2379E-01  0.0000E+00  0.5581E-01  0.5372E-01  0.1670E-02  0.0000E+00  0.8902E-02  0.9270E-02  0.0000E+00  0.0000E+00  0.3160E-01  0.3019E-01  0.5784E-03  0.1350E-02
  0.2903E-01  0.0000E+00  0.0000E+00  0.0000E+00  0.1499E-02  0.0000E+00  0.0000E+00  0.0000E+00  0.0000E+00  0.0000E+00  0.0000E+00  0.0000E+00  0.0000E+00  0.0000E+00
  0.2793E-01  0.0000E+00  0.5285E-01  0.5681E-01  0.1543E-02  0.0000E+00  0.8736E-02  0.1202E-01  0.0000E+00  0.0000E+00  0.2818E-01  0.3327E-01  0.1360E-02  0.1000E-02
 Relative number of events:
  0.1325E-01  0.0000E+00  0.0000E+00  0.0000E+00  0.1684E-02  0.0000E+00  0.0000E+00  0.0000E+00  0.0000E+00  0.0000E+00  0.0000E+00  0.0000E+00  0.0000E+00  0.0000E+00
  0.1340E-01  0.0000E+00  0.6677E-01  0.6720E-01  0.1684E-02  0.0000E+00  0.3945E-02  0.3464E-02  0.0000E+00  0.0000E+00  0.3820E-01  0.3651E-01  0.1395E-02  0.1539E-02
  0.1239E-01  0.0000E+00  0.0000E+00  0.0000E+00  0.1587E-02  0.0000E+00  0.0000E+00  0.0000E+00  0.0000E+00  0.0000E+00  0.0000E+00  0.0000E+00  0.0000E+00  0.0000E+00
  0.1316E-01  0.0000E+00  0.6624E-01  0.6848E-01  0.1660E-02  0.0000E+00  0.4522E-02  0.4329E-02  0.0000E+00  0.0000E+00  0.3887E-01  0.3757E-01  0.1539E-02  0.1515E-02
  0.1381E-01  0.0000E+00  0.0000E+00  0.0000E+00  0.1443E-02  0.0000E+00  0.0000E+00  0.0000E+00  0.0000E+00  0.0000E+00  0.0000E+00  0.0000E+00  0.0000E+00  0.0000E+00
  0.1328E-01  0.0000E+00  0.6751E-01  0.6655E-01  0.1876E-02  0.0000E+00  0.4137E-02  0.4113E-02  0.0000E+00  0.0000E+00  0.3682E-01  0.3718E-01  0.9140E-03  0.1539E-02
  0.1244E-01  0.0000E+00  0.0000E+00  0.0000E+00  0.1780E-02  0.0000E+00  0.0000E+00  0.0000E+00  0.0000E+00  0.0000E+00  0.0000E+00  0.0000E+00  0.0000E+00  0.0000E+00
  0.1349E-01  0.0000E+00  0.6706E-01  0.6624E-01  0.1948E-02  0.0000E+00  0.3896E-02  0.4402E-02  0.0000E+00  0.0000E+00  0.3740E-01  0.3856E-01  0.1491E-02  0.1227E-02
 Events:
         551           0           0           0          70           0           0           0           0           0           0           0           0           0
         557           0        2776        2794          70           0         164         144           0           0        1588        1518          58          64
         515           0           0           0          66           0           0           0           0           0           0           0           0           0
         547           0        2754        2847          69           0         188         180           0           0        1616        1562          64          63
         574           0           0           0          60           0           0           0           0           0           0           0           0           0
         552           0        2807        2767          78           0         172         171           0           0        1531        1546          38          64
         517           0           0           0          74           0           0           0           0           0           0           0           0           0
         561           0        2788        2754          81           0         162         183           0           0        1555        1603          62          51
 Accuracy:    0.020   0.010   0.013   2.464
 Found         6599  events.
 Wrote          642  events.
 Actual xsec    1.5816300091532498E-008
 Correct abs xsec    2.5774383193860056E-008
 Event xsec    2.5774383193859566E-008
 Events wgts > 1:           13
 % Cross section > 1:    2.5179647386395869E-010  0.97692531367325264     
 Iteration  7   Mean: 0.1588E-07 Abs mean: 0.2581E-07   Fluctuation:  0.424E-09   0.260E-04    78.2%
  7    0.1588E-07 0.2581E-07 +- 0.4238E-09      5.87
 Relative summed weights:
  0.2392E-01  0.0000E+00  0.0000E+00  0.0000E+00  0.1576E-02  0.0000E+00  0.0000E+00  0.0000E+00  0.0000E+00  0.0000E+00  0.0000E+00  0.0000E+00  0.0000E+00  0.0000E+00
  0.2496E-01  0.0000E+00  0.5431E-01  0.5648E-01  0.1511E-02  0.0000E+00  0.9467E-02  0.1148E-01  0.0000E+00  0.0000E+00  0.2986E-01  0.2918E-01  0.8903E-03  0.8832E-03
  0.2818E-01  0.0000E+00  0.0000E+00  0.0000E+00  0.1089E-02  0.0000E+00  0.0000E+00  0.0000E+00  0.0000E+00  0.0000E+00  0.0000E+00  0.0000E+00  0.0000E+00  0.0000E+00
  0.2530E-01  0.0000E+00  0.5906E-01  0.6145E-01  0.1337E-02  0.0000E+00  0.9802E-02  0.8890E-02  0.0000E+00  0.0000E+00  0.2863E-01  0.2887E-01  0.8664E-03  0.6889E-03
  0.2811E-01  0.0000E+00  0.0000E+00  0.0000E+00  0.2077E-02  0.0000E+00  0.0000E+00  0.0000E+00  0.0000E+00  0.0000E+00  0.0000E+00  0.0000E+00  0.0000E+00  0.0000E+00
  0.2016E-01  0.0000E+00  0.5422E-01  0.5612E-01  0.1288E-02  0.0000E+00  0.1057E-01  0.1731E-01  0.0000E+00  0.0000E+00  0.2830E-01  0.3085E-01  0.1436E-02  0.1206E-02
  0.2083E-01  0.0000E+00  0.0000E+00  0.0000E+00  0.1408E-02  0.0000E+00  0.0000E+00  0.0000E+00  0.0000E+00  0.0000E+00  0.0000E+00  0.0000E+00  0.0000E+00  0.0000E+00
  0.3026E-01  0.0000E+00  0.6141E-01  0.4993E-01  0.9152E-03  0.0000E+00  0.1004E-01  0.6705E-02  0.0000E+00  0.0000E+00  0.3654E-01  0.2965E-01  0.1058E-02  0.9232E-03
 Relative number of events:
  0.1318E-01  0.0000E+00  0.0000E+00  0.0000E+00  0.1853E-02  0.0000E+00  0.0000E+00  0.0000E+00  0.0000E+00  0.0000E+00  0.0000E+00  0.0000E+00  0.0000E+00  0.0000E+00
  0.1312E-01  0.0000E+00  0.6588E-01  0.6757E-01  0.1516E-02  0.0000E+00  0.4128E-02  0.3803E-02  0.0000E+00  0.0000E+00  0.3750E-01  0.3747E-01  0.1264E-02  0.1107E-02
  0.1275E-01  0.0000E+00  0.0000E+00  0.0000E+00  0.1805E-02  0.0000E+00  0.0000E+00  0.0000E+00  0.0000E+00  0.0000E+00  0.0000E+00  0.0000E+00  0.0000E+00  0.0000E+00
  0.1263E-01  0.0000E+00  0.6882E-01  0.6801E-01  0.1829E-02  0.0000E+00  0.4104E-02  0.3972E-02  0.0000E+00  0.0000E+00  0.3745E-01  0.3724E-01  0.1480E-02  0.1408E-02
  0.1291E-01  0.0000E+00  0.0000E+00  0.0000E+00  0.1829E-02  0.0000E+00  0.0000E+00  0.0000E+00  0.0000E+00  0.0000E+00  0.0000E+00  0.0000E+00  0.0000E+00  0.0000E+00
  0.1266E-01  0.0000E+00  0.6822E-01  0.6762E-01  0.1697E-02  0.0000E+00  0.4333E-02  0.4273E-02  0.0000E+00  0.0000E+00  0.3776E-01  0.3717E-01  0.1276E-02  0.1288E-02
  0.1272E-01  0.0000E+00  0.0000E+00  0.0000E+00  0.1697E-02  0.0000E+00  0.0000E+00  0.0000E+00  0.0000E+00  0.0000E+00  0.0000E+00  0.0000E+00  0.0000E+00  0.0000E+00
  0.1258E-01  0.0000E+00  0.6875E-01  0.6789E-01  0.1649E-02  0.0000E+00  0.4357E-02  0.3683E-02  0.0000E+00  0.0000E+00  0.3646E-01  0.3676E-01  0.1324E-02  0.1228E-02
 Events:
        1095           0           0           0         154           0           0           0           0           0           0           0           0           0
        1090           0        5474        5614         126           0         343         316           0           0        3116        3113         105          92
        1059           0           0           0         150           0           0           0           0           0           0           0           0           0
        1049           0        5718        5651         152           0         341         330           0           0        3112        3094         123         117
        1073           0           0           0         152           0           0           0           0           0           0           0           0           0
        1052           0        5668        5618         141           0         360         355           0           0        3137        3088         106         107
        1057           0           0           0         141           0           0           0           0           0           0           0           0           0
        1045           0        5712        5641         137           0         362         306           0           0        3029        3054         110         102
 Accuracy:    0.015   0.010   0.010   2.073
 Found        12677  events.
 Wrote          158  events.
 Actual xsec    1.5780490952008083E-008
 Correct abs xsec    2.5748904687834147E-008
 Event xsec    2.5748904687834002E-008
 Events wgts > 1:            3
 % Cross section > 1:    1.1512603290805536E-010  0.44711040839904465     
 Iteration  8   Mean: 0.1589E-07 Abs mean: 0.2565E-07   Fluctuation:  0.266E-09   0.291E-04    79.3%
  8    0.1589E-07 0.2565E-07 +- 0.2657E-09      5.24
 Relative summed weights:
  0.2369E-01  0.0000E+00  0.0000E+00  0.0000E+00  0.1770E-02  0.0000E+00  0.0000E+00  0.0000E+00  0.0000E+00  0.0000E+00  0.0000E+00  0.0000E+00  0.0000E+00  0.0000E+00
  0.2395E-01  0.0000E+00  0.5344E-01  0.5648E-01  0.1553E-02  0.0000E+00  0.9204E-02  0.9047E-02  0.0000E+00  0.0000E+00  0.3120E-01  0.3094E-01  0.9654E-03  0.6350E-03
  0.2300E-01  0.0000E+00  0.0000E+00  0.0000E+00  0.1171E-02  0.0000E+00  0.0000E+00  0.0000E+00  0.0000E+00  0.0000E+00  0.0000E+00  0.0000E+00  0.0000E+00  0.0000E+00
  0.2557E-01  0.0000E+00  0.5850E-01  0.5397E-01  0.1350E-02  0.0000E+00  0.1036E-01  0.9241E-02  0.0000E+00  0.0000E+00  0.3061E-01  0.3084E-01  0.8607E-03  0.1403E-02
  0.2824E-01  0.0000E+00  0.0000E+00  0.0000E+00  0.1335E-02  0.0000E+00  0.0000E+00  0.0000E+00  0.0000E+00  0.0000E+00  0.0000E+00  0.0000E+00  0.0000E+00  0.0000E+00
  0.2578E-01  0.0000E+00  0.5487E-01  0.5595E-01  0.1676E-02  0.0000E+00  0.1129E-01  0.1011E-01  0.0000E+00  0.0000E+00  0.3138E-01  0.2889E-01  0.1445E-02  0.7524E-03
  0.2937E-01  0.0000E+00  0.0000E+00  0.0000E+00  0.1203E-02  0.0000E+00  0.0000E+00  0.0000E+00  0.0000E+00  0.0000E+00  0.0000E+00  0.0000E+00  0.0000E+00  0.0000E+00
  0.2893E-01  0.0000E+00  0.5918E-01  0.5526E-01  0.1542E-02  0.0000E+00  0.8562E-02  0.8265E-02  0.0000E+00  0.0000E+00  0.3390E-01  0.3041E-01  0.1156E-02  0.7703E-03
 Relative number of events:
  0.1274E-01  0.0000E+00  0.0000E+00  0.0000E+00  0.1767E-02  0.0000E+00  0.0000E+00  0.0000E+00  0.0000E+00  0.0000E+00  0.0000E+00  0.0000E+00  0.0000E+00  0.0000E+00
  0.1276E-01  0.0000E+00  0.6753E-01  0.6834E-01  0.1839E-02  0.0000E+00  0.4098E-02  0.3876E-02  0.0000E+00  0.0000E+00  0.3658E-01  0.3626E-01  0.1406E-02  0.1166E-02
  0.1258E-01  0.0000E+00  0.0000E+00  0.0000E+00  0.1718E-02  0.0000E+00  0.0000E+00  0.0000E+00  0.0000E+00  0.0000E+00  0.0000E+00  0.0000E+00  0.0000E+00  0.0000E+00
  0.1309E-01  0.0000E+00  0.6823E-01  0.6813E-01  0.1748E-02  0.0000E+00  0.4314E-02  0.4182E-02  0.0000E+00  0.0000E+00  0.3709E-01  0.3681E-01  0.1334E-02  0.1172E-02
Thanks for using LHAPDF 6.2.1. Please make sure to cite the paper:
  Eur.Phys.J. C75 (2015) 3, 132  (http://arxiv.org/abs/1412.7420)
  0.1385E-01  0.0000E+00  0.0000E+00  0.0000E+00  0.1604E-02  0.0000E+00  0.0000E+00  0.0000E+00  0.0000E+00  0.0000E+00  0.0000E+00  0.0000E+00  0.0000E+00  0.0000E+00
  0.1313E-01  0.0000E+00  0.6887E-01  0.6839E-01  0.1652E-02  0.0000E+00  0.3851E-02  0.3755E-02  0.0000E+00  0.0000E+00  0.3719E-01  0.3584E-01  0.1340E-02  0.1394E-02
  0.1292E-01  0.0000E+00  0.0000E+00  0.0000E+00  0.1742E-02  0.0000E+00  0.0000E+00  0.0000E+00  0.0000E+00  0.0000E+00  0.0000E+00  0.0000E+00  0.0000E+00  0.0000E+00
  0.1312E-01  0.0000E+00  0.6879E-01  0.6773E-01  0.1652E-02  0.0000E+00  0.4098E-02  0.4020E-02  0.0000E+00  0.0000E+00  0.3680E-01  0.3691E-01  0.1322E-02  0.1262E-02
 Events:
        2121           0           0           0         294           0           0           0           0           0           0           0           0           0
        2124           0       11239       11374         306           0         682         645           0           0        6088        6035         234         194
        2093           0           0           0         286           0           0           0           0           0           0           0           0           0
        2179           0       11355       11339         291           0         718         696           0           0        6173        6126         222         195
        2305           0           0           0         267           0           0           0           0           0           0           0           0           0
        2185           0       11462       11382         275           0         641         625           0           0        6190        5965         223         232
        2150           0           0           0         290           0           0           0           0           0           0           0           0           0
        2184           0       11448       11273         275           0         682         669           0           0        6125        6143         220         210
 Accuracy:    0.010   0.010   0.007   1.777
 Finished due to accuracy    9.6717850497009279E-003   1.0000000000000000E-002

 -------------------------------------------------------------------------------
 Accumulated results:   Integral =  0.2566E-07
                        Std dev  =  0.1861E-09
                       Cross sec =  0.1580E-07
             Chi**2 per DoF.     =      1.7774
 -------------------------------------------------------------------------------
 Found        25178  events.
 Wrote          807  events.
 Actual xsec    1.5860055111995327E-008
 Correct abs xsec    2.5728945196675343E-008
 Event xsec    2.5728945196675704E-008
 Events wgts > 1:            8
 % Cross section > 1:    2.0260525224631535E-010  0.78746039022420888     
-------------------------------------------------
---------------------------
 Results Last   3 iters: Integral =   0.1586E-07
                     Abs integral =   0.2573E-07
                          Std dev =   0.1972E-09
                  Chi**2 per DoF. =      0.0938
-------------------------------------------------
---------------------------
 Status   1.0000000000000000E-002           9           8

ls status:
events.lhe
ftn26
input_app.txt
results.dat
run1_app.log
