==== LHAPDF6 USING DEFAULT-TYPE LHAGLUE INTERFACE ====
LHAPDF 6.2.1 loading /cvmfs/cms.cern.ch/slc6_amd64_gcc630/external/lhapdf/6.2.1-ghjeda2/share/LHAPDF/NNPDF31_nnlo_as_0118_nf_4_mc_hessian/NNPDF31_nnlo_as_0118_nf_4_mc_hessian_0000.dat
NNPDF31_nnlo_as_0118_nf_4_mc_hessian PDF set, member #0, version 1; LHAPDF ID = 325500
 Process in group number            2
 A PDF is used, so alpha_s(MZ) is going to be modified
 Old value of alpha_s from param_card:   0.11810000000000001     
 New value of alpha_s from PDF lhapdf :  0.11266013434007299     
 using LHAPDF
 Define smin to   10000.000000000000     
 Define smin to   10000.000000000000     
 Define smin to   10000.000000000000     
 Define smin to   10000.000000000000     
 Define smin to   10000.000000000000     
 Define smin to   10000.000000000000     
 Define smin to   10000.000000000000     
 Define smin to   10000.000000000000     
 Define smin to   10000.000000000000     
 Define smin to   10000.000000000000     
 Define smin to   10000.000000000000     
 Define smin to   10000.000000000000     
 Define smin to   10000.000000000000     
 Define smin to   10000.000000000000     
 Define smin to   10000.000000000000     
 Define smin to   10000.000000000000     
 *****************************************************
 *               MadGraph/MadEvent                   *
 *        --------------------------------           *
 *          http://madgraph.hep.uiuc.edu             *
 *          http://madgraph.phys.ucl.ac.be           *
 *          http://madgraph.roma2.infn.it            *
 *        --------------------------------           *
 *                                                   *
 *          PARAMETER AND COUPLING VALUES            *
 *                                                   *
 *****************************************************

  External Params
  ---------------------------------
  
 mdl_MW0 =    80.387000000000000     
 mdl_Gf =    1.1663789999999999E-005
 aS =   0.11810000000000001     
 mdl_ymdo =    1.0000000000000000E-099
 mdl_ymb =    4.1799999999999997     
 mdl_ymt =    173.19999999999999     
 mdl_ymtau =    1.7769999999999999     
 mdl_LambdaSMEFT =    1000.0000000000000     
 mdl_MZ =    91.187600000000003     
 mdl_MTA =    1.7769999999999999     
 mdl_MT =    173.19999999999999     
 mdl_MB =    4.1799999999999997     
 mdl_MH =    125.09000000000000     
 mdl_WZ =    2.4952000000000001     
 mdl_WW =    2.0850000000000000     
 mdl_WT =    1.5083359999999999     
 mdl_WH =    4.0699999999999998E-003
  Internal Params
  ---------------------------------
  
 mdl_ymm =    1.0000000000000000E-099
 mdl_yme =    1.0000000000000000E-099
 mdl_ymc =    1.0000000000000000E-099
 mdl_yms =    1.0000000000000000E-099
 mdl_ymup =    1.0000000000000000E-099
 mdl_conjg__CKM3x3 =    1.0000000000000000     
 mdl_cH =    0.0000000000000000     
 mdl_cHB =    0.0000000000000000     
 mdl_CKM2x2 =    1.0000000000000000     
 mdl_CKM1x1 =    1.0000000000000000     
 mdl_conjg__CKM1x1 =    1.0000000000000000     
 mdl_dGf =    0.0000000000000000     
 mdl_CKM3x3 =    1.0000000000000000     
 mdl_dMH2 =    0.0000000000000000     
 mdl_conjg__CKM2x2 =    1.0000000000000000     
 mdl_dg1 =    0.0000000000000000     
 mdl_cHW =    0.0000000000000000     
 mdl_dgw =    0.0000000000000000     
 mdl_complexi =  (  0.0000000000000000     ,  1.0000000000000000     )
 mdl_MW =    80.387000000000000     
 mdl_nb__2__exp__0_25 =    1.1892071150027210     
 mdl_MH__exp__2 =    15647.508100000001     
 mdl_sqrt__2 =    1.4142135623730951     
 mdl_MW__exp__2 =    6462.0697689999997     
 mdl_MZ__exp__2 =    8315.1783937600012     
 mdl_sth2 =   0.22285855299877133     
 mdl_MH__exp__6 =    3831206449390.3818     
 mdl_MT__exp__6 =    26995248278778.535     
 mdl_MH__exp__4 =    244844509.73956564     
 mdl_MT__exp__4 =    899894403.09759963     
 mdl_MT__exp__2 =    29998.239999999994     
 mdl_LambdaSMEFT__exp__2 =    1000000.0000000000     
 mdl_cth =   0.88155626422890820     
 mdl_sqrt__sth2 =   0.47207896902824564     
 mdl_sth =   0.47207896902824564     
 mdl_MW0__exp__6 =    269845343347.69711     
 mdl_MW0__exp__4 =    41758345.699423708     
 mdl_MW0__exp__2 =    6462.0697689999997     
 mdl_MZ__exp__4 =    69142191.720053151     
 mdl_MZ__exp__6 =    574929658687.79749     
 mdl_cth__exp__2 =   0.77714144700122867     
 mdl_sth__exp__2 =   0.22285855299877130     
 mdl_sth__exp__3 =   0.10520683593878660     
 mdl_cth__exp__3 =   0.68509391079585125     
 mdl_sth__exp__4 =    4.9665934644706158E-002
 mdl_sqrt__Gf =    3.4152291284773265E-003
 mdl_vevhat =    246.21961912951551     
 mdl_lam =   0.12905352724481209     
 mdl_aEW =    7.5614618607353409E-003
 mdl_yb =    2.4008698866559607E-002
 mdl_yc =    5.7437078628133041E-102
 mdl_ydo =    5.7437078628133041E-102
 mdl_ye =    5.7437078628133041E-102
 mdl_ym =    5.7437078628133041E-102
 mdl_ys =    5.7437078628133041E-102
 mdl_yt =   0.99481020183926416     
 mdl_ytau =    1.0206568872219240E-002
 mdl_yup =    5.7437078628133041E-102
 mdl_vevhat__exp__2 =    60624.100844283676     
 mdl_barlam =   0.12905352724481209     
 mdl_vevT =    246.21961912951551     
 mdl_sqrt__aEW =    8.6956666568672819E-002
 mdl_ee =   0.30825335704310214     
 mdl_gwsh =   0.65296989967087182     
 mdl_vev =    246.21961912951551     
 mdl_g1 =   0.34966952144878632     
 mdl_gw =   0.65296989967087182     
 mdl_ee__exp__2 =    9.5020132128342205E-002
 mdl_gHaa =   -1.9303830602986922E-003
 mdl_gHza =   -6.8546472954154700E-003
 mdl_g1sh =   0.34966952144878632     
 mdl_I1d11 =  (  5.7437078628133041E-102,  0.0000000000000000     )
 mdl_I1d22 =  (  5.7437078628133041E-102,  0.0000000000000000     )
 mdl_I1d33 =  (  2.4008698866559607E-002,  0.0000000000000000     )
 mdl_I2d11 =  (  5.7437078628133041E-102,  0.0000000000000000     )
 mdl_I2d22 =  (  5.7437078628133041E-102,  0.0000000000000000     )
 mdl_I2d33 =  ( 0.99481020183926416     ,  0.0000000000000000     )
 mdl_I3d11 =  (  5.7437078628133041E-102,  0.0000000000000000     )
 mdl_I3d22 =  (  5.7437078628133041E-102,  0.0000000000000000     )
 mdl_I3d33 =  (  2.4008698866559607E-002,  0.0000000000000000     )
 mdl_I4d11 =  (  5.7437078628133041E-102,  0.0000000000000000     )
 mdl_I4d22 =  (  5.7437078628133041E-102,  0.0000000000000000     )
 mdl_I4d33 =  ( 0.99481020183926416     ,  0.0000000000000000     )
 mdl_I5d11 =  (  5.7437078628133041E-102,  0.0000000000000000     )
 mdl_I5d22 =  (  5.7437078628133041E-102,  0.0000000000000000     )
 mdl_I5d33 =  (  2.4008698866559607E-002,  0.0000000000000000     )
 mdl_I6d11 =  (  5.7437078628133041E-102,  0.0000000000000000     )
 mdl_I6d22 =  (  5.7437078628133041E-102,  0.0000000000000000     )
 mdl_I6d33 =  ( 0.99481020183926416     ,  0.0000000000000000     )
 mdl_ee__exp__3 =    2.9290274715240611E-002
 mdl_vevhat__exp__3 =    14926843.019948866     
  Internal Params evaluated point by point
  ----------------------------------------
  
 mdl_sqrt__aS =   0.34365680554879169     
 mdl_G__exp__2 =    1.4840883695558185     
 mdl_gHgg =    3.2334372328970845E-003
 mdl_G__exp__3 =  (  1.8079634332366095     ,  0.0000000000000000     )
  Couplings of SMEFTsim_A_U35_MwScheme_UFO_v3_1-SMlimit_massless
  ---------------------------------
  
         GC_1 =   0.00000E+00   0.10275E+00
         GC_2 =  -0.00000E+00  -0.20550E+00
         GC_3 =  -0.00000E+00  -0.30825E+00
       GC_255 =  -0.00000E+00  -0.42637E+00
       GC_278 =  -0.00000E+00  -0.37035E+00
       GC_280 =  -0.00000E+00  -0.57563E+00
       GC_328 =  -0.00000E+00  -0.55024E-01
       GC_329 =   0.00000E+00   0.11005E+00
       GC_330 =  -0.00000E+00  -0.16507E+00
       GC_400 =   0.00000E+00   0.52490E+02
       GC_809 =  -0.00000E+00  -0.72171E-02
      GC_1073 =  -0.00000E+00  -0.46172E+00

 Collider parameters:
 --------------------

 Running at P P   machine @    13000.000000000000       GeV
 PDF set = lhapdf 
 alpha_s(Mz)= 0.1127 running at 3 loops.
 alpha_s(Mz)= 0.1127 running at 3 loops.
 Renormalization scale set on event-by-event basis
 Factorization   scale set on event-by-event basis


 getting user params
Enter number of events and max and min iterations: 
 Number of events and iterations         2000           8           3
Enter desired fractional accuracy: 
 Desired fractional accuracy:    1.0000000000000000E-002
Enter 0 for fixed, 2 for adjustable grid: 
Suppress amplitude (0 no, 1 yes)? 
 Using suppressed amplitude.
Exact helicity sum (0 yes, n = number/event)? 
 Explicitly summing over helicities
Enter Configuration Number: 
Running Configuration Number:  330
 Not subdividing B.W.
 Attempting mappinvarients           1           8
 Completed mapping           8
 about to integrate           16        2000           8           3          16           1
 Using non-zero grid deformation.
 16 dimensions   2000 events 16 invarients  8 iterations  1 config(s),  (0.99)
 Using h-tuple random number sequence.
 Error opening grid
 Using Uniform Grid!          32
 Using uniform alpha   1.0000000000000000     
 Grid defined OK
 Set CM energy to      13000.00
 Mapping Graph         330  to config         330
 Setting BW          -1           1   80.387000000000000     
Setting grid   2    0.59172E-08   1
 Setting BW          -3           2   80.387000000000000     
Setting grid   4    0.59172E-08   1
Setting grid   5    0.59172E-06   1
 Transforming s_hat 1/s           15   1.1585044837869826E-004   10000.000000000000        168999999.99999997     
 330   1   2   3   4   5   6   7   8   9  10  11  12  13  14
  15  16
 Masses: 0.000E+00 0.000E+00 0.000E+00 0.000E+00 0.000E+00 0.000E+00 0.000E+00 0.000E+00
Using random seed offsets   330 :      4
  with seed                   24
 Ranmar initialization seeds          60        9401
 
 ********************************************
 * You are using the DiscreteSampler module *
 *      part of the MG5_aMC framework       *
 *         Author: Valentin Hirschi         *
 ********************************************
 
  Particle       3       4       5       6       7       8
      Et >     0.0     0.0     0.0     0.0    10.0    10.0
       E >     0.0     0.0     0.0     0.0     0.0     0.0
     Eta <    -1.0    -1.0    -1.0    -1.0     6.5     6.5
   xqcut:      0.0     0.0     0.0     0.0     0.0     0.0
d R # 3  >    -0.0     0.4     0.0     0.0     0.4     0.4
d R # 4  >    -0.0    -0.0     0.0     0.0     0.4     0.4
d R # 5  >    -0.0    -0.0    -0.0     0.0     0.0     0.0
d R # 6  >    -0.0    -0.0    -0.0    -0.0     0.0     0.0
d R # 7  >    -0.0    -0.0    -0.0    -0.0    -0.0     0.4
s min # 3>     0.0     0.0     0.0     0.0     0.0     0.0
s min # 4>     0.0     0.0     0.0     0.0     0.0     0.0
s min # 5>     0.0     0.0     0.0     0.0     0.0     0.0
s min # 6>     0.0     0.0     0.0     0.0     0.0     0.0
s min # 7>     0.0     0.0     0.0     0.0     0.0 10000.0
xqcutij # 3>     0.0     0.0     0.0     0.0     0.0     0.0
xqcutij # 4>     0.0     0.0     0.0     0.0     0.0     0.0
xqcutij # 5>     0.0     0.0     0.0     0.0     0.0     0.0
xqcutij # 6>     0.0     0.0     0.0     0.0     0.0     0.0
xqcutij # 7>     0.0     0.0     0.0     0.0     0.0     0.0
 No cut BW           -1           1
 No cut BW           -3           2
 alpha_s for scale    32.354212520890904       is   0.13492069469470330     
 Added good helicity          193   256.00000000000000       in event            1 local:           1
 Added good helicity          193   256.00000000000000       in event            1 local:           1
 RESET CUMULATIVE VARIABLE
 RESET CUMULATIVE VARIABLE
 RESET CUMULATIVE VARIABLE
 Iteration  1   Mean: 0.6975E-04 Abs mean: 0.6975E-04   Fluctuation:  0.189E-04   0.304E-01     6.9%
  1    0.6975E-04 0.6975E-04 +- 0.1891E-04     12.13
 Writing out events   6.2760401238775557E-008   12.125846216558978     
 Relative summed weights:
  0.5364E-02  0.0000E+00  0.2217E-02  0.2229E+00  0.4655E-03  0.0000E+00  0.5368E-01  0.0000E+00  0.3903E-02  0.5886E-02  0.0000E+00  0.0000E+00  0.4964E-02  0.5296E-02  0.2908E-04  0.1076E+00  0.3041E-03  0.0000E+00  0.1344E-04  0.9388E-04  0.5121E-02  0.1432E-01  0.0000E+00  0.0000E+00  0.4069E-03  0.2095E-02  0.2330E-04  0.1199E-04  0.0000E+00  0.0000E+00  0.1706E-03  0.1563E-03
  0.1015E-01  0.0000E+00  0.0000E+00  0.0000E+00  0.6665E-05  0.0000E+00  0.1253E+00  0.0000E+00  0.0000E+00  0.0000E+00  0.0000E+00  0.0000E+00  0.0000E+00  0.0000E+00  0.0000E+00  0.0000E+00  0.1352E-03  0.0000E+00  0.0000E+00  0.0000E+00  0.0000E+00  0.0000E+00  0.0000E+00  0.0000E+00  0.0000E+00  0.0000E+00  0.0000E+00  0.0000E+00  0.0000E+00  0.0000E+00  0.0000E+00  0.0000E+00
  0.4225E-01  0.0000E+00  0.0000E+00  0.0000E+00  0.1169E-03  0.0000E+00  0.7770E-01  0.0000E+00  0.0000E+00  0.0000E+00  0.0000E+00  0.0000E+00  0.0000E+00  0.0000E+00  0.0000E+00  0.0000E+00  0.4961E-03  0.0000E+00  0.0000E+00  0.0000E+00  0.0000E+00  0.0000E+00  0.0000E+00  0.0000E+00  0.0000E+00  0.0000E+00  0.0000E+00  0.0000E+00  0.0000E+00  0.0000E+00  0.0000E+00  0.0000E+00
  0.4942E-02  0.0000E+00  0.2988E-04  0.5232E-03  0.4157E-03  0.0000E+00  0.9547E-01  0.0000E+00  0.3720E-02  0.1551E-02  0.0000E+00  0.0000E+00  0.4703E-03  0.1653E-01  0.1250E-02  0.2071E-04  0.2239E-03  0.0000E+00  0.1184E-03  0.1790E-05  0.4415E-01  0.8088E-02  0.0000E+00  0.0000E+00  0.1169E-03  0.2964E-02  0.1670E-02  0.3097E-03  0.0000E+00  0.0000E+00  0.5004E-03  0.1140E-02
  0.1524E-01  0.0000E+00  0.2756E-03  0.1133E-02  0.2760E-04  0.0000E+00  0.0000E+00  0.0000E+00  0.4647E-02  0.5601E-03  0.0000E+00  0.0000E+00  0.0000E+00  0.0000E+00  0.2627E-03  0.3655E-02  0.0000E+00  0.0000E+00  0.2560E-03  0.1214E-06  0.0000E+00  0.0000E+00  0.0000E+00  0.0000E+00  0.0000E+00  0.0000E+00  0.0000E+00  0.0000E+00  0.0000E+00  0.0000E+00  0.0000E+00  0.0000E+00
  0.2344E-02  0.0000E+00  0.0000E+00  0.0000E+00  0.1249E-03  0.0000E+00  0.0000E+00  0.0000E+00  0.0000E+00  0.0000E+00  0.0000E+00  0.0000E+00  0.0000E+00  0.0000E+00  0.0000E+00  0.0000E+00  0.0000E+00  0.0000E+00  0.0000E+00  0.0000E+00  0.0000E+00  0.0000E+00  0.0000E+00  0.0000E+00  0.0000E+00  0.0000E+00  0.0000E+00  0.0000E+00  0.0000E+00  0.0000E+00  0.0000E+00  0.0000E+00
  0.2743E-01  0.0000E+00  0.0000E+00  0.0000E+00  0.3711E-02  0.0000E+00  0.0000E+00  0.0000E+00  0.0000E+00  0.0000E+00  0.0000E+00  0.0000E+00  0.0000E+00  0.0000E+00  0.0000E+00  0.0000E+00  0.0000E+00  0.0000E+00  0.0000E+00  0.0000E+00  0.0000E+00  0.0000E+00  0.0000E+00  0.0000E+00  0.0000E+00  0.0000E+00  0.0000E+00  0.0000E+00  0.0000E+00  0.0000E+00  0.0000E+00  0.0000E+00
  0.6226E-02  0.0000E+00  0.2728E-03  0.2194E-02  0.5510E-03  0.0000E+00  0.0000E+00  0.0000E+00  0.1343E-01  0.1800E-02  0.0000E+00  0.0000E+00  0.0000E+00  0.0000E+00  0.3914E-02  0.3541E-01  0.0000E+00  0.0000E+00  0.7971E-03  0.3016E-03  0.0000E+00  0.0000E+00  0.0000E+00  0.0000E+00  0.0000E+00  0.0000E+00  0.0000E+00  0.0000E+00  0.0000E+00  0.0000E+00  0.0000E+00  0.0000E+00
 Relative number of events:
  0.3385E-01  0.0000E+00  0.6969E-02  0.6471E-02  0.4480E-02  0.0000E+00  0.5874E-01  0.0000E+00  0.1444E-01  0.1095E-01  0.0000E+00  0.0000E+00  0.6969E-02  0.9955E-02  0.1493E-02  0.3484E-02  0.7964E-02  0.0000E+00  0.1493E-02  0.4978E-02  0.2987E-01  0.4131E-01  0.0000E+00  0.0000E+00  0.4978E-02  0.5973E-02  0.4480E-02  0.1493E-02  0.0000E+00  0.0000E+00  0.4978E-02  0.5973E-02
  0.4032E-01  0.0000E+00  0.0000E+00  0.0000E+00  0.3484E-02  0.0000E+00  0.6122E-01  0.0000E+00  0.0000E+00  0.0000E+00  0.0000E+00  0.0000E+00  0.0000E+00  0.0000E+00  0.0000E+00  0.0000E+00  0.9457E-02  0.0000E+00  0.0000E+00  0.0000E+00  0.0000E+00  0.0000E+00  0.0000E+00  0.0000E+00  0.0000E+00  0.0000E+00  0.0000E+00  0.0000E+00  0.0000E+00  0.0000E+00  0.0000E+00  0.0000E+00
  0.2987E-01  0.0000E+00  0.0000E+00  0.0000E+00  0.5973E-02  0.0000E+00  0.6620E-01  0.0000E+00  0.0000E+00  0.0000E+00  0.0000E+00  0.0000E+00  0.0000E+00  0.0000E+00  0.0000E+00  0.0000E+00  0.7466E-02  0.0000E+00  0.0000E+00  0.0000E+00  0.0000E+00  0.0000E+00  0.0000E+00  0.0000E+00  0.0000E+00  0.0000E+00  0.0000E+00  0.0000E+00  0.0000E+00  0.0000E+00  0.0000E+00  0.0000E+00
  0.3235E-01  0.0000E+00  0.3484E-02  0.5475E-02  0.4978E-02  0.0000E+00  0.6023E-01  0.0000E+00  0.1493E-01  0.1891E-01  0.0000E+00  0.0000E+00  0.6969E-02  0.9457E-02  0.4480E-02  0.9955E-03  0.1045E-01  0.0000E+00  0.2489E-02  0.4978E-03  0.3435E-01  0.3883E-01  0.0000E+00  0.0000E+00  0.1991E-02  0.5973E-02  0.2489E-02  0.2987E-02  0.0000E+00  0.0000E+00  0.4480E-02  0.4480E-02
  0.3484E-01  0.0000E+00  0.3484E-02  0.2987E-02  0.3484E-02  0.0000E+00  0.0000E+00  0.0000E+00  0.1792E-01  0.1593E-01  0.0000E+00  0.0000E+00  0.0000E+00  0.0000E+00  0.2987E-02  0.3484E-02  0.0000E+00  0.0000E+00  0.3484E-02  0.9955E-03  0.0000E+00  0.0000E+00  0.0000E+00  0.0000E+00  0.0000E+00  0.0000E+00  0.0000E+00  0.0000E+00  0.0000E+00  0.0000E+00  0.0000E+00  0.0000E+00
  0.2588E-01  0.0000E+00  0.0000E+00  0.0000E+00  0.2987E-02  0.0000E+00  0.0000E+00  0.0000E+00  0.0000E+00  0.0000E+00  0.0000E+00  0.0000E+00  0.0000E+00  0.0000E+00  0.0000E+00  0.0000E+00  0.0000E+00  0.0000E+00  0.0000E+00  0.0000E+00  0.0000E+00  0.0000E+00  0.0000E+00  0.0000E+00  0.0000E+00  0.0000E+00  0.0000E+00  0.0000E+00  0.0000E+00  0.0000E+00  0.0000E+00  0.0000E+00
  0.2290E-01  0.0000E+00  0.0000E+00  0.0000E+00  0.4480E-02  0.0000E+00  0.0000E+00  0.0000E+00  0.0000E+00  0.0000E+00  0.0000E+00  0.0000E+00  0.0000E+00  0.0000E+00  0.0000E+00  0.0000E+00  0.0000E+00  0.0000E+00  0.0000E+00  0.0000E+00  0.0000E+00  0.0000E+00  0.0000E+00  0.0000E+00  0.0000E+00  0.0000E+00  0.0000E+00  0.0000E+00  0.0000E+00  0.0000E+00  0.0000E+00  0.0000E+00
  0.2489E-01  0.0000E+00  0.5475E-02  0.4978E-02  0.1991E-02  0.0000E+00  0.0000E+00  0.0000E+00  0.1842E-01  0.1643E-01  0.0000E+00  0.0000E+00  0.0000E+00  0.0000E+00  0.4480E-02  0.1991E-02  0.0000E+00  0.0000E+00  0.3982E-02  0.4978E-02  0.0000E+00  0.0000E+00  0.0000E+00  0.0000E+00  0.0000E+00  0.0000E+00  0.0000E+00  0.0000E+00  0.0000E+00  0.0000E+00  0.0000E+00  0.0000E+00
 Events:
          68           0          14          13           9           0         118           0          29          22           0           0          14          20           3           7          16           0           3          10          60          83           0           0          10          12           9           3           0           0          10          12
          81           0           0           0           7           0         123           0           0           0           0           0           0           0           0           0          19           0           0           0           0           0           0           0           0           0           0           0           0           0           0           0
          60           0           0           0          12           0         133           0           0           0           0           0           0           0           0           0          15           0           0           0           0           0           0           0           0           0           0           0           0           0           0           0
          65           0           7          11          10           0         121           0          30          38           0           0          14          19           9           2          21           0           5           1          69          78           0           0           4          12           5           6           0           0           9           9
          70           0           7           6           7           0           0           0          36          32           0           0           0           0           6           7           0           0           7           2           0           0           0           0           0           0           0           0           0           0           0           0
          52           0           0           0           6           0           0           0           0           0           0           0           0           0           0           0           0           0           0           0           0           0           0           0           0           0           0           0           0           0           0           0
          46           0           0           0           9           0           0           0           0           0           0           0           0           0           0           0           0           0           0           0           0           0           0           0           0           0           0           0           0           0           0           0
          50           0          11          10           4           0           0           0          37          33           0           0           0           0           9           4           0           0           8          10           0           0           0           0           0           0           0           0           0           0           0           0
 Iteration  2   Mean: 0.8318E-04 Abs mean: 0.8318E-04   Fluctuation:  0.131E-04   0.335E-01    47.2%
  2    0.8318E-04 0.8318E-04 +- 0.1311E-04      9.97
 Relative summed weights:
  0.7331E-01  0.0000E+00  0.8317E-03  0.1233E-02  0.3213E-03  0.0000E+00  0.3607E-01  0.0000E+00  0.1947E-01  0.7452E-02  0.0000E+00  0.0000E+00  0.3631E-02  0.1678E-01  0.8639E-03  0.2043E-03  0.4038E-03  0.0000E+00  0.2144E-03  0.1265E-03  0.9482E-01  0.9287E-02  0.0000E+00  0.0000E+00  0.1390E-01  0.1088E-01  0.1836E-02  0.6980E-03  0.0000E+00  0.0000E+00  0.1181E-03  0.9995E-03
  0.2335E-01  0.0000E+00  0.0000E+00  0.0000E+00  0.1491E-03  0.0000E+00  0.2888E-01  0.0000E+00  0.0000E+00  0.0000E+00  0.0000E+00  0.0000E+00  0.0000E+00  0.0000E+00  0.0000E+00  0.0000E+00  0.3581E-03  0.0000E+00  0.0000E+00  0.0000E+00  0.0000E+00  0.0000E+00  0.0000E+00  0.0000E+00  0.0000E+00  0.0000E+00  0.0000E+00  0.0000E+00  0.0000E+00  0.0000E+00  0.0000E+00  0.0000E+00
  0.1227E-01  0.0000E+00  0.0000E+00  0.0000E+00  0.2425E-03  0.0000E+00  0.7014E-01  0.0000E+00  0.0000E+00  0.0000E+00  0.0000E+00  0.0000E+00  0.0000E+00  0.0000E+00  0.0000E+00  0.0000E+00  0.1309E-02  0.0000E+00  0.0000E+00  0.0000E+00  0.0000E+00  0.0000E+00  0.0000E+00  0.0000E+00  0.0000E+00  0.0000E+00  0.0000E+00  0.0000E+00  0.0000E+00  0.0000E+00  0.0000E+00  0.0000E+00
  0.2011E-01  0.0000E+00  0.1308E+00  0.8788E-03  0.3971E-03  0.0000E+00  0.2323E-01  0.0000E+00  0.1107E-01  0.5822E-01  0.0000E+00  0.0000E+00  0.7399E-02  0.1028E-01  0.7803E-03  0.3214E-01  0.5652E-02  0.0000E+00  0.8507E-04  0.5408E-04  0.1221E+00  0.1292E-01  0.0000E+00  0.0000E+00  0.9825E-02  0.7867E-03  0.5708E-02  0.7775E-03  0.0000E+00  0.0000E+00  0.6419E-03  0.5788E-03
  0.1344E-01  0.0000E+00  0.2611E-02  0.4645E-02  0.1869E-02  0.0000E+00  0.0000E+00  0.0000E+00  0.4201E-02  0.1374E-01  0.0000E+00  0.0000E+00  0.0000E+00  0.0000E+00  0.3606E-03  0.1107E-02  0.0000E+00  0.0000E+00  0.2562E-03  0.4113E-04  0.0000E+00  0.0000E+00  0.0000E+00  0.0000E+00  0.0000E+00  0.0000E+00  0.0000E+00  0.0000E+00  0.0000E+00  0.0000E+00  0.0000E+00  0.0000E+00
  0.2771E-01  0.0000E+00  0.0000E+00  0.0000E+00  0.3447E-03  0.0000E+00  0.0000E+00  0.0000E+00  0.0000E+00  0.0000E+00  0.0000E+00  0.0000E+00  0.0000E+00  0.0000E+00  0.0000E+00  0.0000E+00  0.0000E+00  0.0000E+00  0.0000E+00  0.0000E+00  0.0000E+00  0.0000E+00  0.0000E+00  0.0000E+00  0.0000E+00  0.0000E+00  0.0000E+00  0.0000E+00  0.0000E+00  0.0000E+00  0.0000E+00  0.0000E+00
  0.7837E-02  0.0000E+00  0.0000E+00  0.0000E+00  0.8680E-03  0.0000E+00  0.0000E+00  0.0000E+00  0.0000E+00  0.0000E+00  0.0000E+00  0.0000E+00  0.0000E+00  0.0000E+00  0.0000E+00  0.0000E+00  0.0000E+00  0.0000E+00  0.0000E+00  0.0000E+00  0.0000E+00  0.0000E+00  0.0000E+00  0.0000E+00  0.0000E+00  0.0000E+00  0.0000E+00  0.0000E+00  0.0000E+00  0.0000E+00  0.0000E+00  0.0000E+00
  0.1138E-01  0.0000E+00  0.1358E-02  0.3812E-02  0.2623E-02  0.0000E+00  0.0000E+00  0.0000E+00  0.3693E-02  0.7097E-02  0.0000E+00  0.0000E+00  0.0000E+00  0.0000E+00  0.2537E-02  0.3750E-02  0.0000E+00  0.0000E+00  0.5050E-04  0.1257E-03  0.0000E+00  0.0000E+00  0.0000E+00  0.0000E+00  0.0000E+00  0.0000E+00  0.0000E+00  0.0000E+00  0.0000E+00  0.0000E+00  0.0000E+00  0.0000E+00
 Relative number of events:
  0.3200E-01  0.0000E+00  0.2750E-02  0.3750E-02  0.4000E-02  0.0000E+00  0.6725E-01  0.0000E+00  0.1525E-01  0.1400E-01  0.0000E+00  0.0000E+00  0.1000E-01  0.1300E-01  0.2250E-02  0.1750E-02  0.5500E-02  0.0000E+00  0.1750E-02  0.3000E-02  0.3550E-01  0.2900E-01  0.0000E+00  0.0000E+00  0.4000E-02  0.2250E-02  0.1500E-02  0.1750E-02  0.0000E+00  0.0000E+00  0.3250E-02  0.3750E-02
  0.2875E-01  0.0000E+00  0.0000E+00  0.0000E+00  0.2750E-02  0.0000E+00  0.6350E-01  0.0000E+00  0.0000E+00  0.0000E+00  0.0000E+00  0.0000E+00  0.0000E+00  0.0000E+00  0.0000E+00  0.0000E+00  0.8250E-02  0.0000E+00  0.0000E+00  0.0000E+00  0.0000E+00  0.0000E+00  0.0000E+00  0.0000E+00  0.0000E+00  0.0000E+00  0.0000E+00  0.0000E+00  0.0000E+00  0.0000E+00  0.0000E+00  0.0000E+00
  0.3400E-01  0.0000E+00  0.0000E+00  0.0000E+00  0.3250E-02  0.0000E+00  0.6200E-01  0.0000E+00  0.0000E+00  0.0000E+00  0.0000E+00  0.0000E+00  0.0000E+00  0.0000E+00  0.0000E+00  0.0000E+00  0.7000E-02  0.0000E+00  0.0000E+00  0.0000E+00  0.0000E+00  0.0000E+00  0.0000E+00  0.0000E+00  0.0000E+00  0.0000E+00  0.0000E+00  0.0000E+00  0.0000E+00  0.0000E+00  0.0000E+00  0.0000E+00
  0.3000E-01  0.0000E+00  0.4750E-02  0.4250E-02  0.4750E-02  0.0000E+00  0.6775E-01  0.0000E+00  0.1975E-01  0.1600E-01  0.0000E+00  0.0000E+00  0.7250E-02  0.1225E-01  0.2750E-02  0.2750E-02  0.6500E-02  0.0000E+00  0.2750E-02  0.2250E-02  0.3600E-01  0.3525E-01  0.0000E+00  0.0000E+00  0.3500E-02  0.5250E-02  0.3500E-02  0.1750E-02  0.0000E+00  0.0000E+00  0.4500E-02  0.5000E-02
  0.3150E-01  0.0000E+00  0.4750E-02  0.5250E-02  0.5750E-02  0.0000E+00  0.0000E+00  0.0000E+00  0.1500E-01  0.1550E-01  0.0000E+00  0.0000E+00  0.0000E+00  0.0000E+00  0.3000E-02  0.2500E-02  0.0000E+00  0.0000E+00  0.2750E-02  0.2500E-02  0.0000E+00  0.0000E+00  0.0000E+00  0.0000E+00  0.0000E+00  0.0000E+00  0.0000E+00  0.0000E+00  0.0000E+00  0.0000E+00  0.0000E+00  0.0000E+00
  0.3375E-01  0.0000E+00  0.0000E+00  0.0000E+00  0.4000E-02  0.0000E+00  0.0000E+00  0.0000E+00  0.0000E+00  0.0000E+00  0.0000E+00  0.0000E+00  0.0000E+00  0.0000E+00  0.0000E+00  0.0000E+00  0.0000E+00  0.0000E+00  0.0000E+00  0.0000E+00  0.0000E+00  0.0000E+00  0.0000E+00  0.0000E+00  0.0000E+00  0.0000E+00  0.0000E+00  0.0000E+00  0.0000E+00  0.0000E+00  0.0000E+00  0.0000E+00
  0.3400E-01  0.0000E+00  0.0000E+00  0.0000E+00  0.4000E-02  0.0000E+00  0.0000E+00  0.0000E+00  0.0000E+00  0.0000E+00  0.0000E+00  0.0000E+00  0.0000E+00  0.0000E+00  0.0000E+00  0.0000E+00  0.0000E+00  0.0000E+00  0.0000E+00  0.0000E+00  0.0000E+00  0.0000E+00  0.0000E+00  0.0000E+00  0.0000E+00  0.0000E+00  0.0000E+00  0.0000E+00  0.0000E+00  0.0000E+00  0.0000E+00  0.0000E+00
  0.3500E-01  0.0000E+00  0.4500E-02  0.5250E-02  0.4500E-02  0.0000E+00  0.0000E+00  0.0000E+00  0.1425E-01  0.1600E-01  0.0000E+00  0.0000E+00  0.0000E+00  0.0000E+00  0.1750E-02  0.3000E-02  0.0000E+00  0.0000E+00  0.2750E-02  0.3500E-02  0.0000E+00  0.0000E+00  0.0000E+00  0.0000E+00  0.0000E+00  0.0000E+00  0.0000E+00  0.0000E+00  0.0000E+00  0.0000E+00  0.0000E+00  0.0000E+00
 Events:
         128           0          11          15          16           0         269           0          61          56           0           0          40          52           9           7          22           0           7          12         142         116           0           0          16           9           6           7           0           0          13          15
         115           0           0           0          11           0         254           0           0           0           0           0           0           0           0           0          33           0           0           0           0           0           0           0           0           0           0           0           0           0           0           0
         136           0           0           0          13           0         248           0           0           0           0           0           0           0           0           0          28           0           0           0           0           0           0           0           0           0           0           0           0           0           0           0
         120           0          19          17          19           0         271           0          79          64           0           0          29          49          11          11          26           0          11           9         144         141           0           0          14          21          14           7           0           0          18          20
         126           0          19          21          23           0           0           0          60          62           0           0           0           0          12          10           0           0          11          10           0           0           0           0           0           0           0           0           0           0           0           0
         135           0           0           0          16           0           0           0           0           0           0           0           0           0           0           0           0           0           0           0           0           0           0           0           0           0           0           0           0           0           0           0
         136           0           0           0          16           0           0           0           0           0           0           0           0           0           0           0           0           0           0           0           0           0           0           0           0           0           0           0           0           0           0           0
         140           0          18          21          18           0           0           0          57          64           0           0           0           0           7          12           0           0          11          14           0           0           0           0           0           0           0           0           0           0           0           0
 Iteration  3   Mean: 0.7265E-04 Abs mean: 0.7265E-04   Fluctuation:  0.833E-05   0.553E-01    64.1%
  3    0.7265E-04 0.7265E-04 +- 0.8332E-05     10.26
 Relative summed weights:
  0.2546E-01  0.0000E+00  0.4390E-02  0.4120E-02  0.3271E-03  0.0000E+00  0.5159E-01  0.0000E+00  0.9987E-02  0.4449E-02  0.0000E+00  0.0000E+00  0.6884E-02  0.8584E-02  0.1279E-02  0.1310E-01  0.7498E-03  0.0000E+00  0.1282E-02  0.1737E-03  0.1458E+00  0.2533E-01  0.0000E+00  0.0000E+00  0.2216E-02  0.4155E-02  0.2131E-02  0.2331E-02  0.0000E+00  0.0000E+00  0.5841E-03  0.1291E-02
  0.3677E-01  0.0000E+00  0.0000E+00  0.0000E+00  0.1655E-02  0.0000E+00  0.5402E-01  0.0000E+00  0.0000E+00  0.0000E+00  0.0000E+00  0.0000E+00  0.0000E+00  0.0000E+00  0.0000E+00  0.0000E+00  0.1051E-01  0.0000E+00  0.0000E+00  0.0000E+00  0.0000E+00  0.0000E+00  0.0000E+00  0.0000E+00  0.0000E+00  0.0000E+00  0.0000E+00  0.0000E+00  0.0000E+00  0.0000E+00  0.0000E+00  0.0000E+00
  0.3277E-01  0.0000E+00  0.0000E+00  0.0000E+00  0.3448E-03  0.0000E+00  0.4805E-01  0.0000E+00  0.0000E+00  0.0000E+00  0.0000E+00  0.0000E+00  0.0000E+00  0.0000E+00  0.0000E+00  0.0000E+00  0.1188E-02  0.0000E+00  0.0000E+00  0.0000E+00  0.0000E+00  0.0000E+00  0.0000E+00  0.0000E+00  0.0000E+00  0.0000E+00  0.0000E+00  0.0000E+00  0.0000E+00  0.0000E+00  0.0000E+00  0.0000E+00
  0.3177E-01  0.0000E+00  0.1260E-01  0.1076E-01  0.1315E-02  0.0000E+00  0.5251E-01  0.0000E+00  0.1551E-01  0.6760E-02  0.0000E+00  0.0000E+00  0.8008E-02  0.1907E-01  0.1858E-02  0.1103E-02  0.1704E-02  0.0000E+00  0.1180E-03  0.4313E-03  0.2232E-01  0.1709E-01  0.0000E+00  0.0000E+00  0.2252E-02  0.2876E-02  0.6152E-02  0.1060E-01  0.0000E+00  0.0000E+00  0.6224E-03  0.6521E-03
  0.3572E-01  0.0000E+00  0.1796E-02  0.7414E-02  0.5692E-04  0.0000E+00  0.0000E+00  0.0000E+00  0.1453E-01  0.1153E-01  0.0000E+00  0.0000E+00  0.0000E+00  0.0000E+00  0.4444E-03  0.2979E-01  0.0000E+00  0.0000E+00  0.1949E-03  0.7370E-03  0.0000E+00  0.0000E+00  0.0000E+00  0.0000E+00  0.0000E+00  0.0000E+00  0.0000E+00  0.0000E+00  0.0000E+00  0.0000E+00  0.0000E+00  0.0000E+00
  0.4496E-01  0.0000E+00  0.0000E+00  0.0000E+00  0.8304E-03  0.0000E+00  0.0000E+00  0.0000E+00  0.0000E+00  0.0000E+00  0.0000E+00  0.0000E+00  0.0000E+00  0.0000E+00  0.0000E+00  0.0000E+00  0.0000E+00  0.0000E+00  0.0000E+00  0.0000E+00  0.0000E+00  0.0000E+00  0.0000E+00  0.0000E+00  0.0000E+00  0.0000E+00  0.0000E+00  0.0000E+00  0.0000E+00  0.0000E+00  0.0000E+00  0.0000E+00
  0.3882E-01  0.0000E+00  0.0000E+00  0.0000E+00  0.2370E-03  0.0000E+00  0.0000E+00  0.0000E+00  0.0000E+00  0.0000E+00  0.0000E+00  0.0000E+00  0.0000E+00  0.0000E+00  0.0000E+00  0.0000E+00  0.0000E+00  0.0000E+00  0.0000E+00  0.0000E+00  0.0000E+00  0.0000E+00  0.0000E+00  0.0000E+00  0.0000E+00  0.0000E+00  0.0000E+00  0.0000E+00  0.0000E+00  0.0000E+00  0.0000E+00  0.0000E+00
  0.1976E-01  0.0000E+00  0.6238E-02  0.3431E-02  0.9955E-04  0.0000E+00  0.0000E+00  0.0000E+00  0.9722E-02  0.1875E-01  0.0000E+00  0.0000E+00  0.0000E+00  0.0000E+00  0.5046E-02  0.1743E-01  0.0000E+00  0.0000E+00  0.4607E-02  0.2458E-03  0.0000E+00  0.0000E+00  0.0000E+00  0.0000E+00  0.0000E+00  0.0000E+00  0.0000E+00  0.0000E+00  0.0000E+00  0.0000E+00  0.0000E+00  0.0000E+00
 Relative number of events:
  0.3163E-01  0.0000E+00  0.6000E-02  0.4625E-02  0.2750E-02  0.0000E+00  0.6875E-01  0.0000E+00  0.1537E-01  0.1487E-01  0.0000E+00  0.0000E+00  0.9250E-02  0.8750E-02  0.2875E-02  0.4625E-02  0.6250E-02  0.0000E+00  0.2375E-02  0.2500E-02  0.3313E-01  0.3250E-01  0.0000E+00  0.0000E+00  0.4750E-02  0.3250E-02  0.1000E-02  0.1125E-02  0.0000E+00  0.0000E+00  0.4875E-02  0.4375E-02
  0.3800E-01  0.0000E+00  0.0000E+00  0.0000E+00  0.3125E-02  0.0000E+00  0.6388E-01  0.0000E+00  0.0000E+00  0.0000E+00  0.0000E+00  0.0000E+00  0.0000E+00  0.0000E+00  0.0000E+00  0.0000E+00  0.5625E-02  0.0000E+00  0.0000E+00  0.0000E+00  0.0000E+00  0.0000E+00  0.0000E+00  0.0000E+00  0.0000E+00  0.0000E+00  0.0000E+00  0.0000E+00  0.0000E+00  0.0000E+00  0.0000E+00  0.0000E+00
  0.3037E-01  0.0000E+00  0.0000E+00  0.0000E+00  0.3500E-02  0.0000E+00  0.6388E-01  0.0000E+00  0.0000E+00  0.0000E+00  0.0000E+00  0.0000E+00  0.0000E+00  0.0000E+00  0.0000E+00  0.0000E+00  0.4625E-02  0.0000E+00  0.0000E+00  0.0000E+00  0.0000E+00  0.0000E+00  0.0000E+00  0.0000E+00  0.0000E+00  0.0000E+00  0.0000E+00  0.0000E+00  0.0000E+00  0.0000E+00  0.0000E+00  0.0000E+00
  0.3438E-01  0.0000E+00  0.4750E-02  0.5125E-02  0.2625E-02  0.0000E+00  0.7013E-01  0.0000E+00  0.1512E-01  0.1400E-01  0.0000E+00  0.0000E+00  0.8250E-02  0.9625E-02  0.1750E-02  0.3375E-02  0.6000E-02  0.0000E+00  0.2500E-02  0.3250E-02  0.3175E-01  0.3400E-01  0.0000E+00  0.0000E+00  0.3625E-02  0.4000E-02  0.1500E-02  0.1750E-02  0.0000E+00  0.0000E+00  0.5375E-02  0.6250E-02
  0.3087E-01  0.0000E+00  0.3625E-02  0.5875E-02  0.2750E-02  0.0000E+00  0.0000E+00  0.0000E+00  0.1837E-01  0.1750E-01  0.0000E+00  0.0000E+00  0.0000E+00  0.0000E+00  0.3125E-02  0.3125E-02  0.0000E+00  0.0000E+00  0.2375E-02  0.3000E-02  0.0000E+00  0.0000E+00  0.0000E+00  0.0000E+00  0.0000E+00  0.0000E+00  0.0000E+00  0.0000E+00  0.0000E+00  0.0000E+00  0.0000E+00  0.0000E+00
  0.3537E-01  0.0000E+00  0.0000E+00  0.0000E+00  0.3250E-02  0.0000E+00  0.0000E+00  0.0000E+00  0.0000E+00  0.0000E+00  0.0000E+00  0.0000E+00  0.0000E+00  0.0000E+00  0.0000E+00  0.0000E+00  0.0000E+00  0.0000E+00  0.0000E+00  0.0000E+00  0.0000E+00  0.0000E+00  0.0000E+00  0.0000E+00  0.0000E+00  0.0000E+00  0.0000E+00  0.0000E+00  0.0000E+00  0.0000E+00  0.0000E+00  0.0000E+00
  0.3263E-01  0.0000E+00  0.0000E+00  0.0000E+00  0.3250E-02  0.0000E+00  0.0000E+00  0.0000E+00  0.0000E+00  0.0000E+00  0.0000E+00  0.0000E+00  0.0000E+00  0.0000E+00  0.0000E+00  0.0000E+00  0.0000E+00  0.0000E+00  0.0000E+00  0.0000E+00  0.0000E+00  0.0000E+00  0.0000E+00  0.0000E+00  0.0000E+00  0.0000E+00  0.0000E+00  0.0000E+00  0.0000E+00  0.0000E+00  0.0000E+00  0.0000E+00
  0.3375E-01  0.0000E+00  0.5250E-02  0.4625E-02  0.2250E-02  0.0000E+00  0.0000E+00  0.0000E+00  0.1663E-01  0.1500E-01  0.0000E+00  0.0000E+00  0.0000E+00  0.0000E+00  0.2875E-02  0.3250E-02  0.0000E+00  0.0000E+00  0.2125E-02  0.1375E-02  0.0000E+00  0.0000E+00  0.0000E+00  0.0000E+00  0.0000E+00  0.0000E+00  0.0000E+00  0.0000E+00  0.0000E+00  0.0000E+00  0.0000E+00  0.0000E+00
 Events:
         253           0          48          37          22           0         550           0         123         119           0           0          74          70          23          37          50           0          19          20         265         260           0           0          38          26           8           9           0           0          39          35
         304           0           0           0          25           0         511           0           0           0           0           0           0           0           0           0          45           0           0           0           0           0           0           0           0           0           0           0           0           0           0           0
         243           0           0           0          28           0         511           0           0           0           0           0           0           0           0           0          37           0           0           0           0           0           0           0           0           0           0           0           0           0           0           0
         275           0          38          41          21           0         561           0         121         112           0           0          66          77          14          27          48           0          20          26         254         272           0           0          29          32          12          14           0           0          43          50
         247           0          29          47          22           0           0           0         147         140           0           0           0           0          25          25           0           0          19          24           0           0           0           0           0           0           0           0           0           0           0           0
         283           0           0           0          26           0           0           0           0           0           0           0           0           0           0           0           0           0           0           0           0           0           0           0           0           0           0           0           0           0           0           0
         261           0           0           0          26           0           0           0           0           0           0           0           0           0           0           0           0           0           0           0           0           0           0           0           0           0           0           0           0           0           0           0
         270           0          42          37          18           0           0           0         133         120           0           0           0           0          23          26           0           0          17          11           0           0           0           0           0           0           0           0           0           0           0           0
 Accuracy:    0.048   0.010   0.088   0.301
 Found          552  events.
 Wrote            6  events.
 Actual xsec    7.5609405400197204E-005
 Correct abs xsec    7.5609405400197204E-005
 Event xsec    7.5609405400197218E-005
 Events wgts > 1:            0
 % Cross section > 1:    0.0000000000000000        0.0000000000000000     
 Iteration  4   Mean: 0.7640E-04 Abs mean: 0.7640E-04   Fluctuation:  0.361E-05   0.182E-01    71.7%
  4    0.7640E-04 0.7640E-04 +- 0.3613E-05      5.98
 Relative summed weights:
  0.2524E-01  0.0000E+00  0.7256E-02  0.1200E-01  0.1838E-02  0.0000E+00  0.5559E-01  0.0000E+00  0.1148E-01  0.1664E-01  0.0000E+00  0.0000E+00  0.1889E-01  0.3766E-01  0.1526E-02  0.9377E-02  0.6605E-03  0.0000E+00  0.1700E-02  0.1341E-02  0.2097E-01  0.1820E-01  0.0000E+00  0.0000E+00  0.4411E-02  0.1534E-01  0.3230E-02  0.5338E-02  0.0000E+00  0.0000E+00  0.1490E-02  0.1415E-02
  0.3268E-01  0.0000E+00  0.0000E+00  0.0000E+00  0.1056E-02  0.0000E+00  0.6408E-01  0.0000E+00  0.0000E+00  0.0000E+00  0.0000E+00  0.0000E+00  0.0000E+00  0.0000E+00  0.0000E+00  0.0000E+00  0.2753E-02  0.0000E+00  0.0000E+00  0.0000E+00  0.0000E+00  0.0000E+00  0.0000E+00  0.0000E+00  0.0000E+00  0.0000E+00  0.0000E+00  0.0000E+00  0.0000E+00  0.0000E+00  0.0000E+00  0.0000E+00
  0.4690E-01  0.0000E+00  0.0000E+00  0.0000E+00  0.1010E-02  0.0000E+00  0.8000E-01  0.0000E+00  0.0000E+00  0.0000E+00  0.0000E+00  0.0000E+00  0.0000E+00  0.0000E+00  0.0000E+00  0.0000E+00  0.2562E-02  0.0000E+00  0.0000E+00  0.0000E+00  0.0000E+00  0.0000E+00  0.0000E+00  0.0000E+00  0.0000E+00  0.0000E+00  0.0000E+00  0.0000E+00  0.0000E+00  0.0000E+00  0.0000E+00  0.0000E+00
  0.2501E-01  0.0000E+00  0.4404E-02  0.1657E-01  0.3097E-03  0.0000E+00  0.6527E-01  0.0000E+00  0.9668E-02  0.1142E-01  0.0000E+00  0.0000E+00  0.2370E-01  0.1879E-01  0.1523E-01  0.5066E-02  0.2709E-02  0.0000E+00  0.3794E-03  0.8501E-03  0.2460E-01  0.3327E-01  0.0000E+00  0.0000E+00  0.7882E-02  0.3772E-02  0.4370E-02  0.1972E-02  0.0000E+00  0.0000E+00  0.2789E-02  0.1043E-02
  0.2997E-01  0.0000E+00  0.7269E-02  0.5559E-02  0.8498E-03  0.0000E+00  0.0000E+00  0.0000E+00  0.2125E-01  0.1051E-01  0.0000E+00  0.0000E+00  0.0000E+00  0.0000E+00  0.3169E-02  0.1529E-02  0.0000E+00  0.0000E+00  0.5657E-03  0.4891E-03  0.0000E+00  0.0000E+00  0.0000E+00  0.0000E+00  0.0000E+00  0.0000E+00  0.0000E+00  0.0000E+00  0.0000E+00  0.0000E+00  0.0000E+00  0.0000E+00
  0.2729E-01  0.0000E+00  0.0000E+00  0.0000E+00  0.1206E-02  0.0000E+00  0.0000E+00  0.0000E+00  0.0000E+00  0.0000E+00  0.0000E+00  0.0000E+00  0.0000E+00  0.0000E+00  0.0000E+00  0.0000E+00  0.0000E+00  0.0000E+00  0.0000E+00  0.0000E+00  0.0000E+00  0.0000E+00  0.0000E+00  0.0000E+00  0.0000E+00  0.0000E+00  0.0000E+00  0.0000E+00  0.0000E+00  0.0000E+00  0.0000E+00  0.0000E+00
  0.2979E-01  0.0000E+00  0.0000E+00  0.0000E+00  0.1307E-02  0.0000E+00  0.0000E+00  0.0000E+00  0.0000E+00  0.0000E+00  0.0000E+00  0.0000E+00  0.0000E+00  0.0000E+00  0.0000E+00  0.0000E+00  0.0000E+00  0.0000E+00  0.0000E+00  0.0000E+00  0.0000E+00  0.0000E+00  0.0000E+00  0.0000E+00  0.0000E+00  0.0000E+00  0.0000E+00  0.0000E+00  0.0000E+00  0.0000E+00  0.0000E+00  0.0000E+00
  0.2932E-01  0.0000E+00  0.1057E-01  0.4030E-02  0.3696E-03  0.0000E+00  0.0000E+00  0.0000E+00  0.1117E-01  0.1045E-01  0.0000E+00  0.0000E+00  0.0000E+00  0.0000E+00  0.2207E-02  0.8943E-02  0.0000E+00  0.0000E+00  0.1243E-03  0.3452E-03  0.0000E+00  0.0000E+00  0.0000E+00  0.0000E+00  0.0000E+00  0.0000E+00  0.0000E+00  0.0000E+00  0.0000E+00  0.0000E+00  0.0000E+00  0.0000E+00
 Relative number of events:
  0.3294E-01  0.0000E+00  0.5188E-02  0.5188E-02  0.2750E-02  0.0000E+00  0.6900E-01  0.0000E+00  0.1700E-01  0.1519E-01  0.0000E+00  0.0000E+00  0.1013E-01  0.1006E-01  0.2687E-02  0.3187E-02  0.5000E-02  0.0000E+00  0.2500E-02  0.2375E-02  0.3006E-01  0.3200E-01  0.0000E+00  0.0000E+00  0.3000E-02  0.3500E-02  0.2063E-02  0.2063E-02  0.0000E+00  0.0000E+00  0.3563E-02  0.4875E-02
  0.3275E-01  0.0000E+00  0.0000E+00  0.0000E+00  0.3063E-02  0.0000E+00  0.6800E-01  0.0000E+00  0.0000E+00  0.0000E+00  0.0000E+00  0.0000E+00  0.0000E+00  0.0000E+00  0.0000E+00  0.0000E+00  0.6437E-02  0.0000E+00  0.0000E+00  0.0000E+00  0.0000E+00  0.0000E+00  0.0000E+00  0.0000E+00  0.0000E+00  0.0000E+00  0.0000E+00  0.0000E+00  0.0000E+00  0.0000E+00  0.0000E+00  0.0000E+00
  0.3356E-01  0.0000E+00  0.0000E+00  0.0000E+00  0.3187E-02  0.0000E+00  0.6631E-01  0.0000E+00  0.0000E+00  0.0000E+00  0.0000E+00  0.0000E+00  0.0000E+00  0.0000E+00  0.0000E+00  0.0000E+00  0.6875E-02  0.0000E+00  0.0000E+00  0.0000E+00  0.0000E+00  0.0000E+00  0.0000E+00  0.0000E+00  0.0000E+00  0.0000E+00  0.0000E+00  0.0000E+00  0.0000E+00  0.0000E+00  0.0000E+00  0.0000E+00
  0.3381E-01  0.0000E+00  0.4687E-02  0.5000E-02  0.3000E-02  0.0000E+00  0.6594E-01  0.0000E+00  0.1750E-01  0.1700E-01  0.0000E+00  0.0000E+00  0.8250E-02  0.8875E-02  0.2875E-02  0.2437E-02  0.5938E-02  0.0000E+00  0.1625E-02  0.2500E-02  0.3344E-01  0.3394E-01  0.0000E+00  0.0000E+00  0.2938E-02  0.3438E-02  0.1625E-02  0.1563E-02  0.0000E+00  0.0000E+00  0.4437E-02  0.4188E-02
  0.3419E-01  0.0000E+00  0.4750E-02  0.5625E-02  0.2938E-02  0.0000E+00  0.0000E+00  0.0000E+00  0.1550E-01  0.1706E-01  0.0000E+00  0.0000E+00  0.0000E+00  0.0000E+00  0.2875E-02  0.2437E-02  0.0000E+00  0.0000E+00  0.2250E-02  0.2812E-02  0.0000E+00  0.0000E+00  0.0000E+00  0.0000E+00  0.0000E+00  0.0000E+00  0.0000E+00  0.0000E+00  0.0000E+00  0.0000E+00  0.0000E+00  0.0000E+00
  0.3344E-01  0.0000E+00  0.0000E+00  0.0000E+00  0.3938E-02  0.0000E+00  0.0000E+00  0.0000E+00  0.0000E+00  0.0000E+00  0.0000E+00  0.0000E+00  0.0000E+00  0.0000E+00  0.0000E+00  0.0000E+00  0.0000E+00  0.0000E+00  0.0000E+00  0.0000E+00  0.0000E+00  0.0000E+00  0.0000E+00  0.0000E+00  0.0000E+00  0.0000E+00  0.0000E+00  0.0000E+00  0.0000E+00  0.0000E+00  0.0000E+00  0.0000E+00
  0.3294E-01  0.0000E+00  0.0000E+00  0.0000E+00  0.2312E-02  0.0000E+00  0.0000E+00  0.0000E+00  0.0000E+00  0.0000E+00  0.0000E+00  0.0000E+00  0.0000E+00  0.0000E+00  0.0000E+00  0.0000E+00  0.0000E+00  0.0000E+00  0.0000E+00  0.0000E+00  0.0000E+00  0.0000E+00  0.0000E+00  0.0000E+00  0.0000E+00  0.0000E+00  0.0000E+00  0.0000E+00  0.0000E+00  0.0000E+00  0.0000E+00  0.0000E+00
  0.2975E-01  0.0000E+00  0.5125E-02  0.4938E-02  0.3063E-02  0.0000E+00  0.0000E+00  0.0000E+00  0.1669E-01  0.1787E-01  0.0000E+00  0.0000E+00  0.0000E+00  0.0000E+00  0.2938E-02  0.2625E-02  0.0000E+00  0.0000E+00  0.2000E-02  0.2437E-02  0.0000E+00  0.0000E+00  0.0000E+00  0.0000E+00  0.0000E+00  0.0000E+00  0.0000E+00  0.0000E+00  0.0000E+00  0.0000E+00  0.0000E+00  0.0000E+00
 Events:
         527           0          83          83          44           0        1104           0         272         243           0           0         162         161          43          51          80           0          40          38         481         512           0           0          48          56          33          33           0           0          57          78
         524           0           0           0          49           0        1088           0           0           0           0           0           0           0           0           0         103           0           0           0           0           0           0           0           0           0           0           0           0           0           0           0
         537           0           0           0          51           0        1061           0           0           0           0           0           0           0           0           0         110           0           0           0           0           0           0           0           0           0           0           0           0           0           0           0
         541           0          75          80          48           0        1055           0         280         272           0           0         132         142          46          39          95           0          26          40         535         543           0           0          47          55          26          25           0           0          71          67
         547           0          76          90          47           0           0           0         248         273           0           0           0           0          46          39           0           0          36          45           0           0           0           0           0           0           0           0           0           0           0           0
         535           0           0           0          63           0           0           0           0           0           0           0           0           0           0           0           0           0           0           0           0           0           0           0           0           0           0           0           0           0           0           0
         527           0           0           0          37           0           0           0           0           0           0           0           0           0           0           0           0           0           0           0           0           0           0           0           0           0           0           0           0           0           0           0
         476           0          82          79          49           0           0           0         267         286           0           0           0           0          47          42           0           0          32          39           0           0           0           0           0           0           0           0           0           0           0           0
 Accuracy:    0.019   0.010   0.042   0.201
 Found         1380  events.
 Wrote           83  events.
 Actual xsec    7.6379846358426155E-005
 Correct abs xsec    7.6379846358426155E-005
 Event xsec    7.6379846358426006E-005
 Events wgts > 1:            4
 % Cross section > 1:    4.8277035175025772E-007  0.63206509932577237     
 Iteration  5   Mean: 0.7359E-04 Abs mean: 0.7359E-04   Fluctuation:  0.195E-05   0.146E-01    76.2%
  5    0.7359E-04 0.7359E-04 +- 0.1949E-05      4.74
 Relative summed weights:
  0.3915E-01  0.0000E+00  0.6900E-02  0.3680E-02  0.4904E-03  0.0000E+00  0.7508E-01  0.0000E+00  0.1625E-01  0.1195E-01  0.0000E+00  0.0000E+00  0.2430E-01  0.1953E-01  0.3368E-02  0.8696E-02  0.1489E-02  0.0000E+00  0.1367E-03  0.5352E-03  0.2310E-01  0.2812E-01  0.0000E+00  0.0000E+00  0.1299E-01  0.4032E-02  0.1473E-02  0.4781E-03  0.0000E+00  0.0000E+00  0.1033E-02  0.7411E-03
  0.3039E-01  0.0000E+00  0.0000E+00  0.0000E+00  0.1013E-02  0.0000E+00  0.6826E-01  0.0000E+00  0.0000E+00  0.0000E+00  0.0000E+00  0.0000E+00  0.0000E+00  0.0000E+00  0.0000E+00  0.0000E+00  0.1103E-02  0.0000E+00  0.0000E+00  0.0000E+00  0.0000E+00  0.0000E+00  0.0000E+00  0.0000E+00  0.0000E+00  0.0000E+00  0.0000E+00  0.0000E+00  0.0000E+00  0.0000E+00  0.0000E+00  0.0000E+00
  0.3229E-01  0.0000E+00  0.0000E+00  0.0000E+00  0.1102E-02  0.0000E+00  0.6517E-01  0.0000E+00  0.0000E+00  0.0000E+00  0.0000E+00  0.0000E+00  0.0000E+00  0.0000E+00  0.0000E+00  0.0000E+00  0.1413E-02  0.0000E+00  0.0000E+00  0.0000E+00  0.0000E+00  0.0000E+00  0.0000E+00  0.0000E+00  0.0000E+00  0.0000E+00  0.0000E+00  0.0000E+00  0.0000E+00  0.0000E+00  0.0000E+00  0.0000E+00
  0.3240E-01  0.0000E+00  0.1065E-01  0.7634E-02  0.3948E-02  0.0000E+00  0.6322E-01  0.0000E+00  0.1670E-01  0.1286E-01  0.0000E+00  0.0000E+00  0.1366E-01  0.1111E-01  0.3017E-02  0.1252E-01  0.3590E-02  0.0000E+00  0.8300E-03  0.1818E-03  0.3040E-01  0.2377E-01  0.0000E+00  0.0000E+00  0.6383E-02  0.4924E-02  0.1221E-02  0.3677E-02  0.0000E+00  0.0000E+00  0.9344E-03  0.7915E-03
  0.2456E-01  0.0000E+00  0.1276E-01  0.9652E-02  0.8839E-03  0.0000E+00  0.0000E+00  0.0000E+00  0.1429E-01  0.1634E-01  0.0000E+00  0.0000E+00  0.0000E+00  0.0000E+00  0.5989E-02  0.7789E-02  0.0000E+00  0.0000E+00  0.6745E-03  0.1425E-02  0.0000E+00  0.0000E+00  0.0000E+00  0.0000E+00  0.0000E+00  0.0000E+00  0.0000E+00  0.0000E+00  0.0000E+00  0.0000E+00  0.0000E+00  0.0000E+00
  0.3289E-01  0.0000E+00  0.0000E+00  0.0000E+00  0.5849E-03  0.0000E+00  0.0000E+00  0.0000E+00  0.0000E+00  0.0000E+00  0.0000E+00  0.0000E+00  0.0000E+00  0.0000E+00  0.0000E+00  0.0000E+00  0.0000E+00  0.0000E+00  0.0000E+00  0.0000E+00  0.0000E+00  0.0000E+00  0.0000E+00  0.0000E+00  0.0000E+00  0.0000E+00  0.0000E+00  0.0000E+00  0.0000E+00  0.0000E+00  0.0000E+00  0.0000E+00
  0.3092E-01  0.0000E+00  0.0000E+00  0.0000E+00  0.5874E-03  0.0000E+00  0.0000E+00  0.0000E+00  0.0000E+00  0.0000E+00  0.0000E+00  0.0000E+00  0.0000E+00  0.0000E+00  0.0000E+00  0.0000E+00  0.0000E+00  0.0000E+00  0.0000E+00  0.0000E+00  0.0000E+00  0.0000E+00  0.0000E+00  0.0000E+00  0.0000E+00  0.0000E+00  0.0000E+00  0.0000E+00  0.0000E+00  0.0000E+00  0.0000E+00  0.0000E+00
  0.2478E-01  0.0000E+00  0.7615E-02  0.1287E-01  0.3683E-02  0.0000E+00  0.0000E+00  0.0000E+00  0.1589E-01  0.9114E-02  0.0000E+00  0.0000E+00  0.0000E+00  0.0000E+00  0.4835E-02  0.1208E-01  0.0000E+00  0.0000E+00  0.3013E-03  0.8051E-03  0.0000E+00  0.0000E+00  0.0000E+00  0.0000E+00  0.0000E+00  0.0000E+00  0.0000E+00  0.0000E+00  0.0000E+00  0.0000E+00  0.0000E+00  0.0000E+00
 Relative number of events:
  0.3469E-01  0.0000E+00  0.3750E-02  0.3750E-02  0.2406E-02  0.0000E+00  0.6791E-01  0.0000E+00  0.1550E-01  0.1625E-01  0.0000E+00  0.0000E+00  0.9687E-02  0.8375E-02  0.2719E-02  0.2844E-02  0.5125E-02  0.0000E+00  0.1844E-02  0.2063E-02  0.3181E-01  0.3194E-01  0.0000E+00  0.0000E+00  0.3156E-02  0.3938E-02  0.1500E-02  0.1250E-02  0.0000E+00  0.0000E+00  0.3906E-02  0.4250E-02
  0.3484E-01  0.0000E+00  0.0000E+00  0.0000E+00  0.2781E-02  0.0000E+00  0.6934E-01  0.0000E+00  0.0000E+00  0.0000E+00  0.0000E+00  0.0000E+00  0.0000E+00  0.0000E+00  0.0000E+00  0.0000E+00  0.5469E-02  0.0000E+00  0.0000E+00  0.0000E+00  0.0000E+00  0.0000E+00  0.0000E+00  0.0000E+00  0.0000E+00  0.0000E+00  0.0000E+00  0.0000E+00  0.0000E+00  0.0000E+00  0.0000E+00  0.0000E+00
  0.3547E-01  0.0000E+00  0.0000E+00  0.0000E+00  0.2938E-02  0.0000E+00  0.7037E-01  0.0000E+00  0.0000E+00  0.0000E+00  0.0000E+00  0.0000E+00  0.0000E+00  0.0000E+00  0.0000E+00  0.0000E+00  0.6500E-02  0.0000E+00  0.0000E+00  0.0000E+00  0.0000E+00  0.0000E+00  0.0000E+00  0.0000E+00  0.0000E+00  0.0000E+00  0.0000E+00  0.0000E+00  0.0000E+00  0.0000E+00  0.0000E+00  0.0000E+00
  0.3728E-01  0.0000E+00  0.4406E-02  0.4375E-02  0.2594E-02  0.0000E+00  0.6772E-01  0.0000E+00  0.1525E-01  0.1641E-01  0.0000E+00  0.0000E+00  0.8469E-02  0.8750E-02  0.2844E-02  0.3000E-02  0.5906E-02  0.0000E+00  0.1750E-02  0.1875E-02  0.3228E-01  0.2978E-01  0.0000E+00  0.0000E+00  0.2969E-02  0.3812E-02  0.1313E-02  0.1531E-02  0.0000E+00  0.0000E+00  0.3563E-02  0.4125E-02
  0.3441E-01  0.0000E+00  0.5031E-02  0.4156E-02  0.2687E-02  0.0000E+00  0.0000E+00  0.0000E+00  0.1528E-01  0.1653E-01  0.0000E+00  0.0000E+00  0.0000E+00  0.0000E+00  0.3156E-02  0.2594E-02  0.0000E+00  0.0000E+00  0.2281E-02  0.2344E-02  0.0000E+00  0.0000E+00  0.0000E+00  0.0000E+00  0.0000E+00  0.0000E+00  0.0000E+00  0.0000E+00  0.0000E+00  0.0000E+00  0.0000E+00  0.0000E+00
  0.3391E-01  0.0000E+00  0.0000E+00  0.0000E+00  0.2469E-02  0.0000E+00  0.0000E+00  0.0000E+00  0.0000E+00  0.0000E+00  0.0000E+00  0.0000E+00  0.0000E+00  0.0000E+00  0.0000E+00  0.0000E+00  0.0000E+00  0.0000E+00  0.0000E+00  0.0000E+00  0.0000E+00  0.0000E+00  0.0000E+00  0.0000E+00  0.0000E+00  0.0000E+00  0.0000E+00  0.0000E+00  0.0000E+00  0.0000E+00  0.0000E+00  0.0000E+00
  0.3750E-01  0.0000E+00  0.0000E+00  0.0000E+00  0.3156E-02  0.0000E+00  0.0000E+00  0.0000E+00  0.0000E+00  0.0000E+00  0.0000E+00  0.0000E+00  0.0000E+00  0.0000E+00  0.0000E+00  0.0000E+00  0.0000E+00  0.0000E+00  0.0000E+00  0.0000E+00  0.0000E+00  0.0000E+00  0.0000E+00  0.0000E+00  0.0000E+00  0.0000E+00  0.0000E+00  0.0000E+00  0.0000E+00  0.0000E+00  0.0000E+00  0.0000E+00
  0.3444E-01  0.0000E+00  0.4188E-02  0.5188E-02  0.3156E-02  0.0000E+00  0.0000E+00  0.0000E+00  0.1606E-01  0.1522E-01  0.0000E+00  0.0000E+00  0.0000E+00  0.0000E+00  0.2594E-02  0.2250E-02  0.0000E+00  0.0000E+00  0.2344E-02  0.2687E-02  0.0000E+00  0.0000E+00  0.0000E+00  0.0000E+00  0.0000E+00  0.0000E+00  0.0000E+00  0.0000E+00  0.0000E+00  0.0000E+00  0.0000E+00  0.0000E+00
 Events:
        1110           0         120         120          77           0        2173           0         496         520           0           0         310         268          87          91         164           0          59          66        1018        1022           0           0         101         126          48          40           0           0         125         136
        1115           0           0           0          89           0        2219           0           0           0           0           0           0           0           0           0         175           0           0           0           0           0           0           0           0           0           0           0           0           0           0           0
        1135           0           0           0          94           0        2252           0           0           0           0           0           0           0           0           0         208           0           0           0           0           0           0           0           0           0           0           0           0           0           0           0
        1193           0         141         140          83           0        2167           0         488         525           0           0         271         280          91          96         189           0          56          60        1033         953           0           0          95         122          42          49           0           0         114         132
        1101           0         161         133          86           0           0           0         489         529           0           0           0           0         101          83           0           0          73          75           0           0           0           0           0           0           0           0           0           0           0           0
        1085           0           0           0          79           0           0           0           0           0           0           0           0           0           0           0           0           0           0           0           0           0           0           0           0           0           0           0           0           0           0           0
        1200           0           0           0         101           0           0           0           0           0           0           0           0           0           0           0           0           0           0           0           0           0           0           0           0           0           0           0           0           0           0           0
        1102           0         134         166         101           0           0           0         514         487           0           0           0           0          83          72           0           0          75          86           0           0           0           0           0           0           0           0           0           0           0           0
 Accuracy:    0.012   0.010   0.022   0.287
 Found         2794  events.
 Wrote          303  events.
 Actual xsec    7.4201556136968512E-005
 Correct abs xsec    7.4201556136968512E-005
 Event xsec    7.4201556136968064E-005
 Events wgts > 1:            8
 % Cross section > 1:    6.7206395290037759E-007  0.90572757215471345     
 Iteration  6   Mean: 0.7589E-04 Abs mean: 0.7589E-04   Fluctuation:  0.126E-05   0.194E-01    78.1%
  6    0.7589E-04 0.7589E-04 +- 0.1260E-05      4.20
 Relative summed weights:
  0.3032E-01  0.0000E+00  0.7843E-02  0.1102E-01  0.6026E-03  0.0000E+00  0.6106E-01  0.0000E+00  0.1368E-01  0.1608E-01  0.0000E+00  0.0000E+00  0.1885E-01  0.1545E-01  0.8373E-02  0.4851E-02  0.1394E-02  0.0000E+00  0.4345E-03  0.5349E-03  0.2468E-01  0.2765E-01  0.0000E+00  0.0000E+00  0.6330E-02  0.1039E-01  0.2141E-02  0.5453E-02  0.0000E+00  0.0000E+00  0.1405E-02  0.1168E-02
  0.3273E-01  0.0000E+00  0.0000E+00  0.0000E+00  0.1208E-02  0.0000E+00  0.7430E-01  0.0000E+00  0.0000E+00  0.0000E+00  0.0000E+00  0.0000E+00  0.0000E+00  0.0000E+00  0.0000E+00  0.0000E+00  0.1713E-02  0.0000E+00  0.0000E+00  0.0000E+00  0.0000E+00  0.0000E+00  0.0000E+00  0.0000E+00  0.0000E+00  0.0000E+00  0.0000E+00  0.0000E+00  0.0000E+00  0.0000E+00  0.0000E+00  0.0000E+00
  0.3480E-01  0.0000E+00  0.0000E+00  0.0000E+00  0.1096E-02  0.0000E+00  0.6849E-01  0.0000E+00  0.0000E+00  0.0000E+00  0.0000E+00  0.0000E+00  0.0000E+00  0.0000E+00  0.0000E+00  0.0000E+00  0.1730E-02  0.0000E+00  0.0000E+00  0.0000E+00  0.0000E+00  0.0000E+00  0.0000E+00  0.0000E+00  0.0000E+00  0.0000E+00  0.0000E+00  0.0000E+00  0.0000E+00  0.0000E+00  0.0000E+00  0.0000E+00
  0.3270E-01  0.0000E+00  0.8177E-02  0.8589E-02  0.7004E-03  0.0000E+00  0.7110E-01  0.0000E+00  0.1112E-01  0.1137E-01  0.0000E+00  0.0000E+00  0.1757E-01  0.1791E-01  0.6202E-02  0.4434E-02  0.1911E-02  0.0000E+00  0.5096E-03  0.6547E-03  0.2698E-01  0.2471E-01  0.0000E+00  0.0000E+00  0.1225E-01  0.5959E-02  0.2303E-02  0.4549E-02  0.0000E+00  0.0000E+00  0.1134E-02  0.1061E-02
  0.3916E-01  0.0000E+00  0.8734E-02  0.7864E-02  0.1990E-02  0.0000E+00  0.0000E+00  0.0000E+00  0.1184E-01  0.1293E-01  0.0000E+00  0.0000E+00  0.0000E+00  0.0000E+00  0.5871E-02  0.5079E-02  0.0000E+00  0.0000E+00  0.6444E-03  0.5839E-03  0.0000E+00  0.0000E+00  0.0000E+00  0.0000E+00  0.0000E+00  0.0000E+00  0.0000E+00  0.0000E+00  0.0000E+00  0.0000E+00  0.0000E+00  0.0000E+00
  0.3034E-01  0.0000E+00  0.0000E+00  0.0000E+00  0.1014E-02  0.0000E+00  0.0000E+00  0.0000E+00  0.0000E+00  0.0000E+00  0.0000E+00  0.0000E+00  0.0000E+00  0.0000E+00  0.0000E+00  0.0000E+00  0.0000E+00  0.0000E+00  0.0000E+00  0.0000E+00  0.0000E+00  0.0000E+00  0.0000E+00  0.0000E+00  0.0000E+00  0.0000E+00  0.0000E+00  0.0000E+00  0.0000E+00  0.0000E+00  0.0000E+00  0.0000E+00
  0.3057E-01  0.0000E+00  0.0000E+00  0.0000E+00  0.5619E-03  0.0000E+00  0.0000E+00  0.0000E+00  0.0000E+00  0.0000E+00  0.0000E+00  0.0000E+00  0.0000E+00  0.0000E+00  0.0000E+00  0.0000E+00  0.0000E+00  0.0000E+00  0.0000E+00  0.0000E+00  0.0000E+00  0.0000E+00  0.0000E+00  0.0000E+00  0.0000E+00  0.0000E+00  0.0000E+00  0.0000E+00  0.0000E+00  0.0000E+00  0.0000E+00  0.0000E+00
  0.3635E-01  0.0000E+00  0.6260E-02  0.5541E-02  0.8542E-03  0.0000E+00  0.0000E+00  0.0000E+00  0.1523E-01  0.9817E-02  0.0000E+00  0.0000E+00  0.0000E+00  0.0000E+00  0.6483E-02  0.3641E-02  0.0000E+00  0.0000E+00  0.4661E-03  0.5059E-03  0.0000E+00  0.0000E+00  0.0000E+00  0.0000E+00  0.0000E+00  0.0000E+00  0.0000E+00  0.0000E+00  0.0000E+00  0.0000E+00  0.0000E+00  0.0000E+00
 Relative number of events:
  0.3564E-01  0.0000E+00  0.4297E-02  0.4578E-02  0.2203E-02  0.0000E+00  0.7081E-01  0.0000E+00  0.1622E-01  0.1586E-01  0.0000E+00  0.0000E+00  0.8234E-02  0.9500E-02  0.2484E-02  0.2625E-02  0.5750E-02  0.0000E+00  0.1797E-02  0.1953E-02  0.3128E-01  0.3091E-01  0.0000E+00  0.0000E+00  0.3734E-02  0.3031E-02  0.1250E-02  0.1297E-02  0.0000E+00  0.0000E+00  0.3812E-02  0.4141E-02
  0.3494E-01  0.0000E+00  0.0000E+00  0.0000E+00  0.3000E-02  0.0000E+00  0.7039E-01  0.0000E+00  0.0000E+00  0.0000E+00  0.0000E+00  0.0000E+00  0.0000E+00  0.0000E+00  0.0000E+00  0.0000E+00  0.5859E-02  0.0000E+00  0.0000E+00  0.0000E+00  0.0000E+00  0.0000E+00  0.0000E+00  0.0000E+00  0.0000E+00  0.0000E+00  0.0000E+00  0.0000E+00  0.0000E+00  0.0000E+00  0.0000E+00  0.0000E+00
  0.3700E-01  0.0000E+00  0.0000E+00  0.0000E+00  0.2656E-02  0.0000E+00  0.6970E-01  0.0000E+00  0.0000E+00  0.0000E+00  0.0000E+00  0.0000E+00  0.0000E+00  0.0000E+00  0.0000E+00  0.0000E+00  0.4734E-02  0.0000E+00  0.0000E+00  0.0000E+00  0.0000E+00  0.0000E+00  0.0000E+00  0.0000E+00  0.0000E+00  0.0000E+00  0.0000E+00  0.0000E+00  0.0000E+00  0.0000E+00  0.0000E+00  0.0000E+00
  0.3431E-01  0.0000E+00  0.4359E-02  0.4250E-02  0.2703E-02  0.0000E+00  0.7064E-01  0.0000E+00  0.1553E-01  0.1555E-01  0.0000E+00  0.0000E+00  0.9203E-02  0.9172E-02  0.2703E-02  0.2672E-02  0.5641E-02  0.0000E+00  0.1781E-02  0.1875E-02  0.3188E-01  0.3067E-01  0.0000E+00  0.0000E+00  0.3422E-02  0.3703E-02  0.1469E-02  0.1422E-02  0.0000E+00  0.0000E+00  0.3422E-02  0.4562E-02
  0.3572E-01  0.0000E+00  0.4344E-02  0.4266E-02  0.2516E-02  0.0000E+00  0.0000E+00  0.0000E+00  0.1558E-01  0.1562E-01  0.0000E+00  0.0000E+00  0.0000E+00  0.0000E+00  0.2531E-02  0.2609E-02  0.0000E+00  0.0000E+00  0.2031E-02  0.1953E-02  0.0000E+00  0.0000E+00  0.0000E+00  0.0000E+00  0.0000E+00  0.0000E+00  0.0000E+00  0.0000E+00  0.0000E+00  0.0000E+00  0.0000E+00  0.0000E+00
  0.3486E-01  0.0000E+00  0.0000E+00  0.0000E+00  0.2781E-02  0.0000E+00  0.0000E+00  0.0000E+00  0.0000E+00  0.0000E+00  0.0000E+00  0.0000E+00  0.0000E+00  0.0000E+00  0.0000E+00  0.0000E+00  0.0000E+00  0.0000E+00  0.0000E+00  0.0000E+00  0.0000E+00  0.0000E+00  0.0000E+00  0.0000E+00  0.0000E+00  0.0000E+00  0.0000E+00  0.0000E+00  0.0000E+00  0.0000E+00  0.0000E+00  0.0000E+00
  0.3548E-01  0.0000E+00  0.0000E+00  0.0000E+00  0.2906E-02  0.0000E+00  0.0000E+00  0.0000E+00  0.0000E+00  0.0000E+00  0.0000E+00  0.0000E+00  0.0000E+00  0.0000E+00  0.0000E+00  0.0000E+00  0.0000E+00  0.0000E+00  0.0000E+00  0.0000E+00  0.0000E+00  0.0000E+00  0.0000E+00  0.0000E+00  0.0000E+00  0.0000E+00  0.0000E+00  0.0000E+00  0.0000E+00  0.0000E+00  0.0000E+00  0.0000E+00
  0.3478E-01  0.0000E+00  0.4500E-02  0.4078E-02  0.2594E-02  0.0000E+00  0.0000E+00  0.0000E+00  0.1628E-01  0.1516E-01  0.0000E+00  0.0000E+00  0.0000E+00  0.0000E+00  0.2781E-02  0.2109E-02  0.0000E+00  0.0000E+00  0.1984E-02  0.1906E-02  0.0000E+00  0.0000E+00  0.0000E+00  0.0000E+00  0.0000E+00  0.0000E+00  0.0000E+00  0.0000E+00  0.0000E+00  0.0000E+00  0.0000E+00  0.0000E+00
 Events:
        2281           0         275         293         141           0        4532           0        1038        1015           0           0         527         608         159         168         368           0         115         125        2002        1978           0           0         239         194          80          83           0           0         244         265
        2236           0           0           0         192           0        4505           0           0           0           0           0           0           0           0           0         375           0           0           0           0           0           0           0           0           0           0           0           0           0           0           0
        2368           0           0           0         170           0        4461           0           0           0           0           0           0           0           0           0         303           0           0           0           0           0           0           0           0           0           0           0           0           0           0           0
        2196           0         279         272         173           0        4521           0         994         995           0           0         589         587         173         171         361           0         114         120        2040        1963           0           0         219         237          94          91           0           0         219         292
        2286           0         278         273         161           0           0           0         997        1000           0           0           0           0         162         167           0           0         130         125           0           0           0           0           0           0           0           0           0           0           0           0
Thanks for using LHAPDF 6.2.1. Please make sure to cite the paper:
  Eur.Phys.J. C75 (2015) 3, 132  (http://arxiv.org/abs/1412.7420)
        2231           0           0           0         178           0           0           0           0           0           0           0           0           0           0           0           0           0           0           0           0           0           0           0           0           0           0           0           0           0           0           0
        2271           0           0           0         186           0           0           0           0           0           0           0           0           0           0           0           0           0           0           0           0           0           0           0           0           0           0           0           0           0           0           0
        2226           0         288         261         166           0           0           0        1042         970           0           0           0           0         178         135           0           0         127         122           0           0           0           0           0           0           0           0           0           0           0           0
 Accuracy:    0.008   0.010   0.013   0.331
 Finished due to accuracy    7.6696297931905417E-003   1.0000000000000000E-002

 -------------------------------------------------------------------------------
 Accumulated results:   Integral =  0.7534E-04
                        Std dev  =  0.1004E-05
                       Cross sec =  0.7534E-04
             Chi**2 per DoF.     =      0.3314
 -------------------------------------------------------------------------------
 Found         6072  events.
 Wrote          593  events.
 Actual xsec    7.5337930635593057E-005
 Correct abs xsec    7.5337930635593057E-005
 Event xsec    7.5337930635594318E-005
 Events wgts > 1:           19
 % Cross section > 1:    6.7118859314205065E-007  0.89090394105534343     
-------------------------------------------------
---------------------------
 Results Last   3 iters: Integral =   0.7534E-04
                     Abs integral =   0.7534E-04
                          Std dev =   0.1016E-05
                  Chi**2 per DoF. =      0.5404
-------------------------------------------------
---------------------------
 Status   1.0000000000000000E-002           7           8

ls status:
events.lhe
ftn26
input_app.txt
results.dat
run1_app.log
