==== LHAPDF6 USING DEFAULT-TYPE LHAGLUE INTERFACE ====
LHAPDF 6.2.1 loading /cvmfs/cms.cern.ch/slc6_amd64_gcc630/external/lhapdf/6.2.1-ghjeda2/share/LHAPDF/NNPDF31_nnlo_as_0118_nf_4_mc_hessian/NNPDF31_nnlo_as_0118_nf_4_mc_hessian_0000.dat
NNPDF31_nnlo_as_0118_nf_4_mc_hessian PDF set, member #0, version 1; LHAPDF ID = 325500
 Process in group number            1
 A PDF is used, so alpha_s(MZ) is going to be modified
 Old value of alpha_s from param_card:   0.11810000000000001     
 New value of alpha_s from PDF lhapdf :  0.11266013434007299     
 using LHAPDF
 Define smin to   10000.000000000000     
 Define smin to   10000.000000000000     
 Define smin to   10000.000000000000     
 Define smin to   10000.000000000000     
 Define smin to   10000.000000000000     
 Define smin to   10000.000000000000     
 Define smin to   10000.000000000000     
 *****************************************************
 *               MadGraph/MadEvent                   *
 *        --------------------------------           *
 *          http://madgraph.hep.uiuc.edu             *
 *          http://madgraph.phys.ucl.ac.be           *
 *          http://madgraph.roma2.infn.it            *
 *        --------------------------------           *
 *                                                   *
 *          PARAMETER AND COUPLING VALUES            *
 *                                                   *
 *****************************************************

  External Params
  ---------------------------------
  
 mdl_MW0 =    80.387000000000000     
 mdl_Gf =    1.1663789999999999E-005
 aS =   0.11810000000000001     
 mdl_ymdo =    1.0000000000000000E-099
 mdl_ymb =    4.1799999999999997     
 mdl_ymt =    173.19999999999999     
 mdl_ymtau =    1.7769999999999999     
 mdl_LambdaSMEFT =    1000.0000000000000     
 mdl_cW =    1.0000000000000000     
 mdl_MZ =    91.187600000000003     
 mdl_MTA =    1.7769999999999999     
 mdl_MT =    173.19999999999999     
 mdl_MB =    4.1799999999999997     
 mdl_MH =    125.09000000000000     
 mdl_WZ =    2.4952000000000001     
 mdl_WW =    2.0850000000000000     
 mdl_WT =    1.5083359999999999     
 mdl_WH =    4.0699999999999998E-003
  Internal Params
  ---------------------------------
  
 mdl_ymm =    1.0000000000000000E-099
 mdl_yme =    1.0000000000000000E-099
 mdl_ymc =    1.0000000000000000E-099
 mdl_yms =    1.0000000000000000E-099
 mdl_ymup =    1.0000000000000000E-099
 mdl_conjg__CKM3x3 =    1.0000000000000000     
 mdl_cH =    0.0000000000000000     
 mdl_cHB =    0.0000000000000000     
 mdl_CKM2x2 =    1.0000000000000000     
 mdl_CKM1x1 =    1.0000000000000000     
 mdl_conjg__CKM1x1 =    1.0000000000000000     
 mdl_dGf =    0.0000000000000000     
 mdl_CKM3x3 =    1.0000000000000000     
 mdl_dMH2 =    0.0000000000000000     
 mdl_conjg__CKM2x2 =    1.0000000000000000     
 mdl_dg1 =    0.0000000000000000     
 mdl_cHW =    0.0000000000000000     
 mdl_dgw =    0.0000000000000000     
 mdl_complexi =  (  0.0000000000000000     ,  1.0000000000000000     )
 mdl_MW =    80.387000000000000     
 mdl_nb__2__exp__0_25 =    1.1892071150027210     
 mdl_MH__exp__2 =    15647.508100000001     
 mdl_sqrt__2 =    1.4142135623730951     
 mdl_MW__exp__2 =    6462.0697689999997     
 mdl_MZ__exp__2 =    8315.1783937600012     
 mdl_sth2 =   0.22285855299877133     
 mdl_MH__exp__6 =    3831206449390.3818     
 mdl_MT__exp__6 =    26995248278778.535     
 mdl_MH__exp__4 =    244844509.73956564     
 mdl_MT__exp__4 =    899894403.09759963     
 mdl_MT__exp__2 =    29998.239999999994     
 mdl_LambdaSMEFT__exp__2 =    1000000.0000000000     
 mdl_cth =   0.88155626422890820     
 mdl_sqrt__sth2 =   0.47207896902824564     
 mdl_sth =   0.47207896902824564     
 mdl_MW0__exp__6 =    269845343347.69711     
 mdl_MW0__exp__4 =    41758345.699423708     
 mdl_MW0__exp__2 =    6462.0697689999997     
 mdl_MZ__exp__4 =    69142191.720053151     
 mdl_MZ__exp__6 =    574929658687.79749     
 mdl_cth__exp__2 =   0.77714144700122867     
 mdl_sth__exp__2 =   0.22285855299877130     
 mdl_sth__exp__3 =   0.10520683593878660     
 mdl_cth__exp__3 =   0.68509391079585125     
 mdl_sth__exp__4 =    4.9665934644706158E-002
 mdl_sqrt__Gf =    3.4152291284773265E-003
 mdl_vevhat =    246.21961912951551     
 mdl_lam =   0.12905352724481209     
 mdl_aEW =    7.5614618607353409E-003
 mdl_yb =    2.4008698866559607E-002
 mdl_yc =    5.7437078628133041E-102
 mdl_ydo =    5.7437078628133041E-102
 mdl_ye =    5.7437078628133041E-102
 mdl_ym =    5.7437078628133041E-102
 mdl_ys =    5.7437078628133041E-102
 mdl_yt =   0.99481020183926416     
 mdl_ytau =    1.0206568872219240E-002
 mdl_yup =    5.7437078628133041E-102
 mdl_vevhat__exp__2 =    60624.100844283676     
 mdl_barlam =   0.12905352724481209     
 mdl_vevT =    246.21961912951551     
 mdl_sqrt__aEW =    8.6956666568672819E-002
 mdl_ee =   0.30825335704310214     
 mdl_gwsh =   0.65296989967087182     
 mdl_vev =    246.21961912951551     
 mdl_g1 =   0.34966952144878632     
 mdl_gw =   0.65296989967087182     
 mdl_ee__exp__2 =    9.5020132128342205E-002
 mdl_gHaa =   -1.9303830602986922E-003
 mdl_gHza =   -6.8546472954154700E-003
 mdl_g1sh =   0.34966952144878632     
 mdl_I1d11 =  (  5.7437078628133041E-102,  0.0000000000000000     )
 mdl_I1d22 =  (  5.7437078628133041E-102,  0.0000000000000000     )
 mdl_I1d33 =  (  2.4008698866559607E-002,  0.0000000000000000     )
 mdl_I2d11 =  (  5.7437078628133041E-102,  0.0000000000000000     )
 mdl_I2d22 =  (  5.7437078628133041E-102,  0.0000000000000000     )
 mdl_I2d33 =  ( 0.99481020183926416     ,  0.0000000000000000     )
 mdl_I3d11 =  (  5.7437078628133041E-102,  0.0000000000000000     )
 mdl_I3d22 =  (  5.7437078628133041E-102,  0.0000000000000000     )
 mdl_I3d33 =  (  2.4008698866559607E-002,  0.0000000000000000     )
 mdl_I4d11 =  (  5.7437078628133041E-102,  0.0000000000000000     )
 mdl_I4d22 =  (  5.7437078628133041E-102,  0.0000000000000000     )
 mdl_I4d33 =  ( 0.99481020183926416     ,  0.0000000000000000     )
 mdl_I5d11 =  (  5.7437078628133041E-102,  0.0000000000000000     )
 mdl_I5d22 =  (  5.7437078628133041E-102,  0.0000000000000000     )
 mdl_I5d33 =  (  2.4008698866559607E-002,  0.0000000000000000     )
 mdl_I6d11 =  (  5.7437078628133041E-102,  0.0000000000000000     )
 mdl_I6d22 =  (  5.7437078628133041E-102,  0.0000000000000000     )
 mdl_I6d33 =  ( 0.99481020183926416     ,  0.0000000000000000     )
 mdl_ee__exp__3 =    2.9290274715240611E-002
 mdl_vevhat__exp__3 =    14926843.019948866     
  Internal Params evaluated point by point
  ----------------------------------------
  
 mdl_sqrt__aS =   0.34365680554879169     
 mdl_G__exp__2 =    1.4840883695558185     
 mdl_gHgg =    3.2334372328970845E-003
 mdl_G__exp__3 =  (  1.8079634332366095     ,  0.0000000000000000     )
  Couplings of SMEFTsim_A_U35_MwScheme_UFO_v3_1-cW_massless
  ---------------------------------
  
        GC_64 =   0.00000E+00   0.52893E-05
       GC_345 =   0.00000E+00   0.28325E-05
         GC_1 =   0.00000E+00   0.10275E+00
         GC_2 =  -0.00000E+00  -0.20550E+00
         GC_3 =  -0.00000E+00  -0.30825E+00
       GC_255 =  -0.00000E+00  -0.42637E+00
       GC_278 =  -0.00000E+00  -0.37035E+00
       GC_280 =  -0.00000E+00  -0.57563E+00
       GC_318 =   0.00000E+00   0.39178E-05
       GC_328 =  -0.00000E+00  -0.55024E-01
       GC_329 =   0.00000E+00   0.11005E+00
       GC_330 =  -0.00000E+00  -0.16507E+00
       GC_400 =   0.00000E+00   0.52490E+02
       GC_809 =  -0.00000E+00  -0.72171E-02
      GC_1073 =  -0.00000E+00  -0.46172E+00

 Collider parameters:
 --------------------

 Running at P P   machine @    13000.000000000000       GeV
 PDF set = lhapdf 
 alpha_s(Mz)= 0.1127 running at 3 loops.
 alpha_s(Mz)= 0.1127 running at 3 loops.
 Renormalization scale set on event-by-event basis
 Factorization   scale set on event-by-event basis


 getting user params
Enter number of events and max and min iterations: 
 Number of events and iterations         2000           8           3
Enter desired fractional accuracy: 
 Desired fractional accuracy:    1.0000000000000000E-002
Enter 0 for fixed, 2 for adjustable grid: 
Suppress amplitude (0 no, 1 yes)? 
 Using suppressed amplitude.
Exact helicity sum (0 yes, n = number/event)? 
 Explicitly summing over helicities
Enter Configuration Number: 
Running Configuration Number:   44
 Not subdividing B.W.
 Attempting mappinvarients           1           8
 Completed mapping           8
 about to integrate           16        2000           8           3          16           1
 Using non-zero grid deformation.
 16 dimensions   2000 events 16 invarients  8 iterations  1 config(s),  (0.99)
 Using h-tuple random number sequence.
 Error opening grid
 Using Uniform Grid!          32
 Using uniform alpha   1.0000000000000000     
 Grid defined OK
 Set CM energy to      13000.00
 Mapping Graph          44  to config          44
 Setting BW          -1           1   80.387000000000000     
 Setting BW          -2           2   80.387000000000000     
Setting grid   3    0.18685E-07   1
 Warning: No cutoff for shat integral found
          Minimum set to    5.9171597633136107E-009
Setting grid   4    0.59172E-08   1
Setting grid   5    0.59172E-06   1
 Transforming s_hat 1/s           15   1.1585044837869826E-004   10000.000000000000        168999999.99999997     
  44   1   2   3   4   5   6   7   8   9  10  11  12  13  14
  15  16
 Masses: 0.000E+00 0.000E+00 0.000E+00 0.178E+01 0.000E+00 0.000E+00 0.000E+00 0.000E+00
Using random seed offsets    44 :      5
  with seed                   24
 Ranmar initialization seeds       31102        9402
 
 ********************************************
 * You are using the DiscreteSampler module *
 *      part of the MG5_aMC framework       *
 *         Author: Valentin Hirschi         *
 ********************************************
 
  Particle       3       4       5       6       7       8
      Et >     0.0     0.0     0.0     0.0    10.0    10.0
       E >     0.0     0.0     0.0     0.0     0.0     0.0
     Eta <    -1.0    -1.0    -1.0    -1.0     6.5     6.5
   xqcut:      0.0     0.0     0.0     0.0     0.0     0.0
d R # 3  >    -0.0     0.4     0.0     0.0     0.4     0.4
d R # 4  >    -0.0    -0.0     0.0     0.0     0.4     0.4
d R # 5  >    -0.0    -0.0    -0.0     0.0     0.0     0.0
d R # 6  >    -0.0    -0.0    -0.0    -0.0     0.0     0.0
d R # 7  >    -0.0    -0.0    -0.0    -0.0    -0.0     0.4
s min # 3>     0.0     0.0     0.0     0.0     0.0     0.0
s min # 4>     0.0     0.0     0.0     0.0     0.0     0.0
s min # 5>     0.0     0.0     0.0     0.0     0.0     0.0
s min # 6>     0.0     0.0     0.0     0.0     0.0     0.0
s min # 7>     0.0     0.0     0.0     0.0     0.0 10000.0
xqcutij # 3>     0.0     0.0     0.0     0.0     0.0     0.0
xqcutij # 4>     0.0     0.0     0.0     0.0     0.0     0.0
xqcutij # 5>     0.0     0.0     0.0     0.0     0.0     0.0
xqcutij # 6>     0.0     0.0     0.0     0.0     0.0     0.0
xqcutij # 7>     0.0     0.0     0.0     0.0     0.0     0.0
 No cut BW           -1           1
 No cut BW           -2           2
 No cut BW           -5           3
 alpha_s for scale    92.207388550457537       is   0.11246210819085091     
 Added good helicity          193   255.90809309488967       in event            1 local:           1
 Added good helicity          209   9.1906905110308634E-002  in event            1 local:           1
 Added good helicity          193   255.90257727953767       in event            1 local:           1
 Added good helicity          209   9.7422720462338255E-002  in event            1 local:           1
 RESET CUMULATIVE VARIABLE
 RESET CUMULATIVE VARIABLE
 RESET CUMULATIVE VARIABLE
 Iteration  1   Mean: -.1380E-05 Abs mean: 0.4115E-04   Fluctuation:  0.912E-05   0.138E-01     4.0%
  1   -0.1380E-05 0.4115E-04 +- 0.9120E-05      9.91
 Writing out events   6.5045134694265586E-008   9.9103564115990146     
 Relative summed weights:
  0.4587E+00  0.0000E+00  0.1493E+00  0.7658E-01  0.9496E-02  0.0000E+00  0.5740E-02  0.3833E-01  0.0000E+00  0.0000E+00  0.4137E-01  0.2523E-01  0.3023E-02  0.5871E-02
  0.1804E+00  0.0000E+00  0.0000E+00  0.0000E+00  0.5985E-02  0.0000E+00  0.0000E+00  0.0000E+00  0.0000E+00  0.0000E+00  0.0000E+00  0.0000E+00  0.0000E+00  0.0000E+00
 Relative number of events:
  0.1048E+00  0.0000E+00  0.1515E+00  0.1535E+00  0.4357E-01  0.0000E+00  0.1141E-01  0.2386E-01  0.0000E+00  0.0000E+00  0.1359E+00  0.1359E+00  0.3320E-01  0.5809E-01
  0.1006E+00  0.0000E+00  0.0000E+00  0.0000E+00  0.4772E-01  0.0000E+00  0.0000E+00  0.0000E+00  0.0000E+00  0.0000E+00  0.0000E+00  0.0000E+00  0.0000E+00  0.0000E+00
 Events:
         101           0         146         148          42           0          11          23           0           0         131         131          32          56
          97           0           0           0          46           0           0           0           0           0           0           0           0           0
 Iteration  2   Mean: -.2229E-04 Abs mean: 0.9672E-04   Fluctuation:  0.345E-04   0.125E+00    50.9%
  2   -0.2229E-04 0.9672E-04 +- 0.3451E-04     22.57
 Relative summed weights:
  0.1738E+00  0.0000E+00  0.6623E-01  0.7833E-01  0.1782E+00  0.0000E+00  0.9587E-02  0.1409E-01  0.0000E+00  0.0000E+00  0.5014E-01  0.9236E-01  0.6467E-02  0.4817E-02
  0.3231E+00  0.0000E+00  0.0000E+00  0.0000E+00  0.2919E-02  0.0000E+00  0.0000E+00  0.0000E+00  0.0000E+00  0.0000E+00  0.0000E+00  0.0000E+00  0.0000E+00  0.0000E+00
 Relative number of events:
  0.1384E+00  0.0000E+00  0.1588E+00  0.1603E+00  0.3448E-01  0.0000E+00  0.1797E-01  0.1554E-01  0.0000E+00  0.0000E+00  0.1263E+00  0.1219E+00  0.3254E-01  0.2817E-01
  0.1336E+00  0.0000E+00  0.0000E+00  0.0000E+00  0.3205E-01  0.0000E+00  0.0000E+00  0.0000E+00  0.0000E+00  0.0000E+00  0.0000E+00  0.0000E+00  0.0000E+00  0.0000E+00
 Events:
         285           0         327         330          71           0          37          32           0           0         260         251          67          58
         275           0           0           0          66           0           0           0           0           0           0           0           0           0
 Iteration  3   Mean: 0.6666E-05 Abs mean: 0.6924E-04   Fluctuation:  0.980E-05   0.548E-01    65.0%
  3    0.6666E-05 0.6924E-04 +- 0.9797E-05     12.65
 Relative summed weights:
  0.4109E+00  0.0000E+00  0.9831E-01  0.7239E-01  0.1771E-02  0.0000E+00  0.2162E-01  0.5902E-02  0.0000E+00  0.0000E+00  0.7751E-01  0.4948E-01  0.3535E-02  0.7940E-02
  0.2442E+00  0.0000E+00  0.0000E+00  0.0000E+00  0.6398E-02  0.0000E+00  0.0000E+00  0.0000E+00  0.0000E+00  0.0000E+00  0.0000E+00  0.0000E+00  0.0000E+00  0.0000E+00
 Relative number of events:
  0.1530E+00  0.0000E+00  0.1641E+00  0.1594E+00  0.2228E-01  0.0000E+00  0.1658E-01  0.1485E-01  0.0000E+00  0.0000E+00  0.1208E+00  0.1163E+00  0.2302E-01  0.2475E-01
  0.1574E+00  0.0000E+00  0.0000E+00  0.0000E+00  0.2748E-01  0.0000E+00  0.0000E+00  0.0000E+00  0.0000E+00  0.0000E+00  0.0000E+00  0.0000E+00  0.0000E+00  0.0000E+00
 Events:
         618           0         663         644          90           0          67          60           0           0         488         470          93         100
         636           0           0           0         111           0           0           0           0           0           0           0           0           0
 Accuracy:    0.176   0.010   0.113   2.435
 Found          402  events.
 Wrote           10  events.
 Actual xsec    1.6601488466396883E-006
 Correct abs xsec    6.4688002375901303E-005
 Event xsec    6.4688002375901303E-005
 Events wgts > 1:            1
 % Cross section > 1:    2.0195592007938743E-013   3.1219996392193980E-007
 Iteration  4   Mean: 0.1452E-04 Abs mean: 0.8229E-04   Fluctuation:  0.518E-05   0.332E-01    73.0%
  4    0.1452E-04 0.8229E-04 +- 0.5184E-05      7.97
 Relative summed weights:
  0.2820E+00  0.0000E+00  0.7005E-01  0.1041E+00  0.3158E-02  0.0000E+00  0.1747E-01  0.4312E-01  0.0000E+00  0.0000E+00  0.4953E-01  0.5198E-01  0.3345E-02  0.4804E-02
  0.3640E+00  0.0000E+00  0.0000E+00  0.0000E+00  0.6311E-02  0.0000E+00  0.0000E+00  0.0000E+00  0.0000E+00  0.0000E+00  0.0000E+00  0.0000E+00  0.0000E+00  0.0000E+00
 Relative number of events:
  0.1649E+00  0.0000E+00  0.1664E+00  0.1577E+00  0.2233E-01  0.0000E+00  0.1460E-01  0.1460E-01  0.0000E+00  0.0000E+00  0.1155E+00  0.1077E+00  0.2160E-01  0.1890E-01
  0.1741E+00  0.0000E+00  0.0000E+00  0.0000E+00  0.2172E-01  0.0000E+00  0.0000E+00  0.0000E+00  0.0000E+00  0.0000E+00  0.0000E+00  0.0000E+00  0.0000E+00  0.0000E+00
 Events:
        1344           0        1356        1285         182           0         119         119           0           0         941         878         176         154
        1419           0           0           0         177           0           0           0           0           0           0           0           0           0
 Accuracy:    0.080   0.010   0.055   2.122
 Found         1174  events.
 Wrote           55  events.
 Actual xsec    1.2322674945489838E-005
 Correct abs xsec    8.0547898298995532E-005
 Event xsec    8.0547898298995559E-005
 Events wgts > 1:            1
 % Cross section > 1:    6.1431874714333800E-007  0.76267507919694366     
 Iteration  5   Mean: 0.6568E-05 Abs mean: 0.7804E-04   Fluctuation:  0.288E-05   0.343E-01    77.6%
  5    0.6568E-05 0.7804E-04 +- 0.2883E-05      6.61
 Relative summed weights:
  0.2955E+00  0.0000E+00  0.1011E+00  0.1088E+00  0.1234E-01  0.0000E+00  0.2674E-01  0.2552E-01  0.0000E+00  0.0000E+00  0.4961E-01  0.5160E-01  0.6092E-02  0.8562E-02
  0.3086E+00  0.0000E+00  0.0000E+00  0.0000E+00  0.5586E-02  0.0000E+00  0.0000E+00  0.0000E+00  0.0000E+00  0.0000E+00  0.0000E+00  0.0000E+00  0.0000E+00  0.0000E+00
 Relative number of events:
  0.1799E+00  0.0000E+00  0.1597E+00  0.1648E+00  0.2055E-01  0.0000E+00  0.1404E-01  0.1481E-01  0.0000E+00  0.0000E+00  0.1088E+00  0.1044E+00  0.1619E-01  0.1786E-01
  0.1810E+00  0.0000E+00  0.0000E+00  0.0000E+00  0.1792E-01  0.0000E+00  0.0000E+00  0.0000E+00  0.0000E+00  0.0000E+00  0.0000E+00  0.0000E+00  0.0000E+00  0.0000E+00
 Events:
        3012           0        2674        2759         344           0         235         248           0           0        1821        1747         271         299
        3030           0           0           0         300           0           0           0           0           0           0           0           0           0
 Accuracy:    0.039   0.010   0.031   1.594
 Found         2317  events.
 Wrote          104  events.
 Actual xsec    8.5097136055745248E-006
 Correct abs xsec    7.8652367419964061E-005
 Event xsec    7.8652367419964128E-005
 Events wgts > 1:            3
 % Cross section > 1:    4.5220931838593596E-007  0.57494686202052303     
 Iteration  6   Mean: 0.1360E-04 Abs mean: 0.7987E-04   Fluctuation:  0.166E-05   0.239E-01    80.4%
  6    0.1360E-04 0.7987E-04 +- 0.1657E-05      5.25
 Relative summed weights:
  0.3272E+00  0.0000E+00  0.9286E-01  0.9173E-01  0.8109E-02  0.0000E+00  0.2304E-01  0.3436E-01  0.0000E+00  0.0000E+00  0.4782E-01  0.4850E-01  0.8370E-02  0.7108E-02
  0.3021E+00  0.0000E+00  0.0000E+00  0.0000E+00  0.8812E-02  0.0000E+00  0.0000E+00  0.0000E+00  0.0000E+00  0.0000E+00  0.0000E+00  0.0000E+00  0.0000E+00  0.0000E+00
 Relative number of events:
  0.1829E+00  0.0000E+00  0.1570E+00  0.1625E+00  0.1942E-01  0.0000E+00  0.1495E-01  0.1466E-01  0.0000E+00  0.0000E+00  0.1048E+00  0.1051E+00  0.1578E-01  0.1673E-01
  0.1867E+00  0.0000E+00  0.0000E+00  0.0000E+00  0.1936E-01  0.0000E+00  0.0000E+00  0.0000E+00  0.0000E+00  0.0000E+00  0.0000E+00  0.0000E+00  0.0000E+00  0.0000E+00
 Events:
        6179           0        5303        5490         656           0         505         495           0           0        3541        3549         533         565
        6306           0           0           0         654           0           0           0           0           0           0           0           0           0
 Accuracy:    0.020   0.010   0.017   1.311
 Found         5178  events.
 Wrote          401  events.
 Actual xsec    1.2110139418142212E-005
 Correct abs xsec    7.9646134029063567E-005
 Event xsec    7.9646134029063431E-005
 Events wgts > 1:            8
 % Cross section > 1:    6.9908631855328587E-007  0.87774042905608507     
 Iteration  7   Mean: 0.1305E-04 Abs mean: 0.7869E-04   Fluctuation:  0.103E-05   0.321E-01    81.9%
  7    0.1305E-04 0.7869E-04 +- 0.1034E-05      4.70
 Relative summed weights:
  0.2870E+00  0.0000E+00  0.9907E-01  0.9644E-01  0.9957E-02  0.0000E+00  0.3114E-01  0.2617E-01  0.0000E+00  0.0000E+00  0.5894E-01  0.5951E-01  0.7984E-02  0.8354E-02
  0.3063E+00  0.0000E+00  0.0000E+00  0.0000E+00  0.9192E-02  0.0000E+00  0.0000E+00  0.0000E+00  0.0000E+00  0.0000E+00  0.0000E+00  0.0000E+00  0.0000E+00  0.0000E+00
Thanks for using LHAPDF 6.2.1. Please make sure to cite the paper:
  Eur.Phys.J. C75 (2015) 3, 132  (http://arxiv.org/abs/1412.7420)
 Relative number of events:
  0.1880E+00  0.0000E+00  0.1594E+00  0.1600E+00  0.1866E-01  0.0000E+00  0.1462E-01  0.1482E-01  0.0000E+00  0.0000E+00  0.1009E+00  0.1021E+00  0.1595E-01  0.1626E-01
  0.1909E+00  0.0000E+00  0.0000E+00  0.0000E+00  0.1831E-01  0.0000E+00  0.0000E+00  0.0000E+00  0.0000E+00  0.0000E+00  0.0000E+00  0.0000E+00  0.0000E+00  0.0000E+00
 Events:
       12824           0       10869       10915        1273           0         997        1011           0           0        6885        6967        1088        1109
       13021           0           0           0        1249           0           0           0           0           0           0           0           0           0
 Accuracy:    0.011   0.010   0.010   1.124
 Found        10821  events.
 Wrote          938  events.
 Actual xsec    1.2653811123384188E-005
 Correct abs xsec    7.8945321435510462E-005
 Event xsec    7.8945321435509120E-005
 Events wgts > 1:           24
 % Cross section > 1:    7.9422640136539975E-007   1.0060461936483567     
 Iteration  8   Mean: 0.1272E-04 Abs mean: 0.7997E-04   Fluctuation:  0.667E-06   0.349E-01    82.8%
  8    0.1272E-04 0.7997E-04 +- 0.6670E-06      4.22
 Exceeded boost           5          96   256000.000    
 Relative summed weights:
  0.3166E+00  0.0000E+00  0.9128E-01  0.9333E-01  0.8613E-02  0.0000E+00  0.2888E-01  0.2617E-01  0.0000E+00  0.0000E+00  0.5031E-01  0.5401E-01  0.6207E-02  0.6479E-02
  0.3109E+00  0.0000E+00  0.0000E+00  0.0000E+00  0.7226E-02  0.0000E+00  0.0000E+00  0.0000E+00  0.0000E+00  0.0000E+00  0.0000E+00  0.0000E+00  0.0000E+00  0.0000E+00
 Relative number of events:
  0.1937E+00  0.0000E+00  0.1584E+00  0.1591E+00  0.1697E-01  0.0000E+00  0.1462E-01  0.1426E-01  0.0000E+00  0.0000E+00  0.1020E+00  0.1012E+00  0.1543E-01  0.1568E-01
  0.1915E+00  0.0000E+00  0.0000E+00  0.0000E+00  0.1717E-01  0.0000E+00  0.0000E+00  0.0000E+00  0.0000E+00  0.0000E+00  0.0000E+00  0.0000E+00  0.0000E+00  0.0000E+00
 Events:
       26611           0       21768       21863        2332           0        2009        1959           0           0       14015       13906        2120        2154
       26314           0           0           0        2360           0           0           0           0           0           0           0           0           0
 Accuracy:    0.007   0.010   0.007   1.088
 Finished due to accuracy    6.7963333052677866E-003   1.0000000000000000E-002

 -------------------------------------------------------------------------------
 Accumulated results:   Integral =  0.7956E-04
                        Std dev  =  0.5184E-06
                       Cross sec =  0.1268E-04
             Chi**2 per DoF.     =      1.0878
 -------------------------------------------------------------------------------
 Found        23465  events.
 Wrote         2520  events.
 Actual xsec    1.2892696567638306E-005
 Correct abs xsec    7.9627483011167794E-005
 Event xsec    7.9627483011168837E-005
 Events wgts > 1:           50
 % Cross section > 1:    7.9133109969566191E-007  0.99379142699345024     
-------------------------------------------------
---------------------------
 Results Last   3 iters: Integral =   0.1289E-04
                     Abs integral =   0.7963E-04
                          Std dev =   0.5310E-06
                  Chi**2 per DoF. =      0.5503
-------------------------------------------------
---------------------------
 Status   1.0000000000000000E-002           9           8

ls status:
events.lhe
ftn26
input_app.txt
results.dat
run1_app.log
