==== LHAPDF6 USING DEFAULT-TYPE LHAGLUE INTERFACE ====
LHAPDF 6.2.1 loading /cvmfs/cms.cern.ch/slc6_amd64_gcc630/external/lhapdf/6.2.1-ghjeda2/share/LHAPDF/NNPDF31_nnlo_as_0118_nf_4_mc_hessian/NNPDF31_nnlo_as_0118_nf_4_mc_hessian_0000.dat
NNPDF31_nnlo_as_0118_nf_4_mc_hessian PDF set, member #0, version 1; LHAPDF ID = 325500
 Process in group number            1
 A PDF is used, so alpha_s(MZ) is going to be modified
 Old value of alpha_s from param_card:   0.11810000000000001     
 New value of alpha_s from PDF lhapdf :  0.11266013434007299     
 using LHAPDF
 Define smin to   10000.000000000000     
 Define smin to   10000.000000000000     
 Define smin to   10000.000000000000     
 Define smin to   10000.000000000000     
 Define smin to   10000.000000000000     
 Define smin to   10000.000000000000     
 Define smin to   10000.000000000000     
 Define smin to   10000.000000000000     
 Define smin to   10000.000000000000     
 Define smin to   10000.000000000000     
 Define smin to   10000.000000000000     
 Define smin to   10000.000000000000     
 Define smin to   10000.000000000000     
 Define smin to   10000.000000000000     
 Define smin to   10000.000000000000     
 Define smin to   10000.000000000000     
 *****************************************************
 *               MadGraph/MadEvent                   *
 *        --------------------------------           *
 *          http://madgraph.hep.uiuc.edu             *
 *          http://madgraph.phys.ucl.ac.be           *
 *          http://madgraph.roma2.infn.it            *
 *        --------------------------------           *
 *                                                   *
 *          PARAMETER AND COUPLING VALUES            *
 *                                                   *
 *****************************************************

  External Params
  ---------------------------------
  
 mdl_MW0 =    80.387000000000000     
 mdl_Gf =    1.1663789999999999E-005
 aS =   0.11810000000000001     
 mdl_ymdo =    1.0000000000000000E-099
 mdl_ymb =    4.1799999999999997     
 mdl_ymt =    173.19999999999999     
 mdl_ymtau =    1.7769999999999999     
 mdl_LambdaSMEFT =    1000.0000000000000     
 mdl_cHW =    1.0000000000000000     
 mdl_MZ =    91.187600000000003     
 mdl_MTA =    1.7769999999999999     
 mdl_MT =    173.19999999999999     
 mdl_MB =    4.1799999999999997     
 mdl_MH =    125.09000000000000     
 mdl_WZ =    2.4952000000000001     
 mdl_WW =    2.0850000000000000     
 mdl_WT =    1.5083359999999999     
 mdl_WH =    4.0699999999999998E-003
  Internal Params
  ---------------------------------
  
 mdl_ymm =    1.0000000000000000E-099
 mdl_yme =    1.0000000000000000E-099
 mdl_ymc =    1.0000000000000000E-099
 mdl_yms =    1.0000000000000000E-099
 mdl_ymup =    1.0000000000000000E-099
 mdl_conjg__CKM3x3 =    1.0000000000000000     
 mdl_cH =    0.0000000000000000     
 mdl_cHB =    0.0000000000000000     
 mdl_CKM1x1 =    1.0000000000000000     
 mdl_conjg__CKM1x1 =    1.0000000000000000     
 mdl_dGf =    0.0000000000000000     
 mdl_CKM3x3 =    1.0000000000000000     
 mdl_dMH2 =    0.0000000000000000     
 mdl_conjg__CKM2x2 =    1.0000000000000000     
 mdl_dg1 =    0.0000000000000000     
 mdl_CKM2x2 =    1.0000000000000000     
 mdl_dgw =    0.0000000000000000     
 mdl_complexi =  (  0.0000000000000000     ,  1.0000000000000000     )
 mdl_MW =    80.387000000000000     
 mdl_nb__2__exp__0_25 =    1.1892071150027210     
 mdl_MH__exp__2 =    15647.508100000001     
 mdl_sqrt__2 =    1.4142135623730951     
 mdl_MW__exp__2 =    6462.0697689999997     
 mdl_MZ__exp__2 =    8315.1783937600012     
 mdl_sth2 =   0.22285855299877133     
 mdl_MH__exp__6 =    3831206449390.3818     
 mdl_MT__exp__6 =    26995248278778.535     
 mdl_MH__exp__4 =    244844509.73956564     
 mdl_MT__exp__4 =    899894403.09759963     
 mdl_MT__exp__2 =    29998.239999999994     
 mdl_LambdaSMEFT__exp__2 =    1000000.0000000000     
 mdl_cth =   0.88155626422890820     
 mdl_sqrt__sth2 =   0.47207896902824564     
 mdl_sth =   0.47207896902824564     
 mdl_MW0__exp__6 =    269845343347.69711     
 mdl_MW0__exp__4 =    41758345.699423708     
 mdl_MW0__exp__2 =    6462.0697689999997     
 mdl_MZ__exp__4 =    69142191.720053151     
 mdl_MZ__exp__6 =    574929658687.79749     
 mdl_cth__exp__2 =   0.77714144700122867     
 mdl_sth__exp__2 =   0.22285855299877130     
 mdl_sth__exp__3 =   0.10520683593878660     
 mdl_cth__exp__3 =   0.68509391079585125     
 mdl_sth__exp__4 =    4.9665934644706158E-002
 mdl_sqrt__Gf =    3.4152291284773265E-003
 mdl_vevhat =    246.21961912951551     
 mdl_lam =   0.12905352724481209     
 mdl_aEW =    7.5614618607353409E-003
 mdl_yb =    2.4008698866559607E-002
 mdl_yc =    5.7437078628133041E-102
 mdl_ydo =    5.7437078628133041E-102
 mdl_ye =    5.7437078628133041E-102
 mdl_ym =    5.7437078628133041E-102
 mdl_ys =    5.7437078628133041E-102
 mdl_yt =   0.99481020183926416     
 mdl_ytau =    1.0206568872219240E-002
 mdl_yup =    5.7437078628133041E-102
 mdl_vevhat__exp__2 =    60624.100844283676     
 mdl_barlam =   0.12905352724481209     
 mdl_vevT =    246.21961912951551     
 mdl_sqrt__aEW =    8.6956666568672819E-002
 mdl_ee =   0.30825335704310214     
 mdl_gwsh =   0.61338418662494298     
 mdl_vev =    246.21961912951551     
 mdl_g1 =   0.34966952144878632     
 mdl_gw =   0.65296989967087182     
 mdl_ee__exp__2 =    9.5020132128342205E-002
 mdl_gHaa =   -1.9303830602986922E-003
 mdl_gHza =   -6.8546472954154700E-003
 mdl_g1sh =   0.34966952144878632     
 mdl_I1d11 =  (  5.7437078628133041E-102,  0.0000000000000000     )
 mdl_I1d22 =  (  5.7437078628133041E-102,  0.0000000000000000     )
 mdl_I1d33 =  (  2.4008698866559607E-002,  0.0000000000000000     )
 mdl_I2d11 =  (  5.7437078628133041E-102,  0.0000000000000000     )
 mdl_I2d22 =  (  5.7437078628133041E-102,  0.0000000000000000     )
 mdl_I2d33 =  ( 0.99481020183926416     ,  0.0000000000000000     )
 mdl_I3d11 =  (  5.7437078628133041E-102,  0.0000000000000000     )
 mdl_I3d22 =  (  5.7437078628133041E-102,  0.0000000000000000     )
 mdl_I3d33 =  (  2.4008698866559607E-002,  0.0000000000000000     )
 mdl_I4d11 =  (  5.7437078628133041E-102,  0.0000000000000000     )
 mdl_I4d22 =  (  5.7437078628133041E-102,  0.0000000000000000     )
 mdl_I4d33 =  ( 0.99481020183926416     ,  0.0000000000000000     )
 mdl_I5d11 =  (  5.7437078628133041E-102,  0.0000000000000000     )
 mdl_I5d22 =  (  5.7437078628133041E-102,  0.0000000000000000     )
 mdl_I5d33 =  (  2.4008698866559607E-002,  0.0000000000000000     )
 mdl_I6d11 =  (  5.7437078628133041E-102,  0.0000000000000000     )
 mdl_I6d22 =  (  5.7437078628133041E-102,  0.0000000000000000     )
 mdl_I6d33 =  ( 0.99481020183926416     ,  0.0000000000000000     )
 mdl_ee__exp__3 =    2.9290274715240611E-002
 mdl_vevhat__exp__3 =    14926843.019948866     
  Internal Params evaluated point by point
  ----------------------------------------
  
 mdl_sqrt__aS =   0.34365680554879169     
 mdl_G__exp__2 =    1.4840883695558185     
 mdl_gHgg =    3.2334372328970845E-003
 mdl_G__exp__3 =  (  1.8079634332366095     ,  0.0000000000000000     )
  Couplings of SMEFTsim_A_U35_MwScheme_UFO_v3_1-cHW_massless
  ---------------------------------
  
         GC_1 =   0.00000E+00   0.10275E+00
         GC_2 =  -0.00000E+00  -0.20550E+00
         GC_3 =  -0.00000E+00  -0.30825E+00
       GC_255 =  -0.00000E+00  -0.42637E+00
       GC_278 =  -0.00000E+00  -0.37035E+00
       GC_280 =  -0.00000E+00  -0.57563E+00
       GC_328 =  -0.00000E+00  -0.55024E-01
       GC_329 =   0.00000E+00   0.11005E+00
       GC_330 =  -0.00000E+00  -0.16507E+00
       GC_387 =   0.00000E+00   0.98488E-03
       GC_400 =   0.00000E+00   0.52490E+02
       GC_809 =  -0.00000E+00  -0.72171E-02
      GC_1073 =  -0.00000E+00  -0.46172E+00

 Collider parameters:
 --------------------

 Running at P P   machine @    13000.000000000000       GeV
 PDF set = lhapdf 
 alpha_s(Mz)= 0.1127 running at 3 loops.
 alpha_s(Mz)= 0.1127 running at 3 loops.
 Renormalization scale set on event-by-event basis
 Factorization   scale set on event-by-event basis


 getting user params
Enter number of events and max and min iterations: 
 Number of events and iterations         2000           8           3
Enter desired fractional accuracy: 
 Desired fractional accuracy:    1.0000000000000000E-002
Enter 0 for fixed, 2 for adjustable grid: 
Suppress amplitude (0 no, 1 yes)? 
 Using suppressed amplitude.
Exact helicity sum (0 yes, n = number/event)? 
 Explicitly summing over helicities
Enter Configuration Number: 
Running Configuration Number:  399
 Using dconfig=         233
 BW Setting            2           2           1           2           2           0
 Attempting mappinvarients           1           8
 Completed mapping           8
 about to integrate           16        2000           8           3          16           1
 Using non-zero grid deformation.
 16 dimensions   2000 events 16 invarients  8 iterations  1 config(s),  (0.99)
 Using h-tuple random number sequence.
 Error opening grid
 Using Uniform Grid!          32
 Using uniform alpha   1.0000000000000000     
 Grid defined OK
 Set CM energy to      13000.00
 Mapping Graph         399  to config         399
Setting grid   1    0.59172E-04   1
Setting grid   2    0.59172E-08   1
 Setting BW          -3           3   125.09000000000000     
Setting grid   4    0.59172E-08   1
Setting grid   5    0.92559E-04   1
 Transforming s_hat 1/s           15   9.2558682551020739E-005   10000.000000000000        168999999.99999997     
 399   1   2   3   4   5   6   7   8   9  10  11  12  13  14
  15  16
 Masses: 0.000E+00 0.000E+00 0.000E+00 0.000E+00 0.000E+00 0.000E+00 0.000E+00 0.000E+00
Using random seed offsets   399 :      3
  with seed                   24
 Ranmar initialization seeds         129        9400
 
 ********************************************
 * You are using the DiscreteSampler module *
 *      part of the MG5_aMC framework       *
 *         Author: Valentin Hirschi         *
 ********************************************
 
  Particle       3       4       5       6       7       8
      Et >     0.0     0.0     0.0     0.0    10.0    10.0
       E >     0.0     0.0     0.0     0.0     0.0     0.0
     Eta <    -1.0    -1.0    -1.0    -1.0     6.5     6.5
   xqcut:      0.0     0.0     0.0     0.0     0.0     0.0
d R # 3  >    -0.0     0.4     0.0     0.0     0.4     0.4
d R # 4  >    -0.0    -0.0     0.0     0.0     0.4     0.4
d R # 5  >    -0.0    -0.0    -0.0     0.0     0.0     0.0
d R # 6  >    -0.0    -0.0    -0.0    -0.0     0.0     0.0
d R # 7  >    -0.0    -0.0    -0.0    -0.0    -0.0     0.4
s min # 3>     0.0     0.0     0.0     0.0     0.0     0.0
s min # 4>     0.0     0.0     0.0     0.0     0.0     0.0
s min # 5>     0.0     0.0     0.0     0.0     0.0     0.0
s min # 6>     0.0     0.0     0.0     0.0     0.0     0.0
s min # 7>     0.0     0.0     0.0     0.0     0.0 10000.0
xqcutij # 3>     0.0     0.0     0.0     0.0     0.0     0.0
xqcutij # 4>     0.0     0.0     0.0     0.0     0.0     0.0
xqcutij # 5>     0.0     0.0     0.0     0.0     0.0     0.0
xqcutij # 6>     0.0     0.0     0.0     0.0     0.0     0.0
xqcutij # 7>     0.0     0.0     0.0     0.0     0.0     0.0
 Excluding BW           -1           1
 Excluding BW           -2           2
 Requiring BW           -3           3
 Excluding BW           -4           4
 Excluding BW           -5           5
 alpha_s for scale    72.716691491450234       is   0.11685268504048596     
 Added good helicity          193  -256.00000000000000       in event            1 local:           1
 Added good helicity          193  -256.00000000000000       in event            1 local:           1
 RESET CUMULATIVE VARIABLE
 RESET CUMULATIVE VARIABLE
 RESET CUMULATIVE VARIABLE
 Iteration  1   Mean: 0.5676E-07 Abs mean: 0.5677E-07   Fluctuation:  0.555E-07   0.111E-03     8.8%
  1    0.5676E-07 0.5677E-07 +- 0.5554E-07     43.75
 Writing out events   4.0373810699837974E-011   43.754339149142453     
 Relative summed weights:
  0.0000E+00  0.0000E+00  0.9588E-04  0.1368E-03  0.0000E+00  0.0000E+00  0.0000E+00  0.0000E+00  0.0000E+00  0.0000E+00  0.2913E-04  0.4173E-05  0.1198E-02  0.3120E-05  0.0000E+00  0.0000E+00  0.0000E+00  0.0000E+00  0.0000E+00  0.0000E+00  0.0000E+00  0.0000E+00  0.2097E-04  0.4799E-03  0.0000E+00  0.0000E+00  0.0000E+00  0.0000E+00  0.9004E-07  0.1852E-03  0.0000E+00  0.0000E+00
  0.0000E+00  0.0000E+00  0.8322E-04  0.2896E-04  0.0000E+00  0.0000E+00  0.0000E+00  0.0000E+00  0.0000E+00  0.0000E+00  0.4601E-04  0.1949E-03  0.1187E-03  0.7415E-03  0.0000E+00  0.0000E+00  0.0000E+00  0.0000E+00  0.0000E+00  0.0000E+00  0.0000E+00  0.0000E+00  0.4755E-02  0.6101E-03  0.0000E+00  0.0000E+00  0.0000E+00  0.0000E+00  0.1240E-03  0.2752E-06  0.0000E+00  0.0000E+00
  0.0000E+00  0.0000E+00  0.2622E-02  0.2984E-05  0.0000E+00  0.0000E+00  0.0000E+00  0.0000E+00  0.0000E+00  0.0000E+00  0.9882E+00  0.1098E-03  0.0000E+00  0.0000E+00  0.0000E+00  0.0000E+00  0.0000E+00  0.0000E+00  0.0000E+00  0.0000E+00  0.0000E+00  0.0000E+00  0.0000E+00  0.0000E+00  0.0000E+00  0.0000E+00  0.0000E+00  0.0000E+00  0.0000E+00  0.0000E+00  0.0000E+00  0.0000E+00
  0.0000E+00  0.0000E+00  0.9121E-05  0.2405E-04  0.0000E+00  0.0000E+00  0.0000E+00  0.0000E+00  0.0000E+00  0.0000E+00  0.2053E-03  0.3767E-05  0.0000E+00  0.0000E+00  0.0000E+00  0.0000E+00  0.0000E+00  0.0000E+00  0.0000E+00  0.0000E+00  0.0000E+00  0.0000E+00  0.0000E+00  0.0000E+00  0.0000E+00  0.0000E+00  0.0000E+00  0.0000E+00  0.0000E+00  0.0000E+00  0.0000E+00  0.0000E+00
 Relative number of events:
  0.0000E+00  0.0000E+00  0.2512E-01  0.3442E-01  0.0000E+00  0.0000E+00  0.0000E+00  0.0000E+00  0.0000E+00  0.0000E+00  0.2884E-01  0.3070E-01  0.6233E-01  0.5860E-01  0.0000E+00  0.0000E+00  0.0000E+00  0.0000E+00  0.0000E+00  0.0000E+00  0.0000E+00  0.0000E+00  0.5302E-01  0.4930E-01  0.0000E+00  0.0000E+00  0.0000E+00  0.0000E+00  0.1395E-01  0.9302E-02  0.0000E+00  0.0000E+00
  0.0000E+00  0.0000E+00  0.2791E-01  0.3814E-01  0.0000E+00  0.0000E+00  0.0000E+00  0.0000E+00  0.0000E+00  0.0000E+00  0.3070E-01  0.4000E-01  0.6698E-01  0.6140E-01  0.0000E+00  0.0000E+00  0.0000E+00  0.0000E+00  0.0000E+00  0.0000E+00  0.0000E+00  0.0000E+00  0.5116E-01  0.4837E-01  0.0000E+00  0.0000E+00  0.0000E+00  0.0000E+00  0.9302E-02  0.1302E-01  0.0000E+00  0.0000E+00
  0.0000E+00  0.0000E+00  0.2791E-01  0.2791E-01  0.0000E+00  0.0000E+00  0.0000E+00  0.0000E+00  0.0000E+00  0.0000E+00  0.2698E-01  0.3070E-01  0.0000E+00  0.0000E+00  0.0000E+00  0.0000E+00  0.0000E+00  0.0000E+00  0.0000E+00  0.0000E+00  0.0000E+00  0.0000E+00  0.0000E+00  0.0000E+00  0.0000E+00  0.0000E+00  0.0000E+00  0.0000E+00  0.0000E+00  0.0000E+00  0.0000E+00  0.0000E+00
  0.0000E+00  0.0000E+00  0.3721E-01  0.2977E-01  0.0000E+00  0.0000E+00  0.0000E+00  0.0000E+00  0.0000E+00  0.0000E+00  0.3349E-01  0.3349E-01  0.0000E+00  0.0000E+00  0.0000E+00  0.0000E+00  0.0000E+00  0.0000E+00  0.0000E+00  0.0000E+00  0.0000E+00  0.0000E+00  0.0000E+00  0.0000E+00  0.0000E+00  0.0000E+00  0.0000E+00  0.0000E+00  0.0000E+00  0.0000E+00  0.0000E+00  0.0000E+00
 Events:
           0           0          27          37           0           0           0           0           0           0          31          33          67          63           0           0           0           0           0           0           0           0          57          53           0           0           0           0          15          10           0           0
           0           0          30          41           0           0           0           0           0           0          33          43          72          66           0           0           0           0           0           0           0           0          55          52           0           0           0           0          10          14           0           0
           0           0          30          30           0           0           0           0           0           0          29          33           0           0           0           0           0           0           0           0           0           0           0           0           0           0           0           0           0           0           0           0
           0           0          40          32           0           0           0           0           0           0          36          36           0           0           0           0           0           0           0           0           0           0           0           0           0           0           0           0           0           0           0           0
 Iteration  2   Mean: 0.2236E-07 Abs mean: 0.2240E-07   Fluctuation:  0.190E-07   0.758E-04    52.7%
  2    0.2236E-07 0.2240E-07 +- 0.1903E-07     53.73
 Relative summed weights:
  0.0000E+00  0.0000E+00  0.1584E-02  0.3588E-04  0.0000E+00  0.0000E+00  0.0000E+00  0.0000E+00  0.0000E+00  0.0000E+00  0.2684E-02  0.1759E-03  0.3554E-03  0.5948E-02  0.0000E+00  0.0000E+00  0.0000E+00  0.0000E+00  0.0000E+00  0.0000E+00  0.0000E+00  0.0000E+00  0.1282E-02  0.1504E-01  0.0000E+00  0.0000E+00  0.0000E+00  0.0000E+00  0.1564E-04  0.6301E-05  0.0000E+00  0.0000E+00
  0.0000E+00  0.0000E+00  0.6371E-02  0.9487E-04  0.0000E+00  0.0000E+00  0.0000E+00  0.0000E+00  0.0000E+00  0.0000E+00  0.8486E+00  0.3541E-04  0.3009E-02  0.2688E-03  0.0000E+00  0.0000E+00  0.0000E+00  0.0000E+00  0.0000E+00  0.0000E+00  0.0000E+00  0.0000E+00  0.4208E-02  0.4982E-02  0.0000E+00  0.0000E+00  0.0000E+00  0.0000E+00  0.4308E-03  0.6445E-04  0.0000E+00  0.0000E+00
  0.0000E+00  0.0000E+00  0.3512E-03  0.2065E-01  0.0000E+00  0.0000E+00  0.0000E+00  0.0000E+00  0.0000E+00  0.0000E+00  0.8866E-03  0.5005E-03  0.0000E+00  0.0000E+00  0.0000E+00  0.0000E+00  0.0000E+00  0.0000E+00  0.0000E+00  0.0000E+00  0.0000E+00  0.0000E+00  0.0000E+00  0.0000E+00  0.0000E+00  0.0000E+00  0.0000E+00  0.0000E+00  0.0000E+00  0.0000E+00  0.0000E+00  0.0000E+00
  0.0000E+00  0.0000E+00  0.7962E-01  0.7960E-03  0.0000E+00  0.0000E+00  0.0000E+00  0.0000E+00  0.0000E+00  0.0000E+00  0.1993E-02  0.1127E-04  0.0000E+00  0.0000E+00  0.0000E+00  0.0000E+00  0.0000E+00  0.0000E+00  0.0000E+00  0.0000E+00  0.0000E+00  0.0000E+00  0.0000E+00  0.0000E+00  0.0000E+00  0.0000E+00  0.0000E+00  0.0000E+00  0.0000E+00  0.0000E+00  0.0000E+00  0.0000E+00
 Relative number of events:
  0.0000E+00  0.0000E+00  0.3521E-01  0.2539E-01  0.0000E+00  0.0000E+00  0.0000E+00  0.0000E+00  0.0000E+00  0.0000E+00  0.2471E-01  0.2810E-01  0.6534E-01  0.6195E-01  0.0000E+00  0.0000E+00  0.0000E+00  0.0000E+00  0.0000E+00  0.0000E+00  0.0000E+00  0.0000E+00  0.5653E-01  0.5146E-01  0.0000E+00  0.0000E+00  0.0000E+00  0.0000E+00  0.1049E-01  0.7448E-02  0.0000E+00  0.0000E+00
  0.0000E+00  0.0000E+00  0.3351E-01  0.3351E-01  0.0000E+00  0.0000E+00  0.0000E+00  0.0000E+00  0.0000E+00  0.0000E+00  0.3656E-01  0.3081E-01  0.5687E-01  0.6161E-01  0.0000E+00  0.0000E+00  0.0000E+00  0.0000E+00  0.0000E+00  0.0000E+00  0.0000E+00  0.0000E+00  0.5755E-01  0.4773E-01  0.0000E+00  0.0000E+00  0.0000E+00  0.0000E+00  0.1354E-01  0.1151E-01  0.0000E+00  0.0000E+00
  0.0000E+00  0.0000E+00  0.2742E-01  0.3114E-01  0.0000E+00  0.0000E+00  0.0000E+00  0.0000E+00  0.0000E+00  0.0000E+00  0.3555E-01  0.3216E-01  0.0000E+00  0.0000E+00  0.0000E+00  0.0000E+00  0.0000E+00  0.0000E+00  0.0000E+00  0.0000E+00  0.0000E+00  0.0000E+00  0.0000E+00  0.0000E+00  0.0000E+00  0.0000E+00  0.0000E+00  0.0000E+00  0.0000E+00  0.0000E+00  0.0000E+00  0.0000E+00
  0.0000E+00  0.0000E+00  0.2945E-01  0.3351E-01  0.0000E+00  0.0000E+00  0.0000E+00  0.0000E+00  0.0000E+00  0.0000E+00  0.3385E-01  0.2708E-01  0.0000E+00  0.0000E+00  0.0000E+00  0.0000E+00  0.0000E+00  0.0000E+00  0.0000E+00  0.0000E+00  0.0000E+00  0.0000E+00  0.0000E+00  0.0000E+00  0.0000E+00  0.0000E+00  0.0000E+00  0.0000E+00  0.0000E+00  0.0000E+00  0.0000E+00  0.0000E+00
 Events:
           0           0         104          75           0           0           0           0           0           0          73          83         193         183           0           0           0           0           0           0           0           0         167         152           0           0           0           0          31          22           0           0
           0           0          99          99           0           0           0           0           0           0         108          91         168         182           0           0           0           0           0           0           0           0         170         141           0           0           0           0          40          34           0           0
           0           0          81          92           0           0           0           0           0           0         105          95           0           0           0           0           0           0           0           0           0           0           0           0           0           0           0           0           0           0           0           0
           0           0          87          99           0           0           0           0           0           0         100          80           0           0           0           0           0           0           0           0           0           0           0           0           0           0           0           0           0           0           0           0
 Iteration  3   Mean: 0.1393E-07 Abs mean: 0.1431E-07   Fluctuation:  0.764E-08   0.598E-04    58.8%
  3    0.1393E-07 0.1431E-07 +- 0.7643E-08     47.78
 Relative summed weights:
  0.0000E+00  0.0000E+00  0.2256E-02  0.2266E-02  0.0000E+00  0.0000E+00  0.0000E+00  0.0000E+00  0.0000E+00  0.0000E+00  0.2616E-02  0.4756E-02  0.1168E+00  0.2671E-01  0.0000E+00  0.0000E+00  0.0000E+00  0.0000E+00  0.0000E+00  0.0000E+00  0.0000E+00  0.0000E+00  0.2803E-02  0.2313E-01  0.0000E+00  0.0000E+00  0.0000E+00  0.0000E+00  0.5143E-04  0.2475E-02  0.0000E+00  0.0000E+00
  0.0000E+00  0.0000E+00  0.5362E+00  0.3833E-02  0.0000E+00  0.0000E+00  0.0000E+00  0.0000E+00  0.0000E+00  0.0000E+00  0.1236E-02  0.9777E-02  0.2079E-01  0.1214E+00  0.0000E+00  0.0000E+00  0.0000E+00  0.0000E+00  0.0000E+00  0.0000E+00  0.0000E+00  0.0000E+00  0.1747E-01  0.3006E-01  0.0000E+00  0.0000E+00  0.0000E+00  0.0000E+00  0.3951E-02  0.6015E-04  0.0000E+00  0.0000E+00
  0.0000E+00  0.0000E+00  0.1341E-01  0.2242E-02  0.0000E+00  0.0000E+00  0.0000E+00  0.0000E+00  0.0000E+00  0.0000E+00  0.3916E-02  0.5356E-02  0.0000E+00  0.0000E+00  0.0000E+00  0.0000E+00  0.0000E+00  0.0000E+00  0.0000E+00  0.0000E+00  0.0000E+00  0.0000E+00  0.0000E+00  0.0000E+00  0.0000E+00  0.0000E+00  0.0000E+00  0.0000E+00  0.0000E+00  0.0000E+00  0.0000E+00  0.0000E+00
  0.0000E+00  0.0000E+00  0.3104E-02  0.2014E-01  0.0000E+00  0.0000E+00  0.0000E+00  0.0000E+00  0.0000E+00  0.0000E+00  0.6893E-02  0.1631E-01  0.0000E+00  0.0000E+00  0.0000E+00  0.0000E+00  0.0000E+00  0.0000E+00  0.0000E+00  0.0000E+00  0.0000E+00  0.0000E+00  0.0000E+00  0.0000E+00  0.0000E+00  0.0000E+00  0.0000E+00  0.0000E+00  0.0000E+00  0.0000E+00  0.0000E+00  0.0000E+00
 Relative number of events:
  0.0000E+00  0.0000E+00  0.2917E-01  0.3169E-01  0.0000E+00  0.0000E+00  0.0000E+00  0.0000E+00  0.0000E+00  0.0000E+00  0.3113E-01  0.2973E-01  0.6156E-01  0.6686E-01  0.0000E+00  0.0000E+00  0.0000E+00  0.0000E+00  0.0000E+00  0.0000E+00  0.0000E+00  0.0000E+00  0.5500E-01  0.5877E-01  0.0000E+00  0.0000E+00  0.0000E+00  0.0000E+00  0.5165E-02  0.6002E-02  0.0000E+00  0.0000E+00
  0.0000E+00  0.0000E+00  0.3210E-01  0.3015E-01  0.0000E+00  0.0000E+00  0.0000E+00  0.0000E+00  0.0000E+00  0.0000E+00  0.3099E-01  0.3308E-01  0.6449E-01  0.6323E-01  0.0000E+00  0.0000E+00  0.0000E+00  0.0000E+00  0.0000E+00  0.0000E+00  0.0000E+00  0.0000E+00  0.5458E-01  0.5779E-01  0.0000E+00  0.0000E+00  0.0000E+00  0.0000E+00  0.7956E-02  0.7538E-02  0.0000E+00  0.0000E+00
  0.0000E+00  0.0000E+00  0.3141E-01  0.3476E-01  0.0000E+00  0.0000E+00  0.0000E+00  0.0000E+00  0.0000E+00  0.0000E+00  0.3029E-01  0.2806E-01  0.0000E+00  0.0000E+00  0.0000E+00  0.0000E+00  0.0000E+00  0.0000E+00  0.0000E+00  0.0000E+00  0.0000E+00  0.0000E+00  0.0000E+00  0.0000E+00  0.0000E+00  0.0000E+00  0.0000E+00  0.0000E+00  0.0000E+00  0.0000E+00  0.0000E+00  0.0000E+00
  0.0000E+00  0.0000E+00  0.2834E-01  0.3113E-01  0.0000E+00  0.0000E+00  0.0000E+00  0.0000E+00  0.0000E+00  0.0000E+00  0.2875E-01  0.3029E-01  0.0000E+00  0.0000E+00  0.0000E+00  0.0000E+00  0.0000E+00  0.0000E+00  0.0000E+00  0.0000E+00  0.0000E+00  0.0000E+00  0.0000E+00  0.0000E+00  0.0000E+00  0.0000E+00  0.0000E+00  0.0000E+00  0.0000E+00  0.0000E+00  0.0000E+00  0.0000E+00
 Events:
           0           0         209         227           0           0           0           0           0           0         223         213         441         479           0           0           0           0           0           0           0           0         394         421           0           0           0           0          37          43           0           0
           0           0         230         216           0           0           0           0           0           0         222         237         462         453           0           0           0           0           0           0           0           0         391         414           0           0           0           0          57          54           0           0
           0           0         225         249           0           0           0           0           0           0         217         201           0           0           0           0           0           0           0           0           0           0           0           0           0           0           0           0           0           0           0           0
           0           0         203         223           0           0           0           0           0           0         206         217           0           0           0           0           0           0           0           0           0           0           0           0           0           0           0           0           0           0           0           0
 Accuracy:    0.468   0.010   0.411   1.297
 Found          110  events.
 Wrote            3  events.
 Actual xsec    2.3435510898295280E-008
 Correct abs xsec    2.3670464333813106E-008
 Event xsec    2.3670464333813106E-008
 Events wgts > 1:            0
 % Cross section > 1:    0.0000000000000000        0.0000000000000000     
 Iteration  4   Mean: 0.1494E-07 Abs mean: 0.1515E-07   Fluctuation:  0.295E-08   0.288E-04    63.1%
  4    0.1494E-07 0.1515E-07 +- 0.2951E-08     24.63
 Relative summed weights:
  0.0000E+00  0.0000E+00  0.1323E-01  0.1758E-01  0.0000E+00  0.0000E+00  0.0000E+00  0.0000E+00  0.0000E+00  0.0000E+00  0.1793E-01  0.1554E-01  0.3903E-01  0.2444E-01  0.0000E+00  0.0000E+00  0.0000E+00  0.0000E+00  0.0000E+00  0.0000E+00  0.0000E+00  0.0000E+00  0.1488E-01  0.5068E-01  0.0000E+00  0.0000E+00  0.0000E+00  0.0000E+00  0.4448E-02  0.1156E-02  0.0000E+00  0.0000E+00
  0.0000E+00  0.0000E+00  0.2232E-01  0.1998E-01  0.0000E+00  0.0000E+00  0.0000E+00  0.0000E+00  0.0000E+00  0.0000E+00  0.1306E+00  0.2424E-01  0.2434E-01  0.8021E-01  0.0000E+00  0.0000E+00  0.0000E+00  0.0000E+00  0.0000E+00  0.0000E+00  0.0000E+00  0.0000E+00  0.1156E+00  0.6293E-01  0.0000E+00  0.0000E+00  0.0000E+00  0.0000E+00  0.1943E-02  0.5422E-03  0.0000E+00  0.0000E+00
  0.0000E+00  0.0000E+00  0.1539E+00  0.1221E-01  0.0000E+00  0.0000E+00  0.0000E+00  0.0000E+00  0.0000E+00  0.0000E+00  0.4275E-01  0.1553E-01  0.0000E+00  0.0000E+00  0.0000E+00  0.0000E+00  0.0000E+00  0.0000E+00  0.0000E+00  0.0000E+00  0.0000E+00  0.0000E+00  0.0000E+00  0.0000E+00  0.0000E+00  0.0000E+00  0.0000E+00  0.0000E+00  0.0000E+00  0.0000E+00  0.0000E+00  0.0000E+00
  0.0000E+00  0.0000E+00  0.1563E-01  0.1292E-01  0.0000E+00  0.0000E+00  0.0000E+00  0.0000E+00  0.0000E+00  0.0000E+00  0.1676E-01  0.4865E-01  0.0000E+00  0.0000E+00  0.0000E+00  0.0000E+00  0.0000E+00  0.0000E+00  0.0000E+00  0.0000E+00  0.0000E+00  0.0000E+00  0.0000E+00  0.0000E+00  0.0000E+00  0.0000E+00  0.0000E+00  0.0000E+00  0.0000E+00  0.0000E+00  0.0000E+00  0.0000E+00
 Relative number of events:
  0.0000E+00  0.0000E+00  0.3006E-01  0.3243E-01  0.0000E+00  0.0000E+00  0.0000E+00  0.0000E+00  0.0000E+00  0.0000E+00  0.3111E-01  0.3144E-01  0.6479E-01  0.6420E-01  0.0000E+00  0.0000E+00  0.0000E+00  0.0000E+00  0.0000E+00  0.0000E+00  0.0000E+00  0.0000E+00  0.5795E-01  0.5677E-01  0.0000E+00  0.0000E+00  0.0000E+00  0.0000E+00  0.5920E-02  0.6447E-02  0.0000E+00  0.0000E+00
  0.0000E+00  0.0000E+00  0.3230E-01  0.3381E-01  0.0000E+00  0.0000E+00  0.0000E+00  0.0000E+00  0.0000E+00  0.0000E+00  0.3039E-01  0.3098E-01  0.6019E-01  0.6197E-01  0.0000E+00  0.0000E+00  0.0000E+00  0.0000E+00  0.0000E+00  0.0000E+00  0.0000E+00  0.0000E+00  0.5572E-01  0.5578E-01  0.0000E+00  0.0000E+00  0.0000E+00  0.0000E+00  0.7170E-02  0.6381E-02  0.0000E+00  0.0000E+00
  0.0000E+00  0.0000E+00  0.2763E-01  0.2921E-01  0.0000E+00  0.0000E+00  0.0000E+00  0.0000E+00  0.0000E+00  0.0000E+00  0.3204E-01  0.3125E-01  0.0000E+00  0.0000E+00  0.0000E+00  0.0000E+00  0.0000E+00  0.0000E+00  0.0000E+00  0.0000E+00  0.0000E+00  0.0000E+00  0.0000E+00  0.0000E+00  0.0000E+00  0.0000E+00  0.0000E+00  0.0000E+00  0.0000E+00  0.0000E+00  0.0000E+00  0.0000E+00
  0.0000E+00  0.0000E+00  0.3052E-01  0.3006E-01  0.0000E+00  0.0000E+00  0.0000E+00  0.0000E+00  0.0000E+00  0.0000E+00  0.3269E-01  0.3079E-01  0.0000E+00  0.0000E+00  0.0000E+00  0.0000E+00  0.0000E+00  0.0000E+00  0.0000E+00  0.0000E+00  0.0000E+00  0.0000E+00  0.0000E+00  0.0000E+00  0.0000E+00  0.0000E+00  0.0000E+00  0.0000E+00  0.0000E+00  0.0000E+00  0.0000E+00  0.0000E+00
 Events:
           0           0         457         493           0           0           0           0           0           0         473         478         985         976           0           0           0           0           0           0           0           0         881         863           0           0           0           0          90          98           0           0
           0           0         491         514           0           0           0           0           0           0         462         471         915         942           0           0           0           0           0           0           0           0         847         848           0           0           0           0         109          97           0           0
           0           0         420         444           0           0           0           0           0           0         487         475           0           0           0           0           0           0           0           0           0           0           0           0           0           0           0           0           0           0           0           0
           0           0         464         457           0           0           0           0           0           0         497         468           0           0           0           0           0           0           0           0           0           0           0           0           0           0           0           0           0           0           0           0
 Accuracy:    0.258   0.010   0.176   2.153
 Found          526  events.
 Wrote            9  events.
 Actual xsec    1.5158590989025473E-008
 Correct abs xsec    1.5380708063943110E-008
 Event xsec    1.5380708063943113E-008
 Events wgts > 1:            0
 % Cross section > 1:    0.0000000000000000        0.0000000000000000     
 Iteration  5   Mean: 0.1480E-07 Abs mean: 0.1536E-07   Fluctuation:  0.755E-09   0.860E-05    60.1%
  5    0.1480E-07 0.1536E-07 +- 0.7553E-09      8.80
 Relative summed weights:
  0.0000E+00  0.0000E+00  0.2285E-01  0.2586E-01  0.0000E+00  0.0000E+00  0.0000E+00  0.0000E+00  0.0000E+00  0.0000E+00  0.3690E-01  0.4089E-01  0.5398E-01  0.7842E-01  0.0000E+00  0.0000E+00  0.0000E+00  0.0000E+00  0.0000E+00  0.0000E+00  0.0000E+00  0.0000E+00  0.4564E-01  0.4646E-01  0.0000E+00  0.0000E+00  0.0000E+00  0.0000E+00  0.1992E-02  0.9907E-02  0.0000E+00  0.0000E+00
  0.0000E+00  0.0000E+00  0.3057E-01  0.3227E-01  0.0000E+00  0.0000E+00  0.0000E+00  0.0000E+00  0.0000E+00  0.0000E+00  0.3172E-01  0.2333E-01  0.7231E-01  0.4415E-01  0.0000E+00  0.0000E+00  0.0000E+00  0.0000E+00  0.0000E+00  0.0000E+00  0.0000E+00  0.0000E+00  0.4332E-01  0.4921E-01  0.0000E+00  0.0000E+00  0.0000E+00  0.0000E+00  0.2436E-02  0.4915E-02  0.0000E+00  0.0000E+00
  0.0000E+00  0.0000E+00  0.3680E-01  0.2940E-01  0.0000E+00  0.0000E+00  0.0000E+00  0.0000E+00  0.0000E+00  0.0000E+00  0.2558E-01  0.2267E-01  0.0000E+00  0.0000E+00  0.0000E+00  0.0000E+00  0.0000E+00  0.0000E+00  0.0000E+00  0.0000E+00  0.0000E+00  0.0000E+00  0.0000E+00  0.0000E+00  0.0000E+00  0.0000E+00  0.0000E+00  0.0000E+00  0.0000E+00  0.0000E+00  0.0000E+00  0.0000E+00
  0.0000E+00  0.0000E+00  0.4786E-01  0.5414E-01  0.0000E+00  0.0000E+00  0.0000E+00  0.0000E+00  0.0000E+00  0.0000E+00  0.3219E-01  0.5424E-01  0.0000E+00  0.0000E+00  0.0000E+00  0.0000E+00  0.0000E+00  0.0000E+00  0.0000E+00  0.0000E+00  0.0000E+00  0.0000E+00  0.0000E+00  0.0000E+00  0.0000E+00  0.0000E+00  0.0000E+00  0.0000E+00  0.0000E+00  0.0000E+00  0.0000E+00  0.0000E+00
 Relative number of events:
  0.0000E+00  0.0000E+00  0.3058E-01  0.3210E-01  0.0000E+00  0.0000E+00  0.0000E+00  0.0000E+00  0.0000E+00  0.0000E+00  0.3084E-01  0.3242E-01  0.6342E-01  0.6146E-01  0.0000E+00  0.0000E+00  0.0000E+00  0.0000E+00  0.0000E+00  0.0000E+00  0.0000E+00  0.0000E+00  0.5572E-01  0.5540E-01  0.0000E+00  0.0000E+00  0.0000E+00  0.0000E+00  0.6445E-02  0.6026E-02  0.0000E+00  0.0000E+00
  0.0000E+00  0.0000E+00  0.3339E-01  0.3200E-01  0.0000E+00  0.0000E+00  0.0000E+00  0.0000E+00  0.0000E+00  0.0000E+00  0.3200E-01  0.3045E-01  0.6323E-01  0.6117E-01  0.0000E+00  0.0000E+00  0.0000E+00  0.0000E+00  0.0000E+00  0.0000E+00  0.0000E+00  0.0000E+00  0.5617E-01  0.5485E-01  0.0000E+00  0.0000E+00  0.0000E+00  0.0000E+00  0.5962E-02  0.6832E-02  0.0000E+00  0.0000E+00
  0.0000E+00  0.0000E+00  0.3184E-01  0.3107E-01  0.0000E+00  0.0000E+00  0.0000E+00  0.0000E+00  0.0000E+00  0.0000E+00  0.3200E-01  0.3013E-01  0.0000E+00  0.0000E+00  0.0000E+00  0.0000E+00  0.0000E+00  0.0000E+00  0.0000E+00  0.0000E+00  0.0000E+00  0.0000E+00  0.0000E+00  0.0000E+00  0.0000E+00  0.0000E+00  0.0000E+00  0.0000E+00  0.0000E+00  0.0000E+00  0.0000E+00  0.0000E+00
  0.0000E+00  0.0000E+00  0.2984E-01  0.3097E-01  0.0000E+00  0.0000E+00  0.0000E+00  0.0000E+00  0.0000E+00  0.0000E+00  0.3161E-01  0.3207E-01  0.0000E+00  0.0000E+00  0.0000E+00  0.0000E+00  0.0000E+00  0.0000E+00  0.0000E+00  0.0000E+00  0.0000E+00  0.0000E+00  0.0000E+00  0.0000E+00  0.0000E+00  0.0000E+00  0.0000E+00  0.0000E+00  0.0000E+00  0.0000E+00  0.0000E+00  0.0000E+00
 Events:
           0           0         949         996           0           0           0           0           0           0         957        1006        1968        1907           0           0           0           0           0           0           0           0        1729        1719           0           0           0           0         200         187           0           0
           0           0        1036         993           0           0           0           0           0           0         993         945        1962        1898           0           0           0           0           0           0           0           0        1743        1702           0           0           0           0         185         212           0           0
           0           0         988         964           0           0           0           0           0           0         993         935           0           0           0           0           0           0           0           0           0           0           0           0           0           0           0           0           0           0           0           0
           0           0         926         961           0           0           0           0           0           0         981         995           0           0           0           0           0           0           0           0           0           0           0           0           0           0           0           0           0           0           0           0
 Accuracy:    0.066   0.010   0.047   1.946
 Found         2225  events.
 Wrote           75  events.
 Actual xsec    1.4800706986200715E-008
 Correct abs xsec    1.5341039400868888E-008
 Event xsec    1.5341039400868898E-008
 Events wgts > 1:            3
 % Cross section > 1:    1.3429752274191845E-010  0.87541345297836859     
 Iteration  6   Mean: 0.1502E-07 Abs mean: 0.1604E-07   Fluctuation:  0.331E-09   0.790E-05    61.6%
  6    0.1502E-07 0.1604E-07 +- 0.3305E-09      5.21
 Relative summed weights:
  0.0000E+00  0.0000E+00  0.3362E-01  0.3338E-01  0.0000E+00  0.0000E+00  0.0000E+00  0.0000E+00  0.0000E+00  0.0000E+00  0.3916E-01  0.2834E-01  0.6608E-01  0.5535E-01  0.0000E+00  0.0000E+00  0.0000E+00  0.0000E+00  0.0000E+00  0.0000E+00  0.0000E+00  0.0000E+00  0.5533E-01  0.5019E-01  0.0000E+00  0.0000E+00  0.0000E+00  0.0000E+00  0.4965E-02  0.6068E-02  0.0000E+00  0.0000E+00
  0.0000E+00  0.0000E+00  0.3902E-01  0.3568E-01  0.0000E+00  0.0000E+00  0.0000E+00  0.0000E+00  0.0000E+00  0.0000E+00  0.3272E-01  0.2719E-01  0.6553E-01  0.6075E-01  0.0000E+00  0.0000E+00  0.0000E+00  0.0000E+00  0.0000E+00  0.0000E+00  0.0000E+00  0.0000E+00  0.5876E-01  0.5975E-01  0.0000E+00  0.0000E+00  0.0000E+00  0.0000E+00  0.7021E-02  0.4041E-02  0.0000E+00  0.0000E+00
  0.0000E+00  0.0000E+00  0.3443E-01  0.2879E-01  0.0000E+00  0.0000E+00  0.0000E+00  0.0000E+00  0.0000E+00  0.0000E+00  0.2957E-01  0.2777E-01  0.0000E+00  0.0000E+00  0.0000E+00  0.0000E+00  0.0000E+00  0.0000E+00  0.0000E+00  0.0000E+00  0.0000E+00  0.0000E+00  0.0000E+00  0.0000E+00  0.0000E+00  0.0000E+00  0.0000E+00  0.0000E+00  0.0000E+00  0.0000E+00  0.0000E+00  0.0000E+00
  0.0000E+00  0.0000E+00  0.2824E-01  0.2918E-01  0.0000E+00  0.0000E+00  0.0000E+00  0.0000E+00  0.0000E+00  0.0000E+00  0.2869E-01  0.3038E-01  0.0000E+00  0.0000E+00  0.0000E+00  0.0000E+00  0.0000E+00  0.0000E+00  0.0000E+00  0.0000E+00  0.0000E+00  0.0000E+00  0.0000E+00  0.0000E+00  0.0000E+00  0.0000E+00  0.0000E+00  0.0000E+00  0.0000E+00  0.0000E+00  0.0000E+00  0.0000E+00
 Relative number of events:
  0.0000E+00  0.0000E+00  0.3166E-01  0.3177E-01  0.0000E+00  0.0000E+00  0.0000E+00  0.0000E+00  0.0000E+00  0.0000E+00  0.3359E-01  0.3111E-01  0.6271E-01  0.6307E-01  0.0000E+00  0.0000E+00  0.0000E+00  0.0000E+00  0.0000E+00  0.0000E+00  0.0000E+00  0.0000E+00  0.5614E-01  0.5529E-01  0.0000E+00  0.0000E+00  0.0000E+00  0.0000E+00  0.6229E-02  0.5733E-02  0.0000E+00  0.0000E+00
  0.0000E+00  0.0000E+00  0.3086E-01  0.3222E-01  0.0000E+00  0.0000E+00  0.0000E+00  0.0000E+00  0.0000E+00  0.0000E+00  0.3223E-01  0.2980E-01  0.6282E-01  0.6184E-01  0.0000E+00  0.0000E+00  0.0000E+00  0.0000E+00  0.0000E+00  0.0000E+00  0.0000E+00  0.0000E+00  0.5576E-01  0.5523E-01  0.0000E+00  0.0000E+00  0.0000E+00  0.0000E+00  0.6469E-02  0.5733E-02  0.0000E+00  0.0000E+00
  0.0000E+00  0.0000E+00  0.3116E-01  0.3140E-01  0.0000E+00  0.0000E+00  0.0000E+00  0.0000E+00  0.0000E+00  0.0000E+00  0.3188E-01  0.3100E-01  0.0000E+00  0.0000E+00  0.0000E+00  0.0000E+00  0.0000E+00  0.0000E+00  0.0000E+00  0.0000E+00  0.0000E+00  0.0000E+00  0.0000E+00  0.0000E+00  0.0000E+00  0.0000E+00  0.0000E+00  0.0000E+00  0.0000E+00  0.0000E+00  0.0000E+00  0.0000E+00
  0.0000E+00  0.0000E+00  0.3065E-01  0.3060E-01  0.0000E+00  0.0000E+00  0.0000E+00  0.0000E+00  0.0000E+00  0.0000E+00  0.3222E-01  0.3082E-01  0.0000E+00  0.0000E+00  0.0000E+00  0.0000E+00  0.0000E+00  0.0000E+00  0.0000E+00  0.0000E+00  0.0000E+00  0.0000E+00  0.0000E+00  0.0000E+00  0.0000E+00  0.0000E+00  0.0000E+00  0.0000E+00  0.0000E+00  0.0000E+00  0.0000E+00  0.0000E+00
 Events:
           0           0        1977        1984           0           0           0           0           0           0        2098        1943        3916        3939           0           0           0           0           0           0           0           0        3506        3453           0           0           0           0         389         358           0           0
           0           0        1927        2012           0           0           0           0           0           0        2013        1861        3923        3862           0           0           0           0           0           0           0           0        3482        3449           0           0           0           0         404         358           0           0
           0           0        1946        1961           0           0           0           0           0           0        1991        1936           0           0           0           0           0           0           0           0           0           0           0           0           0           0           0           0           0           0           0           0
           0           0        1914        1911           0           0           0           0           0           0        2012        1925           0           0           0           0           0           0           0           0           0           0           0           0           0           0           0           0           0           0           0           0
 Accuracy:    0.024   0.010   0.019   1.563
 Found         6991  events.
 Wrote          281  events.
 Actual xsec    1.4986975023038951E-008
 Correct abs xsec    1.5933061002407738E-008
 Event xsec    1.5933061002407761E-008
 Events wgts > 1:            4
 % Cross section > 1:    1.1747188896611579E-010  0.73728387124334593     
 Iteration  7   Mean: 0.1558E-07 Abs mean: 0.1647E-07   Fluctuation:  0.121E-09   0.211E-05    61.6%
  7    0.1558E-07 0.1647E-07 +- 0.1206E-09      2.62
 Relative summed weights:
  0.0000E+00  0.0000E+00  0.2997E-01  0.3123E-01  0.0000E+00  0.0000E+00  0.0000E+00  0.0000E+00  0.0000E+00  0.0000E+00  0.2929E-01  0.3211E-01  0.6256E-01  0.6692E-01  0.0000E+00  0.0000E+00  0.0000E+00  0.0000E+00  0.0000E+00  0.0000E+00  0.0000E+00  0.0000E+00  0.5381E-01  0.5762E-01  0.0000E+00  0.0000E+00  0.0000E+00  0.0000E+00  0.5507E-02  0.5716E-02  0.0000E+00  0.0000E+00
  0.0000E+00  0.0000E+00  0.3170E-01  0.3120E-01  0.0000E+00  0.0000E+00  0.0000E+00  0.0000E+00  0.0000E+00  0.0000E+00  0.3173E-01  0.3318E-01  0.6276E-01  0.6016E-01  0.0000E+00  0.0000E+00  0.0000E+00  0.0000E+00  0.0000E+00  0.0000E+00  0.0000E+00  0.0000E+00  0.5568E-01  0.5651E-01  0.0000E+00  0.0000E+00  0.0000E+00  0.0000E+00  0.5230E-02  0.4885E-02  0.0000E+00  0.0000E+00
  0.0000E+00  0.0000E+00  0.3173E-01  0.3173E-01  0.0000E+00  0.0000E+00  0.0000E+00  0.0000E+00  0.0000E+00  0.0000E+00  0.3084E-01  0.3127E-01  0.0000E+00  0.0000E+00  0.0000E+00  0.0000E+00  0.0000E+00  0.0000E+00  0.0000E+00  0.0000E+00  0.0000E+00  0.0000E+00  0.0000E+00  0.0000E+00  0.0000E+00  0.0000E+00  0.0000E+00  0.0000E+00  0.0000E+00  0.0000E+00  0.0000E+00  0.0000E+00
  0.0000E+00  0.0000E+00  0.3268E-01  0.3054E-01  0.0000E+00  0.0000E+00  0.0000E+00  0.0000E+00  0.0000E+00  0.0000E+00  0.3219E-01  0.3125E-01  0.0000E+00  0.0000E+00  0.0000E+00  0.0000E+00  0.0000E+00  0.0000E+00  0.0000E+00  0.0000E+00  0.0000E+00  0.0000E+00  0.0000E+00  0.0000E+00  0.0000E+00  0.0000E+00  0.0000E+00  0.0000E+00  0.0000E+00  0.0000E+00  0.0000E+00  0.0000E+00
 Relative number of events:
  0.0000E+00  0.0000E+00  0.3108E-01  0.3083E-01  0.0000E+00  0.0000E+00  0.0000E+00  0.0000E+00  0.0000E+00  0.0000E+00  0.3149E-01  0.3088E-01  0.6222E-01  0.6383E-01  0.0000E+00  0.0000E+00  0.0000E+00  0.0000E+00  0.0000E+00  0.0000E+00  0.0000E+00  0.0000E+00  0.5624E-01  0.5692E-01  0.0000E+00  0.0000E+00  0.0000E+00  0.0000E+00  0.6006E-02  0.5958E-02  0.0000E+00  0.0000E+00
  0.0000E+00  0.0000E+00  0.3112E-01  0.3184E-01  0.0000E+00  0.0000E+00  0.0000E+00  0.0000E+00  0.0000E+00  0.0000E+00  0.3175E-01  0.3077E-01  0.6232E-01  0.6175E-01  0.0000E+00  0.0000E+00  0.0000E+00  0.0000E+00  0.0000E+00  0.0000E+00  0.0000E+00  0.0000E+00  0.5673E-01  0.5574E-01  0.0000E+00  0.0000E+00  0.0000E+00  0.0000E+00  0.6142E-02  0.6246E-02  0.0000E+00  0.0000E+00
  0.0000E+00  0.0000E+00  0.3157E-01  0.3077E-01  0.0000E+00  0.0000E+00  0.0000E+00  0.0000E+00  0.0000E+00  0.0000E+00  0.3113E-01  0.3184E-01  0.0000E+00  0.0000E+00  0.0000E+00  0.0000E+00  0.0000E+00  0.0000E+00  0.0000E+00  0.0000E+00  0.0000E+00  0.0000E+00  0.0000E+00  0.0000E+00  0.0000E+00  0.0000E+00  0.0000E+00  0.0000E+00  0.0000E+00  0.0000E+00  0.0000E+00  0.0000E+00
  0.0000E+00  0.0000E+00  0.3150E-01  0.3065E-01  0.0000E+00  0.0000E+00  0.0000E+00  0.0000E+00  0.0000E+00  0.0000E+00  0.3183E-01  0.3087E-01  0.0000E+00  0.0000E+00  0.0000E+00  0.0000E+00  0.0000E+00  0.0000E+00  0.0000E+00  0.0000E+00  0.0000E+00  0.0000E+00  0.0000E+00  0.0000E+00  0.0000E+00  0.0000E+00  0.0000E+00  0.0000E+00  0.0000E+00  0.0000E+00  0.0000E+00  0.0000E+00
 Events:
           0           0        3881        3850           0           0           0           0           0           0        3933        3856        7770        7971           0           0           0           0           0           0           0           0        7023        7108           0           0           0           0         750         744           0           0
           0           0        3886        3976           0           0           0           0           0           0        3965        3843        7782        7711           0           0           0           0           0           0           0           0        7085        6961           0           0           0           0         767         780           0           0
           0           0        3942        3843           0           0           0           0           0           0        3887        3976           0           0           0           0           0           0           0           0           0           0           0           0           0           0           0           0           0           0           0           0
           0           0        3934        3827           0           0           0           0           0           0        3975        3855           0           0           0           0           0           0           0           0           0           0           0           0           0           0           0           0           0           0           0           0
 Accuracy:    0.009   0.010   0.007   1.639
 Finished due to accuracy    8.7399018756144659E-003   1.0000000000000000E-002

 -------------------------------------------------------------------------------
 Accumulated results:   Integral =  0.1640E-07
                        Std dev  =  0.1120E-09
                       Cross sec =  0.1551E-07
             Chi**2 per DoF.     =      1.6386
 -------------------------------------------------------------------------------
 Found        17988  events.
 Wrote         3856  events.
 Actual xsec    1.5506416866532787E-008
 Correct abs xsec    1.6400623177646504E-008
Thanks for using LHAPDF 6.2.1. Please make sure to cite the paper:
  Eur.Phys.J. C75 (2015) 3, 132  (http://arxiv.org/abs/1412.7420)
 Event xsec    1.6400623177645336E-008
 Events wgts > 1:           93
 % Cross section > 1:    1.6478036580585266E-010   1.0047201500882874     
-------------------------------------------------
---------------------------
 Results Last   3 iters: Integral =   0.1551E-07
                     Abs integral =   0.1640E-07
                          Std dev =   0.1121E-09
                  Chi**2 per DoF. =      1.6947
-------------------------------------------------
---------------------------
 Status   1.0000000000000000E-002           8           8

ls status:
events.lhe
ftn26
input_app.txt
results.dat
run1_app.log
