==== LHAPDF6 USING DEFAULT-TYPE LHAGLUE INTERFACE ====
LHAPDF 6.2.1 loading /cvmfs/cms.cern.ch/slc6_amd64_gcc630/external/lhapdf/6.2.1-ghjeda2/share/LHAPDF/NNPDF31_nnlo_as_0118_nf_4_mc_hessian/NNPDF31_nnlo_as_0118_nf_4_mc_hessian_0000.dat
NNPDF31_nnlo_as_0118_nf_4_mc_hessian PDF set, member #0, version 1; LHAPDF ID = 325500
 Process in group number            1
 A PDF is used, so alpha_s(MZ) is going to be modified
 Old value of alpha_s from param_card:   0.11810000000000001     
 New value of alpha_s from PDF lhapdf :  0.11266013434007299     
 using LHAPDF
 Define smin to   10000.000000000000     
 Define smin to   10000.000000000000     
 Define smin to   10000.000000000000     
 Define smin to   10000.000000000000     
 Define smin to   10000.000000000000     
 Define smin to   10000.000000000000     
 Define smin to   10000.000000000000     
 *****************************************************
 *               MadGraph/MadEvent                   *
 *        --------------------------------           *
 *          http://madgraph.hep.uiuc.edu             *
 *          http://madgraph.phys.ucl.ac.be           *
 *          http://madgraph.roma2.infn.it            *
 *        --------------------------------           *
 *                                                   *
 *          PARAMETER AND COUPLING VALUES            *
 *                                                   *
 *****************************************************

  External Params
  ---------------------------------
  
 mdl_MW0 =    80.387000000000000     
 mdl_Gf =    1.1663789999999999E-005
 aS =   0.11810000000000001     
 mdl_ymdo =    1.0000000000000000E-099
 mdl_ymb =    4.1799999999999997     
 mdl_ymt =    173.19999999999999     
 mdl_ymtau =    1.7769999999999999     
 mdl_LambdaSMEFT =    1000.0000000000000     
 mdl_cHW =    1.0000000000000000     
 mdl_MZ =    91.187600000000003     
 mdl_MTA =    1.7769999999999999     
 mdl_MT =    173.19999999999999     
 mdl_MB =    4.1799999999999997     
 mdl_MH =    125.09000000000000     
 mdl_WZ =    2.4952000000000001     
 mdl_WW =    2.0850000000000000     
 mdl_WT =    1.5083359999999999     
 mdl_WH =    4.0699999999999998E-003
  Internal Params
  ---------------------------------
  
 mdl_ymm =    1.0000000000000000E-099
 mdl_yme =    1.0000000000000000E-099
 mdl_ymc =    1.0000000000000000E-099
 mdl_yms =    1.0000000000000000E-099
 mdl_ymup =    1.0000000000000000E-099
 mdl_conjg__CKM3x3 =    1.0000000000000000     
 mdl_cH =    0.0000000000000000     
 mdl_cHB =    0.0000000000000000     
 mdl_CKM1x1 =    1.0000000000000000     
 mdl_conjg__CKM1x1 =    1.0000000000000000     
 mdl_dGf =    0.0000000000000000     
 mdl_CKM3x3 =    1.0000000000000000     
 mdl_dMH2 =    0.0000000000000000     
 mdl_conjg__CKM2x2 =    1.0000000000000000     
 mdl_dg1 =    0.0000000000000000     
 mdl_CKM2x2 =    1.0000000000000000     
 mdl_dgw =    0.0000000000000000     
 mdl_complexi =  (  0.0000000000000000     ,  1.0000000000000000     )
 mdl_MW =    80.387000000000000     
 mdl_nb__2__exp__0_25 =    1.1892071150027210     
 mdl_MH__exp__2 =    15647.508100000001     
 mdl_sqrt__2 =    1.4142135623730951     
 mdl_MW__exp__2 =    6462.0697689999997     
 mdl_MZ__exp__2 =    8315.1783937600012     
 mdl_sth2 =   0.22285855299877133     
 mdl_MH__exp__6 =    3831206449390.3818     
 mdl_MT__exp__6 =    26995248278778.535     
 mdl_MH__exp__4 =    244844509.73956564     
 mdl_MT__exp__4 =    899894403.09759963     
 mdl_MT__exp__2 =    29998.239999999994     
 mdl_LambdaSMEFT__exp__2 =    1000000.0000000000     
 mdl_cth =   0.88155626422890820     
 mdl_sqrt__sth2 =   0.47207896902824564     
 mdl_sth =   0.47207896902824564     
 mdl_MW0__exp__6 =    269845343347.69711     
 mdl_MW0__exp__4 =    41758345.699423708     
 mdl_MW0__exp__2 =    6462.0697689999997     
 mdl_MZ__exp__4 =    69142191.720053151     
 mdl_MZ__exp__6 =    574929658687.79749     
 mdl_cth__exp__2 =   0.77714144700122867     
 mdl_sth__exp__2 =   0.22285855299877130     
 mdl_sth__exp__3 =   0.10520683593878660     
 mdl_cth__exp__3 =   0.68509391079585125     
 mdl_sth__exp__4 =    4.9665934644706158E-002
 mdl_sqrt__Gf =    3.4152291284773265E-003
 mdl_vevhat =    246.21961912951551     
 mdl_lam =   0.12905352724481209     
 mdl_aEW =    7.5614618607353409E-003
 mdl_yb =    2.4008698866559607E-002
 mdl_yc =    5.7437078628133041E-102
 mdl_ydo =    5.7437078628133041E-102
 mdl_ye =    5.7437078628133041E-102
 mdl_ym =    5.7437078628133041E-102
 mdl_ys =    5.7437078628133041E-102
 mdl_yt =   0.99481020183926416     
 mdl_ytau =    1.0206568872219240E-002
 mdl_yup =    5.7437078628133041E-102
 mdl_vevhat__exp__2 =    60624.100844283676     
 mdl_barlam =   0.12905352724481209     
 mdl_vevT =    246.21961912951551     
 mdl_sqrt__aEW =    8.6956666568672819E-002
 mdl_ee =   0.30825335704310214     
 mdl_gwsh =   0.61338418662494298     
 mdl_vev =    246.21961912951551     
 mdl_g1 =   0.34966952144878632     
 mdl_gw =   0.65296989967087182     
 mdl_ee__exp__2 =    9.5020132128342205E-002
 mdl_gHaa =   -1.9303830602986922E-003
 mdl_gHza =   -6.8546472954154700E-003
 mdl_g1sh =   0.34966952144878632     
 mdl_I1d11 =  (  5.7437078628133041E-102,  0.0000000000000000     )
 mdl_I1d22 =  (  5.7437078628133041E-102,  0.0000000000000000     )
 mdl_I1d33 =  (  2.4008698866559607E-002,  0.0000000000000000     )
 mdl_I2d11 =  (  5.7437078628133041E-102,  0.0000000000000000     )
 mdl_I2d22 =  (  5.7437078628133041E-102,  0.0000000000000000     )
 mdl_I2d33 =  ( 0.99481020183926416     ,  0.0000000000000000     )
 mdl_I3d11 =  (  5.7437078628133041E-102,  0.0000000000000000     )
 mdl_I3d22 =  (  5.7437078628133041E-102,  0.0000000000000000     )
 mdl_I3d33 =  (  2.4008698866559607E-002,  0.0000000000000000     )
 mdl_I4d11 =  (  5.7437078628133041E-102,  0.0000000000000000     )
 mdl_I4d22 =  (  5.7437078628133041E-102,  0.0000000000000000     )
 mdl_I4d33 =  ( 0.99481020183926416     ,  0.0000000000000000     )
 mdl_I5d11 =  (  5.7437078628133041E-102,  0.0000000000000000     )
 mdl_I5d22 =  (  5.7437078628133041E-102,  0.0000000000000000     )
 mdl_I5d33 =  (  2.4008698866559607E-002,  0.0000000000000000     )
 mdl_I6d11 =  (  5.7437078628133041E-102,  0.0000000000000000     )
 mdl_I6d22 =  (  5.7437078628133041E-102,  0.0000000000000000     )
 mdl_I6d33 =  ( 0.99481020183926416     ,  0.0000000000000000     )
 mdl_ee__exp__3 =    2.9290274715240611E-002
 mdl_vevhat__exp__3 =    14926843.019948866     
  Internal Params evaluated point by point
  ----------------------------------------
  
 mdl_sqrt__aS =   0.34365680554879169     
 mdl_G__exp__2 =    1.4840883695558185     
 mdl_gHgg =    3.2334372328970845E-003
 mdl_G__exp__3 =  (  1.8079634332366095     ,  0.0000000000000000     )
  Couplings of SMEFTsim_A_U35_MwScheme_UFO_v3_1-cHW_massless
  ---------------------------------
  
         GC_1 =   0.00000E+00   0.10275E+00
         GC_2 =  -0.00000E+00  -0.20550E+00
         GC_3 =  -0.00000E+00  -0.30825E+00
       GC_255 =  -0.00000E+00  -0.42637E+00
       GC_278 =  -0.00000E+00  -0.37035E+00
       GC_280 =  -0.00000E+00  -0.57563E+00
       GC_328 =  -0.00000E+00  -0.55024E-01
       GC_329 =   0.00000E+00   0.11005E+00
       GC_330 =  -0.00000E+00  -0.16507E+00
       GC_387 =   0.00000E+00   0.98488E-03
       GC_400 =   0.00000E+00   0.52490E+02
       GC_809 =  -0.00000E+00  -0.72171E-02
      GC_1073 =  -0.00000E+00  -0.46172E+00

 Collider parameters:
 --------------------

 Running at P P   machine @    13000.000000000000       GeV
 PDF set = lhapdf 
 alpha_s(Mz)= 0.1127 running at 3 loops.
 alpha_s(Mz)= 0.1127 running at 3 loops.
 Renormalization scale set on event-by-event basis
 Factorization   scale set on event-by-event basis


 getting user params
Enter number of events and max and min iterations: 
 Number of events and iterations         2000           8           3
Enter desired fractional accuracy: 
 Desired fractional accuracy:    1.0000000000000000E-002
Enter 0 for fixed, 2 for adjustable grid: 
Suppress amplitude (0 no, 1 yes)? 
 Using suppressed amplitude.
Exact helicity sum (0 yes, n = number/event)? 
 Explicitly summing over helicities
Enter Configuration Number: 
Running Configuration Number:  208
 Using dconfig=          23
 BW Setting            2           1           2           0           0           0
 Attempting mappinvarients           1           8
 Completed mapping           8
 about to integrate           16        2000           8           3          16           1
 Using non-zero grid deformation.
 16 dimensions   2000 events 16 invarients  8 iterations  1 config(s),  (0.99)
 Using h-tuple random number sequence.
 Error opening grid
 Using Uniform Grid!          32
 Using uniform alpha   1.0000000000000000     
 Grid defined OK
 Set CM energy to      13000.00
 Mapping Graph         208  to config         208
Setting grid   1    0.59172E-04   1
Setting grid   2    0.61293E-04   1
 Setting BW          -3           2   80.387000000000000     
Setting grid   4    0.17452E-03   1
 Transforming s_hat 1/s           15   1.7452239124852076E-004   10000.000000000000        168999999.99999997     
 208   1   2   3   4   5   6   7   8   9  10  11  12  13  14
  15  16
 Masses: 0.000E+00 0.000E+00 0.000E+00 0.178E+01 0.000E+00 0.000E+00 0.000E+00 0.000E+00
Using random seed offsets   208 :      5
  with seed                   24
 Ranmar initialization seeds       31266        9402
 
 ********************************************
 * You are using the DiscreteSampler module *
 *      part of the MG5_aMC framework       *
 *         Author: Valentin Hirschi         *
 ********************************************
 
  Particle       3       4       5       6       7       8
      Et >     0.0     0.0     0.0     0.0    10.0    10.0
       E >     0.0     0.0     0.0     0.0     0.0     0.0
     Eta <    -1.0    -1.0    -1.0    -1.0     6.5     6.5
   xqcut:      0.0     0.0     0.0     0.0     0.0     0.0
d R # 3  >    -0.0     0.4     0.0     0.0     0.4     0.4
d R # 4  >    -0.0    -0.0     0.0     0.0     0.4     0.4
d R # 5  >    -0.0    -0.0    -0.0     0.0     0.0     0.0
d R # 6  >    -0.0    -0.0    -0.0    -0.0     0.0     0.0
d R # 7  >    -0.0    -0.0    -0.0    -0.0    -0.0     0.4
s min # 3>     0.0     0.0     0.0     0.0     0.0     0.0
s min # 4>     0.0     0.0     0.0     0.0     0.0     0.0
s min # 5>     0.0     0.0     0.0     0.0     0.0     0.0
s min # 6>     0.0     0.0     0.0     0.0     0.0     0.0
s min # 7>     0.0     0.0     0.0     0.0     0.0 10000.0
xqcutij # 3>     0.0     0.0     0.0     0.0     0.0     0.0
xqcutij # 4>     0.0     0.0     0.0     0.0     0.0     0.0
xqcutij # 5>     0.0     0.0     0.0     0.0     0.0     0.0
xqcutij # 6>     0.0     0.0     0.0     0.0     0.0     0.0
xqcutij # 7>     0.0     0.0     0.0     0.0     0.0     0.0
 Excluding BW           -1           1
 Requiring BW           -3           2
 Excluding BW           -5           3
 alpha_s for scale    121.71302272662814       is   0.10774096858691508     
 Added good helicity          193   255.99290163322635       in event            1 local:           1
 Added good helicity          209   7.0983667736377242E-003  in event            1 local:           1
 Added good helicity          193   255.99290163322635       in event            1 local:           1
 Added good helicity          209   7.0983667736376817E-003  in event            1 local:           1
 RESET CUMULATIVE VARIABLE
 RESET CUMULATIVE VARIABLE
 RESET CUMULATIVE VARIABLE
 Iteration  1   Mean: 0.7298E-11 Abs mean: 0.1635E-10   Fluctuation:  0.384E-11   0.473E-08    19.2%
  1    0.7298E-11 0.1635E-10 +- 0.3840E-11     10.50
 Writing out events   5.3311474542766646E-015   10.501624508240432     
 Relative summed weights:
  0.0000E+00  0.0000E+00  0.7458E-01  0.3548E+00  0.0000E+00  0.0000E+00  0.0000E+00  0.0000E+00  0.1687E+00  0.4019E+00  0.0000E+00  0.0000E+00  0.0000E+00  0.0000E+00
 Relative number of events:
  0.0000E+00  0.0000E+00  0.3234E+00  0.2984E+00  0.0000E+00  0.0000E+00  0.0000E+00  0.0000E+00  0.1805E+00  0.1977E+00  0.0000E+00  0.0000E+00  0.0000E+00  0.0000E+00
 Events:
           0           0         414         382           0           0           0           0         231         253           0           0           0           0
 Iteration  2   Mean: 0.3259E-10 Abs mean: 0.4423E-10   Fluctuation:  0.906E-11   0.272E-07    55.3%
  2    0.3259E-10 0.4423E-10 +- 0.9064E-11     12.96
 Relative summed weights:
  0.0000E+00  0.0000E+00  0.2382E+00  0.3744E+00  0.0000E+00  0.0000E+00  0.0000E+00  0.0000E+00  0.1713E+00  0.2161E+00  0.0000E+00  0.0000E+00  0.0000E+00  0.0000E+00
 Relative number of events:
  0.0000E+00  0.0000E+00  0.3159E+00  0.3139E+00  0.0000E+00  0.0000E+00  0.0000E+00  0.0000E+00  0.1778E+00  0.1925E+00  0.0000E+00  0.0000E+00  0.0000E+00  0.0000E+00
 Events:
           0           0         796         791           0           0           0           0         448         485           0           0           0           0
 Iteration  3   Mean: 0.6643E-10 Abs mean: 0.8123E-10   Fluctuation:  0.430E-10   0.340E-06    68.1%
  3    0.6643E-10 0.8123E-10 +- 0.4298E-10     47.33
 Relative summed weights:
  0.0000E+00  0.0000E+00  0.1015E+00  0.7042E-01  0.0000E+00  0.0000E+00  0.0000E+00  0.0000E+00  0.1314E+00  0.6966E+00  0.0000E+00  0.0000E+00  0.0000E+00  0.0000E+00
 Relative number of events:
  0.0000E+00  0.0000E+00  0.3036E+00  0.3018E+00  0.0000E+00  0.0000E+00  0.0000E+00  0.0000E+00  0.1987E+00  0.1959E+00  0.0000E+00  0.0000E+00  0.0000E+00  0.0000E+00
 Events:
           0           0        1539        1530           0           0           0           0        1007         993           0           0           0           0
 Accuracy:    0.367   0.010   0.148   6.131
 Found          476  events.
 Wrote            2  events.
 Actual xsec    2.5168213957370923E-011
 Correct abs xsec    3.6025860657543057E-011
 Event xsec    3.6025860657543051E-011
 Events wgts > 1:            1
 % Cross section > 1:    1.1138575344860681E-018   3.0918276875443639E-006
 Iteration  4   Mean: 0.2015E-10 Abs mean: 0.3849E-10   Fluctuation:  0.287E-11   0.221E-07    75.2%
  4    0.2015E-10 0.3849E-10 +- 0.2871E-11      9.44
 Relative summed weights:
  0.0000E+00  0.0000E+00  0.2534E+00  0.1949E+00  0.0000E+00  0.0000E+00  0.0000E+00  0.0000E+00  0.2690E+00  0.2826E+00  0.0000E+00  0.0000E+00  0.0000E+00  0.0000E+00
 Relative number of events:
  0.0000E+00  0.0000E+00  0.2905E+00  0.3073E+00  0.0000E+00  0.0000E+00  0.0000E+00  0.0000E+00  0.2049E+00  0.1973E+00  0.0000E+00  0.0000E+00  0.0000E+00  0.0000E+00
 Events:
           0           0        3039        3215           0           0           0           0        2143        2064           0           0           0           0
 Accuracy:    0.129   0.010   0.067   3.727
 Found          570  events.
 Wrote           34  events.
 Actual xsec    2.2378165575972321E-011
 Correct abs xsec    3.9882423844746761E-011
 Event xsec    3.9882423844746793E-011
 Events wgts > 1:            1
 % Cross section > 1:    1.4858768733757387E-020   3.7256433539744715E-008
 Iteration  5   Mean: 0.2569E-10 Abs mean: 0.4349E-10   Fluctuation:  0.188E-11   0.198E-07    77.4%
  5    0.2569E-10 0.4349E-10 +- 0.1884E-11      7.75
 Relative summed weights:
  0.0000E+00  0.0000E+00  0.2183E+00  0.2525E+00  0.0000E+00  0.0000E+00  0.0000E+00  0.0000E+00  0.2304E+00  0.2988E+00  0.0000E+00  0.0000E+00  0.0000E+00  0.0000E+00
 Relative number of events:
  0.0000E+00  0.0000E+00  0.2990E+00  0.3024E+00  0.0000E+00  0.0000E+00  0.0000E+00  0.0000E+00  0.1973E+00  0.2012E+00  0.0000E+00  0.0000E+00  0.0000E+00  0.0000E+00
 Events:
           0           0        6222        6291           0           0           0           0        4106        4187           0           0           0           0
 Accuracy:    0.063   0.010   0.036   2.986
 Found         2389  events.
 Wrote           88  events.
 Actual xsec    2.4503781409400838E-011
 Correct abs xsec    4.2418979063832868E-011
 Event xsec    4.2418979063832868E-011
 Events wgts > 1:            3
 % Cross section > 1:    2.7375437005679463E-013  0.64535822431002865     
 Iteration  6   Mean: 0.2492E-10 Abs mean: 0.4263E-10   Fluctuation:  0.108E-11   0.230E-07    77.9%
  6    0.2492E-10 0.4263E-10 +- 0.1084E-11      6.43
 Relative summed weights:
  0.0000E+00  0.0000E+00  0.2338E+00  0.2118E+00  0.0000E+00  0.0000E+00  0.0000E+00  0.0000E+00  0.2831E+00  0.2713E+00  0.0000E+00  0.0000E+00  0.0000E+00  0.0000E+00
 Relative number of events:
  0.0000E+00  0.0000E+00  0.3003E+00  0.3029E+00  0.0000E+00  0.0000E+00  0.0000E+00  0.0000E+00  0.1978E+00  0.1990E+00  0.0000E+00  0.0000E+00  0.0000E+00  0.0000E+00
 Events:
Thanks for using LHAPDF 6.2.1. Please make sure to cite the paper:
  Eur.Phys.J. C75 (2015) 3, 132  (http://arxiv.org/abs/1412.7420)
           0           0       12610       12719           0           0           0           0        8305        8357           0           0           0           0
 Accuracy:    0.032   0.010   0.021   2.364
 Found         5056  events.
 Wrote          225  events.
 Actual xsec    2.4722609449210222E-011
 Correct abs xsec    4.2503894230762770E-011
 Event xsec    4.2503894230762971E-011
 Events wgts > 1:            6
 % Cross section > 1:    4.1360385383269045E-013  0.97309637462192133     
 Iteration  7   Mean: 0.2829E-10 Abs mean: 0.4491E-10   Fluctuation:  0.141E-11   0.156E-06    78.9%
  7    0.2829E-10 0.4491E-10 +- 0.1411E-11     11.24
 Exceeded boost           2          95   128000.000    
 Exceeded boost           2          96   128000.000    
 Exceeded boost           4          96   128000.000    
 Relative summed weights:
  0.0000E+00  0.0000E+00  0.2086E+00  0.2056E+00  0.0000E+00  0.0000E+00  0.0000E+00  0.0000E+00  0.3131E+00  0.2727E+00  0.0000E+00  0.0000E+00  0.0000E+00  0.0000E+00
 Relative number of events:
  0.0000E+00  0.0000E+00  0.3003E+00  0.2991E+00  0.0000E+00  0.0000E+00  0.0000E+00  0.0000E+00  0.2014E+00  0.1992E+00  0.0000E+00  0.0000E+00  0.0000E+00  0.0000E+00
 Events:
           0           0       25490       25385           0           0           0           0       17100       16910           0           0           0           0
 Accuracy:    0.026   0.010   0.017   2.304
 Found        11318  events.
 Wrote           32  events.
 Actual xsec    2.6157241701579851E-011
 Correct abs xsec    4.3524677113430535E-011
 Event xsec    4.3524677113430522E-011
 Events wgts > 1:            1
 % Cross section > 1:    7.8127063654739805E-020   1.7950061628517386E-007
 Iteration  8   Mean: 0.2759E-10 Abs mean: 0.4428E-10   Fluctuation:  0.487E-12   0.344E-07    78.9%
  8    0.2759E-10 0.4428E-10 +- 0.4874E-12      5.57
 Exceeded boost           1          96   128000.000    
 Exceeded boost           4           1   256000.000    
 Relative summed weights:
  0.0000E+00  0.0000E+00  0.2177E+00  0.2166E+00  0.0000E+00  0.0000E+00  0.0000E+00  0.0000E+00  0.2724E+00  0.2933E+00  0.0000E+00  0.0000E+00  0.0000E+00  0.0000E+00
 Relative number of events:
  0.0000E+00  0.0000E+00  0.3009E+00  0.3012E+00  0.0000E+00  0.0000E+00  0.0000E+00  0.0000E+00  0.1992E+00  0.1987E+00  0.0000E+00  0.0000E+00  0.0000E+00  0.0000E+00
 Events:
           0           0       51210       51251           0           0           0           0       33904       33808           0           0           0           0
 Accuracy:    0.014   0.010   0.009   2.128
 Found        22488  events.
 Wrote         1076  events.
 Actual xsec    2.7270834984711732E-011
 Correct abs xsec    4.4105306247252332E-011
 Event xsec    4.4105306247251201E-011
 Events wgts > 1:           18
 % Cross section > 1:    4.3060970929352246E-013  0.97632177606829240     

 -------------------------------------------------------------------------------
 Accumulated results:   Integral =  0.4396E-10
                        Std dev  =  0.4086E-12
                       Cross sec =  0.2708E-10
             Chi**2 per DoF.     =      2.1283
 -------------------------------------------------------------------------------
-------------------------------------------------
---------------------------
 Results Last   3 iters: Integral =   0.2727E-10
                     Abs integral =   0.4411E-10
                          Std dev =   0.4241E-12
                  Chi**2 per DoF. =      1.1519
-------------------------------------------------
---------------------------
 Status   1.0000000000000000E-002           9           8

ls status:
events.lhe
ftn26
input_app.txt
results.dat
run1_app.log
