==== LHAPDF6 USING DEFAULT-TYPE LHAGLUE INTERFACE ====
LHAPDF 6.2.1 loading /cvmfs/cms.cern.ch/slc6_amd64_gcc630/external/lhapdf/6.2.1-ghjeda2/share/LHAPDF/NNPDF31_nnlo_as_0118_nf_4_mc_hessian/NNPDF31_nnlo_as_0118_nf_4_mc_hessian_0000.dat
NNPDF31_nnlo_as_0118_nf_4_mc_hessian PDF set, member #0, version 1; LHAPDF ID = 325500
 Process in group number            1
 A PDF is used, so alpha_s(MZ) is going to be modified
 Old value of alpha_s from param_card:   0.11810000000000001     
 New value of alpha_s from PDF lhapdf :  0.11266013434007299     
 using LHAPDF
 Define smin to   10000.000000000000     
 Define smin to   10000.000000000000     
 Define smin to   10000.000000000000     
 Define smin to   10000.000000000000     
 Define smin to   10000.000000000000     
 Define smin to   10000.000000000000     
 Define smin to   10000.000000000000     
 Define smin to   10000.000000000000     
 Define smin to   10000.000000000000     
 Define smin to   10000.000000000000     
 Define smin to   10000.000000000000     
 Define smin to   10000.000000000000     
 Define smin to   10000.000000000000     
 Define smin to   10000.000000000000     
 Define smin to   10000.000000000000     
 Define smin to   10000.000000000000     
 *****************************************************
 *               MadGraph/MadEvent                   *
 *        --------------------------------           *
 *          http://madgraph.hep.uiuc.edu             *
 *          http://madgraph.phys.ucl.ac.be           *
 *          http://madgraph.roma2.infn.it            *
 *        --------------------------------           *
 *                                                   *
 *          PARAMETER AND COUPLING VALUES            *
 *                                                   *
 *****************************************************

  External Params
  ---------------------------------
  
 mdl_MW0 =    80.387000000000000     
 mdl_Gf =    1.1663789999999999E-005
 aS =   0.11810000000000001     
 mdl_ymdo =    1.0000000000000000E-099
 mdl_ymb =    4.1799999999999997     
 mdl_ymt =    173.19999999999999     
 mdl_ymtau =    1.7769999999999999     
 mdl_LambdaSMEFT =    1000.0000000000000     
 mdl_MZ =    91.187600000000003     
 mdl_MTA =    1.7769999999999999     
 mdl_MT =    173.19999999999999     
 mdl_MB =    4.1799999999999997     
 mdl_MH =    125.09000000000000     
 mdl_WZ =    2.4952000000000001     
 mdl_WW =    2.0850000000000000     
 mdl_WT =    1.5083359999999999     
 mdl_WH =    4.0699999999999998E-003
  Internal Params
  ---------------------------------
  
 mdl_ymm =    1.0000000000000000E-099
 mdl_yme =    1.0000000000000000E-099
 mdl_ymc =    1.0000000000000000E-099
 mdl_yms =    1.0000000000000000E-099
 mdl_ymup =    1.0000000000000000E-099
 mdl_conjg__CKM3x3 =    1.0000000000000000     
 mdl_cH =    0.0000000000000000     
 mdl_cHB =    0.0000000000000000     
 mdl_CKM2x2 =    1.0000000000000000     
 mdl_CKM1x1 =    1.0000000000000000     
 mdl_conjg__CKM1x1 =    1.0000000000000000     
 mdl_dGf =    0.0000000000000000     
 mdl_CKM3x3 =    1.0000000000000000     
 mdl_dMH2 =    0.0000000000000000     
 mdl_conjg__CKM2x2 =    1.0000000000000000     
 mdl_dg1 =    0.0000000000000000     
 mdl_cHW =    0.0000000000000000     
 mdl_dgw =    0.0000000000000000     
 mdl_complexi =  (  0.0000000000000000     ,  1.0000000000000000     )
 mdl_MW =    80.387000000000000     
 mdl_nb__2__exp__0_25 =    1.1892071150027210     
 mdl_MH__exp__2 =    15647.508100000001     
 mdl_sqrt__2 =    1.4142135623730951     
 mdl_MW__exp__2 =    6462.0697689999997     
 mdl_MZ__exp__2 =    8315.1783937600012     
 mdl_sth2 =   0.22285855299877133     
 mdl_MH__exp__6 =    3831206449390.3818     
 mdl_MT__exp__6 =    26995248278778.535     
 mdl_MH__exp__4 =    244844509.73956564     
 mdl_MT__exp__4 =    899894403.09759963     
 mdl_MT__exp__2 =    29998.239999999994     
 mdl_LambdaSMEFT__exp__2 =    1000000.0000000000     
 mdl_cth =   0.88155626422890820     
 mdl_sqrt__sth2 =   0.47207896902824564     
 mdl_sth =   0.47207896902824564     
 mdl_MW0__exp__6 =    269845343347.69711     
 mdl_MW0__exp__4 =    41758345.699423708     
 mdl_MW0__exp__2 =    6462.0697689999997     
 mdl_MZ__exp__4 =    69142191.720053151     
 mdl_MZ__exp__6 =    574929658687.79749     
 mdl_cth__exp__2 =   0.77714144700122867     
 mdl_sth__exp__2 =   0.22285855299877130     
 mdl_sth__exp__3 =   0.10520683593878660     
 mdl_cth__exp__3 =   0.68509391079585125     
 mdl_sth__exp__4 =    4.9665934644706158E-002
 mdl_sqrt__Gf =    3.4152291284773265E-003
 mdl_vevhat =    246.21961912951551     
 mdl_lam =   0.12905352724481209     
 mdl_aEW =    7.5614618607353409E-003
 mdl_yb =    2.4008698866559607E-002
 mdl_yc =    5.7437078628133041E-102
 mdl_ydo =    5.7437078628133041E-102
 mdl_ye =    5.7437078628133041E-102
 mdl_ym =    5.7437078628133041E-102
 mdl_ys =    5.7437078628133041E-102
 mdl_yt =   0.99481020183926416     
 mdl_ytau =    1.0206568872219240E-002
 mdl_yup =    5.7437078628133041E-102
 mdl_vevhat__exp__2 =    60624.100844283676     
 mdl_barlam =   0.12905352724481209     
 mdl_vevT =    246.21961912951551     
 mdl_sqrt__aEW =    8.6956666568672819E-002
 mdl_ee =   0.30825335704310214     
 mdl_gwsh =   0.65296989967087182     
 mdl_vev =    246.21961912951551     
 mdl_g1 =   0.34966952144878632     
 mdl_gw =   0.65296989967087182     
 mdl_ee__exp__2 =    9.5020132128342205E-002
 mdl_gHaa =   -1.9303830602986922E-003
 mdl_gHza =   -6.8546472954154700E-003
 mdl_g1sh =   0.34966952144878632     
 mdl_I1d11 =  (  5.7437078628133041E-102,  0.0000000000000000     )
 mdl_I1d22 =  (  5.7437078628133041E-102,  0.0000000000000000     )
 mdl_I1d33 =  (  2.4008698866559607E-002,  0.0000000000000000     )
 mdl_I2d11 =  (  5.7437078628133041E-102,  0.0000000000000000     )
 mdl_I2d22 =  (  5.7437078628133041E-102,  0.0000000000000000     )
 mdl_I2d33 =  ( 0.99481020183926416     ,  0.0000000000000000     )
 mdl_I3d11 =  (  5.7437078628133041E-102,  0.0000000000000000     )
 mdl_I3d22 =  (  5.7437078628133041E-102,  0.0000000000000000     )
 mdl_I3d33 =  (  2.4008698866559607E-002,  0.0000000000000000     )
 mdl_I4d11 =  (  5.7437078628133041E-102,  0.0000000000000000     )
 mdl_I4d22 =  (  5.7437078628133041E-102,  0.0000000000000000     )
 mdl_I4d33 =  ( 0.99481020183926416     ,  0.0000000000000000     )
 mdl_I5d11 =  (  5.7437078628133041E-102,  0.0000000000000000     )
 mdl_I5d22 =  (  5.7437078628133041E-102,  0.0000000000000000     )
 mdl_I5d33 =  (  2.4008698866559607E-002,  0.0000000000000000     )
 mdl_I6d11 =  (  5.7437078628133041E-102,  0.0000000000000000     )
 mdl_I6d22 =  (  5.7437078628133041E-102,  0.0000000000000000     )
 mdl_I6d33 =  ( 0.99481020183926416     ,  0.0000000000000000     )
 mdl_ee__exp__3 =    2.9290274715240611E-002
 mdl_vevhat__exp__3 =    14926843.019948866     
  Internal Params evaluated point by point
  ----------------------------------------
  
 mdl_sqrt__aS =   0.34365680554879169     
 mdl_G__exp__2 =    1.4840883695558185     
 mdl_gHgg =    3.2334372328970845E-003
 mdl_G__exp__3 =  (  1.8079634332366095     ,  0.0000000000000000     )
  Couplings of SMEFTsim_A_U35_MwScheme_UFO_v3_1-SMlimit_massless
  ---------------------------------
  
         GC_1 =   0.00000E+00   0.10275E+00
         GC_2 =  -0.00000E+00  -0.20550E+00
         GC_3 =  -0.00000E+00  -0.30825E+00
       GC_255 =  -0.00000E+00  -0.42637E+00
       GC_278 =  -0.00000E+00  -0.37035E+00
       GC_280 =  -0.00000E+00  -0.57563E+00
       GC_328 =  -0.00000E+00  -0.55024E-01
       GC_329 =   0.00000E+00   0.11005E+00
       GC_330 =  -0.00000E+00  -0.16507E+00
       GC_400 =   0.00000E+00   0.52490E+02
       GC_809 =  -0.00000E+00  -0.72171E-02
      GC_1073 =  -0.00000E+00  -0.46172E+00

 Collider parameters:
 --------------------

 Running at P P   machine @    13000.000000000000       GeV
 PDF set = lhapdf 
 alpha_s(Mz)= 0.1127 running at 3 loops.
 alpha_s(Mz)= 0.1127 running at 3 loops.
 Renormalization scale set on event-by-event basis
 Factorization   scale set on event-by-event basis


 getting user params
Enter number of events and max and min iterations: 
 Number of events and iterations         2000           8           3
Enter desired fractional accuracy: 
 Desired fractional accuracy:    1.0000000000000000E-002
Enter 0 for fixed, 2 for adjustable grid: 
Suppress amplitude (0 no, 1 yes)? 
 Using suppressed amplitude.
Exact helicity sum (0 yes, n = number/event)? 
 Explicitly summing over helicities
Enter Configuration Number: 
Running Configuration Number:  440
 Using dconfig=          70
 BW Setting            1           2           1           2           0           0
 Attempting mappinvarients           1           8
 Completed mapping           8
 about to integrate           16        2000           8           3          16           1
 Using non-zero grid deformation.
 16 dimensions   2000 events 16 invarients  8 iterations  1 config(s),  (0.99)
 Using h-tuple random number sequence.
 Error opening grid
 Using Uniform Grid!          32
 Using uniform alpha   1.0000000000000000     
 Grid defined OK
 Set CM energy to      13000.00
 Mapping Graph         440  to config         440
 Setting BW          -1           1   80.387000000000000     
Setting grid   2    0.28963E-04   1
Setting grid   3    0.28963E-04   1
 Setting BW          -4           3   80.387000000000000     
Setting grid   5    0.11585E-03   1
 Transforming s_hat 1/s           15   1.5133541879289945E-004   10000.000000000000        168999999.99999997     
 440   1   2   3   4   5   6   7   8   9  10  11  12  13  14
  15  16
 Masses: 0.000E+00 0.000E+00 0.000E+00 0.000E+00 0.000E+00 0.000E+00 0.000E+00 0.000E+00
Using random seed offsets   440 :      3
  with seed                   24
 Ranmar initialization seeds         170        9400
 
 ********************************************
 * You are using the DiscreteSampler module *
 *      part of the MG5_aMC framework       *
 *         Author: Valentin Hirschi         *
 ********************************************
 
  Particle       3       4       5       6       7       8
      Et >     0.0     0.0     0.0     0.0    10.0    10.0
       E >     0.0     0.0     0.0     0.0     0.0     0.0
     Eta <    -1.0    -1.0    -1.0    -1.0     6.5     6.5
   xqcut:      0.0     0.0     0.0     0.0     0.0     0.0
d R # 3  >    -0.0     0.4     0.0     0.0     0.4     0.4
d R # 4  >    -0.0    -0.0     0.0     0.0     0.4     0.4
d R # 5  >    -0.0    -0.0    -0.0     0.0     0.0     0.0
d R # 6  >    -0.0    -0.0    -0.0    -0.0     0.0     0.0
d R # 7  >    -0.0    -0.0    -0.0    -0.0    -0.0     0.4
s min # 3>     0.0     0.0     0.0     0.0     0.0     0.0
s min # 4>     0.0     0.0     0.0     0.0     0.0     0.0
s min # 5>     0.0     0.0     0.0     0.0     0.0     0.0
s min # 6>     0.0     0.0     0.0     0.0     0.0     0.0
s min # 7>     0.0     0.0     0.0     0.0     0.0 10000.0
xqcutij # 3>     0.0     0.0     0.0     0.0     0.0     0.0
xqcutij # 4>     0.0     0.0     0.0     0.0     0.0     0.0
xqcutij # 5>     0.0     0.0     0.0     0.0     0.0     0.0
xqcutij # 6>     0.0     0.0     0.0     0.0     0.0     0.0
xqcutij # 7>     0.0     0.0     0.0     0.0     0.0     0.0
 Requiring BW           -1           1
 Excluding BW           -3           2
 Requiring BW           -4           3
 Excluding BW           -5           4
 alpha_s for scale    42.010720468786168       is   0.12849162937344999     
 Added good helicity          193   256.00000000000000       in event            1 local:           1
 Added good helicity          193   256.00000000000000       in event            1 local:           1
 RESET CUMULATIVE VARIABLE
 RESET CUMULATIVE VARIABLE
 RESET CUMULATIVE VARIABLE
 Iteration  1   Mean: 0.4705E-05 Abs mean: 0.4705E-05   Fluctuation:  0.885E-06   0.901E-03     6.3%
  1    0.4705E-05 0.4705E-05 +- 0.8849E-06      8.41
 Writing out events   4.6467251871685405E-009   8.4104264670532913     
 Relative summed weights:
  0.0000E+00  0.0000E+00  0.1393E-02  0.9301E-02  0.0000E+00  0.0000E+00  0.0000E+00  0.0000E+00  0.0000E+00  0.0000E+00  0.1435E-02  0.4354E-01  0.2332E-01  0.6114E-02  0.0000E+00  0.0000E+00  0.0000E+00  0.0000E+00  0.0000E+00  0.0000E+00  0.0000E+00  0.0000E+00  0.1333E+00  0.4297E-02  0.0000E+00  0.0000E+00  0.0000E+00  0.0000E+00  0.1071E-02  0.3770E-04  0.0000E+00  0.0000E+00
  0.0000E+00  0.0000E+00  0.3483E-02  0.1530E-01  0.0000E+00  0.0000E+00  0.0000E+00  0.0000E+00  0.0000E+00  0.0000E+00  0.3590E-02  0.8751E-03  0.2839E-01  0.7091E-02  0.0000E+00  0.0000E+00  0.0000E+00  0.0000E+00  0.0000E+00  0.0000E+00  0.0000E+00  0.0000E+00  0.1916E-01  0.9975E-01  0.0000E+00  0.0000E+00  0.0000E+00  0.0000E+00  0.3646E-05  0.3695E-03  0.0000E+00  0.0000E+00
  0.0000E+00  0.0000E+00  0.7785E-02  0.1506E-02  0.0000E+00  0.0000E+00  0.0000E+00  0.0000E+00  0.0000E+00  0.0000E+00  0.4198E-01  0.1399E-02  0.4714E-01  0.7650E-01  0.0000E+00  0.0000E+00  0.0000E+00  0.0000E+00  0.0000E+00  0.0000E+00  0.0000E+00  0.0000E+00  0.4360E-01  0.2749E-02  0.0000E+00  0.0000E+00  0.0000E+00  0.0000E+00  0.7933E-05  0.2044E-02  0.0000E+00  0.0000E+00
  0.0000E+00  0.0000E+00  0.4294E-02  0.5946E-02  0.0000E+00  0.0000E+00  0.0000E+00  0.0000E+00  0.0000E+00  0.0000E+00  0.1587E-02  0.9809E-02  0.1424E-01  0.9011E-02  0.0000E+00  0.0000E+00  0.0000E+00  0.0000E+00  0.0000E+00  0.0000E+00  0.0000E+00  0.0000E+00  0.1158E-02  0.1003E-02  0.0000E+00  0.0000E+00  0.0000E+00  0.0000E+00  0.1873E-05  0.4308E-06  0.0000E+00  0.0000E+00
  0.0000E+00  0.0000E+00  0.1110E-01  0.4201E-01  0.0000E+00  0.0000E+00  0.0000E+00  0.0000E+00  0.0000E+00  0.0000E+00  0.1400E-02  0.1222E-01  0.0000E+00  0.0000E+00  0.0000E+00  0.0000E+00  0.0000E+00  0.0000E+00  0.0000E+00  0.0000E+00  0.0000E+00  0.0000E+00  0.0000E+00  0.0000E+00  0.0000E+00  0.0000E+00  0.0000E+00  0.0000E+00  0.0000E+00  0.0000E+00  0.0000E+00  0.0000E+00
  0.0000E+00  0.0000E+00  0.1756E-01  0.2136E-01  0.0000E+00  0.0000E+00  0.0000E+00  0.0000E+00  0.0000E+00  0.0000E+00  0.1941E-02  0.1413E-03  0.0000E+00  0.0000E+00  0.0000E+00  0.0000E+00  0.0000E+00  0.0000E+00  0.0000E+00  0.0000E+00  0.0000E+00  0.0000E+00  0.0000E+00  0.0000E+00  0.0000E+00  0.0000E+00  0.0000E+00  0.0000E+00  0.0000E+00  0.0000E+00  0.0000E+00  0.0000E+00
  0.0000E+00  0.0000E+00  0.6436E-01  0.1408E-01  0.0000E+00  0.0000E+00  0.0000E+00  0.0000E+00  0.0000E+00  0.0000E+00  0.1596E-01  0.5652E-01  0.0000E+00  0.0000E+00  0.0000E+00  0.0000E+00  0.0000E+00  0.0000E+00  0.0000E+00  0.0000E+00  0.0000E+00  0.0000E+00  0.0000E+00  0.0000E+00  0.0000E+00  0.0000E+00  0.0000E+00  0.0000E+00  0.0000E+00  0.0000E+00  0.0000E+00  0.0000E+00
  0.0000E+00  0.0000E+00  0.1011E-01  0.1262E-03  0.0000E+00  0.0000E+00  0.0000E+00  0.0000E+00  0.0000E+00  0.0000E+00  0.8170E-03  0.5670E-01  0.0000E+00  0.0000E+00  0.0000E+00  0.0000E+00  0.0000E+00  0.0000E+00  0.0000E+00  0.0000E+00  0.0000E+00  0.0000E+00  0.0000E+00  0.0000E+00  0.0000E+00  0.0000E+00  0.0000E+00  0.0000E+00  0.0000E+00  0.0000E+00  0.0000E+00  0.0000E+00
 Relative number of events:
  0.0000E+00  0.0000E+00  0.1891E-01  0.2190E-01  0.0000E+00  0.0000E+00  0.0000E+00  0.0000E+00  0.0000E+00  0.0000E+00  0.2041E-01  0.1891E-01  0.5127E-01  0.4928E-01  0.0000E+00  0.0000E+00  0.0000E+00  0.0000E+00  0.0000E+00  0.0000E+00  0.0000E+00  0.0000E+00  0.2638E-01  0.2937E-01  0.0000E+00  0.0000E+00  0.0000E+00  0.0000E+00  0.3484E-02  0.2987E-02  0.0000E+00  0.0000E+00
  0.0000E+00  0.0000E+00  0.1444E-01  0.1543E-01  0.0000E+00  0.0000E+00  0.0000E+00  0.0000E+00  0.0000E+00  0.0000E+00  0.1145E-01  0.1593E-01  0.2837E-01  0.1891E-01  0.0000E+00  0.0000E+00  0.0000E+00  0.0000E+00  0.0000E+00  0.0000E+00  0.0000E+00  0.0000E+00  0.2091E-01  0.2240E-01  0.0000E+00  0.0000E+00  0.0000E+00  0.0000E+00  0.2489E-02  0.2987E-02  0.0000E+00  0.0000E+00
  0.0000E+00  0.0000E+00  0.1941E-01  0.2041E-01  0.0000E+00  0.0000E+00  0.0000E+00  0.0000E+00  0.0000E+00  0.0000E+00  0.1444E-01  0.1344E-01  0.4480E-01  0.3733E-01  0.0000E+00  0.0000E+00  0.0000E+00  0.0000E+00  0.0000E+00  0.0000E+00  0.0000E+00  0.0000E+00  0.2837E-01  0.2787E-01  0.0000E+00  0.0000E+00  0.0000E+00  0.0000E+00  0.2987E-02  0.5475E-02  0.0000E+00  0.0000E+00
  0.0000E+00  0.0000E+00  0.1095E-01  0.9457E-02  0.0000E+00  0.0000E+00  0.0000E+00  0.0000E+00  0.0000E+00  0.0000E+00  0.1394E-01  0.1493E-01  0.2688E-01  0.1941E-01  0.0000E+00  0.0000E+00  0.0000E+00  0.0000E+00  0.0000E+00  0.0000E+00  0.0000E+00  0.0000E+00  0.1941E-01  0.2290E-01  0.0000E+00  0.0000E+00  0.0000E+00  0.0000E+00  0.1493E-02  0.2489E-02  0.0000E+00  0.0000E+00
  0.0000E+00  0.0000E+00  0.2489E-01  0.2539E-01  0.0000E+00  0.0000E+00  0.0000E+00  0.0000E+00  0.0000E+00  0.0000E+00  0.1643E-01  0.1344E-01  0.0000E+00  0.0000E+00  0.0000E+00  0.0000E+00  0.0000E+00  0.0000E+00  0.0000E+00  0.0000E+00  0.0000E+00  0.0000E+00  0.0000E+00  0.0000E+00  0.0000E+00  0.0000E+00  0.0000E+00  0.0000E+00  0.0000E+00  0.0000E+00  0.0000E+00  0.0000E+00
  0.0000E+00  0.0000E+00  0.9457E-02  0.1045E-01  0.0000E+00  0.0000E+00  0.0000E+00  0.0000E+00  0.0000E+00  0.0000E+00  0.1394E-01  0.1394E-01  0.0000E+00  0.0000E+00  0.0000E+00  0.0000E+00  0.0000E+00  0.0000E+00  0.0000E+00  0.0000E+00  0.0000E+00  0.0000E+00  0.0000E+00  0.0000E+00  0.0000E+00  0.0000E+00  0.0000E+00  0.0000E+00  0.0000E+00  0.0000E+00  0.0000E+00  0.0000E+00
  0.0000E+00  0.0000E+00  0.2539E-01  0.1941E-01  0.0000E+00  0.0000E+00  0.0000E+00  0.0000E+00  0.0000E+00  0.0000E+00  0.1294E-01  0.1593E-01  0.0000E+00  0.0000E+00  0.0000E+00  0.0000E+00  0.0000E+00  0.0000E+00  0.0000E+00  0.0000E+00  0.0000E+00  0.0000E+00  0.0000E+00  0.0000E+00  0.0000E+00  0.0000E+00  0.0000E+00  0.0000E+00  0.0000E+00  0.0000E+00  0.0000E+00  0.0000E+00
  0.0000E+00  0.0000E+00  0.1344E-01  0.8960E-02  0.0000E+00  0.0000E+00  0.0000E+00  0.0000E+00  0.0000E+00  0.0000E+00  0.9457E-02  0.1394E-01  0.0000E+00  0.0000E+00  0.0000E+00  0.0000E+00  0.0000E+00  0.0000E+00  0.0000E+00  0.0000E+00  0.0000E+00  0.0000E+00  0.0000E+00  0.0000E+00  0.0000E+00  0.0000E+00  0.0000E+00  0.0000E+00  0.0000E+00  0.0000E+00  0.0000E+00  0.0000E+00
 Events:
           0           0          38          44           0           0           0           0           0           0          41          38         103          99           0           0           0           0           0           0           0           0          53          59           0           0           0           0           7           6           0           0
           0           0          29          31           0           0           0           0           0           0          23          32          57          38           0           0           0           0           0           0           0           0          42          45           0           0           0           0           5           6           0           0
           0           0          39          41           0           0           0           0           0           0          29          27          90          75           0           0           0           0           0           0           0           0          57          56           0           0           0           0           6          11           0           0
           0           0          22          19           0           0           0           0           0           0          28          30          54          39           0           0           0           0           0           0           0           0          39          46           0           0           0           0           3           5           0           0
           0           0          50          51           0           0           0           0           0           0          33          27           0           0           0           0           0           0           0           0           0           0           0           0           0           0           0           0           0           0           0           0
           0           0          19          21           0           0           0           0           0           0          28          28           0           0           0           0           0           0           0           0           0           0           0           0           0           0           0           0           0           0           0           0
           0           0          51          39           0           0           0           0           0           0          26          32           0           0           0           0           0           0           0           0           0           0           0           0           0           0           0           0           0           0           0           0
           0           0          27          18           0           0           0           0           0           0          19          28           0           0           0           0           0           0           0           0           0           0           0           0           0           0           0           0           0           0           0           0
 Iteration  2   Mean: 0.4226E-05 Abs mean: 0.4226E-05   Fluctuation:  0.450E-06   0.808E-03    27.8%
  2    0.4226E-05 0.4226E-05 +- 0.4502E-06      6.74
 Relative summed weights:
  0.0000E+00  0.0000E+00  0.2762E-01  0.1031E-01  0.0000E+00  0.0000E+00  0.0000E+00  0.0000E+00  0.0000E+00  0.0000E+00  0.7719E-02  0.4412E-02  0.4234E-01  0.1102E+00  0.0000E+00  0.0000E+00  0.0000E+00  0.0000E+00  0.0000E+00  0.0000E+00  0.0000E+00  0.0000E+00  0.1738E-01  0.4072E-01  0.0000E+00  0.0000E+00  0.0000E+00  0.0000E+00  0.2932E-03  0.8973E-04  0.0000E+00  0.0000E+00
  0.0000E+00  0.0000E+00  0.5615E-01  0.9987E-02  0.0000E+00  0.0000E+00  0.0000E+00  0.0000E+00  0.0000E+00  0.0000E+00  0.7857E-02  0.5312E-02  0.1596E-01  0.3661E-01  0.0000E+00  0.0000E+00  0.0000E+00  0.0000E+00  0.0000E+00  0.0000E+00  0.0000E+00  0.0000E+00  0.1462E-01  0.2921E-01  0.0000E+00  0.0000E+00  0.0000E+00  0.0000E+00  0.1463E-03  0.7698E-04  0.0000E+00  0.0000E+00
  0.0000E+00  0.0000E+00  0.2513E-01  0.2964E-01  0.0000E+00  0.0000E+00  0.0000E+00  0.0000E+00  0.0000E+00  0.0000E+00  0.2546E-02  0.5810E-02  0.6234E-01  0.2595E-01  0.0000E+00  0.0000E+00  0.0000E+00  0.0000E+00  0.0000E+00  0.0000E+00  0.0000E+00  0.0000E+00  0.6930E-01  0.2523E-01  0.0000E+00  0.0000E+00  0.0000E+00  0.0000E+00  0.1089E-02  0.1275E-03  0.0000E+00  0.0000E+00
  0.0000E+00  0.0000E+00  0.6356E-02  0.2478E-02  0.0000E+00  0.0000E+00  0.0000E+00  0.0000E+00  0.0000E+00  0.0000E+00  0.3252E-02  0.2281E-01  0.1217E-01  0.2354E-01  0.0000E+00  0.0000E+00  0.0000E+00  0.0000E+00  0.0000E+00  0.0000E+00  0.0000E+00  0.0000E+00  0.6498E-02  0.3583E-01  0.0000E+00  0.0000E+00  0.0000E+00  0.0000E+00  0.4127E-04  0.3406E-03  0.0000E+00  0.0000E+00
  0.0000E+00  0.0000E+00  0.8741E-02  0.3410E-01  0.0000E+00  0.0000E+00  0.0000E+00  0.0000E+00  0.0000E+00  0.0000E+00  0.9634E-02  0.1451E-01  0.0000E+00  0.0000E+00  0.0000E+00  0.0000E+00  0.0000E+00  0.0000E+00  0.0000E+00  0.0000E+00  0.0000E+00  0.0000E+00  0.0000E+00  0.0000E+00  0.0000E+00  0.0000E+00  0.0000E+00  0.0000E+00  0.0000E+00  0.0000E+00  0.0000E+00  0.0000E+00
  0.0000E+00  0.0000E+00  0.5565E-02  0.1260E-01  0.0000E+00  0.0000E+00  0.0000E+00  0.0000E+00  0.0000E+00  0.0000E+00  0.1759E-01  0.6439E-02  0.0000E+00  0.0000E+00  0.0000E+00  0.0000E+00  0.0000E+00  0.0000E+00  0.0000E+00  0.0000E+00  0.0000E+00  0.0000E+00  0.0000E+00  0.0000E+00  0.0000E+00  0.0000E+00  0.0000E+00  0.0000E+00  0.0000E+00  0.0000E+00  0.0000E+00  0.0000E+00
  0.0000E+00  0.0000E+00  0.5650E-02  0.1183E-01  0.0000E+00  0.0000E+00  0.0000E+00  0.0000E+00  0.0000E+00  0.0000E+00  0.2491E-01  0.1332E-01  0.0000E+00  0.0000E+00  0.0000E+00  0.0000E+00  0.0000E+00  0.0000E+00  0.0000E+00  0.0000E+00  0.0000E+00  0.0000E+00  0.0000E+00  0.0000E+00  0.0000E+00  0.0000E+00  0.0000E+00  0.0000E+00  0.0000E+00  0.0000E+00  0.0000E+00  0.0000E+00
  0.0000E+00  0.0000E+00  0.1106E-01  0.8532E-02  0.0000E+00  0.0000E+00  0.0000E+00  0.0000E+00  0.0000E+00  0.0000E+00  0.9452E-02  0.8537E-02  0.0000E+00  0.0000E+00  0.0000E+00  0.0000E+00  0.0000E+00  0.0000E+00  0.0000E+00  0.0000E+00  0.0000E+00  0.0000E+00  0.0000E+00  0.0000E+00  0.0000E+00  0.0000E+00  0.0000E+00  0.0000E+00  0.0000E+00  0.0000E+00  0.0000E+00  0.0000E+00
 Relative number of events:
  0.0000E+00  0.0000E+00  0.2350E-01  0.2125E-01  0.0000E+00  0.0000E+00  0.0000E+00  0.0000E+00  0.0000E+00  0.0000E+00  0.1575E-01  0.1650E-01  0.4200E-01  0.4150E-01  0.0000E+00  0.0000E+00  0.0000E+00  0.0000E+00  0.0000E+00  0.0000E+00  0.0000E+00  0.0000E+00  0.3050E-01  0.2525E-01  0.0000E+00  0.0000E+00  0.0000E+00  0.0000E+00  0.2250E-02  0.2500E-02  0.0000E+00  0.0000E+00
  0.0000E+00  0.0000E+00  0.1250E-01  0.1400E-01  0.0000E+00  0.0000E+00  0.0000E+00  0.0000E+00  0.0000E+00  0.0000E+00  0.1225E-01  0.1000E-01  0.2250E-01  0.1725E-01  0.0000E+00  0.0000E+00  0.0000E+00  0.0000E+00  0.0000E+00  0.0000E+00  0.0000E+00  0.0000E+00  0.2200E-01  0.2575E-01  0.0000E+00  0.0000E+00  0.0000E+00  0.0000E+00  0.2000E-02  0.2000E-02  0.0000E+00  0.0000E+00
  0.0000E+00  0.0000E+00  0.2750E-01  0.2225E-01  0.0000E+00  0.0000E+00  0.0000E+00  0.0000E+00  0.0000E+00  0.0000E+00  0.1225E-01  0.1800E-01  0.4375E-01  0.5175E-01  0.0000E+00  0.0000E+00  0.0000E+00  0.0000E+00  0.0000E+00  0.0000E+00  0.0000E+00  0.0000E+00  0.2650E-01  0.2875E-01  0.0000E+00  0.0000E+00  0.0000E+00  0.0000E+00  0.1500E-02  0.3000E-02  0.0000E+00  0.0000E+00
  0.0000E+00  0.0000E+00  0.1150E-01  0.1125E-01  0.0000E+00  0.0000E+00  0.0000E+00  0.0000E+00  0.0000E+00  0.0000E+00  0.1375E-01  0.1175E-01  0.2650E-01  0.2700E-01  0.0000E+00  0.0000E+00  0.0000E+00  0.0000E+00  0.0000E+00  0.0000E+00  0.0000E+00  0.0000E+00  0.2025E-01  0.2775E-01  0.0000E+00  0.0000E+00  0.0000E+00  0.0000E+00  0.1500E-02  0.1500E-02  0.0000E+00  0.0000E+00
  0.0000E+00  0.0000E+00  0.2225E-01  0.2225E-01  0.0000E+00  0.0000E+00  0.0000E+00  0.0000E+00  0.0000E+00  0.0000E+00  0.1675E-01  0.1650E-01  0.0000E+00  0.0000E+00  0.0000E+00  0.0000E+00  0.0000E+00  0.0000E+00  0.0000E+00  0.0000E+00  0.0000E+00  0.0000E+00  0.0000E+00  0.0000E+00  0.0000E+00  0.0000E+00  0.0000E+00  0.0000E+00  0.0000E+00  0.0000E+00  0.0000E+00  0.0000E+00
  0.0000E+00  0.0000E+00  0.1150E-01  0.1275E-01  0.0000E+00  0.0000E+00  0.0000E+00  0.0000E+00  0.0000E+00  0.0000E+00  0.1250E-01  0.1300E-01  0.0000E+00  0.0000E+00  0.0000E+00  0.0000E+00  0.0000E+00  0.0000E+00  0.0000E+00  0.0000E+00  0.0000E+00  0.0000E+00  0.0000E+00  0.0000E+00  0.0000E+00  0.0000E+00  0.0000E+00  0.0000E+00  0.0000E+00  0.0000E+00  0.0000E+00  0.0000E+00
  0.0000E+00  0.0000E+00  0.2300E-01  0.2150E-01  0.0000E+00  0.0000E+00  0.0000E+00  0.0000E+00  0.0000E+00  0.0000E+00  0.1575E-01  0.1250E-01  0.0000E+00  0.0000E+00  0.0000E+00  0.0000E+00  0.0000E+00  0.0000E+00  0.0000E+00  0.0000E+00  0.0000E+00  0.0000E+00  0.0000E+00  0.0000E+00  0.0000E+00  0.0000E+00  0.0000E+00  0.0000E+00  0.0000E+00  0.0000E+00  0.0000E+00  0.0000E+00
  0.0000E+00  0.0000E+00  0.1050E-01  0.1325E-01  0.0000E+00  0.0000E+00  0.0000E+00  0.0000E+00  0.0000E+00  0.0000E+00  0.1475E-01  0.1200E-01  0.0000E+00  0.0000E+00  0.0000E+00  0.0000E+00  0.0000E+00  0.0000E+00  0.0000E+00  0.0000E+00  0.0000E+00  0.0000E+00  0.0000E+00  0.0000E+00  0.0000E+00  0.0000E+00  0.0000E+00  0.0000E+00  0.0000E+00  0.0000E+00  0.0000E+00  0.0000E+00
 Events:
           0           0          94          85           0           0           0           0           0           0          63          66         168         166           0           0           0           0           0           0           0           0         122         101           0           0           0           0           9          10           0           0
           0           0          50          56           0           0           0           0           0           0          49          40          90          69           0           0           0           0           0           0           0           0          88         103           0           0           0           0           8           8           0           0
           0           0         110          89           0           0           0           0           0           0          49          72         175         207           0           0           0           0           0           0           0           0         106         115           0           0           0           0           6          12           0           0
           0           0          46          45           0           0           0           0           0           0          55          47         106         108           0           0           0           0           0           0           0           0          81         111           0           0           0           0           6           6           0           0
           0           0          89          89           0           0           0           0           0           0          67          66           0           0           0           0           0           0           0           0           0           0           0           0           0           0           0           0           0           0           0           0
           0           0          46          51           0           0           0           0           0           0          50          52           0           0           0           0           0           0           0           0           0           0           0           0           0           0           0           0           0           0           0           0
           0           0          92          86           0           0           0           0           0           0          63          50           0           0           0           0           0           0           0           0           0           0           0           0           0           0           0           0           0           0           0           0
           0           0          42          53           0           0           0           0           0           0          59          48           0           0           0           0           0           0           0           0           0           0           0           0           0           0           0           0           0           0           0           0
 Iteration  3   Mean: 0.5482E-05 Abs mean: 0.5482E-05   Fluctuation:  0.583E-06   0.321E-02    34.5%
  3    0.5482E-05 0.5482E-05 +- 0.5832E-06      9.51
 Relative summed weights:
  0.0000E+00  0.0000E+00  0.2055E-01  0.2057E-01  0.0000E+00  0.0000E+00  0.0000E+00  0.0000E+00  0.0000E+00  0.0000E+00  0.1380E-01  0.8551E-02  0.4436E-01  0.3287E-01  0.0000E+00  0.0000E+00  0.0000E+00  0.0000E+00  0.0000E+00  0.0000E+00  0.0000E+00  0.0000E+00  0.3963E-01  0.4004E-01  0.0000E+00  0.0000E+00  0.0000E+00  0.0000E+00  0.6420E-03  0.3787E-03  0.0000E+00  0.0000E+00
  0.0000E+00  0.0000E+00  0.4932E-02  0.1498E-01  0.0000E+00  0.0000E+00  0.0000E+00  0.0000E+00  0.0000E+00  0.0000E+00  0.1973E-01  0.4975E-02  0.2209E-01  0.1800E-01  0.0000E+00  0.0000E+00  0.0000E+00  0.0000E+00  0.0000E+00  0.0000E+00  0.0000E+00  0.0000E+00  0.1797E-01  0.1004E-01  0.0000E+00  0.0000E+00  0.0000E+00  0.0000E+00  0.2189E-02  0.1459E-02  0.0000E+00  0.0000E+00
  0.0000E+00  0.0000E+00  0.1232E-01  0.8687E-02  0.0000E+00  0.0000E+00  0.0000E+00  0.0000E+00  0.0000E+00  0.0000E+00  0.1339E-01  0.1757E-01  0.1149E+00  0.2531E-01  0.0000E+00  0.0000E+00  0.0000E+00  0.0000E+00  0.0000E+00  0.0000E+00  0.0000E+00  0.0000E+00  0.2390E-01  0.1912E-01  0.0000E+00  0.0000E+00  0.0000E+00  0.0000E+00  0.4215E-03  0.1447E-02  0.0000E+00  0.0000E+00
  0.0000E+00  0.0000E+00  0.1982E-01  0.8863E-01  0.0000E+00  0.0000E+00  0.0000E+00  0.0000E+00  0.0000E+00  0.0000E+00  0.5417E-02  0.8781E-02  0.1503E-01  0.2392E-01  0.0000E+00  0.0000E+00  0.0000E+00  0.0000E+00  0.0000E+00  0.0000E+00  0.0000E+00  0.0000E+00  0.9278E-02  0.1136E-01  0.0000E+00  0.0000E+00  0.0000E+00  0.0000E+00  0.1200E-03  0.5603E-03  0.0000E+00  0.0000E+00
  0.0000E+00  0.0000E+00  0.1352E-01  0.4028E-01  0.0000E+00  0.0000E+00  0.0000E+00  0.0000E+00  0.0000E+00  0.0000E+00  0.1309E-01  0.6628E-02  0.0000E+00  0.0000E+00  0.0000E+00  0.0000E+00  0.0000E+00  0.0000E+00  0.0000E+00  0.0000E+00  0.0000E+00  0.0000E+00  0.0000E+00  0.0000E+00  0.0000E+00  0.0000E+00  0.0000E+00  0.0000E+00  0.0000E+00  0.0000E+00  0.0000E+00  0.0000E+00
  0.0000E+00  0.0000E+00  0.4288E-01  0.5334E-02  0.0000E+00  0.0000E+00  0.0000E+00  0.0000E+00  0.0000E+00  0.0000E+00  0.7238E-02  0.1215E-01  0.0000E+00  0.0000E+00  0.0000E+00  0.0000E+00  0.0000E+00  0.0000E+00  0.0000E+00  0.0000E+00  0.0000E+00  0.0000E+00  0.0000E+00  0.0000E+00  0.0000E+00  0.0000E+00  0.0000E+00  0.0000E+00  0.0000E+00  0.0000E+00  0.0000E+00  0.0000E+00
  0.0000E+00  0.0000E+00  0.1274E-01  0.2219E-01  0.0000E+00  0.0000E+00  0.0000E+00  0.0000E+00  0.0000E+00  0.0000E+00  0.2009E-01  0.1358E-01  0.0000E+00  0.0000E+00  0.0000E+00  0.0000E+00  0.0000E+00  0.0000E+00  0.0000E+00  0.0000E+00  0.0000E+00  0.0000E+00  0.0000E+00  0.0000E+00  0.0000E+00  0.0000E+00  0.0000E+00  0.0000E+00  0.0000E+00  0.0000E+00  0.0000E+00  0.0000E+00
  0.0000E+00  0.0000E+00  0.9239E-02  0.1190E-01  0.0000E+00  0.0000E+00  0.0000E+00  0.0000E+00  0.0000E+00  0.0000E+00  0.4045E-02  0.7340E-02  0.0000E+00  0.0000E+00  0.0000E+00  0.0000E+00  0.0000E+00  0.0000E+00  0.0000E+00  0.0000E+00  0.0000E+00  0.0000E+00  0.0000E+00  0.0000E+00  0.0000E+00  0.0000E+00  0.0000E+00  0.0000E+00  0.0000E+00  0.0000E+00  0.0000E+00  0.0000E+00
 Relative number of events:
  0.0000E+00  0.0000E+00  0.2113E-01  0.2237E-01  0.0000E+00  0.0000E+00  0.0000E+00  0.0000E+00  0.0000E+00  0.0000E+00  0.1188E-01  0.1438E-01  0.4425E-01  0.4713E-01  0.0000E+00  0.0000E+00  0.0000E+00  0.0000E+00  0.0000E+00  0.0000E+00  0.0000E+00  0.0000E+00  0.2675E-01  0.3037E-01  0.0000E+00  0.0000E+00  0.0000E+00  0.0000E+00  0.1000E-02  0.1375E-02  0.0000E+00  0.0000E+00
  0.0000E+00  0.0000E+00  0.1388E-01  0.1425E-01  0.0000E+00  0.0000E+00  0.0000E+00  0.0000E+00  0.0000E+00  0.0000E+00  0.1175E-01  0.1137E-01  0.2538E-01  0.2637E-01  0.0000E+00  0.0000E+00  0.0000E+00  0.0000E+00  0.0000E+00  0.0000E+00  0.0000E+00  0.0000E+00  0.2725E-01  0.2125E-01  0.0000E+00  0.0000E+00  0.0000E+00  0.0000E+00  0.1625E-02  0.1375E-02  0.0000E+00  0.0000E+00
  0.0000E+00  0.0000E+00  0.2475E-01  0.2250E-01  0.0000E+00  0.0000E+00  0.0000E+00  0.0000E+00  0.0000E+00  0.0000E+00  0.1500E-01  0.1200E-01  0.4725E-01  0.4637E-01  0.0000E+00  0.0000E+00  0.0000E+00  0.0000E+00  0.0000E+00  0.0000E+00  0.0000E+00  0.0000E+00  0.2900E-01  0.2700E-01  0.0000E+00  0.0000E+00  0.0000E+00  0.0000E+00  0.1250E-02  0.1125E-02  0.0000E+00  0.0000E+00
  0.0000E+00  0.0000E+00  0.1300E-01  0.1287E-01  0.0000E+00  0.0000E+00  0.0000E+00  0.0000E+00  0.0000E+00  0.0000E+00  0.9250E-02  0.1075E-01  0.2825E-01  0.2600E-01  0.0000E+00  0.0000E+00  0.0000E+00  0.0000E+00  0.0000E+00  0.0000E+00  0.0000E+00  0.0000E+00  0.2488E-01  0.2038E-01  0.0000E+00  0.0000E+00  0.0000E+00  0.0000E+00  0.1500E-02  0.8750E-03  0.0000E+00  0.0000E+00
  0.0000E+00  0.0000E+00  0.2125E-01  0.2337E-01  0.0000E+00  0.0000E+00  0.0000E+00  0.0000E+00  0.0000E+00  0.0000E+00  0.1537E-01  0.1487E-01  0.0000E+00  0.0000E+00  0.0000E+00  0.0000E+00  0.0000E+00  0.0000E+00  0.0000E+00  0.0000E+00  0.0000E+00  0.0000E+00  0.0000E+00  0.0000E+00  0.0000E+00  0.0000E+00  0.0000E+00  0.0000E+00  0.0000E+00  0.0000E+00  0.0000E+00  0.0000E+00
  0.0000E+00  0.0000E+00  0.1312E-01  0.1125E-01  0.0000E+00  0.0000E+00  0.0000E+00  0.0000E+00  0.0000E+00  0.0000E+00  0.1250E-01  0.1550E-01  0.0000E+00  0.0000E+00  0.0000E+00  0.0000E+00  0.0000E+00  0.0000E+00  0.0000E+00  0.0000E+00  0.0000E+00  0.0000E+00  0.0000E+00  0.0000E+00  0.0000E+00  0.0000E+00  0.0000E+00  0.0000E+00  0.0000E+00  0.0000E+00  0.0000E+00  0.0000E+00
  0.0000E+00  0.0000E+00  0.2113E-01  0.2075E-01  0.0000E+00  0.0000E+00  0.0000E+00  0.0000E+00  0.0000E+00  0.0000E+00  0.1475E-01  0.1375E-01  0.0000E+00  0.0000E+00  0.0000E+00  0.0000E+00  0.0000E+00  0.0000E+00  0.0000E+00  0.0000E+00  0.0000E+00  0.0000E+00  0.0000E+00  0.0000E+00  0.0000E+00  0.0000E+00  0.0000E+00  0.0000E+00  0.0000E+00  0.0000E+00  0.0000E+00  0.0000E+00
  0.0000E+00  0.0000E+00  0.1512E-01  0.1325E-01  0.0000E+00  0.0000E+00  0.0000E+00  0.0000E+00  0.0000E+00  0.0000E+00  0.1100E-01  0.1388E-01  0.0000E+00  0.0000E+00  0.0000E+00  0.0000E+00  0.0000E+00  0.0000E+00  0.0000E+00  0.0000E+00  0.0000E+00  0.0000E+00  0.0000E+00  0.0000E+00  0.0000E+00  0.0000E+00  0.0000E+00  0.0000E+00  0.0000E+00  0.0000E+00  0.0000E+00  0.0000E+00
 Events:
           0           0         169         179           0           0           0           0           0           0          95         115         354         377           0           0           0           0           0           0           0           0         214         243           0           0           0           0           8          11           0           0
           0           0         111         114           0           0           0           0           0           0          94          91         203         211           0           0           0           0           0           0           0           0         218         170           0           0           0           0          13          11           0           0
           0           0         198         180           0           0           0           0           0           0         120          96         378         371           0           0           0           0           0           0           0           0         232         216           0           0           0           0          10           9           0           0
           0           0         104         103           0           0           0           0           0           0          74          86         226         208           0           0           0           0           0           0           0           0         199         163           0           0           0           0          12           7           0           0
           0           0         170         187           0           0           0           0           0           0         123         119           0           0           0           0           0           0           0           0           0           0           0           0           0           0           0           0           0           0           0           0
           0           0         105          90           0           0           0           0           0           0         100         124           0           0           0           0           0           0           0           0           0           0           0           0           0           0           0           0           0           0           0           0
           0           0         169         166           0           0           0           0           0           0         118         110           0           0           0           0           0           0           0           0           0           0           0           0           0           0           0           0           0           0           0           0
           0           0         121         106           0           0           0           0           0           0          88         111           0           0           0           0           0           0           0           0           0           0           0           0           0           0           0           0           0           0           0           0
 Accuracy:    0.086   0.010   0.070   1.500
 Found         1182  events.
 Wrote           10  events.
 Actual xsec    4.8346035455280258E-006
 Correct abs xsec    4.8346035455280258E-006
 Event xsec    4.8346035455280275E-006
 Events wgts > 1:            1
 % Cross section > 1:    1.0063703351358860E-013   2.0815984716404952E-006
 Iteration  4   Mean: 0.4863E-05 Abs mean: 0.4863E-05   Fluctuation:  0.228E-06   0.163E-02    38.0%
  4    0.4863E-05 0.4863E-05 +- 0.2281E-06      5.93
 Relative summed weights:
  0.0000E+00  0.0000E+00  0.2329E-01  0.1795E-01  0.0000E+00  0.0000E+00  0.0000E+00  0.0000E+00  0.0000E+00  0.0000E+00  0.1510E-01  0.1838E-01  0.3547E-01  0.3153E-01  0.0000E+00  0.0000E+00  0.0000E+00  0.0000E+00  0.0000E+00  0.0000E+00  0.0000E+00  0.0000E+00  0.2172E-01  0.3821E-01  0.0000E+00  0.0000E+00  0.0000E+00  0.0000E+00  0.1137E-02  0.5384E-04  0.0000E+00  0.0000E+00
  0.0000E+00  0.0000E+00  0.1222E-01  0.1436E-01  0.0000E+00  0.0000E+00  0.0000E+00  0.0000E+00  0.0000E+00  0.0000E+00  0.5454E-02  0.7843E-02  0.2106E-01  0.5885E-01  0.0000E+00  0.0000E+00  0.0000E+00  0.0000E+00  0.0000E+00  0.0000E+00  0.0000E+00  0.0000E+00  0.2172E-01  0.1143E-01  0.0000E+00  0.0000E+00  0.0000E+00  0.0000E+00  0.6436E-03  0.4009E-03  0.0000E+00  0.0000E+00
  0.0000E+00  0.0000E+00  0.4040E-01  0.2067E-01  0.0000E+00  0.0000E+00  0.0000E+00  0.0000E+00  0.0000E+00  0.0000E+00  0.1378E-01  0.1706E-01  0.3742E-01  0.4348E-01  0.0000E+00  0.0000E+00  0.0000E+00  0.0000E+00  0.0000E+00  0.0000E+00  0.0000E+00  0.0000E+00  0.3200E-01  0.1980E-01  0.0000E+00  0.0000E+00  0.0000E+00  0.0000E+00  0.8969E-03  0.9471E-03  0.0000E+00  0.0000E+00
  0.0000E+00  0.0000E+00  0.1360E-01  0.1587E-01  0.0000E+00  0.0000E+00  0.0000E+00  0.0000E+00  0.0000E+00  0.0000E+00  0.7016E-02  0.1147E-01  0.2983E-01  0.3422E-01  0.0000E+00  0.0000E+00  0.0000E+00  0.0000E+00  0.0000E+00  0.0000E+00  0.0000E+00  0.0000E+00  0.1474E-01  0.1424E-01  0.0000E+00  0.0000E+00  0.0000E+00  0.0000E+00  0.9870E-03  0.6013E-03  0.0000E+00  0.0000E+00
  0.0000E+00  0.0000E+00  0.2731E-01  0.4058E-01  0.0000E+00  0.0000E+00  0.0000E+00  0.0000E+00  0.0000E+00  0.0000E+00  0.1971E-01  0.1227E-01  0.0000E+00  0.0000E+00  0.0000E+00  0.0000E+00  0.0000E+00  0.0000E+00  0.0000E+00  0.0000E+00  0.0000E+00  0.0000E+00  0.0000E+00  0.0000E+00  0.0000E+00  0.0000E+00  0.0000E+00  0.0000E+00  0.0000E+00  0.0000E+00  0.0000E+00  0.0000E+00
  0.0000E+00  0.0000E+00  0.1731E-01  0.1693E-01  0.0000E+00  0.0000E+00  0.0000E+00  0.0000E+00  0.0000E+00  0.0000E+00  0.5110E-02  0.9716E-02  0.0000E+00  0.0000E+00  0.0000E+00  0.0000E+00  0.0000E+00  0.0000E+00  0.0000E+00  0.0000E+00  0.0000E+00  0.0000E+00  0.0000E+00  0.0000E+00  0.0000E+00  0.0000E+00  0.0000E+00  0.0000E+00  0.0000E+00  0.0000E+00  0.0000E+00  0.0000E+00
  0.0000E+00  0.0000E+00  0.1799E-01  0.2771E-01  0.0000E+00  0.0000E+00  0.0000E+00  0.0000E+00  0.0000E+00  0.0000E+00  0.1563E-01  0.1496E-01  0.0000E+00  0.0000E+00  0.0000E+00  0.0000E+00  0.0000E+00  0.0000E+00  0.0000E+00  0.0000E+00  0.0000E+00  0.0000E+00  0.0000E+00  0.0000E+00  0.0000E+00  0.0000E+00  0.0000E+00  0.0000E+00  0.0000E+00  0.0000E+00  0.0000E+00  0.0000E+00
  0.0000E+00  0.0000E+00  0.1907E-01  0.1609E-01  0.0000E+00  0.0000E+00  0.0000E+00  0.0000E+00  0.0000E+00  0.0000E+00  0.7220E-02  0.6555E-02  0.0000E+00  0.0000E+00  0.0000E+00  0.0000E+00  0.0000E+00  0.0000E+00  0.0000E+00  0.0000E+00  0.0000E+00  0.0000E+00  0.0000E+00  0.0000E+00  0.0000E+00  0.0000E+00  0.0000E+00  0.0000E+00  0.0000E+00  0.0000E+00  0.0000E+00  0.0000E+00
 Relative number of events:
  0.0000E+00  0.0000E+00  0.2463E-01  0.2269E-01  0.0000E+00  0.0000E+00  0.0000E+00  0.0000E+00  0.0000E+00  0.0000E+00  0.1487E-01  0.1500E-01  0.4519E-01  0.4369E-01  0.0000E+00  0.0000E+00  0.0000E+00  0.0000E+00  0.0000E+00  0.0000E+00  0.0000E+00  0.0000E+00  0.2594E-01  0.2869E-01  0.0000E+00  0.0000E+00  0.0000E+00  0.0000E+00  0.1375E-02  0.7500E-03  0.0000E+00  0.0000E+00
  0.0000E+00  0.0000E+00  0.1312E-01  0.1263E-01  0.0000E+00  0.0000E+00  0.0000E+00  0.0000E+00  0.0000E+00  0.0000E+00  0.1075E-01  0.1206E-01  0.2538E-01  0.2494E-01  0.0000E+00  0.0000E+00  0.0000E+00  0.0000E+00  0.0000E+00  0.0000E+00  0.0000E+00  0.0000E+00  0.2281E-01  0.2369E-01  0.0000E+00  0.0000E+00  0.0000E+00  0.0000E+00  0.1250E-02  0.1250E-02  0.0000E+00  0.0000E+00
  0.0000E+00  0.0000E+00  0.2131E-01  0.2250E-01  0.0000E+00  0.0000E+00  0.0000E+00  0.0000E+00  0.0000E+00  0.0000E+00  0.1575E-01  0.1644E-01  0.4406E-01  0.4662E-01  0.0000E+00  0.0000E+00  0.0000E+00  0.0000E+00  0.0000E+00  0.0000E+00  0.0000E+00  0.0000E+00  0.2813E-01  0.2781E-01  0.0000E+00  0.0000E+00  0.0000E+00  0.0000E+00  0.9375E-03  0.8750E-03  0.0000E+00  0.0000E+00
  0.0000E+00  0.0000E+00  0.1194E-01  0.1144E-01  0.0000E+00  0.0000E+00  0.0000E+00  0.0000E+00  0.0000E+00  0.0000E+00  0.1325E-01  0.1188E-01  0.2538E-01  0.2681E-01  0.0000E+00  0.0000E+00  0.0000E+00  0.0000E+00  0.0000E+00  0.0000E+00  0.0000E+00  0.0000E+00  0.2450E-01  0.2269E-01  0.0000E+00  0.0000E+00  0.0000E+00  0.0000E+00  0.9375E-03  0.1187E-02  0.0000E+00  0.0000E+00
  0.0000E+00  0.0000E+00  0.2200E-01  0.2450E-01  0.0000E+00  0.0000E+00  0.0000E+00  0.0000E+00  0.0000E+00  0.0000E+00  0.1506E-01  0.1688E-01  0.0000E+00  0.0000E+00  0.0000E+00  0.0000E+00  0.0000E+00  0.0000E+00  0.0000E+00  0.0000E+00  0.0000E+00  0.0000E+00  0.0000E+00  0.0000E+00  0.0000E+00  0.0000E+00  0.0000E+00  0.0000E+00  0.0000E+00  0.0000E+00  0.0000E+00  0.0000E+00
  0.0000E+00  0.0000E+00  0.1213E-01  0.1087E-01  0.0000E+00  0.0000E+00  0.0000E+00  0.0000E+00  0.0000E+00  0.0000E+00  0.1356E-01  0.1025E-01  0.0000E+00  0.0000E+00  0.0000E+00  0.0000E+00  0.0000E+00  0.0000E+00  0.0000E+00  0.0000E+00  0.0000E+00  0.0000E+00  0.0000E+00  0.0000E+00  0.0000E+00  0.0000E+00  0.0000E+00  0.0000E+00  0.0000E+00  0.0000E+00  0.0000E+00  0.0000E+00
  0.0000E+00  0.0000E+00  0.2131E-01  0.2575E-01  0.0000E+00  0.0000E+00  0.0000E+00  0.0000E+00  0.0000E+00  0.0000E+00  0.1613E-01  0.1506E-01  0.0000E+00  0.0000E+00  0.0000E+00  0.0000E+00  0.0000E+00  0.0000E+00  0.0000E+00  0.0000E+00  0.0000E+00  0.0000E+00  0.0000E+00  0.0000E+00  0.0000E+00  0.0000E+00  0.0000E+00  0.0000E+00  0.0000E+00  0.0000E+00  0.0000E+00  0.0000E+00
  0.0000E+00  0.0000E+00  0.1225E-01  0.1250E-01  0.0000E+00  0.0000E+00  0.0000E+00  0.0000E+00  0.0000E+00  0.0000E+00  0.1463E-01  0.1200E-01  0.0000E+00  0.0000E+00  0.0000E+00  0.0000E+00  0.0000E+00  0.0000E+00  0.0000E+00  0.0000E+00  0.0000E+00  0.0000E+00  0.0000E+00  0.0000E+00  0.0000E+00  0.0000E+00  0.0000E+00  0.0000E+00  0.0000E+00  0.0000E+00  0.0000E+00  0.0000E+00
 Events:
           0           0         394         363           0           0           0           0           0           0         238         240         723         699           0           0           0           0           0           0           0           0         415         459           0           0           0           0          22          12           0           0
           0           0         210         202           0           0           0           0           0           0         172         193         406         399           0           0           0           0           0           0           0           0         365         379           0           0           0           0          20          20           0           0
           0           0         341         360           0           0           0           0           0           0         252         263         705         746           0           0           0           0           0           0           0           0         450         445           0           0           0           0          15          14           0           0
           0           0         191         183           0           0           0           0           0           0         212         190         406         429           0           0           0           0           0           0           0           0         392         363           0           0           0           0          15          19           0           0
           0           0         352         392           0           0           0           0           0           0         241         270           0           0           0           0           0           0           0           0           0           0           0           0           0           0           0           0           0           0           0           0
           0           0         194         174           0           0           0           0           0           0         217         164           0           0           0           0           0           0           0           0           0           0           0           0           0           0           0           0           0           0           0           0
           0           0         341         412           0           0           0           0           0           0         258         241           0           0           0           0           0           0           0           0           0           0           0           0           0           0           0           0           0           0           0           0
           0           0         196         200           0           0           0           0           0           0         234         192           0           0           0           0           0           0           0           0           0           0           0           0           0           0           0           0           0           0           0           0
 Accuracy:    0.039   0.010   0.039   0.994
 Found         2075  events.
 Wrote           62  events.
 Actual xsec    4.8608465740557143E-006
 Correct abs xsec    4.8608465740557143E-006
 Event xsec    4.8608465740557202E-006
 Events wgts > 1:            3
 % Cross section > 1:    2.5752206968316760E-008  0.52978851679389705     
 Iteration  5   Mean: 0.4953E-05 Abs mean: 0.4953E-05   Fluctuation:  0.165E-06   0.297E-02    38.5%
  5    0.4953E-05 0.4953E-05 +- 0.1650E-06      5.96
 Relative summed weights:
  0.0000E+00  0.0000E+00  0.1893E-01  0.1606E-01  0.0000E+00  0.0000E+00  0.0000E+00  0.0000E+00  0.0000E+00  0.0000E+00  0.1112E-01  0.1586E-01  0.6815E-01  0.6119E-01  0.0000E+00  0.0000E+00  0.0000E+00  0.0000E+00  0.0000E+00  0.0000E+00  0.0000E+00  0.0000E+00  0.3024E-01  0.2588E-01  0.0000E+00  0.0000E+00  0.0000E+00  0.0000E+00  0.2312E-02  0.1029E-02  0.0000E+00  0.0000E+00
  0.0000E+00  0.0000E+00  0.1247E-01  0.1400E-01  0.0000E+00  0.0000E+00  0.0000E+00  0.0000E+00  0.0000E+00  0.0000E+00  0.7320E-02  0.7342E-02  0.2889E-01  0.2566E-01  0.0000E+00  0.0000E+00  0.0000E+00  0.0000E+00  0.0000E+00  0.0000E+00  0.0000E+00  0.0000E+00  0.1320E-01  0.1585E-01  0.0000E+00  0.0000E+00  0.0000E+00  0.0000E+00  0.7380E-03  0.2938E-03  0.0000E+00  0.0000E+00
  0.0000E+00  0.0000E+00  0.2084E-01  0.2350E-01  0.0000E+00  0.0000E+00  0.0000E+00  0.0000E+00  0.0000E+00  0.0000E+00  0.1423E-01  0.1328E-01  0.4890E-01  0.4091E-01  0.0000E+00  0.0000E+00  0.0000E+00  0.0000E+00  0.0000E+00  0.0000E+00  0.0000E+00  0.0000E+00  0.2705E-01  0.2280E-01  0.0000E+00  0.0000E+00  0.0000E+00  0.0000E+00  0.6478E-03  0.4013E-03  0.0000E+00  0.0000E+00
  0.0000E+00  0.0000E+00  0.1741E-01  0.1073E-01  0.0000E+00  0.0000E+00  0.0000E+00  0.0000E+00  0.0000E+00  0.0000E+00  0.7471E-02  0.1116E-01  0.3215E-01  0.2807E-01  0.0000E+00  0.0000E+00  0.0000E+00  0.0000E+00  0.0000E+00  0.0000E+00  0.0000E+00  0.0000E+00  0.1400E-01  0.2444E-01  0.0000E+00  0.0000E+00  0.0000E+00  0.0000E+00  0.6096E-03  0.1135E-02  0.0000E+00  0.0000E+00
  0.0000E+00  0.0000E+00  0.2010E-01  0.2083E-01  0.0000E+00  0.0000E+00  0.0000E+00  0.0000E+00  0.0000E+00  0.0000E+00  0.1826E-01  0.1896E-01  0.0000E+00  0.0000E+00  0.0000E+00  0.0000E+00  0.0000E+00  0.0000E+00  0.0000E+00  0.0000E+00  0.0000E+00  0.0000E+00  0.0000E+00  0.0000E+00  0.0000E+00  0.0000E+00  0.0000E+00  0.0000E+00  0.0000E+00  0.0000E+00  0.0000E+00  0.0000E+00
  0.0000E+00  0.0000E+00  0.2000E-01  0.1690E-01  0.0000E+00  0.0000E+00  0.0000E+00  0.0000E+00  0.0000E+00  0.0000E+00  0.7684E-02  0.8569E-02  0.0000E+00  0.0000E+00  0.0000E+00  0.0000E+00  0.0000E+00  0.0000E+00  0.0000E+00  0.0000E+00  0.0000E+00  0.0000E+00  0.0000E+00  0.0000E+00  0.0000E+00  0.0000E+00  0.0000E+00  0.0000E+00  0.0000E+00  0.0000E+00  0.0000E+00  0.0000E+00
  0.0000E+00  0.0000E+00  0.2148E-01  0.3532E-01  0.0000E+00  0.0000E+00  0.0000E+00  0.0000E+00  0.0000E+00  0.0000E+00  0.1083E-01  0.1550E-01  0.0000E+00  0.0000E+00  0.0000E+00  0.0000E+00  0.0000E+00  0.0000E+00  0.0000E+00  0.0000E+00  0.0000E+00  0.0000E+00  0.0000E+00  0.0000E+00  0.0000E+00  0.0000E+00  0.0000E+00  0.0000E+00  0.0000E+00  0.0000E+00  0.0000E+00  0.0000E+00
  0.0000E+00  0.0000E+00  0.1661E-01  0.1555E-01  0.0000E+00  0.0000E+00  0.0000E+00  0.0000E+00  0.0000E+00  0.0000E+00  0.9027E-02  0.8094E-02  0.0000E+00  0.0000E+00  0.0000E+00  0.0000E+00  0.0000E+00  0.0000E+00  0.0000E+00  0.0000E+00  0.0000E+00  0.0000E+00  0.0000E+00  0.0000E+00  0.0000E+00  0.0000E+00  0.0000E+00  0.0000E+00  0.0000E+00  0.0000E+00  0.0000E+00  0.0000E+00
 Relative number of events:
  0.0000E+00  0.0000E+00  0.2162E-01  0.2272E-01  0.0000E+00  0.0000E+00  0.0000E+00  0.0000E+00  0.0000E+00  0.0000E+00  0.1456E-01  0.1472E-01  0.4566E-01  0.4597E-01  0.0000E+00  0.0000E+00  0.0000E+00  0.0000E+00  0.0000E+00  0.0000E+00  0.0000E+00  0.0000E+00  0.2941E-01  0.2947E-01  0.0000E+00  0.0000E+00  0.0000E+00  0.0000E+00  0.1313E-02  0.1469E-02  0.0000E+00  0.0000E+00
  0.0000E+00  0.0000E+00  0.1122E-01  0.1213E-01  0.0000E+00  0.0000E+00  0.0000E+00  0.0000E+00  0.0000E+00  0.0000E+00  0.1147E-01  0.1228E-01  0.2538E-01  0.2484E-01  0.0000E+00  0.0000E+00  0.0000E+00  0.0000E+00  0.0000E+00  0.0000E+00  0.0000E+00  0.0000E+00  0.2516E-01  0.2262E-01  0.0000E+00  0.0000E+00  0.0000E+00  0.0000E+00  0.1375E-02  0.8750E-03  0.0000E+00  0.0000E+00
  0.0000E+00  0.0000E+00  0.2256E-01  0.2416E-01  0.0000E+00  0.0000E+00  0.0000E+00  0.0000E+00  0.0000E+00  0.0000E+00  0.1384E-01  0.1500E-01  0.4628E-01  0.4556E-01  0.0000E+00  0.0000E+00  0.0000E+00  0.0000E+00  0.0000E+00  0.0000E+00  0.0000E+00  0.0000E+00  0.2756E-01  0.2712E-01  0.0000E+00  0.0000E+00  0.0000E+00  0.0000E+00  0.1500E-02  0.1250E-02  0.0000E+00  0.0000E+00
  0.0000E+00  0.0000E+00  0.1366E-01  0.1272E-01  0.0000E+00  0.0000E+00  0.0000E+00  0.0000E+00  0.0000E+00  0.0000E+00  0.1322E-01  0.1228E-01  0.2381E-01  0.2359E-01  0.0000E+00  0.0000E+00  0.0000E+00  0.0000E+00  0.0000E+00  0.0000E+00  0.0000E+00  0.0000E+00  0.2478E-01  0.2441E-01  0.0000E+00  0.0000E+00  0.0000E+00  0.0000E+00  0.9375E-03  0.1000E-02  0.0000E+00  0.0000E+00
  0.0000E+00  0.0000E+00  0.2244E-01  0.2250E-01  0.0000E+00  0.0000E+00  0.0000E+00  0.0000E+00  0.0000E+00  0.0000E+00  0.1447E-01  0.1450E-01  0.0000E+00  0.0000E+00  0.0000E+00  0.0000E+00  0.0000E+00  0.0000E+00  0.0000E+00  0.0000E+00  0.0000E+00  0.0000E+00  0.0000E+00  0.0000E+00  0.0000E+00  0.0000E+00  0.0000E+00  0.0000E+00  0.0000E+00  0.0000E+00  0.0000E+00  0.0000E+00
  0.0000E+00  0.0000E+00  0.1287E-01  0.1259E-01  0.0000E+00  0.0000E+00  0.0000E+00  0.0000E+00  0.0000E+00  0.0000E+00  0.1400E-01  0.1316E-01  0.0000E+00  0.0000E+00  0.0000E+00  0.0000E+00  0.0000E+00  0.0000E+00  0.0000E+00  0.0000E+00  0.0000E+00  0.0000E+00  0.0000E+00  0.0000E+00  0.0000E+00  0.0000E+00  0.0000E+00  0.0000E+00  0.0000E+00  0.0000E+00  0.0000E+00  0.0000E+00
  0.0000E+00  0.0000E+00  0.2184E-01  0.2291E-01  0.0000E+00  0.0000E+00  0.0000E+00  0.0000E+00  0.0000E+00  0.0000E+00  0.1388E-01  0.1512E-01  0.0000E+00  0.0000E+00  0.0000E+00  0.0000E+00  0.0000E+00  0.0000E+00  0.0000E+00  0.0000E+00  0.0000E+00  0.0000E+00  0.0000E+00  0.0000E+00  0.0000E+00  0.0000E+00  0.0000E+00  0.0000E+00  0.0000E+00  0.0000E+00  0.0000E+00  0.0000E+00
  0.0000E+00  0.0000E+00  0.1241E-01  0.1278E-01  0.0000E+00  0.0000E+00  0.0000E+00  0.0000E+00  0.0000E+00  0.0000E+00  0.1263E-01  0.1241E-01  0.0000E+00  0.0000E+00  0.0000E+00  0.0000E+00  0.0000E+00  0.0000E+00  0.0000E+00  0.0000E+00  0.0000E+00  0.0000E+00  0.0000E+00  0.0000E+00  0.0000E+00  0.0000E+00  0.0000E+00  0.0000E+00  0.0000E+00  0.0000E+00  0.0000E+00  0.0000E+00
 Events:
           0           0         692         727           0           0           0           0           0           0         466         471        1461        1471           0           0           0           0           0           0           0           0         941         943           0           0           0           0          42          47           0           0
           0           0         359         388           0           0           0           0           0           0         367         393         812         795           0           0           0           0           0           0           0           0         805         724           0           0           0           0          44          28           0           0
           0           0         722         773           0           0           0           0           0           0         443         480        1481        1458           0           0           0           0           0           0           0           0         882         868           0           0           0           0          48          40           0           0
           0           0         437         407           0           0           0           0           0           0         423         393         762         755           0           0           0           0           0           0           0           0         793         781           0           0           0           0          30          32           0           0
           0           0         718         720           0           0           0           0           0           0         463         464           0           0           0           0           0           0           0           0           0           0           0           0           0           0           0           0           0           0           0           0
           0           0         412         403           0           0           0           0           0           0         448         421           0           0           0           0           0           0           0           0           0           0           0           0           0           0           0           0           0           0           0           0
           0           0         699         733           0           0           0           0           0           0         444         484           0           0           0           0           0           0           0           0           0           0           0           0           0           0           0           0           0           0           0           0
           0           0         397         409           0           0           0           0           0           0         404         397           0           0           0           0           0           0           0           0           0           0           0           0           0           0           0           0           0           0           0           0
 Accuracy:    0.022   0.010   0.025   0.767
 Found         4767  events.
 Wrote          125  events.
 Actual xsec    4.9569006824348579E-006
 Correct abs xsec    4.9569006824348579E-006
 Event xsec    4.9569006824348689E-006
 Events wgts > 1:            2
 % Cross section > 1:    4.1088056491273658E-008  0.82890618803140670     
 Iteration  6   Mean: 0.5072E-05 Abs mean: 0.5072E-05   Fluctuation:  0.929E-07   0.198E-02    39.3%
  6    0.5072E-05 0.5072E-05 +- 0.9287E-07      4.63
 Relative summed weights:
  0.0000E+00  0.0000E+00  0.2547E-01  0.2240E-01  0.0000E+00  0.0000E+00  0.0000E+00  0.0000E+00  0.0000E+00  0.0000E+00  0.1555E-01  0.1207E-01  0.5669E-01  0.4846E-01  0.0000E+00  0.0000E+00  0.0000E+00  0.0000E+00  0.0000E+00  0.0000E+00  0.0000E+00  0.0000E+00  0.2724E-01  0.2768E-01  0.0000E+00  0.0000E+00  0.0000E+00  0.0000E+00  0.1024E-02  0.5367E-03  0.0000E+00  0.0000E+00
  0.0000E+00  0.0000E+00  0.1739E-01  0.1949E-01  0.0000E+00  0.0000E+00  0.0000E+00  0.0000E+00  0.0000E+00  0.0000E+00  0.9404E-02  0.9842E-02  0.3291E-01  0.3240E-01  0.0000E+00  0.0000E+00  0.0000E+00  0.0000E+00  0.0000E+00  0.0000E+00  0.0000E+00  0.0000E+00  0.1850E-01  0.1998E-01  0.0000E+00  0.0000E+00  0.0000E+00  0.0000E+00  0.7274E-03  0.4980E-03  0.0000E+00  0.0000E+00
  0.0000E+00  0.0000E+00  0.2564E-01  0.2200E-01  0.0000E+00  0.0000E+00  0.0000E+00  0.0000E+00  0.0000E+00  0.0000E+00  0.1324E-01  0.1226E-01  0.4330E-01  0.4236E-01  0.0000E+00  0.0000E+00  0.0000E+00  0.0000E+00  0.0000E+00  0.0000E+00  0.0000E+00  0.0000E+00  0.2625E-01  0.2513E-01  0.0000E+00  0.0000E+00  0.0000E+00  0.0000E+00  0.1217E-02  0.1121E-02  0.0000E+00  0.0000E+00
  0.0000E+00  0.0000E+00  0.1310E-01  0.1346E-01  0.0000E+00  0.0000E+00  0.0000E+00  0.0000E+00  0.0000E+00  0.0000E+00  0.8063E-02  0.8269E-02  0.2888E-01  0.3186E-01  0.0000E+00  0.0000E+00  0.0000E+00  0.0000E+00  0.0000E+00  0.0000E+00  0.0000E+00  0.0000E+00  0.1611E-01  0.1871E-01  0.0000E+00  0.0000E+00  0.0000E+00  0.0000E+00  0.8514E-03  0.3473E-03  0.0000E+00  0.0000E+00
  0.0000E+00  0.0000E+00  0.2542E-01  0.2196E-01  0.0000E+00  0.0000E+00  0.0000E+00  0.0000E+00  0.0000E+00  0.0000E+00  0.9812E-02  0.1171E-01  0.0000E+00  0.0000E+00  0.0000E+00  0.0000E+00  0.0000E+00  0.0000E+00  0.0000E+00  0.0000E+00  0.0000E+00  0.0000E+00  0.0000E+00  0.0000E+00  0.0000E+00  0.0000E+00  0.0000E+00  0.0000E+00  0.0000E+00  0.0000E+00  0.0000E+00  0.0000E+00
  0.0000E+00  0.0000E+00  0.1586E-01  0.1822E-01  0.0000E+00  0.0000E+00  0.0000E+00  0.0000E+00  0.0000E+00  0.0000E+00  0.1040E-01  0.1030E-01  0.0000E+00  0.0000E+00  0.0000E+00  0.0000E+00  0.0000E+00  0.0000E+00  0.0000E+00  0.0000E+00  0.0000E+00  0.0000E+00  0.0000E+00  0.0000E+00  0.0000E+00  0.0000E+00  0.0000E+00  0.0000E+00  0.0000E+00  0.0000E+00  0.0000E+00  0.0000E+00
  0.0000E+00  0.0000E+00  0.2783E-01  0.2553E-01  0.0000E+00  0.0000E+00  0.0000E+00  0.0000E+00  0.0000E+00  0.0000E+00  0.1350E-01  0.1076E-01  0.0000E+00  0.0000E+00  0.0000E+00  0.0000E+00  0.0000E+00  0.0000E+00  0.0000E+00  0.0000E+00  0.0000E+00  0.0000E+00  0.0000E+00  0.0000E+00  0.0000E+00  0.0000E+00  0.0000E+00  0.0000E+00  0.0000E+00  0.0000E+00  0.0000E+00  0.0000E+00
  0.0000E+00  0.0000E+00  0.1196E-01  0.1685E-01  0.0000E+00  0.0000E+00  0.0000E+00  0.0000E+00  0.0000E+00  0.0000E+00  0.9036E-02  0.1045E-01  0.0000E+00  0.0000E+00  0.0000E+00  0.0000E+00  0.0000E+00  0.0000E+00  0.0000E+00  0.0000E+00  0.0000E+00  0.0000E+00  0.0000E+00  0.0000E+00  0.0000E+00  0.0000E+00  0.0000E+00  0.0000E+00  0.0000E+00  0.0000E+00  0.0000E+00  0.0000E+00
 Relative number of events:
  0.0000E+00  0.0000E+00  0.2236E-01  0.2303E-01  0.0000E+00  0.0000E+00  0.0000E+00  0.0000E+00  0.0000E+00  0.0000E+00  0.1450E-01  0.1384E-01  0.4392E-01  0.4450E-01  0.0000E+00  0.0000E+00  0.0000E+00  0.0000E+00  0.0000E+00  0.0000E+00  0.0000E+00  0.0000E+00  0.3053E-01  0.2736E-01  0.0000E+00  0.0000E+00  0.0000E+00  0.0000E+00  0.1156E-02  0.1109E-02  0.0000E+00  0.0000E+00
  0.0000E+00  0.0000E+00  0.1250E-01  0.1302E-01  0.0000E+00  0.0000E+00  0.0000E+00  0.0000E+00  0.0000E+00  0.0000E+00  0.1228E-01  0.1300E-01  0.2536E-01  0.2403E-01  0.0000E+00  0.0000E+00  0.0000E+00  0.0000E+00  0.0000E+00  0.0000E+00  0.0000E+00  0.0000E+00  0.2483E-01  0.2439E-01  0.0000E+00  0.0000E+00  0.0000E+00  0.0000E+00  0.1000E-02  0.7031E-03  0.0000E+00  0.0000E+00
  0.0000E+00  0.0000E+00  0.2298E-01  0.2261E-01  0.0000E+00  0.0000E+00  0.0000E+00  0.0000E+00  0.0000E+00  0.0000E+00  0.1525E-01  0.1495E-01  0.4491E-01  0.4433E-01  0.0000E+00  0.0000E+00  0.0000E+00  0.0000E+00  0.0000E+00  0.0000E+00  0.0000E+00  0.0000E+00  0.2927E-01  0.2891E-01  0.0000E+00  0.0000E+00  0.0000E+00  0.0000E+00  0.1031E-02  0.1172E-02  0.0000E+00  0.0000E+00
  0.0000E+00  0.0000E+00  0.1216E-01  0.1234E-01  0.0000E+00  0.0000E+00  0.0000E+00  0.0000E+00  0.0000E+00  0.0000E+00  0.1206E-01  0.1209E-01  0.2620E-01  0.2370E-01  0.0000E+00  0.0000E+00  0.0000E+00  0.0000E+00  0.0000E+00  0.0000E+00  0.0000E+00  0.0000E+00  0.2475E-01  0.2430E-01  0.0000E+00  0.0000E+00  0.0000E+00  0.0000E+00  0.1031E-02  0.6563E-03  0.0000E+00  0.0000E+00
  0.0000E+00  0.0000E+00  0.2406E-01  0.2278E-01  0.0000E+00  0.0000E+00  0.0000E+00  0.0000E+00  0.0000E+00  0.0000E+00  0.1333E-01  0.1520E-01  0.0000E+00  0.0000E+00  0.0000E+00  0.0000E+00  0.0000E+00  0.0000E+00  0.0000E+00  0.0000E+00  0.0000E+00  0.0000E+00  0.0000E+00  0.0000E+00  0.0000E+00  0.0000E+00  0.0000E+00  0.0000E+00  0.0000E+00  0.0000E+00  0.0000E+00  0.0000E+00
  0.0000E+00  0.0000E+00  0.1253E-01  0.1214E-01  0.0000E+00  0.0000E+00  0.0000E+00  0.0000E+00  0.0000E+00  0.0000E+00  0.1217E-01  0.1238E-01  0.0000E+00  0.0000E+00  0.0000E+00  0.0000E+00  0.0000E+00  0.0000E+00  0.0000E+00  0.0000E+00  0.0000E+00  0.0000E+00  0.0000E+00  0.0000E+00  0.0000E+00  0.0000E+00  0.0000E+00  0.0000E+00  0.0000E+00  0.0000E+00  0.0000E+00  0.0000E+00
  0.0000E+00  0.0000E+00  0.2353E-01  0.2281E-01  0.0000E+00  0.0000E+00  0.0000E+00  0.0000E+00  0.0000E+00  0.0000E+00  0.1544E-01  0.1492E-01  0.0000E+00  0.0000E+00  0.0000E+00  0.0000E+00  0.0000E+00  0.0000E+00  0.0000E+00  0.0000E+00  0.0000E+00  0.0000E+00  0.0000E+00  0.0000E+00  0.0000E+00  0.0000E+00  0.0000E+00  0.0000E+00  0.0000E+00  0.0000E+00  0.0000E+00  0.0000E+00
  0.0000E+00  0.0000E+00  0.1342E-01  0.1261E-01  0.0000E+00  0.0000E+00  0.0000E+00  0.0000E+00  0.0000E+00  0.0000E+00  0.1227E-01  0.1228E-01  0.0000E+00  0.0000E+00  0.0000E+00  0.0000E+00  0.0000E+00  0.0000E+00  0.0000E+00  0.0000E+00  0.0000E+00  0.0000E+00  0.0000E+00  0.0000E+00  0.0000E+00  0.0000E+00  0.0000E+00  0.0000E+00  0.0000E+00  0.0000E+00  0.0000E+00  0.0000E+00
 Events:
           0           0        1431        1474           0           0           0           0           0           0         928         886        2811        2848           0           0           0           0           0           0           0           0        1954        1751           0           0           0           0          74          71           0           0
           0           0         800         833           0           0           0           0           0           0         786         832        1623        1538           0           0           0           0           0           0           0           0        1589        1561           0           0           0           0          64          45           0           0
           0           0        1471        1447           0           0           0           0           0           0         976         957        2874        2837           0           0           0           0           0           0           0           0        1873        1850           0           0           0           0          66          75           0           0
           0           0         778         790           0           0           0           0           0           0         772         774        1677        1517           0           0           0           0           0           0           0           0        1584        1555           0           0           0           0          66          42           0           0
           0           0        1540        1458           0           0           0           0           0           0         853         973           0           0           0           0           0           0           0           0           0           0           0           0           0           0           0           0           0           0           0           0
           0           0         802         777           0           0           0           0           0           0         779         792           0           0           0           0           0           0           0           0           0           0           0           0           0           0           0           0           0           0           0           0
           0           0        1506        1460           0           0           0           0           0           0         988         955           0           0           0           0           0           0           0           0           0           0           0           0           0           0           0           0           0           0           0           0
           0           0         859         807           0           0           0           0           0           0         785         786           0           0           0           0           0           0           0           0           0           0           0           0           0           0           0           0           0           0           0           0
 Accuracy:    0.013   0.010   0.015   0.798
 Found         9923  events.
 Wrote          416  events.
 Actual xsec    5.0252418242045066E-006
 Correct abs xsec    5.0252418242045066E-006
 Event xsec    5.0252418242045024E-006
 Events wgts > 1:           10
 % Cross section > 1:    4.4964133631665183E-008  0.89476556959093256     
 Iteration  7   Mean: 0.4908E-05 Abs mean: 0.4908E-05   Fluctuation:  0.550E-07   0.109E-02    39.9%
  7    0.4908E-05 0.4908E-05 +- 0.5498E-07      4.01
 Exceeded boost           3          96   128000.000    
 Relative summed weights:
  0.0000E+00  0.0000E+00  0.2184E-01  0.2239E-01  0.0000E+00  0.0000E+00  0.0000E+00  0.0000E+00  0.0000E+00  0.0000E+00  0.1350E-01  0.1360E-01  0.4378E-01  0.5088E-01  0.0000E+00  0.0000E+00  0.0000E+00  0.0000E+00  0.0000E+00  0.0000E+00  0.0000E+00  0.0000E+00  0.2408E-01  0.3232E-01  0.0000E+00  0.0000E+00  0.0000E+00  0.0000E+00  0.1243E-02  0.6583E-03  0.0000E+00  0.0000E+00
  0.0000E+00  0.0000E+00  0.1717E-01  0.1577E-01  0.0000E+00  0.0000E+00  0.0000E+00  0.0000E+00  0.0000E+00  0.0000E+00  0.1057E-01  0.8940E-02  0.3209E-01  0.3348E-01  0.0000E+00  0.0000E+00  0.0000E+00  0.0000E+00  0.0000E+00  0.0000E+00  0.0000E+00  0.0000E+00  0.1716E-01  0.1897E-01  0.0000E+00  0.0000E+00  0.0000E+00  0.0000E+00  0.6657E-03  0.9827E-03  0.0000E+00  0.0000E+00
  0.0000E+00  0.0000E+00  0.2326E-01  0.2405E-01  0.0000E+00  0.0000E+00  0.0000E+00  0.0000E+00  0.0000E+00  0.0000E+00  0.1409E-01  0.1185E-01  0.4538E-01  0.4691E-01  0.0000E+00  0.0000E+00  0.0000E+00  0.0000E+00  0.0000E+00  0.0000E+00  0.0000E+00  0.0000E+00  0.2488E-01  0.3046E-01  0.0000E+00  0.0000E+00  0.0000E+00  0.0000E+00  0.1011E-02  0.1060E-02  0.0000E+00  0.0000E+00
  0.0000E+00  0.0000E+00  0.1442E-01  0.1421E-01  0.0000E+00  0.0000E+00  0.0000E+00  0.0000E+00  0.0000E+00  0.0000E+00  0.1081E-01  0.8183E-02  0.3213E-01  0.2732E-01  0.0000E+00  0.0000E+00  0.0000E+00  0.0000E+00  0.0000E+00  0.0000E+00  0.0000E+00  0.0000E+00  0.2080E-01  0.1787E-01  0.0000E+00  0.0000E+00  0.0000E+00  0.0000E+00  0.5276E-03  0.7935E-03  0.0000E+00  0.0000E+00
  0.0000E+00  0.0000E+00  0.2311E-01  0.2216E-01  0.0000E+00  0.0000E+00  0.0000E+00  0.0000E+00  0.0000E+00  0.0000E+00  0.1370E-01  0.1390E-01  0.0000E+00  0.0000E+00  0.0000E+00  0.0000E+00  0.0000E+00  0.0000E+00  0.0000E+00  0.0000E+00  0.0000E+00  0.0000E+00  0.0000E+00  0.0000E+00  0.0000E+00  0.0000E+00  0.0000E+00  0.0000E+00  0.0000E+00  0.0000E+00  0.0000E+00  0.0000E+00
  0.0000E+00  0.0000E+00  0.1571E-01  0.1466E-01  0.0000E+00  0.0000E+00  0.0000E+00  0.0000E+00  0.0000E+00  0.0000E+00  0.7810E-02  0.8418E-02  0.0000E+00  0.0000E+00  0.0000E+00  0.0000E+00  0.0000E+00  0.0000E+00  0.0000E+00  0.0000E+00  0.0000E+00  0.0000E+00  0.0000E+00  0.0000E+00  0.0000E+00  0.0000E+00  0.0000E+00  0.0000E+00  0.0000E+00  0.0000E+00  0.0000E+00  0.0000E+00
  0.0000E+00  0.0000E+00  0.2328E-01  0.2522E-01  0.0000E+00  0.0000E+00  0.0000E+00  0.0000E+00  0.0000E+00  0.0000E+00  0.1517E-01  0.1253E-01  0.0000E+00  0.0000E+00  0.0000E+00  0.0000E+00  0.0000E+00  0.0000E+00  0.0000E+00  0.0000E+00  0.0000E+00  0.0000E+00  0.0000E+00  0.0000E+00  0.0000E+00  0.0000E+00  0.0000E+00  0.0000E+00  0.0000E+00  0.0000E+00  0.0000E+00  0.0000E+00
  0.0000E+00  0.0000E+00  0.1828E-01  0.1838E-01  0.0000E+00  0.0000E+00  0.0000E+00  0.0000E+00  0.0000E+00  0.0000E+00  0.8365E-02  0.9215E-02  0.0000E+00  0.0000E+00  0.0000E+00  0.0000E+00  0.0000E+00  0.0000E+00  0.0000E+00  0.0000E+00  0.0000E+00  0.0000E+00  0.0000E+00  0.0000E+00  0.0000E+00  0.0000E+00  0.0000E+00  0.0000E+00  0.0000E+00  0.0000E+00  0.0000E+00  0.0000E+00
 Relative number of events:
  0.0000E+00  0.0000E+00  0.2313E-01  0.2288E-01  0.0000E+00  0.0000E+00  0.0000E+00  0.0000E+00  0.0000E+00  0.0000E+00  0.1459E-01  0.1519E-01  0.4576E-01  0.4558E-01  0.0000E+00  0.0000E+00  0.0000E+00  0.0000E+00  0.0000E+00  0.0000E+00  0.0000E+00  0.0000E+00  0.2798E-01  0.2862E-01  0.0000E+00  0.0000E+00  0.0000E+00  0.0000E+00  0.8516E-03  0.1203E-02  0.0000E+00  0.0000E+00
  0.0000E+00  0.0000E+00  0.1248E-01  0.1187E-01  0.0000E+00  0.0000E+00  0.0000E+00  0.0000E+00  0.0000E+00  0.0000E+00  0.1269E-01  0.1270E-01  0.2605E-01  0.2475E-01  0.0000E+00  0.0000E+00  0.0000E+00  0.0000E+00  0.0000E+00  0.0000E+00  0.0000E+00  0.0000E+00  0.2377E-01  0.2458E-01  0.0000E+00  0.0000E+00  0.0000E+00  0.0000E+00  0.9063E-03  0.1109E-02  0.0000E+00  0.0000E+00
  0.0000E+00  0.0000E+00  0.2251E-01  0.2312E-01  0.0000E+00  0.0000E+00  0.0000E+00  0.0000E+00  0.0000E+00  0.0000E+00  0.1532E-01  0.1482E-01  0.4505E-01  0.4489E-01  0.0000E+00  0.0000E+00  0.0000E+00  0.0000E+00  0.0000E+00  0.0000E+00  0.0000E+00  0.0000E+00  0.2829E-01  0.2751E-01  0.0000E+00  0.0000E+00  0.0000E+00  0.0000E+00  0.1164E-02  0.1078E-02  0.0000E+00  0.0000E+00
  0.0000E+00  0.0000E+00  0.1255E-01  0.1234E-01  0.0000E+00  0.0000E+00  0.0000E+00  0.0000E+00  0.0000E+00  0.0000E+00  0.1246E-01  0.1277E-01  0.2469E-01  0.2457E-01  0.0000E+00  0.0000E+00  0.0000E+00  0.0000E+00  0.0000E+00  0.0000E+00  0.0000E+00  0.0000E+00  0.2394E-01  0.2408E-01  0.0000E+00  0.0000E+00  0.0000E+00  0.0000E+00  0.9453E-03  0.1078E-02  0.0000E+00  0.0000E+00
  0.0000E+00  0.0000E+00  0.2259E-01  0.2259E-01  0.0000E+00  0.0000E+00  0.0000E+00  0.0000E+00  0.0000E+00  0.0000E+00  0.1465E-01  0.1474E-01  0.0000E+00  0.0000E+00  0.0000E+00  0.0000E+00  0.0000E+00  0.0000E+00  0.0000E+00  0.0000E+00  0.0000E+00  0.0000E+00  0.0000E+00  0.0000E+00  0.0000E+00  0.0000E+00  0.0000E+00  0.0000E+00  0.0000E+00  0.0000E+00  0.0000E+00  0.0000E+00
  0.0000E+00  0.0000E+00  0.1195E-01  0.1226E-01  0.0000E+00  0.0000E+00  0.0000E+00  0.0000E+00  0.0000E+00  0.0000E+00  0.1242E-01  0.1281E-01  0.0000E+00  0.0000E+00  0.0000E+00  0.0000E+00  0.0000E+00  0.0000E+00  0.0000E+00  0.0000E+00  0.0000E+00  0.0000E+00  0.0000E+00  0.0000E+00  0.0000E+00  0.0000E+00  0.0000E+00  0.0000E+00  0.0000E+00  0.0000E+00  0.0000E+00  0.0000E+00
  0.0000E+00  0.0000E+00  0.2286E-01  0.2319E-01  0.0000E+00  0.0000E+00  0.0000E+00  0.0000E+00  0.0000E+00  0.0000E+00  0.1473E-01  0.1459E-01  0.0000E+00  0.0000E+00  0.0000E+00  0.0000E+00  0.0000E+00  0.0000E+00  0.0000E+00  0.0000E+00  0.0000E+00  0.0000E+00  0.0000E+00  0.0000E+00  0.0000E+00  0.0000E+00  0.0000E+00  0.0000E+00  0.0000E+00  0.0000E+00  0.0000E+00  0.0000E+00
  0.0000E+00  0.0000E+00  0.1290E-01  0.1221E-01  0.0000E+00  0.0000E+00  0.0000E+00  0.0000E+00  0.0000E+00  0.0000E+00  0.1319E-01  0.1245E-01  0.0000E+00  0.0000E+00  0.0000E+00  0.0000E+00  0.0000E+00  0.0000E+00  0.0000E+00  0.0000E+00  0.0000E+00  0.0000E+00  0.0000E+00  0.0000E+00  0.0000E+00  0.0000E+00  0.0000E+00  0.0000E+00  0.0000E+00  0.0000E+00  0.0000E+00  0.0000E+00
 Events:
           0           0        2961        2929           0           0           0           0           0           0        1868        1944        5857        5834           0           0           0           0           0           0           0           0        3581        3663           0           0           0           0         109         154           0           0
           0           0        1598        1519           0           0           0           0           0           0        1624        1626        3335        3168           0           0           0           0           0           0           0           0        3043        3146           0           0           0           0         116         142           0           0
Thanks for using LHAPDF 6.2.1. Please make sure to cite the paper:
  Eur.Phys.J. C75 (2015) 3, 132  (http://arxiv.org/abs/1412.7420)
           0           0        2881        2960           0           0           0           0           0           0        1961        1897        5766        5746           0           0           0           0           0           0           0           0        3621        3521           0           0           0           0         149         138           0           0
           0           0        1606        1580           0           0           0           0           0           0        1595        1634        3160        3145           0           0           0           0           0           0           0           0        3064        3082           0           0           0           0         121         138           0           0
           0           0        2892        2892           0           0           0           0           0           0        1875        1887           0           0           0           0           0           0           0           0           0           0           0           0           0           0           0           0           0           0           0           0
           0           0        1530        1569           0           0           0           0           0           0        1590        1640           0           0           0           0           0           0           0           0           0           0           0           0           0           0           0           0           0           0           0           0
           0           0        2926        2968           0           0           0           0           0           0        1885        1868           0           0           0           0           0           0           0           0           0           0           0           0           0           0           0           0           0           0           0           0
           0           0        1651        1563           0           0           0           0           0           0        1688        1594           0           0           0           0           0           0           0           0           0           0           0           0           0           0           0           0           0           0           0           0
 Accuracy:    0.009   0.010   0.009   0.917
 Finished due to accuracy    8.5633174758163177E-003   1.0000000000000000E-002

 -------------------------------------------------------------------------------
 Accumulated results:   Integral =  0.4947E-05
                        Std dev  =  0.4423E-07
                       Cross sec =  0.4947E-05
             Chi**2 per DoF.     =      0.9174
 -------------------------------------------------------------------------------
 Found        19729  events.
 Wrote         1398  events.
 Actual xsec    4.9525000286550700E-006
 Correct abs xsec    4.9525000286550700E-006
 Event xsec    4.9525000286551843E-006
 Events wgts > 1:           34
 % Cross section > 1:    5.0061759178870523E-008   1.0108381401153557     
-------------------------------------------------
---------------------------
 Results Last   3 iters: Integral =   0.4953E-05
                     Abs integral =   0.4953E-05
                          Std dev =   0.4549E-07
                  Chi**2 per DoF. =      1.1567
-------------------------------------------------
---------------------------
 Status   1.0000000000000000E-002           8           8

ls status:
events.lhe
ftn26
input_app.txt
results.dat
run1_app.log
