==== LHAPDF6 USING DEFAULT-TYPE LHAGLUE INTERFACE ====
LHAPDF 6.2.1 loading /cvmfs/cms.cern.ch/slc6_amd64_gcc630/external/lhapdf/6.2.1-ghjeda2/share/LHAPDF/NNPDF31_nnlo_as_0118_nf_4_mc_hessian/NNPDF31_nnlo_as_0118_nf_4_mc_hessian_0000.dat
NNPDF31_nnlo_as_0118_nf_4_mc_hessian PDF set, member #0, version 1; LHAPDF ID = 325500
 Process in group number            1
 A PDF is used, so alpha_s(MZ) is going to be modified
 Old value of alpha_s from param_card:   0.11810000000000001     
 New value of alpha_s from PDF lhapdf :  0.11266013434007299     
 using LHAPDF
 Define smin to   10000.000000000000     
 Define smin to   10000.000000000000     
 Define smin to   10000.000000000000     
 Define smin to   10000.000000000000     
 Define smin to   10000.000000000000     
 Define smin to   10000.000000000000     
 Define smin to   10000.000000000000     
 *****************************************************
 *               MadGraph/MadEvent                   *
 *        --------------------------------           *
 *          http://madgraph.hep.uiuc.edu             *
 *          http://madgraph.phys.ucl.ac.be           *
 *          http://madgraph.roma2.infn.it            *
 *        --------------------------------           *
 *                                                   *
 *          PARAMETER AND COUPLING VALUES            *
 *                                                   *
 *****************************************************

  External Params
  ---------------------------------
  
 mdl_MW0 =    80.387000000000000     
 mdl_Gf =    1.1663789999999999E-005
 aS =   0.11810000000000001     
 mdl_ymdo =    1.0000000000000000E-099
 mdl_ymb =    4.1799999999999997     
 mdl_ymt =    173.19999999999999     
 mdl_ymtau =    1.7769999999999999     
 mdl_LambdaSMEFT =    1000.0000000000000     
 mdl_cW =    1.0000000000000000     
 mdl_MZ =    91.187600000000003     
 mdl_MTA =    1.7769999999999999     
 mdl_MT =    173.19999999999999     
 mdl_MB =    4.1799999999999997     
 mdl_MH =    125.09000000000000     
 mdl_WZ =    2.4952000000000001     
 mdl_WW =    2.0850000000000000     
 mdl_WT =    1.5083359999999999     
 mdl_WH =    4.0699999999999998E-003
  Internal Params
  ---------------------------------
  
 mdl_ymm =    1.0000000000000000E-099
 mdl_yme =    1.0000000000000000E-099
 mdl_ymc =    1.0000000000000000E-099
 mdl_yms =    1.0000000000000000E-099
 mdl_ymup =    1.0000000000000000E-099
 mdl_conjg__CKM3x3 =    1.0000000000000000     
 mdl_cH =    0.0000000000000000     
 mdl_cHB =    0.0000000000000000     
 mdl_CKM2x2 =    1.0000000000000000     
 mdl_CKM1x1 =    1.0000000000000000     
 mdl_conjg__CKM1x1 =    1.0000000000000000     
 mdl_dGf =    0.0000000000000000     
 mdl_CKM3x3 =    1.0000000000000000     
 mdl_dMH2 =    0.0000000000000000     
 mdl_conjg__CKM2x2 =    1.0000000000000000     
 mdl_dg1 =    0.0000000000000000     
 mdl_cHW =    0.0000000000000000     
 mdl_dgw =    0.0000000000000000     
 mdl_complexi =  (  0.0000000000000000     ,  1.0000000000000000     )
 mdl_MW =    80.387000000000000     
 mdl_nb__2__exp__0_25 =    1.1892071150027210     
 mdl_MH__exp__2 =    15647.508100000001     
 mdl_sqrt__2 =    1.4142135623730951     
 mdl_MW__exp__2 =    6462.0697689999997     
 mdl_MZ__exp__2 =    8315.1783937600012     
 mdl_sth2 =   0.22285855299877133     
 mdl_MH__exp__6 =    3831206449390.3818     
 mdl_MT__exp__6 =    26995248278778.535     
 mdl_MH__exp__4 =    244844509.73956564     
 mdl_MT__exp__4 =    899894403.09759963     
 mdl_MT__exp__2 =    29998.239999999994     
 mdl_LambdaSMEFT__exp__2 =    1000000.0000000000     
 mdl_cth =   0.88155626422890820     
 mdl_sqrt__sth2 =   0.47207896902824564     
 mdl_sth =   0.47207896902824564     
 mdl_MW0__exp__6 =    269845343347.69711     
 mdl_MW0__exp__4 =    41758345.699423708     
 mdl_MW0__exp__2 =    6462.0697689999997     
 mdl_MZ__exp__4 =    69142191.720053151     
 mdl_MZ__exp__6 =    574929658687.79749     
 mdl_cth__exp__2 =   0.77714144700122867     
 mdl_sth__exp__2 =   0.22285855299877130     
 mdl_sth__exp__3 =   0.10520683593878660     
 mdl_cth__exp__3 =   0.68509391079585125     
 mdl_sth__exp__4 =    4.9665934644706158E-002
 mdl_sqrt__Gf =    3.4152291284773265E-003
 mdl_vevhat =    246.21961912951551     
 mdl_lam =   0.12905352724481209     
 mdl_aEW =    7.5614618607353409E-003
 mdl_yb =    2.4008698866559607E-002
 mdl_yc =    5.7437078628133041E-102
 mdl_ydo =    5.7437078628133041E-102
 mdl_ye =    5.7437078628133041E-102
 mdl_ym =    5.7437078628133041E-102
 mdl_ys =    5.7437078628133041E-102
 mdl_yt =   0.99481020183926416     
 mdl_ytau =    1.0206568872219240E-002
 mdl_yup =    5.7437078628133041E-102
 mdl_vevhat__exp__2 =    60624.100844283676     
 mdl_barlam =   0.12905352724481209     
 mdl_vevT =    246.21961912951551     
 mdl_sqrt__aEW =    8.6956666568672819E-002
 mdl_ee =   0.30825335704310214     
 mdl_gwsh =   0.65296989967087182     
 mdl_vev =    246.21961912951551     
 mdl_g1 =   0.34966952144878632     
 mdl_gw =   0.65296989967087182     
 mdl_ee__exp__2 =    9.5020132128342205E-002
 mdl_gHaa =   -1.9303830602986922E-003
 mdl_gHza =   -6.8546472954154700E-003
 mdl_g1sh =   0.34966952144878632     
 mdl_I1d11 =  (  5.7437078628133041E-102,  0.0000000000000000     )
 mdl_I1d22 =  (  5.7437078628133041E-102,  0.0000000000000000     )
 mdl_I1d33 =  (  2.4008698866559607E-002,  0.0000000000000000     )
 mdl_I2d11 =  (  5.7437078628133041E-102,  0.0000000000000000     )
 mdl_I2d22 =  (  5.7437078628133041E-102,  0.0000000000000000     )
 mdl_I2d33 =  ( 0.99481020183926416     ,  0.0000000000000000     )
 mdl_I3d11 =  (  5.7437078628133041E-102,  0.0000000000000000     )
 mdl_I3d22 =  (  5.7437078628133041E-102,  0.0000000000000000     )
 mdl_I3d33 =  (  2.4008698866559607E-002,  0.0000000000000000     )
 mdl_I4d11 =  (  5.7437078628133041E-102,  0.0000000000000000     )
 mdl_I4d22 =  (  5.7437078628133041E-102,  0.0000000000000000     )
 mdl_I4d33 =  ( 0.99481020183926416     ,  0.0000000000000000     )
 mdl_I5d11 =  (  5.7437078628133041E-102,  0.0000000000000000     )
 mdl_I5d22 =  (  5.7437078628133041E-102,  0.0000000000000000     )
 mdl_I5d33 =  (  2.4008698866559607E-002,  0.0000000000000000     )
 mdl_I6d11 =  (  5.7437078628133041E-102,  0.0000000000000000     )
 mdl_I6d22 =  (  5.7437078628133041E-102,  0.0000000000000000     )
 mdl_I6d33 =  ( 0.99481020183926416     ,  0.0000000000000000     )
 mdl_ee__exp__3 =    2.9290274715240611E-002
 mdl_vevhat__exp__3 =    14926843.019948866     
  Internal Params evaluated point by point
  ----------------------------------------
  
 mdl_sqrt__aS =   0.34365680554879169     
 mdl_G__exp__2 =    1.4840883695558185     
 mdl_gHgg =    3.2334372328970845E-003
 mdl_G__exp__3 =  (  1.8079634332366095     ,  0.0000000000000000     )
  Couplings of SMEFTsim_A_U35_MwScheme_UFO_v3_1-cW_massless
  ---------------------------------
  
        GC_64 =   0.00000E+00   0.52893E-05
       GC_345 =   0.00000E+00   0.28325E-05
         GC_1 =   0.00000E+00   0.10275E+00
         GC_2 =  -0.00000E+00  -0.20550E+00
         GC_3 =  -0.00000E+00  -0.30825E+00
       GC_278 =  -0.00000E+00  -0.37035E+00
       GC_280 =  -0.00000E+00  -0.57563E+00
       GC_318 =   0.00000E+00   0.39178E-05
       GC_328 =  -0.00000E+00  -0.55024E-01
       GC_329 =   0.00000E+00   0.11005E+00
       GC_330 =  -0.00000E+00  -0.16507E+00
      GC_1073 =  -0.00000E+00  -0.46172E+00

 Collider parameters:
 --------------------

 Running at P P   machine @    13000.000000000000       GeV
 PDF set = lhapdf 
 alpha_s(Mz)= 0.1127 running at 3 loops.
 alpha_s(Mz)= 0.1127 running at 3 loops.
 Renormalization scale set on event-by-event basis
 Factorization   scale set on event-by-event basis


 getting user params
Enter number of events and max and min iterations: 
 Number of events and iterations         2000           8           3
Enter desired fractional accuracy: 
 Desired fractional accuracy:    1.0000000000000000E-002
Enter 0 for fixed, 2 for adjustable grid: 
Suppress amplitude (0 no, 1 yes)? 
 Using suppressed amplitude.
Exact helicity sum (0 yes, n = number/event)? 
 Explicitly summing over helicities
Enter Configuration Number: 
Running Configuration Number:   65
 Using dconfig=          80
 BW Setting            2           2           2           2           0           0
 Attempting mappinvarients           1           8
 Completed mapping           8
 about to integrate           16        2000           8           3          16           1
 Using non-zero grid deformation.
 16 dimensions   2000 events 16 invarients  8 iterations  1 config(s),  (0.99)
 Using h-tuple random number sequence.
 Error opening grid
 Using Uniform Grid!          32
 Using uniform alpha   1.0000000000000000     
 Grid defined OK
 Set CM energy to      13000.00
 Mapping Graph          65  to config          65
Setting grid   1    0.59172E-04   1
Setting grid   2    0.61293E-04   1
Setting grid   3    0.61293E-04   1
Setting grid   4    0.59172E-08   1
Setting grid   5    0.61293E-04   1
 Transforming s_hat 1/s           15   6.1293241000000010E-005   10000.000000000000        168999999.99999997     
  65   1   2   3   4   5   6   7   8   9  10  11  12  13  14
  15  16
 Masses: 0.000E+00 0.000E+00 0.000E+00 0.178E+01 0.000E+00 0.000E+00 0.000E+00 0.000E+00
Using random seed offsets    65 :      5
  with seed                   24
 Ranmar initialization seeds       31123        9402
 
 ********************************************
 * You are using the DiscreteSampler module *
 *      part of the MG5_aMC framework       *
 *         Author: Valentin Hirschi         *
 ********************************************
 
  Particle       3       4       5       6       7       8
      Et >     0.0     0.0     0.0     0.0    10.0    10.0
       E >     0.0     0.0     0.0     0.0     0.0     0.0
     Eta <    -1.0    -1.0    -1.0    -1.0     6.5     6.5
   xqcut:      0.0     0.0     0.0     0.0     0.0     0.0
d R # 3  >    -0.0     0.4     0.0     0.0     0.4     0.4
d R # 4  >    -0.0    -0.0     0.0     0.0     0.4     0.4
d R # 5  >    -0.0    -0.0    -0.0     0.0     0.0     0.0
d R # 6  >    -0.0    -0.0    -0.0    -0.0     0.0     0.0
d R # 7  >    -0.0    -0.0    -0.0    -0.0    -0.0     0.4
s min # 3>     0.0     0.0     0.0     0.0     0.0     0.0
s min # 4>     0.0     0.0     0.0     0.0     0.0     0.0
s min # 5>     0.0     0.0     0.0     0.0     0.0     0.0
s min # 6>     0.0     0.0     0.0     0.0     0.0     0.0
s min # 7>     0.0     0.0     0.0     0.0     0.0 10000.0
xqcutij # 3>     0.0     0.0     0.0     0.0     0.0     0.0
xqcutij # 4>     0.0     0.0     0.0     0.0     0.0     0.0
xqcutij # 5>     0.0     0.0     0.0     0.0     0.0     0.0
xqcutij # 6>     0.0     0.0     0.0     0.0     0.0     0.0
xqcutij # 7>     0.0     0.0     0.0     0.0     0.0     0.0
 Excluding BW           -1           1
 Excluding BW           -3           2
 Excluding BW           -4           3
 Excluding BW           -5           4
 alpha_s for scale    23.944292455673754       is   0.14321268096057779     
 Added good helicity          193   255.62756933989405       in event            1 local:           1
 Added good helicity          209  0.37243066010594322       in event            1 local:           1
 Added good helicity          193   255.62756933989405       in event            1 local:           1
 Added good helicity          209  0.37243066010594728       in event            1 local:           1
 RESET CUMULATIVE VARIABLE
 RESET CUMULATIVE VARIABLE
 RESET CUMULATIVE VARIABLE
 Warning: Too low fact scales:    12.088435603647675        1.8732790082017108     
 Warning: Too low fact scales:    12.088435603647675        1.8732790082017106     
 Warning: Too low fact scales:    33.434760508855895       0.87195170448214465     
 Warning: Too low fact scales:    33.434760508855895       0.87195170448214776     
 Warning: Too low fact scales:   0.21393055440903655        17.174667487510852     
 Warning: Too low fact scales:   0.21393055440903655        17.174667487510852     
 Warning: Too low fact scales:    28.348235552231223       0.61699750727397928     
 Warning: Too low fact scales:    28.348235552231223       0.61699750727397651     
 Warning: Too low fact scales:    45.007880957035518       0.48396883011078878     
 Warning: Too low fact scales:    45.007880957035518       0.48396883011078873     
 Warning: Too low fact scales:    1.6924463667343417        18.360296067774961     
 No more warnings written out this run.
 Iteration  1   Mean: 0.4665E-10 Abs mean: 0.4665E-10   Fluctuation:  0.290E-10   0.445E-07    28.9%
  1    0.4665E-10 0.4665E-10 +- 0.2898E-10     27.78
 Writing out events   1.0080203376064312E-014   27.776881252715423     
 Relative summed weights:
  0.0000E+00  0.0000E+00  0.1314E+00  0.8631E+00  0.0000E+00  0.0000E+00  0.0000E+00  0.0000E+00  0.2914E-03  0.5212E-02  0.0000E+00  0.0000E+00  0.0000E+00  0.0000E+00
 Relative number of events:
  0.0000E+00  0.0000E+00  0.2476E+00  0.2407E+00  0.0000E+00  0.0000E+00  0.0000E+00  0.0000E+00  0.2626E+00  0.2491E+00  0.0000E+00  0.0000E+00  0.0000E+00  0.0000E+00
 Events:
           0           0         498         484           0           0           0           0         528         501           0           0           0           0
 Iteration  2   Mean: 0.2171E-10 Abs mean: 0.2171E-10   Fluctuation:  0.791E-11   0.260E-07    80.4%
  2    0.2171E-10 0.2171E-10 +- 0.7908E-11     23.04
 Relative summed weights:
  0.0000E+00  0.0000E+00  0.4472E+00  0.1622E+00  0.0000E+00  0.0000E+00  0.0000E+00  0.0000E+00  0.1648E+00  0.2258E+00  0.0000E+00  0.0000E+00  0.0000E+00  0.0000E+00
 Relative number of events:
  0.0000E+00  0.0000E+00  0.2465E+00  0.2410E+00  0.0000E+00  0.0000E+00  0.0000E+00  0.0000E+00  0.2602E+00  0.2522E+00  0.0000E+00  0.0000E+00  0.0000E+00  0.0000E+00
 Events:
           0           0         986         964           0           0           0           0        1041        1009           0           0           0           0
 Iteration  3   Mean: 0.3313E-09 Abs mean: 0.3313E-09   Fluctuation:  0.197E-09   0.151E-05    84.7%
  3    0.3313E-09 0.3313E-09 +- 0.1972E-09     53.23
 Relative summed weights:
  0.0000E+00  0.0000E+00  0.1046E+00  0.1709E+00  0.0000E+00  0.0000E+00  0.0000E+00  0.0000E+00  0.4478E-01  0.6797E+00  0.0000E+00  0.0000E+00  0.0000E+00  0.0000E+00
 Relative number of events:
  0.0000E+00  0.0000E+00  0.2474E+00  0.2442E+00  0.0000E+00  0.0000E+00  0.0000E+00  0.0000E+00  0.2534E+00  0.2550E+00  0.0000E+00  0.0000E+00  0.0000E+00  0.0000E+00
 Events:
           0           0        1979        1954           0           0           0           0        2027        2040           0           0           0           0
 Accuracy:    0.943   0.010   0.278  11.504
 Found          195  events.
 Wrote            2  events.
 Actual xsec    9.4205991881136644E-011
 Correct abs xsec    9.4205991881136644E-011
 Event xsec    9.4205991881136644E-011
 Events wgts > 1:            0
 % Cross section > 1:    0.0000000000000000        0.0000000000000000     
 Iteration  4   Mean: 0.6395E-09 Abs mean: 0.6395E-09   Fluctuation:  0.208E-09   0.228E-05    81.7%
  4    0.6395E-09 0.6395E-09 +- 0.2084E-09     41.21
 Relative summed weights:
  0.0000E+00  0.0000E+00  0.1291E+00  0.1596E+00  0.0000E+00  0.0000E+00  0.0000E+00  0.0000E+00  0.2973E+00  0.4140E+00  0.0000E+00  0.0000E+00  0.0000E+00  0.0000E+00
 Relative number of events:
  0.0000E+00  0.0000E+00  0.2497E+00  0.2423E+00  0.0000E+00  0.0000E+00  0.0000E+00  0.0000E+00  0.2546E+00  0.2534E+00  0.0000E+00  0.0000E+00  0.0000E+00  0.0000E+00
 Events:
           0           0        3995        3877           0           0           0           0        4074        4054           0           0           0           0
 Accuracy:    0.509   0.010   0.211   5.802
 Found          250  events.
 Wrote            4  events.
 Actual xsec    3.6016292595143604E-010
 Correct abs xsec    3.6016292595143604E-010
 Event xsec    3.6016292595143604E-010
 Events wgts > 1:            0
 % Cross section > 1:    0.0000000000000000        0.0000000000000000     
 Iteration  5   Mean: 0.2180E-08 Abs mean: 0.2180E-08   Fluctuation:  0.919E-09   0.264E-04    74.1%
  5    0.2180E-08 0.2180E-08 +- 0.9195E-09     75.46
 Relative summed weights:
  0.0000E+00  0.0000E+00  0.1188E+00  0.6633E+00  0.0000E+00  0.0000E+00  0.0000E+00  0.0000E+00  0.1171E+00  0.1008E+00  0.0000E+00  0.0000E+00  0.0000E+00  0.0000E+00
 Relative number of events:
  0.0000E+00  0.0000E+00  0.2510E+00  0.2442E+00  0.0000E+00  0.0000E+00  0.0000E+00  0.0000E+00  0.2541E+00  0.2507E+00  0.0000E+00  0.0000E+00  0.0000E+00  0.0000E+00
 Events:
           0           0        8033        7815           0           0           0           0        8130        8022           0           0           0           0
 Accuracy:    0.564   0.010   0.189   8.913
 Found          883  events.
 Wrote            2  events.
 Actual xsec    1.0752495323609821E-009
 Correct abs xsec    1.0752495323609821E-009
 Event xsec    1.0752495323609821E-009
 Events wgts > 1:            1
 % Cross section > 1:    3.1733783518850871E-017   2.9512947984428627E-006
 Iteration  6   Mean: 0.3307E-08 Abs mean: 0.3307E-08   Fluctuation:  0.157E-08   0.990E-04    70.2%
  6    0.3307E-08 0.3307E-08 +- 0.1569E-08    120.06
 Relative summed weights:
  0.0000E+00  0.0000E+00  0.1107E+00  0.2071E+00  0.0000E+00  0.0000E+00  0.0000E+00  0.0000E+00  0.1351E+00  0.5471E+00  0.0000E+00  0.0000E+00  0.0000E+00  0.0000E+00
 Relative number of events:
  0.0000E+00  0.0000E+00  0.2476E+00  0.2483E+00  0.0000E+00  0.0000E+00  0.0000E+00  0.0000E+00  0.2585E+00  0.2456E+00  0.0000E+00  0.0000E+00  0.0000E+00  0.0000E+00
 Events:
           0           0       15844       15890           0           0           0           0       16545       15721           0           0           0           0
 Accuracy:    0.491   0.010   0.176   7.816
 Found         1674  events.
 Wrote            1  events.
 Actual xsec    1.6917612549669341E-009
 Correct abs xsec    1.6917612549669341E-009
 Event xsec    1.6917612549669343E-009
 Events wgts > 1:            0
 % Cross section > 1:    0.0000000000000000        0.0000000000000000     
 Iteration  7   Mean: 0.2584E-08 Abs mean: 0.2584E-08   Fluctuation:  0.236E-09   0.124E-04    66.2%
  7    0.2584E-08 0.2584E-08 +- 0.2360E-09     32.68
 Relative summed weights:
  0.0000E+00  0.0000E+00  0.2081E+00  0.2117E+00  0.0000E+00  0.0000E+00  0.0000E+00  0.0000E+00  0.2857E+00  0.2945E+00  0.0000E+00  0.0000E+00  0.0000E+00  0.0000E+00
 Relative number of events:
  0.0000E+00  0.0000E+00  0.2472E+00  0.2466E+00  0.0000E+00  0.0000E+00  0.0000E+00  0.0000E+00  0.2532E+00  0.2530E+00  0.0000E+00  0.0000E+00  0.0000E+00  0.0000E+00
 Events:
           0           0       31636       31562           0           0           0           0       32413       32389           0           0           0           0
 Accuracy:    0.149   0.010   0.081   3.372
 Found         3881  events.
 Wrote           26  events.
 Actual xsec    2.5913789320295445E-009
 Correct abs xsec    2.5913789320295445E-009
 Event xsec    2.5913789320295428E-009
 Events wgts > 1:            2
 % Cross section > 1:    8.3891278972988032E-012  0.32373219499506078     
 Iteration  8   Mean: 0.2397E-08 Abs mean: 0.2397E-08   Fluctuation:  0.996E-10   0.143E-04    60.1%
  8    0.2397E-08 0.2397E-08 +- 0.9963E-10     21.03
 Relative summed weights:
  0.0000E+00  0.0000E+00  0.2041E+00  0.2753E+00  0.0000E+00  0.0000E+00  0.0000E+00  0.0000E+00  0.2714E+00  0.2493E+00  0.0000E+00  0.0000E+00  0.0000E+00  0.0000E+00
 Relative number of events:
  0.0000E+00  0.0000E+00  0.2467E+00  0.2462E+00  0.0000E+00  0.0000E+00  0.0000E+00  0.0000E+00  0.2532E+00  0.2538E+00  0.0000E+00  0.0000E+00  0.0000E+00  0.0000E+00
 Events:
           0           0       63161       63032           0           0           0           0       64828       64979           0           0           0           0
 Accuracy:    0.061   0.010   0.037   2.688
 Found        14440  events.
 Wrote           59  events.
 Actual xsec    2.4344224930127069E-009
 Correct abs xsec    2.4344224930127069E-009
 Event xsec    2.4344224930127069E-009
 Events wgts > 1:            1
 % Cross section > 1:    1.6014923546315064E-011  0.65785308804372244     

 -------------------------------------------------------------------------------
 Accumulated results:   Integral =  0.2368E-08
                        Std dev  =  0.8758E-10
                       Cross sec =  0.2368E-08
             Chi**2 per DoF.     =      2.6877
 -------------------------------------------------------------------------------
-------------------------------------------------
---------------------------
 Results Last   3 iters: Integral =   0.2434E-08
                     Abs integral =   0.2434E-08
                          Std dev =   0.9182E-10
                  Chi**2 per DoF. =      0.4275
Thanks for using LHAPDF 6.2.1. Please make sure to cite the paper:
  Eur.Phys.J. C75 (2015) 3, 132  (http://arxiv.org/abs/1412.7420)
-------------------------------------------------
---------------------------
 Status   1.0000000000000000E-002           9           8

ls status:
events.lhe
ftn26
input_app.txt
results.dat
run1_app.log
