==== LHAPDF6 USING DEFAULT-TYPE LHAGLUE INTERFACE ====
LHAPDF 6.2.1 loading /cvmfs/cms.cern.ch/slc6_amd64_gcc630/external/lhapdf/6.2.1-ghjeda2/share/LHAPDF/NNPDF30_lo_as_0130_nf_4/NNPDF30_lo_as_0130_nf_4_0000.dat
NNPDF30_lo_as_0130_nf_4 PDF set, member #0, version 2; LHAPDF ID = 263400
 Process in group number            1
 A PDF is used, so alpha_s(MZ) is going to be modified
 Old value of alpha_s from param_card:   0.11810000000000001     
 New value of alpha_s from PDF lhapdf :  0.12470044313224841     
 using LHAPDF
 Define smin to   10000.000000000000     
 Define smin to   10000.000000000000     
 Define smin to   10000.000000000000     
 Define smin to   10000.000000000000     
 Define smin to   10000.000000000000     
 Define smin to   10000.000000000000     
 Define smin to   10000.000000000000     
 *****************************************************
 *               MadGraph/MadEvent                   *
 *        --------------------------------           *
 *          http://madgraph.hep.uiuc.edu             *
 *          http://madgraph.phys.ucl.ac.be           *
 *          http://madgraph.roma2.infn.it            *
 *        --------------------------------           *
 *                                                   *
 *          PARAMETER AND COUPLING VALUES            *
 *                                                   *
 *****************************************************

  External Params
  ---------------------------------
  
 mdl_MW0 =    80.387000000000000     
 mdl_Gf =    1.1663789999999999E-005
 aS =   0.11810000000000001     
 mdl_ymdo =    1.0000000000000000E-099
 mdl_ymb =    4.1799999999999997     
 mdl_ymt =    173.19999999999999     
 mdl_ymtau =    1.7769999999999999     
 mdl_LambdaSMEFT =    1000.0000000000000     
 mdl_cHW =    1.0000000000000000     
 mdl_MZ =    91.187600000000003     
 mdl_MTA =    1.7769999999999999     
 mdl_MT =    173.19999999999999     
 mdl_MB =    4.1799999999999997     
 mdl_MH =    125.09000000000000     
 mdl_WZ =    2.4952000000000001     
 mdl_WW =    2.0850000000000000     
 mdl_WT =    1.5083359999999999     
 mdl_WH =    4.0699999999999998E-003
  Internal Params
  ---------------------------------
  
 mdl_ymm =    1.0000000000000000E-099
 mdl_yme =    1.0000000000000000E-099
 mdl_ymc =    1.0000000000000000E-099
 mdl_yms =    1.0000000000000000E-099
 mdl_ymup =    1.0000000000000000E-099
 mdl_conjg__CKM3x3 =    1.0000000000000000     
 mdl_cH =    0.0000000000000000     
 mdl_cHB =    0.0000000000000000     
 mdl_CKM1x1 =    1.0000000000000000     
 mdl_conjg__CKM1x1 =    1.0000000000000000     
 mdl_dGf =    0.0000000000000000     
 mdl_CKM3x3 =    1.0000000000000000     
 mdl_dMH2 =    0.0000000000000000     
 mdl_conjg__CKM2x2 =    1.0000000000000000     
 mdl_dg1 =    0.0000000000000000     
 mdl_CKM2x2 =    1.0000000000000000     
 mdl_dgw =    0.0000000000000000     
 mdl_complexi =  (  0.0000000000000000     ,  1.0000000000000000     )
 mdl_MW =    80.387000000000000     
 mdl_nb__2__exp__0_25 =    1.1892071150027210     
 mdl_MH__exp__2 =    15647.508100000001     
 mdl_sqrt__2 =    1.4142135623730951     
 mdl_MW__exp__2 =    6462.0697689999997     
 mdl_MZ__exp__2 =    8315.1783937600012     
 mdl_sth2 =   0.22285855299877133     
 mdl_MH__exp__6 =    3831206449390.3818     
 mdl_MT__exp__6 =    26995248278778.535     
 mdl_MH__exp__4 =    244844509.73956564     
 mdl_MT__exp__4 =    899894403.09759963     
 mdl_MT__exp__2 =    29998.239999999994     
 mdl_LambdaSMEFT__exp__2 =    1000000.0000000000     
 mdl_cth =   0.88155626422890820     
 mdl_sqrt__sth2 =   0.47207896902824564     
 mdl_sth =   0.47207896902824564     
 mdl_MW0__exp__6 =    269845343347.69711     
 mdl_MW0__exp__4 =    41758345.699423708     
 mdl_MW0__exp__2 =    6462.0697689999997     
 mdl_MZ__exp__4 =    69142191.720053151     
 mdl_MZ__exp__6 =    574929658687.79749     
 mdl_cth__exp__2 =   0.77714144700122867     
 mdl_sth__exp__2 =   0.22285855299877130     
 mdl_sth__exp__3 =   0.10520683593878660     
 mdl_cth__exp__3 =   0.68509391079585125     
 mdl_sth__exp__4 =    4.9665934644706158E-002
 mdl_sqrt__Gf =    3.4152291284773265E-003
 mdl_vevhat =    246.21961912951551     
 mdl_lam =   0.12905352724481209     
 mdl_aEW =    7.5614618607353409E-003
 mdl_yb =    2.4008698866559607E-002
 mdl_yc =    5.7437078628133041E-102
 mdl_ydo =    5.7437078628133041E-102
 mdl_ye =    5.7437078628133041E-102
 mdl_ym =    5.7437078628133041E-102
 mdl_ys =    5.7437078628133041E-102
 mdl_yt =   0.99481020183926416     
 mdl_ytau =    1.0206568872219240E-002
 mdl_yup =    5.7437078628133041E-102
 mdl_vevhat__exp__2 =    60624.100844283676     
 mdl_barlam =   0.12905352724481209     
 mdl_vevT =    246.21961912951551     
 mdl_sqrt__aEW =    8.6956666568672819E-002
 mdl_ee =   0.30825335704310214     
 mdl_gwsh =   0.61338418662494298     
 mdl_vev =    246.21961912951551     
 mdl_g1 =   0.34966952144878632     
 mdl_gw =   0.65296989967087182     
 mdl_ee__exp__2 =    9.5020132128342205E-002
 mdl_gHaa =   -1.9303830602986922E-003
 mdl_gHza =   -6.8546472954154700E-003
 mdl_g1sh =   0.34966952144878632     
 mdl_I1d11 =  (  5.7437078628133041E-102,  0.0000000000000000     )
 mdl_I1d22 =  (  5.7437078628133041E-102,  0.0000000000000000     )
 mdl_I1d33 =  (  2.4008698866559607E-002,  0.0000000000000000     )
 mdl_I2d11 =  (  5.7437078628133041E-102,  0.0000000000000000     )
 mdl_I2d22 =  (  5.7437078628133041E-102,  0.0000000000000000     )
 mdl_I2d33 =  ( 0.99481020183926416     ,  0.0000000000000000     )
 mdl_I3d11 =  (  5.7437078628133041E-102,  0.0000000000000000     )
 mdl_I3d22 =  (  5.7437078628133041E-102,  0.0000000000000000     )
 mdl_I3d33 =  (  2.4008698866559607E-002,  0.0000000000000000     )
 mdl_I4d11 =  (  5.7437078628133041E-102,  0.0000000000000000     )
 mdl_I4d22 =  (  5.7437078628133041E-102,  0.0000000000000000     )
 mdl_I4d33 =  ( 0.99481020183926416     ,  0.0000000000000000     )
 mdl_I5d11 =  (  5.7437078628133041E-102,  0.0000000000000000     )
 mdl_I5d22 =  (  5.7437078628133041E-102,  0.0000000000000000     )
 mdl_I5d33 =  (  2.4008698866559607E-002,  0.0000000000000000     )
 mdl_I6d11 =  (  5.7437078628133041E-102,  0.0000000000000000     )
 mdl_I6d22 =  (  5.7437078628133041E-102,  0.0000000000000000     )
 mdl_I6d33 =  ( 0.99481020183926416     ,  0.0000000000000000     )
 mdl_ee__exp__3 =    2.9290274715240611E-002
 mdl_vevhat__exp__3 =    14926843.019948866     
  Internal Params evaluated point by point
  ----------------------------------------
  
 mdl_sqrt__aS =   0.34365680554879169     
 mdl_G__exp__2 =    1.4840883695558185     
 mdl_gHgg =    3.2334372328970845E-003
 mdl_G__exp__3 =  (  1.8079634332366095     ,  0.0000000000000000     )
  Couplings of SMEFTsim_A_U35_MwScheme_UFO_v3_1-cHW_massless
  ---------------------------------
  
         GC_1 =   0.00000E+00   0.10275E+00
         GC_2 =  -0.00000E+00  -0.20550E+00
         GC_3 =  -0.00000E+00  -0.30825E+00
       GC_255 =  -0.00000E+00  -0.42637E+00
       GC_278 =  -0.00000E+00  -0.37035E+00
       GC_280 =  -0.00000E+00  -0.57563E+00
       GC_328 =  -0.00000E+00  -0.55024E-01
       GC_329 =   0.00000E+00   0.11005E+00
       GC_330 =  -0.00000E+00  -0.16507E+00
       GC_387 =   0.00000E+00   0.98488E-03
       GC_400 =   0.00000E+00   0.52490E+02
       GC_809 =  -0.00000E+00  -0.72171E-02
      GC_1073 =  -0.00000E+00  -0.46172E+00

 Collider parameters:
 --------------------

 Running at P P   machine @    13000.000000000000       GeV
 PDF set = lhapdf 
 alpha_s(Mz)= 0.1247 running at 1 loops.
 alpha_s(Mz)= 0.1247 running at 1 loops.
 Renormalization scale set on event-by-event basis
 Factorization   scale set on event-by-event basis


 getting user params
Enter number of events and max and min iterations: 
 Number of events and iterations         2000           8           3
Enter desired fractional accuracy: 
 Desired fractional accuracy:    1.0000000000000000E-002
Enter 0 for fixed, 2 for adjustable grid: 
Suppress amplitude (0 no, 1 yes)? 
 Using suppressed amplitude.
Exact helicity sum (0 yes, n = number/event)? 
 Explicitly summing over helicities
Enter Configuration Number: 
Running Configuration Number:  239
 Using dconfig=          25
 BW Setting            1           2           2           0           0           0
 Attempting mappinvarients           1           8
 Completed mapping           8
 about to integrate           16        2000           8           3          16           1
 Using non-zero grid deformation.
 16 dimensions   2000 events 16 invarients  8 iterations  1 config(s),  (0.99)
 Using h-tuple random number sequence.
 Error opening grid
 Using Uniform Grid!          32
 Using uniform alpha   1.0000000000000000     
 Grid defined OK
 Set CM energy to      13000.00
 Mapping Graph         239  to config         239
 Setting BW          -1           1   80.387000000000000     
Setting grid   2    0.28963E-04   1
Setting grid   3    0.28963E-04   1
Setting grid   4    0.28963E-04   1
Setting grid   5    0.28963E-04   1
 Transforming s_hat 1/s           15   5.9171597633136108E-005   10000.000000000000        168999999.99999997     
 239   1   2   3   4   5   6   7   8   9  10  11  12  13  14
  15  16
 Masses: 0.000E+00 0.000E+00 0.000E+00 0.178E+01 0.000E+00 0.000E+00 0.000E+00 0.000E+00
Using random seed offsets   239 :      5
  with seed                   24
 Ranmar initialization seeds       31297        9402
 
 ********************************************
 * You are using the DiscreteSampler module *
 *      part of the MG5_aMC framework       *
 *         Author: Valentin Hirschi         *
 ********************************************
 
  Particle       3       4       5       6       7       8
      Et >     0.0     0.0     0.0     0.0    10.0    10.0
       E >     0.0     0.0     0.0     0.0     0.0     0.0
     Eta <    -1.0    -1.0    -1.0    -1.0     6.5     6.5
   xqcut:      0.0     0.0     0.0     0.0     0.0     0.0
d R # 3  >    -0.0     0.4     0.0     0.0     0.4     0.4
d R # 4  >    -0.0    -0.0     0.0     0.0     0.4     0.4
d R # 5  >    -0.0    -0.0    -0.0     0.0     0.0     0.0
d R # 6  >    -0.0    -0.0    -0.0    -0.0     0.0     0.0
d R # 7  >    -0.0    -0.0    -0.0    -0.0    -0.0     0.4
s min # 3>     0.0     0.0     0.0     0.0     0.0     0.0
s min # 4>     0.0     0.0     0.0     0.0     0.0     0.0
s min # 5>     0.0     0.0     0.0     0.0     0.0     0.0
s min # 6>     0.0     0.0     0.0     0.0     0.0     0.0
s min # 7>     0.0     0.0     0.0     0.0     0.0 10000.0
xqcutij # 3>     0.0     0.0     0.0     0.0     0.0     0.0
xqcutij # 4>     0.0     0.0     0.0     0.0     0.0     0.0
xqcutij # 5>     0.0     0.0     0.0     0.0     0.0     0.0
xqcutij # 6>     0.0     0.0     0.0     0.0     0.0     0.0
xqcutij # 7>     0.0     0.0     0.0     0.0     0.0     0.0
 Requiring BW           -1           1
 Excluding BW           -3           2
 Excluding BW           -5           3
 alpha_s for scale    57.609821814360529       is   0.13494942490566375     
 Added good helicity          193   255.62659968049726       in event            1 local:           1
 Added good helicity          209  0.37340031950273500       in event            1 local:           1
 Added good helicity          193   255.62659968049726       in event            1 local:           1
 Added good helicity          209  0.37340031950273411       in event            1 local:           1
 RESET CUMULATIVE VARIABLE
 RESET CUMULATIVE VARIABLE
 RESET CUMULATIVE VARIABLE
 Warning: Too low fact scales:    1.4348065918157076        107.64939907148143     
 Warning: Too low fact scales:    1.4348065918157076        107.64939907148150     
 Iteration  1   Mean: 0.5741E-11 Abs mean: 0.6191E-11   Fluctuation:  0.243E-11   0.362E-08     5.5%
  1    0.5741E-11 0.6191E-11 +- 0.2426E-11     17.52
 Writing out events   6.9931351452811216E-015   17.522028205839216     
 Relative summed weights:
  0.0000E+00  0.0000E+00  0.4009E+00  0.3266E+00  0.0000E+00  0.0000E+00  0.0000E+00  0.0000E+00  0.9593E-01  0.6242E-01  0.0000E+00  0.0000E+00  0.0000E+00  0.0000E+00
  0.0000E+00  0.0000E+00  0.1001E+00  0.1098E-01  0.0000E+00  0.0000E+00  0.0000E+00  0.0000E+00  0.2645E-03  0.2794E-02  0.0000E+00  0.0000E+00  0.0000E+00  0.0000E+00
 Relative number of events:
  0.0000E+00  0.0000E+00  0.2361E+00  0.2326E+00  0.0000E+00  0.0000E+00  0.0000E+00  0.0000E+00  0.2000E+00  0.2300E+00  0.0000E+00  0.0000E+00  0.0000E+00  0.0000E+00
  0.0000E+00  0.0000E+00  0.2996E-01  0.3436E-01  0.0000E+00  0.0000E+00  0.0000E+00  0.0000E+00  0.1762E-01  0.1938E-01  0.0000E+00  0.0000E+00  0.0000E+00  0.0000E+00
 Events:
           0           0         268         264           0           0           0           0         227         261           0           0           0           0
           0           0          34          39           0           0           0           0          20          22           0           0           0           0
 Iteration  2   Mean: 0.6217E-11 Abs mean: 0.8456E-11   Fluctuation:  0.281E-11   0.921E-08    44.4%
  2    0.6217E-11 0.8456E-11 +- 0.2807E-11     21.00
 Relative summed weights:
  0.0000E+00  0.0000E+00  0.1996E+00  0.3327E-01  0.0000E+00  0.0000E+00  0.0000E+00  0.0000E+00  0.1553E+00  0.3966E+00  0.0000E+00  0.0000E+00  0.0000E+00  0.0000E+00
  0.0000E+00  0.0000E+00  0.8056E-02  0.4572E-01  0.0000E+00  0.0000E+00  0.0000E+00  0.0000E+00  0.1386E+00  0.2274E-01  0.0000E+00  0.0000E+00  0.0000E+00  0.0000E+00
 Relative number of events:
  0.0000E+00  0.0000E+00  0.2448E+00  0.2349E+00  0.0000E+00  0.0000E+00  0.0000E+00  0.0000E+00  0.2081E+00  0.2164E+00  0.0000E+00  0.0000E+00  0.0000E+00  0.0000E+00
  0.0000E+00  0.0000E+00  0.3003E-01  0.3373E-01  0.0000E+00  0.0000E+00  0.0000E+00  0.0000E+00  0.1851E-01  0.1357E-01  0.0000E+00  0.0000E+00  0.0000E+00  0.0000E+00
 Events:
           0           0         595         571           0           0           0           0         506         526           0           0           0           0
           0           0          73          82           0           0           0           0          45          33           0           0           0           0
 Iteration  3   Mean: 0.8017E-11 Abs mean: 0.1214E-10   Fluctuation:  0.306E-11   0.181E-07    53.7%
  3    0.8017E-11 0.1214E-10 +- 0.3064E-11     22.57
 Relative summed weights:
  0.0000E+00  0.0000E+00  0.8201E-01  0.1036E+00  0.0000E+00  0.0000E+00  0.0000E+00  0.0000E+00  0.2456E+00  0.1728E+00  0.0000E+00  0.0000E+00  0.0000E+00  0.0000E+00
  0.0000E+00  0.0000E+00  0.4040E-01  0.2424E+00  0.0000E+00  0.0000E+00  0.0000E+00  0.0000E+00  0.9244E-02  0.1039E+00  0.0000E+00  0.0000E+00  0.0000E+00  0.0000E+00
 Relative number of events:
  0.0000E+00  0.0000E+00  0.2347E+00  0.2349E+00  0.0000E+00  0.0000E+00  0.0000E+00  0.0000E+00  0.2204E+00  0.2202E+00  0.0000E+00  0.0000E+00  0.0000E+00  0.0000E+00
  0.0000E+00  0.0000E+00  0.2944E-01  0.2924E-01  0.0000E+00  0.0000E+00  0.0000E+00  0.0000E+00  0.1572E-01  0.1532E-01  0.0000E+00  0.0000E+00  0.0000E+00  0.0000E+00
 Events:
           0           0        1180        1181           0           0           0           0        1108        1107           0           0           0           0
           0           0         148         147           0           0           0           0          79          77           0           0           0           0
 Accuracy:    0.176   0.010   0.179   0.969
 Found          320  events.
 Wrote            5  events.
 Actual xsec    7.0210527353364972E-012
 Correct abs xsec    9.8340833007824853E-012
 Event xsec    9.8340833007824837E-012
 Events wgts > 1:            1
 % Cross section > 1:    1.4542184095113469E-019   1.4787533977830315E-006
 Warning: Too low fact scales:    1.5913351993757208        114.04581280038805     
 Warning: Too low fact scales:    1.5913351993757208        114.04581280038805     
 Warning: Too low fact scales:    152.83994527704169        1.2153679148148697     
 Warning: Too low fact scales:    152.83994527704169        1.2153679148148697     
 Iteration  4   Mean: 0.1301E-10 Abs mean: 0.1619E-10   Fluctuation:  0.379E-11   0.539E-07    53.4%
  4    0.1301E-10 0.1619E-10 +- 0.3795E-11     29.64
 Relative summed weights:
  0.0000E+00  0.0000E+00  0.1747E+00  0.1199E+00  0.0000E+00  0.0000E+00  0.0000E+00  0.0000E+00  0.1730E+00  0.1132E+00  0.0000E+00  0.0000E+00  0.0000E+00  0.0000E+00
  0.0000E+00  0.0000E+00  0.5905E-01  0.5939E-01  0.0000E+00  0.0000E+00  0.0000E+00  0.0000E+00  0.4269E-01  0.2580E+00  0.0000E+00  0.0000E+00  0.0000E+00  0.0000E+00
 Relative number of events:
  0.0000E+00  0.0000E+00  0.2403E+00  0.2393E+00  0.0000E+00  0.0000E+00  0.0000E+00  0.0000E+00  0.2116E+00  0.2237E+00  0.0000E+00  0.0000E+00  0.0000E+00  0.0000E+00
  0.0000E+00  0.0000E+00  0.2644E-01  0.2711E-01  0.0000E+00  0.0000E+00  0.0000E+00  0.0000E+00  0.1571E-01  0.1590E-01  0.0000E+00  0.0000E+00  0.0000E+00  0.0000E+00
 Events:
           0           0        2508        2498           0           0           0           0        2209        2335           0           0           0           0
           0           0         276         283           0           0           0           0         164         166           0           0           0           0
 Accuracy:    0.172   0.010   0.142   1.469
 Found          820  events.
 Wrote            4  events.
 Actual xsec    9.7526949617557278E-012
 Correct abs xsec    1.3080469819114296E-011
 Event xsec    1.3080469819114297E-011
 Events wgts > 1:            0
 % Cross section > 1:    0.0000000000000000        0.0000000000000000     
 Warning: Too low fact scales:    128.46410875330005       0.93680420052023194     
 Warning: Too low fact scales:    128.46410875330005       0.93680420052023194     
 Iteration  5   Mean: 0.1130E-10 Abs mean: 0.1529E-10   Fluctuation:  0.155E-11   0.335E-07    52.0%
  5    0.1130E-10 0.1529E-10 +- 0.1553E-11     18.17
 Relative summed weights:
  0.0000E+00  0.0000E+00  0.1449E+00  0.1684E+00  0.0000E+00  0.0000E+00  0.0000E+00  0.0000E+00  0.1395E+00  0.1460E+00  0.0000E+00  0.0000E+00  0.0000E+00  0.0000E+00
  0.0000E+00  0.0000E+00  0.1061E+00  0.8837E-01  0.0000E+00  0.0000E+00  0.0000E+00  0.0000E+00  0.1566E+00  0.5007E-01  0.0000E+00  0.0000E+00  0.0000E+00  0.0000E+00
 Relative number of events:
  0.0000E+00  0.0000E+00  0.2335E+00  0.2403E+00  0.0000E+00  0.0000E+00  0.0000E+00  0.0000E+00  0.2231E+00  0.2167E+00  0.0000E+00  0.0000E+00  0.0000E+00  0.0000E+00
  0.0000E+00  0.0000E+00  0.2972E-01  0.2640E-01  0.0000E+00  0.0000E+00  0.0000E+00  0.0000E+00  0.1588E-01  0.1455E-01  0.0000E+00  0.0000E+00  0.0000E+00  0.0000E+00
 Events:
           0           0        4926        5069           0           0           0           0        4706        4571           0           0           0           0
           0           0         627         557           0           0           0           0         335         307           0           0           0           0
 Accuracy:    0.090   0.010   0.083   1.198
 Found         1812  events.
 Wrote           10  events.
 Actual xsec    1.1147783066590125E-011
 Correct abs xsec    1.5036338221742882E-011
 Event xsec    1.5036338221742885E-011
 Events wgts > 1:            1
 % Cross section > 1:    3.4457795730255417E-021   2.2916347864820348E-008
 Warning: Too low fact scales:    121.38525900290648       0.70181185768686560     
 Warning: Too low fact scales:    121.38525900290648       0.70181185768686560     
 Warning: Too low fact scales:    332.39819417073937        1.0142439396781471     
 No more warnings written out this run.
 Iteration  6   Mean: 0.1066E-10 Abs mean: 0.1412E-10   Fluctuation:  0.715E-12   0.296E-07    50.4%
  6    0.1066E-10 0.1412E-10 +- 0.7154E-12     12.82
 Relative summed weights:
  0.0000E+00  0.0000E+00  0.1383E+00  0.1197E+00  0.0000E+00  0.0000E+00  0.0000E+00  0.0000E+00  0.1623E+00  0.1666E+00  0.0000E+00  0.0000E+00  0.0000E+00  0.0000E+00
  0.0000E+00  0.0000E+00  0.7534E-01  0.1234E+00  0.0000E+00  0.0000E+00  0.0000E+00  0.0000E+00  0.7960E-01  0.1348E+00  0.0000E+00  0.0000E+00  0.0000E+00  0.0000E+00
 Relative number of events:
  0.0000E+00  0.0000E+00  0.2322E+00  0.2352E+00  0.0000E+00  0.0000E+00  0.0000E+00  0.0000E+00  0.2237E+00  0.2180E+00  0.0000E+00  0.0000E+00  0.0000E+00  0.0000E+00
  0.0000E+00  0.0000E+00  0.3010E-01  0.2900E-01  0.0000E+00  0.0000E+00  0.0000E+00  0.0000E+00  0.1607E-01  0.1569E-01  0.0000E+00  0.0000E+00  0.0000E+00  0.0000E+00
 Events:
           0           0        9929       10056           0           0           0           0        9567        9323           0           0           0           0
           0           0        1287        1240           0           0           0           0         687         671           0           0           0           0
 Accuracy:    0.043   0.010   0.043   0.970
 Found         4842  events.
 Wrote           30  events.
 Actual xsec    1.0867078040982305E-011
 Correct abs xsec    1.4420846060819501E-011
 Event xsec    1.4420846060819493E-011
 Events wgts > 1:            0
 % Cross section > 1:    0.0000000000000000        0.0000000000000000     
 Iteration  7   Mean: 0.1101E-10 Abs mean: 0.1471E-10   Fluctuation:  0.106E-11   0.130E-06    47.6%
  7    0.1101E-10 0.1471E-10 +- 0.1064E-11     25.87
 Relative summed weights:
  0.0000E+00  0.0000E+00  0.1320E+00  0.1299E+00  0.0000E+00  0.0000E+00  0.0000E+00  0.0000E+00  0.1595E+00  0.1673E+00  0.0000E+00  0.0000E+00  0.0000E+00  0.0000E+00
  0.0000E+00  0.0000E+00  0.9057E-01  0.1565E+00  0.0000E+00  0.0000E+00  0.0000E+00  0.0000E+00  0.8166E-01  0.8256E-01  0.0000E+00  0.0000E+00  0.0000E+00  0.0000E+00
 Relative number of events:
  0.0000E+00  0.0000E+00  0.2305E+00  0.2313E+00  0.0000E+00  0.0000E+00  0.0000E+00  0.0000E+00  0.2232E+00  0.2248E+00  0.0000E+00  0.0000E+00  0.0000E+00  0.0000E+00
  0.0000E+00  0.0000E+00  0.3033E-01  0.2877E-01  0.0000E+00  0.0000E+00  0.0000E+00  0.0000E+00  0.1563E-01  0.1555E-01  0.0000E+00  0.0000E+00  0.0000E+00  0.0000E+00
 Events:
           0           0       19791       19859           0           0           0           0       19162       19299           0           0           0           0
           0           0        2604        2470           0           0           0           0        1342        1335           0           0           0           0
 Accuracy:    0.034   0.010   0.037   0.828
 Found        12392  events.
 Wrote           14  events.
 Actual xsec    1.0851162350422913E-011
 Correct abs xsec    1.4455957269423783E-011
 Event xsec    1.4455957269423787E-011
 Events wgts > 1:            1
 % Cross section > 1:    9.5037372785773680E-020   6.5742704557373015E-007
 Iteration  8   Mean: 0.1100E-10 Abs mean: 0.1455E-10   Fluctuation:  0.305E-12   0.348E-07    45.0%
  8    0.1100E-10 0.1455E-10 +- 0.3048E-12     10.60
 Exceeded boost           2          95   256000.000    
 Exceeded boost           3           2   128000.000    
 Relative summed weights:
  0.0000E+00  0.0000E+00  0.1308E+00  0.1386E+00  0.0000E+00  0.0000E+00  0.0000E+00  0.0000E+00  0.1645E+00  0.1620E+00  0.0000E+00  0.0000E+00  0.0000E+00  0.0000E+00
  0.0000E+00  0.0000E+00  0.8085E-01  0.9181E-01  0.0000E+00  0.0000E+00  0.0000E+00  0.0000E+00  0.1331E+00  0.9829E-01  0.0000E+00  0.0000E+00  0.0000E+00  0.0000E+00
 Relative number of events:
  0.0000E+00  0.0000E+00  0.2283E+00  0.2303E+00  0.0000E+00  0.0000E+00  0.0000E+00  0.0000E+00  0.2256E+00  0.2257E+00  0.0000E+00  0.0000E+00  0.0000E+00  0.0000E+00
  0.0000E+00  0.0000E+00  0.2917E-01  0.2979E-01  0.0000E+00  0.0000E+00  0.0000E+00  0.0000E+00  0.1508E-01  0.1604E-01  0.0000E+00  0.0000E+00  0.0000E+00  0.0000E+00
 Events:
           0           0       39172       39516           0           0           0           0       38716       38721           0           0           0           0
           0           0        5005        5111           0           0           0           0        2587        2753           0           0           0           0
 Accuracy:    0.015   0.010   0.018   0.715
 Found        27079  events.
 Wrote          191  events.
 Actual xsec    1.0955399111627282E-011
 Correct abs xsec    1.4506398395626789E-011
 Event xsec    1.4506398395626818E-011
 Events wgts > 1:            4
 % Cross section > 1:    1.4383436104936512E-013  0.99152358239882787     

 -------------------------------------------------------------------------------
 Accumulated results:   Integral =  0.1449E-10
                        Std dev  =  0.2643E-12
                       Cross sec =  0.1094E-10
             Chi**2 per DoF.     =      0.7154
 -------------------------------------------------------------------------------
-------------------------------------------------
---------------------------
 Results Last   3 iters: Integral =   0.1096E-10
                     Abs integral =   0.1451E-10
Thanks for using LHAPDF 6.2.1. Please make sure to cite the paper:
  Eur.Phys.J. C75 (2015) 3, 132  (http://arxiv.org/abs/1412.7420)
                          Std dev =   0.2712E-12
                  Chi**2 per DoF. =      0.1756
-------------------------------------------------
---------------------------
 Status   1.0000000000000000E-002           9           8

ls status:
events.lhe
ftn26
input_app.txt
results.dat
run1_app.log
