==== LHAPDF6 USING DEFAULT-TYPE LHAGLUE INTERFACE ====
LHAPDF 6.2.1 loading /cvmfs/cms.cern.ch/slc6_amd64_gcc630/external/lhapdf/6.2.1-ghjeda2/share/LHAPDF/NNPDF30_lo_as_0130_nf_4/NNPDF30_lo_as_0130_nf_4_0000.dat
NNPDF30_lo_as_0130_nf_4 PDF set, member #0, version 2; LHAPDF ID = 263400
 Process in group number            2
 A PDF is used, so alpha_s(MZ) is going to be modified
 Old value of alpha_s from param_card:   0.11810000000000001     
 New value of alpha_s from PDF lhapdf :  0.12470044313224841     
 using LHAPDF
 Define smin to   10000.000000000000     
 Define smin to   10000.000000000000     
 Define smin to   10000.000000000000     
 Define smin to   10000.000000000000     
 Define smin to   10000.000000000000     
 Define smin to   10000.000000000000     
 Define smin to   10000.000000000000     
 Define smin to   10000.000000000000     
 Define smin to   10000.000000000000     
 Define smin to   10000.000000000000     
 Define smin to   10000.000000000000     
 Define smin to   10000.000000000000     
 Define smin to   10000.000000000000     
 Define smin to   10000.000000000000     
 Define smin to   10000.000000000000     
 Define smin to   10000.000000000000     
 *****************************************************
 *               MadGraph/MadEvent                   *
 *        --------------------------------           *
 *          http://madgraph.hep.uiuc.edu             *
 *          http://madgraph.phys.ucl.ac.be           *
 *          http://madgraph.roma2.infn.it            *
 *        --------------------------------           *
 *                                                   *
 *          PARAMETER AND COUPLING VALUES            *
 *                                                   *
 *****************************************************

  External Params
  ---------------------------------
  
 mdl_MW0 =    80.387000000000000     
 mdl_Gf =    1.1663789999999999E-005
 aS =   0.11810000000000001     
 mdl_ymdo =    1.0000000000000000E-099
 mdl_ymb =    4.1799999999999997     
 mdl_ymt =    173.19999999999999     
 mdl_ymtau =    1.7769999999999999     
 mdl_LambdaSMEFT =    1000.0000000000000     
 mdl_cHW =    1.0000000000000000     
 mdl_MZ =    91.187600000000003     
 mdl_MTA =    1.7769999999999999     
 mdl_MT =    173.19999999999999     
 mdl_MB =    4.1799999999999997     
 mdl_MH =    125.09000000000000     
 mdl_WZ =    2.4952000000000001     
 mdl_WW =    2.0850000000000000     
 mdl_WT =    1.5083359999999999     
 mdl_WH =    4.0699999999999998E-003
  Internal Params
  ---------------------------------
  
 mdl_ymm =    1.0000000000000000E-099
 mdl_yme =    1.0000000000000000E-099
 mdl_ymc =    1.0000000000000000E-099
 mdl_yms =    1.0000000000000000E-099
 mdl_ymup =    1.0000000000000000E-099
 mdl_conjg__CKM3x3 =    1.0000000000000000     
 mdl_cH =    0.0000000000000000     
 mdl_cHB =    0.0000000000000000     
 mdl_CKM1x1 =    1.0000000000000000     
 mdl_conjg__CKM1x1 =    1.0000000000000000     
 mdl_dGf =    0.0000000000000000     
 mdl_CKM3x3 =    1.0000000000000000     
 mdl_dMH2 =    0.0000000000000000     
 mdl_conjg__CKM2x2 =    1.0000000000000000     
 mdl_dg1 =    0.0000000000000000     
 mdl_CKM2x2 =    1.0000000000000000     
 mdl_dgw =    0.0000000000000000     
 mdl_complexi =  (  0.0000000000000000     ,  1.0000000000000000     )
 mdl_MW =    80.387000000000000     
 mdl_nb__2__exp__0_25 =    1.1892071150027210     
 mdl_MH__exp__2 =    15647.508100000001     
 mdl_sqrt__2 =    1.4142135623730951     
 mdl_MW__exp__2 =    6462.0697689999997     
 mdl_MZ__exp__2 =    8315.1783937600012     
 mdl_sth2 =   0.22285855299877133     
 mdl_MH__exp__6 =    3831206449390.3818     
 mdl_MT__exp__6 =    26995248278778.535     
 mdl_MH__exp__4 =    244844509.73956564     
 mdl_MT__exp__4 =    899894403.09759963     
 mdl_MT__exp__2 =    29998.239999999994     
 mdl_LambdaSMEFT__exp__2 =    1000000.0000000000     
 mdl_cth =   0.88155626422890820     
 mdl_sqrt__sth2 =   0.47207896902824564     
 mdl_sth =   0.47207896902824564     
 mdl_MW0__exp__6 =    269845343347.69711     
 mdl_MW0__exp__4 =    41758345.699423708     
 mdl_MW0__exp__2 =    6462.0697689999997     
 mdl_MZ__exp__4 =    69142191.720053151     
 mdl_MZ__exp__6 =    574929658687.79749     
 mdl_cth__exp__2 =   0.77714144700122867     
 mdl_sth__exp__2 =   0.22285855299877130     
 mdl_sth__exp__3 =   0.10520683593878660     
 mdl_cth__exp__3 =   0.68509391079585125     
 mdl_sth__exp__4 =    4.9665934644706158E-002
 mdl_sqrt__Gf =    3.4152291284773265E-003
 mdl_vevhat =    246.21961912951551     
 mdl_lam =   0.12905352724481209     
 mdl_aEW =    7.5614618607353409E-003
 mdl_yb =    2.4008698866559607E-002
 mdl_yc =    5.7437078628133041E-102
 mdl_ydo =    5.7437078628133041E-102
 mdl_ye =    5.7437078628133041E-102
 mdl_ym =    5.7437078628133041E-102
 mdl_ys =    5.7437078628133041E-102
 mdl_yt =   0.99481020183926416     
 mdl_ytau =    1.0206568872219240E-002
 mdl_yup =    5.7437078628133041E-102
 mdl_vevhat__exp__2 =    60624.100844283676     
 mdl_barlam =   0.12905352724481209     
 mdl_vevT =    246.21961912951551     
 mdl_sqrt__aEW =    8.6956666568672819E-002
 mdl_ee =   0.30825335704310214     
 mdl_gwsh =   0.61338418662494298     
 mdl_vev =    246.21961912951551     
 mdl_g1 =   0.34966952144878632     
 mdl_gw =   0.65296989967087182     
 mdl_ee__exp__2 =    9.5020132128342205E-002
 mdl_gHaa =   -1.9303830602986922E-003
 mdl_gHza =   -6.8546472954154700E-003
 mdl_g1sh =   0.34966952144878632     
 mdl_I1d11 =  (  5.7437078628133041E-102,  0.0000000000000000     )
 mdl_I1d22 =  (  5.7437078628133041E-102,  0.0000000000000000     )
 mdl_I1d33 =  (  2.4008698866559607E-002,  0.0000000000000000     )
 mdl_I2d11 =  (  5.7437078628133041E-102,  0.0000000000000000     )
 mdl_I2d22 =  (  5.7437078628133041E-102,  0.0000000000000000     )
 mdl_I2d33 =  ( 0.99481020183926416     ,  0.0000000000000000     )
 mdl_I3d11 =  (  5.7437078628133041E-102,  0.0000000000000000     )
 mdl_I3d22 =  (  5.7437078628133041E-102,  0.0000000000000000     )
 mdl_I3d33 =  (  2.4008698866559607E-002,  0.0000000000000000     )
 mdl_I4d11 =  (  5.7437078628133041E-102,  0.0000000000000000     )
 mdl_I4d22 =  (  5.7437078628133041E-102,  0.0000000000000000     )
 mdl_I4d33 =  ( 0.99481020183926416     ,  0.0000000000000000     )
 mdl_I5d11 =  (  5.7437078628133041E-102,  0.0000000000000000     )
 mdl_I5d22 =  (  5.7437078628133041E-102,  0.0000000000000000     )
 mdl_I5d33 =  (  2.4008698866559607E-002,  0.0000000000000000     )
 mdl_I6d11 =  (  5.7437078628133041E-102,  0.0000000000000000     )
 mdl_I6d22 =  (  5.7437078628133041E-102,  0.0000000000000000     )
 mdl_I6d33 =  ( 0.99481020183926416     ,  0.0000000000000000     )
 mdl_ee__exp__3 =    2.9290274715240611E-002
 mdl_vevhat__exp__3 =    14926843.019948866     
  Internal Params evaluated point by point
  ----------------------------------------
  
 mdl_sqrt__aS =   0.34365680554879169     
 mdl_G__exp__2 =    1.4840883695558185     
 mdl_gHgg =    3.2334372328970845E-003
 mdl_G__exp__3 =  (  1.8079634332366095     ,  0.0000000000000000     )
  Couplings of SMEFTsim_A_U35_MwScheme_UFO_v3_1-cHW_massless
  ---------------------------------
  
         GC_1 =   0.00000E+00   0.10275E+00
         GC_2 =  -0.00000E+00  -0.20550E+00
         GC_3 =  -0.00000E+00  -0.30825E+00
       GC_255 =  -0.00000E+00  -0.42637E+00
       GC_278 =  -0.00000E+00  -0.37035E+00
       GC_280 =  -0.00000E+00  -0.57563E+00
       GC_328 =  -0.00000E+00  -0.55024E-01
       GC_329 =   0.00000E+00   0.11005E+00
       GC_330 =  -0.00000E+00  -0.16507E+00
       GC_387 =   0.00000E+00   0.98488E-03
       GC_400 =   0.00000E+00   0.52490E+02
       GC_809 =  -0.00000E+00  -0.72171E-02
      GC_1073 =  -0.00000E+00  -0.46172E+00

 Collider parameters:
 --------------------

 Running at P P   machine @    13000.000000000000       GeV
 PDF set = lhapdf 
 alpha_s(Mz)= 0.1247 running at 1 loops.
 alpha_s(Mz)= 0.1247 running at 1 loops.
 Renormalization scale set on event-by-event basis
 Factorization   scale set on event-by-event basis


 getting user params
Enter number of events and max and min iterations: 
 Number of events and iterations         2000           8           3
Enter desired fractional accuracy: 
 Desired fractional accuracy:    1.0000000000000000E-002
Enter 0 for fixed, 2 for adjustable grid: 
Suppress amplitude (0 no, 1 yes)? 
 Using suppressed amplitude.
Exact helicity sum (0 yes, n = number/event)? 
 Explicitly summing over helicities
Enter Configuration Number: 
Running Configuration Number:  399
 Using dconfig=         212
 BW Setting            2           1           2           1           2           0
 Attempting mappinvarients           1           8
 Completed mapping           8
 about to integrate           16        2000           8           3          16           1
 Using non-zero grid deformation.
 16 dimensions   2000 events 16 invarients  8 iterations  1 config(s),  (0.99)
 Using h-tuple random number sequence.
 Error opening grid
 Using Uniform Grid!          32
 Using uniform alpha   1.0000000000000000     
 Grid defined OK
 Set CM energy to      13000.00
 Mapping Graph         399  to config         399
Setting grid   1    0.59172E-04   1
 Setting BW          -2           2   80.387000000000000     
Setting grid   3    0.17093E-03   1
 Setting BW          -4           4   80.387000000000000     
Setting grid   5    0.34061E-03   1
 Transforming s_hat 1/s           15   3.4061257855621299E-004   10000.000000000000        168999999.99999997     
 399   1   2   3   4   5   6   7   8   9  10  11  12  13  14
  15  16
 Masses: 0.000E+00 0.000E+00 0.000E+00 0.000E+00 0.000E+00 0.000E+00 0.000E+00 0.000E+00
Using random seed offsets   399 :      4
  with seed                   24
 Ranmar initialization seeds         129        9401
 
 ********************************************
 * You are using the DiscreteSampler module *
 *      part of the MG5_aMC framework       *
 *         Author: Valentin Hirschi         *
 ********************************************
 
  Particle       3       4       5       6       7       8
      Et >     0.0     0.0     0.0     0.0    10.0    10.0
       E >     0.0     0.0     0.0     0.0     0.0     0.0
     Eta <    -1.0    -1.0    -1.0    -1.0     6.5     6.5
   xqcut:      0.0     0.0     0.0     0.0     0.0     0.0
d R # 3  >    -0.0     0.4     0.0     0.0     0.4     0.4
d R # 4  >    -0.0    -0.0     0.0     0.0     0.4     0.4
d R # 5  >    -0.0    -0.0    -0.0     0.0     0.0     0.0
d R # 6  >    -0.0    -0.0    -0.0    -0.0     0.0     0.0
d R # 7  >    -0.0    -0.0    -0.0    -0.0    -0.0     0.4
s min # 3>     0.0     0.0     0.0     0.0     0.0     0.0
s min # 4>     0.0     0.0     0.0     0.0     0.0     0.0
s min # 5>     0.0     0.0     0.0     0.0     0.0     0.0
s min # 6>     0.0     0.0     0.0     0.0     0.0     0.0
s min # 7>     0.0     0.0     0.0     0.0     0.0 10000.0
xqcutij # 3>     0.0     0.0     0.0     0.0     0.0     0.0
xqcutij # 4>     0.0     0.0     0.0     0.0     0.0     0.0
xqcutij # 5>     0.0     0.0     0.0     0.0     0.0     0.0
xqcutij # 6>     0.0     0.0     0.0     0.0     0.0     0.0
xqcutij # 7>     0.0     0.0     0.0     0.0     0.0     0.0
 Excluding BW           -1           1
 Requiring BW           -2           2
 Excluding BW           -3           3
 Requiring BW           -4           4
 Excluding BW           -5           5
 alpha_s for scale    19.763424108494160       is   0.16691110291342481     
 Added good helicity          193   256.00000000000000       in event            1 local:           1
 Added good helicity          193   256.00000000000000       in event            1 local:           1
 RESET CUMULATIVE VARIABLE
 RESET CUMULATIVE VARIABLE
 RESET CUMULATIVE VARIABLE
 Iteration  1   Mean: 0.1132E-08 Abs mean: 0.1471E-08   Fluctuation:  0.926E-09   0.183E-05    18.7%
  1    0.1132E-08 0.1471E-08 +- 0.9256E-09     28.13
 Writing out events   4.9092419886712727E-013   28.134311287087396     
 Relative summed weights:
  0.0000E+00  0.0000E+00  0.3339E-03  0.6748E-02  0.0000E+00  0.0000E+00  0.0000E+00  0.0000E+00  0.0000E+00  0.0000E+00  0.6514E-02  0.2335E-02  0.1346E-02  0.5082E-02  0.0000E+00  0.0000E+00  0.0000E+00  0.0000E+00  0.0000E+00  0.0000E+00  0.0000E+00  0.0000E+00  0.4062E-02  0.1427E-01  0.0000E+00  0.0000E+00  0.0000E+00  0.0000E+00  0.7626E-03  0.2300E-02  0.0000E+00  0.0000E+00
  0.0000E+00  0.0000E+00  0.1274E-02  0.4196E-02  0.0000E+00  0.0000E+00  0.0000E+00  0.0000E+00  0.0000E+00  0.0000E+00  0.3143E-01  0.1110E-02  0.7388E-02  0.7120E+00  0.0000E+00  0.0000E+00  0.0000E+00  0.0000E+00  0.0000E+00  0.0000E+00  0.0000E+00  0.0000E+00  0.2007E-02  0.4690E-02  0.0000E+00  0.0000E+00  0.0000E+00  0.0000E+00  0.1120E-02  0.6959E-04  0.0000E+00  0.0000E+00
  0.0000E+00  0.0000E+00  0.1746E-02  0.2503E-01  0.0000E+00  0.0000E+00  0.0000E+00  0.0000E+00  0.0000E+00  0.0000E+00  0.1470E-02  0.4173E-02  0.0000E+00  0.0000E+00  0.0000E+00  0.0000E+00  0.0000E+00  0.0000E+00  0.0000E+00  0.0000E+00  0.0000E+00  0.0000E+00  0.0000E+00  0.0000E+00  0.0000E+00  0.0000E+00  0.0000E+00  0.0000E+00  0.0000E+00  0.0000E+00  0.0000E+00  0.0000E+00
  0.0000E+00  0.0000E+00  0.4128E-01  0.1124E+00  0.0000E+00  0.0000E+00  0.0000E+00  0.0000E+00  0.0000E+00  0.0000E+00  0.4921E-02  0.1981E-04  0.0000E+00  0.0000E+00  0.0000E+00  0.0000E+00  0.0000E+00  0.0000E+00  0.0000E+00  0.0000E+00  0.0000E+00  0.0000E+00  0.0000E+00  0.0000E+00  0.0000E+00  0.0000E+00  0.0000E+00  0.0000E+00  0.0000E+00  0.0000E+00  0.0000E+00  0.0000E+00
 Relative number of events:
  0.0000E+00  0.0000E+00  0.2712E-01  0.2625E-01  0.0000E+00  0.0000E+00  0.0000E+00  0.0000E+00  0.0000E+00  0.0000E+00  0.3237E-01  0.2887E-01  0.4637E-01  0.5599E-01  0.0000E+00  0.0000E+00  0.0000E+00  0.0000E+00  0.0000E+00  0.0000E+00  0.0000E+00  0.0000E+00  0.6737E-01  0.5337E-01  0.0000E+00  0.0000E+00  0.0000E+00  0.0000E+00  0.3500E-02  0.6999E-02  0.0000E+00  0.0000E+00
  0.0000E+00  0.0000E+00  0.2887E-01  0.3062E-01  0.0000E+00  0.0000E+00  0.0000E+00  0.0000E+00  0.0000E+00  0.0000E+00  0.3062E-01  0.3412E-01  0.6474E-01  0.6824E-01  0.0000E+00  0.0000E+00  0.0000E+00  0.0000E+00  0.0000E+00  0.0000E+00  0.0000E+00  0.0000E+00  0.6649E-01  0.5337E-01  0.0000E+00  0.0000E+00  0.0000E+00  0.0000E+00  0.8749E-02  0.6999E-02  0.0000E+00  0.0000E+00
  0.0000E+00  0.0000E+00  0.3412E-01  0.2450E-01  0.0000E+00  0.0000E+00  0.0000E+00  0.0000E+00  0.0000E+00  0.0000E+00  0.4287E-01  0.3587E-01  0.0000E+00  0.0000E+00  0.0000E+00  0.0000E+00  0.0000E+00  0.0000E+00  0.0000E+00  0.0000E+00  0.0000E+00  0.0000E+00  0.0000E+00  0.0000E+00  0.0000E+00  0.0000E+00  0.0000E+00  0.0000E+00  0.0000E+00  0.0000E+00  0.0000E+00  0.0000E+00
  0.0000E+00  0.0000E+00  0.3412E-01  0.3500E-01  0.0000E+00  0.0000E+00  0.0000E+00  0.0000E+00  0.0000E+00  0.0000E+00  0.3237E-01  0.2012E-01  0.0000E+00  0.0000E+00  0.0000E+00  0.0000E+00  0.0000E+00  0.0000E+00  0.0000E+00  0.0000E+00  0.0000E+00  0.0000E+00  0.0000E+00  0.0000E+00  0.0000E+00  0.0000E+00  0.0000E+00  0.0000E+00  0.0000E+00  0.0000E+00  0.0000E+00  0.0000E+00
 Events:
           0           0          31          30           0           0           0           0           0           0          37          33          53          64           0           0           0           0           0           0           0           0          77          61           0           0           0           0           4           8           0           0
           0           0          33          35           0           0           0           0           0           0          35          39          74          78           0           0           0           0           0           0           0           0          76          61           0           0           0           0          10           8           0           0
           0           0          39          28           0           0           0           0           0           0          49          41           0           0           0           0           0           0           0           0           0           0           0           0           0           0           0           0           0           0           0           0
           0           0          39          40           0           0           0           0           0           0          37          23           0           0           0           0           0           0           0           0           0           0           0           0           0           0           0           0           0           0           0           0
 Iteration  2   Mean: 0.1584E-09 Abs mean: 0.8527E-09   Fluctuation:  0.214E-09   0.805E-06    48.2%
  2    0.1584E-09 0.8527E-09 +- 0.2144E-09     15.90
 Relative summed weights:
  0.0000E+00  0.0000E+00  0.2505E-01  0.3973E-01  0.0000E+00  0.0000E+00  0.0000E+00  0.0000E+00  0.0000E+00  0.0000E+00  0.4795E-01  0.4272E-01  0.1415E+00  0.4258E-01  0.0000E+00  0.0000E+00  0.0000E+00  0.0000E+00  0.0000E+00  0.0000E+00  0.0000E+00  0.0000E+00  0.4584E-01  0.5406E-01  0.0000E+00  0.0000E+00  0.0000E+00  0.0000E+00  0.4619E-03  0.1964E-01  0.0000E+00  0.0000E+00
  0.0000E+00  0.0000E+00  0.1575E-01  0.1082E-01  0.0000E+00  0.0000E+00  0.0000E+00  0.0000E+00  0.0000E+00  0.0000E+00  0.5340E-01  0.5489E-01  0.3603E-01  0.3284E-01  0.0000E+00  0.0000E+00  0.0000E+00  0.0000E+00  0.0000E+00  0.0000E+00  0.0000E+00  0.0000E+00  0.1372E+00  0.3187E-01  0.0000E+00  0.0000E+00  0.0000E+00  0.0000E+00  0.2330E-03  0.1614E-03  0.0000E+00  0.0000E+00
  0.0000E+00  0.0000E+00  0.2802E-01  0.3362E-01  0.0000E+00  0.0000E+00  0.0000E+00  0.0000E+00  0.0000E+00  0.0000E+00  0.1204E-01  0.1093E-01  0.0000E+00  0.0000E+00  0.0000E+00  0.0000E+00  0.0000E+00  0.0000E+00  0.0000E+00  0.0000E+00  0.0000E+00  0.0000E+00  0.0000E+00  0.0000E+00  0.0000E+00  0.0000E+00  0.0000E+00  0.0000E+00  0.0000E+00  0.0000E+00  0.0000E+00  0.0000E+00
  0.0000E+00  0.0000E+00  0.1382E-01  0.1033E-01  0.0000E+00  0.0000E+00  0.0000E+00  0.0000E+00  0.0000E+00  0.0000E+00  0.2685E-01  0.3175E-01  0.0000E+00  0.0000E+00  0.0000E+00  0.0000E+00  0.0000E+00  0.0000E+00  0.0000E+00  0.0000E+00  0.0000E+00  0.0000E+00  0.0000E+00  0.0000E+00  0.0000E+00  0.0000E+00  0.0000E+00  0.0000E+00  0.0000E+00  0.0000E+00  0.0000E+00  0.0000E+00
 Relative number of events:
  0.0000E+00  0.0000E+00  0.2358E-01  0.2593E-01  0.0000E+00  0.0000E+00  0.0000E+00  0.0000E+00  0.0000E+00  0.0000E+00  0.3458E-01  0.3301E-01  0.5344E-01  0.5422E-01  0.0000E+00  0.0000E+00  0.0000E+00  0.0000E+00  0.0000E+00  0.0000E+00  0.0000E+00  0.0000E+00  0.5855E-01  0.6208E-01  0.0000E+00  0.0000E+00  0.0000E+00  0.0000E+00  0.6680E-02  0.8644E-02  0.0000E+00  0.0000E+00
  0.0000E+00  0.0000E+00  0.2986E-01  0.2633E-01  0.0000E+00  0.0000E+00  0.0000E+00  0.0000E+00  0.0000E+00  0.0000E+00  0.3811E-01  0.3458E-01  0.6601E-01  0.6090E-01  0.0000E+00  0.0000E+00  0.0000E+00  0.0000E+00  0.0000E+00  0.0000E+00  0.0000E+00  0.0000E+00  0.6051E-01  0.5619E-01  0.0000E+00  0.0000E+00  0.0000E+00  0.0000E+00  0.3536E-02  0.5501E-02  0.0000E+00  0.0000E+00
  0.0000E+00  0.0000E+00  0.3536E-01  0.3222E-01  0.0000E+00  0.0000E+00  0.0000E+00  0.0000E+00  0.0000E+00  0.0000E+00  0.3497E-01  0.3183E-01  0.0000E+00  0.0000E+00  0.0000E+00  0.0000E+00  0.0000E+00  0.0000E+00  0.0000E+00  0.0000E+00  0.0000E+00  0.0000E+00  0.0000E+00  0.0000E+00  0.0000E+00  0.0000E+00  0.0000E+00  0.0000E+00  0.0000E+00  0.0000E+00  0.0000E+00  0.0000E+00
  0.0000E+00  0.0000E+00  0.2790E-01  0.2475E-01  0.0000E+00  0.0000E+00  0.0000E+00  0.0000E+00  0.0000E+00  0.0000E+00  0.3458E-01  0.3615E-01  0.0000E+00  0.0000E+00  0.0000E+00  0.0000E+00  0.0000E+00  0.0000E+00  0.0000E+00  0.0000E+00  0.0000E+00  0.0000E+00  0.0000E+00  0.0000E+00  0.0000E+00  0.0000E+00  0.0000E+00  0.0000E+00  0.0000E+00  0.0000E+00  0.0000E+00  0.0000E+00
 Events:
           0           0          60          66           0           0           0           0           0           0          88          84         136         138           0           0           0           0           0           0           0           0         149         158           0           0           0           0          17          22           0           0
           0           0          76          67           0           0           0           0           0           0          97          88         168         155           0           0           0           0           0           0           0           0         154         143           0           0           0           0           9          14           0           0
           0           0          90          82           0           0           0           0           0           0          89          81           0           0           0           0           0           0           0           0           0           0           0           0           0           0           0           0           0           0           0           0
           0           0          71          63           0           0           0           0           0           0          88          92           0           0           0           0           0           0           0           0           0           0           0           0           0           0           0           0           0           0           0           0
 Iteration  3   Mean: 0.5509E-09 Abs mean: 0.1080E-08   Fluctuation:  0.164E-09   0.102E-05    53.7%
  3    0.5509E-09 0.1080E-08 +- 0.1642E-09     13.60
 Relative summed weights:
  0.0000E+00  0.0000E+00  0.8485E-01  0.1922E-01  0.0000E+00  0.0000E+00  0.0000E+00  0.0000E+00  0.0000E+00  0.0000E+00  0.3291E-01  0.2122E-01  0.3912E-01  0.8570E-01  0.0000E+00  0.0000E+00  0.0000E+00  0.0000E+00  0.0000E+00  0.0000E+00  0.0000E+00  0.0000E+00  0.3293E-01  0.2951E-01  0.0000E+00  0.0000E+00  0.0000E+00  0.0000E+00  0.2214E-01  0.4835E-02  0.0000E+00  0.0000E+00
  0.0000E+00  0.0000E+00  0.1672E+00  0.1313E-01  0.0000E+00  0.0000E+00  0.0000E+00  0.0000E+00  0.0000E+00  0.0000E+00  0.2758E-01  0.9226E-02  0.5369E-01  0.3146E-01  0.0000E+00  0.0000E+00  0.0000E+00  0.0000E+00  0.0000E+00  0.0000E+00  0.0000E+00  0.0000E+00  0.4660E-01  0.8199E-01  0.0000E+00  0.0000E+00  0.0000E+00  0.0000E+00  0.2679E-02  0.1481E-01  0.0000E+00  0.0000E+00
  0.0000E+00  0.0000E+00  0.4331E-01  0.2048E-01  0.0000E+00  0.0000E+00  0.0000E+00  0.0000E+00  0.0000E+00  0.0000E+00  0.2498E-01  0.1720E-01  0.0000E+00  0.0000E+00  0.0000E+00  0.0000E+00  0.0000E+00  0.0000E+00  0.0000E+00  0.0000E+00  0.0000E+00  0.0000E+00  0.0000E+00  0.0000E+00  0.0000E+00  0.0000E+00  0.0000E+00  0.0000E+00  0.0000E+00  0.0000E+00  0.0000E+00  0.0000E+00
  0.0000E+00  0.0000E+00  0.2903E-01  0.1089E-01  0.0000E+00  0.0000E+00  0.0000E+00  0.0000E+00  0.0000E+00  0.0000E+00  0.1493E-01  0.1837E-01  0.0000E+00  0.0000E+00  0.0000E+00  0.0000E+00  0.0000E+00  0.0000E+00  0.0000E+00  0.0000E+00  0.0000E+00  0.0000E+00  0.0000E+00  0.0000E+00  0.0000E+00  0.0000E+00  0.0000E+00  0.0000E+00  0.0000E+00  0.0000E+00  0.0000E+00  0.0000E+00
 Relative number of events:
  0.0000E+00  0.0000E+00  0.2451E-01  0.2510E-01  0.0000E+00  0.0000E+00  0.0000E+00  0.0000E+00  0.0000E+00  0.0000E+00  0.3463E-01  0.3911E-01  0.6031E-01  0.5817E-01  0.0000E+00  0.0000E+00  0.0000E+00  0.0000E+00  0.0000E+00  0.0000E+00  0.0000E+00  0.0000E+00  0.6031E-01  0.5642E-01  0.0000E+00  0.0000E+00  0.0000E+00  0.0000E+00  0.5253E-02  0.5642E-02  0.0000E+00  0.0000E+00
  0.0000E+00  0.0000E+00  0.2996E-01  0.2977E-01  0.0000E+00  0.0000E+00  0.0000E+00  0.0000E+00  0.0000E+00  0.0000E+00  0.3580E-01  0.2899E-01  0.5778E-01  0.5603E-01  0.0000E+00  0.0000E+00  0.0000E+00  0.0000E+00  0.0000E+00  0.0000E+00  0.0000E+00  0.0000E+00  0.6128E-01  0.6576E-01  0.0000E+00  0.0000E+00  0.0000E+00  0.0000E+00  0.6031E-02  0.7782E-02  0.0000E+00  0.0000E+00
  0.0000E+00  0.0000E+00  0.2860E-01  0.2704E-01  0.0000E+00  0.0000E+00  0.0000E+00  0.0000E+00  0.0000E+00  0.0000E+00  0.3424E-01  0.3872E-01  0.0000E+00  0.0000E+00  0.0000E+00  0.0000E+00  0.0000E+00  0.0000E+00  0.0000E+00  0.0000E+00  0.0000E+00  0.0000E+00  0.0000E+00  0.0000E+00  0.0000E+00  0.0000E+00  0.0000E+00  0.0000E+00  0.0000E+00  0.0000E+00  0.0000E+00  0.0000E+00
  0.0000E+00  0.0000E+00  0.2821E-01  0.2860E-01  0.0000E+00  0.0000E+00  0.0000E+00  0.0000E+00  0.0000E+00  0.0000E+00  0.3444E-01  0.3152E-01  0.0000E+00  0.0000E+00  0.0000E+00  0.0000E+00  0.0000E+00  0.0000E+00  0.0000E+00  0.0000E+00  0.0000E+00  0.0000E+00  0.0000E+00  0.0000E+00  0.0000E+00  0.0000E+00  0.0000E+00  0.0000E+00  0.0000E+00  0.0000E+00  0.0000E+00  0.0000E+00
 Events:
           0           0         126         129           0           0           0           0           0           0         178         201         310         299           0           0           0           0           0           0           0           0         310         290           0           0           0           0          27          29           0           0
           0           0         154         153           0           0           0           0           0           0         184         149         297         288           0           0           0           0           0           0           0           0         315         338           0           0           0           0          31          40           0           0
           0           0         147         139           0           0           0           0           0           0         176         199           0           0           0           0           0           0           0           0           0           0           0           0           0           0           0           0           0           0           0           0
           0           0         145         147           0           0           0           0           0           0         177         162           0           0           0           0           0           0           0           0           0           0           0           0           0           0           0           0           0           0           0           0
 Accuracy:    0.091   0.010   0.127   0.508
 Found          699  events.
 Wrote            9  events.
 Actual xsec    4.7398302273176393E-010
 Correct abs xsec    1.0375884240241534E-009
 Event xsec    1.0375884240241534E-009
 Events wgts > 1:            0
 % Cross section > 1:    0.0000000000000000        0.0000000000000000     
 Iteration  4   Mean: 0.5347E-09 Abs mean: 0.1143E-08   Fluctuation:  0.864E-10   0.843E-06    59.2%
  4    0.5347E-09 0.1143E-08 +- 0.8638E-10      9.56
 Relative summed weights:
  0.0000E+00  0.0000E+00  0.1383E-01  0.2170E-01  0.0000E+00  0.0000E+00  0.0000E+00  0.0000E+00  0.0000E+00  0.0000E+00  0.2303E-01  0.2374E-01  0.5365E-01  0.4442E-01  0.0000E+00  0.0000E+00  0.0000E+00  0.0000E+00  0.0000E+00  0.0000E+00  0.0000E+00  0.0000E+00  0.5633E-01  0.5402E-01  0.0000E+00  0.0000E+00  0.0000E+00  0.0000E+00  0.5755E-02  0.2479E-01  0.0000E+00  0.0000E+00
  0.0000E+00  0.0000E+00  0.7372E-01  0.3208E-01  0.0000E+00  0.0000E+00  0.0000E+00  0.0000E+00  0.0000E+00  0.0000E+00  0.3335E-01  0.2121E-01  0.5783E-01  0.7182E-01  0.0000E+00  0.0000E+00  0.0000E+00  0.0000E+00  0.0000E+00  0.0000E+00  0.0000E+00  0.0000E+00  0.5018E-01  0.5213E-01  0.0000E+00  0.0000E+00  0.0000E+00  0.0000E+00  0.1976E-02  0.6612E-02  0.0000E+00  0.0000E+00
  0.0000E+00  0.0000E+00  0.1963E-01  0.3701E-01  0.0000E+00  0.0000E+00  0.0000E+00  0.0000E+00  0.0000E+00  0.0000E+00  0.5116E-01  0.3699E-01  0.0000E+00  0.0000E+00  0.0000E+00  0.0000E+00  0.0000E+00  0.0000E+00  0.0000E+00  0.0000E+00  0.0000E+00  0.0000E+00  0.0000E+00  0.0000E+00  0.0000E+00  0.0000E+00  0.0000E+00  0.0000E+00  0.0000E+00  0.0000E+00  0.0000E+00  0.0000E+00
  0.0000E+00  0.0000E+00  0.1741E-01  0.5238E-01  0.0000E+00  0.0000E+00  0.0000E+00  0.0000E+00  0.0000E+00  0.0000E+00  0.3981E-01  0.2343E-01  0.0000E+00  0.0000E+00  0.0000E+00  0.0000E+00  0.0000E+00  0.0000E+00  0.0000E+00  0.0000E+00  0.0000E+00  0.0000E+00  0.0000E+00  0.0000E+00  0.0000E+00  0.0000E+00  0.0000E+00  0.0000E+00  0.0000E+00  0.0000E+00  0.0000E+00  0.0000E+00
 Relative number of events:
  0.0000E+00  0.0000E+00  0.2669E-01  0.2910E-01  0.0000E+00  0.0000E+00  0.0000E+00  0.0000E+00  0.0000E+00  0.0000E+00  0.3642E-01  0.3575E-01  0.5444E-01  0.5819E-01  0.0000E+00  0.0000E+00  0.0000E+00  0.0000E+00  0.0000E+00  0.0000E+00  0.0000E+00  0.0000E+00  0.6108E-01  0.5897E-01  0.0000E+00  0.0000E+00  0.0000E+00  0.0000E+00  0.7997E-02  0.8286E-02  0.0000E+00  0.0000E+00
  0.0000E+00  0.0000E+00  0.2862E-01  0.2871E-01  0.0000E+00  0.0000E+00  0.0000E+00  0.0000E+00  0.0000E+00  0.0000E+00  0.3613E-01  0.3285E-01  0.5675E-01  0.5636E-01  0.0000E+00  0.0000E+00  0.0000E+00  0.0000E+00  0.0000E+00  0.0000E+00  0.0000E+00  0.0000E+00  0.5762E-01  0.6648E-01  0.0000E+00  0.0000E+00  0.0000E+00  0.0000E+00  0.5588E-02  0.7033E-02  0.0000E+00  0.0000E+00
  0.0000E+00  0.0000E+00  0.2553E-01  0.2659E-01  0.0000E+00  0.0000E+00  0.0000E+00  0.0000E+00  0.0000E+00  0.0000E+00  0.3546E-01  0.3363E-01  0.0000E+00  0.0000E+00  0.0000E+00  0.0000E+00  0.0000E+00  0.0000E+00  0.0000E+00  0.0000E+00  0.0000E+00  0.0000E+00  0.0000E+00  0.0000E+00  0.0000E+00  0.0000E+00  0.0000E+00  0.0000E+00  0.0000E+00  0.0000E+00  0.0000E+00  0.0000E+00
  0.0000E+00  0.0000E+00  0.2881E-01  0.3083E-01  0.0000E+00  0.0000E+00  0.0000E+00  0.0000E+00  0.0000E+00  0.0000E+00  0.3237E-01  0.3372E-01  0.0000E+00  0.0000E+00  0.0000E+00  0.0000E+00  0.0000E+00  0.0000E+00  0.0000E+00  0.0000E+00  0.0000E+00  0.0000E+00  0.0000E+00  0.0000E+00  0.0000E+00  0.0000E+00  0.0000E+00  0.0000E+00  0.0000E+00  0.0000E+00  0.0000E+00  0.0000E+00
 Events:
           0           0         277         302           0           0           0           0           0           0         378         371         565         604           0           0           0           0           0           0           0           0         634         612           0           0           0           0          83          86           0           0
           0           0         297         298           0           0           0           0           0           0         375         341         589         585           0           0           0           0           0           0           0           0         598         690           0           0           0           0          58          73           0           0
           0           0         265         276           0           0           0           0           0           0         368         349           0           0           0           0           0           0           0           0           0           0           0           0           0           0           0           0           0           0           0           0
           0           0         299         320           0           0           0           0           0           0         336         350           0           0           0           0           0           0           0           0           0           0           0           0           0           0           0           0           0           0           0           0
 Accuracy:    0.043   0.010   0.065   0.428
 Found         1507  events.
 Wrote           19  events.
 Actual xsec    5.1228878842098757E-010
 Correct abs xsec    1.1114772692752043E-009
 Event xsec    1.1114772692752037E-009
 Events wgts > 1:            1
 % Cross section > 1:    1.6499905630155688E-017   1.4845023003408164E-006
 Iteration  5   Mean: 0.5675E-09 Abs mean: 0.1054E-08   Fluctuation:  0.257E-10   0.247E-06    62.8%
  5    0.5675E-09 0.1054E-08 +- 0.2571E-10      4.36
 Relative summed weights:
  0.0000E+00  0.0000E+00  0.2810E-01  0.3566E-01  0.0000E+00  0.0000E+00  0.0000E+00  0.0000E+00  0.0000E+00  0.0000E+00  0.3164E-01  0.4396E-01  0.6365E-01  0.5553E-01  0.0000E+00  0.0000E+00  0.0000E+00  0.0000E+00  0.0000E+00  0.0000E+00  0.0000E+00  0.0000E+00  0.5646E-01  0.5470E-01  0.0000E+00  0.0000E+00  0.0000E+00  0.0000E+00  0.9682E-02  0.1047E-01  0.0000E+00  0.0000E+00
  0.0000E+00  0.0000E+00  0.2987E-01  0.1987E-01  0.0000E+00  0.0000E+00  0.0000E+00  0.0000E+00  0.0000E+00  0.0000E+00  0.3293E-01  0.3138E-01  0.5585E-01  0.4417E-01  0.0000E+00  0.0000E+00  0.0000E+00  0.0000E+00  0.0000E+00  0.0000E+00  0.0000E+00  0.0000E+00  0.6610E-01  0.5411E-01  0.0000E+00  0.0000E+00  0.0000E+00  0.0000E+00  0.6944E-02  0.6828E-02  0.0000E+00  0.0000E+00
  0.0000E+00  0.0000E+00  0.3330E-01  0.3682E-01  0.0000E+00  0.0000E+00  0.0000E+00  0.0000E+00  0.0000E+00  0.0000E+00  0.3617E-01  0.3576E-01  0.0000E+00  0.0000E+00  0.0000E+00  0.0000E+00  0.0000E+00  0.0000E+00  0.0000E+00  0.0000E+00  0.0000E+00  0.0000E+00  0.0000E+00  0.0000E+00  0.0000E+00  0.0000E+00  0.0000E+00  0.0000E+00  0.0000E+00  0.0000E+00  0.0000E+00  0.0000E+00
  0.0000E+00  0.0000E+00  0.2429E-01  0.2601E-01  0.0000E+00  0.0000E+00  0.0000E+00  0.0000E+00  0.0000E+00  0.0000E+00  0.3106E-01  0.3868E-01  0.0000E+00  0.0000E+00  0.0000E+00  0.0000E+00  0.0000E+00  0.0000E+00  0.0000E+00  0.0000E+00  0.0000E+00  0.0000E+00  0.0000E+00  0.0000E+00  0.0000E+00  0.0000E+00  0.0000E+00  0.0000E+00  0.0000E+00  0.0000E+00  0.0000E+00  0.0000E+00
 Relative number of events:
  0.0000E+00  0.0000E+00  0.2925E-01  0.2856E-01  0.0000E+00  0.0000E+00  0.0000E+00  0.0000E+00  0.0000E+00  0.0000E+00  0.3331E-01  0.3503E-01  0.5369E-01  0.5487E-01  0.0000E+00  0.0000E+00  0.0000E+00  0.0000E+00  0.0000E+00  0.0000E+00  0.0000E+00  0.0000E+00  0.6560E-01  0.5894E-01  0.0000E+00  0.0000E+00  0.0000E+00  0.0000E+00  0.7741E-02  0.6957E-02  0.0000E+00  0.0000E+00
  0.0000E+00  0.0000E+00  0.2680E-01  0.2729E-01  0.0000E+00  0.0000E+00  0.0000E+00  0.0000E+00  0.0000E+00  0.0000E+00  0.3351E-01  0.3415E-01  0.5487E-01  0.5703E-01  0.0000E+00  0.0000E+00  0.0000E+00  0.0000E+00  0.0000E+00  0.0000E+00  0.0000E+00  0.0000E+00  0.6447E-01  0.6153E-01  0.0000E+00  0.0000E+00  0.0000E+00  0.0000E+00  0.6614E-02  0.6810E-02  0.0000E+00  0.0000E+00
  0.0000E+00  0.0000E+00  0.2675E-01  0.2753E-01  0.0000E+00  0.0000E+00  0.0000E+00  0.0000E+00  0.0000E+00  0.0000E+00  0.3508E-01  0.3498E-01  0.0000E+00  0.0000E+00  0.0000E+00  0.0000E+00  0.0000E+00  0.0000E+00  0.0000E+00  0.0000E+00  0.0000E+00  0.0000E+00  0.0000E+00  0.0000E+00  0.0000E+00  0.0000E+00  0.0000E+00  0.0000E+00  0.0000E+00  0.0000E+00  0.0000E+00  0.0000E+00
  0.0000E+00  0.0000E+00  0.2680E-01  0.2900E-01  0.0000E+00  0.0000E+00  0.0000E+00  0.0000E+00  0.0000E+00  0.0000E+00  0.3753E-01  0.3532E-01  0.0000E+00  0.0000E+00  0.0000E+00  0.0000E+00  0.0000E+00  0.0000E+00  0.0000E+00  0.0000E+00  0.0000E+00  0.0000E+00  0.0000E+00  0.0000E+00  0.0000E+00  0.0000E+00  0.0000E+00  0.0000E+00  0.0000E+00  0.0000E+00  0.0000E+00  0.0000E+00
 Events:
           0           0         597         583           0           0           0           0           0           0         680         715        1096        1120           0           0           0           0           0           0           0           0        1339        1203           0           0           0           0         158         142           0           0
           0           0         547         557           0           0           0           0           0           0         684         697        1120        1164           0           0           0           0           0           0           0           0        1316        1256           0           0           0           0         135         139           0           0
           0           0         546         562           0           0           0           0           0           0         716         714           0           0           0           0           0           0           0           0           0           0           0           0           0           0           0           0           0           0           0           0
           0           0         547         592           0           0           0           0           0           0         766         721           0           0           0           0           0           0           0           0           0           0           0           0           0           0           0           0           0           0           0           0
 Accuracy:    0.017   0.010   0.023   0.524
 Found         3281  events.
 Wrote          283  events.
 Actual xsec    5.6409016194141436E-010
 Correct abs xsec    1.0631272627766863E-009
 Event xsec    1.0631272627766919E-009
 Events wgts > 1:            8
 % Cross section > 1:    9.6794051830081188E-012  0.91046533391753137     
 Iteration  6   Mean: 0.5176E-09 Abs mean: 0.1022E-08   Fluctuation:  0.143E-10   0.364E-06    65.1%
  6    0.5176E-09 0.1022E-08 +- 0.1433E-10      3.55
 Relative summed weights:
  0.0000E+00  0.0000E+00  0.3052E-01  0.3167E-01  0.0000E+00  0.0000E+00  0.0000E+00  0.0000E+00  0.0000E+00  0.0000E+00  0.3288E-01  0.3318E-01  0.5679E-01  0.5931E-01  0.0000E+00  0.0000E+00  0.0000E+00  0.0000E+00  0.0000E+00  0.0000E+00  0.0000E+00  0.0000E+00  0.5988E-01  0.6221E-01  0.0000E+00  0.0000E+00  0.0000E+00  0.0000E+00  0.5452E-02  0.7133E-02  0.0000E+00  0.0000E+00
  0.0000E+00  0.0000E+00  0.2889E-01  0.3283E-01  0.0000E+00  0.0000E+00  0.0000E+00  0.0000E+00  0.0000E+00  0.0000E+00  0.3155E-01  0.3423E-01  0.5966E-01  0.6803E-01  0.0000E+00  0.0000E+00  0.0000E+00  0.0000E+00  0.0000E+00  0.0000E+00  0.0000E+00  0.0000E+00  0.5754E-01  0.6249E-01  0.0000E+00  0.0000E+00  0.0000E+00  0.0000E+00  0.9139E-02  0.7323E-02  0.0000E+00  0.0000E+00
  0.0000E+00  0.0000E+00  0.2944E-01  0.2704E-01  0.0000E+00  0.0000E+00  0.0000E+00  0.0000E+00  0.0000E+00  0.0000E+00  0.2706E-01  0.2945E-01  0.0000E+00  0.0000E+00  0.0000E+00  0.0000E+00  0.0000E+00  0.0000E+00  0.0000E+00  0.0000E+00  0.0000E+00  0.0000E+00  0.0000E+00  0.0000E+00  0.0000E+00  0.0000E+00  0.0000E+00  0.0000E+00  0.0000E+00  0.0000E+00  0.0000E+00  0.0000E+00
  0.0000E+00  0.0000E+00  0.2770E-01  0.3324E-01  0.0000E+00  0.0000E+00  0.0000E+00  0.0000E+00  0.0000E+00  0.0000E+00  0.2834E-01  0.2702E-01  0.0000E+00  0.0000E+00  0.0000E+00  0.0000E+00  0.0000E+00  0.0000E+00  0.0000E+00  0.0000E+00  0.0000E+00  0.0000E+00  0.0000E+00  0.0000E+00  0.0000E+00  0.0000E+00  0.0000E+00  0.0000E+00  0.0000E+00  0.0000E+00  0.0000E+00  0.0000E+00
 Relative number of events:
  0.0000E+00  0.0000E+00  0.2877E-01  0.2772E-01  0.0000E+00  0.0000E+00  0.0000E+00  0.0000E+00  0.0000E+00  0.0000E+00  0.3554E-01  0.3375E-01  0.5490E-01  0.5531E-01  0.0000E+00  0.0000E+00  0.0000E+00  0.0000E+00  0.0000E+00  0.0000E+00  0.0000E+00  0.0000E+00  0.6338E-01  0.6255E-01  0.0000E+00  0.0000E+00  0.0000E+00  0.0000E+00  0.7332E-02  0.7479E-02  0.0000E+00  0.0000E+00
  0.0000E+00  0.0000E+00  0.2838E-01  0.2801E-01  0.0000E+00  0.0000E+00  0.0000E+00  0.0000E+00  0.0000E+00  0.0000E+00  0.3456E-01  0.3617E-01  0.5502E-01  0.5558E-01  0.0000E+00  0.0000E+00  0.0000E+00  0.0000E+00  0.0000E+00  0.0000E+00  0.0000E+00  0.0000E+00  0.6321E-01  0.6335E-01  0.0000E+00  0.0000E+00  0.0000E+00  0.0000E+00  0.5939E-02  0.6379E-02  0.0000E+00  0.0000E+00
  0.0000E+00  0.0000E+00  0.2955E-01  0.2816E-01  0.0000E+00  0.0000E+00  0.0000E+00  0.0000E+00  0.0000E+00  0.0000E+00  0.3260E-01  0.3439E-01  0.0000E+00  0.0000E+00  0.0000E+00  0.0000E+00  0.0000E+00  0.0000E+00  0.0000E+00  0.0000E+00  0.0000E+00  0.0000E+00  0.0000E+00  0.0000E+00  0.0000E+00  0.0000E+00  0.0000E+00  0.0000E+00  0.0000E+00  0.0000E+00  0.0000E+00  0.0000E+00
  0.0000E+00  0.0000E+00  0.2759E-01  0.2755E-01  0.0000E+00  0.0000E+00  0.0000E+00  0.0000E+00  0.0000E+00  0.0000E+00  0.3307E-01  0.3378E-01  0.0000E+00  0.0000E+00  0.0000E+00  0.0000E+00  0.0000E+00  0.0000E+00  0.0000E+00  0.0000E+00  0.0000E+00  0.0000E+00  0.0000E+00  0.0000E+00  0.0000E+00  0.0000E+00  0.0000E+00  0.0000E+00  0.0000E+00  0.0000E+00  0.0000E+00  0.0000E+00
 Events:
           0           0        1177        1134           0           0           0           0           0           0        1454        1381        2246        2263           0           0           0           0           0           0           0           0        2593        2559           0           0           0           0         300         306           0           0
           0           0        1161        1146           0           0           0           0           0           0        1414        1480        2251        2274           0           0           0           0           0           0           0           0        2586        2592           0           0           0           0         243         261           0           0
           0           0        1209        1152           0           0           0           0           0           0        1334        1407           0           0           0           0           0           0           0           0           0           0           0           0           0           0           0           0           0           0           0           0
           0           0        1129        1127           0           0           0           0           0           0        1353        1382           0           0           0           0           0           0           0           0           0           0           0           0           0           0           0           0           0           0           0           0
 Accuracy:    0.011   0.010   0.012   0.852
 Found         7443  events.
 Wrote          870  events.
 Actual xsec    5.3008000106949076E-010
 Correct abs xsec    1.0331403005479473E-009
 Event xsec    1.0331403005479494E-009
 Events wgts > 1:           14
 % Cross section > 1:    1.0211424166920224E-011  0.98838697527377106     
 Iteration  7   Mean: 0.5407E-09 Abs mean: 0.1040E-08   Fluctuation:  0.107E-10   0.740E-06    65.6%
  7    0.5407E-09 0.1040E-08 +- 0.1072E-10      3.69
 Exceeded boost           1          96   128000.000    
 Relative summed weights:
  0.0000E+00  0.0000E+00  0.2702E-01  0.3204E-01  0.0000E+00  0.0000E+00  0.0000E+00  0.0000E+00  0.0000E+00  0.0000E+00  0.3217E-01  0.3358E-01  0.5651E-01  0.5600E-01  0.0000E+00  0.0000E+00  0.0000E+00  0.0000E+00  0.0000E+00  0.0000E+00  0.0000E+00  0.0000E+00  0.6100E-01  0.5550E-01  0.0000E+00  0.0000E+00  0.0000E+00  0.0000E+00  0.7887E-02  0.6748E-02  0.0000E+00  0.0000E+00
  0.0000E+00  0.0000E+00  0.2769E-01  0.2920E-01  0.0000E+00  0.0000E+00  0.0000E+00  0.0000E+00  0.0000E+00  0.0000E+00  0.3520E-01  0.3424E-01  0.6037E-01  0.5812E-01  0.0000E+00  0.0000E+00  0.0000E+00  0.0000E+00  0.0000E+00  0.0000E+00  0.0000E+00  0.0000E+00  0.6078E-01  0.6549E-01  0.0000E+00  0.0000E+00  0.0000E+00  0.0000E+00  0.7601E-02  0.6155E-02  0.0000E+00  0.0000E+00
  0.0000E+00  0.0000E+00  0.2772E-01  0.2839E-01  0.0000E+00  0.0000E+00  0.0000E+00  0.0000E+00  0.0000E+00  0.0000E+00  0.3477E-01  0.3399E-01  0.0000E+00  0.0000E+00  0.0000E+00  0.0000E+00  0.0000E+00  0.0000E+00  0.0000E+00  0.0000E+00  0.0000E+00  0.0000E+00  0.0000E+00  0.0000E+00  0.0000E+00  0.0000E+00  0.0000E+00  0.0000E+00  0.0000E+00  0.0000E+00  0.0000E+00  0.0000E+00
  0.0000E+00  0.0000E+00  0.2735E-01  0.2753E-01  0.0000E+00  0.0000E+00  0.0000E+00  0.0000E+00  0.0000E+00  0.0000E+00  0.3405E-01  0.3289E-01  0.0000E+00  0.0000E+00  0.0000E+00  0.0000E+00  0.0000E+00  0.0000E+00  0.0000E+00  0.0000E+00  0.0000E+00  0.0000E+00  0.0000E+00  0.0000E+00  0.0000E+00  0.0000E+00  0.0000E+00  0.0000E+00  0.0000E+00  0.0000E+00  0.0000E+00  0.0000E+00
 Relative number of events:
  0.0000E+00  0.0000E+00  0.2768E-01  0.2824E-01  0.0000E+00  0.0000E+00  0.0000E+00  0.0000E+00  0.0000E+00  0.0000E+00  0.3330E-01  0.3574E-01  0.5378E-01  0.5564E-01  0.0000E+00  0.0000E+00  0.0000E+00  0.0000E+00  0.0000E+00  0.0000E+00  0.0000E+00  0.0000E+00  0.6358E-01  0.6233E-01  0.0000E+00  0.0000E+00  0.0000E+00  0.0000E+00  0.6730E-02  0.7024E-02  0.0000E+00  0.0000E+00
  0.0000E+00  0.0000E+00  0.2860E-01  0.2787E-01  0.0000E+00  0.0000E+00  0.0000E+00  0.0000E+00  0.0000E+00  0.0000E+00  0.3530E-01  0.3545E-01  0.5517E-01  0.5579E-01  0.0000E+00  0.0000E+00  0.0000E+00  0.0000E+00  0.0000E+00  0.0000E+00  0.0000E+00  0.0000E+00  0.6341E-01  0.6384E-01  0.0000E+00  0.0000E+00  0.0000E+00  0.0000E+00  0.7061E-02  0.6619E-02  0.0000E+00  0.0000E+00
  0.0000E+00  0.0000E+00  0.2770E-01  0.2687E-01  0.0000E+00  0.0000E+00  0.0000E+00  0.0000E+00  0.0000E+00  0.0000E+00  0.3410E-01  0.3535E-01  0.0000E+00  0.0000E+00  0.0000E+00  0.0000E+00  0.0000E+00  0.0000E+00  0.0000E+00  0.0000E+00  0.0000E+00  0.0000E+00  0.0000E+00  0.0000E+00  0.0000E+00  0.0000E+00  0.0000E+00  0.0000E+00  0.0000E+00  0.0000E+00  0.0000E+00  0.0000E+00
  0.0000E+00  0.0000E+00  0.2819E-01  0.2757E-01  0.0000E+00  0.0000E+00  0.0000E+00  0.0000E+00  0.0000E+00  0.0000E+00  0.3393E-01  0.3312E-01  0.0000E+00  0.0000E+00  0.0000E+00  0.0000E+00  0.0000E+00  0.0000E+00  0.0000E+00  0.0000E+00  0.0000E+00  0.0000E+00  0.0000E+00  0.0000E+00  0.0000E+00  0.0000E+00  0.0000E+00  0.0000E+00  0.0000E+00  0.0000E+00  0.0000E+00  0.0000E+00
 Events:
           0           0        2258        2304           0           0           0           0           0           0        2717        2916        4387        4539           0           0           0           0           0           0           0           0        5187        5085           0           0           0           0         549         573           0           0
           0           0        2333        2274           0           0           0           0           0           0        2880        2892        4501        4551           0           0           0           0           0           0           0           0        5173        5208           0           0           0           0         576         540           0           0
           0           0        2260        2192           0           0           0           0           0           0        2782        2884           0           0           0           0           0           0           0           0           0           0           0           0           0           0           0           0           0           0           0           0
           0           0        2300        2249           0           0           0           0           0           0        2768        2702           0           0           0           0           0           0           0           0           0           0           0           0           0           0           0           0           0           0           0           0
 Accuracy:    0.007   0.010   0.008   0.733
 Finished due to accuracy    6.6797193431552167E-003   1.0000000000000000E-002

 -------------------------------------------------------------------------------
 Accumulated results:   Integral =  0.1037E-08
                        Std dev  =  0.8093E-11
                       Cross sec =  0.5360E-09
             Chi**2 per DoF.     =      0.7325
 -------------------------------------------------------------------------------
 Found        16397  events.
 Wrote         1397  events.
 Actual xsec    5.3620017702550489E-010
 Correct abs xsec    1.0358277126617618E-009
Thanks for using LHAPDF 6.2.1. Please make sure to cite the paper:
  Eur.Phys.J. C75 (2015) 3, 132  (http://arxiv.org/abs/1412.7420)
 Event xsec    1.0358277126617575E-009
 Events wgts > 1:           12
 % Cross section > 1:    1.0222832826745290E-011  0.98692405134399863     
-------------------------------------------------
---------------------------
 Results Last   3 iters: Integral =   0.5362E-09
                     Abs integral =   0.1036E-08
                          Std dev =   0.8143E-11
                  Chi**2 per DoF. =      0.7732
-------------------------------------------------
---------------------------
 Status   1.0000000000000000E-002           8           8

ls status:
events.lhe
ftn26
input_app.txt
results.dat
run1_app.log
