==== LHAPDF6 USING DEFAULT-TYPE LHAGLUE INTERFACE ====
LHAPDF 6.2.1 loading /cvmfs/cms.cern.ch/slc6_amd64_gcc630/external/lhapdf/6.2.1-ghjeda2/share/LHAPDF/NNPDF31_nnlo_as_0118_nf_4_mc_hessian/NNPDF31_nnlo_as_0118_nf_4_mc_hessian_0000.dat
NNPDF31_nnlo_as_0118_nf_4_mc_hessian PDF set, member #0, version 1; LHAPDF ID = 325500
 Process in group number            1
 A PDF is used, so alpha_s(MZ) is going to be modified
 Old value of alpha_s from param_card:   0.11810000000000001     
 New value of alpha_s from PDF lhapdf :  0.11266013434007299     
 using LHAPDF
 Define smin to   10000.000000000000     
 Define smin to   10000.000000000000     
 Define smin to   10000.000000000000     
 Define smin to   10000.000000000000     
 Define smin to   10000.000000000000     
 Define smin to   10000.000000000000     
 Define smin to   10000.000000000000     
 *****************************************************
 *               MadGraph/MadEvent                   *
 *        --------------------------------           *
 *          http://madgraph.hep.uiuc.edu             *
 *          http://madgraph.phys.ucl.ac.be           *
 *          http://madgraph.roma2.infn.it            *
 *        --------------------------------           *
 *                                                   *
 *          PARAMETER AND COUPLING VALUES            *
 *                                                   *
 *****************************************************

  External Params
  ---------------------------------
  
 mdl_MW0 =    80.387000000000000     
 mdl_Gf =    1.1663789999999999E-005
 aS =   0.11810000000000001     
 mdl_ymdo =    1.0000000000000000E-099
 mdl_ymb =    4.1799999999999997     
 mdl_ymt =    173.19999999999999     
 mdl_ymtau =    1.7769999999999999     
 mdl_LambdaSMEFT =    1000.0000000000000     
 mdl_MZ =    91.187600000000003     
 mdl_MTA =    1.7769999999999999     
 mdl_MT =    173.19999999999999     
 mdl_MB =    4.1799999999999997     
 mdl_MH =    125.09000000000000     
 mdl_WZ =    2.4952000000000001     
 mdl_WW =    2.0850000000000000     
 mdl_WT =    1.5083359999999999     
 mdl_WH =    4.0699999999999998E-003
  Internal Params
  ---------------------------------
  
 mdl_ymm =    1.0000000000000000E-099
 mdl_yme =    1.0000000000000000E-099
 mdl_ymc =    1.0000000000000000E-099
 mdl_yms =    1.0000000000000000E-099
 mdl_ymup =    1.0000000000000000E-099
 mdl_conjg__CKM3x3 =    1.0000000000000000     
 mdl_cH =    0.0000000000000000     
 mdl_cHB =    0.0000000000000000     
 mdl_CKM2x2 =    1.0000000000000000     
 mdl_CKM1x1 =    1.0000000000000000     
 mdl_conjg__CKM1x1 =    1.0000000000000000     
 mdl_dGf =    0.0000000000000000     
 mdl_CKM3x3 =    1.0000000000000000     
 mdl_dMH2 =    0.0000000000000000     
 mdl_conjg__CKM2x2 =    1.0000000000000000     
 mdl_dg1 =    0.0000000000000000     
 mdl_cHW =    0.0000000000000000     
 mdl_dgw =    0.0000000000000000     
 mdl_complexi =  (  0.0000000000000000     ,  1.0000000000000000     )
 mdl_MW =    80.387000000000000     
 mdl_nb__2__exp__0_25 =    1.1892071150027210     
 mdl_MH__exp__2 =    15647.508100000001     
 mdl_sqrt__2 =    1.4142135623730951     
 mdl_MW__exp__2 =    6462.0697689999997     
 mdl_MZ__exp__2 =    8315.1783937600012     
 mdl_sth2 =   0.22285855299877133     
 mdl_MH__exp__6 =    3831206449390.3818     
 mdl_MT__exp__6 =    26995248278778.535     
 mdl_MH__exp__4 =    244844509.73956564     
 mdl_MT__exp__4 =    899894403.09759963     
 mdl_MT__exp__2 =    29998.239999999994     
 mdl_LambdaSMEFT__exp__2 =    1000000.0000000000     
 mdl_cth =   0.88155626422890820     
 mdl_sqrt__sth2 =   0.47207896902824564     
 mdl_sth =   0.47207896902824564     
 mdl_MW0__exp__6 =    269845343347.69711     
 mdl_MW0__exp__4 =    41758345.699423708     
 mdl_MW0__exp__2 =    6462.0697689999997     
 mdl_MZ__exp__4 =    69142191.720053151     
 mdl_MZ__exp__6 =    574929658687.79749     
 mdl_cth__exp__2 =   0.77714144700122867     
 mdl_sth__exp__2 =   0.22285855299877130     
 mdl_sth__exp__3 =   0.10520683593878660     
 mdl_cth__exp__3 =   0.68509391079585125     
 mdl_sth__exp__4 =    4.9665934644706158E-002
 mdl_sqrt__Gf =    3.4152291284773265E-003
 mdl_vevhat =    246.21961912951551     
 mdl_lam =   0.12905352724481209     
 mdl_aEW =    7.5614618607353409E-003
 mdl_yb =    2.4008698866559607E-002
 mdl_yc =    5.7437078628133041E-102
 mdl_ydo =    5.7437078628133041E-102
 mdl_ye =    5.7437078628133041E-102
 mdl_ym =    5.7437078628133041E-102
 mdl_ys =    5.7437078628133041E-102
 mdl_yt =   0.99481020183926416     
 mdl_ytau =    1.0206568872219240E-002
 mdl_yup =    5.7437078628133041E-102
 mdl_vevhat__exp__2 =    60624.100844283676     
 mdl_barlam =   0.12905352724481209     
 mdl_vevT =    246.21961912951551     
 mdl_sqrt__aEW =    8.6956666568672819E-002
 mdl_ee =   0.30825335704310214     
 mdl_gwsh =   0.65296989967087182     
 mdl_vev =    246.21961912951551     
 mdl_g1 =   0.34966952144878632     
 mdl_gw =   0.65296989967087182     
 mdl_ee__exp__2 =    9.5020132128342205E-002
 mdl_gHaa =   -1.9303830602986922E-003
 mdl_gHza =   -6.8546472954154700E-003
 mdl_g1sh =   0.34966952144878632     
 mdl_I1d11 =  (  5.7437078628133041E-102,  0.0000000000000000     )
 mdl_I1d22 =  (  5.7437078628133041E-102,  0.0000000000000000     )
 mdl_I1d33 =  (  2.4008698866559607E-002,  0.0000000000000000     )
 mdl_I2d11 =  (  5.7437078628133041E-102,  0.0000000000000000     )
 mdl_I2d22 =  (  5.7437078628133041E-102,  0.0000000000000000     )
 mdl_I2d33 =  ( 0.99481020183926416     ,  0.0000000000000000     )
 mdl_I3d11 =  (  5.7437078628133041E-102,  0.0000000000000000     )
 mdl_I3d22 =  (  5.7437078628133041E-102,  0.0000000000000000     )
 mdl_I3d33 =  (  2.4008698866559607E-002,  0.0000000000000000     )
 mdl_I4d11 =  (  5.7437078628133041E-102,  0.0000000000000000     )
 mdl_I4d22 =  (  5.7437078628133041E-102,  0.0000000000000000     )
 mdl_I4d33 =  ( 0.99481020183926416     ,  0.0000000000000000     )
 mdl_I5d11 =  (  5.7437078628133041E-102,  0.0000000000000000     )
 mdl_I5d22 =  (  5.7437078628133041E-102,  0.0000000000000000     )
 mdl_I5d33 =  (  2.4008698866559607E-002,  0.0000000000000000     )
 mdl_I6d11 =  (  5.7437078628133041E-102,  0.0000000000000000     )
 mdl_I6d22 =  (  5.7437078628133041E-102,  0.0000000000000000     )
 mdl_I6d33 =  ( 0.99481020183926416     ,  0.0000000000000000     )
 mdl_ee__exp__3 =    2.9290274715240611E-002
 mdl_vevhat__exp__3 =    14926843.019948866     
  Internal Params evaluated point by point
  ----------------------------------------
  
 mdl_sqrt__aS =   0.34365680554879169     
 mdl_G__exp__2 =    1.4840883695558185     
 mdl_gHgg =    3.2334372328970845E-003
 mdl_G__exp__3 =  (  1.8079634332366095     ,  0.0000000000000000     )
  Couplings of SMEFTsim_A_U35_MwScheme_UFO_v3_1-SMlimit_massless
  ---------------------------------
  
         GC_1 =   0.00000E+00   0.10275E+00
         GC_2 =  -0.00000E+00  -0.20550E+00
         GC_3 =  -0.00000E+00  -0.30825E+00
       GC_255 =  -0.00000E+00  -0.42637E+00
       GC_278 =  -0.00000E+00  -0.37035E+00
       GC_280 =  -0.00000E+00  -0.57563E+00
       GC_328 =  -0.00000E+00  -0.55024E-01
       GC_329 =   0.00000E+00   0.11005E+00
       GC_330 =  -0.00000E+00  -0.16507E+00
       GC_400 =   0.00000E+00   0.52490E+02
       GC_809 =  -0.00000E+00  -0.72171E-02
      GC_1073 =  -0.00000E+00  -0.46172E+00

 Collider parameters:
 --------------------

 Running at P P   machine @    13000.000000000000       GeV
 PDF set = lhapdf 
 alpha_s(Mz)= 0.1127 running at 3 loops.
 alpha_s(Mz)= 0.1127 running at 3 loops.
 Renormalization scale set on event-by-event basis
 Factorization   scale set on event-by-event basis


 getting user params
Enter number of events and max and min iterations: 
 Number of events and iterations         2000           8           3
Enter desired fractional accuracy: 
 Desired fractional accuracy:    1.0000000000000000E-002
Enter 0 for fixed, 2 for adjustable grid: 
Suppress amplitude (0 no, 1 yes)? 
 Using suppressed amplitude.
Exact helicity sum (0 yes, n = number/event)? 
 Explicitly summing over helicities
Enter Configuration Number: 
Running Configuration Number:  233
 Using dconfig=          25
 BW Setting            1           2           2           0           0           0
 Attempting mappinvarients           1           8
 Completed mapping           8
 about to integrate           16        2000           8           3          16           1
 Using non-zero grid deformation.
 16 dimensions   2000 events 16 invarients  8 iterations  1 config(s),  (0.99)
 Using h-tuple random number sequence.
 Error opening grid
 Using Uniform Grid!          32
 Using uniform alpha   1.0000000000000000     
 Grid defined OK
 Set CM energy to      13000.00
 Mapping Graph         233  to config         233
 Setting BW          -1           1   80.387000000000000     
Setting grid   2    0.28963E-04   1
Setting grid   3    0.28963E-04   1
Setting grid   4    0.18685E-07   1
Setting grid   5    0.30453E-04   1
 Transforming s_hat 1/s           15   5.9171597633136108E-005   10000.000000000000        168999999.99999997     
 233   1   2   3   4   5   6   7   8   9  10  11  12  13  14
  15  16
 Masses: 0.000E+00 0.000E+00 0.000E+00 0.178E+01 0.000E+00 0.000E+00 0.000E+00 0.000E+00
Using random seed offsets   233 :      5
  with seed                   24
 Ranmar initialization seeds       31291        9402
 
 ********************************************
 * You are using the DiscreteSampler module *
 *      part of the MG5_aMC framework       *
 *         Author: Valentin Hirschi         *
 ********************************************
 
  Particle       3       4       5       6       7       8
      Et >     0.0     0.0     0.0     0.0    10.0    10.0
       E >     0.0     0.0     0.0     0.0     0.0     0.0
     Eta <    -1.0    -1.0    -1.0    -1.0     6.5     6.5
   xqcut:      0.0     0.0     0.0     0.0     0.0     0.0
d R # 3  >    -0.0     0.4     0.0     0.0     0.4     0.4
d R # 4  >    -0.0    -0.0     0.0     0.0     0.4     0.4
d R # 5  >    -0.0    -0.0    -0.0     0.0     0.0     0.0
d R # 6  >    -0.0    -0.0    -0.0    -0.0     0.0     0.0
d R # 7  >    -0.0    -0.0    -0.0    -0.0    -0.0     0.4
s min # 3>     0.0     0.0     0.0     0.0     0.0     0.0
s min # 4>     0.0     0.0     0.0     0.0     0.0     0.0
s min # 5>     0.0     0.0     0.0     0.0     0.0     0.0
s min # 6>     0.0     0.0     0.0     0.0     0.0     0.0
s min # 7>     0.0     0.0     0.0     0.0     0.0 10000.0
xqcutij # 3>     0.0     0.0     0.0     0.0     0.0     0.0
xqcutij # 4>     0.0     0.0     0.0     0.0     0.0     0.0
xqcutij # 5>     0.0     0.0     0.0     0.0     0.0     0.0
xqcutij # 6>     0.0     0.0     0.0     0.0     0.0     0.0
xqcutij # 7>     0.0     0.0     0.0     0.0     0.0     0.0
 Requiring BW           -1           1
 Excluding BW           -4           2
 Excluding BW           -5           3
 alpha_s for scale    23.992384577487673       is   0.14315392515051434     
 Added good helicity          193   255.81186153621610       in event            1 local:           1
 Added good helicity          209  0.18813846378392557       in event            1 local:           1
 Added good helicity          193   255.81186153621604       in event            1 local:           1
 Added good helicity          209  0.18813846378394614       in event            1 local:           1
 RESET CUMULATIVE VARIABLE
 RESET CUMULATIVE VARIABLE
 RESET CUMULATIVE VARIABLE
 Iteration  1   Mean: 0.5080E-09 Abs mean: 0.5080E-09   Fluctuation:  0.324E-09   0.634E-06     5.5%
  1    0.5080E-09 0.5080E-09 +- 0.3237E-09     28.50
 Writing out events   5.8235461555906160E-013   28.501292082296036     
 Relative summed weights:
  0.0000E+00  0.0000E+00  0.3177E-01  0.1029E+00  0.0000E+00  0.0000E+00  0.0000E+00  0.0000E+00  0.7248E-04  0.5961E-01  0.0000E+00  0.0000E+00  0.0000E+00  0.0000E+00
  0.0000E+00  0.0000E+00  0.5428E-01  0.6948E+00  0.0000E+00  0.0000E+00  0.0000E+00  0.0000E+00  0.2313E-02  0.5417E-01  0.0000E+00  0.0000E+00  0.0000E+00  0.0000E+00
 Relative number of events:
  0.0000E+00  0.0000E+00  0.1349E+00  0.1354E+00  0.0000E+00  0.0000E+00  0.0000E+00  0.0000E+00  0.2987E-01  0.3932E-01  0.0000E+00  0.0000E+00  0.0000E+00  0.0000E+00
  0.0000E+00  0.0000E+00  0.2235E+00  0.2489E+00  0.0000E+00  0.0000E+00  0.0000E+00  0.0000E+00  0.8810E-01  0.1000E+00  0.0000E+00  0.0000E+00  0.0000E+00  0.0000E+00
 Events:
           0           0         271         272           0           0           0           0          60          79           0           0           0           0
           0           0         449         500           0           0           0           0         177         201           0           0           0           0
 Iteration  2   Mean: 0.3685E-09 Abs mean: 0.3685E-09   Fluctuation:  0.973E-10   0.260E-06    37.0%
  2    0.3685E-09 0.3685E-09 +- 0.9729E-10     16.70
 Relative summed weights:
  0.0000E+00  0.0000E+00  0.2550E+00  0.2684E+00  0.0000E+00  0.0000E+00  0.0000E+00  0.0000E+00  0.1990E-01  0.3620E-01  0.0000E+00  0.0000E+00  0.0000E+00  0.0000E+00
  0.0000E+00  0.0000E+00  0.2532E+00  0.6433E-01  0.0000E+00  0.0000E+00  0.0000E+00  0.0000E+00  0.4216E-01  0.6082E-01  0.0000E+00  0.0000E+00  0.0000E+00  0.0000E+00
 Relative number of events:
  0.0000E+00  0.0000E+00  0.1295E+00  0.1303E+00  0.0000E+00  0.0000E+00  0.0000E+00  0.0000E+00  0.3275E-01  0.4025E-01  0.0000E+00  0.0000E+00  0.0000E+00  0.0000E+00
  0.0000E+00  0.0000E+00  0.2333E+00  0.2253E+00  0.0000E+00  0.0000E+00  0.0000E+00  0.0000E+00  0.1055E+00  0.1032E+00  0.0000E+00  0.0000E+00  0.0000E+00  0.0000E+00
 Events:
           0           0         518         521           0           0           0           0         131         161           0           0           0           0
           0           0         933         901           0           0           0           0         422         413           0           0           0           0
 Iteration  3   Mean: 0.5875E-09 Abs mean: 0.5875E-09   Fluctuation:  0.971E-10   0.489E-06    44.6%
  3    0.5875E-09 0.5875E-09 +- 0.9706E-10     14.78
 Relative summed weights:
  0.0000E+00  0.0000E+00  0.4898E-01  0.6226E-01  0.0000E+00  0.0000E+00  0.0000E+00  0.0000E+00  0.1690E-01  0.3854E-01  0.0000E+00  0.0000E+00  0.0000E+00  0.0000E+00
  0.0000E+00  0.0000E+00  0.3185E+00  0.2671E+00  0.0000E+00  0.0000E+00  0.0000E+00  0.0000E+00  0.1742E+00  0.7350E-01  0.0000E+00  0.0000E+00  0.0000E+00  0.0000E+00
 Relative number of events:
  0.0000E+00  0.0000E+00  0.1314E+00  0.1311E+00  0.0000E+00  0.0000E+00  0.0000E+00  0.0000E+00  0.3325E-01  0.3400E-01  0.0000E+00  0.0000E+00  0.0000E+00  0.0000E+00
  0.0000E+00  0.0000E+00  0.2289E+00  0.2382E+00  0.0000E+00  0.0000E+00  0.0000E+00  0.0000E+00  0.9988E-01  0.1032E+00  0.0000E+00  0.0000E+00  0.0000E+00  0.0000E+00
 Events:
           0           0        1051        1049           0           0           0           0         266         272           0           0           0           0
           0           0        1831        1906           0           0           0           0         799         826           0           0           0           0
 Accuracy:    0.130   0.010   0.137   0.898
 Found          499  events.
 Wrote            5  events.
 Actual xsec    5.2506076480481044E-010
 Correct abs xsec    5.2506076480481044E-010
 Event xsec    5.2506076480481044E-010
 Events wgts > 1:            0
 % Cross section > 1:    0.0000000000000000        0.0000000000000000     
 Iteration  4   Mean: 0.7793E-09 Abs mean: 0.7793E-09   Fluctuation:  0.891E-10   0.776E-06    48.7%
  4    0.7793E-09 0.7793E-09 +- 0.8906E-10     14.46
 Relative summed weights:
  0.0000E+00  0.0000E+00  0.4645E-01  0.3417E-01  0.0000E+00  0.0000E+00  0.0000E+00  0.0000E+00  0.5921E-01  0.3293E-01  0.0000E+00  0.0000E+00  0.0000E+00  0.0000E+00
  0.0000E+00  0.0000E+00  0.2789E+00  0.1934E+00  0.0000E+00  0.0000E+00  0.0000E+00  0.0000E+00  0.2293E+00  0.1257E+00  0.0000E+00  0.0000E+00  0.0000E+00  0.0000E+00
 Relative number of events:
  0.0000E+00  0.0000E+00  0.1354E+00  0.1365E+00  0.0000E+00  0.0000E+00  0.0000E+00  0.0000E+00  0.3350E-01  0.3338E-01  0.0000E+00  0.0000E+00  0.0000E+00  0.0000E+00
  0.0000E+00  0.0000E+00  0.2303E+00  0.2348E+00  0.0000E+00  0.0000E+00  0.0000E+00  0.0000E+00  0.9625E-01  0.9988E-01  0.0000E+00  0.0000E+00  0.0000E+00  0.0000E+00
 Events:
           0           0        2166        2184           0           0           0           0         536         534           0           0           0           0
           0           0        3685        3757           0           0           0           0        1540        1598           0           0           0           0
 Accuracy:    0.119   0.010   0.088   1.852
 Found         1151  events.
 Wrote           13  events.
 Actual xsec    6.7801339394459100E-010
 Correct abs xsec    6.7801339394459100E-010
 Event xsec    6.7801339394459089E-010
 Events wgts > 1:            1
 % Cross section > 1:    3.8256160667796646E-018   5.6423901075504484E-007
 Iteration  5   Mean: 0.8729E-09 Abs mean: 0.8729E-09   Fluctuation:  0.605E-10   0.131E-05    50.0%
  5    0.8729E-09 0.8729E-09 +- 0.6049E-10     12.40
 Relative summed weights:
  0.0000E+00  0.0000E+00  0.6891E-01  0.5561E-01  0.0000E+00  0.0000E+00  0.0000E+00  0.0000E+00  0.3092E-01  0.4543E-01  0.0000E+00  0.0000E+00  0.0000E+00  0.0000E+00
  0.0000E+00  0.0000E+00  0.2981E+00  0.2311E+00  0.0000E+00  0.0000E+00  0.0000E+00  0.0000E+00  0.1473E+00  0.1226E+00  0.0000E+00  0.0000E+00  0.0000E+00  0.0000E+00
 Relative number of events:
  0.0000E+00  0.0000E+00  0.1357E+00  0.1342E+00  0.0000E+00  0.0000E+00  0.0000E+00  0.0000E+00  0.3422E-01  0.3481E-01  0.0000E+00  0.0000E+00  0.0000E+00  0.0000E+00
  0.0000E+00  0.0000E+00  0.2308E+00  0.2340E+00  0.0000E+00  0.0000E+00  0.0000E+00  0.0000E+00  0.9816E-01  0.9813E-01  0.0000E+00  0.0000E+00  0.0000E+00  0.0000E+00
 Events:
           0           0        4341        4295           0           0           0           0        1095        1114           0           0           0           0
           0           0        7387        7487           0           0           0           0        3141        3140           0           0           0           0
 Accuracy:    0.081   0.010   0.054   2.233
 Found         2581  events.
 Wrote           23  events.
 Actual xsec    8.1804962340362255E-010
 Correct abs xsec    8.1804962340362255E-010
 Event xsec    8.1804962340362265E-010
 Events wgts > 1:            1
 % Cross section > 1:    5.1442578524854791E-018   6.2884422965467478E-007
 Iteration  6   Mean: 0.7269E-09 Abs mean: 0.7269E-09   Fluctuation:  0.183E-10   0.303E-06    48.4%
  6    0.7269E-09 0.7269E-09 +- 0.1825E-10      6.35
 Relative summed weights:
  0.0000E+00  0.0000E+00  0.6865E-01  0.5645E-01  0.0000E+00  0.0000E+00  0.0000E+00  0.0000E+00  0.4439E-01  0.2926E-01  0.0000E+00  0.0000E+00  0.0000E+00  0.0000E+00
  0.0000E+00  0.0000E+00  0.2454E+00  0.2473E+00  0.0000E+00  0.0000E+00  0.0000E+00  0.0000E+00  0.1604E+00  0.1482E+00  0.0000E+00  0.0000E+00  0.0000E+00  0.0000E+00
 Relative number of events:
  0.0000E+00  0.0000E+00  0.1339E+00  0.1359E+00  0.0000E+00  0.0000E+00  0.0000E+00  0.0000E+00  0.3320E-01  0.3334E-01  0.0000E+00  0.0000E+00  0.0000E+00  0.0000E+00
  0.0000E+00  0.0000E+00  0.2334E+00  0.2350E+00  0.0000E+00  0.0000E+00  0.0000E+00  0.0000E+00  0.9725E-01  0.9792E-01  0.0000E+00  0.0000E+00  0.0000E+00  0.0000E+00
 Events:
           0           0        8571        8700           0           0           0           0        2125        2134           0           0           0           0
           0           0       14937       15042           0           0           0           0        6224        6267           0           0           0           0
 Accuracy:    0.037   0.010   0.023   2.573
 Found         5892  events.
 Wrote          304  events.
 Actual xsec    7.4530360646570442E-010
 Correct abs xsec    7.4530360646570442E-010
 Event xsec    7.4530360646570566E-010
 Events wgts > 1:           11
 % Cross section > 1:    6.8144859144808912E-012  0.91432348580678080     
 Iteration  7   Mean: 0.7792E-09 Abs mean: 0.7792E-09   Fluctuation:  0.154E-10   0.712E-06    49.5%
  7    0.7792E-09 0.7792E-09 +- 0.1538E-10      7.06
 Relative summed weights:
  0.0000E+00  0.0000E+00  0.5250E-01  0.6251E-01  0.0000E+00  0.0000E+00  0.0000E+00  0.0000E+00  0.4099E-01  0.5368E-01  0.0000E+00  0.0000E+00  0.0000E+00  0.0000E+00
  0.0000E+00  0.0000E+00  0.2404E+00  0.2360E+00  0.0000E+00  0.0000E+00  0.0000E+00  0.0000E+00  0.1617E+00  0.1523E+00  0.0000E+00  0.0000E+00  0.0000E+00  0.0000E+00
 Relative number of events:
  0.0000E+00  0.0000E+00  0.1361E+00  0.1330E+00  0.0000E+00  0.0000E+00  0.0000E+00  0.0000E+00  0.3388E-01  0.3397E-01  0.0000E+00  0.0000E+00  0.0000E+00  0.0000E+00
Thanks for using LHAPDF 6.2.1. Please make sure to cite the paper:
  Eur.Phys.J. C75 (2015) 3, 132  (http://arxiv.org/abs/1412.7420)
  0.0000E+00  0.0000E+00  0.2342E+00  0.2320E+00  0.0000E+00  0.0000E+00  0.0000E+00  0.0000E+00  0.9890E-01  0.9789E-01  0.0000E+00  0.0000E+00  0.0000E+00  0.0000E+00
 Events:
           0           0       17420       17023           0           0           0           0        4336        4348           0           0           0           0
           0           0       29982       29702           0           0           0           0       12659       12530           0           0           0           0
 Accuracy:    0.024   0.010   0.015   2.523
 Found        14590  events.
 Wrote          260  events.
 Actual xsec    7.6467934873314827E-010
 Correct abs xsec    7.6467934873314827E-010
 Event xsec    7.6467934873314279E-010
 Events wgts > 1:            6
 % Cross section > 1:    6.5819521902049819E-012  0.86074669089853328     
 Iteration  8   Mean: 0.7821E-09 Abs mean: 0.7821E-09   Fluctuation:  0.791E-11   0.444E-06    48.6%
  8    0.7821E-09 0.7821E-09 +- 0.7911E-11      5.12
 Exceeded boost           3          96   256000.000    
 Exceeded boost           4          95   128000.000    
 Relative summed weights:
  0.0000E+00  0.0000E+00  0.6436E-01  0.6215E-01  0.0000E+00  0.0000E+00  0.0000E+00  0.0000E+00  0.3855E-01  0.4289E-01  0.0000E+00  0.0000E+00  0.0000E+00  0.0000E+00
  0.0000E+00  0.0000E+00  0.2410E+00  0.2336E+00  0.0000E+00  0.0000E+00  0.0000E+00  0.0000E+00  0.1557E+00  0.1617E+00  0.0000E+00  0.0000E+00  0.0000E+00  0.0000E+00
 Relative number of events:
  0.0000E+00  0.0000E+00  0.1346E+00  0.1345E+00  0.0000E+00  0.0000E+00  0.0000E+00  0.0000E+00  0.3386E-01  0.3417E-01  0.0000E+00  0.0000E+00  0.0000E+00  0.0000E+00
  0.0000E+00  0.0000E+00  0.2333E+00  0.2344E+00  0.0000E+00  0.0000E+00  0.0000E+00  0.0000E+00  0.9718E-01  0.9802E-01  0.0000E+00  0.0000E+00  0.0000E+00  0.0000E+00
 Events:
           0           0       34459       34435           0           0           0           0        8667        8747           0           0           0           0
           0           0       59719       60003           0           0           0           0       24878       25092           0           0           0           0
 Accuracy:    0.013   0.010   0.008   2.379
 Found        30054  events.
 Wrote         1690  events.
 Actual xsec    7.7526656897677818E-010
 Correct abs xsec    7.7526656897677818E-010
 Event xsec    7.7526656897681943E-010
 Events wgts > 1:           42
 % Cross section > 1:    7.6421033838524019E-012  0.98573880129234648     

 -------------------------------------------------------------------------------
 Accumulated results:   Integral =  0.7758E-09
                        Std dev  =  0.6495E-11
                       Cross sec =  0.7758E-09
             Chi**2 per DoF.     =      2.3792
 -------------------------------------------------------------------------------
-------------------------------------------------
---------------------------
 Results Last   3 iters: Integral =   0.7753E-09
                     Abs integral =   0.7753E-09
                          Std dev =   0.6569E-11
                  Chi**2 per DoF. =      3.9120
-------------------------------------------------
---------------------------
 Status   1.0000000000000000E-002           9           8

ls status:
events.lhe
ftn26
input_app.txt
results.dat
run1_app.log
