==== LHAPDF6 USING DEFAULT-TYPE LHAGLUE INTERFACE ====
LHAPDF 6.2.1 loading /cvmfs/cms.cern.ch/slc6_amd64_gcc630/external/lhapdf/6.2.1-ghjeda2/share/LHAPDF/NNPDF31_nnlo_as_0118_nf_4_mc_hessian/NNPDF31_nnlo_as_0118_nf_4_mc_hessian_0000.dat
NNPDF31_nnlo_as_0118_nf_4_mc_hessian PDF set, member #0, version 1; LHAPDF ID = 325500
 Process in group number            2
 A PDF is used, so alpha_s(MZ) is going to be modified
 Old value of alpha_s from param_card:   0.11810000000000001     
 New value of alpha_s from PDF lhapdf :  0.11266013434007299     
 using LHAPDF
 Define smin to   10000.000000000000     
 Define smin to   10000.000000000000     
 Define smin to   10000.000000000000     
 Define smin to   10000.000000000000     
 Define smin to   10000.000000000000     
 Define smin to   10000.000000000000     
 Define smin to   10000.000000000000     
 *****************************************************
 *               MadGraph/MadEvent                   *
 *        --------------------------------           *
 *          http://madgraph.hep.uiuc.edu             *
 *          http://madgraph.phys.ucl.ac.be           *
 *          http://madgraph.roma2.infn.it            *
 *        --------------------------------           *
 *                                                   *
 *          PARAMETER AND COUPLING VALUES            *
 *                                                   *
 *****************************************************

  External Params
  ---------------------------------
  
 mdl_MW0 =    80.387000000000000     
 mdl_Gf =    1.1663789999999999E-005
 aS =   0.11810000000000001     
 mdl_ymdo =    1.0000000000000000E-099
 mdl_ymb =    4.1799999999999997     
 mdl_ymt =    173.19999999999999     
 mdl_ymtau =    1.7769999999999999     
 mdl_LambdaSMEFT =    1000.0000000000000     
 mdl_cW =    1.0000000000000000     
 mdl_MZ =    91.187600000000003     
 mdl_MTA =    1.7769999999999999     
 mdl_MT =    173.19999999999999     
 mdl_MB =    4.1799999999999997     
 mdl_MH =    125.09000000000000     
 mdl_WZ =    2.4952000000000001     
 mdl_WW =    2.0850000000000000     
 mdl_WT =    1.5083359999999999     
 mdl_WH =    4.0699999999999998E-003
  Internal Params
  ---------------------------------
  
 mdl_ymm =    1.0000000000000000E-099
 mdl_yme =    1.0000000000000000E-099
 mdl_ymc =    1.0000000000000000E-099
 mdl_yms =    1.0000000000000000E-099
 mdl_ymup =    1.0000000000000000E-099
 mdl_conjg__CKM3x3 =    1.0000000000000000     
 mdl_cH =    0.0000000000000000     
 mdl_cHB =    0.0000000000000000     
 mdl_CKM2x2 =    1.0000000000000000     
 mdl_CKM1x1 =    1.0000000000000000     
 mdl_conjg__CKM1x1 =    1.0000000000000000     
 mdl_dGf =    0.0000000000000000     
 mdl_CKM3x3 =    1.0000000000000000     
 mdl_dMH2 =    0.0000000000000000     
 mdl_conjg__CKM2x2 =    1.0000000000000000     
 mdl_dg1 =    0.0000000000000000     
 mdl_cHW =    0.0000000000000000     
 mdl_dgw =    0.0000000000000000     
 mdl_complexi =  (  0.0000000000000000     ,  1.0000000000000000     )
 mdl_MW =    80.387000000000000     
 mdl_nb__2__exp__0_25 =    1.1892071150027210     
 mdl_MH__exp__2 =    15647.508100000001     
 mdl_sqrt__2 =    1.4142135623730951     
 mdl_MW__exp__2 =    6462.0697689999997     
 mdl_MZ__exp__2 =    8315.1783937600012     
 mdl_sth2 =   0.22285855299877133     
 mdl_MH__exp__6 =    3831206449390.3818     
 mdl_MT__exp__6 =    26995248278778.535     
 mdl_MH__exp__4 =    244844509.73956564     
 mdl_MT__exp__4 =    899894403.09759963     
 mdl_MT__exp__2 =    29998.239999999994     
 mdl_LambdaSMEFT__exp__2 =    1000000.0000000000     
 mdl_cth =   0.88155626422890820     
 mdl_sqrt__sth2 =   0.47207896902824564     
 mdl_sth =   0.47207896902824564     
 mdl_MW0__exp__6 =    269845343347.69711     
 mdl_MW0__exp__4 =    41758345.699423708     
 mdl_MW0__exp__2 =    6462.0697689999997     
 mdl_MZ__exp__4 =    69142191.720053151     
 mdl_MZ__exp__6 =    574929658687.79749     
 mdl_cth__exp__2 =   0.77714144700122867     
 mdl_sth__exp__2 =   0.22285855299877130     
 mdl_sth__exp__3 =   0.10520683593878660     
 mdl_cth__exp__3 =   0.68509391079585125     
 mdl_sth__exp__4 =    4.9665934644706158E-002
 mdl_sqrt__Gf =    3.4152291284773265E-003
 mdl_vevhat =    246.21961912951551     
 mdl_lam =   0.12905352724481209     
 mdl_aEW =    7.5614618607353409E-003
 mdl_yb =    2.4008698866559607E-002
 mdl_yc =    5.7437078628133041E-102
 mdl_ydo =    5.7437078628133041E-102
 mdl_ye =    5.7437078628133041E-102
 mdl_ym =    5.7437078628133041E-102
 mdl_ys =    5.7437078628133041E-102
 mdl_yt =   0.99481020183926416     
 mdl_ytau =    1.0206568872219240E-002
 mdl_yup =    5.7437078628133041E-102
 mdl_vevhat__exp__2 =    60624.100844283676     
 mdl_barlam =   0.12905352724481209     
 mdl_vevT =    246.21961912951551     
 mdl_sqrt__aEW =    8.6956666568672819E-002
 mdl_ee =   0.30825335704310214     
 mdl_gwsh =   0.65296989967087182     
 mdl_vev =    246.21961912951551     
 mdl_g1 =   0.34966952144878632     
 mdl_gw =   0.65296989967087182     
 mdl_ee__exp__2 =    9.5020132128342205E-002
 mdl_gHaa =   -1.9303830602986922E-003
 mdl_gHza =   -6.8546472954154700E-003
 mdl_g1sh =   0.34966952144878632     
 mdl_I1d11 =  (  5.7437078628133041E-102,  0.0000000000000000     )
 mdl_I1d22 =  (  5.7437078628133041E-102,  0.0000000000000000     )
 mdl_I1d33 =  (  2.4008698866559607E-002,  0.0000000000000000     )
 mdl_I2d11 =  (  5.7437078628133041E-102,  0.0000000000000000     )
 mdl_I2d22 =  (  5.7437078628133041E-102,  0.0000000000000000     )
 mdl_I2d33 =  ( 0.99481020183926416     ,  0.0000000000000000     )
 mdl_I3d11 =  (  5.7437078628133041E-102,  0.0000000000000000     )
 mdl_I3d22 =  (  5.7437078628133041E-102,  0.0000000000000000     )
 mdl_I3d33 =  (  2.4008698866559607E-002,  0.0000000000000000     )
 mdl_I4d11 =  (  5.7437078628133041E-102,  0.0000000000000000     )
 mdl_I4d22 =  (  5.7437078628133041E-102,  0.0000000000000000     )
 mdl_I4d33 =  ( 0.99481020183926416     ,  0.0000000000000000     )
 mdl_I5d11 =  (  5.7437078628133041E-102,  0.0000000000000000     )
 mdl_I5d22 =  (  5.7437078628133041E-102,  0.0000000000000000     )
 mdl_I5d33 =  (  2.4008698866559607E-002,  0.0000000000000000     )
 mdl_I6d11 =  (  5.7437078628133041E-102,  0.0000000000000000     )
 mdl_I6d22 =  (  5.7437078628133041E-102,  0.0000000000000000     )
 mdl_I6d33 =  ( 0.99481020183926416     ,  0.0000000000000000     )
 mdl_ee__exp__3 =    2.9290274715240611E-002
 mdl_vevhat__exp__3 =    14926843.019948866     
  Internal Params evaluated point by point
  ----------------------------------------
  
 mdl_sqrt__aS =   0.34365680554879169     
 mdl_G__exp__2 =    1.4840883695558185     
 mdl_gHgg =    3.2334372328970845E-003
 mdl_G__exp__3 =  (  1.8079634332366095     ,  0.0000000000000000     )
  Couplings of SMEFTsim_A_U35_MwScheme_UFO_v3_1-cW_massless
  ---------------------------------
  
        GC_64 =   0.00000E+00   0.52893E-05
       GC_345 =   0.00000E+00   0.28325E-05
         GC_1 =   0.00000E+00   0.10275E+00
         GC_2 =  -0.00000E+00  -0.20550E+00
         GC_3 =  -0.00000E+00  -0.30825E+00
       GC_278 =  -0.00000E+00  -0.37035E+00
       GC_280 =  -0.00000E+00  -0.57563E+00
       GC_318 =   0.00000E+00   0.39178E-05
       GC_328 =  -0.00000E+00  -0.55024E-01
       GC_329 =   0.00000E+00   0.11005E+00
       GC_330 =  -0.00000E+00  -0.16507E+00
      GC_1073 =  -0.00000E+00  -0.46172E+00

 Collider parameters:
 --------------------

 Running at P P   machine @    13000.000000000000       GeV
 PDF set = lhapdf 
 alpha_s(Mz)= 0.1127 running at 3 loops.
 alpha_s(Mz)= 0.1127 running at 3 loops.
 Renormalization scale set on event-by-event basis
 Factorization   scale set on event-by-event basis


 getting user params
Enter number of events and max and min iterations: 
 Number of events and iterations         2000           8           3
Enter desired fractional accuracy: 
 Desired fractional accuracy:    1.0000000000000000E-002
Enter 0 for fixed, 2 for adjustable grid: 
Suppress amplitude (0 no, 1 yes)? 
 Using suppressed amplitude.
Exact helicity sum (0 yes, n = number/event)? 
 Explicitly summing over helicities
Enter Configuration Number: 
Running Configuration Number:  133
 Using dconfig=          23
 BW Setting            2           1           2           0           0           0
 Attempting mappinvarients           1           8
 Completed mapping           8
 about to integrate           16        2000           8           3          16           1
 Using non-zero grid deformation.
 16 dimensions   2000 events 16 invarients  8 iterations  1 config(s),  (0.99)
 Using h-tuple random number sequence.
 Error opening grid
 Using Uniform Grid!          32
 Using uniform alpha   1.0000000000000000     
 Grid defined OK
 Set CM energy to      13000.00
 Mapping Graph         133  to config         133
Setting grid   1    0.59172E-04   1
 Setting BW          -2           2   80.387000000000000     
Setting grid   3    0.17093E-03   1
Setting grid   4    0.17452E-03   1
 Transforming s_hat 1/s           15   1.7452239124852076E-004   10000.000000000000        168999999.99999997     
 133   1   2   3   4   5   6   7   8   9  10  11  12  13  14
  15  16
 Masses: 0.000E+00 0.000E+00 0.178E+01 0.178E+01 0.000E+00 0.000E+00 0.000E+00 0.000E+00
Using random seed offsets   133 :      4
  with seed                   24
 Ranmar initialization seeds       31191        9401
 
 ********************************************
 * You are using the DiscreteSampler module *
 *      part of the MG5_aMC framework       *
 *         Author: Valentin Hirschi         *
 ********************************************
 
  Particle       3       4       5       6       7       8
      Et >     0.0     0.0     0.0     0.0    10.0    10.0
       E >     0.0     0.0     0.0     0.0     0.0     0.0
     Eta <    -1.0    -1.0    -1.0    -1.0     6.5     6.5
   xqcut:      0.0     0.0     0.0     0.0     0.0     0.0
d R # 3  >    -0.0     0.4     0.0     0.0     0.4     0.4
d R # 4  >    -0.0    -0.0     0.0     0.0     0.4     0.4
d R # 5  >    -0.0    -0.0    -0.0     0.0     0.0     0.0
d R # 6  >    -0.0    -0.0    -0.0    -0.0     0.0     0.0
d R # 7  >    -0.0    -0.0    -0.0    -0.0    -0.0     0.4
s min # 3>     0.0     0.0     0.0     0.0     0.0     0.0
s min # 4>     0.0     0.0     0.0     0.0     0.0     0.0
s min # 5>     0.0     0.0     0.0     0.0     0.0     0.0
s min # 6>     0.0     0.0     0.0     0.0     0.0     0.0
s min # 7>     0.0     0.0     0.0     0.0     0.0 10000.0
xqcutij # 3>     0.0     0.0     0.0     0.0     0.0     0.0
xqcutij # 4>     0.0     0.0     0.0     0.0     0.0     0.0
xqcutij # 5>     0.0     0.0     0.0     0.0     0.0     0.0
xqcutij # 6>     0.0     0.0     0.0     0.0     0.0     0.0
xqcutij # 7>     0.0     0.0     0.0     0.0     0.0     0.0
 Excluding BW           -1           1
 Requiring BW           -2           2
 Excluding BW           -5           3
 alpha_s for scale    25.087289065458631       is   0.14185989357252574     
 Added good helicity          193   199.77854996503777       in event            1 local:           1
 Added good helicity          209   56.196010676897679       in event            1 local:           1
 Added good helicity          225   1.9784040483770884E-002  in event            1 local:           1
 Added good helicity          241   5.6553175808220016E-003  in event            1 local:           1
 Added good helicity          193   199.77854996503777       in event            1 local:           1
 Added good helicity          209   56.196010676897657       in event            1 local:           1
 Added good helicity          225   1.9784040483770887E-002  in event            1 local:           1
 Added good helicity          241   5.6553175808219920E-003  in event            1 local:           1
 RESET CUMULATIVE VARIABLE
 RESET CUMULATIVE VARIABLE
 RESET CUMULATIVE VARIABLE
 Iteration  1   Mean: 0.7567E-12 Abs mean: 0.7567E-12   Fluctuation:  0.222E-12   0.270E-09    33.1%
  1    0.7567E-12 0.7567E-12 +- 0.2217E-12     13.11
 Writing out events   1.4305891108234448E-016   13.105096431220941     
 Relative summed weights:
  0.0000E+00  0.0000E+00  0.1870E-01  0.8169E-01  0.0000E+00  0.0000E+00  0.0000E+00  0.0000E+00  0.1384E+00  0.2172E+00  0.0000E+00  0.0000E+00  0.0000E+00  0.0000E+00
  0.0000E+00  0.0000E+00  0.3476E-01  0.2950E-01  0.0000E+00  0.0000E+00  0.0000E+00  0.0000E+00  0.1372E+00  0.2774E-01  0.0000E+00  0.0000E+00  0.0000E+00  0.0000E+00
  0.0000E+00  0.0000E+00  0.6038E-02  0.1539E-01  0.0000E+00  0.0000E+00  0.0000E+00  0.0000E+00  0.1911E+00  0.2366E-01  0.0000E+00  0.0000E+00  0.0000E+00  0.0000E+00
  0.0000E+00  0.0000E+00  0.2234E-01  0.8713E-02  0.0000E+00  0.0000E+00  0.0000E+00  0.0000E+00  0.2582E-01  0.2167E-01  0.0000E+00  0.0000E+00  0.0000E+00  0.0000E+00
 Relative number of events:
  0.0000E+00  0.0000E+00  0.5525E-01  0.6222E-01  0.0000E+00  0.0000E+00  0.0000E+00  0.0000E+00  0.6471E-01  0.7417E-01  0.0000E+00  0.0000E+00  0.0000E+00  0.0000E+00
  0.0000E+00  0.0000E+00  0.5625E-01  0.5973E-01  0.0000E+00  0.0000E+00  0.0000E+00  0.0000E+00  0.7018E-01  0.6272E-01  0.0000E+00  0.0000E+00  0.0000E+00  0.0000E+00
  0.0000E+00  0.0000E+00  0.6122E-01  0.6421E-01  0.0000E+00  0.0000E+00  0.0000E+00  0.0000E+00  0.6371E-01  0.6620E-01  0.0000E+00  0.0000E+00  0.0000E+00  0.0000E+00
  0.0000E+00  0.0000E+00  0.5226E-01  0.6172E-01  0.0000E+00  0.0000E+00  0.0000E+00  0.0000E+00  0.6222E-01  0.6322E-01  0.0000E+00  0.0000E+00  0.0000E+00  0.0000E+00
 Events:
           0           0         111         125           0           0           0           0         130         149           0           0           0           0
           0           0         113         120           0           0           0           0         141         126           0           0           0           0
           0           0         123         129           0           0           0           0         128         133           0           0           0           0
           0           0         105         124           0           0           0           0         125         127           0           0           0           0
 Iteration  2   Mean: 0.9508E-12 Abs mean: 0.9508E-12   Fluctuation:  0.175E-12   0.546E-09    75.8%
  2    0.9508E-12 0.9508E-12 +- 0.1753E-12     11.66
 Relative summed weights:
  0.0000E+00  0.0000E+00  0.5284E-01  0.1448E-01  0.0000E+00  0.0000E+00  0.0000E+00  0.0000E+00  0.5576E-01  0.1946E+00  0.0000E+00  0.0000E+00  0.0000E+00  0.0000E+00
  0.0000E+00  0.0000E+00  0.5882E-01  0.4424E-01  0.0000E+00  0.0000E+00  0.0000E+00  0.0000E+00  0.8704E-01  0.3109E-01  0.0000E+00  0.0000E+00  0.0000E+00  0.0000E+00
  0.0000E+00  0.0000E+00  0.4096E-01  0.4348E-01  0.0000E+00  0.0000E+00  0.0000E+00  0.0000E+00  0.1322E+00  0.3560E-01  0.0000E+00  0.0000E+00  0.0000E+00  0.0000E+00
  0.0000E+00  0.0000E+00  0.1649E-01  0.8786E-01  0.0000E+00  0.0000E+00  0.0000E+00  0.0000E+00  0.6235E-01  0.4223E-01  0.0000E+00  0.0000E+00  0.0000E+00  0.0000E+00
 Relative number of events:
  0.0000E+00  0.0000E+00  0.6275E-01  0.5825E-01  0.0000E+00  0.0000E+00  0.0000E+00  0.0000E+00  0.6525E-01  0.5775E-01  0.0000E+00  0.0000E+00  0.0000E+00  0.0000E+00
  0.0000E+00  0.0000E+00  0.5750E-01  0.5925E-01  0.0000E+00  0.0000E+00  0.0000E+00  0.0000E+00  0.7275E-01  0.6750E-01  0.0000E+00  0.0000E+00  0.0000E+00  0.0000E+00
  0.0000E+00  0.0000E+00  0.5950E-01  0.6075E-01  0.0000E+00  0.0000E+00  0.0000E+00  0.0000E+00  0.7075E-01  0.5675E-01  0.0000E+00  0.0000E+00  0.0000E+00  0.0000E+00
  0.0000E+00  0.0000E+00  0.5375E-01  0.5550E-01  0.0000E+00  0.0000E+00  0.0000E+00  0.0000E+00  0.7275E-01  0.6925E-01  0.0000E+00  0.0000E+00  0.0000E+00  0.0000E+00
 Events:
           0           0         251         233           0           0           0           0         261         231           0           0           0           0
           0           0         230         237           0           0           0           0         291         270           0           0           0           0
           0           0         238         243           0           0           0           0         283         227           0           0           0           0
           0           0         215         222           0           0           0           0         291         277           0           0           0           0
 Iteration  3   Mean: 0.1873E-11 Abs mean: 0.1873E-11   Fluctuation:  0.277E-12   0.172E-08    80.9%
  3    0.1873E-11 0.1873E-11 +- 0.2768E-12     13.22
 Relative summed weights:
  0.0000E+00  0.0000E+00  0.6312E-01  0.9029E-01  0.0000E+00  0.0000E+00  0.0000E+00  0.0000E+00  0.4850E-01  0.9570E-01  0.0000E+00  0.0000E+00  0.0000E+00  0.0000E+00
  0.0000E+00  0.0000E+00  0.5000E-01  0.1501E+00  0.0000E+00  0.0000E+00  0.0000E+00  0.0000E+00  0.4191E-01  0.2692E-01  0.0000E+00  0.0000E+00  0.0000E+00  0.0000E+00
  0.0000E+00  0.0000E+00  0.3636E-01  0.4252E-01  0.0000E+00  0.0000E+00  0.0000E+00  0.0000E+00  0.4855E-01  0.9158E-01  0.0000E+00  0.0000E+00  0.0000E+00  0.0000E+00
  0.0000E+00  0.0000E+00  0.5226E-01  0.3315E-01  0.0000E+00  0.0000E+00  0.0000E+00  0.0000E+00  0.4802E-01  0.8099E-01  0.0000E+00  0.0000E+00  0.0000E+00  0.0000E+00
 Relative number of events:
  0.0000E+00  0.0000E+00  0.5950E-01  0.5937E-01  0.0000E+00  0.0000E+00  0.0000E+00  0.0000E+00  0.6463E-01  0.6313E-01  0.0000E+00  0.0000E+00  0.0000E+00  0.0000E+00
  0.0000E+00  0.0000E+00  0.5788E-01  0.5862E-01  0.0000E+00  0.0000E+00  0.0000E+00  0.0000E+00  0.6475E-01  0.6400E-01  0.0000E+00  0.0000E+00  0.0000E+00  0.0000E+00
  0.0000E+00  0.0000E+00  0.5838E-01  0.5588E-01  0.0000E+00  0.0000E+00  0.0000E+00  0.0000E+00  0.6738E-01  0.6738E-01  0.0000E+00  0.0000E+00  0.0000E+00  0.0000E+00
  0.0000E+00  0.0000E+00  0.6350E-01  0.6187E-01  0.0000E+00  0.0000E+00  0.0000E+00  0.0000E+00  0.6738E-01  0.6638E-01  0.0000E+00  0.0000E+00  0.0000E+00  0.0000E+00
 Events:
           0           0         476         475           0           0           0           0         517         505           0           0           0           0
           0           0         463         469           0           0           0           0         518         512           0           0           0           0
           0           0         467         447           0           0           0           0         539         539           0           0           0           0
           0           0         508         495           0           0           0           0         539         531           0           0           0           0
 Accuracy:    0.246   0.010   0.107   5.276
 Found          548  events.
 Wrote            9  events.
 Actual xsec    1.4111996518278079E-012
 Correct abs xsec    1.4111996518278079E-012
 Event xsec    1.4111996518278079E-012
 Events wgts > 1:            0
 % Cross section > 1:    0.0000000000000000        0.0000000000000000     
 Iteration  4   Mean: 0.1897E-11 Abs mean: 0.1897E-11   Fluctuation:  0.157E-12   0.155E-08    83.1%
  4    0.1897E-11 0.1897E-11 +- 0.1570E-12     10.47
 Relative summed weights:
  0.0000E+00  0.0000E+00  0.9049E-01  0.5049E-01  0.0000E+00  0.0000E+00  0.0000E+00  0.0000E+00  0.5630E-01  0.1183E+00  0.0000E+00  0.0000E+00  0.0000E+00  0.0000E+00
  0.0000E+00  0.0000E+00  0.4281E-01  0.8911E-01  0.0000E+00  0.0000E+00  0.0000E+00  0.0000E+00  0.7510E-01  0.5975E-01  0.0000E+00  0.0000E+00  0.0000E+00  0.0000E+00
  0.0000E+00  0.0000E+00  0.4237E-01  0.3648E-01  0.0000E+00  0.0000E+00  0.0000E+00  0.0000E+00  0.6691E-01  0.5865E-01  0.0000E+00  0.0000E+00  0.0000E+00  0.0000E+00
  0.0000E+00  0.0000E+00  0.5787E-01  0.4646E-01  0.0000E+00  0.0000E+00  0.0000E+00  0.0000E+00  0.6343E-01  0.4550E-01  0.0000E+00  0.0000E+00  0.0000E+00  0.0000E+00
 Relative number of events:
  0.0000E+00  0.0000E+00  0.6006E-01  0.5831E-01  0.0000E+00  0.0000E+00  0.0000E+00  0.0000E+00  0.6394E-01  0.6763E-01  0.0000E+00  0.0000E+00  0.0000E+00  0.0000E+00
  0.0000E+00  0.0000E+00  0.6050E-01  0.5813E-01  0.0000E+00  0.0000E+00  0.0000E+00  0.0000E+00  0.6856E-01  0.6500E-01  0.0000E+00  0.0000E+00  0.0000E+00  0.0000E+00
  0.0000E+00  0.0000E+00  0.5881E-01  0.5719E-01  0.0000E+00  0.0000E+00  0.0000E+00  0.0000E+00  0.6419E-01  0.6594E-01  0.0000E+00  0.0000E+00  0.0000E+00  0.0000E+00
  0.0000E+00  0.0000E+00  0.5806E-01  0.5887E-01  0.0000E+00  0.0000E+00  0.0000E+00  0.0000E+00  0.6981E-01  0.6500E-01  0.0000E+00  0.0000E+00  0.0000E+00  0.0000E+00
 Events:
           0           0         961         933           0           0           0           0        1023        1082           0           0           0           0
           0           0         968         930           0           0           0           0        1097        1040           0           0           0           0
           0           0         941         915           0           0           0           0        1027        1055           0           0           0           0
           0           0         929         942           0           0           0           0        1117        1040           0           0           0           0
 Accuracy:    0.128   0.010   0.066   3.833
 Found          939  events.
 Wrote           16  events.
 Actual xsec    1.7659322950230476E-012
 Correct abs xsec    1.7659322950230476E-012
 Event xsec    1.7659322950230468E-012
 Events wgts > 1:            0
 % Cross section > 1:    0.0000000000000000        0.0000000000000000     
 Iteration  5   Mean: 0.1815E-11 Abs mean: 0.1815E-11   Fluctuation:  0.654E-13   0.714E-09    82.7%
  5    0.1815E-11 0.1815E-11 +- 0.6539E-13      6.44
 Relative summed weights:
  0.0000E+00  0.0000E+00  0.5632E-01  0.4490E-01  0.0000E+00  0.0000E+00  0.0000E+00  0.0000E+00  0.7835E-01  0.8151E-01  0.0000E+00  0.0000E+00  0.0000E+00  0.0000E+00
  0.0000E+00  0.0000E+00  0.5184E-01  0.4586E-01  0.0000E+00  0.0000E+00  0.0000E+00  0.0000E+00  0.7211E-01  0.7391E-01  0.0000E+00  0.0000E+00  0.0000E+00  0.0000E+00
  0.0000E+00  0.0000E+00  0.5978E-01  0.5012E-01  0.0000E+00  0.0000E+00  0.0000E+00  0.0000E+00  0.5559E-01  0.6374E-01  0.0000E+00  0.0000E+00  0.0000E+00  0.0000E+00
  0.0000E+00  0.0000E+00  0.5362E-01  0.5459E-01  0.0000E+00  0.0000E+00  0.0000E+00  0.0000E+00  0.7481E-01  0.8295E-01  0.0000E+00  0.0000E+00  0.0000E+00  0.0000E+00
 Relative number of events:
  0.0000E+00  0.0000E+00  0.6003E-01  0.5594E-01  0.0000E+00  0.0000E+00  0.0000E+00  0.0000E+00  0.6684E-01  0.6703E-01  0.0000E+00  0.0000E+00  0.0000E+00  0.0000E+00
  0.0000E+00  0.0000E+00  0.5747E-01  0.5647E-01  0.0000E+00  0.0000E+00  0.0000E+00  0.0000E+00  0.6663E-01  0.6875E-01  0.0000E+00  0.0000E+00  0.0000E+00  0.0000E+00
  0.0000E+00  0.0000E+00  0.6003E-01  0.5663E-01  0.0000E+00  0.0000E+00  0.0000E+00  0.0000E+00  0.6556E-01  0.6359E-01  0.0000E+00  0.0000E+00  0.0000E+00  0.0000E+00
  0.0000E+00  0.0000E+00  0.5894E-01  0.5866E-01  0.0000E+00  0.0000E+00  0.0000E+00  0.0000E+00  0.6894E-01  0.6850E-01  0.0000E+00  0.0000E+00  0.0000E+00  0.0000E+00
 Events:
           0           0        1921        1790           0           0           0           0        2139        2145           0           0           0           0
           0           0        1839        1807           0           0           0           0        2132        2200           0           0           0           0
           0           0        1921        1812           0           0           0           0        2098        2035           0           0           0           0
           0           0        1886        1877           0           0           0           0        2206        2192           0           0           0           0
 Accuracy:    0.053   0.010   0.032   2.773
 Found         2183  events.
 Wrote          142  events.
 Actual xsec    1.8304257288630254E-012
 Correct abs xsec    1.8304257288630254E-012
 Event xsec    1.8304257288630258E-012
 Events wgts > 1:            3
 % Cross section > 1:    1.6945120114799287E-014  0.92574748309098542     
 Iteration  6   Mean: 0.1791E-11 Abs mean: 0.1791E-11   Fluctuation:  0.491E-13   0.127E-08    82.0%
  6    0.1791E-11 0.1791E-11 +- 0.4906E-13      6.93
 Relative summed weights:
  0.0000E+00  0.0000E+00  0.5105E-01  0.4935E-01  0.0000E+00  0.0000E+00  0.0000E+00  0.0000E+00  0.7542E-01  0.6584E-01  0.0000E+00  0.0000E+00  0.0000E+00  0.0000E+00
  0.0000E+00  0.0000E+00  0.4577E-01  0.4723E-01  0.0000E+00  0.0000E+00  0.0000E+00  0.0000E+00  0.8393E-01  0.7470E-01  0.0000E+00  0.0000E+00  0.0000E+00  0.0000E+00
  0.0000E+00  0.0000E+00  0.4724E-01  0.5203E-01  0.0000E+00  0.0000E+00  0.0000E+00  0.0000E+00  0.7942E-01  0.7474E-01  0.0000E+00  0.0000E+00  0.0000E+00  0.0000E+00
  0.0000E+00  0.0000E+00  0.5550E-01  0.4639E-01  0.0000E+00  0.0000E+00  0.0000E+00  0.0000E+00  0.7764E-01  0.7376E-01  0.0000E+00  0.0000E+00  0.0000E+00  0.0000E+00
 Relative number of events:
  0.0000E+00  0.0000E+00  0.5775E-01  0.5889E-01  0.0000E+00  0.0000E+00  0.0000E+00  0.0000E+00  0.6813E-01  0.6594E-01  0.0000E+00  0.0000E+00  0.0000E+00  0.0000E+00
  0.0000E+00  0.0000E+00  0.5692E-01  0.5763E-01  0.0000E+00  0.0000E+00  0.0000E+00  0.0000E+00  0.6733E-01  0.6673E-01  0.0000E+00  0.0000E+00  0.0000E+00  0.0000E+00
  0.0000E+00  0.0000E+00  0.5795E-01  0.5842E-01  0.0000E+00  0.0000E+00  0.0000E+00  0.0000E+00  0.6791E-01  0.6602E-01  0.0000E+00  0.0000E+00  0.0000E+00  0.0000E+00
  0.0000E+00  0.0000E+00  0.5770E-01  0.5886E-01  0.0000E+00  0.0000E+00  0.0000E+00  0.0000E+00  0.6852E-01  0.6531E-01  0.0000E+00  0.0000E+00  0.0000E+00  0.0000E+00
 Events:
           0           0        3696        3769           0           0           0           0        4360        4220           0           0           0           0
           0           0        3643        3688           0           0           0           0        4309        4271           0           0           0           0
           0           0        3709        3739           0           0           0           0        4346        4225           0           0           0           0
           0           0        3693        3767           0           0           0           0        4385        4180           0           0           0           0
 Accuracy:    0.031   0.010   0.021   2.219
 Found         4889  events.
 Wrote          179  events.
 Actual xsec    1.8064320423996353E-012
 Correct abs xsec    1.8064320423996353E-012
 Event xsec    1.8064320423996448E-012
 Events wgts > 1:            4
 % Cross section > 1:    1.5728909733857251E-014  0.87071693618560575     
 Iteration  7   Mean: 0.1737E-11 Abs mean: 0.1737E-11   Fluctuation:  0.274E-13   0.122E-08    82.1%
  7    0.1737E-11 0.1737E-11 +- 0.2736E-13      5.64
 Relative summed weights:
  0.0000E+00  0.0000E+00  0.5328E-01  0.5064E-01  0.0000E+00  0.0000E+00  0.0000E+00  0.0000E+00  0.6746E-01  0.7393E-01  0.0000E+00  0.0000E+00  0.0000E+00  0.0000E+00
  0.0000E+00  0.0000E+00  0.5473E-01  0.5405E-01  0.0000E+00  0.0000E+00  0.0000E+00  0.0000E+00  0.6642E-01  0.6900E-01  0.0000E+00  0.0000E+00  0.0000E+00  0.0000E+00
  0.0000E+00  0.0000E+00  0.5551E-01  0.5545E-01  0.0000E+00  0.0000E+00  0.0000E+00  0.0000E+00  0.8250E-01  0.7090E-01  0.0000E+00  0.0000E+00  0.0000E+00  0.0000E+00
  0.0000E+00  0.0000E+00  0.5065E-01  0.5866E-01  0.0000E+00  0.0000E+00  0.0000E+00  0.0000E+00  0.6969E-01  0.6713E-01  0.0000E+00  0.0000E+00  0.0000E+00  0.0000E+00
 Relative number of events:
  0.0000E+00  0.0000E+00  0.5868E-01  0.5817E-01  0.0000E+00  0.0000E+00  0.0000E+00  0.0000E+00  0.6551E-01  0.6639E-01  0.0000E+00  0.0000E+00  0.0000E+00  0.0000E+00
  0.0000E+00  0.0000E+00  0.5850E-01  0.5943E-01  0.0000E+00  0.0000E+00  0.0000E+00  0.0000E+00  0.6624E-01  0.6610E-01  0.0000E+00  0.0000E+00  0.0000E+00  0.0000E+00
  0.0000E+00  0.0000E+00  0.5945E-01  0.6048E-01  0.0000E+00  0.0000E+00  0.0000E+00  0.0000E+00  0.6560E-01  0.6570E-01  0.0000E+00  0.0000E+00  0.0000E+00  0.0000E+00
  0.0000E+00  0.0000E+00  0.5841E-01  0.5848E-01  0.0000E+00  0.0000E+00  0.0000E+00  0.0000E+00  0.6618E-01  0.6667E-01  0.0000E+00  0.0000E+00  0.0000E+00  0.0000E+00
 Events:
           0           0        7511        7446           0           0           0           0        8385        8498           0           0           0           0
           0           0        7488        7607           0           0           0           0        8479        8461           0           0           0           0
           0           0        7610        7742           0           0           0           0        8397        8409           0           0           0           0
           0           0        7476        7486           0           0           0           0        8471        8534           0           0           0           0
 Accuracy:    0.018   0.010   0.013   2.165
 Found        10297  events.
 Wrote          520  events.
 Actual xsec    1.7585067807542394E-012
Thanks for using LHAPDF 6.2.1. Please make sure to cite the paper:
  Eur.Phys.J. C75 (2015) 3, 132  (http://arxiv.org/abs/1412.7420)
 Correct abs xsec    1.7585067807542394E-012
 Event xsec    1.7585067807542354E-012
 Events wgts > 1:            7
 % Cross section > 1:    1.5242054779588198E-014  0.86676121732386946     
 Iteration  8   Mean: 0.1790E-11 Abs mean: 0.1790E-11   Fluctuation:  0.194E-13   0.173E-08    81.4%
  8    0.1790E-11 0.1790E-11 +- 0.1944E-13      5.50
 Relative summed weights:
  0.0000E+00  0.0000E+00  0.5589E-01  0.5351E-01  0.0000E+00  0.0000E+00  0.0000E+00  0.0000E+00  0.7302E-01  0.7180E-01  0.0000E+00  0.0000E+00  0.0000E+00  0.0000E+00
  0.0000E+00  0.0000E+00  0.4991E-01  0.5384E-01  0.0000E+00  0.0000E+00  0.0000E+00  0.0000E+00  0.7367E-01  0.7807E-01  0.0000E+00  0.0000E+00  0.0000E+00  0.0000E+00
  0.0000E+00  0.0000E+00  0.4933E-01  0.5723E-01  0.0000E+00  0.0000E+00  0.0000E+00  0.0000E+00  0.6958E-01  0.6552E-01  0.0000E+00  0.0000E+00  0.0000E+00  0.0000E+00
  0.0000E+00  0.0000E+00  0.5080E-01  0.5242E-01  0.0000E+00  0.0000E+00  0.0000E+00  0.0000E+00  0.7325E-01  0.7215E-01  0.0000E+00  0.0000E+00  0.0000E+00  0.0000E+00
 Relative number of events:
  0.0000E+00  0.0000E+00  0.5890E-01  0.5881E-01  0.0000E+00  0.0000E+00  0.0000E+00  0.0000E+00  0.6603E-01  0.6710E-01  0.0000E+00  0.0000E+00  0.0000E+00  0.0000E+00
  0.0000E+00  0.0000E+00  0.5930E-01  0.5873E-01  0.0000E+00  0.0000E+00  0.0000E+00  0.0000E+00  0.6596E-01  0.6643E-01  0.0000E+00  0.0000E+00  0.0000E+00  0.0000E+00
  0.0000E+00  0.0000E+00  0.5842E-01  0.5853E-01  0.0000E+00  0.0000E+00  0.0000E+00  0.0000E+00  0.6604E-01  0.6678E-01  0.0000E+00  0.0000E+00  0.0000E+00  0.0000E+00
  0.0000E+00  0.0000E+00  0.5782E-01  0.5827E-01  0.0000E+00  0.0000E+00  0.0000E+00  0.0000E+00  0.6575E-01  0.6713E-01  0.0000E+00  0.0000E+00  0.0000E+00  0.0000E+00
 Events:
           0           0       15079       15055           0           0           0           0       16903       17177           0           0           0           0
           0           0       15181       15036           0           0           0           0       16886       17006           0           0           0           0
           0           0       14955       14984           0           0           0           0       16906       17096           0           0           0           0
           0           0       14803       14917           0           0           0           0       16831       17185           0           0           0           0
 Accuracy:    0.012   0.010   0.008   1.996
 Found        21724  events.
 Wrote         1367  events.
 Actual xsec    1.7746222108714910E-012
 Correct abs xsec    1.7746222108714910E-012
 Event xsec    1.7746222108713874E-012
 Events wgts > 1:           24
 % Cross section > 1:    1.7444024064369659E-014  0.98297113365915612     

 -------------------------------------------------------------------------------
 Accumulated results:   Integral =  0.1776E-11
                        Std dev  =  0.1458E-13
                       Cross sec =  0.1776E-11
             Chi**2 per DoF.     =      1.9964
 -------------------------------------------------------------------------------
-------------------------------------------------
---------------------------
 Results Last   3 iters: Integral =   0.1775E-11
                     Abs integral =   0.1775E-11
                          Std dev =   0.1508E-13
                  Chi**2 per DoF. =      1.3289
-------------------------------------------------
---------------------------
 Status   1.0000000000000000E-002           9           8

ls status:
events.lhe
ftn26
input_app.txt
results.dat
run1_app.log
