==== LHAPDF6 USING DEFAULT-TYPE LHAGLUE INTERFACE ====
LHAPDF 6.2.1 loading /cvmfs/cms.cern.ch/slc6_amd64_gcc630/external/lhapdf/6.2.1-ghjeda2/share/LHAPDF/NNPDF31_nnlo_as_0118_nf_4_mc_hessian/NNPDF31_nnlo_as_0118_nf_4_mc_hessian_0000.dat
NNPDF31_nnlo_as_0118_nf_4_mc_hessian PDF set, member #0, version 1; LHAPDF ID = 325500
 Process in group number            2
 A PDF is used, so alpha_s(MZ) is going to be modified
 Old value of alpha_s from param_card:   0.11810000000000001     
 New value of alpha_s from PDF lhapdf :  0.11266013434007299     
 using LHAPDF
 Define smin to   10000.000000000000     
 Define smin to   10000.000000000000     
 Define smin to   10000.000000000000     
 Define smin to   10000.000000000000     
 Define smin to   10000.000000000000     
 Define smin to   10000.000000000000     
 Define smin to   10000.000000000000     
 *****************************************************
 *               MadGraph/MadEvent                   *
 *        --------------------------------           *
 *          http://madgraph.hep.uiuc.edu             *
 *          http://madgraph.phys.ucl.ac.be           *
 *          http://madgraph.roma2.infn.it            *
 *        --------------------------------           *
 *                                                   *
 *          PARAMETER AND COUPLING VALUES            *
 *                                                   *
 *****************************************************

  External Params
  ---------------------------------
  
 mdl_MW0 =    80.387000000000000     
 mdl_Gf =    1.1663789999999999E-005
 aS =   0.11810000000000001     
 mdl_ymdo =    1.0000000000000000E-099
 mdl_ymb =    4.1799999999999997     
 mdl_ymt =    173.19999999999999     
 mdl_ymtau =    1.7769999999999999     
 mdl_LambdaSMEFT =    1000.0000000000000     
 mdl_cHW =    1.0000000000000000     
 mdl_MZ =    91.187600000000003     
 mdl_MTA =    1.7769999999999999     
 mdl_MT =    173.19999999999999     
 mdl_MB =    4.1799999999999997     
 mdl_MH =    125.09000000000000     
 mdl_WZ =    2.4952000000000001     
 mdl_WW =    2.0850000000000000     
 mdl_WT =    1.5083359999999999     
 mdl_WH =    4.0699999999999998E-003
  Internal Params
  ---------------------------------
  
 mdl_ymm =    1.0000000000000000E-099
 mdl_yme =    1.0000000000000000E-099
 mdl_ymc =    1.0000000000000000E-099
 mdl_yms =    1.0000000000000000E-099
 mdl_ymup =    1.0000000000000000E-099
 mdl_conjg__CKM3x3 =    1.0000000000000000     
 mdl_cH =    0.0000000000000000     
 mdl_cHB =    0.0000000000000000     
 mdl_CKM1x1 =    1.0000000000000000     
 mdl_conjg__CKM1x1 =    1.0000000000000000     
 mdl_dGf =    0.0000000000000000     
 mdl_CKM3x3 =    1.0000000000000000     
 mdl_dMH2 =    0.0000000000000000     
 mdl_conjg__CKM2x2 =    1.0000000000000000     
 mdl_dg1 =    0.0000000000000000     
 mdl_CKM2x2 =    1.0000000000000000     
 mdl_dgw =    0.0000000000000000     
 mdl_complexi =  (  0.0000000000000000     ,  1.0000000000000000     )
 mdl_MW =    80.387000000000000     
 mdl_nb__2__exp__0_25 =    1.1892071150027210     
 mdl_MH__exp__2 =    15647.508100000001     
 mdl_sqrt__2 =    1.4142135623730951     
 mdl_MW__exp__2 =    6462.0697689999997     
 mdl_MZ__exp__2 =    8315.1783937600012     
 mdl_sth2 =   0.22285855299877133     
 mdl_MH__exp__6 =    3831206449390.3818     
 mdl_MT__exp__6 =    26995248278778.535     
 mdl_MH__exp__4 =    244844509.73956564     
 mdl_MT__exp__4 =    899894403.09759963     
 mdl_MT__exp__2 =    29998.239999999994     
 mdl_LambdaSMEFT__exp__2 =    1000000.0000000000     
 mdl_cth =   0.88155626422890820     
 mdl_sqrt__sth2 =   0.47207896902824564     
 mdl_sth =   0.47207896902824564     
 mdl_MW0__exp__6 =    269845343347.69711     
 mdl_MW0__exp__4 =    41758345.699423708     
 mdl_MW0__exp__2 =    6462.0697689999997     
 mdl_MZ__exp__4 =    69142191.720053151     
 mdl_MZ__exp__6 =    574929658687.79749     
 mdl_cth__exp__2 =   0.77714144700122867     
 mdl_sth__exp__2 =   0.22285855299877130     
 mdl_sth__exp__3 =   0.10520683593878660     
 mdl_cth__exp__3 =   0.68509391079585125     
 mdl_sth__exp__4 =    4.9665934644706158E-002
 mdl_sqrt__Gf =    3.4152291284773265E-003
 mdl_vevhat =    246.21961912951551     
 mdl_lam =   0.12905352724481209     
 mdl_aEW =    7.5614618607353409E-003
 mdl_yb =    2.4008698866559607E-002
 mdl_yc =    5.7437078628133041E-102
 mdl_ydo =    5.7437078628133041E-102
 mdl_ye =    5.7437078628133041E-102
 mdl_ym =    5.7437078628133041E-102
 mdl_ys =    5.7437078628133041E-102
 mdl_yt =   0.99481020183926416     
 mdl_ytau =    1.0206568872219240E-002
 mdl_yup =    5.7437078628133041E-102
 mdl_vevhat__exp__2 =    60624.100844283676     
 mdl_barlam =   0.12905352724481209     
 mdl_vevT =    246.21961912951551     
 mdl_sqrt__aEW =    8.6956666568672819E-002
 mdl_ee =   0.30825335704310214     
 mdl_gwsh =   0.61338418662494298     
 mdl_vev =    246.21961912951551     
 mdl_g1 =   0.34966952144878632     
 mdl_gw =   0.65296989967087182     
 mdl_ee__exp__2 =    9.5020132128342205E-002
 mdl_gHaa =   -1.9303830602986922E-003
 mdl_gHza =   -6.8546472954154700E-003
 mdl_g1sh =   0.34966952144878632     
 mdl_I1d11 =  (  5.7437078628133041E-102,  0.0000000000000000     )
 mdl_I1d22 =  (  5.7437078628133041E-102,  0.0000000000000000     )
 mdl_I1d33 =  (  2.4008698866559607E-002,  0.0000000000000000     )
 mdl_I2d11 =  (  5.7437078628133041E-102,  0.0000000000000000     )
 mdl_I2d22 =  (  5.7437078628133041E-102,  0.0000000000000000     )
 mdl_I2d33 =  ( 0.99481020183926416     ,  0.0000000000000000     )
 mdl_I3d11 =  (  5.7437078628133041E-102,  0.0000000000000000     )
 mdl_I3d22 =  (  5.7437078628133041E-102,  0.0000000000000000     )
 mdl_I3d33 =  (  2.4008698866559607E-002,  0.0000000000000000     )
 mdl_I4d11 =  (  5.7437078628133041E-102,  0.0000000000000000     )
 mdl_I4d22 =  (  5.7437078628133041E-102,  0.0000000000000000     )
 mdl_I4d33 =  ( 0.99481020183926416     ,  0.0000000000000000     )
 mdl_I5d11 =  (  5.7437078628133041E-102,  0.0000000000000000     )
 mdl_I5d22 =  (  5.7437078628133041E-102,  0.0000000000000000     )
 mdl_I5d33 =  (  2.4008698866559607E-002,  0.0000000000000000     )
 mdl_I6d11 =  (  5.7437078628133041E-102,  0.0000000000000000     )
 mdl_I6d22 =  (  5.7437078628133041E-102,  0.0000000000000000     )
 mdl_I6d33 =  ( 0.99481020183926416     ,  0.0000000000000000     )
 mdl_ee__exp__3 =    2.9290274715240611E-002
 mdl_vevhat__exp__3 =    14926843.019948866     
  Internal Params evaluated point by point
  ----------------------------------------
  
 mdl_sqrt__aS =   0.34365680554879169     
 mdl_G__exp__2 =    1.4840883695558185     
 mdl_gHgg =    3.2334372328970845E-003
 mdl_G__exp__3 =  (  1.8079634332366095     ,  0.0000000000000000     )
  Couplings of SMEFTsim_A_U35_MwScheme_UFO_v3_1-cHW_massless
  ---------------------------------
  
         GC_1 =   0.00000E+00   0.10275E+00
         GC_2 =  -0.00000E+00  -0.20550E+00
         GC_3 =  -0.00000E+00  -0.30825E+00
       GC_255 =  -0.00000E+00  -0.42637E+00
       GC_278 =  -0.00000E+00  -0.37035E+00
       GC_280 =  -0.00000E+00  -0.57563E+00
       GC_328 =  -0.00000E+00  -0.55024E-01
       GC_329 =   0.00000E+00   0.11005E+00
       GC_330 =  -0.00000E+00  -0.16507E+00
       GC_387 =   0.00000E+00   0.98488E-03
       GC_400 =   0.00000E+00   0.52490E+02
       GC_809 =  -0.00000E+00  -0.72171E-02
      GC_1073 =  -0.00000E+00  -0.46172E+00

 Collider parameters:
 --------------------

 Running at P P   machine @    13000.000000000000       GeV
 PDF set = lhapdf 
 alpha_s(Mz)= 0.1127 running at 3 loops.
 alpha_s(Mz)= 0.1127 running at 3 loops.
 Renormalization scale set on event-by-event basis
 Factorization   scale set on event-by-event basis


 getting user params
Enter number of events and max and min iterations: 
 Number of events and iterations         2000           8           3
Enter desired fractional accuracy: 
 Desired fractional accuracy:    1.0000000000000000E-002
Enter 0 for fixed, 2 for adjustable grid: 
Suppress amplitude (0 no, 1 yes)? 
 Using suppressed amplitude.
Exact helicity sum (0 yes, n = number/event)? 
 Explicitly summing over helicities
Enter Configuration Number: 
Running Configuration Number:   30
 Not subdividing B.W.
 Attempting mappinvarients           1           8
 Completed mapping           8
 about to integrate           16        2000           8           3          16           1
 Using non-zero grid deformation.
 16 dimensions   2000 events 16 invarients  8 iterations  1 config(s),  (0.99)
 Using h-tuple random number sequence.
 Error opening grid
 Using Uniform Grid!          32
 Using uniform alpha   1.0000000000000000     
 Grid defined OK
 Set CM energy to      13000.00
 Mapping Graph          30  to config          30
 Setting BW          -1           1   80.387000000000000     
Setting grid   2    0.18685E-07   1
 Warning: No cutoff for shat integral found
          Minimum set to    5.9171597633136107E-009
Setting grid   3    0.59172E-08   1
 Warning: No cutoff for shat integral found
          Minimum set to    5.9171597633136107E-009
Setting grid   4    0.59172E-08   1
Setting grid   5    0.59172E-06   1
 Transforming s_hat 1/s           15   5.9171597633136108E-005   10000.000000000000        168999999.99999997     
  30   1   2   3   4   5   6   7   8   9  10  11  12  13  14
  15  16
 Masses: 0.000E+00 0.000E+00 0.000E+00 0.178E+01 0.000E+00 0.000E+00 0.000E+00 0.000E+00
Using random seed offsets    30 :      6
  with seed                   24
 Ranmar initialization seeds       31088        9403
 
 ********************************************
 * You are using the DiscreteSampler module *
 *      part of the MG5_aMC framework       *
 *         Author: Valentin Hirschi         *
 ********************************************
 
  Particle       3       4       5       6       7       8
      Et >     0.0     0.0     0.0     0.0    10.0    10.0
       E >     0.0     0.0     0.0     0.0     0.0     0.0
     Eta <    -1.0    -1.0    -1.0    -1.0     6.5     6.5
   xqcut:      0.0     0.0     0.0     0.0     0.0     0.0
d R # 3  >    -0.0     0.4     0.0     0.0     0.4     0.4
d R # 4  >    -0.0    -0.0     0.0     0.0     0.4     0.4
d R # 5  >    -0.0    -0.0    -0.0     0.0     0.0     0.0
d R # 6  >    -0.0    -0.0    -0.0    -0.0     0.0     0.0
d R # 7  >    -0.0    -0.0    -0.0    -0.0    -0.0     0.4
s min # 3>     0.0     0.0     0.0     0.0     0.0     0.0
s min # 4>     0.0     0.0     0.0     0.0     0.0     0.0
s min # 5>     0.0     0.0     0.0     0.0     0.0     0.0
s min # 6>     0.0     0.0     0.0     0.0     0.0     0.0
s min # 7>     0.0     0.0     0.0     0.0     0.0 10000.0
xqcutij # 3>     0.0     0.0     0.0     0.0     0.0     0.0
xqcutij # 4>     0.0     0.0     0.0     0.0     0.0     0.0
xqcutij # 5>     0.0     0.0     0.0     0.0     0.0     0.0
xqcutij # 6>     0.0     0.0     0.0     0.0     0.0     0.0
xqcutij # 7>     0.0     0.0     0.0     0.0     0.0     0.0
 No cut BW           -1           1
 No cut BW           -5           2
 alpha_s for scale    40.150244183835838       is   0.12956058435771661     
 Added good helicity          193  -255.98636236039306       in event            1 local:           1
 Added good helicity          209  -1.3637639606954485E-002  in event            1 local:           1
 Added good helicity          193  -255.84178851513673       in event            1 local:           1
 Added good helicity          209  0.15821148486326636       in event            1 local:           1
 RESET CUMULATIVE VARIABLE
 RESET CUMULATIVE VARIABLE
 RESET CUMULATIVE VARIABLE
 Iteration  1   Mean: 0.1459E-08 Abs mean: 0.2282E-08   Fluctuation:  0.449E-09   0.711E-06     3.0%
  1    0.1459E-08 0.2282E-08 +- 0.4490E-09      8.80
 Writing out events   4.8301663444592205E-012   8.7990341340616673     
 Relative summed weights:
  0.3916E+00  0.0000E+00  0.6887E-01  0.1376E+00  0.2945E-01  0.0000E+00  0.7874E-01  0.7002E-01  0.0000E+00  0.0000E+00  0.7053E-01  0.6001E-01  0.2152E-01  0.9679E-03
  0.4992E-01  0.0000E+00  0.0000E+00  0.0000E+00  0.2079E-01  0.0000E+00  0.0000E+00  0.0000E+00  0.0000E+00  0.0000E+00  0.0000E+00  0.0000E+00  0.0000E+00  0.0000E+00
 Relative number of events:
  0.1410E+00  0.0000E+00  0.1521E+00  0.1570E+00  0.9770E-02  0.0000E+00  0.7606E-01  0.6420E-01  0.0000E+00  0.0000E+00  0.1158E+00  0.1124E+00  0.1186E-01  0.1117E-01
  0.1361E+00  0.0000E+00  0.0000E+00  0.0000E+00  0.1256E-01  0.0000E+00  0.0000E+00  0.0000E+00  0.0000E+00  0.0000E+00  0.0000E+00  0.0000E+00  0.0000E+00  0.0000E+00
 Events:
         202           0         218         225          14           0         109          92           0           0         166         161          17          16
         195           0           0           0          18           0           0           0           0           0           0           0           0           0
 Iteration  2   Mean: 0.2646E-08 Abs mean: 0.3428E-08   Fluctuation:  0.820E-09   0.194E-05    45.2%
  2    0.2646E-08 0.3428E-08 +- 0.8201E-09     15.13
 Relative summed weights:
  0.2398E+00  0.0000E+00  0.2864E+00  0.4619E-01  0.2133E-02  0.0000E+00  0.8918E-01  0.2706E-01  0.0000E+00  0.0000E+00  0.3402E-01  0.3110E-01  0.1509E-02  0.3688E-02
  0.2312E+00  0.0000E+00  0.0000E+00  0.0000E+00  0.7786E-02  0.0000E+00  0.0000E+00  0.0000E+00  0.0000E+00  0.0000E+00  0.0000E+00  0.0000E+00  0.0000E+00  0.0000E+00
 Relative number of events:
  0.1339E+00  0.0000E+00  0.1641E+00  0.1706E+00  0.1162E-01  0.0000E+00  0.6897E-01  0.6534E-01  0.0000E+00  0.0000E+00  0.1093E+00  0.1064E+00  0.7985E-02  0.8348E-02
  0.1434E+00  0.0000E+00  0.0000E+00  0.0000E+00  0.1016E-01  0.0000E+00  0.0000E+00  0.0000E+00  0.0000E+00  0.0000E+00  0.0000E+00  0.0000E+00  0.0000E+00  0.0000E+00
 Events:
         369           0         452         470          32           0         190         180           0           0         301         293          22          23
         395           0           0           0          28           0           0           0           0           0           0           0           0           0
 Iteration  3   Mean: -.2821E-10 Abs mean: 0.5395E-08   Fluctuation:  0.155E-08   0.101E-04    61.3%
  3   -0.2821E-10 0.5395E-08 +- 0.1548E-08     25.67
 Relative summed weights:
  0.1804E+00  0.0000E+00  0.1354E+00  0.1167E+00  0.2211E-02  0.0000E+00  0.5348E-01  0.1327E+00  0.0000E+00  0.0000E+00  0.1279E+00  0.5956E-01  0.3581E-02  0.5565E-02
  0.1767E+00  0.0000E+00  0.0000E+00  0.0000E+00  0.5894E-02  0.0000E+00  0.0000E+00  0.0000E+00  0.0000E+00  0.0000E+00  0.0000E+00  0.0000E+00  0.0000E+00  0.0000E+00
 Relative number of events:
  0.1476E+00  0.0000E+00  0.1588E+00  0.1705E+00  0.1282E-01  0.0000E+00  0.6374E-01  0.6648E-01  0.0000E+00  0.0000E+00  0.9945E-01  0.1103E+00  0.8974E-02  0.7509E-02
  0.1441E+00  0.0000E+00  0.0000E+00  0.0000E+00  0.9707E-02  0.0000E+00  0.0000E+00  0.0000E+00  0.0000E+00  0.0000E+00  0.0000E+00  0.0000E+00  0.0000E+00  0.0000E+00
 Events:
         806           0         867         931          70           0         348         363           0           0         543         602          49          41
         787           0           0           0          53           0           0           0           0           0           0           0           0           0
 Accuracy:    0.256   0.010   0.134   3.631
 Found          586  events.
 Wrote            5  events.
 Actual xsec    1.5077431902294365E-009
 Correct abs xsec    3.3248153983942587E-009
 Event xsec    3.3248153983942587E-009
 Events wgts > 1:            1
 % Cross section > 1:    5.6528632188354192E-017   1.7002036328289103E-006
 Iteration  4   Mean: 0.2141E-08 Abs mean: 0.3265E-08   Fluctuation:  0.195E-09   0.198E-05    69.8%
  4    0.2141E-08 0.3265E-08 +- 0.1950E-09      7.55
 Relative summed weights:
  0.3178E+00  0.0000E+00  0.1073E+00  0.1062E+00  0.8003E-02  0.0000E+00  0.8612E-01  0.7811E-01  0.0000E+00  0.0000E+00  0.4846E-01  0.4981E-01  0.1131E-01  0.3268E-02
  0.1667E+00  0.0000E+00  0.0000E+00  0.0000E+00  0.1683E-01  0.0000E+00  0.0000E+00  0.0000E+00  0.0000E+00  0.0000E+00  0.0000E+00  0.0000E+00  0.0000E+00  0.0000E+00
 Relative number of events:
  0.1621E+00  0.0000E+00  0.1562E+00  0.1590E+00  0.9049E-02  0.0000E+00  0.6521E-01  0.6614E-01  0.0000E+00  0.0000E+00  0.9600E-01  0.9814E-01  0.7370E-02  0.6997E-02
  0.1640E+00  0.0000E+00  0.0000E+00  0.0000E+00  0.9796E-02  0.0000E+00  0.0000E+00  0.0000E+00  0.0000E+00  0.0000E+00  0.0000E+00  0.0000E+00  0.0000E+00  0.0000E+00
 Events:
        1738           0        1674        1704          97           0         699         709           0           0        1029        1052          79          75
        1758           0           0           0         105           0           0           0           0           0           0           0           0           0
 Accuracy:    0.086   0.010   0.055   2.500
 Found          888  events.
 Wrote           19  events.
 Actual xsec    2.0841570384272770E-009
 Correct abs xsec    3.3579183898933259E-009
 Event xsec    3.3579183898933259E-009
 Events wgts > 1:            0
 % Cross section > 1:    0.0000000000000000        0.0000000000000000     
 Iteration  5   Mean: 0.2053E-08 Abs mean: 0.3449E-08   Fluctuation:  0.107E-09   0.141E-05    73.5%
  5    0.2053E-08 0.3449E-08 +- 0.1072E-09      5.56
 Relative summed weights:
  0.2262E+00  0.0000E+00  0.1094E+00  0.1121E+00  0.1095E-01  0.0000E+00  0.7095E-01  0.7106E-01  0.0000E+00  0.0000E+00  0.5111E-01  0.5332E-01  0.6257E-02  0.1405E-01
  0.2658E+00  0.0000E+00  0.0000E+00  0.0000E+00  0.8715E-02  0.0000E+00  0.0000E+00  0.0000E+00  0.0000E+00  0.0000E+00  0.0000E+00  0.0000E+00  0.0000E+00  0.0000E+00
 Relative number of events:
  0.1685E+00  0.0000E+00  0.1596E+00  0.1588E+00  0.9207E-02  0.0000E+00  0.6204E-01  0.6121E-01  0.0000E+00  0.0000E+00  0.9637E-01  0.9660E-01  0.5783E-02  0.6616E-02
  0.1651E+00  0.0000E+00  0.0000E+00  0.0000E+00  0.1013E-01  0.0000E+00  0.0000E+00  0.0000E+00  0.0000E+00  0.0000E+00  0.0000E+00  0.0000E+00  0.0000E+00  0.0000E+00
 Events:
        3643           0        3450        3432         199           0        1341        1323           0           0        2083        2088         125         143
        3568           0           0           0         219           0           0           0           0           0           0           0           0           0
 Accuracy:    0.037   0.010   0.027   1.898
 Found         2886  events.
 Wrote          172  events.
 Actual xsec    2.0526061387265234E-009
 Correct abs xsec    3.4277985154328874E-009
 Event xsec    3.4277985154329064E-009
 Events wgts > 1:            4
 % Cross section > 1:    3.0971953851376512E-011  0.90355234451301980     
 Iteration  6   Mean: 0.2012E-08 Abs mean: 0.3426E-08   Fluctuation:  0.624E-10   0.135E-05    76.4%
  6    0.2012E-08 0.3426E-08 +- 0.6245E-10      4.61
 Relative summed weights:
  0.2224E+00  0.0000E+00  0.1163E+00  0.1022E+00  0.9486E-02  0.0000E+00  0.9123E-01  0.9653E-01  0.0000E+00  0.0000E+00  0.5693E-01  0.5320E-01  0.6737E-02  0.7379E-02
  0.2294E+00  0.0000E+00  0.0000E+00  0.0000E+00  0.8288E-02  0.0000E+00  0.0000E+00  0.0000E+00  0.0000E+00  0.0000E+00  0.0000E+00  0.0000E+00  0.0000E+00  0.0000E+00
 Relative number of events:
  0.1711E+00  0.0000E+00  0.1596E+00  0.1605E+00  0.9520E-02  0.0000E+00  0.6184E-01  0.6280E-01  0.0000E+00  0.0000E+00  0.9152E-01  0.9471E-01  0.6401E-02  0.6959E-02
  0.1661E+00  0.0000E+00  0.0000E+00  0.0000E+00  0.8845E-02  0.0000E+00  0.0000E+00  0.0000E+00  0.0000E+00  0.0000E+00  0.0000E+00  0.0000E+00  0.0000E+00  0.0000E+00
 Events:
        7352           0        6859        6897         409           0        2657        2698           0           0        3932        4069         275         299
        7137           0           0           0         380           0           0           0           0           0           0           0           0           0
 Accuracy:    0.019   0.010   0.015   1.513
 Found         6144  events.
 Wrote          473  events.
 Actual xsec    2.0305215627130238E-009
 Correct abs xsec    3.4212878939249511E-009
 Event xsec    3.4212878939249420E-009
 Events wgts > 1:            6
 % Cross section > 1:    3.0696677668420803E-011  0.89722579976177363     
 Iteration  7   Mean: 0.2043E-08 Abs mean: 0.3382E-08   Fluctuation:  0.374E-10   0.136E-05    78.4%
  7    0.2043E-08 0.3382E-08 +- 0.3738E-10      3.95
 Exceeded boost           2          96   128000.000    
 Exceeded boost          11          95   128000.000    
 Relative summed weights:
  0.2324E+00  0.0000E+00  0.1069E+00  0.1057E+00  0.1499E-01  0.0000E+00  0.8781E-01  0.8856E-01  0.0000E+00  0.0000E+00  0.5162E-01  0.5660E-01  0.7271E-02  0.6466E-02
  0.2309E+00  0.0000E+00  0.0000E+00  0.0000E+00  0.1071E-01  0.0000E+00  0.0000E+00  0.0000E+00  0.0000E+00  0.0000E+00  0.0000E+00  0.0000E+00  0.0000E+00  0.0000E+00
 Relative number of events:
Thanks for using LHAPDF 6.2.1. Please make sure to cite the paper:
  Eur.Phys.J. C75 (2015) 3, 132  (http://arxiv.org/abs/1412.7420)
  0.1680E+00  0.0000E+00  0.1633E+00  0.1630E+00  0.9143E-02  0.0000E+00  0.6192E-01  0.6211E-01  0.0000E+00  0.0000E+00  0.8946E-01  0.9164E-01  0.6134E-02  0.5821E-02
  0.1712E+00  0.0000E+00  0.0000E+00  0.0000E+00  0.8307E-02  0.0000E+00  0.0000E+00  0.0000E+00  0.0000E+00  0.0000E+00  0.0000E+00  0.0000E+00  0.0000E+00  0.0000E+00
 Events:
       14464           0       14054       14027         787           0        5330        5346           0           0        7700        7888         528         501
       14733           0           0           0         715           0           0           0           0           0           0           0           0           0
 Accuracy:    0.010   0.010   0.009   1.338
 Found        12744  events.
 Wrote         1146  events.
 Actual xsec    2.0366162063176635E-009
 Correct abs xsec    3.3986916277468448E-009
 Event xsec    3.3986916277469424E-009
 Events wgts > 1:           17
 % Cross section > 1:    3.1792306721461167E-011  0.93542781174698386     
 Iteration  8   Mean: 0.2114E-08 Abs mean: 0.3430E-08   Fluctuation:  0.246E-10   0.170E-05    79.4%
  8    0.2114E-08 0.3430E-08 +- 0.2465E-10      3.64
 Exceeded boost           2          96   256000.000    
 Exceeded boost           4          96   128000.000    
 Exceeded boost          11          95   256000.000    
 Relative summed weights:
  0.2381E+00  0.0000E+00  0.1045E+00  0.1057E+00  0.9548E-02  0.0000E+00  0.8680E-01  0.8867E-01  0.0000E+00  0.0000E+00  0.5492E-01  0.5469E-01  0.7305E-02  0.7960E-02
  0.2308E+00  0.0000E+00  0.0000E+00  0.0000E+00  0.1109E-01  0.0000E+00  0.0000E+00  0.0000E+00  0.0000E+00  0.0000E+00  0.0000E+00  0.0000E+00  0.0000E+00  0.0000E+00
 Relative number of events:
  0.1741E+00  0.0000E+00  0.1599E+00  0.1612E+00  0.8329E-02  0.0000E+00  0.6227E-01  0.6272E-01  0.0000E+00  0.0000E+00  0.8973E-01  0.8976E-01  0.5823E-02  0.5805E-02
  0.1719E+00  0.0000E+00  0.0000E+00  0.0000E+00  0.8514E-02  0.0000E+00  0.0000E+00  0.0000E+00  0.0000E+00  0.0000E+00  0.0000E+00  0.0000E+00  0.0000E+00  0.0000E+00
 Events:
       30076           0       27624       27854        1439           0       10759       10837           0           0       15503       15508        1006        1003
       29698           0           0           0        1471           0           0           0           0           0           0           0           0           0
 Accuracy:    0.006   0.010   0.006   1.243
 Finished due to accuracy    6.2386434120485787E-003   1.0000000000000000E-002

 -------------------------------------------------------------------------------
 Accumulated results:   Integral =  0.3416E-08
                        Std dev  =  0.1912E-10
                       Cross sec =  0.2084E-08
             Chi**2 per DoF.     =      1.2427
 -------------------------------------------------------------------------------
 Found        26403  events.
 Wrote         3094  events.
 Actual xsec    2.0853922150456046E-009
 Correct abs xsec    3.4166295324203480E-009
 Event xsec    3.4166295324201168E-009
 Events wgts > 1:           52
 % Cross section > 1:    3.4176559981776264E-011   1.0003004322674640     
-------------------------------------------------
---------------------------
 Results Last   3 iters: Integral =   0.2085E-08
                     Abs integral =   0.3417E-08
                          Std dev =   0.1954E-10
                  Chi**2 per DoF. =      0.5770
-------------------------------------------------
---------------------------
 Status   1.0000000000000000E-002           9           8

ls status:
events.lhe
ftn26
input_app.txt
results.dat
run1_app.log
