==== LHAPDF6 USING DEFAULT-TYPE LHAGLUE INTERFACE ====
LHAPDF 6.2.1 loading /cvmfs/cms.cern.ch/slc6_amd64_gcc630/external/lhapdf/6.2.1-ghjeda2/share/LHAPDF/NNPDF31_nnlo_as_0118_nf_4_mc_hessian/NNPDF31_nnlo_as_0118_nf_4_mc_hessian_0000.dat
NNPDF31_nnlo_as_0118_nf_4_mc_hessian PDF set, member #0, version 1; LHAPDF ID = 325500
 Process in group number            1
 A PDF is used, so alpha_s(MZ) is going to be modified
 Old value of alpha_s from param_card:   0.11810000000000001     
 New value of alpha_s from PDF lhapdf :  0.11266013434007299     
 using LHAPDF
 Define smin to   10000.000000000000     
 Define smin to   10000.000000000000     
 Define smin to   10000.000000000000     
 Define smin to   10000.000000000000     
 Define smin to   10000.000000000000     
 Define smin to   10000.000000000000     
 Define smin to   10000.000000000000     
 *****************************************************
 *               MadGraph/MadEvent                   *
 *        --------------------------------           *
 *          http://madgraph.hep.uiuc.edu             *
 *          http://madgraph.phys.ucl.ac.be           *
 *          http://madgraph.roma2.infn.it            *
 *        --------------------------------           *
 *                                                   *
 *          PARAMETER AND COUPLING VALUES            *
 *                                                   *
 *****************************************************

  External Params
  ---------------------------------
  
 mdl_MW0 =    80.387000000000000     
 mdl_Gf =    1.1663789999999999E-005
 aS =   0.11810000000000001     
 mdl_ymdo =    1.0000000000000000E-099
 mdl_ymb =    4.1799999999999997     
 mdl_ymt =    173.19999999999999     
 mdl_ymtau =    1.7769999999999999     
 mdl_LambdaSMEFT =    1000.0000000000000     
 mdl_cW =    1.0000000000000000     
 mdl_MZ =    91.187600000000003     
 mdl_MTA =    1.7769999999999999     
 mdl_MT =    173.19999999999999     
 mdl_MB =    4.1799999999999997     
 mdl_MH =    125.09000000000000     
 mdl_WZ =    2.4952000000000001     
 mdl_WW =    2.0850000000000000     
 mdl_WT =    1.5083359999999999     
 mdl_WH =    4.0699999999999998E-003
  Internal Params
  ---------------------------------
  
 mdl_ymm =    1.0000000000000000E-099
 mdl_yme =    1.0000000000000000E-099
 mdl_ymc =    1.0000000000000000E-099
 mdl_yms =    1.0000000000000000E-099
 mdl_ymup =    1.0000000000000000E-099
 mdl_conjg__CKM3x3 =    1.0000000000000000     
 mdl_cH =    0.0000000000000000     
 mdl_cHB =    0.0000000000000000     
 mdl_CKM2x2 =    1.0000000000000000     
 mdl_CKM1x1 =    1.0000000000000000     
 mdl_conjg__CKM1x1 =    1.0000000000000000     
 mdl_dGf =    0.0000000000000000     
 mdl_CKM3x3 =    1.0000000000000000     
 mdl_dMH2 =    0.0000000000000000     
 mdl_conjg__CKM2x2 =    1.0000000000000000     
 mdl_dg1 =    0.0000000000000000     
 mdl_cHW =    0.0000000000000000     
 mdl_dgw =    0.0000000000000000     
 mdl_complexi =  (  0.0000000000000000     ,  1.0000000000000000     )
 mdl_MW =    80.387000000000000     
 mdl_nb__2__exp__0_25 =    1.1892071150027210     
 mdl_MH__exp__2 =    15647.508100000001     
 mdl_sqrt__2 =    1.4142135623730951     
 mdl_MW__exp__2 =    6462.0697689999997     
 mdl_MZ__exp__2 =    8315.1783937600012     
 mdl_sth2 =   0.22285855299877133     
 mdl_MH__exp__6 =    3831206449390.3818     
 mdl_MT__exp__6 =    26995248278778.535     
 mdl_MH__exp__4 =    244844509.73956564     
 mdl_MT__exp__4 =    899894403.09759963     
 mdl_MT__exp__2 =    29998.239999999994     
 mdl_LambdaSMEFT__exp__2 =    1000000.0000000000     
 mdl_cth =   0.88155626422890820     
 mdl_sqrt__sth2 =   0.47207896902824564     
 mdl_sth =   0.47207896902824564     
 mdl_MW0__exp__6 =    269845343347.69711     
 mdl_MW0__exp__4 =    41758345.699423708     
 mdl_MW0__exp__2 =    6462.0697689999997     
 mdl_MZ__exp__4 =    69142191.720053151     
 mdl_MZ__exp__6 =    574929658687.79749     
 mdl_cth__exp__2 =   0.77714144700122867     
 mdl_sth__exp__2 =   0.22285855299877130     
 mdl_sth__exp__3 =   0.10520683593878660     
 mdl_cth__exp__3 =   0.68509391079585125     
 mdl_sth__exp__4 =    4.9665934644706158E-002
 mdl_sqrt__Gf =    3.4152291284773265E-003
 mdl_vevhat =    246.21961912951551     
 mdl_lam =   0.12905352724481209     
 mdl_aEW =    7.5614618607353409E-003
 mdl_yb =    2.4008698866559607E-002
 mdl_yc =    5.7437078628133041E-102
 mdl_ydo =    5.7437078628133041E-102
 mdl_ye =    5.7437078628133041E-102
 mdl_ym =    5.7437078628133041E-102
 mdl_ys =    5.7437078628133041E-102
 mdl_yt =   0.99481020183926416     
 mdl_ytau =    1.0206568872219240E-002
 mdl_yup =    5.7437078628133041E-102
 mdl_vevhat__exp__2 =    60624.100844283676     
 mdl_barlam =   0.12905352724481209     
 mdl_vevT =    246.21961912951551     
 mdl_sqrt__aEW =    8.6956666568672819E-002
 mdl_ee =   0.30825335704310214     
 mdl_gwsh =   0.65296989967087182     
 mdl_vev =    246.21961912951551     
 mdl_g1 =   0.34966952144878632     
 mdl_gw =   0.65296989967087182     
 mdl_ee__exp__2 =    9.5020132128342205E-002
 mdl_gHaa =   -1.9303830602986922E-003
 mdl_gHza =   -6.8546472954154700E-003
 mdl_g1sh =   0.34966952144878632     
 mdl_I1d11 =  (  5.7437078628133041E-102,  0.0000000000000000     )
 mdl_I1d22 =  (  5.7437078628133041E-102,  0.0000000000000000     )
 mdl_I1d33 =  (  2.4008698866559607E-002,  0.0000000000000000     )
 mdl_I2d11 =  (  5.7437078628133041E-102,  0.0000000000000000     )
 mdl_I2d22 =  (  5.7437078628133041E-102,  0.0000000000000000     )
 mdl_I2d33 =  ( 0.99481020183926416     ,  0.0000000000000000     )
 mdl_I3d11 =  (  5.7437078628133041E-102,  0.0000000000000000     )
 mdl_I3d22 =  (  5.7437078628133041E-102,  0.0000000000000000     )
 mdl_I3d33 =  (  2.4008698866559607E-002,  0.0000000000000000     )
 mdl_I4d11 =  (  5.7437078628133041E-102,  0.0000000000000000     )
 mdl_I4d22 =  (  5.7437078628133041E-102,  0.0000000000000000     )
 mdl_I4d33 =  ( 0.99481020183926416     ,  0.0000000000000000     )
 mdl_I5d11 =  (  5.7437078628133041E-102,  0.0000000000000000     )
 mdl_I5d22 =  (  5.7437078628133041E-102,  0.0000000000000000     )
 mdl_I5d33 =  (  2.4008698866559607E-002,  0.0000000000000000     )
 mdl_I6d11 =  (  5.7437078628133041E-102,  0.0000000000000000     )
 mdl_I6d22 =  (  5.7437078628133041E-102,  0.0000000000000000     )
 mdl_I6d33 =  ( 0.99481020183926416     ,  0.0000000000000000     )
 mdl_ee__exp__3 =    2.9290274715240611E-002
 mdl_vevhat__exp__3 =    14926843.019948866     
  Internal Params evaluated point by point
  ----------------------------------------
  
 mdl_sqrt__aS =   0.34365680554879169     
 mdl_G__exp__2 =    1.4840883695558185     
 mdl_gHgg =    3.2334372328970845E-003
 mdl_G__exp__3 =  (  1.8079634332366095     ,  0.0000000000000000     )
  Couplings of SMEFTsim_A_U35_MwScheme_UFO_v3_1-cW_massless
  ---------------------------------
  
        GC_64 =   0.00000E+00   0.52893E-05
       GC_345 =   0.00000E+00   0.28325E-05
         GC_1 =   0.00000E+00   0.10275E+00
         GC_2 =  -0.00000E+00  -0.20550E+00
         GC_3 =  -0.00000E+00  -0.30825E+00
       GC_255 =  -0.00000E+00  -0.42637E+00
       GC_278 =  -0.00000E+00  -0.37035E+00
       GC_280 =  -0.00000E+00  -0.57563E+00
       GC_318 =   0.00000E+00   0.39178E-05
       GC_328 =  -0.00000E+00  -0.55024E-01
       GC_329 =   0.00000E+00   0.11005E+00
       GC_330 =  -0.00000E+00  -0.16507E+00
       GC_400 =   0.00000E+00   0.52490E+02
       GC_809 =  -0.00000E+00  -0.72171E-02
      GC_1073 =  -0.00000E+00  -0.46172E+00

 Collider parameters:
 --------------------

 Running at P P   machine @    13000.000000000000       GeV
 PDF set = lhapdf 
 alpha_s(Mz)= 0.1127 running at 3 loops.
 alpha_s(Mz)= 0.1127 running at 3 loops.
 Renormalization scale set on event-by-event basis
 Factorization   scale set on event-by-event basis


 getting user params
Enter number of events and max and min iterations: 
 Number of events and iterations         2000           8           3
Enter desired fractional accuracy: 
 Desired fractional accuracy:    1.0000000000000000E-002
Enter 0 for fixed, 2 for adjustable grid: 
Suppress amplitude (0 no, 1 yes)? 
 Using suppressed amplitude.
Exact helicity sum (0 yes, n = number/event)? 
 Explicitly summing over helicities
Enter Configuration Number: 
Running Configuration Number:  223
 Using dconfig=          25
 BW Setting            1           2           2           0           0           0
 Attempting mappinvarients           1           8
 Completed mapping           8
 about to integrate           16        2000           8           3          16           1
 Using non-zero grid deformation.
 16 dimensions   2000 events 16 invarients  8 iterations  1 config(s),  (0.99)
 Using h-tuple random number sequence.
 Error opening grid
 Using Uniform Grid!          32
 Using uniform alpha   1.0000000000000000     
 Grid defined OK
 Set CM energy to      13000.00
 Mapping Graph         223  to config         223
 Setting BW          -1           1   80.387000000000000     
Setting grid   2    0.28963E-04   1
Setting grid   3    0.28963E-04   1
Setting grid   4    0.28963E-04   1
Setting grid   5    0.30453E-04   1
 Transforming s_hat 1/s           15   5.9171597633136108E-005   10000.000000000000        168999999.99999997     
 223   1   2   3   4   5   6   7   8   9  10  11  12  13  14
  15  16
 Masses: 0.000E+00 0.000E+00 0.000E+00 0.178E+01 0.000E+00 0.000E+00 0.000E+00 0.000E+00
Using random seed offsets   223 :      5
  with seed                   24
 Ranmar initialization seeds       31281        9402
 
 ********************************************
 * You are using the DiscreteSampler module *
 *      part of the MG5_aMC framework       *
 *         Author: Valentin Hirschi         *
 ********************************************
 
  Particle       3       4       5       6       7       8
      Et >     0.0     0.0     0.0     0.0    10.0    10.0
       E >     0.0     0.0     0.0     0.0     0.0     0.0
     Eta <    -1.0    -1.0    -1.0    -1.0     6.5     6.5
   xqcut:      0.0     0.0     0.0     0.0     0.0     0.0
d R # 3  >    -0.0     0.4     0.0     0.0     0.4     0.4
d R # 4  >    -0.0    -0.0     0.0     0.0     0.4     0.4
d R # 5  >    -0.0    -0.0    -0.0     0.0     0.0     0.0
d R # 6  >    -0.0    -0.0    -0.0    -0.0     0.0     0.0
d R # 7  >    -0.0    -0.0    -0.0    -0.0    -0.0     0.4
s min # 3>     0.0     0.0     0.0     0.0     0.0     0.0
s min # 4>     0.0     0.0     0.0     0.0     0.0     0.0
s min # 5>     0.0     0.0     0.0     0.0     0.0     0.0
s min # 6>     0.0     0.0     0.0     0.0     0.0     0.0
s min # 7>     0.0     0.0     0.0     0.0     0.0 10000.0
xqcutij # 3>     0.0     0.0     0.0     0.0     0.0     0.0
xqcutij # 4>     0.0     0.0     0.0     0.0     0.0     0.0
xqcutij # 5>     0.0     0.0     0.0     0.0     0.0     0.0
xqcutij # 6>     0.0     0.0     0.0     0.0     0.0     0.0
xqcutij # 7>     0.0     0.0     0.0     0.0     0.0     0.0
 Requiring BW           -1           1
 Excluding BW           -3           2
 Excluding BW           -5           3
 alpha_s for scale    34.003914318545092       is   0.13364564759039230     
 Added good helicity          193   38.071507889642156       in event            1 local:           1
 Added good helicity          209   217.92849211035787       in event            1 local:           1
 Added good helicity          193   38.071507889641303       in event            1 local:           1
 Added good helicity          209   217.92849211035872       in event            1 local:           1
 RESET CUMULATIVE VARIABLE
 RESET CUMULATIVE VARIABLE
 RESET CUMULATIVE VARIABLE
 Iteration  1   Mean: 0.5797E-11 Abs mean: 0.3352E-10   Fluctuation:  0.122E-10   0.213E-07     5.4%
  1    0.5797E-11 0.3352E-10 +- 0.1222E-10     16.30
 Writing out events   3.8536478329667606E-014   16.304066898787895     
 Relative summed weights:
  0.0000E+00  0.0000E+00  0.1534E+00  0.6667E-01  0.0000E+00  0.0000E+00  0.0000E+00  0.0000E+00  0.2016E+00  0.5423E+00  0.0000E+00  0.0000E+00  0.0000E+00  0.0000E+00
  0.0000E+00  0.0000E+00  0.2668E-01  0.4741E-02  0.0000E+00  0.0000E+00  0.0000E+00  0.0000E+00  0.1499E-03  0.4492E-02  0.0000E+00  0.0000E+00  0.0000E+00  0.0000E+00
 Relative number of events:
  0.0000E+00  0.0000E+00  0.2552E+00  0.2444E+00  0.0000E+00  0.0000E+00  0.0000E+00  0.0000E+00  0.1187E+00  0.8440E-01  0.0000E+00  0.0000E+00  0.0000E+00  0.0000E+00
  0.0000E+00  0.0000E+00  0.9323E-01  0.9715E-01  0.0000E+00  0.0000E+00  0.0000E+00  0.0000E+00  0.4416E-01  0.6281E-01  0.0000E+00  0.0000E+00  0.0000E+00  0.0000E+00
 Events:
           0           0         260         249           0           0           0           0         121          86           0           0           0           0
           0           0          95          99           0           0           0           0          45          64           0           0           0           0
 Iteration  2   Mean: -.1667E-10 Abs mean: 0.6821E-10   Fluctuation:  0.156E-10   0.356E-07    55.5%
  2   -0.1667E-10 0.6821E-10 +- 0.1562E-10     14.49
 Relative summed weights:
  0.0000E+00  0.0000E+00  0.1278E+00  0.7904E-01  0.0000E+00  0.0000E+00  0.0000E+00  0.0000E+00  0.1961E+00  0.3528E+00  0.0000E+00  0.0000E+00  0.0000E+00  0.0000E+00
  0.0000E+00  0.0000E+00  0.7082E-01  0.2565E-01  0.0000E+00  0.0000E+00  0.0000E+00  0.0000E+00  0.4407E-01  0.1037E+00  0.0000E+00  0.0000E+00  0.0000E+00  0.0000E+00
 Relative number of events:
  0.0000E+00  0.0000E+00  0.2788E+00  0.2605E+00  0.0000E+00  0.0000E+00  0.0000E+00  0.0000E+00  0.9257E-01  0.9812E-01  0.0000E+00  0.0000E+00  0.0000E+00  0.0000E+00
  0.0000E+00  0.0000E+00  0.8703E-01  0.8259E-01  0.0000E+00  0.0000E+00  0.0000E+00  0.0000E+00  0.4656E-01  0.5377E-01  0.0000E+00  0.0000E+00  0.0000E+00  0.0000E+00
 Events:
           0           0         503         470           0           0           0           0         167         177           0           0           0           0
           0           0         157         149           0           0           0           0          84          97           0           0           0           0
 Iteration  3   Mean: -.3489E-10 Abs mean: 0.7652E-10   Fluctuation:  0.139E-10   0.756E-07    61.8%
  3   -0.3489E-10 0.7652E-10 +- 0.1386E-10     16.20
 Relative summed weights:
  0.0000E+00  0.0000E+00  0.9002E-01  0.4714E-01  0.0000E+00  0.0000E+00  0.0000E+00  0.0000E+00  0.8770E-01  0.1551E+00  0.0000E+00  0.0000E+00  0.0000E+00  0.0000E+00
  0.0000E+00  0.0000E+00  0.8383E-01  0.5699E-01  0.0000E+00  0.0000E+00  0.0000E+00  0.0000E+00  0.3702E+00  0.1090E+00  0.0000E+00  0.0000E+00  0.0000E+00  0.0000E+00
 Relative number of events:
  0.0000E+00  0.0000E+00  0.2600E+00  0.2630E+00  0.0000E+00  0.0000E+00  0.0000E+00  0.0000E+00  0.9836E-01  0.1064E+00  0.0000E+00  0.0000E+00  0.0000E+00  0.0000E+00
  0.0000E+00  0.0000E+00  0.9223E-01  0.8888E-01  0.0000E+00  0.0000E+00  0.0000E+00  0.0000E+00  0.4709E-01  0.4402E-01  0.0000E+00  0.0000E+00  0.0000E+00  0.0000E+00
 Events:
           0           0         933         944           0           0           0           0         353         382           0           0           0           0
           0           0         331         319           0           0           0           0         169         158           0           0           0           0
 Accuracy:    0.145   0.010   0.132   1.204
 Found          409  events.
 Wrote            7  events.
 Actual xsec   -2.3437032628980752E-011
 Correct abs xsec    6.8071651235144100E-011
 Event xsec    6.8071651235144074E-011
 Events wgts > 1:            0
 % Cross section > 1:    0.0000000000000000        0.0000000000000000     
 Iteration  4   Mean: -.2585E-10 Abs mean: 0.9631E-10   Fluctuation:  0.149E-10   0.216E-06    65.0%
  4   -0.2585E-10 0.9631E-10 +- 0.1493E-10     19.61
 Relative summed weights:
  0.0000E+00  0.0000E+00  0.6552E-01  0.6569E-01  0.0000E+00  0.0000E+00  0.0000E+00  0.0000E+00  0.9742E-01  0.4756E+00  0.0000E+00  0.0000E+00  0.0000E+00  0.0000E+00
  0.0000E+00  0.0000E+00  0.3763E-01  0.3803E-01  0.0000E+00  0.0000E+00  0.0000E+00  0.0000E+00  0.1398E+00  0.8031E-01  0.0000E+00  0.0000E+00  0.0000E+00  0.0000E+00
 Relative number of events:
  0.0000E+00  0.0000E+00  0.2647E+00  0.2782E+00  0.0000E+00  0.0000E+00  0.0000E+00  0.0000E+00  0.1006E+00  0.9807E-01  0.0000E+00  0.0000E+00  0.0000E+00  0.0000E+00
  0.0000E+00  0.0000E+00  0.8004E-01  0.8429E-01  0.0000E+00  0.0000E+00  0.0000E+00  0.0000E+00  0.4808E-01  0.4603E-01  0.0000E+00  0.0000E+00  0.0000E+00  0.0000E+00
 Events:
           0           0        1806        1898           0           0           0           0         686         669           0           0           0           0
           0           0         546         575           0           0           0           0         328         314           0           0           0           0
 Accuracy:    0.127   0.010   0.101   1.581
 Found         1039  events.
 Wrote            4  events.
 Actual xsec   -2.6950231218382621E-011
 Correct abs xsec    8.3818029168003479E-011
 Event xsec    8.3818029168003479E-011
 Events wgts > 1:            0
 % Cross section > 1:    0.0000000000000000        0.0000000000000000     
 Iteration  5   Mean: -.5557E-10 Abs mean: 0.9965E-10   Fluctuation:  0.842E-11   0.230E-06    64.3%
  5   -0.5557E-10 0.9965E-10 +- 0.8425E-11     15.12
 Relative summed weights:
  0.0000E+00  0.0000E+00  0.9546E-01  0.1066E+00  0.0000E+00  0.0000E+00  0.0000E+00  0.0000E+00  0.1400E+00  0.2775E+00  0.0000E+00  0.0000E+00  0.0000E+00  0.0000E+00
  0.0000E+00  0.0000E+00  0.5506E-01  0.4985E-01  0.0000E+00  0.0000E+00  0.0000E+00  0.0000E+00  0.2080E+00  0.6741E-01  0.0000E+00  0.0000E+00  0.0000E+00  0.0000E+00
 Relative number of events:
  0.0000E+00  0.0000E+00  0.2688E+00  0.2695E+00  0.0000E+00  0.0000E+00  0.0000E+00  0.0000E+00  0.9910E-01  0.1026E+00  0.0000E+00  0.0000E+00  0.0000E+00  0.0000E+00
  0.0000E+00  0.0000E+00  0.8237E-01  0.8640E-01  0.0000E+00  0.0000E+00  0.0000E+00  0.0000E+00  0.4391E-01  0.4735E-01  0.0000E+00  0.0000E+00  0.0000E+00  0.0000E+00
 Events:
           0           0        3599        3609           0           0           0           0        1327        1374           0           0           0           0
           0           0        1103        1157           0           0           0           0         588         634           0           0           0           0
 Accuracy:    0.081   0.010   0.065   1.574
 Found         2283  events.
 Wrote           10  events.
 Actual xsec   -4.6763554357875742E-011
 Correct abs xsec    9.5671148244373924E-011
 Event xsec    9.5671148244373924E-011
 Events wgts > 1:            0
 % Cross section > 1:    0.0000000000000000        0.0000000000000000     
 Iteration  6   Mean: -.5243E-10 Abs mean: 0.1006E-09   Fluctuation:  0.627E-11   0.329E-06    61.7%
  6   -0.5243E-10 0.1006E-09 +- 0.6273E-11     15.77
 Relative summed weights:
  0.0000E+00  0.0000E+00  0.9604E-01  0.9224E-01  0.0000E+00  0.0000E+00  0.0000E+00  0.0000E+00  0.1836E+00  0.2882E+00  0.0000E+00  0.0000E+00  0.0000E+00  0.0000E+00
  0.0000E+00  0.0000E+00  0.4891E-01  0.6397E-01  0.0000E+00  0.0000E+00  0.0000E+00  0.0000E+00  0.1125E+00  0.1146E+00  0.0000E+00  0.0000E+00  0.0000E+00  0.0000E+00
 Relative number of events:
  0.0000E+00  0.0000E+00  0.2707E+00  0.2606E+00  0.0000E+00  0.0000E+00  0.0000E+00  0.0000E+00  0.1071E+00  0.1042E+00  0.0000E+00  0.0000E+00  0.0000E+00  0.0000E+00
  0.0000E+00  0.0000E+00  0.8345E-01  0.8258E-01  0.0000E+00  0.0000E+00  0.0000E+00  0.0000E+00  0.4501E-01  0.4635E-01  0.0000E+00  0.0000E+00  0.0000E+00  0.0000E+00
 Events:
           0           0        7091        6827           0           0           0           0        2805        2729           0           0           0           0
           0           0        2186        2163           0           0           0           0        1179        1214           0           0           0           0
 Accuracy:    0.052   0.010   0.045   1.360
 Found         5415  events.
 Wrote           27  events.
 Actual xsec   -5.0909556320425236E-011
 Correct abs xsec    9.9902058683859123E-011
 Event xsec    9.9902058683859045E-011
 Events wgts > 1:            0
 % Cross section > 1:    0.0000000000000000        0.0000000000000000     
 Iteration  7   Mean: -.4605E-10 Abs mean: 0.9343E-10   Fluctuation:  0.139E-11   0.337E-07    60.1%
  7   -0.4605E-10 0.9343E-10 +- 0.1387E-11      5.31
 Exceeded boost           3           2   128000.000    
 Exceeded boost           4          96   128000.000    
 Relative summed weights:
  0.0000E+00  0.0000E+00  0.1061E+00  0.1082E+00  0.0000E+00  0.0000E+00  0.0000E+00  0.0000E+00  0.2023E+00  0.1900E+00  0.0000E+00  0.0000E+00  0.0000E+00  0.0000E+00
  0.0000E+00  0.0000E+00  0.6290E-01  0.7829E-01  0.0000E+00  0.0000E+00  0.0000E+00  0.0000E+00  0.1384E+00  0.1138E+00  0.0000E+00  0.0000E+00  0.0000E+00  0.0000E+00
Thanks for using LHAPDF 6.2.1. Please make sure to cite the paper:
  Eur.Phys.J. C75 (2015) 3, 132  (http://arxiv.org/abs/1412.7420)
 Relative number of events:
  0.0000E+00  0.0000E+00  0.2654E+00  0.2632E+00  0.0000E+00  0.0000E+00  0.0000E+00  0.0000E+00  0.1035E+00  0.1039E+00  0.0000E+00  0.0000E+00  0.0000E+00  0.0000E+00
  0.0000E+00  0.0000E+00  0.8491E-01  0.8493E-01  0.0000E+00  0.0000E+00  0.0000E+00  0.0000E+00  0.4772E-01  0.4647E-01  0.0000E+00  0.0000E+00  0.0000E+00  0.0000E+00
 Events:
           0           0       13752       13641           0           0           0           0        5364        5383           0           0           0           0
           0           0        4400        4401           0           0           0           0        2473        2408           0           0           0           0
 Accuracy:    0.016   0.010   0.014   1.263
 Found        11935  events.
 Wrote          802  events.
 Actual xsec   -4.6651877107633090E-011
 Correct abs xsec    9.3977351221098150E-011
 Event xsec    9.3977351221100399E-011
 Events wgts > 1:           24
 % Cross section > 1:    9.5937436874754600E-013   1.0208570004175017     
 Iteration  8   Mean: -.4573E-10 Abs mean: 0.9485E-10   Fluctuation:  0.976E-12   0.707E-07    58.7%
  8   -0.4573E-10 0.9485E-10 +- 0.9756E-12      5.20
 Relative summed weights:
  0.0000E+00  0.0000E+00  0.1099E+00  0.1062E+00  0.0000E+00  0.0000E+00  0.0000E+00  0.0000E+00  0.2122E+00  0.1988E+00  0.0000E+00  0.0000E+00  0.0000E+00  0.0000E+00
  0.0000E+00  0.0000E+00  0.6987E-01  0.6337E-01  0.0000E+00  0.0000E+00  0.0000E+00  0.0000E+00  0.1092E+00  0.1304E+00  0.0000E+00  0.0000E+00  0.0000E+00  0.0000E+00
 Relative number of events:
  0.0000E+00  0.0000E+00  0.2601E+00  0.2611E+00  0.0000E+00  0.0000E+00  0.0000E+00  0.0000E+00  0.1061E+00  0.1072E+00  0.0000E+00  0.0000E+00  0.0000E+00  0.0000E+00
  0.0000E+00  0.0000E+00  0.8413E-01  0.8473E-01  0.0000E+00  0.0000E+00  0.0000E+00  0.0000E+00  0.4826E-01  0.4830E-01  0.0000E+00  0.0000E+00  0.0000E+00  0.0000E+00
 Events:
           0           0       26475       26582           0           0           0           0       10804       10911           0           0           0           0
           0           0        8564        8625           0           0           0           0        4912        4916           0           0           0           0
 Accuracy:    0.009   0.010   0.008   1.135
 Finished due to accuracy    8.8522906294522235E-003   1.0000000000000000E-002

 -------------------------------------------------------------------------------
 Accumulated results:   Integral =  0.9445E-10
                        Std dev  =  0.7848E-12
                       Cross sec = -0.4590E-10
             Chi**2 per DoF.     =      1.1350
 -------------------------------------------------------------------------------
 Found        27830  events.
 Wrote         1334  events.
 Actual xsec   -4.5949908571721079E-011
 Correct abs xsec    9.4503504658593362E-011
 Event xsec    9.4503504658593892E-011
 Events wgts > 1:           22
 % Cross section > 1:    8.7439911311475563E-013  0.92525575244392821     
-------------------------------------------------
---------------------------
 Results Last   3 iters: Integral =  -0.4595E-10
                     Abs integral =   0.9450E-10
                          Std dev =   0.7918E-12
                  Chi**2 per DoF. =      0.8417
-------------------------------------------------
---------------------------
 Status   1.0000000000000000E-002           9           8

ls status:
events.lhe
ftn26
input_app.txt
results.dat
run1_app.log
