==== LHAPDF6 USING DEFAULT-TYPE LHAGLUE INTERFACE ====
LHAPDF 6.2.1 loading /cvmfs/cms.cern.ch/slc6_amd64_gcc630/external/lhapdf/6.2.1-ghjeda2/share/LHAPDF/NNPDF31_nnlo_as_0118_nf_4_mc_hessian/NNPDF31_nnlo_as_0118_nf_4_mc_hessian_0000.dat
NNPDF31_nnlo_as_0118_nf_4_mc_hessian PDF set, member #0, version 1; LHAPDF ID = 325500
 Process in group number            1
 A PDF is used, so alpha_s(MZ) is going to be modified
 Old value of alpha_s from param_card:   0.11810000000000001     
 New value of alpha_s from PDF lhapdf :  0.11266013434007299     
 using LHAPDF
 Define smin to   10000.000000000000     
 Define smin to   10000.000000000000     
 Define smin to   10000.000000000000     
 Define smin to   10000.000000000000     
 Define smin to   10000.000000000000     
 Define smin to   10000.000000000000     
 Define smin to   10000.000000000000     
 *****************************************************
 *               MadGraph/MadEvent                   *
 *        --------------------------------           *
 *          http://madgraph.hep.uiuc.edu             *
 *          http://madgraph.phys.ucl.ac.be           *
 *          http://madgraph.roma2.infn.it            *
 *        --------------------------------           *
 *                                                   *
 *          PARAMETER AND COUPLING VALUES            *
 *                                                   *
 *****************************************************

  External Params
  ---------------------------------
  
 mdl_MW0 =    80.387000000000000     
 mdl_Gf =    1.1663789999999999E-005
 aS =   0.11810000000000001     
 mdl_ymdo =    1.0000000000000000E-099
 mdl_ymb =    4.1799999999999997     
 mdl_ymt =    173.19999999999999     
 mdl_ymtau =    1.7769999999999999     
 mdl_LambdaSMEFT =    1000.0000000000000     
 mdl_cW =    1.0000000000000000     
 mdl_MZ =    91.187600000000003     
 mdl_MTA =    1.7769999999999999     
 mdl_MT =    173.19999999999999     
 mdl_MB =    4.1799999999999997     
 mdl_MH =    125.09000000000000     
 mdl_WZ =    2.4952000000000001     
 mdl_WW =    2.0850000000000000     
 mdl_WT =    1.5083359999999999     
 mdl_WH =    4.0699999999999998E-003
  Internal Params
  ---------------------------------
  
 mdl_ymm =    1.0000000000000000E-099
 mdl_yme =    1.0000000000000000E-099
 mdl_ymc =    1.0000000000000000E-099
 mdl_yms =    1.0000000000000000E-099
 mdl_ymup =    1.0000000000000000E-099
 mdl_conjg__CKM3x3 =    1.0000000000000000     
 mdl_cH =    0.0000000000000000     
 mdl_cHB =    0.0000000000000000     
 mdl_CKM2x2 =    1.0000000000000000     
 mdl_CKM1x1 =    1.0000000000000000     
 mdl_conjg__CKM1x1 =    1.0000000000000000     
 mdl_dGf =    0.0000000000000000     
 mdl_CKM3x3 =    1.0000000000000000     
 mdl_dMH2 =    0.0000000000000000     
 mdl_conjg__CKM2x2 =    1.0000000000000000     
 mdl_dg1 =    0.0000000000000000     
 mdl_cHW =    0.0000000000000000     
 mdl_dgw =    0.0000000000000000     
 mdl_complexi =  (  0.0000000000000000     ,  1.0000000000000000     )
 mdl_MW =    80.387000000000000     
 mdl_nb__2__exp__0_25 =    1.1892071150027210     
 mdl_MH__exp__2 =    15647.508100000001     
 mdl_sqrt__2 =    1.4142135623730951     
 mdl_MW__exp__2 =    6462.0697689999997     
 mdl_MZ__exp__2 =    8315.1783937600012     
 mdl_sth2 =   0.22285855299877133     
 mdl_MH__exp__6 =    3831206449390.3818     
 mdl_MT__exp__6 =    26995248278778.535     
 mdl_MH__exp__4 =    244844509.73956564     
 mdl_MT__exp__4 =    899894403.09759963     
 mdl_MT__exp__2 =    29998.239999999994     
 mdl_LambdaSMEFT__exp__2 =    1000000.0000000000     
 mdl_cth =   0.88155626422890820     
 mdl_sqrt__sth2 =   0.47207896902824564     
 mdl_sth =   0.47207896902824564     
 mdl_MW0__exp__6 =    269845343347.69711     
 mdl_MW0__exp__4 =    41758345.699423708     
 mdl_MW0__exp__2 =    6462.0697689999997     
 mdl_MZ__exp__4 =    69142191.720053151     
 mdl_MZ__exp__6 =    574929658687.79749     
 mdl_cth__exp__2 =   0.77714144700122867     
 mdl_sth__exp__2 =   0.22285855299877130     
 mdl_sth__exp__3 =   0.10520683593878660     
 mdl_cth__exp__3 =   0.68509391079585125     
 mdl_sth__exp__4 =    4.9665934644706158E-002
 mdl_sqrt__Gf =    3.4152291284773265E-003
 mdl_vevhat =    246.21961912951551     
 mdl_lam =   0.12905352724481209     
 mdl_aEW =    7.5614618607353409E-003
 mdl_yb =    2.4008698866559607E-002
 mdl_yc =    5.7437078628133041E-102
 mdl_ydo =    5.7437078628133041E-102
 mdl_ye =    5.7437078628133041E-102
 mdl_ym =    5.7437078628133041E-102
 mdl_ys =    5.7437078628133041E-102
 mdl_yt =   0.99481020183926416     
 mdl_ytau =    1.0206568872219240E-002
 mdl_yup =    5.7437078628133041E-102
 mdl_vevhat__exp__2 =    60624.100844283676     
 mdl_barlam =   0.12905352724481209     
 mdl_vevT =    246.21961912951551     
 mdl_sqrt__aEW =    8.6956666568672819E-002
 mdl_ee =   0.30825335704310214     
 mdl_gwsh =   0.65296989967087182     
 mdl_vev =    246.21961912951551     
 mdl_g1 =   0.34966952144878632     
 mdl_gw =   0.65296989967087182     
 mdl_ee__exp__2 =    9.5020132128342205E-002
 mdl_gHaa =   -1.9303830602986922E-003
 mdl_gHza =   -6.8546472954154700E-003
 mdl_g1sh =   0.34966952144878632     
 mdl_I1d11 =  (  5.7437078628133041E-102,  0.0000000000000000     )
 mdl_I1d22 =  (  5.7437078628133041E-102,  0.0000000000000000     )
 mdl_I1d33 =  (  2.4008698866559607E-002,  0.0000000000000000     )
 mdl_I2d11 =  (  5.7437078628133041E-102,  0.0000000000000000     )
 mdl_I2d22 =  (  5.7437078628133041E-102,  0.0000000000000000     )
 mdl_I2d33 =  ( 0.99481020183926416     ,  0.0000000000000000     )
 mdl_I3d11 =  (  5.7437078628133041E-102,  0.0000000000000000     )
 mdl_I3d22 =  (  5.7437078628133041E-102,  0.0000000000000000     )
 mdl_I3d33 =  (  2.4008698866559607E-002,  0.0000000000000000     )
 mdl_I4d11 =  (  5.7437078628133041E-102,  0.0000000000000000     )
 mdl_I4d22 =  (  5.7437078628133041E-102,  0.0000000000000000     )
 mdl_I4d33 =  ( 0.99481020183926416     ,  0.0000000000000000     )
 mdl_I5d11 =  (  5.7437078628133041E-102,  0.0000000000000000     )
 mdl_I5d22 =  (  5.7437078628133041E-102,  0.0000000000000000     )
 mdl_I5d33 =  (  2.4008698866559607E-002,  0.0000000000000000     )
 mdl_I6d11 =  (  5.7437078628133041E-102,  0.0000000000000000     )
 mdl_I6d22 =  (  5.7437078628133041E-102,  0.0000000000000000     )
 mdl_I6d33 =  ( 0.99481020183926416     ,  0.0000000000000000     )
 mdl_ee__exp__3 =    2.9290274715240611E-002
 mdl_vevhat__exp__3 =    14926843.019948866     
  Internal Params evaluated point by point
  ----------------------------------------
  
 mdl_sqrt__aS =   0.34365680554879169     
 mdl_G__exp__2 =    1.4840883695558185     
 mdl_gHgg =    3.2334372328970845E-003
 mdl_G__exp__3 =  (  1.8079634332366095     ,  0.0000000000000000     )
  Couplings of SMEFTsim_A_U35_MwScheme_UFO_v3_1-cW_massless
  ---------------------------------
  
        GC_64 =   0.00000E+00   0.52893E-05
       GC_345 =   0.00000E+00   0.28325E-05
         GC_1 =   0.00000E+00   0.10275E+00
         GC_2 =  -0.00000E+00  -0.20550E+00
         GC_3 =  -0.00000E+00  -0.30825E+00
       GC_278 =  -0.00000E+00  -0.37035E+00
       GC_280 =  -0.00000E+00  -0.57563E+00
       GC_318 =   0.00000E+00   0.39178E-05
       GC_328 =  -0.00000E+00  -0.55024E-01
       GC_329 =   0.00000E+00   0.11005E+00
       GC_330 =  -0.00000E+00  -0.16507E+00
      GC_1073 =  -0.00000E+00  -0.46172E+00

 Collider parameters:
 --------------------

 Running at P P   machine @    13000.000000000000       GeV
 PDF set = lhapdf 
 alpha_s(Mz)= 0.1127 running at 3 loops.
 alpha_s(Mz)= 0.1127 running at 3 loops.
 Renormalization scale set on event-by-event basis
 Factorization   scale set on event-by-event basis


 getting user params
Enter number of events and max and min iterations: 
 Number of events and iterations         2000           8           3
Enter desired fractional accuracy: 
 Desired fractional accuracy:    1.0000000000000000E-002
Enter 0 for fixed, 2 for adjustable grid: 
Suppress amplitude (0 no, 1 yes)? 
 Using suppressed amplitude.
Exact helicity sum (0 yes, n = number/event)? 
 Explicitly summing over helicities
Enter Configuration Number: 
Running Configuration Number:  161
 Using dconfig=          26
 BW Setting            2           2           2           0           0           0
 Attempting mappinvarients           1           8
 Completed mapping           8
 about to integrate           16        2000           8           3          16           1
 Using non-zero grid deformation.
 16 dimensions   2000 events 16 invarients  8 iterations  1 config(s),  (0.99)
 Using h-tuple random number sequence.
 Error opening grid
 Using Uniform Grid!          32
 Using uniform alpha   1.0000000000000000     
 Grid defined OK
 Set CM energy to      13000.00
 Mapping Graph         161  to config         161
Setting grid   1    0.18685E-07   1
Setting grid   2    0.18685E-07   1
Setting grid   3    0.18685E-07   1
Setting grid   4    0.18685E-07   1
Setting grid   5    0.74739E-07   1
 Transforming s_hat 1/s           15   5.9171597633136108E-005   10000.000000000000        168999999.99999997     
 161   1   2   3   4   5   6   7   8   9  10  11  12  13  14
  15  16
 Masses: 0.000E+00 0.000E+00 0.178E+01 0.178E+01 0.000E+00 0.000E+00 0.000E+00 0.000E+00
Using random seed offsets   161 :      2
  with seed                   24
 Ranmar initialization seeds       31219        9399
 
 ********************************************
 * You are using the DiscreteSampler module *
 *      part of the MG5_aMC framework       *
 *         Author: Valentin Hirschi         *
 ********************************************
 
  Particle       3       4       5       6       7       8
      Et >     0.0     0.0     0.0     0.0    10.0    10.0
       E >     0.0     0.0     0.0     0.0     0.0     0.0
     Eta <    -1.0    -1.0    -1.0    -1.0     6.5     6.5
   xqcut:      0.0     0.0     0.0     0.0     0.0     0.0
d R # 3  >    -0.0     0.4     0.0     0.0     0.4     0.4
d R # 4  >    -0.0    -0.0     0.0     0.0     0.4     0.4
d R # 5  >    -0.0    -0.0    -0.0     0.0     0.0     0.0
d R # 6  >    -0.0    -0.0    -0.0    -0.0     0.0     0.0
d R # 7  >    -0.0    -0.0    -0.0    -0.0    -0.0     0.4
s min # 3>     0.0     0.0     0.0     0.0     0.0     0.0
s min # 4>     0.0     0.0     0.0     0.0     0.0     0.0
s min # 5>     0.0     0.0     0.0     0.0     0.0     0.0
s min # 6>     0.0     0.0     0.0     0.0     0.0     0.0
s min # 7>     0.0     0.0     0.0     0.0     0.0 10000.0
xqcutij # 3>     0.0     0.0     0.0     0.0     0.0     0.0
xqcutij # 4>     0.0     0.0     0.0     0.0     0.0     0.0
xqcutij # 5>     0.0     0.0     0.0     0.0     0.0     0.0
xqcutij # 6>     0.0     0.0     0.0     0.0     0.0     0.0
xqcutij # 7>     0.0     0.0     0.0     0.0     0.0     0.0
 Excluding BW           -1           1
 Excluding BW           -4           2
 Excluding BW           -5           3
 alpha_s for scale    70.904156015412411       is   0.11734055929652557     
 Added good helicity          193   254.69878025248101       in event            1 local:           1
 Added good helicity          209   1.0761634457338665       in event            1 local:           1
 Added good helicity          225  0.22280057714367099       in event            1 local:           1
 Added good helicity          241   2.2557246414283741E-003  in event            1 local:           1
 Added good helicity          193   254.69878025248101       in event            1 local:           1
 Added good helicity          209   1.0761634457338685       in event            1 local:           1
 Added good helicity          225  0.22280057714367230       in event            1 local:           1
 Added good helicity          241   2.2557246414283819E-003  in event            1 local:           1
 RESET CUMULATIVE VARIABLE
 RESET CUMULATIVE VARIABLE
 RESET CUMULATIVE VARIABLE
 Warning: Too low fact scales:    1.4778796811187287        7.7273459091181271     
 Warning: Too low fact scales:    1.4778796811190578        7.7273459091181271     
 Iteration  1   Mean: 0.6940E-10 Abs mean: 0.6940E-10   Fluctuation:  0.474E-10   0.877E-07     5.5%
  1    0.6940E-10 0.6940E-10 +- 0.4743E-10     30.56
 Writing out events   7.9414242381540256E-014   30.564109335522986     
 Relative summed weights:
  0.0000E+00  0.0000E+00  0.7173E-06  0.3200E-01  0.0000E+00  0.0000E+00  0.0000E+00  0.0000E+00  0.4488E-04  0.3593E-06  0.0000E+00  0.0000E+00  0.0000E+00  0.0000E+00
  0.0000E+00  0.0000E+00  0.7494E-01  0.3228E-04  0.0000E+00  0.0000E+00  0.0000E+00  0.0000E+00  0.8650E-10  0.3775E-08  0.0000E+00  0.0000E+00  0.0000E+00  0.0000E+00
  0.0000E+00  0.0000E+00  0.7440E-07  0.1146E-01  0.0000E+00  0.0000E+00  0.0000E+00  0.0000E+00  0.1535E-07  0.1801E-06  0.0000E+00  0.0000E+00  0.0000E+00  0.0000E+00
  0.0000E+00  0.0000E+00  0.3320E-04  0.6317E+00  0.0000E+00  0.0000E+00  0.0000E+00  0.0000E+00  0.2482E+00  0.6993E-07  0.0000E+00  0.0000E+00  0.0000E+00  0.0000E+00
  0.0000E+00  0.0000E+00  0.7139E-06  0.1993E-04  0.0000E+00  0.0000E+00  0.0000E+00  0.0000E+00  0.1000E-04  0.6399E-08  0.0000E+00  0.0000E+00  0.0000E+00  0.0000E+00
  0.0000E+00  0.0000E+00  0.6267E-03  0.1001E-03  0.0000E+00  0.0000E+00  0.0000E+00  0.0000E+00  0.4007E-03  0.2363E-04  0.0000E+00  0.0000E+00  0.0000E+00  0.0000E+00
  0.0000E+00  0.0000E+00  0.1532E-03  0.5321E-06  0.0000E+00  0.0000E+00  0.0000E+00  0.0000E+00  0.1044E-03  0.2132E-07  0.0000E+00  0.0000E+00  0.0000E+00  0.0000E+00
  0.0000E+00  0.0000E+00  0.8744E-04  0.4772E-04  0.0000E+00  0.0000E+00  0.0000E+00  0.0000E+00  0.1952E-04  0.3653E-06  0.0000E+00  0.0000E+00  0.0000E+00  0.0000E+00
 Relative number of events:
  0.0000E+00  0.0000E+00  0.8960E-02  0.8960E-02  0.0000E+00  0.0000E+00  0.0000E+00  0.0000E+00  0.9457E-02  0.4978E-02  0.0000E+00  0.0000E+00  0.0000E+00  0.0000E+00
  0.0000E+00  0.0000E+00  0.9706E-01  0.8512E-01  0.0000E+00  0.0000E+00  0.0000E+00  0.0000E+00  0.8960E-02  0.1095E-01  0.0000E+00  0.0000E+00  0.0000E+00  0.0000E+00
  0.0000E+00  0.0000E+00  0.1145E-01  0.1294E-01  0.0000E+00  0.0000E+00  0.0000E+00  0.0000E+00  0.1095E-01  0.1244E-01  0.0000E+00  0.0000E+00  0.0000E+00  0.0000E+00
  0.0000E+00  0.0000E+00  0.8860E-01  0.8711E-01  0.0000E+00  0.0000E+00  0.0000E+00  0.0000E+00  0.1444E-01  0.1294E-01  0.0000E+00  0.0000E+00  0.0000E+00  0.0000E+00
  0.0000E+00  0.0000E+00  0.9955E-02  0.1095E-01  0.0000E+00  0.0000E+00  0.0000E+00  0.0000E+00  0.1294E-01  0.1294E-01  0.0000E+00  0.0000E+00  0.0000E+00  0.0000E+00
  0.0000E+00  0.0000E+00  0.9159E-01  0.8960E-01  0.0000E+00  0.0000E+00  0.0000E+00  0.0000E+00  0.8960E-02  0.1444E-01  0.0000E+00  0.0000E+00  0.0000E+00  0.0000E+00
  0.0000E+00  0.0000E+00  0.1244E-01  0.6471E-02  0.0000E+00  0.0000E+00  0.0000E+00  0.0000E+00  0.1444E-01  0.1394E-01  0.0000E+00  0.0000E+00  0.0000E+00  0.0000E+00
  0.0000E+00  0.0000E+00  0.9009E-01  0.9657E-01  0.0000E+00  0.0000E+00  0.0000E+00  0.0000E+00  0.1593E-01  0.1344E-01  0.0000E+00  0.0000E+00  0.0000E+00  0.0000E+00
 Events:
           0           0          18          18           0           0           0           0          19          10           0           0           0           0
           0           0         195         171           0           0           0           0          18          22           0           0           0           0
           0           0          23          26           0           0           0           0          22          25           0           0           0           0
           0           0         178         175           0           0           0           0          29          26           0           0           0           0
           0           0          20          22           0           0           0           0          26          26           0           0           0           0
           0           0         184         180           0           0           0           0          18          29           0           0           0           0
           0           0          25          13           0           0           0           0          29          28           0           0           0           0
           0           0         181         194           0           0           0           0          32          27           0           0           0           0
 Iteration  2   Mean: 0.1024E-10 Abs mean: 0.1024E-10   Fluctuation:  0.564E-11   0.220E-07    42.8%
  2    0.1024E-10 0.1024E-10 +- 0.5643E-11     34.87
 Relative summed weights:
  0.0000E+00  0.0000E+00  0.7199E-03  0.1309E-02  0.0000E+00  0.0000E+00  0.0000E+00  0.0000E+00  0.7870E-06  0.2449E-04  0.0000E+00  0.0000E+00  0.0000E+00  0.0000E+00
  0.0000E+00  0.0000E+00  0.3130E-01  0.8776E-01  0.0000E+00  0.0000E+00  0.0000E+00  0.0000E+00  0.7318E-03  0.7224E-04  0.0000E+00  0.0000E+00  0.0000E+00  0.0000E+00
  0.0000E+00  0.0000E+00  0.5662E-02  0.1982E-03  0.0000E+00  0.0000E+00  0.0000E+00  0.0000E+00  0.1522E-04  0.3773E-01  0.0000E+00  0.0000E+00  0.0000E+00  0.0000E+00
  0.0000E+00  0.0000E+00  0.2805E-01  0.7893E-01  0.0000E+00  0.0000E+00  0.0000E+00  0.0000E+00  0.6000E-03  0.3323E-03  0.0000E+00  0.0000E+00  0.0000E+00  0.0000E+00
  0.0000E+00  0.0000E+00  0.1464E-01  0.5370E-03  0.0000E+00  0.0000E+00  0.0000E+00  0.0000E+00  0.7965E-02  0.7923E-04  0.0000E+00  0.0000E+00  0.0000E+00  0.0000E+00
  0.0000E+00  0.0000E+00  0.5566E+00  0.3258E-01  0.0000E+00  0.0000E+00  0.0000E+00  0.0000E+00  0.4488E-01  0.4688E-01  0.0000E+00  0.0000E+00  0.0000E+00  0.0000E+00
  0.0000E+00  0.0000E+00  0.4379E-03  0.7182E-03  0.0000E+00  0.0000E+00  0.0000E+00  0.0000E+00  0.9840E-03  0.2372E-03  0.0000E+00  0.0000E+00  0.0000E+00  0.0000E+00
  0.0000E+00  0.0000E+00  0.3139E-02  0.1004E-01  0.0000E+00  0.0000E+00  0.0000E+00  0.0000E+00  0.3090E-02  0.3799E-02  0.0000E+00  0.0000E+00  0.0000E+00  0.0000E+00
 Relative number of events:
  0.0000E+00  0.0000E+00  0.1200E-01  0.9500E-02  0.0000E+00  0.0000E+00  0.0000E+00  0.0000E+00  0.8250E-02  0.1200E-01  0.0000E+00  0.0000E+00  0.0000E+00  0.0000E+00
  0.0000E+00  0.0000E+00  0.9175E-01  0.9200E-01  0.0000E+00  0.0000E+00  0.0000E+00  0.0000E+00  0.1150E-01  0.1275E-01  0.0000E+00  0.0000E+00  0.0000E+00  0.0000E+00
  0.0000E+00  0.0000E+00  0.1075E-01  0.1100E-01  0.0000E+00  0.0000E+00  0.0000E+00  0.0000E+00  0.1475E-01  0.1200E-01  0.0000E+00  0.0000E+00  0.0000E+00  0.0000E+00
  0.0000E+00  0.0000E+00  0.8700E-01  0.8725E-01  0.0000E+00  0.0000E+00  0.0000E+00  0.0000E+00  0.1300E-01  0.1275E-01  0.0000E+00  0.0000E+00  0.0000E+00  0.0000E+00
  0.0000E+00  0.0000E+00  0.1225E-01  0.9000E-02  0.0000E+00  0.0000E+00  0.0000E+00  0.0000E+00  0.1350E-01  0.1375E-01  0.0000E+00  0.0000E+00  0.0000E+00  0.0000E+00
  0.0000E+00  0.0000E+00  0.8825E-01  0.9275E-01  0.0000E+00  0.0000E+00  0.0000E+00  0.0000E+00  0.1325E-01  0.1425E-01  0.0000E+00  0.0000E+00  0.0000E+00  0.0000E+00
  0.0000E+00  0.0000E+00  0.1000E-01  0.1000E-01  0.0000E+00  0.0000E+00  0.0000E+00  0.0000E+00  0.1375E-01  0.1075E-01  0.0000E+00  0.0000E+00  0.0000E+00  0.0000E+00
  0.0000E+00  0.0000E+00  0.8675E-01  0.8900E-01  0.0000E+00  0.0000E+00  0.0000E+00  0.0000E+00  0.1175E-01  0.1275E-01  0.0000E+00  0.0000E+00  0.0000E+00  0.0000E+00
 Events:
           0           0          48          38           0           0           0           0          33          48           0           0           0           0
           0           0         367         368           0           0           0           0          46          51           0           0           0           0
           0           0          43          44           0           0           0           0          59          48           0           0           0           0
           0           0         348         349           0           0           0           0          52          51           0           0           0           0
           0           0          49          36           0           0           0           0          54          55           0           0           0           0
           0           0         353         371           0           0           0           0          53          57           0           0           0           0
           0           0          40          40           0           0           0           0          55          43           0           0           0           0
           0           0         347         356           0           0           0           0          47          51           0           0           0           0
 Iteration  3   Mean: 0.1363E-09 Abs mean: 0.1363E-09   Fluctuation:  0.932E-10   0.735E-06    56.0%
  3    0.1363E-09 0.1363E-09 +- 0.9319E-10     61.16
 Relative summed weights:
  0.0000E+00  0.0000E+00  0.1436E-04  0.4480E-03  0.0000E+00  0.0000E+00  0.0000E+00  0.0000E+00  0.1740E-01  0.5111E-03  0.0000E+00  0.0000E+00  0.0000E+00  0.0000E+00
  0.0000E+00  0.0000E+00  0.1352E-01  0.3965E-02  0.0000E+00  0.0000E+00  0.0000E+00  0.0000E+00  0.1314E-03  0.6771E+00  0.0000E+00  0.0000E+00  0.0000E+00  0.0000E+00
  0.0000E+00  0.0000E+00  0.1801E-03  0.9420E-02  0.0000E+00  0.0000E+00  0.0000E+00  0.0000E+00  0.1493E-03  0.1450E-02  0.0000E+00  0.0000E+00  0.0000E+00  0.0000E+00
  0.0000E+00  0.0000E+00  0.1608E-01  0.9487E-02  0.0000E+00  0.0000E+00  0.0000E+00  0.0000E+00  0.1246E-02  0.2319E-02  0.0000E+00  0.0000E+00  0.0000E+00  0.0000E+00
  0.0000E+00  0.0000E+00  0.3507E-02  0.4419E-03  0.0000E+00  0.0000E+00  0.0000E+00  0.0000E+00  0.2952E-02  0.1169E-01  0.0000E+00  0.0000E+00  0.0000E+00  0.0000E+00
  0.0000E+00  0.0000E+00  0.4329E-02  0.2407E-02  0.0000E+00  0.0000E+00  0.0000E+00  0.0000E+00  0.5646E-02  0.4836E-03  0.0000E+00  0.0000E+00  0.0000E+00  0.0000E+00
  0.0000E+00  0.0000E+00  0.4115E-04  0.2316E-03  0.0000E+00  0.0000E+00  0.0000E+00  0.0000E+00  0.1015E+00  0.4001E-03  0.0000E+00  0.0000E+00  0.0000E+00  0.0000E+00
  0.0000E+00  0.0000E+00  0.3316E-01  0.4656E-01  0.0000E+00  0.0000E+00  0.0000E+00  0.0000E+00  0.1815E-01  0.1503E-01  0.0000E+00  0.0000E+00  0.0000E+00  0.0000E+00
 Relative number of events:
  0.0000E+00  0.0000E+00  0.1025E-01  0.1100E-01  0.0000E+00  0.0000E+00  0.0000E+00  0.0000E+00  0.1413E-01  0.1325E-01  0.0000E+00  0.0000E+00  0.0000E+00  0.0000E+00
  0.0000E+00  0.0000E+00  0.8737E-01  0.8575E-01  0.0000E+00  0.0000E+00  0.0000E+00  0.0000E+00  0.1325E-01  0.1525E-01  0.0000E+00  0.0000E+00  0.0000E+00  0.0000E+00
  0.0000E+00  0.0000E+00  0.1087E-01  0.8500E-02  0.0000E+00  0.0000E+00  0.0000E+00  0.0000E+00  0.1250E-01  0.1125E-01  0.0000E+00  0.0000E+00  0.0000E+00  0.0000E+00
  0.0000E+00  0.0000E+00  0.8925E-01  0.9325E-01  0.0000E+00  0.0000E+00  0.0000E+00  0.0000E+00  0.1512E-01  0.1175E-01  0.0000E+00  0.0000E+00  0.0000E+00  0.0000E+00
  0.0000E+00  0.0000E+00  0.9875E-02  0.1038E-01  0.0000E+00  0.0000E+00  0.0000E+00  0.0000E+00  0.1275E-01  0.1475E-01  0.0000E+00  0.0000E+00  0.0000E+00  0.0000E+00
  0.0000E+00  0.0000E+00  0.8425E-01  0.8650E-01  0.0000E+00  0.0000E+00  0.0000E+00  0.0000E+00  0.1438E-01  0.1362E-01  0.0000E+00  0.0000E+00  0.0000E+00  0.0000E+00
  0.0000E+00  0.0000E+00  0.9125E-02  0.1063E-01  0.0000E+00  0.0000E+00  0.0000E+00  0.0000E+00  0.1112E-01  0.1125E-01  0.0000E+00  0.0000E+00  0.0000E+00  0.0000E+00
  0.0000E+00  0.0000E+00  0.9112E-01  0.9000E-01  0.0000E+00  0.0000E+00  0.0000E+00  0.0000E+00  0.1312E-01  0.1438E-01  0.0000E+00  0.0000E+00  0.0000E+00  0.0000E+00
 Events:
           0           0          82          88           0           0           0           0         113         106           0           0           0           0
           0           0         699         686           0           0           0           0         106         122           0           0           0           0
           0           0          87          68           0           0           0           0         100          90           0           0           0           0
           0           0         714         746           0           0           0           0         121          94           0           0           0           0
           0           0          79          83           0           0           0           0         102         118           0           0           0           0
           0           0         674         692           0           0           0           0         115         109           0           0           0           0
           0           0          73          85           0           0           0           0          89          90           0           0           0           0
           0           0         729         720           0           0           0           0         105         115           0           0           0           0
 Accuracy:    0.591   0.010   0.363   2.646
 Found          251  events.
 Wrote            1  events.
 Actual xsec    6.2585609619970595E-011
 Correct abs xsec    6.2585609619970595E-011
 Event xsec    6.2585609619970595E-011
 Events wgts > 1:            0
 % Cross section > 1:    0.0000000000000000        0.0000000000000000     
 Iteration  4   Mean: 0.9717E-10 Abs mean: 0.9717E-10   Fluctuation:  0.358E-10   0.529E-06    60.0%
  4    0.9717E-10 0.9717E-10 +- 0.3575E-10     46.54
 Relative summed weights:
  0.0000E+00  0.0000E+00  0.1568E-02  0.2060E-01  0.0000E+00  0.0000E+00  0.0000E+00  0.0000E+00  0.3824E-02  0.1235E-01  0.0000E+00  0.0000E+00  0.0000E+00  0.0000E+00
  0.0000E+00  0.0000E+00  0.3192E-01  0.3641E+00  0.0000E+00  0.0000E+00  0.0000E+00  0.0000E+00  0.3440E-01  0.1495E-01  0.0000E+00  0.0000E+00  0.0000E+00  0.0000E+00
  0.0000E+00  0.0000E+00  0.8697E-02  0.2478E-02  0.0000E+00  0.0000E+00  0.0000E+00  0.0000E+00  0.1093E-01  0.1715E-02  0.0000E+00  0.0000E+00  0.0000E+00  0.0000E+00
  0.0000E+00  0.0000E+00  0.1405E+00  0.1019E-01  0.0000E+00  0.0000E+00  0.0000E+00  0.0000E+00  0.1093E-01  0.2809E-01  0.0000E+00  0.0000E+00  0.0000E+00  0.0000E+00
  0.0000E+00  0.0000E+00  0.1758E-01  0.4041E-01  0.0000E+00  0.0000E+00  0.0000E+00  0.0000E+00  0.6758E-03  0.4192E-02  0.0000E+00  0.0000E+00  0.0000E+00  0.0000E+00
  0.0000E+00  0.0000E+00  0.2887E-01  0.6534E-01  0.0000E+00  0.0000E+00  0.0000E+00  0.0000E+00  0.2950E-02  0.1591E-01  0.0000E+00  0.0000E+00  0.0000E+00  0.0000E+00
  0.0000E+00  0.0000E+00  0.8084E-03  0.6526E-03  0.0000E+00  0.0000E+00  0.0000E+00  0.0000E+00  0.5259E-02  0.6957E-03  0.0000E+00  0.0000E+00  0.0000E+00  0.0000E+00
  0.0000E+00  0.0000E+00  0.3550E-01  0.5087E-01  0.0000E+00  0.0000E+00  0.0000E+00  0.0000E+00  0.4390E-02  0.2865E-01  0.0000E+00  0.0000E+00  0.0000E+00  0.0000E+00
 Relative number of events:
  0.0000E+00  0.0000E+00  0.1188E-01  0.1069E-01  0.0000E+00  0.0000E+00  0.0000E+00  0.0000E+00  0.1344E-01  0.1244E-01  0.0000E+00  0.0000E+00  0.0000E+00  0.0000E+00
  0.0000E+00  0.0000E+00  0.8719E-01  0.9312E-01  0.0000E+00  0.0000E+00  0.0000E+00  0.0000E+00  0.1238E-01  0.1287E-01  0.0000E+00  0.0000E+00  0.0000E+00  0.0000E+00
  0.0000E+00  0.0000E+00  0.1019E-01  0.1125E-01  0.0000E+00  0.0000E+00  0.0000E+00  0.0000E+00  0.1287E-01  0.1319E-01  0.0000E+00  0.0000E+00  0.0000E+00  0.0000E+00
  0.0000E+00  0.0000E+00  0.8687E-01  0.8425E-01  0.0000E+00  0.0000E+00  0.0000E+00  0.0000E+00  0.1169E-01  0.1331E-01  0.0000E+00  0.0000E+00  0.0000E+00  0.0000E+00
  0.0000E+00  0.0000E+00  0.1188E-01  0.9750E-02  0.0000E+00  0.0000E+00  0.0000E+00  0.0000E+00  0.1294E-01  0.1381E-01  0.0000E+00  0.0000E+00  0.0000E+00  0.0000E+00
  0.0000E+00  0.0000E+00  0.9037E-01  0.9300E-01  0.0000E+00  0.0000E+00  0.0000E+00  0.0000E+00  0.1331E-01  0.1481E-01  0.0000E+00  0.0000E+00  0.0000E+00  0.0000E+00
  0.0000E+00  0.0000E+00  0.1175E-01  0.1188E-01  0.0000E+00  0.0000E+00  0.0000E+00  0.0000E+00  0.1213E-01  0.1231E-01  0.0000E+00  0.0000E+00  0.0000E+00  0.0000E+00
  0.0000E+00  0.0000E+00  0.8356E-01  0.8550E-01  0.0000E+00  0.0000E+00  0.0000E+00  0.0000E+00  0.1325E-01  0.1213E-01  0.0000E+00  0.0000E+00  0.0000E+00  0.0000E+00
 Events:
           0           0         190         171           0           0           0           0         215         199           0           0           0           0
           0           0        1395        1490           0           0           0           0         198         206           0           0           0           0
           0           0         163         180           0           0           0           0         206         211           0           0           0           0
           0           0        1390        1348           0           0           0           0         187         213           0           0           0           0
           0           0         190         156           0           0           0           0         207         221           0           0           0           0
           0           0        1446        1488           0           0           0           0         213         237           0           0           0           0
           0           0         188         190           0           0           0           0         194         197           0           0           0           0
           0           0        1337        1368           0           0           0           0         212         194           0           0           0           0
 Accuracy:    0.297   0.010   0.259   1.324
 Found          233  events.
 Wrote            3  events.
 Actual xsec    8.1381820723620584E-011
 Correct abs xsec    8.1381820723620584E-011
 Event xsec    8.1381820723620597E-011
 Events wgts > 1:            1
 % Cross section > 1:    1.0132590563304624E-018   1.2450680598208463E-006
 Iteration  5   Mean: 0.2845E-09 Abs mean: 0.2845E-09   Fluctuation:  0.956E-10   0.279E-05    60.1%
  5    0.2845E-09 0.2845E-09 +- 0.9556E-10     60.09
 Relative summed weights:
  0.0000E+00  0.0000E+00  0.1052E-02  0.1651E-01  0.0000E+00  0.0000E+00  0.0000E+00  0.0000E+00  0.3088E+00  0.1962E-02  0.0000E+00  0.0000E+00  0.0000E+00  0.0000E+00
  0.0000E+00  0.0000E+00  0.2919E-01  0.1700E-01  0.0000E+00  0.0000E+00  0.0000E+00  0.0000E+00  0.3917E-02  0.7275E-01  0.0000E+00  0.0000E+00  0.0000E+00  0.0000E+00
  0.0000E+00  0.0000E+00  0.3495E-02  0.9331E-01  0.0000E+00  0.0000E+00  0.0000E+00  0.0000E+00  0.8798E-03  0.3946E-02  0.0000E+00  0.0000E+00  0.0000E+00  0.0000E+00
  0.0000E+00  0.0000E+00  0.6903E-01  0.4008E-01  0.0000E+00  0.0000E+00  0.0000E+00  0.0000E+00  0.2068E-01  0.1910E-01  0.0000E+00  0.0000E+00  0.0000E+00  0.0000E+00
  0.0000E+00  0.0000E+00  0.1261E-02  0.3882E-02  0.0000E+00  0.0000E+00  0.0000E+00  0.0000E+00  0.1378E-02  0.2191E-02  0.0000E+00  0.0000E+00  0.0000E+00  0.0000E+00
  0.0000E+00  0.0000E+00  0.5258E-01  0.1049E+00  0.0000E+00  0.0000E+00  0.0000E+00  0.0000E+00  0.6986E-02  0.1515E-01  0.0000E+00  0.0000E+00  0.0000E+00  0.0000E+00
  0.0000E+00  0.0000E+00  0.5690E-02  0.2253E-01  0.0000E+00  0.0000E+00  0.0000E+00  0.0000E+00  0.1428E-02  0.7058E-02  0.0000E+00  0.0000E+00  0.0000E+00  0.0000E+00
  0.0000E+00  0.0000E+00  0.2850E-01  0.3508E-01  0.0000E+00  0.0000E+00  0.0000E+00  0.0000E+00  0.4770E-02  0.4897E-02  0.0000E+00  0.0000E+00  0.0000E+00  0.0000E+00
 Relative number of events:
  0.0000E+00  0.0000E+00  0.9938E-02  0.1069E-01  0.0000E+00  0.0000E+00  0.0000E+00  0.0000E+00  0.1225E-01  0.1225E-01  0.0000E+00  0.0000E+00  0.0000E+00  0.0000E+00
  0.0000E+00  0.0000E+00  0.8772E-01  0.8662E-01  0.0000E+00  0.0000E+00  0.0000E+00  0.0000E+00  0.1287E-01  0.1450E-01  0.0000E+00  0.0000E+00  0.0000E+00  0.0000E+00
  0.0000E+00  0.0000E+00  0.1091E-01  0.9719E-02  0.0000E+00  0.0000E+00  0.0000E+00  0.0000E+00  0.1178E-01  0.1303E-01  0.0000E+00  0.0000E+00  0.0000E+00  0.0000E+00
  0.0000E+00  0.0000E+00  0.8750E-01  0.8600E-01  0.0000E+00  0.0000E+00  0.0000E+00  0.0000E+00  0.1425E-01  0.1347E-01  0.0000E+00  0.0000E+00  0.0000E+00  0.0000E+00
  0.0000E+00  0.0000E+00  0.1091E-01  0.1087E-01  0.0000E+00  0.0000E+00  0.0000E+00  0.0000E+00  0.1384E-01  0.1388E-01  0.0000E+00  0.0000E+00  0.0000E+00  0.0000E+00
  0.0000E+00  0.0000E+00  0.9100E-01  0.8597E-01  0.0000E+00  0.0000E+00  0.0000E+00  0.0000E+00  0.1509E-01  0.1491E-01  0.0000E+00  0.0000E+00  0.0000E+00  0.0000E+00
  0.0000E+00  0.0000E+00  0.1141E-01  0.1103E-01  0.0000E+00  0.0000E+00  0.0000E+00  0.0000E+00  0.1347E-01  0.1378E-01  0.0000E+00  0.0000E+00  0.0000E+00  0.0000E+00
  0.0000E+00  0.0000E+00  0.8778E-01  0.8584E-01  0.0000E+00  0.0000E+00  0.0000E+00  0.0000E+00  0.1416E-01  0.1256E-01  0.0000E+00  0.0000E+00  0.0000E+00  0.0000E+00
 Events:
           0           0         318         342           0           0           0           0         392         392           0           0           0           0
           0           0        2807        2772           0           0           0           0         412         464           0           0           0           0
           0           0         349         311           0           0           0           0         377         417           0           0           0           0
           0           0        2800        2752           0           0           0           0         456         431           0           0           0           0
           0           0         349         348           0           0           0           0         443         444           0           0           0           0
           0           0        2912        2751           0           0           0           0         483         477           0           0           0           0
           0           0         365         353           0           0           0           0         431         441           0           0           0           0
           0           0        2809        2747           0           0           0           0         453         402           0           0           0           0
 Accuracy:    0.334   0.010   0.205   2.661
 Found         1211  events.
 Wrote            2  events.
 Actual xsec    1.9200325858327314E-010
 Correct abs xsec    1.9200325858327314E-010
 Event xsec    1.9200325858327314E-010
 Events wgts > 1:            0
 % Cross section > 1:    0.0000000000000000        0.0000000000000000     
 Iteration  6   Mean: 0.3384E-09 Abs mean: 0.3384E-09   Fluctuation:  0.365E-10   0.131E-05    58.1%
  6    0.3384E-09 0.3384E-09 +- 0.3654E-10     27.31
 Relative summed weights:
  0.0000E+00  0.0000E+00  0.7814E-02  0.8039E-02  0.0000E+00  0.0000E+00  0.0000E+00  0.0000E+00  0.6492E-01  0.1109E-01  0.0000E+00  0.0000E+00  0.0000E+00  0.0000E+00
  0.0000E+00  0.0000E+00  0.5602E-01  0.9207E-01  0.0000E+00  0.0000E+00  0.0000E+00  0.0000E+00  0.5891E-01  0.1685E-01  0.0000E+00  0.0000E+00  0.0000E+00  0.0000E+00
  0.0000E+00  0.0000E+00  0.1006E-01  0.6563E-02  0.0000E+00  0.0000E+00  0.0000E+00  0.0000E+00  0.8085E-02  0.5323E-02  0.0000E+00  0.0000E+00  0.0000E+00  0.0000E+00
  0.0000E+00  0.0000E+00  0.8484E-01  0.4264E-01  0.0000E+00  0.0000E+00  0.0000E+00  0.0000E+00  0.2797E-01  0.2356E-01  0.0000E+00  0.0000E+00  0.0000E+00  0.0000E+00
  0.0000E+00  0.0000E+00  0.4757E-02  0.7952E-02  0.0000E+00  0.0000E+00  0.0000E+00  0.0000E+00  0.7771E-02  0.1744E-01  0.0000E+00  0.0000E+00  0.0000E+00  0.0000E+00
  0.0000E+00  0.0000E+00  0.5693E-01  0.1240E+00  0.0000E+00  0.0000E+00  0.0000E+00  0.0000E+00  0.2837E-01  0.3184E-01  0.0000E+00  0.0000E+00  0.0000E+00  0.0000E+00
  0.0000E+00  0.0000E+00  0.5115E-02  0.6406E-02  0.0000E+00  0.0000E+00  0.0000E+00  0.0000E+00  0.1047E-01  0.6119E-02  0.0000E+00  0.0000E+00  0.0000E+00  0.0000E+00
  0.0000E+00  0.0000E+00  0.5674E-01  0.7034E-01  0.0000E+00  0.0000E+00  0.0000E+00  0.0000E+00  0.1339E-01  0.2760E-01  0.0000E+00  0.0000E+00  0.0000E+00  0.0000E+00
 Relative number of events:
  0.0000E+00  0.0000E+00  0.1047E-01  0.1030E-01  0.0000E+00  0.0000E+00  0.0000E+00  0.0000E+00  0.1300E-01  0.1258E-01  0.0000E+00  0.0000E+00  0.0000E+00  0.0000E+00
  0.0000E+00  0.0000E+00  0.8784E-01  0.9014E-01  0.0000E+00  0.0000E+00  0.0000E+00  0.0000E+00  0.1305E-01  0.1327E-01  0.0000E+00  0.0000E+00  0.0000E+00  0.0000E+00
  0.0000E+00  0.0000E+00  0.1142E-01  0.1155E-01  0.0000E+00  0.0000E+00  0.0000E+00  0.0000E+00  0.1225E-01  0.1245E-01  0.0000E+00  0.0000E+00  0.0000E+00  0.0000E+00
  0.0000E+00  0.0000E+00  0.8987E-01  0.8822E-01  0.0000E+00  0.0000E+00  0.0000E+00  0.0000E+00  0.1300E-01  0.1250E-01  0.0000E+00  0.0000E+00  0.0000E+00  0.0000E+00
  0.0000E+00  0.0000E+00  0.1077E-01  0.1100E-01  0.0000E+00  0.0000E+00  0.0000E+00  0.0000E+00  0.1222E-01  0.1284E-01  0.0000E+00  0.0000E+00  0.0000E+00  0.0000E+00
  0.0000E+00  0.0000E+00  0.8634E-01  0.8787E-01  0.0000E+00  0.0000E+00  0.0000E+00  0.0000E+00  0.1356E-01  0.1355E-01  0.0000E+00  0.0000E+00  0.0000E+00  0.0000E+00
  0.0000E+00  0.0000E+00  0.1028E-01  0.1089E-01  0.0000E+00  0.0000E+00  0.0000E+00  0.0000E+00  0.1238E-01  0.1284E-01  0.0000E+00  0.0000E+00  0.0000E+00  0.0000E+00
  0.0000E+00  0.0000E+00  0.8844E-01  0.8894E-01  0.0000E+00  0.0000E+00  0.0000E+00  0.0000E+00  0.1278E-01  0.1339E-01  0.0000E+00  0.0000E+00  0.0000E+00  0.0000E+00
 Events:
           0           0         670         659           0           0           0           0         832         805           0           0           0           0
           0           0        5622        5769           0           0           0           0         835         849           0           0           0           0
           0           0         731         739           0           0           0           0         784         797           0           0           0           0
           0           0        5752        5646           0           0           0           0         832         800           0           0           0           0
           0           0         689         704           0           0           0           0         782         822           0           0           0           0
           0           0        5526        5624           0           0           0           0         868         867           0           0           0           0
           0           0         658         697           0           0           0           0         792         822           0           0           0           0
           0           0        5660        5692           0           0           0           0         818         857           0           0           0           0
 Accuracy:    0.134   0.010   0.096   1.972
 Found         2533  events.
 Wrote           17  events.
 Actual xsec    3.1627206318988184E-010
 Correct abs xsec    3.1627206318988184E-010
 Event xsec    3.1627206318988178E-010
 Events wgts > 1:            1
 % Cross section > 1:    2.8811510989580751E-012  0.91097236660713354     
 Iteration  7   Mean: 0.3548E-09 Abs mean: 0.3548E-09   Fluctuation:  0.193E-10   0.156E-05    57.9%
  7    0.3548E-09 0.3548E-09 +- 0.1932E-10     19.48
 Relative summed weights:
  0.0000E+00  0.0000E+00  0.1492E-01  0.1558E-01  0.0000E+00  0.0000E+00  0.0000E+00  0.0000E+00  0.7903E-02  0.6555E-02  0.0000E+00  0.0000E+00  0.0000E+00  0.0000E+00
  0.0000E+00  0.0000E+00  0.6156E-01  0.5860E-01  0.0000E+00  0.0000E+00  0.0000E+00  0.0000E+00  0.6368E-01  0.2649E-01  0.0000E+00  0.0000E+00  0.0000E+00  0.0000E+00
  0.0000E+00  0.0000E+00  0.1255E-01  0.9882E-02  0.0000E+00  0.0000E+00  0.0000E+00  0.0000E+00  0.1029E-01  0.6961E-02  0.0000E+00  0.0000E+00  0.0000E+00  0.0000E+00
  0.0000E+00  0.0000E+00  0.6999E-01  0.6312E-01  0.0000E+00  0.0000E+00  0.0000E+00  0.0000E+00  0.3416E-01  0.3709E-01  0.0000E+00  0.0000E+00  0.0000E+00  0.0000E+00
  0.0000E+00  0.0000E+00  0.1262E-01  0.1240E-01  0.0000E+00  0.0000E+00  0.0000E+00  0.0000E+00  0.1126E-01  0.1067E-01  0.0000E+00  0.0000E+00  0.0000E+00  0.0000E+00
  0.0000E+00  0.0000E+00  0.6336E-01  0.6353E-01  0.0000E+00  0.0000E+00  0.0000E+00  0.0000E+00  0.6494E-01  0.4363E-01  0.0000E+00  0.0000E+00  0.0000E+00  0.0000E+00
  0.0000E+00  0.0000E+00  0.1094E-01  0.1149E-01  0.0000E+00  0.0000E+00  0.0000E+00  0.0000E+00  0.8948E-02  0.6114E-02  0.0000E+00  0.0000E+00  0.0000E+00  0.0000E+00
  0.0000E+00  0.0000E+00  0.6948E-01  0.5921E-01  0.0000E+00  0.0000E+00  0.0000E+00  0.0000E+00  0.2700E-01  0.2507E-01  0.0000E+00  0.0000E+00  0.0000E+00  0.0000E+00
 Relative number of events:
  0.0000E+00  0.0000E+00  0.1078E-01  0.1065E-01  0.0000E+00  0.0000E+00  0.0000E+00  0.0000E+00  0.1258E-01  0.1252E-01  0.0000E+00  0.0000E+00  0.0000E+00  0.0000E+00
  0.0000E+00  0.0000E+00  0.8909E-01  0.8934E-01  0.0000E+00  0.0000E+00  0.0000E+00  0.0000E+00  0.1320E-01  0.1270E-01  0.0000E+00  0.0000E+00  0.0000E+00  0.0000E+00
  0.0000E+00  0.0000E+00  0.1090E-01  0.1077E-01  0.0000E+00  0.0000E+00  0.0000E+00  0.0000E+00  0.1289E-01  0.1308E-01  0.0000E+00  0.0000E+00  0.0000E+00  0.0000E+00
  0.0000E+00  0.0000E+00  0.8751E-01  0.8850E-01  0.0000E+00  0.0000E+00  0.0000E+00  0.0000E+00  0.1327E-01  0.1301E-01  0.0000E+00  0.0000E+00  0.0000E+00  0.0000E+00
  0.0000E+00  0.0000E+00  0.1096E-01  0.1019E-01  0.0000E+00  0.0000E+00  0.0000E+00  0.0000E+00  0.1220E-01  0.1238E-01  0.0000E+00  0.0000E+00  0.0000E+00  0.0000E+00
  0.0000E+00  0.0000E+00  0.8887E-01  0.8727E-01  0.0000E+00  0.0000E+00  0.0000E+00  0.0000E+00  0.1383E-01  0.1316E-01  0.0000E+00  0.0000E+00  0.0000E+00  0.0000E+00
  0.0000E+00  0.0000E+00  0.1091E-01  0.1034E-01  0.0000E+00  0.0000E+00  0.0000E+00  0.0000E+00  0.1253E-01  0.1252E-01  0.0000E+00  0.0000E+00  0.0000E+00  0.0000E+00
  0.0000E+00  0.0000E+00  0.8805E-01  0.8893E-01  0.0000E+00  0.0000E+00  0.0000E+00  0.0000E+00  0.1337E-01  0.1370E-01  0.0000E+00  0.0000E+00  0.0000E+00  0.0000E+00
 Events:
           0           0        1380        1363           0           0           0           0        1610        1603           0           0           0           0
           0           0       11404       11435           0           0           0           0        1689        1626           0           0           0           0
           0           0        1395        1378           0           0           0           0        1650        1674           0           0           0           0
           0           0       11201       11328           0           0           0           0        1699        1665           0           0           0           0
           0           0        1403        1304           0           0           0           0        1562        1584           0           0           0           0
           0           0       11375       11171           0           0           0           0        1770        1685           0           0           0           0
           0           0        1396        1323           0           0           0           0        1604        1603           0           0           0           0
           0           0       11271       11383           0           0           0           0        1712        1754           0           0           0           0
 Accuracy:    0.060   0.010   0.047   1.633
 Found         7477  events.
 Wrote           31  events.
 Actual xsec    3.5011398622474033E-010
 Correct abs xsec    3.5011398622474033E-010
 Event xsec    3.5011398622474022E-010
 Events wgts > 1:            0
 % Cross section > 1:    0.0000000000000000        0.0000000000000000     
 Iteration  8   Mean: 0.3801E-09 Abs mean: 0.3801E-09   Fluctuation:  0.848E-11   0.659E-06    58.5%
  8    0.3801E-09 0.3801E-09 +- 0.8485E-11     11.29
 Relative summed weights:
  0.0000E+00  0.0000E+00  0.1179E-01  0.8836E-02  0.0000E+00  0.0000E+00  0.0000E+00  0.0000E+00  0.8257E-02  0.1267E-01  0.0000E+00  0.0000E+00  0.0000E+00  0.0000E+00
  0.0000E+00  0.0000E+00  0.5891E-01  0.5952E-01  0.0000E+00  0.0000E+00  0.0000E+00  0.0000E+00  0.3773E-01  0.3497E-01  0.0000E+00  0.0000E+00  0.0000E+00  0.0000E+00
  0.0000E+00  0.0000E+00  0.2397E-01  0.1385E-01  0.0000E+00  0.0000E+00  0.0000E+00  0.0000E+00  0.1076E-01  0.8556E-02  0.0000E+00  0.0000E+00  0.0000E+00  0.0000E+00
  0.0000E+00  0.0000E+00  0.5427E-01  0.5351E-01  0.0000E+00  0.0000E+00  0.0000E+00  0.0000E+00  0.3703E-01  0.3888E-01  0.0000E+00  0.0000E+00  0.0000E+00  0.0000E+00
  0.0000E+00  0.0000E+00  0.1390E-01  0.1529E-01  0.0000E+00  0.0000E+00  0.0000E+00  0.0000E+00  0.1070E-01  0.1246E-01  0.0000E+00  0.0000E+00  0.0000E+00  0.0000E+00
  0.0000E+00  0.0000E+00  0.6483E-01  0.5665E-01  0.0000E+00  0.0000E+00  0.0000E+00  0.0000E+00  0.4639E-01  0.4245E-01  0.0000E+00  0.0000E+00  0.0000E+00  0.0000E+00
  0.0000E+00  0.0000E+00  0.2379E-01  0.1324E-01  0.0000E+00  0.0000E+00  0.0000E+00  0.0000E+00  0.1243E-01  0.1216E-01  0.0000E+00  0.0000E+00  0.0000E+00  0.0000E+00
  0.0000E+00  0.0000E+00  0.5766E-01  0.6076E-01  0.0000E+00  0.0000E+00  0.0000E+00  0.0000E+00  0.4745E-01  0.3632E-01  0.0000E+00  0.0000E+00  0.0000E+00  0.0000E+00
 Relative number of events:
  0.0000E+00  0.0000E+00  0.1064E-01  0.1076E-01  0.0000E+00  0.0000E+00  0.0000E+00  0.0000E+00  0.1301E-01  0.1254E-01  0.0000E+00  0.0000E+00  0.0000E+00  0.0000E+00
  0.0000E+00  0.0000E+00  0.8920E-01  0.8822E-01  0.0000E+00  0.0000E+00  0.0000E+00  0.0000E+00  0.1320E-01  0.1314E-01  0.0000E+00  0.0000E+00  0.0000E+00  0.0000E+00
  0.0000E+00  0.0000E+00  0.1060E-01  0.1082E-01  0.0000E+00  0.0000E+00  0.0000E+00  0.0000E+00  0.1251E-01  0.1235E-01  0.0000E+00  0.0000E+00  0.0000E+00  0.0000E+00
Thanks for using LHAPDF 6.2.1. Please make sure to cite the paper:
  Eur.Phys.J. C75 (2015) 3, 132  (http://arxiv.org/abs/1412.7420)
  0.0000E+00  0.0000E+00  0.8829E-01  0.8822E-01  0.0000E+00  0.0000E+00  0.0000E+00  0.0000E+00  0.1350E-01  0.1337E-01  0.0000E+00  0.0000E+00  0.0000E+00  0.0000E+00
  0.0000E+00  0.0000E+00  0.1050E-01  0.1060E-01  0.0000E+00  0.0000E+00  0.0000E+00  0.0000E+00  0.1277E-01  0.1233E-01  0.0000E+00  0.0000E+00  0.0000E+00  0.0000E+00
  0.0000E+00  0.0000E+00  0.8854E-01  0.8832E-01  0.0000E+00  0.0000E+00  0.0000E+00  0.0000E+00  0.1374E-01  0.1345E-01  0.0000E+00  0.0000E+00  0.0000E+00  0.0000E+00
  0.0000E+00  0.0000E+00  0.1054E-01  0.1037E-01  0.0000E+00  0.0000E+00  0.0000E+00  0.0000E+00  0.1277E-01  0.1227E-01  0.0000E+00  0.0000E+00  0.0000E+00  0.0000E+00
  0.0000E+00  0.0000E+00  0.8796E-01  0.8821E-01  0.0000E+00  0.0000E+00  0.0000E+00  0.0000E+00  0.1330E-01  0.1397E-01  0.0000E+00  0.0000E+00  0.0000E+00  0.0000E+00
 Events:
           0           0        2723        2755           0           0           0           0        3330        3210           0           0           0           0
           0           0       22835       22584           0           0           0           0        3379        3365           0           0           0           0
           0           0        2714        2770           0           0           0           0        3202        3161           0           0           0           0
           0           0       22601       22585           0           0           0           0        3457        3422           0           0           0           0
           0           0        2688        2713           0           0           0           0        3270        3157           0           0           0           0
           0           0       22667       22611           0           0           0           0        3518        3442           0           0           0           0
           0           0        2698        2655           0           0           0           0        3269        3141           0           0           0           0
           0           0       22517       22581           0           0           0           0        3404        3576           0           0           0           0
 Accuracy:    0.027   0.010   0.020   1.742
 Found        19413  events.
 Wrote          277  events.
 Actual xsec    3.7510632547332570E-010
 Correct abs xsec    3.7510632547332570E-010
 Event xsec    3.7510632547332280E-010
 Events wgts > 1:            5
 % Cross section > 1:    3.6302594029766288E-012  0.96779477082820065     

 -------------------------------------------------------------------------------
 Accumulated results:   Integral =  0.3730E-09
                        Std dev  =  0.7530E-11
                       Cross sec =  0.3730E-09
             Chi**2 per DoF.     =      1.7422
 -------------------------------------------------------------------------------
-------------------------------------------------
---------------------------
 Results Last   3 iters: Integral =   0.3751E-09
                     Abs integral =   0.3751E-09
                          Std dev =   0.7610E-11
                  Chi**2 per DoF. =      1.2280
-------------------------------------------------
---------------------------
 Status   1.0000000000000000E-002           9           8

ls status:
events.lhe
ftn26
input_app.txt
results.dat
run1_app.log
