==== LHAPDF6 USING DEFAULT-TYPE LHAGLUE INTERFACE ====
LHAPDF 6.2.1 loading /cvmfs/cms.cern.ch/slc6_amd64_gcc630/external/lhapdf/6.2.1-ghjeda2/share/LHAPDF/NNPDF31_nnlo_as_0118_nf_4_mc_hessian/NNPDF31_nnlo_as_0118_nf_4_mc_hessian_0000.dat
NNPDF31_nnlo_as_0118_nf_4_mc_hessian PDF set, member #0, version 1; LHAPDF ID = 325500
 Process in group number            2
 A PDF is used, so alpha_s(MZ) is going to be modified
 Old value of alpha_s from param_card:   0.11810000000000001     
 New value of alpha_s from PDF lhapdf :  0.11266013434007299     
 using LHAPDF
 Define smin to   10000.000000000000     
 Define smin to   10000.000000000000     
 Define smin to   10000.000000000000     
 Define smin to   10000.000000000000     
 Define smin to   10000.000000000000     
 Define smin to   10000.000000000000     
 Define smin to   10000.000000000000     
 *****************************************************
 *               MadGraph/MadEvent                   *
 *        --------------------------------           *
 *          http://madgraph.hep.uiuc.edu             *
 *          http://madgraph.phys.ucl.ac.be           *
 *          http://madgraph.roma2.infn.it            *
 *        --------------------------------           *
 *                                                   *
 *          PARAMETER AND COUPLING VALUES            *
 *                                                   *
 *****************************************************

  External Params
  ---------------------------------
  
 mdl_MW0 =    80.387000000000000     
 mdl_Gf =    1.1663789999999999E-005
 aS =   0.11810000000000001     
 mdl_ymdo =    1.0000000000000000E-099
 mdl_ymb =    4.1799999999999997     
 mdl_ymt =    173.19999999999999     
 mdl_ymtau =    1.7769999999999999     
 mdl_LambdaSMEFT =    1000.0000000000000     
 mdl_cW =    1.0000000000000000     
 mdl_MZ =    91.187600000000003     
 mdl_MTA =    1.7769999999999999     
 mdl_MT =    173.19999999999999     
 mdl_MB =    4.1799999999999997     
 mdl_MH =    125.09000000000000     
 mdl_WZ =    2.4952000000000001     
 mdl_WW =    2.0850000000000000     
 mdl_WT =    1.5083359999999999     
 mdl_WH =    4.0699999999999998E-003
  Internal Params
  ---------------------------------
  
 mdl_ymm =    1.0000000000000000E-099
 mdl_yme =    1.0000000000000000E-099
 mdl_ymc =    1.0000000000000000E-099
 mdl_yms =    1.0000000000000000E-099
 mdl_ymup =    1.0000000000000000E-099
 mdl_conjg__CKM3x3 =    1.0000000000000000     
 mdl_cH =    0.0000000000000000     
 mdl_cHB =    0.0000000000000000     
 mdl_CKM2x2 =    1.0000000000000000     
 mdl_CKM1x1 =    1.0000000000000000     
 mdl_conjg__CKM1x1 =    1.0000000000000000     
 mdl_dGf =    0.0000000000000000     
 mdl_CKM3x3 =    1.0000000000000000     
 mdl_dMH2 =    0.0000000000000000     
 mdl_conjg__CKM2x2 =    1.0000000000000000     
 mdl_dg1 =    0.0000000000000000     
 mdl_cHW =    0.0000000000000000     
 mdl_dgw =    0.0000000000000000     
 mdl_complexi =  (  0.0000000000000000     ,  1.0000000000000000     )
 mdl_MW =    80.387000000000000     
 mdl_nb__2__exp__0_25 =    1.1892071150027210     
 mdl_MH__exp__2 =    15647.508100000001     
 mdl_sqrt__2 =    1.4142135623730951     
 mdl_MW__exp__2 =    6462.0697689999997     
 mdl_MZ__exp__2 =    8315.1783937600012     
 mdl_sth2 =   0.22285855299877133     
 mdl_MH__exp__6 =    3831206449390.3818     
 mdl_MT__exp__6 =    26995248278778.535     
 mdl_MH__exp__4 =    244844509.73956564     
 mdl_MT__exp__4 =    899894403.09759963     
 mdl_MT__exp__2 =    29998.239999999994     
 mdl_LambdaSMEFT__exp__2 =    1000000.0000000000     
 mdl_cth =   0.88155626422890820     
 mdl_sqrt__sth2 =   0.47207896902824564     
 mdl_sth =   0.47207896902824564     
 mdl_MW0__exp__6 =    269845343347.69711     
 mdl_MW0__exp__4 =    41758345.699423708     
 mdl_MW0__exp__2 =    6462.0697689999997     
 mdl_MZ__exp__4 =    69142191.720053151     
 mdl_MZ__exp__6 =    574929658687.79749     
 mdl_cth__exp__2 =   0.77714144700122867     
 mdl_sth__exp__2 =   0.22285855299877130     
 mdl_sth__exp__3 =   0.10520683593878660     
 mdl_cth__exp__3 =   0.68509391079585125     
 mdl_sth__exp__4 =    4.9665934644706158E-002
 mdl_sqrt__Gf =    3.4152291284773265E-003
 mdl_vevhat =    246.21961912951551     
 mdl_lam =   0.12905352724481209     
 mdl_aEW =    7.5614618607353409E-003
 mdl_yb =    2.4008698866559607E-002
 mdl_yc =    5.7437078628133041E-102
 mdl_ydo =    5.7437078628133041E-102
 mdl_ye =    5.7437078628133041E-102
 mdl_ym =    5.7437078628133041E-102
 mdl_ys =    5.7437078628133041E-102
 mdl_yt =   0.99481020183926416     
 mdl_ytau =    1.0206568872219240E-002
 mdl_yup =    5.7437078628133041E-102
 mdl_vevhat__exp__2 =    60624.100844283676     
 mdl_barlam =   0.12905352724481209     
 mdl_vevT =    246.21961912951551     
 mdl_sqrt__aEW =    8.6956666568672819E-002
 mdl_ee =   0.30825335704310214     
 mdl_gwsh =   0.65296989967087182     
 mdl_vev =    246.21961912951551     
 mdl_g1 =   0.34966952144878632     
 mdl_gw =   0.65296989967087182     
 mdl_ee__exp__2 =    9.5020132128342205E-002
 mdl_gHaa =   -1.9303830602986922E-003
 mdl_gHza =   -6.8546472954154700E-003
 mdl_g1sh =   0.34966952144878632     
 mdl_I1d11 =  (  5.7437078628133041E-102,  0.0000000000000000     )
 mdl_I1d22 =  (  5.7437078628133041E-102,  0.0000000000000000     )
 mdl_I1d33 =  (  2.4008698866559607E-002,  0.0000000000000000     )
 mdl_I2d11 =  (  5.7437078628133041E-102,  0.0000000000000000     )
 mdl_I2d22 =  (  5.7437078628133041E-102,  0.0000000000000000     )
 mdl_I2d33 =  ( 0.99481020183926416     ,  0.0000000000000000     )
 mdl_I3d11 =  (  5.7437078628133041E-102,  0.0000000000000000     )
 mdl_I3d22 =  (  5.7437078628133041E-102,  0.0000000000000000     )
 mdl_I3d33 =  (  2.4008698866559607E-002,  0.0000000000000000     )
 mdl_I4d11 =  (  5.7437078628133041E-102,  0.0000000000000000     )
 mdl_I4d22 =  (  5.7437078628133041E-102,  0.0000000000000000     )
 mdl_I4d33 =  ( 0.99481020183926416     ,  0.0000000000000000     )
 mdl_I5d11 =  (  5.7437078628133041E-102,  0.0000000000000000     )
 mdl_I5d22 =  (  5.7437078628133041E-102,  0.0000000000000000     )
 mdl_I5d33 =  (  2.4008698866559607E-002,  0.0000000000000000     )
 mdl_I6d11 =  (  5.7437078628133041E-102,  0.0000000000000000     )
 mdl_I6d22 =  (  5.7437078628133041E-102,  0.0000000000000000     )
 mdl_I6d33 =  ( 0.99481020183926416     ,  0.0000000000000000     )
 mdl_ee__exp__3 =    2.9290274715240611E-002
 mdl_vevhat__exp__3 =    14926843.019948866     
  Internal Params evaluated point by point
  ----------------------------------------
  
 mdl_sqrt__aS =   0.34365680554879169     
 mdl_G__exp__2 =    1.4840883695558185     
 mdl_gHgg =    3.2334372328970845E-003
 mdl_G__exp__3 =  (  1.8079634332366095     ,  0.0000000000000000     )
  Couplings of SMEFTsim_A_U35_MwScheme_UFO_v3_1-cW_massless
  ---------------------------------
  
        GC_64 =   0.00000E+00   0.52893E-05
       GC_345 =   0.00000E+00   0.28325E-05
         GC_1 =   0.00000E+00   0.10275E+00
         GC_2 =  -0.00000E+00  -0.20550E+00
         GC_3 =  -0.00000E+00  -0.30825E+00
       GC_255 =  -0.00000E+00  -0.42637E+00
       GC_278 =  -0.00000E+00  -0.37035E+00
       GC_280 =  -0.00000E+00  -0.57563E+00
       GC_318 =   0.00000E+00   0.39178E-05
       GC_328 =  -0.00000E+00  -0.55024E-01
       GC_329 =   0.00000E+00   0.11005E+00
       GC_330 =  -0.00000E+00  -0.16507E+00
       GC_400 =   0.00000E+00   0.52490E+02
       GC_809 =  -0.00000E+00  -0.72171E-02
      GC_1073 =  -0.00000E+00  -0.46172E+00

 Collider parameters:
 --------------------

 Running at P P   machine @    13000.000000000000       GeV
 PDF set = lhapdf 
 alpha_s(Mz)= 0.1127 running at 3 loops.
 alpha_s(Mz)= 0.1127 running at 3 loops.
 Renormalization scale set on event-by-event basis
 Factorization   scale set on event-by-event basis


 getting user params
Enter number of events and max and min iterations: 
 Number of events and iterations         2000           8           3
Enter desired fractional accuracy: 
 Desired fractional accuracy:    1.0000000000000000E-002
Enter 0 for fixed, 2 for adjustable grid: 
Suppress amplitude (0 no, 1 yes)? 
 Using suppressed amplitude.
Exact helicity sum (0 yes, n = number/event)? 
 Explicitly summing over helicities
Enter Configuration Number: 
Running Configuration Number:   43
 Not subdividing B.W.
 Attempting mappinvarients           1           8
 Completed mapping           8
 about to integrate           16        2000           8           3          16           1
 Using non-zero grid deformation.
 16 dimensions   2000 events 16 invarients  8 iterations  1 config(s),  (0.99)
 Using h-tuple random number sequence.
 Error opening grid
 Using Uniform Grid!          32
 Using uniform alpha   1.0000000000000000     
 Grid defined OK
 Set CM energy to      13000.00
 Mapping Graph          43  to config          43
 Setting BW          -1           1   80.387000000000000     
 Setting BW          -2           2   80.387000000000000     
Setting grid   3    0.18685E-07   1
 Warning: No cutoff for shat integral found
          Minimum set to    5.9171597633136107E-009
Setting grid   4    0.59172E-08   1
Setting grid   5    0.59172E-06   1
 Transforming s_hat 1/s           15   1.1585044837869826E-004   10000.000000000000        168999999.99999997     
  43   1   2   3   4   5   6   7   8   9  10  11  12  13  14
  15  16
 Masses: 0.000E+00 0.000E+00 0.000E+00 0.178E+01 0.000E+00 0.000E+00 0.000E+00 0.000E+00
Using random seed offsets    43 :      6
  with seed                   24
 Ranmar initialization seeds       31101        9403
 
 ********************************************
 * You are using the DiscreteSampler module *
 *      part of the MG5_aMC framework       *
 *         Author: Valentin Hirschi         *
 ********************************************
 
  Particle       3       4       5       6       7       8
      Et >     0.0     0.0     0.0     0.0    10.0    10.0
       E >     0.0     0.0     0.0     0.0     0.0     0.0
     Eta <    -1.0    -1.0    -1.0    -1.0     6.5     6.5
   xqcut:      0.0     0.0     0.0     0.0     0.0     0.0
d R # 3  >    -0.0     0.4     0.0     0.0     0.4     0.4
d R # 4  >    -0.0    -0.0     0.0     0.0     0.4     0.4
d R # 5  >    -0.0    -0.0    -0.0     0.0     0.0     0.0
d R # 6  >    -0.0    -0.0    -0.0    -0.0     0.0     0.0
d R # 7  >    -0.0    -0.0    -0.0    -0.0    -0.0     0.4
s min # 3>     0.0     0.0     0.0     0.0     0.0     0.0
s min # 4>     0.0     0.0     0.0     0.0     0.0     0.0
s min # 5>     0.0     0.0     0.0     0.0     0.0     0.0
s min # 6>     0.0     0.0     0.0     0.0     0.0     0.0
s min # 7>     0.0     0.0     0.0     0.0     0.0 10000.0
xqcutij # 3>     0.0     0.0     0.0     0.0     0.0     0.0
xqcutij # 4>     0.0     0.0     0.0     0.0     0.0     0.0
xqcutij # 5>     0.0     0.0     0.0     0.0     0.0     0.0
xqcutij # 6>     0.0     0.0     0.0     0.0     0.0     0.0
xqcutij # 7>     0.0     0.0     0.0     0.0     0.0     0.0
 No cut BW           -1           1
 No cut BW           -2           2
 alpha_s for scale    45.658383424903292       is   0.12657352427804094     
 Added good helicity          193  -255.96652622856985       in event            1 local:           1
 Added good helicity          209   3.3473771430126170E-002  in event            1 local:           1
 Added good helicity          193   255.50188482210118       in event            1 local:           1
 Added good helicity          209  0.49811517789883841       in event            1 local:           1
 RESET CUMULATIVE VARIABLE
 RESET CUMULATIVE VARIABLE
 RESET CUMULATIVE VARIABLE
 Iteration  1   Mean: 0.6306E-07 Abs mean: 0.5400E-06   Fluctuation:  0.822E-07   0.106E-03     4.1%
  1    0.6306E-07 0.5400E-06 +- 0.8221E-07      6.81
 Writing out events   8.1385379081597569E-010   6.8081123305668463     
 Relative summed weights:
  0.1282E+00  0.0000E+00  0.1114E+00  0.1437E+00  0.1552E-01  0.0000E+00  0.2954E+00  0.6971E-01  0.0000E+00  0.0000E+00  0.3654E-01  0.6235E-01  0.7160E-02  0.2341E-01
  0.6463E-01  0.0000E+00  0.0000E+00  0.0000E+00  0.4202E-01  0.0000E+00  0.0000E+00  0.0000E+00  0.0000E+00  0.0000E+00  0.0000E+00  0.0000E+00  0.0000E+00  0.0000E+00
 Relative number of events:
  0.1730E+00  0.0000E+00  0.1127E+00  0.1187E+00  0.2918E-01  0.0000E+00  0.8954E-01  0.7445E-01  0.0000E+00  0.0000E+00  0.9155E-01  0.8753E-01  0.1308E-01  0.2314E-01
  0.1549E+00  0.0000E+00  0.0000E+00  0.0000E+00  0.3219E-01  0.0000E+00  0.0000E+00  0.0000E+00  0.0000E+00  0.0000E+00  0.0000E+00  0.0000E+00  0.0000E+00  0.0000E+00
 Events:
         172           0         112         118          29           0          89          74           0           0          91          87          13          23
         154           0           0           0          32           0           0           0           0           0           0           0           0           0
 Iteration  2   Mean: 0.1661E-06 Abs mean: 0.1092E-05   Fluctuation:  0.127E-06   0.216E-03    41.7%
  2    0.1661E-06 0.1092E-05 +- 0.1272E-06      7.37
 Relative summed weights:
  0.1046E+00  0.0000E+00  0.2430E+00  0.1376E+00  0.8938E-02  0.0000E+00  0.1220E+00  0.3990E-01  0.0000E+00  0.0000E+00  0.8536E-01  0.4835E-01  0.1137E+00  0.1280E-01
  0.6076E-01  0.0000E+00  0.0000E+00  0.0000E+00  0.2304E-01  0.0000E+00  0.0000E+00  0.0000E+00  0.0000E+00  0.0000E+00  0.0000E+00  0.0000E+00  0.0000E+00  0.0000E+00
 Relative number of events:
  0.1683E+00  0.0000E+00  0.1248E+00  0.1286E+00  0.1626E-01  0.0000E+00  0.7365E-01  0.7604E-01  0.0000E+00  0.0000E+00  0.9039E-01  0.9134E-01  0.1961E-01  0.2009E-01
  0.1726E+00  0.0000E+00  0.0000E+00  0.0000E+00  0.1817E-01  0.0000E+00  0.0000E+00  0.0000E+00  0.0000E+00  0.0000E+00  0.0000E+00  0.0000E+00  0.0000E+00  0.0000E+00
 Events:
         352           0         261         269          34           0         154         159           0           0         189         191          41          42
         361           0           0           0          38           0           0           0           0           0           0           0           0           0
 Iteration  3   Mean: 0.2801E-06 Abs mean: 0.1311E-05   Fluctuation:  0.142E-06   0.698E-03    59.8%
  3    0.2801E-06 0.1311E-05 +- 0.1421E-06      9.69
 Relative summed weights:
  0.1332E+00  0.0000E+00  0.1443E+00  0.1355E+00  0.1966E-01  0.0000E+00  0.4937E-01  0.4692E-01  0.0000E+00  0.0000E+00  0.1170E+00  0.2249E+00  0.1111E-01  0.7528E-02
  0.8100E-01  0.0000E+00  0.0000E+00  0.0000E+00  0.2945E-01  0.0000E+00  0.0000E+00  0.0000E+00  0.0000E+00  0.0000E+00  0.0000E+00  0.0000E+00  0.0000E+00  0.0000E+00
 Relative number of events:
  0.1738E+00  0.0000E+00  0.1271E+00  0.1290E+00  0.2149E-01  0.0000E+00  0.7511E-01  0.7038E-01  0.0000E+00  0.0000E+00  0.8219E-01  0.9164E-01  0.1866E-01  0.1228E-01
  0.1783E+00  0.0000E+00  0.0000E+00  0.0000E+00  0.2008E-01  0.0000E+00  0.0000E+00  0.0000E+00  0.0000E+00  0.0000E+00  0.0000E+00  0.0000E+00  0.0000E+00  0.0000E+00
 Events:
         736           0         538         546          91           0         318         298           0           0         348         388          79          52
         755           0           0           0          85           0           0           0           0           0           0           0           0           0
 Accuracy:    0.193   0.010   0.070   7.517
 Found          708  events.
 Wrote           13  events.
 Actual xsec    1.9215391464744077E-007
 Correct abs xsec    1.0665925214682042E-006
 Event xsec    1.0665925214682044E-006
 Events wgts > 1:            2
 % Cross section > 1:    9.5836261522163948E-009  0.89852740942006382     
 Iteration  4   Mean: 0.1185E-06 Abs mean: 0.9504E-06   Fluctuation:  0.383E-07   0.267E-03    68.9%
  4    0.1185E-06 0.9504E-06 +- 0.3834E-07      5.10
 Relative summed weights:
  0.1279E+00  0.0000E+00  0.1664E+00  0.1896E+00  0.1942E-01  0.0000E+00  0.4191E-01  0.4343E-01  0.0000E+00  0.0000E+00  0.1161E+00  0.1083E+00  0.1745E-01  0.1680E-01
  0.1260E+00  0.0000E+00  0.0000E+00  0.0000E+00  0.2669E-01  0.0000E+00  0.0000E+00  0.0000E+00  0.0000E+00  0.0000E+00  0.0000E+00  0.0000E+00  0.0000E+00  0.0000E+00
 Relative number of events:
  0.1747E+00  0.0000E+00  0.1347E+00  0.1328E+00  0.1681E-01  0.0000E+00  0.7054E-01  0.7800E-01  0.0000E+00  0.0000E+00  0.8001E-01  0.8557E-01  0.1550E-01  0.1314E-01
  0.1807E+00  0.0000E+00  0.0000E+00  0.0000E+00  0.1752E-01  0.0000E+00  0.0000E+00  0.0000E+00  0.0000E+00  0.0000E+00  0.0000E+00  0.0000E+00  0.0000E+00  0.0000E+00
 Events:
        1476           0        1138        1122         142           0         596         659           0           0         676         723         131         111
        1527           0           0           0         148           0           0           0           0           0           0           0           0           0
 Accuracy:    0.090   0.010   0.035   6.661
 Found         1205  events.
 Wrote           91  events.
 Actual xsec    1.4083795344899993E-007
 Correct abs xsec    1.0036133452710385E-006
 Event xsec    1.0036133452710364E-006
 Events wgts > 1:            2
 % Cross section > 1:    5.7142169145667751E-009  0.56936438136178735     
 Iteration  5   Mean: 0.1200E-06 Abs mean: 0.9556E-06   Fluctuation:  0.212E-07   0.217E-03    73.0%
  5    0.1200E-06 0.9556E-06 +- 0.2121E-07      3.97
 Relative summed weights:
  0.1248E+00  0.0000E+00  0.1780E+00  0.1795E+00  0.2229E-01  0.0000E+00  0.4496E-01  0.5038E-01  0.0000E+00  0.0000E+00  0.1087E+00  0.9553E-01  0.1455E-01  0.2735E-01
  0.1281E+00  0.0000E+00  0.0000E+00  0.0000E+00  0.2582E-01  0.0000E+00  0.0000E+00  0.0000E+00  0.0000E+00  0.0000E+00  0.0000E+00  0.0000E+00  0.0000E+00  0.0000E+00
 Relative number of events:
  0.1844E+00  0.0000E+00  0.1308E+00  0.1350E+00  0.1646E-01  0.0000E+00  0.7424E-01  0.7459E-01  0.0000E+00  0.0000E+00  0.8326E-01  0.8138E-01  0.1345E-01  0.1340E-01
  0.1779E+00  0.0000E+00  0.0000E+00  0.0000E+00  0.1517E-01  0.0000E+00  0.0000E+00  0.0000E+00  0.0000E+00  0.0000E+00  0.0000E+00  0.0000E+00  0.0000E+00  0.0000E+00
 Events:
        3125           0        2216        2288         279           0        1258        1264           0           0        1411        1379         228         227
        3014           0           0           0         257           0           0           0           0           0           0           0           0           0
 Accuracy:    0.043   0.010   0.019   5.258
 Found         3219  events.
 Wrote          414  events.
 Actual xsec    1.2468113613495431E-007
 Correct abs xsec    9.6548940093591062E-007
 Event xsec    9.6548940093591020E-007
 Events wgts > 1:            9
 % Cross section > 1:    7.8602315422584952E-009  0.81411888464431337     
 Iteration  6   Mean: 0.1249E-06 Abs mean: 0.9623E-06   Fluctuation:  0.142E-07   0.342E-03    75.4%
  6    0.1249E-06 0.9623E-06 +- 0.1423E-07      3.74
 Relative summed weights:
  0.1238E+00  0.0000E+00  0.1930E+00  0.1781E+00  0.2556E-01  0.0000E+00  0.4727E-01  0.4786E-01  0.0000E+00  0.0000E+00  0.1049E+00  0.1005E+00  0.2023E-01  0.1621E-01
  0.1168E+00  0.0000E+00  0.0000E+00  0.0000E+00  0.2585E-01  0.0000E+00  0.0000E+00  0.0000E+00  0.0000E+00  0.0000E+00  0.0000E+00  0.0000E+00  0.0000E+00  0.0000E+00
 Relative number of events:
  0.1803E+00  0.0000E+00  0.1401E+00  0.1395E+00  0.1586E-01  0.0000E+00  0.7339E-01  0.7339E-01  0.0000E+00  0.0000E+00  0.7878E-01  0.7946E-01  0.1193E-01  0.1193E-01
  0.1792E+00  0.0000E+00  0.0000E+00  0.0000E+00  0.1621E-01  0.0000E+00  0.0000E+00  0.0000E+00  0.0000E+00  0.0000E+00  0.0000E+00  0.0000E+00  0.0000E+00  0.0000E+00
 Events:
        6060           0        4710        4688         533           0        2467        2467           0           0        2648        2671         401         401
        6023           0           0           0         545           0           0           0           0           0           0           0           0           0
 Accuracy:    0.024   0.010   0.012   4.207
 Found         6584  events.
 Wrote          813  events.
 Actual xsec    1.2296535724805467E-007
 Correct abs xsec    9.5938859607537281E-007
 Event xsec    9.5938859607537874E-007
 Events wgts > 1:           13
 % Cross section > 1:    9.5216212262595575E-009  0.99246762627887741     
 Iteration  7   Mean: 0.1190E-06 Abs mean: 0.9620E-06   Fluctuation:  0.866E-08   0.177E-03    77.5%
  7    0.1190E-06 0.9620E-06 +- 0.8657E-08      3.22
 Exceeded boost           3          96   128000.000    
 Exceeded boost          13          96   128000.000    
 Relative summed weights:
  0.1298E+00  0.0000E+00  0.1858E+00  0.1829E+00  0.2380E-01  0.0000E+00  0.4988E-01  0.4721E-01  0.0000E+00  0.0000E+00  0.9448E-01  0.1024E+00  0.1706E-01  0.1904E-01
  0.1232E+00  0.0000E+00  0.0000E+00  0.0000E+00  0.2444E-01  0.0000E+00  0.0000E+00  0.0000E+00  0.0000E+00  0.0000E+00  0.0000E+00  0.0000E+00  0.0000E+00  0.0000E+00
Thanks for using LHAPDF 6.2.1. Please make sure to cite the paper:
  Eur.Phys.J. C75 (2015) 3, 132  (http://arxiv.org/abs/1412.7420)
 Relative number of events:
  0.1811E+00  0.0000E+00  0.1389E+00  0.1385E+00  0.1582E-01  0.0000E+00  0.7454E-01  0.7243E-01  0.0000E+00  0.0000E+00  0.7964E-01  0.8043E-01  0.1149E-01  0.1123E-01
  0.1811E+00  0.0000E+00  0.0000E+00  0.0000E+00  0.1476E-01  0.0000E+00  0.0000E+00  0.0000E+00  0.0000E+00  0.0000E+00  0.0000E+00  0.0000E+00  0.0000E+00  0.0000E+00
 Events:
       12295           0        9430        9405        1074           0        5060        4917           0           0        5406        5460         780         762
       12293           0           0           0        1002           0           0           0           0           0           0           0           0           0
 Accuracy:    0.013   0.010   0.007   3.507
 Found        13352  events.
 Wrote         2468  events.
 Actual xsec    1.2052471338260822E-007
 Correct abs xsec    9.6137718880136841E-007
 Event xsec    9.6137718880137137E-007
 Events wgts > 1:           62
 % Cross section > 1:    9.5455401168024955E-009  0.99290270540990377     
 Iteration  8   Mean: 0.1324E-06 Abs mean: 0.9701E-06   Fluctuation:  0.616E-08   0.561E-03    79.0%
  8    0.1324E-06 0.9701E-06 +- 0.6161E-08      3.21
 Relative summed weights:
  0.1241E+00  0.0000E+00  0.1765E+00  0.1797E+00  0.2505E-01  0.0000E+00  0.4765E-01  0.4963E-01  0.0000E+00  0.0000E+00  0.1013E+00  0.1020E+00  0.1939E-01  0.1973E-01
  0.1281E+00  0.0000E+00  0.0000E+00  0.0000E+00  0.2674E-01  0.0000E+00  0.0000E+00  0.0000E+00  0.0000E+00  0.0000E+00  0.0000E+00  0.0000E+00  0.0000E+00  0.0000E+00
 Relative number of events:
  0.1837E+00  0.0000E+00  0.1392E+00  0.1396E+00  0.1494E-01  0.0000E+00  0.7267E-01  0.7328E-01  0.0000E+00  0.0000E+00  0.7782E-01  0.7822E-01  0.1134E-01  0.1103E-01
  0.1825E+00  0.0000E+00  0.0000E+00  0.0000E+00  0.1575E-01  0.0000E+00  0.0000E+00  0.0000E+00  0.0000E+00  0.0000E+00  0.0000E+00  0.0000E+00  0.0000E+00  0.0000E+00
 Events:
       24841           0       18823       18874        2020           0        9827        9910           0           0       10524       10578        1534        1491
       24685           0           0           0        2130           0           0           0           0           0           0           0           0           0
 Accuracy:    0.008   0.010   0.005   3.085
 Finished due to accuracy    8.3204767084420501E-003   1.0000000000000000E-002

 -------------------------------------------------------------------------------
 Accumulated results:   Integral =  0.9665E-06
                        Std dev  =  0.4578E-08
                       Cross sec =  0.1274E-06
             Chi**2 per DoF.     =      3.0852
 -------------------------------------------------------------------------------
 Found        26884  events.
 Wrote         5574  events.
 Actual xsec    1.2760307673525696E-007
 Correct abs xsec    9.6682385285887311E-007
 Event xsec    9.6682385285890297E-007
 Events wgts > 1:          126
 % Cross section > 1:    9.7134931077826602E-009   1.0046807470729868     
-------------------------------------------------
---------------------------
 Results Last   3 iters: Integral =   0.1276E-06
                     Abs integral =   0.9668E-06
                          Std dev =   0.4734E-08
                  Chi**2 per DoF. =      0.3450
-------------------------------------------------
---------------------------
 Status   1.0000000000000000E-002           9           8

ls status:
events.lhe
ftn26
input_app.txt
results.dat
run1_app.log
