==== LHAPDF6 USING DEFAULT-TYPE LHAGLUE INTERFACE ====
LHAPDF 6.2.1 loading /cvmfs/cms.cern.ch/slc6_amd64_gcc630/external/lhapdf/6.2.1-ghjeda2/share/LHAPDF/NNPDF31_nnlo_as_0118_nf_4_mc_hessian/NNPDF31_nnlo_as_0118_nf_4_mc_hessian_0000.dat
NNPDF31_nnlo_as_0118_nf_4_mc_hessian PDF set, member #0, version 1; LHAPDF ID = 325500
 Process in group number            1
 A PDF is used, so alpha_s(MZ) is going to be modified
 Old value of alpha_s from param_card:   0.11810000000000001     
 New value of alpha_s from PDF lhapdf :  0.11266013434007299     
 using LHAPDF
 Define smin to   10000.000000000000     
 Define smin to   10000.000000000000     
 Define smin to   10000.000000000000     
 Define smin to   10000.000000000000     
 Define smin to   10000.000000000000     
 Define smin to   10000.000000000000     
 Define smin to   10000.000000000000     
 *****************************************************
 *               MadGraph/MadEvent                   *
 *        --------------------------------           *
 *          http://madgraph.hep.uiuc.edu             *
 *          http://madgraph.phys.ucl.ac.be           *
 *          http://madgraph.roma2.infn.it            *
 *        --------------------------------           *
 *                                                   *
 *          PARAMETER AND COUPLING VALUES            *
 *                                                   *
 *****************************************************

  External Params
  ---------------------------------
  
 mdl_MW0 =    80.387000000000000     
 mdl_Gf =    1.1663789999999999E-005
 aS =   0.11810000000000001     
 mdl_ymdo =    1.0000000000000000E-099
 mdl_ymb =    4.1799999999999997     
 mdl_ymt =    173.19999999999999     
 mdl_ymtau =    1.7769999999999999     
 mdl_LambdaSMEFT =    1000.0000000000000     
 mdl_cHW =    1.0000000000000000     
 mdl_MZ =    91.187600000000003     
 mdl_MTA =    1.7769999999999999     
 mdl_MT =    173.19999999999999     
 mdl_MB =    4.1799999999999997     
 mdl_MH =    125.09000000000000     
 mdl_WZ =    2.4952000000000001     
 mdl_WW =    2.0850000000000000     
 mdl_WT =    1.5083359999999999     
 mdl_WH =    4.0699999999999998E-003
  Internal Params
  ---------------------------------
  
 mdl_ymm =    1.0000000000000000E-099
 mdl_yme =    1.0000000000000000E-099
 mdl_ymc =    1.0000000000000000E-099
 mdl_yms =    1.0000000000000000E-099
 mdl_ymup =    1.0000000000000000E-099
 mdl_conjg__CKM3x3 =    1.0000000000000000     
 mdl_cH =    0.0000000000000000     
 mdl_cHB =    0.0000000000000000     
 mdl_CKM1x1 =    1.0000000000000000     
 mdl_conjg__CKM1x1 =    1.0000000000000000     
 mdl_dGf =    0.0000000000000000     
 mdl_CKM3x3 =    1.0000000000000000     
 mdl_dMH2 =    0.0000000000000000     
 mdl_conjg__CKM2x2 =    1.0000000000000000     
 mdl_dg1 =    0.0000000000000000     
 mdl_CKM2x2 =    1.0000000000000000     
 mdl_dgw =    0.0000000000000000     
 mdl_complexi =  (  0.0000000000000000     ,  1.0000000000000000     )
 mdl_MW =    80.387000000000000     
 mdl_nb__2__exp__0_25 =    1.1892071150027210     
 mdl_MH__exp__2 =    15647.508100000001     
 mdl_sqrt__2 =    1.4142135623730951     
 mdl_MW__exp__2 =    6462.0697689999997     
 mdl_MZ__exp__2 =    8315.1783937600012     
 mdl_sth2 =   0.22285855299877133     
 mdl_MH__exp__6 =    3831206449390.3818     
 mdl_MT__exp__6 =    26995248278778.535     
 mdl_MH__exp__4 =    244844509.73956564     
 mdl_MT__exp__4 =    899894403.09759963     
 mdl_MT__exp__2 =    29998.239999999994     
 mdl_LambdaSMEFT__exp__2 =    1000000.0000000000     
 mdl_cth =   0.88155626422890820     
 mdl_sqrt__sth2 =   0.47207896902824564     
 mdl_sth =   0.47207896902824564     
 mdl_MW0__exp__6 =    269845343347.69711     
 mdl_MW0__exp__4 =    41758345.699423708     
 mdl_MW0__exp__2 =    6462.0697689999997     
 mdl_MZ__exp__4 =    69142191.720053151     
 mdl_MZ__exp__6 =    574929658687.79749     
 mdl_cth__exp__2 =   0.77714144700122867     
 mdl_sth__exp__2 =   0.22285855299877130     
 mdl_sth__exp__3 =   0.10520683593878660     
 mdl_cth__exp__3 =   0.68509391079585125     
 mdl_sth__exp__4 =    4.9665934644706158E-002
 mdl_sqrt__Gf =    3.4152291284773265E-003
 mdl_vevhat =    246.21961912951551     
 mdl_lam =   0.12905352724481209     
 mdl_aEW =    7.5614618607353409E-003
 mdl_yb =    2.4008698866559607E-002
 mdl_yc =    5.7437078628133041E-102
 mdl_ydo =    5.7437078628133041E-102
 mdl_ye =    5.7437078628133041E-102
 mdl_ym =    5.7437078628133041E-102
 mdl_ys =    5.7437078628133041E-102
 mdl_yt =   0.99481020183926416     
 mdl_ytau =    1.0206568872219240E-002
 mdl_yup =    5.7437078628133041E-102
 mdl_vevhat__exp__2 =    60624.100844283676     
 mdl_barlam =   0.12905352724481209     
 mdl_vevT =    246.21961912951551     
 mdl_sqrt__aEW =    8.6956666568672819E-002
 mdl_ee =   0.30825335704310214     
 mdl_gwsh =   0.61338418662494298     
 mdl_vev =    246.21961912951551     
 mdl_g1 =   0.34966952144878632     
 mdl_gw =   0.65296989967087182     
 mdl_ee__exp__2 =    9.5020132128342205E-002
 mdl_gHaa =   -1.9303830602986922E-003
 mdl_gHza =   -6.8546472954154700E-003
 mdl_g1sh =   0.34966952144878632     
 mdl_I1d11 =  (  5.7437078628133041E-102,  0.0000000000000000     )
 mdl_I1d22 =  (  5.7437078628133041E-102,  0.0000000000000000     )
 mdl_I1d33 =  (  2.4008698866559607E-002,  0.0000000000000000     )
 mdl_I2d11 =  (  5.7437078628133041E-102,  0.0000000000000000     )
 mdl_I2d22 =  (  5.7437078628133041E-102,  0.0000000000000000     )
 mdl_I2d33 =  ( 0.99481020183926416     ,  0.0000000000000000     )
 mdl_I3d11 =  (  5.7437078628133041E-102,  0.0000000000000000     )
 mdl_I3d22 =  (  5.7437078628133041E-102,  0.0000000000000000     )
 mdl_I3d33 =  (  2.4008698866559607E-002,  0.0000000000000000     )
 mdl_I4d11 =  (  5.7437078628133041E-102,  0.0000000000000000     )
 mdl_I4d22 =  (  5.7437078628133041E-102,  0.0000000000000000     )
 mdl_I4d33 =  ( 0.99481020183926416     ,  0.0000000000000000     )
 mdl_I5d11 =  (  5.7437078628133041E-102,  0.0000000000000000     )
 mdl_I5d22 =  (  5.7437078628133041E-102,  0.0000000000000000     )
 mdl_I5d33 =  (  2.4008698866559607E-002,  0.0000000000000000     )
 mdl_I6d11 =  (  5.7437078628133041E-102,  0.0000000000000000     )
 mdl_I6d22 =  (  5.7437078628133041E-102,  0.0000000000000000     )
 mdl_I6d33 =  ( 0.99481020183926416     ,  0.0000000000000000     )
 mdl_ee__exp__3 =    2.9290274715240611E-002
 mdl_vevhat__exp__3 =    14926843.019948866     
  Internal Params evaluated point by point
  ----------------------------------------
  
 mdl_sqrt__aS =   0.34365680554879169     
 mdl_G__exp__2 =    1.4840883695558185     
 mdl_gHgg =    3.2334372328970845E-003
 mdl_G__exp__3 =  (  1.8079634332366095     ,  0.0000000000000000     )
  Couplings of SMEFTsim_A_U35_MwScheme_UFO_v3_1-cHW_massless
  ---------------------------------
  
         GC_1 =   0.00000E+00   0.10275E+00
         GC_2 =  -0.00000E+00  -0.20550E+00
         GC_3 =  -0.00000E+00  -0.30825E+00
       GC_255 =  -0.00000E+00  -0.42637E+00
       GC_278 =  -0.00000E+00  -0.37035E+00
       GC_280 =  -0.00000E+00  -0.57563E+00
       GC_328 =  -0.00000E+00  -0.55024E-01
       GC_329 =   0.00000E+00   0.11005E+00
       GC_330 =  -0.00000E+00  -0.16507E+00
       GC_387 =   0.00000E+00   0.98488E-03
       GC_400 =   0.00000E+00   0.52490E+02
       GC_809 =  -0.00000E+00  -0.72171E-02
      GC_1073 =  -0.00000E+00  -0.46172E+00

 Collider parameters:
 --------------------

 Running at P P   machine @    13000.000000000000       GeV
 PDF set = lhapdf 
 alpha_s(Mz)= 0.1127 running at 3 loops.
 alpha_s(Mz)= 0.1127 running at 3 loops.
 Renormalization scale set on event-by-event basis
 Factorization   scale set on event-by-event basis


 getting user params
Enter number of events and max and min iterations: 
 Number of events and iterations         2000           8           3
Enter desired fractional accuracy: 
 Desired fractional accuracy:    1.0000000000000000E-002
Enter 0 for fixed, 2 for adjustable grid: 
Suppress amplitude (0 no, 1 yes)? 
 Using suppressed amplitude.
Exact helicity sum (0 yes, n = number/event)? 
 Explicitly summing over helicities
Enter Configuration Number: 
Running Configuration Number:  205
 Using dconfig=          23
 BW Setting            2           1           2           0           0           0
 Attempting mappinvarients           1           8
 Completed mapping           8
 about to integrate           16        2000           8           3          16           1
 Using non-zero grid deformation.
 16 dimensions   2000 events 16 invarients  8 iterations  1 config(s),  (0.99)
 Using h-tuple random number sequence.
 Error opening grid
 Using Uniform Grid!          32
 Using uniform alpha   1.0000000000000000     
 Grid defined OK
 Set CM energy to      13000.00
 Mapping Graph         205  to config         205
Setting grid   1    0.59172E-04   1
 Setting BW          -2           2   80.387000000000000     
Setting grid   3    0.17093E-03   1
Setting grid   4    0.17452E-03   1
 Transforming s_hat 1/s           15   1.7452239124852076E-004   10000.000000000000        168999999.99999997     
 205   1   2   3   4   5   6   7   8   9  10  11  12  13  14
  15  16
 Masses: 0.000E+00 0.000E+00 0.000E+00 0.178E+01 0.000E+00 0.000E+00 0.000E+00 0.000E+00
Using random seed offsets   205 :      5
  with seed                   24
 Ranmar initialization seeds       31263        9402
 
 ********************************************
 * You are using the DiscreteSampler module *
 *      part of the MG5_aMC framework       *
 *         Author: Valentin Hirschi         *
 ********************************************
 
  Particle       3       4       5       6       7       8
      Et >     0.0     0.0     0.0     0.0    10.0    10.0
       E >     0.0     0.0     0.0     0.0     0.0     0.0
     Eta <    -1.0    -1.0    -1.0    -1.0     6.5     6.5
   xqcut:      0.0     0.0     0.0     0.0     0.0     0.0
d R # 3  >    -0.0     0.4     0.0     0.0     0.4     0.4
d R # 4  >    -0.0    -0.0     0.0     0.0     0.4     0.4
d R # 5  >    -0.0    -0.0    -0.0     0.0     0.0     0.0
d R # 6  >    -0.0    -0.0    -0.0    -0.0     0.0     0.0
d R # 7  >    -0.0    -0.0    -0.0    -0.0    -0.0     0.4
s min # 3>     0.0     0.0     0.0     0.0     0.0     0.0
s min # 4>     0.0     0.0     0.0     0.0     0.0     0.0
s min # 5>     0.0     0.0     0.0     0.0     0.0     0.0
s min # 6>     0.0     0.0     0.0     0.0     0.0     0.0
s min # 7>     0.0     0.0     0.0     0.0     0.0 10000.0
xqcutij # 3>     0.0     0.0     0.0     0.0     0.0     0.0
xqcutij # 4>     0.0     0.0     0.0     0.0     0.0     0.0
xqcutij # 5>     0.0     0.0     0.0     0.0     0.0     0.0
xqcutij # 6>     0.0     0.0     0.0     0.0     0.0     0.0
xqcutij # 7>     0.0     0.0     0.0     0.0     0.0     0.0
 Excluding BW           -1           1
 Requiring BW           -2           2
 Excluding BW           -5           3
 alpha_s for scale    96.272338515883803       is   0.11170064113844363     
 Added good helicity          193   247.95820563398570       in event            1 local:           1
 Added good helicity          209  -8.0417943660143081       in event            1 local:           1
 Added good helicity          193   247.95820563398570       in event            1 local:           1
 Added good helicity          209  -8.0417943660143134       in event            1 local:           1
 RESET CUMULATIVE VARIABLE
 RESET CUMULATIVE VARIABLE
 RESET CUMULATIVE VARIABLE
 Iteration  1   Mean: 0.8225E-11 Abs mean: 0.8871E-11   Fluctuation:  0.734E-11   0.146E-07    33.3%
  1    0.8225E-11 0.8871E-11 +- 0.7336E-11     36.98
 Writing out events   1.6655611671787957E-015   36.982791209079615     
 Relative summed weights:
  0.0000E+00  0.0000E+00  0.2305E-01  0.1304E-01  0.0000E+00  0.0000E+00  0.0000E+00  0.0000E+00  0.9373E+00  0.2656E-01  0.0000E+00  0.0000E+00  0.0000E+00  0.0000E+00
 Relative number of events:
  0.0000E+00  0.0000E+00  0.2752E+00  0.2807E+00  0.0000E+00  0.0000E+00  0.0000E+00  0.0000E+00  0.2205E+00  0.2236E+00  0.0000E+00  0.0000E+00  0.0000E+00  0.0000E+00
 Events:
           0           0         347         354           0           0           0           0         278         282           0           0           0           0
 Iteration  2   Mean: 0.5173E-12 Abs mean: 0.1364E-11   Fluctuation:  0.292E-12   0.665E-09    74.6%
  2    0.5173E-12 0.1364E-11 +- 0.2922E-12     13.55
 Relative summed weights:
  0.0000E+00  0.0000E+00  0.1111E+00  0.2000E+00  0.0000E+00  0.0000E+00  0.0000E+00  0.0000E+00  0.4899E+00  0.1990E+00  0.0000E+00  0.0000E+00  0.0000E+00  0.0000E+00
 Relative number of events:
  0.0000E+00  0.0000E+00  0.2705E+00  0.2725E+00  0.0000E+00  0.0000E+00  0.0000E+00  0.0000E+00  0.2417E+00  0.2153E+00  0.0000E+00  0.0000E+00  0.0000E+00  0.0000E+00
 Events:
           0           0         676         681           0           0           0           0         604         538           0           0           0           0
 Iteration  3   Mean: 0.2652E-11 Abs mean: 0.3515E-11   Fluctuation:  0.933E-12   0.634E-08    80.4%
  3    0.2652E-11 0.3515E-11 +- 0.9325E-12     23.73
 Relative summed weights:
  0.0000E+00  0.0000E+00  0.1856E+00  0.1399E+00  0.0000E+00  0.0000E+00  0.0000E+00  0.0000E+00  0.3891E+00  0.2855E+00  0.0000E+00  0.0000E+00  0.0000E+00  0.0000E+00
 Relative number of events:
  0.0000E+00  0.0000E+00  0.2546E+00  0.2661E+00  0.0000E+00  0.0000E+00  0.0000E+00  0.0000E+00  0.2381E+00  0.2412E+00  0.0000E+00  0.0000E+00  0.0000E+00  0.0000E+00
 Events:
           0           0        1327        1387           0           0           0           0        1241        1257           0           0           0           0
 Accuracy:    0.472   0.010   0.163   8.347
 Found          470  events.
 Wrote            6  events.
 Actual xsec    1.6279737588902873E-012
 Correct abs xsec    2.4731863184507537E-012
 Event xsec    2.4731863184507537E-012
 Events wgts > 1:            1
 % Cross section > 1:    4.9465794430034941E-023   2.0000836192972782E-009
 Iteration  4   Mean: 0.1678E-11 Abs mean: 0.3512E-11   Fluctuation:  0.300E-12   0.284E-08    82.8%
  4    0.1678E-11 0.3512E-11 +- 0.3004E-12     10.82
 Relative summed weights:
  0.0000E+00  0.0000E+00  0.1843E+00  0.3240E+00  0.0000E+00  0.0000E+00  0.0000E+00  0.0000E+00  0.2518E+00  0.2400E+00  0.0000E+00  0.0000E+00  0.0000E+00  0.0000E+00
 Relative number of events:
  0.0000E+00  0.0000E+00  0.2562E+00  0.2613E+00  0.0000E+00  0.0000E+00  0.0000E+00  0.0000E+00  0.2405E+00  0.2420E+00  0.0000E+00  0.0000E+00  0.0000E+00  0.0000E+00
 Events:
           0           0        2713        2767           0           0           0           0        2546        2562           0           0           0           0
 Accuracy:    0.154   0.010   0.076   4.125
 Found          825  events.
 Wrote           19  events.
 Actual xsec    1.6115967230519174E-012
 Correct abs xsec    3.2412322431602499E-012
 Event xsec    3.2412322431602487E-012
 Events wgts > 1:            1
 % Cross section > 1:    6.5412283656924861E-021   2.0181301045292246E-007
 Iteration  5   Mean: 0.1918E-11 Abs mean: 0.3690E-11   Fluctuation:  0.222E-12   0.338E-08    82.7%
  5    0.1918E-11 0.3690E-11 +- 0.2220E-12     10.76
 Relative summed weights:
  0.0000E+00  0.0000E+00  0.1969E+00  0.2136E+00  0.0000E+00  0.0000E+00  0.0000E+00  0.0000E+00  0.2521E+00  0.3373E+00  0.0000E+00  0.0000E+00  0.0000E+00  0.0000E+00
 Relative number of events:
  0.0000E+00  0.0000E+00  0.2601E+00  0.2621E+00  0.0000E+00  0.0000E+00  0.0000E+00  0.0000E+00  0.2380E+00  0.2398E+00  0.0000E+00  0.0000E+00  0.0000E+00  0.0000E+00
 Events:
           0           0        5536        5579           0           0           0           0        5067        5104           0           0           0           0
 Accuracy:    0.082   0.010   0.047   3.022
 Found         2189  events.
 Wrote           43  events.
 Actual xsec    1.8657118655826279E-012
 Correct abs xsec    3.6274749559558459E-012
 Event xsec    3.6274749559558423E-012
 Events wgts > 1:            2
 % Cross section > 1:    2.4999170708685304E-014  0.68916177264407896     
 Iteration  6   Mean: 0.1797E-11 Abs mean: 0.3499E-11   Fluctuation:  0.680E-13   0.122E-08    82.7%
  6    0.1797E-11 0.3499E-11 +- 0.6798E-13      4.91
 Relative summed weights:
  0.0000E+00  0.0000E+00  0.2218E+00  0.2180E+00  0.0000E+00  0.0000E+00  0.0000E+00  0.0000E+00  0.2951E+00  0.2652E+00  0.0000E+00  0.0000E+00  0.0000E+00  0.0000E+00
 Relative number of events:
  0.0000E+00  0.0000E+00  0.2568E+00  0.2577E+00  0.0000E+00  0.0000E+00  0.0000E+00  0.0000E+00  0.2432E+00  0.2423E+00  0.0000E+00  0.0000E+00  0.0000E+00  0.0000E+00
 Events:
Thanks for using LHAPDF 6.2.1. Please make sure to cite the paper:
  Eur.Phys.J. C75 (2015) 3, 132  (http://arxiv.org/abs/1412.7420)
           0           0       11142       11178           0           0           0           0       10549       10512           0           0           0           0
 Accuracy:    0.028   0.010   0.018   2.468
 Found         5182  events.
 Wrote          466  events.
 Actual xsec    1.8027169576808479E-012
 Correct abs xsec    3.5170270546299398E-012
 Event xsec    3.5170270546299241E-012
 Events wgts > 1:           11
 % Cross section > 1:    3.3525338175689563E-014  0.95322946496973238     
 Iteration  7   Mean: 0.1829E-11 Abs mean: 0.3509E-11   Fluctuation:  0.535E-13   0.298E-08    82.7%
  7    0.1829E-11 0.3509E-11 +- 0.5350E-13      5.45
 Exceeded boost           1          96   128000.000    
 Relative summed weights:
  0.0000E+00  0.0000E+00  0.2164E+00  0.2254E+00  0.0000E+00  0.0000E+00  0.0000E+00  0.0000E+00  0.2899E+00  0.2684E+00  0.0000E+00  0.0000E+00  0.0000E+00  0.0000E+00
 Relative number of events:
  0.0000E+00  0.0000E+00  0.2579E+00  0.2607E+00  0.0000E+00  0.0000E+00  0.0000E+00  0.0000E+00  0.2409E+00  0.2404E+00  0.0000E+00  0.0000E+00  0.0000E+00  0.0000E+00
 Events:
           0           0       22706       22953           0           0           0           0       21208       21167           0           0           0           0
 Accuracy:    0.017   0.010   0.012   2.054
 Found        11768  events.
 Wrote          310  events.
 Actual xsec    1.8209136120574158E-012
 Correct abs xsec    3.5124841008792336E-012
 Event xsec    3.5124841008792041E-012
 Events wgts > 1:            4
 % Cross section > 1:    3.2725254360440152E-014  0.93168405665519594     
 Iteration  8   Mean: 0.1828E-11 Abs mean: 0.3552E-11   Fluctuation:  0.326E-13   0.280E-08    82.8%
  8    0.1828E-11 0.3552E-11 +- 0.3256E-13      4.64
 Relative summed weights:
  0.0000E+00  0.0000E+00  0.2201E+00  0.2121E+00  0.0000E+00  0.0000E+00  0.0000E+00  0.0000E+00  0.2835E+00  0.2843E+00  0.0000E+00  0.0000E+00  0.0000E+00  0.0000E+00
 Relative number of events:
  0.0000E+00  0.0000E+00  0.2605E+00  0.2567E+00  0.0000E+00  0.0000E+00  0.0000E+00  0.0000E+00  0.2413E+00  0.2416E+00  0.0000E+00  0.0000E+00  0.0000E+00  0.0000E+00
 Events:
           0           0       45953       45285           0           0           0           0       42578       42620           0           0           0           0
 Accuracy:    0.010   0.010   0.007   1.839
 Finished due to accuracy    9.7604878066193876E-003   1.0000000000000000E-002

 -------------------------------------------------------------------------------
 Accumulated results:   Integral =  0.3535E-11
                        Std dev  =  0.2544E-13
                       Cross sec =  0.1824E-11
             Chi**2 per DoF.     =      1.8388
 -------------------------------------------------------------------------------
 Found        24851  events.
 Wrote          992  events.
 Actual xsec    1.8241058190368731E-012
 Correct abs xsec    3.5349240923481629E-012
 Event xsec    3.5349240923481621E-012
 Events wgts > 1:           10
 % Cross section > 1:    2.7046581684545763E-014  0.76512482242806501     
-------------------------------------------------
---------------------------
 Results Last   3 iters: Integral =   0.1824E-11
                     Abs integral =   0.3535E-11
                          Std dev =   0.2575E-13
                  Chi**2 per DoF. =      0.3935
-------------------------------------------------
---------------------------
 Status   1.0000000000000000E-002           9           8

ls status:
events.lhe
ftn26
input_app.txt
results.dat
run1_app.log
