==== LHAPDF6 USING DEFAULT-TYPE LHAGLUE INTERFACE ====
LHAPDF 6.2.1 loading /cvmfs/cms.cern.ch/slc6_amd64_gcc630/external/lhapdf/6.2.1-ghjeda2/share/LHAPDF/NNPDF31_nnlo_as_0118_nf_4_mc_hessian/NNPDF31_nnlo_as_0118_nf_4_mc_hessian_0000.dat
NNPDF31_nnlo_as_0118_nf_4_mc_hessian PDF set, member #0, version 1; LHAPDF ID = 325500
 Process in group number            2
 A PDF is used, so alpha_s(MZ) is going to be modified
 Old value of alpha_s from param_card:   0.11810000000000001     
 New value of alpha_s from PDF lhapdf :  0.11266013434007299     
 using LHAPDF
 Define smin to   10000.000000000000     
 Define smin to   10000.000000000000     
 Define smin to   10000.000000000000     
 Define smin to   10000.000000000000     
 Define smin to   10000.000000000000     
 Define smin to   10000.000000000000     
 Define smin to   10000.000000000000     
 Define smin to   10000.000000000000     
 Define smin to   10000.000000000000     
 Define smin to   10000.000000000000     
 Define smin to   10000.000000000000     
 Define smin to   10000.000000000000     
 Define smin to   10000.000000000000     
 Define smin to   10000.000000000000     
 Define smin to   10000.000000000000     
 Define smin to   10000.000000000000     
 *****************************************************
 *               MadGraph/MadEvent                   *
 *        --------------------------------           *
 *          http://madgraph.hep.uiuc.edu             *
 *          http://madgraph.phys.ucl.ac.be           *
 *          http://madgraph.roma2.infn.it            *
 *        --------------------------------           *
 *                                                   *
 *          PARAMETER AND COUPLING VALUES            *
 *                                                   *
 *****************************************************

  External Params
  ---------------------------------
  
 mdl_MW0 =    80.387000000000000     
 mdl_Gf =    1.1663789999999999E-005
 aS =   0.11810000000000001     
 mdl_ymdo =    1.0000000000000000E-099
 mdl_ymb =    4.1799999999999997     
 mdl_ymt =    173.19999999999999     
 mdl_ymtau =    1.7769999999999999     
 mdl_LambdaSMEFT =    1000.0000000000000     
 mdl_cW =    1.0000000000000000     
 mdl_MZ =    91.187600000000003     
 mdl_MTA =    1.7769999999999999     
 mdl_MT =    173.19999999999999     
 mdl_MB =    4.1799999999999997     
 mdl_MH =    125.09000000000000     
 mdl_WZ =    2.4952000000000001     
 mdl_WW =    2.0850000000000000     
 mdl_WT =    1.5083359999999999     
 mdl_WH =    4.0699999999999998E-003
  Internal Params
  ---------------------------------
  
 mdl_ymm =    1.0000000000000000E-099
 mdl_yme =    1.0000000000000000E-099
 mdl_ymc =    1.0000000000000000E-099
 mdl_yms =    1.0000000000000000E-099
 mdl_ymup =    1.0000000000000000E-099
 mdl_conjg__CKM3x3 =    1.0000000000000000     
 mdl_cH =    0.0000000000000000     
 mdl_cHB =    0.0000000000000000     
 mdl_CKM2x2 =    1.0000000000000000     
 mdl_CKM1x1 =    1.0000000000000000     
 mdl_conjg__CKM1x1 =    1.0000000000000000     
 mdl_dGf =    0.0000000000000000     
 mdl_CKM3x3 =    1.0000000000000000     
 mdl_dMH2 =    0.0000000000000000     
 mdl_conjg__CKM2x2 =    1.0000000000000000     
 mdl_dg1 =    0.0000000000000000     
 mdl_cHW =    0.0000000000000000     
 mdl_dgw =    0.0000000000000000     
 mdl_complexi =  (  0.0000000000000000     ,  1.0000000000000000     )
 mdl_MW =    80.387000000000000     
 mdl_nb__2__exp__0_25 =    1.1892071150027210     
 mdl_MH__exp__2 =    15647.508100000001     
 mdl_sqrt__2 =    1.4142135623730951     
 mdl_MW__exp__2 =    6462.0697689999997     
 mdl_MZ__exp__2 =    8315.1783937600012     
 mdl_sth2 =   0.22285855299877133     
 mdl_MH__exp__6 =    3831206449390.3818     
 mdl_MT__exp__6 =    26995248278778.535     
 mdl_MH__exp__4 =    244844509.73956564     
 mdl_MT__exp__4 =    899894403.09759963     
 mdl_MT__exp__2 =    29998.239999999994     
 mdl_LambdaSMEFT__exp__2 =    1000000.0000000000     
 mdl_cth =   0.88155626422890820     
 mdl_sqrt__sth2 =   0.47207896902824564     
 mdl_sth =   0.47207896902824564     
 mdl_MW0__exp__6 =    269845343347.69711     
 mdl_MW0__exp__4 =    41758345.699423708     
 mdl_MW0__exp__2 =    6462.0697689999997     
 mdl_MZ__exp__4 =    69142191.720053151     
 mdl_MZ__exp__6 =    574929658687.79749     
 mdl_cth__exp__2 =   0.77714144700122867     
 mdl_sth__exp__2 =   0.22285855299877130     
 mdl_sth__exp__3 =   0.10520683593878660     
 mdl_cth__exp__3 =   0.68509391079585125     
 mdl_sth__exp__4 =    4.9665934644706158E-002
 mdl_sqrt__Gf =    3.4152291284773265E-003
 mdl_vevhat =    246.21961912951551     
 mdl_lam =   0.12905352724481209     
 mdl_aEW =    7.5614618607353409E-003
 mdl_yb =    2.4008698866559607E-002
 mdl_yc =    5.7437078628133041E-102
 mdl_ydo =    5.7437078628133041E-102
 mdl_ye =    5.7437078628133041E-102
 mdl_ym =    5.7437078628133041E-102
 mdl_ys =    5.7437078628133041E-102
 mdl_yt =   0.99481020183926416     
 mdl_ytau =    1.0206568872219240E-002
 mdl_yup =    5.7437078628133041E-102
 mdl_vevhat__exp__2 =    60624.100844283676     
 mdl_barlam =   0.12905352724481209     
 mdl_vevT =    246.21961912951551     
 mdl_sqrt__aEW =    8.6956666568672819E-002
 mdl_ee =   0.30825335704310214     
 mdl_gwsh =   0.65296989967087182     
 mdl_vev =    246.21961912951551     
 mdl_g1 =   0.34966952144878632     
 mdl_gw =   0.65296989967087182     
 mdl_ee__exp__2 =    9.5020132128342205E-002
 mdl_gHaa =   -1.9303830602986922E-003
 mdl_gHza =   -6.8546472954154700E-003
 mdl_g1sh =   0.34966952144878632     
 mdl_I1d11 =  (  5.7437078628133041E-102,  0.0000000000000000     )
 mdl_I1d22 =  (  5.7437078628133041E-102,  0.0000000000000000     )
 mdl_I1d33 =  (  2.4008698866559607E-002,  0.0000000000000000     )
 mdl_I2d11 =  (  5.7437078628133041E-102,  0.0000000000000000     )
 mdl_I2d22 =  (  5.7437078628133041E-102,  0.0000000000000000     )
 mdl_I2d33 =  ( 0.99481020183926416     ,  0.0000000000000000     )
 mdl_I3d11 =  (  5.7437078628133041E-102,  0.0000000000000000     )
 mdl_I3d22 =  (  5.7437078628133041E-102,  0.0000000000000000     )
 mdl_I3d33 =  (  2.4008698866559607E-002,  0.0000000000000000     )
 mdl_I4d11 =  (  5.7437078628133041E-102,  0.0000000000000000     )
 mdl_I4d22 =  (  5.7437078628133041E-102,  0.0000000000000000     )
 mdl_I4d33 =  ( 0.99481020183926416     ,  0.0000000000000000     )
 mdl_I5d11 =  (  5.7437078628133041E-102,  0.0000000000000000     )
 mdl_I5d22 =  (  5.7437078628133041E-102,  0.0000000000000000     )
 mdl_I5d33 =  (  2.4008698866559607E-002,  0.0000000000000000     )
 mdl_I6d11 =  (  5.7437078628133041E-102,  0.0000000000000000     )
 mdl_I6d22 =  (  5.7437078628133041E-102,  0.0000000000000000     )
 mdl_I6d33 =  ( 0.99481020183926416     ,  0.0000000000000000     )
 mdl_ee__exp__3 =    2.9290274715240611E-002
 mdl_vevhat__exp__3 =    14926843.019948866     
  Internal Params evaluated point by point
  ----------------------------------------
  
 mdl_sqrt__aS =   0.34365680554879169     
 mdl_G__exp__2 =    1.4840883695558185     
 mdl_gHgg =    3.2334372328970845E-003
 mdl_G__exp__3 =  (  1.8079634332366095     ,  0.0000000000000000     )
  Couplings of SMEFTsim_A_U35_MwScheme_UFO_v3_1-cW_massless
  ---------------------------------
  
        GC_64 =   0.00000E+00   0.52893E-05
       GC_345 =   0.00000E+00   0.28325E-05
         GC_1 =   0.00000E+00   0.10275E+00
         GC_2 =  -0.00000E+00  -0.20550E+00
         GC_3 =  -0.00000E+00  -0.30825E+00
       GC_255 =  -0.00000E+00  -0.42637E+00
       GC_278 =  -0.00000E+00  -0.37035E+00
       GC_280 =  -0.00000E+00  -0.57563E+00
       GC_318 =   0.00000E+00   0.39178E-05
       GC_328 =  -0.00000E+00  -0.55024E-01
       GC_329 =   0.00000E+00   0.11005E+00
       GC_330 =  -0.00000E+00  -0.16507E+00
       GC_400 =   0.00000E+00   0.52490E+02
       GC_809 =  -0.00000E+00  -0.72171E-02
      GC_1073 =  -0.00000E+00  -0.46172E+00

 Collider parameters:
 --------------------

 Running at P P   machine @    13000.000000000000       GeV
 PDF set = lhapdf 
 alpha_s(Mz)= 0.1127 running at 3 loops.
 alpha_s(Mz)= 0.1127 running at 3 loops.
 Renormalization scale set on event-by-event basis
 Factorization   scale set on event-by-event basis


 getting user params
Enter number of events and max and min iterations: 
 Number of events and iterations         2000           8           3
Enter desired fractional accuracy: 
 Desired fractional accuracy:    1.0000000000000000E-002
Enter 0 for fixed, 2 for adjustable grid: 
Suppress amplitude (0 no, 1 yes)? 
 Using suppressed amplitude.
Exact helicity sum (0 yes, n = number/event)? 
 Explicitly summing over helicities
Enter Configuration Number: 
Running Configuration Number:  321
 Not subdividing B.W.
 Attempting mappinvarients           1           8
 Completed mapping           8
 about to integrate           16        2000           8           3          16           1
 Using non-zero grid deformation.
 16 dimensions   2000 events 16 invarients  8 iterations  1 config(s),  (0.99)
 Using h-tuple random number sequence.
 Error opening grid
 Using Uniform Grid!          32
 Using uniform alpha   1.0000000000000000     
 Grid defined OK
 Set CM energy to      13000.00
 Mapping Graph         321  to config         321
 Setting BW          -1           1   80.387000000000000     
Setting grid   2    0.59172E-08   1
 Setting BW          -3           2   80.387000000000000     
Setting grid   4    0.59172E-06   1
 Warning: No cutoff for shat integral found
          Minimum set to    5.9171597633136107E-009
Setting grid   5    0.59172E-08   1
 Transforming s_hat 1/s           15   1.1585044837869826E-004   10000.000000000000        168999999.99999997     
 321   1   2   3   4   5   6   7   8   9  10  11  12  13  14
  15  16
 Masses: 0.000E+00 0.000E+00 0.000E+00 0.000E+00 0.000E+00 0.000E+00 0.000E+00 0.000E+00
Using random seed offsets   321 :      4
  with seed                   24
 Ranmar initialization seeds          51        9401
 
 ********************************************
 * You are using the DiscreteSampler module *
 *      part of the MG5_aMC framework       *
 *         Author: Valentin Hirschi         *
 ********************************************
 
  Particle       3       4       5       6       7       8
      Et >     0.0     0.0     0.0     0.0    10.0    10.0
       E >     0.0     0.0     0.0     0.0     0.0     0.0
     Eta <    -1.0    -1.0    -1.0    -1.0     6.5     6.5
   xqcut:      0.0     0.0     0.0     0.0     0.0     0.0
d R # 3  >    -0.0     0.4     0.0     0.0     0.4     0.4
d R # 4  >    -0.0    -0.0     0.0     0.0     0.4     0.4
d R # 5  >    -0.0    -0.0    -0.0     0.0     0.0     0.0
d R # 6  >    -0.0    -0.0    -0.0    -0.0     0.0     0.0
d R # 7  >    -0.0    -0.0    -0.0    -0.0    -0.0     0.4
s min # 3>     0.0     0.0     0.0     0.0     0.0     0.0
s min # 4>     0.0     0.0     0.0     0.0     0.0     0.0
s min # 5>     0.0     0.0     0.0     0.0     0.0     0.0
s min # 6>     0.0     0.0     0.0     0.0     0.0     0.0
s min # 7>     0.0     0.0     0.0     0.0     0.0 10000.0
xqcutij # 3>     0.0     0.0     0.0     0.0     0.0     0.0
xqcutij # 4>     0.0     0.0     0.0     0.0     0.0     0.0
xqcutij # 5>     0.0     0.0     0.0     0.0     0.0     0.0
xqcutij # 6>     0.0     0.0     0.0     0.0     0.0     0.0
xqcutij # 7>     0.0     0.0     0.0     0.0     0.0     0.0
 No cut BW           -1           1
 No cut BW           -3           2
 alpha_s for scale    79.000010058979115       is   0.11528077131338807     
 Added good helicity          193   256.00000000000000       in event            1 local:           1
 Added good helicity          193   256.00000000000000       in event            1 local:           1
 RESET CUMULATIVE VARIABLE
 RESET CUMULATIVE VARIABLE
 RESET CUMULATIVE VARIABLE
 Iteration  1   Mean: 0.1480E-07 Abs mean: 0.9355E-07   Fluctuation:  0.196E-07   0.295E-04     7.8%
  1    0.1480E-07 0.9355E-07 +- 0.1956E-07      9.35
 Writing out events   7.5387415320894300E-011   9.3511826738604231     
 Relative summed weights:
  0.5162E-02  0.0000E+00  0.3248E-03  0.1560E-04  0.5161E-04  0.0000E+00  0.8532E-02  0.0000E+00  0.3153E-01  0.1369E-01  0.0000E+00  0.0000E+00  0.1783E-01  0.7954E-04  0.1195E-04  0.4143E-06  0.3441E-03  0.0000E+00  0.0000E+00  0.0000E+00  0.9119E-02  0.6896E-01  0.0000E+00  0.0000E+00  0.1360E-03  0.7589E-02  0.4292E-05  0.2674E-06  0.0000E+00  0.0000E+00  0.3705E-04  0.6534E-05
  0.3187E-01  0.0000E+00  0.0000E+00  0.0000E+00  0.4234E-02  0.0000E+00  0.5515E-01  0.0000E+00  0.0000E+00  0.0000E+00  0.0000E+00  0.0000E+00  0.0000E+00  0.0000E+00  0.0000E+00  0.0000E+00  0.1862E-03  0.0000E+00  0.0000E+00  0.0000E+00  0.0000E+00  0.0000E+00  0.0000E+00  0.0000E+00  0.0000E+00  0.0000E+00  0.0000E+00  0.0000E+00  0.0000E+00  0.0000E+00  0.0000E+00  0.0000E+00
  0.3669E-01  0.0000E+00  0.9128E-03  0.2165E-03  0.0000E+00  0.0000E+00  0.1804E+00  0.0000E+00  0.3154E-01  0.1327E-01  0.0000E+00  0.0000E+00  0.5484E-03  0.3693E-03  0.7373E-04  0.4730E-03  0.3868E-04  0.0000E+00  0.0000E+00  0.0000E+00  0.5732E-02  0.2987E-01  0.0000E+00  0.0000E+00  0.1623E-01  0.1148E-05  0.6946E-05  0.1423E-02  0.0000E+00  0.0000E+00  0.7846E-04  0.4762E-04
  0.8931E-02  0.0000E+00  0.0000E+00  0.0000E+00  0.0000E+00  0.0000E+00  0.5020E-01  0.0000E+00  0.0000E+00  0.0000E+00  0.0000E+00  0.0000E+00  0.0000E+00  0.0000E+00  0.0000E+00  0.0000E+00  0.2550E-04  0.0000E+00  0.0000E+00  0.0000E+00  0.0000E+00  0.0000E+00  0.0000E+00  0.0000E+00  0.0000E+00  0.0000E+00  0.0000E+00  0.0000E+00  0.0000E+00  0.0000E+00  0.0000E+00  0.0000E+00
  0.1028E-01  0.0000E+00  0.1249E+00  0.1094E-03  0.0000E+00  0.0000E+00  0.0000E+00  0.0000E+00  0.4891E-01  0.1082E+00  0.0000E+00  0.0000E+00  0.0000E+00  0.0000E+00  0.3099E-03  0.1547E-05  0.0000E+00  0.0000E+00  0.0000E+00  0.0000E+00  0.0000E+00  0.0000E+00  0.0000E+00  0.0000E+00  0.0000E+00  0.0000E+00  0.0000E+00  0.0000E+00  0.0000E+00  0.0000E+00  0.0000E+00  0.0000E+00
  0.5830E-02  0.0000E+00  0.0000E+00  0.0000E+00  0.0000E+00  0.0000E+00  0.0000E+00  0.0000E+00  0.0000E+00  0.0000E+00  0.0000E+00  0.0000E+00  0.0000E+00  0.0000E+00  0.0000E+00  0.0000E+00  0.0000E+00  0.0000E+00  0.0000E+00  0.0000E+00  0.0000E+00  0.0000E+00  0.0000E+00  0.0000E+00  0.0000E+00  0.0000E+00  0.0000E+00  0.0000E+00  0.0000E+00  0.0000E+00  0.0000E+00  0.0000E+00
  0.1334E-01  0.0000E+00  0.1852E-03  0.9719E-04  0.3009E-05  0.0000E+00  0.0000E+00  0.0000E+00  0.7129E-02  0.1511E-01  0.0000E+00  0.0000E+00  0.0000E+00  0.0000E+00  0.2400E-03  0.6471E-03  0.0000E+00  0.0000E+00  0.2136E-02  0.2510E-03  0.0000E+00  0.0000E+00  0.0000E+00  0.0000E+00  0.0000E+00  0.0000E+00  0.0000E+00  0.0000E+00  0.0000E+00  0.0000E+00  0.0000E+00  0.0000E+00
  0.2267E-01  0.0000E+00  0.0000E+00  0.0000E+00  0.7705E-02  0.0000E+00  0.0000E+00  0.0000E+00  0.0000E+00  0.0000E+00  0.0000E+00  0.0000E+00  0.0000E+00  0.0000E+00  0.0000E+00  0.0000E+00  0.0000E+00  0.0000E+00  0.0000E+00  0.0000E+00  0.0000E+00  0.0000E+00  0.0000E+00  0.0000E+00  0.0000E+00  0.0000E+00  0.0000E+00  0.0000E+00  0.0000E+00  0.0000E+00  0.0000E+00  0.0000E+00
 Relative number of events:
  0.3473E-01  0.0000E+00  0.4847E-02  0.4847E-02  0.2423E-02  0.0000E+00  0.5977E-01  0.0000E+00  0.2342E-01  0.1535E-01  0.0000E+00  0.0000E+00  0.1454E-01  0.8078E-02  0.4039E-02  0.1616E-02  0.8078E-03  0.0000E+00  0.0000E+00  0.0000E+00  0.4200E-01  0.4200E-01  0.0000E+00  0.0000E+00  0.4039E-02  0.3231E-02  0.2423E-02  0.1616E-02  0.0000E+00  0.0000E+00  0.1616E-02  0.8078E-03
  0.3796E-01  0.0000E+00  0.0000E+00  0.0000E+00  0.3231E-02  0.0000E+00  0.7512E-01  0.0000E+00  0.0000E+00  0.0000E+00  0.0000E+00  0.0000E+00  0.0000E+00  0.0000E+00  0.0000E+00  0.0000E+00  0.2423E-02  0.0000E+00  0.0000E+00  0.0000E+00  0.0000E+00  0.0000E+00  0.0000E+00  0.0000E+00  0.0000E+00  0.0000E+00  0.0000E+00  0.0000E+00  0.0000E+00  0.0000E+00  0.0000E+00  0.0000E+00
  0.4281E-01  0.0000E+00  0.4847E-02  0.4847E-02  0.0000E+00  0.0000E+00  0.6462E-01  0.0000E+00  0.2827E-01  0.2181E-01  0.0000E+00  0.0000E+00  0.8885E-02  0.9693E-02  0.4039E-02  0.2423E-02  0.3231E-02  0.0000E+00  0.0000E+00  0.0000E+00  0.4039E-01  0.3554E-01  0.0000E+00  0.0000E+00  0.9693E-02  0.3231E-02  0.3231E-02  0.1616E-02  0.0000E+00  0.0000E+00  0.8078E-03  0.8078E-03
  0.3231E-01  0.0000E+00  0.0000E+00  0.0000E+00  0.0000E+00  0.0000E+00  0.5816E-01  0.0000E+00  0.0000E+00  0.0000E+00  0.0000E+00  0.0000E+00  0.0000E+00  0.0000E+00  0.0000E+00  0.0000E+00  0.1616E-02  0.0000E+00  0.0000E+00  0.0000E+00  0.0000E+00  0.0000E+00  0.0000E+00  0.0000E+00  0.0000E+00  0.0000E+00  0.0000E+00  0.0000E+00  0.0000E+00  0.0000E+00  0.0000E+00  0.0000E+00
  0.2262E-01  0.0000E+00  0.4847E-02  0.4039E-02  0.0000E+00  0.0000E+00  0.0000E+00  0.0000E+00  0.2181E-01  0.1696E-01  0.0000E+00  0.0000E+00  0.0000E+00  0.0000E+00  0.4039E-02  0.1616E-02  0.0000E+00  0.0000E+00  0.0000E+00  0.0000E+00  0.0000E+00  0.0000E+00  0.0000E+00  0.0000E+00  0.0000E+00  0.0000E+00  0.0000E+00  0.0000E+00  0.0000E+00  0.0000E+00  0.0000E+00  0.0000E+00
  0.2827E-01  0.0000E+00  0.0000E+00  0.0000E+00  0.0000E+00  0.0000E+00  0.0000E+00  0.0000E+00  0.0000E+00  0.0000E+00  0.0000E+00  0.0000E+00  0.0000E+00  0.0000E+00  0.0000E+00  0.0000E+00  0.0000E+00  0.0000E+00  0.0000E+00  0.0000E+00  0.0000E+00  0.0000E+00  0.0000E+00  0.0000E+00  0.0000E+00  0.0000E+00  0.0000E+00  0.0000E+00  0.0000E+00  0.0000E+00  0.0000E+00  0.0000E+00
  0.3635E-01  0.0000E+00  0.6462E-02  0.4847E-02  0.1616E-02  0.0000E+00  0.0000E+00  0.0000E+00  0.1373E-01  0.1858E-01  0.0000E+00  0.0000E+00  0.0000E+00  0.0000E+00  0.3231E-02  0.4847E-02  0.0000E+00  0.0000E+00  0.8078E-03  0.3231E-02  0.0000E+00  0.0000E+00  0.0000E+00  0.0000E+00  0.0000E+00  0.0000E+00  0.0000E+00  0.0000E+00  0.0000E+00  0.0000E+00  0.0000E+00  0.0000E+00
  0.2585E-01  0.0000E+00  0.0000E+00  0.0000E+00  0.2423E-02  0.0000E+00  0.0000E+00  0.0000E+00  0.0000E+00  0.0000E+00  0.0000E+00  0.0000E+00  0.0000E+00  0.0000E+00  0.0000E+00  0.0000E+00  0.0000E+00  0.0000E+00  0.0000E+00  0.0000E+00  0.0000E+00  0.0000E+00  0.0000E+00  0.0000E+00  0.0000E+00  0.0000E+00  0.0000E+00  0.0000E+00  0.0000E+00  0.0000E+00  0.0000E+00  0.0000E+00
 Events:
          43           0           6           6           3           0          74           0          29          19           0           0          18          10           5           2           1           0           0           0          52          52           0           0           5           4           3           2           0           0           2           1
          47           0           0           0           4           0          93           0           0           0           0           0           0           0           0           0           3           0           0           0           0           0           0           0           0           0           0           0           0           0           0           0
          53           0           6           6           0           0          80           0          35          27           0           0          11          12           5           3           4           0           0           0          50          44           0           0          12           4           4           2           0           0           1           1
          40           0           0           0           0           0          72           0           0           0           0           0           0           0           0           0           2           0           0           0           0           0           0           0           0           0           0           0           0           0           0           0
          28           0           6           5           0           0           0           0          27          21           0           0           0           0           5           2           0           0           0           0           0           0           0           0           0           0           0           0           0           0           0           0
          35           0           0           0           0           0           0           0           0           0           0           0           0           0           0           0           0           0           0           0           0           0           0           0           0           0           0           0           0           0           0           0
          45           0           8           6           2           0           0           0          17          23           0           0           0           0           4           6           0           0           1           4           0           0           0           0           0           0           0           0           0           0           0           0
          32           0           0           0           3           0           0           0           0           0           0           0           0           0           0           0           0           0           0           0           0           0           0           0           0           0           0           0           0           0           0           0
 Iteration  2   Mean: 0.1783E-06 Abs mean: 0.3702E-06   Fluctuation:  0.182E-06   0.675E-03    45.3%
  2    0.1783E-06 0.3702E-06 +- 0.1822E-06     31.13
 Relative summed weights:
  0.2146E-02  0.0000E+00  0.4470E-03  0.2266E-05  0.0000E+00  0.0000E+00  0.1213E+00  0.0000E+00  0.2299E-02  0.6021E-03  0.0000E+00  0.0000E+00  0.1679E-02  0.3866E-04  0.3434E-03  0.8818E-06  0.1617E-04  0.0000E+00  0.2175E-02  0.1831E-05  0.2353E-01  0.5735E-02  0.0000E+00  0.0000E+00  0.2353E-05  0.2721E-04  0.2200E-04  0.1970E-04  0.0000E+00  0.0000E+00  0.1655E-03  0.5287E-04
  0.3737E-01  0.0000E+00  0.0000E+00  0.0000E+00  0.6794E-04  0.0000E+00  0.3227E-01  0.0000E+00  0.0000E+00  0.0000E+00  0.0000E+00  0.0000E+00  0.0000E+00  0.0000E+00  0.0000E+00  0.0000E+00  0.7870E-04  0.0000E+00  0.0000E+00  0.0000E+00  0.0000E+00  0.0000E+00  0.0000E+00  0.0000E+00  0.0000E+00  0.0000E+00  0.0000E+00  0.0000E+00  0.0000E+00  0.0000E+00  0.0000E+00  0.0000E+00
  0.2417E-02  0.0000E+00  0.4509E-03  0.4835E-02  0.4680E-04  0.0000E+00  0.1103E-01  0.0000E+00  0.1877E-02  0.1926E-01  0.0000E+00  0.0000E+00  0.1730E-02  0.5425E-02  0.2237E-04  0.1784E-05  0.3307E-03  0.0000E+00  0.2021E-04  0.1279E-03  0.9445E-02  0.2316E-01  0.0000E+00  0.0000E+00  0.6552E-05  0.6514E-05  0.1433E-02  0.1824E-05  0.0000E+00  0.0000E+00  0.1785E-03  0.1095E-06
  0.2418E-02  0.0000E+00  0.0000E+00  0.0000E+00  0.2988E-03  0.0000E+00  0.4286E-01  0.0000E+00  0.0000E+00  0.0000E+00  0.0000E+00  0.0000E+00  0.0000E+00  0.0000E+00  0.0000E+00  0.0000E+00  0.1048E-03  0.0000E+00  0.0000E+00  0.0000E+00  0.0000E+00  0.0000E+00  0.0000E+00  0.0000E+00  0.0000E+00  0.0000E+00  0.0000E+00  0.0000E+00  0.0000E+00  0.0000E+00  0.0000E+00  0.0000E+00
  0.4347E-02  0.0000E+00  0.4463E-04  0.1070E-03  0.2273E-03  0.0000E+00  0.0000E+00  0.0000E+00  0.5385E-03  0.1680E-02  0.0000E+00  0.0000E+00  0.0000E+00  0.0000E+00  0.3871E-04  0.8095E-05  0.0000E+00  0.0000E+00  0.1729E-03  0.0000E+00  0.0000E+00  0.0000E+00  0.0000E+00  0.0000E+00  0.0000E+00  0.0000E+00  0.0000E+00  0.0000E+00  0.0000E+00  0.0000E+00  0.0000E+00  0.0000E+00
  0.7816E-02  0.0000E+00  0.0000E+00  0.0000E+00  0.2013E-03  0.0000E+00  0.0000E+00  0.0000E+00  0.0000E+00  0.0000E+00  0.0000E+00  0.0000E+00  0.0000E+00  0.0000E+00  0.0000E+00  0.0000E+00  0.0000E+00  0.0000E+00  0.0000E+00  0.0000E+00  0.0000E+00  0.0000E+00  0.0000E+00  0.0000E+00  0.0000E+00  0.0000E+00  0.0000E+00  0.0000E+00  0.0000E+00  0.0000E+00  0.0000E+00  0.0000E+00
  0.2751E-02  0.0000E+00  0.9882E-04  0.2060E-03  0.2786E-04  0.0000E+00  0.0000E+00  0.0000E+00  0.3258E-02  0.6501E-03  0.0000E+00  0.0000E+00  0.0000E+00  0.0000E+00  0.3111E-04  0.6187E-04  0.0000E+00  0.0000E+00  0.1799E-03  0.0000E+00  0.0000E+00  0.0000E+00  0.0000E+00  0.0000E+00  0.0000E+00  0.0000E+00  0.0000E+00  0.0000E+00  0.0000E+00  0.0000E+00  0.0000E+00  0.0000E+00
  0.6197E+00  0.0000E+00  0.0000E+00  0.0000E+00  0.2993E-04  0.0000E+00  0.0000E+00  0.0000E+00  0.0000E+00  0.0000E+00  0.0000E+00  0.0000E+00  0.0000E+00  0.0000E+00  0.0000E+00  0.0000E+00  0.0000E+00  0.0000E+00  0.0000E+00  0.0000E+00  0.0000E+00  0.0000E+00  0.0000E+00  0.0000E+00  0.0000E+00  0.0000E+00  0.0000E+00  0.0000E+00  0.0000E+00  0.0000E+00  0.0000E+00  0.0000E+00
 Relative number of events:
  0.3283E-01  0.0000E+00  0.6155E-02  0.1641E-02  0.0000E+00  0.0000E+00  0.7386E-01  0.0000E+00  0.1970E-01  0.1518E-01  0.0000E+00  0.0000E+00  0.1108E-01  0.8207E-02  0.4514E-02  0.3283E-02  0.8207E-03  0.0000E+00  0.2052E-02  0.8207E-03  0.3939E-01  0.3734E-01  0.0000E+00  0.0000E+00  0.6565E-02  0.4514E-02  0.2462E-02  0.3283E-02  0.0000E+00  0.0000E+00  0.1641E-02  0.2462E-02
  0.2995E-01  0.0000E+00  0.0000E+00  0.0000E+00  0.8207E-03  0.0000E+00  0.7961E-01  0.0000E+00  0.0000E+00  0.0000E+00  0.0000E+00  0.0000E+00  0.0000E+00  0.0000E+00  0.0000E+00  0.0000E+00  0.1231E-02  0.0000E+00  0.0000E+00  0.0000E+00  0.0000E+00  0.0000E+00  0.0000E+00  0.0000E+00  0.0000E+00  0.0000E+00  0.0000E+00  0.0000E+00  0.0000E+00  0.0000E+00  0.0000E+00  0.0000E+00
  0.3365E-01  0.0000E+00  0.2462E-02  0.4103E-02  0.8207E-03  0.0000E+00  0.6976E-01  0.0000E+00  0.1723E-01  0.1682E-01  0.0000E+00  0.0000E+00  0.9848E-02  0.1190E-01  0.1641E-02  0.3693E-02  0.8207E-03  0.0000E+00  0.1231E-02  0.8207E-03  0.3324E-01  0.3037E-01  0.0000E+00  0.0000E+00  0.3693E-02  0.4514E-02  0.4924E-02  0.2052E-02  0.0000E+00  0.0000E+00  0.2462E-02  0.4103E-03
  0.3488E-01  0.0000E+00  0.0000E+00  0.0000E+00  0.1231E-02  0.0000E+00  0.6442E-01  0.0000E+00  0.0000E+00  0.0000E+00  0.0000E+00  0.0000E+00  0.0000E+00  0.0000E+00  0.0000E+00  0.0000E+00  0.1231E-02  0.0000E+00  0.0000E+00  0.0000E+00  0.0000E+00  0.0000E+00  0.0000E+00  0.0000E+00  0.0000E+00  0.0000E+00  0.0000E+00  0.0000E+00  0.0000E+00  0.0000E+00  0.0000E+00  0.0000E+00
  0.3529E-01  0.0000E+00  0.6155E-02  0.4103E-03  0.2052E-02  0.0000E+00  0.0000E+00  0.0000E+00  0.1518E-01  0.1764E-01  0.0000E+00  0.0000E+00  0.0000E+00  0.0000E+00  0.4924E-02  0.2872E-02  0.0000E+00  0.0000E+00  0.1231E-02  0.0000E+00  0.0000E+00  0.0000E+00  0.0000E+00  0.0000E+00  0.0000E+00  0.0000E+00  0.0000E+00  0.0000E+00  0.0000E+00  0.0000E+00  0.0000E+00  0.0000E+00
  0.4062E-01  0.0000E+00  0.0000E+00  0.0000E+00  0.2052E-02  0.0000E+00  0.0000E+00  0.0000E+00  0.0000E+00  0.0000E+00  0.0000E+00  0.0000E+00  0.0000E+00  0.0000E+00  0.0000E+00  0.0000E+00  0.0000E+00  0.0000E+00  0.0000E+00  0.0000E+00  0.0000E+00  0.0000E+00  0.0000E+00  0.0000E+00  0.0000E+00  0.0000E+00  0.0000E+00  0.0000E+00  0.0000E+00  0.0000E+00  0.0000E+00  0.0000E+00
  0.3201E-01  0.0000E+00  0.4103E-02  0.5745E-02  0.2872E-02  0.0000E+00  0.0000E+00  0.0000E+00  0.1805E-01  0.1847E-01  0.0000E+00  0.0000E+00  0.0000E+00  0.0000E+00  0.3283E-02  0.1641E-02  0.0000E+00  0.0000E+00  0.1231E-02  0.0000E+00  0.0000E+00  0.0000E+00  0.0000E+00  0.0000E+00  0.0000E+00  0.0000E+00  0.0000E+00  0.0000E+00  0.0000E+00  0.0000E+00  0.0000E+00  0.0000E+00
  0.3611E-01  0.0000E+00  0.0000E+00  0.0000E+00  0.4103E-03  0.0000E+00  0.0000E+00  0.0000E+00  0.0000E+00  0.0000E+00  0.0000E+00  0.0000E+00  0.0000E+00  0.0000E+00  0.0000E+00  0.0000E+00  0.0000E+00  0.0000E+00  0.0000E+00  0.0000E+00  0.0000E+00  0.0000E+00  0.0000E+00  0.0000E+00  0.0000E+00  0.0000E+00  0.0000E+00  0.0000E+00  0.0000E+00  0.0000E+00  0.0000E+00  0.0000E+00
 Events:
          80           0          15           4           0           0         180           0          48          37           0           0          27          20          11           8           2           0           5           2          96          91           0           0          16          11           6           8           0           0           4           6
          73           0           0           0           2           0         194           0           0           0           0           0           0           0           0           0           3           0           0           0           0           0           0           0           0           0           0           0           0           0           0           0
          82           0           6          10           2           0         170           0          42          41           0           0          24          29           4           9           2           0           3           2          81          74           0           0           9          11          12           5           0           0           6           1
          85           0           0           0           3           0         157           0           0           0           0           0           0           0           0           0           3           0           0           0           0           0           0           0           0           0           0           0           0           0           0           0
          86           0          15           1           5           0           0           0          37          43           0           0           0           0          12           7           0           0           3           0           0           0           0           0           0           0           0           0           0           0           0           0
          99           0           0           0           5           0           0           0           0           0           0           0           0           0           0           0           0           0           0           0           0           0           0           0           0           0           0           0           0           0           0           0
          78           0          10          14           7           0           0           0          44          45           0           0           0           0           8           4           0           0           3           0           0           0           0           0           0           0           0           0           0           0           0           0
          88           0           0           0           1           0           0           0           0           0           0           0           0           0           0           0           0           0           0           0           0           0           0           0           0           0           0           0           0           0           0           0
 Iteration  3   Mean: -.4936E-07 Abs mean: 0.2590E-06   Fluctuation:  0.858E-07   0.659E-03    59.9%
  3   -0.4936E-07 0.2590E-06 +- 0.8585E-07     29.64
 Relative summed weights:
  0.1230E-01  0.0000E+00  0.1825E-02  0.6853E-03  0.3986E-05  0.0000E+00  0.9269E-01  0.0000E+00  0.3970E-02  0.3991E-02  0.0000E+00  0.0000E+00  0.2758E-01  0.1201E-02  0.5050E-03  0.2487E-02  0.6296E-03  0.0000E+00  0.8492E-04  0.1101E-02  0.2647E-01  0.9006E-01  0.0000E+00  0.0000E+00  0.1893E-03  0.3436E-03  0.7821E-02  0.3196E-04  0.0000E+00  0.0000E+00  0.1680E-01  0.5120E-02
  0.2260E-01  0.0000E+00  0.0000E+00  0.0000E+00  0.1281E-04  0.0000E+00  0.1992E+00  0.0000E+00  0.0000E+00  0.0000E+00  0.0000E+00  0.0000E+00  0.0000E+00  0.0000E+00  0.0000E+00  0.0000E+00  0.3296E-02  0.0000E+00  0.0000E+00  0.0000E+00  0.0000E+00  0.0000E+00  0.0000E+00  0.0000E+00  0.0000E+00  0.0000E+00  0.0000E+00  0.0000E+00  0.0000E+00  0.0000E+00  0.0000E+00  0.0000E+00
  0.1132E-01  0.0000E+00  0.3502E-03  0.2003E-03  0.4452E-04  0.0000E+00  0.7017E-01  0.0000E+00  0.1079E-01  0.1133E-01  0.0000E+00  0.0000E+00  0.5067E-03  0.5911E-02  0.2825E-01  0.2776E-03  0.6586E-04  0.0000E+00  0.2017E-04  0.1370E-06  0.1241E-01  0.1615E-01  0.0000E+00  0.0000E+00  0.2639E-02  0.7369E-03  0.3807E-04  0.7342E-03  0.0000E+00  0.0000E+00  0.1597E-02  0.4017E-02
  0.1477E-01  0.0000E+00  0.0000E+00  0.0000E+00  0.3490E-04  0.0000E+00  0.8961E-01  0.0000E+00  0.0000E+00  0.0000E+00  0.0000E+00  0.0000E+00  0.0000E+00  0.0000E+00  0.0000E+00  0.0000E+00  0.2388E-03  0.0000E+00  0.0000E+00  0.0000E+00  0.0000E+00  0.0000E+00  0.0000E+00  0.0000E+00  0.0000E+00  0.0000E+00  0.0000E+00  0.0000E+00  0.0000E+00  0.0000E+00  0.0000E+00  0.0000E+00
  0.3581E-01  0.0000E+00  0.3019E-04  0.8752E-02  0.5337E-03  0.0000E+00  0.0000E+00  0.0000E+00  0.7549E-02  0.6413E-02  0.0000E+00  0.0000E+00  0.0000E+00  0.0000E+00  0.1041E-02  0.8959E-03  0.0000E+00  0.0000E+00  0.2436E-01  0.3241E-05  0.0000E+00  0.0000E+00  0.0000E+00  0.0000E+00  0.0000E+00  0.0000E+00  0.0000E+00  0.0000E+00  0.0000E+00  0.0000E+00  0.0000E+00  0.0000E+00
  0.2027E-01  0.0000E+00  0.0000E+00  0.0000E+00  0.9933E-05  0.0000E+00  0.0000E+00  0.0000E+00  0.0000E+00  0.0000E+00  0.0000E+00  0.0000E+00  0.0000E+00  0.0000E+00  0.0000E+00  0.0000E+00  0.0000E+00  0.0000E+00  0.0000E+00  0.0000E+00  0.0000E+00  0.0000E+00  0.0000E+00  0.0000E+00  0.0000E+00  0.0000E+00  0.0000E+00  0.0000E+00  0.0000E+00  0.0000E+00  0.0000E+00  0.0000E+00
  0.1503E-01  0.0000E+00  0.8830E-03  0.1557E-02  0.6310E-04  0.0000E+00  0.0000E+00  0.0000E+00  0.2260E-01  0.2001E-01  0.0000E+00  0.0000E+00  0.0000E+00  0.0000E+00  0.2088E-02  0.3106E-04  0.0000E+00  0.0000E+00  0.5463E-03  0.2008E-03  0.0000E+00  0.0000E+00  0.0000E+00  0.0000E+00  0.0000E+00  0.0000E+00  0.0000E+00  0.0000E+00  0.0000E+00  0.0000E+00  0.0000E+00  0.0000E+00
  0.2810E-01  0.0000E+00  0.0000E+00  0.0000E+00  0.1882E-04  0.0000E+00  0.0000E+00  0.0000E+00  0.0000E+00  0.0000E+00  0.0000E+00  0.0000E+00  0.0000E+00  0.0000E+00  0.0000E+00  0.0000E+00  0.0000E+00  0.0000E+00  0.0000E+00  0.0000E+00  0.0000E+00  0.0000E+00  0.0000E+00  0.0000E+00  0.0000E+00  0.0000E+00  0.0000E+00  0.0000E+00  0.0000E+00  0.0000E+00  0.0000E+00  0.0000E+00
 Relative number of events:
  0.3725E-01  0.0000E+00  0.3767E-02  0.5651E-02  0.2093E-03  0.0000E+00  0.7409E-01  0.0000E+00  0.1925E-01  0.1507E-01  0.0000E+00  0.0000E+00  0.1130E-01  0.8581E-02  0.1884E-02  0.2721E-02  0.1256E-02  0.0000E+00  0.4186E-03  0.6279E-03  0.3139E-01  0.3725E-01  0.0000E+00  0.0000E+00  0.3977E-02  0.3767E-02  0.1674E-02  0.1465E-02  0.0000E+00  0.0000E+00  0.1884E-02  0.2302E-02
  0.3495E-01  0.0000E+00  0.0000E+00  0.0000E+00  0.6279E-03  0.0000E+00  0.6928E-01  0.0000E+00  0.0000E+00  0.0000E+00  0.0000E+00  0.0000E+00  0.0000E+00  0.0000E+00  0.0000E+00  0.0000E+00  0.2302E-02  0.0000E+00  0.0000E+00  0.0000E+00  0.0000E+00  0.0000E+00  0.0000E+00  0.0000E+00  0.0000E+00  0.0000E+00  0.0000E+00  0.0000E+00  0.0000E+00  0.0000E+00  0.0000E+00  0.0000E+00
  0.3495E-01  0.0000E+00  0.4604E-02  0.2093E-02  0.4186E-03  0.0000E+00  0.7158E-01  0.0000E+00  0.1360E-01  0.1695E-01  0.0000E+00  0.0000E+00  0.7535E-02  0.9418E-02  0.2721E-02  0.3349E-02  0.1046E-02  0.0000E+00  0.8372E-03  0.2093E-03  0.3411E-01  0.3495E-01  0.0000E+00  0.0000E+00  0.5232E-02  0.5023E-02  0.3139E-02  0.2721E-02  0.0000E+00  0.0000E+00  0.3349E-02  0.1465E-02
  0.3370E-01  0.0000E+00  0.0000E+00  0.0000E+00  0.6279E-03  0.0000E+00  0.6823E-01  0.0000E+00  0.0000E+00  0.0000E+00  0.0000E+00  0.0000E+00  0.0000E+00  0.0000E+00  0.0000E+00  0.0000E+00  0.2093E-02  0.0000E+00  0.0000E+00  0.0000E+00  0.0000E+00  0.0000E+00  0.0000E+00  0.0000E+00  0.0000E+00  0.0000E+00  0.0000E+00  0.0000E+00  0.0000E+00  0.0000E+00  0.0000E+00  0.0000E+00
  0.3663E-01  0.0000E+00  0.3558E-02  0.4186E-02  0.8372E-03  0.0000E+00  0.0000E+00  0.0000E+00  0.1737E-01  0.1842E-01  0.0000E+00  0.0000E+00  0.0000E+00  0.0000E+00  0.2302E-02  0.4604E-02  0.0000E+00  0.0000E+00  0.1046E-02  0.6279E-03  0.0000E+00  0.0000E+00  0.0000E+00  0.0000E+00  0.0000E+00  0.0000E+00  0.0000E+00  0.0000E+00  0.0000E+00  0.0000E+00  0.0000E+00  0.0000E+00
  0.4102E-01  0.0000E+00  0.0000E+00  0.0000E+00  0.1046E-02  0.0000E+00  0.0000E+00  0.0000E+00  0.0000E+00  0.0000E+00  0.0000E+00  0.0000E+00  0.0000E+00  0.0000E+00  0.0000E+00  0.0000E+00  0.0000E+00  0.0000E+00  0.0000E+00  0.0000E+00  0.0000E+00  0.0000E+00  0.0000E+00  0.0000E+00  0.0000E+00  0.0000E+00  0.0000E+00  0.0000E+00  0.0000E+00  0.0000E+00  0.0000E+00  0.0000E+00
  0.4018E-01  0.0000E+00  0.5651E-02  0.7116E-02  0.6279E-03  0.0000E+00  0.0000E+00  0.0000E+00  0.1779E-01  0.1737E-01  0.0000E+00  0.0000E+00  0.0000E+00  0.0000E+00  0.3558E-02  0.2512E-02  0.0000E+00  0.0000E+00  0.6279E-03  0.1256E-02  0.0000E+00  0.0000E+00  0.0000E+00  0.0000E+00  0.0000E+00  0.0000E+00  0.0000E+00  0.0000E+00  0.0000E+00  0.0000E+00  0.0000E+00  0.0000E+00
  0.3391E-01  0.0000E+00  0.0000E+00  0.0000E+00  0.8372E-03  0.0000E+00  0.0000E+00  0.0000E+00  0.0000E+00  0.0000E+00  0.0000E+00  0.0000E+00  0.0000E+00  0.0000E+00  0.0000E+00  0.0000E+00  0.0000E+00  0.0000E+00  0.0000E+00  0.0000E+00  0.0000E+00  0.0000E+00  0.0000E+00  0.0000E+00  0.0000E+00  0.0000E+00  0.0000E+00  0.0000E+00  0.0000E+00  0.0000E+00  0.0000E+00  0.0000E+00
 Events:
         178           0          18          27           1           0         354           0          92          72           0           0          54          41           9          13           6           0           2           3         150         178           0           0          19          18           8           7           0           0           9          11
         167           0           0           0           3           0         331           0           0           0           0           0           0           0           0           0          11           0           0           0           0           0           0           0           0           0           0           0           0           0           0           0
         167           0          22          10           2           0         342           0          65          81           0           0          36          45          13          16           5           0           4           1         163         167           0           0          25          24          15          13           0           0          16           7
         161           0           0           0           3           0         326           0           0           0           0           0           0           0           0           0          10           0           0           0           0           0           0           0           0           0           0           0           0           0           0           0
         175           0          17          20           4           0           0           0          83          88           0           0           0           0          11          22           0           0           5           3           0           0           0           0           0           0           0           0           0           0           0           0
         196           0           0           0           5           0           0           0           0           0           0           0           0           0           0           0           0           0           0           0           0           0           0           0           0           0           0           0           0           0           0           0
         192           0          27          34           3           0           0           0          85          83           0           0           0           0          17          12           0           0           3           6           0           0           0           0           0           0           0           0           0           0           0           0
         162           0           0           0           4           0           0           0           0           0           0           0           0           0           0           0           0           0           0           0           0           0           0           0           0           0           0           0           0           0           0           0
 Accuracy:    0.429   0.010   0.166   6.658
 Found          236  events.
 Wrote            2  events.
 Actual xsec    1.7316450189176959E-008
 Correct abs xsec    1.6692452145966107E-007
 Event xsec    1.6692452145966104E-007
 Events wgts > 1:            0
 % Cross section > 1:    0.0000000000000000        0.0000000000000000     
 Iteration  4   Mean: 0.4085E-09 Abs mean: 0.2495E-06   Fluctuation:  0.354E-07   0.283E-03    66.3%
  4    0.4085E-09 0.2495E-06 +- 0.3539E-07     17.94
 Relative summed weights:
  0.2280E-01  0.0000E+00  0.7810E-03  0.1326E-02  0.2439E-02  0.0000E+00  0.5592E-01  0.0000E+00  0.2040E-01  0.3971E-02  0.0000E+00  0.0000E+00  0.3089E-02  0.4908E-02  0.8163E-04  0.1880E-02  0.1857E-02  0.0000E+00  0.6281E-03  0.5810E-02  0.8618E-01  0.3664E-01  0.0000E+00  0.0000E+00  0.5332E-02  0.1113E-01  0.2690E-03  0.7667E-02  0.0000E+00  0.0000E+00  0.5124E-02  0.2821E-03
  0.2030E-01  0.0000E+00  0.0000E+00  0.0000E+00  0.6013E-04  0.0000E+00  0.3788E-01  0.0000E+00  0.0000E+00  0.0000E+00  0.0000E+00  0.0000E+00  0.0000E+00  0.0000E+00  0.0000E+00  0.0000E+00  0.1308E-02  0.0000E+00  0.0000E+00  0.0000E+00  0.0000E+00  0.0000E+00  0.0000E+00  0.0000E+00  0.0000E+00  0.0000E+00  0.0000E+00  0.0000E+00  0.0000E+00  0.0000E+00  0.0000E+00  0.0000E+00
  0.1118E-01  0.0000E+00  0.3233E-02  0.7068E-02  0.4828E-05  0.0000E+00  0.4633E-01  0.0000E+00  0.3543E-01  0.2502E-01  0.0000E+00  0.0000E+00  0.2190E-02  0.7788E-03  0.5350E-03  0.1030E-03  0.9184E-04  0.0000E+00  0.1848E-03  0.7055E-03  0.1586E+00  0.1099E-01  0.0000E+00  0.0000E+00  0.7179E-02  0.4030E-02  0.3813E-04  0.2970E-03  0.0000E+00  0.0000E+00  0.1140E-03  0.1391E-03
  0.6291E-01  0.0000E+00  0.0000E+00  0.0000E+00  0.1307E-03  0.0000E+00  0.5365E-01  0.0000E+00  0.0000E+00  0.0000E+00  0.0000E+00  0.0000E+00  0.0000E+00  0.0000E+00  0.0000E+00  0.0000E+00  0.1480E-02  0.0000E+00  0.0000E+00  0.0000E+00  0.0000E+00  0.0000E+00  0.0000E+00  0.0000E+00  0.0000E+00  0.0000E+00  0.0000E+00  0.0000E+00  0.0000E+00  0.0000E+00  0.0000E+00  0.0000E+00
  0.1826E-01  0.0000E+00  0.7171E-03  0.1135E-02  0.5441E-02  0.0000E+00  0.0000E+00  0.0000E+00  0.1449E-01  0.4752E-02  0.0000E+00  0.0000E+00  0.0000E+00  0.0000E+00  0.1363E-03  0.7325E-02  0.0000E+00  0.0000E+00  0.5295E-04  0.9200E-03  0.0000E+00  0.0000E+00  0.0000E+00  0.0000E+00  0.0000E+00  0.0000E+00  0.0000E+00  0.0000E+00  0.0000E+00  0.0000E+00  0.0000E+00  0.0000E+00
  0.1261E-01  0.0000E+00  0.0000E+00  0.0000E+00  0.6371E-03  0.0000E+00  0.0000E+00  0.0000E+00  0.0000E+00  0.0000E+00  0.0000E+00  0.0000E+00  0.0000E+00  0.0000E+00  0.0000E+00  0.0000E+00  0.0000E+00  0.0000E+00  0.0000E+00  0.0000E+00  0.0000E+00  0.0000E+00  0.0000E+00  0.0000E+00  0.0000E+00  0.0000E+00  0.0000E+00  0.0000E+00  0.0000E+00  0.0000E+00  0.0000E+00  0.0000E+00
  0.6493E-01  0.0000E+00  0.2123E-02  0.1671E-02  0.3378E-03  0.0000E+00  0.0000E+00  0.0000E+00  0.2501E-01  0.9550E-02  0.0000E+00  0.0000E+00  0.0000E+00  0.0000E+00  0.6513E-03  0.1006E-01  0.0000E+00  0.0000E+00  0.1954E-04  0.1566E-03  0.0000E+00  0.0000E+00  0.0000E+00  0.0000E+00  0.0000E+00  0.0000E+00  0.0000E+00  0.0000E+00  0.0000E+00  0.0000E+00  0.0000E+00  0.0000E+00
  0.4634E-01  0.0000E+00  0.0000E+00  0.0000E+00  0.2174E-02  0.0000E+00  0.0000E+00  0.0000E+00  0.0000E+00  0.0000E+00  0.0000E+00  0.0000E+00  0.0000E+00  0.0000E+00  0.0000E+00  0.0000E+00  0.0000E+00  0.0000E+00  0.0000E+00  0.0000E+00  0.0000E+00  0.0000E+00  0.0000E+00  0.0000E+00  0.0000E+00  0.0000E+00  0.0000E+00  0.0000E+00  0.0000E+00  0.0000E+00  0.0000E+00  0.0000E+00
 Relative number of events:
  0.3464E-01  0.0000E+00  0.3674E-02  0.4304E-02  0.6299E-03  0.0000E+00  0.7201E-01  0.0000E+00  0.1554E-01  0.1585E-01  0.0000E+00  0.0000E+00  0.1039E-01  0.9868E-02  0.2939E-02  0.3884E-02  0.2204E-02  0.0000E+00  0.5249E-03  0.6299E-03  0.3569E-01  0.3328E-01  0.0000E+00  0.0000E+00  0.4094E-02  0.3989E-02  0.2100E-02  0.2519E-02  0.0000E+00  0.0000E+00  0.1155E-02  0.7348E-03
  0.3580E-01  0.0000E+00  0.0000E+00  0.0000E+00  0.5249E-03  0.0000E+00  0.7422E-01  0.0000E+00  0.0000E+00  0.0000E+00  0.0000E+00  0.0000E+00  0.0000E+00  0.0000E+00  0.0000E+00  0.0000E+00  0.2100E-02  0.0000E+00  0.0000E+00  0.0000E+00  0.0000E+00  0.0000E+00  0.0000E+00  0.0000E+00  0.0000E+00  0.0000E+00  0.0000E+00  0.0000E+00  0.0000E+00  0.0000E+00  0.0000E+00  0.0000E+00
  0.3412E-01  0.0000E+00  0.4409E-02  0.3989E-02  0.1050E-03  0.0000E+00  0.7264E-01  0.0000E+00  0.1764E-01  0.1785E-01  0.0000E+00  0.0000E+00  0.1018E-01  0.8713E-02  0.3884E-02  0.4199E-02  0.1680E-02  0.0000E+00  0.6299E-03  0.7348E-03  0.3401E-01  0.3107E-01  0.0000E+00  0.0000E+00  0.4514E-02  0.6089E-02  0.1785E-02  0.2100E-02  0.0000E+00  0.0000E+00  0.1365E-02  0.1050E-02
  0.3821E-01  0.0000E+00  0.0000E+00  0.0000E+00  0.6299E-03  0.0000E+00  0.7390E-01  0.0000E+00  0.0000E+00  0.0000E+00  0.0000E+00  0.0000E+00  0.0000E+00  0.0000E+00  0.0000E+00  0.0000E+00  0.1470E-02  0.0000E+00  0.0000E+00  0.0000E+00  0.0000E+00  0.0000E+00  0.0000E+00  0.0000E+00  0.0000E+00  0.0000E+00  0.0000E+00  0.0000E+00  0.0000E+00  0.0000E+00  0.0000E+00  0.0000E+00
  0.3643E-01  0.0000E+00  0.4724E-02  0.4619E-02  0.1470E-02  0.0000E+00  0.0000E+00  0.0000E+00  0.1449E-01  0.1543E-01  0.0000E+00  0.0000E+00  0.0000E+00  0.0000E+00  0.1995E-02  0.3674E-02  0.0000E+00  0.0000E+00  0.2100E-03  0.1365E-02  0.0000E+00  0.0000E+00  0.0000E+00  0.0000E+00  0.0000E+00  0.0000E+00  0.0000E+00  0.0000E+00  0.0000E+00  0.0000E+00  0.0000E+00  0.0000E+00
  0.3832E-01  0.0000E+00  0.0000E+00  0.0000E+00  0.2100E-03  0.0000E+00  0.0000E+00  0.0000E+00  0.0000E+00  0.0000E+00  0.0000E+00  0.0000E+00  0.0000E+00  0.0000E+00  0.0000E+00  0.0000E+00  0.0000E+00  0.0000E+00  0.0000E+00  0.0000E+00  0.0000E+00  0.0000E+00  0.0000E+00  0.0000E+00  0.0000E+00  0.0000E+00  0.0000E+00  0.0000E+00  0.0000E+00  0.0000E+00  0.0000E+00  0.0000E+00
  0.3643E-01  0.0000E+00  0.4094E-02  0.4094E-02  0.5249E-03  0.0000E+00  0.0000E+00  0.0000E+00  0.1554E-01  0.1585E-01  0.0000E+00  0.0000E+00  0.0000E+00  0.0000E+00  0.3254E-02  0.3779E-02  0.0000E+00  0.0000E+00  0.2100E-03  0.8398E-03  0.0000E+00  0.0000E+00  0.0000E+00  0.0000E+00  0.0000E+00  0.0000E+00  0.0000E+00  0.0000E+00  0.0000E+00  0.0000E+00  0.0000E+00  0.0000E+00
  0.4126E-01  0.0000E+00  0.0000E+00  0.0000E+00  0.9448E-03  0.0000E+00  0.0000E+00  0.0000E+00  0.0000E+00  0.0000E+00  0.0000E+00  0.0000E+00  0.0000E+00  0.0000E+00  0.0000E+00  0.0000E+00  0.0000E+00  0.0000E+00  0.0000E+00  0.0000E+00  0.0000E+00  0.0000E+00  0.0000E+00  0.0000E+00  0.0000E+00  0.0000E+00  0.0000E+00  0.0000E+00  0.0000E+00  0.0000E+00  0.0000E+00  0.0000E+00
 Events:
         330           0          35          41           6           0         686           0         148         151           0           0          99          94          28          37          21           0           5           6         340         317           0           0          39          38          20          24           0           0          11           7
         341           0           0           0           5           0         707           0           0           0           0           0           0           0           0           0          20           0           0           0           0           0           0           0           0           0           0           0           0           0           0           0
         325           0          42          38           1           0         692           0         168         170           0           0          97          83          37          40          16           0           6           7         324         296           0           0          43          58          17          20           0           0          13          10
         364           0           0           0           6           0         704           0           0           0           0           0           0           0           0           0          14           0           0           0           0           0           0           0           0           0           0           0           0           0           0           0
         347           0          45          44          14           0           0           0         138         147           0           0           0           0          19          35           0           0           2          13           0           0           0           0           0           0           0           0           0           0           0           0
         365           0           0           0           2           0           0           0           0           0           0           0           0           0           0           0           0           0           0           0           0           0           0           0           0           0           0           0           0           0           0           0
         347           0          39          39           5           0           0           0         148         151           0           0           0           0          31          36           0           0           2           8           0           0           0           0           0           0           0           0           0           0           0           0
         393           0           0           0           9           0           0           0           0           0           0           0           0           0           0           0           0           0           0           0           0           0           0           0           0           0           0           0           0           0           0           0
 Accuracy:    0.208   0.010   0.108   3.712
 Found          687  events.
 Wrote           10  events.
 Actual xsec    4.8758735972427460E-009
 Correct abs xsec    2.5883138884633409E-007
 Event xsec    2.5883138884633404E-007
 Events wgts > 1:            2
 % Cross section > 1:    5.8492292684773019E-010  0.22598608671647391     
 Iteration  5   Mean: 0.1090E-06 Abs mean: 0.2411E-06   Fluctuation:  0.183E-07   0.297E-03    74.4%
  5    0.1090E-06 0.2411E-06 +- 0.1835E-07     13.61
 Relative summed weights:
  0.3230E-01  0.0000E+00  0.8866E-03  0.1065E-01  0.2924E-03  0.0000E+00  0.4796E-01  0.0000E+00  0.1056E-01  0.5882E-01  0.0000E+00  0.0000E+00  0.3199E-02  0.3860E-02  0.1303E-02  0.4947E-03  0.1506E-02  0.0000E+00  0.2836E-03  0.3723E-03  0.2332E-01  0.2277E-01  0.0000E+00  0.0000E+00  0.1737E-02  0.2255E-02  0.4534E-03  0.4712E-03  0.0000E+00  0.0000E+00  0.7341E-03  0.3411E-02
  0.6338E-01  0.0000E+00  0.0000E+00  0.0000E+00  0.1429E-03  0.0000E+00  0.1685E+00  0.0000E+00  0.0000E+00  0.0000E+00  0.0000E+00  0.0000E+00  0.0000E+00  0.0000E+00  0.0000E+00  0.0000E+00  0.1496E-02  0.0000E+00  0.0000E+00  0.0000E+00  0.0000E+00  0.0000E+00  0.0000E+00  0.0000E+00  0.0000E+00  0.0000E+00  0.0000E+00  0.0000E+00  0.0000E+00  0.0000E+00  0.0000E+00  0.0000E+00
  0.3191E-01  0.0000E+00  0.1550E-02  0.2292E-02  0.4768E-03  0.0000E+00  0.6688E-01  0.0000E+00  0.1866E-01  0.1343E-01  0.0000E+00  0.0000E+00  0.3208E-02  0.1904E-02  0.6445E-03  0.2718E-03  0.2041E-03  0.0000E+00  0.4725E-03  0.1481E-02  0.3461E-01  0.2345E-01  0.0000E+00  0.0000E+00  0.1014E-02  0.8954E-03  0.1710E-03  0.1399E-02  0.0000E+00  0.0000E+00  0.4006E-03  0.6599E-03
  0.4171E-01  0.0000E+00  0.0000E+00  0.0000E+00  0.1143E-03  0.0000E+00  0.7452E-01  0.0000E+00  0.0000E+00  0.0000E+00  0.0000E+00  0.0000E+00  0.0000E+00  0.0000E+00  0.0000E+00  0.0000E+00  0.7713E-03  0.0000E+00  0.0000E+00  0.0000E+00  0.0000E+00  0.0000E+00  0.0000E+00  0.0000E+00  0.0000E+00  0.0000E+00  0.0000E+00  0.0000E+00  0.0000E+00  0.0000E+00  0.0000E+00  0.0000E+00
  0.2671E-01  0.0000E+00  0.1180E-02  0.2822E-02  0.4429E-03  0.0000E+00  0.0000E+00  0.0000E+00  0.1368E-01  0.1402E-01  0.0000E+00  0.0000E+00  0.0000E+00  0.0000E+00  0.1855E-03  0.1284E-02  0.0000E+00  0.0000E+00  0.2165E-03  0.8103E-04  0.0000E+00  0.0000E+00  0.0000E+00  0.0000E+00  0.0000E+00  0.0000E+00  0.0000E+00  0.0000E+00  0.0000E+00  0.0000E+00  0.0000E+00  0.0000E+00
  0.2506E-01  0.0000E+00  0.0000E+00  0.0000E+00  0.3937E-03  0.0000E+00  0.0000E+00  0.0000E+00  0.0000E+00  0.0000E+00  0.0000E+00  0.0000E+00  0.0000E+00  0.0000E+00  0.0000E+00  0.0000E+00  0.0000E+00  0.0000E+00  0.0000E+00  0.0000E+00  0.0000E+00  0.0000E+00  0.0000E+00  0.0000E+00  0.0000E+00  0.0000E+00  0.0000E+00  0.0000E+00  0.0000E+00  0.0000E+00  0.0000E+00  0.0000E+00
  0.3017E-01  0.0000E+00  0.1071E-02  0.8856E-02  0.3652E-03  0.0000E+00  0.0000E+00  0.0000E+00  0.1782E-01  0.1174E-01  0.0000E+00  0.0000E+00  0.0000E+00  0.0000E+00  0.6229E-02  0.7947E-03  0.0000E+00  0.0000E+00  0.2138E-02  0.2915E-02  0.0000E+00  0.0000E+00  0.0000E+00  0.0000E+00  0.0000E+00  0.0000E+00  0.0000E+00  0.0000E+00  0.0000E+00  0.0000E+00  0.0000E+00  0.0000E+00
  0.4690E-01  0.0000E+00  0.0000E+00  0.0000E+00  0.6953E-03  0.0000E+00  0.0000E+00  0.0000E+00  0.0000E+00  0.0000E+00  0.0000E+00  0.0000E+00  0.0000E+00  0.0000E+00  0.0000E+00  0.0000E+00  0.0000E+00  0.0000E+00  0.0000E+00  0.0000E+00  0.0000E+00  0.0000E+00  0.0000E+00  0.0000E+00  0.0000E+00  0.0000E+00  0.0000E+00  0.0000E+00  0.0000E+00  0.0000E+00  0.0000E+00  0.0000E+00
 Relative number of events:
  0.3510E-01  0.0000E+00  0.4702E-02  0.5076E-02  0.5877E-03  0.0000E+00  0.7336E-01  0.0000E+00  0.1678E-01  0.1448E-01  0.0000E+00  0.0000E+00  0.9564E-02  0.1122E-01  0.3847E-02  0.3313E-02  0.1389E-02  0.0000E+00  0.6412E-03  0.4274E-03  0.3526E-01  0.3200E-01  0.0000E+00  0.0000E+00  0.5236E-02  0.4542E-02  0.1710E-02  0.1923E-02  0.0000E+00  0.0000E+00  0.1336E-02  0.1817E-02
  0.3623E-01  0.0000E+00  0.0000E+00  0.0000E+00  0.5877E-03  0.0000E+00  0.7096E-01  0.0000E+00  0.0000E+00  0.0000E+00  0.0000E+00  0.0000E+00  0.0000E+00  0.0000E+00  0.0000E+00  0.0000E+00  0.1336E-02  0.0000E+00  0.0000E+00  0.0000E+00  0.0000E+00  0.0000E+00  0.0000E+00  0.0000E+00  0.0000E+00  0.0000E+00  0.0000E+00  0.0000E+00  0.0000E+00  0.0000E+00  0.0000E+00  0.0000E+00
  0.3655E-01  0.0000E+00  0.4809E-02  0.4595E-02  0.6946E-03  0.0000E+00  0.7486E-01  0.0000E+00  0.1555E-01  0.1539E-01  0.0000E+00  0.0000E+00  0.8015E-02  0.9511E-02  0.3420E-02  0.2832E-02  0.1923E-02  0.0000E+00  0.5343E-03  0.4274E-03  0.3462E-01  0.3131E-01  0.0000E+00  0.0000E+00  0.4862E-02  0.5076E-02  0.1817E-02  0.1977E-02  0.0000E+00  0.0000E+00  0.9083E-03  0.1389E-02
  0.3906E-01  0.0000E+00  0.0000E+00  0.0000E+00  0.5877E-03  0.0000E+00  0.7176E-01  0.0000E+00  0.0000E+00  0.0000E+00  0.0000E+00  0.0000E+00  0.0000E+00  0.0000E+00  0.0000E+00  0.0000E+00  0.1443E-02  0.0000E+00  0.0000E+00  0.0000E+00  0.0000E+00  0.0000E+00  0.0000E+00  0.0000E+00  0.0000E+00  0.0000E+00  0.0000E+00  0.0000E+00  0.0000E+00  0.0000E+00  0.0000E+00  0.0000E+00
  0.3655E-01  0.0000E+00  0.4809E-02  0.5022E-02  0.1229E-02  0.0000E+00  0.0000E+00  0.0000E+00  0.1742E-01  0.1662E-01  0.0000E+00  0.0000E+00  0.0000E+00  0.0000E+00  0.2565E-02  0.3473E-02  0.0000E+00  0.0000E+00  0.6412E-03  0.5877E-03  0.0000E+00  0.0000E+00  0.0000E+00  0.0000E+00  0.0000E+00  0.0000E+00  0.0000E+00  0.0000E+00  0.0000E+00  0.0000E+00  0.0000E+00  0.0000E+00
  0.3863E-01  0.0000E+00  0.0000E+00  0.0000E+00  0.1069E-02  0.0000E+00  0.0000E+00  0.0000E+00  0.0000E+00  0.0000E+00  0.0000E+00  0.0000E+00  0.0000E+00  0.0000E+00  0.0000E+00  0.0000E+00  0.0000E+00  0.0000E+00  0.0000E+00  0.0000E+00  0.0000E+00  0.0000E+00  0.0000E+00  0.0000E+00  0.0000E+00  0.0000E+00  0.0000E+00  0.0000E+00  0.0000E+00  0.0000E+00  0.0000E+00  0.0000E+00
  0.3591E-01  0.0000E+00  0.5503E-02  0.5236E-02  0.5343E-03  0.0000E+00  0.0000E+00  0.0000E+00  0.1704E-01  0.1763E-01  0.0000E+00  0.0000E+00  0.0000E+00  0.0000E+00  0.2885E-02  0.2458E-02  0.0000E+00  0.0000E+00  0.6412E-03  0.5877E-03  0.0000E+00  0.0000E+00  0.0000E+00  0.0000E+00  0.0000E+00  0.0000E+00  0.0000E+00  0.0000E+00  0.0000E+00  0.0000E+00  0.0000E+00  0.0000E+00
  0.3478E-01  0.0000E+00  0.0000E+00  0.0000E+00  0.8549E-03  0.0000E+00  0.0000E+00  0.0000E+00  0.0000E+00  0.0000E+00  0.0000E+00  0.0000E+00  0.0000E+00  0.0000E+00  0.0000E+00  0.0000E+00  0.0000E+00  0.0000E+00  0.0000E+00  0.0000E+00  0.0000E+00  0.0000E+00  0.0000E+00  0.0000E+00  0.0000E+00  0.0000E+00  0.0000E+00  0.0000E+00  0.0000E+00  0.0000E+00  0.0000E+00  0.0000E+00
 Events:
         657           0          88          95          11           0        1373           0         314         271           0           0         179         210          72          62          26           0          12           8         660         599           0           0          98          85          32          36           0           0          25          34
         678           0           0           0          11           0        1328           0           0           0           0           0           0           0           0           0          25           0           0           0           0           0           0           0           0           0           0           0           0           0           0           0
         684           0          90          86          13           0        1401           0         291         288           0           0         150         178          64          53          36           0          10           8         648         586           0           0          91          95          34          37           0           0          17          26
         731           0           0           0          11           0        1343           0           0           0           0           0           0           0           0           0          27           0           0           0           0           0           0           0           0           0           0           0           0           0           0           0
         684           0          90          94          23           0           0           0         326         311           0           0           0           0          48          65           0           0          12          11           0           0           0           0           0           0           0           0           0           0           0           0
         723           0           0           0          20           0           0           0           0           0           0           0           0           0           0           0           0           0           0           0           0           0           0           0           0           0           0           0           0           0           0           0
         672           0         103          98          10           0           0           0         319         330           0           0           0           0          54          46           0           0          12          11           0           0           0           0           0           0           0           0           0           0           0           0
         651           0           0           0          16           0           0           0           0           0           0           0           0           0           0           0           0           0           0           0           0           0           0           0           0           0           0           0           0           0           0           0
 Accuracy:    0.100   0.010   0.062   2.563
 Found         1772  events.
 Wrote           27  events.
 Actual xsec    7.9428068795345207E-008
 Correct abs xsec    2.4359812099344158E-007
 Event xsec    2.4359812099344169E-007
 Events wgts > 1:            1
 % Cross section > 1:    1.8769176177166084E-009  0.77049757611518688     
 Iteration  6   Mean: 0.8240E-07 Abs mean: 0.2435E-06   Fluctuation:  0.824E-08   0.196E-03    78.3%
  6    0.8240E-07 0.2435E-06 +- 0.8244E-08      8.56
 Relative summed weights:
  0.3567E-01  0.0000E+00  0.1871E-02  0.5983E-02  0.1846E-02  0.0000E+00  0.7081E-01  0.0000E+00  0.9649E-02  0.8277E-02  0.0000E+00  0.0000E+00  0.6647E-02  0.6821E-02  0.1020E-02  0.2930E-02  0.7984E-03  0.0000E+00  0.6561E-03  0.5186E-03  0.3682E-01  0.3191E-01  0.0000E+00  0.0000E+00  0.2689E-02  0.1593E-02  0.2024E-02  0.5775E-03  0.0000E+00  0.0000E+00  0.5891E-02  0.7247E-03
  0.4344E-01  0.0000E+00  0.0000E+00  0.0000E+00  0.4568E-02  0.0000E+00  0.6841E-01  0.0000E+00  0.0000E+00  0.0000E+00  0.0000E+00  0.0000E+00  0.0000E+00  0.0000E+00  0.0000E+00  0.0000E+00  0.1638E-02  0.0000E+00  0.0000E+00  0.0000E+00  0.0000E+00  0.0000E+00  0.0000E+00  0.0000E+00  0.0000E+00  0.0000E+00  0.0000E+00  0.0000E+00  0.0000E+00  0.0000E+00  0.0000E+00  0.0000E+00
  0.3591E-01  0.0000E+00  0.5954E-02  0.2436E-02  0.2834E-02  0.0000E+00  0.8487E-01  0.0000E+00  0.1285E-01  0.1556E-01  0.0000E+00  0.0000E+00  0.9013E-02  0.8152E-02  0.2060E-02  0.1527E-02  0.3012E-02  0.0000E+00  0.2143E-02  0.8695E-03  0.3285E-01  0.2679E-01  0.0000E+00  0.0000E+00  0.4042E-02  0.1808E-02  0.5865E-03  0.1249E-02  0.0000E+00  0.0000E+00  0.9527E-02  0.2675E-02
  0.3379E-01  0.0000E+00  0.0000E+00  0.0000E+00  0.1795E-02  0.0000E+00  0.7197E-01  0.0000E+00  0.0000E+00  0.0000E+00  0.0000E+00  0.0000E+00  0.0000E+00  0.0000E+00  0.0000E+00  0.0000E+00  0.1238E-02  0.0000E+00  0.0000E+00  0.0000E+00  0.0000E+00  0.0000E+00  0.0000E+00  0.0000E+00  0.0000E+00  0.0000E+00  0.0000E+00  0.0000E+00  0.0000E+00  0.0000E+00  0.0000E+00  0.0000E+00
  0.2795E-01  0.0000E+00  0.3839E-02  0.6044E-02  0.1129E-01  0.0000E+00  0.0000E+00  0.0000E+00  0.1267E-01  0.1623E-01  0.0000E+00  0.0000E+00  0.0000E+00  0.0000E+00  0.1761E-02  0.1175E-02  0.0000E+00  0.0000E+00  0.1295E-02  0.3172E-03  0.0000E+00  0.0000E+00  0.0000E+00  0.0000E+00  0.0000E+00  0.0000E+00  0.0000E+00  0.0000E+00  0.0000E+00  0.0000E+00  0.0000E+00  0.0000E+00
  0.3170E-01  0.0000E+00  0.0000E+00  0.0000E+00  0.3300E-02  0.0000E+00  0.0000E+00  0.0000E+00  0.0000E+00  0.0000E+00  0.0000E+00  0.0000E+00  0.0000E+00  0.0000E+00  0.0000E+00  0.0000E+00  0.0000E+00  0.0000E+00  0.0000E+00  0.0000E+00  0.0000E+00  0.0000E+00  0.0000E+00  0.0000E+00  0.0000E+00  0.0000E+00  0.0000E+00  0.0000E+00  0.0000E+00  0.0000E+00  0.0000E+00  0.0000E+00
  0.5051E-01  0.0000E+00  0.4548E-02  0.1660E-02  0.1770E-02  0.0000E+00  0.0000E+00  0.0000E+00  0.2006E-01  0.3248E-01  0.0000E+00  0.0000E+00  0.0000E+00  0.0000E+00  0.4294E-02  0.2625E-02  0.0000E+00  0.0000E+00  0.1985E-02  0.8283E-03  0.0000E+00  0.0000E+00  0.0000E+00  0.0000E+00  0.0000E+00  0.0000E+00  0.0000E+00  0.0000E+00  0.0000E+00  0.0000E+00  0.0000E+00  0.0000E+00
  0.3161E-01  0.0000E+00  0.0000E+00  0.0000E+00  0.7724E-03  0.0000E+00  0.0000E+00  0.0000E+00  0.0000E+00  0.0000E+00  0.0000E+00  0.0000E+00  0.0000E+00  0.0000E+00  0.0000E+00  0.0000E+00  0.0000E+00  0.0000E+00  0.0000E+00  0.0000E+00  0.0000E+00  0.0000E+00  0.0000E+00  0.0000E+00  0.0000E+00  0.0000E+00  0.0000E+00  0.0000E+00  0.0000E+00  0.0000E+00  0.0000E+00  0.0000E+00
 Relative number of events:
  0.3748E-01  0.0000E+00  0.5065E-02  0.4827E-02  0.7650E-03  0.0000E+00  0.7497E-01  0.0000E+00  0.1635E-01  0.1530E-01  0.0000E+00  0.0000E+00  0.9074E-02  0.9918E-02  0.2823E-02  0.3245E-02  0.1055E-02  0.0000E+00  0.4748E-03  0.6067E-03  0.3321E-01  0.3118E-01  0.0000E+00  0.0000E+00  0.4537E-02  0.4089E-02  0.1978E-02  0.1820E-02  0.0000E+00  0.0000E+00  0.1055E-02  0.1398E-02
  0.3675E-01  0.0000E+00  0.0000E+00  0.0000E+00  0.1108E-02  0.0000E+00  0.7444E-01  0.0000E+00  0.0000E+00  0.0000E+00  0.0000E+00  0.0000E+00  0.0000E+00  0.0000E+00  0.0000E+00  0.0000E+00  0.1293E-02  0.0000E+00  0.0000E+00  0.0000E+00  0.0000E+00  0.0000E+00  0.0000E+00  0.0000E+00  0.0000E+00  0.0000E+00  0.0000E+00  0.0000E+00  0.0000E+00  0.0000E+00  0.0000E+00  0.0000E+00
  0.3719E-01  0.0000E+00  0.4695E-02  0.5197E-02  0.6595E-03  0.0000E+00  0.7605E-01  0.0000E+00  0.1733E-01  0.1720E-01  0.0000E+00  0.0000E+00  0.9892E-02  0.9813E-02  0.3245E-02  0.3192E-02  0.1372E-02  0.0000E+00  0.5540E-03  0.6067E-03  0.3295E-01  0.3142E-01  0.0000E+00  0.0000E+00  0.4854E-02  0.4141E-02  0.1715E-02  0.1873E-02  0.0000E+00  0.0000E+00  0.7914E-03  0.1134E-02
  0.3772E-01  0.0000E+00  0.0000E+00  0.0000E+00  0.6859E-03  0.0000E+00  0.7473E-01  0.0000E+00  0.0000E+00  0.0000E+00  0.0000E+00  0.0000E+00  0.0000E+00  0.0000E+00  0.0000E+00  0.0000E+00  0.1345E-02  0.0000E+00  0.0000E+00  0.0000E+00  0.0000E+00  0.0000E+00  0.0000E+00  0.0000E+00  0.0000E+00  0.0000E+00  0.0000E+00  0.0000E+00  0.0000E+00  0.0000E+00  0.0000E+00  0.0000E+00
  0.3643E-01  0.0000E+00  0.4906E-02  0.4722E-02  0.7386E-03  0.0000E+00  0.0000E+00  0.0000E+00  0.1506E-01  0.1543E-01  0.0000E+00  0.0000E+00  0.0000E+00  0.0000E+00  0.2981E-02  0.2823E-02  0.0000E+00  0.0000E+00  0.6595E-03  0.6595E-03  0.0000E+00  0.0000E+00  0.0000E+00  0.0000E+00  0.0000E+00  0.0000E+00  0.0000E+00  0.0000E+00  0.0000E+00  0.0000E+00  0.0000E+00  0.0000E+00
  0.3656E-01  0.0000E+00  0.0000E+00  0.0000E+00  0.1002E-02  0.0000E+00  0.0000E+00  0.0000E+00  0.0000E+00  0.0000E+00  0.0000E+00  0.0000E+00  0.0000E+00  0.0000E+00  0.0000E+00  0.0000E+00  0.0000E+00  0.0000E+00  0.0000E+00  0.0000E+00  0.0000E+00  0.0000E+00  0.0000E+00  0.0000E+00  0.0000E+00  0.0000E+00  0.0000E+00  0.0000E+00  0.0000E+00  0.0000E+00  0.0000E+00  0.0000E+00
  0.3693E-01  0.0000E+00  0.4168E-02  0.3957E-02  0.8969E-03  0.0000E+00  0.0000E+00  0.0000E+00  0.1688E-01  0.1554E-01  0.0000E+00  0.0000E+00  0.0000E+00  0.0000E+00  0.3693E-02  0.3060E-02  0.0000E+00  0.0000E+00  0.5012E-03  0.6067E-03  0.0000E+00  0.0000E+00  0.0000E+00  0.0000E+00  0.0000E+00  0.0000E+00  0.0000E+00  0.0000E+00  0.0000E+00  0.0000E+00  0.0000E+00  0.0000E+00
  0.3593E-01  0.0000E+00  0.0000E+00  0.0000E+00  0.6859E-03  0.0000E+00  0.0000E+00  0.0000E+00  0.0000E+00  0.0000E+00  0.0000E+00  0.0000E+00  0.0000E+00  0.0000E+00  0.0000E+00  0.0000E+00  0.0000E+00  0.0000E+00  0.0000E+00  0.0000E+00  0.0000E+00  0.0000E+00  0.0000E+00  0.0000E+00  0.0000E+00  0.0000E+00  0.0000E+00  0.0000E+00  0.0000E+00  0.0000E+00  0.0000E+00  0.0000E+00
 Events:
        1421           0         192         183          29           0        2842           0         620         580           0           0         344         376         107         123          40           0          18          23        1259        1182           0           0         172         155          75          69           0           0          40          53
        1393           0           0           0          42           0        2822           0           0           0           0           0           0           0           0           0          49           0           0           0           0           0           0           0           0           0           0           0           0           0           0           0
        1410           0         178         197          25           0        2883           0         657         652           0           0         375         372         123         121          52           0          21          23        1249        1191           0           0         184         157          65          71           0           0          30          43
        1430           0           0           0          26           0        2833           0           0           0           0           0           0           0           0           0          51           0           0           0           0           0           0           0           0           0           0           0           0           0           0           0
        1381           0         186         179          28           0           0           0         571         585           0           0           0           0         113         107           0           0          25          25           0           0           0           0           0           0           0           0           0           0           0           0
        1386           0           0           0          38           0           0           0           0           0           0           0           0           0           0           0           0           0           0           0           0           0           0           0           0           0           0           0           0           0           0           0
        1400           0         158         150          34           0           0           0         640         589           0           0           0           0         140         116           0           0          19          23           0           0           0           0           0           0           0           0           0           0           0           0
        1362           0           0           0          26           0           0           0           0           0           0           0           0           0           0           0           0           0           0           0           0           0           0           0           0           0           0           0           0           0           0           0
 Accuracy:    0.042   0.010   0.030   1.992
 Found         4253  events.
 Wrote          129  events.
 Actual xsec    8.2865221627528133E-008
 Correct abs xsec    2.4339950200136681E-007
 Event xsec    2.4339950200136676E-007
 Events wgts > 1:            3
 % Cross section > 1:    2.1765244462109148E-009  0.89421893977362898     
 Iteration  7   Mean: 0.8341E-07 Abs mean: 0.2565E-06   Fluctuation:  0.652E-08   0.430E-03    79.4%
  7    0.8341E-07 0.2565E-06 +- 0.6520E-08      9.10
 Exceeded boost           4          96   128000.000    
 Exceeded boost           5          95   128000.000    
 Relative summed weights:
  0.4604E-01  0.0000E+00  0.3739E-02  0.9920E-02  0.2001E-02  0.0000E+00  0.6303E-01  0.0000E+00  0.1412E-01  0.1409E-01  0.0000E+00  0.0000E+00  0.8426E-02  0.5230E-02  0.1067E-02  0.2830E-02  0.3101E-02  0.0000E+00  0.4911E-03  0.9897E-03  0.3119E-01  0.3430E-01  0.0000E+00  0.0000E+00  0.2461E-02  0.2063E-02  0.9430E-03  0.1471E-02  0.0000E+00  0.0000E+00  0.2409E-02  0.2333E-02
  0.4493E-01  0.0000E+00  0.0000E+00  0.0000E+00  0.1380E-02  0.0000E+00  0.6300E-01  0.0000E+00  0.0000E+00  0.0000E+00  0.0000E+00  0.0000E+00  0.0000E+00  0.0000E+00  0.0000E+00  0.0000E+00  0.4423E-02  0.0000E+00  0.0000E+00  0.0000E+00  0.0000E+00  0.0000E+00  0.0000E+00  0.0000E+00  0.0000E+00  0.0000E+00  0.0000E+00  0.0000E+00  0.0000E+00  0.0000E+00  0.0000E+00  0.0000E+00
  0.3477E-01  0.0000E+00  0.3679E-02  0.8457E-02  0.2651E-02  0.0000E+00  0.7784E-01  0.0000E+00  0.1498E-01  0.1310E-01  0.0000E+00  0.0000E+00  0.7941E-02  0.6792E-02  0.4776E-02  0.1637E-02  0.4207E-02  0.0000E+00  0.5306E-03  0.5743E-03  0.2823E-01  0.2548E-01  0.0000E+00  0.0000E+00  0.2234E-02  0.2625E-02  0.7605E-03  0.6327E-03  0.0000E+00  0.0000E+00  0.1788E-02  0.2190E-02
  0.5517E-01  0.0000E+00  0.0000E+00  0.0000E+00  0.3958E-02  0.0000E+00  0.8565E-01  0.0000E+00  0.0000E+00  0.0000E+00  0.0000E+00  0.0000E+00  0.0000E+00  0.0000E+00  0.0000E+00  0.0000E+00  0.2534E-02  0.0000E+00  0.0000E+00  0.0000E+00  0.0000E+00  0.0000E+00  0.0000E+00  0.0000E+00  0.0000E+00  0.0000E+00  0.0000E+00  0.0000E+00  0.0000E+00  0.0000E+00  0.0000E+00  0.0000E+00
  0.3077E-01  0.0000E+00  0.2922E-02  0.3799E-02  0.1598E-02  0.0000E+00  0.0000E+00  0.0000E+00  0.1896E-01  0.2357E-01  0.0000E+00  0.0000E+00  0.0000E+00  0.0000E+00  0.2153E-02  0.1647E-02  0.0000E+00  0.0000E+00  0.8170E-03  0.4235E-03  0.0000E+00  0.0000E+00  0.0000E+00  0.0000E+00  0.0000E+00  0.0000E+00  0.0000E+00  0.0000E+00  0.0000E+00  0.0000E+00  0.0000E+00  0.0000E+00
  0.2952E-01  0.0000E+00  0.0000E+00  0.0000E+00  0.6510E-03  0.0000E+00  0.0000E+00  0.0000E+00  0.0000E+00  0.0000E+00  0.0000E+00  0.0000E+00  0.0000E+00  0.0000E+00  0.0000E+00  0.0000E+00  0.0000E+00  0.0000E+00  0.0000E+00  0.0000E+00  0.0000E+00  0.0000E+00  0.0000E+00  0.0000E+00  0.0000E+00  0.0000E+00  0.0000E+00  0.0000E+00  0.0000E+00  0.0000E+00  0.0000E+00  0.0000E+00
  0.3015E-01  0.0000E+00  0.2491E-02  0.2931E-02  0.3153E-02  0.0000E+00  0.0000E+00  0.0000E+00  0.1471E-01  0.2579E-01  0.0000E+00  0.0000E+00  0.0000E+00  0.0000E+00  0.1175E-02  0.1238E-02  0.0000E+00  0.0000E+00  0.2259E-02  0.2498E-02  0.0000E+00  0.0000E+00  0.0000E+00  0.0000E+00  0.0000E+00  0.0000E+00  0.0000E+00  0.0000E+00  0.0000E+00  0.0000E+00  0.0000E+00  0.0000E+00
  0.3637E-01  0.0000E+00  0.0000E+00  0.0000E+00  0.1218E-02  0.0000E+00  0.0000E+00  0.0000E+00  0.0000E+00  0.0000E+00  0.0000E+00  0.0000E+00  0.0000E+00  0.0000E+00  0.0000E+00  0.0000E+00  0.0000E+00  0.0000E+00  0.0000E+00  0.0000E+00  0.0000E+00  0.0000E+00  0.0000E+00  0.0000E+00  0.0000E+00  0.0000E+00  0.0000E+00  0.0000E+00  0.0000E+00  0.0000E+00  0.0000E+00  0.0000E+00
 Relative number of events:
  0.3721E-01  0.0000E+00  0.5146E-02  0.4291E-02  0.6844E-03  0.0000E+00  0.7521E-01  0.0000E+00  0.1656E-01  0.1598E-01  0.0000E+00  0.0000E+00  0.9411E-02  0.1000E-01  0.2672E-02  0.3304E-02  0.1329E-02  0.0000E+00  0.4475E-03  0.4870E-03  0.3205E-01  0.3223E-01  0.0000E+00  0.0000E+00  0.4488E-02  0.4488E-02  0.1685E-02  0.1632E-02  0.0000E+00  0.0000E+00  0.1092E-02  0.9082E-03
  0.3791E-01  0.0000E+00  0.0000E+00  0.0000E+00  0.7108E-03  0.0000E+00  0.7659E-01  0.0000E+00  0.0000E+00  0.0000E+00  0.0000E+00  0.0000E+00  0.0000E+00  0.0000E+00  0.0000E+00  0.0000E+00  0.1264E-02  0.0000E+00  0.0000E+00  0.0000E+00  0.0000E+00  0.0000E+00  0.0000E+00  0.0000E+00  0.0000E+00  0.0000E+00  0.0000E+00  0.0000E+00  0.0000E+00  0.0000E+00  0.0000E+00  0.0000E+00
  0.3584E-01  0.0000E+00  0.4752E-02  0.4804E-02  0.5923E-03  0.0000E+00  0.7632E-01  0.0000E+00  0.1602E-01  0.1604E-01  0.0000E+00  0.0000E+00  0.8819E-02  0.9135E-02  0.2830E-02  0.3067E-02  0.1461E-02  0.0000E+00  0.4080E-03  0.5133E-03  0.3222E-01  0.3054E-01  0.0000E+00  0.0000E+00  0.4462E-02  0.4212E-02  0.1737E-02  0.1764E-02  0.0000E+00  0.0000E+00  0.1014E-02  0.1040E-02
  0.3660E-01  0.0000E+00  0.0000E+00  0.0000E+00  0.7371E-03  0.0000E+00  0.7533E-01  0.0000E+00  0.0000E+00  0.0000E+00  0.0000E+00  0.0000E+00  0.0000E+00  0.0000E+00  0.0000E+00  0.0000E+00  0.1211E-02  0.0000E+00  0.0000E+00  0.0000E+00  0.0000E+00  0.0000E+00  0.0000E+00  0.0000E+00  0.0000E+00  0.0000E+00  0.0000E+00  0.0000E+00  0.0000E+00  0.0000E+00  0.0000E+00  0.0000E+00
  0.3734E-01  0.0000E+00  0.4975E-02  0.4804E-02  0.6976E-03  0.0000E+00  0.0000E+00  0.0000E+00  0.1619E-01  0.1558E-01  0.0000E+00  0.0000E+00  0.0000E+00  0.0000E+00  0.2883E-02  0.3383E-02  0.0000E+00  0.0000E+00  0.4080E-03  0.5923E-03  0.0000E+00  0.0000E+00  0.0000E+00  0.0000E+00  0.0000E+00  0.0000E+00  0.0000E+00  0.0000E+00  0.0000E+00  0.0000E+00  0.0000E+00  0.0000E+00
  0.3750E-01  0.0000E+00  0.0000E+00  0.0000E+00  0.5923E-03  0.0000E+00  0.0000E+00  0.0000E+00  0.0000E+00  0.0000E+00  0.0000E+00  0.0000E+00  0.0000E+00  0.0000E+00  0.0000E+00  0.0000E+00  0.0000E+00  0.0000E+00  0.0000E+00  0.0000E+00  0.0000E+00  0.0000E+00  0.0000E+00  0.0000E+00  0.0000E+00  0.0000E+00  0.0000E+00  0.0000E+00  0.0000E+00  0.0000E+00  0.0000E+00  0.0000E+00
  0.3796E-01  0.0000E+00  0.4475E-02  0.4778E-02  0.7239E-03  0.0000E+00  0.0000E+00  0.0000E+00  0.1661E-01  0.1644E-01  0.0000E+00  0.0000E+00  0.0000E+00  0.0000E+00  0.2751E-02  0.2409E-02  0.0000E+00  0.0000E+00  0.6055E-03  0.4738E-03  0.0000E+00  0.0000E+00  0.0000E+00  0.0000E+00  0.0000E+00  0.0000E+00  0.0000E+00  0.0000E+00  0.0000E+00  0.0000E+00  0.0000E+00  0.0000E+00
  0.3791E-01  0.0000E+00  0.0000E+00  0.0000E+00  0.6581E-03  0.0000E+00  0.0000E+00  0.0000E+00  0.0000E+00  0.0000E+00  0.0000E+00  0.0000E+00  0.0000E+00  0.0000E+00  0.0000E+00  0.0000E+00  0.0000E+00  0.0000E+00  0.0000E+00  0.0000E+00  0.0000E+00  0.0000E+00  0.0000E+00  0.0000E+00  0.0000E+00  0.0000E+00  0.0000E+00  0.0000E+00  0.0000E+00  0.0000E+00  0.0000E+00  0.0000E+00
 Events:
        2827           0         391         326          52           0        5714           0        1258        1214           0           0         715         760         203         251         101           0          34          37        2435        2449           0           0         341         341         128         124           0           0          83          69
        2880           0           0           0          54           0        5819           0           0           0           0           0           0           0           0           0          96           0           0           0           0           0           0           0           0           0           0           0           0           0           0           0
        2723           0         361         365          45           0        5798           0        1217        1219           0           0         670         694         215         233         111           0          31          39        2448        2320           0           0         339         320         132         134           0           0          77          79
        2781           0           0           0          56           0        5723           0           0           0           0           0           0           0           0           0          92           0           0           0           0           0           0           0           0           0           0           0           0           0           0           0
        2837           0         378         365          53           0           0           0        1230        1184           0           0           0           0         219         257           0           0          31          45           0           0           0           0           0           0           0           0           0           0           0           0
        2849           0           0           0          45           0           0           0           0           0           0           0           0           0           0           0           0           0           0           0           0           0           0           0           0           0           0           0           0           0           0           0
        2884           0         340         363          55           0           0           0        1262        1249           0           0           0           0         209         183           0           0          46          36           0           0           0           0           0           0           0           0           0           0           0           0
        2880           0           0           0          50           0           0           0           0           0           0           0           0           0           0           0           0           0           0           0           0           0           0           0           0           0           0           0           0           0           0           0
 Accuracy:    0.027   0.010   0.019   1.963
 Found         9551  events.
 Wrote           87  events.
 Actual xsec    8.4771904345754504E-008
 Correct abs xsec    2.5108409798304932E-007
 Event xsec    2.5108409798304890E-007
 Events wgts > 1:            1
 % Cross section > 1:    9.2467676621473057E-010  0.36827372726613578     
 Iteration  8   Mean: 0.8237E-07 Abs mean: 0.2539E-06   Fluctuation:  0.305E-08   0.195E-03    81.7%
  8    0.8237E-07 0.2539E-06 +- 0.3047E-08      6.07
 Exceeded boost           4          96   256000.000    
 Relative summed weights:
  0.3519E-01  0.0000E+00  0.2888E-02  0.2090E-02  0.5080E-02  0.0000E+00  0.7812E-01  0.0000E+00  0.1684E-01  0.1236E-01  0.0000E+00  0.0000E+00  0.7173E-02  0.8560E-02  0.2805E-02  0.2105E-02  0.5064E-02  0.0000E+00  0.1741E-02  0.1008E-02  0.2863E-01  0.3510E-01  0.0000E+00  0.0000E+00  0.4072E-02  0.2947E-02  0.1149E-02  0.1182E-02  0.0000E+00  0.0000E+00  0.2012E-02  0.2526E-02
  0.3962E-01  0.0000E+00  0.0000E+00  0.0000E+00  0.1084E-02  0.0000E+00  0.7410E-01  0.0000E+00  0.0000E+00  0.0000E+00  0.0000E+00  0.0000E+00  0.0000E+00  0.0000E+00  0.0000E+00  0.0000E+00  0.2803E-02  0.0000E+00  0.0000E+00  0.0000E+00  0.0000E+00  0.0000E+00  0.0000E+00  0.0000E+00  0.0000E+00  0.0000E+00  0.0000E+00  0.0000E+00  0.0000E+00  0.0000E+00  0.0000E+00  0.0000E+00
  0.3890E-01  0.0000E+00  0.3379E-02  0.3067E-02  0.6242E-03  0.0000E+00  0.7066E-01  0.0000E+00  0.1201E-01  0.1726E-01  0.0000E+00  0.0000E+00  0.5768E-02  0.6376E-02  0.9972E-03  0.1190E-02  0.6411E-02  0.0000E+00  0.9688E-03  0.2043E-02  0.3054E-01  0.3083E-01  0.0000E+00  0.0000E+00  0.2524E-02  0.3754E-02  0.6938E-03  0.1117E-02  0.0000E+00  0.0000E+00  0.2188E-02  0.3086E-02
  0.4759E-01  0.0000E+00  0.0000E+00  0.0000E+00  0.1560E-02  0.0000E+00  0.7880E-01  0.0000E+00  0.0000E+00  0.0000E+00  0.0000E+00  0.0000E+00  0.0000E+00  0.0000E+00  0.0000E+00  0.0000E+00  0.3841E-02  0.0000E+00  0.0000E+00  0.0000E+00  0.0000E+00  0.0000E+00  0.0000E+00  0.0000E+00  0.0000E+00  0.0000E+00  0.0000E+00  0.0000E+00  0.0000E+00  0.0000E+00  0.0000E+00  0.0000E+00
  0.3696E-01  0.0000E+00  0.3464E-02  0.2951E-02  0.2001E-02  0.0000E+00  0.0000E+00  0.0000E+00  0.1216E-01  0.1363E-01  0.0000E+00  0.0000E+00  0.0000E+00  0.0000E+00  0.2143E-02  0.1607E-02  0.0000E+00  0.0000E+00  0.1951E-02  0.2088E-02  0.0000E+00  0.0000E+00  0.0000E+00  0.0000E+00  0.0000E+00  0.0000E+00  0.0000E+00  0.0000E+00  0.0000E+00  0.0000E+00  0.0000E+00  0.0000E+00
  0.3920E-01  0.0000E+00  0.0000E+00  0.0000E+00  0.3242E-02  0.0000E+00  0.0000E+00  0.0000E+00  0.0000E+00  0.0000E+00  0.0000E+00  0.0000E+00  0.0000E+00  0.0000E+00  0.0000E+00  0.0000E+00  0.0000E+00  0.0000E+00  0.0000E+00  0.0000E+00  0.0000E+00  0.0000E+00  0.0000E+00  0.0000E+00  0.0000E+00  0.0000E+00  0.0000E+00  0.0000E+00  0.0000E+00  0.0000E+00  0.0000E+00  0.0000E+00
  0.3794E-01  0.0000E+00  0.3618E-02  0.5259E-02  0.1251E-02  0.0000E+00  0.0000E+00  0.0000E+00  0.1547E-01  0.1551E-01  0.0000E+00  0.0000E+00  0.0000E+00  0.0000E+00  0.1849E-02  0.2664E-02  0.0000E+00  0.0000E+00  0.1332E-02  0.2540E-02  0.0000E+00  0.0000E+00  0.0000E+00  0.0000E+00  0.0000E+00  0.0000E+00  0.0000E+00  0.0000E+00  0.0000E+00  0.0000E+00  0.0000E+00  0.0000E+00
  0.3620E-01  0.0000E+00  0.0000E+00  0.0000E+00  0.2525E-02  0.0000E+00  0.0000E+00  0.0000E+00  0.0000E+00  0.0000E+00  0.0000E+00  0.0000E+00  0.0000E+00  0.0000E+00  0.0000E+00  0.0000E+00  0.0000E+00  0.0000E+00  0.0000E+00  0.0000E+00  0.0000E+00  0.0000E+00  0.0000E+00  0.0000E+00  0.0000E+00  0.0000E+00  0.0000E+00  0.0000E+00  0.0000E+00  0.0000E+00  0.0000E+00  0.0000E+00
 Relative number of events:
  0.3831E-01  0.0000E+00  0.4711E-02  0.4658E-02  0.6701E-03  0.0000E+00  0.7743E-01  0.0000E+00  0.1569E-01  0.1531E-01  0.0000E+00  0.0000E+00  0.9540E-02  0.9500E-02  0.3147E-02  0.3029E-02  0.1294E-02  0.0000E+00  0.6373E-03  0.4402E-03  0.3149E-01  0.3082E-01  0.0000E+00  0.0000E+00  0.4408E-02  0.4402E-02  0.1820E-02  0.1708E-02  0.0000E+00  0.0000E+00  0.1005E-02  0.9592E-03
  0.3778E-01  0.0000E+00  0.0000E+00  0.0000E+00  0.7096E-03  0.0000E+00  0.7594E-01  0.0000E+00  0.0000E+00  0.0000E+00  0.0000E+00  0.0000E+00  0.0000E+00  0.0000E+00  0.0000E+00  0.0000E+00  0.1242E-02  0.0000E+00  0.0000E+00  0.0000E+00  0.0000E+00  0.0000E+00  0.0000E+00  0.0000E+00  0.0000E+00  0.0000E+00  0.0000E+00  0.0000E+00  0.0000E+00  0.0000E+00  0.0000E+00  0.0000E+00
  0.3794E-01  0.0000E+00  0.4553E-02  0.4520E-02  0.6964E-03  0.0000E+00  0.7554E-01  0.0000E+00  0.1571E-01  0.1545E-01  0.0000E+00  0.0000E+00  0.9415E-02  0.9126E-02  0.2851E-02  0.2608E-02  0.1432E-02  0.0000E+00  0.5256E-03  0.5125E-03  0.3097E-01  0.3109E-01  0.0000E+00  0.0000E+00  0.4441E-02  0.4474E-02  0.1741E-02  0.1728E-02  0.0000E+00  0.0000E+00  0.1091E-02  0.1045E-02
  0.3859E-01  0.0000E+00  0.0000E+00  0.0000E+00  0.6373E-03  0.0000E+00  0.7676E-01  0.0000E+00  0.0000E+00  0.0000E+00  0.0000E+00  0.0000E+00  0.0000E+00  0.0000E+00  0.0000E+00  0.0000E+00  0.1268E-02  0.0000E+00  0.0000E+00  0.0000E+00  0.0000E+00  0.0000E+00  0.0000E+00  0.0000E+00  0.0000E+00  0.0000E+00  0.0000E+00  0.0000E+00  0.0000E+00  0.0000E+00  0.0000E+00  0.0000E+00
  0.3727E-01  0.0000E+00  0.4408E-02  0.4566E-02  0.6899E-03  0.0000E+00  0.0000E+00  0.0000E+00  0.1522E-01  0.1529E-01  0.0000E+00  0.0000E+00  0.0000E+00  0.0000E+00  0.3278E-02  0.2917E-02  0.0000E+00  0.0000E+00  0.4336E-03  0.4533E-03  0.0000E+00  0.0000E+00  0.0000E+00  0.0000E+00  0.0000E+00  0.0000E+00  0.0000E+00  0.0000E+00  0.0000E+00  0.0000E+00  0.0000E+00  0.0000E+00
  0.3792E-01  0.0000E+00  0.0000E+00  0.0000E+00  0.8410E-03  0.0000E+00  0.0000E+00  0.0000E+00  0.0000E+00  0.0000E+00  0.0000E+00  0.0000E+00  0.0000E+00  0.0000E+00  0.0000E+00  0.0000E+00  0.0000E+00  0.0000E+00  0.0000E+00  0.0000E+00  0.0000E+00  0.0000E+00  0.0000E+00  0.0000E+00  0.0000E+00  0.0000E+00  0.0000E+00  0.0000E+00  0.0000E+00  0.0000E+00  0.0000E+00  0.0000E+00
  0.3843E-01  0.0000E+00  0.4560E-02  0.4809E-02  0.7621E-03  0.0000E+00  0.0000E+00  0.0000E+00  0.1571E-01  0.1558E-01  0.0000E+00  0.0000E+00  0.0000E+00  0.0000E+00  0.2773E-02  0.3121E-02  0.0000E+00  0.0000E+00  0.5125E-03  0.6964E-03  0.0000E+00  0.0000E+00  0.0000E+00  0.0000E+00  0.0000E+00  0.0000E+00  0.0000E+00  0.0000E+00  0.0000E+00  0.0000E+00  0.0000E+00  0.0000E+00
  0.3770E-01  0.0000E+00  0.0000E+00  0.0000E+00  0.6833E-03  0.0000E+00  0.0000E+00  0.0000E+00  0.0000E+00  0.0000E+00  0.0000E+00  0.0000E+00  0.0000E+00  0.0000E+00  0.0000E+00  0.0000E+00  0.0000E+00  0.0000E+00  0.0000E+00  0.0000E+00  0.0000E+00  0.0000E+00  0.0000E+00  0.0000E+00  0.0000E+00  0.0000E+00  0.0000E+00  0.0000E+00  0.0000E+00  0.0000E+00  0.0000E+00  0.0000E+00
 Events:
        5831           0         717         709         102           0       11785           0        2388        2330           0           0        1452        1446         479         461         197           0          97          67        4793        4691           0           0         671         670         277         260           0           0         153         146
        5751           0           0           0         108           0       11558           0           0           0           0           0           0           0           0           0         189           0           0           0           0           0           0           0           0           0           0           0           0           0           0           0
        5775           0         693         688         106           0       11498           0        2391        2352           0           0        1433        1389         434         397         218           0          80          78        4714        4732           0           0         676         681         265         263           0           0         166         159
        5874           0           0           0          97           0       11684           0           0           0           0           0           0           0           0           0         193           0           0           0           0           0           0           0           0           0           0           0           0           0           0           0
        5672           0         671         695         105           0           0           0        2317        2327           0           0           0           0         499         444           0           0          66          69           0           0           0           0           0           0           0           0           0           0           0           0
        5772           0           0           0         128           0           0           0           0           0           0           0           0           0           0           0           0           0           0           0           0           0           0           0           0           0           0           0           0           0           0           0
        5849           0         694         732         116           0           0           0        2391        2372           0           0           0           0         422         475           0           0          78         106           0           0           0           0           0           0           0           0           0           0           0           0
        5738           0           0           0         104           0           0           0           0           0           0           0           0           0           0           0           0           0           0           0           0           0           0           0           0           0           0           0           0           0           0           0
 Accuracy:    0.013   0.010   0.010   1.714
 Found        19627  events.
 Wrote         1038  events.
 Actual xsec    8.2541432524889909E-008
 Correct abs xsec    2.5339106133141054E-007
 Event xsec    2.5339106133141737E-007
 Events wgts > 1:           18
 % Cross section > 1:    2.3814373433818995E-009  0.93982689478819059     

 -------------------------------------------------------------------------------
 Accumulated results:   Integral =  0.2528E-06
                        Std dev  =  0.2577E-08
                       Cross sec =  0.8235E-07
             Chi**2 per DoF.     =      1.7138
 -------------------------------------------------------------------------------
Thanks for using LHAPDF 6.2.1. Please make sure to cite the paper:
  Eur.Phys.J. C75 (2015) 3, 132  (http://arxiv.org/abs/1412.7420)
-------------------------------------------------
---------------------------
 Results Last   3 iters: Integral =   0.8254E-07
                     Abs integral =   0.2534E-06
                          Std dev =   0.2618E-08
                  Chi**2 per DoF. =      0.8465
-------------------------------------------------
---------------------------
 Status   1.0000000000000000E-002           9           8

ls status:
events.lhe
ftn26
input_app.txt
results.dat
run1_app.log
