==== LHAPDF6 USING DEFAULT-TYPE LHAGLUE INTERFACE ====
LHAPDF 6.2.1 loading /cvmfs/cms.cern.ch/slc6_amd64_gcc630/external/lhapdf/6.2.1-ghjeda2/share/LHAPDF/NNPDF30_lo_as_0130_nf_4/NNPDF30_lo_as_0130_nf_4_0000.dat
NNPDF30_lo_as_0130_nf_4 PDF set, member #0, version 2; LHAPDF ID = 263400
 Process in group number            2
 A PDF is used, so alpha_s(MZ) is going to be modified
 Old value of alpha_s from param_card:   0.11810000000000001     
 New value of alpha_s from PDF lhapdf :  0.12470044313224841     
 using LHAPDF
 Define smin to   10000.000000000000     
 Define smin to   10000.000000000000     
 Define smin to   10000.000000000000     
 Define smin to   10000.000000000000     
 Define smin to   10000.000000000000     
 Define smin to   10000.000000000000     
 Define smin to   10000.000000000000     
 Define smin to   10000.000000000000     
 Define smin to   10000.000000000000     
 Define smin to   10000.000000000000     
 Define smin to   10000.000000000000     
 Define smin to   10000.000000000000     
 Define smin to   10000.000000000000     
 Define smin to   10000.000000000000     
 Define smin to   10000.000000000000     
 Define smin to   10000.000000000000     
 *****************************************************
 *               MadGraph/MadEvent                   *
 *        --------------------------------           *
 *          http://madgraph.hep.uiuc.edu             *
 *          http://madgraph.phys.ucl.ac.be           *
 *          http://madgraph.roma2.infn.it            *
 *        --------------------------------           *
 *                                                   *
 *          PARAMETER AND COUPLING VALUES            *
 *                                                   *
 *****************************************************

  External Params
  ---------------------------------
  
 mdl_MW0 =    80.387000000000000     
 mdl_Gf =    1.1663789999999999E-005
 aS =   0.11810000000000001     
 mdl_ymdo =    1.0000000000000000E-099
 mdl_ymb =    4.1799999999999997     
 mdl_ymt =    173.19999999999999     
 mdl_ymtau =    1.7769999999999999     
 mdl_LambdaSMEFT =    1000.0000000000000     
 mdl_cHW =    1.0000000000000000     
 mdl_MZ =    91.187600000000003     
 mdl_MTA =    1.7769999999999999     
 mdl_MT =    173.19999999999999     
 mdl_MB =    4.1799999999999997     
 mdl_MH =    125.09000000000000     
 mdl_WZ =    2.4952000000000001     
 mdl_WW =    2.0850000000000000     
 mdl_WT =    1.5083359999999999     
 mdl_WH =    4.0699999999999998E-003
  Internal Params
  ---------------------------------
  
 mdl_ymm =    1.0000000000000000E-099
 mdl_yme =    1.0000000000000000E-099
 mdl_ymc =    1.0000000000000000E-099
 mdl_yms =    1.0000000000000000E-099
 mdl_ymup =    1.0000000000000000E-099
 mdl_conjg__CKM3x3 =    1.0000000000000000     
 mdl_cH =    0.0000000000000000     
 mdl_cHB =    0.0000000000000000     
 mdl_CKM1x1 =    1.0000000000000000     
 mdl_conjg__CKM1x1 =    1.0000000000000000     
 mdl_dGf =    0.0000000000000000     
 mdl_CKM3x3 =    1.0000000000000000     
 mdl_dMH2 =    0.0000000000000000     
 mdl_conjg__CKM2x2 =    1.0000000000000000     
 mdl_dg1 =    0.0000000000000000     
 mdl_CKM2x2 =    1.0000000000000000     
 mdl_dgw =    0.0000000000000000     
 mdl_complexi =  (  0.0000000000000000     ,  1.0000000000000000     )
 mdl_MW =    80.387000000000000     
 mdl_nb__2__exp__0_25 =    1.1892071150027210     
 mdl_MH__exp__2 =    15647.508100000001     
 mdl_sqrt__2 =    1.4142135623730951     
 mdl_MW__exp__2 =    6462.0697689999997     
 mdl_MZ__exp__2 =    8315.1783937600012     
 mdl_sth2 =   0.22285855299877133     
 mdl_MH__exp__6 =    3831206449390.3818     
 mdl_MT__exp__6 =    26995248278778.535     
 mdl_MH__exp__4 =    244844509.73956564     
 mdl_MT__exp__4 =    899894403.09759963     
 mdl_MT__exp__2 =    29998.239999999994     
 mdl_LambdaSMEFT__exp__2 =    1000000.0000000000     
 mdl_cth =   0.88155626422890820     
 mdl_sqrt__sth2 =   0.47207896902824564     
 mdl_sth =   0.47207896902824564     
 mdl_MW0__exp__6 =    269845343347.69711     
 mdl_MW0__exp__4 =    41758345.699423708     
 mdl_MW0__exp__2 =    6462.0697689999997     
 mdl_MZ__exp__4 =    69142191.720053151     
 mdl_MZ__exp__6 =    574929658687.79749     
 mdl_cth__exp__2 =   0.77714144700122867     
 mdl_sth__exp__2 =   0.22285855299877130     
 mdl_sth__exp__3 =   0.10520683593878660     
 mdl_cth__exp__3 =   0.68509391079585125     
 mdl_sth__exp__4 =    4.9665934644706158E-002
 mdl_sqrt__Gf =    3.4152291284773265E-003
 mdl_vevhat =    246.21961912951551     
 mdl_lam =   0.12905352724481209     
 mdl_aEW =    7.5614618607353409E-003
 mdl_yb =    2.4008698866559607E-002
 mdl_yc =    5.7437078628133041E-102
 mdl_ydo =    5.7437078628133041E-102
 mdl_ye =    5.7437078628133041E-102
 mdl_ym =    5.7437078628133041E-102
 mdl_ys =    5.7437078628133041E-102
 mdl_yt =   0.99481020183926416     
 mdl_ytau =    1.0206568872219240E-002
 mdl_yup =    5.7437078628133041E-102
 mdl_vevhat__exp__2 =    60624.100844283676     
 mdl_barlam =   0.12905352724481209     
 mdl_vevT =    246.21961912951551     
 mdl_sqrt__aEW =    8.6956666568672819E-002
 mdl_ee =   0.30825335704310214     
 mdl_gwsh =   0.61338418662494298     
 mdl_vev =    246.21961912951551     
 mdl_g1 =   0.34966952144878632     
 mdl_gw =   0.65296989967087182     
 mdl_ee__exp__2 =    9.5020132128342205E-002
 mdl_gHaa =   -1.9303830602986922E-003
 mdl_gHza =   -6.8546472954154700E-003
 mdl_g1sh =   0.34966952144878632     
 mdl_I1d11 =  (  5.7437078628133041E-102,  0.0000000000000000     )
 mdl_I1d22 =  (  5.7437078628133041E-102,  0.0000000000000000     )
 mdl_I1d33 =  (  2.4008698866559607E-002,  0.0000000000000000     )
 mdl_I2d11 =  (  5.7437078628133041E-102,  0.0000000000000000     )
 mdl_I2d22 =  (  5.7437078628133041E-102,  0.0000000000000000     )
 mdl_I2d33 =  ( 0.99481020183926416     ,  0.0000000000000000     )
 mdl_I3d11 =  (  5.7437078628133041E-102,  0.0000000000000000     )
 mdl_I3d22 =  (  5.7437078628133041E-102,  0.0000000000000000     )
 mdl_I3d33 =  (  2.4008698866559607E-002,  0.0000000000000000     )
 mdl_I4d11 =  (  5.7437078628133041E-102,  0.0000000000000000     )
 mdl_I4d22 =  (  5.7437078628133041E-102,  0.0000000000000000     )
 mdl_I4d33 =  ( 0.99481020183926416     ,  0.0000000000000000     )
 mdl_I5d11 =  (  5.7437078628133041E-102,  0.0000000000000000     )
 mdl_I5d22 =  (  5.7437078628133041E-102,  0.0000000000000000     )
 mdl_I5d33 =  (  2.4008698866559607E-002,  0.0000000000000000     )
 mdl_I6d11 =  (  5.7437078628133041E-102,  0.0000000000000000     )
 mdl_I6d22 =  (  5.7437078628133041E-102,  0.0000000000000000     )
 mdl_I6d33 =  ( 0.99481020183926416     ,  0.0000000000000000     )
 mdl_ee__exp__3 =    2.9290274715240611E-002
 mdl_vevhat__exp__3 =    14926843.019948866     
  Internal Params evaluated point by point
  ----------------------------------------
  
 mdl_sqrt__aS =   0.34365680554879169     
 mdl_G__exp__2 =    1.4840883695558185     
 mdl_gHgg =    3.2334372328970845E-003
 mdl_G__exp__3 =  (  1.8079634332366095     ,  0.0000000000000000     )
  Couplings of SMEFTsim_A_U35_MwScheme_UFO_v3_1-cHW_massless
  ---------------------------------
  
         GC_1 =   0.00000E+00   0.10275E+00
         GC_2 =  -0.00000E+00  -0.20550E+00
         GC_3 =  -0.00000E+00  -0.30825E+00
       GC_255 =  -0.00000E+00  -0.42637E+00
       GC_278 =  -0.00000E+00  -0.37035E+00
       GC_280 =  -0.00000E+00  -0.57563E+00
       GC_328 =  -0.00000E+00  -0.55024E-01
       GC_329 =   0.00000E+00   0.11005E+00
       GC_330 =  -0.00000E+00  -0.16507E+00
       GC_387 =   0.00000E+00   0.98488E-03
       GC_400 =   0.00000E+00   0.52490E+02
       GC_809 =  -0.00000E+00  -0.72171E-02
      GC_1073 =  -0.00000E+00  -0.46172E+00

 Collider parameters:
 --------------------

 Running at P P   machine @    13000.000000000000       GeV
 PDF set = lhapdf 
 alpha_s(Mz)= 0.1247 running at 1 loops.
 alpha_s(Mz)= 0.1247 running at 1 loops.
 Renormalization scale set on event-by-event basis
 Factorization   scale set on event-by-event basis


 getting user params
Enter number of events and max and min iterations: 
 Number of events and iterations         2000           8           3
Enter desired fractional accuracy: 
 Desired fractional accuracy:    1.0000000000000000E-002
Enter 0 for fixed, 2 for adjustable grid: 
Suppress amplitude (0 no, 1 yes)? 
 Using suppressed amplitude.
Exact helicity sum (0 yes, n = number/event)? 
 Explicitly summing over helicities
Enter Configuration Number: 
Running Configuration Number:  398
 Using dconfig=         212
 BW Setting            2           1           2           1           2           0
 Attempting mappinvarients           1           8
 Completed mapping           8
 about to integrate           16        2000           8           3          16           1
 Using non-zero grid deformation.
 16 dimensions   2000 events 16 invarients  8 iterations  1 config(s),  (0.99)
 Using h-tuple random number sequence.
 Error opening grid
 Using Uniform Grid!          32
 Using uniform alpha   1.0000000000000000     
 Grid defined OK
 Set CM energy to      13000.00
 Mapping Graph         398  to config         398
Setting grid   1    0.59172E-04   1
 Setting BW          -2           2   80.387000000000000     
Setting grid   3    0.17093E-03   1
 Setting BW          -4           4   80.387000000000000     
Setting grid   5    0.34061E-03   1
 Transforming s_hat 1/s           15   3.4061257855621299E-004   10000.000000000000        168999999.99999997     
 398   1   2   3   4   5   6   7   8   9  10  11  12  13  14
  15  16
 Masses: 0.000E+00 0.000E+00 0.000E+00 0.000E+00 0.000E+00 0.000E+00 0.000E+00 0.000E+00
Using random seed offsets   398 :      4
  with seed                   24
 Ranmar initialization seeds         128        9401
 
 ********************************************
 * You are using the DiscreteSampler module *
 *      part of the MG5_aMC framework       *
 *         Author: Valentin Hirschi         *
 ********************************************
 
  Particle       3       4       5       6       7       8
      Et >     0.0     0.0     0.0     0.0    10.0    10.0
       E >     0.0     0.0     0.0     0.0     0.0     0.0
     Eta <    -1.0    -1.0    -1.0    -1.0     6.5     6.5
   xqcut:      0.0     0.0     0.0     0.0     0.0     0.0
d R # 3  >    -0.0     0.4     0.0     0.0     0.4     0.4
d R # 4  >    -0.0    -0.0     0.0     0.0     0.4     0.4
d R # 5  >    -0.0    -0.0    -0.0     0.0     0.0     0.0
d R # 6  >    -0.0    -0.0    -0.0    -0.0     0.0     0.0
d R # 7  >    -0.0    -0.0    -0.0    -0.0    -0.0     0.4
s min # 3>     0.0     0.0     0.0     0.0     0.0     0.0
s min # 4>     0.0     0.0     0.0     0.0     0.0     0.0
s min # 5>     0.0     0.0     0.0     0.0     0.0     0.0
s min # 6>     0.0     0.0     0.0     0.0     0.0     0.0
s min # 7>     0.0     0.0     0.0     0.0     0.0 10000.0
xqcutij # 3>     0.0     0.0     0.0     0.0     0.0     0.0
xqcutij # 4>     0.0     0.0     0.0     0.0     0.0     0.0
xqcutij # 5>     0.0     0.0     0.0     0.0     0.0     0.0
xqcutij # 6>     0.0     0.0     0.0     0.0     0.0     0.0
xqcutij # 7>     0.0     0.0     0.0     0.0     0.0     0.0
 Excluding BW           -1           1
 Requiring BW           -2           2
 Excluding BW           -3           3
 Requiring BW           -4           4
 Excluding BW           -5           5
 alpha_s for scale    48.498896627628447       is   0.13924031652936317     
 Added good helicity          193  -256.00000000000000       in event            1 local:           1
 Added good helicity          193  -256.00000000000000       in event            1 local:           1
 RESET CUMULATIVE VARIABLE
 RESET CUMULATIVE VARIABLE
 RESET CUMULATIVE VARIABLE
 Iteration  1   Mean: 0.1417E-06 Abs mean: 0.4094E-06   Fluctuation:  0.592E-07   0.774E-04    18.3%
  1    0.1417E-06 0.4094E-06 +- 0.5923E-07      6.47
 Writing out events   1.3958920369532969E-010   6.4701731693653288     
 Relative summed weights:
  0.0000E+00  0.0000E+00  0.3137E-01  0.8715E-02  0.0000E+00  0.0000E+00  0.0000E+00  0.0000E+00  0.0000E+00  0.0000E+00  0.1904E-02  0.8030E-02  0.1023E+00  0.7140E-01  0.0000E+00  0.0000E+00  0.0000E+00  0.0000E+00  0.0000E+00  0.0000E+00  0.0000E+00  0.0000E+00  0.2285E-01  0.5592E-01  0.0000E+00  0.0000E+00  0.0000E+00  0.0000E+00  0.3596E-04  0.1641E-03  0.0000E+00  0.0000E+00
  0.0000E+00  0.0000E+00  0.1191E-01  0.7083E-01  0.0000E+00  0.0000E+00  0.0000E+00  0.0000E+00  0.0000E+00  0.0000E+00  0.1378E-01  0.3485E-01  0.6065E-01  0.9911E-01  0.0000E+00  0.0000E+00  0.0000E+00  0.0000E+00  0.0000E+00  0.0000E+00  0.0000E+00  0.0000E+00  0.1491E+00  0.7887E-01  0.0000E+00  0.0000E+00  0.0000E+00  0.0000E+00  0.1220E-01  0.4889E-02  0.0000E+00  0.0000E+00
  0.0000E+00  0.0000E+00  0.3052E-01  0.1230E-01  0.0000E+00  0.0000E+00  0.0000E+00  0.0000E+00  0.0000E+00  0.0000E+00  0.5345E-02  0.1068E-01  0.0000E+00  0.0000E+00  0.0000E+00  0.0000E+00  0.0000E+00  0.0000E+00  0.0000E+00  0.0000E+00  0.0000E+00  0.0000E+00  0.0000E+00  0.0000E+00  0.0000E+00  0.0000E+00  0.0000E+00  0.0000E+00  0.0000E+00  0.0000E+00  0.0000E+00  0.0000E+00
  0.0000E+00  0.0000E+00  0.1105E-01  0.2171E-01  0.0000E+00  0.0000E+00  0.0000E+00  0.0000E+00  0.0000E+00  0.0000E+00  0.6504E-01  0.4469E-02  0.0000E+00  0.0000E+00  0.0000E+00  0.0000E+00  0.0000E+00  0.0000E+00  0.0000E+00  0.0000E+00  0.0000E+00  0.0000E+00  0.0000E+00  0.0000E+00  0.0000E+00  0.0000E+00  0.0000E+00  0.0000E+00  0.0000E+00  0.0000E+00  0.0000E+00  0.0000E+00
 Relative number of events:
  0.0000E+00  0.0000E+00  0.3273E-01  0.1818E-01  0.0000E+00  0.0000E+00  0.0000E+00  0.0000E+00  0.0000E+00  0.0000E+00  0.4182E-01  0.2818E-01  0.5545E-01  0.5636E-01  0.0000E+00  0.0000E+00  0.0000E+00  0.0000E+00  0.0000E+00  0.0000E+00  0.0000E+00  0.0000E+00  0.5636E-01  0.7000E-01  0.0000E+00  0.0000E+00  0.0000E+00  0.0000E+00  0.6364E-02  0.9091E-02  0.0000E+00  0.0000E+00
  0.0000E+00  0.0000E+00  0.3636E-01  0.3182E-01  0.0000E+00  0.0000E+00  0.0000E+00  0.0000E+00  0.0000E+00  0.0000E+00  0.3000E-01  0.4636E-01  0.5000E-01  0.5545E-01  0.0000E+00  0.0000E+00  0.0000E+00  0.0000E+00  0.0000E+00  0.0000E+00  0.0000E+00  0.0000E+00  0.6727E-01  0.6727E-01  0.0000E+00  0.0000E+00  0.0000E+00  0.0000E+00  0.9091E-02  0.5455E-02  0.0000E+00  0.0000E+00
  0.0000E+00  0.0000E+00  0.2455E-01  0.2091E-01  0.0000E+00  0.0000E+00  0.0000E+00  0.0000E+00  0.0000E+00  0.0000E+00  0.3091E-01  0.3818E-01  0.0000E+00  0.0000E+00  0.0000E+00  0.0000E+00  0.0000E+00  0.0000E+00  0.0000E+00  0.0000E+00  0.0000E+00  0.0000E+00  0.0000E+00  0.0000E+00  0.0000E+00  0.0000E+00  0.0000E+00  0.0000E+00  0.0000E+00  0.0000E+00  0.0000E+00  0.0000E+00
  0.0000E+00  0.0000E+00  0.2364E-01  0.2636E-01  0.0000E+00  0.0000E+00  0.0000E+00  0.0000E+00  0.0000E+00  0.0000E+00  0.3091E-01  0.3091E-01  0.0000E+00  0.0000E+00  0.0000E+00  0.0000E+00  0.0000E+00  0.0000E+00  0.0000E+00  0.0000E+00  0.0000E+00  0.0000E+00  0.0000E+00  0.0000E+00  0.0000E+00  0.0000E+00  0.0000E+00  0.0000E+00  0.0000E+00  0.0000E+00  0.0000E+00  0.0000E+00
 Events:
           0           0          36          20           0           0           0           0           0           0          46          31          61          62           0           0           0           0           0           0           0           0          62          77           0           0           0           0           7          10           0           0
           0           0          40          35           0           0           0           0           0           0          33          51          55          61           0           0           0           0           0           0           0           0          74          74           0           0           0           0          10           6           0           0
           0           0          27          23           0           0           0           0           0           0          34          42           0           0           0           0           0           0           0           0           0           0           0           0           0           0           0           0           0           0           0           0
           0           0          26          29           0           0           0           0           0           0          34          34           0           0           0           0           0           0           0           0           0           0           0           0           0           0           0           0           0           0           0           0
 Iteration  2   Mean: 0.1108E-06 Abs mean: 0.4556E-06   Fluctuation:  0.603E-07   0.202E-03    41.9%
  2    0.1108E-06 0.4556E-06 +- 0.6026E-07      8.37
 Relative summed weights:
  0.0000E+00  0.0000E+00  0.6189E-01  0.6683E-01  0.0000E+00  0.0000E+00  0.0000E+00  0.0000E+00  0.0000E+00  0.0000E+00  0.2233E-01  0.2179E-01  0.7532E-01  0.8593E-01  0.0000E+00  0.0000E+00  0.0000E+00  0.0000E+00  0.0000E+00  0.0000E+00  0.0000E+00  0.0000E+00  0.3742E-01  0.4829E-01  0.0000E+00  0.0000E+00  0.0000E+00  0.0000E+00  0.1343E-01  0.1422E-02  0.0000E+00  0.0000E+00
  0.0000E+00  0.0000E+00  0.3292E-01  0.2110E-01  0.0000E+00  0.0000E+00  0.0000E+00  0.0000E+00  0.0000E+00  0.0000E+00  0.1224E-01  0.1005E-01  0.1025E+00  0.6661E-01  0.0000E+00  0.0000E+00  0.0000E+00  0.0000E+00  0.0000E+00  0.0000E+00  0.0000E+00  0.0000E+00  0.2057E-01  0.6365E-01  0.0000E+00  0.0000E+00  0.0000E+00  0.0000E+00  0.1212E-03  0.1666E-02  0.0000E+00  0.0000E+00
  0.0000E+00  0.0000E+00  0.1073E-01  0.3135E-01  0.0000E+00  0.0000E+00  0.0000E+00  0.0000E+00  0.0000E+00  0.0000E+00  0.2086E-01  0.1248E-01  0.0000E+00  0.0000E+00  0.0000E+00  0.0000E+00  0.0000E+00  0.0000E+00  0.0000E+00  0.0000E+00  0.0000E+00  0.0000E+00  0.0000E+00  0.0000E+00  0.0000E+00  0.0000E+00  0.0000E+00  0.0000E+00  0.0000E+00  0.0000E+00  0.0000E+00  0.0000E+00
  0.0000E+00  0.0000E+00  0.2196E-01  0.9581E-01  0.0000E+00  0.0000E+00  0.0000E+00  0.0000E+00  0.0000E+00  0.0000E+00  0.2148E-01  0.1925E-01  0.0000E+00  0.0000E+00  0.0000E+00  0.0000E+00  0.0000E+00  0.0000E+00  0.0000E+00  0.0000E+00  0.0000E+00  0.0000E+00  0.0000E+00  0.0000E+00  0.0000E+00  0.0000E+00  0.0000E+00  0.0000E+00  0.0000E+00  0.0000E+00  0.0000E+00  0.0000E+00
 Relative number of events:
  0.0000E+00  0.0000E+00  0.2840E-01  0.3434E-01  0.0000E+00  0.0000E+00  0.0000E+00  0.0000E+00  0.0000E+00  0.0000E+00  0.3646E-01  0.3476E-01  0.4875E-01  0.5596E-01  0.0000E+00  0.0000E+00  0.0000E+00  0.0000E+00  0.0000E+00  0.0000E+00  0.0000E+00  0.0000E+00  0.5553E-01  0.7630E-01  0.0000E+00  0.0000E+00  0.0000E+00  0.0000E+00  0.6783E-02  0.5087E-02  0.0000E+00  0.0000E+00
  0.0000E+00  0.0000E+00  0.2459E-01  0.2883E-01  0.0000E+00  0.0000E+00  0.0000E+00  0.0000E+00  0.0000E+00  0.0000E+00  0.3306E-01  0.2798E-01  0.6062E-01  0.6189E-01  0.0000E+00  0.0000E+00  0.0000E+00  0.0000E+00  0.0000E+00  0.0000E+00  0.0000E+00  0.0000E+00  0.6104E-01  0.6443E-01  0.0000E+00  0.0000E+00  0.0000E+00  0.0000E+00  0.5087E-02  0.5935E-02  0.0000E+00  0.0000E+00
  0.0000E+00  0.0000E+00  0.2755E-01  0.2840E-01  0.0000E+00  0.0000E+00  0.0000E+00  0.0000E+00  0.0000E+00  0.0000E+00  0.3179E-01  0.4070E-01  0.0000E+00  0.0000E+00  0.0000E+00  0.0000E+00  0.0000E+00  0.0000E+00  0.0000E+00  0.0000E+00  0.0000E+00  0.0000E+00  0.0000E+00  0.0000E+00  0.0000E+00  0.0000E+00  0.0000E+00  0.0000E+00  0.0000E+00  0.0000E+00  0.0000E+00  0.0000E+00
  0.0000E+00  0.0000E+00  0.2120E-01  0.2840E-01  0.0000E+00  0.0000E+00  0.0000E+00  0.0000E+00  0.0000E+00  0.0000E+00  0.3476E-01  0.3137E-01  0.0000E+00  0.0000E+00  0.0000E+00  0.0000E+00  0.0000E+00  0.0000E+00  0.0000E+00  0.0000E+00  0.0000E+00  0.0000E+00  0.0000E+00  0.0000E+00  0.0000E+00  0.0000E+00  0.0000E+00  0.0000E+00  0.0000E+00  0.0000E+00  0.0000E+00  0.0000E+00
 Events:
           0           0          67          81           0           0           0           0           0           0          86          82         115         132           0           0           0           0           0           0           0           0         131         180           0           0           0           0          16          12           0           0
           0           0          58          68           0           0           0           0           0           0          78          66         143         146           0           0           0           0           0           0           0           0         144         152           0           0           0           0          12          14           0           0
           0           0          65          67           0           0           0           0           0           0          75          96           0           0           0           0           0           0           0           0           0           0           0           0           0           0           0           0           0           0           0           0
           0           0          50          67           0           0           0           0           0           0          82          74           0           0           0           0           0           0           0           0           0           0           0           0           0           0           0           0           0           0           0           0
 Iteration  3   Mean: 0.1403E-06 Abs mean: 0.3981E-06   Fluctuation:  0.191E-07   0.605E-04    50.6%
  3    0.1403E-06 0.3981E-06 +- 0.1910E-07      4.29
 Relative summed weights:
  0.0000E+00  0.0000E+00  0.4169E-01  0.2788E-01  0.0000E+00  0.0000E+00  0.0000E+00  0.0000E+00  0.0000E+00  0.0000E+00  0.2049E-01  0.4328E-01  0.8358E-01  0.1065E+00  0.0000E+00  0.0000E+00  0.0000E+00  0.0000E+00  0.0000E+00  0.0000E+00  0.0000E+00  0.0000E+00  0.4532E-01  0.5169E-01  0.0000E+00  0.0000E+00  0.0000E+00  0.0000E+00  0.3857E-02  0.4650E-02  0.0000E+00  0.0000E+00
  0.0000E+00  0.0000E+00  0.2604E-01  0.4433E-01  0.0000E+00  0.0000E+00  0.0000E+00  0.0000E+00  0.0000E+00  0.0000E+00  0.1939E-01  0.2019E-01  0.6808E-01  0.7956E-01  0.0000E+00  0.0000E+00  0.0000E+00  0.0000E+00  0.0000E+00  0.0000E+00  0.0000E+00  0.0000E+00  0.3731E-01  0.4684E-01  0.0000E+00  0.0000E+00  0.0000E+00  0.0000E+00  0.2598E-02  0.7296E-02  0.0000E+00  0.0000E+00
  0.0000E+00  0.0000E+00  0.2408E-01  0.3708E-01  0.0000E+00  0.0000E+00  0.0000E+00  0.0000E+00  0.0000E+00  0.0000E+00  0.2162E-01  0.1616E-01  0.0000E+00  0.0000E+00  0.0000E+00  0.0000E+00  0.0000E+00  0.0000E+00  0.0000E+00  0.0000E+00  0.0000E+00  0.0000E+00  0.0000E+00  0.0000E+00  0.0000E+00  0.0000E+00  0.0000E+00  0.0000E+00  0.0000E+00  0.0000E+00  0.0000E+00  0.0000E+00
  0.0000E+00  0.0000E+00  0.4227E-01  0.3040E-01  0.0000E+00  0.0000E+00  0.0000E+00  0.0000E+00  0.0000E+00  0.0000E+00  0.1485E-01  0.3302E-01  0.0000E+00  0.0000E+00  0.0000E+00  0.0000E+00  0.0000E+00  0.0000E+00  0.0000E+00  0.0000E+00  0.0000E+00  0.0000E+00  0.0000E+00  0.0000E+00  0.0000E+00  0.0000E+00  0.0000E+00  0.0000E+00  0.0000E+00  0.0000E+00  0.0000E+00  0.0000E+00
 Relative number of events:
  0.0000E+00  0.0000E+00  0.2654E-01  0.2802E-01  0.0000E+00  0.0000E+00  0.0000E+00  0.0000E+00  0.0000E+00  0.0000E+00  0.3265E-01  0.3687E-01  0.5793E-01  0.6046E-01  0.0000E+00  0.0000E+00  0.0000E+00  0.0000E+00  0.0000E+00  0.0000E+00  0.0000E+00  0.0000E+00  0.6446E-01  0.6236E-01  0.0000E+00  0.0000E+00  0.0000E+00  0.0000E+00  0.6952E-02  0.6109E-02  0.0000E+00  0.0000E+00
  0.0000E+00  0.0000E+00  0.2633E-01  0.2949E-01  0.0000E+00  0.0000E+00  0.0000E+00  0.0000E+00  0.0000E+00  0.0000E+00  0.3560E-01  0.3392E-01  0.5793E-01  0.5667E-01  0.0000E+00  0.0000E+00  0.0000E+00  0.0000E+00  0.0000E+00  0.0000E+00  0.0000E+00  0.0000E+00  0.6046E-01  0.6446E-01  0.0000E+00  0.0000E+00  0.0000E+00  0.0000E+00  0.3792E-02  0.6320E-02  0.0000E+00  0.0000E+00
  0.0000E+00  0.0000E+00  0.2486E-01  0.3033E-01  0.0000E+00  0.0000E+00  0.0000E+00  0.0000E+00  0.0000E+00  0.0000E+00  0.3181E-01  0.3328E-01  0.0000E+00  0.0000E+00  0.0000E+00  0.0000E+00  0.0000E+00  0.0000E+00  0.0000E+00  0.0000E+00  0.0000E+00  0.0000E+00  0.0000E+00  0.0000E+00  0.0000E+00  0.0000E+00  0.0000E+00  0.0000E+00  0.0000E+00  0.0000E+00  0.0000E+00  0.0000E+00
  0.0000E+00  0.0000E+00  0.2802E-01  0.2591E-01  0.0000E+00  0.0000E+00  0.0000E+00  0.0000E+00  0.0000E+00  0.0000E+00  0.3665E-01  0.3181E-01  0.0000E+00  0.0000E+00  0.0000E+00  0.0000E+00  0.0000E+00  0.0000E+00  0.0000E+00  0.0000E+00  0.0000E+00  0.0000E+00  0.0000E+00  0.0000E+00  0.0000E+00  0.0000E+00  0.0000E+00  0.0000E+00  0.0000E+00  0.0000E+00  0.0000E+00  0.0000E+00
 Events:
           0           0         126         133           0           0           0           0           0           0         155         175         275         287           0           0           0           0           0           0           0           0         306         296           0           0           0           0          33          29           0           0
           0           0         125         140           0           0           0           0           0           0         169         161         275         269           0           0           0           0           0           0           0           0         287         306           0           0           0           0          18          30           0           0
           0           0         118         144           0           0           0           0           0           0         151         158           0           0           0           0           0           0           0           0           0           0           0           0           0           0           0           0           0           0           0           0
           0           0         133         123           0           0           0           0           0           0         174         151           0           0           0           0           0           0           0           0           0           0           0           0           0           0           0           0           0           0           0           0
 Accuracy:    0.031   0.010   0.043   0.511
 Found          912  events.
 Wrote           88  events.
 Actual xsec    1.3727875819737320E-007
 Correct abs xsec    4.0520833026639593E-007
 Event xsec    4.0520833026639529E-007
 Events wgts > 1:            3
 % Cross section > 1:    3.3416938669361718E-009  0.82468538214385889     
 Iteration  4   Mean: 0.1337E-06 Abs mean: 0.4602E-06   Fluctuation:  0.191E-07   0.163E-03    55.7%
  4    0.1337E-06 0.4602E-06 +- 0.1913E-07      5.26
 Relative summed weights:
  0.0000E+00  0.0000E+00  0.3156E-01  0.3979E-01  0.0000E+00  0.0000E+00  0.0000E+00  0.0000E+00  0.0000E+00  0.0000E+00  0.3666E-01  0.2592E-01  0.7443E-01  0.8976E-01  0.0000E+00  0.0000E+00  0.0000E+00  0.0000E+00  0.0000E+00  0.0000E+00  0.0000E+00  0.0000E+00  0.4343E-01  0.3626E-01  0.0000E+00  0.0000E+00  0.0000E+00  0.0000E+00  0.2900E-02  0.3439E-02  0.0000E+00  0.0000E+00
  0.0000E+00  0.0000E+00  0.4102E-01  0.1999E-01  0.0000E+00  0.0000E+00  0.0000E+00  0.0000E+00  0.0000E+00  0.0000E+00  0.3878E-01  0.2017E-01  0.8160E-01  0.6021E-01  0.0000E+00  0.0000E+00  0.0000E+00  0.0000E+00  0.0000E+00  0.0000E+00  0.0000E+00  0.0000E+00  0.4805E-01  0.4617E-01  0.0000E+00  0.0000E+00  0.0000E+00  0.0000E+00  0.1894E-02  0.5677E-02  0.0000E+00  0.0000E+00
  0.0000E+00  0.0000E+00  0.2957E-01  0.3343E-01  0.0000E+00  0.0000E+00  0.0000E+00  0.0000E+00  0.0000E+00  0.0000E+00  0.1820E-01  0.2428E-01  0.0000E+00  0.0000E+00  0.0000E+00  0.0000E+00  0.0000E+00  0.0000E+00  0.0000E+00  0.0000E+00  0.0000E+00  0.0000E+00  0.0000E+00  0.0000E+00  0.0000E+00  0.0000E+00  0.0000E+00  0.0000E+00  0.0000E+00  0.0000E+00  0.0000E+00  0.0000E+00
  0.0000E+00  0.0000E+00  0.3649E-01  0.3648E-01  0.0000E+00  0.0000E+00  0.0000E+00  0.0000E+00  0.0000E+00  0.0000E+00  0.5264E-01  0.2118E-01  0.0000E+00  0.0000E+00  0.0000E+00  0.0000E+00  0.0000E+00  0.0000E+00  0.0000E+00  0.0000E+00  0.0000E+00  0.0000E+00  0.0000E+00  0.0000E+00  0.0000E+00  0.0000E+00  0.0000E+00  0.0000E+00  0.0000E+00  0.0000E+00  0.0000E+00  0.0000E+00
 Relative number of events:
  0.0000E+00  0.0000E+00  0.2736E-01  0.2957E-01  0.0000E+00  0.0000E+00  0.0000E+00  0.0000E+00  0.0000E+00  0.0000E+00  0.3306E-01  0.3243E-01  0.5460E-01  0.5408E-01  0.0000E+00  0.0000E+00  0.0000E+00  0.0000E+00  0.0000E+00  0.0000E+00  0.0000E+00  0.0000E+00  0.6263E-01  0.6379E-01  0.0000E+00  0.0000E+00  0.0000E+00  0.0000E+00  0.5915E-02  0.5175E-02  0.0000E+00  0.0000E+00
  0.0000E+00  0.0000E+00  0.2905E-01  0.2471E-01  0.0000E+00  0.0000E+00  0.0000E+00  0.0000E+00  0.0000E+00  0.0000E+00  0.3591E-01  0.3411E-01  0.5334E-01  0.5260E-01  0.0000E+00  0.0000E+00  0.0000E+00  0.0000E+00  0.0000E+00  0.0000E+00  0.0000E+00  0.0000E+00  0.6802E-01  0.6992E-01  0.0000E+00  0.0000E+00  0.0000E+00  0.0000E+00  0.6337E-02  0.5387E-02  0.0000E+00  0.0000E+00
  0.0000E+00  0.0000E+00  0.2714E-01  0.2429E-01  0.0000E+00  0.0000E+00  0.0000E+00  0.0000E+00  0.0000E+00  0.0000E+00  0.3887E-01  0.3507E-01  0.0000E+00  0.0000E+00  0.0000E+00  0.0000E+00  0.0000E+00  0.0000E+00  0.0000E+00  0.0000E+00  0.0000E+00  0.0000E+00  0.0000E+00  0.0000E+00  0.0000E+00  0.0000E+00  0.0000E+00  0.0000E+00  0.0000E+00  0.0000E+00  0.0000E+00  0.0000E+00
  0.0000E+00  0.0000E+00  0.2978E-01  0.2693E-01  0.0000E+00  0.0000E+00  0.0000E+00  0.0000E+00  0.0000E+00  0.0000E+00  0.3422E-01  0.3570E-01  0.0000E+00  0.0000E+00  0.0000E+00  0.0000E+00  0.0000E+00  0.0000E+00  0.0000E+00  0.0000E+00  0.0000E+00  0.0000E+00  0.0000E+00  0.0000E+00  0.0000E+00  0.0000E+00  0.0000E+00  0.0000E+00  0.0000E+00  0.0000E+00  0.0000E+00  0.0000E+00
 Events:
           0           0         259         280           0           0           0           0           0           0         313         307         517         512           0           0           0           0           0           0           0           0         593         604           0           0           0           0          56          49           0           0
           0           0         275         234           0           0           0           0           0           0         340         323         505         498           0           0           0           0           0           0           0           0         644         662           0           0           0           0          60          51           0           0
           0           0         257         230           0           0           0           0           0           0         368         332           0           0           0           0           0           0           0           0           0           0           0           0           0           0           0           0           0           0           0           0
           0           0         282         255           0           0           0           0           0           0         324         338           0           0           0           0           0           0           0           0           0           0           0           0           0           0           0           0           0           0           0           0
 Accuracy:    0.040   0.010   0.030   1.796
 Found         2097  events.
 Wrote           67  events.
 Actual xsec    1.3511881227468983E-007
 Correct abs xsec    4.3477763722684928E-007
 Event xsec    4.3477763722684938E-007
 Events wgts > 1:            1
 % Cross section > 1:    3.7432227297342494E-009  0.86095107227908940     
 Iteration  5   Mean: 0.1382E-06 Abs mean: 0.4432E-06   Fluctuation:  0.831E-08   0.698E-04    60.2%
  5    0.1382E-06 0.4432E-06 +- 0.8315E-08      3.36
 Relative summed weights:
  0.0000E+00  0.0000E+00  0.4034E-01  0.3559E-01  0.0000E+00  0.0000E+00  0.0000E+00  0.0000E+00  0.0000E+00  0.0000E+00  0.2620E-01  0.2272E-01  0.7136E-01  0.6721E-01  0.0000E+00  0.0000E+00  0.0000E+00  0.0000E+00  0.0000E+00  0.0000E+00  0.0000E+00  0.0000E+00  0.4303E-01  0.5066E-01  0.0000E+00  0.0000E+00  0.0000E+00  0.0000E+00  0.5823E-02  0.3260E-02  0.0000E+00  0.0000E+00
  0.0000E+00  0.0000E+00  0.3177E-01  0.3490E-01  0.0000E+00  0.0000E+00  0.0000E+00  0.0000E+00  0.0000E+00  0.0000E+00  0.3052E-01  0.2154E-01  0.8377E-01  0.7425E-01  0.0000E+00  0.0000E+00  0.0000E+00  0.0000E+00  0.0000E+00  0.0000E+00  0.0000E+00  0.0000E+00  0.4085E-01  0.5341E-01  0.0000E+00  0.0000E+00  0.0000E+00  0.0000E+00  0.1668E-02  0.3463E-02  0.0000E+00  0.0000E+00
  0.0000E+00  0.0000E+00  0.3336E-01  0.4076E-01  0.0000E+00  0.0000E+00  0.0000E+00  0.0000E+00  0.0000E+00  0.0000E+00  0.2649E-01  0.3087E-01  0.0000E+00  0.0000E+00  0.0000E+00  0.0000E+00  0.0000E+00  0.0000E+00  0.0000E+00  0.0000E+00  0.0000E+00  0.0000E+00  0.0000E+00  0.0000E+00  0.0000E+00  0.0000E+00  0.0000E+00  0.0000E+00  0.0000E+00  0.0000E+00  0.0000E+00  0.0000E+00
  0.0000E+00  0.0000E+00  0.3469E-01  0.4013E-01  0.0000E+00  0.0000E+00  0.0000E+00  0.0000E+00  0.0000E+00  0.0000E+00  0.2637E-01  0.2499E-01  0.0000E+00  0.0000E+00  0.0000E+00  0.0000E+00  0.0000E+00  0.0000E+00  0.0000E+00  0.0000E+00  0.0000E+00  0.0000E+00  0.0000E+00  0.0000E+00  0.0000E+00  0.0000E+00  0.0000E+00  0.0000E+00  0.0000E+00  0.0000E+00  0.0000E+00  0.0000E+00
 Relative number of events:
  0.0000E+00  0.0000E+00  0.2663E-01  0.2901E-01  0.0000E+00  0.0000E+00  0.0000E+00  0.0000E+00  0.0000E+00  0.0000E+00  0.3611E-01  0.3500E-01  0.5601E-01  0.5458E-01  0.0000E+00  0.0000E+00  0.0000E+00  0.0000E+00  0.0000E+00  0.0000E+00  0.0000E+00  0.0000E+00  0.6433E-01  0.6417E-01  0.0000E+00  0.0000E+00  0.0000E+00  0.0000E+00  0.4977E-02  0.5983E-02  0.0000E+00  0.0000E+00
  0.0000E+00  0.0000E+00  0.2695E-01  0.2610E-01  0.0000E+00  0.0000E+00  0.0000E+00  0.0000E+00  0.0000E+00  0.0000E+00  0.3616E-01  0.3394E-01  0.5268E-01  0.5564E-01  0.0000E+00  0.0000E+00  0.0000E+00  0.0000E+00  0.0000E+00  0.0000E+00  0.0000E+00  0.0000E+00  0.6247E-01  0.6528E-01  0.0000E+00  0.0000E+00  0.0000E+00  0.0000E+00  0.4659E-02  0.5665E-02  0.0000E+00  0.0000E+00
  0.0000E+00  0.0000E+00  0.2822E-01  0.2859E-01  0.0000E+00  0.0000E+00  0.0000E+00  0.0000E+00  0.0000E+00  0.0000E+00  0.3346E-01  0.3563E-01  0.0000E+00  0.0000E+00  0.0000E+00  0.0000E+00  0.0000E+00  0.0000E+00  0.0000E+00  0.0000E+00  0.0000E+00  0.0000E+00  0.0000E+00  0.0000E+00  0.0000E+00  0.0000E+00  0.0000E+00  0.0000E+00  0.0000E+00  0.0000E+00  0.0000E+00  0.0000E+00
  0.0000E+00  0.0000E+00  0.2695E-01  0.2843E-01  0.0000E+00  0.0000E+00  0.0000E+00  0.0000E+00  0.0000E+00  0.0000E+00  0.3727E-01  0.3510E-01  0.0000E+00  0.0000E+00  0.0000E+00  0.0000E+00  0.0000E+00  0.0000E+00  0.0000E+00  0.0000E+00  0.0000E+00  0.0000E+00  0.0000E+00  0.0000E+00  0.0000E+00  0.0000E+00  0.0000E+00  0.0000E+00  0.0000E+00  0.0000E+00  0.0000E+00  0.0000E+00
 Events:
           0           0         503         548           0           0           0           0           0           0         682         661        1058        1031           0           0           0           0           0           0           0           0        1215        1212           0           0           0           0          94         113           0           0
           0           0         509         493           0           0           0           0           0           0         683         641         995        1051           0           0           0           0           0           0           0           0        1180        1233           0           0           0           0          88         107           0           0
           0           0         533         540           0           0           0           0           0           0         632         673           0           0           0           0           0           0           0           0           0           0           0           0           0           0           0           0           0           0           0           0
           0           0         509         537           0           0           0           0           0           0         704         663           0           0           0           0           0           0           0           0           0           0           0           0           0           0           0           0           0           0           0           0
 Accuracy:    0.019   0.010   0.016   1.399
 Found         4038  events.
 Wrote          530  events.
 Actual xsec    1.3777946907977151E-007
 Correct abs xsec    4.4069886122070838E-007
 Event xsec    4.4069886122070345E-007
 Events wgts > 1:           11
 % Cross section > 1:    3.6307601214171478E-009  0.82386419410302292     
 Iteration  6   Mean: 0.1545E-06 Abs mean: 0.4480E-06   Fluctuation:  0.651E-08   0.203E-03    62.5%
  6    0.1545E-06 0.4480E-06 +- 0.6510E-08      3.68
 Relative summed weights:
  0.0000E+00  0.0000E+00  0.4132E-01  0.3652E-01  0.0000E+00  0.0000E+00  0.0000E+00  0.0000E+00  0.0000E+00  0.0000E+00  0.2452E-01  0.2377E-01  0.8212E-01  0.7276E-01  0.0000E+00  0.0000E+00  0.0000E+00  0.0000E+00  0.0000E+00  0.0000E+00  0.0000E+00  0.0000E+00  0.4631E-01  0.4964E-01  0.0000E+00  0.0000E+00  0.0000E+00  0.0000E+00  0.4453E-02  0.3884E-02  0.0000E+00  0.0000E+00
  0.0000E+00  0.0000E+00  0.4719E-01  0.3325E-01  0.0000E+00  0.0000E+00  0.0000E+00  0.0000E+00  0.0000E+00  0.0000E+00  0.2597E-01  0.2120E-01  0.7530E-01  0.7745E-01  0.0000E+00  0.0000E+00  0.0000E+00  0.0000E+00  0.0000E+00  0.0000E+00  0.0000E+00  0.0000E+00  0.4658E-01  0.4447E-01  0.0000E+00  0.0000E+00  0.0000E+00  0.0000E+00  0.2446E-02  0.3438E-02  0.0000E+00  0.0000E+00
  0.0000E+00  0.0000E+00  0.3015E-01  0.3616E-01  0.0000E+00  0.0000E+00  0.0000E+00  0.0000E+00  0.0000E+00  0.0000E+00  0.2318E-01  0.2603E-01  0.0000E+00  0.0000E+00  0.0000E+00  0.0000E+00  0.0000E+00  0.0000E+00  0.0000E+00  0.0000E+00  0.0000E+00  0.0000E+00  0.0000E+00  0.0000E+00  0.0000E+00  0.0000E+00  0.0000E+00  0.0000E+00  0.0000E+00  0.0000E+00  0.0000E+00  0.0000E+00
  0.0000E+00  0.0000E+00  0.3721E-01  0.3633E-01  0.0000E+00  0.0000E+00  0.0000E+00  0.0000E+00  0.0000E+00  0.0000E+00  0.2260E-01  0.2575E-01  0.0000E+00  0.0000E+00  0.0000E+00  0.0000E+00  0.0000E+00  0.0000E+00  0.0000E+00  0.0000E+00  0.0000E+00  0.0000E+00  0.0000E+00  0.0000E+00  0.0000E+00  0.0000E+00  0.0000E+00  0.0000E+00  0.0000E+00  0.0000E+00  0.0000E+00  0.0000E+00
 Relative number of events:
  0.0000E+00  0.0000E+00  0.2768E-01  0.2882E-01  0.0000E+00  0.0000E+00  0.0000E+00  0.0000E+00  0.0000E+00  0.0000E+00  0.3487E-01  0.3347E-01  0.5627E-01  0.5574E-01  0.0000E+00  0.0000E+00  0.0000E+00  0.0000E+00  0.0000E+00  0.0000E+00  0.0000E+00  0.0000E+00  0.6857E-01  0.6309E-01  0.0000E+00  0.0000E+00  0.0000E+00  0.0000E+00  0.5144E-02  0.5038E-02  0.0000E+00  0.0000E+00
  0.0000E+00  0.0000E+00  0.2623E-01  0.2753E-01  0.0000E+00  0.0000E+00  0.0000E+00  0.0000E+00  0.0000E+00  0.0000E+00  0.3415E-01  0.3360E-01  0.5476E-01  0.5595E-01  0.0000E+00  0.0000E+00  0.0000E+00  0.0000E+00  0.0000E+00  0.0000E+00  0.0000E+00  0.0000E+00  0.6576E-01  0.6605E-01  0.0000E+00  0.0000E+00  0.0000E+00  0.0000E+00  0.5091E-02  0.5012E-02  0.0000E+00  0.0000E+00
  0.0000E+00  0.0000E+00  0.2787E-01  0.2657E-01  0.0000E+00  0.0000E+00  0.0000E+00  0.0000E+00  0.0000E+00  0.0000E+00  0.3524E-01  0.3532E-01  0.0000E+00  0.0000E+00  0.0000E+00  0.0000E+00  0.0000E+00  0.0000E+00  0.0000E+00  0.0000E+00  0.0000E+00  0.0000E+00  0.0000E+00  0.0000E+00  0.0000E+00  0.0000E+00  0.0000E+00  0.0000E+00  0.0000E+00  0.0000E+00  0.0000E+00  0.0000E+00
  0.0000E+00  0.0000E+00  0.2662E-01  0.2715E-01  0.0000E+00  0.0000E+00  0.0000E+00  0.0000E+00  0.0000E+00  0.0000E+00  0.3418E-01  0.3421E-01  0.0000E+00  0.0000E+00  0.0000E+00  0.0000E+00  0.0000E+00  0.0000E+00  0.0000E+00  0.0000E+00  0.0000E+00  0.0000E+00  0.0000E+00  0.0000E+00  0.0000E+00  0.0000E+00  0.0000E+00  0.0000E+00  0.0000E+00  0.0000E+00  0.0000E+00  0.0000E+00
 Events:
           0           0        1044        1087           0           0           0           0           0           0        1315        1262        2122        2102           0           0           0           0           0           0           0           0        2586        2379           0           0           0           0         194         190           0           0
           0           0         989        1038           0           0           0           0           0           0        1288        1267        2065        2110           0           0           0           0           0           0           0           0        2480        2491           0           0           0           0         192         189           0           0
           0           0        1051        1002           0           0           0           0           0           0        1329        1332           0           0           0           0           0           0           0           0           0           0           0           0           0           0           0           0           0           0           0           0
           0           0        1004        1024           0           0           0           0           0           0        1289        1290           0           0           0           0           0           0           0           0           0           0           0           0           0           0           0           0           0           0           0           0
 Accuracy:    0.012   0.010   0.011   1.222
 Found         8251  events.
 Wrote          563  events.
 Actual xsec    1.4733929713948204E-007
 Correct abs xsec    4.4722770491250256E-007
 Event xsec    4.4722770491249869E-007
 Events wgts > 1:            8
 % Cross section > 1:    4.2721320888451138E-009  0.95524763826538162     
 Iteration  7   Mean: 0.1455E-06 Abs mean: 0.4516E-06   Fluctuation:  0.520E-08   0.455E-03    64.4%
  7    0.1455E-06 0.4516E-06 +- 0.5197E-08      4.12
 Relative summed weights:
  0.0000E+00  0.0000E+00  0.4055E-01  0.3764E-01  0.0000E+00  0.0000E+00  0.0000E+00  0.0000E+00  0.0000E+00  0.0000E+00  0.2548E-01  0.2578E-01  0.7705E-01  0.7387E-01  0.0000E+00  0.0000E+00  0.0000E+00  0.0000E+00  0.0000E+00  0.0000E+00  0.0000E+00  0.0000E+00  0.4789E-01  0.4589E-01  0.0000E+00  0.0000E+00  0.0000E+00  0.0000E+00  0.3297E-02  0.3694E-02  0.0000E+00  0.0000E+00
  0.0000E+00  0.0000E+00  0.3626E-01  0.3840E-01  0.0000E+00  0.0000E+00  0.0000E+00  0.0000E+00  0.0000E+00  0.0000E+00  0.2605E-01  0.2538E-01  0.7274E-01  0.7794E-01  0.0000E+00  0.0000E+00  0.0000E+00  0.0000E+00  0.0000E+00  0.0000E+00  0.0000E+00  0.0000E+00  0.4781E-01  0.4597E-01  0.0000E+00  0.0000E+00  0.0000E+00  0.0000E+00  0.3634E-02  0.3532E-02  0.0000E+00  0.0000E+00
  0.0000E+00  0.0000E+00  0.3736E-01  0.3433E-01  0.0000E+00  0.0000E+00  0.0000E+00  0.0000E+00  0.0000E+00  0.0000E+00  0.2427E-01  0.2610E-01  0.0000E+00  0.0000E+00  0.0000E+00  0.0000E+00  0.0000E+00  0.0000E+00  0.0000E+00  0.0000E+00  0.0000E+00  0.0000E+00  0.0000E+00  0.0000E+00  0.0000E+00  0.0000E+00  0.0000E+00  0.0000E+00  0.0000E+00  0.0000E+00  0.0000E+00  0.0000E+00
  0.0000E+00  0.0000E+00  0.3402E-01  0.3658E-01  0.0000E+00  0.0000E+00  0.0000E+00  0.0000E+00  0.0000E+00  0.0000E+00  0.2442E-01  0.2406E-01  0.0000E+00  0.0000E+00  0.0000E+00  0.0000E+00  0.0000E+00  0.0000E+00  0.0000E+00  0.0000E+00  0.0000E+00  0.0000E+00  0.0000E+00  0.0000E+00  0.0000E+00  0.0000E+00  0.0000E+00  0.0000E+00  0.0000E+00  0.0000E+00  0.0000E+00  0.0000E+00
 Relative number of events:
  0.0000E+00  0.0000E+00  0.2757E-01  0.2723E-01  0.0000E+00  0.0000E+00  0.0000E+00  0.0000E+00  0.0000E+00  0.0000E+00  0.3598E-01  0.3385E-01  0.5465E-01  0.5604E-01  0.0000E+00  0.0000E+00  0.0000E+00  0.0000E+00  0.0000E+00  0.0000E+00  0.0000E+00  0.0000E+00  0.6610E-01  0.6440E-01  0.0000E+00  0.0000E+00  0.0000E+00  0.0000E+00  0.4732E-02  0.4811E-02  0.0000E+00  0.0000E+00
  0.0000E+00  0.0000E+00  0.2713E-01  0.2789E-01  0.0000E+00  0.0000E+00  0.0000E+00  0.0000E+00  0.0000E+00  0.0000E+00  0.3489E-01  0.3477E-01  0.5560E-01  0.5455E-01  0.0000E+00  0.0000E+00  0.0000E+00  0.0000E+00  0.0000E+00  0.0000E+00  0.0000E+00  0.0000E+00  0.6438E-01  0.6644E-01  0.0000E+00  0.0000E+00  0.0000E+00  0.0000E+00  0.5234E-02  0.4917E-02  0.0000E+00  0.0000E+00
  0.0000E+00  0.0000E+00  0.2728E-01  0.2711E-01  0.0000E+00  0.0000E+00  0.0000E+00  0.0000E+00  0.0000E+00  0.0000E+00  0.3543E-01  0.3582E-01  0.0000E+00  0.0000E+00  0.0000E+00  0.0000E+00  0.0000E+00  0.0000E+00  0.0000E+00  0.0000E+00  0.0000E+00  0.0000E+00  0.0000E+00  0.0000E+00  0.0000E+00  0.0000E+00  0.0000E+00  0.0000E+00  0.0000E+00  0.0000E+00  0.0000E+00  0.0000E+00
  0.0000E+00  0.0000E+00  0.2682E-01  0.2713E-01  0.0000E+00  0.0000E+00  0.0000E+00  0.0000E+00  0.0000E+00  0.0000E+00  0.3476E-01  0.3450E-01  0.0000E+00  0.0000E+00  0.0000E+00  0.0000E+00  0.0000E+00  0.0000E+00  0.0000E+00  0.0000E+00  0.0000E+00  0.0000E+00  0.0000E+00  0.0000E+00  0.0000E+00  0.0000E+00  0.0000E+00  0.0000E+00  0.0000E+00  0.0000E+00  0.0000E+00  0.0000E+00
 Events:
           0           0        2086        2060           0           0           0           0           0           0        2722        2561        4135        4240           0           0           0           0           0           0           0           0        5001        4873           0           0           0           0         358         364           0           0
           0           0        2053        2110           0           0           0           0           0           0        2640        2631        4207        4127           0           0           0           0           0           0           0           0        4871        5027           0           0           0           0         396         372           0           0
           0           0        2064        2051           0           0           0           0           0           0        2681        2710           0           0           0           0           0           0           0           0           0           0           0           0           0           0           0           0           0           0           0           0
           0           0        2029        2053           0           0           0           0           0           0        2630        2610           0           0           0           0           0           0           0           0           0           0           0           0           0           0           0           0           0           0           0           0
 Accuracy:    0.008   0.010   0.008   1.166
 Finished due to accuracy    8.4725458402514775E-003   1.0000000000000000E-002

 -------------------------------------------------------------------------------
 Accumulated results:   Integral =  0.4479E-06
                        Std dev  =  0.3514E-08
                       Cross sec =  0.1462E-06
             Chi**2 per DoF.     =      1.1663
 -------------------------------------------------------------------------------
 Found        16494  events.
 Wrote         1279  events.
 Actual xsec    1.4696081944577160E-007
 Correct abs xsec    4.4890505641486321E-007
Thanks for using LHAPDF 6.2.1. Please make sure to cite the paper:
  Eur.Phys.J. C75 (2015) 3, 132  (http://arxiv.org/abs/1412.7420)
 Event xsec    4.4890505641484436E-007
 Events wgts > 1:           15
 % Cross section > 1:    4.5106481201280126E-009   1.0048111634455750     
-------------------------------------------------
---------------------------
 Results Last   3 iters: Integral =   0.1470E-06
                     Abs integral =   0.4489E-06
                          Std dev =   0.3650E-08
                  Chi**2 per DoF. =      0.3750
-------------------------------------------------
---------------------------
 Status   1.0000000000000000E-002           8           8

ls status:
events.lhe
ftn26
input_app.txt
results.dat
run1_app.log
