==== LHAPDF6 USING DEFAULT-TYPE LHAGLUE INTERFACE ====
LHAPDF 6.2.1 loading /cvmfs/cms.cern.ch/slc6_amd64_gcc630/external/lhapdf/6.2.1-ghjeda2/share/LHAPDF/NNPDF31_nnlo_as_0118_nf_4_mc_hessian/NNPDF31_nnlo_as_0118_nf_4_mc_hessian_0000.dat
NNPDF31_nnlo_as_0118_nf_4_mc_hessian PDF set, member #0, version 1; LHAPDF ID = 325500
 Process in group number            2
 A PDF is used, so alpha_s(MZ) is going to be modified
 Old value of alpha_s from param_card:   0.11810000000000001     
 New value of alpha_s from PDF lhapdf :  0.11266013434007299     
 using LHAPDF
 Define smin to   10000.000000000000     
 Define smin to   10000.000000000000     
 Define smin to   10000.000000000000     
 Define smin to   10000.000000000000     
 Define smin to   10000.000000000000     
 Define smin to   10000.000000000000     
 Define smin to   10000.000000000000     
 *****************************************************
 *               MadGraph/MadEvent                   *
 *        --------------------------------           *
 *          http://madgraph.hep.uiuc.edu             *
 *          http://madgraph.phys.ucl.ac.be           *
 *          http://madgraph.roma2.infn.it            *
 *        --------------------------------           *
 *                                                   *
 *          PARAMETER AND COUPLING VALUES            *
 *                                                   *
 *****************************************************

  External Params
  ---------------------------------
  
 mdl_MW0 =    80.387000000000000     
 mdl_Gf =    1.1663789999999999E-005
 aS =   0.11810000000000001     
 mdl_ymdo =    1.0000000000000000E-099
 mdl_ymb =    4.1799999999999997     
 mdl_ymt =    173.19999999999999     
 mdl_ymtau =    1.7769999999999999     
 mdl_LambdaSMEFT =    1000.0000000000000     
 mdl_cW =    1.0000000000000000     
 mdl_MZ =    91.187600000000003     
 mdl_MTA =    1.7769999999999999     
 mdl_MT =    173.19999999999999     
 mdl_MB =    4.1799999999999997     
 mdl_MH =    125.09000000000000     
 mdl_WZ =    2.4952000000000001     
 mdl_WW =    2.0850000000000000     
 mdl_WT =    1.5083359999999999     
 mdl_WH =    4.0699999999999998E-003
  Internal Params
  ---------------------------------
  
 mdl_ymm =    1.0000000000000000E-099
 mdl_yme =    1.0000000000000000E-099
 mdl_ymc =    1.0000000000000000E-099
 mdl_yms =    1.0000000000000000E-099
 mdl_ymup =    1.0000000000000000E-099
 mdl_conjg__CKM3x3 =    1.0000000000000000     
 mdl_cH =    0.0000000000000000     
 mdl_cHB =    0.0000000000000000     
 mdl_CKM2x2 =    1.0000000000000000     
 mdl_CKM1x1 =    1.0000000000000000     
 mdl_conjg__CKM1x1 =    1.0000000000000000     
 mdl_dGf =    0.0000000000000000     
 mdl_CKM3x3 =    1.0000000000000000     
 mdl_dMH2 =    0.0000000000000000     
 mdl_conjg__CKM2x2 =    1.0000000000000000     
 mdl_dg1 =    0.0000000000000000     
 mdl_cHW =    0.0000000000000000     
 mdl_dgw =    0.0000000000000000     
 mdl_complexi =  (  0.0000000000000000     ,  1.0000000000000000     )
 mdl_MW =    80.387000000000000     
 mdl_nb__2__exp__0_25 =    1.1892071150027210     
 mdl_MH__exp__2 =    15647.508100000001     
 mdl_sqrt__2 =    1.4142135623730951     
 mdl_MW__exp__2 =    6462.0697689999997     
 mdl_MZ__exp__2 =    8315.1783937600012     
 mdl_sth2 =   0.22285855299877133     
 mdl_MH__exp__6 =    3831206449390.3818     
 mdl_MT__exp__6 =    26995248278778.535     
 mdl_MH__exp__4 =    244844509.73956564     
 mdl_MT__exp__4 =    899894403.09759963     
 mdl_MT__exp__2 =    29998.239999999994     
 mdl_LambdaSMEFT__exp__2 =    1000000.0000000000     
 mdl_cth =   0.88155626422890820     
 mdl_sqrt__sth2 =   0.47207896902824564     
 mdl_sth =   0.47207896902824564     
 mdl_MW0__exp__6 =    269845343347.69711     
 mdl_MW0__exp__4 =    41758345.699423708     
 mdl_MW0__exp__2 =    6462.0697689999997     
 mdl_MZ__exp__4 =    69142191.720053151     
 mdl_MZ__exp__6 =    574929658687.79749     
 mdl_cth__exp__2 =   0.77714144700122867     
 mdl_sth__exp__2 =   0.22285855299877130     
 mdl_sth__exp__3 =   0.10520683593878660     
 mdl_cth__exp__3 =   0.68509391079585125     
 mdl_sth__exp__4 =    4.9665934644706158E-002
 mdl_sqrt__Gf =    3.4152291284773265E-003
 mdl_vevhat =    246.21961912951551     
 mdl_lam =   0.12905352724481209     
 mdl_aEW =    7.5614618607353409E-003
 mdl_yb =    2.4008698866559607E-002
 mdl_yc =    5.7437078628133041E-102
 mdl_ydo =    5.7437078628133041E-102
 mdl_ye =    5.7437078628133041E-102
 mdl_ym =    5.7437078628133041E-102
 mdl_ys =    5.7437078628133041E-102
 mdl_yt =   0.99481020183926416     
 mdl_ytau =    1.0206568872219240E-002
 mdl_yup =    5.7437078628133041E-102
 mdl_vevhat__exp__2 =    60624.100844283676     
 mdl_barlam =   0.12905352724481209     
 mdl_vevT =    246.21961912951551     
 mdl_sqrt__aEW =    8.6956666568672819E-002
 mdl_ee =   0.30825335704310214     
 mdl_gwsh =   0.65296989967087182     
 mdl_vev =    246.21961912951551     
 mdl_g1 =   0.34966952144878632     
 mdl_gw =   0.65296989967087182     
 mdl_ee__exp__2 =    9.5020132128342205E-002
 mdl_gHaa =   -1.9303830602986922E-003
 mdl_gHza =   -6.8546472954154700E-003
 mdl_g1sh =   0.34966952144878632     
 mdl_I1d11 =  (  5.7437078628133041E-102,  0.0000000000000000     )
 mdl_I1d22 =  (  5.7437078628133041E-102,  0.0000000000000000     )
 mdl_I1d33 =  (  2.4008698866559607E-002,  0.0000000000000000     )
 mdl_I2d11 =  (  5.7437078628133041E-102,  0.0000000000000000     )
 mdl_I2d22 =  (  5.7437078628133041E-102,  0.0000000000000000     )
 mdl_I2d33 =  ( 0.99481020183926416     ,  0.0000000000000000     )
 mdl_I3d11 =  (  5.7437078628133041E-102,  0.0000000000000000     )
 mdl_I3d22 =  (  5.7437078628133041E-102,  0.0000000000000000     )
 mdl_I3d33 =  (  2.4008698866559607E-002,  0.0000000000000000     )
 mdl_I4d11 =  (  5.7437078628133041E-102,  0.0000000000000000     )
 mdl_I4d22 =  (  5.7437078628133041E-102,  0.0000000000000000     )
 mdl_I4d33 =  ( 0.99481020183926416     ,  0.0000000000000000     )
 mdl_I5d11 =  (  5.7437078628133041E-102,  0.0000000000000000     )
 mdl_I5d22 =  (  5.7437078628133041E-102,  0.0000000000000000     )
 mdl_I5d33 =  (  2.4008698866559607E-002,  0.0000000000000000     )
 mdl_I6d11 =  (  5.7437078628133041E-102,  0.0000000000000000     )
 mdl_I6d22 =  (  5.7437078628133041E-102,  0.0000000000000000     )
 mdl_I6d33 =  ( 0.99481020183926416     ,  0.0000000000000000     )
 mdl_ee__exp__3 =    2.9290274715240611E-002
 mdl_vevhat__exp__3 =    14926843.019948866     
  Internal Params evaluated point by point
  ----------------------------------------
  
 mdl_sqrt__aS =   0.34365680554879169     
 mdl_G__exp__2 =    1.4840883695558185     
 mdl_gHgg =    3.2334372328970845E-003
 mdl_G__exp__3 =  (  1.8079634332366095     ,  0.0000000000000000     )
  Couplings of SMEFTsim_A_U35_MwScheme_UFO_v3_1-cW_massless
  ---------------------------------
  
        GC_64 =   0.00000E+00   0.52893E-05
       GC_345 =   0.00000E+00   0.28325E-05
         GC_1 =   0.00000E+00   0.10275E+00
         GC_2 =  -0.00000E+00  -0.20550E+00
         GC_3 =  -0.00000E+00  -0.30825E+00
       GC_255 =  -0.00000E+00  -0.42637E+00
       GC_278 =  -0.00000E+00  -0.37035E+00
       GC_280 =  -0.00000E+00  -0.57563E+00
       GC_318 =   0.00000E+00   0.39178E-05
       GC_328 =  -0.00000E+00  -0.55024E-01
       GC_329 =   0.00000E+00   0.11005E+00
       GC_330 =  -0.00000E+00  -0.16507E+00
       GC_400 =   0.00000E+00   0.52490E+02
       GC_809 =  -0.00000E+00  -0.72171E-02
      GC_1073 =  -0.00000E+00  -0.46172E+00

 Collider parameters:
 --------------------

 Running at P P   machine @    13000.000000000000       GeV
 PDF set = lhapdf 
 alpha_s(Mz)= 0.1127 running at 3 loops.
 alpha_s(Mz)= 0.1127 running at 3 loops.
 Renormalization scale set on event-by-event basis
 Factorization   scale set on event-by-event basis


 getting user params
Enter number of events and max and min iterations: 
 Number of events and iterations         2000           8           3
Enter desired fractional accuracy: 
 Desired fractional accuracy:    1.0000000000000000E-002
Enter 0 for fixed, 2 for adjustable grid: 
Suppress amplitude (0 no, 1 yes)? 
 Using suppressed amplitude.
Exact helicity sum (0 yes, n = number/event)? 
 Explicitly summing over helicities
Enter Configuration Number: 
Running Configuration Number:   36
 Not subdividing B.W.
 Attempting mappinvarients           1           8
 Completed mapping           8
 about to integrate           16        2000           8           3          16           1
 Using non-zero grid deformation.
 16 dimensions   2000 events 16 invarients  8 iterations  1 config(s),  (0.99)
 Using h-tuple random number sequence.
 Error opening grid
 Using Uniform Grid!          32
 Using uniform alpha   1.0000000000000000     
 Grid defined OK
 Set CM energy to      13000.00
 Mapping Graph          36  to config          36
 Setting BW          -1           1   80.387000000000000     
 Setting BW          -2           2   80.387000000000000     
Setting grid   3    0.18685E-07   1
Setting grid   4    0.18685E-07   1
Setting grid   5    0.59172E-06   1
 Transforming s_hat 1/s           15   1.1585044837869826E-004   10000.000000000000        168999999.99999997     
  36   1   2   3   4   5   6   7   8   9  10  11  12  13  14
  15  16
 Masses: 0.000E+00 0.000E+00 0.178E+01 0.178E+01 0.000E+00 0.000E+00 0.000E+00 0.000E+00
Using random seed offsets    36 :      2
  with seed                   24
 Ranmar initialization seeds       31094        9399
 
 ********************************************
 * You are using the DiscreteSampler module *
 *      part of the MG5_aMC framework       *
 *         Author: Valentin Hirschi         *
 ********************************************
 
  Particle       3       4       5       6       7       8
      Et >     0.0     0.0     0.0     0.0    10.0    10.0
       E >     0.0     0.0     0.0     0.0     0.0     0.0
     Eta <    -1.0    -1.0    -1.0    -1.0     6.5     6.5
   xqcut:      0.0     0.0     0.0     0.0     0.0     0.0
d R # 3  >    -0.0     0.4     0.0     0.0     0.4     0.4
d R # 4  >    -0.0    -0.0     0.0     0.0     0.4     0.4
d R # 5  >    -0.0    -0.0    -0.0     0.0     0.0     0.0
d R # 6  >    -0.0    -0.0    -0.0    -0.0     0.0     0.0
d R # 7  >    -0.0    -0.0    -0.0    -0.0    -0.0     0.4
s min # 3>     0.0     0.0     0.0     0.0     0.0     0.0
s min # 4>     0.0     0.0     0.0     0.0     0.0     0.0
s min # 5>     0.0     0.0     0.0     0.0     0.0     0.0
s min # 6>     0.0     0.0     0.0     0.0     0.0     0.0
s min # 7>     0.0     0.0     0.0     0.0     0.0 10000.0
xqcutij # 3>     0.0     0.0     0.0     0.0     0.0     0.0
xqcutij # 4>     0.0     0.0     0.0     0.0     0.0     0.0
xqcutij # 5>     0.0     0.0     0.0     0.0     0.0     0.0
xqcutij # 6>     0.0     0.0     0.0     0.0     0.0     0.0
xqcutij # 7>     0.0     0.0     0.0     0.0     0.0     0.0
 No cut BW           -1           1
 No cut BW           -2           2
 No cut BW           -4           3
 No cut BW           -5           4
 alpha_s for scale    28.841314221077358       is   0.13796679135900436     
 Added good helicity          193  -255.70703098499840       in event            1 local:           1
 Added good helicity          209   7.9814573632349284E-002  in event            1 local:           1
 Added good helicity          225 -0.21312106704688055       in event            1 local:           1
 Added good helicity          241  -3.3374322345411888E-005  in event            1 local:           1
 Added good helicity          193  -255.84605324311536       in event            1 local:           1
 Added good helicity          209  -2.2405006691624603E-002  in event            1 local:           1
 Added good helicity          225 -0.13152563026544636       in event            1 local:           1
 Added good helicity          241  -1.6119927540437549E-005  in event            1 local:           1
 RESET CUMULATIVE VARIABLE
 RESET CUMULATIVE VARIABLE
 RESET CUMULATIVE VARIABLE
 Iteration  1   Mean: -.1968E-04 Abs mean: 0.1289E-03   Fluctuation:  0.369E-04   0.545E-01     4.9%
  1   -0.1968E-04 0.1289E-03 +- 0.3685E-04     12.78
 Writing out events   1.6501006467890968E-007   12.782045422434752     
 Relative summed weights:
  0.9745E-02  0.0000E+00  0.2523E+00  0.9543E-02  0.1713E-02  0.0000E+00  0.8367E-02  0.2707E-01  0.0000E+00  0.0000E+00  0.1962E-01  0.6660E-02  0.1279E-05  0.1630E-03
  0.4398E-01  0.0000E+00  0.2281E+00  0.1169E-01  0.4055E-02  0.0000E+00  0.8517E-02  0.3568E-02  0.0000E+00  0.0000E+00  0.1282E-01  0.3779E-02  0.2176E-02  0.3371E-03
  0.1014E-02  0.0000E+00  0.6171E-02  0.6469E-02  0.1544E-04  0.0000E+00  0.9174E-03  0.4705E-02  0.0000E+00  0.0000E+00  0.4844E-03  0.3472E-01  0.8806E-04  0.9373E-03
  0.1964E-01  0.0000E+00  0.4073E-03  0.1279E-01  0.1396E-03  0.0000E+00  0.2106E-02  0.2699E-02  0.0000E+00  0.0000E+00  0.1164E-01  0.8092E-02  0.1076E-02  0.1362E-06
  0.9431E-01  0.0000E+00  0.0000E+00  0.0000E+00  0.1468E-03  0.0000E+00  0.0000E+00  0.0000E+00  0.0000E+00  0.0000E+00  0.0000E+00  0.0000E+00  0.0000E+00  0.0000E+00
  0.7332E-01  0.0000E+00  0.0000E+00  0.0000E+00  0.1443E-03  0.0000E+00  0.0000E+00  0.0000E+00  0.0000E+00  0.0000E+00  0.0000E+00  0.0000E+00  0.0000E+00  0.0000E+00
  0.4766E-01  0.0000E+00  0.0000E+00  0.0000E+00  0.5076E-02  0.0000E+00  0.0000E+00  0.0000E+00  0.0000E+00  0.0000E+00  0.0000E+00  0.0000E+00  0.0000E+00  0.0000E+00
  0.1025E-01  0.0000E+00  0.0000E+00  0.0000E+00  0.8075E-03  0.0000E+00  0.0000E+00  0.0000E+00  0.0000E+00  0.0000E+00  0.0000E+00  0.0000E+00  0.0000E+00  0.0000E+00
 Relative number of events:
  0.4876E-01  0.0000E+00  0.2386E-01  0.2801E-01  0.6224E-02  0.0000E+00  0.3527E-01  0.3216E-01  0.0000E+00  0.0000E+00  0.1556E-01  0.2075E-01  0.6224E-02  0.5187E-02
  0.4253E-01  0.0000E+00  0.2386E-01  0.2075E-01  0.7261E-02  0.0000E+00  0.2801E-01  0.3216E-01  0.0000E+00  0.0000E+00  0.1556E-01  0.2282E-01  0.4149E-02  0.5187E-02
  0.4149E-01  0.0000E+00  0.1867E-01  0.1556E-01  0.4149E-02  0.0000E+00  0.1971E-01  0.3320E-01  0.0000E+00  0.0000E+00  0.7261E-02  0.2282E-01  0.8299E-02  0.3112E-02
  0.3320E-01  0.0000E+00  0.1867E-01  0.1971E-01  0.5187E-02  0.0000E+00  0.2593E-01  0.2282E-01  0.0000E+00  0.0000E+00  0.1452E-01  0.1452E-01  0.7261E-02  0.3112E-02
  0.4876E-01  0.0000E+00  0.0000E+00  0.0000E+00  0.7261E-02  0.0000E+00  0.0000E+00  0.0000E+00  0.0000E+00  0.0000E+00  0.0000E+00  0.0000E+00  0.0000E+00  0.0000E+00
  0.5705E-01  0.0000E+00  0.0000E+00  0.0000E+00  0.8299E-02  0.0000E+00  0.0000E+00  0.0000E+00  0.0000E+00  0.0000E+00  0.0000E+00  0.0000E+00  0.0000E+00  0.0000E+00
  0.4876E-01  0.0000E+00  0.0000E+00  0.0000E+00  0.7261E-02  0.0000E+00  0.0000E+00  0.0000E+00  0.0000E+00  0.0000E+00  0.0000E+00  0.0000E+00  0.0000E+00  0.0000E+00
  0.4876E-01  0.0000E+00  0.0000E+00  0.0000E+00  0.1037E-01  0.0000E+00  0.0000E+00  0.0000E+00  0.0000E+00  0.0000E+00  0.0000E+00  0.0000E+00  0.0000E+00  0.0000E+00
 Events:
          47           0          23          27           6           0          34          31           0           0          15          20           6           5
          41           0          23          20           7           0          27          31           0           0          15          22           4           5
          40           0          18          15           4           0          19          32           0           0           7          22           8           3
          32           0          18          19           5           0          25          22           0           0          14          14           7           3
          47           0           0           0           7           0           0           0           0           0           0           0           0           0
          55           0           0           0           8           0           0           0           0           0           0           0           0           0
          47           0           0           0           7           0           0           0           0           0           0           0           0           0
          47           0           0           0          10           0           0           0           0           0           0           0           0           0
 Iteration  2   Mean: -.8505E-05 Abs mean: 0.9253E-04   Fluctuation:  0.903E-05   0.161E-01    59.0%
  2   -0.8505E-05 0.9253E-04 +- 0.9029E-05      6.17
 Relative summed weights:
  0.2519E-01  0.0000E+00  0.2400E-01  0.7623E-02  0.1916E-02  0.0000E+00  0.2212E-01  0.8547E-02  0.0000E+00  0.0000E+00  0.4065E-02  0.8458E-02  0.8024E-03  0.7450E-03
  0.5454E-01  0.0000E+00  0.1557E-01  0.4923E-02  0.3605E-03  0.0000E+00  0.1411E-01  0.5354E-01  0.0000E+00  0.0000E+00  0.1190E-01  0.5259E-01  0.7269E-03  0.1303E-03
  0.3393E-01  0.0000E+00  0.2229E-01  0.9354E-02  0.2431E-02  0.0000E+00  0.2648E-01  0.1067E-01  0.0000E+00  0.0000E+00  0.3107E-02  0.3210E-02  0.8061E-03  0.7878E-03
  0.7459E-01  0.0000E+00  0.1920E-01  0.3953E-01  0.3286E-02  0.0000E+00  0.1575E-01  0.2024E-01  0.0000E+00  0.0000E+00  0.1170E-01  0.3667E-02  0.6671E-04  0.2954E-02
  0.1205E+00  0.0000E+00  0.0000E+00  0.0000E+00  0.4363E-02  0.0000E+00  0.0000E+00  0.0000E+00  0.0000E+00  0.0000E+00  0.0000E+00  0.0000E+00  0.0000E+00  0.0000E+00
  0.6368E-01  0.0000E+00  0.0000E+00  0.0000E+00  0.1013E-02  0.0000E+00  0.0000E+00  0.0000E+00  0.0000E+00  0.0000E+00  0.0000E+00  0.0000E+00  0.0000E+00  0.0000E+00
  0.7394E-01  0.0000E+00  0.0000E+00  0.0000E+00  0.1273E-02  0.0000E+00  0.0000E+00  0.0000E+00  0.0000E+00  0.0000E+00  0.0000E+00  0.0000E+00  0.0000E+00  0.0000E+00
  0.1133E+00  0.0000E+00  0.0000E+00  0.0000E+00  0.6031E-02  0.0000E+00  0.0000E+00  0.0000E+00  0.0000E+00  0.0000E+00  0.0000E+00  0.0000E+00  0.0000E+00  0.0000E+00
 Relative number of events:
  0.4712E-01  0.0000E+00  0.2306E-01  0.2155E-01  0.1003E-01  0.0000E+00  0.3108E-01  0.2155E-01  0.0000E+00  0.0000E+00  0.1353E-01  0.1404E-01  0.3509E-02  0.4010E-02
  0.5414E-01  0.0000E+00  0.2306E-01  0.2406E-01  0.8521E-02  0.0000E+00  0.2807E-01  0.2657E-01  0.0000E+00  0.0000E+00  0.1404E-01  0.1253E-01  0.3509E-02  0.3008E-02
  0.4712E-01  0.0000E+00  0.2907E-01  0.2005E-01  0.5013E-02  0.0000E+00  0.2556E-01  0.2707E-01  0.0000E+00  0.0000E+00  0.1404E-01  0.8521E-02  0.4511E-02  0.3509E-02
  0.5213E-01  0.0000E+00  0.2155E-01  0.2105E-01  0.7519E-02  0.0000E+00  0.3108E-01  0.1905E-01  0.0000E+00  0.0000E+00  0.1554E-01  0.1604E-01  0.3008E-02  0.5514E-02
  0.4762E-01  0.0000E+00  0.0000E+00  0.0000E+00  0.6015E-02  0.0000E+00  0.0000E+00  0.0000E+00  0.0000E+00  0.0000E+00  0.0000E+00  0.0000E+00  0.0000E+00  0.0000E+00
  0.5163E-01  0.0000E+00  0.0000E+00  0.0000E+00  0.1003E-01  0.0000E+00  0.0000E+00  0.0000E+00  0.0000E+00  0.0000E+00  0.0000E+00  0.0000E+00  0.0000E+00  0.0000E+00
  0.5815E-01  0.0000E+00  0.0000E+00  0.0000E+00  0.5013E-02  0.0000E+00  0.0000E+00  0.0000E+00  0.0000E+00  0.0000E+00  0.0000E+00  0.0000E+00  0.0000E+00  0.0000E+00
  0.5313E-01  0.0000E+00  0.0000E+00  0.0000E+00  0.4511E-02  0.0000E+00  0.0000E+00  0.0000E+00  0.0000E+00  0.0000E+00  0.0000E+00  0.0000E+00  0.0000E+00  0.0000E+00
 Events:
          94           0          46          43          20           0          62          43           0           0          27          28           7           8
         108           0          46          48          17           0          56          53           0           0          28          25           7           6
          94           0          58          40          10           0          51          54           0           0          28          17           9           7
         104           0          43          42          15           0          62          38           0           0          31          32           6          11
          95           0           0           0          12           0           0           0           0           0           0           0           0           0
         103           0           0           0          20           0           0           0           0           0           0           0           0           0
         116           0           0           0          10           0           0           0           0           0           0           0           0           0
         106           0           0           0           9           0           0           0           0           0           0           0           0           0
 Iteration  3   Mean: 0.5684E-05 Abs mean: 0.1253E-03   Fluctuation:  0.880E-05   0.321E-01    72.5%
  3    0.5684E-05 0.1253E-03 +- 0.8801E-05      6.28
 Relative summed weights:
  0.3975E-01  0.0000E+00  0.1808E-01  0.3764E-01  0.8836E-03  0.0000E+00  0.1843E-01  0.1635E-01  0.0000E+00  0.0000E+00  0.1051E-01  0.6399E-02  0.4594E-03  0.2144E-03
  0.7096E-01  0.0000E+00  0.1302E-01  0.2012E-01  0.6141E-03  0.0000E+00  0.1063E-01  0.4102E-01  0.0000E+00  0.0000E+00  0.5872E-02  0.7686E-02  0.2115E-02  0.8899E-03
  0.4682E-01  0.0000E+00  0.1549E-01  0.1108E-01  0.3268E-03  0.0000E+00  0.3925E-01  0.1609E-01  0.0000E+00  0.0000E+00  0.8703E-02  0.7544E-02  0.3597E-02  0.1114E-02
  0.7309E-01  0.0000E+00  0.2081E-01  0.3044E-01  0.8353E-03  0.0000E+00  0.2100E-01  0.1544E-01  0.0000E+00  0.0000E+00  0.9167E-02  0.6613E-01  0.1506E-02  0.5255E-03
  0.7031E-01  0.0000E+00  0.0000E+00  0.0000E+00  0.4042E-02  0.0000E+00  0.0000E+00  0.0000E+00  0.0000E+00  0.0000E+00  0.0000E+00  0.0000E+00  0.0000E+00  0.0000E+00
  0.4986E-01  0.0000E+00  0.0000E+00  0.0000E+00  0.1874E-02  0.0000E+00  0.0000E+00  0.0000E+00  0.0000E+00  0.0000E+00  0.0000E+00  0.0000E+00  0.0000E+00  0.0000E+00
  0.7369E-01  0.0000E+00  0.0000E+00  0.0000E+00  0.1265E-02  0.0000E+00  0.0000E+00  0.0000E+00  0.0000E+00  0.0000E+00  0.0000E+00  0.0000E+00  0.0000E+00  0.0000E+00
  0.8790E-01  0.0000E+00  0.0000E+00  0.0000E+00  0.4634E-03  0.0000E+00  0.0000E+00  0.0000E+00  0.0000E+00  0.0000E+00  0.0000E+00  0.0000E+00  0.0000E+00  0.0000E+00
 Relative number of events:
  0.5215E-01  0.0000E+00  0.2067E-01  0.2331E-01  0.4566E-02  0.0000E+00  0.2547E-01  0.2620E-01  0.0000E+00  0.0000E+00  0.1586E-01  0.1370E-01  0.3124E-02  0.2884E-02
  0.5600E-01  0.0000E+00  0.2211E-01  0.2596E-01  0.4086E-02  0.0000E+00  0.2523E-01  0.2427E-01  0.0000E+00  0.0000E+00  0.1154E-01  0.1514E-01  0.4086E-02  0.3365E-02
  0.5816E-01  0.0000E+00  0.1826E-01  0.2163E-01  0.5287E-02  0.0000E+00  0.2379E-01  0.2499E-01  0.0000E+00  0.0000E+00  0.1130E-01  0.1202E-01  0.3605E-02  0.4807E-02
  0.5960E-01  0.0000E+00  0.2620E-01  0.2331E-01  0.5528E-02  0.0000E+00  0.2499E-01  0.2523E-01  0.0000E+00  0.0000E+00  0.1586E-01  0.1586E-01  0.3124E-02  0.2644E-02
  0.5215E-01  0.0000E+00  0.0000E+00  0.0000E+00  0.5287E-02  0.0000E+00  0.0000E+00  0.0000E+00  0.0000E+00  0.0000E+00  0.0000E+00  0.0000E+00  0.0000E+00  0.0000E+00
  0.5744E-01  0.0000E+00  0.0000E+00  0.0000E+00  0.5287E-02  0.0000E+00  0.0000E+00  0.0000E+00  0.0000E+00  0.0000E+00  0.0000E+00  0.0000E+00  0.0000E+00  0.0000E+00
  0.5191E-01  0.0000E+00  0.0000E+00  0.0000E+00  0.4566E-02  0.0000E+00  0.0000E+00  0.0000E+00  0.0000E+00  0.0000E+00  0.0000E+00  0.0000E+00  0.0000E+00  0.0000E+00
  0.5311E-01  0.0000E+00  0.0000E+00  0.0000E+00  0.4326E-02  0.0000E+00  0.0000E+00  0.0000E+00  0.0000E+00  0.0000E+00  0.0000E+00  0.0000E+00  0.0000E+00  0.0000E+00
 Events:
         217           0          86          97          19           0         106         109           0           0          66          57          13          12
         233           0          92         108          17           0         105         101           0           0          48          63          17          14
         242           0          76          90          22           0          99         104           0           0          47          50          15          20
         248           0         109          97          23           0         104         105           0           0          66          66          13          11
         217           0           0           0          22           0           0           0           0           0           0           0           0           0
         239           0           0           0          22           0           0           0           0           0           0           0           0           0
         216           0           0           0          19           0           0           0           0           0           0           0           0           0
         221           0           0           0          18           0           0           0           0           0           0           0           0           0
 Accuracy:    0.096   0.010   0.056   2.927
 Found          808  events.
 Wrote           25  events.
 Actual xsec    5.8519360556266758E-008
 Correct abs xsec    1.1470882126431816E-004
 Event xsec    1.1470882126431816E-004
 Events wgts > 1:            1
 % Cross section > 1:    2.8112417128483289E-013   2.4507633169471043E-007
 Iteration  4   Mean: 0.4668E-05 Abs mean: 0.1226E-03   Fluctuation:  0.391E-05   0.161E-01    79.8%
  4    0.4668E-05 0.1226E-03 +- 0.3910E-05      4.03
 Relative summed weights:
  0.7947E-01  0.0000E+00  0.1537E-01  0.1467E-01  0.1539E-02  0.0000E+00  0.1986E-01  0.1903E-01  0.0000E+00  0.0000E+00  0.9484E-02  0.7261E-02  0.6256E-03  0.1519E-02
  0.6816E-01  0.0000E+00  0.2480E-01  0.1272E-01  0.2429E-02  0.0000E+00  0.3198E-01  0.1757E-01  0.0000E+00  0.0000E+00  0.6923E-02  0.8264E-02  0.1713E-02  0.3791E-03
  0.7961E-01  0.0000E+00  0.2145E-01  0.3102E-01  0.1152E-02  0.0000E+00  0.2918E-01  0.2496E-01  0.0000E+00  0.0000E+00  0.1306E-01  0.7205E-02  0.8842E-03  0.4457E-02
  0.4640E-01  0.0000E+00  0.1474E-01  0.3191E-01  0.2671E-02  0.0000E+00  0.1995E-01  0.2223E-01  0.0000E+00  0.0000E+00  0.1158E-01  0.6556E-02  0.1452E-02  0.8104E-03
  0.7715E-01  0.0000E+00  0.0000E+00  0.0000E+00  0.4028E-02  0.0000E+00  0.0000E+00  0.0000E+00  0.0000E+00  0.0000E+00  0.0000E+00  0.0000E+00  0.0000E+00  0.0000E+00
  0.7750E-01  0.0000E+00  0.0000E+00  0.0000E+00  0.1342E-02  0.0000E+00  0.0000E+00  0.0000E+00  0.0000E+00  0.0000E+00  0.0000E+00  0.0000E+00  0.0000E+00  0.0000E+00
  0.6073E-01  0.0000E+00  0.0000E+00  0.0000E+00  0.4751E-02  0.0000E+00  0.0000E+00  0.0000E+00  0.0000E+00  0.0000E+00  0.0000E+00  0.0000E+00  0.0000E+00  0.0000E+00
  0.5656E-01  0.0000E+00  0.0000E+00  0.0000E+00  0.2905E-02  0.0000E+00  0.0000E+00  0.0000E+00  0.0000E+00  0.0000E+00  0.0000E+00  0.0000E+00  0.0000E+00  0.0000E+00
 Relative number of events:
  0.6134E-01  0.0000E+00  0.2218E-01  0.2477E-01  0.4246E-02  0.0000E+00  0.2524E-01  0.2890E-01  0.0000E+00  0.0000E+00  0.1168E-01  0.1050E-01  0.3421E-02  0.3067E-02
  0.6122E-01  0.0000E+00  0.2229E-01  0.2123E-01  0.3774E-02  0.0000E+00  0.2347E-01  0.2288E-01  0.0000E+00  0.0000E+00  0.1050E-01  0.1286E-01  0.3657E-02  0.3067E-02
  0.6004E-01  0.0000E+00  0.2241E-01  0.2512E-01  0.3185E-02  0.0000E+00  0.2406E-01  0.2218E-01  0.0000E+00  0.0000E+00  0.1238E-01  0.1227E-01  0.2713E-02  0.3539E-02
  0.5237E-01  0.0000E+00  0.2276E-01  0.2442E-01  0.4718E-02  0.0000E+00  0.2276E-01  0.2489E-01  0.0000E+00  0.0000E+00  0.1380E-01  0.1356E-01  0.2831E-02  0.2359E-02
  0.5886E-01  0.0000E+00  0.0000E+00  0.0000E+00  0.4482E-02  0.0000E+00  0.0000E+00  0.0000E+00  0.0000E+00  0.0000E+00  0.0000E+00  0.0000E+00  0.0000E+00  0.0000E+00
  0.5909E-01  0.0000E+00  0.0000E+00  0.0000E+00  0.4010E-02  0.0000E+00  0.0000E+00  0.0000E+00  0.0000E+00  0.0000E+00  0.0000E+00  0.0000E+00  0.0000E+00  0.0000E+00
  0.5367E-01  0.0000E+00  0.0000E+00  0.0000E+00  0.5780E-02  0.0000E+00  0.0000E+00  0.0000E+00  0.0000E+00  0.0000E+00  0.0000E+00  0.0000E+00  0.0000E+00  0.0000E+00
  0.5591E-01  0.0000E+00  0.0000E+00  0.0000E+00  0.5544E-02  0.0000E+00  0.0000E+00  0.0000E+00  0.0000E+00  0.0000E+00  0.0000E+00  0.0000E+00  0.0000E+00  0.0000E+00
 Events:
         520           0         188         210          36           0         214         245           0           0          99          89          29          26
         519           0         189         180          32           0         199         194           0           0          89         109          31          26
         509           0         190         213          27           0         204         188           0           0         105         104          23          30
         444           0         193         207          40           0         193         211           0           0         117         115          24          20
         499           0           0           0          38           0           0           0           0           0           0           0           0           0
         501           0           0           0          34           0           0           0           0           0           0           0           0           0
         455           0           0           0          49           0           0           0           0           0           0           0           0           0
         474           0           0           0          47           0           0           0           0           0           0           0           0           0
 Accuracy:    0.040   0.010   0.028   2.108
 Found         1475  events.
 Wrote          211  events.
 Actual xsec    3.7557857465027376E-006
 Correct abs xsec    1.2058336581831063E-004
 Event xsec    1.2058336581831015E-004
 Events wgts > 1:            8
 % Cross section > 1:    1.0422072440609601E-006  0.86430432339342167     
 Iteration  5   Mean: 0.3995E-05 Abs mean: 0.1227E-03   Fluctuation:  0.244E-05   0.226E-01    82.9%
  5    0.3995E-05 0.1227E-03 +- 0.2444E-05      3.56
 Relative summed weights:
  0.6745E-01  0.0000E+00  0.2151E-01  0.1795E-01  0.2388E-02  0.0000E+00  0.1727E-01  0.1890E-01  0.0000E+00  0.0000E+00  0.1674E-01  0.1323E-01  0.1339E-02  0.9358E-03
  0.6133E-01  0.0000E+00  0.1806E-01  0.2438E-01  0.2230E-02  0.0000E+00  0.1880E-01  0.2079E-01  0.0000E+00  0.0000E+00  0.1662E-01  0.1300E-01  0.1566E-02  0.1600E-02
  0.7002E-01  0.0000E+00  0.1914E-01  0.1635E-01  0.2087E-02  0.0000E+00  0.1930E-01  0.2403E-01  0.0000E+00  0.0000E+00  0.1591E-01  0.8611E-02  0.1032E-02  0.1363E-02
  0.5941E-01  0.0000E+00  0.2049E-01  0.1915E-01  0.2714E-02  0.0000E+00  0.3213E-01  0.3245E-01  0.0000E+00  0.0000E+00  0.9090E-02  0.1021E-01  0.1797E-02  0.2265E-02
  0.7086E-01  0.0000E+00  0.0000E+00  0.0000E+00  0.2043E-02  0.0000E+00  0.0000E+00  0.0000E+00  0.0000E+00  0.0000E+00  0.0000E+00  0.0000E+00  0.0000E+00  0.0000E+00
  0.7577E-01  0.0000E+00  0.0000E+00  0.0000E+00  0.1583E-02  0.0000E+00  0.0000E+00  0.0000E+00  0.0000E+00  0.0000E+00  0.0000E+00  0.0000E+00  0.0000E+00  0.0000E+00
  0.5990E-01  0.0000E+00  0.0000E+00  0.0000E+00  0.2716E-02  0.0000E+00  0.0000E+00  0.0000E+00  0.0000E+00  0.0000E+00  0.0000E+00  0.0000E+00  0.0000E+00  0.0000E+00
  0.6001E-01  0.0000E+00  0.0000E+00  0.0000E+00  0.3478E-02  0.0000E+00  0.0000E+00  0.0000E+00  0.0000E+00  0.0000E+00  0.0000E+00  0.0000E+00  0.0000E+00  0.0000E+00
 Relative number of events:
  0.6017E-01  0.0000E+00  0.2033E-01  0.2114E-01  0.3938E-02  0.0000E+00  0.2351E-01  0.2328E-01  0.0000E+00  0.0000E+00  0.1361E-01  0.1286E-01  0.2722E-02  0.2548E-02
  0.6040E-01  0.0000E+00  0.2027E-01  0.2340E-01  0.4459E-02  0.0000E+00  0.2143E-01  0.2525E-01  0.0000E+00  0.0000E+00  0.1106E-01  0.1274E-01  0.3764E-02  0.2838E-02
  0.5930E-01  0.0000E+00  0.2235E-01  0.2149E-01  0.4054E-02  0.0000E+00  0.2056E-01  0.2392E-01  0.0000E+00  0.0000E+00  0.1274E-01  0.1141E-01  0.2259E-02  0.2722E-02
  0.6191E-01  0.0000E+00  0.2282E-01  0.2149E-01  0.4575E-02  0.0000E+00  0.2288E-01  0.2195E-01  0.0000E+00  0.0000E+00  0.1228E-01  0.1303E-01  0.3533E-02  0.3359E-02
  0.6075E-01  0.0000E+00  0.0000E+00  0.0000E+00  0.4112E-02  0.0000E+00  0.0000E+00  0.0000E+00  0.0000E+00  0.0000E+00  0.0000E+00  0.0000E+00  0.0000E+00  0.0000E+00
  0.6423E-01  0.0000E+00  0.0000E+00  0.0000E+00  0.3301E-02  0.0000E+00  0.0000E+00  0.0000E+00  0.0000E+00  0.0000E+00  0.0000E+00  0.0000E+00  0.0000E+00  0.0000E+00
  0.6081E-01  0.0000E+00  0.0000E+00  0.0000E+00  0.4633E-02  0.0000E+00  0.0000E+00  0.0000E+00  0.0000E+00  0.0000E+00  0.0000E+00  0.0000E+00  0.0000E+00  0.0000E+00
  0.5930E-01  0.0000E+00  0.0000E+00  0.0000E+00  0.4517E-02  0.0000E+00  0.0000E+00  0.0000E+00  0.0000E+00  0.0000E+00  0.0000E+00  0.0000E+00  0.0000E+00  0.0000E+00
 Events:
        1039           0         351         365          68           0         406         402           0           0         235         222          47          44
        1043           0         350         404          77           0         370         436           0           0         191         220          65          49
        1024           0         386         371          70           0         355         413           0           0         220         197          39          47
        1069           0         394         371          79           0         395         379           0           0         212         225          61          58
        1049           0           0           0          71           0           0           0           0           0           0           0           0           0
        1109           0           0           0          57           0           0           0           0           0           0           0           0           0
        1050           0           0           0          80           0           0           0           0           0           0           0           0           0
        1024           0           0           0          78           0           0           0           0           0           0           0           0           0
 Accuracy:    0.020   0.010   0.016   1.608
 Found         3090  events.
 Wrote          374  events.
 Actual xsec    4.2657718746032019E-006
 Correct abs xsec    1.2284801047949257E-004
 Event xsec    1.2284801047949360E-004
 Events wgts > 1:            8
 % Cross section > 1:    1.1181306024848639E-006  0.91017396058807787     
 Iteration  6   Mean: 0.5890E-05 Abs mean: 0.1195E-03   Fluctuation:  0.132E-05   0.169E-01    84.5%
  6    0.5890E-05 0.1195E-03 +- 0.1320E-05      2.79
 Relative summed weights:
  0.5935E-01  0.0000E+00  0.1973E-01  0.1998E-01  0.1964E-02  0.0000E+00  0.2060E-01  0.2334E-01  0.0000E+00  0.0000E+00  0.1234E-01  0.1175E-01  0.1878E-02  0.1096E-02
  0.6860E-01  0.0000E+00  0.2502E-01  0.2405E-01  0.3333E-02  0.0000E+00  0.1975E-01  0.2134E-01  0.0000E+00  0.0000E+00  0.1296E-01  0.9140E-02  0.1170E-02  0.1768E-02
  0.6758E-01  0.0000E+00  0.1959E-01  0.1999E-01  0.2433E-02  0.0000E+00  0.1955E-01  0.2106E-01  0.0000E+00  0.0000E+00  0.1214E-01  0.1187E-01  0.1768E-02  0.3432E-02
  0.6027E-01  0.0000E+00  0.2161E-01  0.2291E-01  0.3437E-02  0.0000E+00  0.2303E-01  0.2131E-01  0.0000E+00  0.0000E+00  0.1221E-01  0.1023E-01  0.1526E-02  0.1653E-02
  0.6767E-01  0.0000E+00  0.0000E+00  0.0000E+00  0.2444E-02  0.0000E+00  0.0000E+00  0.0000E+00  0.0000E+00  0.0000E+00  0.0000E+00  0.0000E+00  0.0000E+00  0.0000E+00
  0.6691E-01  0.0000E+00  0.0000E+00  0.0000E+00  0.2235E-02  0.0000E+00  0.0000E+00  0.0000E+00  0.0000E+00  0.0000E+00  0.0000E+00  0.0000E+00  0.0000E+00  0.0000E+00
  0.6377E-01  0.0000E+00  0.0000E+00  0.0000E+00  0.2638E-02  0.0000E+00  0.0000E+00  0.0000E+00  0.0000E+00  0.0000E+00  0.0000E+00  0.0000E+00  0.0000E+00  0.0000E+00
  0.7504E-01  0.0000E+00  0.0000E+00  0.0000E+00  0.2513E-02  0.0000E+00  0.0000E+00  0.0000E+00  0.0000E+00  0.0000E+00  0.0000E+00  0.0000E+00  0.0000E+00  0.0000E+00
 Relative number of events:
  0.6352E-01  0.0000E+00  0.2080E-01  0.2178E-01  0.3863E-02  0.0000E+00  0.2292E-01  0.2347E-01  0.0000E+00  0.0000E+00  0.1229E-01  0.1214E-01  0.2876E-02  0.2992E-02
  0.6254E-01  0.0000E+00  0.2237E-01  0.2257E-01  0.3718E-02  0.0000E+00  0.2254E-01  0.2248E-01  0.0000E+00  0.0000E+00  0.1220E-01  0.1153E-01  0.2614E-02  0.2730E-02
  0.6257E-01  0.0000E+00  0.2045E-01  0.2152E-01  0.3660E-02  0.0000E+00  0.2112E-01  0.2178E-01  0.0000E+00  0.0000E+00  0.1264E-01  0.1171E-01  0.2847E-02  0.3311E-02
  0.6344E-01  0.0000E+00  0.2173E-01  0.2036E-01  0.4154E-02  0.0000E+00  0.2266E-01  0.2033E-01  0.0000E+00  0.0000E+00  0.1121E-01  0.1150E-01  0.3340E-02  0.2876E-02
  0.6123E-01  0.0000E+00  0.0000E+00  0.0000E+00  0.3863E-02  0.0000E+00  0.0000E+00  0.0000E+00  0.0000E+00  0.0000E+00  0.0000E+00  0.0000E+00  0.0000E+00  0.0000E+00
  0.6352E-01  0.0000E+00  0.0000E+00  0.0000E+00  0.3573E-02  0.0000E+00  0.0000E+00  0.0000E+00  0.0000E+00  0.0000E+00  0.0000E+00  0.0000E+00  0.0000E+00  0.0000E+00
  0.6233E-01  0.0000E+00  0.0000E+00  0.0000E+00  0.4183E-02  0.0000E+00  0.0000E+00  0.0000E+00  0.0000E+00  0.0000E+00  0.0000E+00  0.0000E+00  0.0000E+00  0.0000E+00
  0.6286E-01  0.0000E+00  0.0000E+00  0.0000E+00  0.3311E-02  0.0000E+00  0.0000E+00  0.0000E+00  0.0000E+00  0.0000E+00  0.0000E+00  0.0000E+00  0.0000E+00  0.0000E+00
 Events:
        2187           0         716         750         133           0         789         808           0           0         423         418          99         103
        2153           0         770         777         128           0         776         774           0           0         420         397          90          94
        2154           0         704         741         126           0         727         750           0           0         435         403          98         114
        2184           0         748         701         143           0         780         700           0           0         386         396         115          99
        2108           0           0           0         133           0           0           0           0           0           0           0           0           0
        2187           0           0           0         123           0           0           0           0           0           0           0           0           0
        2146           0           0           0         144           0           0           0           0           0           0           0           0           0
        2164           0           0           0         114           0           0           0           0           0           0           0           0           0
 Accuracy:    0.011   0.010   0.009   1.558
 Found         6384  events.
 Wrote         1492  events.
 Actual xsec    5.3787491813876161E-006
 Correct abs xsec    1.2045124099255442E-004
 Event xsec    1.2045124099255296E-004
 Events wgts > 1:           32
 % Cross section > 1:    1.1548959171587755E-006  0.95880781936499793     
 Iteration  7   Mean: 0.5870E-05 Abs mean: 0.1183E-03   Fluctuation:  0.849E-06   0.203E-01    85.3%
  7    0.5870E-05 0.1183E-03 +- 0.8485E-06      2.57
 Exceeded boost           3          96   128000.000    
 Exceeded boost           4          94   128000.000    
 Relative summed weights:
  0.6390E-01  0.0000E+00  0.2017E-01  0.2224E-01  0.2716E-02  0.0000E+00  0.2251E-01  0.2561E-01  0.0000E+00  0.0000E+00  0.1253E-01  0.1049E-01  0.1531E-02  0.2423E-02
  0.6306E-01  0.0000E+00  0.2068E-01  0.2222E-01  0.2214E-02  0.0000E+00  0.2160E-01  0.2175E-01  0.0000E+00  0.0000E+00  0.1267E-01  0.1231E-01  0.1921E-02  0.1783E-02
  0.6619E-01  0.0000E+00  0.2401E-01  0.1748E-01  0.2304E-02  0.0000E+00  0.2234E-01  0.2344E-01  0.0000E+00  0.0000E+00  0.1164E-01  0.1188E-01  0.1896E-02  0.1908E-02
  0.6554E-01  0.0000E+00  0.2137E-01  0.2240E-01  0.2225E-02  0.0000E+00  0.2167E-01  0.2062E-01  0.0000E+00  0.0000E+00  0.1017E-01  0.1153E-01  0.2152E-02  0.1449E-02
  0.6737E-01  0.0000E+00  0.0000E+00  0.0000E+00  0.2506E-02  0.0000E+00  0.0000E+00  0.0000E+00  0.0000E+00  0.0000E+00  0.0000E+00  0.0000E+00  0.0000E+00  0.0000E+00
  0.6347E-01  0.0000E+00  0.0000E+00  0.0000E+00  0.1960E-02  0.0000E+00  0.0000E+00  0.0000E+00  0.0000E+00  0.0000E+00  0.0000E+00  0.0000E+00  0.0000E+00  0.0000E+00
  0.6837E-01  0.0000E+00  0.0000E+00  0.0000E+00  0.1985E-02  0.0000E+00  0.0000E+00  0.0000E+00  0.0000E+00  0.0000E+00  0.0000E+00  0.0000E+00  0.0000E+00  0.0000E+00
  0.6555E-01  0.0000E+00  0.0000E+00  0.0000E+00  0.2247E-02  0.0000E+00  0.0000E+00  0.0000E+00  0.0000E+00  0.0000E+00  0.0000E+00  0.0000E+00  0.0000E+00  0.0000E+00
 Relative number of events:
  0.6328E-01  0.0000E+00  0.2145E-01  0.2135E-01  0.3969E-02  0.0000E+00  0.2257E-01  0.2328E-01  0.0000E+00  0.0000E+00  0.1142E-01  0.1119E-01  0.2598E-02  0.2598E-02
  0.6277E-01  0.0000E+00  0.2279E-01  0.2174E-01  0.3248E-02  0.0000E+00  0.2190E-01  0.2227E-01  0.0000E+00  0.0000E+00  0.1211E-01  0.1199E-01  0.2829E-02  0.2584E-02
  0.6170E-01  0.0000E+00  0.2216E-01  0.2091E-01  0.3810E-02  0.0000E+00  0.2270E-01  0.2286E-01  0.0000E+00  0.0000E+00  0.1132E-01  0.1178E-01  0.2497E-02  0.2511E-02
  0.6305E-01  0.0000E+00  0.2177E-01  0.2224E-01  0.3666E-02  0.0000E+00  0.2249E-01  0.2262E-01  0.0000E+00  0.0000E+00  0.1152E-01  0.1108E-01  0.2988E-02  0.2656E-02
  0.6243E-01  0.0000E+00  0.0000E+00  0.0000E+00  0.3709E-02  0.0000E+00  0.0000E+00  0.0000E+00  0.0000E+00  0.0000E+00  0.0000E+00  0.0000E+00  0.0000E+00  0.0000E+00
Thanks for using LHAPDF 6.2.1. Please make sure to cite the paper:
  Eur.Phys.J. C75 (2015) 3, 132  (http://arxiv.org/abs/1412.7420)
  0.6218E-01  0.0000E+00  0.0000E+00  0.0000E+00  0.3753E-02  0.0000E+00  0.0000E+00  0.0000E+00  0.0000E+00  0.0000E+00  0.0000E+00  0.0000E+00  0.0000E+00  0.0000E+00
  0.6397E-01  0.0000E+00  0.0000E+00  0.0000E+00  0.3767E-02  0.0000E+00  0.0000E+00  0.0000E+00  0.0000E+00  0.0000E+00  0.0000E+00  0.0000E+00  0.0000E+00  0.0000E+00
  0.6225E-01  0.0000E+00  0.0000E+00  0.0000E+00  0.3695E-02  0.0000E+00  0.0000E+00  0.0000E+00  0.0000E+00  0.0000E+00  0.0000E+00  0.0000E+00  0.0000E+00  0.0000E+00
 Events:
        4384           0        1486        1479         275           0        1564        1613           0           0         791         775         180         180
        4349           0        1579        1506         225           0        1517        1543           0           0         839         831         196         179
        4275           0        1535        1449         264           0        1573        1584           0           0         784         816         173         174
        4368           0        1508        1541         254           0        1558        1567           0           0         798         768         207         184
        4325           0           0           0         257           0           0           0           0           0           0           0           0           0
        4308           0           0           0         260           0           0           0           0           0           0           0           0           0
        4432           0           0           0         261           0           0           0           0           0           0           0           0           0
        4313           0           0           0         256           0           0           0           0           0           0           0           0           0
 Accuracy:    0.007   0.010   0.006   1.657
 Finished due to accuracy    7.2569847694424127E-003   1.0000000000000000E-002

 -------------------------------------------------------------------------------
 Accumulated results:   Integral =  0.1191E-03
                        Std dev  =  0.6713E-06
                       Cross sec =  0.5629E-05
             Chi**2 per DoF.     =      1.6575
 -------------------------------------------------------------------------------
 Found        13435  events.
 Wrote         3521  events.
 Actual xsec    5.7188996191086438E-006
 Correct abs xsec    1.1902369086712709E-004
 Event xsec    1.1902369086712032E-004
 Events wgts > 1:           78
 % Cross section > 1:    1.1863455937346102E-006  0.99673063832230058     
-------------------------------------------------
---------------------------
 Results Last   3 iters: Integral =   0.5719E-05
                     Abs integral =   0.1190E-03
                          Std dev =   0.6852E-06
                  Chi**2 per DoF. =      1.5402
-------------------------------------------------
---------------------------
 Status   1.0000000000000000E-002           8           8

ls status:
events.lhe
ftn26
input_app.txt
results.dat
run1_app.log
