==== LHAPDF6 USING DEFAULT-TYPE LHAGLUE INTERFACE ====
LHAPDF 6.2.1 loading /cvmfs/cms.cern.ch/slc6_amd64_gcc630/external/lhapdf/6.2.1-ghjeda2/share/LHAPDF/NNPDF31_nnlo_as_0118_nf_4_mc_hessian/NNPDF31_nnlo_as_0118_nf_4_mc_hessian_0000.dat
NNPDF31_nnlo_as_0118_nf_4_mc_hessian PDF set, member #0, version 1; LHAPDF ID = 325500
 Process in group number            1
 A PDF is used, so alpha_s(MZ) is going to be modified
 Old value of alpha_s from param_card:   0.11810000000000001     
 New value of alpha_s from PDF lhapdf :  0.11266013434007299     
 using LHAPDF
 Define smin to   10000.000000000000     
 Define smin to   10000.000000000000     
 Define smin to   10000.000000000000     
 Define smin to   10000.000000000000     
 Define smin to   10000.000000000000     
 Define smin to   10000.000000000000     
 Define smin to   10000.000000000000     
 *****************************************************
 *               MadGraph/MadEvent                   *
 *        --------------------------------           *
 *          http://madgraph.hep.uiuc.edu             *
 *          http://madgraph.phys.ucl.ac.be           *
 *          http://madgraph.roma2.infn.it            *
 *        --------------------------------           *
 *                                                   *
 *          PARAMETER AND COUPLING VALUES            *
 *                                                   *
 *****************************************************

  External Params
  ---------------------------------
  
 mdl_MW0 =    80.387000000000000     
 mdl_Gf =    1.1663789999999999E-005
 aS =   0.11810000000000001     
 mdl_ymdo =    1.0000000000000000E-099
 mdl_ymb =    4.1799999999999997     
 mdl_ymt =    173.19999999999999     
 mdl_ymtau =    1.7769999999999999     
 mdl_LambdaSMEFT =    1000.0000000000000     
 mdl_cHW =    1.0000000000000000     
 mdl_MZ =    91.187600000000003     
 mdl_MTA =    1.7769999999999999     
 mdl_MT =    173.19999999999999     
 mdl_MB =    4.1799999999999997     
 mdl_MH =    125.09000000000000     
 mdl_WZ =    2.4952000000000001     
 mdl_WW =    2.0850000000000000     
 mdl_WT =    1.5083359999999999     
 mdl_WH =    4.0699999999999998E-003
  Internal Params
  ---------------------------------
  
 mdl_ymm =    1.0000000000000000E-099
 mdl_yme =    1.0000000000000000E-099
 mdl_ymc =    1.0000000000000000E-099
 mdl_yms =    1.0000000000000000E-099
 mdl_ymup =    1.0000000000000000E-099
 mdl_conjg__CKM3x3 =    1.0000000000000000     
 mdl_cH =    0.0000000000000000     
 mdl_cHB =    0.0000000000000000     
 mdl_CKM1x1 =    1.0000000000000000     
 mdl_conjg__CKM1x1 =    1.0000000000000000     
 mdl_dGf =    0.0000000000000000     
 mdl_CKM3x3 =    1.0000000000000000     
 mdl_dMH2 =    0.0000000000000000     
 mdl_conjg__CKM2x2 =    1.0000000000000000     
 mdl_dg1 =    0.0000000000000000     
 mdl_CKM2x2 =    1.0000000000000000     
 mdl_dgw =    0.0000000000000000     
 mdl_complexi =  (  0.0000000000000000     ,  1.0000000000000000     )
 mdl_MW =    80.387000000000000     
 mdl_nb__2__exp__0_25 =    1.1892071150027210     
 mdl_MH__exp__2 =    15647.508100000001     
 mdl_sqrt__2 =    1.4142135623730951     
 mdl_MW__exp__2 =    6462.0697689999997     
 mdl_MZ__exp__2 =    8315.1783937600012     
 mdl_sth2 =   0.22285855299877133     
 mdl_MH__exp__6 =    3831206449390.3818     
 mdl_MT__exp__6 =    26995248278778.535     
 mdl_MH__exp__4 =    244844509.73956564     
 mdl_MT__exp__4 =    899894403.09759963     
 mdl_MT__exp__2 =    29998.239999999994     
 mdl_LambdaSMEFT__exp__2 =    1000000.0000000000     
 mdl_cth =   0.88155626422890820     
 mdl_sqrt__sth2 =   0.47207896902824564     
 mdl_sth =   0.47207896902824564     
 mdl_MW0__exp__6 =    269845343347.69711     
 mdl_MW0__exp__4 =    41758345.699423708     
 mdl_MW0__exp__2 =    6462.0697689999997     
 mdl_MZ__exp__4 =    69142191.720053151     
 mdl_MZ__exp__6 =    574929658687.79749     
 mdl_cth__exp__2 =   0.77714144700122867     
 mdl_sth__exp__2 =   0.22285855299877130     
 mdl_sth__exp__3 =   0.10520683593878660     
 mdl_cth__exp__3 =   0.68509391079585125     
 mdl_sth__exp__4 =    4.9665934644706158E-002
 mdl_sqrt__Gf =    3.4152291284773265E-003
 mdl_vevhat =    246.21961912951551     
 mdl_lam =   0.12905352724481209     
 mdl_aEW =    7.5614618607353409E-003
 mdl_yb =    2.4008698866559607E-002
 mdl_yc =    5.7437078628133041E-102
 mdl_ydo =    5.7437078628133041E-102
 mdl_ye =    5.7437078628133041E-102
 mdl_ym =    5.7437078628133041E-102
 mdl_ys =    5.7437078628133041E-102
 mdl_yt =   0.99481020183926416     
 mdl_ytau =    1.0206568872219240E-002
 mdl_yup =    5.7437078628133041E-102
 mdl_vevhat__exp__2 =    60624.100844283676     
 mdl_barlam =   0.12905352724481209     
 mdl_vevT =    246.21961912951551     
 mdl_sqrt__aEW =    8.6956666568672819E-002
 mdl_ee =   0.30825335704310214     
 mdl_gwsh =   0.61338418662494298     
 mdl_vev =    246.21961912951551     
 mdl_g1 =   0.34966952144878632     
 mdl_gw =   0.65296989967087182     
 mdl_ee__exp__2 =    9.5020132128342205E-002
 mdl_gHaa =   -1.9303830602986922E-003
 mdl_gHza =   -6.8546472954154700E-003
 mdl_g1sh =   0.34966952144878632     
 mdl_I1d11 =  (  5.7437078628133041E-102,  0.0000000000000000     )
 mdl_I1d22 =  (  5.7437078628133041E-102,  0.0000000000000000     )
 mdl_I1d33 =  (  2.4008698866559607E-002,  0.0000000000000000     )
 mdl_I2d11 =  (  5.7437078628133041E-102,  0.0000000000000000     )
 mdl_I2d22 =  (  5.7437078628133041E-102,  0.0000000000000000     )
 mdl_I2d33 =  ( 0.99481020183926416     ,  0.0000000000000000     )
 mdl_I3d11 =  (  5.7437078628133041E-102,  0.0000000000000000     )
 mdl_I3d22 =  (  5.7437078628133041E-102,  0.0000000000000000     )
 mdl_I3d33 =  (  2.4008698866559607E-002,  0.0000000000000000     )
 mdl_I4d11 =  (  5.7437078628133041E-102,  0.0000000000000000     )
 mdl_I4d22 =  (  5.7437078628133041E-102,  0.0000000000000000     )
 mdl_I4d33 =  ( 0.99481020183926416     ,  0.0000000000000000     )
 mdl_I5d11 =  (  5.7437078628133041E-102,  0.0000000000000000     )
 mdl_I5d22 =  (  5.7437078628133041E-102,  0.0000000000000000     )
 mdl_I5d33 =  (  2.4008698866559607E-002,  0.0000000000000000     )
 mdl_I6d11 =  (  5.7437078628133041E-102,  0.0000000000000000     )
 mdl_I6d22 =  (  5.7437078628133041E-102,  0.0000000000000000     )
 mdl_I6d33 =  ( 0.99481020183926416     ,  0.0000000000000000     )
 mdl_ee__exp__3 =    2.9290274715240611E-002
 mdl_vevhat__exp__3 =    14926843.019948866     
  Internal Params evaluated point by point
  ----------------------------------------
  
 mdl_sqrt__aS =   0.34365680554879169     
 mdl_G__exp__2 =    1.4840883695558185     
 mdl_gHgg =    3.2334372328970845E-003
 mdl_G__exp__3 =  (  1.8079634332366095     ,  0.0000000000000000     )
  Couplings of SMEFTsim_A_U35_MwScheme_UFO_v3_1-cHW_massless
  ---------------------------------
  
         GC_1 =   0.00000E+00   0.10275E+00
         GC_2 =  -0.00000E+00  -0.20550E+00
         GC_3 =  -0.00000E+00  -0.30825E+00
       GC_255 =  -0.00000E+00  -0.42637E+00
       GC_278 =  -0.00000E+00  -0.37035E+00
       GC_280 =  -0.00000E+00  -0.57563E+00
       GC_328 =  -0.00000E+00  -0.55024E-01
       GC_329 =   0.00000E+00   0.11005E+00
       GC_330 =  -0.00000E+00  -0.16507E+00
       GC_387 =   0.00000E+00   0.98488E-03
       GC_400 =   0.00000E+00   0.52490E+02
       GC_809 =  -0.00000E+00  -0.72171E-02
      GC_1073 =  -0.00000E+00  -0.46172E+00

 Collider parameters:
 --------------------

 Running at P P   machine @    13000.000000000000       GeV
 PDF set = lhapdf 
 alpha_s(Mz)= 0.1127 running at 3 loops.
 alpha_s(Mz)= 0.1127 running at 3 loops.
 Renormalization scale set on event-by-event basis
 Factorization   scale set on event-by-event basis


 getting user params
Enter number of events and max and min iterations: 
 Number of events and iterations         2000           8           3
Enter desired fractional accuracy: 
 Desired fractional accuracy:    1.0000000000000000E-002
Enter 0 for fixed, 2 for adjustable grid: 
Suppress amplitude (0 no, 1 yes)? 
 Using suppressed amplitude.
Exact helicity sum (0 yes, n = number/event)? 
 Explicitly summing over helicities
Enter Configuration Number: 
Running Configuration Number:  278
 Not subdividing B.W.
 Attempting mappinvarients           1           8
 Completed mapping           8
 about to integrate           16        2000           8           3          16           1
 Using non-zero grid deformation.
 16 dimensions   2000 events 16 invarients  8 iterations  1 config(s),  (0.99)
 Using h-tuple random number sequence.
 Error opening grid
 Using Uniform Grid!          32
 Using uniform alpha   1.0000000000000000     
 Grid defined OK
 Set CM energy to      13000.00
 Mapping Graph         278  to config         278
 Setting BW          -1           1   80.387000000000000     
Setting grid   2    0.18685E-07   1
 Setting BW          -3           2   91.187600000000003     
 Setting BW          -4           3   80.387000000000000     
 Warning: No cutoff for shat integral found
          Minimum set to    5.9171597633136107E-009
Setting grid   5    0.59172E-08   1
 Transforming s_hat 1/s           15   2.7827013250863916E-004   10000.000000000000        168999999.99999997     
 278   1   2   3   4   5   6   7   8   9  10  11  12  13  14
  15  16
 Masses: 0.000E+00 0.000E+00 0.000E+00 0.178E+01 0.000E+00 0.000E+00 0.000E+00 0.000E+00
Using random seed offsets   278 :      5
  with seed                   24
 Ranmar initialization seeds           8        9402
 
 ********************************************
 * You are using the DiscreteSampler module *
 *      part of the MG5_aMC framework       *
 *         Author: Valentin Hirschi         *
 ********************************************
 
  Particle       3       4       5       6       7       8
      Et >     0.0     0.0     0.0     0.0    10.0    10.0
       E >     0.0     0.0     0.0     0.0     0.0     0.0
     Eta <    -1.0    -1.0    -1.0    -1.0     6.5     6.5
   xqcut:      0.0     0.0     0.0     0.0     0.0     0.0
d R # 3  >    -0.0     0.4     0.0     0.0     0.4     0.4
d R # 4  >    -0.0    -0.0     0.0     0.0     0.4     0.4
d R # 5  >    -0.0    -0.0    -0.0     0.0     0.0     0.0
d R # 6  >    -0.0    -0.0    -0.0    -0.0     0.0     0.0
d R # 7  >    -0.0    -0.0    -0.0    -0.0    -0.0     0.4
s min # 3>     0.0     0.0     0.0     0.0     0.0     0.0
s min # 4>     0.0     0.0     0.0     0.0     0.0     0.0
s min # 5>     0.0     0.0     0.0     0.0     0.0     0.0
s min # 6>     0.0     0.0     0.0     0.0     0.0     0.0
s min # 7>     0.0     0.0     0.0     0.0     0.0 10000.0
xqcutij # 3>     0.0     0.0     0.0     0.0     0.0     0.0
xqcutij # 4>     0.0     0.0     0.0     0.0     0.0     0.0
xqcutij # 5>     0.0     0.0     0.0     0.0     0.0     0.0
xqcutij # 6>     0.0     0.0     0.0     0.0     0.0     0.0
xqcutij # 7>     0.0     0.0     0.0     0.0     0.0     0.0
 No cut BW           -1           1
 No cut BW           -3           2
 No cut BW           -4           3
 alpha_s for scale    76.832271268124572       is   0.11580347086860129     
 Added good helicity          193  -255.64971842666114       in event            1 local:           1
 Added good helicity          209 -0.35028157333884929       in event            1 local:           1
 Added good helicity          193  -255.64971842666111       in event            1 local:           1
 Added good helicity          209 -0.35028157333890797       in event            1 local:           1
 RESET CUMULATIVE VARIABLE
 RESET CUMULATIVE VARIABLE
 RESET CUMULATIVE VARIABLE
 Warning: Too low fact scales:    136.22006293336867        1.5925616305342889     
 Warning: Too low fact scales:    1.6222876538844955        144.07155794609997     
 Warning: Too low fact scales:    1.6222876538844955        144.07155794609997     
 Iteration  1   Mean: 0.3129E-08 Abs mean: 0.3188E-07   Fluctuation:  0.632E-08   0.700E-05    16.7%
  1    0.3129E-08 0.3188E-07 +- 0.6324E-08      8.87
 Writing out events   1.1948788758729845E-011   8.8710659174493518     
 Relative summed weights:
  0.0000E+00  0.0000E+00  0.1359E+00  0.1755E+00  0.0000E+00  0.0000E+00  0.0000E+00  0.0000E+00  0.2615E+00  0.2587E+00  0.0000E+00  0.0000E+00  0.0000E+00  0.0000E+00
  0.0000E+00  0.0000E+00  0.2616E-01  0.7158E-01  0.0000E+00  0.0000E+00  0.0000E+00  0.0000E+00  0.2314E-01  0.4758E-01  0.0000E+00  0.0000E+00  0.0000E+00  0.0000E+00
 Relative number of events:
  0.0000E+00  0.0000E+00  0.3133E+00  0.3208E+00  0.0000E+00  0.0000E+00  0.0000E+00  0.0000E+00  0.5648E-01  0.5873E-01  0.0000E+00  0.0000E+00  0.0000E+00  0.0000E+00
  0.0000E+00  0.0000E+00  0.1032E+00  0.9262E-01  0.0000E+00  0.0000E+00  0.0000E+00  0.0000E+00  0.2560E-01  0.2937E-01  0.0000E+00  0.0000E+00  0.0000E+00  0.0000E+00
 Events:
           0           0         416         426           0           0           0           0          75          78           0           0           0           0
           0           0         137         123           0           0           0           0          34          39           0           0           0           0
Warning xbin not returning correct x   3  0.532916E+01  0.532222E+01  0.9992E-14
Warning xbin not returning correct x   3  0.402600E+01  0.401111E+01  0.9992E-14
Warning xbin not returning correct x   3  0.765175E+01  0.766667E+01  0.9992E-14
Warning xbin not returning correct x   3  0.942083E+01  0.941111E+01  0.9992E-14
Warning xbin not returning correct x   3  0.783794E+01  0.782222E+01  0.9992E-14
Warning xbin still not working well. Last message this iteration.
 Warning: Too low fact scales:    1.4753845530926182        93.012374708810555     
 Warning: Too low fact scales:    1.4753845530926182        93.012374708810555     
 Iteration  2   Mean: 0.2103E-07 Abs mean: 0.3279E-07   Fluctuation:  0.437E-08   0.803E-05    31.7%
  2    0.2103E-07 0.3279E-07 +- 0.4368E-08      8.42
 Relative summed weights:
  0.0000E+00  0.0000E+00  0.1976E+00  0.9978E-01  0.0000E+00  0.0000E+00  0.0000E+00  0.0000E+00  0.1057E+00  0.1848E+00  0.0000E+00  0.0000E+00  0.0000E+00  0.0000E+00
  0.0000E+00  0.0000E+00  0.6932E-01  0.1130E+00  0.0000E+00  0.0000E+00  0.0000E+00  0.0000E+00  0.1232E+00  0.1066E+00  0.0000E+00  0.0000E+00  0.0000E+00  0.0000E+00
 Relative number of events:
  0.0000E+00  0.0000E+00  0.3207E+00  0.3049E+00  0.0000E+00  0.0000E+00  0.0000E+00  0.0000E+00  0.6745E-01  0.5372E-01  0.0000E+00  0.0000E+00  0.0000E+00  0.0000E+00
  0.0000E+00  0.0000E+00  0.1026E+00  0.9047E-01  0.0000E+00  0.0000E+00  0.0000E+00  0.0000E+00  0.3231E-01  0.2787E-01  0.0000E+00  0.0000E+00  0.0000E+00  0.0000E+00
 Events:
           0           0         794         755           0           0           0           0         167         133           0           0           0           0
           0           0         254         224           0           0           0           0          80          69           0           0           0           0
 Warning: Too low fact scales:    1.0355760985127596        196.37079015434657     
 Warning: Too low fact scales:    1.0355760985127596        196.37079015434657     
 Warning: Too low fact scales:    1.9839457016634916        98.134267692332912     
 Warning: Too low fact scales:    1.9839457016634916        98.134267692332912     
 Iteration  3   Mean: 0.6127E-08 Abs mean: 0.2640E-07   Fluctuation:  0.180E-08   0.794E-05    45.4%
  3    0.6127E-08 0.2640E-07 +- 0.1798E-08      6.09
 Relative summed weights:
  0.0000E+00  0.0000E+00  0.1921E+00  0.1915E+00  0.0000E+00  0.0000E+00  0.0000E+00  0.0000E+00  0.1965E+00  0.8936E-01  0.0000E+00  0.0000E+00  0.0000E+00  0.0000E+00
  0.0000E+00  0.0000E+00  0.1127E+00  0.9578E-01  0.0000E+00  0.0000E+00  0.0000E+00  0.0000E+00  0.5789E-01  0.6423E-01  0.0000E+00  0.0000E+00  0.0000E+00  0.0000E+00
 Relative number of events:
  0.0000E+00  0.0000E+00  0.3103E+00  0.3042E+00  0.0000E+00  0.0000E+00  0.0000E+00  0.0000E+00  0.6981E-01  0.6149E-01  0.0000E+00  0.0000E+00  0.0000E+00  0.0000E+00
  0.0000E+00  0.0000E+00  0.9963E-01  0.9984E-01  0.0000E+00  0.0000E+00  0.0000E+00  0.0000E+00  0.2780E-01  0.2699E-01  0.0000E+00  0.0000E+00  0.0000E+00  0.0000E+00
 Events:
           0           0        1529        1499           0           0           0           0         344         303           0           0           0           0
           0           0         491         492           0           0           0           0         137         133           0           0           0           0
 Accuracy:    0.069   0.010   0.058   1.412
 Found          772  events.
 Wrote           19  events.
 Actual xsec    8.6948888234863380E-009
 Correct abs xsec    2.8081623672443511E-008
 Event xsec    2.8081623672443487E-008
 Events wgts > 1:            1
 % Cross section > 1:    1.0702676740020740E-016   3.8112741858738329E-007
 Warning: Too low fact scales:    1.8960113971278678        110.52662116591063     
 Warning: Too low fact scales:    1.8960113971278678        110.52662116591065     
 No more warnings written out this run.
 Iteration  4   Mean: 0.1027E-07 Abs mean: 0.3167E-07   Fluctuation:  0.151E-08   0.782E-05    49.2%
  4    0.1027E-07 0.3167E-07 +- 0.1510E-08      6.03
 Relative summed weights:
  0.0000E+00  0.0000E+00  0.1780E+00  0.1801E+00  0.0000E+00  0.0000E+00  0.0000E+00  0.0000E+00  0.8638E-01  0.1170E+00  0.0000E+00  0.0000E+00  0.0000E+00  0.0000E+00
  0.0000E+00  0.0000E+00  0.1798E+00  0.1233E+00  0.0000E+00  0.0000E+00  0.0000E+00  0.0000E+00  0.7323E-01  0.6208E-01  0.0000E+00  0.0000E+00  0.0000E+00  0.0000E+00
 Relative number of events:
  0.0000E+00  0.0000E+00  0.3072E+00  0.3154E+00  0.0000E+00  0.0000E+00  0.0000E+00  0.0000E+00  0.5933E-01  0.6160E-01  0.0000E+00  0.0000E+00  0.0000E+00  0.0000E+00
  0.0000E+00  0.0000E+00  0.9967E-01  0.9988E-01  0.0000E+00  0.0000E+00  0.0000E+00  0.0000E+00  0.2796E-01  0.2899E-01  0.0000E+00  0.0000E+00  0.0000E+00  0.0000E+00
 Events:
           0           0        2977        3057           0           0           0           0         575         597           0           0           0           0
           0           0         966         968           0           0           0           0         271         281           0           0           0           0
 Accuracy:    0.047   0.010   0.037   1.647
 Found         1855  events.
 Wrote           67  events.
 Actual xsec    9.8640145795530593E-009
 Correct abs xsec    3.0163983056009957E-008
 Event xsec    3.0163983056009957E-008
 Events wgts > 1:            2
 % Cross section > 1:    4.9412353146704561E-011  0.16381242840162483     
 Iteration  5   Mean: 0.1301E-07 Abs mean: 0.3519E-07   Fluctuation:  0.182E-08   0.314E-04    50.9%
  5    0.1301E-07 0.3519E-07 +- 0.1819E-08      9.25
 Relative summed weights:
  0.0000E+00  0.0000E+00  0.1912E+00  0.1836E+00  0.0000E+00  0.0000E+00  0.0000E+00  0.0000E+00  0.1088E+00  0.8651E-01  0.0000E+00  0.0000E+00  0.0000E+00  0.0000E+00
  0.0000E+00  0.0000E+00  0.1829E+00  0.1052E+00  0.0000E+00  0.0000E+00  0.0000E+00  0.0000E+00  0.5449E-01  0.8733E-01  0.0000E+00  0.0000E+00  0.0000E+00  0.0000E+00
 Relative number of events:
  0.0000E+00  0.0000E+00  0.3187E+00  0.3063E+00  0.0000E+00  0.0000E+00  0.0000E+00  0.0000E+00  0.6344E-01  0.6329E-01  0.0000E+00  0.0000E+00  0.0000E+00  0.0000E+00
  0.0000E+00  0.0000E+00  0.9815E-01  0.9702E-01  0.0000E+00  0.0000E+00  0.0000E+00  0.0000E+00  0.2620E-01  0.2698E-01  0.0000E+00  0.0000E+00  0.0000E+00  0.0000E+00
 Events:
           0           0        6178        5938           0           0           0           0        1230        1227           0           0           0           0
           0           0        1903        1881           0           0           0           0         508         523           0           0           0           0
 Accuracy:    0.048   0.010   0.030   2.613
 Found         3636  events.
 Wrote           47  events.
 Actual xsec    1.0394449599782461E-008
 Correct abs xsec    3.1845523859670682E-008
 Event xsec    3.1845523859670721E-008
 Events wgts > 1:            2
 % Cross section > 1:    1.2111653745014099E-010  0.38032515333661499     
 Iteration  6   Mean: 0.5889E-08 Abs mean: 0.3679E-07   Fluctuation:  0.387E-08   0.241E-03    51.7%
  6    0.5889E-08 0.3679E-07 +- 0.3868E-08     26.60
 Relative summed weights:
  0.0000E+00  0.0000E+00  0.2077E+00  0.2046E+00  0.0000E+00  0.0000E+00  0.0000E+00  0.0000E+00  0.9582E-01  0.1095E+00  0.0000E+00  0.0000E+00  0.0000E+00  0.0000E+00
  0.0000E+00  0.0000E+00  0.1222E+00  0.1331E+00  0.0000E+00  0.0000E+00  0.0000E+00  0.0000E+00  0.6295E-01  0.6416E-01  0.0000E+00  0.0000E+00  0.0000E+00  0.0000E+00
 Relative number of events:
  0.0000E+00  0.0000E+00  0.3098E+00  0.3158E+00  0.0000E+00  0.0000E+00  0.0000E+00  0.0000E+00  0.6225E-01  0.6212E-01  0.0000E+00  0.0000E+00  0.0000E+00  0.0000E+00
  0.0000E+00  0.0000E+00  0.9730E-01  0.9801E-01  0.0000E+00  0.0000E+00  0.0000E+00  0.0000E+00  0.2691E-01  0.2777E-01  0.0000E+00  0.0000E+00  0.0000E+00  0.0000E+00
 Events:
           0           0       11871       12099           0           0           0           0        2385        2380           0           0           0           0
           0           0        3728        3755           0           0           0           0        1031        1064           0           0           0           0
 Accuracy:    0.045   0.010   0.029   2.428
 Found         6715  events.
 Wrote           11  events.
 Actual xsec    1.0960882503455728E-008
 Correct abs xsec    3.3637839989312100E-008
 Event xsec    3.3637839989312094E-008
 Events wgts > 1:            1
 % Cross section > 1:    3.1551005678875183E-016   9.3796170291849971E-007
 Iteration  7   Mean: 0.9820E-08 Abs mean: 0.3387E-07   Fluctuation:  0.698E-09   0.526E-04    53.0%
  7    0.9820E-08 0.3387E-07 +- 0.6981E-09      7.37
 Relative summed weights:
  0.0000E+00  0.0000E+00  0.1953E+00  0.2145E+00  0.0000E+00  0.0000E+00  0.0000E+00  0.0000E+00  0.9108E-01  0.1165E+00  0.0000E+00  0.0000E+00  0.0000E+00  0.0000E+00
  0.0000E+00  0.0000E+00  0.1266E+00  0.1293E+00  0.0000E+00  0.0000E+00  0.0000E+00  0.0000E+00  0.6013E-01  0.6647E-01  0.0000E+00  0.0000E+00  0.0000E+00  0.0000E+00
 Relative number of events:
  0.0000E+00  0.0000E+00  0.3146E+00  0.3102E+00  0.0000E+00  0.0000E+00  0.0000E+00  0.0000E+00  0.6337E-01  0.6216E-01  0.0000E+00  0.0000E+00  0.0000E+00  0.0000E+00
  0.0000E+00  0.0000E+00  0.9581E-01  0.9831E-01  0.0000E+00  0.0000E+00  0.0000E+00  0.0000E+00  0.2768E-01  0.2784E-01  0.0000E+00  0.0000E+00  0.0000E+00  0.0000E+00
 Events:
           0           0       23932       23601           0           0           0           0        4821        4729           0           0           0           0
           0           0        7289        7479           0           0           0           0        2106        2118           0           0           0           0
 Accuracy:    0.025   0.010   0.017   2.204
 Found        13303  events.
 Wrote          225  events.
 Actual xsec    1.0116436563397282E-008
 Correct abs xsec    3.4137828307787337E-008
 Event xsec    3.4137828307787509E-008
 Events wgts > 1:            2
 % Cross section > 1:    3.0749530629509259E-010  0.90074653701667040     
 Iteration  8   Mean: 0.1139E-07 Abs mean: 0.3384E-07   Fluctuation:  0.413E-09   0.437E-04    52.2%
  8    0.1139E-07 0.3384E-07 +- 0.4131E-09      6.18
 Exceeded boost           2          96   256000.000    
 Relative summed weights:
  0.0000E+00  0.0000E+00  0.1977E+00  0.1968E+00  0.0000E+00  0.0000E+00  0.0000E+00  0.0000E+00  0.1110E+00  0.1033E+00  0.0000E+00  0.0000E+00  0.0000E+00  0.0000E+00
  0.0000E+00  0.0000E+00  0.1251E+00  0.1294E+00  0.0000E+00  0.0000E+00  0.0000E+00  0.0000E+00  0.6502E-01  0.7171E-01  0.0000E+00  0.0000E+00  0.0000E+00  0.0000E+00
 Relative number of events:
  0.0000E+00  0.0000E+00  0.3125E+00  0.3136E+00  0.0000E+00  0.0000E+00  0.0000E+00  0.0000E+00  0.6263E-01  0.6231E-01  0.0000E+00  0.0000E+00  0.0000E+00  0.0000E+00
  0.0000E+00  0.0000E+00  0.9690E-01  0.9735E-01  0.0000E+00  0.0000E+00  0.0000E+00  0.0000E+00  0.2789E-01  0.2682E-01  0.0000E+00  0.0000E+00  0.0000E+00  0.0000E+00
 Events:
           0           0       47572       47751           0           0           0           0        9536        9486           0           0           0           0
           0           0       14753       14821           0           0           0           0        4247        4084           0           0           0           0
 Accuracy:    0.014   0.010   0.010   1.930
 Found        29060  events.
 Wrote          926  events.
 Actual xsec    1.0929774928835047E-008
 Correct abs xsec    3.3880090300646786E-008
 Event xsec    3.3880090300646872E-008
 Events wgts > 1:           15
 % Cross section > 1:    3.0546607017765477E-010  0.90160937431687571     

 -------------------------------------------------------------------------------
Thanks for using LHAPDF 6.2.1. Please make sure to cite the paper:
  Eur.Phys.J. C75 (2015) 3, 132  (http://arxiv.org/abs/1412.7420)
 Accumulated results:   Integral =  0.3367E-07
                        Std dev  =  0.3323E-09
                       Cross sec =  0.1091E-07
             Chi**2 per DoF.     =      1.9304
 -------------------------------------------------------------------------------
-------------------------------------------------
---------------------------
 Results Last   3 iters: Integral =   0.1093E-07
                     Abs integral =   0.3388E-07
                          Std dev =   0.3541E-09
                  Chi**2 per DoF. =      0.2873
-------------------------------------------------
---------------------------
 Status   1.0000000000000000E-002           9           8

ls status:
events.lhe
ftn26
input_app.txt
results.dat
run1_app.log
