==== LHAPDF6 USING DEFAULT-TYPE LHAGLUE INTERFACE ====
LHAPDF 6.2.1 loading /cvmfs/cms.cern.ch/slc6_amd64_gcc630/external/lhapdf/6.2.1-ghjeda2/share/LHAPDF/NNPDF31_nnlo_as_0118_nf_4_mc_hessian/NNPDF31_nnlo_as_0118_nf_4_mc_hessian_0000.dat
NNPDF31_nnlo_as_0118_nf_4_mc_hessian PDF set, member #0, version 1; LHAPDF ID = 325500
 Process in group number            1
 A PDF is used, so alpha_s(MZ) is going to be modified
 Old value of alpha_s from param_card:   0.11810000000000001     
 New value of alpha_s from PDF lhapdf :  0.11266013434007299     
 using LHAPDF
 Define smin to   10000.000000000000     
 Define smin to   10000.000000000000     
 Define smin to   10000.000000000000     
 Define smin to   10000.000000000000     
 Define smin to   10000.000000000000     
 Define smin to   10000.000000000000     
 Define smin to   10000.000000000000     
 Define smin to   10000.000000000000     
 Define smin to   10000.000000000000     
 Define smin to   10000.000000000000     
 Define smin to   10000.000000000000     
 Define smin to   10000.000000000000     
 Define smin to   10000.000000000000     
 Define smin to   10000.000000000000     
 Define smin to   10000.000000000000     
 Define smin to   10000.000000000000     
 *****************************************************
 *               MadGraph/MadEvent                   *
 *        --------------------------------           *
 *          http://madgraph.hep.uiuc.edu             *
 *          http://madgraph.phys.ucl.ac.be           *
 *          http://madgraph.roma2.infn.it            *
 *        --------------------------------           *
 *                                                   *
 *          PARAMETER AND COUPLING VALUES            *
 *                                                   *
 *****************************************************

  External Params
  ---------------------------------
  
 mdl_MW0 =    80.387000000000000     
 mdl_Gf =    1.1663789999999999E-005
 aS =   0.11810000000000001     
 mdl_ymdo =    1.0000000000000000E-099
 mdl_ymb =    4.1799999999999997     
 mdl_ymt =    173.19999999999999     
 mdl_ymtau =    1.7769999999999999     
 mdl_LambdaSMEFT =    1000.0000000000000     
 mdl_cHW =    1.0000000000000000     
 mdl_MZ =    91.187600000000003     
 mdl_MTA =    1.7769999999999999     
 mdl_MT =    173.19999999999999     
 mdl_MB =    4.1799999999999997     
 mdl_MH =    125.09000000000000     
 mdl_WZ =    2.4952000000000001     
 mdl_WW =    2.0850000000000000     
 mdl_WT =    1.5083359999999999     
 mdl_WH =    4.0699999999999998E-003
  Internal Params
  ---------------------------------
  
 mdl_ymm =    1.0000000000000000E-099
 mdl_yme =    1.0000000000000000E-099
 mdl_ymc =    1.0000000000000000E-099
 mdl_yms =    1.0000000000000000E-099
 mdl_ymup =    1.0000000000000000E-099
 mdl_conjg__CKM3x3 =    1.0000000000000000     
 mdl_cH =    0.0000000000000000     
 mdl_cHB =    0.0000000000000000     
 mdl_CKM1x1 =    1.0000000000000000     
 mdl_conjg__CKM1x1 =    1.0000000000000000     
 mdl_dGf =    0.0000000000000000     
 mdl_CKM3x3 =    1.0000000000000000     
 mdl_dMH2 =    0.0000000000000000     
 mdl_conjg__CKM2x2 =    1.0000000000000000     
 mdl_dg1 =    0.0000000000000000     
 mdl_CKM2x2 =    1.0000000000000000     
 mdl_dgw =    0.0000000000000000     
 mdl_complexi =  (  0.0000000000000000     ,  1.0000000000000000     )
 mdl_MW =    80.387000000000000     
 mdl_nb__2__exp__0_25 =    1.1892071150027210     
 mdl_MH__exp__2 =    15647.508100000001     
 mdl_sqrt__2 =    1.4142135623730951     
 mdl_MW__exp__2 =    6462.0697689999997     
 mdl_MZ__exp__2 =    8315.1783937600012     
 mdl_sth2 =   0.22285855299877133     
 mdl_MH__exp__6 =    3831206449390.3818     
 mdl_MT__exp__6 =    26995248278778.535     
 mdl_MH__exp__4 =    244844509.73956564     
 mdl_MT__exp__4 =    899894403.09759963     
 mdl_MT__exp__2 =    29998.239999999994     
 mdl_LambdaSMEFT__exp__2 =    1000000.0000000000     
 mdl_cth =   0.88155626422890820     
 mdl_sqrt__sth2 =   0.47207896902824564     
 mdl_sth =   0.47207896902824564     
 mdl_MW0__exp__6 =    269845343347.69711     
 mdl_MW0__exp__4 =    41758345.699423708     
 mdl_MW0__exp__2 =    6462.0697689999997     
 mdl_MZ__exp__4 =    69142191.720053151     
 mdl_MZ__exp__6 =    574929658687.79749     
 mdl_cth__exp__2 =   0.77714144700122867     
 mdl_sth__exp__2 =   0.22285855299877130     
 mdl_sth__exp__3 =   0.10520683593878660     
 mdl_cth__exp__3 =   0.68509391079585125     
 mdl_sth__exp__4 =    4.9665934644706158E-002
 mdl_sqrt__Gf =    3.4152291284773265E-003
 mdl_vevhat =    246.21961912951551     
 mdl_lam =   0.12905352724481209     
 mdl_aEW =    7.5614618607353409E-003
 mdl_yb =    2.4008698866559607E-002
 mdl_yc =    5.7437078628133041E-102
 mdl_ydo =    5.7437078628133041E-102
 mdl_ye =    5.7437078628133041E-102
 mdl_ym =    5.7437078628133041E-102
 mdl_ys =    5.7437078628133041E-102
 mdl_yt =   0.99481020183926416     
 mdl_ytau =    1.0206568872219240E-002
 mdl_yup =    5.7437078628133041E-102
 mdl_vevhat__exp__2 =    60624.100844283676     
 mdl_barlam =   0.12905352724481209     
 mdl_vevT =    246.21961912951551     
 mdl_sqrt__aEW =    8.6956666568672819E-002
 mdl_ee =   0.30825335704310214     
 mdl_gwsh =   0.61338418662494298     
 mdl_vev =    246.21961912951551     
 mdl_g1 =   0.34966952144878632     
 mdl_gw =   0.65296989967087182     
 mdl_ee__exp__2 =    9.5020132128342205E-002
 mdl_gHaa =   -1.9303830602986922E-003
 mdl_gHza =   -6.8546472954154700E-003
 mdl_g1sh =   0.34966952144878632     
 mdl_I1d11 =  (  5.7437078628133041E-102,  0.0000000000000000     )
 mdl_I1d22 =  (  5.7437078628133041E-102,  0.0000000000000000     )
 mdl_I1d33 =  (  2.4008698866559607E-002,  0.0000000000000000     )
 mdl_I2d11 =  (  5.7437078628133041E-102,  0.0000000000000000     )
 mdl_I2d22 =  (  5.7437078628133041E-102,  0.0000000000000000     )
 mdl_I2d33 =  ( 0.99481020183926416     ,  0.0000000000000000     )
 mdl_I3d11 =  (  5.7437078628133041E-102,  0.0000000000000000     )
 mdl_I3d22 =  (  5.7437078628133041E-102,  0.0000000000000000     )
 mdl_I3d33 =  (  2.4008698866559607E-002,  0.0000000000000000     )
 mdl_I4d11 =  (  5.7437078628133041E-102,  0.0000000000000000     )
 mdl_I4d22 =  (  5.7437078628133041E-102,  0.0000000000000000     )
 mdl_I4d33 =  ( 0.99481020183926416     ,  0.0000000000000000     )
 mdl_I5d11 =  (  5.7437078628133041E-102,  0.0000000000000000     )
 mdl_I5d22 =  (  5.7437078628133041E-102,  0.0000000000000000     )
 mdl_I5d33 =  (  2.4008698866559607E-002,  0.0000000000000000     )
 mdl_I6d11 =  (  5.7437078628133041E-102,  0.0000000000000000     )
 mdl_I6d22 =  (  5.7437078628133041E-102,  0.0000000000000000     )
 mdl_I6d33 =  ( 0.99481020183926416     ,  0.0000000000000000     )
 mdl_ee__exp__3 =    2.9290274715240611E-002
 mdl_vevhat__exp__3 =    14926843.019948866     
  Internal Params evaluated point by point
  ----------------------------------------
  
 mdl_sqrt__aS =   0.34365680554879169     
 mdl_G__exp__2 =    1.4840883695558185     
 mdl_gHgg =    3.2334372328970845E-003
 mdl_G__exp__3 =  (  1.8079634332366095     ,  0.0000000000000000     )
  Couplings of SMEFTsim_A_U35_MwScheme_UFO_v3_1-cHW_massless
  ---------------------------------
  
         GC_1 =   0.00000E+00   0.10275E+00
         GC_2 =  -0.00000E+00  -0.20550E+00
         GC_3 =  -0.00000E+00  -0.30825E+00
       GC_255 =  -0.00000E+00  -0.42637E+00
       GC_278 =  -0.00000E+00  -0.37035E+00
       GC_280 =  -0.00000E+00  -0.57563E+00
       GC_328 =  -0.00000E+00  -0.55024E-01
       GC_329 =   0.00000E+00   0.11005E+00
       GC_330 =  -0.00000E+00  -0.16507E+00
       GC_387 =   0.00000E+00   0.98488E-03
       GC_400 =   0.00000E+00   0.52490E+02
       GC_809 =  -0.00000E+00  -0.72171E-02
      GC_1073 =  -0.00000E+00  -0.46172E+00

 Collider parameters:
 --------------------

 Running at P P   machine @    13000.000000000000       GeV
 PDF set = lhapdf 
 alpha_s(Mz)= 0.1127 running at 3 loops.
 alpha_s(Mz)= 0.1127 running at 3 loops.
 Renormalization scale set on event-by-event basis
 Factorization   scale set on event-by-event basis


 getting user params
Enter number of events and max and min iterations: 
 Number of events and iterations         2000           8           3
Enter desired fractional accuracy: 
 Desired fractional accuracy:    1.0000000000000000E-002
Enter 0 for fixed, 2 for adjustable grid: 
Suppress amplitude (0 no, 1 yes)? 
 Using suppressed amplitude.
Exact helicity sum (0 yes, n = number/event)? 
 Explicitly summing over helicities
Enter Configuration Number: 
Running Configuration Number:  439
 Using dconfig=          25
 BW Setting            1           2           2           0           0           0
 Attempting mappinvarients           1           8
 Completed mapping           8
 about to integrate           16        2000           8           3          16           1
 Using non-zero grid deformation.
 16 dimensions   2000 events 16 invarients  8 iterations  1 config(s),  (0.99)
 Using h-tuple random number sequence.
 Error opening grid
 Using Uniform Grid!          32
 Using uniform alpha   1.0000000000000000     
 Grid defined OK
 Set CM energy to      13000.00
 Mapping Graph         439  to config         439
 Setting BW          -1           1   80.387000000000000     
Setting grid   2    0.28963E-04   1
Setting grid   3    0.28963E-04   1
Setting grid   4    0.59172E-08   1
Setting grid   5    0.28963E-04   1
 Transforming s_hat 1/s           15   5.9171597633136108E-005   10000.000000000000        168999999.99999997     
 439   1   2   3   4   5   6   7   8   9  10  11  12  13  14
  15  16
 Masses: 0.000E+00 0.000E+00 0.000E+00 0.000E+00 0.000E+00 0.000E+00 0.000E+00 0.000E+00
Using random seed offsets   439 :      3
  with seed                   24
 Ranmar initialization seeds         169        9400
 
 ********************************************
 * You are using the DiscreteSampler module *
 *      part of the MG5_aMC framework       *
 *         Author: Valentin Hirschi         *
 ********************************************
 
  Particle       3       4       5       6       7       8
      Et >     0.0     0.0     0.0     0.0    10.0    10.0
       E >     0.0     0.0     0.0     0.0     0.0     0.0
     Eta <    -1.0    -1.0    -1.0    -1.0     6.5     6.5
   xqcut:      0.0     0.0     0.0     0.0     0.0     0.0
d R # 3  >    -0.0     0.4     0.0     0.0     0.4     0.4
d R # 4  >    -0.0    -0.0     0.0     0.0     0.4     0.4
d R # 5  >    -0.0    -0.0    -0.0     0.0     0.0     0.0
d R # 6  >    -0.0    -0.0    -0.0    -0.0     0.0     0.0
d R # 7  >    -0.0    -0.0    -0.0    -0.0    -0.0     0.4
s min # 3>     0.0     0.0     0.0     0.0     0.0     0.0
s min # 4>     0.0     0.0     0.0     0.0     0.0     0.0
s min # 5>     0.0     0.0     0.0     0.0     0.0     0.0
s min # 6>     0.0     0.0     0.0     0.0     0.0     0.0
s min # 7>     0.0     0.0     0.0     0.0     0.0 10000.0
xqcutij # 3>     0.0     0.0     0.0     0.0     0.0     0.0
xqcutij # 4>     0.0     0.0     0.0     0.0     0.0     0.0
xqcutij # 5>     0.0     0.0     0.0     0.0     0.0     0.0
xqcutij # 6>     0.0     0.0     0.0     0.0     0.0     0.0
xqcutij # 7>     0.0     0.0     0.0     0.0     0.0     0.0
 Requiring BW           -1           1
 Excluding BW           -4           2
 Excluding BW           -5           3
 alpha_s for scale    63.467698525508588       is   0.11953112194021429     
 Added good helicity          193  -256.00000000000000       in event            1 local:           1
 Added good helicity          193  -256.00000000000000       in event            1 local:           1
 RESET CUMULATIVE VARIABLE
 RESET CUMULATIVE VARIABLE
 RESET CUMULATIVE VARIABLE
 Iteration  1   Mean: 0.8468E-10 Abs mean: 0.8869E-10   Fluctuation:  0.818E-10   0.164E-06     5.5%
  1    0.8468E-10 0.8869E-10 +- 0.8182E-10     41.26
 Writing out events   1.0044645842206365E-013   41.255808753714319     
 Relative summed weights:
  0.0000E+00  0.0000E+00  0.0000E+00  0.1894E-03  0.0000E+00  0.0000E+00  0.0000E+00  0.0000E+00  0.0000E+00  0.0000E+00  0.2361E-08  0.0000E+00  0.2435E-09  0.2824E-03  0.0000E+00  0.0000E+00  0.0000E+00  0.0000E+00  0.0000E+00  0.0000E+00  0.0000E+00  0.0000E+00  0.2339E-07  0.1971E-08  0.0000E+00  0.0000E+00  0.0000E+00  0.0000E+00  0.7691E-11  0.0000E+00  0.0000E+00  0.0000E+00
  0.0000E+00  0.0000E+00  0.1261E-03  0.2301E-02  0.0000E+00  0.0000E+00  0.0000E+00  0.0000E+00  0.0000E+00  0.0000E+00  0.5121E-04  0.1745E-03  0.4071E-03  0.1100E-03  0.0000E+00  0.0000E+00  0.0000E+00  0.0000E+00  0.0000E+00  0.0000E+00  0.0000E+00  0.0000E+00  0.2358E-03  0.6179E-02  0.0000E+00  0.0000E+00  0.0000E+00  0.0000E+00  0.3650E-07  0.1837E-08  0.0000E+00  0.0000E+00
  0.0000E+00  0.0000E+00  0.7213E-09  0.8499E-07  0.0000E+00  0.0000E+00  0.0000E+00  0.0000E+00  0.0000E+00  0.0000E+00  0.3797E-03  0.6355E-03  0.1335E-01  0.2798E-08  0.0000E+00  0.0000E+00  0.0000E+00  0.0000E+00  0.0000E+00  0.0000E+00  0.0000E+00  0.0000E+00  0.6938E-08  0.4738E-08  0.0000E+00  0.0000E+00  0.0000E+00  0.0000E+00  0.0000E+00  0.0000E+00  0.0000E+00  0.0000E+00
  0.0000E+00  0.0000E+00  0.1918E-04  0.3010E-03  0.0000E+00  0.0000E+00  0.0000E+00  0.0000E+00  0.0000E+00  0.0000E+00  0.1580E-02  0.8013E-05  0.5437E-05  0.1488E-03  0.0000E+00  0.0000E+00  0.0000E+00  0.0000E+00  0.0000E+00  0.0000E+00  0.0000E+00  0.0000E+00  0.9445E+00  0.1024E-01  0.0000E+00  0.0000E+00  0.0000E+00  0.0000E+00  0.3273E-08  0.0000E+00  0.0000E+00  0.0000E+00
  0.0000E+00  0.0000E+00  0.0000E+00  0.4645E-08  0.0000E+00  0.0000E+00  0.0000E+00  0.0000E+00  0.0000E+00  0.0000E+00  0.1012E-07  0.4039E-07  0.0000E+00  0.0000E+00  0.0000E+00  0.0000E+00  0.0000E+00  0.0000E+00  0.0000E+00  0.0000E+00  0.0000E+00  0.0000E+00  0.0000E+00  0.0000E+00  0.0000E+00  0.0000E+00  0.0000E+00  0.0000E+00  0.0000E+00  0.0000E+00  0.0000E+00  0.0000E+00
  0.0000E+00  0.0000E+00  0.2695E-03  0.1465E-01  0.0000E+00  0.0000E+00  0.0000E+00  0.0000E+00  0.0000E+00  0.0000E+00  0.4253E-03  0.1751E-03  0.0000E+00  0.0000E+00  0.0000E+00  0.0000E+00  0.0000E+00  0.0000E+00  0.0000E+00  0.0000E+00  0.0000E+00  0.0000E+00  0.0000E+00  0.0000E+00  0.0000E+00  0.0000E+00  0.0000E+00  0.0000E+00  0.0000E+00  0.0000E+00  0.0000E+00  0.0000E+00
  0.0000E+00  0.0000E+00  0.5185E-16  0.2157E-09  0.0000E+00  0.0000E+00  0.0000E+00  0.0000E+00  0.0000E+00  0.0000E+00  0.1491E-04  0.3455E-05  0.0000E+00  0.0000E+00  0.0000E+00  0.0000E+00  0.0000E+00  0.0000E+00  0.0000E+00  0.0000E+00  0.0000E+00  0.0000E+00  0.0000E+00  0.0000E+00  0.0000E+00  0.0000E+00  0.0000E+00  0.0000E+00  0.0000E+00  0.0000E+00  0.0000E+00  0.0000E+00
  0.0000E+00  0.0000E+00  0.1521E-02  0.7527E-05  0.0000E+00  0.0000E+00  0.0000E+00  0.0000E+00  0.0000E+00  0.0000E+00  0.1555E-02  0.1499E-03  0.0000E+00  0.0000E+00  0.0000E+00  0.0000E+00  0.0000E+00  0.0000E+00  0.0000E+00  0.0000E+00  0.0000E+00  0.0000E+00  0.0000E+00  0.0000E+00  0.0000E+00  0.0000E+00  0.0000E+00  0.0000E+00  0.0000E+00  0.0000E+00  0.0000E+00  0.0000E+00
 Relative number of events:
  0.0000E+00  0.0000E+00  0.0000E+00  0.2904E-02  0.0000E+00  0.0000E+00  0.0000E+00  0.0000E+00  0.0000E+00  0.0000E+00  0.2904E-02  0.0000E+00  0.9681E-03  0.2904E-02  0.0000E+00  0.0000E+00  0.0000E+00  0.0000E+00  0.0000E+00  0.0000E+00  0.0000E+00  0.0000E+00  0.4840E-02  0.1936E-02  0.0000E+00  0.0000E+00  0.0000E+00  0.0000E+00  0.1936E-02  0.0000E+00  0.0000E+00  0.0000E+00
  0.0000E+00  0.0000E+00  0.5615E-01  0.5518E-01  0.0000E+00  0.0000E+00  0.0000E+00  0.0000E+00  0.0000E+00  0.0000E+00  0.2807E-01  0.3872E-01  0.2323E-01  0.2711E-01  0.0000E+00  0.0000E+00  0.0000E+00  0.0000E+00  0.0000E+00  0.0000E+00  0.0000E+00  0.0000E+00  0.1162E-01  0.1936E-01  0.0000E+00  0.0000E+00  0.0000E+00  0.0000E+00  0.2904E-02  0.1936E-02  0.0000E+00  0.0000E+00
  0.0000E+00  0.0000E+00  0.9681E-03  0.9681E-03  0.0000E+00  0.0000E+00  0.0000E+00  0.0000E+00  0.0000E+00  0.0000E+00  0.2904E-02  0.5808E-02  0.9681E-03  0.1936E-02  0.0000E+00  0.0000E+00  0.0000E+00  0.0000E+00  0.0000E+00  0.0000E+00  0.0000E+00  0.0000E+00  0.6776E-02  0.5808E-02  0.0000E+00  0.0000E+00  0.0000E+00  0.0000E+00  0.0000E+00  0.0000E+00  0.0000E+00  0.0000E+00
  0.0000E+00  0.0000E+00  0.5808E-01  0.4743E-01  0.0000E+00  0.0000E+00  0.0000E+00  0.0000E+00  0.0000E+00  0.0000E+00  0.3485E-01  0.4743E-01  0.2420E-01  0.3001E-01  0.0000E+00  0.0000E+00  0.0000E+00  0.0000E+00  0.0000E+00  0.0000E+00  0.0000E+00  0.0000E+00  0.2227E-01  0.1549E-01  0.0000E+00  0.0000E+00  0.0000E+00  0.0000E+00  0.1936E-02  0.0000E+00  0.0000E+00  0.0000E+00
  0.0000E+00  0.0000E+00  0.0000E+00  0.2904E-02  0.0000E+00  0.0000E+00  0.0000E+00  0.0000E+00  0.0000E+00  0.0000E+00  0.1936E-02  0.6776E-02  0.0000E+00  0.0000E+00  0.0000E+00  0.0000E+00  0.0000E+00  0.0000E+00  0.0000E+00  0.0000E+00  0.0000E+00  0.0000E+00  0.0000E+00  0.0000E+00  0.0000E+00  0.0000E+00  0.0000E+00  0.0000E+00  0.0000E+00  0.0000E+00  0.0000E+00  0.0000E+00
  0.0000E+00  0.0000E+00  0.5518E-01  0.6292E-01  0.0000E+00  0.0000E+00  0.0000E+00  0.0000E+00  0.0000E+00  0.0000E+00  0.4066E-01  0.4066E-01  0.0000E+00  0.0000E+00  0.0000E+00  0.0000E+00  0.0000E+00  0.0000E+00  0.0000E+00  0.0000E+00  0.0000E+00  0.0000E+00  0.0000E+00  0.0000E+00  0.0000E+00  0.0000E+00  0.0000E+00  0.0000E+00  0.0000E+00  0.0000E+00  0.0000E+00  0.0000E+00
  0.0000E+00  0.0000E+00  0.9681E-03  0.1936E-02  0.0000E+00  0.0000E+00  0.0000E+00  0.0000E+00  0.0000E+00  0.0000E+00  0.4840E-02  0.3872E-02  0.0000E+00  0.0000E+00  0.0000E+00  0.0000E+00  0.0000E+00  0.0000E+00  0.0000E+00  0.0000E+00  0.0000E+00  0.0000E+00  0.0000E+00  0.0000E+00  0.0000E+00  0.0000E+00  0.0000E+00  0.0000E+00  0.0000E+00  0.0000E+00  0.0000E+00  0.0000E+00
  0.0000E+00  0.0000E+00  0.5227E-01  0.5324E-01  0.0000E+00  0.0000E+00  0.0000E+00  0.0000E+00  0.0000E+00  0.0000E+00  0.4550E-01  0.3582E-01  0.0000E+00  0.0000E+00  0.0000E+00  0.0000E+00  0.0000E+00  0.0000E+00  0.0000E+00  0.0000E+00  0.0000E+00  0.0000E+00  0.0000E+00  0.0000E+00  0.0000E+00  0.0000E+00  0.0000E+00  0.0000E+00  0.0000E+00  0.0000E+00  0.0000E+00  0.0000E+00
 Events:
           0           0           0           3           0           0           0           0           0           0           3           0           1           3           0           0           0           0           0           0           0           0           5           2           0           0           0           0           2           0           0           0
           0           0          58          57           0           0           0           0           0           0          29          40          24          28           0           0           0           0           0           0           0           0          12          20           0           0           0           0           3           2           0           0
           0           0           1           1           0           0           0           0           0           0           3           6           1           2           0           0           0           0           0           0           0           0           7           6           0           0           0           0           0           0           0           0
           0           0          60          49           0           0           0           0           0           0          36          49          25          31           0           0           0           0           0           0           0           0          23          16           0           0           0           0           2           0           0           0
           0           0           0           3           0           0           0           0           0           0           2           7           0           0           0           0           0           0           0           0           0           0           0           0           0           0           0           0           0           0           0           0
           0           0          57          65           0           0           0           0           0           0          42          42           0           0           0           0           0           0           0           0           0           0           0           0           0           0           0           0           0           0           0           0
           0           0           1           2           0           0           0           0           0           0           5           4           0           0           0           0           0           0           0           0           0           0           0           0           0           0           0           0           0           0           0           0
           0           0          54          55           0           0           0           0           0           0          47          37           0           0           0           0           0           0           0           0           0           0           0           0           0           0           0           0           0           0           0           0
 Warning: Too low fact scales:    1.0127733945269470        120.62276953748432     
 Warning: Too low fact scales:    1.0127733945269470        120.62276953748432     
 Warning: Too low fact scales:    1.0127733945269473        120.62276953748430     
 Warning: Too low fact scales:   0.53391432598283428        108.65792341256233     
 Warning: Too low fact scales:   0.53391432598283428        108.65792341256233     
 Warning: Too low fact scales:   0.53391432598283417        108.65792341256234     
 Warning: Too low fact scales:    1.8578978185660893        60.507305360649063     
 Iteration  2   Mean: 0.1990E-10 Abs mean: 0.2506E-10   Fluctuation:  0.987E-11   0.354E-07    49.0%
  2    0.1990E-10 0.2506E-10 +- 0.9866E-11     24.90
 Relative summed weights:
  0.0000E+00  0.0000E+00  0.3315E-03  0.3237E-07  0.0000E+00  0.0000E+00  0.0000E+00  0.0000E+00  0.0000E+00  0.0000E+00  0.3944E+00  0.1597E-04  0.6659E-06  0.5794E-03  0.0000E+00  0.0000E+00  0.0000E+00  0.0000E+00  0.0000E+00  0.0000E+00  0.0000E+00  0.0000E+00  0.5397E-02  0.3796E-04  0.0000E+00  0.0000E+00  0.0000E+00  0.0000E+00  0.8547E-11  0.1834E-10  0.0000E+00  0.0000E+00
  0.0000E+00  0.0000E+00  0.1616E-02  0.7370E-03  0.0000E+00  0.0000E+00  0.0000E+00  0.0000E+00  0.0000E+00  0.0000E+00  0.4925E-02  0.8747E-01  0.2476E-02  0.1341E+00  0.0000E+00  0.0000E+00  0.0000E+00  0.0000E+00  0.0000E+00  0.0000E+00  0.0000E+00  0.0000E+00  0.6803E-01  0.3213E-01  0.0000E+00  0.0000E+00  0.0000E+00  0.0000E+00  0.1666E-05  0.5294E-04  0.0000E+00  0.0000E+00
  0.0000E+00  0.0000E+00  0.1658E-06  0.1509E-05  0.0000E+00  0.0000E+00  0.0000E+00  0.0000E+00  0.0000E+00  0.0000E+00  0.8602E-05  0.7819E-06  0.3225E-02  0.5421E-05  0.0000E+00  0.0000E+00  0.0000E+00  0.0000E+00  0.0000E+00  0.0000E+00  0.0000E+00  0.0000E+00  0.3934E-05  0.1176E-03  0.0000E+00  0.0000E+00  0.0000E+00  0.0000E+00  0.1116E-09  0.0000E+00  0.0000E+00  0.0000E+00
  0.0000E+00  0.0000E+00  0.4849E-03  0.1725E-01  0.0000E+00  0.0000E+00  0.0000E+00  0.0000E+00  0.0000E+00  0.0000E+00  0.1298E-02  0.1634E-02  0.2609E-02  0.3264E-01  0.0000E+00  0.0000E+00  0.0000E+00  0.0000E+00  0.0000E+00  0.0000E+00  0.0000E+00  0.0000E+00  0.5704E-01  0.4774E-02  0.0000E+00  0.0000E+00  0.0000E+00  0.0000E+00  0.4559E-07  0.3640E-06  0.0000E+00  0.0000E+00
  0.0000E+00  0.0000E+00  0.1094E-02  0.1288E-12  0.0000E+00  0.0000E+00  0.0000E+00  0.0000E+00  0.0000E+00  0.0000E+00  0.9024E-02  0.1852E-06  0.0000E+00  0.0000E+00  0.0000E+00  0.0000E+00  0.0000E+00  0.0000E+00  0.0000E+00  0.0000E+00  0.0000E+00  0.0000E+00  0.0000E+00  0.0000E+00  0.0000E+00  0.0000E+00  0.0000E+00  0.0000E+00  0.0000E+00  0.0000E+00  0.0000E+00  0.0000E+00
  0.0000E+00  0.0000E+00  0.2525E-02  0.1718E-01  0.0000E+00  0.0000E+00  0.0000E+00  0.0000E+00  0.0000E+00  0.0000E+00  0.1878E-02  0.2094E-03  0.0000E+00  0.0000E+00  0.0000E+00  0.0000E+00  0.0000E+00  0.0000E+00  0.0000E+00  0.0000E+00  0.0000E+00  0.0000E+00  0.0000E+00  0.0000E+00  0.0000E+00  0.0000E+00  0.0000E+00  0.0000E+00  0.0000E+00  0.0000E+00  0.0000E+00  0.0000E+00
  0.0000E+00  0.0000E+00  0.7017E-06  0.2565E-04  0.0000E+00  0.0000E+00  0.0000E+00  0.0000E+00  0.0000E+00  0.0000E+00  0.4166E-05  0.2365E-04  0.0000E+00  0.0000E+00  0.0000E+00  0.0000E+00  0.0000E+00  0.0000E+00  0.0000E+00  0.0000E+00  0.0000E+00  0.0000E+00  0.0000E+00  0.0000E+00  0.0000E+00  0.0000E+00  0.0000E+00  0.0000E+00  0.0000E+00  0.0000E+00  0.0000E+00  0.0000E+00
  0.0000E+00  0.0000E+00  0.1257E-01  0.2295E-02  0.0000E+00  0.0000E+00  0.0000E+00  0.0000E+00  0.0000E+00  0.0000E+00  0.1645E-02  0.9811E-01  0.0000E+00  0.0000E+00  0.0000E+00  0.0000E+00  0.0000E+00  0.0000E+00  0.0000E+00  0.0000E+00  0.0000E+00  0.0000E+00  0.0000E+00  0.0000E+00  0.0000E+00  0.0000E+00  0.0000E+00  0.0000E+00  0.0000E+00  0.0000E+00  0.0000E+00  0.0000E+00
 Relative number of events:
  0.0000E+00  0.0000E+00  0.2080E-02  0.8319E-03  0.0000E+00  0.0000E+00  0.0000E+00  0.0000E+00  0.0000E+00  0.0000E+00  0.4160E-02  0.2080E-02  0.3328E-02  0.2912E-02  0.0000E+00  0.0000E+00  0.0000E+00  0.0000E+00  0.0000E+00  0.0000E+00  0.0000E+00  0.0000E+00  0.9983E-02  0.4576E-02  0.0000E+00  0.0000E+00  0.0000E+00  0.0000E+00  0.4160E-03  0.4160E-03  0.0000E+00  0.0000E+00
  0.0000E+00  0.0000E+00  0.4867E-01  0.4784E-01  0.0000E+00  0.0000E+00  0.0000E+00  0.0000E+00  0.0000E+00  0.0000E+00  0.4409E-01  0.3411E-01  0.2829E-01  0.3161E-01  0.0000E+00  0.0000E+00  0.0000E+00  0.0000E+00  0.0000E+00  0.0000E+00  0.0000E+00  0.0000E+00  0.2579E-01  0.2246E-01  0.0000E+00  0.0000E+00  0.0000E+00  0.0000E+00  0.3328E-02  0.2080E-02  0.0000E+00  0.0000E+00
  0.0000E+00  0.0000E+00  0.1248E-02  0.1664E-02  0.0000E+00  0.0000E+00  0.0000E+00  0.0000E+00  0.0000E+00  0.0000E+00  0.3328E-02  0.2912E-02  0.4576E-02  0.2496E-02  0.0000E+00  0.0000E+00  0.0000E+00  0.0000E+00  0.0000E+00  0.0000E+00  0.0000E+00  0.0000E+00  0.4992E-02  0.6240E-02  0.0000E+00  0.0000E+00  0.0000E+00  0.0000E+00  0.4160E-03  0.0000E+00  0.0000E+00  0.0000E+00
  0.0000E+00  0.0000E+00  0.4368E-01  0.5116E-01  0.0000E+00  0.0000E+00  0.0000E+00  0.0000E+00  0.0000E+00  0.0000E+00  0.3328E-01  0.3910E-01  0.2870E-01  0.3577E-01  0.0000E+00  0.0000E+00  0.0000E+00  0.0000E+00  0.0000E+00  0.0000E+00  0.0000E+00  0.0000E+00  0.2454E-01  0.2246E-01  0.0000E+00  0.0000E+00  0.0000E+00  0.0000E+00  0.2080E-02  0.1664E-02  0.0000E+00  0.0000E+00
  0.0000E+00  0.0000E+00  0.2080E-02  0.1248E-02  0.0000E+00  0.0000E+00  0.0000E+00  0.0000E+00  0.0000E+00  0.0000E+00  0.3328E-02  0.1248E-02  0.0000E+00  0.0000E+00  0.0000E+00  0.0000E+00  0.0000E+00  0.0000E+00  0.0000E+00  0.0000E+00  0.0000E+00  0.0000E+00  0.0000E+00  0.0000E+00  0.0000E+00  0.0000E+00  0.0000E+00  0.0000E+00  0.0000E+00  0.0000E+00  0.0000E+00  0.0000E+00
  0.0000E+00  0.0000E+00  0.5075E-01  0.4742E-01  0.0000E+00  0.0000E+00  0.0000E+00  0.0000E+00  0.0000E+00  0.0000E+00  0.3785E-01  0.3869E-01  0.0000E+00  0.0000E+00  0.0000E+00  0.0000E+00  0.0000E+00  0.0000E+00  0.0000E+00  0.0000E+00  0.0000E+00  0.0000E+00  0.0000E+00  0.0000E+00  0.0000E+00  0.0000E+00  0.0000E+00  0.0000E+00  0.0000E+00  0.0000E+00  0.0000E+00  0.0000E+00
  0.0000E+00  0.0000E+00  0.4160E-03  0.2080E-02  0.0000E+00  0.0000E+00  0.0000E+00  0.0000E+00  0.0000E+00  0.0000E+00  0.4160E-02  0.2496E-02  0.0000E+00  0.0000E+00  0.0000E+00  0.0000E+00  0.0000E+00  0.0000E+00  0.0000E+00  0.0000E+00  0.0000E+00  0.0000E+00  0.0000E+00  0.0000E+00  0.0000E+00  0.0000E+00  0.0000E+00  0.0000E+00  0.0000E+00  0.0000E+00  0.0000E+00  0.0000E+00
  0.0000E+00  0.0000E+00  0.5200E-01  0.4784E-01  0.0000E+00  0.0000E+00  0.0000E+00  0.0000E+00  0.0000E+00  0.0000E+00  0.3993E-01  0.3910E-01  0.0000E+00  0.0000E+00  0.0000E+00  0.0000E+00  0.0000E+00  0.0000E+00  0.0000E+00  0.0000E+00  0.0000E+00  0.0000E+00  0.0000E+00  0.0000E+00  0.0000E+00  0.0000E+00  0.0000E+00  0.0000E+00  0.0000E+00  0.0000E+00  0.0000E+00  0.0000E+00
 Events:
           0           0           5           2           0           0           0           0           0           0          10           5           8           7           0           0           0           0           0           0           0           0          24          11           0           0           0           0           1           1           0           0
           0           0         117         115           0           0           0           0           0           0         106          82          68          76           0           0           0           0           0           0           0           0          62          54           0           0           0           0           8           5           0           0
           0           0           3           4           0           0           0           0           0           0           8           7          11           6           0           0           0           0           0           0           0           0          12          15           0           0           0           0           1           0           0           0
           0           0         105         123           0           0           0           0           0           0          80          94          69          86           0           0           0           0           0           0           0           0          59          54           0           0           0           0           5           4           0           0
           0           0           5           3           0           0           0           0           0           0           8           3           0           0           0           0           0           0           0           0           0           0           0           0           0           0           0           0           0           0           0           0
           0           0         122         114           0           0           0           0           0           0          91          93           0           0           0           0           0           0           0           0           0           0           0           0           0           0           0           0           0           0           0           0
           0           0           1           5           0           0           0           0           0           0          10           6           0           0           0           0           0           0           0           0           0           0           0           0           0           0           0           0           0           0           0           0
           0           0         125         115           0           0           0           0           0           0          96          94           0           0           0           0           0           0           0           0           0           0           0           0           0           0           0           0           0           0           0           0
 Warning: Too low fact scales:    1.9598518490596399        216.85642389380428     
 Warning: Too low fact scales:    1.9598518490596399        216.85642389380428     
 Iteration  3   Mean: 0.1992E-10 Abs mean: 0.4549E-10   Fluctuation:  0.138E-10   0.938E-07    59.6%
  3    0.1992E-10 0.4549E-10 +- 0.1382E-10     27.17
 Relative summed weights:
  0.0000E+00  0.0000E+00  0.8704E-05  0.3858E-05  0.0000E+00  0.0000E+00  0.0000E+00  0.0000E+00  0.0000E+00  0.0000E+00  0.5526E-04  0.1889E-03  0.3597E+00  0.4996E-03  0.0000E+00  0.0000E+00  0.0000E+00  0.0000E+00  0.0000E+00  0.0000E+00  0.0000E+00  0.0000E+00  0.2942E-03  0.2361E-02  0.0000E+00  0.0000E+00  0.0000E+00  0.0000E+00  0.0000E+00  0.1338E-03  0.0000E+00  0.0000E+00
  0.0000E+00  0.0000E+00  0.2973E-01  0.6632E-01  0.0000E+00  0.0000E+00  0.0000E+00  0.0000E+00  0.0000E+00  0.0000E+00  0.1942E-02  0.7657E-02  0.2850E-01  0.4875E-01  0.0000E+00  0.0000E+00  0.0000E+00  0.0000E+00  0.0000E+00  0.0000E+00  0.0000E+00  0.0000E+00  0.6485E-02  0.2751E-01  0.0000E+00  0.0000E+00  0.0000E+00  0.0000E+00  0.9921E-05  0.1767E-04  0.0000E+00  0.0000E+00
  0.0000E+00  0.0000E+00  0.1690E-03  0.2084E-04  0.0000E+00  0.0000E+00  0.0000E+00  0.0000E+00  0.0000E+00  0.0000E+00  0.1972E-05  0.8029E-03  0.1120E-02  0.3917E-03  0.0000E+00  0.0000E+00  0.0000E+00  0.0000E+00  0.0000E+00  0.0000E+00  0.0000E+00  0.0000E+00  0.8056E-03  0.6292E-05  0.0000E+00  0.0000E+00  0.0000E+00  0.0000E+00  0.0000E+00  0.8903E-06  0.0000E+00  0.0000E+00
  0.0000E+00  0.0000E+00  0.3182E-02  0.3482E-01  0.0000E+00  0.0000E+00  0.0000E+00  0.0000E+00  0.0000E+00  0.0000E+00  0.6677E-02  0.5151E-02  0.2160E-01  0.1757E-01  0.0000E+00  0.0000E+00  0.0000E+00  0.0000E+00  0.0000E+00  0.0000E+00  0.0000E+00  0.0000E+00  0.1287E-01  0.2293E-01  0.0000E+00  0.0000E+00  0.0000E+00  0.0000E+00  0.2715E-03  0.2033E-05  0.0000E+00  0.0000E+00
  0.0000E+00  0.0000E+00  0.4356E-07  0.8770E-03  0.0000E+00  0.0000E+00  0.0000E+00  0.0000E+00  0.0000E+00  0.0000E+00  0.4833E-04  0.1357E-02  0.0000E+00  0.0000E+00  0.0000E+00  0.0000E+00  0.0000E+00  0.0000E+00  0.0000E+00  0.0000E+00  0.0000E+00  0.0000E+00  0.0000E+00  0.0000E+00  0.0000E+00  0.0000E+00  0.0000E+00  0.0000E+00  0.0000E+00  0.0000E+00  0.0000E+00  0.0000E+00
  0.0000E+00  0.0000E+00  0.9591E-01  0.1228E+00  0.0000E+00  0.0000E+00  0.0000E+00  0.0000E+00  0.0000E+00  0.0000E+00  0.1022E-02  0.2889E-01  0.0000E+00  0.0000E+00  0.0000E+00  0.0000E+00  0.0000E+00  0.0000E+00  0.0000E+00  0.0000E+00  0.0000E+00  0.0000E+00  0.0000E+00  0.0000E+00  0.0000E+00  0.0000E+00  0.0000E+00  0.0000E+00  0.0000E+00  0.0000E+00  0.0000E+00  0.0000E+00
  0.0000E+00  0.0000E+00  0.1761E-03  0.1143E-03  0.0000E+00  0.0000E+00  0.0000E+00  0.0000E+00  0.0000E+00  0.0000E+00  0.2717E-04  0.1092E-03  0.0000E+00  0.0000E+00  0.0000E+00  0.0000E+00  0.0000E+00  0.0000E+00  0.0000E+00  0.0000E+00  0.0000E+00  0.0000E+00  0.0000E+00  0.0000E+00  0.0000E+00  0.0000E+00  0.0000E+00  0.0000E+00  0.0000E+00  0.0000E+00  0.0000E+00  0.0000E+00
  0.0000E+00  0.0000E+00  0.2565E-01  0.4108E-02  0.0000E+00  0.0000E+00  0.0000E+00  0.0000E+00  0.0000E+00  0.0000E+00  0.6451E-02  0.3882E-02  0.0000E+00  0.0000E+00  0.0000E+00  0.0000E+00  0.0000E+00  0.0000E+00  0.0000E+00  0.0000E+00  0.0000E+00  0.0000E+00  0.0000E+00  0.0000E+00  0.0000E+00  0.0000E+00  0.0000E+00  0.0000E+00  0.0000E+00  0.0000E+00  0.0000E+00  0.0000E+00
 Relative number of events:
  0.0000E+00  0.0000E+00  0.1667E-02  0.6250E-03  0.0000E+00  0.0000E+00  0.0000E+00  0.0000E+00  0.0000E+00  0.0000E+00  0.4167E-02  0.2708E-02  0.3542E-02  0.3125E-02  0.0000E+00  0.0000E+00  0.0000E+00  0.0000E+00  0.0000E+00  0.0000E+00  0.0000E+00  0.0000E+00  0.6458E-02  0.7083E-02  0.0000E+00  0.0000E+00  0.0000E+00  0.0000E+00  0.0000E+00  0.4167E-03  0.0000E+00  0.0000E+00
  0.0000E+00  0.0000E+00  0.4708E-01  0.4708E-01  0.0000E+00  0.0000E+00  0.0000E+00  0.0000E+00  0.0000E+00  0.0000E+00  0.4208E-01  0.4292E-01  0.2729E-01  0.3229E-01  0.0000E+00  0.0000E+00  0.0000E+00  0.0000E+00  0.0000E+00  0.0000E+00  0.0000E+00  0.0000E+00  0.2833E-01  0.2479E-01  0.0000E+00  0.0000E+00  0.0000E+00  0.0000E+00  0.1042E-02  0.1042E-02  0.0000E+00  0.0000E+00
  0.0000E+00  0.0000E+00  0.1875E-02  0.1250E-02  0.0000E+00  0.0000E+00  0.0000E+00  0.0000E+00  0.0000E+00  0.0000E+00  0.2708E-02  0.2500E-02  0.3542E-02  0.3750E-02  0.0000E+00  0.0000E+00  0.0000E+00  0.0000E+00  0.0000E+00  0.0000E+00  0.0000E+00  0.0000E+00  0.6458E-02  0.5417E-02  0.0000E+00  0.0000E+00  0.0000E+00  0.0000E+00  0.0000E+00  0.6250E-03  0.0000E+00  0.0000E+00
  0.0000E+00  0.0000E+00  0.4562E-01  0.5187E-01  0.0000E+00  0.0000E+00  0.0000E+00  0.0000E+00  0.0000E+00  0.0000E+00  0.4000E-01  0.3896E-01  0.2521E-01  0.2667E-01  0.0000E+00  0.0000E+00  0.0000E+00  0.0000E+00  0.0000E+00  0.0000E+00  0.0000E+00  0.0000E+00  0.2750E-01  0.2583E-01  0.0000E+00  0.0000E+00  0.0000E+00  0.0000E+00  0.1458E-02  0.1458E-02  0.0000E+00  0.0000E+00
  0.0000E+00  0.0000E+00  0.6250E-03  0.1667E-02  0.0000E+00  0.0000E+00  0.0000E+00  0.0000E+00  0.0000E+00  0.0000E+00  0.3125E-02  0.1667E-02  0.0000E+00  0.0000E+00  0.0000E+00  0.0000E+00  0.0000E+00  0.0000E+00  0.0000E+00  0.0000E+00  0.0000E+00  0.0000E+00  0.0000E+00  0.0000E+00  0.0000E+00  0.0000E+00  0.0000E+00  0.0000E+00  0.0000E+00  0.0000E+00  0.0000E+00  0.0000E+00
  0.0000E+00  0.0000E+00  0.4583E-01  0.4854E-01  0.0000E+00  0.0000E+00  0.0000E+00  0.0000E+00  0.0000E+00  0.0000E+00  0.3896E-01  0.4188E-01  0.0000E+00  0.0000E+00  0.0000E+00  0.0000E+00  0.0000E+00  0.0000E+00  0.0000E+00  0.0000E+00  0.0000E+00  0.0000E+00  0.0000E+00  0.0000E+00  0.0000E+00  0.0000E+00  0.0000E+00  0.0000E+00  0.0000E+00  0.0000E+00  0.0000E+00  0.0000E+00
  0.0000E+00  0.0000E+00  0.1042E-02  0.1042E-02  0.0000E+00  0.0000E+00  0.0000E+00  0.0000E+00  0.0000E+00  0.0000E+00  0.5833E-02  0.3750E-02  0.0000E+00  0.0000E+00  0.0000E+00  0.0000E+00  0.0000E+00  0.0000E+00  0.0000E+00  0.0000E+00  0.0000E+00  0.0000E+00  0.0000E+00  0.0000E+00  0.0000E+00  0.0000E+00  0.0000E+00  0.0000E+00  0.0000E+00  0.0000E+00  0.0000E+00  0.0000E+00
  0.0000E+00  0.0000E+00  0.4271E-01  0.4854E-01  0.0000E+00  0.0000E+00  0.0000E+00  0.0000E+00  0.0000E+00  0.0000E+00  0.3875E-01  0.3958E-01  0.0000E+00  0.0000E+00  0.0000E+00  0.0000E+00  0.0000E+00  0.0000E+00  0.0000E+00  0.0000E+00  0.0000E+00  0.0000E+00  0.0000E+00  0.0000E+00  0.0000E+00  0.0000E+00  0.0000E+00  0.0000E+00  0.0000E+00  0.0000E+00  0.0000E+00  0.0000E+00
 Events:
           0           0           8           3           0           0           0           0           0           0          20          13          17          15           0           0           0           0           0           0           0           0          31          34           0           0           0           0           0           2           0           0
           0           0         226         226           0           0           0           0           0           0         202         206         131         155           0           0           0           0           0           0           0           0         136         119           0           0           0           0           5           5           0           0
           0           0           9           6           0           0           0           0           0           0          13          12          17          18           0           0           0           0           0           0           0           0          31          26           0           0           0           0           0           3           0           0
           0           0         219         249           0           0           0           0           0           0         192         187         121         128           0           0           0           0           0           0           0           0         132         124           0           0           0           0           7           7           0           0
           0           0           3           8           0           0           0           0           0           0          15           8           0           0           0           0           0           0           0           0           0           0           0           0           0           0           0           0           0           0           0           0
           0           0         220         233           0           0           0           0           0           0         187         201           0           0           0           0           0           0           0           0           0           0           0           0           0           0           0           0           0           0           0           0
           0           0           5           5           0           0           0           0           0           0          28          18           0           0           0           0           0           0           0           0           0           0           0           0           0           0           0           0           0           0           0           0
           0           0         205         233           0           0           0           0           0           0         186         190           0           0           0           0           0           0           0           0           0           0           0           0           0           0           0           0           0           0           0           0
 Accuracy:    0.269   0.010   0.233   1.341
 Found          283  events.
 Wrote            2  events.
 Actual xsec    2.4030417429390356E-011
 Correct abs xsec    4.1102710965173854E-011
 Event xsec    4.1102710965173861E-011
 Events wgts > 1:            1
 % Cross section > 1:    1.2516949471110781E-018   3.0452856216020237E-006
 Warning: Too low fact scales:    212.97546736814735        1.3645748956534451     
 Warning: Too low fact scales:    212.97546736814735        1.3645748956534451     
 No more warnings written out this run.
 Iteration  4   Mean: 0.1222E-10 Abs mean: 0.3450E-10   Fluctuation:  0.493E-11   0.522E-07    61.3%
  4    0.1222E-10 0.3450E-10 +- 0.4925E-11     18.06
 Relative summed weights:
  0.0000E+00  0.0000E+00  0.1097E-02  0.9040E-02  0.0000E+00  0.0000E+00  0.0000E+00  0.0000E+00  0.0000E+00  0.0000E+00  0.8718E-02  0.9298E-04  0.6725E-03  0.7547E-02  0.0000E+00  0.0000E+00  0.0000E+00  0.0000E+00  0.0000E+00  0.0000E+00  0.0000E+00  0.0000E+00  0.1177E-02  0.5154E-03  0.0000E+00  0.0000E+00  0.0000E+00  0.0000E+00  0.7577E-08  0.2219E-04  0.0000E+00  0.0000E+00
  0.0000E+00  0.0000E+00  0.1407E-01  0.2623E-01  0.0000E+00  0.0000E+00  0.0000E+00  0.0000E+00  0.0000E+00  0.0000E+00  0.1722E-01  0.6121E-02  0.3580E-01  0.4091E-01  0.0000E+00  0.0000E+00  0.0000E+00  0.0000E+00  0.0000E+00  0.0000E+00  0.0000E+00  0.0000E+00  0.1056E-01  0.1283E+00  0.0000E+00  0.0000E+00  0.0000E+00  0.0000E+00  0.3087E-04  0.6150E-03  0.0000E+00  0.0000E+00
  0.0000E+00  0.0000E+00  0.3391E-03  0.4773E-04  0.0000E+00  0.0000E+00  0.0000E+00  0.0000E+00  0.0000E+00  0.0000E+00  0.7009E-02  0.3287E-03  0.1514E-01  0.3504E-02  0.0000E+00  0.0000E+00  0.0000E+00  0.0000E+00  0.0000E+00  0.0000E+00  0.0000E+00  0.0000E+00  0.3051E-02  0.5486E-03  0.0000E+00  0.0000E+00  0.0000E+00  0.0000E+00  0.7314E-10  0.2822E-08  0.0000E+00  0.0000E+00
  0.0000E+00  0.0000E+00  0.6343E-01  0.6098E-01  0.0000E+00  0.0000E+00  0.0000E+00  0.0000E+00  0.0000E+00  0.0000E+00  0.1526E-01  0.1116E+00  0.2875E-01  0.1149E-01  0.0000E+00  0.0000E+00  0.0000E+00  0.0000E+00  0.0000E+00  0.0000E+00  0.0000E+00  0.0000E+00  0.4919E-01  0.1341E+00  0.0000E+00  0.0000E+00  0.0000E+00  0.0000E+00  0.5567E-05  0.1087E-03  0.0000E+00  0.0000E+00
  0.0000E+00  0.0000E+00  0.6202E-03  0.4333E-03  0.0000E+00  0.0000E+00  0.0000E+00  0.0000E+00  0.0000E+00  0.0000E+00  0.5224E-03  0.6277E-02  0.0000E+00  0.0000E+00  0.0000E+00  0.0000E+00  0.0000E+00  0.0000E+00  0.0000E+00  0.0000E+00  0.0000E+00  0.0000E+00  0.0000E+00  0.0000E+00  0.0000E+00  0.0000E+00  0.0000E+00  0.0000E+00  0.0000E+00  0.0000E+00  0.0000E+00  0.0000E+00
  0.0000E+00  0.0000E+00  0.1663E-01  0.5053E-01  0.0000E+00  0.0000E+00  0.0000E+00  0.0000E+00  0.0000E+00  0.0000E+00  0.1542E-01  0.2473E-01  0.0000E+00  0.0000E+00  0.0000E+00  0.0000E+00  0.0000E+00  0.0000E+00  0.0000E+00  0.0000E+00  0.0000E+00  0.0000E+00  0.0000E+00  0.0000E+00  0.0000E+00  0.0000E+00  0.0000E+00  0.0000E+00  0.0000E+00  0.0000E+00  0.0000E+00  0.0000E+00
  0.0000E+00  0.0000E+00  0.2807E-02  0.7118E-04  0.0000E+00  0.0000E+00  0.0000E+00  0.0000E+00  0.0000E+00  0.0000E+00  0.4791E-04  0.1319E-02  0.0000E+00  0.0000E+00  0.0000E+00  0.0000E+00  0.0000E+00  0.0000E+00  0.0000E+00  0.0000E+00  0.0000E+00  0.0000E+00  0.0000E+00  0.0000E+00  0.0000E+00  0.0000E+00  0.0000E+00  0.0000E+00  0.0000E+00  0.0000E+00  0.0000E+00  0.0000E+00
  0.0000E+00  0.0000E+00  0.4052E-01  0.9227E-02  0.0000E+00  0.0000E+00  0.0000E+00  0.0000E+00  0.0000E+00  0.0000E+00  0.6750E-02  0.1048E-01  0.0000E+00  0.0000E+00  0.0000E+00  0.0000E+00  0.0000E+00  0.0000E+00  0.0000E+00  0.0000E+00  0.0000E+00  0.0000E+00  0.0000E+00  0.0000E+00  0.0000E+00  0.0000E+00  0.0000E+00  0.0000E+00  0.0000E+00  0.0000E+00  0.0000E+00  0.0000E+00
 Relative number of events:
  0.0000E+00  0.0000E+00  0.1124E-02  0.1021E-02  0.0000E+00  0.0000E+00  0.0000E+00  0.0000E+00  0.0000E+00  0.0000E+00  0.2656E-02  0.3269E-02  0.3677E-02  0.3575E-02  0.0000E+00  0.0000E+00  0.0000E+00  0.0000E+00  0.0000E+00  0.0000E+00  0.0000E+00  0.0000E+00  0.5822E-02  0.4903E-02  0.0000E+00  0.0000E+00  0.0000E+00  0.0000E+00  0.1021E-03  0.4086E-03  0.0000E+00  0.0000E+00
  0.0000E+00  0.0000E+00  0.4709E-01  0.4770E-01  0.0000E+00  0.0000E+00  0.0000E+00  0.0000E+00  0.0000E+00  0.0000E+00  0.3933E-01  0.3708E-01  0.2901E-01  0.2921E-01  0.0000E+00  0.0000E+00  0.0000E+00  0.0000E+00  0.0000E+00  0.0000E+00  0.0000E+00  0.0000E+00  0.2360E-01  0.2635E-01  0.0000E+00  0.0000E+00  0.0000E+00  0.0000E+00  0.1941E-02  0.8172E-03  0.0000E+00  0.0000E+00
  0.0000E+00  0.0000E+00  0.1124E-02  0.9193E-03  0.0000E+00  0.0000E+00  0.0000E+00  0.0000E+00  0.0000E+00  0.0000E+00  0.2451E-02  0.2656E-02  0.3371E-02  0.2656E-02  0.0000E+00  0.0000E+00  0.0000E+00  0.0000E+00  0.0000E+00  0.0000E+00  0.0000E+00  0.0000E+00  0.5720E-02  0.6537E-02  0.0000E+00  0.0000E+00  0.0000E+00  0.0000E+00  0.1021E-03  0.1021E-03  0.0000E+00  0.0000E+00
  0.0000E+00  0.0000E+00  0.4852E-01  0.5097E-01  0.0000E+00  0.0000E+00  0.0000E+00  0.0000E+00  0.0000E+00  0.0000E+00  0.3994E-01  0.3892E-01  0.3146E-01  0.2727E-01  0.0000E+00  0.0000E+00  0.0000E+00  0.0000E+00  0.0000E+00  0.0000E+00  0.0000E+00  0.0000E+00  0.2533E-01  0.2942E-01  0.0000E+00  0.0000E+00  0.0000E+00  0.0000E+00  0.1124E-02  0.1021E-02  0.0000E+00  0.0000E+00
  0.0000E+00  0.0000E+00  0.1226E-02  0.1328E-02  0.0000E+00  0.0000E+00  0.0000E+00  0.0000E+00  0.0000E+00  0.0000E+00  0.3575E-02  0.2860E-02  0.0000E+00  0.0000E+00  0.0000E+00  0.0000E+00  0.0000E+00  0.0000E+00  0.0000E+00  0.0000E+00  0.0000E+00  0.0000E+00  0.0000E+00  0.0000E+00  0.0000E+00  0.0000E+00  0.0000E+00  0.0000E+00  0.0000E+00  0.0000E+00  0.0000E+00  0.0000E+00
  0.0000E+00  0.0000E+00  0.4658E-01  0.5260E-01  0.0000E+00  0.0000E+00  0.0000E+00  0.0000E+00  0.0000E+00  0.0000E+00  0.4157E-01  0.3933E-01  0.0000E+00  0.0000E+00  0.0000E+00  0.0000E+00  0.0000E+00  0.0000E+00  0.0000E+00  0.0000E+00  0.0000E+00  0.0000E+00  0.0000E+00  0.0000E+00  0.0000E+00  0.0000E+00  0.0000E+00  0.0000E+00  0.0000E+00  0.0000E+00  0.0000E+00  0.0000E+00
  0.0000E+00  0.0000E+00  0.1532E-02  0.1328E-02  0.0000E+00  0.0000E+00  0.0000E+00  0.0000E+00  0.0000E+00  0.0000E+00  0.1839E-02  0.3575E-02  0.0000E+00  0.0000E+00  0.0000E+00  0.0000E+00  0.0000E+00  0.0000E+00  0.0000E+00  0.0000E+00  0.0000E+00  0.0000E+00  0.0000E+00  0.0000E+00  0.0000E+00  0.0000E+00  0.0000E+00  0.0000E+00  0.0000E+00  0.0000E+00  0.0000E+00  0.0000E+00
  0.0000E+00  0.0000E+00  0.4985E-01  0.4566E-01  0.0000E+00  0.0000E+00  0.0000E+00  0.0000E+00  0.0000E+00  0.0000E+00  0.4086E-01  0.3800E-01  0.0000E+00  0.0000E+00  0.0000E+00  0.0000E+00  0.0000E+00  0.0000E+00  0.0000E+00  0.0000E+00  0.0000E+00  0.0000E+00  0.0000E+00  0.0000E+00  0.0000E+00  0.0000E+00  0.0000E+00  0.0000E+00  0.0000E+00  0.0000E+00  0.0000E+00  0.0000E+00
 Events:
           0           0          11          10           0           0           0           0           0           0          26          32          36          35           0           0           0           0           0           0           0           0          57          48           0           0           0           0           1           4           0           0
           0           0         461         467           0           0           0           0           0           0         385         363         284         286           0           0           0           0           0           0           0           0         231         258           0           0           0           0          19           8           0           0
           0           0          11           9           0           0           0           0           0           0          24          26          33          26           0           0           0           0           0           0           0           0          56          64           0           0           0           0           1           1           0           0
           0           0         475         499           0           0           0           0           0           0         391         381         308         267           0           0           0           0           0           0           0           0         248         288           0           0           0           0          11          10           0           0
           0           0          12          13           0           0           0           0           0           0          35          28           0           0           0           0           0           0           0           0           0           0           0           0           0           0           0           0           0           0           0           0
           0           0         456         515           0           0           0           0           0           0         407         385           0           0           0           0           0           0           0           0           0           0           0           0           0           0           0           0           0           0           0           0
           0           0          15          13           0           0           0           0           0           0          18          35           0           0           0           0           0           0           0           0           0           0           0           0           0           0           0           0           0           0           0           0
           0           0         488         447           0           0           0           0           0           0         400         372           0           0           0           0           0           0           0           0           0           0           0           0           0           0           0           0           0           0           0           0
 Accuracy:    0.138   0.010   0.122   1.294
 Found          586  events.
 Wrote           12  events.
 Actual xsec    1.4225575014685300E-011
 Correct abs xsec    3.5376128766082583E-011
 Event xsec    3.5376128766082596E-011
 Events wgts > 1:            0
 % Cross section > 1:    0.0000000000000000        0.0000000000000000     
 Iteration  5   Mean: 0.1373E-10 Abs mean: 0.5120E-10   Fluctuation:  0.555E-11   0.138E-06    58.0%
  5    0.1373E-10 0.5120E-10 +- 0.5546E-11     19.38
 Relative summed weights:
  0.0000E+00  0.0000E+00  0.4997E-02  0.1839E-03  0.0000E+00  0.0000E+00  0.0000E+00  0.0000E+00  0.0000E+00  0.0000E+00  0.6344E-03  0.1963E-01  0.2316E-01  0.1258E-01  0.0000E+00  0.0000E+00  0.0000E+00  0.0000E+00  0.0000E+00  0.0000E+00  0.0000E+00  0.0000E+00  0.1526E-02  0.2953E-02  0.0000E+00  0.0000E+00  0.0000E+00  0.0000E+00  0.1147E-02  0.0000E+00  0.0000E+00  0.0000E+00
  0.0000E+00  0.0000E+00  0.2615E-01  0.3365E-01  0.0000E+00  0.0000E+00  0.0000E+00  0.0000E+00  0.0000E+00  0.0000E+00  0.2206E-01  0.1057E-01  0.6201E-01  0.8286E-01  0.0000E+00  0.0000E+00  0.0000E+00  0.0000E+00  0.0000E+00  0.0000E+00  0.0000E+00  0.0000E+00  0.2922E-01  0.2683E-01  0.0000E+00  0.0000E+00  0.0000E+00  0.0000E+00  0.4276E-03  0.1140E-03  0.0000E+00  0.0000E+00
  0.0000E+00  0.0000E+00  0.3326E-03  0.2474E-01  0.0000E+00  0.0000E+00  0.0000E+00  0.0000E+00  0.0000E+00  0.0000E+00  0.7568E-03  0.4370E-02  0.2748E-02  0.5886E-01  0.0000E+00  0.0000E+00  0.0000E+00  0.0000E+00  0.0000E+00  0.0000E+00  0.0000E+00  0.0000E+00  0.9448E-02  0.6410E-02  0.0000E+00  0.0000E+00  0.0000E+00  0.0000E+00  0.1208E-03  0.6038E-04  0.0000E+00  0.0000E+00
  0.0000E+00  0.0000E+00  0.3542E-01  0.2956E-01  0.0000E+00  0.0000E+00  0.0000E+00  0.0000E+00  0.0000E+00  0.0000E+00  0.8723E-02  0.1911E-01  0.7776E-01  0.4685E-01  0.0000E+00  0.0000E+00  0.0000E+00  0.0000E+00  0.0000E+00  0.0000E+00  0.0000E+00  0.0000E+00  0.2977E-01  0.2139E-01  0.0000E+00  0.0000E+00  0.0000E+00  0.0000E+00  0.2557E-03  0.3573E-03  0.0000E+00  0.0000E+00
  0.0000E+00  0.0000E+00  0.1604E-02  0.2455E-01  0.0000E+00  0.0000E+00  0.0000E+00  0.0000E+00  0.0000E+00  0.0000E+00  0.3183E-03  0.3729E-03  0.0000E+00  0.0000E+00  0.0000E+00  0.0000E+00  0.0000E+00  0.0000E+00  0.0000E+00  0.0000E+00  0.0000E+00  0.0000E+00  0.0000E+00  0.0000E+00  0.0000E+00  0.0000E+00  0.0000E+00  0.0000E+00  0.0000E+00  0.0000E+00  0.0000E+00  0.0000E+00
  0.0000E+00  0.0000E+00  0.2599E-01  0.4556E-01  0.0000E+00  0.0000E+00  0.0000E+00  0.0000E+00  0.0000E+00  0.0000E+00  0.1836E-01  0.1356E-01  0.0000E+00  0.0000E+00  0.0000E+00  0.0000E+00  0.0000E+00  0.0000E+00  0.0000E+00  0.0000E+00  0.0000E+00  0.0000E+00  0.0000E+00  0.0000E+00  0.0000E+00  0.0000E+00  0.0000E+00  0.0000E+00  0.0000E+00  0.0000E+00  0.0000E+00  0.0000E+00
  0.0000E+00  0.0000E+00  0.3565E-02  0.3709E-02  0.0000E+00  0.0000E+00  0.0000E+00  0.0000E+00  0.0000E+00  0.0000E+00  0.1837E-02  0.1496E-02  0.0000E+00  0.0000E+00  0.0000E+00  0.0000E+00  0.0000E+00  0.0000E+00  0.0000E+00  0.0000E+00  0.0000E+00  0.0000E+00  0.0000E+00  0.0000E+00  0.0000E+00  0.0000E+00  0.0000E+00  0.0000E+00  0.0000E+00  0.0000E+00  0.0000E+00  0.0000E+00
  0.0000E+00  0.0000E+00  0.2986E-01  0.4672E-01  0.0000E+00  0.0000E+00  0.0000E+00  0.0000E+00  0.0000E+00  0.0000E+00  0.1858E-01  0.2618E-01  0.0000E+00  0.0000E+00  0.0000E+00  0.0000E+00  0.0000E+00  0.0000E+00  0.0000E+00  0.0000E+00  0.0000E+00  0.0000E+00  0.0000E+00  0.0000E+00  0.0000E+00  0.0000E+00  0.0000E+00  0.0000E+00  0.0000E+00  0.0000E+00  0.0000E+00  0.0000E+00
 Relative number of events:
  0.0000E+00  0.0000E+00  0.1275E-02  0.1224E-02  0.0000E+00  0.0000E+00  0.0000E+00  0.0000E+00  0.0000E+00  0.0000E+00  0.2806E-02  0.2551E-02  0.3010E-02  0.3316E-02  0.0000E+00  0.0000E+00  0.0000E+00  0.0000E+00  0.0000E+00  0.0000E+00  0.0000E+00  0.0000E+00  0.5816E-02  0.5255E-02  0.0000E+00  0.0000E+00  0.0000E+00  0.0000E+00  0.3061E-03  0.0000E+00  0.0000E+00  0.0000E+00
  0.0000E+00  0.0000E+00  0.4653E-01  0.4999E-01  0.0000E+00  0.0000E+00  0.0000E+00  0.0000E+00  0.0000E+00  0.0000E+00  0.4153E-01  0.3984E-01  0.2913E-01  0.3041E-01  0.0000E+00  0.0000E+00  0.0000E+00  0.0000E+00  0.0000E+00  0.0000E+00  0.0000E+00  0.0000E+00  0.2699E-01  0.2632E-01  0.0000E+00  0.0000E+00  0.0000E+00  0.0000E+00  0.4591E-03  0.1071E-02  0.0000E+00  0.0000E+00
  0.0000E+00  0.0000E+00  0.1479E-02  0.1173E-02  0.0000E+00  0.0000E+00  0.0000E+00  0.0000E+00  0.0000E+00  0.0000E+00  0.2755E-02  0.3163E-02  0.2347E-02  0.3010E-02  0.0000E+00  0.0000E+00  0.0000E+00  0.0000E+00  0.0000E+00  0.0000E+00  0.0000E+00  0.0000E+00  0.6581E-02  0.5918E-02  0.0000E+00  0.0000E+00  0.0000E+00  0.0000E+00  0.3061E-03  0.1530E-03  0.0000E+00  0.0000E+00
  0.0000E+00  0.0000E+00  0.4790E-01  0.5010E-01  0.0000E+00  0.0000E+00  0.0000E+00  0.0000E+00  0.0000E+00  0.0000E+00  0.3887E-01  0.3627E-01  0.2969E-01  0.2785E-01  0.0000E+00  0.0000E+00  0.0000E+00  0.0000E+00  0.0000E+00  0.0000E+00  0.0000E+00  0.0000E+00  0.2444E-01  0.2831E-01  0.0000E+00  0.0000E+00  0.0000E+00  0.0000E+00  0.8162E-03  0.9693E-03  0.0000E+00  0.0000E+00
  0.0000E+00  0.0000E+00  0.1275E-02  0.1428E-02  0.0000E+00  0.0000E+00  0.0000E+00  0.0000E+00  0.0000E+00  0.0000E+00  0.2806E-02  0.3061E-02  0.0000E+00  0.0000E+00  0.0000E+00  0.0000E+00  0.0000E+00  0.0000E+00  0.0000E+00  0.0000E+00  0.0000E+00  0.0000E+00  0.0000E+00  0.0000E+00  0.0000E+00  0.0000E+00  0.0000E+00  0.0000E+00  0.0000E+00  0.0000E+00  0.0000E+00  0.0000E+00
  0.0000E+00  0.0000E+00  0.4867E-01  0.5071E-01  0.0000E+00  0.0000E+00  0.0000E+00  0.0000E+00  0.0000E+00  0.0000E+00  0.4015E-01  0.3811E-01  0.0000E+00  0.0000E+00  0.0000E+00  0.0000E+00  0.0000E+00  0.0000E+00  0.0000E+00  0.0000E+00  0.0000E+00  0.0000E+00  0.0000E+00  0.0000E+00  0.0000E+00  0.0000E+00  0.0000E+00  0.0000E+00  0.0000E+00  0.0000E+00  0.0000E+00  0.0000E+00
  0.0000E+00  0.0000E+00  0.1071E-02  0.1530E-02  0.0000E+00  0.0000E+00  0.0000E+00  0.0000E+00  0.0000E+00  0.0000E+00  0.2704E-02  0.2755E-02  0.0000E+00  0.0000E+00  0.0000E+00  0.0000E+00  0.0000E+00  0.0000E+00  0.0000E+00  0.0000E+00  0.0000E+00  0.0000E+00  0.0000E+00  0.0000E+00  0.0000E+00  0.0000E+00  0.0000E+00  0.0000E+00  0.0000E+00  0.0000E+00  0.0000E+00  0.0000E+00
  0.0000E+00  0.0000E+00  0.4969E-01  0.4816E-01  0.0000E+00  0.0000E+00  0.0000E+00  0.0000E+00  0.0000E+00  0.0000E+00  0.4010E-01  0.3785E-01  0.0000E+00  0.0000E+00  0.0000E+00  0.0000E+00  0.0000E+00  0.0000E+00  0.0000E+00  0.0000E+00  0.0000E+00  0.0000E+00  0.0000E+00  0.0000E+00  0.0000E+00  0.0000E+00  0.0000E+00  0.0000E+00  0.0000E+00  0.0000E+00  0.0000E+00  0.0000E+00
 Events:
           0           0          25          24           0           0           0           0           0           0          55          50          59          65           0           0           0           0           0           0           0           0         114         103           0           0           0           0           6           0           0           0
           0           0         912         980           0           0           0           0           0           0         814         781         571         596           0           0           0           0           0           0           0           0         529         516           0           0           0           0           9          21           0           0
           0           0          29          23           0           0           0           0           0           0          54          62          46          59           0           0           0           0           0           0           0           0         129         116           0           0           0           0           6           3           0           0
           0           0         939         982           0           0           0           0           0           0         762         711         582         546           0           0           0           0           0           0           0           0         479         555           0           0           0           0          16          19           0           0
           0           0          25          28           0           0           0           0           0           0          55          60           0           0           0           0           0           0           0           0           0           0           0           0           0           0           0           0           0           0           0           0
           0           0         954         994           0           0           0           0           0           0         787         747           0           0           0           0           0           0           0           0           0           0           0           0           0           0           0           0           0           0           0           0
           0           0          21          30           0           0           0           0           0           0          53          54           0           0           0           0           0           0           0           0           0           0           0           0           0           0           0           0           0           0           0           0
           0           0         974         944           0           0           0           0           0           0         786         742           0           0           0           0           0           0           0           0           0           0           0           0           0           0           0           0           0           0           0           0
 Accuracy:    0.105   0.010   0.081   1.693
 Found         2368  events.
 Wrote            8  events.
 Actual xsec    1.3681024556985857E-011
 Correct abs xsec    4.5129211989455833E-011
 Event xsec    4.5129211989455846E-011
 Events wgts > 1:            1
 % Cross section > 1:    3.3618752669171783E-020   7.4494437609561161E-008
 Iteration  6   Mean: 0.2295E-10 Abs mean: 0.5370E-10   Fluctuation:  0.299E-11   0.921E-07    52.9%
  6    0.2295E-10 0.5370E-10 +- 0.2986E-11     14.07
 Relative summed weights:
  0.0000E+00  0.0000E+00  0.8190E-03  0.3455E-01  0.0000E+00  0.0000E+00  0.0000E+00  0.0000E+00  0.0000E+00  0.0000E+00  0.2986E-02  0.2294E-02  0.2996E-01  0.3655E-01  0.0000E+00  0.0000E+00  0.0000E+00  0.0000E+00  0.0000E+00  0.0000E+00  0.0000E+00  0.0000E+00  0.5422E-02  0.9000E-02  0.0000E+00  0.0000E+00  0.0000E+00  0.0000E+00  0.5055E-03  0.8198E-04  0.0000E+00  0.0000E+00
  0.0000E+00  0.0000E+00  0.2302E-01  0.3265E-01  0.0000E+00  0.0000E+00  0.0000E+00  0.0000E+00  0.0000E+00  0.0000E+00  0.1316E-01  0.1625E-01  0.5915E-01  0.5859E-01  0.0000E+00  0.0000E+00  0.0000E+00  0.0000E+00  0.0000E+00  0.0000E+00  0.0000E+00  0.0000E+00  0.2377E-01  0.2718E-01  0.0000E+00  0.0000E+00  0.0000E+00  0.0000E+00  0.1202E-02  0.9135E-03  0.0000E+00  0.0000E+00
  0.0000E+00  0.0000E+00  0.4072E-01  0.1239E-01  0.0000E+00  0.0000E+00  0.0000E+00  0.0000E+00  0.0000E+00  0.0000E+00  0.2057E-02  0.2460E-02  0.1337E-01  0.1209E-01  0.0000E+00  0.0000E+00  0.0000E+00  0.0000E+00  0.0000E+00  0.0000E+00  0.0000E+00  0.0000E+00  0.5153E-02  0.1714E-01  0.0000E+00  0.0000E+00  0.0000E+00  0.0000E+00  0.2874E-02  0.1740E-03  0.0000E+00  0.0000E+00
  0.0000E+00  0.0000E+00  0.2881E-01  0.4967E-01  0.0000E+00  0.0000E+00  0.0000E+00  0.0000E+00  0.0000E+00  0.0000E+00  0.1326E-01  0.1136E-01  0.4327E-01  0.7012E-01  0.0000E+00  0.0000E+00  0.0000E+00  0.0000E+00  0.0000E+00  0.0000E+00  0.0000E+00  0.0000E+00  0.2397E-01  0.3232E-01  0.0000E+00  0.0000E+00  0.0000E+00  0.0000E+00  0.8600E-03  0.1306E-02  0.0000E+00  0.0000E+00
  0.0000E+00  0.0000E+00  0.7307E-02  0.6546E-02  0.0000E+00  0.0000E+00  0.0000E+00  0.0000E+00  0.0000E+00  0.0000E+00  0.3499E-02  0.1964E-02  0.0000E+00  0.0000E+00  0.0000E+00  0.0000E+00  0.0000E+00  0.0000E+00  0.0000E+00  0.0000E+00  0.0000E+00  0.0000E+00  0.0000E+00  0.0000E+00  0.0000E+00  0.0000E+00  0.0000E+00  0.0000E+00  0.0000E+00  0.0000E+00  0.0000E+00  0.0000E+00
  0.0000E+00  0.0000E+00  0.3073E-01  0.3135E-01  0.0000E+00  0.0000E+00  0.0000E+00  0.0000E+00  0.0000E+00  0.0000E+00  0.1821E-01  0.1674E-01  0.0000E+00  0.0000E+00  0.0000E+00  0.0000E+00  0.0000E+00  0.0000E+00  0.0000E+00  0.0000E+00  0.0000E+00  0.0000E+00  0.0000E+00  0.0000E+00  0.0000E+00  0.0000E+00  0.0000E+00  0.0000E+00  0.0000E+00  0.0000E+00  0.0000E+00  0.0000E+00
  0.0000E+00  0.0000E+00  0.3481E-02  0.1955E-01  0.0000E+00  0.0000E+00  0.0000E+00  0.0000E+00  0.0000E+00  0.0000E+00  0.3959E-02  0.2761E-02  0.0000E+00  0.0000E+00  0.0000E+00  0.0000E+00  0.0000E+00  0.0000E+00  0.0000E+00  0.0000E+00  0.0000E+00  0.0000E+00  0.0000E+00  0.0000E+00  0.0000E+00  0.0000E+00  0.0000E+00  0.0000E+00  0.0000E+00  0.0000E+00  0.0000E+00  0.0000E+00
  0.0000E+00  0.0000E+00  0.3449E-01  0.2519E-01  0.0000E+00  0.0000E+00  0.0000E+00  0.0000E+00  0.0000E+00  0.0000E+00  0.1306E-01  0.1971E-01  0.0000E+00  0.0000E+00  0.0000E+00  0.0000E+00  0.0000E+00  0.0000E+00  0.0000E+00  0.0000E+00  0.0000E+00  0.0000E+00  0.0000E+00  0.0000E+00  0.0000E+00  0.0000E+00  0.0000E+00  0.0000E+00  0.0000E+00  0.0000E+00  0.0000E+00  0.0000E+00
 Relative number of events:
  0.0000E+00  0.0000E+00  0.1231E-02  0.1333E-02  0.0000E+00  0.0000E+00  0.0000E+00  0.0000E+00  0.0000E+00  0.0000E+00  0.3179E-02  0.2923E-02  0.3256E-02  0.3128E-02  0.0000E+00  0.0000E+00  0.0000E+00  0.0000E+00  0.0000E+00  0.0000E+00  0.0000E+00  0.0000E+00  0.5538E-02  0.5615E-02  0.0000E+00  0.0000E+00  0.0000E+00  0.0000E+00  0.2307E-03  0.1795E-03  0.0000E+00  0.0000E+00
  0.0000E+00  0.0000E+00  0.4769E-01  0.4646E-01  0.0000E+00  0.0000E+00  0.0000E+00  0.0000E+00  0.0000E+00  0.0000E+00  0.3864E-01  0.4156E-01  0.2848E-01  0.2915E-01  0.0000E+00  0.0000E+00  0.0000E+00  0.0000E+00  0.0000E+00  0.0000E+00  0.0000E+00  0.0000E+00  0.2620E-01  0.2679E-01  0.0000E+00  0.0000E+00  0.0000E+00  0.0000E+00  0.1051E-02  0.1231E-02  0.0000E+00  0.0000E+00
  0.0000E+00  0.0000E+00  0.1256E-02  0.9743E-03  0.0000E+00  0.0000E+00  0.0000E+00  0.0000E+00  0.0000E+00  0.0000E+00  0.2589E-02  0.3128E-02  0.3256E-02  0.3282E-02  0.0000E+00  0.0000E+00  0.0000E+00  0.0000E+00  0.0000E+00  0.0000E+00  0.0000E+00  0.0000E+00  0.5538E-02  0.6615E-02  0.0000E+00  0.0000E+00  0.0000E+00  0.0000E+00  0.3846E-03  0.2051E-03  0.0000E+00  0.0000E+00
  0.0000E+00  0.0000E+00  0.4789E-01  0.4617E-01  0.0000E+00  0.0000E+00  0.0000E+00  0.0000E+00  0.0000E+00  0.0000E+00  0.4035E-01  0.3836E-01  0.2843E-01  0.2951E-01  0.0000E+00  0.0000E+00  0.0000E+00  0.0000E+00  0.0000E+00  0.0000E+00  0.0000E+00  0.0000E+00  0.2523E-01  0.2679E-01  0.0000E+00  0.0000E+00  0.0000E+00  0.0000E+00  0.1026E-02  0.1179E-02  0.0000E+00  0.0000E+00
  0.0000E+00  0.0000E+00  0.1333E-02  0.1333E-02  0.0000E+00  0.0000E+00  0.0000E+00  0.0000E+00  0.0000E+00  0.0000E+00  0.3128E-02  0.2974E-02  0.0000E+00  0.0000E+00  0.0000E+00  0.0000E+00  0.0000E+00  0.0000E+00  0.0000E+00  0.0000E+00  0.0000E+00  0.0000E+00  0.0000E+00  0.0000E+00  0.0000E+00  0.0000E+00  0.0000E+00  0.0000E+00  0.0000E+00  0.0000E+00  0.0000E+00  0.0000E+00
  0.0000E+00  0.0000E+00  0.4974E-01  0.4800E-01  0.0000E+00  0.0000E+00  0.0000E+00  0.0000E+00  0.0000E+00  0.0000E+00  0.4005E-01  0.3989E-01  0.0000E+00  0.0000E+00  0.0000E+00  0.0000E+00  0.0000E+00  0.0000E+00  0.0000E+00  0.0000E+00  0.0000E+00  0.0000E+00  0.0000E+00  0.0000E+00  0.0000E+00  0.0000E+00  0.0000E+00  0.0000E+00  0.0000E+00  0.0000E+00  0.0000E+00  0.0000E+00
  0.0000E+00  0.0000E+00  0.1487E-02  0.1179E-02  0.0000E+00  0.0000E+00  0.0000E+00  0.0000E+00  0.0000E+00  0.0000E+00  0.2974E-02  0.2974E-02  0.0000E+00  0.0000E+00  0.0000E+00  0.0000E+00  0.0000E+00  0.0000E+00  0.0000E+00  0.0000E+00  0.0000E+00  0.0000E+00  0.0000E+00  0.0000E+00  0.0000E+00  0.0000E+00  0.0000E+00  0.0000E+00  0.0000E+00  0.0000E+00  0.0000E+00  0.0000E+00
  0.0000E+00  0.0000E+00  0.4915E-01  0.4835E-01  0.0000E+00  0.0000E+00  0.0000E+00  0.0000E+00  0.0000E+00  0.0000E+00  0.4141E-01  0.4000E-01  0.0000E+00  0.0000E+00  0.0000E+00  0.0000E+00  0.0000E+00  0.0000E+00  0.0000E+00  0.0000E+00  0.0000E+00  0.0000E+00  0.0000E+00  0.0000E+00  0.0000E+00  0.0000E+00  0.0000E+00  0.0000E+00  0.0000E+00  0.0000E+00  0.0000E+00  0.0000E+00
 Events:
           0           0          48          52           0           0           0           0           0           0         124         114         127         122           0           0           0           0           0           0           0           0         216         219           0           0           0           0           9           7           0           0
           0           0        1860        1812           0           0           0           0           0           0        1507        1621        1111        1137           0           0           0           0           0           0           0           0        1022        1045           0           0           0           0          41          48           0           0
           0           0          49          38           0           0           0           0           0           0         101         122         127         128           0           0           0           0           0           0           0           0         216         258           0           0           0           0          15           8           0           0
           0           0        1868        1801           0           0           0           0           0           0        1574        1496        1109        1151           0           0           0           0           0           0           0           0         984        1045           0           0           0           0          40          46           0           0
           0           0          52          52           0           0           0           0           0           0         122         116           0           0           0           0           0           0           0           0           0           0           0           0           0           0           0           0           0           0           0           0
           0           0        1940        1872           0           0           0           0           0           0        1562        1556           0           0           0           0           0           0           0           0           0           0           0           0           0           0           0           0           0           0           0           0
           0           0          58          46           0           0           0           0           0           0         116         116           0           0           0           0           0           0           0           0           0           0           0           0           0           0           0           0           0           0           0           0
           0           0        1917        1886           0           0           0           0           0           0        1615        1560           0           0           0           0           0           0           0           0           0           0           0           0           0           0           0           0           0           0           0           0
 Accuracy:    0.060   0.010   0.046   1.709
 Found         5269  events.
 Wrote           46  events.
 Actual xsec    2.0081500660007782E-011
 Correct abs xsec    5.1177331792954537E-011
 Event xsec    5.1177331792954543E-011
 Events wgts > 1:            2
 % Cross section > 1:    1.5198349411740019E-013  0.29697424385521282     
 Iteration  7   Mean: 0.2057E-10 Abs mean: 0.4998E-10   Fluctuation:  0.112E-11   0.518E-07    47.5%
  7    0.2057E-10 0.4998E-10 +- 0.1120E-11      8.02
 Exceeded boost           3          96   128000.000    
 Relative summed weights:
  0.0000E+00  0.0000E+00  0.2986E-02  0.2924E-02  0.0000E+00  0.0000E+00  0.0000E+00  0.0000E+00  0.0000E+00  0.0000E+00  0.3686E-02  0.3054E-02  0.1655E-01  0.1943E-01  0.0000E+00  0.0000E+00  0.0000E+00  0.0000E+00  0.0000E+00  0.0000E+00  0.0000E+00  0.0000E+00  0.8901E-02  0.1095E-01  0.0000E+00  0.0000E+00  0.0000E+00  0.0000E+00  0.1861E-04  0.4693E-04  0.0000E+00  0.0000E+00
  0.0000E+00  0.0000E+00  0.3362E-01  0.3764E-01  0.0000E+00  0.0000E+00  0.0000E+00  0.0000E+00  0.0000E+00  0.0000E+00  0.1722E-01  0.1641E-01  0.6550E-01  0.6296E-01  0.0000E+00  0.0000E+00  0.0000E+00  0.0000E+00  0.0000E+00  0.0000E+00  0.0000E+00  0.0000E+00  0.3149E-01  0.3276E-01  0.0000E+00  0.0000E+00  0.0000E+00  0.0000E+00  0.1892E-02  0.1501E-02  0.0000E+00  0.0000E+00
  0.0000E+00  0.0000E+00  0.5152E-02  0.5947E-02  0.0000E+00  0.0000E+00  0.0000E+00  0.0000E+00  0.0000E+00  0.0000E+00  0.3489E-02  0.3910E-02  0.2062E-01  0.1113E-01  0.0000E+00  0.0000E+00  0.0000E+00  0.0000E+00  0.0000E+00  0.0000E+00  0.0000E+00  0.0000E+00  0.7626E-02  0.4191E-02  0.0000E+00  0.0000E+00  0.0000E+00  0.0000E+00  0.3269E-02  0.8525E-03  0.0000E+00  0.0000E+00
  0.0000E+00  0.0000E+00  0.3439E-01  0.3699E-01  0.0000E+00  0.0000E+00  0.0000E+00  0.0000E+00  0.0000E+00  0.0000E+00  0.1720E-01  0.1649E-01  0.6283E-01  0.5983E-01  0.0000E+00  0.0000E+00  0.0000E+00  0.0000E+00  0.0000E+00  0.0000E+00  0.0000E+00  0.0000E+00  0.4099E-01  0.3181E-01  0.0000E+00  0.0000E+00  0.0000E+00  0.0000E+00  0.1071E-02  0.7667E-03  0.0000E+00  0.0000E+00
  0.0000E+00  0.0000E+00  0.4992E-02  0.8310E-02  0.0000E+00  0.0000E+00  0.0000E+00  0.0000E+00  0.0000E+00  0.0000E+00  0.2647E-02  0.4940E-02  0.0000E+00  0.0000E+00  0.0000E+00  0.0000E+00  0.0000E+00  0.0000E+00  0.0000E+00  0.0000E+00  0.0000E+00  0.0000E+00  0.0000E+00  0.0000E+00  0.0000E+00  0.0000E+00  0.0000E+00  0.0000E+00  0.0000E+00  0.0000E+00  0.0000E+00  0.0000E+00
  0.0000E+00  0.0000E+00  0.3376E-01  0.3231E-01  0.0000E+00  0.0000E+00  0.0000E+00  0.0000E+00  0.0000E+00  0.0000E+00  0.1643E-01  0.1714E-01  0.0000E+00  0.0000E+00  0.0000E+00  0.0000E+00  0.0000E+00  0.0000E+00  0.0000E+00  0.0000E+00  0.0000E+00  0.0000E+00  0.0000E+00  0.0000E+00  0.0000E+00  0.0000E+00  0.0000E+00  0.0000E+00  0.0000E+00  0.0000E+00  0.0000E+00  0.0000E+00
  0.0000E+00  0.0000E+00  0.2104E-01  0.1000E-01  0.0000E+00  0.0000E+00  0.0000E+00  0.0000E+00  0.0000E+00  0.0000E+00  0.2500E-02  0.5810E-02  0.0000E+00  0.0000E+00  0.0000E+00  0.0000E+00  0.0000E+00  0.0000E+00  0.0000E+00  0.0000E+00  0.0000E+00  0.0000E+00  0.0000E+00  0.0000E+00  0.0000E+00  0.0000E+00  0.0000E+00  0.0000E+00  0.0000E+00  0.0000E+00  0.0000E+00  0.0000E+00
  0.0000E+00  0.0000E+00  0.3640E-01  0.3143E-01  0.0000E+00  0.0000E+00  0.0000E+00  0.0000E+00  0.0000E+00  0.0000E+00  0.1453E-01  0.1967E-01  0.0000E+00  0.0000E+00  0.0000E+00  0.0000E+00  0.0000E+00  0.0000E+00  0.0000E+00  0.0000E+00  0.0000E+00  0.0000E+00  0.0000E+00  0.0000E+00  0.0000E+00  0.0000E+00  0.0000E+00  0.0000E+00  0.0000E+00  0.0000E+00  0.0000E+00  0.0000E+00
 Relative number of events:
  0.0000E+00  0.0000E+00  0.1203E-02  0.1216E-02  0.0000E+00  0.0000E+00  0.0000E+00  0.0000E+00  0.0000E+00  0.0000E+00  0.3174E-02  0.2892E-02  0.3072E-02  0.2880E-02  0.0000E+00  0.0000E+00  0.0000E+00  0.0000E+00  0.0000E+00  0.0000E+00  0.0000E+00  0.0000E+00  0.6194E-02  0.5887E-02  0.0000E+00  0.0000E+00  0.0000E+00  0.0000E+00  0.1792E-03  0.2560E-03  0.0000E+00  0.0000E+00
  0.0000E+00  0.0000E+00  0.4646E-01  0.4772E-01  0.0000E+00  0.0000E+00  0.0000E+00  0.0000E+00  0.0000E+00  0.0000E+00  0.3897E-01  0.4184E-01  0.2956E-01  0.2850E-01  0.0000E+00  0.0000E+00  0.0000E+00  0.0000E+00  0.0000E+00  0.0000E+00  0.0000E+00  0.0000E+00  0.2691E-01  0.2671E-01  0.0000E+00  0.0000E+00  0.0000E+00  0.0000E+00  0.1037E-02  0.1344E-02  0.0000E+00  0.0000E+00
  0.0000E+00  0.0000E+00  0.1369E-02  0.1101E-02  0.0000E+00  0.0000E+00  0.0000E+00  0.0000E+00  0.0000E+00  0.0000E+00  0.2969E-02  0.3097E-02  0.3532E-02  0.2803E-02  0.0000E+00  0.0000E+00  0.0000E+00  0.0000E+00  0.0000E+00  0.0000E+00  0.0000E+00  0.0000E+00  0.5311E-02  0.5516E-02  0.0000E+00  0.0000E+00  0.0000E+00  0.0000E+00  0.3839E-03  0.2944E-03  0.0000E+00  0.0000E+00
  0.0000E+00  0.0000E+00  0.4938E-01  0.4853E-01  0.0000E+00  0.0000E+00  0.0000E+00  0.0000E+00  0.0000E+00  0.0000E+00  0.3980E-01  0.4065E-01  0.2872E-01  0.2904E-01  0.0000E+00  0.0000E+00  0.0000E+00  0.0000E+00  0.0000E+00  0.0000E+00  0.0000E+00  0.0000E+00  0.2753E-01  0.2625E-01  0.0000E+00  0.0000E+00  0.0000E+00  0.0000E+00  0.1088E-02  0.1254E-02  0.0000E+00  0.0000E+00
  0.0000E+00  0.0000E+00  0.1049E-02  0.1459E-02  0.0000E+00  0.0000E+00  0.0000E+00  0.0000E+00  0.0000E+00  0.0000E+00  0.2828E-02  0.2662E-02  0.0000E+00  0.0000E+00  0.0000E+00  0.0000E+00  0.0000E+00  0.0000E+00  0.0000E+00  0.0000E+00  0.0000E+00  0.0000E+00  0.0000E+00  0.0000E+00  0.0000E+00  0.0000E+00  0.0000E+00  0.0000E+00  0.0000E+00  0.0000E+00  0.0000E+00  0.0000E+00
  0.0000E+00  0.0000E+00  0.4720E-01  0.4738E-01  0.0000E+00  0.0000E+00  0.0000E+00  0.0000E+00  0.0000E+00  0.0000E+00  0.3951E-01  0.3994E-01  0.0000E+00  0.0000E+00  0.0000E+00  0.0000E+00  0.0000E+00  0.0000E+00  0.0000E+00  0.0000E+00  0.0000E+00  0.0000E+00  0.0000E+00  0.0000E+00  0.0000E+00  0.0000E+00  0.0000E+00  0.0000E+00  0.0000E+00  0.0000E+00  0.0000E+00  0.0000E+00
  0.0000E+00  0.0000E+00  0.1433E-02  0.1510E-02  0.0000E+00  0.0000E+00  0.0000E+00  0.0000E+00  0.0000E+00  0.0000E+00  0.2995E-02  0.3123E-02  0.0000E+00  0.0000E+00  0.0000E+00  0.0000E+00  0.0000E+00  0.0000E+00  0.0000E+00  0.0000E+00  0.0000E+00  0.0000E+00  0.0000E+00  0.0000E+00  0.0000E+00  0.0000E+00  0.0000E+00  0.0000E+00  0.0000E+00  0.0000E+00  0.0000E+00  0.0000E+00
  0.0000E+00  0.0000E+00  0.4712E-01  0.4769E-01  0.0000E+00  0.0000E+00  0.0000E+00  0.0000E+00  0.0000E+00  0.0000E+00  0.3957E-01  0.3990E-01  0.0000E+00  0.0000E+00  0.0000E+00  0.0000E+00  0.0000E+00  0.0000E+00  0.0000E+00  0.0000E+00  0.0000E+00  0.0000E+00  0.0000E+00  0.0000E+00  0.0000E+00  0.0000E+00  0.0000E+00  0.0000E+00  0.0000E+00  0.0000E+00  0.0000E+00  0.0000E+00
 Events:
           0           0          94          95           0           0           0           0           0           0         248         226         240         225           0           0           0           0           0           0           0           0         484         460           0           0           0           0          14          20           0           0
           0           0        3630        3729           0           0           0           0           0           0        3045        3269        2310        2227           0           0           0           0           0           0           0           0        2103        2087           0           0           0           0          81         105           0           0
           0           0         107          86           0           0           0           0           0           0         232         242         276         219           0           0           0           0           0           0           0           0         415         431           0           0           0           0          30          23           0           0
           0           0        3858        3792           0           0           0           0           0           0        3110        3176        2244        2269           0           0           0           0           0           0           0           0        2151        2051           0           0           0           0          85          98           0           0
           0           0          82         114           0           0           0           0           0           0         221         208           0           0           0           0           0           0           0           0           0           0           0           0           0           0           0           0           0           0           0           0
           0           0        3688        3702           0           0           0           0           0           0        3087        3121           0           0           0           0           0           0           0           0           0           0           0           0           0           0           0           0           0           0           0           0
           0           0         112         118           0           0           0           0           0           0         234         244           0           0           0           0           0           0           0           0           0           0           0           0           0           0           0           0           0           0           0           0
           0           0        3682        3726           0           0           0           0           0           0        3092        3118           0           0           0           0           0           0           0           0           0           0           0           0           0           0           0           0           0           0           0           0
 Accuracy:    0.024   0.010   0.020   1.478
 Found        13222  events.
 Wrote          225  events.
 Actual xsec    2.0646658714631876E-011
 Correct abs xsec    5.0521646867081812E-011
 Event xsec    5.0521646867082058E-011
 Events wgts > 1:            8
 % Cross section > 1:    4.7279187869201476E-013  0.93582040176934056     
 Iteration  8   Mean: 0.2329E-10 Abs mean: 0.5235E-10   Fluctuation:  0.108E-11   0.146E-06    45.1%
  8    0.2329E-10 0.5235E-10 +- 0.1076E-11     10.40
 Exceeded boost           4          96   256000.000    
 Relative summed weights:
  0.0000E+00  0.0000E+00  0.7888E-02  0.4575E-02  0.0000E+00  0.0000E+00  0.0000E+00  0.0000E+00  0.0000E+00  0.0000E+00  0.4305E-02  0.3933E-02  0.1443E-01  0.2385E-01  0.0000E+00  0.0000E+00  0.0000E+00  0.0000E+00  0.0000E+00  0.0000E+00  0.0000E+00  0.0000E+00  0.9755E-02  0.6695E-02  0.0000E+00  0.0000E+00  0.0000E+00  0.0000E+00  0.2733E-03  0.5442E-03  0.0000E+00  0.0000E+00
  0.0000E+00  0.0000E+00  0.3621E-01  0.3225E-01  0.0000E+00  0.0000E+00  0.0000E+00  0.0000E+00  0.0000E+00  0.0000E+00  0.1616E-01  0.1699E-01  0.6928E-01  0.5678E-01  0.0000E+00  0.0000E+00  0.0000E+00  0.0000E+00  0.0000E+00  0.0000E+00  0.0000E+00  0.0000E+00  0.2986E-01  0.2983E-01  0.0000E+00  0.0000E+00  0.0000E+00  0.0000E+00  0.2092E-02  0.2178E-02  0.0000E+00  0.0000E+00
  0.0000E+00  0.0000E+00  0.3905E-02  0.1567E-01  0.0000E+00  0.0000E+00  0.0000E+00  0.0000E+00  0.0000E+00  0.0000E+00  0.4431E-02  0.3541E-02  0.3155E-01  0.1444E-01  0.0000E+00  0.0000E+00  0.0000E+00  0.0000E+00  0.0000E+00  0.0000E+00  0.0000E+00  0.0000E+00  0.6612E-02  0.5991E-02  0.0000E+00  0.0000E+00  0.0000E+00  0.0000E+00  0.1385E-03  0.6000E-03  0.0000E+00  0.0000E+00
  0.0000E+00  0.0000E+00  0.3249E-01  0.3340E-01  0.0000E+00  0.0000E+00  0.0000E+00  0.0000E+00  0.0000E+00  0.0000E+00  0.1565E-01  0.1670E-01  0.6105E-01  0.8052E-01  0.0000E+00  0.0000E+00  0.0000E+00  0.0000E+00  0.0000E+00  0.0000E+00  0.0000E+00  0.0000E+00  0.2970E-01  0.3044E-01  0.0000E+00  0.0000E+00  0.0000E+00  0.0000E+00  0.1233E-02  0.1241E-02  0.0000E+00  0.0000E+00
  0.0000E+00  0.0000E+00  0.3933E-02  0.8532E-02  0.0000E+00  0.0000E+00  0.0000E+00  0.0000E+00  0.0000E+00  0.0000E+00  0.3725E-02  0.3942E-02  0.0000E+00  0.0000E+00  0.0000E+00  0.0000E+00  0.0000E+00  0.0000E+00  0.0000E+00  0.0000E+00  0.0000E+00  0.0000E+00  0.0000E+00  0.0000E+00  0.0000E+00  0.0000E+00  0.0000E+00  0.0000E+00  0.0000E+00  0.0000E+00  0.0000E+00  0.0000E+00
  0.0000E+00  0.0000E+00  0.2977E-01  0.3289E-01  0.0000E+00  0.0000E+00  0.0000E+00  0.0000E+00  0.0000E+00  0.0000E+00  0.1606E-01  0.1643E-01  0.0000E+00  0.0000E+00  0.0000E+00  0.0000E+00  0.0000E+00  0.0000E+00  0.0000E+00  0.0000E+00  0.0000E+00  0.0000E+00  0.0000E+00  0.0000E+00  0.0000E+00  0.0000E+00  0.0000E+00  0.0000E+00  0.0000E+00  0.0000E+00  0.0000E+00  0.0000E+00
  0.0000E+00  0.0000E+00  0.8640E-02  0.4890E-02  0.0000E+00  0.0000E+00  0.0000E+00  0.0000E+00  0.0000E+00  0.0000E+00  0.3836E-02  0.5440E-02  0.0000E+00  0.0000E+00  0.0000E+00  0.0000E+00  0.0000E+00  0.0000E+00  0.0000E+00  0.0000E+00  0.0000E+00  0.0000E+00  0.0000E+00  0.0000E+00  0.0000E+00  0.0000E+00  0.0000E+00  0.0000E+00  0.0000E+00  0.0000E+00  0.0000E+00  0.0000E+00
  0.0000E+00  0.0000E+00  0.3176E-01  0.4001E-01  0.0000E+00  0.0000E+00  0.0000E+00  0.0000E+00  0.0000E+00  0.0000E+00  0.1678E-01  0.1619E-01  0.0000E+00  0.0000E+00  0.0000E+00  0.0000E+00  0.0000E+00  0.0000E+00  0.0000E+00  0.0000E+00  0.0000E+00  0.0000E+00  0.0000E+00  0.0000E+00  0.0000E+00  0.0000E+00  0.0000E+00  0.0000E+00  0.0000E+00  0.0000E+00  0.0000E+00  0.0000E+00
 Relative number of events:
  0.0000E+00  0.0000E+00  0.1436E-02  0.1416E-02  0.0000E+00  0.0000E+00  0.0000E+00  0.0000E+00  0.0000E+00  0.0000E+00  0.2768E-02  0.2768E-02  0.3179E-02  0.3345E-02  0.0000E+00  0.0000E+00  0.0000E+00  0.0000E+00  0.0000E+00  0.0000E+00  0.0000E+00  0.0000E+00  0.5447E-02  0.6030E-02  0.0000E+00  0.0000E+00  0.0000E+00  0.0000E+00  0.2756E-03  0.3332E-03  0.0000E+00  0.0000E+00
  0.0000E+00  0.0000E+00  0.4776E-01  0.4891E-01  0.0000E+00  0.0000E+00  0.0000E+00  0.0000E+00  0.0000E+00  0.0000E+00  0.3960E-01  0.4034E-01  0.2934E-01  0.2767E-01  0.0000E+00  0.0000E+00  0.0000E+00  0.0000E+00  0.0000E+00  0.0000E+00  0.0000E+00  0.0000E+00  0.2683E-01  0.2689E-01  0.0000E+00  0.0000E+00  0.0000E+00  0.0000E+00  0.1230E-02  0.1128E-02  0.0000E+00  0.0000E+00
  0.0000E+00  0.0000E+00  0.1314E-02  0.1448E-02  0.0000E+00  0.0000E+00  0.0000E+00  0.0000E+00  0.0000E+00  0.0000E+00  0.3050E-02  0.2858E-02  0.3332E-02  0.3332E-02  0.0000E+00  0.0000E+00  0.0000E+00  0.0000E+00  0.0000E+00  0.0000E+00  0.0000E+00  0.0000E+00  0.5345E-02  0.5473E-02  0.0000E+00  0.0000E+00  0.0000E+00  0.0000E+00  0.2115E-03  0.2948E-03  0.0000E+00  0.0000E+00
  0.0000E+00  0.0000E+00  0.4804E-01  0.4813E-01  0.0000E+00  0.0000E+00  0.0000E+00  0.0000E+00  0.0000E+00  0.0000E+00  0.3984E-01  0.4051E-01  0.2885E-01  0.2740E-01  0.0000E+00  0.0000E+00  0.0000E+00  0.0000E+00  0.0000E+00  0.0000E+00  0.0000E+00  0.0000E+00  0.2701E-01  0.2692E-01  0.0000E+00  0.0000E+00  0.0000E+00  0.0000E+00  0.1307E-02  0.1192E-02  0.0000E+00  0.0000E+00
  0.0000E+00  0.0000E+00  0.1147E-02  0.1333E-02  0.0000E+00  0.0000E+00  0.0000E+00  0.0000E+00  0.0000E+00  0.0000E+00  0.2865E-02  0.2775E-02  0.0000E+00  0.0000E+00  0.0000E+00  0.0000E+00  0.0000E+00  0.0000E+00  0.0000E+00  0.0000E+00  0.0000E+00  0.0000E+00  0.0000E+00  0.0000E+00  0.0000E+00  0.0000E+00  0.0000E+00  0.0000E+00  0.0000E+00  0.0000E+00  0.0000E+00  0.0000E+00
  0.0000E+00  0.0000E+00  0.4733E-01  0.4735E-01  0.0000E+00  0.0000E+00  0.0000E+00  0.0000E+00  0.0000E+00  0.0000E+00  0.4013E-01  0.4007E-01  0.0000E+00  0.0000E+00  0.0000E+00  0.0000E+00  0.0000E+00  0.0000E+00  0.0000E+00  0.0000E+00  0.0000E+00  0.0000E+00  0.0000E+00  0.0000E+00  0.0000E+00  0.0000E+00  0.0000E+00  0.0000E+00  0.0000E+00  0.0000E+00  0.0000E+00  0.0000E+00
  0.0000E+00  0.0000E+00  0.1320E-02  0.1109E-02  0.0000E+00  0.0000E+00  0.0000E+00  0.0000E+00  0.0000E+00  0.0000E+00  0.2820E-02  0.2961E-02  0.0000E+00  0.0000E+00  0.0000E+00  0.0000E+00  0.0000E+00  0.0000E+00  0.0000E+00  0.0000E+00  0.0000E+00  0.0000E+00  0.0000E+00  0.0000E+00  0.0000E+00  0.0000E+00  0.0000E+00  0.0000E+00  0.0000E+00  0.0000E+00  0.0000E+00  0.0000E+00
  0.0000E+00  0.0000E+00  0.4719E-01  0.4746E-01  0.0000E+00  0.0000E+00  0.0000E+00  0.0000E+00  0.0000E+00  0.0000E+00  0.4030E-01  0.4128E-01  0.0000E+00  0.0000E+00  0.0000E+00  0.0000E+00  0.0000E+00  0.0000E+00  0.0000E+00  0.0000E+00  0.0000E+00  0.0000E+00  0.0000E+00  0.0000E+00  0.0000E+00  0.0000E+00  0.0000E+00  0.0000E+00  0.0000E+00  0.0000E+00  0.0000E+00  0.0000E+00
 Events:
           0           0         224         221           0           0           0           0           0           0         432         432         496         522           0           0           0           0           0           0           0           0         850         941           0           0           0           0          43          52           0           0
           0           0        7452        7632           0           0           0           0           0           0        6179        6295        4579        4318           0           0           0           0           0           0           0           0        4187        4196           0           0           0           0         192         176           0           0
           0           0         205         226           0           0           0           0           0           0         476         446         520         520           0           0           0           0           0           0           0           0         834         854           0           0           0           0          33          46           0           0
           0           0        7497        7510           0           0           0           0           0           0        6217        6322        4502        4275           0           0           0           0           0           0           0           0        4214        4200           0           0           0           0         204         186           0           0
           0           0         179         208           0           0           0           0           0           0         447         433           0           0           0           0           0           0           0           0           0           0           0           0           0           0           0           0           0           0           0           0
           0           0        7385        7389           0           0           0           0           0           0        6262        6253           0           0           0           0           0           0           0           0           0           0           0           0           0           0           0           0           0           0           0           0
           0           0         206         173           0           0           0           0           0           0         440         462           0           0           0           0           0           0           0           0           0           0           0           0           0           0           0           0           0           0           0           0
Thanks for using LHAPDF 6.2.1. Please make sure to cite the paper:
  Eur.Phys.J. C75 (2015) 3, 132  (http://arxiv.org/abs/1412.7420)
           0           0        7363        7405           0           0           0           0           0           0        6289        6442           0           0           0           0           0           0           0           0           0           0           0           0           0           0           0           0           0           0           0           0
 Accuracy:    0.018   0.010   0.014   1.536
 Found        31826  events.
 Wrote          147  events.
 Actual xsec    2.2108203379542080E-011
 Correct abs xsec    5.1430949095088427E-011
 Event xsec    5.1430949095088465E-011
 Events wgts > 1:            3
 % Cross section > 1:    3.7974623210140883E-013  0.73836131508931002     

 -------------------------------------------------------------------------------
 Accumulated results:   Integral =  0.5122E-10
                        Std dev  =  0.7366E-12
                       Cross sec =  0.2187E-10
             Chi**2 per DoF.     =      1.5364
 -------------------------------------------------------------------------------
-------------------------------------------------
---------------------------
 Results Last   3 iters: Integral =   0.2211E-10
                     Abs integral =   0.5143E-10
                          Std dev =   0.7517E-12
                  Chi**2 per DoF. =      1.4940
-------------------------------------------------
---------------------------
 Status   1.0000000000000000E-002           9           8

ls status:
events.lhe
ftn26
input_app.txt
results.dat
run1_app.log
