==== LHAPDF6 USING DEFAULT-TYPE LHAGLUE INTERFACE ====
LHAPDF 6.2.1 loading /cvmfs/cms.cern.ch/slc6_amd64_gcc630/external/lhapdf/6.2.1-ghjeda2/share/LHAPDF/NNPDF30_lo_as_0130_nf_4/NNPDF30_lo_as_0130_nf_4_0000.dat
NNPDF30_lo_as_0130_nf_4 PDF set, member #0, version 2; LHAPDF ID = 263400
 Process in group number            2
 A PDF is used, so alpha_s(MZ) is going to be modified
 Old value of alpha_s from param_card:   0.11810000000000001     
 New value of alpha_s from PDF lhapdf :  0.12470044313224841     
 using LHAPDF
 Define smin to   10000.000000000000     
 Define smin to   10000.000000000000     
 Define smin to   10000.000000000000     
 Define smin to   10000.000000000000     
 Define smin to   10000.000000000000     
 Define smin to   10000.000000000000     
 Define smin to   10000.000000000000     
 *****************************************************
 *               MadGraph/MadEvent                   *
 *        --------------------------------           *
 *          http://madgraph.hep.uiuc.edu             *
 *          http://madgraph.phys.ucl.ac.be           *
 *          http://madgraph.roma2.infn.it            *
 *        --------------------------------           *
 *                                                   *
 *          PARAMETER AND COUPLING VALUES            *
 *                                                   *
 *****************************************************

  External Params
  ---------------------------------
  
 mdl_MW0 =    80.387000000000000     
 mdl_Gf =    1.1663789999999999E-005
 aS =   0.11810000000000001     
 mdl_ymdo =    1.0000000000000000E-099
 mdl_ymb =    4.1799999999999997     
 mdl_ymt =    173.19999999999999     
 mdl_ymtau =    1.7769999999999999     
 mdl_LambdaSMEFT =    1000.0000000000000     
 mdl_cHW =    1.0000000000000000     
 mdl_MZ =    91.187600000000003     
 mdl_MTA =    1.7769999999999999     
 mdl_MT =    173.19999999999999     
 mdl_MB =    4.1799999999999997     
 mdl_MH =    125.09000000000000     
 mdl_WZ =    2.4952000000000001     
 mdl_WW =    2.0850000000000000     
 mdl_WT =    1.5083359999999999     
 mdl_WH =    4.0699999999999998E-003
  Internal Params
  ---------------------------------
  
 mdl_ymm =    1.0000000000000000E-099
 mdl_yme =    1.0000000000000000E-099
 mdl_ymc =    1.0000000000000000E-099
 mdl_yms =    1.0000000000000000E-099
 mdl_ymup =    1.0000000000000000E-099
 mdl_conjg__CKM3x3 =    1.0000000000000000     
 mdl_cH =    0.0000000000000000     
 mdl_cHB =    0.0000000000000000     
 mdl_CKM1x1 =    1.0000000000000000     
 mdl_conjg__CKM1x1 =    1.0000000000000000     
 mdl_dGf =    0.0000000000000000     
 mdl_CKM3x3 =    1.0000000000000000     
 mdl_dMH2 =    0.0000000000000000     
 mdl_conjg__CKM2x2 =    1.0000000000000000     
 mdl_dg1 =    0.0000000000000000     
 mdl_CKM2x2 =    1.0000000000000000     
 mdl_dgw =    0.0000000000000000     
 mdl_complexi =  (  0.0000000000000000     ,  1.0000000000000000     )
 mdl_MW =    80.387000000000000     
 mdl_nb__2__exp__0_25 =    1.1892071150027210     
 mdl_MH__exp__2 =    15647.508100000001     
 mdl_sqrt__2 =    1.4142135623730951     
 mdl_MW__exp__2 =    6462.0697689999997     
 mdl_MZ__exp__2 =    8315.1783937600012     
 mdl_sth2 =   0.22285855299877133     
 mdl_MH__exp__6 =    3831206449390.3818     
 mdl_MT__exp__6 =    26995248278778.535     
 mdl_MH__exp__4 =    244844509.73956564     
 mdl_MT__exp__4 =    899894403.09759963     
 mdl_MT__exp__2 =    29998.239999999994     
 mdl_LambdaSMEFT__exp__2 =    1000000.0000000000     
 mdl_cth =   0.88155626422890820     
 mdl_sqrt__sth2 =   0.47207896902824564     
 mdl_sth =   0.47207896902824564     
 mdl_MW0__exp__6 =    269845343347.69711     
 mdl_MW0__exp__4 =    41758345.699423708     
 mdl_MW0__exp__2 =    6462.0697689999997     
 mdl_MZ__exp__4 =    69142191.720053151     
 mdl_MZ__exp__6 =    574929658687.79749     
 mdl_cth__exp__2 =   0.77714144700122867     
 mdl_sth__exp__2 =   0.22285855299877130     
 mdl_sth__exp__3 =   0.10520683593878660     
 mdl_cth__exp__3 =   0.68509391079585125     
 mdl_sth__exp__4 =    4.9665934644706158E-002
 mdl_sqrt__Gf =    3.4152291284773265E-003
 mdl_vevhat =    246.21961912951551     
 mdl_lam =   0.12905352724481209     
 mdl_aEW =    7.5614618607353409E-003
 mdl_yb =    2.4008698866559607E-002
 mdl_yc =    5.7437078628133041E-102
 mdl_ydo =    5.7437078628133041E-102
 mdl_ye =    5.7437078628133041E-102
 mdl_ym =    5.7437078628133041E-102
 mdl_ys =    5.7437078628133041E-102
 mdl_yt =   0.99481020183926416     
 mdl_ytau =    1.0206568872219240E-002
 mdl_yup =    5.7437078628133041E-102
 mdl_vevhat__exp__2 =    60624.100844283676     
 mdl_barlam =   0.12905352724481209     
 mdl_vevT =    246.21961912951551     
 mdl_sqrt__aEW =    8.6956666568672819E-002
 mdl_ee =   0.30825335704310214     
 mdl_gwsh =   0.61338418662494298     
 mdl_vev =    246.21961912951551     
 mdl_g1 =   0.34966952144878632     
 mdl_gw =   0.65296989967087182     
 mdl_ee__exp__2 =    9.5020132128342205E-002
 mdl_gHaa =   -1.9303830602986922E-003
 mdl_gHza =   -6.8546472954154700E-003
 mdl_g1sh =   0.34966952144878632     
 mdl_I1d11 =  (  5.7437078628133041E-102,  0.0000000000000000     )
 mdl_I1d22 =  (  5.7437078628133041E-102,  0.0000000000000000     )
 mdl_I1d33 =  (  2.4008698866559607E-002,  0.0000000000000000     )
 mdl_I2d11 =  (  5.7437078628133041E-102,  0.0000000000000000     )
 mdl_I2d22 =  (  5.7437078628133041E-102,  0.0000000000000000     )
 mdl_I2d33 =  ( 0.99481020183926416     ,  0.0000000000000000     )
 mdl_I3d11 =  (  5.7437078628133041E-102,  0.0000000000000000     )
 mdl_I3d22 =  (  5.7437078628133041E-102,  0.0000000000000000     )
 mdl_I3d33 =  (  2.4008698866559607E-002,  0.0000000000000000     )
 mdl_I4d11 =  (  5.7437078628133041E-102,  0.0000000000000000     )
 mdl_I4d22 =  (  5.7437078628133041E-102,  0.0000000000000000     )
 mdl_I4d33 =  ( 0.99481020183926416     ,  0.0000000000000000     )
 mdl_I5d11 =  (  5.7437078628133041E-102,  0.0000000000000000     )
 mdl_I5d22 =  (  5.7437078628133041E-102,  0.0000000000000000     )
 mdl_I5d33 =  (  2.4008698866559607E-002,  0.0000000000000000     )
 mdl_I6d11 =  (  5.7437078628133041E-102,  0.0000000000000000     )
 mdl_I6d22 =  (  5.7437078628133041E-102,  0.0000000000000000     )
 mdl_I6d33 =  ( 0.99481020183926416     ,  0.0000000000000000     )
 mdl_ee__exp__3 =    2.9290274715240611E-002
 mdl_vevhat__exp__3 =    14926843.019948866     
  Internal Params evaluated point by point
  ----------------------------------------
  
 mdl_sqrt__aS =   0.34365680554879169     
 mdl_G__exp__2 =    1.4840883695558185     
 mdl_gHgg =    3.2334372328970845E-003
 mdl_G__exp__3 =  (  1.8079634332366095     ,  0.0000000000000000     )
  Couplings of SMEFTsim_A_U35_MwScheme_UFO_v3_1-cHW_massless
  ---------------------------------
  
         GC_1 =   0.00000E+00   0.10275E+00
         GC_2 =  -0.00000E+00  -0.20550E+00
         GC_3 =  -0.00000E+00  -0.30825E+00
       GC_255 =  -0.00000E+00  -0.42637E+00
       GC_278 =  -0.00000E+00  -0.37035E+00
       GC_280 =  -0.00000E+00  -0.57563E+00
       GC_328 =  -0.00000E+00  -0.55024E-01
       GC_329 =   0.00000E+00   0.11005E+00
       GC_330 =  -0.00000E+00  -0.16507E+00
       GC_387 =   0.00000E+00   0.98488E-03
       GC_400 =   0.00000E+00   0.52490E+02
       GC_809 =  -0.00000E+00  -0.72171E-02
      GC_1073 =  -0.00000E+00  -0.46172E+00

 Collider parameters:
 --------------------

 Running at P P   machine @    13000.000000000000       GeV
 PDF set = lhapdf 
 alpha_s(Mz)= 0.1247 running at 1 loops.
 alpha_s(Mz)= 0.1247 running at 1 loops.
 Renormalization scale set on event-by-event basis
 Factorization   scale set on event-by-event basis


 getting user params
Enter number of events and max and min iterations: 
 Number of events and iterations         2000           8           3
Enter desired fractional accuracy: 
 Desired fractional accuracy:    1.0000000000000000E-002
Enter 0 for fixed, 2 for adjustable grid: 
Suppress amplitude (0 no, 1 yes)? 
 Using suppressed amplitude.
Exact helicity sum (0 yes, n = number/event)? 
 Explicitly summing over helicities
Enter Configuration Number: 
Running Configuration Number:  420
 Using dconfig=          71
 BW Setting            2           2           1           2           0           0
 Attempting mappinvarients           1           8
 Completed mapping           8
 about to integrate           16        2000           8           3          16           1
 Using non-zero grid deformation.
 16 dimensions   2000 events 16 invarients  8 iterations  1 config(s),  (0.99)
 Using h-tuple random number sequence.
 Error opening grid
 Using Uniform Grid!          32
 Using uniform alpha   1.0000000000000000     
 Grid defined OK
 Set CM energy to      13000.00
 Mapping Graph         420  to config         420
Setting grid   1    0.59172E-04   1
Setting grid   2    0.59172E-04   1
 Setting BW          -3           3   125.09000000000000     
Setting grid   4    0.18685E-07   1
 Transforming s_hat 1/s           15   9.5207530273505944E-005   10000.000000000000        168999999.99999997     
 420   1   2   3   4   5   6   7   8   9  10  11  12  13  14
  15  16
 Masses: 0.000E+00 0.000E+00 0.178E+01 0.178E+01 0.000E+00 0.000E+00 0.000E+00 0.000E+00
Using random seed offsets   420 :      2
  with seed                   24
 Ranmar initialization seeds         150        9399
 
 ********************************************
 * You are using the DiscreteSampler module *
 *      part of the MG5_aMC framework       *
 *         Author: Valentin Hirschi         *
 ********************************************
 
  Particle       3       4       5       6       7       8
      Et >     0.0     0.0     0.0     0.0    10.0    10.0
       E >     0.0     0.0     0.0     0.0     0.0     0.0
     Eta <    -1.0    -1.0    -1.0    -1.0     6.5     6.5
   xqcut:      0.0     0.0     0.0     0.0     0.0     0.0
d R # 3  >    -0.0     0.4     0.0     0.0     0.4     0.4
d R # 4  >    -0.0    -0.0     0.0     0.0     0.4     0.4
d R # 5  >    -0.0    -0.0    -0.0     0.0     0.0     0.0
d R # 6  >    -0.0    -0.0    -0.0    -0.0     0.0     0.0
d R # 7  >    -0.0    -0.0    -0.0    -0.0    -0.0     0.4
s min # 3>     0.0     0.0     0.0     0.0     0.0     0.0
s min # 4>     0.0     0.0     0.0     0.0     0.0     0.0
s min # 5>     0.0     0.0     0.0     0.0     0.0     0.0
s min # 6>     0.0     0.0     0.0     0.0     0.0     0.0
s min # 7>     0.0     0.0     0.0     0.0     0.0 10000.0
xqcutij # 3>     0.0     0.0     0.0     0.0     0.0     0.0
xqcutij # 4>     0.0     0.0     0.0     0.0     0.0     0.0
xqcutij # 5>     0.0     0.0     0.0     0.0     0.0     0.0
xqcutij # 6>     0.0     0.0     0.0     0.0     0.0     0.0
xqcutij # 7>     0.0     0.0     0.0     0.0     0.0     0.0
 Excluding BW           -1           1
 Excluding BW           -3           2
 Requiring BW           -4           3
 Excluding BW           -5           4
 alpha_s for scale    74.521734762146806       is   0.12900612332408445     
 Added good helicity          193   255.18566920918855       in event            1 local:           1
 Added good helicity          209  0.13139446517642445       in event            1 local:           1
 Added good helicity          225  0.68127255303370582       in event            1 local:           1
 Added good helicity          241   1.6637726013334483E-003  in event            1 local:           1
 Added good helicity          193   255.18566920918852       in event            1 local:           1
 Added good helicity          209  0.13139446517642858       in event            1 local:           1
 Added good helicity          225  0.68127255303370782       in event            1 local:           1
 Added good helicity          241   1.6637726013334618E-003  in event            1 local:           1
 RESET CUMULATIVE VARIABLE
 RESET CUMULATIVE VARIABLE
 RESET CUMULATIVE VARIABLE
 Iteration  1   Mean: 0.2370E-13 Abs mean: 0.2374E-13   Fluctuation:  0.147E-13   0.158E-10     0.4%
  1    0.2370E-13 0.2374E-13 +- 0.1474E-13     23.68
 Writing out events   2.9680096799278695E-016   23.679925821276559     
 Relative summed weights:
  0.0000E+00  0.0000E+00  0.2238E-03  0.8322E-04  0.0000E+00  0.0000E+00  0.0000E+00  0.0000E+00  0.7416E-05  0.1455E-03  0.0000E+00  0.0000E+00  0.0000E+00  0.0000E+00
  0.0000E+00  0.0000E+00  0.3988E+00  0.2762E-04  0.0000E+00  0.0000E+00  0.0000E+00  0.0000E+00  0.1321E-02  0.5771E-03  0.0000E+00  0.0000E+00  0.0000E+00  0.0000E+00
  0.0000E+00  0.0000E+00  0.5267E-02  0.2233E-04  0.0000E+00  0.0000E+00  0.0000E+00  0.0000E+00  0.1021E-02  0.3094E-03  0.0000E+00  0.0000E+00  0.0000E+00  0.0000E+00
  0.0000E+00  0.0000E+00  0.1110E-03  0.4571E+00  0.0000E+00  0.0000E+00  0.0000E+00  0.0000E+00  0.1348E+00  0.1576E-03  0.0000E+00  0.0000E+00  0.0000E+00  0.0000E+00
 Relative number of events:
  0.0000E+00  0.0000E+00  0.4646E-01  0.5913E-01  0.0000E+00  0.0000E+00  0.0000E+00  0.0000E+00  0.5913E-01  0.6230E-01  0.0000E+00  0.0000E+00  0.0000E+00  0.0000E+00
  0.0000E+00  0.0000E+00  0.5491E-01  0.6336E-01  0.0000E+00  0.0000E+00  0.0000E+00  0.0000E+00  0.7814E-01  0.6758E-01  0.0000E+00  0.0000E+00  0.0000E+00  0.0000E+00
  0.0000E+00  0.0000E+00  0.6547E-01  0.5702E-01  0.0000E+00  0.0000E+00  0.0000E+00  0.0000E+00  0.7181E-01  0.6653E-01  0.0000E+00  0.0000E+00  0.0000E+00  0.0000E+00
  0.0000E+00  0.0000E+00  0.5280E-01  0.5174E-01  0.0000E+00  0.0000E+00  0.0000E+00  0.0000E+00  0.6547E-01  0.7814E-01  0.0000E+00  0.0000E+00  0.0000E+00  0.0000E+00
 Events:
           0           0          44          56           0           0           0           0          56          59           0           0           0           0
           0           0          52          60           0           0           0           0          74          64           0           0           0           0
           0           0          62          54           0           0           0           0          68          63           0           0           0           0
           0           0          50          49           0           0           0           0          62          74           0           0           0           0
 Iteration  2   Mean: 0.4675E-13 Abs mean: 0.4784E-13   Fluctuation:  0.152E-13   0.382E-10    32.9%
  2    0.4675E-13 0.4784E-13 +- 0.1516E-13     20.04
 Relative summed weights:
  0.0000E+00  0.0000E+00  0.3406E-02  0.1641E-01  0.0000E+00  0.0000E+00  0.0000E+00  0.0000E+00  0.2613E-01  0.1692E-01  0.0000E+00  0.0000E+00  0.0000E+00  0.0000E+00
  0.0000E+00  0.0000E+00  0.9257E-02  0.3693E+00  0.0000E+00  0.0000E+00  0.0000E+00  0.0000E+00  0.2134E-01  0.2235E+00  0.0000E+00  0.0000E+00  0.0000E+00  0.0000E+00
  0.0000E+00  0.0000E+00  0.4268E-02  0.8701E-02  0.0000E+00  0.0000E+00  0.0000E+00  0.0000E+00  0.1013E-01  0.8979E-01  0.0000E+00  0.0000E+00  0.0000E+00  0.0000E+00
  0.0000E+00  0.0000E+00  0.6507E-01  0.1082E+00  0.0000E+00  0.0000E+00  0.0000E+00  0.0000E+00  0.2346E-01  0.4071E-02  0.0000E+00  0.0000E+00  0.0000E+00  0.0000E+00
 Relative number of events:
  0.0000E+00  0.0000E+00  0.4745E-01  0.4985E-01  0.0000E+00  0.0000E+00  0.0000E+00  0.0000E+00  0.7538E-01  0.7147E-01  0.0000E+00  0.0000E+00  0.0000E+00  0.0000E+00
  0.0000E+00  0.0000E+00  0.5556E-01  0.5465E-01  0.0000E+00  0.0000E+00  0.0000E+00  0.0000E+00  0.7267E-01  0.7568E-01  0.0000E+00  0.0000E+00  0.0000E+00  0.0000E+00
  0.0000E+00  0.0000E+00  0.5135E-01  0.4565E-01  0.0000E+00  0.0000E+00  0.0000E+00  0.0000E+00  0.7027E-01  0.8709E-01  0.0000E+00  0.0000E+00  0.0000E+00  0.0000E+00
  0.0000E+00  0.0000E+00  0.4685E-01  0.5225E-01  0.0000E+00  0.0000E+00  0.0000E+00  0.0000E+00  0.7177E-01  0.7207E-01  0.0000E+00  0.0000E+00  0.0000E+00  0.0000E+00
 Events:
           0           0         158         166           0           0           0           0         251         238           0           0           0           0
           0           0         185         182           0           0           0           0         242         252           0           0           0           0
           0           0         171         152           0           0           0           0         234         290           0           0           0           0
           0           0         156         174           0           0           0           0         239         240           0           0           0           0
 Iteration  3   Mean: 0.7926E-13 Abs mean: 0.8332E-13   Fluctuation:  0.138E-13   0.719E-10    69.7%
  3    0.7926E-13 0.8332E-13 +- 0.1378E-13     14.79
 Relative summed weights:
  0.0000E+00  0.0000E+00  0.3455E-01  0.1382E+00  0.0000E+00  0.0000E+00  0.0000E+00  0.0000E+00  0.4367E-01  0.6372E-01  0.0000E+00  0.0000E+00  0.0000E+00  0.0000E+00
  0.0000E+00  0.0000E+00  0.8634E-01  0.3504E-01  0.0000E+00  0.0000E+00  0.0000E+00  0.0000E+00  0.7656E-01  0.4281E-01  0.0000E+00  0.0000E+00  0.0000E+00  0.0000E+00
  0.0000E+00  0.0000E+00  0.2293E-01  0.4832E-01  0.0000E+00  0.0000E+00  0.0000E+00  0.0000E+00  0.3193E-01  0.9761E-01  0.0000E+00  0.0000E+00  0.0000E+00  0.0000E+00
  0.0000E+00  0.0000E+00  0.4415E-01  0.1538E+00  0.0000E+00  0.0000E+00  0.0000E+00  0.0000E+00  0.4570E-01  0.3470E-01  0.0000E+00  0.0000E+00  0.0000E+00  0.0000E+00
 Relative number of events:
  0.0000E+00  0.0000E+00  0.5430E-01  0.5390E-01  0.0000E+00  0.0000E+00  0.0000E+00  0.0000E+00  0.7679E-01  0.7280E-01  0.0000E+00  0.0000E+00  0.0000E+00  0.0000E+00
  0.0000E+00  0.0000E+00  0.5190E-01  0.4791E-01  0.0000E+00  0.0000E+00  0.0000E+00  0.0000E+00  0.7666E-01  0.7213E-01  0.0000E+00  0.0000E+00  0.0000E+00  0.0000E+00
  0.0000E+00  0.0000E+00  0.5310E-01  0.4804E-01  0.0000E+00  0.0000E+00  0.0000E+00  0.0000E+00  0.7133E-01  0.7400E-01  0.0000E+00  0.0000E+00  0.0000E+00  0.0000E+00
  0.0000E+00  0.0000E+00  0.5244E-01  0.5323E-01  0.0000E+00  0.0000E+00  0.0000E+00  0.0000E+00  0.7187E-01  0.6960E-01  0.0000E+00  0.0000E+00  0.0000E+00  0.0000E+00
 Events:
           0           0         408         405           0           0           0           0         577         547           0           0           0           0
           0           0         390         360           0           0           0           0         576         542           0           0           0           0
           0           0         399         361           0           0           0           0         536         556           0           0           0           0
           0           0         394         400           0           0           0           0         540         523           0           0           0           0
 Accuracy:    0.178   0.010   0.143   1.549
 Found          415  events.
 Wrote            8  events.
 Actual xsec    6.9734249748625069E-014
 Correct abs xsec    7.2972823830741297E-014
 Event xsec    7.2972823830741285E-014
 Events wgts > 1:            0
 % Cross section > 1:    0.0000000000000000        0.0000000000000000     
 Iteration  4   Mean: 0.1290E-12 Abs mean: 0.1307E-12   Fluctuation:  0.113E-13   0.108E-09    79.3%
  4    0.1290E-12 0.1307E-12 +- 0.1130E-13     10.93
 Relative summed weights:
  0.0000E+00  0.0000E+00  0.3855E-01  0.4049E-01  0.0000E+00  0.0000E+00  0.0000E+00  0.0000E+00  0.5622E-01  0.8910E-01  0.0000E+00  0.0000E+00  0.0000E+00  0.0000E+00
  0.0000E+00  0.0000E+00  0.8318E-01  0.7385E-01  0.0000E+00  0.0000E+00  0.0000E+00  0.0000E+00  0.5957E-01  0.5106E-01  0.0000E+00  0.0000E+00  0.0000E+00  0.0000E+00
  0.0000E+00  0.0000E+00  0.5755E-01  0.8698E-01  0.0000E+00  0.0000E+00  0.0000E+00  0.0000E+00  0.9904E-01  0.6594E-01  0.0000E+00  0.0000E+00  0.0000E+00  0.0000E+00
  0.0000E+00  0.0000E+00  0.5485E-01  0.3439E-01  0.0000E+00  0.0000E+00  0.0000E+00  0.0000E+00  0.3815E-01  0.7106E-01  0.0000E+00  0.0000E+00  0.0000E+00  0.0000E+00
 Relative number of events:
  0.0000E+00  0.0000E+00  0.4902E-01  0.5282E-01  0.0000E+00  0.0000E+00  0.0000E+00  0.0000E+00  0.7377E-01  0.6918E-01  0.0000E+00  0.0000E+00  0.0000E+00  0.0000E+00
  0.0000E+00  0.0000E+00  0.5269E-01  0.5001E-01  0.0000E+00  0.0000E+00  0.0000E+00  0.0000E+00  0.7782E-01  0.7599E-01  0.0000E+00  0.0000E+00  0.0000E+00  0.0000E+00
  0.0000E+00  0.0000E+00  0.5073E-01  0.5269E-01  0.0000E+00  0.0000E+00  0.0000E+00  0.0000E+00  0.7148E-01  0.6958E-01  0.0000E+00  0.0000E+00  0.0000E+00  0.0000E+00
  0.0000E+00  0.0000E+00  0.5374E-01  0.5073E-01  0.0000E+00  0.0000E+00  0.0000E+00  0.0000E+00  0.7481E-01  0.7494E-01  0.0000E+00  0.0000E+00  0.0000E+00  0.0000E+00
 Events:
           0           0         749         807           0           0           0           0        1127        1057           0           0           0           0
           0           0         805         764           0           0           0           0        1189        1161           0           0           0           0
           0           0         775         805           0           0           0           0        1092        1063           0           0           0           0
           0           0         821         775           0           0           0           0        1143        1145           0           0           0           0
 Accuracy:    0.137   0.010   0.074   3.422
 Found         1182  events.
 Wrote           13  events.
 Actual xsec    1.1434922493802395E-013
 Correct abs xsec    1.1652058458306049E-013
 Event xsec    1.1652058458306046E-013
 Events wgts > 1:            1
 % Cross section > 1:    7.7390477772295629E-022   6.6417859169877961E-007
 Iteration  5   Mean: 0.1389E-12 Abs mean: 0.1463E-12   Fluctuation:  0.584E-14   0.842E-10    78.8%
  5    0.1389E-12 0.1463E-12 +- 0.5840E-14      7.14
 Relative summed weights:
  0.0000E+00  0.0000E+00  0.7752E-01  0.8525E-01  0.0000E+00  0.0000E+00  0.0000E+00  0.0000E+00  0.9253E-01  0.5933E-01  0.0000E+00  0.0000E+00  0.0000E+00  0.0000E+00
  0.0000E+00  0.0000E+00  0.5920E-01  0.6574E-01  0.0000E+00  0.0000E+00  0.0000E+00  0.0000E+00  0.6618E-01  0.5025E-01  0.0000E+00  0.0000E+00  0.0000E+00  0.0000E+00
  0.0000E+00  0.0000E+00  0.5254E-01  0.5336E-01  0.0000E+00  0.0000E+00  0.0000E+00  0.0000E+00  0.5893E-01  0.5428E-01  0.0000E+00  0.0000E+00  0.0000E+00  0.0000E+00
  0.0000E+00  0.0000E+00  0.4973E-01  0.5972E-01  0.0000E+00  0.0000E+00  0.0000E+00  0.0000E+00  0.6045E-01  0.5498E-01  0.0000E+00  0.0000E+00  0.0000E+00  0.0000E+00
 Relative number of events:
  0.0000E+00  0.0000E+00  0.5516E-01  0.5130E-01  0.0000E+00  0.0000E+00  0.0000E+00  0.0000E+00  0.7429E-01  0.7377E-01  0.0000E+00  0.0000E+00  0.0000E+00  0.0000E+00
  0.0000E+00  0.0000E+00  0.5033E-01  0.5172E-01  0.0000E+00  0.0000E+00  0.0000E+00  0.0000E+00  0.7658E-01  0.7239E-01  0.0000E+00  0.0000E+00  0.0000E+00  0.0000E+00
  0.0000E+00  0.0000E+00  0.5069E-01  0.5168E-01  0.0000E+00  0.0000E+00  0.0000E+00  0.0000E+00  0.7371E-01  0.7329E-01  0.0000E+00  0.0000E+00  0.0000E+00  0.0000E+00
  0.0000E+00  0.0000E+00  0.5107E-01  0.5178E-01  0.0000E+00  0.0000E+00  0.0000E+00  0.0000E+00  0.7184E-01  0.7039E-01  0.0000E+00  0.0000E+00  0.0000E+00  0.0000E+00
 Events:
           0           0        1713        1593           0           0           0           0        2307        2291           0           0           0           0
           0           0        1563        1606           0           0           0           0        2378        2248           0           0           0           0
           0           0        1574        1605           0           0           0           0        2289        2276           0           0           0           0
           0           0        1586        1608           0           0           0           0        2231        2186           0           0           0           0
 Accuracy:    0.066   0.010   0.035   3.519
 Found         2784  events.
 Wrote           55  events.
 Actual xsec    1.3449804419801745E-013
 Correct abs xsec    1.4077419292489427E-013
 Event xsec    1.4077419292489424E-013
 Events wgts > 1:            2
 % Cross section > 1:    5.3751140013550981E-017   3.8182524010084901E-002
 Iteration  6   Mean: 0.1320E-12 Abs mean: 0.1383E-12   Fluctuation:  0.156E-14   0.205E-10    75.0%
  6    0.1320E-12 0.1383E-12 +- 0.1564E-14      2.86
 Relative summed weights:
  0.0000E+00  0.0000E+00  0.5574E-01  0.5799E-01  0.0000E+00  0.0000E+00  0.0000E+00  0.0000E+00  0.6310E-01  0.6153E-01  0.0000E+00  0.0000E+00  0.0000E+00  0.0000E+00
  0.0000E+00  0.0000E+00  0.6213E-01  0.5769E-01  0.0000E+00  0.0000E+00  0.0000E+00  0.0000E+00  0.6973E-01  0.6223E-01  0.0000E+00  0.0000E+00  0.0000E+00  0.0000E+00
  0.0000E+00  0.0000E+00  0.6280E-01  0.6242E-01  0.0000E+00  0.0000E+00  0.0000E+00  0.0000E+00  0.6150E-01  0.6933E-01  0.0000E+00  0.0000E+00  0.0000E+00  0.0000E+00
  0.0000E+00  0.0000E+00  0.6597E-01  0.6199E-01  0.0000E+00  0.0000E+00  0.0000E+00  0.0000E+00  0.5996E-01  0.6586E-01  0.0000E+00  0.0000E+00  0.0000E+00  0.0000E+00
 Relative number of events:
  0.0000E+00  0.0000E+00  0.5058E-01  0.5226E-01  0.0000E+00  0.0000E+00  0.0000E+00  0.0000E+00  0.7405E-01  0.7424E-01  0.0000E+00  0.0000E+00  0.0000E+00  0.0000E+00
  0.0000E+00  0.0000E+00  0.5289E-01  0.4898E-01  0.0000E+00  0.0000E+00  0.0000E+00  0.0000E+00  0.7296E-01  0.7205E-01  0.0000E+00  0.0000E+00  0.0000E+00  0.0000E+00
  0.0000E+00  0.0000E+00  0.5217E-01  0.5148E-01  0.0000E+00  0.0000E+00  0.0000E+00  0.0000E+00  0.7217E-01  0.7427E-01  0.0000E+00  0.0000E+00  0.0000E+00  0.0000E+00
  0.0000E+00  0.0000E+00  0.5196E-01  0.5220E-01  0.0000E+00  0.0000E+00  0.0000E+00  0.0000E+00  0.7451E-01  0.7323E-01  0.0000E+00  0.0000E+00  0.0000E+00  0.0000E+00
 Events:
           0           0        3155        3260           0           0           0           0        4619        4631           0           0           0           0
           0           0        3299        3055           0           0           0           0        4551        4494           0           0           0           0
           0           0        3254        3211           0           0           0           0        4502        4633           0           0           0           0
           0           0        3241        3256           0           0           0           0        4648        4568           0           0           0           0
 Accuracy:    0.018   0.010   0.011   2.856
 Found         7078  events.
 Wrote         1282  events.
 Actual xsec    1.3249338843268901E-013
 Correct abs xsec    1.3879009332509777E-013
 Event xsec    1.3879009332510128E-013
 Events wgts > 1:           22
 % Cross section > 1:    1.3451660584597172E-015  0.96920898763920160     
 Iteration  7   Mean: 0.1350E-12 Abs mean: 0.1407E-12   Fluctuation:  0.127E-14   0.128E-09    78.2%
  7    0.1350E-12 0.1407E-12 +- 0.1272E-14      3.23
 Exceeded boost           1          95   128000.000    
 Exceeded boost           3          52   128000.000    
 Relative summed weights:
  0.0000E+00  0.0000E+00  0.6093E-01  0.6419E-01  0.0000E+00  0.0000E+00  0.0000E+00  0.0000E+00  0.6878E-01  0.6403E-01  0.0000E+00  0.0000E+00  0.0000E+00  0.0000E+00
  0.0000E+00  0.0000E+00  0.6389E-01  0.6016E-01  0.0000E+00  0.0000E+00  0.0000E+00  0.0000E+00  0.5966E-01  0.6231E-01  0.0000E+00  0.0000E+00  0.0000E+00  0.0000E+00
  0.0000E+00  0.0000E+00  0.6065E-01  0.6410E-01  0.0000E+00  0.0000E+00  0.0000E+00  0.0000E+00  0.6214E-01  0.6203E-01  0.0000E+00  0.0000E+00  0.0000E+00  0.0000E+00
  0.0000E+00  0.0000E+00  0.6067E-01  0.6229E-01  0.0000E+00  0.0000E+00  0.0000E+00  0.0000E+00  0.6304E-01  0.6114E-01  0.0000E+00  0.0000E+00  0.0000E+00  0.0000E+00
 Relative number of events:
  0.0000E+00  0.0000E+00  0.5181E-01  0.5200E-01  0.0000E+00  0.0000E+00  0.0000E+00  0.0000E+00  0.7383E-01  0.7378E-01  0.0000E+00  0.0000E+00  0.0000E+00  0.0000E+00
  0.0000E+00  0.0000E+00  0.5233E-01  0.5129E-01  0.0000E+00  0.0000E+00  0.0000E+00  0.0000E+00  0.7246E-01  0.7343E-01  0.0000E+00  0.0000E+00  0.0000E+00  0.0000E+00
  0.0000E+00  0.0000E+00  0.5148E-01  0.5165E-01  0.0000E+00  0.0000E+00  0.0000E+00  0.0000E+00  0.7281E-01  0.7399E-01  0.0000E+00  0.0000E+00  0.0000E+00  0.0000E+00
  0.0000E+00  0.0000E+00  0.5204E-01  0.5178E-01  0.0000E+00  0.0000E+00  0.0000E+00  0.0000E+00  0.7348E-01  0.7184E-01  0.0000E+00  0.0000E+00  0.0000E+00  0.0000E+00
 Events:
           0           0        6468        6492           0           0           0           0        9218        9211           0           0           0           0
           0           0        6533        6404           0           0           0           0        9047        9168           0           0           0           0
           0           0        6427        6449           0           0           0           0        9090        9238           0           0           0           0
           0           0        6497        6465           0           0           0           0        9174        8969           0           0           0           0
 Accuracy:    0.011   0.010   0.007   2.553
Thanks for using LHAPDF 6.2.1. Please make sure to cite the paper:
  Eur.Phys.J. C75 (2015) 3, 132  (http://arxiv.org/abs/1412.7420)
 Found        15769  events.
 Wrote         2947  events.
 Actual xsec    1.3399036260803631E-013
 Correct abs xsec    1.3994844214863072E-013
 Event xsec    1.3994844214863050E-013
 Events wgts > 1:           14
 % Cross section > 1:    1.3975920624617218E-015  0.99864781701351590     
 Iteration  8   Mean: 0.1345E-12 Abs mean: 0.1405E-12   Fluctuation:  0.484E-15   0.342E-10    73.8%
  8    0.1345E-12 0.1405E-12 +- 0.4845E-15      1.74
 Exceeded boost           2          96   256000.000    
 Relative summed weights:
  0.0000E+00  0.0000E+00  0.6192E-01  0.6319E-01  0.0000E+00  0.0000E+00  0.0000E+00  0.0000E+00  0.6314E-01  0.6222E-01  0.0000E+00  0.0000E+00  0.0000E+00  0.0000E+00
  0.0000E+00  0.0000E+00  0.6162E-01  0.6191E-01  0.0000E+00  0.0000E+00  0.0000E+00  0.0000E+00  0.6449E-01  0.6155E-01  0.0000E+00  0.0000E+00  0.0000E+00  0.0000E+00
  0.0000E+00  0.0000E+00  0.6360E-01  0.6189E-01  0.0000E+00  0.0000E+00  0.0000E+00  0.0000E+00  0.6174E-01  0.6108E-01  0.0000E+00  0.0000E+00  0.0000E+00  0.0000E+00
  0.0000E+00  0.0000E+00  0.6218E-01  0.6344E-01  0.0000E+00  0.0000E+00  0.0000E+00  0.0000E+00  0.6212E-01  0.6390E-01  0.0000E+00  0.0000E+00  0.0000E+00  0.0000E+00
 Relative number of events:
  0.0000E+00  0.0000E+00  0.5215E-01  0.5261E-01  0.0000E+00  0.0000E+00  0.0000E+00  0.0000E+00  0.7400E-01  0.7304E-01  0.0000E+00  0.0000E+00  0.0000E+00  0.0000E+00
  0.0000E+00  0.0000E+00  0.5159E-01  0.5113E-01  0.0000E+00  0.0000E+00  0.0000E+00  0.0000E+00  0.7424E-01  0.7240E-01  0.0000E+00  0.0000E+00  0.0000E+00  0.0000E+00
  0.0000E+00  0.0000E+00  0.5213E-01  0.5080E-01  0.0000E+00  0.0000E+00  0.0000E+00  0.0000E+00  0.7258E-01  0.7215E-01  0.0000E+00  0.0000E+00  0.0000E+00  0.0000E+00
  0.0000E+00  0.0000E+00  0.5227E-01  0.5129E-01  0.0000E+00  0.0000E+00  0.0000E+00  0.0000E+00  0.7378E-01  0.7384E-01  0.0000E+00  0.0000E+00  0.0000E+00  0.0000E+00
 Events:
           0           0       13033       13148           0           0           0           0       18494       18255           0           0           0           0
           0           0       12894       12779           0           0           0           0       18555       18094           0           0           0           0
           0           0       13027       12695           0           0           0           0       18140       18031           0           0           0           0
           0           0       13062       12817           0           0           0           0       18439       18453           0           0           0           0
 Accuracy:    0.005   0.010   0.003   2.239
 Finished due to accuracy    4.6183900383749647E-003   1.0000000000000000E-002

 -------------------------------------------------------------------------------
 Accumulated results:   Integral =  0.1403E-12
                        Std dev  =  0.4332E-15
                       Cross sec =  0.1343E-12
             Chi**2 per DoF.     =      2.2387
 -------------------------------------------------------------------------------
 Found        33781  events.
 Wrote        19972  events.
 Actual xsec    1.3435943929134118E-013
 Correct abs xsec    1.4034506112783712E-013
 Event xsec    1.4034506112780299E-013
 Events wgts > 1:          327
 % Cross section > 1:    1.3950791603004842E-015  0.99403509399598866     
-------------------------------------------------
---------------------------
 Results Last   3 iters: Integral =   0.1344E-12
                     Abs integral =   0.1403E-12
                          Std dev =   0.4349E-15
                  Chi**2 per DoF. =      0.9047
-------------------------------------------------
---------------------------
 Status   1.0000000000000000E-002           9           8

ls status:
events.lhe
ftn26
input_app.txt
results.dat
run1_app.log
