==== LHAPDF6 USING DEFAULT-TYPE LHAGLUE INTERFACE ====
LHAPDF 6.2.1 loading /cvmfs/cms.cern.ch/slc6_amd64_gcc630/external/lhapdf/6.2.1-ghjeda2/share/LHAPDF/NNPDF31_nnlo_as_0118_nf_4_mc_hessian/NNPDF31_nnlo_as_0118_nf_4_mc_hessian_0000.dat
NNPDF31_nnlo_as_0118_nf_4_mc_hessian PDF set, member #0, version 1; LHAPDF ID = 325500
 Process in group number            2
 A PDF is used, so alpha_s(MZ) is going to be modified
 Old value of alpha_s from param_card:   0.11810000000000001     
 New value of alpha_s from PDF lhapdf :  0.11266013434007299     
 using LHAPDF
 Define smin to   10000.000000000000     
 Define smin to   10000.000000000000     
 Define smin to   10000.000000000000     
 Define smin to   10000.000000000000     
 Define smin to   10000.000000000000     
 Define smin to   10000.000000000000     
 Define smin to   10000.000000000000     
 Define smin to   10000.000000000000     
 Define smin to   10000.000000000000     
 Define smin to   10000.000000000000     
 Define smin to   10000.000000000000     
 Define smin to   10000.000000000000     
 Define smin to   10000.000000000000     
 Define smin to   10000.000000000000     
 Define smin to   10000.000000000000     
 Define smin to   10000.000000000000     
 *****************************************************
 *               MadGraph/MadEvent                   *
 *        --------------------------------           *
 *          http://madgraph.hep.uiuc.edu             *
 *          http://madgraph.phys.ucl.ac.be           *
 *          http://madgraph.roma2.infn.it            *
 *        --------------------------------           *
 *                                                   *
 *          PARAMETER AND COUPLING VALUES            *
 *                                                   *
 *****************************************************

  External Params
  ---------------------------------
  
 mdl_MW0 =    80.387000000000000     
 mdl_Gf =    1.1663789999999999E-005
 aS =   0.11810000000000001     
 mdl_ymdo =    1.0000000000000000E-099
 mdl_ymb =    4.1799999999999997     
 mdl_ymt =    173.19999999999999     
 mdl_ymtau =    1.7769999999999999     
 mdl_LambdaSMEFT =    1000.0000000000000     
 mdl_cW =    1.0000000000000000     
 mdl_MZ =    91.187600000000003     
 mdl_MTA =    1.7769999999999999     
 mdl_MT =    173.19999999999999     
 mdl_MB =    4.1799999999999997     
 mdl_MH =    125.09000000000000     
 mdl_WZ =    2.4952000000000001     
 mdl_WW =    2.0850000000000000     
 mdl_WT =    1.5083359999999999     
 mdl_WH =    4.0699999999999998E-003
  Internal Params
  ---------------------------------
  
 mdl_ymm =    1.0000000000000000E-099
 mdl_yme =    1.0000000000000000E-099
 mdl_ymc =    1.0000000000000000E-099
 mdl_yms =    1.0000000000000000E-099
 mdl_ymup =    1.0000000000000000E-099
 mdl_conjg__CKM3x3 =    1.0000000000000000     
 mdl_cH =    0.0000000000000000     
 mdl_cHB =    0.0000000000000000     
 mdl_CKM2x2 =    1.0000000000000000     
 mdl_CKM1x1 =    1.0000000000000000     
 mdl_conjg__CKM1x1 =    1.0000000000000000     
 mdl_dGf =    0.0000000000000000     
 mdl_CKM3x3 =    1.0000000000000000     
 mdl_dMH2 =    0.0000000000000000     
 mdl_conjg__CKM2x2 =    1.0000000000000000     
 mdl_dg1 =    0.0000000000000000     
 mdl_cHW =    0.0000000000000000     
 mdl_dgw =    0.0000000000000000     
 mdl_complexi =  (  0.0000000000000000     ,  1.0000000000000000     )
 mdl_MW =    80.387000000000000     
 mdl_nb__2__exp__0_25 =    1.1892071150027210     
 mdl_MH__exp__2 =    15647.508100000001     
 mdl_sqrt__2 =    1.4142135623730951     
 mdl_MW__exp__2 =    6462.0697689999997     
 mdl_MZ__exp__2 =    8315.1783937600012     
 mdl_sth2 =   0.22285855299877133     
 mdl_MH__exp__6 =    3831206449390.3818     
 mdl_MT__exp__6 =    26995248278778.535     
 mdl_MH__exp__4 =    244844509.73956564     
 mdl_MT__exp__4 =    899894403.09759963     
 mdl_MT__exp__2 =    29998.239999999994     
 mdl_LambdaSMEFT__exp__2 =    1000000.0000000000     
 mdl_cth =   0.88155626422890820     
 mdl_sqrt__sth2 =   0.47207896902824564     
 mdl_sth =   0.47207896902824564     
 mdl_MW0__exp__6 =    269845343347.69711     
 mdl_MW0__exp__4 =    41758345.699423708     
 mdl_MW0__exp__2 =    6462.0697689999997     
 mdl_MZ__exp__4 =    69142191.720053151     
 mdl_MZ__exp__6 =    574929658687.79749     
 mdl_cth__exp__2 =   0.77714144700122867     
 mdl_sth__exp__2 =   0.22285855299877130     
 mdl_sth__exp__3 =   0.10520683593878660     
 mdl_cth__exp__3 =   0.68509391079585125     
 mdl_sth__exp__4 =    4.9665934644706158E-002
 mdl_sqrt__Gf =    3.4152291284773265E-003
 mdl_vevhat =    246.21961912951551     
 mdl_lam =   0.12905352724481209     
 mdl_aEW =    7.5614618607353409E-003
 mdl_yb =    2.4008698866559607E-002
 mdl_yc =    5.7437078628133041E-102
 mdl_ydo =    5.7437078628133041E-102
 mdl_ye =    5.7437078628133041E-102
 mdl_ym =    5.7437078628133041E-102
 mdl_ys =    5.7437078628133041E-102
 mdl_yt =   0.99481020183926416     
 mdl_ytau =    1.0206568872219240E-002
 mdl_yup =    5.7437078628133041E-102
 mdl_vevhat__exp__2 =    60624.100844283676     
 mdl_barlam =   0.12905352724481209     
 mdl_vevT =    246.21961912951551     
 mdl_sqrt__aEW =    8.6956666568672819E-002
 mdl_ee =   0.30825335704310214     
 mdl_gwsh =   0.65296989967087182     
 mdl_vev =    246.21961912951551     
 mdl_g1 =   0.34966952144878632     
 mdl_gw =   0.65296989967087182     
 mdl_ee__exp__2 =    9.5020132128342205E-002
 mdl_gHaa =   -1.9303830602986922E-003
 mdl_gHza =   -6.8546472954154700E-003
 mdl_g1sh =   0.34966952144878632     
 mdl_I1d11 =  (  5.7437078628133041E-102,  0.0000000000000000     )
 mdl_I1d22 =  (  5.7437078628133041E-102,  0.0000000000000000     )
 mdl_I1d33 =  (  2.4008698866559607E-002,  0.0000000000000000     )
 mdl_I2d11 =  (  5.7437078628133041E-102,  0.0000000000000000     )
 mdl_I2d22 =  (  5.7437078628133041E-102,  0.0000000000000000     )
 mdl_I2d33 =  ( 0.99481020183926416     ,  0.0000000000000000     )
 mdl_I3d11 =  (  5.7437078628133041E-102,  0.0000000000000000     )
 mdl_I3d22 =  (  5.7437078628133041E-102,  0.0000000000000000     )
 mdl_I3d33 =  (  2.4008698866559607E-002,  0.0000000000000000     )
 mdl_I4d11 =  (  5.7437078628133041E-102,  0.0000000000000000     )
 mdl_I4d22 =  (  5.7437078628133041E-102,  0.0000000000000000     )
 mdl_I4d33 =  ( 0.99481020183926416     ,  0.0000000000000000     )
 mdl_I5d11 =  (  5.7437078628133041E-102,  0.0000000000000000     )
 mdl_I5d22 =  (  5.7437078628133041E-102,  0.0000000000000000     )
 mdl_I5d33 =  (  2.4008698866559607E-002,  0.0000000000000000     )
 mdl_I6d11 =  (  5.7437078628133041E-102,  0.0000000000000000     )
 mdl_I6d22 =  (  5.7437078628133041E-102,  0.0000000000000000     )
 mdl_I6d33 =  ( 0.99481020183926416     ,  0.0000000000000000     )
 mdl_ee__exp__3 =    2.9290274715240611E-002
 mdl_vevhat__exp__3 =    14926843.019948866     
  Internal Params evaluated point by point
  ----------------------------------------
  
 mdl_sqrt__aS =   0.34365680554879169     
 mdl_G__exp__2 =    1.4840883695558185     
 mdl_gHgg =    3.2334372328970845E-003
 mdl_G__exp__3 =  (  1.8079634332366095     ,  0.0000000000000000     )
  Couplings of SMEFTsim_A_U35_MwScheme_UFO_v3_1-cW_massless
  ---------------------------------
  
        GC_64 =   0.00000E+00   0.52893E-05
       GC_345 =   0.00000E+00   0.28325E-05
         GC_1 =   0.00000E+00   0.10275E+00
         GC_2 =  -0.00000E+00  -0.20550E+00
         GC_3 =  -0.00000E+00  -0.30825E+00
       GC_255 =  -0.00000E+00  -0.42637E+00
       GC_278 =  -0.00000E+00  -0.37035E+00
       GC_280 =  -0.00000E+00  -0.57563E+00
       GC_318 =   0.00000E+00   0.39178E-05
       GC_328 =  -0.00000E+00  -0.55024E-01
       GC_329 =   0.00000E+00   0.11005E+00
       GC_330 =  -0.00000E+00  -0.16507E+00
       GC_400 =   0.00000E+00   0.52490E+02
       GC_809 =  -0.00000E+00  -0.72171E-02
      GC_1073 =  -0.00000E+00  -0.46172E+00

 Collider parameters:
 --------------------

 Running at P P   machine @    13000.000000000000       GeV
 PDF set = lhapdf 
 alpha_s(Mz)= 0.1127 running at 3 loops.
 alpha_s(Mz)= 0.1127 running at 3 loops.
 Renormalization scale set on event-by-event basis
 Factorization   scale set on event-by-event basis


 getting user params
Enter number of events and max and min iterations: 
 Number of events and iterations         2000           8           3
Enter desired fractional accuracy: 
 Desired fractional accuracy:    1.0000000000000000E-002
Enter 0 for fixed, 2 for adjustable grid: 
Suppress amplitude (0 no, 1 yes)? 
 Using suppressed amplitude.
Exact helicity sum (0 yes, n = number/event)? 
 Explicitly summing over helicities
Enter Configuration Number: 
Running Configuration Number:  217
 Not subdividing B.W.
 Attempting mappinvarients           1           8
 Completed mapping           8
 about to integrate           16        2000           8           3          16           1
 Using non-zero grid deformation.
 16 dimensions   2000 events 16 invarients  8 iterations  1 config(s),  (0.99)
 Using h-tuple random number sequence.
 Error opening grid
 Using Uniform Grid!          32
 Using uniform alpha   1.0000000000000000     
 Grid defined OK
 Set CM energy to      13000.00
 Mapping Graph         217  to config         217
 Setting BW          -1           1   80.387000000000000     
 Warning: No cutoff for shat integral found
          Minimum set to    5.9171597633136107E-009
Setting grid   2    0.59172E-08   1
 Warning: No cutoff for shat integral found
          Minimum set to    5.9171597633136107E-009
Setting grid   3    0.59172E-08   1
 Warning: No cutoff for shat integral found
          Minimum set to    5.9171597633136107E-009
Setting grid   4    0.59172E-08   1
Setting grid   5    0.59172E-06   1
 Transforming s_hat 1/s           15   5.9171597633136108E-005   10000.000000000000        168999999.99999997     
 217   1   2   3   4   5   6   7   8   9  10  11  12  13  14
  15  16
 Masses: 0.000E+00 0.000E+00 0.000E+00 0.000E+00 0.000E+00 0.000E+00 0.000E+00 0.000E+00
Using random seed offsets   217 :      4
  with seed                   24
 Ranmar initialization seeds       31275        9401
 
 ********************************************
 * You are using the DiscreteSampler module *
 *      part of the MG5_aMC framework       *
 *         Author: Valentin Hirschi         *
 ********************************************
 
  Particle       3       4       5       6       7       8
      Et >     0.0     0.0     0.0     0.0    10.0    10.0
       E >     0.0     0.0     0.0     0.0     0.0     0.0
     Eta <    -1.0    -1.0    -1.0    -1.0     6.5     6.5
   xqcut:      0.0     0.0     0.0     0.0     0.0     0.0
d R # 3  >    -0.0     0.4     0.0     0.0     0.4     0.4
d R # 4  >    -0.0    -0.0     0.0     0.0     0.4     0.4
d R # 5  >    -0.0    -0.0    -0.0     0.0     0.0     0.0
d R # 6  >    -0.0    -0.0    -0.0    -0.0     0.0     0.0
d R # 7  >    -0.0    -0.0    -0.0    -0.0    -0.0     0.4
s min # 3>     0.0     0.0     0.0     0.0     0.0     0.0
s min # 4>     0.0     0.0     0.0     0.0     0.0     0.0
s min # 5>     0.0     0.0     0.0     0.0     0.0     0.0
s min # 6>     0.0     0.0     0.0     0.0     0.0     0.0
s min # 7>     0.0     0.0     0.0     0.0     0.0 10000.0
xqcutij # 3>     0.0     0.0     0.0     0.0     0.0     0.0
xqcutij # 4>     0.0     0.0     0.0     0.0     0.0     0.0
xqcutij # 5>     0.0     0.0     0.0     0.0     0.0     0.0
xqcutij # 6>     0.0     0.0     0.0     0.0     0.0     0.0
xqcutij # 7>     0.0     0.0     0.0     0.0     0.0     0.0
 No cut BW           -1           1
 No cut BW           -3           2
 No cut BW           -5           3
 alpha_s for scale    34.907650506457578       is   0.13298333010578736     
 Added good helicity          193  -256.00000000000000       in event            1 local:           1
 Added good helicity          193  -256.00000000000000       in event            1 local:           1
 RESET CUMULATIVE VARIABLE
 RESET CUMULATIVE VARIABLE
 RESET CUMULATIVE VARIABLE
 Iteration  1   Mean: -.4472E-07 Abs mean: 0.8376E-07   Fluctuation:  0.401E-07   0.778E-04     3.4%
  1   -0.4472E-07 0.8376E-07 +- 0.4013E-07     21.43
 Writing out events   1.5294837527223483E-010   21.425046256612401     
 Relative summed weights:
  0.4301E-01  0.0000E+00  0.0000E+00  0.0000E+00  0.1655E-07  0.0000E+00  0.2546E-01  0.0000E+00  0.0000E+00  0.0000E+00  0.0000E+00  0.0000E+00  0.0000E+00  0.0000E+00  0.0000E+00  0.0000E+00  0.3560E-04  0.0000E+00  0.0000E+00  0.0000E+00  0.0000E+00  0.0000E+00  0.0000E+00  0.0000E+00  0.0000E+00  0.0000E+00  0.0000E+00  0.0000E+00  0.0000E+00  0.0000E+00  0.0000E+00  0.0000E+00
  0.4232E-03  0.0000E+00  0.0000E+00  0.0000E+00  0.1142E-03  0.0000E+00  0.0000E+00  0.0000E+00  0.0000E+00  0.0000E+00  0.0000E+00  0.0000E+00  0.0000E+00  0.0000E+00  0.0000E+00  0.0000E+00  0.0000E+00  0.0000E+00  0.0000E+00  0.0000E+00  0.0000E+00  0.0000E+00  0.0000E+00  0.0000E+00  0.0000E+00  0.0000E+00  0.0000E+00  0.0000E+00  0.0000E+00  0.0000E+00  0.0000E+00  0.0000E+00
  0.3615E-02  0.0000E+00  0.0000E+00  0.0000E+00  0.4258E-04  0.0000E+00  0.0000E+00  0.0000E+00  0.0000E+00  0.0000E+00  0.0000E+00  0.0000E+00  0.0000E+00  0.0000E+00  0.0000E+00  0.0000E+00  0.0000E+00  0.0000E+00  0.0000E+00  0.0000E+00  0.0000E+00  0.0000E+00  0.0000E+00  0.0000E+00  0.0000E+00  0.0000E+00  0.0000E+00  0.0000E+00  0.0000E+00  0.0000E+00  0.0000E+00  0.0000E+00
  0.3502E-01  0.0000E+00  0.0000E+00  0.0000E+00  0.2322E-04  0.0000E+00  0.2818E-01  0.0000E+00  0.0000E+00  0.0000E+00  0.0000E+00  0.0000E+00  0.0000E+00  0.0000E+00  0.0000E+00  0.0000E+00  0.3700E-04  0.0000E+00  0.0000E+00  0.0000E+00  0.0000E+00  0.0000E+00  0.0000E+00  0.0000E+00  0.0000E+00  0.0000E+00  0.0000E+00  0.0000E+00  0.0000E+00  0.0000E+00  0.0000E+00  0.0000E+00
  0.9954E-02  0.0000E+00  0.1428E-02  0.6317E-04  0.2793E-06  0.0000E+00  0.2755E-01  0.0000E+00  0.4160E-01  0.5659E-04  0.0000E+00  0.0000E+00  0.2551E-03  0.8809E-01  0.1612E-02  0.1271E+00  0.1669E-03  0.0000E+00  0.2977E-05  0.3830E-05  0.8382E-02  0.8839E-03  0.0000E+00  0.0000E+00  0.1065E-01  0.1985E-02  0.3149E-01  0.6182E-04  0.0000E+00  0.0000E+00  0.1238E-03  0.0000E+00
  0.3815E-01  0.0000E+00  0.3506E-04  0.7043E-03  0.4965E-04  0.0000E+00  0.0000E+00  0.0000E+00  0.7637E-02  0.1931E-01  0.0000E+00  0.0000E+00  0.0000E+00  0.0000E+00  0.1052E-03  0.4512E-03  0.0000E+00  0.0000E+00  0.5212E-03  0.6179E-04  0.0000E+00  0.0000E+00  0.0000E+00  0.0000E+00  0.0000E+00  0.0000E+00  0.0000E+00  0.0000E+00  0.0000E+00  0.0000E+00  0.0000E+00  0.0000E+00
  0.1019E-02  0.0000E+00  0.4981E-02  0.5128E-03  0.3100E-04  0.0000E+00  0.0000E+00  0.0000E+00  0.7277E-02  0.5392E-04  0.0000E+00  0.0000E+00  0.0000E+00  0.0000E+00  0.2316E-02  0.1381E-04  0.0000E+00  0.0000E+00  0.0000E+00  0.3381E-09  0.0000E+00  0.0000E+00  0.0000E+00  0.0000E+00  0.0000E+00  0.0000E+00  0.0000E+00  0.0000E+00  0.0000E+00  0.0000E+00  0.0000E+00  0.0000E+00
  0.5593E-02  0.0000E+00  0.3655E-05  0.3876E-03  0.2285E-05  0.0000E+00  0.1112E+00  0.0000E+00  0.8459E-03  0.7450E-02  0.0000E+00  0.0000E+00  0.2785E-02  0.1205E-02  0.7882E-02  0.6074E-03  0.8018E-02  0.0000E+00  0.6589E-03  0.3402E-06  0.3692E-02  0.4862E-02  0.0000E+00  0.0000E+00  0.2579E+00  0.1206E-01  0.6770E-03  0.2508E-02  0.0000E+00  0.0000E+00  0.4162E-03  0.6570E-03
 Relative number of events:
  0.2102E-01  0.0000E+00  0.0000E+00  0.0000E+00  0.1001E-02  0.0000E+00  0.5105E-01  0.0000E+00  0.0000E+00  0.0000E+00  0.0000E+00  0.0000E+00  0.0000E+00  0.0000E+00  0.0000E+00  0.0000E+00  0.8008E-02  0.0000E+00  0.0000E+00  0.0000E+00  0.0000E+00  0.0000E+00  0.0000E+00  0.0000E+00  0.0000E+00  0.0000E+00  0.0000E+00  0.0000E+00  0.0000E+00  0.0000E+00  0.0000E+00  0.0000E+00
  0.1301E-01  0.0000E+00  0.0000E+00  0.0000E+00  0.3003E-02  0.0000E+00  0.0000E+00  0.0000E+00  0.0000E+00  0.0000E+00  0.0000E+00  0.0000E+00  0.0000E+00  0.0000E+00  0.0000E+00  0.0000E+00  0.0000E+00  0.0000E+00  0.0000E+00  0.0000E+00  0.0000E+00  0.0000E+00  0.0000E+00  0.0000E+00  0.0000E+00  0.0000E+00  0.0000E+00  0.0000E+00  0.0000E+00  0.0000E+00  0.0000E+00  0.0000E+00
  0.2302E-01  0.0000E+00  0.0000E+00  0.0000E+00  0.4004E-02  0.0000E+00  0.0000E+00  0.0000E+00  0.0000E+00  0.0000E+00  0.0000E+00  0.0000E+00  0.0000E+00  0.0000E+00  0.0000E+00  0.0000E+00  0.0000E+00  0.0000E+00  0.0000E+00  0.0000E+00  0.0000E+00  0.0000E+00  0.0000E+00  0.0000E+00  0.0000E+00  0.0000E+00  0.0000E+00  0.0000E+00  0.0000E+00  0.0000E+00  0.0000E+00  0.0000E+00
  0.2002E-01  0.0000E+00  0.0000E+00  0.0000E+00  0.3003E-02  0.0000E+00  0.4805E-01  0.0000E+00  0.0000E+00  0.0000E+00  0.0000E+00  0.0000E+00  0.0000E+00  0.0000E+00  0.0000E+00  0.0000E+00  0.7007E-02  0.0000E+00  0.0000E+00  0.0000E+00  0.0000E+00  0.0000E+00  0.0000E+00  0.0000E+00  0.0000E+00  0.0000E+00  0.0000E+00  0.0000E+00  0.0000E+00  0.0000E+00  0.0000E+00  0.0000E+00
  0.2703E-01  0.0000E+00  0.1301E-01  0.6006E-02  0.3003E-02  0.0000E+00  0.5405E-01  0.0000E+00  0.1201E-01  0.1401E-01  0.0000E+00  0.0000E+00  0.2102E-01  0.2603E-01  0.7007E-02  0.1001E-01  0.5005E-02  0.0000E+00  0.2002E-02  0.1001E-02  0.3604E-01  0.2202E-01  0.0000E+00  0.0000E+00  0.1001E-01  0.1001E-01  0.9009E-02  0.6006E-02  0.0000E+00  0.0000E+00  0.8008E-02  0.0000E+00
  0.2202E-01  0.0000E+00  0.9009E-02  0.6006E-02  0.1001E-02  0.0000E+00  0.0000E+00  0.0000E+00  0.8008E-02  0.1101E-01  0.0000E+00  0.0000E+00  0.0000E+00  0.0000E+00  0.5005E-02  0.1401E-01  0.0000E+00  0.0000E+00  0.2002E-02  0.3003E-02  0.0000E+00  0.0000E+00  0.0000E+00  0.0000E+00  0.0000E+00  0.0000E+00  0.0000E+00  0.0000E+00  0.0000E+00  0.0000E+00  0.0000E+00  0.0000E+00
  0.2603E-01  0.0000E+00  0.9009E-02  0.1301E-01  0.2002E-02  0.0000E+00  0.0000E+00  0.0000E+00  0.1401E-01  0.1201E-01  0.0000E+00  0.0000E+00  0.0000E+00  0.0000E+00  0.1101E-01  0.7007E-02  0.0000E+00  0.0000E+00  0.0000E+00  0.1001E-02  0.0000E+00  0.0000E+00  0.0000E+00  0.0000E+00  0.0000E+00  0.0000E+00  0.0000E+00  0.0000E+00  0.0000E+00  0.0000E+00  0.0000E+00  0.0000E+00
  0.2903E-01  0.0000E+00  0.7007E-02  0.4004E-02  0.5005E-02  0.0000E+00  0.4505E-01  0.0000E+00  0.1401E-01  0.1401E-01  0.0000E+00  0.0000E+00  0.2703E-01  0.2002E-01  0.1001E-01  0.6006E-02  0.1401E-01  0.0000E+00  0.4004E-02  0.3003E-02  0.2803E-01  0.2503E-01  0.0000E+00  0.0000E+00  0.1502E-01  0.9009E-02  0.9009E-02  0.8008E-02  0.0000E+00  0.0000E+00  0.1101E-01  0.1201E-01
 Events:
          21           0           0           0           1           0          51           0           0           0           0           0           0           0           0           0           8           0           0           0           0           0           0           0           0           0           0           0           0           0           0           0
          13           0           0           0           3           0           0           0           0           0           0           0           0           0           0           0           0           0           0           0           0           0           0           0           0           0           0           0           0           0           0           0
          23           0           0           0           4           0           0           0           0           0           0           0           0           0           0           0           0           0           0           0           0           0           0           0           0           0           0           0           0           0           0           0
          20           0           0           0           3           0          48           0           0           0           0           0           0           0           0           0           7           0           0           0           0           0           0           0           0           0           0           0           0           0           0           0
          27           0          13           6           3           0          54           0          12          14           0           0          21          26           7          10           5           0           2           1          36          22           0           0          10          10           9           6           0           0           8           0
          22           0           9           6           1           0           0           0           8          11           0           0           0           0           5          14           0           0           2           3           0           0           0           0           0           0           0           0           0           0           0           0
          26           0           9          13           2           0           0           0          14          12           0           0           0           0          11           7           0           0           0           1           0           0           0           0           0           0           0           0           0           0           0           0
          29           0           7           4           5           0          45           0          14          14           0           0          27          20          10           6          14           0           4           3          28          25           0           0          15           9           9           8           0           0          11          12
 Iteration  2   Mean: 0.1431E-08 Abs mean: 0.6331E-07   Fluctuation:  0.203E-07   0.645E-04    41.8%
  2    0.1431E-08 0.6331E-07 +- 0.2031E-07     20.29
 Relative summed weights:
  0.4440E-02  0.0000E+00  0.0000E+00  0.0000E+00  0.2481E-04  0.0000E+00  0.2112E-01  0.0000E+00  0.0000E+00  0.0000E+00  0.0000E+00  0.0000E+00  0.0000E+00  0.0000E+00  0.0000E+00  0.0000E+00  0.9067E-03  0.0000E+00  0.0000E+00  0.0000E+00  0.0000E+00  0.0000E+00  0.0000E+00  0.0000E+00  0.0000E+00  0.0000E+00  0.0000E+00  0.0000E+00  0.0000E+00  0.0000E+00  0.0000E+00  0.0000E+00
  0.8130E-02  0.0000E+00  0.0000E+00  0.0000E+00  0.5007E-06  0.0000E+00  0.0000E+00  0.0000E+00  0.0000E+00  0.0000E+00  0.0000E+00  0.0000E+00  0.0000E+00  0.0000E+00  0.0000E+00  0.0000E+00  0.0000E+00  0.0000E+00  0.0000E+00  0.0000E+00  0.0000E+00  0.0000E+00  0.0000E+00  0.0000E+00  0.0000E+00  0.0000E+00  0.0000E+00  0.0000E+00  0.0000E+00  0.0000E+00  0.0000E+00  0.0000E+00
  0.5280E-01  0.0000E+00  0.0000E+00  0.0000E+00  0.6264E-05  0.0000E+00  0.0000E+00  0.0000E+00  0.0000E+00  0.0000E+00  0.0000E+00  0.0000E+00  0.0000E+00  0.0000E+00  0.0000E+00  0.0000E+00  0.0000E+00  0.0000E+00  0.0000E+00  0.0000E+00  0.0000E+00  0.0000E+00  0.0000E+00  0.0000E+00  0.0000E+00  0.0000E+00  0.0000E+00  0.0000E+00  0.0000E+00  0.0000E+00  0.0000E+00  0.0000E+00
  0.2867E-01  0.0000E+00  0.0000E+00  0.0000E+00  0.3272E-03  0.0000E+00  0.4090E-01  0.0000E+00  0.0000E+00  0.0000E+00  0.0000E+00  0.0000E+00  0.0000E+00  0.0000E+00  0.0000E+00  0.0000E+00  0.3702E-01  0.0000E+00  0.0000E+00  0.0000E+00  0.0000E+00  0.0000E+00  0.0000E+00  0.0000E+00  0.0000E+00  0.0000E+00  0.0000E+00  0.0000E+00  0.0000E+00  0.0000E+00  0.0000E+00  0.0000E+00
  0.2810E-01  0.0000E+00  0.5877E-02  0.3466E-02  0.6829E-03  0.0000E+00  0.2584E-01  0.0000E+00  0.3285E-01  0.5479E-03  0.0000E+00  0.0000E+00  0.1057E-02  0.7551E-02  0.3311E-03  0.5212E-04  0.1048E-03  0.0000E+00  0.1083E-03  0.3560E-05  0.2678E-02  0.2182E-02  0.0000E+00  0.0000E+00  0.1357E-02  0.2612E-02  0.1515E-05  0.3927E-04  0.0000E+00  0.0000E+00  0.6087E-03  0.3186E-03
  0.4908E-02  0.0000E+00  0.2037E-02  0.5434E-03  0.1267E-02  0.0000E+00  0.0000E+00  0.0000E+00  0.2247E-02  0.1020E-02  0.0000E+00  0.0000E+00  0.0000E+00  0.0000E+00  0.3754E-04  0.3906E-03  0.0000E+00  0.0000E+00  0.1319E-07  0.4266E-05  0.0000E+00  0.0000E+00  0.0000E+00  0.0000E+00  0.0000E+00  0.0000E+00  0.0000E+00  0.0000E+00  0.0000E+00  0.0000E+00  0.0000E+00  0.0000E+00
  0.1841E-01  0.0000E+00  0.1664E-02  0.2108E-02  0.1255E-03  0.0000E+00  0.0000E+00  0.0000E+00  0.1232E-02  0.4980E+00  0.0000E+00  0.0000E+00  0.0000E+00  0.0000E+00  0.3284E-03  0.1672E-02  0.0000E+00  0.0000E+00  0.8670E-03  0.2672E-03  0.0000E+00  0.0000E+00  0.0000E+00  0.0000E+00  0.0000E+00  0.0000E+00  0.0000E+00  0.0000E+00  0.0000E+00  0.0000E+00  0.0000E+00  0.0000E+00
  0.1711E-01  0.0000E+00  0.4781E-03  0.5411E-02  0.9331E-05  0.0000E+00  0.2870E-01  0.0000E+00  0.1021E-01  0.3161E-01  0.0000E+00  0.0000E+00  0.4527E-02  0.1193E-02  0.2539E-03  0.3168E-02  0.5910E-06  0.0000E+00  0.1827E-04  0.8251E-03  0.1014E-01  0.2790E-01  0.0000E+00  0.0000E+00  0.7231E-03  0.2401E-02  0.5561E-04  0.3257E-02  0.0000E+00  0.0000E+00  0.4146E-02  0.5190E-04
 Relative number of events:
  0.3235E-01  0.0000E+00  0.0000E+00  0.0000E+00  0.3431E-02  0.0000E+00  0.5196E-01  0.0000E+00  0.0000E+00  0.0000E+00  0.0000E+00  0.0000E+00  0.0000E+00  0.0000E+00  0.0000E+00  0.0000E+00  0.6863E-02  0.0000E+00  0.0000E+00  0.0000E+00  0.0000E+00  0.0000E+00  0.0000E+00  0.0000E+00  0.0000E+00  0.0000E+00  0.0000E+00  0.0000E+00  0.0000E+00  0.0000E+00  0.0000E+00  0.0000E+00
  0.2598E-01  0.0000E+00  0.0000E+00  0.0000E+00  0.1961E-02  0.0000E+00  0.0000E+00  0.0000E+00  0.0000E+00  0.0000E+00  0.0000E+00  0.0000E+00  0.0000E+00  0.0000E+00  0.0000E+00  0.0000E+00  0.0000E+00  0.0000E+00  0.0000E+00  0.0000E+00  0.0000E+00  0.0000E+00  0.0000E+00  0.0000E+00  0.0000E+00  0.0000E+00  0.0000E+00  0.0000E+00  0.0000E+00  0.0000E+00  0.0000E+00  0.0000E+00
  0.3235E-01  0.0000E+00  0.0000E+00  0.0000E+00  0.1961E-02  0.0000E+00  0.0000E+00  0.0000E+00  0.0000E+00  0.0000E+00  0.0000E+00  0.0000E+00  0.0000E+00  0.0000E+00  0.0000E+00  0.0000E+00  0.0000E+00  0.0000E+00  0.0000E+00  0.0000E+00  0.0000E+00  0.0000E+00  0.0000E+00  0.0000E+00  0.0000E+00  0.0000E+00  0.0000E+00  0.0000E+00  0.0000E+00  0.0000E+00  0.0000E+00  0.0000E+00
  0.3235E-01  0.0000E+00  0.0000E+00  0.0000E+00  0.4412E-02  0.0000E+00  0.5833E-01  0.0000E+00  0.0000E+00  0.0000E+00  0.0000E+00  0.0000E+00  0.0000E+00  0.0000E+00  0.0000E+00  0.0000E+00  0.7353E-02  0.0000E+00  0.0000E+00  0.0000E+00  0.0000E+00  0.0000E+00  0.0000E+00  0.0000E+00  0.0000E+00  0.0000E+00  0.0000E+00  0.0000E+00  0.0000E+00  0.0000E+00  0.0000E+00  0.0000E+00
  0.3284E-01  0.0000E+00  0.9804E-02  0.1176E-01  0.2451E-02  0.0000E+00  0.6176E-01  0.0000E+00  0.1324E-01  0.1029E-01  0.0000E+00  0.0000E+00  0.2157E-01  0.1569E-01  0.7353E-02  0.6863E-02  0.4902E-02  0.0000E+00  0.2941E-02  0.9804E-03  0.2010E-01  0.2255E-01  0.0000E+00  0.0000E+00  0.1127E-01  0.1127E-01  0.2941E-02  0.4902E-02  0.0000E+00  0.0000E+00  0.4412E-02  0.3922E-02
  0.2451E-01  0.0000E+00  0.1176E-01  0.9314E-02  0.1471E-02  0.0000E+00  0.0000E+00  0.0000E+00  0.1569E-01  0.8824E-02  0.0000E+00  0.0000E+00  0.0000E+00  0.0000E+00  0.3922E-02  0.5882E-02  0.0000E+00  0.0000E+00  0.9804E-03  0.1961E-02  0.0000E+00  0.0000E+00  0.0000E+00  0.0000E+00  0.0000E+00  0.0000E+00  0.0000E+00  0.0000E+00  0.0000E+00  0.0000E+00  0.0000E+00  0.0000E+00
  0.2500E-01  0.0000E+00  0.1029E-01  0.9804E-02  0.1471E-02  0.0000E+00  0.0000E+00  0.0000E+00  0.1471E-01  0.1176E-01  0.0000E+00  0.0000E+00  0.0000E+00  0.0000E+00  0.6863E-02  0.5882E-02  0.0000E+00  0.0000E+00  0.9804E-03  0.1961E-02  0.0000E+00  0.0000E+00  0.0000E+00  0.0000E+00  0.0000E+00  0.0000E+00  0.0000E+00  0.0000E+00  0.0000E+00  0.0000E+00  0.0000E+00  0.0000E+00
  0.2941E-01  0.0000E+00  0.1471E-01  0.1078E-01  0.2451E-02  0.0000E+00  0.4657E-01  0.0000E+00  0.1078E-01  0.1373E-01  0.0000E+00  0.0000E+00  0.1912E-01  0.2304E-01  0.1078E-01  0.7353E-02  0.4412E-02  0.0000E+00  0.1961E-02  0.2451E-02  0.2843E-01  0.2010E-01  0.0000E+00  0.0000E+00  0.9314E-02  0.8333E-02  0.3922E-02  0.4412E-02  0.0000E+00  0.0000E+00  0.6373E-02  0.5392E-02
 Events:
          66           0           0           0           7           0         106           0           0           0           0           0           0           0           0           0          14           0           0           0           0           0           0           0           0           0           0           0           0           0           0           0
          53           0           0           0           4           0           0           0           0           0           0           0           0           0           0           0           0           0           0           0           0           0           0           0           0           0           0           0           0           0           0           0
          66           0           0           0           4           0           0           0           0           0           0           0           0           0           0           0           0           0           0           0           0           0           0           0           0           0           0           0           0           0           0           0
          66           0           0           0           9           0         119           0           0           0           0           0           0           0           0           0          15           0           0           0           0           0           0           0           0           0           0           0           0           0           0           0
          67           0          20          24           5           0         126           0          27          21           0           0          44          32          15          14          10           0           6           2          41          46           0           0          23          23           6          10           0           0           9           8
          50           0          24          19           3           0           0           0          32          18           0           0           0           0           8          12           0           0           2           4           0           0           0           0           0           0           0           0           0           0           0           0
          51           0          21          20           3           0           0           0          30          24           0           0           0           0          14          12           0           0           2           4           0           0           0           0           0           0           0           0           0           0           0           0
          60           0          30          22           5           0          95           0          22          28           0           0          39          47          22          15           9           0           4           5          58          41           0           0          19          17           8           9           0           0          13          11
 Iteration  3   Mean: -.1274E-07 Abs mean: 0.7083E-07   Fluctuation:  0.103E-07   0.538E-04    57.5%
  3   -0.1274E-07 0.7083E-07 +- 0.1032E-07     13.03
 Relative summed weights:
  0.8641E-01  0.0000E+00  0.0000E+00  0.0000E+00  0.5474E-03  0.0000E+00  0.1379E-01  0.0000E+00  0.0000E+00  0.0000E+00  0.0000E+00  0.0000E+00  0.0000E+00  0.0000E+00  0.0000E+00  0.0000E+00  0.2014E-02  0.0000E+00  0.0000E+00  0.0000E+00  0.0000E+00  0.0000E+00  0.0000E+00  0.0000E+00  0.0000E+00  0.0000E+00  0.0000E+00  0.0000E+00  0.0000E+00  0.0000E+00  0.0000E+00  0.0000E+00
  0.3785E-01  0.0000E+00  0.0000E+00  0.0000E+00  0.3084E-03  0.0000E+00  0.0000E+00  0.0000E+00  0.0000E+00  0.0000E+00  0.0000E+00  0.0000E+00  0.0000E+00  0.0000E+00  0.0000E+00  0.0000E+00  0.0000E+00  0.0000E+00  0.0000E+00  0.0000E+00  0.0000E+00  0.0000E+00  0.0000E+00  0.0000E+00  0.0000E+00  0.0000E+00  0.0000E+00  0.0000E+00  0.0000E+00  0.0000E+00  0.0000E+00  0.0000E+00
  0.3329E-02  0.0000E+00  0.0000E+00  0.0000E+00  0.1030E-02  0.0000E+00  0.0000E+00  0.0000E+00  0.0000E+00  0.0000E+00  0.0000E+00  0.0000E+00  0.0000E+00  0.0000E+00  0.0000E+00  0.0000E+00  0.0000E+00  0.0000E+00  0.0000E+00  0.0000E+00  0.0000E+00  0.0000E+00  0.0000E+00  0.0000E+00  0.0000E+00  0.0000E+00  0.0000E+00  0.0000E+00  0.0000E+00  0.0000E+00  0.0000E+00  0.0000E+00
  0.8129E-01  0.0000E+00  0.0000E+00  0.0000E+00  0.5913E-02  0.0000E+00  0.4362E-01  0.0000E+00  0.0000E+00  0.0000E+00  0.0000E+00  0.0000E+00  0.0000E+00  0.0000E+00  0.0000E+00  0.0000E+00  0.1567E-02  0.0000E+00  0.0000E+00  0.0000E+00  0.0000E+00  0.0000E+00  0.0000E+00  0.0000E+00  0.0000E+00  0.0000E+00  0.0000E+00  0.0000E+00  0.0000E+00  0.0000E+00  0.0000E+00  0.0000E+00
  0.1613E-01  0.0000E+00  0.2087E-02  0.8258E-04  0.2016E-03  0.0000E+00  0.6308E-01  0.0000E+00  0.5447E-02  0.5418E-02  0.0000E+00  0.0000E+00  0.4536E-02  0.5604E-01  0.1782E-02  0.4566E-02  0.1503E-02  0.0000E+00  0.5212E-04  0.2042E-03  0.2730E-01  0.1340E-01  0.0000E+00  0.0000E+00  0.1850E-01  0.2818E-02  0.5085E-03  0.1223E-03  0.0000E+00  0.0000E+00  0.1301E-03  0.5315E-03
  0.1147E-01  0.0000E+00  0.1136E-01  0.8181E-02  0.2287E-03  0.0000E+00  0.0000E+00  0.0000E+00  0.6870E-02  0.1412E-01  0.0000E+00  0.0000E+00  0.0000E+00  0.0000E+00  0.7394E-03  0.9139E-03  0.0000E+00  0.0000E+00  0.2687E-06  0.6369E-04  0.0000E+00  0.0000E+00  0.0000E+00  0.0000E+00  0.0000E+00  0.0000E+00  0.0000E+00  0.0000E+00  0.0000E+00  0.0000E+00  0.0000E+00  0.0000E+00
  0.1968E-01  0.0000E+00  0.1373E-02  0.5418E-03  0.3080E-02  0.0000E+00  0.0000E+00  0.0000E+00  0.1228E-02  0.3689E-02  0.0000E+00  0.0000E+00  0.0000E+00  0.0000E+00  0.1083E-01  0.2525E-03  0.0000E+00  0.0000E+00  0.1238E-03  0.4284E-04  0.0000E+00  0.0000E+00  0.0000E+00  0.0000E+00  0.0000E+00  0.0000E+00  0.0000E+00  0.0000E+00  0.0000E+00  0.0000E+00  0.0000E+00  0.0000E+00
  0.7039E-01  0.0000E+00  0.8745E-01  0.1017E-02  0.3679E-04  0.0000E+00  0.9388E-01  0.0000E+00  0.1328E-02  0.1141E-02  0.0000E+00  0.0000E+00  0.5381E-02  0.7279E-02  0.3151E-03  0.3297E-02  0.2182E-02  0.0000E+00  0.4419E-04  0.2072E-03  0.1130E+00  0.9653E-02  0.0000E+00  0.0000E+00  0.1661E-03  0.3326E-02  0.6603E-03  0.3328E-03  0.0000E+00  0.0000E+00  0.1215E-02  0.7566E-03
 Relative number of events:
  0.2850E-01  0.0000E+00  0.0000E+00  0.0000E+00  0.3531E-02  0.0000E+00  0.5448E-01  0.0000E+00  0.0000E+00  0.0000E+00  0.0000E+00  0.0000E+00  0.0000E+00  0.0000E+00  0.0000E+00  0.0000E+00  0.5296E-02  0.0000E+00  0.0000E+00  0.0000E+00  0.0000E+00  0.0000E+00  0.0000E+00  0.0000E+00  0.0000E+00  0.0000E+00  0.0000E+00  0.0000E+00  0.0000E+00  0.0000E+00  0.0000E+00  0.0000E+00
  0.2900E-01  0.0000E+00  0.0000E+00  0.0000E+00  0.1513E-02  0.0000E+00  0.0000E+00  0.0000E+00  0.0000E+00  0.0000E+00  0.0000E+00  0.0000E+00  0.0000E+00  0.0000E+00  0.0000E+00  0.0000E+00  0.0000E+00  0.0000E+00  0.0000E+00  0.0000E+00  0.0000E+00  0.0000E+00  0.0000E+00  0.0000E+00  0.0000E+00  0.0000E+00  0.0000E+00  0.0000E+00  0.0000E+00  0.0000E+00  0.0000E+00  0.0000E+00
  0.2774E-01  0.0000E+00  0.0000E+00  0.0000E+00  0.2270E-02  0.0000E+00  0.0000E+00  0.0000E+00  0.0000E+00  0.0000E+00  0.0000E+00  0.0000E+00  0.0000E+00  0.0000E+00  0.0000E+00  0.0000E+00  0.0000E+00  0.0000E+00  0.0000E+00  0.0000E+00  0.0000E+00  0.0000E+00  0.0000E+00  0.0000E+00  0.0000E+00  0.0000E+00  0.0000E+00  0.0000E+00  0.0000E+00  0.0000E+00  0.0000E+00  0.0000E+00
  0.3026E-01  0.0000E+00  0.0000E+00  0.0000E+00  0.1765E-02  0.0000E+00  0.5523E-01  0.0000E+00  0.0000E+00  0.0000E+00  0.0000E+00  0.0000E+00  0.0000E+00  0.0000E+00  0.0000E+00  0.0000E+00  0.3531E-02  0.0000E+00  0.0000E+00  0.0000E+00  0.0000E+00  0.0000E+00  0.0000E+00  0.0000E+00  0.0000E+00  0.0000E+00  0.0000E+00  0.0000E+00  0.0000E+00  0.0000E+00  0.0000E+00  0.0000E+00
  0.3001E-01  0.0000E+00  0.8827E-02  0.6053E-02  0.1513E-02  0.0000E+00  0.6028E-01  0.0000E+00  0.1362E-01  0.1765E-01  0.0000E+00  0.0000E+00  0.2270E-01  0.2396E-01  0.6053E-02  0.5801E-02  0.5549E-02  0.0000E+00  0.1765E-02  0.1765E-02  0.3001E-01  0.2169E-01  0.0000E+00  0.0000E+00  0.9584E-02  0.8323E-02  0.4540E-02  0.5044E-02  0.0000E+00  0.0000E+00  0.4792E-02  0.3783E-02
  0.2850E-01  0.0000E+00  0.9584E-02  0.9836E-02  0.2522E-02  0.0000E+00  0.0000E+00  0.0000E+00  0.1311E-01  0.1589E-01  0.0000E+00  0.0000E+00  0.0000E+00  0.0000E+00  0.6053E-02  0.6053E-02  0.0000E+00  0.0000E+00  0.7566E-03  0.1765E-02  0.0000E+00  0.0000E+00  0.0000E+00  0.0000E+00  0.0000E+00  0.0000E+00  0.0000E+00  0.0000E+00  0.0000E+00  0.0000E+00  0.0000E+00  0.0000E+00
  0.2926E-01  0.0000E+00  0.8575E-02  0.1009E-01  0.2774E-02  0.0000E+00  0.0000E+00  0.0000E+00  0.9836E-02  0.1135E-01  0.0000E+00  0.0000E+00  0.0000E+00  0.0000E+00  0.4288E-02  0.4540E-02  0.0000E+00  0.0000E+00  0.3026E-02  0.1765E-02  0.0000E+00  0.0000E+00  0.0000E+00  0.0000E+00  0.0000E+00  0.0000E+00  0.0000E+00  0.0000E+00  0.0000E+00  0.0000E+00  0.0000E+00  0.0000E+00
  0.2774E-01  0.0000E+00  0.1110E-01  0.1135E-01  0.1765E-02  0.0000E+00  0.5776E-01  0.0000E+00  0.1261E-01  0.1084E-01  0.0000E+00  0.0000E+00  0.2194E-01  0.2119E-01  0.5801E-02  0.6053E-02  0.4540E-02  0.0000E+00  0.1261E-02  0.1765E-02  0.2749E-01  0.3052E-01  0.0000E+00  0.0000E+00  0.8071E-02  0.5044E-02  0.4288E-02  0.5549E-02  0.0000E+00  0.0000E+00  0.3026E-02  0.4288E-02
 Events:
         113           0           0           0          14           0         216           0           0           0           0           0           0           0           0           0          21           0           0           0           0           0           0           0           0           0           0           0           0           0           0           0
         115           0           0           0           6           0           0           0           0           0           0           0           0           0           0           0           0           0           0           0           0           0           0           0           0           0           0           0           0           0           0           0
         110           0           0           0           9           0           0           0           0           0           0           0           0           0           0           0           0           0           0           0           0           0           0           0           0           0           0           0           0           0           0           0
         120           0           0           0           7           0         219           0           0           0           0           0           0           0           0           0          14           0           0           0           0           0           0           0           0           0           0           0           0           0           0           0
         119           0          35          24           6           0         239           0          54          70           0           0          90          95          24          23          22           0           7           7         119          86           0           0          38          33          18          20           0           0          19          15
         113           0          38          39          10           0           0           0          52          63           0           0           0           0          24          24           0           0           3           7           0           0           0           0           0           0           0           0           0           0           0           0
         116           0          34          40          11           0           0           0          39          45           0           0           0           0          17          18           0           0          12           7           0           0           0           0           0           0           0           0           0           0           0           0
         110           0          44          45           7           0         229           0          50          43           0           0          87          84          23          24          18           0           5           7         109         121           0           0          32          20          17          22           0           0          12          17
 Accuracy:    0.046   0.010   0.128   0.128
 Found          467  events.
 Wrote           10  events.
 Actual xsec   -1.2767276457402627E-008
 Correct abs xsec    7.0558530114296461E-008
 Event xsec    7.0558530114296448E-008
 Events wgts > 1:            1
 % Cross section > 1:    1.7474066859399194E-015   2.4765349889082550E-006
 Iteration  4   Mean: -.1263E-08 Abs mean: 0.7407E-07   Fluctuation:  0.560E-08   0.308E-04    64.7%
  4   -0.1263E-08 0.7407E-07 +- 0.5598E-08      9.56
 Relative summed weights:
  0.4879E-01  0.0000E+00  0.0000E+00  0.0000E+00  0.1635E-02  0.0000E+00  0.4886E-01  0.0000E+00  0.0000E+00  0.0000E+00  0.0000E+00  0.0000E+00  0.0000E+00  0.0000E+00  0.0000E+00  0.0000E+00  0.4537E-03  0.0000E+00  0.0000E+00  0.0000E+00  0.0000E+00  0.0000E+00  0.0000E+00  0.0000E+00  0.0000E+00  0.0000E+00  0.0000E+00  0.0000E+00  0.0000E+00  0.0000E+00  0.0000E+00  0.0000E+00
  0.3398E-01  0.0000E+00  0.0000E+00  0.0000E+00  0.8750E-02  0.0000E+00  0.0000E+00  0.0000E+00  0.0000E+00  0.0000E+00  0.0000E+00  0.0000E+00  0.0000E+00  0.0000E+00  0.0000E+00  0.0000E+00  0.0000E+00  0.0000E+00  0.0000E+00  0.0000E+00  0.0000E+00  0.0000E+00  0.0000E+00  0.0000E+00  0.0000E+00  0.0000E+00  0.0000E+00  0.0000E+00  0.0000E+00  0.0000E+00  0.0000E+00  0.0000E+00
  0.6428E-01  0.0000E+00  0.0000E+00  0.0000E+00  0.9774E-03  0.0000E+00  0.0000E+00  0.0000E+00  0.0000E+00  0.0000E+00  0.0000E+00  0.0000E+00  0.0000E+00  0.0000E+00  0.0000E+00  0.0000E+00  0.0000E+00  0.0000E+00  0.0000E+00  0.0000E+00  0.0000E+00  0.0000E+00  0.0000E+00  0.0000E+00  0.0000E+00  0.0000E+00  0.0000E+00  0.0000E+00  0.0000E+00  0.0000E+00  0.0000E+00  0.0000E+00
  0.4952E-01  0.0000E+00  0.0000E+00  0.0000E+00  0.1076E-02  0.0000E+00  0.6021E-01  0.0000E+00  0.0000E+00  0.0000E+00  0.0000E+00  0.0000E+00  0.0000E+00  0.0000E+00  0.0000E+00  0.0000E+00  0.2015E-01  0.0000E+00  0.0000E+00  0.0000E+00  0.0000E+00  0.0000E+00  0.0000E+00  0.0000E+00  0.0000E+00  0.0000E+00  0.0000E+00  0.0000E+00  0.0000E+00  0.0000E+00  0.0000E+00  0.0000E+00
  0.3687E-01  0.0000E+00  0.9632E-03  0.5993E-02  0.3949E-03  0.0000E+00  0.7179E-01  0.0000E+00  0.7800E-02  0.7308E-02  0.0000E+00  0.0000E+00  0.9511E-02  0.1866E-01  0.2682E-02  0.2953E-02  0.2561E-02  0.0000E+00  0.9910E-05  0.1168E-03  0.4746E-01  0.9107E-02  0.0000E+00  0.0000E+00  0.5728E-02  0.8853E-02  0.4718E-03  0.5311E-01  0.0000E+00  0.0000E+00  0.2229E-02  0.1941E-02
  0.1231E-01  0.0000E+00  0.7245E-02  0.1971E-02  0.6511E-03  0.0000E+00  0.0000E+00  0.0000E+00  0.7296E-02  0.8332E-02  0.0000E+00  0.0000E+00  0.0000E+00  0.0000E+00  0.1194E-02  0.9350E-02  0.0000E+00  0.0000E+00  0.9213E-04  0.2049E-03  0.0000E+00  0.0000E+00  0.0000E+00  0.0000E+00  0.0000E+00  0.0000E+00  0.0000E+00  0.0000E+00  0.0000E+00  0.0000E+00  0.0000E+00  0.0000E+00
  0.1116E-01  0.0000E+00  0.1432E-01  0.5786E-02  0.6895E-03  0.0000E+00  0.0000E+00  0.0000E+00  0.4524E-02  0.2124E-02  0.0000E+00  0.0000E+00  0.0000E+00  0.0000E+00  0.4337E-02  0.1276E-02  0.0000E+00  0.0000E+00  0.6217E-04  0.2515E-03  0.0000E+00  0.0000E+00  0.0000E+00  0.0000E+00  0.0000E+00  0.0000E+00  0.0000E+00  0.0000E+00  0.0000E+00  0.0000E+00  0.0000E+00  0.0000E+00
  0.2151E-01  0.0000E+00  0.9793E-02  0.3915E-02  0.9138E-03  0.0000E+00  0.4187E-01  0.0000E+00  0.6567E-02  0.6437E-02  0.0000E+00  0.0000E+00  0.3766E-01  0.2690E-01  0.5578E-02  0.9265E-02  0.7409E-02  0.0000E+00  0.1491E-03  0.3991E-04  0.1460E-01  0.6385E-01  0.0000E+00  0.0000E+00  0.3918E-02  0.3375E-02  0.1684E-03  0.8490E-03  0.0000E+00  0.0000E+00  0.2797E-02  0.4062E-02
 Relative number of events:
  0.3345E-01  0.0000E+00  0.0000E+00  0.0000E+00  0.1383E-02  0.0000E+00  0.6263E-01  0.0000E+00  0.0000E+00  0.0000E+00  0.0000E+00  0.0000E+00  0.0000E+00  0.0000E+00  0.0000E+00  0.0000E+00  0.3270E-02  0.0000E+00  0.0000E+00  0.0000E+00  0.0000E+00  0.0000E+00  0.0000E+00  0.0000E+00  0.0000E+00  0.0000E+00  0.0000E+00  0.0000E+00  0.0000E+00  0.0000E+00  0.0000E+00  0.0000E+00
  0.3094E-01  0.0000E+00  0.0000E+00  0.0000E+00  0.1761E-02  0.0000E+00  0.0000E+00  0.0000E+00  0.0000E+00  0.0000E+00  0.0000E+00  0.0000E+00  0.0000E+00  0.0000E+00  0.0000E+00  0.0000E+00  0.0000E+00  0.0000E+00  0.0000E+00  0.0000E+00  0.0000E+00  0.0000E+00  0.0000E+00  0.0000E+00  0.0000E+00  0.0000E+00  0.0000E+00  0.0000E+00  0.0000E+00  0.0000E+00  0.0000E+00  0.0000E+00
  0.3018E-01  0.0000E+00  0.0000E+00  0.0000E+00  0.2767E-02  0.0000E+00  0.0000E+00  0.0000E+00  0.0000E+00  0.0000E+00  0.0000E+00  0.0000E+00  0.0000E+00  0.0000E+00  0.0000E+00  0.0000E+00  0.0000E+00  0.0000E+00  0.0000E+00  0.0000E+00  0.0000E+00  0.0000E+00  0.0000E+00  0.0000E+00  0.0000E+00  0.0000E+00  0.0000E+00  0.0000E+00  0.0000E+00  0.0000E+00  0.0000E+00  0.0000E+00
  0.3056E-01  0.0000E+00  0.0000E+00  0.0000E+00  0.1383E-02  0.0000E+00  0.6162E-01  0.0000E+00  0.0000E+00  0.0000E+00  0.0000E+00  0.0000E+00  0.0000E+00  0.0000E+00  0.0000E+00  0.0000E+00  0.5030E-02  0.0000E+00  0.0000E+00  0.0000E+00  0.0000E+00  0.0000E+00  0.0000E+00  0.0000E+00  0.0000E+00  0.0000E+00  0.0000E+00  0.0000E+00  0.0000E+00  0.0000E+00  0.0000E+00  0.0000E+00
  0.3207E-01  0.0000E+00  0.9557E-02  0.8803E-02  0.1761E-02  0.0000E+00  0.6313E-01  0.0000E+00  0.1170E-01  0.1094E-01  0.0000E+00  0.0000E+00  0.1924E-01  0.2301E-01  0.6665E-02  0.4276E-02  0.4276E-02  0.0000E+00  0.5030E-03  0.1132E-02  0.2314E-01  0.2188E-01  0.0000E+00  0.0000E+00  0.8677E-02  0.7797E-02  0.2892E-02  0.4276E-02  0.0000E+00  0.0000E+00  0.3144E-02  0.3144E-02
  0.3496E-01  0.0000E+00  0.9935E-02  0.1006E-01  0.1635E-02  0.0000E+00  0.0000E+00  0.0000E+00  0.1107E-01  0.1220E-01  0.0000E+00  0.0000E+00  0.0000E+00  0.0000E+00  0.7168E-02  0.4904E-02  0.0000E+00  0.0000E+00  0.1761E-02  0.1635E-02  0.0000E+00  0.0000E+00  0.0000E+00  0.0000E+00  0.0000E+00  0.0000E+00  0.0000E+00  0.0000E+00  0.0000E+00  0.0000E+00  0.0000E+00  0.0000E+00
  0.2943E-01  0.0000E+00  0.1069E-01  0.9809E-02  0.2012E-02  0.0000E+00  0.0000E+00  0.0000E+00  0.1258E-01  0.1195E-01  0.0000E+00  0.0000E+00  0.0000E+00  0.0000E+00  0.4401E-02  0.5156E-02  0.0000E+00  0.0000E+00  0.5030E-03  0.2264E-02  0.0000E+00  0.0000E+00  0.0000E+00  0.0000E+00  0.0000E+00  0.0000E+00  0.0000E+00  0.0000E+00  0.0000E+00  0.0000E+00  0.0000E+00  0.0000E+00
  0.2804E-01  0.0000E+00  0.1006E-01  0.9054E-02  0.1886E-02  0.0000E+00  0.6602E-01  0.0000E+00  0.1258E-01  0.9557E-02  0.0000E+00  0.0000E+00  0.2528E-01  0.2402E-01  0.5910E-02  0.4779E-02  0.4653E-02  0.0000E+00  0.1761E-02  0.1761E-02  0.2188E-01  0.2226E-01  0.0000E+00  0.0000E+00  0.8426E-02  0.7671E-02  0.2515E-02  0.4653E-02  0.0000E+00  0.0000E+00  0.2892E-02  0.3270E-02
 Events:
         266           0           0           0          11           0         498           0           0           0           0           0           0           0           0           0          26           0           0           0           0           0           0           0           0           0           0           0           0           0           0           0
         246           0           0           0          14           0           0           0           0           0           0           0           0           0           0           0           0           0           0           0           0           0           0           0           0           0           0           0           0           0           0           0
         240           0           0           0          22           0           0           0           0           0           0           0           0           0           0           0           0           0           0           0           0           0           0           0           0           0           0           0           0           0           0           0
         243           0           0           0          11           0         490           0           0           0           0           0           0           0           0           0          40           0           0           0           0           0           0           0           0           0           0           0           0           0           0           0
         255           0          76          70          14           0         502           0          93          87           0           0         153         183          53          34          34           0           4           9         184         174           0           0          69          62          23          34           0           0          25          25
         278           0          79          80          13           0           0           0          88          97           0           0           0           0          57          39           0           0          14          13           0           0           0           0           0           0           0           0           0           0           0           0
         234           0          85          78          16           0           0           0         100          95           0           0           0           0          35          41           0           0           4          18           0           0           0           0           0           0           0           0           0           0           0           0
         223           0          80          72          15           0         525           0         100          76           0           0         201         191          47          38          37           0          14          14         174         177           0           0          67          61          20          37           0           0          23          26
 Accuracy:    0.022   0.010   0.065   0.114
 Found         1058  events.
 Wrote           37  events.
 Actual xsec   -3.4811203404983150E-009
 Correct abs xsec    7.2961835351168662E-008
 Event xsec    7.2961835351168649E-008
 Events wgts > 1:            3
 % Cross section > 1:    1.6403342934674867E-010  0.22482086498680889     
 Iteration  5   Mean: -.3102E-08 Abs mean: 0.8753E-07   Fluctuation:  0.575E-08   0.104E-03    68.9%
  5   -0.3102E-08 0.8753E-07 +- 0.5753E-08     11.76
 Relative summed weights:
  0.2415E-01  0.0000E+00  0.0000E+00  0.0000E+00  0.1002E-02  0.0000E+00  0.6330E-01  0.0000E+00  0.0000E+00  0.0000E+00  0.0000E+00  0.0000E+00  0.0000E+00  0.0000E+00  0.0000E+00  0.0000E+00  0.1694E-01  0.0000E+00  0.0000E+00  0.0000E+00  0.0000E+00  0.0000E+00  0.0000E+00  0.0000E+00  0.0000E+00  0.0000E+00  0.0000E+00  0.0000E+00  0.0000E+00  0.0000E+00  0.0000E+00  0.0000E+00
  0.3426E-01  0.0000E+00  0.0000E+00  0.0000E+00  0.4333E-02  0.0000E+00  0.0000E+00  0.0000E+00  0.0000E+00  0.0000E+00  0.0000E+00  0.0000E+00  0.0000E+00  0.0000E+00  0.0000E+00  0.0000E+00  0.0000E+00  0.0000E+00  0.0000E+00  0.0000E+00  0.0000E+00  0.0000E+00  0.0000E+00  0.0000E+00  0.0000E+00  0.0000E+00  0.0000E+00  0.0000E+00  0.0000E+00  0.0000E+00  0.0000E+00  0.0000E+00
  0.2540E-01  0.0000E+00  0.0000E+00  0.0000E+00  0.3967E-03  0.0000E+00  0.0000E+00  0.0000E+00  0.0000E+00  0.0000E+00  0.0000E+00  0.0000E+00  0.0000E+00  0.0000E+00  0.0000E+00  0.0000E+00  0.0000E+00  0.0000E+00  0.0000E+00  0.0000E+00  0.0000E+00  0.0000E+00  0.0000E+00  0.0000E+00  0.0000E+00  0.0000E+00  0.0000E+00  0.0000E+00  0.0000E+00  0.0000E+00  0.0000E+00  0.0000E+00
  0.1540E-01  0.0000E+00  0.0000E+00  0.0000E+00  0.3943E-02  0.0000E+00  0.4201E-01  0.0000E+00  0.0000E+00  0.0000E+00  0.0000E+00  0.0000E+00  0.0000E+00  0.0000E+00  0.0000E+00  0.0000E+00  0.9656E-03  0.0000E+00  0.0000E+00  0.0000E+00  0.0000E+00  0.0000E+00  0.0000E+00  0.0000E+00  0.0000E+00  0.0000E+00  0.0000E+00  0.0000E+00  0.0000E+00  0.0000E+00  0.0000E+00  0.0000E+00
  0.4500E-01  0.0000E+00  0.3025E-02  0.1211E-01  0.4932E-03  0.0000E+00  0.7395E-01  0.0000E+00  0.1979E-01  0.8550E-02  0.0000E+00  0.0000E+00  0.2142E-01  0.1960E-01  0.6038E-02  0.1481E-02  0.8633E-03  0.0000E+00  0.5625E-02  0.5161E-03  0.1665E-01  0.1316E-01  0.0000E+00  0.0000E+00  0.3845E-02  0.8577E-02  0.4537E-03  0.5104E-02  0.0000E+00  0.0000E+00  0.8686E-03  0.2738E-02
  0.2382E-01  0.0000E+00  0.9634E-02  0.2696E-01  0.4676E-03  0.0000E+00  0.0000E+00  0.0000E+00  0.2021E-01  0.3501E-02  0.0000E+00  0.0000E+00  0.0000E+00  0.0000E+00  0.1932E-02  0.1420E-02  0.0000E+00  0.0000E+00  0.6480E-03  0.3003E-03  0.0000E+00  0.0000E+00  0.0000E+00  0.0000E+00  0.0000E+00  0.0000E+00  0.0000E+00  0.0000E+00  0.0000E+00  0.0000E+00  0.0000E+00  0.0000E+00
  0.2804E-01  0.0000E+00  0.1901E-02  0.5460E-02  0.4443E-03  0.0000E+00  0.0000E+00  0.0000E+00  0.8908E-02  0.8089E-02  0.0000E+00  0.0000E+00  0.0000E+00  0.0000E+00  0.2992E-01  0.3675E-02  0.0000E+00  0.0000E+00  0.6422E-03  0.3228E-03  0.0000E+00  0.0000E+00  0.0000E+00  0.0000E+00  0.0000E+00  0.0000E+00  0.0000E+00  0.0000E+00  0.0000E+00  0.0000E+00  0.0000E+00  0.0000E+00
  0.1918E-01  0.0000E+00  0.1010E-01  0.1312E-01  0.3648E-03  0.0000E+00  0.7550E-01  0.0000E+00  0.1286E-01  0.6455E-02  0.0000E+00  0.0000E+00  0.1812E-01  0.2206E-01  0.6072E-02  0.3564E-02  0.1575E-02  0.0000E+00  0.4068E-04  0.2271E-03  0.8000E-01  0.1920E-01  0.0000E+00  0.0000E+00  0.1206E-01  0.7026E-02  0.7098E-02  0.3796E-02  0.0000E+00  0.0000E+00  0.8614E-03  0.2445E-02
 Relative number of events:
  0.3061E-01  0.0000E+00  0.0000E+00  0.0000E+00  0.1775E-02  0.0000E+00  0.6173E-01  0.0000E+00  0.0000E+00  0.0000E+00  0.0000E+00  0.0000E+00  0.0000E+00  0.0000E+00  0.0000E+00  0.0000E+00  0.3929E-02  0.0000E+00  0.0000E+00  0.0000E+00  0.0000E+00  0.0000E+00  0.0000E+00  0.0000E+00  0.0000E+00  0.0000E+00  0.0000E+00  0.0000E+00  0.0000E+00  0.0000E+00  0.0000E+00  0.0000E+00
  0.3156E-01  0.0000E+00  0.0000E+00  0.0000E+00  0.1838E-02  0.0000E+00  0.0000E+00  0.0000E+00  0.0000E+00  0.0000E+00  0.0000E+00  0.0000E+00  0.0000E+00  0.0000E+00  0.0000E+00  0.0000E+00  0.0000E+00  0.0000E+00  0.0000E+00  0.0000E+00  0.0000E+00  0.0000E+00  0.0000E+00  0.0000E+00  0.0000E+00  0.0000E+00  0.0000E+00  0.0000E+00  0.0000E+00  0.0000E+00  0.0000E+00  0.0000E+00
  0.3124E-01  0.0000E+00  0.0000E+00  0.0000E+00  0.1458E-02  0.0000E+00  0.0000E+00  0.0000E+00  0.0000E+00  0.0000E+00  0.0000E+00  0.0000E+00  0.0000E+00  0.0000E+00  0.0000E+00  0.0000E+00  0.0000E+00  0.0000E+00  0.0000E+00  0.0000E+00  0.0000E+00  0.0000E+00  0.0000E+00  0.0000E+00  0.0000E+00  0.0000E+00  0.0000E+00  0.0000E+00  0.0000E+00  0.0000E+00  0.0000E+00  0.0000E+00
  0.3181E-01  0.0000E+00  0.0000E+00  0.0000E+00  0.2218E-02  0.0000E+00  0.6376E-01  0.0000E+00  0.0000E+00  0.0000E+00  0.0000E+00  0.0000E+00  0.0000E+00  0.0000E+00  0.0000E+00  0.0000E+00  0.3676E-02  0.0000E+00  0.0000E+00  0.0000E+00  0.0000E+00  0.0000E+00  0.0000E+00  0.0000E+00  0.0000E+00  0.0000E+00  0.0000E+00  0.0000E+00  0.0000E+00  0.0000E+00  0.0000E+00  0.0000E+00
  0.3086E-01  0.0000E+00  0.1033E-01  0.9696E-02  0.2155E-02  0.0000E+00  0.6236E-01  0.0000E+00  0.1153E-01  0.1236E-01  0.0000E+00  0.0000E+00  0.2161E-01  0.2041E-01  0.6021E-02  0.6464E-02  0.3803E-02  0.0000E+00  0.1014E-02  0.1204E-02  0.2294E-01  0.2231E-01  0.0000E+00  0.0000E+00  0.7668E-02  0.9189E-02  0.3042E-02  0.3739E-02  0.0000E+00  0.0000E+00  0.2979E-02  0.3169E-02
  0.3029E-01  0.0000E+00  0.1046E-01  0.1033E-01  0.1584E-02  0.0000E+00  0.0000E+00  0.0000E+00  0.1014E-01  0.1128E-01  0.0000E+00  0.0000E+00  0.0000E+00  0.0000E+00  0.4817E-02  0.4690E-02  0.0000E+00  0.0000E+00  0.1584E-02  0.1014E-02  0.0000E+00  0.0000E+00  0.0000E+00  0.0000E+00  0.0000E+00  0.0000E+00  0.0000E+00  0.0000E+00  0.0000E+00  0.0000E+00  0.0000E+00  0.0000E+00
  0.3042E-01  0.0000E+00  0.1058E-01  0.1027E-01  0.1711E-02  0.0000E+00  0.0000E+00  0.0000E+00  0.1280E-01  0.1065E-01  0.0000E+00  0.0000E+00  0.0000E+00  0.0000E+00  0.5957E-02  0.5640E-02  0.0000E+00  0.0000E+00  0.1775E-02  0.1584E-02  0.0000E+00  0.0000E+00  0.0000E+00  0.0000E+00  0.0000E+00  0.0000E+00  0.0000E+00  0.0000E+00  0.0000E+00  0.0000E+00  0.0000E+00  0.0000E+00
  0.3029E-01  0.0000E+00  0.9443E-02  0.1172E-01  0.1584E-02  0.0000E+00  0.6597E-01  0.0000E+00  0.1166E-01  0.1160E-01  0.0000E+00  0.0000E+00  0.2256E-01  0.2339E-01  0.5007E-02  0.5704E-02  0.3866E-02  0.0000E+00  0.9506E-03  0.1394E-02  0.2351E-01  0.2383E-01  0.0000E+00  0.0000E+00  0.8366E-02  0.7985E-02  0.3296E-02  0.3486E-02  0.0000E+00  0.0000E+00  0.2472E-02  0.3866E-02
 Events:
         483           0           0           0          28           0         974           0           0           0           0           0           0           0           0           0          62           0           0           0           0           0           0           0           0           0           0           0           0           0           0           0
         498           0           0           0          29           0           0           0           0           0           0           0           0           0           0           0           0           0           0           0           0           0           0           0           0           0           0           0           0           0           0           0
         493           0           0           0          23           0           0           0           0           0           0           0           0           0           0           0           0           0           0           0           0           0           0           0           0           0           0           0           0           0           0           0
         502           0           0           0          35           0        1006           0           0           0           0           0           0           0           0           0          58           0           0           0           0           0           0           0           0           0           0           0           0           0           0           0
         487           0         163         153          34           0         984           0         182         195           0           0         341         322          95         102          60           0          16          19         362         352           0           0         121         145          48          59           0           0          47          50
         478           0         165         163          25           0           0           0         160         178           0           0           0           0          76          74           0           0          25          16           0           0           0           0           0           0           0           0           0           0           0           0
         480           0         167         162          27           0           0           0         202         168           0           0           0           0          94          89           0           0          28          25           0           0           0           0           0           0           0           0           0           0           0           0
         478           0         149         185          25           0        1041           0         184         183           0           0         356         369          79          90          61           0          15          22         371         376           0           0         132         126          52          55           0           0          39          61
 Accuracy:    0.046   0.010   0.046   1.007
 Found         2358  events.
 Wrote           30  events.
 Actual xsec   -3.3929015314874049E-009
 Correct abs xsec    8.0601001180528726E-008
 Event xsec    8.0601001180528779E-008
 Events wgts > 1:            2
 % Cross section > 1:    6.1141940269267241E-010  0.75857544414767930     
 Iteration  6   Mean: -.1597E-07 Abs mean: 0.1042E-06   Fluctuation:  0.495E-08   0.123E-03    72.6%
  6   -0.1597E-07 0.1042E-06 +- 0.4954E-08     12.02
 Relative summed weights:
  0.2617E-01  0.0000E+00  0.0000E+00  0.0000E+00  0.1289E-02  0.0000E+00  0.8185E-01  0.0000E+00  0.0000E+00  0.0000E+00  0.0000E+00  0.0000E+00  0.0000E+00  0.0000E+00  0.0000E+00  0.0000E+00  0.3734E-02  0.0000E+00  0.0000E+00  0.0000E+00  0.0000E+00  0.0000E+00  0.0000E+00  0.0000E+00  0.0000E+00  0.0000E+00  0.0000E+00  0.0000E+00  0.0000E+00  0.0000E+00  0.0000E+00  0.0000E+00
  0.6428E-01  0.0000E+00  0.0000E+00  0.0000E+00  0.1036E-02  0.0000E+00  0.0000E+00  0.0000E+00  0.0000E+00  0.0000E+00  0.0000E+00  0.0000E+00  0.0000E+00  0.0000E+00  0.0000E+00  0.0000E+00  0.0000E+00  0.0000E+00  0.0000E+00  0.0000E+00  0.0000E+00  0.0000E+00  0.0000E+00  0.0000E+00  0.0000E+00  0.0000E+00  0.0000E+00  0.0000E+00  0.0000E+00  0.0000E+00  0.0000E+00  0.0000E+00
  0.2307E-01  0.0000E+00  0.0000E+00  0.0000E+00  0.7117E-03  0.0000E+00  0.0000E+00  0.0000E+00  0.0000E+00  0.0000E+00  0.0000E+00  0.0000E+00  0.0000E+00  0.0000E+00  0.0000E+00  0.0000E+00  0.0000E+00  0.0000E+00  0.0000E+00  0.0000E+00  0.0000E+00  0.0000E+00  0.0000E+00  0.0000E+00  0.0000E+00  0.0000E+00  0.0000E+00  0.0000E+00  0.0000E+00  0.0000E+00  0.0000E+00  0.0000E+00
  0.2042E-01  0.0000E+00  0.0000E+00  0.0000E+00  0.1547E-02  0.0000E+00  0.6696E-01  0.0000E+00  0.0000E+00  0.0000E+00  0.0000E+00  0.0000E+00  0.0000E+00  0.0000E+00  0.0000E+00  0.0000E+00  0.4908E-02  0.0000E+00  0.0000E+00  0.0000E+00  0.0000E+00  0.0000E+00  0.0000E+00  0.0000E+00  0.0000E+00  0.0000E+00  0.0000E+00  0.0000E+00  0.0000E+00  0.0000E+00  0.0000E+00  0.0000E+00
  0.2968E-01  0.0000E+00  0.7764E-02  0.8179E-02  0.4042E-02  0.0000E+00  0.8658E-01  0.0000E+00  0.9030E-02  0.4769E-02  0.0000E+00  0.0000E+00  0.1730E-01  0.1359E-01  0.4409E-02  0.3663E-02  0.3200E-02  0.0000E+00  0.6210E-03  0.5606E-03  0.1430E-01  0.1896E-01  0.0000E+00  0.0000E+00  0.6298E-02  0.5635E-02  0.1968E-02  0.1073E-02  0.0000E+00  0.0000E+00  0.9999E-03  0.2435E-02
  0.3677E-01  0.0000E+00  0.7080E-02  0.5633E-02  0.7912E-03  0.0000E+00  0.0000E+00  0.0000E+00  0.7759E-02  0.6854E-02  0.0000E+00  0.0000E+00  0.0000E+00  0.0000E+00  0.2358E-02  0.1254E-02  0.0000E+00  0.0000E+00  0.1924E-03  0.9276E-03  0.0000E+00  0.0000E+00  0.0000E+00  0.0000E+00  0.0000E+00  0.0000E+00  0.0000E+00  0.0000E+00  0.0000E+00  0.0000E+00  0.0000E+00  0.0000E+00
  0.3160E-01  0.0000E+00  0.7156E-02  0.8701E-02  0.4333E-02  0.0000E+00  0.0000E+00  0.0000E+00  0.1131E-01  0.5837E-02  0.0000E+00  0.0000E+00  0.0000E+00  0.0000E+00  0.2814E-02  0.1232E-02  0.0000E+00  0.0000E+00  0.2762E-03  0.5941E-03  0.0000E+00  0.0000E+00  0.0000E+00  0.0000E+00  0.0000E+00  0.0000E+00  0.0000E+00  0.0000E+00  0.0000E+00  0.0000E+00  0.0000E+00  0.0000E+00
  0.2627E-01  0.0000E+00  0.1368E-01  0.1131E-01  0.5938E-02  0.0000E+00  0.1216E+00  0.0000E+00  0.6671E-02  0.6689E-02  0.0000E+00  0.0000E+00  0.1519E-01  0.1376E-01  0.5002E-02  0.2678E-02  0.1784E-02  0.0000E+00  0.5226E-03  0.2026E-03  0.2079E-01  0.4112E-01  0.0000E+00  0.0000E+00  0.8095E-02  0.7392E-02  0.1835E-02  0.1444E-02  0.0000E+00  0.0000E+00  0.1951E-02  0.1541E-02
 Relative number of events:
  0.3122E-01  0.0000E+00  0.0000E+00  0.0000E+00  0.1594E-02  0.0000E+00  0.6521E-01  0.0000E+00  0.0000E+00  0.0000E+00  0.0000E+00  0.0000E+00  0.0000E+00  0.0000E+00  0.0000E+00  0.0000E+00  0.3699E-02  0.0000E+00  0.0000E+00  0.0000E+00  0.0000E+00  0.0000E+00  0.0000E+00  0.0000E+00  0.0000E+00  0.0000E+00  0.0000E+00  0.0000E+00  0.0000E+00  0.0000E+00  0.0000E+00  0.0000E+00
  0.3185E-01  0.0000E+00  0.0000E+00  0.0000E+00  0.1531E-02  0.0000E+00  0.0000E+00  0.0000E+00  0.0000E+00  0.0000E+00  0.0000E+00  0.0000E+00  0.0000E+00  0.0000E+00  0.0000E+00  0.0000E+00  0.0000E+00  0.0000E+00  0.0000E+00  0.0000E+00  0.0000E+00  0.0000E+00  0.0000E+00  0.0000E+00  0.0000E+00  0.0000E+00  0.0000E+00  0.0000E+00  0.0000E+00  0.0000E+00  0.0000E+00  0.0000E+00
  0.3329E-01  0.0000E+00  0.0000E+00  0.0000E+00  0.1467E-02  0.0000E+00  0.0000E+00  0.0000E+00  0.0000E+00  0.0000E+00  0.0000E+00  0.0000E+00  0.0000E+00  0.0000E+00  0.0000E+00  0.0000E+00  0.0000E+00  0.0000E+00  0.0000E+00  0.0000E+00  0.0000E+00  0.0000E+00  0.0000E+00  0.0000E+00  0.0000E+00  0.0000E+00  0.0000E+00  0.0000E+00  0.0000E+00  0.0000E+00  0.0000E+00  0.0000E+00
  0.3259E-01  0.0000E+00  0.0000E+00  0.0000E+00  0.1467E-02  0.0000E+00  0.6441E-01  0.0000E+00  0.0000E+00  0.0000E+00  0.0000E+00  0.0000E+00  0.0000E+00  0.0000E+00  0.0000E+00  0.0000E+00  0.3763E-02  0.0000E+00  0.0000E+00  0.0000E+00  0.0000E+00  0.0000E+00  0.0000E+00  0.0000E+00  0.0000E+00  0.0000E+00  0.0000E+00  0.0000E+00  0.0000E+00  0.0000E+00  0.0000E+00  0.0000E+00
  0.3208E-01  0.0000E+00  0.1059E-01  0.1017E-01  0.1849E-02  0.0000E+00  0.6495E-01  0.0000E+00  0.1208E-01  0.1008E-01  0.0000E+00  0.0000E+00  0.2219E-01  0.2178E-01  0.5580E-02  0.5421E-02  0.3507E-02  0.0000E+00  0.8609E-03  0.1180E-02  0.2286E-01  0.2388E-01  0.0000E+00  0.0000E+00  0.9119E-02  0.8003E-02  0.3125E-02  0.2965E-02  0.0000E+00  0.0000E+00  0.2328E-02  0.2806E-02
  0.2978E-01  0.0000E+00  0.9980E-02  0.9661E-02  0.1435E-02  0.0000E+00  0.0000E+00  0.0000E+00  0.1119E-01  0.1122E-01  0.0000E+00  0.0000E+00  0.0000E+00  0.0000E+00  0.6090E-02  0.4910E-02  0.0000E+00  0.0000E+00  0.1339E-02  0.1531E-02  0.0000E+00  0.0000E+00  0.0000E+00  0.0000E+00  0.0000E+00  0.0000E+00  0.0000E+00  0.0000E+00  0.0000E+00  0.0000E+00  0.0000E+00  0.0000E+00
  0.3141E-01  0.0000E+00  0.1030E-01  0.9311E-02  0.1499E-02  0.0000E+00  0.0000E+00  0.0000E+00  0.1215E-01  0.1071E-01  0.0000E+00  0.0000E+00  0.0000E+00  0.0000E+00  0.5134E-02  0.4655E-02  0.0000E+00  0.0000E+00  0.1084E-02  0.1531E-02  0.0000E+00  0.0000E+00  0.0000E+00  0.0000E+00  0.0000E+00  0.0000E+00  0.0000E+00  0.0000E+00  0.0000E+00  0.0000E+00  0.0000E+00  0.0000E+00
  0.3169E-01  0.0000E+00  0.9343E-02  0.1008E-01  0.1339E-02  0.0000E+00  0.6680E-01  0.0000E+00  0.1113E-01  0.1043E-01  0.0000E+00  0.0000E+00  0.2232E-01  0.2159E-01  0.3986E-02  0.5229E-02  0.3284E-02  0.0000E+00  0.1180E-02  0.1084E-02  0.2286E-01  0.2414E-01  0.0000E+00  0.0000E+00  0.8673E-02  0.9024E-02  0.3029E-02  0.2742E-02  0.0000E+00  0.0000E+00  0.2902E-02  0.2742E-02
 Events:
         979           0           0           0          50           0        2045           0           0           0           0           0           0           0           0           0         116           0           0           0           0           0           0           0           0           0           0           0           0           0           0           0
         999           0           0           0          48           0           0           0           0           0           0           0           0           0           0           0           0           0           0           0           0           0           0           0           0           0           0           0           0           0           0           0
        1044           0           0           0          46           0           0           0           0           0           0           0           0           0           0           0           0           0           0           0           0           0           0           0           0           0           0           0           0           0           0           0
        1022           0           0           0          46           0        2020           0           0           0           0           0           0           0           0           0         118           0           0           0           0           0           0           0           0           0           0           0           0           0           0           0
        1006           0         332         319          58           0        2037           0         379         316           0           0         696         683         175         170         110           0          27          37         717         749           0           0         286         251          98          93           0           0          73          88
         934           0         313         303          45           0           0           0         351         352           0           0           0           0         191         154           0           0          42          48           0           0           0           0           0           0           0           0           0           0           0           0
         985           0         323         292          47           0           0           0         381         336           0           0           0           0         161         146           0           0          34          48           0           0           0           0           0           0           0           0           0           0           0           0
         994           0         293         316          42           0        2095           0         349         327           0           0         700         677         125         164         103           0          37          34         717         757           0           0         272         283          95          86           0           0          91          86
 Accuracy:    0.064   0.010   0.033   3.703
 Found         4746  events.
 Wrote           75  events.
 Actual xsec   -9.4282452805164941E-009
 Correct abs xsec    9.3456254983393931E-008
 Event xsec    9.3456254983393732E-008
 Events wgts > 1:            3
 % Cross section > 1:    2.5489921229739036E-010  0.27274708615563881     
 Iteration  7   Mean: -.1300E-07 Abs mean: 0.9828E-07   Fluctuation:  0.354E-08   0.200E-03    75.3%
  7   -0.1300E-07 0.9828E-07 +- 0.3540E-08     12.89
 Exceeded boost           2          96   128000.000    
 Exceeded boost           3          96   128000.000    
 Exceeded boost           4          96   128000.000    
 Relative summed weights:
  0.3211E-01  0.0000E+00  0.0000E+00  0.0000E+00  0.9160E-03  0.0000E+00  0.7584E-01  0.0000E+00  0.0000E+00  0.0000E+00  0.0000E+00  0.0000E+00  0.0000E+00  0.0000E+00  0.0000E+00  0.0000E+00  0.5744E-02  0.0000E+00  0.0000E+00  0.0000E+00  0.0000E+00  0.0000E+00  0.0000E+00  0.0000E+00  0.0000E+00  0.0000E+00  0.0000E+00  0.0000E+00  0.0000E+00  0.0000E+00  0.0000E+00  0.0000E+00
  0.2872E-01  0.0000E+00  0.0000E+00  0.0000E+00  0.1782E-02  0.0000E+00  0.0000E+00  0.0000E+00  0.0000E+00  0.0000E+00  0.0000E+00  0.0000E+00  0.0000E+00  0.0000E+00  0.0000E+00  0.0000E+00  0.0000E+00  0.0000E+00  0.0000E+00  0.0000E+00  0.0000E+00  0.0000E+00  0.0000E+00  0.0000E+00  0.0000E+00  0.0000E+00  0.0000E+00  0.0000E+00  0.0000E+00  0.0000E+00  0.0000E+00  0.0000E+00
  0.3556E-01  0.0000E+00  0.0000E+00  0.0000E+00  0.9595E-03  0.0000E+00  0.0000E+00  0.0000E+00  0.0000E+00  0.0000E+00  0.0000E+00  0.0000E+00  0.0000E+00  0.0000E+00  0.0000E+00  0.0000E+00  0.0000E+00  0.0000E+00  0.0000E+00  0.0000E+00  0.0000E+00  0.0000E+00  0.0000E+00  0.0000E+00  0.0000E+00  0.0000E+00  0.0000E+00  0.0000E+00  0.0000E+00  0.0000E+00  0.0000E+00  0.0000E+00
  0.3449E-01  0.0000E+00  0.0000E+00  0.0000E+00  0.1201E-02  0.0000E+00  0.6376E-01  0.0000E+00  0.0000E+00  0.0000E+00  0.0000E+00  0.0000E+00  0.0000E+00  0.0000E+00  0.0000E+00  0.0000E+00  0.3454E-02  0.0000E+00  0.0000E+00  0.0000E+00  0.0000E+00  0.0000E+00  0.0000E+00  0.0000E+00  0.0000E+00  0.0000E+00  0.0000E+00  0.0000E+00  0.0000E+00  0.0000E+00  0.0000E+00  0.0000E+00
  0.2875E-01  0.0000E+00  0.7871E-02  0.1018E-01  0.8762E-03  0.0000E+00  0.9993E-01  0.0000E+00  0.1825E-01  0.1015E-01  0.0000E+00  0.0000E+00  0.1614E-01  0.3247E-01  0.5800E-02  0.5909E-02  0.2727E-02  0.0000E+00  0.1286E-02  0.7390E-03  0.1845E-01  0.1960E-01  0.0000E+00  0.0000E+00  0.8978E-02  0.5299E-02  0.2090E-02  0.2376E-02  0.0000E+00  0.0000E+00  0.2002E-02  0.2099E-02
  0.2712E-01  0.0000E+00  0.7390E-02  0.6838E-02  0.2493E-02  0.0000E+00  0.0000E+00  0.0000E+00  0.1135E-01  0.1463E-01  0.0000E+00  0.0000E+00  0.0000E+00  0.0000E+00  0.4520E-02  0.3005E-02  0.0000E+00  0.0000E+00  0.5930E-03  0.2471E-02  0.0000E+00  0.0000E+00  0.0000E+00  0.0000E+00  0.0000E+00  0.0000E+00  0.0000E+00  0.0000E+00  0.0000E+00  0.0000E+00  0.0000E+00  0.0000E+00
  0.3777E-01  0.0000E+00  0.4849E-02  0.9260E-02  0.1153E-02  0.0000E+00  0.0000E+00  0.0000E+00  0.7271E-02  0.1009E-01  0.0000E+00  0.0000E+00  0.0000E+00  0.0000E+00  0.2411E-02  0.2225E-02  0.0000E+00  0.0000E+00  0.4580E-03  0.1459E-02  0.0000E+00  0.0000E+00  0.0000E+00  0.0000E+00  0.0000E+00  0.0000E+00  0.0000E+00  0.0000E+00  0.0000E+00  0.0000E+00  0.0000E+00  0.0000E+00
  0.3213E-01  0.0000E+00  0.1033E-01  0.7496E-02  0.2023E-02  0.0000E+00  0.6477E-01  0.0000E+00  0.9411E-02  0.8551E-02  0.0000E+00  0.0000E+00  0.1681E-01  0.1911E-01  0.3958E-02  0.4432E-02  0.2599E-02  0.0000E+00  0.3741E-02  0.1112E-02  0.2081E-01  0.2168E-01  0.0000E+00  0.0000E+00  0.1482E-01  0.6272E-02  0.1355E-02  0.1382E-02  0.0000E+00  0.0000E+00  0.1778E-02  0.1575E-02
 Relative number of events:
  0.3378E-01  0.0000E+00  0.0000E+00  0.0000E+00  0.1316E-02  0.0000E+00  0.6650E-01  0.0000E+00  0.0000E+00  0.0000E+00  0.0000E+00  0.0000E+00  0.0000E+00  0.0000E+00  0.0000E+00  0.0000E+00  0.3996E-02  0.0000E+00  0.0000E+00  0.0000E+00  0.0000E+00  0.0000E+00  0.0000E+00  0.0000E+00  0.0000E+00  0.0000E+00  0.0000E+00  0.0000E+00  0.0000E+00  0.0000E+00  0.0000E+00  0.0000E+00
  0.3309E-01  0.0000E+00  0.0000E+00  0.0000E+00  0.1557E-02  0.0000E+00  0.0000E+00  0.0000E+00  0.0000E+00  0.0000E+00  0.0000E+00  0.0000E+00  0.0000E+00  0.0000E+00  0.0000E+00  0.0000E+00  0.0000E+00  0.0000E+00  0.0000E+00  0.0000E+00  0.0000E+00  0.0000E+00  0.0000E+00  0.0000E+00  0.0000E+00  0.0000E+00  0.0000E+00  0.0000E+00  0.0000E+00  0.0000E+00  0.0000E+00  0.0000E+00
  0.3210E-01  0.0000E+00  0.0000E+00  0.0000E+00  0.1557E-02  0.0000E+00  0.0000E+00  0.0000E+00  0.0000E+00  0.0000E+00  0.0000E+00  0.0000E+00  0.0000E+00  0.0000E+00  0.0000E+00  0.0000E+00  0.0000E+00  0.0000E+00  0.0000E+00  0.0000E+00  0.0000E+00  0.0000E+00  0.0000E+00  0.0000E+00  0.0000E+00  0.0000E+00  0.0000E+00  0.0000E+00  0.0000E+00  0.0000E+00  0.0000E+00  0.0000E+00
  0.3332E-01  0.0000E+00  0.0000E+00  0.0000E+00  0.1332E-02  0.0000E+00  0.6661E-01  0.0000E+00  0.0000E+00  0.0000E+00  0.0000E+00  0.0000E+00  0.0000E+00  0.0000E+00  0.0000E+00  0.0000E+00  0.3803E-02  0.0000E+00  0.0000E+00  0.0000E+00  0.0000E+00  0.0000E+00  0.0000E+00  0.0000E+00  0.0000E+00  0.0000E+00  0.0000E+00  0.0000E+00  0.0000E+00  0.0000E+00  0.0000E+00  0.0000E+00
  0.3317E-01  0.0000E+00  0.9741E-02  0.1008E-01  0.1492E-02  0.0000E+00  0.6628E-01  0.0000E+00  0.1083E-01  0.1078E-01  0.0000E+00  0.0000E+00  0.2160E-01  0.2240E-01  0.4686E-02  0.4846E-02  0.3177E-02  0.0000E+00  0.1268E-02  0.1123E-02  0.2171E-01  0.2252E-01  0.0000E+00  0.0000E+00  0.8425E-02  0.7542E-02  0.3033E-02  0.3290E-02  0.0000E+00  0.0000E+00  0.2231E-02  0.2696E-02
  0.3264E-01  0.0000E+00  0.9853E-02  0.9452E-02  0.1492E-02  0.0000E+00  0.0000E+00  0.0000E+00  0.1106E-01  0.1106E-01  0.0000E+00  0.0000E+00  0.0000E+00  0.0000E+00  0.4911E-02  0.4654E-02  0.0000E+00  0.0000E+00  0.9789E-03  0.1043E-02  0.0000E+00  0.0000E+00  0.0000E+00  0.0000E+00  0.0000E+00  0.0000E+00  0.0000E+00  0.0000E+00  0.0000E+00  0.0000E+00  0.0000E+00  0.0000E+00
  0.3261E-01  0.0000E+00  0.9869E-02  0.9548E-02  0.1669E-02  0.0000E+00  0.0000E+00  0.0000E+00  0.1114E-01  0.1152E-01  0.0000E+00  0.0000E+00  0.0000E+00  0.0000E+00  0.4461E-02  0.5039E-02  0.0000E+00  0.0000E+00  0.8345E-03  0.1396E-02  0.0000E+00  0.0000E+00  0.0000E+00  0.0000E+00  0.0000E+00  0.0000E+00  0.0000E+00  0.0000E+00  0.0000E+00  0.0000E+00  0.0000E+00  0.0000E+00
  0.3368E-01  0.0000E+00  0.9966E-02  0.9966E-02  0.1412E-02  0.0000E+00  0.6647E-01  0.0000E+00  0.1045E-01  0.1133E-01  0.0000E+00  0.0000E+00  0.2109E-01  0.2168E-01  0.4991E-02  0.4798E-02  0.3322E-02  0.0000E+00  0.1171E-02  0.1188E-02  0.2324E-01  0.2126E-01  0.0000E+00  0.0000E+00  0.7366E-02  0.8505E-02  0.3081E-02  0.2985E-02  0.0000E+00  0.0000E+00  0.2423E-02  0.2519E-02
 Events:
        2105           0           0           0          82           0        4144           0           0           0           0           0           0           0           0           0         249           0           0           0           0           0           0           0           0           0           0           0           0           0           0           0
        2062           0           0           0          97           0           0           0           0           0           0           0           0           0           0           0           0           0           0           0           0           0           0           0           0           0           0           0           0           0           0           0
        2000           0           0           0          97           0           0           0           0           0           0           0           0           0           0           0           0           0           0           0           0           0           0           0           0           0           0           0           0           0           0           0
        2076           0           0           0          83           0        4151           0           0           0           0           0           0           0           0           0         237           0           0           0           0           0           0           0           0           0           0           0           0           0           0           0
        2067           0         607         628          93           0        4130           0         675         672           0           0        1346        1396         292         302         198           0          79          70        1353        1403           0           0         525         470         189         205           0           0         139         168
        2034           0         614         589          93           0           0           0         689         689           0           0           0           0         306         290           0           0          61          65           0           0           0           0           0           0           0           0           0           0           0           0
        2032           0         615         595         104           0           0           0         694         718           0           0           0           0         278         314           0           0          52          87           0           0           0           0           0           0           0           0           0           0           0           0
        2099           0         621         621          88           0        4142           0         651         706           0           0        1314        1351         311         299         207           0          73          74        1448        1325           0           0         459         530         192         186           0           0         151         157
 Accuracy:    0.044   0.010   0.024   3.212
 Found         9240  events.
 Wrote           74  events.
 Actual xsec   -1.2322409816260330E-008
 Correct abs xsec    9.8379297463064510E-008
 Event xsec    9.8379297463064510E-008
 Events wgts > 1:            3
 % Cross section > 1:    4.4411595138385565E-010  0.45143232655284454     
 Iteration  8   Mean: -.9114E-08 Abs mean: 0.9642E-07   Fluctuation:  0.152E-08   0.169E-03    77.1%
  8   -0.9114E-08 0.9642E-07 +- 0.1517E-08      7.96
 Exceeded boost           2          96   128000.000    
 Exceeded boost           4          95   128000.000    
 Exceeded boost          11          95   256000.000    
 Exceeded boost          13          94   128000.000    
 Relative summed weights:
  0.3454E-01  0.0000E+00  0.0000E+00  0.0000E+00  0.9273E-03  0.0000E+00  0.6447E-01  0.0000E+00  0.0000E+00  0.0000E+00  0.0000E+00  0.0000E+00  0.0000E+00  0.0000E+00  0.0000E+00  0.0000E+00  0.3301E-02  0.0000E+00  0.0000E+00  0.0000E+00  0.0000E+00  0.0000E+00  0.0000E+00  0.0000E+00  0.0000E+00  0.0000E+00  0.0000E+00  0.0000E+00  0.0000E+00  0.0000E+00  0.0000E+00  0.0000E+00
  0.3124E-01  0.0000E+00  0.0000E+00  0.0000E+00  0.1243E-02  0.0000E+00  0.0000E+00  0.0000E+00  0.0000E+00  0.0000E+00  0.0000E+00  0.0000E+00  0.0000E+00  0.0000E+00  0.0000E+00  0.0000E+00  0.0000E+00  0.0000E+00  0.0000E+00  0.0000E+00  0.0000E+00  0.0000E+00  0.0000E+00  0.0000E+00  0.0000E+00  0.0000E+00  0.0000E+00  0.0000E+00  0.0000E+00  0.0000E+00  0.0000E+00  0.0000E+00
  0.3776E-01  0.0000E+00  0.0000E+00  0.0000E+00  0.1926E-02  0.0000E+00  0.0000E+00  0.0000E+00  0.0000E+00  0.0000E+00  0.0000E+00  0.0000E+00  0.0000E+00  0.0000E+00  0.0000E+00  0.0000E+00  0.0000E+00  0.0000E+00  0.0000E+00  0.0000E+00  0.0000E+00  0.0000E+00  0.0000E+00  0.0000E+00  0.0000E+00  0.0000E+00  0.0000E+00  0.0000E+00  0.0000E+00  0.0000E+00  0.0000E+00  0.0000E+00
  0.3774E-01  0.0000E+00  0.0000E+00  0.0000E+00  0.1017E-02  0.0000E+00  0.6819E-01  0.0000E+00  0.0000E+00  0.0000E+00  0.0000E+00  0.0000E+00  0.0000E+00  0.0000E+00  0.0000E+00  0.0000E+00  0.3160E-02  0.0000E+00  0.0000E+00  0.0000E+00  0.0000E+00  0.0000E+00  0.0000E+00  0.0000E+00  0.0000E+00  0.0000E+00  0.0000E+00  0.0000E+00  0.0000E+00  0.0000E+00  0.0000E+00  0.0000E+00
  0.3484E-01  0.0000E+00  0.7492E-02  0.8578E-02  0.1403E-02  0.0000E+00  0.6883E-01  0.0000E+00  0.8742E-02  0.1116E-01  0.0000E+00  0.0000E+00  0.1970E-01  0.2142E-01  0.3219E-02  0.4979E-02  0.3003E-02  0.0000E+00  0.5836E-03  0.6939E-03  0.2484E-01  0.2174E-01  0.0000E+00  0.0000E+00  0.1001E-01  0.6608E-02  0.2367E-02  0.2956E-02  0.0000E+00  0.0000E+00  0.2770E-02  0.1602E-02
  0.5007E-01  0.0000E+00  0.1057E-01  0.8702E-02  0.1345E-02  0.0000E+00  0.0000E+00  0.0000E+00  0.1066E-01  0.8485E-02  0.0000E+00  0.0000E+00  0.0000E+00  0.0000E+00  0.8543E-02  0.4856E-02  0.0000E+00  0.0000E+00  0.1143E-02  0.9300E-03  0.0000E+00  0.0000E+00  0.0000E+00  0.0000E+00  0.0000E+00  0.0000E+00  0.0000E+00  0.0000E+00  0.0000E+00  0.0000E+00  0.0000E+00  0.0000E+00
  0.3828E-01  0.0000E+00  0.7443E-02  0.9647E-02  0.1147E-02  0.0000E+00  0.0000E+00  0.0000E+00  0.9936E-02  0.1037E-01  0.0000E+00  0.0000E+00  0.0000E+00  0.0000E+00  0.6753E-02  0.4602E-02  0.0000E+00  0.0000E+00  0.1012E-02  0.8043E-03  0.0000E+00  0.0000E+00  0.0000E+00  0.0000E+00  0.0000E+00  0.0000E+00  0.0000E+00  0.0000E+00  0.0000E+00  0.0000E+00  0.0000E+00  0.0000E+00
  0.3183E-01  0.0000E+00  0.8687E-02  0.9165E-02  0.1317E-02  0.0000E+00  0.7138E-01  0.0000E+00  0.7979E-02  0.9439E-02  0.0000E+00  0.0000E+00  0.1690E-01  0.1650E-01  0.4367E-02  0.3516E-02  0.2982E-02  0.0000E+00  0.1218E-02  0.7320E-03  0.2040E-01  0.2067E-01  0.0000E+00  0.0000E+00  0.6396E-02  0.8355E-02  0.2022E-02  0.2823E-02  0.0000E+00  0.0000E+00  0.2123E-02  0.2846E-02
 Relative number of events:
  0.3317E-01  0.0000E+00  0.0000E+00  0.0000E+00  0.1220E-02  0.0000E+00  0.6716E-01  0.0000E+00  0.0000E+00  0.0000E+00  0.0000E+00  0.0000E+00  0.0000E+00  0.0000E+00  0.0000E+00  0.0000E+00  0.2949E-02  0.0000E+00  0.0000E+00  0.0000E+00  0.0000E+00  0.0000E+00  0.0000E+00  0.0000E+00  0.0000E+00  0.0000E+00  0.0000E+00  0.0000E+00  0.0000E+00  0.0000E+00  0.0000E+00  0.0000E+00
  0.3307E-01  0.0000E+00  0.0000E+00  0.0000E+00  0.1315E-02  0.0000E+00  0.0000E+00  0.0000E+00  0.0000E+00  0.0000E+00  0.0000E+00  0.0000E+00  0.0000E+00  0.0000E+00  0.0000E+00  0.0000E+00  0.0000E+00  0.0000E+00  0.0000E+00  0.0000E+00  0.0000E+00  0.0000E+00  0.0000E+00  0.0000E+00  0.0000E+00  0.0000E+00  0.0000E+00  0.0000E+00  0.0000E+00  0.0000E+00  0.0000E+00  0.0000E+00
  0.3399E-01  0.0000E+00  0.0000E+00  0.0000E+00  0.1443E-02  0.0000E+00  0.0000E+00  0.0000E+00  0.0000E+00  0.0000E+00  0.0000E+00  0.0000E+00  0.0000E+00  0.0000E+00  0.0000E+00  0.0000E+00  0.0000E+00  0.0000E+00  0.0000E+00  0.0000E+00  0.0000E+00  0.0000E+00  0.0000E+00  0.0000E+00  0.0000E+00  0.0000E+00  0.0000E+00  0.0000E+00  0.0000E+00  0.0000E+00  0.0000E+00  0.0000E+00
  0.3309E-01  0.0000E+00  0.0000E+00  0.0000E+00  0.1275E-02  0.0000E+00  0.6726E-01  0.0000E+00  0.0000E+00  0.0000E+00  0.0000E+00  0.0000E+00  0.0000E+00  0.0000E+00  0.0000E+00  0.0000E+00  0.3013E-02  0.0000E+00  0.0000E+00  0.0000E+00  0.0000E+00  0.0000E+00  0.0000E+00  0.0000E+00  0.0000E+00  0.0000E+00  0.0000E+00  0.0000E+00  0.0000E+00  0.0000E+00  0.0000E+00  0.0000E+00
  0.3390E-01  0.0000E+00  0.9589E-02  0.9477E-02  0.1363E-02  0.0000E+00  0.6703E-01  0.0000E+00  0.1117E-01  0.1108E-01  0.0000E+00  0.0000E+00  0.2153E-01  0.2125E-01  0.4814E-02  0.4495E-02  0.3268E-02  0.0000E+00  0.1044E-02  0.8927E-03  0.2229E-01  0.2154E-01  0.0000E+00  0.0000E+00  0.8210E-02  0.7851E-02  0.2925E-02  0.2997E-02  0.0000E+00  0.0000E+00  0.2256E-02  0.2280E-02
  0.3420E-01  0.0000E+00  0.9413E-02  0.9637E-02  0.1514E-02  0.0000E+00  0.0000E+00  0.0000E+00  0.1116E-01  0.1086E-01  0.0000E+00  0.0000E+00  0.0000E+00  0.0000E+00  0.4902E-02  0.4974E-02  0.0000E+00  0.0000E+00  0.9724E-03  0.9485E-03  0.0000E+00  0.0000E+00  0.0000E+00  0.0000E+00  0.0000E+00  0.0000E+00  0.0000E+00  0.0000E+00  0.0000E+00  0.0000E+00  0.0000E+00  0.0000E+00
  0.3359E-01  0.0000E+00  0.9477E-02  0.9676E-02  0.1427E-02  0.0000E+00  0.0000E+00  0.0000E+00  0.1146E-01  0.1137E-01  0.0000E+00  0.0000E+00  0.0000E+00  0.0000E+00  0.4854E-02  0.4503E-02  0.0000E+00  0.0000E+00  0.1100E-02  0.1132E-02  0.0000E+00  0.0000E+00  0.0000E+00  0.0000E+00  0.0000E+00  0.0000E+00  0.0000E+00  0.0000E+00  0.0000E+00  0.0000E+00  0.0000E+00  0.0000E+00
  0.3395E-01  0.0000E+00  0.9852E-02  0.9429E-02  0.1570E-02  0.0000E+00  0.6748E-01  0.0000E+00  0.1102E-01  0.1133E-01  0.0000E+00  0.0000E+00  0.2053E-01  0.2209E-01  0.4583E-02  0.4695E-02  0.3547E-02  0.0000E+00  0.1076E-02  0.1052E-02  0.2203E-01  0.2205E-01  0.0000E+00  0.0000E+00  0.8074E-02  0.7524E-02  0.2973E-02  0.3037E-02  0.0000E+00  0.0000E+00  0.2487E-02  0.2248E-02
 Events:
        4161           0           0           0         153           0        8426           0           0           0           0           0           0           0           0           0         370           0           0           0           0           0           0           0           0           0           0           0           0           0           0           0
        4149           0           0           0         165           0           0           0           0           0           0           0           0           0           0           0           0           0           0           0           0           0           0           0           0           0           0           0           0           0           0           0
        4264           0           0           0         181           0           0           0           0           0           0           0           0           0           0           0           0           0           0           0           0           0           0           0           0           0           0           0           0           0           0           0
        4152           0           0           0         160           0        8438           0           0           0           0           0           0           0           0           0         378           0           0           0           0           0           0           0           0           0           0           0           0           0           0           0
        4253           0        1203        1189         171           0        8410           0        1401        1390           0           0        2701        2666         604         564         410           0         131         112        2796        2703           0           0        1030         985         367         376           0           0         283         286
        4291           0        1181        1209         190           0           0           0        1400        1362           0           0           0           0         615         624           0           0         122         119           0           0           0           0           0           0           0           0           0           0           0           0
        4214           0        1189        1214         179           0           0           0        1438        1427           0           0           0           0         609         565           0           0         138         142           0           0           0           0           0           0           0           0           0           0           0           0
        4259           0        1236        1183         197           0        8466           0        1382        1421           0           0        2576        2772         575         589         445           0         135         132        2764        2766           0           0        1013         944         373         381           0           0         312         282
Thanks for using LHAPDF 6.2.1. Please make sure to cite the paper:
  Eur.Phys.J. C75 (2015) 3, 132  (http://arxiv.org/abs/1412.7420)
 Accuracy:    0.022   0.010   0.013   2.736
 Found        20529  events.
 Wrote          444  events.
 Actual xsec   -1.0261463224700262E-008
 Correct abs xsec    9.7347791805318628E-008
 Event xsec    9.7347791805319316E-008
 Events wgts > 1:            7
 % Cross section > 1:    9.3534250834947132E-010  0.96082560374868409     

 -------------------------------------------------------------------------------
 Accumulated results:   Integral =  0.9595E-07
                        Std dev  =  0.1268E-08
                       Cross sec = -0.9723E-08
             Chi**2 per DoF.     =      2.7358
 -------------------------------------------------------------------------------
-------------------------------------------------
---------------------------
 Results Last   3 iters: Integral =  -0.1026E-07
                     Abs integral =   0.9735E-07
                          Std dev =   0.1343E-08
                  Chi**2 per DoF. =      1.1868
-------------------------------------------------
---------------------------
 Status   1.0000000000000000E-002           9           8

ls status:
events.lhe
ftn26
input_app.txt
results.dat
run1_app.log
