==== LHAPDF6 USING DEFAULT-TYPE LHAGLUE INTERFACE ====
LHAPDF 6.2.1 loading /cvmfs/cms.cern.ch/slc6_amd64_gcc630/external/lhapdf/6.2.1-ghjeda2/share/LHAPDF/NNPDF31_nnlo_as_0118_nf_4_mc_hessian/NNPDF31_nnlo_as_0118_nf_4_mc_hessian_0000.dat
NNPDF31_nnlo_as_0118_nf_4_mc_hessian PDF set, member #0, version 1; LHAPDF ID = 325500
 Process in group number            2
 A PDF is used, so alpha_s(MZ) is going to be modified
 Old value of alpha_s from param_card:   0.11810000000000001     
 New value of alpha_s from PDF lhapdf :  0.11266013434007299     
 using LHAPDF
 Define smin to   10000.000000000000     
 Define smin to   10000.000000000000     
 Define smin to   10000.000000000000     
 Define smin to   10000.000000000000     
 Define smin to   10000.000000000000     
 Define smin to   10000.000000000000     
 Define smin to   10000.000000000000     
 Define smin to   10000.000000000000     
 Define smin to   10000.000000000000     
 Define smin to   10000.000000000000     
 Define smin to   10000.000000000000     
 Define smin to   10000.000000000000     
 Define smin to   10000.000000000000     
 Define smin to   10000.000000000000     
 Define smin to   10000.000000000000     
 Define smin to   10000.000000000000     
 *****************************************************
 *               MadGraph/MadEvent                   *
 *        --------------------------------           *
 *          http://madgraph.hep.uiuc.edu             *
 *          http://madgraph.phys.ucl.ac.be           *
 *          http://madgraph.roma2.infn.it            *
 *        --------------------------------           *
 *                                                   *
 *          PARAMETER AND COUPLING VALUES            *
 *                                                   *
 *****************************************************

  External Params
  ---------------------------------
  
 mdl_MW0 =    80.387000000000000     
 mdl_Gf =    1.1663789999999999E-005
 aS =   0.11810000000000001     
 mdl_ymdo =    1.0000000000000000E-099
 mdl_ymb =    4.1799999999999997     
 mdl_ymt =    173.19999999999999     
 mdl_ymtau =    1.7769999999999999     
 mdl_LambdaSMEFT =    1000.0000000000000     
 mdl_cHW =    1.0000000000000000     
 mdl_MZ =    91.187600000000003     
 mdl_MTA =    1.7769999999999999     
 mdl_MT =    173.19999999999999     
 mdl_MB =    4.1799999999999997     
 mdl_MH =    125.09000000000000     
 mdl_WZ =    2.4952000000000001     
 mdl_WW =    2.0850000000000000     
 mdl_WT =    1.5083359999999999     
 mdl_WH =    4.0699999999999998E-003
  Internal Params
  ---------------------------------
  
 mdl_ymm =    1.0000000000000000E-099
 mdl_yme =    1.0000000000000000E-099
 mdl_ymc =    1.0000000000000000E-099
 mdl_yms =    1.0000000000000000E-099
 mdl_ymup =    1.0000000000000000E-099
 mdl_conjg__CKM3x3 =    1.0000000000000000     
 mdl_cH =    0.0000000000000000     
 mdl_cHB =    0.0000000000000000     
 mdl_CKM1x1 =    1.0000000000000000     
 mdl_conjg__CKM1x1 =    1.0000000000000000     
 mdl_dGf =    0.0000000000000000     
 mdl_CKM3x3 =    1.0000000000000000     
 mdl_dMH2 =    0.0000000000000000     
 mdl_conjg__CKM2x2 =    1.0000000000000000     
 mdl_dg1 =    0.0000000000000000     
 mdl_CKM2x2 =    1.0000000000000000     
 mdl_dgw =    0.0000000000000000     
 mdl_complexi =  (  0.0000000000000000     ,  1.0000000000000000     )
 mdl_MW =    80.387000000000000     
 mdl_nb__2__exp__0_25 =    1.1892071150027210     
 mdl_MH__exp__2 =    15647.508100000001     
 mdl_sqrt__2 =    1.4142135623730951     
 mdl_MW__exp__2 =    6462.0697689999997     
 mdl_MZ__exp__2 =    8315.1783937600012     
 mdl_sth2 =   0.22285855299877133     
 mdl_MH__exp__6 =    3831206449390.3818     
 mdl_MT__exp__6 =    26995248278778.535     
 mdl_MH__exp__4 =    244844509.73956564     
 mdl_MT__exp__4 =    899894403.09759963     
 mdl_MT__exp__2 =    29998.239999999994     
 mdl_LambdaSMEFT__exp__2 =    1000000.0000000000     
 mdl_cth =   0.88155626422890820     
 mdl_sqrt__sth2 =   0.47207896902824564     
 mdl_sth =   0.47207896902824564     
 mdl_MW0__exp__6 =    269845343347.69711     
 mdl_MW0__exp__4 =    41758345.699423708     
 mdl_MW0__exp__2 =    6462.0697689999997     
 mdl_MZ__exp__4 =    69142191.720053151     
 mdl_MZ__exp__6 =    574929658687.79749     
 mdl_cth__exp__2 =   0.77714144700122867     
 mdl_sth__exp__2 =   0.22285855299877130     
 mdl_sth__exp__3 =   0.10520683593878660     
 mdl_cth__exp__3 =   0.68509391079585125     
 mdl_sth__exp__4 =    4.9665934644706158E-002
 mdl_sqrt__Gf =    3.4152291284773265E-003
 mdl_vevhat =    246.21961912951551     
 mdl_lam =   0.12905352724481209     
 mdl_aEW =    7.5614618607353409E-003
 mdl_yb =    2.4008698866559607E-002
 mdl_yc =    5.7437078628133041E-102
 mdl_ydo =    5.7437078628133041E-102
 mdl_ye =    5.7437078628133041E-102
 mdl_ym =    5.7437078628133041E-102
 mdl_ys =    5.7437078628133041E-102
 mdl_yt =   0.99481020183926416     
 mdl_ytau =    1.0206568872219240E-002
 mdl_yup =    5.7437078628133041E-102
 mdl_vevhat__exp__2 =    60624.100844283676     
 mdl_barlam =   0.12905352724481209     
 mdl_vevT =    246.21961912951551     
 mdl_sqrt__aEW =    8.6956666568672819E-002
 mdl_ee =   0.30825335704310214     
 mdl_gwsh =   0.61338418662494298     
 mdl_vev =    246.21961912951551     
 mdl_g1 =   0.34966952144878632     
 mdl_gw =   0.65296989967087182     
 mdl_ee__exp__2 =    9.5020132128342205E-002
 mdl_gHaa =   -1.9303830602986922E-003
 mdl_gHza =   -6.8546472954154700E-003
 mdl_g1sh =   0.34966952144878632     
 mdl_I1d11 =  (  5.7437078628133041E-102,  0.0000000000000000     )
 mdl_I1d22 =  (  5.7437078628133041E-102,  0.0000000000000000     )
 mdl_I1d33 =  (  2.4008698866559607E-002,  0.0000000000000000     )
 mdl_I2d11 =  (  5.7437078628133041E-102,  0.0000000000000000     )
 mdl_I2d22 =  (  5.7437078628133041E-102,  0.0000000000000000     )
 mdl_I2d33 =  ( 0.99481020183926416     ,  0.0000000000000000     )
 mdl_I3d11 =  (  5.7437078628133041E-102,  0.0000000000000000     )
 mdl_I3d22 =  (  5.7437078628133041E-102,  0.0000000000000000     )
 mdl_I3d33 =  (  2.4008698866559607E-002,  0.0000000000000000     )
 mdl_I4d11 =  (  5.7437078628133041E-102,  0.0000000000000000     )
 mdl_I4d22 =  (  5.7437078628133041E-102,  0.0000000000000000     )
 mdl_I4d33 =  ( 0.99481020183926416     ,  0.0000000000000000     )
 mdl_I5d11 =  (  5.7437078628133041E-102,  0.0000000000000000     )
 mdl_I5d22 =  (  5.7437078628133041E-102,  0.0000000000000000     )
 mdl_I5d33 =  (  2.4008698866559607E-002,  0.0000000000000000     )
 mdl_I6d11 =  (  5.7437078628133041E-102,  0.0000000000000000     )
 mdl_I6d22 =  (  5.7437078628133041E-102,  0.0000000000000000     )
 mdl_I6d33 =  ( 0.99481020183926416     ,  0.0000000000000000     )
 mdl_ee__exp__3 =    2.9290274715240611E-002
 mdl_vevhat__exp__3 =    14926843.019948866     
  Internal Params evaluated point by point
  ----------------------------------------
  
 mdl_sqrt__aS =   0.34365680554879169     
 mdl_G__exp__2 =    1.4840883695558185     
 mdl_gHgg =    3.2334372328970845E-003
 mdl_G__exp__3 =  (  1.8079634332366095     ,  0.0000000000000000     )
  Couplings of SMEFTsim_A_U35_MwScheme_UFO_v3_1-cHW_massless
  ---------------------------------
  
         GC_1 =   0.00000E+00   0.10275E+00
         GC_2 =  -0.00000E+00  -0.20550E+00
         GC_3 =  -0.00000E+00  -0.30825E+00
       GC_255 =  -0.00000E+00  -0.42637E+00
       GC_278 =  -0.00000E+00  -0.37035E+00
       GC_280 =  -0.00000E+00  -0.57563E+00
       GC_328 =  -0.00000E+00  -0.55024E-01
       GC_329 =   0.00000E+00   0.11005E+00
       GC_330 =  -0.00000E+00  -0.16507E+00
       GC_387 =   0.00000E+00   0.98488E-03
       GC_400 =   0.00000E+00   0.52490E+02
       GC_809 =  -0.00000E+00  -0.72171E-02
      GC_1073 =  -0.00000E+00  -0.46172E+00

 Collider parameters:
 --------------------

 Running at P P   machine @    13000.000000000000       GeV
 PDF set = lhapdf 
 alpha_s(Mz)= 0.1127 running at 3 loops.
 alpha_s(Mz)= 0.1127 running at 3 loops.
 Renormalization scale set on event-by-event basis
 Factorization   scale set on event-by-event basis


 getting user params
Enter number of events and max and min iterations: 
 Number of events and iterations         2000           8           3
Enter desired fractional accuracy: 
 Desired fractional accuracy:    1.0000000000000000E-002
Enter 0 for fixed, 2 for adjustable grid: 
Suppress amplitude (0 no, 1 yes)? 
 Using suppressed amplitude.
Exact helicity sum (0 yes, n = number/event)? 
 Explicitly summing over helicities
Enter Configuration Number: 
Running Configuration Number:  477
 Not subdividing B.W.
 Attempting mappinvarients           1           8
 Completed mapping           8
 about to integrate           16        2000           8           3          16           1
 Using non-zero grid deformation.
 16 dimensions   2000 events 16 invarients  8 iterations  1 config(s),  (0.99)
 Using h-tuple random number sequence.
 Error opening grid
 Using Uniform Grid!          32
 Using uniform alpha   1.0000000000000000     
 Grid defined OK
 Set CM energy to      13000.00
 Mapping Graph         477  to config         477
Setting grid   1    0.59172E-04   1
Setting grid   2    0.59172E-04   1
 Setting BW          -3           2   91.187600000000003     
 Setting BW          -4           3   80.387000000000000     
 Warning: No cutoff for shat integral found
          Minimum set to    5.9171597633136107E-009
Setting grid   5    0.59172E-08   1
 Transforming s_hat 1/s           15   5.9171597633136108E-005   10000.000000000000        168999999.99999997     
 477   1   2   3   4   5   6   7   8   9  10  11  12  13  14
  15  16
 Masses: 0.000E+00 0.000E+00 0.000E+00 0.000E+00 0.000E+00 0.000E+00 0.000E+00 0.000E+00
Using random seed offsets   477 :      4
  with seed                   24
 Ranmar initialization seeds         207        9401
 
 ********************************************
 * You are using the DiscreteSampler module *
 *      part of the MG5_aMC framework       *
 *         Author: Valentin Hirschi         *
 ********************************************
 
  Particle       3       4       5       6       7       8
      Et >     0.0     0.0     0.0     0.0    10.0    10.0
       E >     0.0     0.0     0.0     0.0     0.0     0.0
     Eta <    -1.0    -1.0    -1.0    -1.0     6.5     6.5
   xqcut:      0.0     0.0     0.0     0.0     0.0     0.0
d R # 3  >    -0.0     0.4     0.0     0.0     0.4     0.4
d R # 4  >    -0.0    -0.0     0.0     0.0     0.4     0.4
d R # 5  >    -0.0    -0.0    -0.0     0.0     0.0     0.0
d R # 6  >    -0.0    -0.0    -0.0    -0.0     0.0     0.0
d R # 7  >    -0.0    -0.0    -0.0    -0.0    -0.0     0.4
s min # 3>     0.0     0.0     0.0     0.0     0.0     0.0
s min # 4>     0.0     0.0     0.0     0.0     0.0     0.0
s min # 5>     0.0     0.0     0.0     0.0     0.0     0.0
s min # 6>     0.0     0.0     0.0     0.0     0.0     0.0
s min # 7>     0.0     0.0     0.0     0.0     0.0 10000.0
xqcutij # 3>     0.0     0.0     0.0     0.0     0.0     0.0
xqcutij # 4>     0.0     0.0     0.0     0.0     0.0     0.0
xqcutij # 5>     0.0     0.0     0.0     0.0     0.0     0.0
xqcutij # 6>     0.0     0.0     0.0     0.0     0.0     0.0
xqcutij # 7>     0.0     0.0     0.0     0.0     0.0     0.0
 No cut BW           -1           1
 No cut BW           -3           2
 No cut BW           -4           3
 alpha_s for scale    36.591963048774261       is   0.13181032999009071     
 Added good helicity          193  -256.00000000000000       in event            1 local:           1
 Added good helicity          193  -256.00000000000000       in event            1 local:           1
 RESET CUMULATIVE VARIABLE
 RESET CUMULATIVE VARIABLE
 RESET CUMULATIVE VARIABLE
 Warning: Too low fact scales:    53.706042877559739       0.23498911913591494     
 Warning: Too low fact scales:    53.706042877559739       0.23498911913591494     
 Warning: Too low fact scales:    66.905776163914965        1.9317846968835184     
 Warning: Too low fact scales:    66.905776163914965        1.9317846968835184     
 Warning: Too low fact scales:    1.9245439753053077        78.872561378547744     
 Warning: Too low fact scales:    1.9245439753053077        78.872561378547744     
 Warning: Too low fact scales:   0.90947037478232340        82.059355180348518     
 Warning: Too low fact scales:   0.90947037478232340        82.059355180348518     
 Warning: Too low fact scales:   0.69112255898182384        9.5287575311494273     
 Warning: Too low fact scales:   0.69112255898182384        9.5287575311494273     
 Warning: Too low fact scales:   0.69112255898182384        9.5287575311494273     
 No more warnings written out this run.
 Iteration  1   Mean: 0.1072E-08 Abs mean: 0.1405E-08   Fluctuation:  0.929E-09   0.178E-05    41.1%
  1    0.1072E-08 0.1405E-08 +- 0.9293E-09     29.58
 Writing out events   2.1339442726823117E-013   29.583149375619268     
 Relative summed weights:
  0.0000E+00  0.0000E+00  0.9919E-03  0.1325E-03  0.0000E+00  0.0000E+00  0.0000E+00  0.0000E+00  0.0000E+00  0.0000E+00  0.6302E-06  0.6959E-04  0.5927E-02  0.9277E-03  0.0000E+00  0.0000E+00  0.0000E+00  0.0000E+00  0.0000E+00  0.0000E+00  0.0000E+00  0.0000E+00  0.6296E-05  0.5239E-02  0.0000E+00  0.0000E+00  0.0000E+00  0.0000E+00  0.2309E-07  0.2472E-06  0.0000E+00  0.0000E+00
  0.0000E+00  0.0000E+00  0.1372E-06  0.2185E+00  0.0000E+00  0.0000E+00  0.0000E+00  0.0000E+00  0.0000E+00  0.0000E+00  0.9130E-04  0.2670E-03  0.0000E+00  0.0000E+00  0.0000E+00  0.0000E+00  0.0000E+00  0.0000E+00  0.0000E+00  0.0000E+00  0.0000E+00  0.0000E+00  0.0000E+00  0.0000E+00  0.0000E+00  0.0000E+00  0.0000E+00  0.0000E+00  0.0000E+00  0.0000E+00  0.0000E+00  0.0000E+00
  0.0000E+00  0.0000E+00  0.1408E-06  0.1864E-01  0.0000E+00  0.0000E+00  0.0000E+00  0.0000E+00  0.0000E+00  0.0000E+00  0.1366E-02  0.7184E+00  0.0000E+00  0.0000E+00  0.0000E+00  0.0000E+00  0.0000E+00  0.0000E+00  0.0000E+00  0.0000E+00  0.0000E+00  0.0000E+00  0.0000E+00  0.0000E+00  0.0000E+00  0.0000E+00  0.0000E+00  0.0000E+00  0.0000E+00  0.0000E+00  0.0000E+00  0.0000E+00
  0.0000E+00  0.0000E+00  0.1074E-07  0.1401E-03  0.0000E+00  0.0000E+00  0.0000E+00  0.0000E+00  0.0000E+00  0.0000E+00  0.1891E-05  0.1082E-03  0.5045E-02  0.1724E-01  0.0000E+00  0.0000E+00  0.0000E+00  0.0000E+00  0.0000E+00  0.0000E+00  0.0000E+00  0.0000E+00  0.1506E-03  0.6687E-02  0.0000E+00  0.0000E+00  0.0000E+00  0.0000E+00  0.3815E-06  0.1978E-04  0.0000E+00  0.0000E+00
 Relative number of events:
  0.0000E+00  0.0000E+00  0.1964E-01  0.1777E-01  0.0000E+00  0.0000E+00  0.0000E+00  0.0000E+00  0.0000E+00  0.0000E+00  0.4490E-01  0.3368E-01  0.3742E-01  0.3835E-01  0.0000E+00  0.0000E+00  0.0000E+00  0.0000E+00  0.0000E+00  0.0000E+00  0.0000E+00  0.0000E+00  0.7016E-01  0.7577E-01  0.0000E+00  0.0000E+00  0.0000E+00  0.0000E+00  0.2152E-01  0.1590E-01  0.0000E+00  0.0000E+00
  0.0000E+00  0.0000E+00  0.1497E-01  0.2619E-01  0.0000E+00  0.0000E+00  0.0000E+00  0.0000E+00  0.0000E+00  0.0000E+00  0.4490E-01  0.4022E-01  0.0000E+00  0.0000E+00  0.0000E+00  0.0000E+00  0.0000E+00  0.0000E+00  0.0000E+00  0.0000E+00  0.0000E+00  0.0000E+00  0.0000E+00  0.0000E+00  0.0000E+00  0.0000E+00  0.0000E+00  0.0000E+00  0.0000E+00  0.0000E+00  0.0000E+00  0.0000E+00
  0.0000E+00  0.0000E+00  0.1497E-01  0.1684E-01  0.0000E+00  0.0000E+00  0.0000E+00  0.0000E+00  0.0000E+00  0.0000E+00  0.3742E-01  0.5239E-01  0.0000E+00  0.0000E+00  0.0000E+00  0.0000E+00  0.0000E+00  0.0000E+00  0.0000E+00  0.0000E+00  0.0000E+00  0.0000E+00  0.0000E+00  0.0000E+00  0.0000E+00  0.0000E+00  0.0000E+00  0.0000E+00  0.0000E+00  0.0000E+00  0.0000E+00  0.0000E+00
  0.0000E+00  0.0000E+00  0.1684E-01  0.1497E-01  0.0000E+00  0.0000E+00  0.0000E+00  0.0000E+00  0.0000E+00  0.0000E+00  0.4397E-01  0.4771E-01  0.4022E-01  0.4022E-01  0.0000E+00  0.0000E+00  0.0000E+00  0.0000E+00  0.0000E+00  0.0000E+00  0.0000E+00  0.0000E+00  0.6268E-01  0.6735E-01  0.0000E+00  0.0000E+00  0.0000E+00  0.0000E+00  0.2245E-01  0.2058E-01  0.0000E+00  0.0000E+00
 Events:
           0           0          21          19           0           0           0           0           0           0          48          36          40          41           0           0           0           0           0           0           0           0          75          81           0           0           0           0          23          17           0           0
           0           0          16          28           0           0           0           0           0           0          48          43           0           0           0           0           0           0           0           0           0           0           0           0           0           0           0           0           0           0           0           0
           0           0          16          18           0           0           0           0           0           0          40          56           0           0           0           0           0           0           0           0           0           0           0           0           0           0           0           0           0           0           0           0
           0           0          18          16           0           0           0           0           0           0          47          51          43          43           0           0           0           0           0           0           0           0          67          72           0           0           0           0          24          22           0           0
 Iteration  2   Mean: 0.7345E-10 Abs mean: 0.1123E-09   Fluctuation:  0.320E-10   0.969E-07    87.2%
  2    0.7345E-10 0.1123E-09 +- 0.3198E-10     18.01
 Relative summed weights:
  0.0000E+00  0.0000E+00  0.7928E-01  0.1655E+00  0.0000E+00  0.0000E+00  0.0000E+00  0.0000E+00  0.0000E+00  0.0000E+00  0.4817E-01  0.9999E-02  0.3452E-02  0.2889E+00  0.0000E+00  0.0000E+00  0.0000E+00  0.0000E+00  0.0000E+00  0.0000E+00  0.0000E+00  0.0000E+00  0.3701E-01  0.1025E+00  0.0000E+00  0.0000E+00  0.0000E+00  0.0000E+00  0.1662E-02  0.2074E-02  0.0000E+00  0.0000E+00
  0.0000E+00  0.0000E+00  0.8404E-03  0.3280E-01  0.0000E+00  0.0000E+00  0.0000E+00  0.0000E+00  0.0000E+00  0.0000E+00  0.8933E-01  0.1606E-01  0.0000E+00  0.0000E+00  0.0000E+00  0.0000E+00  0.0000E+00  0.0000E+00  0.0000E+00  0.0000E+00  0.0000E+00  0.0000E+00  0.0000E+00  0.0000E+00  0.0000E+00  0.0000E+00  0.0000E+00  0.0000E+00  0.0000E+00  0.0000E+00  0.0000E+00  0.0000E+00
  0.0000E+00  0.0000E+00  0.1557E-01  0.1035E-02  0.0000E+00  0.0000E+00  0.0000E+00  0.0000E+00  0.0000E+00  0.0000E+00  0.1200E-01  0.6634E-02  0.0000E+00  0.0000E+00  0.0000E+00  0.0000E+00  0.0000E+00  0.0000E+00  0.0000E+00  0.0000E+00  0.0000E+00  0.0000E+00  0.0000E+00  0.0000E+00  0.0000E+00  0.0000E+00  0.0000E+00  0.0000E+00  0.0000E+00  0.0000E+00  0.0000E+00  0.0000E+00
  0.0000E+00  0.0000E+00  0.3586E-03  0.3120E-03  0.0000E+00  0.0000E+00  0.0000E+00  0.0000E+00  0.0000E+00  0.0000E+00  0.3107E-02  0.2139E-01  0.2615E-01  0.6648E-02  0.0000E+00  0.0000E+00  0.0000E+00  0.0000E+00  0.0000E+00  0.0000E+00  0.0000E+00  0.0000E+00  0.1538E-01  0.1143E-01  0.0000E+00  0.0000E+00  0.0000E+00  0.0000E+00  0.6704E-03  0.1749E-02  0.0000E+00  0.0000E+00
 Relative number of events:
  0.0000E+00  0.0000E+00  0.2145E-01  0.1888E-01  0.0000E+00  0.0000E+00  0.0000E+00  0.0000E+00  0.0000E+00  0.0000E+00  0.4118E-01  0.3990E-01  0.3732E-01  0.3389E-01  0.0000E+00  0.0000E+00  0.0000E+00  0.0000E+00  0.0000E+00  0.0000E+00  0.0000E+00  0.0000E+00  0.7293E-01  0.8065E-01  0.0000E+00  0.0000E+00  0.0000E+00  0.0000E+00  0.1287E-01  0.1502E-01  0.0000E+00  0.0000E+00
  0.0000E+00  0.0000E+00  0.1716E-01  0.1502E-01  0.0000E+00  0.0000E+00  0.0000E+00  0.0000E+00  0.0000E+00  0.0000E+00  0.4676E-01  0.4376E-01  0.0000E+00  0.0000E+00  0.0000E+00  0.0000E+00  0.0000E+00  0.0000E+00  0.0000E+00  0.0000E+00  0.0000E+00  0.0000E+00  0.0000E+00  0.0000E+00  0.0000E+00  0.0000E+00  0.0000E+00  0.0000E+00  0.0000E+00  0.0000E+00  0.0000E+00  0.0000E+00
  0.0000E+00  0.0000E+00  0.1973E-01  0.2016E-01  0.0000E+00  0.0000E+00  0.0000E+00  0.0000E+00  0.0000E+00  0.0000E+00  0.4762E-01  0.4505E-01  0.0000E+00  0.0000E+00  0.0000E+00  0.0000E+00  0.0000E+00  0.0000E+00  0.0000E+00  0.0000E+00  0.0000E+00  0.0000E+00  0.0000E+00  0.0000E+00  0.0000E+00  0.0000E+00  0.0000E+00  0.0000E+00  0.0000E+00  0.0000E+00  0.0000E+00  0.0000E+00
  0.0000E+00  0.0000E+00  0.2102E-01  0.1630E-01  0.0000E+00  0.0000E+00  0.0000E+00  0.0000E+00  0.0000E+00  0.0000E+00  0.4505E-01  0.3518E-01  0.4076E-01  0.4161E-01  0.0000E+00  0.0000E+00  0.0000E+00  0.0000E+00  0.0000E+00  0.0000E+00  0.0000E+00  0.0000E+00  0.7465E-01  0.7250E-01  0.0000E+00  0.0000E+00  0.0000E+00  0.0000E+00  0.1330E-01  0.1030E-01  0.0000E+00  0.0000E+00
 Events:
           0           0          50          44           0           0           0           0           0           0          96          93          87          79           0           0           0           0           0           0           0           0         170         188           0           0           0           0          30          35           0           0
           0           0          40          35           0           0           0           0           0           0         109         102           0           0           0           0           0           0           0           0           0           0           0           0           0           0           0           0           0           0           0           0
           0           0          46          47           0           0           0           0           0           0         111         105           0           0           0           0           0           0           0           0           0           0           0           0           0           0           0           0           0           0           0           0
           0           0          49          38           0           0           0           0           0           0         105          82          95          97           0           0           0           0           0           0           0           0         174         169           0           0           0           0          31          24           0           0
 Iteration  3   Mean: 0.9254E-10 Abs mean: 0.4389E-09   Fluctuation:  0.906E-10   0.420E-06    87.3%
  3    0.9254E-10 0.4389E-09 +- 0.9059E-10     18.46
 Relative summed weights:
  0.0000E+00  0.0000E+00  0.8725E-01  0.9533E-02  0.0000E+00  0.0000E+00  0.0000E+00  0.0000E+00  0.0000E+00  0.0000E+00  0.7999E-01  0.2772E-01  0.4989E-01  0.6198E-01  0.0000E+00  0.0000E+00  0.0000E+00  0.0000E+00  0.0000E+00  0.0000E+00  0.0000E+00  0.0000E+00  0.2422E+00  0.5365E-01  0.0000E+00  0.0000E+00  0.0000E+00  0.0000E+00  0.5916E-04  0.9917E-03  0.0000E+00  0.0000E+00
  0.0000E+00  0.0000E+00  0.7360E-02  0.1754E-01  0.0000E+00  0.0000E+00  0.0000E+00  0.0000E+00  0.0000E+00  0.0000E+00  0.3403E-01  0.2875E-01  0.0000E+00  0.0000E+00  0.0000E+00  0.0000E+00  0.0000E+00  0.0000E+00  0.0000E+00  0.0000E+00  0.0000E+00  0.0000E+00  0.0000E+00  0.0000E+00  0.0000E+00  0.0000E+00  0.0000E+00  0.0000E+00  0.0000E+00  0.0000E+00  0.0000E+00  0.0000E+00
  0.0000E+00  0.0000E+00  0.2104E-02  0.7391E-02  0.0000E+00  0.0000E+00  0.0000E+00  0.0000E+00  0.0000E+00  0.0000E+00  0.4259E-01  0.4878E-01  0.0000E+00  0.0000E+00  0.0000E+00  0.0000E+00  0.0000E+00  0.0000E+00  0.0000E+00  0.0000E+00  0.0000E+00  0.0000E+00  0.0000E+00  0.0000E+00  0.0000E+00  0.0000E+00  0.0000E+00  0.0000E+00  0.0000E+00  0.0000E+00  0.0000E+00  0.0000E+00
  0.0000E+00  0.0000E+00  0.2970E-02  0.5488E-03  0.0000E+00  0.0000E+00  0.0000E+00  0.0000E+00  0.0000E+00  0.0000E+00  0.3609E-01  0.5234E-01  0.1373E-01  0.2008E-01  0.0000E+00  0.0000E+00  0.0000E+00  0.0000E+00  0.0000E+00  0.0000E+00  0.0000E+00  0.0000E+00  0.1259E-01  0.5825E-01  0.0000E+00  0.0000E+00  0.0000E+00  0.0000E+00  0.9628E-03  0.5716E-03  0.0000E+00  0.0000E+00
 Relative number of events:
  0.0000E+00  0.0000E+00  0.1819E-01  0.1755E-01  0.0000E+00  0.0000E+00  0.0000E+00  0.0000E+00  0.0000E+00  0.0000E+00  0.4907E-01  0.5097E-01  0.3342E-01  0.3321E-01  0.0000E+00  0.0000E+00  0.0000E+00  0.0000E+00  0.0000E+00  0.0000E+00  0.0000E+00  0.0000E+00  0.8058E-01  0.7339E-01  0.0000E+00  0.0000E+00  0.0000E+00  0.0000E+00  0.1036E-01  0.1015E-01  0.0000E+00  0.0000E+00
  0.0000E+00  0.0000E+00  0.1671E-01  0.1967E-01  0.0000E+00  0.0000E+00  0.0000E+00  0.0000E+00  0.0000E+00  0.0000E+00  0.4294E-01  0.4357E-01  0.0000E+00  0.0000E+00  0.0000E+00  0.0000E+00  0.0000E+00  0.0000E+00  0.0000E+00  0.0000E+00  0.0000E+00  0.0000E+00  0.0000E+00  0.0000E+00  0.0000E+00  0.0000E+00  0.0000E+00  0.0000E+00  0.0000E+00  0.0000E+00  0.0000E+00  0.0000E+00
  0.0000E+00  0.0000E+00  0.1375E-01  0.1734E-01  0.0000E+00  0.0000E+00  0.0000E+00  0.0000E+00  0.0000E+00  0.0000E+00  0.4230E-01  0.4399E-01  0.0000E+00  0.0000E+00  0.0000E+00  0.0000E+00  0.0000E+00  0.0000E+00  0.0000E+00  0.0000E+00  0.0000E+00  0.0000E+00  0.0000E+00  0.0000E+00  0.0000E+00  0.0000E+00  0.0000E+00  0.0000E+00  0.0000E+00  0.0000E+00  0.0000E+00  0.0000E+00
  0.0000E+00  0.0000E+00  0.1755E-01  0.1819E-01  0.0000E+00  0.0000E+00  0.0000E+00  0.0000E+00  0.0000E+00  0.0000E+00  0.4674E-01  0.4315E-01  0.3680E-01  0.3934E-01  0.0000E+00  0.0000E+00  0.0000E+00  0.0000E+00  0.0000E+00  0.0000E+00  0.0000E+00  0.0000E+00  0.8206E-01  0.7657E-01  0.0000E+00  0.0000E+00  0.0000E+00  0.0000E+00  0.1058E-01  0.1184E-01  0.0000E+00  0.0000E+00
 Events:
           0           0          86          83           0           0           0           0           0           0         232         241         158         157           0           0           0           0           0           0           0           0         381         347           0           0           0           0          49          48           0           0
           0           0          79          93           0           0           0           0           0           0         203         206           0           0           0           0           0           0           0           0           0           0           0           0           0           0           0           0           0           0           0           0
           0           0          65          82           0           0           0           0           0           0         200         208           0           0           0           0           0           0           0           0           0           0           0           0           0           0           0           0           0           0           0           0
           0           0          83          86           0           0           0           0           0           0         221         204         174         186           0           0           0           0           0           0           0           0         388         362           0           0           0           0          50          56           0           0
 Accuracy:    0.537   0.010   0.162  10.982
 Found          457  events.
 Wrote           11  events.
 Actual xsec    1.4512821218159545E-010
 Correct abs xsec    3.9114965566861836E-010
 Event xsec    3.9114965566861831E-010
 Events wgts > 1:            2
 % Cross section > 1:    2.2556691153711658E-012  0.57667674831910543     
 Iteration  4   Mean: 0.3213E-09 Abs mean: 0.6760E-09   Fluctuation:  0.118E-09   0.165E-05    87.4%
  4    0.3213E-09 0.6760E-09 +- 0.1181E-09     22.10
 Relative summed weights:
  0.0000E+00  0.0000E+00  0.1594E-01  0.7472E-01  0.0000E+00  0.0000E+00  0.0000E+00  0.0000E+00  0.0000E+00  0.0000E+00  0.5498E-01  0.1413E-01  0.2134E-01  0.3085E-01  0.0000E+00  0.0000E+00  0.0000E+00  0.0000E+00  0.0000E+00  0.0000E+00  0.0000E+00  0.0000E+00  0.3381E-01  0.6012E-01  0.0000E+00  0.0000E+00  0.0000E+00  0.0000E+00  0.4861E-02  0.1944E-02  0.0000E+00  0.0000E+00
  0.0000E+00  0.0000E+00  0.9710E-02  0.3296E-01  0.0000E+00  0.0000E+00  0.0000E+00  0.0000E+00  0.0000E+00  0.0000E+00  0.2073E-01  0.1623E-01  0.0000E+00  0.0000E+00  0.0000E+00  0.0000E+00  0.0000E+00  0.0000E+00  0.0000E+00  0.0000E+00  0.0000E+00  0.0000E+00  0.0000E+00  0.0000E+00  0.0000E+00  0.0000E+00  0.0000E+00  0.0000E+00  0.0000E+00  0.0000E+00  0.0000E+00  0.0000E+00
  0.0000E+00  0.0000E+00  0.2598E+00  0.2217E-01  0.0000E+00  0.0000E+00  0.0000E+00  0.0000E+00  0.0000E+00  0.0000E+00  0.2451E-01  0.1477E-01  0.0000E+00  0.0000E+00  0.0000E+00  0.0000E+00  0.0000E+00  0.0000E+00  0.0000E+00  0.0000E+00  0.0000E+00  0.0000E+00  0.0000E+00  0.0000E+00  0.0000E+00  0.0000E+00  0.0000E+00  0.0000E+00  0.0000E+00  0.0000E+00  0.0000E+00  0.0000E+00
  0.0000E+00  0.0000E+00  0.1110E-01  0.8934E-02  0.0000E+00  0.0000E+00  0.0000E+00  0.0000E+00  0.0000E+00  0.0000E+00  0.2630E-01  0.5327E-01  0.5647E-01  0.4372E-01  0.0000E+00  0.0000E+00  0.0000E+00  0.0000E+00  0.0000E+00  0.0000E+00  0.0000E+00  0.0000E+00  0.3215E-01  0.4921E-01  0.0000E+00  0.0000E+00  0.0000E+00  0.0000E+00  0.1023E-02  0.4240E-02  0.0000E+00  0.0000E+00
 Relative number of events:
  0.0000E+00  0.0000E+00  0.1658E-01  0.1922E-01  0.0000E+00  0.0000E+00  0.0000E+00  0.0000E+00  0.0000E+00  0.0000E+00  0.4753E-01  0.4584E-01  0.3665E-01  0.3855E-01  0.0000E+00  0.0000E+00  0.0000E+00  0.0000E+00  0.0000E+00  0.0000E+00  0.0000E+00  0.0000E+00  0.7932E-01  0.7763E-01  0.0000E+00  0.0000E+00  0.0000E+00  0.0000E+00  0.1056E-01  0.7921E-02  0.0000E+00  0.0000E+00
  0.0000E+00  0.0000E+00  0.1954E-01  0.1658E-01  0.0000E+00  0.0000E+00  0.0000E+00  0.0000E+00  0.0000E+00  0.0000E+00  0.4679E-01  0.4510E-01  0.0000E+00  0.0000E+00  0.0000E+00  0.0000E+00  0.0000E+00  0.0000E+00  0.0000E+00  0.0000E+00  0.0000E+00  0.0000E+00  0.0000E+00  0.0000E+00  0.0000E+00  0.0000E+00  0.0000E+00  0.0000E+00  0.0000E+00  0.0000E+00  0.0000E+00  0.0000E+00
  0.0000E+00  0.0000E+00  0.1711E-01  0.1796E-01  0.0000E+00  0.0000E+00  0.0000E+00  0.0000E+00  0.0000E+00  0.0000E+00  0.4415E-01  0.4267E-01  0.0000E+00  0.0000E+00  0.0000E+00  0.0000E+00  0.0000E+00  0.0000E+00  0.0000E+00  0.0000E+00  0.0000E+00  0.0000E+00  0.0000E+00  0.0000E+00  0.0000E+00  0.0000E+00  0.0000E+00  0.0000E+00  0.0000E+00  0.0000E+00  0.0000E+00  0.0000E+00
  0.0000E+00  0.0000E+00  0.1658E-01  0.1753E-01  0.0000E+00  0.0000E+00  0.0000E+00  0.0000E+00  0.0000E+00  0.0000E+00  0.4415E-01  0.4246E-01  0.3623E-01  0.3221E-01  0.0000E+00  0.0000E+00  0.0000E+00  0.0000E+00  0.0000E+00  0.0000E+00  0.0000E+00  0.0000E+00  0.8027E-01  0.7953E-01  0.0000E+00  0.0000E+00  0.0000E+00  0.0000E+00  0.1014E-01  0.1120E-01  0.0000E+00  0.0000E+00
 Events:
           0           0         157         182           0           0           0           0           0           0         450         434         347         365           0           0           0           0           0           0           0           0         751         735           0           0           0           0         100          75           0           0
           0           0         185         157           0           0           0           0           0           0         443         427           0           0           0           0           0           0           0           0           0           0           0           0           0           0           0           0           0           0           0           0
           0           0         162         170           0           0           0           0           0           0         418         404           0           0           0           0           0           0           0           0           0           0           0           0           0           0           0           0           0           0           0           0
           0           0         157         166           0           0           0           0           0           0         418         402         343         305           0           0           0           0           0           0           0           0         760         753           0           0           0           0          96         106           0           0
 Accuracy:    0.287   0.010   0.119   5.840
 Found          748  events.
 Wrote            2  events.
 Actual xsec    1.9837464956431171E-010
 Correct abs xsec    4.9345385353928082E-010
 Event xsec    4.9345385353928082E-010
 Events wgts > 1:            1
 % Cross section > 1:    2.7362910393910577E-017   5.5451812155586674E-006
 Iteration  5   Mean: 0.2241E-09 Abs mean: 0.9644E-09   Fluctuation:  0.130E-09   0.331E-05    87.2%
  5    0.2241E-09 0.9644E-09 +- 0.1296E-09     24.04
 Relative summed weights:
  0.0000E+00  0.0000E+00  0.1137E-01  0.2594E-01  0.0000E+00  0.0000E+00  0.0000E+00  0.0000E+00  0.0000E+00  0.0000E+00  0.8887E-01  0.3751E-01  0.5685E-01  0.4360E-01  0.0000E+00  0.0000E+00  0.0000E+00  0.0000E+00  0.0000E+00  0.0000E+00  0.0000E+00  0.0000E+00  0.6095E-01  0.5102E-01  0.0000E+00  0.0000E+00  0.0000E+00  0.0000E+00  0.3762E-02  0.1959E-02  0.0000E+00  0.0000E+00
  0.0000E+00  0.0000E+00  0.1466E-01  0.1521E-01  0.0000E+00  0.0000E+00  0.0000E+00  0.0000E+00  0.0000E+00  0.0000E+00  0.3830E-01  0.2751E-01  0.0000E+00  0.0000E+00  0.0000E+00  0.0000E+00  0.0000E+00  0.0000E+00  0.0000E+00  0.0000E+00  0.0000E+00  0.0000E+00  0.0000E+00  0.0000E+00  0.0000E+00  0.0000E+00  0.0000E+00  0.0000E+00  0.0000E+00  0.0000E+00  0.0000E+00  0.0000E+00
  0.0000E+00  0.0000E+00  0.3849E-01  0.2589E-01  0.0000E+00  0.0000E+00  0.0000E+00  0.0000E+00  0.0000E+00  0.0000E+00  0.2142E-01  0.2018E-01  0.0000E+00  0.0000E+00  0.0000E+00  0.0000E+00  0.0000E+00  0.0000E+00  0.0000E+00  0.0000E+00  0.0000E+00  0.0000E+00  0.0000E+00  0.0000E+00  0.0000E+00  0.0000E+00  0.0000E+00  0.0000E+00  0.0000E+00  0.0000E+00  0.0000E+00  0.0000E+00
  0.0000E+00  0.0000E+00  0.2546E-01  0.1831E+00  0.0000E+00  0.0000E+00  0.0000E+00  0.0000E+00  0.0000E+00  0.0000E+00  0.3316E-01  0.1799E-01  0.3088E-01  0.4129E-01  0.0000E+00  0.0000E+00  0.0000E+00  0.0000E+00  0.0000E+00  0.0000E+00  0.0000E+00  0.0000E+00  0.3780E-01  0.3095E-01  0.0000E+00  0.0000E+00  0.0000E+00  0.0000E+00  0.3269E-02  0.1263E-01  0.0000E+00  0.0000E+00
 Relative number of events:
  0.0000E+00  0.0000E+00  0.1638E-01  0.1685E-01  0.0000E+00  0.0000E+00  0.0000E+00  0.0000E+00  0.0000E+00  0.0000E+00  0.4466E-01  0.4608E-01  0.3629E-01  0.3581E-01  0.0000E+00  0.0000E+00  0.0000E+00  0.0000E+00  0.0000E+00  0.0000E+00  0.0000E+00  0.0000E+00  0.8242E-01  0.7963E-01  0.0000E+00  0.0000E+00  0.0000E+00  0.0000E+00  0.9111E-02  0.9901E-02  0.0000E+00  0.0000E+00
  0.0000E+00  0.0000E+00  0.1675E-01  0.1780E-01  0.0000E+00  0.0000E+00  0.0000E+00  0.0000E+00  0.0000E+00  0.0000E+00  0.4503E-01  0.4271E-01  0.0000E+00  0.0000E+00  0.0000E+00  0.0000E+00  0.0000E+00  0.0000E+00  0.0000E+00  0.0000E+00  0.0000E+00  0.0000E+00  0.0000E+00  0.0000E+00  0.0000E+00  0.0000E+00  0.0000E+00  0.0000E+00  0.0000E+00  0.0000E+00  0.0000E+00  0.0000E+00
  0.0000E+00  0.0000E+00  0.1748E-01  0.1712E-01  0.0000E+00  0.0000E+00  0.0000E+00  0.0000E+00  0.0000E+00  0.0000E+00  0.4677E-01  0.4155E-01  0.0000E+00  0.0000E+00  0.0000E+00  0.0000E+00  0.0000E+00  0.0000E+00  0.0000E+00  0.0000E+00  0.0000E+00  0.0000E+00  0.0000E+00  0.0000E+00  0.0000E+00  0.0000E+00  0.0000E+00  0.0000E+00  0.0000E+00  0.0000E+00  0.0000E+00  0.0000E+00
  0.0000E+00  0.0000E+00  0.1664E-01  0.1601E-01  0.0000E+00  0.0000E+00  0.0000E+00  0.0000E+00  0.0000E+00  0.0000E+00  0.4113E-01  0.4324E-01  0.3650E-01  0.3486E-01  0.0000E+00  0.0000E+00  0.0000E+00  0.0000E+00  0.0000E+00  0.0000E+00  0.0000E+00  0.0000E+00  0.8505E-01  0.8495E-01  0.0000E+00  0.0000E+00  0.0000E+00  0.0000E+00  0.9006E-02  0.1027E-01  0.0000E+00  0.0000E+00
 Events:
           0           0         311         320           0           0           0           0           0           0         848         875         689         680           0           0           0           0           0           0           0           0        1565        1512           0           0           0           0         173         188           0           0
           0           0         318         338           0           0           0           0           0           0         855         811           0           0           0           0           0           0           0           0           0           0           0           0           0           0           0           0           0           0           0           0
           0           0         332         325           0           0           0           0           0           0         888         789           0           0           0           0           0           0           0           0           0           0           0           0           0           0           0           0           0           0           0           0
           0           0         316         304           0           0           0           0           0           0         781         821         693         662           0           0           0           0           0           0           0           0        1615        1613           0           0           0           0         171         195           0           0
 Accuracy:    0.205   0.010   0.089   5.282
 Found         1730  events.
 Wrote            8  events.
 Actual xsec    2.2494755247134389E-010
 Correct abs xsec    7.6925199035292414E-010
 Event xsec    7.6925199035292434E-010
 Events wgts > 1:            0
 % Cross section > 1:    0.0000000000000000        0.0000000000000000     
 Iteration  6   Mean: 0.2962E-09 Abs mean: 0.8851E-09   Fluctuation:  0.392E-10   0.164E-05    87.5%
  6    0.2962E-09 0.8851E-09 +- 0.3923E-10     11.21
 Relative summed weights:
  0.0000E+00  0.0000E+00  0.2316E-01  0.1663E-01  0.0000E+00  0.0000E+00  0.0000E+00  0.0000E+00  0.0000E+00  0.0000E+00  0.2856E-01  0.2925E-01  0.5699E-01  0.5551E-01  0.0000E+00  0.0000E+00  0.0000E+00  0.0000E+00  0.0000E+00  0.0000E+00  0.0000E+00  0.0000E+00  0.5876E-01  0.4692E-01  0.0000E+00  0.0000E+00  0.0000E+00  0.0000E+00  0.3816E-02  0.7776E-02  0.0000E+00  0.0000E+00
  0.0000E+00  0.0000E+00  0.2623E-01  0.2467E-01  0.0000E+00  0.0000E+00  0.0000E+00  0.0000E+00  0.0000E+00  0.0000E+00  0.3195E-01  0.2085E-01  0.0000E+00  0.0000E+00  0.0000E+00  0.0000E+00  0.0000E+00  0.0000E+00  0.0000E+00  0.0000E+00  0.0000E+00  0.0000E+00  0.0000E+00  0.0000E+00  0.0000E+00  0.0000E+00  0.0000E+00  0.0000E+00  0.0000E+00  0.0000E+00  0.0000E+00  0.0000E+00
  0.0000E+00  0.0000E+00  0.3836E-01  0.4189E-01  0.0000E+00  0.0000E+00  0.0000E+00  0.0000E+00  0.0000E+00  0.0000E+00  0.2700E-01  0.3285E-01  0.0000E+00  0.0000E+00  0.0000E+00  0.0000E+00  0.0000E+00  0.0000E+00  0.0000E+00  0.0000E+00  0.0000E+00  0.0000E+00  0.0000E+00  0.0000E+00  0.0000E+00  0.0000E+00  0.0000E+00  0.0000E+00  0.0000E+00  0.0000E+00  0.0000E+00  0.0000E+00
  0.0000E+00  0.0000E+00  0.2700E-01  0.3140E-01  0.0000E+00  0.0000E+00  0.0000E+00  0.0000E+00  0.0000E+00  0.0000E+00  0.3038E-01  0.4145E-01  0.6730E-01  0.7369E-01  0.0000E+00  0.0000E+00  0.0000E+00  0.0000E+00  0.0000E+00  0.0000E+00  0.0000E+00  0.0000E+00  0.9962E-01  0.4496E-01  0.0000E+00  0.0000E+00  0.0000E+00  0.0000E+00  0.7284E-02  0.5748E-02  0.0000E+00  0.0000E+00
 Relative number of events:
  0.0000E+00  0.0000E+00  0.1556E-01  0.1627E-01  0.0000E+00  0.0000E+00  0.0000E+00  0.0000E+00  0.0000E+00  0.0000E+00  0.4479E-01  0.4579E-01  0.3386E-01  0.3496E-01  0.0000E+00  0.0000E+00  0.0000E+00  0.0000E+00  0.0000E+00  0.0000E+00  0.0000E+00  0.0000E+00  0.8512E-01  0.8425E-01  0.0000E+00  0.0000E+00  0.0000E+00  0.0000E+00  0.8491E-02  0.9279E-02  0.0000E+00  0.0000E+00
  0.0000E+00  0.0000E+00  0.1690E-01  0.1693E-01  0.0000E+00  0.0000E+00  0.0000E+00  0.0000E+00  0.0000E+00  0.0000E+00  0.4485E-01  0.4272E-01  0.0000E+00  0.0000E+00  0.0000E+00  0.0000E+00  0.0000E+00  0.0000E+00  0.0000E+00  0.0000E+00  0.0000E+00  0.0000E+00  0.0000E+00  0.0000E+00  0.0000E+00  0.0000E+00  0.0000E+00  0.0000E+00  0.0000E+00  0.0000E+00  0.0000E+00  0.0000E+00
  0.0000E+00  0.0000E+00  0.1738E-01  0.1732E-01  0.0000E+00  0.0000E+00  0.0000E+00  0.0000E+00  0.0000E+00  0.0000E+00  0.4561E-01  0.4448E-01  0.0000E+00  0.0000E+00  0.0000E+00  0.0000E+00  0.0000E+00  0.0000E+00  0.0000E+00  0.0000E+00  0.0000E+00  0.0000E+00  0.0000E+00  0.0000E+00  0.0000E+00  0.0000E+00  0.0000E+00  0.0000E+00  0.0000E+00  0.0000E+00  0.0000E+00  0.0000E+00
  0.0000E+00  0.0000E+00  0.1548E-01  0.1577E-01  0.0000E+00  0.0000E+00  0.0000E+00  0.0000E+00  0.0000E+00  0.0000E+00  0.4469E-01  0.4414E-01  0.3567E-01  0.3625E-01  0.0000E+00  0.0000E+00  0.0000E+00  0.0000E+00  0.0000E+00  0.0000E+00  0.0000E+00  0.0000E+00  0.8309E-01  0.8238E-01  0.0000E+00  0.0000E+00  0.0000E+00  0.0000E+00  0.9332E-02  0.8622E-02  0.0000E+00  0.0000E+00
 Events:
           0           0         592         619           0           0           0           0           0           0        1704        1742        1288        1330           0           0           0           0           0           0           0           0        3238        3205           0           0           0           0         323         353           0           0
           0           0         643         644           0           0           0           0           0           0        1706        1625           0           0           0           0           0           0           0           0           0           0           0           0           0           0           0           0           0           0           0           0
           0           0         661         659           0           0           0           0           0           0        1735        1692           0           0           0           0           0           0           0           0           0           0           0           0           0           0           0           0           0           0           0           0
           0           0         589         600           0           0           0           0           0           0        1700        1679        1357        1379           0           0           0           0           0           0           0           0        3161        3134           0           0           0           0         355         328           0           0
 Accuracy:    0.077   0.010   0.040   3.784
 Found         3774  events.
 Wrote           32  events.
 Actual xsec    2.9087927587286798E-010
 Correct abs xsec    8.8095668324702772E-010
 Event xsec    8.8095668324702690E-010
 Events wgts > 1:            1
 % Cross section > 1:    1.8466214448638660E-018   2.0961546463982720E-007
 Iteration  7   Mean: 0.2412E-09 Abs mean: 0.8972E-09   Fluctuation:  0.202E-10   0.985E-06    87.2%
  7    0.2412E-09 0.8972E-09 +- 0.2018E-10      8.05
 Exceeded boost           2          96   128000.000    
 Relative summed weights:
  0.0000E+00  0.0000E+00  0.2536E-01  0.3134E-01  0.0000E+00  0.0000E+00  0.0000E+00  0.0000E+00  0.0000E+00  0.0000E+00  0.2667E-01  0.3068E-01  0.5502E-01  0.5684E-01  0.0000E+00  0.0000E+00  0.0000E+00  0.0000E+00  0.0000E+00  0.0000E+00  0.0000E+00  0.0000E+00  0.7226E-01  0.6017E-01  0.0000E+00  0.0000E+00  0.0000E+00  0.0000E+00  0.5218E-02  0.4998E-02  0.0000E+00  0.0000E+00
  0.0000E+00  0.0000E+00  0.2800E-01  0.3555E-01  0.0000E+00  0.0000E+00  0.0000E+00  0.0000E+00  0.0000E+00  0.0000E+00  0.3501E-01  0.3306E-01  0.0000E+00  0.0000E+00  0.0000E+00  0.0000E+00  0.0000E+00  0.0000E+00  0.0000E+00  0.0000E+00  0.0000E+00  0.0000E+00  0.0000E+00  0.0000E+00  0.0000E+00  0.0000E+00  0.0000E+00  0.0000E+00  0.0000E+00  0.0000E+00  0.0000E+00  0.0000E+00
  0.0000E+00  0.0000E+00  0.3873E-01  0.2397E-01  0.0000E+00  0.0000E+00  0.0000E+00  0.0000E+00  0.0000E+00  0.0000E+00  0.3282E-01  0.3098E-01  0.0000E+00  0.0000E+00  0.0000E+00  0.0000E+00  0.0000E+00  0.0000E+00  0.0000E+00  0.0000E+00  0.0000E+00  0.0000E+00  0.0000E+00  0.0000E+00  0.0000E+00  0.0000E+00  0.0000E+00  0.0000E+00  0.0000E+00  0.0000E+00  0.0000E+00  0.0000E+00
  0.0000E+00  0.0000E+00  0.2746E-01  0.2795E-01  0.0000E+00  0.0000E+00  0.0000E+00  0.0000E+00  0.0000E+00  0.0000E+00  0.3242E-01  0.3047E-01  0.5943E-01  0.5561E-01  0.0000E+00  0.0000E+00  0.0000E+00  0.0000E+00  0.0000E+00  0.0000E+00  0.0000E+00  0.0000E+00  0.6627E-01  0.6487E-01  0.0000E+00  0.0000E+00  0.0000E+00  0.0000E+00  0.4471E-02  0.4373E-02  0.0000E+00  0.0000E+00
 Relative number of events:
  0.0000E+00  0.0000E+00  0.1613E-01  0.1577E-01  0.0000E+00  0.0000E+00  0.0000E+00  0.0000E+00  0.0000E+00  0.0000E+00  0.4540E-01  0.4442E-01  0.3327E-01  0.3487E-01  0.0000E+00  0.0000E+00  0.0000E+00  0.0000E+00  0.0000E+00  0.0000E+00  0.0000E+00  0.0000E+00  0.8372E-01  0.8417E-01  0.0000E+00  0.0000E+00  0.0000E+00  0.0000E+00  0.8177E-02  0.8679E-02  0.0000E+00  0.0000E+00
  0.0000E+00  0.0000E+00  0.1703E-01  0.1569E-01  0.0000E+00  0.0000E+00  0.0000E+00  0.0000E+00  0.0000E+00  0.0000E+00  0.4528E-01  0.4570E-01  0.0000E+00  0.0000E+00  0.0000E+00  0.0000E+00  0.0000E+00  0.0000E+00  0.0000E+00  0.0000E+00  0.0000E+00  0.0000E+00  0.0000E+00  0.0000E+00  0.0000E+00  0.0000E+00  0.0000E+00  0.0000E+00  0.0000E+00  0.0000E+00  0.0000E+00  0.0000E+00
  0.0000E+00  0.0000E+00  0.1642E-01  0.1613E-01  0.0000E+00  0.0000E+00  0.0000E+00  0.0000E+00  0.0000E+00  0.0000E+00  0.4469E-01  0.4500E-01  0.0000E+00  0.0000E+00  0.0000E+00  0.0000E+00  0.0000E+00  0.0000E+00  0.0000E+00  0.0000E+00  0.0000E+00  0.0000E+00  0.0000E+00  0.0000E+00  0.0000E+00  0.0000E+00  0.0000E+00  0.0000E+00  0.0000E+00  0.0000E+00  0.0000E+00  0.0000E+00
  0.0000E+00  0.0000E+00  0.1626E-01  0.1707E-01  0.0000E+00  0.0000E+00  0.0000E+00  0.0000E+00  0.0000E+00  0.0000E+00  0.4534E-01  0.4489E-01  0.3395E-01  0.3421E-01  0.0000E+00  0.0000E+00  0.0000E+00  0.0000E+00  0.0000E+00  0.0000E+00  0.0000E+00  0.0000E+00  0.8434E-01  0.8576E-01  0.0000E+00  0.0000E+00  0.0000E+00  0.0000E+00  0.8877E-02  0.8745E-02  0.0000E+00  0.0000E+00
 Events:
           0           0        1221        1194           0           0           0           0           0           0        3437        3363        2519        2640           0           0           0           0           0           0           0           0        6338        6372           0           0           0           0         619         657           0           0
           0           0        1289        1188           0           0           0           0           0           0        3428        3460           0           0           0           0           0           0           0           0           0           0           0           0           0           0           0           0           0           0           0           0
           0           0        1243        1221           0           0           0           0           0           0        3383        3407           0           0           0           0           0           0           0           0           0           0           0           0           0           0           0           0           0           0           0           0
           0           0        1231        1292           0           0           0           0           0           0        3432        3398        2570        2590           0           0           0           0           0           0           0           0        6385        6492           0           0           0           0         672         662           0           0
 Accuracy:    0.035   0.010   0.020   3.125
 Found         9422  events.
 Wrote          171  events.
 Actual xsec    2.5186304509849706E-010
 Correct abs xsec    8.9622837565035795E-010
 Event xsec    8.9622837565035319E-010
 Events wgts > 1:            5
 % Cross section > 1:    5.9061725943085736E-012  0.65900307943527525     
 Iteration  8   Mean: 0.2579E-09 Abs mean: 0.9114E-09   Fluctuation:  0.150E-10   0.266E-05    86.5%
  8    0.2579E-09 0.9114E-09 +- 0.1501E-10      8.34
 Exceeded boost           1          96   128000.000    
 Exceeded boost           2          96   256000.000    
 Exceeded boost           5          96   256000.000    
 Relative summed weights:
  0.0000E+00  0.0000E+00  0.4425E-01  0.2530E-01  0.0000E+00  0.0000E+00  0.0000E+00  0.0000E+00  0.0000E+00  0.0000E+00  0.3337E-01  0.3632E-01  0.5155E-01  0.5792E-01  0.0000E+00  0.0000E+00  0.0000E+00  0.0000E+00  0.0000E+00  0.0000E+00  0.0000E+00  0.0000E+00  0.6022E-01  0.5580E-01  0.0000E+00  0.0000E+00  0.0000E+00  0.0000E+00  0.6387E-02  0.5235E-02  0.0000E+00  0.0000E+00
  0.0000E+00  0.0000E+00  0.2940E-01  0.2688E-01  0.0000E+00  0.0000E+00  0.0000E+00  0.0000E+00  0.0000E+00  0.0000E+00  0.3348E-01  0.3117E-01  0.0000E+00  0.0000E+00  0.0000E+00  0.0000E+00  0.0000E+00  0.0000E+00  0.0000E+00  0.0000E+00  0.0000E+00  0.0000E+00  0.0000E+00  0.0000E+00  0.0000E+00  0.0000E+00  0.0000E+00  0.0000E+00  0.0000E+00  0.0000E+00  0.0000E+00  0.0000E+00
  0.0000E+00  0.0000E+00  0.3106E-01  0.3144E-01  0.0000E+00  0.0000E+00  0.0000E+00  0.0000E+00  0.0000E+00  0.0000E+00  0.3264E-01  0.3318E-01  0.0000E+00  0.0000E+00  0.0000E+00  0.0000E+00  0.0000E+00  0.0000E+00  0.0000E+00  0.0000E+00  0.0000E+00  0.0000E+00  0.0000E+00  0.0000E+00  0.0000E+00  0.0000E+00  0.0000E+00  0.0000E+00  0.0000E+00  0.0000E+00  0.0000E+00  0.0000E+00
  0.0000E+00  0.0000E+00  0.2891E-01  0.3073E-01  0.0000E+00  0.0000E+00  0.0000E+00  0.0000E+00  0.0000E+00  0.0000E+00  0.3332E-01  0.3056E-01  0.6763E-01  0.5306E-01  0.0000E+00  0.0000E+00  0.0000E+00  0.0000E+00  0.0000E+00  0.0000E+00  0.0000E+00  0.0000E+00  0.5707E-01  0.6166E-01  0.0000E+00  0.0000E+00  0.0000E+00  0.0000E+00  0.5436E-02  0.6031E-02  0.0000E+00  0.0000E+00
 Relative number of events:
  0.0000E+00  0.0000E+00  0.1607E-01  0.1674E-01  0.0000E+00  0.0000E+00  0.0000E+00  0.0000E+00  0.0000E+00  0.0000E+00  0.4529E-01  0.4545E-01  0.3394E-01  0.3389E-01  0.0000E+00  0.0000E+00  0.0000E+00  0.0000E+00  0.0000E+00  0.0000E+00  0.0000E+00  0.0000E+00  0.8369E-01  0.8493E-01  0.0000E+00  0.0000E+00  0.0000E+00  0.0000E+00  0.7994E-02  0.8219E-02  0.0000E+00  0.0000E+00
  0.0000E+00  0.0000E+00  0.1642E-01  0.1695E-01  0.0000E+00  0.0000E+00  0.0000E+00  0.0000E+00  0.0000E+00  0.0000E+00  0.4463E-01  0.4493E-01  0.0000E+00  0.0000E+00  0.0000E+00  0.0000E+00  0.0000E+00  0.0000E+00  0.0000E+00  0.0000E+00  0.0000E+00  0.0000E+00  0.0000E+00  0.0000E+00  0.0000E+00  0.0000E+00  0.0000E+00  0.0000E+00  0.0000E+00  0.0000E+00  0.0000E+00  0.0000E+00
  0.0000E+00  0.0000E+00  0.1684E-01  0.1625E-01  0.0000E+00  0.0000E+00  0.0000E+00  0.0000E+00  0.0000E+00  0.0000E+00  0.4529E-01  0.4474E-01  0.0000E+00  0.0000E+00  0.0000E+00  0.0000E+00  0.0000E+00  0.0000E+00  0.0000E+00  0.0000E+00  0.0000E+00  0.0000E+00  0.0000E+00  0.0000E+00  0.0000E+00  0.0000E+00  0.0000E+00  0.0000E+00  0.0000E+00  0.0000E+00  0.0000E+00  0.0000E+00
Thanks for using LHAPDF 6.2.1. Please make sure to cite the paper:
  Eur.Phys.J. C75 (2015) 3, 132  (http://arxiv.org/abs/1412.7420)
  0.0000E+00  0.0000E+00  0.1677E-01  0.1656E-01  0.0000E+00  0.0000E+00  0.0000E+00  0.0000E+00  0.0000E+00  0.0000E+00  0.4516E-01  0.4543E-01  0.3440E-01  0.3395E-01  0.0000E+00  0.0000E+00  0.0000E+00  0.0000E+00  0.0000E+00  0.0000E+00  0.0000E+00  0.0000E+00  0.8403E-01  0.8445E-01  0.0000E+00  0.0000E+00  0.0000E+00  0.0000E+00  0.8515E-02  0.8469E-02  0.0000E+00  0.0000E+00
 Events:
           0           0        2436        2538           0           0           0           0           0           0        6867        6890        5145        5138           0           0           0           0           0           0           0           0       12688       12876           0           0           0           0        1212        1246           0           0
           0           0        2490        2569           0           0           0           0           0           0        6766        6811           0           0           0           0           0           0           0           0           0           0           0           0           0           0           0           0           0           0           0           0
           0           0        2553        2464           0           0           0           0           0           0        6867        6783           0           0           0           0           0           0           0           0           0           0           0           0           0           0           0           0           0           0           0           0
           0           0        2542        2511           0           0           0           0           0           0        6847        6887        5216        5147           0           0           0           0           0           0           0           0       12740       12803           0           0           0           0        1291        1284           0           0
 Accuracy:    0.021   0.010   0.013   2.763
 Found        20911  events.
 Wrote          374  events.
 Actual xsec    2.5570108630414074E-010
 Correct abs xsec    9.0467218174886933E-010
 Event xsec    9.0467218174886385E-010
 Events wgts > 1:            3
 % Cross section > 1:    8.5472079030600491E-012  0.94478509182597437     

 -------------------------------------------------------------------------------
 Accumulated results:   Integral =  0.9009E-09
                        Std dev  =  0.1135E-10
                       Cross sec =  0.2551E-09
             Chi**2 per DoF.     =      2.7630
 -------------------------------------------------------------------------------
-------------------------------------------------
---------------------------
 Results Last   3 iters: Integral =   0.2557E-09
                     Abs integral =   0.9047E-09
                          Std dev =   0.1152E-10
                  Chi**2 per DoF. =      0.2936
-------------------------------------------------
---------------------------
 Status   1.0000000000000000E-002           9           8

ls status:
events.lhe
ftn26
input_app.txt
results.dat
run1_app.log
