==== LHAPDF6 USING DEFAULT-TYPE LHAGLUE INTERFACE ====
LHAPDF 6.2.1 loading /cvmfs/cms.cern.ch/slc6_amd64_gcc630/external/lhapdf/6.2.1-ghjeda2/share/LHAPDF/NNPDF31_nnlo_as_0118_nf_4_mc_hessian/NNPDF31_nnlo_as_0118_nf_4_mc_hessian_0000.dat
NNPDF31_nnlo_as_0118_nf_4_mc_hessian PDF set, member #0, version 1; LHAPDF ID = 325500
 Process in group number            2
 A PDF is used, so alpha_s(MZ) is going to be modified
 Old value of alpha_s from param_card:   0.11810000000000001     
 New value of alpha_s from PDF lhapdf :  0.11266013434007299     
 using LHAPDF
 Define smin to   10000.000000000000     
 Define smin to   10000.000000000000     
 Define smin to   10000.000000000000     
 Define smin to   10000.000000000000     
 Define smin to   10000.000000000000     
 Define smin to   10000.000000000000     
 Define smin to   10000.000000000000     
 *****************************************************
 *               MadGraph/MadEvent                   *
 *        --------------------------------           *
 *          http://madgraph.hep.uiuc.edu             *
 *          http://madgraph.phys.ucl.ac.be           *
 *          http://madgraph.roma2.infn.it            *
 *        --------------------------------           *
 *                                                   *
 *          PARAMETER AND COUPLING VALUES            *
 *                                                   *
 *****************************************************

  External Params
  ---------------------------------
  
 mdl_MW0 =    80.387000000000000     
 mdl_Gf =    1.1663789999999999E-005
 aS =   0.11810000000000001     
 mdl_ymdo =    1.0000000000000000E-099
 mdl_ymb =    4.1799999999999997     
 mdl_ymt =    173.19999999999999     
 mdl_ymtau =    1.7769999999999999     
 mdl_LambdaSMEFT =    1000.0000000000000     
 mdl_cHW =    1.0000000000000000     
 mdl_MZ =    91.187600000000003     
 mdl_MTA =    1.7769999999999999     
 mdl_MT =    173.19999999999999     
 mdl_MB =    4.1799999999999997     
 mdl_MH =    125.09000000000000     
 mdl_WZ =    2.4952000000000001     
 mdl_WW =    2.0850000000000000     
 mdl_WT =    1.5083359999999999     
 mdl_WH =    4.0699999999999998E-003
  Internal Params
  ---------------------------------
  
 mdl_ymm =    1.0000000000000000E-099
 mdl_yme =    1.0000000000000000E-099
 mdl_ymc =    1.0000000000000000E-099
 mdl_yms =    1.0000000000000000E-099
 mdl_ymup =    1.0000000000000000E-099
 mdl_conjg__CKM3x3 =    1.0000000000000000     
 mdl_cH =    0.0000000000000000     
 mdl_cHB =    0.0000000000000000     
 mdl_CKM1x1 =    1.0000000000000000     
 mdl_conjg__CKM1x1 =    1.0000000000000000     
 mdl_dGf =    0.0000000000000000     
 mdl_CKM3x3 =    1.0000000000000000     
 mdl_dMH2 =    0.0000000000000000     
 mdl_conjg__CKM2x2 =    1.0000000000000000     
 mdl_dg1 =    0.0000000000000000     
 mdl_CKM2x2 =    1.0000000000000000     
 mdl_dgw =    0.0000000000000000     
 mdl_complexi =  (  0.0000000000000000     ,  1.0000000000000000     )
 mdl_MW =    80.387000000000000     
 mdl_nb__2__exp__0_25 =    1.1892071150027210     
 mdl_MH__exp__2 =    15647.508100000001     
 mdl_sqrt__2 =    1.4142135623730951     
 mdl_MW__exp__2 =    6462.0697689999997     
 mdl_MZ__exp__2 =    8315.1783937600012     
 mdl_sth2 =   0.22285855299877133     
 mdl_MH__exp__6 =    3831206449390.3818     
 mdl_MT__exp__6 =    26995248278778.535     
 mdl_MH__exp__4 =    244844509.73956564     
 mdl_MT__exp__4 =    899894403.09759963     
 mdl_MT__exp__2 =    29998.239999999994     
 mdl_LambdaSMEFT__exp__2 =    1000000.0000000000     
 mdl_cth =   0.88155626422890820     
 mdl_sqrt__sth2 =   0.47207896902824564     
 mdl_sth =   0.47207896902824564     
 mdl_MW0__exp__6 =    269845343347.69711     
 mdl_MW0__exp__4 =    41758345.699423708     
 mdl_MW0__exp__2 =    6462.0697689999997     
 mdl_MZ__exp__4 =    69142191.720053151     
 mdl_MZ__exp__6 =    574929658687.79749     
 mdl_cth__exp__2 =   0.77714144700122867     
 mdl_sth__exp__2 =   0.22285855299877130     
 mdl_sth__exp__3 =   0.10520683593878660     
 mdl_cth__exp__3 =   0.68509391079585125     
 mdl_sth__exp__4 =    4.9665934644706158E-002
 mdl_sqrt__Gf =    3.4152291284773265E-003
 mdl_vevhat =    246.21961912951551     
 mdl_lam =   0.12905352724481209     
 mdl_aEW =    7.5614618607353409E-003
 mdl_yb =    2.4008698866559607E-002
 mdl_yc =    5.7437078628133041E-102
 mdl_ydo =    5.7437078628133041E-102
 mdl_ye =    5.7437078628133041E-102
 mdl_ym =    5.7437078628133041E-102
 mdl_ys =    5.7437078628133041E-102
 mdl_yt =   0.99481020183926416     
 mdl_ytau =    1.0206568872219240E-002
 mdl_yup =    5.7437078628133041E-102
 mdl_vevhat__exp__2 =    60624.100844283676     
 mdl_barlam =   0.12905352724481209     
 mdl_vevT =    246.21961912951551     
 mdl_sqrt__aEW =    8.6956666568672819E-002
 mdl_ee =   0.30825335704310214     
 mdl_gwsh =   0.61338418662494298     
 mdl_vev =    246.21961912951551     
 mdl_g1 =   0.34966952144878632     
 mdl_gw =   0.65296989967087182     
 mdl_ee__exp__2 =    9.5020132128342205E-002
 mdl_gHaa =   -1.9303830602986922E-003
 mdl_gHza =   -6.8546472954154700E-003
 mdl_g1sh =   0.34966952144878632     
 mdl_I1d11 =  (  5.7437078628133041E-102,  0.0000000000000000     )
 mdl_I1d22 =  (  5.7437078628133041E-102,  0.0000000000000000     )
 mdl_I1d33 =  (  2.4008698866559607E-002,  0.0000000000000000     )
 mdl_I2d11 =  (  5.7437078628133041E-102,  0.0000000000000000     )
 mdl_I2d22 =  (  5.7437078628133041E-102,  0.0000000000000000     )
 mdl_I2d33 =  ( 0.99481020183926416     ,  0.0000000000000000     )
 mdl_I3d11 =  (  5.7437078628133041E-102,  0.0000000000000000     )
 mdl_I3d22 =  (  5.7437078628133041E-102,  0.0000000000000000     )
 mdl_I3d33 =  (  2.4008698866559607E-002,  0.0000000000000000     )
 mdl_I4d11 =  (  5.7437078628133041E-102,  0.0000000000000000     )
 mdl_I4d22 =  (  5.7437078628133041E-102,  0.0000000000000000     )
 mdl_I4d33 =  ( 0.99481020183926416     ,  0.0000000000000000     )
 mdl_I5d11 =  (  5.7437078628133041E-102,  0.0000000000000000     )
 mdl_I5d22 =  (  5.7437078628133041E-102,  0.0000000000000000     )
 mdl_I5d33 =  (  2.4008698866559607E-002,  0.0000000000000000     )
 mdl_I6d11 =  (  5.7437078628133041E-102,  0.0000000000000000     )
 mdl_I6d22 =  (  5.7437078628133041E-102,  0.0000000000000000     )
 mdl_I6d33 =  ( 0.99481020183926416     ,  0.0000000000000000     )
 mdl_ee__exp__3 =    2.9290274715240611E-002
 mdl_vevhat__exp__3 =    14926843.019948866     
  Internal Params evaluated point by point
  ----------------------------------------
  
 mdl_sqrt__aS =   0.34365680554879169     
 mdl_G__exp__2 =    1.4840883695558185     
 mdl_gHgg =    3.2334372328970845E-003
 mdl_G__exp__3 =  (  1.8079634332366095     ,  0.0000000000000000     )
  Couplings of SMEFTsim_A_U35_MwScheme_UFO_v3_1-cHW_massless
  ---------------------------------
  
         GC_1 =   0.00000E+00   0.10275E+00
         GC_2 =  -0.00000E+00  -0.20550E+00
         GC_3 =  -0.00000E+00  -0.30825E+00
       GC_255 =  -0.00000E+00  -0.42637E+00
       GC_278 =  -0.00000E+00  -0.37035E+00
       GC_280 =  -0.00000E+00  -0.57563E+00
       GC_328 =  -0.00000E+00  -0.55024E-01
       GC_329 =   0.00000E+00   0.11005E+00
       GC_330 =  -0.00000E+00  -0.16507E+00
       GC_387 =   0.00000E+00   0.98488E-03
       GC_400 =   0.00000E+00   0.52490E+02
       GC_809 =  -0.00000E+00  -0.72171E-02
      GC_1073 =  -0.00000E+00  -0.46172E+00

 Collider parameters:
 --------------------

 Running at P P   machine @    13000.000000000000       GeV
 PDF set = lhapdf 
 alpha_s(Mz)= 0.1127 running at 3 loops.
 alpha_s(Mz)= 0.1127 running at 3 loops.
 Renormalization scale set on event-by-event basis
 Factorization   scale set on event-by-event basis


 getting user params
Enter number of events and max and min iterations: 
 Number of events and iterations         2000           8           3
Enter desired fractional accuracy: 
 Desired fractional accuracy:    1.0000000000000000E-002
Enter 0 for fixed, 2 for adjustable grid: 
Suppress amplitude (0 no, 1 yes)? 
 Using suppressed amplitude.
Exact helicity sum (0 yes, n = number/event)? 
 Explicitly summing over helicities
Enter Configuration Number: 
Running Configuration Number:  115
 Not subdividing B.W.
 Attempting mappinvarients           1           8
 Completed mapping           8
 about to integrate           16        2000           8           3          16           1
 Using non-zero grid deformation.
 16 dimensions   2000 events 16 invarients  8 iterations  1 config(s),  (0.99)
 Using h-tuple random number sequence.
 Error opening grid
 Using Uniform Grid!          32
 Using uniform alpha   1.0000000000000000     
 Grid defined OK
 Set CM energy to      13000.00
 Mapping Graph         115  to config         115
 Setting BW          -1           1   80.387000000000000     
 Warning: No cutoff for shat integral found
          Minimum set to    5.9171597633136107E-009
Setting grid   2    0.59172E-08   1
Setting grid   3    0.18685E-07   1
 Warning: No cutoff for shat integral found
          Minimum set to    5.9171597633136107E-009
Setting grid   4    0.59172E-08   1
Setting grid   5    0.59172E-06   1
 Transforming s_hat 1/s           15   5.9171597633136108E-005   10000.000000000000        168999999.99999997     
 115   1   2   3   4   5   6   7   8   9  10  11  12  13  14
  15  16
 Masses: 0.000E+00 0.000E+00 0.000E+00 0.178E+01 0.000E+00 0.000E+00 0.000E+00 0.000E+00
Using random seed offsets   115 :      6
  with seed                   24
 Ranmar initialization seeds       31173        9403
 
 ********************************************
 * You are using the DiscreteSampler module *
 *      part of the MG5_aMC framework       *
 *         Author: Valentin Hirschi         *
 ********************************************
 
  Particle       3       4       5       6       7       8
      Et >     0.0     0.0     0.0     0.0    10.0    10.0
       E >     0.0     0.0     0.0     0.0     0.0     0.0
     Eta <    -1.0    -1.0    -1.0    -1.0     6.5     6.5
   xqcut:      0.0     0.0     0.0     0.0     0.0     0.0
d R # 3  >    -0.0     0.4     0.0     0.0     0.4     0.4
d R # 4  >    -0.0    -0.0     0.0     0.0     0.4     0.4
d R # 5  >    -0.0    -0.0    -0.0     0.0     0.0     0.0
d R # 6  >    -0.0    -0.0    -0.0    -0.0     0.0     0.0
d R # 7  >    -0.0    -0.0    -0.0    -0.0    -0.0     0.4
s min # 3>     0.0     0.0     0.0     0.0     0.0     0.0
s min # 4>     0.0     0.0     0.0     0.0     0.0     0.0
s min # 5>     0.0     0.0     0.0     0.0     0.0     0.0
s min # 6>     0.0     0.0     0.0     0.0     0.0     0.0
s min # 7>     0.0     0.0     0.0     0.0     0.0 10000.0
xqcutij # 3>     0.0     0.0     0.0     0.0     0.0     0.0
xqcutij # 4>     0.0     0.0     0.0     0.0     0.0     0.0
xqcutij # 5>     0.0     0.0     0.0     0.0     0.0     0.0
xqcutij # 6>     0.0     0.0     0.0     0.0     0.0     0.0
xqcutij # 7>     0.0     0.0     0.0     0.0     0.0     0.0
 No cut BW           -1           1
 No cut BW           -3           2
 No cut BW           -5           3
 alpha_s for scale    93.674678162753850       is   0.11218216353822383     
 Added good helicity          193   255.95136130431723       in event            1 local:           1
 Added good helicity          209   4.8638695682800041E-002  in event            1 local:           1
 Added good helicity          193   255.34235136403214       in event            1 local:           1
 Added good helicity          209  0.65764863596787904       in event            1 local:           1
 RESET CUMULATIVE VARIABLE
 RESET CUMULATIVE VARIABLE
 RESET CUMULATIVE VARIABLE
 Iteration  1   Mean: 0.1672E-08 Abs mean: 0.2030E-08   Fluctuation:  0.968E-09   0.187E-05     3.3%
  1    0.1672E-08 0.2030E-08 +- 0.9682E-09     21.33
 Writing out events   3.8763705629219238E-012   21.330960753288892     
 Relative summed weights:
  0.1037E+00  0.0000E+00  0.0000E+00  0.0000E+00  0.3014E-03  0.0000E+00  0.0000E+00  0.0000E+00  0.0000E+00  0.0000E+00  0.0000E+00  0.0000E+00  0.0000E+00  0.0000E+00
  0.1281E+00  0.0000E+00  0.6265E-01  0.2261E-01  0.1975E-02  0.0000E+00  0.5170E+00  0.3243E-01  0.0000E+00  0.0000E+00  0.6121E-02  0.1210E+00  0.3446E-02  0.7150E-03
 Relative number of events:
  0.1747E+00  0.0000E+00  0.0000E+00  0.0000E+00  0.2203E-01  0.0000E+00  0.0000E+00  0.0000E+00  0.0000E+00  0.0000E+00  0.0000E+00  0.0000E+00  0.0000E+00  0.0000E+00
  0.1696E+00  0.0000E+00  0.1211E+00  0.1167E+00  0.1909E-01  0.0000E+00  0.9398E-01  0.1050E+00  0.0000E+00  0.0000E+00  0.6755E-01  0.8223E-01  0.1689E-01  0.1101E-01
 Events:
         238           0           0           0          30           0           0           0           0           0           0           0           0           0
         231           0         165         159          26           0         128         143           0           0          92         112          23          15
 Iteration  2   Mean: 0.6891E-09 Abs mean: 0.1068E-08   Fluctuation:  0.195E-09   0.530E-06    41.6%
  2    0.6891E-09 0.1068E-08 +- 0.1948E-09     11.53
 Relative summed weights:
  0.9578E-01  0.0000E+00  0.0000E+00  0.0000E+00  0.3271E-01  0.0000E+00  0.0000E+00  0.0000E+00  0.0000E+00  0.0000E+00  0.0000E+00  0.0000E+00  0.0000E+00  0.0000E+00
  0.1174E+00  0.0000E+00  0.4256E-01  0.1589E+00  0.3959E-01  0.0000E+00  0.3131E-01  0.7557E-01  0.0000E+00  0.0000E+00  0.1901E-01  0.2199E+00  0.4358E-02  0.1629E+00
 Relative number of events:
  0.1661E+00  0.0000E+00  0.0000E+00  0.0000E+00  0.1917E-01  0.0000E+00  0.0000E+00  0.0000E+00  0.0000E+00  0.0000E+00  0.0000E+00  0.0000E+00  0.0000E+00  0.0000E+00
  0.1864E+00  0.0000E+00  0.1357E+00  0.1225E+00  0.1616E-01  0.0000E+00  0.9771E-01  0.8944E-01  0.0000E+00  0.0000E+00  0.7103E-01  0.6915E-01  0.1240E-01  0.1428E-01
 Events:
         442           0           0           0          51           0           0           0           0           0           0           0           0           0
         496           0         361         326          43           0         260         238           0           0         189         184          33          38
 Iteration  3   Mean: 0.3013E-09 Abs mean: 0.1918E-08   Fluctuation:  0.533E-09   0.388E-05    52.8%
  3    0.3013E-09 0.1918E-08 +- 0.5328E-09     24.85
 Relative summed weights:
  0.3040E+00  0.0000E+00  0.0000E+00  0.0000E+00  0.9300E-02  0.0000E+00  0.0000E+00  0.0000E+00  0.0000E+00  0.0000E+00  0.0000E+00  0.0000E+00  0.0000E+00  0.0000E+00
  0.2093E+00  0.0000E+00  0.7116E-01  0.2019E+00  0.1360E-01  0.0000E+00  0.6319E-01  0.4646E-01  0.0000E+00  0.0000E+00  0.2343E-01  0.3760E-01  0.5008E-02  0.1504E-01
 Relative number of events:
  0.1961E+00  0.0000E+00  0.0000E+00  0.0000E+00  0.1486E-01  0.0000E+00  0.0000E+00  0.0000E+00  0.0000E+00  0.0000E+00  0.0000E+00  0.0000E+00  0.0000E+00  0.0000E+00
  0.2050E+00  0.0000E+00  0.1204E+00  0.1153E+00  0.1603E-01  0.0000E+00  0.9109E-01  0.9187E-01  0.0000E+00  0.0000E+00  0.5864E-01  0.7076E-01  0.9382E-02  0.1056E-01
 Events:
        1003           0           0           0          76           0           0           0           0           0           0           0           0           0
        1049           0         616         590          82           0         466         470           0           0         300         362          48          54
 Accuracy:    0.216   0.010   0.145   2.210
 Found          620  events.
 Wrote            5  events.
 Actual xsec    6.7423690490380335E-010
 Correct abs xsec    1.3894006797691361E-009
 Event xsec    1.3894006797691359E-009
 Events wgts > 1:            0
 % Cross section > 1:    0.0000000000000000        0.0000000000000000     
 Iteration  4   Mean: 0.1137E-08 Abs mean: 0.1791E-08   Fluctuation:  0.221E-09   0.214E-05    62.1%
  4    0.1137E-08 0.1791E-08 +- 0.2208E-09     15.59
 Relative summed weights:
  0.3176E+00  0.0000E+00  0.0000E+00  0.0000E+00  0.3848E-01  0.0000E+00  0.0000E+00  0.0000E+00  0.0000E+00  0.0000E+00  0.0000E+00  0.0000E+00  0.0000E+00  0.0000E+00
  0.1382E+00  0.0000E+00  0.7702E-01  0.1159E+00  0.1135E-01  0.0000E+00  0.6947E-01  0.1637E+00  0.0000E+00  0.0000E+00  0.2806E-01  0.3214E-01  0.3462E-02  0.4536E-02
 Relative number of events:
  0.2146E+00  0.0000E+00  0.0000E+00  0.0000E+00  0.1233E-01  0.0000E+00  0.0000E+00  0.0000E+00  0.0000E+00  0.0000E+00  0.0000E+00  0.0000E+00  0.0000E+00  0.0000E+00
  0.2158E+00  0.0000E+00  0.1141E+00  0.1192E+00  0.1233E-01  0.0000E+00  0.8562E-01  0.8207E-01  0.0000E+00  0.0000E+00  0.6362E-01  0.6096E-01  0.1046E-01  0.8877E-02
 Events:
        2176           0           0           0         125           0           0           0           0           0           0           0           0           0
        2188           0        1157        1208         125           0         868         832           0           0         645         618         106          90
 Accuracy:    0.120   0.010   0.094   1.643
 Found          849  events.
 Wrote           12  events.
 Actual xsec    9.1348097066724195E-010
 Correct abs xsec    1.6064955448225761E-009
 Event xsec    1.6064955448225758E-009
 Events wgts > 1:            0
 % Cross section > 1:    0.0000000000000000        0.0000000000000000     
 Iteration  5   Mean: 0.1042E-08 Abs mean: 0.1819E-08   Fluctuation:  0.248E-09   0.749E-05    67.8%
  5    0.1042E-08 0.1819E-08 +- 0.2482E-09     24.41
 Relative summed weights:
  0.2027E+00  0.0000E+00  0.0000E+00  0.0000E+00  0.7052E-02  0.0000E+00  0.0000E+00  0.0000E+00  0.0000E+00  0.0000E+00  0.0000E+00  0.0000E+00  0.0000E+00  0.0000E+00
  0.3830E+00  0.0000E+00  0.9685E-01  0.7504E-01  0.8049E-02  0.0000E+00  0.4518E-01  0.8559E-01  0.0000E+00  0.0000E+00  0.4194E-01  0.3550E-01  0.7078E-02  0.1198E-01
 Relative number of events:
  0.2228E+00  0.0000E+00  0.0000E+00  0.0000E+00  0.1174E-01  0.0000E+00  0.0000E+00  0.0000E+00  0.0000E+00  0.0000E+00  0.0000E+00  0.0000E+00  0.0000E+00  0.0000E+00
  0.2222E+00  0.0000E+00  0.1151E+00  0.1169E+00  0.1194E-01  0.0000E+00  0.8186E-01  0.8206E-01  0.0000E+00  0.0000E+00  0.5614E-01  0.6193E-01  0.8340E-02  0.9040E-02
 Events:
        4461           0           0           0         235           0           0           0           0           0           0           0           0           0
        4449           0        2305        2340         239           0        1639        1643           0           0        1124        1240         167         181
 Accuracy:    0.087   0.010   0.077   1.265
 Found         1989  events.
 Wrote            3  events.
 Actual xsec    1.0163211026998110E-009
 Correct abs xsec    1.8148884498846160E-009
 Event xsec    1.8148884498846162E-009
 Events wgts > 1:            1
 % Cross section > 1:    3.3547018842668148E-017   1.8484342023776140E-006
 Iteration  6   Mean: 0.9166E-09 Abs mean: 0.1750E-08   Fluctuation:  0.107E-09   0.441E-05    71.2%
  6    0.9166E-09 0.1750E-08 +- 0.1075E-09     15.54
 Relative summed weights:
  0.2500E+00  0.0000E+00  0.0000E+00  0.0000E+00  0.8434E-02  0.0000E+00  0.0000E+00  0.0000E+00  0.0000E+00  0.0000E+00  0.0000E+00  0.0000E+00  0.0000E+00  0.0000E+00
  0.2804E+00  0.0000E+00  0.8592E-01  0.9348E-01  0.9074E-02  0.0000E+00  0.9297E-01  0.8470E-01  0.0000E+00  0.0000E+00  0.3952E-01  0.4413E-01  0.6595E-02  0.4795E-02
 Relative number of events:
  0.2356E+00  0.0000E+00  0.0000E+00  0.0000E+00  0.1133E-01  0.0000E+00  0.0000E+00  0.0000E+00  0.0000E+00  0.0000E+00  0.0000E+00  0.0000E+00  0.0000E+00  0.0000E+00
  0.2312E+00  0.0000E+00  0.1120E+00  0.1114E+00  0.1210E-01  0.0000E+00  0.8009E-01  0.8104E-01  0.0000E+00  0.0000E+00  0.5390E-01  0.5551E-01  0.7668E-02  0.8145E-02
 Events:
        9402           0           0           0         452           0           0           0           0           0           0           0           0           0
        9225           0        4468        4447         483           0        3196        3234           0           0        2151        2215         306         325
 Accuracy:    0.048   0.010   0.048   0.995
 Found         4400  events.
 Wrote           36  events.
 Actual xsec    9.7173259037046118E-010
 Correct abs xsec    1.7664731188129456E-009
 Event xsec    1.7664731188129466E-009
 Events wgts > 1:            2
 % Cross section > 1:    1.5386514286703749E-011  0.87103019699746931     
 Iteration  7   Mean: 0.8254E-09 Abs mean: 0.1627E-08   Fluctuation:  0.351E-10   0.172E-05    73.3%
  7    0.8254E-09 0.1627E-08 +- 0.3508E-10      7.72
 Exceeded boost           3          96   128000.000    
 Relative summed weights:
  0.2471E+00  0.0000E+00  0.0000E+00  0.0000E+00  0.1022E-01  0.0000E+00  0.0000E+00  0.0000E+00  0.0000E+00  0.0000E+00  0.0000E+00  0.0000E+00  0.0000E+00  0.0000E+00
  0.2504E+00  0.0000E+00  0.1063E+00  0.8812E-01  0.1092E-01  0.0000E+00  0.8313E-01  0.8321E-01  0.0000E+00  0.0000E+00  0.5060E-01  0.5107E-01  0.1025E-01  0.8678E-02
Thanks for using LHAPDF 6.2.1. Please make sure to cite the paper:
  Eur.Phys.J. C75 (2015) 3, 132  (http://arxiv.org/abs/1412.7420)
 Relative number of events:
  0.2403E+00  0.0000E+00  0.0000E+00  0.0000E+00  0.1084E-01  0.0000E+00  0.0000E+00  0.0000E+00  0.0000E+00  0.0000E+00  0.0000E+00  0.0000E+00  0.0000E+00  0.0000E+00
  0.2402E+00  0.0000E+00  0.1074E+00  0.1072E+00  0.1020E-01  0.0000E+00  0.8034E-01  0.8104E-01  0.0000E+00  0.0000E+00  0.5342E-01  0.5471E-01  0.6935E-02  0.7463E-02
 Events:
       19124           0           0           0         863           0           0           0           0           0           0           0           0           0
       19115           0        8552        8531         812           0        6395        6450           0           0        4252        4355         552         594
 Accuracy:    0.021   0.010   0.020   1.129
 Found         9980  events.
 Wrote          247  events.
 Actual xsec    8.3993343121303017E-010
 Correct abs xsec    1.6440564984395822E-009
 Event xsec    1.6440564984395744E-009
 Events wgts > 1:            4
 % Cross section > 1:    1.7078119905664233E-011   1.0387793802630028     
 Iteration  8   Mean: 0.8663E-09 Abs mean: 0.1702E-08   Fluctuation:  0.216E-10   0.249E-05    74.9%
  8    0.8663E-09 0.1702E-08 +- 0.2158E-10      6.42
 Exceeded boost           2          96   128000.000    
 Exceeded boost           9          96   256000.000    
 Exceeded boost          13          95   128000.000    
 Relative summed weights:
  0.2460E+00  0.0000E+00  0.0000E+00  0.0000E+00  0.1575E-01  0.0000E+00  0.0000E+00  0.0000E+00  0.0000E+00  0.0000E+00  0.0000E+00  0.0000E+00  0.0000E+00  0.0000E+00
  0.2567E+00  0.0000E+00  0.9835E-01  0.9232E-01  0.1430E-01  0.0000E+00  0.8402E-01  0.8259E-01  0.0000E+00  0.0000E+00  0.4768E-01  0.4569E-01  0.9444E-02  0.7139E-02
 Relative number of events:
  0.2435E+00  0.0000E+00  0.0000E+00  0.0000E+00  0.1049E-01  0.0000E+00  0.0000E+00  0.0000E+00  0.0000E+00  0.0000E+00  0.0000E+00  0.0000E+00  0.0000E+00  0.0000E+00
  0.2435E+00  0.0000E+00  0.1068E+00  0.1069E+00  0.1034E-01  0.0000E+00  0.7842E-01  0.7926E-01  0.0000E+00  0.0000E+00  0.5370E-01  0.5274E-01  0.7183E-02  0.7158E-02
 Events:
       38751           0           0           0        1670           0           0           0           0           0           0           0           0           0
       38751           0       16993       17004        1646           0       12479       12613           0           0        8545        8392        1143        1139
 Accuracy:    0.012   0.010   0.011   1.237
 Found        23172  events.
 Wrote          876  events.
 Actual xsec    8.5765877575260504E-010
 Correct abs xsec    1.6846407671117285E-009
 Event xsec    1.6846407671117136E-009
 Events wgts > 1:           10
 % Cross section > 1:    1.5906202522614868E-011  0.94418957638581702     

 -------------------------------------------------------------------------------
 Accumulated results:   Integral =  0.1685E-08
                        Std dev  =  0.1796E-10
                       Cross sec =  0.8599E-09
             Chi**2 per DoF.     =      1.2374
 -------------------------------------------------------------------------------
-------------------------------------------------
---------------------------
 Results Last   3 iters: Integral =   0.8577E-09
                     Abs integral =   0.1685E-08
                          Std dev =   0.1813E-10
                  Chi**2 per DoF. =      1.8683
-------------------------------------------------
---------------------------
 Status   1.0000000000000000E-002           9           8

ls status:
events.lhe
ftn26
input_app.txt
results.dat
run1_app.log
