==== LHAPDF6 USING DEFAULT-TYPE LHAGLUE INTERFACE ====
LHAPDF 6.2.1 loading /cvmfs/cms.cern.ch/slc6_amd64_gcc630/external/lhapdf/6.2.1-ghjeda2/share/LHAPDF/NNPDF30_lo_as_0130_nf_4/NNPDF30_lo_as_0130_nf_4_0000.dat
NNPDF30_lo_as_0130_nf_4 PDF set, member #0, version 2; LHAPDF ID = 263400
 Process in group number            1
 A PDF is used, so alpha_s(MZ) is going to be modified
 Old value of alpha_s from param_card:   0.11810000000000001     
 New value of alpha_s from PDF lhapdf :  0.12470044313224841     
 using LHAPDF
 Define smin to   10000.000000000000     
 Define smin to   10000.000000000000     
 Define smin to   10000.000000000000     
 Define smin to   10000.000000000000     
 Define smin to   10000.000000000000     
 Define smin to   10000.000000000000     
 Define smin to   10000.000000000000     
 *****************************************************
 *               MadGraph/MadEvent                   *
 *        --------------------------------           *
 *          http://madgraph.hep.uiuc.edu             *
 *          http://madgraph.phys.ucl.ac.be           *
 *          http://madgraph.roma2.infn.it            *
 *        --------------------------------           *
 *                                                   *
 *          PARAMETER AND COUPLING VALUES            *
 *                                                   *
 *****************************************************

  External Params
  ---------------------------------
  
 mdl_MW0 =    80.387000000000000     
 mdl_Gf =    1.1663789999999999E-005
 aS =   0.11810000000000001     
 mdl_ymdo =    1.0000000000000000E-099
 mdl_ymb =    4.1799999999999997     
 mdl_ymt =    173.19999999999999     
 mdl_ymtau =    1.7769999999999999     
 mdl_LambdaSMEFT =    1000.0000000000000     
 mdl_cHW =    1.0000000000000000     
 mdl_MZ =    91.187600000000003     
 mdl_MTA =    1.7769999999999999     
 mdl_MT =    173.19999999999999     
 mdl_MB =    4.1799999999999997     
 mdl_MH =    125.09000000000000     
 mdl_WZ =    2.4952000000000001     
 mdl_WW =    2.0850000000000000     
 mdl_WT =    1.5083359999999999     
 mdl_WH =    4.0699999999999998E-003
  Internal Params
  ---------------------------------
  
 mdl_ymm =    1.0000000000000000E-099
 mdl_yme =    1.0000000000000000E-099
 mdl_ymc =    1.0000000000000000E-099
 mdl_yms =    1.0000000000000000E-099
 mdl_ymup =    1.0000000000000000E-099
 mdl_conjg__CKM3x3 =    1.0000000000000000     
 mdl_cH =    0.0000000000000000     
 mdl_cHB =    0.0000000000000000     
 mdl_CKM1x1 =    1.0000000000000000     
 mdl_conjg__CKM1x1 =    1.0000000000000000     
 mdl_dGf =    0.0000000000000000     
 mdl_CKM3x3 =    1.0000000000000000     
 mdl_dMH2 =    0.0000000000000000     
 mdl_conjg__CKM2x2 =    1.0000000000000000     
 mdl_dg1 =    0.0000000000000000     
 mdl_CKM2x2 =    1.0000000000000000     
 mdl_dgw =    0.0000000000000000     
 mdl_complexi =  (  0.0000000000000000     ,  1.0000000000000000     )
 mdl_MW =    80.387000000000000     
 mdl_nb__2__exp__0_25 =    1.1892071150027210     
 mdl_MH__exp__2 =    15647.508100000001     
 mdl_sqrt__2 =    1.4142135623730951     
 mdl_MW__exp__2 =    6462.0697689999997     
 mdl_MZ__exp__2 =    8315.1783937600012     
 mdl_sth2 =   0.22285855299877133     
 mdl_MH__exp__6 =    3831206449390.3818     
 mdl_MT__exp__6 =    26995248278778.535     
 mdl_MH__exp__4 =    244844509.73956564     
 mdl_MT__exp__4 =    899894403.09759963     
 mdl_MT__exp__2 =    29998.239999999994     
 mdl_LambdaSMEFT__exp__2 =    1000000.0000000000     
 mdl_cth =   0.88155626422890820     
 mdl_sqrt__sth2 =   0.47207896902824564     
 mdl_sth =   0.47207896902824564     
 mdl_MW0__exp__6 =    269845343347.69711     
 mdl_MW0__exp__4 =    41758345.699423708     
 mdl_MW0__exp__2 =    6462.0697689999997     
 mdl_MZ__exp__4 =    69142191.720053151     
 mdl_MZ__exp__6 =    574929658687.79749     
 mdl_cth__exp__2 =   0.77714144700122867     
 mdl_sth__exp__2 =   0.22285855299877130     
 mdl_sth__exp__3 =   0.10520683593878660     
 mdl_cth__exp__3 =   0.68509391079585125     
 mdl_sth__exp__4 =    4.9665934644706158E-002
 mdl_sqrt__Gf =    3.4152291284773265E-003
 mdl_vevhat =    246.21961912951551     
 mdl_lam =   0.12905352724481209     
 mdl_aEW =    7.5614618607353409E-003
 mdl_yb =    2.4008698866559607E-002
 mdl_yc =    5.7437078628133041E-102
 mdl_ydo =    5.7437078628133041E-102
 mdl_ye =    5.7437078628133041E-102
 mdl_ym =    5.7437078628133041E-102
 mdl_ys =    5.7437078628133041E-102
 mdl_yt =   0.99481020183926416     
 mdl_ytau =    1.0206568872219240E-002
 mdl_yup =    5.7437078628133041E-102
 mdl_vevhat__exp__2 =    60624.100844283676     
 mdl_barlam =   0.12905352724481209     
 mdl_vevT =    246.21961912951551     
 mdl_sqrt__aEW =    8.6956666568672819E-002
 mdl_ee =   0.30825335704310214     
 mdl_gwsh =   0.61338418662494298     
 mdl_vev =    246.21961912951551     
 mdl_g1 =   0.34966952144878632     
 mdl_gw =   0.65296989967087182     
 mdl_ee__exp__2 =    9.5020132128342205E-002
 mdl_gHaa =   -1.9303830602986922E-003
 mdl_gHza =   -6.8546472954154700E-003
 mdl_g1sh =   0.34966952144878632     
 mdl_I1d11 =  (  5.7437078628133041E-102,  0.0000000000000000     )
 mdl_I1d22 =  (  5.7437078628133041E-102,  0.0000000000000000     )
 mdl_I1d33 =  (  2.4008698866559607E-002,  0.0000000000000000     )
 mdl_I2d11 =  (  5.7437078628133041E-102,  0.0000000000000000     )
 mdl_I2d22 =  (  5.7437078628133041E-102,  0.0000000000000000     )
 mdl_I2d33 =  ( 0.99481020183926416     ,  0.0000000000000000     )
 mdl_I3d11 =  (  5.7437078628133041E-102,  0.0000000000000000     )
 mdl_I3d22 =  (  5.7437078628133041E-102,  0.0000000000000000     )
 mdl_I3d33 =  (  2.4008698866559607E-002,  0.0000000000000000     )
 mdl_I4d11 =  (  5.7437078628133041E-102,  0.0000000000000000     )
 mdl_I4d22 =  (  5.7437078628133041E-102,  0.0000000000000000     )
 mdl_I4d33 =  ( 0.99481020183926416     ,  0.0000000000000000     )
 mdl_I5d11 =  (  5.7437078628133041E-102,  0.0000000000000000     )
 mdl_I5d22 =  (  5.7437078628133041E-102,  0.0000000000000000     )
 mdl_I5d33 =  (  2.4008698866559607E-002,  0.0000000000000000     )
 mdl_I6d11 =  (  5.7437078628133041E-102,  0.0000000000000000     )
 mdl_I6d22 =  (  5.7437078628133041E-102,  0.0000000000000000     )
 mdl_I6d33 =  ( 0.99481020183926416     ,  0.0000000000000000     )
 mdl_ee__exp__3 =    2.9290274715240611E-002
 mdl_vevhat__exp__3 =    14926843.019948866     
  Internal Params evaluated point by point
  ----------------------------------------
  
 mdl_sqrt__aS =   0.34365680554879169     
 mdl_G__exp__2 =    1.4840883695558185     
 mdl_gHgg =    3.2334372328970845E-003
 mdl_G__exp__3 =  (  1.8079634332366095     ,  0.0000000000000000     )
  Couplings of SMEFTsim_A_U35_MwScheme_UFO_v3_1-cHW_massless
  ---------------------------------
  
         GC_1 =   0.00000E+00   0.10275E+00
         GC_2 =  -0.00000E+00  -0.20550E+00
         GC_3 =  -0.00000E+00  -0.30825E+00
       GC_255 =  -0.00000E+00  -0.42637E+00
       GC_278 =  -0.00000E+00  -0.37035E+00
       GC_280 =  -0.00000E+00  -0.57563E+00
       GC_328 =  -0.00000E+00  -0.55024E-01
       GC_329 =   0.00000E+00   0.11005E+00
       GC_330 =  -0.00000E+00  -0.16507E+00
       GC_387 =   0.00000E+00   0.98488E-03
       GC_400 =   0.00000E+00   0.52490E+02
       GC_809 =  -0.00000E+00  -0.72171E-02
      GC_1073 =  -0.00000E+00  -0.46172E+00

 Collider parameters:
 --------------------

 Running at P P   machine @    13000.000000000000       GeV
 PDF set = lhapdf 
 alpha_s(Mz)= 0.1247 running at 1 loops.
 alpha_s(Mz)= 0.1247 running at 1 loops.
 Renormalization scale set on event-by-event basis
 Factorization   scale set on event-by-event basis


 getting user params
Enter number of events and max and min iterations: 
 Number of events and iterations         2000           8           3
Enter desired fractional accuracy: 
 Desired fractional accuracy:    1.0000000000000000E-002
Enter 0 for fixed, 2 for adjustable grid: 
Suppress amplitude (0 no, 1 yes)? 
 Using suppressed amplitude.
Exact helicity sum (0 yes, n = number/event)? 
 Explicitly summing over helicities
Enter Configuration Number: 
Running Configuration Number:  210
 Using dconfig=         215
 BW Setting            2           2           2           1           2           0
 Attempting mappinvarients           1           8
 Completed mapping           8
 about to integrate           16        2000           8           3          16           1
 Using non-zero grid deformation.
 16 dimensions   2000 events 16 invarients  8 iterations  1 config(s),  (0.99)
 Using h-tuple random number sequence.
 Error opening grid
 Using Uniform Grid!          32
 Using uniform alpha   1.0000000000000000     
 Grid defined OK
 Set CM energy to      13000.00
 Mapping Graph         210  to config         210
Setting grid   1    0.59172E-04   1
Setting grid   2    0.18685E-07   1
Setting grid   3    0.61293E-04   1
 Setting BW          -4           4   80.387000000000000     
Setting grid   5    0.17452E-03   1
 Transforming s_hat 1/s           15   1.7452239124852076E-004   10000.000000000000        168999999.99999997     
 210   1   2   3   4   5   6   7   8   9  10  11  12  13  14
  15  16
 Masses: 0.000E+00 0.000E+00 0.000E+00 0.178E+01 0.000E+00 0.000E+00 0.000E+00 0.000E+00
Using random seed offsets   210 :      5
  with seed                   24
 Ranmar initialization seeds       31268        9402
 
 ********************************************
 * You are using the DiscreteSampler module *
 *      part of the MG5_aMC framework       *
 *         Author: Valentin Hirschi         *
 ********************************************
 
  Particle       3       4       5       6       7       8
      Et >     0.0     0.0     0.0     0.0    10.0    10.0
       E >     0.0     0.0     0.0     0.0     0.0     0.0
     Eta <    -1.0    -1.0    -1.0    -1.0     6.5     6.5
   xqcut:      0.0     0.0     0.0     0.0     0.0     0.0
d R # 3  >    -0.0     0.4     0.0     0.0     0.4     0.4
d R # 4  >    -0.0    -0.0     0.0     0.0     0.4     0.4
d R # 5  >    -0.0    -0.0    -0.0     0.0     0.0     0.0
d R # 6  >    -0.0    -0.0    -0.0    -0.0     0.0     0.0
d R # 7  >    -0.0    -0.0    -0.0    -0.0    -0.0     0.4
s min # 3>     0.0     0.0     0.0     0.0     0.0     0.0
s min # 4>     0.0     0.0     0.0     0.0     0.0     0.0
s min # 5>     0.0     0.0     0.0     0.0     0.0     0.0
s min # 6>     0.0     0.0     0.0     0.0     0.0     0.0
s min # 7>     0.0     0.0     0.0     0.0     0.0 10000.0
xqcutij # 3>     0.0     0.0     0.0     0.0     0.0     0.0
xqcutij # 4>     0.0     0.0     0.0     0.0     0.0     0.0
xqcutij # 5>     0.0     0.0     0.0     0.0     0.0     0.0
xqcutij # 6>     0.0     0.0     0.0     0.0     0.0     0.0
xqcutij # 7>     0.0     0.0     0.0     0.0     0.0     0.0
 Excluding BW           -1           1
 Excluding BW           -2           2
 Excluding BW           -3           3
 Requiring BW           -4           4
 Excluding BW           -5           5
 alpha_s for scale    56.017564028055844       is   0.13562996674440519     
 Added good helicity          193  -252.65711600547846       in event            1 local:           1
 Added good helicity          209   3.3428839945215234       in event            1 local:           1
 Added good helicity          193  -252.65711600547814       in event            1 local:           1
 Added good helicity          209   3.3428839945218756       in event            1 local:           1
 RESET CUMULATIVE VARIABLE
 RESET CUMULATIVE VARIABLE
 RESET CUMULATIVE VARIABLE
 Iteration  1   Mean: 0.3111E-08 Abs mean: 0.1792E-07   Fluctuation:  0.487E-08   0.652E-05    13.7%
  1    0.3111E-08 0.1792E-07 +- 0.4867E-08     12.14
 Writing out events   8.1912886594893630E-012   12.142944906698222     
 Relative summed weights:
  0.0000E+00  0.0000E+00  0.1817E+00  0.3785E+00  0.0000E+00  0.0000E+00  0.0000E+00  0.0000E+00  0.1166E+00  0.3232E+00  0.0000E+00  0.0000E+00  0.0000E+00  0.0000E+00
 Relative number of events:
  0.0000E+00  0.0000E+00  0.4795E+00  0.4614E+00  0.0000E+00  0.0000E+00  0.0000E+00  0.0000E+00  0.2479E-01  0.3432E-01  0.0000E+00  0.0000E+00  0.0000E+00  0.0000E+00
 Events:
           0           0         503         484           0           0           0           0          26          36           0           0           0           0
 Iteration  2   Mean: 0.8569E-08 Abs mean: 0.2286E-07   Fluctuation:  0.622E-08   0.213E-04    34.1%
  2    0.8569E-08 0.2286E-07 +- 0.6222E-08     17.22
 Relative summed weights:
  0.0000E+00  0.0000E+00  0.3323E+00  0.2687E+00  0.0000E+00  0.0000E+00  0.0000E+00  0.0000E+00  0.4537E-01  0.3536E+00  0.0000E+00  0.0000E+00  0.0000E+00  0.0000E+00
 Relative number of events:
  0.0000E+00  0.0000E+00  0.4671E+00  0.4838E+00  0.0000E+00  0.0000E+00  0.0000E+00  0.0000E+00  0.2518E-01  0.2392E-01  0.0000E+00  0.0000E+00  0.0000E+00  0.0000E+00
 Events:
           0           0        1113        1153           0           0           0           0          60          57           0           0           0           0
 Iteration  3   Mean: 0.9690E-08 Abs mean: 0.2921E-07   Fluctuation:  0.351E-08   0.140E-04    46.3%
  3    0.9690E-08 0.2921E-07 +- 0.3510E-08     10.75
 Relative summed weights:
  0.0000E+00  0.0000E+00  0.2915E+00  0.3018E+00  0.0000E+00  0.0000E+00  0.0000E+00  0.0000E+00  0.1604E+00  0.2463E+00  0.0000E+00  0.0000E+00  0.0000E+00  0.0000E+00
 Relative number of events:
  0.0000E+00  0.0000E+00  0.4757E+00  0.4740E+00  0.0000E+00  0.0000E+00  0.0000E+00  0.0000E+00  0.2687E-01  0.2341E-01  0.0000E+00  0.0000E+00  0.0000E+00  0.0000E+00
 Events:
           0           0        2337        2329           0           0           0           0         132         115           0           0           0           0
 Accuracy:    0.110   0.010   0.102   1.176
 Found          652  events.
 Wrote           13  events.
 Actual xsec    8.6063406676879369E-009
 Correct abs xsec    2.6730494080620153E-008
 Event xsec    2.6730494080620140E-008
 Events wgts > 1:            0
 % Cross section > 1:    0.0000000000000000        0.0000000000000000     
 Iteration  4   Mean: 0.7554E-08 Abs mean: 0.3197E-07   Fluctuation:  0.257E-08   0.242E-04    49.8%
  4    0.7554E-08 0.3197E-07 +- 0.2572E-08     10.17
 Relative summed weights:
  0.0000E+00  0.0000E+00  0.3288E+00  0.2912E+00  0.0000E+00  0.0000E+00  0.0000E+00  0.0000E+00  0.2493E+00  0.1307E+00  0.0000E+00  0.0000E+00  0.0000E+00  0.0000E+00
 Relative number of events:
  0.0000E+00  0.0000E+00  0.4807E+00  0.4713E+00  0.0000E+00  0.0000E+00  0.0000E+00  0.0000E+00  0.2543E-01  0.2259E-01  0.0000E+00  0.0000E+00  0.0000E+00  0.0000E+00
 Events:
           0           0        4725        4632           0           0           0           0         250         222           0           0           0           0
 Accuracy:    0.070   0.010   0.063   1.229
 Found         1407  events.
 Wrote           19  events.
 Actual xsec    8.2348425709095684E-009
 Correct abs xsec    3.0647240110551696E-008
 Event xsec    3.0647240110551696E-008
 Events wgts > 1:            1
 % Cross section > 1:    4.2636763739921582E-016   1.3912105490125994E-006
 Iteration  5   Mean: 0.1144E-07 Abs mean: 0.3349E-07   Fluctuation:  0.197E-08   0.329E-04    52.9%
  5    0.1144E-07 0.3349E-07 +- 0.1974E-08     10.54
 Relative summed weights:
  0.0000E+00  0.0000E+00  0.2726E+00  0.2800E+00  0.0000E+00  0.0000E+00  0.0000E+00  0.0000E+00  0.2663E+00  0.1812E+00  0.0000E+00  0.0000E+00  0.0000E+00  0.0000E+00
 Relative number of events:
  0.0000E+00  0.0000E+00  0.4713E+00  0.4799E+00  0.0000E+00  0.0000E+00  0.0000E+00  0.0000E+00  0.2484E-01  0.2398E-01  0.0000E+00  0.0000E+00  0.0000E+00  0.0000E+00
 Events:
           0           0        9277        9445           0           0           0           0         489         472           0           0           0           0
 Accuracy:    0.048   0.010   0.043   1.228
 Found         3008  events.
 Wrote           43  events.
 Actual xsec    1.0028140608536931E-008
 Correct abs xsec    3.2452796874353427E-008
 Event xsec    3.2452796874353413E-008
 Events wgts > 1:            1
 % Cross section > 1:    1.2083424872905611E-010  0.37233847423655564     
 Iteration  6   Mean: 0.8499E-08 Abs mean: 0.3421E-07   Fluctuation:  0.135E-08   0.398E-04    56.4%
  6    0.8499E-08 0.3421E-07 +- 0.1346E-08      9.95
 Relative summed weights:
  0.0000E+00  0.0000E+00  0.2880E+00  0.2705E+00  0.0000E+00  0.0000E+00  0.0000E+00  0.0000E+00  0.1938E+00  0.2477E+00  0.0000E+00  0.0000E+00  0.0000E+00  0.0000E+00
 Relative number of events:
  0.0000E+00  0.0000E+00  0.4730E+00  0.4766E+00  0.0000E+00  0.0000E+00  0.0000E+00  0.0000E+00  0.2551E-01  0.2493E-01  0.0000E+00  0.0000E+00  0.0000E+00  0.0000E+00
Thanks for using LHAPDF 6.2.1. Please make sure to cite the paper:
  Eur.Phys.J. C75 (2015) 3, 132  (http://arxiv.org/abs/1412.7420)
 Events:
           0           0       18615       18756           0           0           0           0        1004         981           0           0           0           0
 Accuracy:    0.032   0.010   0.029   1.206
 Found         6277  events.
 Wrote           70  events.
 Actual xsec    9.1417772163857318E-009
 Correct abs xsec    3.3702256079998359E-008
 Event xsec    3.3702256079998379E-008
 Events wgts > 1:            2
 % Cross section > 1:    1.3755906312303171E-010  0.40815980626492926     
 Iteration  7   Mean: 0.9971E-08 Abs mean: 0.3207E-07   Fluctuation:  0.537E-09   0.164E-04    59.1%
  7    0.9971E-08 0.3207E-07 +- 0.5372E-09      5.99
 Exceeded boost           3          96   128000.000    
 Relative summed weights:
  0.0000E+00  0.0000E+00  0.3076E+00  0.2953E+00  0.0000E+00  0.0000E+00  0.0000E+00  0.0000E+00  0.2048E+00  0.1923E+00  0.0000E+00  0.0000E+00  0.0000E+00  0.0000E+00
 Relative number of events:
  0.0000E+00  0.0000E+00  0.4733E+00  0.4770E+00  0.0000E+00  0.0000E+00  0.0000E+00  0.0000E+00  0.2505E-01  0.2461E-01  0.0000E+00  0.0000E+00  0.0000E+00  0.0000E+00
 Events:
           0           0       37028       37318           0           0           0           0        1960        1925           0           0           0           0
 Accuracy:    0.016   0.010   0.015   1.218
 Found        12534  events.
 Wrote          484  events.
 Actual xsec    9.8530374900935569E-009
 Correct abs xsec    3.2465163745175054E-008
 Event xsec    3.2465163745174855E-008
 Events wgts > 1:           12
 % Cross section > 1:    3.0841989510035697E-010  0.95000258591394282     
 Iteration  8   Mean: 0.1062E-07 Abs mean: 0.3240E-07   Fluctuation:  0.451E-09   0.478E-04    60.3%
  8    0.1062E-07 0.3240E-07 +- 0.4514E-09      7.05
 Exceeded boost           1          96   256000.000    
 Relative summed weights:
  0.0000E+00  0.0000E+00  0.2889E+00  0.2834E+00  0.0000E+00  0.0000E+00  0.0000E+00  0.0000E+00  0.2045E+00  0.2233E+00  0.0000E+00  0.0000E+00  0.0000E+00  0.0000E+00
 Relative number of events:
  0.0000E+00  0.0000E+00  0.4761E+00  0.4735E+00  0.0000E+00  0.0000E+00  0.0000E+00  0.0000E+00  0.2535E-01  0.2508E-01  0.0000E+00  0.0000E+00  0.0000E+00  0.0000E+00
 Events:
           0           0       74473       74075           0           0           0           0        3965        3923           0           0           0           0
 Accuracy:    0.010   0.010   0.010   1.044
 Found        26889  events.
 Wrote          310  events.
 Actual xsec    1.0226505566708810E-008
 Correct abs xsec    3.2400121820229431E-008
 Event xsec    3.2400121820229504E-008
 Events wgts > 1:            5
 % Cross section > 1:    1.7014732472308997E-010  0.52514408947949054     

 -------------------------------------------------------------------------------
 Accumulated results:   Integral =  0.3237E-07
                        Std dev  =  0.3253E-09
                       Cross sec =  0.1020E-07
             Chi**2 per DoF.     =      1.0435
 -------------------------------------------------------------------------------
-------------------------------------------------
---------------------------
 Results Last   3 iters: Integral =   0.1023E-07
                     Abs integral =   0.3240E-07
                          Std dev =   0.3349E-09
                  Chi**2 per DoF. =      1.0985
-------------------------------------------------
---------------------------
 Status   1.0000000000000000E-002           9           8

ls status:
events.lhe
ftn26
input_app.txt
results.dat
run1_app.log
