==== LHAPDF6 USING DEFAULT-TYPE LHAGLUE INTERFACE ====
LHAPDF 6.2.1 loading /cvmfs/cms.cern.ch/slc6_amd64_gcc630/external/lhapdf/6.2.1-ghjeda2/share/LHAPDF/NNPDF31_nnlo_as_0118_nf_4_mc_hessian/NNPDF31_nnlo_as_0118_nf_4_mc_hessian_0000.dat
NNPDF31_nnlo_as_0118_nf_4_mc_hessian PDF set, member #0, version 1; LHAPDF ID = 325500
 Process in group number            2
 A PDF is used, so alpha_s(MZ) is going to be modified
 Old value of alpha_s from param_card:   0.11810000000000001     
 New value of alpha_s from PDF lhapdf :  0.11266013434007299     
 using LHAPDF
 Define smin to   10000.000000000000     
 Define smin to   10000.000000000000     
 Define smin to   10000.000000000000     
 Define smin to   10000.000000000000     
 Define smin to   10000.000000000000     
 Define smin to   10000.000000000000     
 Define smin to   10000.000000000000     
 *****************************************************
 *               MadGraph/MadEvent                   *
 *        --------------------------------           *
 *          http://madgraph.hep.uiuc.edu             *
 *          http://madgraph.phys.ucl.ac.be           *
 *          http://madgraph.roma2.infn.it            *
 *        --------------------------------           *
 *                                                   *
 *          PARAMETER AND COUPLING VALUES            *
 *                                                   *
 *****************************************************

  External Params
  ---------------------------------
  
 mdl_MW0 =    80.387000000000000     
 mdl_Gf =    1.1663789999999999E-005
 aS =   0.11810000000000001     
 mdl_ymdo =    1.0000000000000000E-099
 mdl_ymb =    4.1799999999999997     
 mdl_ymt =    173.19999999999999     
 mdl_ymtau =    1.7769999999999999     
 mdl_LambdaSMEFT =    1000.0000000000000     
 mdl_cW =    1.0000000000000000     
 mdl_MZ =    91.187600000000003     
 mdl_MTA =    1.7769999999999999     
 mdl_MT =    173.19999999999999     
 mdl_MB =    4.1799999999999997     
 mdl_MH =    125.09000000000000     
 mdl_WZ =    2.4952000000000001     
 mdl_WW =    2.0850000000000000     
 mdl_WT =    1.5083359999999999     
 mdl_WH =    4.0699999999999998E-003
  Internal Params
  ---------------------------------
  
 mdl_ymm =    1.0000000000000000E-099
 mdl_yme =    1.0000000000000000E-099
 mdl_ymc =    1.0000000000000000E-099
 mdl_yms =    1.0000000000000000E-099
 mdl_ymup =    1.0000000000000000E-099
 mdl_conjg__CKM3x3 =    1.0000000000000000     
 mdl_cH =    0.0000000000000000     
 mdl_cHB =    0.0000000000000000     
 mdl_CKM2x2 =    1.0000000000000000     
 mdl_CKM1x1 =    1.0000000000000000     
 mdl_conjg__CKM1x1 =    1.0000000000000000     
 mdl_dGf =    0.0000000000000000     
 mdl_CKM3x3 =    1.0000000000000000     
 mdl_dMH2 =    0.0000000000000000     
 mdl_conjg__CKM2x2 =    1.0000000000000000     
 mdl_dg1 =    0.0000000000000000     
 mdl_cHW =    0.0000000000000000     
 mdl_dgw =    0.0000000000000000     
 mdl_complexi =  (  0.0000000000000000     ,  1.0000000000000000     )
 mdl_MW =    80.387000000000000     
 mdl_nb__2__exp__0_25 =    1.1892071150027210     
 mdl_MH__exp__2 =    15647.508100000001     
 mdl_sqrt__2 =    1.4142135623730951     
 mdl_MW__exp__2 =    6462.0697689999997     
 mdl_MZ__exp__2 =    8315.1783937600012     
 mdl_sth2 =   0.22285855299877133     
 mdl_MH__exp__6 =    3831206449390.3818     
 mdl_MT__exp__6 =    26995248278778.535     
 mdl_MH__exp__4 =    244844509.73956564     
 mdl_MT__exp__4 =    899894403.09759963     
 mdl_MT__exp__2 =    29998.239999999994     
 mdl_LambdaSMEFT__exp__2 =    1000000.0000000000     
 mdl_cth =   0.88155626422890820     
 mdl_sqrt__sth2 =   0.47207896902824564     
 mdl_sth =   0.47207896902824564     
 mdl_MW0__exp__6 =    269845343347.69711     
 mdl_MW0__exp__4 =    41758345.699423708     
 mdl_MW0__exp__2 =    6462.0697689999997     
 mdl_MZ__exp__4 =    69142191.720053151     
 mdl_MZ__exp__6 =    574929658687.79749     
 mdl_cth__exp__2 =   0.77714144700122867     
 mdl_sth__exp__2 =   0.22285855299877130     
 mdl_sth__exp__3 =   0.10520683593878660     
 mdl_cth__exp__3 =   0.68509391079585125     
 mdl_sth__exp__4 =    4.9665934644706158E-002
 mdl_sqrt__Gf =    3.4152291284773265E-003
 mdl_vevhat =    246.21961912951551     
 mdl_lam =   0.12905352724481209     
 mdl_aEW =    7.5614618607353409E-003
 mdl_yb =    2.4008698866559607E-002
 mdl_yc =    5.7437078628133041E-102
 mdl_ydo =    5.7437078628133041E-102
 mdl_ye =    5.7437078628133041E-102
 mdl_ym =    5.7437078628133041E-102
 mdl_ys =    5.7437078628133041E-102
 mdl_yt =   0.99481020183926416     
 mdl_ytau =    1.0206568872219240E-002
 mdl_yup =    5.7437078628133041E-102
 mdl_vevhat__exp__2 =    60624.100844283676     
 mdl_barlam =   0.12905352724481209     
 mdl_vevT =    246.21961912951551     
 mdl_sqrt__aEW =    8.6956666568672819E-002
 mdl_ee =   0.30825335704310214     
 mdl_gwsh =   0.65296989967087182     
 mdl_vev =    246.21961912951551     
 mdl_g1 =   0.34966952144878632     
 mdl_gw =   0.65296989967087182     
 mdl_ee__exp__2 =    9.5020132128342205E-002
 mdl_gHaa =   -1.9303830602986922E-003
 mdl_gHza =   -6.8546472954154700E-003
 mdl_g1sh =   0.34966952144878632     
 mdl_I1d11 =  (  5.7437078628133041E-102,  0.0000000000000000     )
 mdl_I1d22 =  (  5.7437078628133041E-102,  0.0000000000000000     )
 mdl_I1d33 =  (  2.4008698866559607E-002,  0.0000000000000000     )
 mdl_I2d11 =  (  5.7437078628133041E-102,  0.0000000000000000     )
 mdl_I2d22 =  (  5.7437078628133041E-102,  0.0000000000000000     )
 mdl_I2d33 =  ( 0.99481020183926416     ,  0.0000000000000000     )
 mdl_I3d11 =  (  5.7437078628133041E-102,  0.0000000000000000     )
 mdl_I3d22 =  (  5.7437078628133041E-102,  0.0000000000000000     )
 mdl_I3d33 =  (  2.4008698866559607E-002,  0.0000000000000000     )
 mdl_I4d11 =  (  5.7437078628133041E-102,  0.0000000000000000     )
 mdl_I4d22 =  (  5.7437078628133041E-102,  0.0000000000000000     )
 mdl_I4d33 =  ( 0.99481020183926416     ,  0.0000000000000000     )
 mdl_I5d11 =  (  5.7437078628133041E-102,  0.0000000000000000     )
 mdl_I5d22 =  (  5.7437078628133041E-102,  0.0000000000000000     )
 mdl_I5d33 =  (  2.4008698866559607E-002,  0.0000000000000000     )
 mdl_I6d11 =  (  5.7437078628133041E-102,  0.0000000000000000     )
 mdl_I6d22 =  (  5.7437078628133041E-102,  0.0000000000000000     )
 mdl_I6d33 =  ( 0.99481020183926416     ,  0.0000000000000000     )
 mdl_ee__exp__3 =    2.9290274715240611E-002
 mdl_vevhat__exp__3 =    14926843.019948866     
  Internal Params evaluated point by point
  ----------------------------------------
  
 mdl_sqrt__aS =   0.34365680554879169     
 mdl_G__exp__2 =    1.4840883695558185     
 mdl_gHgg =    3.2334372328970845E-003
 mdl_G__exp__3 =  (  1.8079634332366095     ,  0.0000000000000000     )
  Couplings of SMEFTsim_A_U35_MwScheme_UFO_v3_1-cW_massless
  ---------------------------------
  
        GC_64 =   0.00000E+00   0.52893E-05
       GC_345 =   0.00000E+00   0.28325E-05
         GC_1 =   0.00000E+00   0.10275E+00
         GC_2 =  -0.00000E+00  -0.20550E+00
         GC_3 =  -0.00000E+00  -0.30825E+00
       GC_255 =  -0.00000E+00  -0.42637E+00
       GC_278 =  -0.00000E+00  -0.37035E+00
       GC_280 =  -0.00000E+00  -0.57563E+00
       GC_318 =   0.00000E+00   0.39178E-05
       GC_328 =  -0.00000E+00  -0.55024E-01
       GC_329 =   0.00000E+00   0.11005E+00
       GC_330 =  -0.00000E+00  -0.16507E+00
       GC_400 =   0.00000E+00   0.52490E+02
       GC_809 =  -0.00000E+00  -0.72171E-02
      GC_1073 =  -0.00000E+00  -0.46172E+00

 Collider parameters:
 --------------------

 Running at P P   machine @    13000.000000000000       GeV
 PDF set = lhapdf 
 alpha_s(Mz)= 0.1127 running at 3 loops.
 alpha_s(Mz)= 0.1127 running at 3 loops.
 Renormalization scale set on event-by-event basis
 Factorization   scale set on event-by-event basis


 getting user params
Enter number of events and max and min iterations: 
 Number of events and iterations         2000           8           3
Enter desired fractional accuracy: 
 Desired fractional accuracy:    1.0000000000000000E-002
Enter 0 for fixed, 2 for adjustable grid: 
Suppress amplitude (0 no, 1 yes)? 
 Using suppressed amplitude.
Exact helicity sum (0 yes, n = number/event)? 
 Explicitly summing over helicities
Enter Configuration Number: 
Running Configuration Number:  252
 Using dconfig=          23
 BW Setting            2           1           2           0           0           0
 Attempting mappinvarients           1           8
 Completed mapping           8
 about to integrate           16        2000           8           3          16           1
 Using non-zero grid deformation.
 16 dimensions   2000 events 16 invarients  8 iterations  1 config(s),  (0.99)
 Using h-tuple random number sequence.
 Error opening grid
 Using Uniform Grid!          32
 Using uniform alpha   1.0000000000000000     
 Grid defined OK
 Set CM energy to      13000.00
 Mapping Graph         252  to config         252
Setting grid   1    0.59172E-04   1
 Setting BW          -2           2   80.387000000000000     
Setting grid   3    0.17093E-03   1
 Setting BW          -4           4   80.387000000000000     
 Warning: No cutoff for shat integral found
          Minimum set to    5.9171597633136107E-009
Setting grid   5    0.59172E-08   1
 Transforming s_hat 1/s           15   1.7092947600000000E-004   10000.000000000000        168999999.99999997     
 252   1   2   3   4   5   6   7   8   9  10  11  12  13  14
  15  16
 Masses: 0.000E+00 0.000E+00 0.000E+00 0.178E+01 0.000E+00 0.000E+00 0.000E+00 0.000E+00
Using random seed offsets   252 :      6
  with seed                   24
 Ranmar initialization seeds       31310        9403
 
 ********************************************
 * You are using the DiscreteSampler module *
 *      part of the MG5_aMC framework       *
 *         Author: Valentin Hirschi         *
 ********************************************
 
  Particle       3       4       5       6       7       8
      Et >     0.0     0.0     0.0     0.0    10.0    10.0
       E >     0.0     0.0     0.0     0.0     0.0     0.0
     Eta <    -1.0    -1.0    -1.0    -1.0     6.5     6.5
   xqcut:      0.0     0.0     0.0     0.0     0.0     0.0
d R # 3  >    -0.0     0.4     0.0     0.0     0.4     0.4
d R # 4  >    -0.0    -0.0     0.0     0.0     0.4     0.4
d R # 5  >    -0.0    -0.0    -0.0     0.0     0.0     0.0
d R # 6  >    -0.0    -0.0    -0.0    -0.0     0.0     0.0
d R # 7  >    -0.0    -0.0    -0.0    -0.0    -0.0     0.4
s min # 3>     0.0     0.0     0.0     0.0     0.0     0.0
s min # 4>     0.0     0.0     0.0     0.0     0.0     0.0
s min # 5>     0.0     0.0     0.0     0.0     0.0     0.0
s min # 6>     0.0     0.0     0.0     0.0     0.0     0.0
s min # 7>     0.0     0.0     0.0     0.0     0.0 10000.0
xqcutij # 3>     0.0     0.0     0.0     0.0     0.0     0.0
xqcutij # 4>     0.0     0.0     0.0     0.0     0.0     0.0
xqcutij # 5>     0.0     0.0     0.0     0.0     0.0     0.0
xqcutij # 6>     0.0     0.0     0.0     0.0     0.0     0.0
xqcutij # 7>     0.0     0.0     0.0     0.0     0.0     0.0
 Excluding BW           -1           1
 Requiring BW           -2           2
 Excluding BW           -3           3
 No cut BW           -4           4
 alpha_s for scale    148.64787121223509       is   0.10458622878068279     
 Added good helicity          193  -255.99568735373478       in event            1 local:           1
 Added good helicity          209  -4.3126462652147536E-003  in event            1 local:           1
 Added good helicity          193  -255.99568735373478       in event            1 local:           1
 Added good helicity          209  -4.3126462652115149E-003  in event            1 local:           1
 RESET CUMULATIVE VARIABLE
 RESET CUMULATIVE VARIABLE
 RESET CUMULATIVE VARIABLE
 Warning: Too low fact scales:    1.5937988039829607        95.664136306025711     
 Warning: Too low fact scales:    1.5937988039829607        95.664136306025711     
 Warning: Too low fact scales:    1.9538451144345947        79.000072192714612     
 Warning: Too low fact scales:    1.9538451144345947        79.000072192714612     
 Warning: Too low fact scales:    1.5167135907895462        13.974565186518914     
 Warning: Too low fact scales:    1.5167135907895462        13.974565186518914     
 Warning: Too low fact scales:    73.258350682343931        1.1890003293886617     
 Warning: Too low fact scales:    73.258350682343931        1.1890003293886622     
 Warning: Too low fact scales:    1.2330851539183694        86.661315041622174     
 Warning: Too low fact scales:    1.2330851539183694        86.661315041622146     
 Warning: Too low fact scales:    1.0519800994956323        81.549615330045398     
 No more warnings written out this run.
 Iteration  1   Mean: -.3736E-06 Abs mean: 0.7422E-06   Fluctuation:  0.206E-06   0.254E-03    34.7%
  1   -0.3736E-06 0.7422E-06 +- 0.2060E-06     12.41
 Writing out events   1.3378131906576757E-010   12.412888551875767     
 Relative summed weights:
  0.0000E+00  0.0000E+00  0.2694E+00  0.2089E+00  0.0000E+00  0.0000E+00  0.0000E+00  0.0000E+00  0.2974E+00  0.2244E+00  0.0000E+00  0.0000E+00  0.0000E+00  0.0000E+00
 Relative number of events:
  0.0000E+00  0.0000E+00  0.1357E+00  0.1290E+00  0.0000E+00  0.0000E+00  0.0000E+00  0.0000E+00  0.3371E+00  0.3982E+00  0.0000E+00  0.0000E+00  0.0000E+00  0.0000E+00
 Events:
           0           0         120         114           0           0           0           0         298         352           0           0           0           0
 Iteration  2   Mean: -.5204E-07 Abs mean: 0.5705E-06   Fluctuation:  0.645E-07   0.148E-03    76.0%
  2   -0.5204E-07 0.5705E-06 +- 0.6451E-07      7.15
 Relative summed weights:
  0.0000E+00  0.0000E+00  0.2183E+00  0.2738E+00  0.0000E+00  0.0000E+00  0.0000E+00  0.0000E+00  0.3143E+00  0.1936E+00  0.0000E+00  0.0000E+00  0.0000E+00  0.0000E+00
 Relative number of events:
  0.0000E+00  0.0000E+00  0.1280E+00  0.1038E+00  0.0000E+00  0.0000E+00  0.0000E+00  0.0000E+00  0.3813E+00  0.3869E+00  0.0000E+00  0.0000E+00  0.0000E+00  0.0000E+00
 Events:
           0           0         232         188           0           0           0           0         691         701           0           0           0           0
 Iteration  3   Mean: -.1139E-06 Abs mean: 0.6555E-06   Fluctuation:  0.480E-07   0.186E-03    82.7%
  3   -0.1139E-06 0.6555E-06 +- 0.4801E-07      6.55
 Relative summed weights:
  0.0000E+00  0.0000E+00  0.2774E+00  0.2551E+00  0.0000E+00  0.0000E+00  0.0000E+00  0.0000E+00  0.2626E+00  0.2050E+00  0.0000E+00  0.0000E+00  0.0000E+00  0.0000E+00
 Relative number of events:
  0.0000E+00  0.0000E+00  0.1032E+00  0.1072E+00  0.0000E+00  0.0000E+00  0.0000E+00  0.0000E+00  0.4054E+00  0.3842E+00  0.0000E+00  0.0000E+00  0.0000E+00  0.0000E+00
 Events:
           0           0         366         380           0           0           0           0        1437        1362           0           0           0           0
 Accuracy:    0.050   0.010   0.060   0.685
 Found          629  events.
 Wrote           24  events.
 Actual xsec   -1.0859419345891116E-007
 Correct abs xsec    6.3561371668883238E-007
 Event xsec    6.3561371668883217E-007
 Events wgts > 1:            0
 % Cross section > 1:    0.0000000000000000        0.0000000000000000     
 Iteration  4   Mean: -.6274E-07 Abs mean: 0.6696E-06   Fluctuation:  0.317E-07   0.270E-03    84.2%
  4   -0.6274E-07 0.6696E-06 +- 0.3174E-07      6.00
 Relative summed weights:
  0.0000E+00  0.0000E+00  0.2730E+00  0.2892E+00  0.0000E+00  0.0000E+00  0.0000E+00  0.0000E+00  0.2263E+00  0.2115E+00  0.0000E+00  0.0000E+00  0.0000E+00  0.0000E+00
 Relative number of events:
  0.0000E+00  0.0000E+00  0.1042E+00  0.1107E+00  0.0000E+00  0.0000E+00  0.0000E+00  0.0000E+00  0.3921E+00  0.3931E+00  0.0000E+00  0.0000E+00  0.0000E+00  0.0000E+00
 Events:
           0           0         738         784           0           0           0           0        2777        2784           0           0           0           0
 Accuracy:    0.028   0.010   0.037   0.580
 Found         1289  events.
 Wrote           42  events.
 Actual xsec   -7.4996336776297140E-008
 Correct abs xsec    6.5494941065404036E-007
 Event xsec    6.5494941065404057E-007
 Events wgts > 1:            1
 % Cross section > 1:    5.4764196219338357E-016   8.3615918006018440E-008
 Iteration  5   Mean: -.7069E-07 Abs mean: 0.7576E-06   Fluctuation:  0.239E-07   0.364E-03    84.5%
  5   -0.7069E-07 0.7576E-06 +- 0.2390E-07      5.64
 Relative summed weights:
  0.0000E+00  0.0000E+00  0.3126E+00  0.2522E+00  0.0000E+00  0.0000E+00  0.0000E+00  0.0000E+00  0.2308E+00  0.2044E+00  0.0000E+00  0.0000E+00  0.0000E+00  0.0000E+00
 Relative number of events:
  0.0000E+00  0.0000E+00  0.1099E+00  0.1068E+00  0.0000E+00  0.0000E+00  0.0000E+00  0.0000E+00  0.3931E+00  0.3902E+00  0.0000E+00  0.0000E+00  0.0000E+00  0.0000E+00
 Events:
           0           0        1543        1500           0           0           0           0        5521        5481           0           0           0           0
 Accuracy:    0.038   0.010   0.024   2.465
 Found         2868  events.
 Wrote          155  events.
 Actual xsec   -7.3448852914147871E-008
 Correct abs xsec    7.2203113546568749E-007
 Event xsec    7.2203113546568929E-007
 Events wgts > 1:            3
 % Cross section > 1:    5.2547288383249414E-009  0.72777039385369335     
 Iteration  6   Mean: -.1002E-06 Abs mean: 0.7202E-06   Fluctuation:  0.132E-07   0.360E-03    84.7%
  6   -0.1002E-06 0.7202E-06 +- 0.1316E-07      4.62
 Relative summed weights:
  0.0000E+00  0.0000E+00  0.2721E+00  0.2612E+00  0.0000E+00  0.0000E+00  0.0000E+00  0.0000E+00  0.2348E+00  0.2319E+00  0.0000E+00  0.0000E+00  0.0000E+00  0.0000E+00
 Relative number of events:
  0.0000E+00  0.0000E+00  0.1043E+00  0.1034E+00  0.0000E+00  0.0000E+00  0.0000E+00  0.0000E+00  0.3981E+00  0.3942E+00  0.0000E+00  0.0000E+00  0.0000E+00  0.0000E+00
 Events:
           0           0        2924        2897           0           0           0           0       11158       11047           0           0           0           0
 Accuracy:    0.020   0.010   0.015   1.965
 Found         5270  events.
 Wrote          496  events.
 Actual xsec   -8.9806853102897087E-008
 Correct abs xsec    7.2358887612579946E-007
 Event xsec    7.2358887612578326E-007
 Events wgts > 1:           11
 % Cross section > 1:    7.2480388774923797E-009   1.0016791463544328     
 Iteration  7   Mean: -.1063E-06 Abs mean: 0.7419E-06   Fluctuation:  0.148E-07   0.149E-02    85.1%
  7   -0.1063E-06 0.7419E-06 +- 0.1479E-07      7.13
 Exceeded boost           5          95   128000.000    
 Relative summed weights:
  0.0000E+00  0.0000E+00  0.2730E+00  0.2758E+00  0.0000E+00  0.0000E+00  0.0000E+00  0.0000E+00  0.2207E+00  0.2304E+00  0.0000E+00  0.0000E+00  0.0000E+00  0.0000E+00
 Relative number of events:
  0.0000E+00  0.0000E+00  0.1032E+00  0.1043E+00  0.0000E+00  0.0000E+00  0.0000E+00  0.0000E+00  0.3937E+00  0.3988E+00  0.0000E+00  0.0000E+00  0.0000E+00  0.0000E+00
 Events:
           0           0        5798        5858           0           0           0           0       22118       22400           0           0           0           0
 Accuracy:    0.016   0.010   0.012   1.886
 Found        11474  events.
 Wrote           51  events.
 Actual xsec   -9.8017504960441115E-008
 Correct abs xsec    7.3433045326812303E-007
 Event xsec    7.3433045326812419E-007
 Events wgts > 1:            0
 % Cross section > 1:    0.0000000000000000        0.0000000000000000     
 Iteration  8   Mean: -.9261E-07 Abs mean: 0.7257E-06   Fluctuation:  0.622E-08   0.315E-03    84.9%
  8   -0.9261E-07 0.7257E-06 +- 0.6223E-08      4.34
 Exceeded boost           1          96   128000.000    
 Exceeded boost           3          96   256000.000    
 Exceeded boost           5          94   256000.000    
 Relative summed weights:
  0.0000E+00  0.0000E+00  0.2724E+00  0.2623E+00  0.0000E+00  0.0000E+00  0.0000E+00  0.0000E+00  0.2331E+00  0.2322E+00  0.0000E+00  0.0000E+00  0.0000E+00  0.0000E+00
 Relative number of events:
  0.0000E+00  0.0000E+00  0.1055E+00  0.1038E+00  0.0000E+00  0.0000E+00  0.0000E+00  0.0000E+00  0.3962E+00  0.3945E+00  0.0000E+00  0.0000E+00  0.0000E+00  0.0000E+00
 Events:
           0           0       11823       11641           0           0           0           0       44419       44228           0           0           0           0
 Accuracy:    0.009   0.010   0.007   1.620
 Finished due to accuracy    8.8167421586909968E-003   1.0000000000000000E-002

 -------------------------------------------------------------------------------
 Accumulated results:   Integral =  0.7260E-06
                        Std dev  =  0.5030E-08
                       Cross sec = -0.9388E-07
Thanks for using LHAPDF 6.2.1. Please make sure to cite the paper:
  Eur.Phys.J. C75 (2015) 3, 132  (http://arxiv.org/abs/1412.7420)
             Chi**2 per DoF.     =      1.6197
 -------------------------------------------------------------------------------
 Found        22757  events.
 Wrote         1831  events.
 Actual xsec   -9.5606882995456730E-008
 Correct abs xsec    7.2697947639739638E-007
 Event xsec    7.2697947639735011E-007
 Events wgts > 1:           26
 % Cross section > 1:    7.1273932524556812E-009  0.98041189385104643     
-------------------------------------------------
---------------------------
 Results Last   3 iters: Integral =  -0.9561E-07
                     Abs integral =   0.7270E-06
                          Std dev =   0.5259E-08
                  Chi**2 per DoF. =      0.6589
-------------------------------------------------
---------------------------
 Status   1.0000000000000000E-002           9           8

ls status:
events.lhe
ftn26
input_app.txt
results.dat
run1_app.log
