==== LHAPDF6 USING DEFAULT-TYPE LHAGLUE INTERFACE ====
LHAPDF 6.2.1 loading /cvmfs/cms.cern.ch/slc6_amd64_gcc630/external/lhapdf/6.2.1-ghjeda2/share/LHAPDF/NNPDF31_nnlo_as_0118_nf_4_mc_hessian/NNPDF31_nnlo_as_0118_nf_4_mc_hessian_0000.dat
NNPDF31_nnlo_as_0118_nf_4_mc_hessian PDF set, member #0, version 1; LHAPDF ID = 325500
 Process in group number            2
 A PDF is used, so alpha_s(MZ) is going to be modified
 Old value of alpha_s from param_card:   0.11810000000000001     
 New value of alpha_s from PDF lhapdf :  0.11266013434007299     
 using LHAPDF
 Define smin to   10000.000000000000     
 Define smin to   10000.000000000000     
 Define smin to   10000.000000000000     
 Define smin to   10000.000000000000     
 Define smin to   10000.000000000000     
 Define smin to   10000.000000000000     
 Define smin to   10000.000000000000     
 Define smin to   10000.000000000000     
 Define smin to   10000.000000000000     
 Define smin to   10000.000000000000     
 Define smin to   10000.000000000000     
 Define smin to   10000.000000000000     
 Define smin to   10000.000000000000     
 Define smin to   10000.000000000000     
 Define smin to   10000.000000000000     
 Define smin to   10000.000000000000     
 *****************************************************
 *               MadGraph/MadEvent                   *
 *        --------------------------------           *
 *          http://madgraph.hep.uiuc.edu             *
 *          http://madgraph.phys.ucl.ac.be           *
 *          http://madgraph.roma2.infn.it            *
 *        --------------------------------           *
 *                                                   *
 *          PARAMETER AND COUPLING VALUES            *
 *                                                   *
 *****************************************************

  External Params
  ---------------------------------
  
 mdl_MW0 =    80.387000000000000     
 mdl_Gf =    1.1663789999999999E-005
 aS =   0.11810000000000001     
 mdl_ymdo =    1.0000000000000000E-099
 mdl_ymb =    4.1799999999999997     
 mdl_ymt =    173.19999999999999     
 mdl_ymtau =    1.7769999999999999     
 mdl_LambdaSMEFT =    1000.0000000000000     
 mdl_cHW =    1.0000000000000000     
 mdl_MZ =    91.187600000000003     
 mdl_MTA =    1.7769999999999999     
 mdl_MT =    173.19999999999999     
 mdl_MB =    4.1799999999999997     
 mdl_MH =    125.09000000000000     
 mdl_WZ =    2.4952000000000001     
 mdl_WW =    2.0850000000000000     
 mdl_WT =    1.5083359999999999     
 mdl_WH =    4.0699999999999998E-003
  Internal Params
  ---------------------------------
  
 mdl_ymm =    1.0000000000000000E-099
 mdl_yme =    1.0000000000000000E-099
 mdl_ymc =    1.0000000000000000E-099
 mdl_yms =    1.0000000000000000E-099
 mdl_ymup =    1.0000000000000000E-099
 mdl_conjg__CKM3x3 =    1.0000000000000000     
 mdl_cH =    0.0000000000000000     
 mdl_cHB =    0.0000000000000000     
 mdl_CKM1x1 =    1.0000000000000000     
 mdl_conjg__CKM1x1 =    1.0000000000000000     
 mdl_dGf =    0.0000000000000000     
 mdl_CKM3x3 =    1.0000000000000000     
 mdl_dMH2 =    0.0000000000000000     
 mdl_conjg__CKM2x2 =    1.0000000000000000     
 mdl_dg1 =    0.0000000000000000     
 mdl_CKM2x2 =    1.0000000000000000     
 mdl_dgw =    0.0000000000000000     
 mdl_complexi =  (  0.0000000000000000     ,  1.0000000000000000     )
 mdl_MW =    80.387000000000000     
 mdl_nb__2__exp__0_25 =    1.1892071150027210     
 mdl_MH__exp__2 =    15647.508100000001     
 mdl_sqrt__2 =    1.4142135623730951     
 mdl_MW__exp__2 =    6462.0697689999997     
 mdl_MZ__exp__2 =    8315.1783937600012     
 mdl_sth2 =   0.22285855299877133     
 mdl_MH__exp__6 =    3831206449390.3818     
 mdl_MT__exp__6 =    26995248278778.535     
 mdl_MH__exp__4 =    244844509.73956564     
 mdl_MT__exp__4 =    899894403.09759963     
 mdl_MT__exp__2 =    29998.239999999994     
 mdl_LambdaSMEFT__exp__2 =    1000000.0000000000     
 mdl_cth =   0.88155626422890820     
 mdl_sqrt__sth2 =   0.47207896902824564     
 mdl_sth =   0.47207896902824564     
 mdl_MW0__exp__6 =    269845343347.69711     
 mdl_MW0__exp__4 =    41758345.699423708     
 mdl_MW0__exp__2 =    6462.0697689999997     
 mdl_MZ__exp__4 =    69142191.720053151     
 mdl_MZ__exp__6 =    574929658687.79749     
 mdl_cth__exp__2 =   0.77714144700122867     
 mdl_sth__exp__2 =   0.22285855299877130     
 mdl_sth__exp__3 =   0.10520683593878660     
 mdl_cth__exp__3 =   0.68509391079585125     
 mdl_sth__exp__4 =    4.9665934644706158E-002
 mdl_sqrt__Gf =    3.4152291284773265E-003
 mdl_vevhat =    246.21961912951551     
 mdl_lam =   0.12905352724481209     
 mdl_aEW =    7.5614618607353409E-003
 mdl_yb =    2.4008698866559607E-002
 mdl_yc =    5.7437078628133041E-102
 mdl_ydo =    5.7437078628133041E-102
 mdl_ye =    5.7437078628133041E-102
 mdl_ym =    5.7437078628133041E-102
 mdl_ys =    5.7437078628133041E-102
 mdl_yt =   0.99481020183926416     
 mdl_ytau =    1.0206568872219240E-002
 mdl_yup =    5.7437078628133041E-102
 mdl_vevhat__exp__2 =    60624.100844283676     
 mdl_barlam =   0.12905352724481209     
 mdl_vevT =    246.21961912951551     
 mdl_sqrt__aEW =    8.6956666568672819E-002
 mdl_ee =   0.30825335704310214     
 mdl_gwsh =   0.61338418662494298     
 mdl_vev =    246.21961912951551     
 mdl_g1 =   0.34966952144878632     
 mdl_gw =   0.65296989967087182     
 mdl_ee__exp__2 =    9.5020132128342205E-002
 mdl_gHaa =   -1.9303830602986922E-003
 mdl_gHza =   -6.8546472954154700E-003
 mdl_g1sh =   0.34966952144878632     
 mdl_I1d11 =  (  5.7437078628133041E-102,  0.0000000000000000     )
 mdl_I1d22 =  (  5.7437078628133041E-102,  0.0000000000000000     )
 mdl_I1d33 =  (  2.4008698866559607E-002,  0.0000000000000000     )
 mdl_I2d11 =  (  5.7437078628133041E-102,  0.0000000000000000     )
 mdl_I2d22 =  (  5.7437078628133041E-102,  0.0000000000000000     )
 mdl_I2d33 =  ( 0.99481020183926416     ,  0.0000000000000000     )
 mdl_I3d11 =  (  5.7437078628133041E-102,  0.0000000000000000     )
 mdl_I3d22 =  (  5.7437078628133041E-102,  0.0000000000000000     )
 mdl_I3d33 =  (  2.4008698866559607E-002,  0.0000000000000000     )
 mdl_I4d11 =  (  5.7437078628133041E-102,  0.0000000000000000     )
 mdl_I4d22 =  (  5.7437078628133041E-102,  0.0000000000000000     )
 mdl_I4d33 =  ( 0.99481020183926416     ,  0.0000000000000000     )
 mdl_I5d11 =  (  5.7437078628133041E-102,  0.0000000000000000     )
 mdl_I5d22 =  (  5.7437078628133041E-102,  0.0000000000000000     )
 mdl_I5d33 =  (  2.4008698866559607E-002,  0.0000000000000000     )
 mdl_I6d11 =  (  5.7437078628133041E-102,  0.0000000000000000     )
 mdl_I6d22 =  (  5.7437078628133041E-102,  0.0000000000000000     )
 mdl_I6d33 =  ( 0.99481020183926416     ,  0.0000000000000000     )
 mdl_ee__exp__3 =    2.9290274715240611E-002
 mdl_vevhat__exp__3 =    14926843.019948866     
  Internal Params evaluated point by point
  ----------------------------------------
  
 mdl_sqrt__aS =   0.34365680554879169     
 mdl_G__exp__2 =    1.4840883695558185     
 mdl_gHgg =    3.2334372328970845E-003
 mdl_G__exp__3 =  (  1.8079634332366095     ,  0.0000000000000000     )
  Couplings of SMEFTsim_A_U35_MwScheme_UFO_v3_1-cHW_massless
  ---------------------------------
  
         GC_1 =   0.00000E+00   0.10275E+00
         GC_2 =  -0.00000E+00  -0.20550E+00
         GC_3 =  -0.00000E+00  -0.30825E+00
       GC_255 =  -0.00000E+00  -0.42637E+00
       GC_278 =  -0.00000E+00  -0.37035E+00
       GC_280 =  -0.00000E+00  -0.57563E+00
       GC_328 =  -0.00000E+00  -0.55024E-01
       GC_329 =   0.00000E+00   0.11005E+00
       GC_330 =  -0.00000E+00  -0.16507E+00
       GC_387 =   0.00000E+00   0.98488E-03
       GC_400 =   0.00000E+00   0.52490E+02
       GC_809 =  -0.00000E+00  -0.72171E-02
      GC_1073 =  -0.00000E+00  -0.46172E+00

 Collider parameters:
 --------------------

 Running at P P   machine @    13000.000000000000       GeV
 PDF set = lhapdf 
 alpha_s(Mz)= 0.1127 running at 3 loops.
 alpha_s(Mz)= 0.1127 running at 3 loops.
 Renormalization scale set on event-by-event basis
 Factorization   scale set on event-by-event basis


 getting user params
Enter number of events and max and min iterations: 
 Number of events and iterations         2000           8           3
Enter desired fractional accuracy: 
 Desired fractional accuracy:    1.0000000000000000E-002
Enter 0 for fixed, 2 for adjustable grid: 
Suppress amplitude (0 no, 1 yes)? 
 Using suppressed amplitude.
Exact helicity sum (0 yes, n = number/event)? 
 Explicitly summing over helicities
Enter Configuration Number: 
Running Configuration Number:   30
 Not subdividing B.W.
 Attempting mappinvarients           1           8
 Completed mapping           8
 about to integrate           16        2000           8           3          16           1
 Using non-zero grid deformation.
 16 dimensions   2000 events 16 invarients  8 iterations  1 config(s),  (0.99)
 Using h-tuple random number sequence.
 Error opening grid
 Using Uniform Grid!          32
 Using uniform alpha   1.0000000000000000     
 Grid defined OK
 Set CM energy to      13000.00
 Mapping Graph          30  to config          30
 Setting BW          -1           1   80.387000000000000     
 Setting BW          -2           2   80.387000000000000     
 Warning: No cutoff for shat integral found
          Minimum set to    5.9171597633136107E-009
Setting grid   3    0.59172E-08   1
 Warning: No cutoff for shat integral found
          Minimum set to    5.9171597633136107E-009
Setting grid   4    0.59172E-08   1
Setting grid   5    0.59172E-06   1
 Transforming s_hat 1/s           15   1.1585044837869826E-004   10000.000000000000        168999999.99999997     
  30   1   2   3   4   5   6   7   8   9  10  11  12  13  14
  15  16
 Masses: 0.000E+00 0.000E+00 0.000E+00 0.000E+00 0.000E+00 0.000E+00 0.000E+00 0.000E+00
Using random seed offsets    30 :      4
  with seed                   24
 Ranmar initialization seeds       31088        9401
 
 ********************************************
 * You are using the DiscreteSampler module *
 *      part of the MG5_aMC framework       *
 *         Author: Valentin Hirschi         *
 ********************************************
 
  Particle       3       4       5       6       7       8
      Et >     0.0     0.0     0.0     0.0    10.0    10.0
       E >     0.0     0.0     0.0     0.0     0.0     0.0
     Eta <    -1.0    -1.0    -1.0    -1.0     6.5     6.5
   xqcut:      0.0     0.0     0.0     0.0     0.0     0.0
d R # 3  >    -0.0     0.4     0.0     0.0     0.4     0.4
d R # 4  >    -0.0    -0.0     0.0     0.0     0.4     0.4
d R # 5  >    -0.0    -0.0    -0.0     0.0     0.0     0.0
d R # 6  >    -0.0    -0.0    -0.0    -0.0     0.0     0.0
d R # 7  >    -0.0    -0.0    -0.0    -0.0    -0.0     0.4
s min # 3>     0.0     0.0     0.0     0.0     0.0     0.0
s min # 4>     0.0     0.0     0.0     0.0     0.0     0.0
s min # 5>     0.0     0.0     0.0     0.0     0.0     0.0
s min # 6>     0.0     0.0     0.0     0.0     0.0     0.0
s min # 7>     0.0     0.0     0.0     0.0     0.0 10000.0
xqcutij # 3>     0.0     0.0     0.0     0.0     0.0     0.0
xqcutij # 4>     0.0     0.0     0.0     0.0     0.0     0.0
xqcutij # 5>     0.0     0.0     0.0     0.0     0.0     0.0
xqcutij # 6>     0.0     0.0     0.0     0.0     0.0     0.0
xqcutij # 7>     0.0     0.0     0.0     0.0     0.0     0.0
 No cut BW           -1           1
 No cut BW           -2           2
 No cut BW           -4           3
 No cut BW           -5           4
 alpha_s for scale    42.720244074900776       is   0.12810105007834666     
 Added good helicity          193   256.00000000000000       in event            1 local:           1
 Added good helicity          193   256.00000000000000       in event            1 local:           1
 RESET CUMULATIVE VARIABLE
 RESET CUMULATIVE VARIABLE
 RESET CUMULATIVE VARIABLE
 Iteration  1   Mean: 0.1813E-04 Abs mean: 0.5422E-04   Fluctuation:  0.834E-05   0.923E-02     4.7%
  1    0.1813E-04 0.5422E-04 +- 0.8345E-05      6.88
 Writing out events   7.2655914198081412E-008   6.8827658076296503     
 Relative summed weights:
  0.4277E-01  0.0000E+00  0.7050E-02  0.8237E-01  0.9276E-03  0.0000E+00  0.1587E-01  0.0000E+00  0.4667E-02  0.3880E-03  0.0000E+00  0.0000E+00  0.2538E-01  0.4344E-01  0.5639E-02  0.1106E-02  0.9058E-03  0.0000E+00  0.1070E-03  0.2105E-02  0.6527E-01  0.4134E-01  0.0000E+00  0.0000E+00  0.4568E-02  0.3025E-03  0.5188E-02  0.1678E-02  0.0000E+00  0.0000E+00  0.5364E-05  0.9431E-03
  0.2086E-01  0.0000E+00  0.5106E-02  0.6050E-02  0.3420E-03  0.0000E+00  0.5073E-01  0.0000E+00  0.1423E-02  0.8075E-02  0.0000E+00  0.0000E+00  0.1379E-01  0.3228E-02  0.4535E-01  0.3304E-02  0.2997E-02  0.0000E+00  0.1236E-02  0.2616E-03  0.5062E-01  0.1364E-02  0.0000E+00  0.0000E+00  0.3441E-01  0.4829E-02  0.6423E-02  0.2945E-02  0.0000E+00  0.0000E+00  0.1198E-03  0.7563E-03
  0.5711E-02  0.0000E+00  0.9909E-02  0.4512E-02  0.5362E-02  0.0000E+00  0.0000E+00  0.0000E+00  0.2665E-02  0.1485E-02  0.0000E+00  0.0000E+00  0.0000E+00  0.0000E+00  0.6931E-03  0.1554E-02  0.0000E+00  0.0000E+00  0.5019E-02  0.4618E-03  0.0000E+00  0.0000E+00  0.0000E+00  0.0000E+00  0.0000E+00  0.0000E+00  0.0000E+00  0.0000E+00  0.0000E+00  0.0000E+00  0.0000E+00  0.0000E+00
  0.8907E-02  0.0000E+00  0.5645E-01  0.5984E-02  0.2841E-03  0.0000E+00  0.0000E+00  0.0000E+00  0.2824E-02  0.1112E-02  0.0000E+00  0.0000E+00  0.0000E+00  0.0000E+00  0.8199E-02  0.2357E-02  0.0000E+00  0.0000E+00  0.0000E+00  0.2251E-04  0.0000E+00  0.0000E+00  0.0000E+00  0.0000E+00  0.0000E+00  0.0000E+00  0.0000E+00  0.0000E+00  0.0000E+00  0.0000E+00  0.0000E+00  0.0000E+00
  0.1513E-01  0.0000E+00  0.0000E+00  0.0000E+00  0.1152E-03  0.0000E+00  0.7513E-01  0.0000E+00  0.0000E+00  0.0000E+00  0.0000E+00  0.0000E+00  0.0000E+00  0.0000E+00  0.0000E+00  0.0000E+00  0.6215E-02  0.0000E+00  0.0000E+00  0.0000E+00  0.0000E+00  0.0000E+00  0.0000E+00  0.0000E+00  0.0000E+00  0.0000E+00  0.0000E+00  0.0000E+00  0.0000E+00  0.0000E+00  0.0000E+00  0.0000E+00
  0.7259E-01  0.0000E+00  0.0000E+00  0.0000E+00  0.4403E-02  0.0000E+00  0.4623E-01  0.0000E+00  0.0000E+00  0.0000E+00  0.0000E+00  0.0000E+00  0.0000E+00  0.0000E+00  0.0000E+00  0.0000E+00  0.1160E-02  0.0000E+00  0.0000E+00  0.0000E+00  0.0000E+00  0.0000E+00  0.0000E+00  0.0000E+00  0.0000E+00  0.0000E+00  0.0000E+00  0.0000E+00  0.0000E+00  0.0000E+00  0.0000E+00  0.0000E+00
  0.5520E-02  0.0000E+00  0.0000E+00  0.0000E+00  0.8375E-04  0.0000E+00  0.0000E+00  0.0000E+00  0.0000E+00  0.0000E+00  0.0000E+00  0.0000E+00  0.0000E+00  0.0000E+00  0.0000E+00  0.0000E+00  0.0000E+00  0.0000E+00  0.0000E+00  0.0000E+00  0.0000E+00  0.0000E+00  0.0000E+00  0.0000E+00  0.0000E+00  0.0000E+00  0.0000E+00  0.0000E+00  0.0000E+00  0.0000E+00  0.0000E+00  0.0000E+00
  0.3325E-01  0.0000E+00  0.0000E+00  0.0000E+00  0.4130E-03  0.0000E+00  0.0000E+00  0.0000E+00  0.0000E+00  0.0000E+00  0.0000E+00  0.0000E+00  0.0000E+00  0.0000E+00  0.0000E+00  0.0000E+00  0.0000E+00  0.0000E+00  0.0000E+00  0.0000E+00  0.0000E+00  0.0000E+00  0.0000E+00  0.0000E+00  0.0000E+00  0.0000E+00  0.0000E+00  0.0000E+00  0.0000E+00  0.0000E+00  0.0000E+00  0.0000E+00
 Relative number of events:
  0.2658E-01  0.0000E+00  0.1363E-01  0.1431E-01  0.3408E-02  0.0000E+00  0.3272E-01  0.0000E+00  0.1500E-01  0.8180E-02  0.0000E+00  0.0000E+00  0.3136E-01  0.2931E-01  0.1295E-01  0.7498E-02  0.4090E-02  0.0000E+00  0.6817E-03  0.2045E-02  0.2727E-01  0.2795E-01  0.0000E+00  0.0000E+00  0.1022E-01  0.5453E-02  0.7498E-02  0.5453E-02  0.0000E+00  0.0000E+00  0.2727E-02  0.7498E-02
  0.2386E-01  0.0000E+00  0.8862E-02  0.2045E-01  0.3408E-02  0.0000E+00  0.5385E-01  0.0000E+00  0.1636E-01  0.1363E-01  0.0000E+00  0.0000E+00  0.2931E-01  0.2727E-01  0.1091E-01  0.8862E-02  0.8180E-02  0.0000E+00  0.3408E-02  0.2727E-02  0.2727E-01  0.1840E-01  0.0000E+00  0.0000E+00  0.6817E-02  0.1091E-01  0.9543E-02  0.4772E-02  0.0000E+00  0.0000E+00  0.3408E-02  0.5453E-02
  0.1772E-01  0.0000E+00  0.1227E-01  0.9543E-02  0.2045E-02  0.0000E+00  0.0000E+00  0.0000E+00  0.6135E-02  0.1363E-01  0.0000E+00  0.0000E+00  0.0000E+00  0.0000E+00  0.6817E-02  0.5453E-02  0.0000E+00  0.0000E+00  0.4090E-02  0.1363E-02  0.0000E+00  0.0000E+00  0.0000E+00  0.0000E+00  0.0000E+00  0.0000E+00  0.0000E+00  0.0000E+00  0.0000E+00  0.0000E+00  0.0000E+00  0.0000E+00
  0.2113E-01  0.0000E+00  0.1568E-01  0.2249E-01  0.2727E-02  0.0000E+00  0.0000E+00  0.0000E+00  0.9543E-02  0.5453E-02  0.0000E+00  0.0000E+00  0.0000E+00  0.0000E+00  0.8862E-02  0.1091E-01  0.0000E+00  0.0000E+00  0.0000E+00  0.2045E-02  0.0000E+00  0.0000E+00  0.0000E+00  0.0000E+00  0.0000E+00  0.0000E+00  0.0000E+00  0.0000E+00  0.0000E+00  0.0000E+00  0.0000E+00  0.0000E+00
  0.1772E-01  0.0000E+00  0.0000E+00  0.0000E+00  0.2727E-02  0.0000E+00  0.4908E-01  0.0000E+00  0.0000E+00  0.0000E+00  0.0000E+00  0.0000E+00  0.0000E+00  0.0000E+00  0.0000E+00  0.0000E+00  0.6817E-02  0.0000E+00  0.0000E+00  0.0000E+00  0.0000E+00  0.0000E+00  0.0000E+00  0.0000E+00  0.0000E+00  0.0000E+00  0.0000E+00  0.0000E+00  0.0000E+00  0.0000E+00  0.0000E+00  0.0000E+00
  0.1909E-01  0.0000E+00  0.0000E+00  0.0000E+00  0.5453E-02  0.0000E+00  0.4635E-01  0.0000E+00  0.0000E+00  0.0000E+00  0.0000E+00  0.0000E+00  0.0000E+00  0.0000E+00  0.0000E+00  0.0000E+00  0.6817E-02  0.0000E+00  0.0000E+00  0.0000E+00  0.0000E+00  0.0000E+00  0.0000E+00  0.0000E+00  0.0000E+00  0.0000E+00  0.0000E+00  0.0000E+00  0.0000E+00  0.0000E+00  0.0000E+00  0.0000E+00
  0.2386E-01  0.0000E+00  0.0000E+00  0.0000E+00  0.6817E-02  0.0000E+00  0.0000E+00  0.0000E+00  0.0000E+00  0.0000E+00  0.0000E+00  0.0000E+00  0.0000E+00  0.0000E+00  0.0000E+00  0.0000E+00  0.0000E+00  0.0000E+00  0.0000E+00  0.0000E+00  0.0000E+00  0.0000E+00  0.0000E+00  0.0000E+00  0.0000E+00  0.0000E+00  0.0000E+00  0.0000E+00  0.0000E+00  0.0000E+00  0.0000E+00  0.0000E+00
  0.2045E-01  0.0000E+00  0.0000E+00  0.0000E+00  0.3408E-02  0.0000E+00  0.0000E+00  0.0000E+00  0.0000E+00  0.0000E+00  0.0000E+00  0.0000E+00  0.0000E+00  0.0000E+00  0.0000E+00  0.0000E+00  0.0000E+00  0.0000E+00  0.0000E+00  0.0000E+00  0.0000E+00  0.0000E+00  0.0000E+00  0.0000E+00  0.0000E+00  0.0000E+00  0.0000E+00  0.0000E+00  0.0000E+00  0.0000E+00  0.0000E+00  0.0000E+00
 Events:
          39           0          20          21           5           0          48           0          22          12           0           0          46          43          19          11           6           0           1           3          40          41           0           0          15           8          11           8           0           0           4          11
          35           0          13          30           5           0          79           0          24          20           0           0          43          40          16          13          12           0           5           4          40          27           0           0          10          16          14           7           0           0           5           8
          26           0          18          14           3           0           0           0           9          20           0           0           0           0          10           8           0           0           6           2           0           0           0           0           0           0           0           0           0           0           0           0
          31           0          23          33           4           0           0           0          14           8           0           0           0           0          13          16           0           0           0           3           0           0           0           0           0           0           0           0           0           0           0           0
          26           0           0           0           4           0          72           0           0           0           0           0           0           0           0           0          10           0           0           0           0           0           0           0           0           0           0           0           0           0           0           0
          28           0           0           0           8           0          68           0           0           0           0           0           0           0           0           0          10           0           0           0           0           0           0           0           0           0           0           0           0           0           0           0
          35           0           0           0          10           0           0           0           0           0           0           0           0           0           0           0           0           0           0           0           0           0           0           0           0           0           0           0           0           0           0           0
          30           0           0           0           5           0           0           0           0           0           0           0           0           0           0           0           0           0           0           0           0           0           0           0           0           0           0           0           0           0           0           0
 Iteration  2   Mean: 0.3061E-04 Abs mean: 0.6715E-04   Fluctuation:  0.652E-05   0.129E-01    53.9%
  2    0.3061E-04 0.6715E-04 +- 0.6521E-05      6.14
 Relative summed weights:
  0.1681E-01  0.0000E+00  0.4079E-02  0.7368E-02  0.1156E-03  0.0000E+00  0.3547E-01  0.0000E+00  0.1367E-01  0.3956E-01  0.0000E+00  0.0000E+00  0.2225E-01  0.1544E-01  0.1597E-02  0.3476E-02  0.2243E-02  0.0000E+00  0.4591E-02  0.2052E-02  0.2023E-01  0.1057E-01  0.0000E+00  0.0000E+00  0.4981E-02  0.1423E-02  0.3726E-03  0.1469E-02  0.0000E+00  0.0000E+00  0.3282E-03  0.1020E-02
  0.5002E-01  0.0000E+00  0.1423E-01  0.1386E-02  0.1341E-02  0.0000E+00  0.2729E-01  0.0000E+00  0.3043E-02  0.1236E-01  0.0000E+00  0.0000E+00  0.4181E-01  0.3791E-01  0.7787E-02  0.2612E-01  0.3834E-02  0.0000E+00  0.7091E-04  0.1130E-02  0.9319E-02  0.4300E-01  0.0000E+00  0.0000E+00  0.2404E-01  0.7146E-02  0.4456E-02  0.4303E-03  0.0000E+00  0.0000E+00  0.1726E-02  0.2497E-02
  0.4095E-01  0.0000E+00  0.1980E-02  0.1155E-01  0.1165E-02  0.0000E+00  0.0000E+00  0.0000E+00  0.3010E-02  0.4820E-02  0.0000E+00  0.0000E+00  0.0000E+00  0.0000E+00  0.1788E-01  0.8324E-02  0.0000E+00  0.0000E+00  0.1331E-03  0.4675E-02  0.0000E+00  0.0000E+00  0.0000E+00  0.0000E+00  0.0000E+00  0.0000E+00  0.0000E+00  0.0000E+00  0.0000E+00  0.0000E+00  0.0000E+00  0.0000E+00
  0.6825E-02  0.0000E+00  0.9075E-02  0.1029E-01  0.7580E-02  0.0000E+00  0.0000E+00  0.0000E+00  0.4436E-02  0.1711E-01  0.0000E+00  0.0000E+00  0.0000E+00  0.0000E+00  0.6820E-02  0.1619E-01  0.0000E+00  0.0000E+00  0.1266E-03  0.1526E-03  0.0000E+00  0.0000E+00  0.0000E+00  0.0000E+00  0.0000E+00  0.0000E+00  0.0000E+00  0.0000E+00  0.0000E+00  0.0000E+00  0.0000E+00  0.0000E+00
  0.5087E-01  0.0000E+00  0.0000E+00  0.0000E+00  0.3505E-04  0.0000E+00  0.1455E+00  0.0000E+00  0.0000E+00  0.0000E+00  0.0000E+00  0.0000E+00  0.0000E+00  0.0000E+00  0.0000E+00  0.0000E+00  0.1201E-02  0.0000E+00  0.0000E+00  0.0000E+00  0.0000E+00  0.0000E+00  0.0000E+00  0.0000E+00  0.0000E+00  0.0000E+00  0.0000E+00  0.0000E+00  0.0000E+00  0.0000E+00  0.0000E+00  0.0000E+00
  0.1134E-01  0.0000E+00  0.0000E+00  0.0000E+00  0.5341E-03  0.0000E+00  0.4686E-01  0.0000E+00  0.0000E+00  0.0000E+00  0.0000E+00  0.0000E+00  0.0000E+00  0.0000E+00  0.0000E+00  0.0000E+00  0.4574E-03  0.0000E+00  0.0000E+00  0.0000E+00  0.0000E+00  0.0000E+00  0.0000E+00  0.0000E+00  0.0000E+00  0.0000E+00  0.0000E+00  0.0000E+00  0.0000E+00  0.0000E+00  0.0000E+00  0.0000E+00
  0.2170E-01  0.0000E+00  0.0000E+00  0.0000E+00  0.3264E-02  0.0000E+00  0.0000E+00  0.0000E+00  0.0000E+00  0.0000E+00  0.0000E+00  0.0000E+00  0.0000E+00  0.0000E+00  0.0000E+00  0.0000E+00  0.0000E+00  0.0000E+00  0.0000E+00  0.0000E+00  0.0000E+00  0.0000E+00  0.0000E+00  0.0000E+00  0.0000E+00  0.0000E+00  0.0000E+00  0.0000E+00  0.0000E+00  0.0000E+00  0.0000E+00  0.0000E+00
  0.1486E-01  0.0000E+00  0.0000E+00  0.0000E+00  0.1894E-03  0.0000E+00  0.0000E+00  0.0000E+00  0.0000E+00  0.0000E+00  0.0000E+00  0.0000E+00  0.0000E+00  0.0000E+00  0.0000E+00  0.0000E+00  0.0000E+00  0.0000E+00  0.0000E+00  0.0000E+00  0.0000E+00  0.0000E+00  0.0000E+00  0.0000E+00  0.0000E+00  0.0000E+00  0.0000E+00  0.0000E+00  0.0000E+00  0.0000E+00  0.0000E+00  0.0000E+00
 Relative number of events:
  0.2543E-01  0.0000E+00  0.1309E-01  0.1571E-01  0.2244E-02  0.0000E+00  0.5535E-01  0.0000E+00  0.1085E-01  0.8975E-02  0.0000E+00  0.0000E+00  0.2244E-01  0.2880E-01  0.8975E-02  0.8227E-02  0.4862E-02  0.0000E+00  0.2992E-02  0.3366E-02  0.2431E-01  0.2094E-01  0.0000E+00  0.0000E+00  0.1047E-01  0.7105E-02  0.4488E-02  0.4488E-02  0.0000E+00  0.0000E+00  0.4114E-02  0.2244E-02
  0.2468E-01  0.0000E+00  0.1645E-01  0.1159E-01  0.4114E-02  0.0000E+00  0.5161E-01  0.0000E+00  0.1159E-01  0.1010E-01  0.0000E+00  0.0000E+00  0.2954E-01  0.2805E-01  0.8975E-02  0.7479E-02  0.4114E-02  0.0000E+00  0.2244E-02  0.2618E-02  0.1907E-01  0.2132E-01  0.0000E+00  0.0000E+00  0.9723E-02  0.1047E-01  0.8227E-02  0.4862E-02  0.0000E+00  0.0000E+00  0.5984E-02  0.4862E-02
  0.2393E-01  0.0000E+00  0.1122E-01  0.1421E-01  0.4862E-02  0.0000E+00  0.0000E+00  0.0000E+00  0.1085E-01  0.1122E-01  0.0000E+00  0.0000E+00  0.0000E+00  0.0000E+00  0.9723E-02  0.1010E-01  0.0000E+00  0.0000E+00  0.1870E-02  0.2618E-02  0.0000E+00  0.0000E+00  0.0000E+00  0.0000E+00  0.0000E+00  0.0000E+00  0.0000E+00  0.0000E+00  0.0000E+00  0.0000E+00  0.0000E+00  0.0000E+00
  0.2206E-01  0.0000E+00  0.1458E-01  0.1122E-01  0.4488E-02  0.0000E+00  0.0000E+00  0.0000E+00  0.1234E-01  0.1010E-01  0.0000E+00  0.0000E+00  0.0000E+00  0.0000E+00  0.9349E-02  0.7853E-02  0.0000E+00  0.0000E+00  0.1496E-02  0.3740E-02  0.0000E+00  0.0000E+00  0.0000E+00  0.0000E+00  0.0000E+00  0.0000E+00  0.0000E+00  0.0000E+00  0.0000E+00  0.0000E+00  0.0000E+00  0.0000E+00
  0.2169E-01  0.0000E+00  0.0000E+00  0.0000E+00  0.1870E-02  0.0000E+00  0.4488E-01  0.0000E+00  0.0000E+00  0.0000E+00  0.0000E+00  0.0000E+00  0.0000E+00  0.0000E+00  0.0000E+00  0.0000E+00  0.8227E-02  0.0000E+00  0.0000E+00  0.0000E+00  0.0000E+00  0.0000E+00  0.0000E+00  0.0000E+00  0.0000E+00  0.0000E+00  0.0000E+00  0.0000E+00  0.0000E+00  0.0000E+00  0.0000E+00  0.0000E+00
  0.2506E-01  0.0000E+00  0.0000E+00  0.0000E+00  0.4488E-02  0.0000E+00  0.4899E-01  0.0000E+00  0.0000E+00  0.0000E+00  0.0000E+00  0.0000E+00  0.0000E+00  0.0000E+00  0.0000E+00  0.0000E+00  0.5610E-02  0.0000E+00  0.0000E+00  0.0000E+00  0.0000E+00  0.0000E+00  0.0000E+00  0.0000E+00  0.0000E+00  0.0000E+00  0.0000E+00  0.0000E+00  0.0000E+00  0.0000E+00  0.0000E+00  0.0000E+00
  0.2693E-01  0.0000E+00  0.0000E+00  0.0000E+00  0.3740E-02  0.0000E+00  0.0000E+00  0.0000E+00  0.0000E+00  0.0000E+00  0.0000E+00  0.0000E+00  0.0000E+00  0.0000E+00  0.0000E+00  0.0000E+00  0.0000E+00  0.0000E+00  0.0000E+00  0.0000E+00  0.0000E+00  0.0000E+00  0.0000E+00  0.0000E+00  0.0000E+00  0.0000E+00  0.0000E+00  0.0000E+00  0.0000E+00  0.0000E+00  0.0000E+00  0.0000E+00
  0.2206E-01  0.0000E+00  0.0000E+00  0.0000E+00  0.1496E-02  0.0000E+00  0.0000E+00  0.0000E+00  0.0000E+00  0.0000E+00  0.0000E+00  0.0000E+00  0.0000E+00  0.0000E+00  0.0000E+00  0.0000E+00  0.0000E+00  0.0000E+00  0.0000E+00  0.0000E+00  0.0000E+00  0.0000E+00  0.0000E+00  0.0000E+00  0.0000E+00  0.0000E+00  0.0000E+00  0.0000E+00  0.0000E+00  0.0000E+00  0.0000E+00  0.0000E+00
 Events:
          68           0          35          42           6           0         148           0          29          24           0           0          60          77          24          22          13           0           8           9          65          56           0           0          28          19          12          12           0           0          11           6
          66           0          44          31          11           0         138           0          31          27           0           0          79          75          24          20          11           0           6           7          51          57           0           0          26          28          22          13           0           0          16          13
          64           0          30          38          13           0           0           0          29          30           0           0           0           0          26          27           0           0           5           7           0           0           0           0           0           0           0           0           0           0           0           0
          59           0          39          30          12           0           0           0          33          27           0           0           0           0          25          21           0           0           4          10           0           0           0           0           0           0           0           0           0           0           0           0
          58           0           0           0           5           0         120           0           0           0           0           0           0           0           0           0          22           0           0           0           0           0           0           0           0           0           0           0           0           0           0           0
          67           0           0           0          12           0         131           0           0           0           0           0           0           0           0           0          15           0           0           0           0           0           0           0           0           0           0           0           0           0           0           0
          72           0           0           0          10           0           0           0           0           0           0           0           0           0           0           0           0           0           0           0           0           0           0           0           0           0           0           0           0           0           0           0
          59           0           0           0           4           0           0           0           0           0           0           0           0           0           0           0           0           0           0           0           0           0           0           0           0           0           0           0           0           0           0           0
 Iteration  3   Mean: 0.2596E-04 Abs mean: 0.7404E-04   Fluctuation:  0.381E-05   0.172E-01    67.9%
  3    0.2596E-04 0.7404E-04 +- 0.3807E-05      4.60
 Relative summed weights:
  0.3556E-01  0.0000E+00  0.1079E-01  0.1177E-01  0.1950E-02  0.0000E+00  0.6665E-01  0.0000E+00  0.5713E-02  0.7119E-02  0.0000E+00  0.0000E+00  0.1868E-01  0.2358E-01  0.5914E-02  0.5240E-02  0.9326E-02  0.0000E+00  0.1128E-02  0.3767E-03  0.2417E-01  0.1191E-01  0.0000E+00  0.0000E+00  0.9604E-02  0.4413E-02  0.1994E-02  0.1769E-01  0.0000E+00  0.0000E+00  0.1594E-02  0.1337E-02
  0.2393E-01  0.0000E+00  0.1906E-01  0.8890E-02  0.5181E-04  0.0000E+00  0.4705E-01  0.0000E+00  0.1088E-01  0.5491E-02  0.0000E+00  0.0000E+00  0.3573E-01  0.2784E-01  0.9766E-02  0.6828E-02  0.5730E-02  0.0000E+00  0.1625E-03  0.8516E-03  0.1332E-01  0.2664E-01  0.0000E+00  0.0000E+00  0.7256E-02  0.4061E-02  0.2241E-02  0.6678E-03  0.0000E+00  0.0000E+00  0.5266E-03  0.3122E-02
  0.2252E-01  0.0000E+00  0.8293E-02  0.8821E-02  0.1092E-02  0.0000E+00  0.0000E+00  0.0000E+00  0.1111E-01  0.7869E-02  0.0000E+00  0.0000E+00  0.0000E+00  0.0000E+00  0.9963E-02  0.1546E-01  0.0000E+00  0.0000E+00  0.3866E-03  0.2681E-03  0.0000E+00  0.0000E+00  0.0000E+00  0.0000E+00  0.0000E+00  0.0000E+00  0.0000E+00  0.0000E+00  0.0000E+00  0.0000E+00  0.0000E+00  0.0000E+00
  0.2171E-01  0.0000E+00  0.2207E-01  0.1615E-01  0.1726E-02  0.0000E+00  0.0000E+00  0.0000E+00  0.6156E-02  0.5427E-02  0.0000E+00  0.0000E+00  0.0000E+00  0.0000E+00  0.7443E-02  0.6606E-02  0.0000E+00  0.0000E+00  0.6020E-04  0.2246E-03  0.0000E+00  0.0000E+00  0.0000E+00  0.0000E+00  0.0000E+00  0.0000E+00  0.0000E+00  0.0000E+00  0.0000E+00  0.0000E+00  0.0000E+00  0.0000E+00
  0.2829E-01  0.0000E+00  0.0000E+00  0.0000E+00  0.3318E-03  0.0000E+00  0.6425E-01  0.0000E+00  0.0000E+00  0.0000E+00  0.0000E+00  0.0000E+00  0.0000E+00  0.0000E+00  0.0000E+00  0.0000E+00  0.1325E-02  0.0000E+00  0.0000E+00  0.0000E+00  0.0000E+00  0.0000E+00  0.0000E+00  0.0000E+00  0.0000E+00  0.0000E+00  0.0000E+00  0.0000E+00  0.0000E+00  0.0000E+00  0.0000E+00  0.0000E+00
  0.4603E-01  0.0000E+00  0.0000E+00  0.0000E+00  0.1145E-02  0.0000E+00  0.8437E-01  0.0000E+00  0.0000E+00  0.0000E+00  0.0000E+00  0.0000E+00  0.0000E+00  0.0000E+00  0.0000E+00  0.0000E+00  0.2548E-02  0.0000E+00  0.0000E+00  0.0000E+00  0.0000E+00  0.0000E+00  0.0000E+00  0.0000E+00  0.0000E+00  0.0000E+00  0.0000E+00  0.0000E+00  0.0000E+00  0.0000E+00  0.0000E+00  0.0000E+00
  0.2169E-01  0.0000E+00  0.0000E+00  0.0000E+00  0.3941E-03  0.0000E+00  0.0000E+00  0.0000E+00  0.0000E+00  0.0000E+00  0.0000E+00  0.0000E+00  0.0000E+00  0.0000E+00  0.0000E+00  0.0000E+00  0.0000E+00  0.0000E+00  0.0000E+00  0.0000E+00  0.0000E+00  0.0000E+00  0.0000E+00  0.0000E+00  0.0000E+00  0.0000E+00  0.0000E+00  0.0000E+00  0.0000E+00  0.0000E+00  0.0000E+00  0.0000E+00
  0.3959E-01  0.0000E+00  0.0000E+00  0.0000E+00  0.7041E-04  0.0000E+00  0.0000E+00  0.0000E+00  0.0000E+00  0.0000E+00  0.0000E+00  0.0000E+00  0.0000E+00  0.0000E+00  0.0000E+00  0.0000E+00  0.0000E+00  0.0000E+00  0.0000E+00  0.0000E+00  0.0000E+00  0.0000E+00  0.0000E+00  0.0000E+00  0.0000E+00  0.0000E+00  0.0000E+00  0.0000E+00  0.0000E+00  0.0000E+00  0.0000E+00  0.0000E+00
 Relative number of events:
  0.2668E-01  0.0000E+00  0.1275E-01  0.1353E-01  0.2942E-02  0.0000E+00  0.5375E-01  0.0000E+00  0.8827E-02  0.1098E-01  0.0000E+00  0.0000E+00  0.2707E-01  0.3060E-01  0.8631E-02  0.7454E-02  0.4315E-02  0.0000E+00  0.1569E-02  0.1962E-02  0.2099E-01  0.1922E-01  0.0000E+00  0.0000E+00  0.9415E-02  0.8435E-02  0.5296E-02  0.5296E-02  0.0000E+00  0.0000E+00  0.5492E-02  0.2942E-02
  0.2687E-01  0.0000E+00  0.1255E-01  0.1275E-01  0.1569E-02  0.0000E+00  0.5257E-01  0.0000E+00  0.1157E-01  0.1177E-01  0.0000E+00  0.0000E+00  0.2295E-01  0.2746E-01  0.7650E-02  0.1000E-01  0.5492E-02  0.0000E+00  0.1962E-02  0.2550E-02  0.2079E-01  0.2432E-01  0.0000E+00  0.0000E+00  0.1040E-01  0.8631E-02  0.5296E-02  0.5100E-02  0.0000E+00  0.0000E+00  0.2942E-02  0.4708E-02
  0.2413E-01  0.0000E+00  0.1157E-01  0.1255E-01  0.2550E-02  0.0000E+00  0.0000E+00  0.0000E+00  0.1530E-01  0.1059E-01  0.0000E+00  0.0000E+00  0.0000E+00  0.0000E+00  0.9023E-02  0.1079E-01  0.0000E+00  0.0000E+00  0.1569E-02  0.1373E-02  0.0000E+00  0.0000E+00  0.0000E+00  0.0000E+00  0.0000E+00  0.0000E+00  0.0000E+00  0.0000E+00  0.0000E+00  0.0000E+00  0.0000E+00  0.0000E+00
  0.2550E-01  0.0000E+00  0.1353E-01  0.1040E-01  0.1765E-02  0.0000E+00  0.0000E+00  0.0000E+00  0.1334E-01  0.8631E-02  0.0000E+00  0.0000E+00  0.0000E+00  0.0000E+00  0.9612E-02  0.9612E-02  0.0000E+00  0.0000E+00  0.1177E-02  0.1962E-02  0.0000E+00  0.0000E+00  0.0000E+00  0.0000E+00  0.0000E+00  0.0000E+00  0.0000E+00  0.0000E+00  0.0000E+00  0.0000E+00  0.0000E+00  0.0000E+00
  0.2217E-01  0.0000E+00  0.0000E+00  0.0000E+00  0.2550E-02  0.0000E+00  0.5610E-01  0.0000E+00  0.0000E+00  0.0000E+00  0.0000E+00  0.0000E+00  0.0000E+00  0.0000E+00  0.0000E+00  0.0000E+00  0.6473E-02  0.0000E+00  0.0000E+00  0.0000E+00  0.0000E+00  0.0000E+00  0.0000E+00  0.0000E+00  0.0000E+00  0.0000E+00  0.0000E+00  0.0000E+00  0.0000E+00  0.0000E+00  0.0000E+00  0.0000E+00
  0.2628E-01  0.0000E+00  0.0000E+00  0.0000E+00  0.1962E-02  0.0000E+00  0.4865E-01  0.0000E+00  0.0000E+00  0.0000E+00  0.0000E+00  0.0000E+00  0.0000E+00  0.0000E+00  0.0000E+00  0.0000E+00  0.4708E-02  0.0000E+00  0.0000E+00  0.0000E+00  0.0000E+00  0.0000E+00  0.0000E+00  0.0000E+00  0.0000E+00  0.0000E+00  0.0000E+00  0.0000E+00  0.0000E+00  0.0000E+00  0.0000E+00  0.0000E+00
  0.2687E-01  0.0000E+00  0.0000E+00  0.0000E+00  0.3335E-02  0.0000E+00  0.0000E+00  0.0000E+00  0.0000E+00  0.0000E+00  0.0000E+00  0.0000E+00  0.0000E+00  0.0000E+00  0.0000E+00  0.0000E+00  0.0000E+00  0.0000E+00  0.0000E+00  0.0000E+00  0.0000E+00  0.0000E+00  0.0000E+00  0.0000E+00  0.0000E+00  0.0000E+00  0.0000E+00  0.0000E+00  0.0000E+00  0.0000E+00  0.0000E+00  0.0000E+00
  0.2609E-01  0.0000E+00  0.0000E+00  0.0000E+00  0.1765E-02  0.0000E+00  0.0000E+00  0.0000E+00  0.0000E+00  0.0000E+00  0.0000E+00  0.0000E+00  0.0000E+00  0.0000E+00  0.0000E+00  0.0000E+00  0.0000E+00  0.0000E+00  0.0000E+00  0.0000E+00  0.0000E+00  0.0000E+00  0.0000E+00  0.0000E+00  0.0000E+00  0.0000E+00  0.0000E+00  0.0000E+00  0.0000E+00  0.0000E+00  0.0000E+00  0.0000E+00
 Events:
         136           0          65          69          15           0         274           0          45          56           0           0         138         156          44          38          22           0           8          10         107          98           0           0          48          43          27          27           0           0          28          15
         137           0          64          65           8           0         268           0          59          60           0           0         117         140          39          51          28           0          10          13         106         124           0           0          53          44          27          26           0           0          15          24
         123           0          59          64          13           0           0           0          78          54           0           0           0           0          46          55           0           0           8           7           0           0           0           0           0           0           0           0           0           0           0           0
         130           0          69          53           9           0           0           0          68          44           0           0           0           0          49          49           0           0           6          10           0           0           0           0           0           0           0           0           0           0           0           0
         113           0           0           0          13           0         286           0           0           0           0           0           0           0           0           0          33           0           0           0           0           0           0           0           0           0           0           0           0           0           0           0
         134           0           0           0          10           0         248           0           0           0           0           0           0           0           0           0          24           0           0           0           0           0           0           0           0           0           0           0           0           0           0           0
         137           0           0           0          17           0           0           0           0           0           0           0           0           0           0           0           0           0           0           0           0           0           0           0           0           0           0           0           0           0           0           0
         133           0           0           0           9           0           0           0           0           0           0           0           0           0           0           0           0           0           0           0           0           0           0           0           0           0           0           0           0           0           0           0
 Accuracy:    0.056   0.010   0.044   1.679
 Found          892  events.
 Wrote           30  events.
 Actual xsec    2.6267930709397939E-005
 Correct abs xsec    7.1066382184895385E-005
 Event xsec    7.1066382184895399E-005
 Events wgts > 1:            0
 % Cross section > 1:    0.0000000000000000        0.0000000000000000     
 Iteration  4   Mean: 0.3451E-04 Abs mean: 0.7385E-04   Fluctuation:  0.231E-05   0.126E-01    75.3%
  4    0.3451E-04 0.7385E-04 +- 0.2315E-05      3.97
 Relative summed weights:
  0.5090E-01  0.0000E+00  0.6890E-02  0.1001E-01  0.1323E-02  0.0000E+00  0.5315E-01  0.0000E+00  0.9035E-02  0.2165E-01  0.0000E+00  0.0000E+00  0.2724E-01  0.2469E-01  0.5921E-02  0.7255E-02  0.1427E-02  0.0000E+00  0.7343E-03  0.6181E-03  0.1764E-01  0.1542E-01  0.0000E+00  0.0000E+00  0.7046E-02  0.1349E-01  0.1292E-02  0.1684E-02  0.0000E+00  0.0000E+00  0.1337E-02  0.1498E-02
  0.2275E-01  0.0000E+00  0.6681E-02  0.1465E-01  0.1100E-02  0.0000E+00  0.4465E-01  0.0000E+00  0.2488E-01  0.1122E-01  0.0000E+00  0.0000E+00  0.2081E-01  0.2521E-01  0.1836E-01  0.1517E-01  0.2479E-02  0.0000E+00  0.3916E-03  0.7339E-03  0.1634E-01  0.2208E-01  0.0000E+00  0.0000E+00  0.9438E-02  0.1932E-01  0.3366E-02  0.4090E-02  0.0000E+00  0.0000E+00  0.4046E-02  0.6820E-03
  0.4226E-01  0.0000E+00  0.1161E-01  0.1070E-01  0.5321E-03  0.0000E+00  0.0000E+00  0.0000E+00  0.9806E-02  0.6515E-02  0.0000E+00  0.0000E+00  0.0000E+00  0.0000E+00  0.6936E-02  0.1213E-01  0.0000E+00  0.0000E+00  0.7773E-03  0.7550E-03  0.0000E+00  0.0000E+00  0.0000E+00  0.0000E+00  0.0000E+00  0.0000E+00  0.0000E+00  0.0000E+00  0.0000E+00  0.0000E+00  0.0000E+00  0.0000E+00
  0.2099E-01  0.0000E+00  0.1236E-01  0.1604E-01  0.4402E-03  0.0000E+00  0.0000E+00  0.0000E+00  0.6110E-02  0.1265E-01  0.0000E+00  0.0000E+00  0.0000E+00  0.0000E+00  0.1332E-01  0.1170E-01  0.0000E+00  0.0000E+00  0.6076E-03  0.4700E-03  0.0000E+00  0.0000E+00  0.0000E+00  0.0000E+00  0.0000E+00  0.0000E+00  0.0000E+00  0.0000E+00  0.0000E+00  0.0000E+00  0.0000E+00  0.0000E+00
  0.2688E-01  0.0000E+00  0.0000E+00  0.0000E+00  0.4224E-03  0.0000E+00  0.5010E-01  0.0000E+00  0.0000E+00  0.0000E+00  0.0000E+00  0.0000E+00  0.0000E+00  0.0000E+00  0.0000E+00  0.0000E+00  0.2465E-02  0.0000E+00  0.0000E+00  0.0000E+00  0.0000E+00  0.0000E+00  0.0000E+00  0.0000E+00  0.0000E+00  0.0000E+00  0.0000E+00  0.0000E+00  0.0000E+00  0.0000E+00  0.0000E+00  0.0000E+00
  0.2686E-01  0.0000E+00  0.0000E+00  0.0000E+00  0.8248E-03  0.0000E+00  0.7008E-01  0.0000E+00  0.0000E+00  0.0000E+00  0.0000E+00  0.0000E+00  0.0000E+00  0.0000E+00  0.0000E+00  0.0000E+00  0.3495E-02  0.0000E+00  0.0000E+00  0.0000E+00  0.0000E+00  0.0000E+00  0.0000E+00  0.0000E+00  0.0000E+00  0.0000E+00  0.0000E+00  0.0000E+00  0.0000E+00  0.0000E+00  0.0000E+00  0.0000E+00
  0.2513E-01  0.0000E+00  0.0000E+00  0.0000E+00  0.8546E-03  0.0000E+00  0.0000E+00  0.0000E+00  0.0000E+00  0.0000E+00  0.0000E+00  0.0000E+00  0.0000E+00  0.0000E+00  0.0000E+00  0.0000E+00  0.0000E+00  0.0000E+00  0.0000E+00  0.0000E+00  0.0000E+00  0.0000E+00  0.0000E+00  0.0000E+00  0.0000E+00  0.0000E+00  0.0000E+00  0.0000E+00  0.0000E+00  0.0000E+00  0.0000E+00  0.0000E+00
  0.2650E-01  0.0000E+00  0.0000E+00  0.0000E+00  0.1006E-02  0.0000E+00  0.0000E+00  0.0000E+00  0.0000E+00  0.0000E+00  0.0000E+00  0.0000E+00  0.0000E+00  0.0000E+00  0.0000E+00  0.0000E+00  0.0000E+00  0.0000E+00  0.0000E+00  0.0000E+00  0.0000E+00  0.0000E+00  0.0000E+00  0.0000E+00  0.0000E+00  0.0000E+00  0.0000E+00  0.0000E+00  0.0000E+00  0.0000E+00  0.0000E+00  0.0000E+00
 Relative number of events:
  0.2556E-01  0.0000E+00  0.1273E-01  0.1382E-01  0.2188E-02  0.0000E+00  0.5490E-01  0.0000E+00  0.1183E-01  0.1004E-01  0.0000E+00  0.0000E+00  0.2884E-01  0.2715E-01  0.7260E-02  0.8752E-02  0.4376E-02  0.0000E+00  0.1890E-02  0.2089E-02  0.2158E-01  0.1939E-01  0.0000E+00  0.0000E+00  0.9448E-02  0.1124E-01  0.3779E-02  0.3879E-02  0.0000E+00  0.0000E+00  0.3083E-02  0.3580E-02
  0.2486E-01  0.0000E+00  0.1144E-01  0.1353E-01  0.3381E-02  0.0000E+00  0.5132E-01  0.0000E+00  0.1134E-01  0.1084E-01  0.0000E+00  0.0000E+00  0.2785E-01  0.2735E-01  0.8454E-02  0.8255E-02  0.4674E-02  0.0000E+00  0.1492E-02  0.1989E-02  0.2108E-01  0.2049E-01  0.0000E+00  0.0000E+00  0.1044E-01  0.1024E-01  0.5370E-02  0.4873E-02  0.0000E+00  0.0000E+00  0.3580E-02  0.2387E-02
  0.2636E-01  0.0000E+00  0.1343E-01  0.1273E-01  0.2387E-02  0.0000E+00  0.0000E+00  0.0000E+00  0.1134E-01  0.1064E-01  0.0000E+00  0.0000E+00  0.0000E+00  0.0000E+00  0.8155E-02  0.7956E-02  0.0000E+00  0.0000E+00  0.1989E-02  0.1890E-02  0.0000E+00  0.0000E+00  0.0000E+00  0.0000E+00  0.0000E+00  0.0000E+00  0.0000E+00  0.0000E+00  0.0000E+00  0.0000E+00  0.0000E+00  0.0000E+00
  0.2616E-01  0.0000E+00  0.1213E-01  0.1402E-01  0.2785E-02  0.0000E+00  0.0000E+00  0.0000E+00  0.1104E-01  0.1183E-01  0.0000E+00  0.0000E+00  0.0000E+00  0.0000E+00  0.6564E-02  0.8851E-02  0.0000E+00  0.0000E+00  0.1193E-02  0.1989E-02  0.0000E+00  0.0000E+00  0.0000E+00  0.0000E+00  0.0000E+00  0.0000E+00  0.0000E+00  0.0000E+00  0.0000E+00  0.0000E+00  0.0000E+00  0.0000E+00
  0.2486E-01  0.0000E+00  0.0000E+00  0.0000E+00  0.1890E-02  0.0000E+00  0.5012E-01  0.0000E+00  0.0000E+00  0.0000E+00  0.0000E+00  0.0000E+00  0.0000E+00  0.0000E+00  0.0000E+00  0.0000E+00  0.5370E-02  0.0000E+00  0.0000E+00  0.0000E+00  0.0000E+00  0.0000E+00  0.0000E+00  0.0000E+00  0.0000E+00  0.0000E+00  0.0000E+00  0.0000E+00  0.0000E+00  0.0000E+00  0.0000E+00  0.0000E+00
  0.2735E-01  0.0000E+00  0.0000E+00  0.0000E+00  0.2984E-02  0.0000E+00  0.5470E-01  0.0000E+00  0.0000E+00  0.0000E+00  0.0000E+00  0.0000E+00  0.0000E+00  0.0000E+00  0.0000E+00  0.0000E+00  0.5768E-02  0.0000E+00  0.0000E+00  0.0000E+00  0.0000E+00  0.0000E+00  0.0000E+00  0.0000E+00  0.0000E+00  0.0000E+00  0.0000E+00  0.0000E+00  0.0000E+00  0.0000E+00  0.0000E+00  0.0000E+00
  0.2715E-01  0.0000E+00  0.0000E+00  0.0000E+00  0.2884E-02  0.0000E+00  0.0000E+00  0.0000E+00  0.0000E+00  0.0000E+00  0.0000E+00  0.0000E+00  0.0000E+00  0.0000E+00  0.0000E+00  0.0000E+00  0.0000E+00  0.0000E+00  0.0000E+00  0.0000E+00  0.0000E+00  0.0000E+00  0.0000E+00  0.0000E+00  0.0000E+00  0.0000E+00  0.0000E+00  0.0000E+00  0.0000E+00  0.0000E+00  0.0000E+00  0.0000E+00
  0.2854E-01  0.0000E+00  0.0000E+00  0.0000E+00  0.2287E-02  0.0000E+00  0.0000E+00  0.0000E+00  0.0000E+00  0.0000E+00  0.0000E+00  0.0000E+00  0.0000E+00  0.0000E+00  0.0000E+00  0.0000E+00  0.0000E+00  0.0000E+00  0.0000E+00  0.0000E+00  0.0000E+00  0.0000E+00  0.0000E+00  0.0000E+00  0.0000E+00  0.0000E+00  0.0000E+00  0.0000E+00  0.0000E+00  0.0000E+00  0.0000E+00  0.0000E+00
 Events:
         257           0         128         139          22           0         552           0         119         101           0           0         290         273          73          88          44           0          19          21         217         195           0           0          95         113          38          39           0           0          31          36
         250           0         115         136          34           0         516           0         114         109           0           0         280         275          85          83          47           0          15          20         212         206           0           0         105         103          54          49           0           0          36          24
         265           0         135         128          24           0           0           0         114         107           0           0           0           0          82          80           0           0          20          19           0           0           0           0           0           0           0           0           0           0           0           0
         263           0         122         141          28           0           0           0         111         119           0           0           0           0          66          89           0           0          12          20           0           0           0           0           0           0           0           0           0           0           0           0
         250           0           0           0          19           0         504           0           0           0           0           0           0           0           0           0          54           0           0           0           0           0           0           0           0           0           0           0           0           0           0           0
         275           0           0           0          30           0         550           0           0           0           0           0           0           0           0           0          58           0           0           0           0           0           0           0           0           0           0           0           0           0           0           0
         273           0           0           0          29           0           0           0           0           0           0           0           0           0           0           0           0           0           0           0           0           0           0           0           0           0           0           0           0           0           0           0
         287           0           0           0          23           0           0           0           0           0           0           0           0           0           0           0           0           0           0           0           0           0           0           0           0           0           0           0           0           0           0           0
 Accuracy:    0.028   0.010   0.025   1.232
 Found         1612  events.
 Wrote          152  events.
 Actual xsec    3.2083760712039182E-005
 Correct abs xsec    7.3424747115512231E-005
 Event xsec    7.3424747115512381E-005
 Events wgts > 1:            3
 % Cross section > 1:    4.9045451475292205E-007  0.66796895327584194     
 Iteration  5   Mean: 0.2925E-04 Abs mean: 0.7138E-04   Fluctuation:  0.128E-05   0.136E-01    78.4%
  5    0.2925E-04 0.7138E-04 +- 0.1279E-05      3.21
 Relative summed weights:
  0.2961E-01  0.0000E+00  0.1238E-01  0.1273E-01  0.9861E-03  0.0000E+00  0.6086E-01  0.0000E+00  0.1065E-01  0.8786E-02  0.0000E+00  0.0000E+00  0.2510E-01  0.1914E-01  0.8352E-02  0.7498E-02  0.2234E-02  0.0000E+00  0.2002E-02  0.5444E-03  0.2011E-01  0.1963E-01  0.0000E+00  0.0000E+00  0.1054E-01  0.1022E-01  0.3888E-02  0.5222E-02  0.0000E+00  0.0000E+00  0.2138E-02  0.2683E-02
  0.3583E-01  0.0000E+00  0.1308E-01  0.1118E-01  0.1753E-02  0.0000E+00  0.5875E-01  0.0000E+00  0.1212E-01  0.1300E-01  0.0000E+00  0.0000E+00  0.3104E-01  0.2848E-01  0.4865E-02  0.8809E-02  0.2989E-02  0.0000E+00  0.1917E-02  0.1183E-02  0.2045E-01  0.1915E-01  0.0000E+00  0.0000E+00  0.9321E-02  0.1028E-01  0.6678E-02  0.4010E-02  0.0000E+00  0.0000E+00  0.2834E-02  0.1964E-02
  0.2595E-01  0.0000E+00  0.1090E-01  0.1115E-01  0.7820E-03  0.0000E+00  0.0000E+00  0.0000E+00  0.9016E-02  0.1219E-01  0.0000E+00  0.0000E+00  0.0000E+00  0.0000E+00  0.7442E-02  0.8397E-02  0.0000E+00  0.0000E+00  0.3070E-03  0.8155E-03  0.0000E+00  0.0000E+00  0.0000E+00  0.0000E+00  0.0000E+00  0.0000E+00  0.0000E+00  0.0000E+00  0.0000E+00  0.0000E+00  0.0000E+00  0.0000E+00
  0.3100E-01  0.0000E+00  0.8486E-02  0.1150E-01  0.8435E-03  0.0000E+00  0.0000E+00  0.0000E+00  0.1416E-01  0.1050E-01  0.0000E+00  0.0000E+00  0.0000E+00  0.0000E+00  0.5419E-02  0.6100E-02  0.0000E+00  0.0000E+00  0.1090E-02  0.4293E-03  0.0000E+00  0.0000E+00  0.0000E+00  0.0000E+00  0.0000E+00  0.0000E+00  0.0000E+00  0.0000E+00  0.0000E+00  0.0000E+00  0.0000E+00  0.0000E+00
  0.2656E-01  0.0000E+00  0.0000E+00  0.0000E+00  0.1678E-02  0.0000E+00  0.6503E-01  0.0000E+00  0.0000E+00  0.0000E+00  0.0000E+00  0.0000E+00  0.0000E+00  0.0000E+00  0.0000E+00  0.0000E+00  0.2002E-02  0.0000E+00  0.0000E+00  0.0000E+00  0.0000E+00  0.0000E+00  0.0000E+00  0.0000E+00  0.0000E+00  0.0000E+00  0.0000E+00  0.0000E+00  0.0000E+00  0.0000E+00  0.0000E+00  0.0000E+00
  0.3002E-01  0.0000E+00  0.0000E+00  0.0000E+00  0.1529E-02  0.0000E+00  0.5710E-01  0.0000E+00  0.0000E+00  0.0000E+00  0.0000E+00  0.0000E+00  0.0000E+00  0.0000E+00  0.0000E+00  0.0000E+00  0.1146E-02  0.0000E+00  0.0000E+00  0.0000E+00  0.0000E+00  0.0000E+00  0.0000E+00  0.0000E+00  0.0000E+00  0.0000E+00  0.0000E+00  0.0000E+00  0.0000E+00  0.0000E+00  0.0000E+00  0.0000E+00
  0.2910E-01  0.0000E+00  0.0000E+00  0.0000E+00  0.7499E-03  0.0000E+00  0.0000E+00  0.0000E+00  0.0000E+00  0.0000E+00  0.0000E+00  0.0000E+00  0.0000E+00  0.0000E+00  0.0000E+00  0.0000E+00  0.0000E+00  0.0000E+00  0.0000E+00  0.0000E+00  0.0000E+00  0.0000E+00  0.0000E+00  0.0000E+00  0.0000E+00  0.0000E+00  0.0000E+00  0.0000E+00  0.0000E+00  0.0000E+00  0.0000E+00  0.0000E+00
  0.3113E-01  0.0000E+00  0.0000E+00  0.0000E+00  0.2492E-02  0.0000E+00  0.0000E+00  0.0000E+00  0.0000E+00  0.0000E+00  0.0000E+00  0.0000E+00  0.0000E+00  0.0000E+00  0.0000E+00  0.0000E+00  0.0000E+00  0.0000E+00  0.0000E+00  0.0000E+00  0.0000E+00  0.0000E+00  0.0000E+00  0.0000E+00  0.0000E+00  0.0000E+00  0.0000E+00  0.0000E+00  0.0000E+00  0.0000E+00  0.0000E+00  0.0000E+00
 Relative number of events:
  0.2818E-01  0.0000E+00  0.1309E-01  0.1227E-01  0.1534E-02  0.0000E+00  0.5611E-01  0.0000E+00  0.1125E-01  0.1110E-01  0.0000E+00  0.0000E+00  0.2486E-01  0.2281E-01  0.7621E-02  0.8234E-02  0.4296E-02  0.0000E+00  0.1586E-02  0.1483E-02  0.2148E-01  0.2199E-01  0.0000E+00  0.0000E+00  0.1048E-01  0.1064E-01  0.4245E-02  0.4194E-02  0.0000E+00  0.0000E+00  0.3682E-02  0.3376E-02
  0.2690E-01  0.0000E+00  0.1274E-01  0.1268E-01  0.2557E-02  0.0000E+00  0.5754E-01  0.0000E+00  0.1002E-01  0.1100E-01  0.0000E+00  0.0000E+00  0.2598E-01  0.2818E-01  0.7314E-02  0.7876E-02  0.4757E-02  0.0000E+00  0.1227E-02  0.1637E-02  0.2112E-01  0.2128E-01  0.0000E+00  0.0000E+00  0.9462E-02  0.8746E-02  0.4808E-02  0.4399E-02  0.0000E+00  0.0000E+00  0.3120E-02  0.2608E-02
  0.2895E-01  0.0000E+00  0.1227E-01  0.1212E-01  0.2148E-02  0.0000E+00  0.0000E+00  0.0000E+00  0.1120E-01  0.1033E-01  0.0000E+00  0.0000E+00  0.0000E+00  0.0000E+00  0.8030E-02  0.7467E-02  0.0000E+00  0.0000E+00  0.1483E-02  0.1688E-02  0.0000E+00  0.0000E+00  0.0000E+00  0.0000E+00  0.0000E+00  0.0000E+00  0.0000E+00  0.0000E+00  0.0000E+00  0.0000E+00  0.0000E+00  0.0000E+00
  0.2772E-01  0.0000E+00  0.1166E-01  0.1289E-01  0.2455E-02  0.0000E+00  0.0000E+00  0.0000E+00  0.1064E-01  0.1141E-01  0.0000E+00  0.0000E+00  0.0000E+00  0.0000E+00  0.6240E-02  0.6342E-02  0.0000E+00  0.0000E+00  0.1739E-02  0.1483E-02  0.0000E+00  0.0000E+00  0.0000E+00  0.0000E+00  0.0000E+00  0.0000E+00  0.0000E+00  0.0000E+00  0.0000E+00  0.0000E+00  0.0000E+00  0.0000E+00
  0.2874E-01  0.0000E+00  0.0000E+00  0.0000E+00  0.2506E-02  0.0000E+00  0.5672E-01  0.0000E+00  0.0000E+00  0.0000E+00  0.0000E+00  0.0000E+00  0.0000E+00  0.0000E+00  0.0000E+00  0.0000E+00  0.4296E-02  0.0000E+00  0.0000E+00  0.0000E+00  0.0000E+00  0.0000E+00  0.0000E+00  0.0000E+00  0.0000E+00  0.0000E+00  0.0000E+00  0.0000E+00  0.0000E+00  0.0000E+00  0.0000E+00  0.0000E+00
  0.2752E-01  0.0000E+00  0.0000E+00  0.0000E+00  0.2199E-02  0.0000E+00  0.5646E-01  0.0000E+00  0.0000E+00  0.0000E+00  0.0000E+00  0.0000E+00  0.0000E+00  0.0000E+00  0.0000E+00  0.0000E+00  0.3478E-02  0.0000E+00  0.0000E+00  0.0000E+00  0.0000E+00  0.0000E+00  0.0000E+00  0.0000E+00  0.0000E+00  0.0000E+00  0.0000E+00  0.0000E+00  0.0000E+00  0.0000E+00  0.0000E+00  0.0000E+00
  0.2752E-01  0.0000E+00  0.0000E+00  0.0000E+00  0.2404E-02  0.0000E+00  0.0000E+00  0.0000E+00  0.0000E+00  0.0000E+00  0.0000E+00  0.0000E+00  0.0000E+00  0.0000E+00  0.0000E+00  0.0000E+00  0.0000E+00  0.0000E+00  0.0000E+00  0.0000E+00  0.0000E+00  0.0000E+00  0.0000E+00  0.0000E+00  0.0000E+00  0.0000E+00  0.0000E+00  0.0000E+00  0.0000E+00  0.0000E+00  0.0000E+00  0.0000E+00
  0.2675E-01  0.0000E+00  0.0000E+00  0.0000E+00  0.2660E-02  0.0000E+00  0.0000E+00  0.0000E+00  0.0000E+00  0.0000E+00  0.0000E+00  0.0000E+00  0.0000E+00  0.0000E+00  0.0000E+00  0.0000E+00  0.0000E+00  0.0000E+00  0.0000E+00  0.0000E+00  0.0000E+00  0.0000E+00  0.0000E+00  0.0000E+00  0.0000E+00  0.0000E+00  0.0000E+00  0.0000E+00  0.0000E+00  0.0000E+00  0.0000E+00  0.0000E+00
 Events:
         551           0         256         240          30           0        1097           0         220         217           0           0         486         446         149         161          84           0          31          29         420         430           0           0         205         208          83          82           0           0          72          66
         526           0         249         248          50           0        1125           0         196         215           0           0         508         551         143         154          93           0          24          32         413         416           0           0         185         171          94          86           0           0          61          51
         566           0         240         237          42           0           0           0         219         202           0           0           0           0         157         146           0           0          29          33           0           0           0           0           0           0           0           0           0           0           0           0
         542           0         228         252          48           0           0           0         208         223           0           0           0           0         122         124           0           0          34          29           0           0           0           0           0           0           0           0           0           0           0           0
         562           0           0           0          49           0        1109           0           0           0           0           0           0           0           0           0          84           0           0           0           0           0           0           0           0           0           0           0           0           0           0           0
         538           0           0           0          43           0        1104           0           0           0           0           0           0           0           0           0          68           0           0           0           0           0           0           0           0           0           0           0           0           0           0           0
         538           0           0           0          47           0           0           0           0           0           0           0           0           0           0           0           0           0           0           0           0           0           0           0           0           0           0           0           0           0           0           0
         523           0           0           0          52           0           0           0           0           0           0           0           0           0           0           0           0           0           0           0           0           0           0           0           0           0           0           0           0           0           0           0
 Accuracy:    0.015   0.010   0.015   1.066
 Found         3301  events.
 Wrote          460  events.
 Actual xsec    3.0159176006220368E-005
 Correct abs xsec    7.2158747443457018E-005
 Event xsec    7.2158747443457275E-005
 Events wgts > 1:            6
 % Cross section > 1:    6.8378252531109249E-007  0.94760864002925804     
 Iteration  6   Mean: 0.2999E-04 Abs mean: 0.7235E-04   Fluctuation:  0.863E-06   0.216E-01    80.3%
  6    0.2999E-04 0.7235E-04 +- 0.8625E-06      3.02
 Relative summed weights:
  0.2964E-01  0.0000E+00  0.1291E-01  0.1330E-01  0.1365E-02  0.0000E+00  0.5852E-01  0.0000E+00  0.1064E-01  0.1149E-01  0.0000E+00  0.0000E+00  0.2520E-01  0.2401E-01  0.6290E-02  0.6325E-02  0.3227E-02  0.0000E+00  0.5784E-03  0.6923E-03  0.2153E-01  0.1779E-01  0.0000E+00  0.0000E+00  0.8659E-02  0.1034E-01  0.3207E-02  0.3301E-02  0.0000E+00  0.0000E+00  0.1459E-02  0.1723E-02
  0.3143E-01  0.0000E+00  0.1202E-01  0.1145E-01  0.9023E-03  0.0000E+00  0.6203E-01  0.0000E+00  0.9299E-02  0.9794E-02  0.0000E+00  0.0000E+00  0.2589E-01  0.2919E-01  0.7134E-02  0.5538E-02  0.2175E-02  0.0000E+00  0.7597E-03  0.5680E-03  0.2123E-01  0.2293E-01  0.0000E+00  0.0000E+00  0.7952E-02  0.1945E-01  0.2162E-02  0.3709E-02  0.0000E+00  0.0000E+00  0.1737E-02  0.1619E-02
  0.2983E-01  0.0000E+00  0.1418E-01  0.1274E-01  0.1987E-02  0.0000E+00  0.0000E+00  0.0000E+00  0.8274E-02  0.8895E-02  0.0000E+00  0.0000E+00  0.0000E+00  0.0000E+00  0.5705E-02  0.6257E-02  0.0000E+00  0.0000E+00  0.8560E-03  0.1331E-02  0.0000E+00  0.0000E+00  0.0000E+00  0.0000E+00  0.0000E+00  0.0000E+00  0.0000E+00  0.0000E+00  0.0000E+00  0.0000E+00  0.0000E+00  0.0000E+00
  0.3357E-01  0.0000E+00  0.1253E-01  0.1159E-01  0.1152E-02  0.0000E+00  0.0000E+00  0.0000E+00  0.9915E-02  0.1048E-01  0.0000E+00  0.0000E+00  0.0000E+00  0.0000E+00  0.6971E-02  0.7386E-02  0.0000E+00  0.0000E+00  0.4955E-03  0.7666E-03  0.0000E+00  0.0000E+00  0.0000E+00  0.0000E+00  0.0000E+00  0.0000E+00  0.0000E+00  0.0000E+00  0.0000E+00  0.0000E+00  0.0000E+00  0.0000E+00
  0.3185E-01  0.0000E+00  0.0000E+00  0.0000E+00  0.1122E-02  0.0000E+00  0.5890E-01  0.0000E+00  0.0000E+00  0.0000E+00  0.0000E+00  0.0000E+00  0.0000E+00  0.0000E+00  0.0000E+00  0.0000E+00  0.2276E-02  0.0000E+00  0.0000E+00  0.0000E+00  0.0000E+00  0.0000E+00  0.0000E+00  0.0000E+00  0.0000E+00  0.0000E+00  0.0000E+00  0.0000E+00  0.0000E+00  0.0000E+00  0.0000E+00  0.0000E+00
  0.2854E-01  0.0000E+00  0.0000E+00  0.0000E+00  0.1321E-02  0.0000E+00  0.6440E-01  0.0000E+00  0.0000E+00  0.0000E+00  0.0000E+00  0.0000E+00  0.0000E+00  0.0000E+00  0.0000E+00  0.0000E+00  0.2553E-02  0.0000E+00  0.0000E+00  0.0000E+00  0.0000E+00  0.0000E+00  0.0000E+00  0.0000E+00  0.0000E+00  0.0000E+00  0.0000E+00  0.0000E+00  0.0000E+00  0.0000E+00  0.0000E+00  0.0000E+00
  0.2907E-01  0.0000E+00  0.0000E+00  0.0000E+00  0.1806E-02  0.0000E+00  0.0000E+00  0.0000E+00  0.0000E+00  0.0000E+00  0.0000E+00  0.0000E+00  0.0000E+00  0.0000E+00  0.0000E+00  0.0000E+00  0.0000E+00  0.0000E+00  0.0000E+00  0.0000E+00  0.0000E+00  0.0000E+00  0.0000E+00  0.0000E+00  0.0000E+00  0.0000E+00  0.0000E+00  0.0000E+00  0.0000E+00  0.0000E+00  0.0000E+00  0.0000E+00
  0.3119E-01  0.0000E+00  0.0000E+00  0.0000E+00  0.8770E-03  0.0000E+00  0.0000E+00  0.0000E+00  0.0000E+00  0.0000E+00  0.0000E+00  0.0000E+00  0.0000E+00  0.0000E+00  0.0000E+00  0.0000E+00  0.0000E+00  0.0000E+00  0.0000E+00  0.0000E+00  0.0000E+00  0.0000E+00  0.0000E+00  0.0000E+00  0.0000E+00  0.0000E+00  0.0000E+00  0.0000E+00  0.0000E+00  0.0000E+00  0.0000E+00  0.0000E+00
 Relative number of events:
  0.2852E-01  0.0000E+00  0.1222E-01  0.1250E-01  0.2255E-02  0.0000E+00  0.5768E-01  0.0000E+00  0.1089E-01  0.1135E-01  0.0000E+00  0.0000E+00  0.2521E-01  0.2475E-01  0.7636E-02  0.6739E-02  0.4202E-02  0.0000E+00  0.1307E-02  0.1230E-02  0.2137E-01  0.2096E-01  0.0000E+00  0.0000E+00  0.9686E-02  0.9635E-02  0.4484E-02  0.3972E-02  0.0000E+00  0.0000E+00  0.2691E-02  0.2537E-02
  0.2921E-01  0.0000E+00  0.1207E-01  0.1209E-01  0.2076E-02  0.0000E+00  0.5840E-01  0.0000E+00  0.9609E-02  0.1063E-01  0.0000E+00  0.0000E+00  0.2432E-01  0.2568E-01  0.6508E-02  0.6816E-02  0.3844E-02  0.0000E+00  0.1409E-02  0.1358E-02  0.2160E-01  0.2114E-01  0.0000E+00  0.0000E+00  0.9763E-02  0.1089E-01  0.3562E-02  0.3767E-02  0.0000E+00  0.0000E+00  0.3126E-02  0.2716E-02
  0.2896E-01  0.0000E+00  0.1225E-01  0.1307E-01  0.1742E-02  0.0000E+00  0.0000E+00  0.0000E+00  0.1017E-01  0.1045E-01  0.0000E+00  0.0000E+00  0.0000E+00  0.0000E+00  0.6842E-02  0.6970E-02  0.0000E+00  0.0000E+00  0.1768E-02  0.1896E-02  0.0000E+00  0.0000E+00  0.0000E+00  0.0000E+00  0.0000E+00  0.0000E+00  0.0000E+00  0.0000E+00  0.0000E+00  0.0000E+00  0.0000E+00  0.0000E+00
  0.2970E-01  0.0000E+00  0.1368E-01  0.1166E-01  0.2767E-02  0.0000E+00  0.0000E+00  0.0000E+00  0.1053E-01  0.1094E-01  0.0000E+00  0.0000E+00  0.0000E+00  0.0000E+00  0.6944E-02  0.7482E-02  0.0000E+00  0.0000E+00  0.1025E-02  0.1512E-02  0.0000E+00  0.0000E+00  0.0000E+00  0.0000E+00  0.0000E+00  0.0000E+00  0.0000E+00  0.0000E+00  0.0000E+00  0.0000E+00  0.0000E+00  0.0000E+00
  0.2844E-01  0.0000E+00  0.0000E+00  0.0000E+00  0.2281E-02  0.0000E+00  0.5617E-01  0.0000E+00  0.0000E+00  0.0000E+00  0.0000E+00  0.0000E+00  0.0000E+00  0.0000E+00  0.0000E+00  0.0000E+00  0.3972E-02  0.0000E+00  0.0000E+00  0.0000E+00  0.0000E+00  0.0000E+00  0.0000E+00  0.0000E+00  0.0000E+00  0.0000E+00  0.0000E+00  0.0000E+00  0.0000E+00  0.0000E+00  0.0000E+00  0.0000E+00
  0.2849E-01  0.0000E+00  0.0000E+00  0.0000E+00  0.2152E-02  0.0000E+00  0.5783E-01  0.0000E+00  0.0000E+00  0.0000E+00  0.0000E+00  0.0000E+00  0.0000E+00  0.0000E+00  0.0000E+00  0.0000E+00  0.5227E-02  0.0000E+00  0.0000E+00  0.0000E+00  0.0000E+00  0.0000E+00  0.0000E+00  0.0000E+00  0.0000E+00  0.0000E+00  0.0000E+00  0.0000E+00  0.0000E+00  0.0000E+00  0.0000E+00  0.0000E+00
  0.3013E-01  0.0000E+00  0.0000E+00  0.0000E+00  0.2306E-02  0.0000E+00  0.0000E+00  0.0000E+00  0.0000E+00  0.0000E+00  0.0000E+00  0.0000E+00  0.0000E+00  0.0000E+00  0.0000E+00  0.0000E+00  0.0000E+00  0.0000E+00  0.0000E+00  0.0000E+00  0.0000E+00  0.0000E+00  0.0000E+00  0.0000E+00  0.0000E+00  0.0000E+00  0.0000E+00  0.0000E+00  0.0000E+00  0.0000E+00  0.0000E+00  0.0000E+00
  0.2842E-01  0.0000E+00  0.0000E+00  0.0000E+00  0.1794E-02  0.0000E+00  0.0000E+00  0.0000E+00  0.0000E+00  0.0000E+00  0.0000E+00  0.0000E+00  0.0000E+00  0.0000E+00  0.0000E+00  0.0000E+00  0.0000E+00  0.0000E+00  0.0000E+00  0.0000E+00  0.0000E+00  0.0000E+00  0.0000E+00  0.0000E+00  0.0000E+00  0.0000E+00  0.0000E+00  0.0000E+00  0.0000E+00  0.0000E+00  0.0000E+00  0.0000E+00
 Events:
        1113           0         477         488          88           0        2251           0         425         443           0           0         984         966         298         263         164           0          51          48         834         818           0           0         378         376         175         155           0           0         105          99
        1140           0         471         472          81           0        2279           0         375         415           0           0         949        1002         254         266         150           0          55          53         843         825           0           0         381         425         139         147           0           0         122         106
        1130           0         478         510          68           0           0           0         397         408           0           0           0           0         267         272           0           0          69          74           0           0           0           0           0           0           0           0           0           0           0           0
        1159           0         534         455         108           0           0           0         411         427           0           0           0           0         271         292           0           0          40          59           0           0           0           0           0           0           0           0           0           0           0           0
        1110           0           0           0          89           0        2192           0           0           0           0           0           0           0           0           0         155           0           0           0           0           0           0           0           0           0           0           0           0           0           0           0
Thanks for using LHAPDF 6.2.1. Please make sure to cite the paper:
  Eur.Phys.J. C75 (2015) 3, 132  (http://arxiv.org/abs/1412.7420)
        1112           0           0           0          84           0        2257           0           0           0           0           0           0           0           0           0         204           0           0           0           0           0           0           0           0           0           0           0           0           0           0           0
        1176           0           0           0          90           0           0           0           0           0           0           0           0           0           0           0           0           0           0           0           0           0           0           0           0           0           0           0           0           0           0           0
        1109           0           0           0          70           0           0           0           0           0           0           0           0           0           0           0           0           0           0           0           0           0           0           0           0           0           0           0           0           0           0           0
 Accuracy:    0.009   0.010   0.009   0.870
 Finished due to accuracy    8.6246681555813918E-003   1.0000000000000000E-002

 -------------------------------------------------------------------------------
 Accumulated results:   Integral =  0.7216E-04
                        Std dev  =  0.6673E-06
                       Cross sec =  0.3002E-04
             Chi**2 per DoF.     =      0.8698
 -------------------------------------------------------------------------------
 Found         7014  events.
 Wrote         1127  events.
 Actual xsec    3.0197778768714560E-005
 Correct abs xsec    7.2213924519155847E-005
 Event xsec    7.2213924519157026E-005
 Events wgts > 1:           14
 % Cross section > 1:    7.1008450878583853E-007  0.98330690862461867     
-------------------------------------------------
---------------------------
 Results Last   3 iters: Integral =   0.3020E-04
                     Abs integral =   0.7221E-04
                          Std dev =   0.6834E-06
                  Chi**2 per DoF. =      0.4751
-------------------------------------------------
---------------------------
 Status   1.0000000000000000E-002           7           8

ls status:
events.lhe
ftn26
input_app.txt
results.dat
run1_app.log
