==== LHAPDF6 USING DEFAULT-TYPE LHAGLUE INTERFACE ====
LHAPDF 6.2.1 loading /cvmfs/cms.cern.ch/slc6_amd64_gcc630/external/lhapdf/6.2.1-ghjeda2/share/LHAPDF/NNPDF31_nnlo_as_0118_nf_4_mc_hessian/NNPDF31_nnlo_as_0118_nf_4_mc_hessian_0000.dat
NNPDF31_nnlo_as_0118_nf_4_mc_hessian PDF set, member #0, version 1; LHAPDF ID = 325500
 Process in group number            1
 A PDF is used, so alpha_s(MZ) is going to be modified
 Old value of alpha_s from param_card:   0.11810000000000001     
 New value of alpha_s from PDF lhapdf :  0.11266013434007299     
 using LHAPDF
 Define smin to   10000.000000000000     
 Define smin to   10000.000000000000     
 Define smin to   10000.000000000000     
 Define smin to   10000.000000000000     
 Define smin to   10000.000000000000     
 Define smin to   10000.000000000000     
 Define smin to   10000.000000000000     
 Define smin to   10000.000000000000     
 Define smin to   10000.000000000000     
 Define smin to   10000.000000000000     
 Define smin to   10000.000000000000     
 Define smin to   10000.000000000000     
 Define smin to   10000.000000000000     
 Define smin to   10000.000000000000     
 Define smin to   10000.000000000000     
 Define smin to   10000.000000000000     
 *****************************************************
 *               MadGraph/MadEvent                   *
 *        --------------------------------           *
 *          http://madgraph.hep.uiuc.edu             *
 *          http://madgraph.phys.ucl.ac.be           *
 *          http://madgraph.roma2.infn.it            *
 *        --------------------------------           *
 *                                                   *
 *          PARAMETER AND COUPLING VALUES            *
 *                                                   *
 *****************************************************

  External Params
  ---------------------------------
  
 mdl_MW0 =    80.387000000000000     
 mdl_Gf =    1.1663789999999999E-005
 aS =   0.11810000000000001     
 mdl_ymdo =    1.0000000000000000E-099
 mdl_ymb =    4.1799999999999997     
 mdl_ymt =    173.19999999999999     
 mdl_ymtau =    1.7769999999999999     
 mdl_LambdaSMEFT =    1000.0000000000000     
 mdl_cHW =    1.0000000000000000     
 mdl_MZ =    91.187600000000003     
 mdl_MTA =    1.7769999999999999     
 mdl_MT =    173.19999999999999     
 mdl_MB =    4.1799999999999997     
 mdl_MH =    125.09000000000000     
 mdl_WZ =    2.4952000000000001     
 mdl_WW =    2.0850000000000000     
 mdl_WT =    1.5083359999999999     
 mdl_WH =    4.0699999999999998E-003
  Internal Params
  ---------------------------------
  
 mdl_ymm =    1.0000000000000000E-099
 mdl_yme =    1.0000000000000000E-099
 mdl_ymc =    1.0000000000000000E-099
 mdl_yms =    1.0000000000000000E-099
 mdl_ymup =    1.0000000000000000E-099
 mdl_conjg__CKM3x3 =    1.0000000000000000     
 mdl_cH =    0.0000000000000000     
 mdl_cHB =    0.0000000000000000     
 mdl_CKM1x1 =    1.0000000000000000     
 mdl_conjg__CKM1x1 =    1.0000000000000000     
 mdl_dGf =    0.0000000000000000     
 mdl_CKM3x3 =    1.0000000000000000     
 mdl_dMH2 =    0.0000000000000000     
 mdl_conjg__CKM2x2 =    1.0000000000000000     
 mdl_dg1 =    0.0000000000000000     
 mdl_CKM2x2 =    1.0000000000000000     
 mdl_dgw =    0.0000000000000000     
 mdl_complexi =  (  0.0000000000000000     ,  1.0000000000000000     )
 mdl_MW =    80.387000000000000     
 mdl_nb__2__exp__0_25 =    1.1892071150027210     
 mdl_MH__exp__2 =    15647.508100000001     
 mdl_sqrt__2 =    1.4142135623730951     
 mdl_MW__exp__2 =    6462.0697689999997     
 mdl_MZ__exp__2 =    8315.1783937600012     
 mdl_sth2 =   0.22285855299877133     
 mdl_MH__exp__6 =    3831206449390.3818     
 mdl_MT__exp__6 =    26995248278778.535     
 mdl_MH__exp__4 =    244844509.73956564     
 mdl_MT__exp__4 =    899894403.09759963     
 mdl_MT__exp__2 =    29998.239999999994     
 mdl_LambdaSMEFT__exp__2 =    1000000.0000000000     
 mdl_cth =   0.88155626422890820     
 mdl_sqrt__sth2 =   0.47207896902824564     
 mdl_sth =   0.47207896902824564     
 mdl_MW0__exp__6 =    269845343347.69711     
 mdl_MW0__exp__4 =    41758345.699423708     
 mdl_MW0__exp__2 =    6462.0697689999997     
 mdl_MZ__exp__4 =    69142191.720053151     
 mdl_MZ__exp__6 =    574929658687.79749     
 mdl_cth__exp__2 =   0.77714144700122867     
 mdl_sth__exp__2 =   0.22285855299877130     
 mdl_sth__exp__3 =   0.10520683593878660     
 mdl_cth__exp__3 =   0.68509391079585125     
 mdl_sth__exp__4 =    4.9665934644706158E-002
 mdl_sqrt__Gf =    3.4152291284773265E-003
 mdl_vevhat =    246.21961912951551     
 mdl_lam =   0.12905352724481209     
 mdl_aEW =    7.5614618607353409E-003
 mdl_yb =    2.4008698866559607E-002
 mdl_yc =    5.7437078628133041E-102
 mdl_ydo =    5.7437078628133041E-102
 mdl_ye =    5.7437078628133041E-102
 mdl_ym =    5.7437078628133041E-102
 mdl_ys =    5.7437078628133041E-102
 mdl_yt =   0.99481020183926416     
 mdl_ytau =    1.0206568872219240E-002
 mdl_yup =    5.7437078628133041E-102
 mdl_vevhat__exp__2 =    60624.100844283676     
 mdl_barlam =   0.12905352724481209     
 mdl_vevT =    246.21961912951551     
 mdl_sqrt__aEW =    8.6956666568672819E-002
 mdl_ee =   0.30825335704310214     
 mdl_gwsh =   0.61338418662494298     
 mdl_vev =    246.21961912951551     
 mdl_g1 =   0.34966952144878632     
 mdl_gw =   0.65296989967087182     
 mdl_ee__exp__2 =    9.5020132128342205E-002
 mdl_gHaa =   -1.9303830602986922E-003
 mdl_gHza =   -6.8546472954154700E-003
 mdl_g1sh =   0.34966952144878632     
 mdl_I1d11 =  (  5.7437078628133041E-102,  0.0000000000000000     )
 mdl_I1d22 =  (  5.7437078628133041E-102,  0.0000000000000000     )
 mdl_I1d33 =  (  2.4008698866559607E-002,  0.0000000000000000     )
 mdl_I2d11 =  (  5.7437078628133041E-102,  0.0000000000000000     )
 mdl_I2d22 =  (  5.7437078628133041E-102,  0.0000000000000000     )
 mdl_I2d33 =  ( 0.99481020183926416     ,  0.0000000000000000     )
 mdl_I3d11 =  (  5.7437078628133041E-102,  0.0000000000000000     )
 mdl_I3d22 =  (  5.7437078628133041E-102,  0.0000000000000000     )
 mdl_I3d33 =  (  2.4008698866559607E-002,  0.0000000000000000     )
 mdl_I4d11 =  (  5.7437078628133041E-102,  0.0000000000000000     )
 mdl_I4d22 =  (  5.7437078628133041E-102,  0.0000000000000000     )
 mdl_I4d33 =  ( 0.99481020183926416     ,  0.0000000000000000     )
 mdl_I5d11 =  (  5.7437078628133041E-102,  0.0000000000000000     )
 mdl_I5d22 =  (  5.7437078628133041E-102,  0.0000000000000000     )
 mdl_I5d33 =  (  2.4008698866559607E-002,  0.0000000000000000     )
 mdl_I6d11 =  (  5.7437078628133041E-102,  0.0000000000000000     )
 mdl_I6d22 =  (  5.7437078628133041E-102,  0.0000000000000000     )
 mdl_I6d33 =  ( 0.99481020183926416     ,  0.0000000000000000     )
 mdl_ee__exp__3 =    2.9290274715240611E-002
 mdl_vevhat__exp__3 =    14926843.019948866     
  Internal Params evaluated point by point
  ----------------------------------------
  
 mdl_sqrt__aS =   0.34365680554879169     
 mdl_G__exp__2 =    1.4840883695558185     
 mdl_gHgg =    3.2334372328970845E-003
 mdl_G__exp__3 =  (  1.8079634332366095     ,  0.0000000000000000     )
  Couplings of SMEFTsim_A_U35_MwScheme_UFO_v3_1-cHW_massless
  ---------------------------------
  
         GC_1 =   0.00000E+00   0.10275E+00
         GC_2 =  -0.00000E+00  -0.20550E+00
         GC_3 =  -0.00000E+00  -0.30825E+00
       GC_255 =  -0.00000E+00  -0.42637E+00
       GC_278 =  -0.00000E+00  -0.37035E+00
       GC_280 =  -0.00000E+00  -0.57563E+00
       GC_328 =  -0.00000E+00  -0.55024E-01
       GC_329 =   0.00000E+00   0.11005E+00
       GC_330 =  -0.00000E+00  -0.16507E+00
       GC_387 =   0.00000E+00   0.98488E-03
       GC_400 =   0.00000E+00   0.52490E+02
       GC_809 =  -0.00000E+00  -0.72171E-02
      GC_1073 =  -0.00000E+00  -0.46172E+00

 Collider parameters:
 --------------------

 Running at P P   machine @    13000.000000000000       GeV
 PDF set = lhapdf 
 alpha_s(Mz)= 0.1127 running at 3 loops.
 alpha_s(Mz)= 0.1127 running at 3 loops.
 Renormalization scale set on event-by-event basis
 Factorization   scale set on event-by-event basis


 getting user params
Enter number of events and max and min iterations: 
 Number of events and iterations         2000           8           3
Enter desired fractional accuracy: 
 Desired fractional accuracy:    1.0000000000000000E-002
Enter 0 for fixed, 2 for adjustable grid: 
Suppress amplitude (0 no, 1 yes)? 
 Using suppressed amplitude.
Exact helicity sum (0 yes, n = number/event)? 
 Explicitly summing over helicities
Enter Configuration Number: 
Running Configuration Number:  330
 Not subdividing B.W.
 Attempting mappinvarients           1           8
 Completed mapping           8
 about to integrate           16        2000           8           3          16           1
 Using non-zero grid deformation.
 16 dimensions   2000 events 16 invarients  8 iterations  1 config(s),  (0.99)
 Using h-tuple random number sequence.
 Error opening grid
 Using Uniform Grid!          32
 Using uniform alpha   1.0000000000000000     
 Grid defined OK
 Set CM energy to      13000.00
 Mapping Graph         330  to config         330
 Setting BW          -1           1   80.387000000000000     
Setting grid   2    0.59172E-08   1
 Setting BW          -3           2   80.387000000000000     
Setting grid   4    0.59172E-08   1
Setting grid   5    0.59172E-06   1
 Transforming s_hat 1/s           15   1.1585044837869826E-004   10000.000000000000        168999999.99999997     
 330   1   2   3   4   5   6   7   8   9  10  11  12  13  14
  15  16
 Masses: 0.000E+00 0.000E+00 0.000E+00 0.000E+00 0.000E+00 0.000E+00 0.000E+00 0.000E+00
Using random seed offsets   330 :      3
  with seed                   24
 Ranmar initialization seeds          60        9400
 
 ********************************************
 * You are using the DiscreteSampler module *
 *      part of the MG5_aMC framework       *
 *         Author: Valentin Hirschi         *
 ********************************************
 
  Particle       3       4       5       6       7       8
      Et >     0.0     0.0     0.0     0.0    10.0    10.0
       E >     0.0     0.0     0.0     0.0     0.0     0.0
     Eta <    -1.0    -1.0    -1.0    -1.0     6.5     6.5
   xqcut:      0.0     0.0     0.0     0.0     0.0     0.0
d R # 3  >    -0.0     0.4     0.0     0.0     0.4     0.4
d R # 4  >    -0.0    -0.0     0.0     0.0     0.4     0.4
d R # 5  >    -0.0    -0.0    -0.0     0.0     0.0     0.0
d R # 6  >    -0.0    -0.0    -0.0    -0.0     0.0     0.0
d R # 7  >    -0.0    -0.0    -0.0    -0.0    -0.0     0.4
s min # 3>     0.0     0.0     0.0     0.0     0.0     0.0
s min # 4>     0.0     0.0     0.0     0.0     0.0     0.0
s min # 5>     0.0     0.0     0.0     0.0     0.0     0.0
s min # 6>     0.0     0.0     0.0     0.0     0.0     0.0
s min # 7>     0.0     0.0     0.0     0.0     0.0 10000.0
xqcutij # 3>     0.0     0.0     0.0     0.0     0.0     0.0
xqcutij # 4>     0.0     0.0     0.0     0.0     0.0     0.0
xqcutij # 5>     0.0     0.0     0.0     0.0     0.0     0.0
xqcutij # 6>     0.0     0.0     0.0     0.0     0.0     0.0
xqcutij # 7>     0.0     0.0     0.0     0.0     0.0     0.0
 No cut BW           -1           1
 No cut BW           -3           2
 alpha_s for scale    38.448628970270789       is   0.13060044864057602     
 Added good helicity          193   256.00000000000000       in event            1 local:           1
 Added good helicity          193   256.00000000000000       in event            1 local:           1
 RESET CUMULATIVE VARIABLE
 RESET CUMULATIVE VARIABLE
 RESET CUMULATIVE VARIABLE
 Iteration  1   Mean: 0.8343E-06 Abs mean: 0.2197E-05   Fluctuation:  0.695E-06   0.125E-02     6.8%
  1    0.8343E-06 0.2197E-05 +- 0.6955E-06     14.16
 Writing out events   2.0078766262436413E-009   14.156739357641976     
 Relative summed weights:
  0.2554E-02  0.0000E+00  0.9308E-02  0.8168E-02  0.9593E-03  0.0000E+00  0.5502E-01  0.0000E+00  0.0000E+00  0.1682E-02  0.0000E+00  0.0000E+00  0.7720E-02  0.8549E-02  0.1611E-02  0.1519E-02  0.6249E-02  0.0000E+00  0.2116E-02  0.1897E-03  0.4458E-02  0.4651E-01  0.0000E+00  0.0000E+00  0.1273E-01  0.2699E-01  0.4310E-04  0.1068E-05  0.0000E+00  0.0000E+00  0.3252E-02  0.1111E-02
  0.2226E-01  0.0000E+00  0.0000E+00  0.0000E+00  0.2154E-03  0.0000E+00  0.3021E-01  0.0000E+00  0.0000E+00  0.0000E+00  0.0000E+00  0.0000E+00  0.0000E+00  0.0000E+00  0.0000E+00  0.0000E+00  0.3418E-03  0.0000E+00  0.0000E+00  0.0000E+00  0.0000E+00  0.0000E+00  0.0000E+00  0.0000E+00  0.0000E+00  0.0000E+00  0.0000E+00  0.0000E+00  0.0000E+00  0.0000E+00  0.0000E+00  0.0000E+00
  0.4543E-02  0.0000E+00  0.0000E+00  0.0000E+00  0.2949E-03  0.0000E+00  0.3731E-01  0.0000E+00  0.0000E+00  0.0000E+00  0.0000E+00  0.0000E+00  0.0000E+00  0.0000E+00  0.0000E+00  0.0000E+00  0.8951E-02  0.0000E+00  0.0000E+00  0.0000E+00  0.0000E+00  0.0000E+00  0.0000E+00  0.0000E+00  0.0000E+00  0.0000E+00  0.0000E+00  0.0000E+00  0.0000E+00  0.0000E+00  0.0000E+00  0.0000E+00
  0.8528E-02  0.0000E+00  0.3322E-01  0.3604E-02  0.4389E-03  0.0000E+00  0.2360E-01  0.0000E+00  0.1193E-02  0.8250E-03  0.0000E+00  0.0000E+00  0.1953E-01  0.4847E+00  0.1607E-03  0.2355E-02  0.1390E-01  0.0000E+00  0.2784E-03  0.7274E-03  0.5316E-02  0.1698E-02  0.0000E+00  0.0000E+00  0.4726E-02  0.5509E-03  0.0000E+00  0.9529E-04  0.0000E+00  0.0000E+00  0.1048E-01  0.6314E-02
  0.7484E-02  0.0000E+00  0.8568E-02  0.5573E-02  0.4917E-03  0.0000E+00  0.0000E+00  0.0000E+00  0.4974E-03  0.4050E-02  0.0000E+00  0.0000E+00  0.0000E+00  0.0000E+00  0.1347E-02  0.6631E-02  0.0000E+00  0.0000E+00  0.3553E-03  0.8554E-03  0.0000E+00  0.0000E+00  0.0000E+00  0.0000E+00  0.0000E+00  0.0000E+00  0.0000E+00  0.0000E+00  0.0000E+00  0.0000E+00  0.0000E+00  0.0000E+00
  0.4971E-02  0.0000E+00  0.0000E+00  0.0000E+00  0.1714E-02  0.0000E+00  0.0000E+00  0.0000E+00  0.0000E+00  0.0000E+00  0.0000E+00  0.0000E+00  0.0000E+00  0.0000E+00  0.0000E+00  0.0000E+00  0.0000E+00  0.0000E+00  0.0000E+00  0.0000E+00  0.0000E+00  0.0000E+00  0.0000E+00  0.0000E+00  0.0000E+00  0.0000E+00  0.0000E+00  0.0000E+00  0.0000E+00  0.0000E+00  0.0000E+00  0.0000E+00
  0.9224E-03  0.0000E+00  0.0000E+00  0.0000E+00  0.8266E-04  0.0000E+00  0.0000E+00  0.0000E+00  0.0000E+00  0.0000E+00  0.0000E+00  0.0000E+00  0.0000E+00  0.0000E+00  0.0000E+00  0.0000E+00  0.0000E+00  0.0000E+00  0.0000E+00  0.0000E+00  0.0000E+00  0.0000E+00  0.0000E+00  0.0000E+00  0.0000E+00  0.0000E+00  0.0000E+00  0.0000E+00  0.0000E+00  0.0000E+00  0.0000E+00  0.0000E+00
  0.1268E-01  0.0000E+00  0.2104E-02  0.1385E-02  0.1935E-04  0.0000E+00  0.0000E+00  0.0000E+00  0.6237E-04  0.4775E-02  0.0000E+00  0.0000E+00  0.0000E+00  0.0000E+00  0.6463E-03  0.5856E-02  0.0000E+00  0.0000E+00  0.1673E-02  0.1926E-03  0.0000E+00  0.0000E+00  0.0000E+00  0.0000E+00  0.0000E+00  0.0000E+00  0.0000E+00  0.0000E+00  0.0000E+00  0.0000E+00  0.0000E+00  0.0000E+00
 Relative number of events:
  0.1568E-01  0.0000E+00  0.1344E-01  0.1344E-01  0.1270E-01  0.0000E+00  0.2465E-01  0.0000E+00  0.0000E+00  0.4481E-02  0.0000E+00  0.0000E+00  0.2913E-01  0.3211E-01  0.9709E-02  0.9709E-02  0.1718E-01  0.0000E+00  0.6721E-02  0.9709E-02  0.5975E-02  0.5975E-02  0.0000E+00  0.0000E+00  0.2315E-01  0.1419E-01  0.7468E-03  0.2987E-02  0.0000E+00  0.0000E+00  0.2091E-01  0.1792E-01
  0.2315E-01  0.0000E+00  0.0000E+00  0.0000E+00  0.9709E-02  0.0000E+00  0.2539E-01  0.0000E+00  0.0000E+00  0.0000E+00  0.0000E+00  0.0000E+00  0.0000E+00  0.0000E+00  0.0000E+00  0.0000E+00  0.1718E-01  0.0000E+00  0.0000E+00  0.0000E+00  0.0000E+00  0.0000E+00  0.0000E+00  0.0000E+00  0.0000E+00  0.0000E+00  0.0000E+00  0.0000E+00  0.0000E+00  0.0000E+00  0.0000E+00  0.0000E+00
  0.1270E-01  0.0000E+00  0.0000E+00  0.0000E+00  0.8962E-02  0.0000E+00  0.5004E-01  0.0000E+00  0.0000E+00  0.0000E+00  0.0000E+00  0.0000E+00  0.0000E+00  0.0000E+00  0.0000E+00  0.0000E+00  0.1494E-01  0.0000E+00  0.0000E+00  0.0000E+00  0.0000E+00  0.0000E+00  0.0000E+00  0.0000E+00  0.0000E+00  0.0000E+00  0.0000E+00  0.0000E+00  0.0000E+00  0.0000E+00  0.0000E+00  0.0000E+00
  0.1568E-01  0.0000E+00  0.1643E-01  0.1718E-01  0.1270E-01  0.0000E+00  0.2315E-01  0.0000E+00  0.3734E-02  0.1494E-02  0.0000E+00  0.0000E+00  0.3435E-01  0.2614E-01  0.6721E-02  0.1344E-01  0.1867E-01  0.0000E+00  0.8962E-02  0.9709E-02  0.7468E-02  0.4481E-02  0.0000E+00  0.0000E+00  0.2091E-01  0.1792E-01  0.0000E+00  0.3734E-02  0.0000E+00  0.0000E+00  0.2091E-01  0.1792E-01
  0.8962E-02  0.0000E+00  0.1419E-01  0.1419E-01  0.1344E-01  0.0000E+00  0.0000E+00  0.0000E+00  0.3734E-02  0.1494E-02  0.0000E+00  0.0000E+00  0.0000E+00  0.0000E+00  0.1344E-01  0.1195E-01  0.0000E+00  0.0000E+00  0.7468E-02  0.9709E-02  0.0000E+00  0.0000E+00  0.0000E+00  0.0000E+00  0.0000E+00  0.0000E+00  0.0000E+00  0.0000E+00  0.0000E+00  0.0000E+00  0.0000E+00  0.0000E+00
  0.1494E-01  0.0000E+00  0.0000E+00  0.0000E+00  0.1344E-01  0.0000E+00  0.0000E+00  0.0000E+00  0.0000E+00  0.0000E+00  0.0000E+00  0.0000E+00  0.0000E+00  0.0000E+00  0.0000E+00  0.0000E+00  0.0000E+00  0.0000E+00  0.0000E+00  0.0000E+00  0.0000E+00  0.0000E+00  0.0000E+00  0.0000E+00  0.0000E+00  0.0000E+00  0.0000E+00  0.0000E+00  0.0000E+00  0.0000E+00  0.0000E+00  0.0000E+00
  0.1046E-01  0.0000E+00  0.0000E+00  0.0000E+00  0.1120E-01  0.0000E+00  0.0000E+00  0.0000E+00  0.0000E+00  0.0000E+00  0.0000E+00  0.0000E+00  0.0000E+00  0.0000E+00  0.0000E+00  0.0000E+00  0.0000E+00  0.0000E+00  0.0000E+00  0.0000E+00  0.0000E+00  0.0000E+00  0.0000E+00  0.0000E+00  0.0000E+00  0.0000E+00  0.0000E+00  0.0000E+00  0.0000E+00  0.0000E+00  0.0000E+00  0.0000E+00
  0.1494E-01  0.0000E+00  0.9709E-02  0.1195E-01  0.5975E-02  0.0000E+00  0.0000E+00  0.0000E+00  0.2987E-02  0.4481E-02  0.0000E+00  0.0000E+00  0.0000E+00  0.0000E+00  0.9709E-02  0.1344E-01  0.0000E+00  0.0000E+00  0.1568E-01  0.8215E-02  0.0000E+00  0.0000E+00  0.0000E+00  0.0000E+00  0.0000E+00  0.0000E+00  0.0000E+00  0.0000E+00  0.0000E+00  0.0000E+00  0.0000E+00  0.0000E+00
 Events:
          21           0          18          18          17           0          33           0           0           6           0           0          39          43          13          13          23           0           9          13           8           8           0           0          31          19           1           4           0           0          28          24
          31           0           0           0          13           0          34           0           0           0           0           0           0           0           0           0          23           0           0           0           0           0           0           0           0           0           0           0           0           0           0           0
          17           0           0           0          12           0          67           0           0           0           0           0           0           0           0           0          20           0           0           0           0           0           0           0           0           0           0           0           0           0           0           0
          21           0          22          23          17           0          31           0           5           2           0           0          46          35           9          18          25           0          12          13          10           6           0           0          28          24           0           5           0           0          28          24
          12           0          19          19          18           0           0           0           5           2           0           0           0           0          18          16           0           0          10          13           0           0           0           0           0           0           0           0           0           0           0           0
          20           0           0           0          18           0           0           0           0           0           0           0           0           0           0           0           0           0           0           0           0           0           0           0           0           0           0           0           0           0           0           0
          14           0           0           0          15           0           0           0           0           0           0           0           0           0           0           0           0           0           0           0           0           0           0           0           0           0           0           0           0           0           0           0
          20           0          13          16           8           0           0           0           4           6           0           0           0           0          13          18           0           0          21          11           0           0           0           0           0           0           0           0           0           0           0           0
 Iteration  2   Mean: 0.1721E-05 Abs mean: 0.2693E-05   Fluctuation:  0.440E-06   0.141E-02    48.6%
  2    0.1721E-05 0.2693E-05 +- 0.4401E-06     10.34
 Relative summed weights:
  0.1225E-01  0.0000E+00  0.1525E-01  0.2565E-01  0.6487E-02  0.0000E+00  0.2807E-01  0.0000E+00  0.2500E-02  0.1221E-02  0.0000E+00  0.0000E+00  0.2500E-01  0.6486E-02  0.2619E-02  0.4413E-02  0.1710E-02  0.0000E+00  0.1381E-02  0.1607E-03  0.4204E-02  0.2888E-01  0.0000E+00  0.0000E+00  0.6079E-02  0.3599E-02  0.4495E-04  0.1720E-03  0.0000E+00  0.0000E+00  0.5573E-02  0.3791E-02
  0.5016E-02  0.0000E+00  0.0000E+00  0.0000E+00  0.1675E-02  0.0000E+00  0.1378E+00  0.0000E+00  0.0000E+00  0.0000E+00  0.0000E+00  0.0000E+00  0.0000E+00  0.0000E+00  0.0000E+00  0.0000E+00  0.1611E-02  0.0000E+00  0.0000E+00  0.0000E+00  0.0000E+00  0.0000E+00  0.0000E+00  0.0000E+00  0.0000E+00  0.0000E+00  0.0000E+00  0.0000E+00  0.0000E+00  0.0000E+00  0.0000E+00  0.0000E+00
  0.4299E-01  0.0000E+00  0.0000E+00  0.0000E+00  0.2406E-02  0.0000E+00  0.1249E-01  0.0000E+00  0.0000E+00  0.0000E+00  0.0000E+00  0.0000E+00  0.0000E+00  0.0000E+00  0.0000E+00  0.0000E+00  0.1012E-02  0.0000E+00  0.0000E+00  0.0000E+00  0.0000E+00  0.0000E+00  0.0000E+00  0.0000E+00  0.0000E+00  0.0000E+00  0.0000E+00  0.0000E+00  0.0000E+00  0.0000E+00  0.0000E+00  0.0000E+00
  0.1364E-01  0.0000E+00  0.1499E-01  0.7451E-02  0.6268E-03  0.0000E+00  0.1901E+00  0.0000E+00  0.1308E-02  0.2473E-02  0.0000E+00  0.0000E+00  0.1536E-01  0.1686E-01  0.6822E-02  0.2726E-02  0.1838E-02  0.0000E+00  0.4179E-03  0.8419E-03  0.9252E-03  0.1542E-02  0.0000E+00  0.0000E+00  0.4574E-01  0.8413E-02  0.1386E-02  0.2406E-02  0.0000E+00  0.0000E+00  0.1534E-01  0.1059E-02
  0.2337E-01  0.0000E+00  0.2063E-01  0.1171E-01  0.8787E-03  0.0000E+00  0.0000E+00  0.0000E+00  0.5416E-03  0.5687E-03  0.0000E+00  0.0000E+00  0.0000E+00  0.0000E+00  0.3501E-01  0.1044E-01  0.0000E+00  0.0000E+00  0.6348E-03  0.2191E-03  0.0000E+00  0.0000E+00  0.0000E+00  0.0000E+00  0.0000E+00  0.0000E+00  0.0000E+00  0.0000E+00  0.0000E+00  0.0000E+00  0.0000E+00  0.0000E+00
  0.1591E-01  0.0000E+00  0.0000E+00  0.0000E+00  0.1010E-02  0.0000E+00  0.0000E+00  0.0000E+00  0.0000E+00  0.0000E+00  0.0000E+00  0.0000E+00  0.0000E+00  0.0000E+00  0.0000E+00  0.0000E+00  0.0000E+00  0.0000E+00  0.0000E+00  0.0000E+00  0.0000E+00  0.0000E+00  0.0000E+00  0.0000E+00  0.0000E+00  0.0000E+00  0.0000E+00  0.0000E+00  0.0000E+00  0.0000E+00  0.0000E+00  0.0000E+00
  0.2957E-02  0.0000E+00  0.0000E+00  0.0000E+00  0.1286E-02  0.0000E+00  0.0000E+00  0.0000E+00  0.0000E+00  0.0000E+00  0.0000E+00  0.0000E+00  0.0000E+00  0.0000E+00  0.0000E+00  0.0000E+00  0.0000E+00  0.0000E+00  0.0000E+00  0.0000E+00  0.0000E+00  0.0000E+00  0.0000E+00  0.0000E+00  0.0000E+00  0.0000E+00  0.0000E+00  0.0000E+00  0.0000E+00  0.0000E+00  0.0000E+00  0.0000E+00
  0.3191E-02  0.0000E+00  0.8125E-01  0.6385E-02  0.1347E-02  0.0000E+00  0.0000E+00  0.0000E+00  0.6300E-02  0.4356E-02  0.0000E+00  0.0000E+00  0.0000E+00  0.0000E+00  0.5126E-02  0.1842E-01  0.0000E+00  0.0000E+00  0.3302E-02  0.2308E-02  0.0000E+00  0.0000E+00  0.0000E+00  0.0000E+00  0.0000E+00  0.0000E+00  0.0000E+00  0.0000E+00  0.0000E+00  0.0000E+00  0.0000E+00  0.0000E+00
 Relative number of events:
  0.1566E-01  0.0000E+00  0.1722E-01  0.1644E-01  0.3914E-02  0.0000E+00  0.3640E-01  0.0000E+00  0.4305E-02  0.2740E-02  0.0000E+00  0.0000E+00  0.3249E-01  0.3836E-01  0.9785E-02  0.1292E-01  0.1252E-01  0.0000E+00  0.1213E-01  0.5871E-02  0.3523E-02  0.4697E-02  0.0000E+00  0.0000E+00  0.1957E-01  0.2583E-01  0.2348E-02  0.1957E-02  0.0000E+00  0.0000E+00  0.1644E-01  0.1135E-01
  0.1252E-01  0.0000E+00  0.0000E+00  0.0000E+00  0.6262E-02  0.0000E+00  0.3523E-01  0.0000E+00  0.0000E+00  0.0000E+00  0.0000E+00  0.0000E+00  0.0000E+00  0.0000E+00  0.0000E+00  0.0000E+00  0.1135E-01  0.0000E+00  0.0000E+00  0.0000E+00  0.0000E+00  0.0000E+00  0.0000E+00  0.0000E+00  0.0000E+00  0.0000E+00  0.0000E+00  0.0000E+00  0.0000E+00  0.0000E+00  0.0000E+00  0.0000E+00
  0.1800E-01  0.0000E+00  0.0000E+00  0.0000E+00  0.5088E-02  0.0000E+00  0.3014E-01  0.0000E+00  0.0000E+00  0.0000E+00  0.0000E+00  0.0000E+00  0.0000E+00  0.0000E+00  0.0000E+00  0.0000E+00  0.1174E-01  0.0000E+00  0.0000E+00  0.0000E+00  0.0000E+00  0.0000E+00  0.0000E+00  0.0000E+00  0.0000E+00  0.0000E+00  0.0000E+00  0.0000E+00  0.0000E+00  0.0000E+00  0.0000E+00  0.0000E+00
  0.1683E-01  0.0000E+00  0.1683E-01  0.2309E-01  0.6654E-02  0.0000E+00  0.3014E-01  0.0000E+00  0.1566E-02  0.3131E-02  0.0000E+00  0.0000E+00  0.3718E-01  0.3953E-01  0.1213E-01  0.1135E-01  0.1331E-01  0.0000E+00  0.3914E-02  0.5088E-02  0.5479E-02  0.5088E-02  0.0000E+00  0.0000E+00  0.2975E-01  0.2583E-01  0.2740E-02  0.1957E-02  0.0000E+00  0.0000E+00  0.1174E-01  0.1370E-01
  0.1605E-01  0.0000E+00  0.1918E-01  0.1331E-01  0.7045E-02  0.0000E+00  0.0000E+00  0.0000E+00  0.2740E-02  0.2740E-02  0.0000E+00  0.0000E+00  0.0000E+00  0.0000E+00  0.1096E-01  0.1566E-01  0.0000E+00  0.0000E+00  0.7045E-02  0.5871E-02  0.0000E+00  0.0000E+00  0.0000E+00  0.0000E+00  0.0000E+00  0.0000E+00  0.0000E+00  0.0000E+00  0.0000E+00  0.0000E+00  0.0000E+00  0.0000E+00
  0.2074E-01  0.0000E+00  0.0000E+00  0.0000E+00  0.6262E-02  0.0000E+00  0.0000E+00  0.0000E+00  0.0000E+00  0.0000E+00  0.0000E+00  0.0000E+00  0.0000E+00  0.0000E+00  0.0000E+00  0.0000E+00  0.0000E+00  0.0000E+00  0.0000E+00  0.0000E+00  0.0000E+00  0.0000E+00  0.0000E+00  0.0000E+00  0.0000E+00  0.0000E+00  0.0000E+00  0.0000E+00  0.0000E+00  0.0000E+00  0.0000E+00  0.0000E+00
  0.1370E-01  0.0000E+00  0.0000E+00  0.0000E+00  0.7045E-02  0.0000E+00  0.0000E+00  0.0000E+00  0.0000E+00  0.0000E+00  0.0000E+00  0.0000E+00  0.0000E+00  0.0000E+00  0.0000E+00  0.0000E+00  0.0000E+00  0.0000E+00  0.0000E+00  0.0000E+00  0.0000E+00  0.0000E+00  0.0000E+00  0.0000E+00  0.0000E+00  0.0000E+00  0.0000E+00  0.0000E+00  0.0000E+00  0.0000E+00  0.0000E+00  0.0000E+00
  0.1252E-01  0.0000E+00  0.1409E-01  0.1487E-01  0.6262E-02  0.0000E+00  0.0000E+00  0.0000E+00  0.3523E-02  0.5088E-02  0.0000E+00  0.0000E+00  0.0000E+00  0.0000E+00  0.1644E-01  0.1252E-01  0.0000E+00  0.0000E+00  0.6262E-02  0.6262E-02  0.0000E+00  0.0000E+00  0.0000E+00  0.0000E+00  0.0000E+00  0.0000E+00  0.0000E+00  0.0000E+00  0.0000E+00  0.0000E+00  0.0000E+00  0.0000E+00
 Events:
          40           0          44          42          10           0          93           0          11           7           0           0          83          98          25          33          32           0          31          15           9          12           0           0          50          66           6           5           0           0          42          29
          32           0           0           0          16           0          90           0           0           0           0           0           0           0           0           0          29           0           0           0           0           0           0           0           0           0           0           0           0           0           0           0
          46           0           0           0          13           0          77           0           0           0           0           0           0           0           0           0          30           0           0           0           0           0           0           0           0           0           0           0           0           0           0           0
          43           0          43          59          17           0          77           0           4           8           0           0          95         101          31          29          34           0          10          13          14          13           0           0          76          66           7           5           0           0          30          35
          41           0          49          34          18           0           0           0           7           7           0           0           0           0          28          40           0           0          18          15           0           0           0           0           0           0           0           0           0           0           0           0
          53           0           0           0          16           0           0           0           0           0           0           0           0           0           0           0           0           0           0           0           0           0           0           0           0           0           0           0           0           0           0           0
          35           0           0           0          18           0           0           0           0           0           0           0           0           0           0           0           0           0           0           0           0           0           0           0           0           0           0           0           0           0           0           0
          32           0          36          38          16           0           0           0           9          13           0           0           0           0          42          32           0           0          16          16           0           0           0           0           0           0           0           0           0           0           0           0
 Iteration  3   Mean: 0.1345E-05 Abs mean: 0.2744E-05   Fluctuation:  0.227E-06   0.914E-03    63.8%
  3    0.1345E-05 0.2744E-05 +- 0.2266E-06      7.39
 Relative summed weights:
  0.1642E-01  0.0000E+00  0.9982E-02  0.1021E-01  0.5694E-03  0.0000E+00  0.2831E-01  0.0000E+00  0.5319E-02  0.3890E-02  0.0000E+00  0.0000E+00  0.3280E-01  0.1917E-01  0.4307E-02  0.5173E-02  0.5999E-02  0.0000E+00  0.1288E-02  0.9500E-03  0.6803E-02  0.1333E-02  0.0000E+00  0.0000E+00  0.1332E-01  0.2368E-01  0.4118E-03  0.4775E-03  0.0000E+00  0.0000E+00  0.4522E-02  0.2737E-02
  0.6033E-01  0.0000E+00  0.0000E+00  0.0000E+00  0.2817E-02  0.0000E+00  0.6350E-01  0.0000E+00  0.0000E+00  0.0000E+00  0.0000E+00  0.0000E+00  0.0000E+00  0.0000E+00  0.0000E+00  0.0000E+00  0.3410E-02  0.0000E+00  0.0000E+00  0.0000E+00  0.0000E+00  0.0000E+00  0.0000E+00  0.0000E+00  0.0000E+00  0.0000E+00  0.0000E+00  0.0000E+00  0.0000E+00  0.0000E+00  0.0000E+00  0.0000E+00
  0.7181E-01  0.0000E+00  0.0000E+00  0.0000E+00  0.6612E-03  0.0000E+00  0.5495E-01  0.0000E+00  0.0000E+00  0.0000E+00  0.0000E+00  0.0000E+00  0.0000E+00  0.0000E+00  0.0000E+00  0.0000E+00  0.9192E-02  0.0000E+00  0.0000E+00  0.0000E+00  0.0000E+00  0.0000E+00  0.0000E+00  0.0000E+00  0.0000E+00  0.0000E+00  0.0000E+00  0.0000E+00  0.0000E+00  0.0000E+00  0.0000E+00  0.0000E+00
  0.3863E-01  0.0000E+00  0.8246E-02  0.1059E-01  0.8825E-03  0.0000E+00  0.7523E-01  0.0000E+00  0.1257E-02  0.2100E-02  0.0000E+00  0.0000E+00  0.2663E-01  0.2037E-01  0.9792E-02  0.8665E-02  0.5899E-02  0.0000E+00  0.1128E-02  0.1371E-02  0.8237E-02  0.2809E-01  0.0000E+00  0.0000E+00  0.1190E-01  0.1945E-01  0.4515E-03  0.1225E-02  0.0000E+00  0.0000E+00  0.2049E-02  0.3378E-02
  0.1412E-01  0.0000E+00  0.5282E-02  0.3416E-01  0.2669E-02  0.0000E+00  0.0000E+00  0.0000E+00  0.4257E-02  0.1538E-02  0.0000E+00  0.0000E+00  0.0000E+00  0.0000E+00  0.8210E-02  0.1829E-01  0.0000E+00  0.0000E+00  0.7384E-03  0.2368E-02  0.0000E+00  0.0000E+00  0.0000E+00  0.0000E+00  0.0000E+00  0.0000E+00  0.0000E+00  0.0000E+00  0.0000E+00  0.0000E+00  0.0000E+00  0.0000E+00
  0.2430E-01  0.0000E+00  0.0000E+00  0.0000E+00  0.1153E-02  0.0000E+00  0.0000E+00  0.0000E+00  0.0000E+00  0.0000E+00  0.0000E+00  0.0000E+00  0.0000E+00  0.0000E+00  0.0000E+00  0.0000E+00  0.0000E+00  0.0000E+00  0.0000E+00  0.0000E+00  0.0000E+00  0.0000E+00  0.0000E+00  0.0000E+00  0.0000E+00  0.0000E+00  0.0000E+00  0.0000E+00  0.0000E+00  0.0000E+00  0.0000E+00  0.0000E+00
  0.1030E-01  0.0000E+00  0.0000E+00  0.0000E+00  0.8041E-03  0.0000E+00  0.0000E+00  0.0000E+00  0.0000E+00  0.0000E+00  0.0000E+00  0.0000E+00  0.0000E+00  0.0000E+00  0.0000E+00  0.0000E+00  0.0000E+00  0.0000E+00  0.0000E+00  0.0000E+00  0.0000E+00  0.0000E+00  0.0000E+00  0.0000E+00  0.0000E+00  0.0000E+00  0.0000E+00  0.0000E+00  0.0000E+00  0.0000E+00  0.0000E+00  0.0000E+00
  0.2505E-01  0.0000E+00  0.9086E-02  0.2574E-01  0.1340E-01  0.0000E+00  0.0000E+00  0.0000E+00  0.7872E-03  0.2701E-02  0.0000E+00  0.0000E+00  0.0000E+00  0.0000E+00  0.3408E-01  0.9151E-02  0.0000E+00  0.0000E+00  0.5634E-03  0.1326E-02  0.0000E+00  0.0000E+00  0.0000E+00  0.0000E+00  0.0000E+00  0.0000E+00  0.0000E+00  0.0000E+00  0.0000E+00  0.0000E+00  0.0000E+00  0.0000E+00
 Relative number of events:
  0.1941E-01  0.0000E+00  0.1672E-01  0.1922E-01  0.5382E-02  0.0000E+00  0.2960E-01  0.0000E+00  0.1730E-02  0.3267E-02  0.0000E+00  0.0000E+00  0.3998E-01  0.3248E-01  0.1441E-01  0.1115E-01  0.1249E-01  0.0000E+00  0.6342E-02  0.5574E-02  0.4228E-02  0.4421E-02  0.0000E+00  0.0000E+00  0.1941E-01  0.2229E-01  0.4228E-02  0.3267E-02  0.0000E+00  0.0000E+00  0.1326E-01  0.1345E-01
  0.1730E-01  0.0000E+00  0.0000E+00  0.0000E+00  0.6535E-02  0.0000E+00  0.3171E-01  0.0000E+00  0.0000E+00  0.0000E+00  0.0000E+00  0.0000E+00  0.0000E+00  0.0000E+00  0.0000E+00  0.0000E+00  0.1172E-01  0.0000E+00  0.0000E+00  0.0000E+00  0.0000E+00  0.0000E+00  0.0000E+00  0.0000E+00  0.0000E+00  0.0000E+00  0.0000E+00  0.0000E+00  0.0000E+00  0.0000E+00  0.0000E+00  0.0000E+00
  0.1595E-01  0.0000E+00  0.0000E+00  0.0000E+00  0.4421E-02  0.0000E+00  0.3152E-01  0.0000E+00  0.0000E+00  0.0000E+00  0.0000E+00  0.0000E+00  0.0000E+00  0.0000E+00  0.0000E+00  0.0000E+00  0.1403E-01  0.0000E+00  0.0000E+00  0.0000E+00  0.0000E+00  0.0000E+00  0.0000E+00  0.0000E+00  0.0000E+00  0.0000E+00  0.0000E+00  0.0000E+00  0.0000E+00  0.0000E+00  0.0000E+00  0.0000E+00
  0.1903E-01  0.0000E+00  0.1691E-01  0.1634E-01  0.5574E-02  0.0000E+00  0.2979E-01  0.0000E+00  0.2499E-02  0.3267E-02  0.0000E+00  0.0000E+00  0.4075E-01  0.3344E-01  0.1230E-01  0.1076E-01  0.1153E-01  0.0000E+00  0.7496E-02  0.6919E-02  0.6919E-02  0.4613E-02  0.0000E+00  0.0000E+00  0.2268E-01  0.2556E-01  0.2691E-02  0.2691E-02  0.0000E+00  0.0000E+00  0.1345E-01  0.1365E-01
  0.1787E-01  0.0000E+00  0.1595E-01  0.1884E-01  0.6919E-02  0.0000E+00  0.0000E+00  0.0000E+00  0.3075E-02  0.2883E-02  0.0000E+00  0.0000E+00  0.0000E+00  0.0000E+00  0.1365E-01  0.1384E-01  0.0000E+00  0.0000E+00  0.5574E-02  0.4805E-02  0.0000E+00  0.0000E+00  0.0000E+00  0.0000E+00  0.0000E+00  0.0000E+00  0.0000E+00  0.0000E+00  0.0000E+00  0.0000E+00  0.0000E+00  0.0000E+00
  0.2114E-01  0.0000E+00  0.0000E+00  0.0000E+00  0.8457E-02  0.0000E+00  0.0000E+00  0.0000E+00  0.0000E+00  0.0000E+00  0.0000E+00  0.0000E+00  0.0000E+00  0.0000E+00  0.0000E+00  0.0000E+00  0.0000E+00  0.0000E+00  0.0000E+00  0.0000E+00  0.0000E+00  0.0000E+00  0.0000E+00  0.0000E+00  0.0000E+00  0.0000E+00  0.0000E+00  0.0000E+00  0.0000E+00  0.0000E+00  0.0000E+00  0.0000E+00
  0.1614E-01  0.0000E+00  0.0000E+00  0.0000E+00  0.7688E-02  0.0000E+00  0.0000E+00  0.0000E+00  0.0000E+00  0.0000E+00  0.0000E+00  0.0000E+00  0.0000E+00  0.0000E+00  0.0000E+00  0.0000E+00  0.0000E+00  0.0000E+00  0.0000E+00  0.0000E+00  0.0000E+00  0.0000E+00  0.0000E+00  0.0000E+00  0.0000E+00  0.0000E+00  0.0000E+00  0.0000E+00  0.0000E+00  0.0000E+00  0.0000E+00  0.0000E+00
  0.1518E-01  0.0000E+00  0.1691E-01  0.1787E-01  0.6727E-02  0.0000E+00  0.0000E+00  0.0000E+00  0.2499E-02  0.2306E-02  0.0000E+00  0.0000E+00  0.0000E+00  0.0000E+00  0.1365E-01  0.1134E-01  0.0000E+00  0.0000E+00  0.7303E-02  0.4997E-02  0.0000E+00  0.0000E+00  0.0000E+00  0.0000E+00  0.0000E+00  0.0000E+00  0.0000E+00  0.0000E+00  0.0000E+00  0.0000E+00  0.0000E+00  0.0000E+00
 Events:
         101           0          87         100          28           0         154           0           9          17           0           0         208         169          75          58          65           0          33          29          22          23           0           0         101         116          22          17           0           0          69          70
          90           0           0           0          34           0         165           0           0           0           0           0           0           0           0           0          61           0           0           0           0           0           0           0           0           0           0           0           0           0           0           0
          83           0           0           0          23           0         164           0           0           0           0           0           0           0           0           0          73           0           0           0           0           0           0           0           0           0           0           0           0           0           0           0
          99           0          88          85          29           0         155           0          13          17           0           0         212         174          64          56          60           0          39          36          36          24           0           0         118         133          14          14           0           0          70          71
          93           0          83          98          36           0           0           0          16          15           0           0           0           0          71          72           0           0          29          25           0           0           0           0           0           0           0           0           0           0           0           0
         110           0           0           0          44           0           0           0           0           0           0           0           0           0           0           0           0           0           0           0           0           0           0           0           0           0           0           0           0           0           0           0
          84           0           0           0          40           0           0           0           0           0           0           0           0           0           0           0           0           0           0           0           0           0           0           0           0           0           0           0           0           0           0           0
          79           0          88          93          35           0           0           0          13          12           0           0           0           0          71          59           0           0          38          26           0           0           0           0           0           0           0           0           0           0           0           0
 Accuracy:    0.031   0.010   0.072   0.192
 Found          701  events.
 Wrote           19  events.
 Actual xsec    1.3916239816976532E-006
 Correct abs xsec    2.7060778581862377E-006
 Event xsec    2.7060778581862365E-006
 Events wgts > 1:            1
 % Cross section > 1:    1.0924680141887128E-008  0.40370901039815077     
 Iteration  4   Mean: 0.1596E-05 Abs mean: 0.3413E-05   Fluctuation:  0.178E-06   0.128E-02    71.2%
  4    0.1596E-05 0.3413E-05 +- 0.1779E-06      6.59
 Relative summed weights:
  0.1881E-01  0.0000E+00  0.8804E-02  0.1254E-01  0.1119E-02  0.0000E+00  0.5549E-01  0.0000E+00  0.2070E-02  0.1897E-02  0.0000E+00  0.0000E+00  0.1746E-01  0.2653E-01  0.6218E-02  0.2238E-01  0.3606E-02  0.0000E+00  0.6057E-03  0.1213E-02  0.4497E-02  0.6504E-02  0.0000E+00  0.0000E+00  0.1804E-01  0.1105E-01  0.4034E-02  0.1220E-02  0.0000E+00  0.0000E+00  0.3591E-02  0.3214E-02
  0.2916E-01  0.0000E+00  0.0000E+00  0.0000E+00  0.2045E-02  0.0000E+00  0.8191E-01  0.0000E+00  0.0000E+00  0.0000E+00  0.0000E+00  0.0000E+00  0.0000E+00  0.0000E+00  0.0000E+00  0.0000E+00  0.2333E-02  0.0000E+00  0.0000E+00  0.0000E+00  0.0000E+00  0.0000E+00  0.0000E+00  0.0000E+00  0.0000E+00  0.0000E+00  0.0000E+00  0.0000E+00  0.0000E+00  0.0000E+00  0.0000E+00  0.0000E+00
  0.1897E-01  0.0000E+00  0.0000E+00  0.0000E+00  0.7279E-03  0.0000E+00  0.5760E-01  0.0000E+00  0.0000E+00  0.0000E+00  0.0000E+00  0.0000E+00  0.0000E+00  0.0000E+00  0.0000E+00  0.0000E+00  0.3777E-02  0.0000E+00  0.0000E+00  0.0000E+00  0.0000E+00  0.0000E+00  0.0000E+00  0.0000E+00  0.0000E+00  0.0000E+00  0.0000E+00  0.0000E+00  0.0000E+00  0.0000E+00  0.0000E+00  0.0000E+00
  0.2956E-01  0.0000E+00  0.2849E-01  0.7538E-02  0.1121E-02  0.0000E+00  0.8431E-01  0.0000E+00  0.1185E-02  0.1432E-02  0.0000E+00  0.0000E+00  0.2616E-01  0.2174E-01  0.8512E-02  0.8626E-02  0.2412E-02  0.0000E+00  0.1190E-02  0.1681E-02  0.8532E-02  0.5436E-02  0.0000E+00  0.0000E+00  0.1894E-01  0.3651E-01  0.8033E-02  0.1487E-02  0.0000E+00  0.0000E+00  0.1791E-02  0.1993E-02
  0.6612E-01  0.0000E+00  0.1363E-01  0.1329E-01  0.2864E-02  0.0000E+00  0.0000E+00  0.0000E+00  0.2695E-02  0.8345E-03  0.0000E+00  0.0000E+00  0.0000E+00  0.0000E+00  0.5614E-02  0.5449E-02  0.0000E+00  0.0000E+00  0.1182E-02  0.1106E-02  0.0000E+00  0.0000E+00  0.0000E+00  0.0000E+00  0.0000E+00  0.0000E+00  0.0000E+00  0.0000E+00  0.0000E+00  0.0000E+00  0.0000E+00  0.0000E+00
  0.3237E-01  0.0000E+00  0.0000E+00  0.0000E+00  0.1238E-02  0.0000E+00  0.0000E+00  0.0000E+00  0.0000E+00  0.0000E+00  0.0000E+00  0.0000E+00  0.0000E+00  0.0000E+00  0.0000E+00  0.0000E+00  0.0000E+00  0.0000E+00  0.0000E+00  0.0000E+00  0.0000E+00  0.0000E+00  0.0000E+00  0.0000E+00  0.0000E+00  0.0000E+00  0.0000E+00  0.0000E+00  0.0000E+00  0.0000E+00  0.0000E+00  0.0000E+00
  0.3672E-01  0.0000E+00  0.0000E+00  0.0000E+00  0.1591E-02  0.0000E+00  0.0000E+00  0.0000E+00  0.0000E+00  0.0000E+00  0.0000E+00  0.0000E+00  0.0000E+00  0.0000E+00  0.0000E+00  0.0000E+00  0.0000E+00  0.0000E+00  0.0000E+00  0.0000E+00  0.0000E+00  0.0000E+00  0.0000E+00  0.0000E+00  0.0000E+00  0.0000E+00  0.0000E+00  0.0000E+00  0.0000E+00  0.0000E+00  0.0000E+00  0.0000E+00
  0.2859E-01  0.0000E+00  0.1939E-01  0.8594E-02  0.2434E-02  0.0000E+00  0.0000E+00  0.0000E+00  0.2112E-02  0.3670E-02  0.0000E+00  0.0000E+00  0.0000E+00  0.0000E+00  0.7593E-02  0.5190E-02  0.0000E+00  0.0000E+00  0.7385E-03  0.2908E-02  0.0000E+00  0.0000E+00  0.0000E+00  0.0000E+00  0.0000E+00  0.0000E+00  0.0000E+00  0.0000E+00  0.0000E+00  0.0000E+00  0.0000E+00  0.0000E+00
 Relative number of events:
  0.1776E-01  0.0000E+00  0.1670E-01  0.1737E-01  0.6659E-02  0.0000E+00  0.3522E-01  0.0000E+00  0.2895E-02  0.2220E-02  0.0000E+00  0.0000E+00  0.3677E-01  0.4063E-01  0.1177E-01  0.1168E-01  0.1187E-01  0.0000E+00  0.3667E-02  0.5018E-02  0.6852E-02  0.5790E-02  0.0000E+00  0.0000E+00  0.2606E-01  0.2220E-01  0.2895E-02  0.2316E-02  0.0000E+00  0.0000E+00  0.1081E-01  0.1062E-01
  0.1930E-01  0.0000E+00  0.0000E+00  0.0000E+00  0.6080E-02  0.0000E+00  0.3339E-01  0.0000E+00  0.0000E+00  0.0000E+00  0.0000E+00  0.0000E+00  0.0000E+00  0.0000E+00  0.0000E+00  0.0000E+00  0.1110E-01  0.0000E+00  0.0000E+00  0.0000E+00  0.0000E+00  0.0000E+00  0.0000E+00  0.0000E+00  0.0000E+00  0.0000E+00  0.0000E+00  0.0000E+00  0.0000E+00  0.0000E+00  0.0000E+00  0.0000E+00
  0.1506E-01  0.0000E+00  0.0000E+00  0.0000E+00  0.4729E-02  0.0000E+00  0.3600E-01  0.0000E+00  0.0000E+00  0.0000E+00  0.0000E+00  0.0000E+00  0.0000E+00  0.0000E+00  0.0000E+00  0.0000E+00  0.1274E-01  0.0000E+00  0.0000E+00  0.0000E+00  0.0000E+00  0.0000E+00  0.0000E+00  0.0000E+00  0.0000E+00  0.0000E+00  0.0000E+00  0.0000E+00  0.0000E+00  0.0000E+00  0.0000E+00  0.0000E+00
  0.2027E-01  0.0000E+00  0.1959E-01  0.1699E-01  0.6562E-02  0.0000E+00  0.3600E-01  0.0000E+00  0.2123E-02  0.3571E-02  0.0000E+00  0.0000E+00  0.3474E-01  0.3503E-01  0.1197E-01  0.1245E-01  0.1081E-01  0.0000E+00  0.4825E-02  0.5404E-02  0.5887E-02  0.5790E-02  0.0000E+00  0.0000E+00  0.2268E-01  0.2123E-01  0.1834E-02  0.2413E-02  0.0000E+00  0.0000E+00  0.1033E-01  0.9844E-02
  0.1882E-01  0.0000E+00  0.1920E-01  0.1969E-01  0.5404E-02  0.0000E+00  0.0000E+00  0.0000E+00  0.1737E-02  0.2316E-02  0.0000E+00  0.0000E+00  0.0000E+00  0.0000E+00  0.1129E-01  0.1341E-01  0.0000E+00  0.0000E+00  0.5501E-02  0.5501E-02  0.0000E+00  0.0000E+00  0.0000E+00  0.0000E+00  0.0000E+00  0.0000E+00  0.0000E+00  0.0000E+00  0.0000E+00  0.0000E+00  0.0000E+00  0.0000E+00
  0.1747E-01  0.0000E+00  0.0000E+00  0.0000E+00  0.6466E-02  0.0000E+00  0.0000E+00  0.0000E+00  0.0000E+00  0.0000E+00  0.0000E+00  0.0000E+00  0.0000E+00  0.0000E+00  0.0000E+00  0.0000E+00  0.0000E+00  0.0000E+00  0.0000E+00  0.0000E+00  0.0000E+00  0.0000E+00  0.0000E+00  0.0000E+00  0.0000E+00  0.0000E+00  0.0000E+00  0.0000E+00  0.0000E+00  0.0000E+00  0.0000E+00  0.0000E+00
  0.1727E-01  0.0000E+00  0.0000E+00  0.0000E+00  0.6176E-02  0.0000E+00  0.0000E+00  0.0000E+00  0.0000E+00  0.0000E+00  0.0000E+00  0.0000E+00  0.0000E+00  0.0000E+00  0.0000E+00  0.0000E+00  0.0000E+00  0.0000E+00  0.0000E+00  0.0000E+00  0.0000E+00  0.0000E+00  0.0000E+00  0.0000E+00  0.0000E+00  0.0000E+00  0.0000E+00  0.0000E+00  0.0000E+00  0.0000E+00  0.0000E+00  0.0000E+00
  0.1679E-01  0.0000E+00  0.1949E-01  0.1737E-01  0.6080E-02  0.0000E+00  0.0000E+00  0.0000E+00  0.3378E-02  0.3185E-02  0.0000E+00  0.0000E+00  0.0000E+00  0.0000E+00  0.1399E-01  0.1187E-01  0.0000E+00  0.0000E+00  0.5115E-02  0.5983E-02  0.0000E+00  0.0000E+00  0.0000E+00  0.0000E+00  0.0000E+00  0.0000E+00  0.0000E+00  0.0000E+00  0.0000E+00  0.0000E+00  0.0000E+00  0.0000E+00
 Events:
         184           0         173         180          69           0         365           0          30          23           0           0         381         421         122         121         123           0          38          52          71          60           0           0         270         230          30          24           0           0         112         110
         200           0           0           0          63           0         346           0           0           0           0           0           0           0           0           0         115           0           0           0           0           0           0           0           0           0           0           0           0           0           0           0
         156           0           0           0          49           0         373           0           0           0           0           0           0           0           0           0         132           0           0           0           0           0           0           0           0           0           0           0           0           0           0           0
         210           0         203         176          68           0         373           0          22          37           0           0         360         363         124         129         112           0          50          56          61          60           0           0         235         220          19          25           0           0         107         102
         195           0         199         204          56           0           0           0          18          24           0           0           0           0         117         139           0           0          57          57           0           0           0           0           0           0           0           0           0           0           0           0
         181           0           0           0          67           0           0           0           0           0           0           0           0           0           0           0           0           0           0           0           0           0           0           0           0           0           0           0           0           0           0           0
         179           0           0           0          64           0           0           0           0           0           0           0           0           0           0           0           0           0           0           0           0           0           0           0           0           0           0           0           0           0           0           0
         174           0         202         180          63           0           0           0          35          33           0           0           0           0         145         123           0           0          53          62           0           0           0           0           0           0           0           0           0           0           0           0
 Accuracy:    0.063   0.010   0.042   2.200
 Found         1504  events.
 Wrote           41  events.
 Actual xsec    1.5382281462781146E-006
 Correct abs xsec    3.1862710149725505E-006
 Event xsec    3.1862710149725539E-006
 Events wgts > 1:            1
 % Cross section > 1:    1.8241818283796656E-015   5.7251307870789478E-008
 Iteration  5   Mean: 0.1813E-05 Abs mean: 0.3434E-05   Fluctuation:  0.996E-07   0.892E-03    76.6%
  5    0.1813E-05 0.3434E-05 +- 0.9962E-07      5.19
 Relative summed weights:
  0.3224E-01  0.0000E+00  0.1462E-01  0.1383E-01  0.1909E-02  0.0000E+00  0.6746E-01  0.0000E+00  0.3059E-02  0.3386E-02  0.0000E+00  0.0000E+00  0.2677E-01  0.2900E-01  0.1120E-01  0.6091E-02  0.3469E-02  0.0000E+00  0.2114E-02  0.1300E-02  0.5046E-02  0.7508E-02  0.0000E+00  0.0000E+00  0.1401E-01  0.2010E-01  0.5503E-03  0.5462E-03  0.0000E+00  0.0000E+00  0.2796E-02  0.2849E-02
  0.3322E-01  0.0000E+00  0.0000E+00  0.0000E+00  0.6530E-03  0.0000E+00  0.7344E-01  0.0000E+00  0.0000E+00  0.0000E+00  0.0000E+00  0.0000E+00  0.0000E+00  0.0000E+00  0.0000E+00  0.0000E+00  0.3164E-02  0.0000E+00  0.0000E+00  0.0000E+00  0.0000E+00  0.0000E+00  0.0000E+00  0.0000E+00  0.0000E+00  0.0000E+00  0.0000E+00  0.0000E+00  0.0000E+00  0.0000E+00  0.0000E+00  0.0000E+00
  0.4256E-01  0.0000E+00  0.0000E+00  0.0000E+00  0.1314E-02  0.0000E+00  0.7327E-01  0.0000E+00  0.0000E+00  0.0000E+00  0.0000E+00  0.0000E+00  0.0000E+00  0.0000E+00  0.0000E+00  0.0000E+00  0.3329E-02  0.0000E+00  0.0000E+00  0.0000E+00  0.0000E+00  0.0000E+00  0.0000E+00  0.0000E+00  0.0000E+00  0.0000E+00  0.0000E+00  0.0000E+00  0.0000E+00  0.0000E+00  0.0000E+00  0.0000E+00
  0.1899E-01  0.0000E+00  0.1010E-01  0.9271E-02  0.1122E-02  0.0000E+00  0.6585E-01  0.0000E+00  0.8314E-02  0.5561E-02  0.0000E+00  0.0000E+00  0.2305E-01  0.2302E-01  0.9167E-02  0.7010E-02  0.3449E-02  0.0000E+00  0.1057E-02  0.1530E-02  0.9313E-02  0.8659E-02  0.0000E+00  0.0000E+00  0.1329E-01  0.1540E-01  0.1148E-02  0.9134E-03  0.0000E+00  0.0000E+00  0.4941E-02  0.3868E-02
  0.4291E-01  0.0000E+00  0.2372E-01  0.1631E-01  0.1216E-02  0.0000E+00  0.0000E+00  0.0000E+00  0.5866E-02  0.3406E-02  0.0000E+00  0.0000E+00  0.0000E+00  0.0000E+00  0.7823E-02  0.6456E-02  0.0000E+00  0.0000E+00  0.3044E-02  0.1517E-02  0.0000E+00  0.0000E+00  0.0000E+00  0.0000E+00  0.0000E+00  0.0000E+00  0.0000E+00  0.0000E+00  0.0000E+00  0.0000E+00  0.0000E+00  0.0000E+00
  0.2280E-01  0.0000E+00  0.0000E+00  0.0000E+00  0.8212E-03  0.0000E+00  0.0000E+00  0.0000E+00  0.0000E+00  0.0000E+00  0.0000E+00  0.0000E+00  0.0000E+00  0.0000E+00  0.0000E+00  0.0000E+00  0.0000E+00  0.0000E+00  0.0000E+00  0.0000E+00  0.0000E+00  0.0000E+00  0.0000E+00  0.0000E+00  0.0000E+00  0.0000E+00  0.0000E+00  0.0000E+00  0.0000E+00  0.0000E+00  0.0000E+00  0.0000E+00
  0.3312E-01  0.0000E+00  0.0000E+00  0.0000E+00  0.4306E-02  0.0000E+00  0.0000E+00  0.0000E+00  0.0000E+00  0.0000E+00  0.0000E+00  0.0000E+00  0.0000E+00  0.0000E+00  0.0000E+00  0.0000E+00  0.0000E+00  0.0000E+00  0.0000E+00  0.0000E+00  0.0000E+00  0.0000E+00  0.0000E+00  0.0000E+00  0.0000E+00  0.0000E+00  0.0000E+00  0.0000E+00  0.0000E+00  0.0000E+00  0.0000E+00  0.0000E+00
  0.2443E-01  0.0000E+00  0.9667E-02  0.1372E-01  0.1893E-02  0.0000E+00  0.0000E+00  0.0000E+00  0.2866E-02  0.4298E-02  0.0000E+00  0.0000E+00  0.0000E+00  0.0000E+00  0.1065E-01  0.8872E-02  0.0000E+00  0.0000E+00  0.3353E-02  0.1099E-02  0.0000E+00  0.0000E+00  0.0000E+00  0.0000E+00  0.0000E+00  0.0000E+00  0.0000E+00  0.0000E+00  0.0000E+00  0.0000E+00  0.0000E+00  0.0000E+00
 Relative number of events:
  0.2142E-01  0.0000E+00  0.2025E-01  0.1736E-01  0.5820E-02  0.0000E+00  0.3952E-01  0.0000E+00  0.2641E-02  0.3473E-02  0.0000E+00  0.0000E+00  0.3991E-01  0.3424E-01  0.1179E-01  0.1203E-01  0.1086E-01  0.0000E+00  0.4549E-02  0.4549E-02  0.5233E-02  0.4891E-02  0.0000E+00  0.0000E+00  0.2225E-01  0.2172E-01  0.1369E-02  0.1614E-02  0.0000E+00  0.0000E+00  0.1008E-01  0.9488E-02
  0.1893E-01  0.0000E+00  0.0000E+00  0.0000E+00  0.4940E-02  0.0000E+00  0.3913E-01  0.0000E+00  0.0000E+00  0.0000E+00  0.0000E+00  0.0000E+00  0.0000E+00  0.0000E+00  0.0000E+00  0.0000E+00  0.1130E-01  0.0000E+00  0.0000E+00  0.0000E+00  0.0000E+00  0.0000E+00  0.0000E+00  0.0000E+00  0.0000E+00  0.0000E+00  0.0000E+00  0.0000E+00  0.0000E+00  0.0000E+00  0.0000E+00  0.0000E+00
  0.1863E-01  0.0000E+00  0.0000E+00  0.0000E+00  0.5478E-02  0.0000E+00  0.3932E-01  0.0000E+00  0.0000E+00  0.0000E+00  0.0000E+00  0.0000E+00  0.0000E+00  0.0000E+00  0.0000E+00  0.0000E+00  0.1208E-01  0.0000E+00  0.0000E+00  0.0000E+00  0.0000E+00  0.0000E+00  0.0000E+00  0.0000E+00  0.0000E+00  0.0000E+00  0.0000E+00  0.0000E+00  0.0000E+00  0.0000E+00  0.0000E+00  0.0000E+00
  0.1976E-01  0.0000E+00  0.1780E-01  0.1629E-01  0.4842E-02  0.0000E+00  0.3937E-01  0.0000E+00  0.2983E-02  0.2445E-02  0.0000E+00  0.0000E+00  0.3570E-01  0.3321E-01  0.1188E-01  0.1218E-01  0.1237E-01  0.0000E+00  0.4793E-02  0.5625E-02  0.5918E-02  0.5331E-02  0.0000E+00  0.0000E+00  0.2054E-01  0.2147E-01  0.2005E-02  0.1859E-02  0.0000E+00  0.0000E+00  0.1008E-01  0.1003E-01
  0.1971E-01  0.0000E+00  0.1746E-01  0.1717E-01  0.4500E-02  0.0000E+00  0.0000E+00  0.0000E+00  0.3081E-02  0.2788E-02  0.0000E+00  0.0000E+00  0.0000E+00  0.0000E+00  0.1179E-01  0.1120E-01  0.0000E+00  0.0000E+00  0.4304E-02  0.5087E-02  0.0000E+00  0.0000E+00  0.0000E+00  0.0000E+00  0.0000E+00  0.0000E+00  0.0000E+00  0.0000E+00  0.0000E+00  0.0000E+00  0.0000E+00  0.0000E+00
  0.1927E-01  0.0000E+00  0.0000E+00  0.0000E+00  0.4744E-02  0.0000E+00  0.0000E+00  0.0000E+00  0.0000E+00  0.0000E+00  0.0000E+00  0.0000E+00  0.0000E+00  0.0000E+00  0.0000E+00  0.0000E+00  0.0000E+00  0.0000E+00  0.0000E+00  0.0000E+00  0.0000E+00  0.0000E+00  0.0000E+00  0.0000E+00  0.0000E+00  0.0000E+00  0.0000E+00  0.0000E+00  0.0000E+00  0.0000E+00  0.0000E+00  0.0000E+00
  0.2040E-01  0.0000E+00  0.0000E+00  0.0000E+00  0.6945E-02  0.0000E+00  0.0000E+00  0.0000E+00  0.0000E+00  0.0000E+00  0.0000E+00  0.0000E+00  0.0000E+00  0.0000E+00  0.0000E+00  0.0000E+00  0.0000E+00  0.0000E+00  0.0000E+00  0.0000E+00  0.0000E+00  0.0000E+00  0.0000E+00  0.0000E+00  0.0000E+00  0.0000E+00  0.0000E+00  0.0000E+00  0.0000E+00  0.0000E+00  0.0000E+00  0.0000E+00
  0.2040E-01  0.0000E+00  0.1663E-01  0.1834E-01  0.5967E-02  0.0000E+00  0.0000E+00  0.0000E+00  0.2152E-02  0.2739E-02  0.0000E+00  0.0000E+00  0.0000E+00  0.0000E+00  0.1218E-01  0.1208E-01  0.0000E+00  0.0000E+00  0.4940E-02  0.4793E-02  0.0000E+00  0.0000E+00  0.0000E+00  0.0000E+00  0.0000E+00  0.0000E+00  0.0000E+00  0.0000E+00  0.0000E+00  0.0000E+00  0.0000E+00  0.0000E+00
 Events:
         438           0         414         355         119           0         808           0          54          71           0           0         816         700         241         246         222           0          93          93         107         100           0           0         455         444          28          33           0           0         206         194
         387           0           0           0         101           0         800           0           0           0           0           0           0           0           0           0         231           0           0           0           0           0           0           0           0           0           0           0           0           0           0           0
         381           0           0           0         112           0         804           0           0           0           0           0           0           0           0           0         247           0           0           0           0           0           0           0           0           0           0           0           0           0           0           0
         404           0         364         333          99           0         805           0          61          50           0           0         730         679         243         249         253           0          98         115         121         109           0           0         420         439          41          38           0           0         206         205
         403           0         357         351          92           0           0           0          63          57           0           0           0           0         241         229           0           0          88         104           0           0           0           0           0           0           0           0           0           0           0           0
         394           0           0           0          97           0           0           0           0           0           0           0           0           0           0           0           0           0           0           0           0           0           0           0           0           0           0           0           0           0           0           0
         417           0           0           0         142           0           0           0           0           0           0           0           0           0           0           0           0           0           0           0           0           0           0           0           0           0           0           0           0           0           0           0
         417           0         340         375         122           0           0           0          44          56           0           0           0           0         249         247           0           0         101          98           0           0           0           0           0           0           0           0           0           0           0           0
 Accuracy:    0.034   0.010   0.024   2.075
 Found         2841  events.
 Wrote          219  events.
 Actual xsec    1.7258348796236370E-006
 Correct abs xsec    3.3698460795345221E-006
 Event xsec    3.3698460795345043E-006
 Events wgts > 1:            8
 % Cross section > 1:    2.6493709740396110E-008  0.78619940243845909     
 Iteration  6   Mean: 0.1766E-05 Abs mean: 0.3654E-05   Fluctuation:  0.743E-07   0.257E-02    79.1%
  6    0.1766E-05 0.3654E-05 +- 0.7430E-07      5.14
 Relative summed weights:
  0.3030E-01  0.0000E+00  0.1560E-01  0.1253E-01  0.1366E-02  0.0000E+00  0.6752E-01  0.0000E+00  0.3953E-02  0.3284E-02  0.0000E+00  0.0000E+00  0.3050E-01  0.2865E-01  0.1081E-01  0.9459E-02  0.2949E-02  0.0000E+00  0.1974E-02  0.1438E-02  0.6561E-02  0.5582E-02  0.0000E+00  0.0000E+00  0.1955E-01  0.1281E-01  0.1401E-02  0.1347E-02  0.0000E+00  0.0000E+00  0.3202E-02  0.3141E-02
  0.3935E-01  0.0000E+00  0.0000E+00  0.0000E+00  0.1624E-02  0.0000E+00  0.5843E-01  0.0000E+00  0.0000E+00  0.0000E+00  0.0000E+00  0.0000E+00  0.0000E+00  0.0000E+00  0.0000E+00  0.0000E+00  0.3584E-02  0.0000E+00  0.0000E+00  0.0000E+00  0.0000E+00  0.0000E+00  0.0000E+00  0.0000E+00  0.0000E+00  0.0000E+00  0.0000E+00  0.0000E+00  0.0000E+00  0.0000E+00  0.0000E+00  0.0000E+00
  0.3082E-01  0.0000E+00  0.0000E+00  0.0000E+00  0.2383E-02  0.0000E+00  0.7875E-01  0.0000E+00  0.0000E+00  0.0000E+00  0.0000E+00  0.0000E+00  0.0000E+00  0.0000E+00  0.0000E+00  0.0000E+00  0.3161E-02  0.0000E+00  0.0000E+00  0.0000E+00  0.0000E+00  0.0000E+00  0.0000E+00  0.0000E+00  0.0000E+00  0.0000E+00  0.0000E+00  0.0000E+00  0.0000E+00  0.0000E+00  0.0000E+00  0.0000E+00
  0.3724E-01  0.0000E+00  0.1243E-01  0.1336E-01  0.3235E-02  0.0000E+00  0.6658E-01  0.0000E+00  0.3084E-02  0.4136E-02  0.0000E+00  0.0000E+00  0.2488E-01  0.3114E-01  0.9036E-02  0.9453E-02  0.3066E-02  0.0000E+00  0.1136E-02  0.9932E-03  0.5224E-02  0.8222E-02  0.0000E+00  0.0000E+00  0.1569E-01  0.1598E-01  0.7076E-03  0.9440E-03  0.0000E+00  0.0000E+00  0.1989E-02  0.2819E-02
  0.3109E-01  0.0000E+00  0.1015E-01  0.1414E-01  0.1649E-02  0.0000E+00  0.0000E+00  0.0000E+00  0.3044E-02  0.3578E-02  0.0000E+00  0.0000E+00  0.0000E+00  0.0000E+00  0.1011E-01  0.9293E-02  0.0000E+00  0.0000E+00  0.1387E-02  0.2185E-02  0.0000E+00  0.0000E+00  0.0000E+00  0.0000E+00  0.0000E+00  0.0000E+00  0.0000E+00  0.0000E+00  0.0000E+00  0.0000E+00  0.0000E+00  0.0000E+00
  0.3080E-01  0.0000E+00  0.0000E+00  0.0000E+00  0.1587E-02  0.0000E+00  0.0000E+00  0.0000E+00  0.0000E+00  0.0000E+00  0.0000E+00  0.0000E+00  0.0000E+00  0.0000E+00  0.0000E+00  0.0000E+00  0.0000E+00  0.0000E+00  0.0000E+00  0.0000E+00  0.0000E+00  0.0000E+00  0.0000E+00  0.0000E+00  0.0000E+00  0.0000E+00  0.0000E+00  0.0000E+00  0.0000E+00  0.0000E+00  0.0000E+00  0.0000E+00
  0.3540E-01  0.0000E+00  0.0000E+00  0.0000E+00  0.1530E-02  0.0000E+00  0.0000E+00  0.0000E+00  0.0000E+00  0.0000E+00  0.0000E+00  0.0000E+00  0.0000E+00  0.0000E+00  0.0000E+00  0.0000E+00  0.0000E+00  0.0000E+00  0.0000E+00  0.0000E+00  0.0000E+00  0.0000E+00  0.0000E+00  0.0000E+00  0.0000E+00  0.0000E+00  0.0000E+00  0.0000E+00  0.0000E+00  0.0000E+00  0.0000E+00  0.0000E+00
  0.2398E-01  0.0000E+00  0.1709E-01  0.1679E-01  0.1276E-02  0.0000E+00  0.0000E+00  0.0000E+00  0.3039E-02  0.3029E-02  0.0000E+00  0.0000E+00  0.0000E+00  0.0000E+00  0.6408E-02  0.6899E-02  0.0000E+00  0.0000E+00  0.1358E-02  0.7996E-03  0.0000E+00  0.0000E+00  0.0000E+00  0.0000E+00  0.0000E+00  0.0000E+00  0.0000E+00  0.0000E+00  0.0000E+00  0.0000E+00  0.0000E+00  0.0000E+00
 Relative number of events:
  0.2017E-01  0.0000E+00  0.1763E-01  0.1768E-01  0.4944E-02  0.0000E+00  0.4070E-01  0.0000E+00  0.2656E-02  0.2755E-02  0.0000E+00  0.0000E+00  0.3522E-01  0.3733E-01  0.1166E-01  0.1244E-01  0.1035E-01  0.0000E+00  0.4378E-02  0.4894E-02  0.4747E-02  0.4501E-02  0.0000E+00  0.0000E+00  0.2039E-01  0.2076E-01  0.1648E-02  0.2189E-02  0.0000E+00  0.0000E+00  0.9740E-02  0.1013E-01
  0.2068E-01  0.0000E+00  0.0000E+00  0.0000E+00  0.5239E-02  0.0000E+00  0.4142E-01  0.0000E+00  0.0000E+00  0.0000E+00  0.0000E+00  0.0000E+00  0.0000E+00  0.0000E+00  0.0000E+00  0.0000E+00  0.1080E-01  0.0000E+00  0.0000E+00  0.0000E+00  0.0000E+00  0.0000E+00  0.0000E+00  0.0000E+00  0.0000E+00  0.0000E+00  0.0000E+00  0.0000E+00  0.0000E+00  0.0000E+00  0.0000E+00  0.0000E+00
  0.2073E-01  0.0000E+00  0.0000E+00  0.0000E+00  0.5755E-02  0.0000E+00  0.4191E-01  0.0000E+00  0.0000E+00  0.0000E+00  0.0000E+00  0.0000E+00  0.0000E+00  0.0000E+00  0.0000E+00  0.0000E+00  0.1067E-01  0.0000E+00  0.0000E+00  0.0000E+00  0.0000E+00  0.0000E+00  0.0000E+00  0.0000E+00  0.0000E+00  0.0000E+00  0.0000E+00  0.0000E+00  0.0000E+00  0.0000E+00  0.0000E+00  0.0000E+00
  0.2083E-01  0.0000E+00  0.1751E-01  0.1722E-01  0.5608E-02  0.0000E+00  0.4070E-01  0.0000E+00  0.2927E-02  0.2386E-02  0.0000E+00  0.0000E+00  0.3729E-01  0.3797E-01  0.1126E-01  0.1122E-01  0.1099E-01  0.0000E+00  0.4427E-02  0.4673E-02  0.4821E-02  0.5804E-02  0.0000E+00  0.0000E+00  0.2066E-01  0.2127E-01  0.1672E-02  0.1648E-02  0.0000E+00  0.0000E+00  0.8387E-02  0.8830E-02
  0.2098E-01  0.0000E+00  0.1682E-01  0.1734E-01  0.5312E-02  0.0000E+00  0.0000E+00  0.0000E+00  0.2115E-02  0.2410E-02  0.0000E+00  0.0000E+00  0.0000E+00  0.0000E+00  0.1141E-01  0.1092E-01  0.0000E+00  0.0000E+00  0.4427E-02  0.4673E-02  0.0000E+00  0.0000E+00  0.0000E+00  0.0000E+00  0.0000E+00  0.0000E+00  0.0000E+00  0.0000E+00  0.0000E+00  0.0000E+00  0.0000E+00  0.0000E+00
  0.2127E-01  0.0000E+00  0.0000E+00  0.0000E+00  0.5116E-02  0.0000E+00  0.0000E+00  0.0000E+00  0.0000E+00  0.0000E+00  0.0000E+00  0.0000E+00  0.0000E+00  0.0000E+00  0.0000E+00  0.0000E+00  0.0000E+00  0.0000E+00  0.0000E+00  0.0000E+00  0.0000E+00  0.0000E+00  0.0000E+00  0.0000E+00  0.0000E+00  0.0000E+00  0.0000E+00  0.0000E+00  0.0000E+00  0.0000E+00  0.0000E+00  0.0000E+00
  0.2199E-01  0.0000E+00  0.0000E+00  0.0000E+00  0.4944E-02  0.0000E+00  0.0000E+00  0.0000E+00  0.0000E+00  0.0000E+00  0.0000E+00  0.0000E+00  0.0000E+00  0.0000E+00  0.0000E+00  0.0000E+00  0.0000E+00  0.0000E+00  0.0000E+00  0.0000E+00  0.0000E+00  0.0000E+00  0.0000E+00  0.0000E+00  0.0000E+00  0.0000E+00  0.0000E+00  0.0000E+00  0.0000E+00  0.0000E+00  0.0000E+00  0.0000E+00
  0.2002E-01  0.0000E+00  0.1842E-01  0.1798E-01  0.4796E-02  0.0000E+00  0.0000E+00  0.0000E+00  0.2287E-02  0.2755E-02  0.0000E+00  0.0000E+00  0.0000E+00  0.0000E+00  0.1158E-01  0.1072E-01  0.0000E+00  0.0000E+00  0.4624E-02  0.4821E-02  0.0000E+00  0.0000E+00  0.0000E+00  0.0000E+00  0.0000E+00  0.0000E+00  0.0000E+00  0.0000E+00  0.0000E+00  0.0000E+00  0.0000E+00  0.0000E+00
 Events:
         820           0         717         719         201           0        1655           0         108         112           0           0        1432        1518         474         506         421           0         178         199         193         183           0           0         829         844          67          89           0           0         396         412
         841           0           0           0         213           0        1684           0           0           0           0           0           0           0           0           0         439           0           0           0           0           0           0           0           0           0           0           0           0           0           0           0
         843           0           0           0         234           0        1704           0           0           0           0           0           0           0           0           0         434           0           0           0           0           0           0           0           0           0           0           0           0           0           0           0
         847           0         712         700         228           0        1655           0         119          97           0           0        1516        1544         458         456         447           0         180         190         196         236           0           0         840         865          68          67           0           0         341         359
         853           0         684         705         216           0           0           0          86          98           0           0           0           0         464         444           0           0         180         190           0           0           0           0           0           0           0           0           0           0           0           0
         865           0           0           0         208           0           0           0           0           0           0           0           0           0           0           0           0           0           0           0           0           0           0           0           0           0           0           0           0           0           0           0
         894           0           0           0         201           0           0           0           0           0           0           0           0           0           0           0           0           0           0           0           0           0           0           0           0           0           0           0           0           0           0           0
         814           0         749         731         195           0           0           0          93         112           0           0           0           0         471         436           0           0         188         196           0           0           0           0           0           0           0           0           0           0           0           0
 Accuracy:    0.027   0.010   0.015   3.021
 Found         6126  events.
 Wrote          285  events.
 Actual xsec    1.7644412276984898E-006
 Correct abs xsec    3.5658610046644597E-006
 Event xsec    3.5658610046644368E-006
 Events wgts > 1:            3
 % Cross section > 1:    2.9807866038399334E-008  0.83592338566781521     
 Iteration  7   Mean: 0.1839E-05 Abs mean: 0.3621E-05   Fluctuation:  0.434E-07   0.181E-02    81.2%
  7    0.1839E-05 0.3621E-05 +- 0.4338E-07      4.29
 Exceeded boost           5          96   128000.000    
 Relative summed weights:
  0.3146E-01  0.0000E+00  0.1458E-01  0.1304E-01  0.1525E-02  0.0000E+00  0.6895E-01  0.0000E+00  0.3373E-02  0.2851E-02  0.0000E+00  0.0000E+00  0.2770E-01  0.2782E-01  0.7455E-02  0.1027E-01  0.2943E-02  0.0000E+00  0.1565E-02  0.1599E-02  0.8073E-02  0.9132E-02  0.0000E+00  0.0000E+00  0.1455E-01  0.1655E-01  0.8827E-03  0.7698E-03  0.0000E+00  0.0000E+00  0.3215E-02  0.2812E-02
  0.3130E-01  0.0000E+00  0.0000E+00  0.0000E+00  0.1304E-02  0.0000E+00  0.6197E-01  0.0000E+00  0.0000E+00  0.0000E+00  0.0000E+00  0.0000E+00  0.0000E+00  0.0000E+00  0.0000E+00  0.0000E+00  0.2961E-02  0.0000E+00  0.0000E+00  0.0000E+00  0.0000E+00  0.0000E+00  0.0000E+00  0.0000E+00  0.0000E+00  0.0000E+00  0.0000E+00  0.0000E+00  0.0000E+00  0.0000E+00  0.0000E+00  0.0000E+00
  0.3164E-01  0.0000E+00  0.0000E+00  0.0000E+00  0.1486E-02  0.0000E+00  0.6251E-01  0.0000E+00  0.0000E+00  0.0000E+00  0.0000E+00  0.0000E+00  0.0000E+00  0.0000E+00  0.0000E+00  0.0000E+00  0.3418E-02  0.0000E+00  0.0000E+00  0.0000E+00  0.0000E+00  0.0000E+00  0.0000E+00  0.0000E+00  0.0000E+00  0.0000E+00  0.0000E+00  0.0000E+00  0.0000E+00  0.0000E+00  0.0000E+00  0.0000E+00
  0.3144E-01  0.0000E+00  0.1576E-01  0.1521E-01  0.1587E-02  0.0000E+00  0.6187E-01  0.0000E+00  0.4121E-02  0.3781E-02  0.0000E+00  0.0000E+00  0.3030E-01  0.2999E-01  0.9020E-02  0.9982E-02  0.3944E-02  0.0000E+00  0.1305E-02  0.1167E-02  0.7331E-02  0.7638E-02  0.0000E+00  0.0000E+00  0.1694E-01  0.1727E-01  0.1142E-02  0.9429E-03  0.0000E+00  0.0000E+00  0.2881E-02  0.2845E-02
  0.2882E-01  0.0000E+00  0.1555E-01  0.1406E-01  0.1633E-02  0.0000E+00  0.0000E+00  0.0000E+00  0.3647E-02  0.3770E-02  0.0000E+00  0.0000E+00  0.0000E+00  0.0000E+00  0.8235E-02  0.1096E-01  0.0000E+00  0.0000E+00  0.1199E-02  0.1263E-02  0.0000E+00  0.0000E+00  0.0000E+00  0.0000E+00  0.0000E+00  0.0000E+00  0.0000E+00  0.0000E+00  0.0000E+00  0.0000E+00  0.0000E+00  0.0000E+00
  0.3471E-01  0.0000E+00  0.0000E+00  0.0000E+00  0.1716E-02  0.0000E+00  0.0000E+00  0.0000E+00  0.0000E+00  0.0000E+00  0.0000E+00  0.0000E+00  0.0000E+00  0.0000E+00  0.0000E+00  0.0000E+00  0.0000E+00  0.0000E+00  0.0000E+00  0.0000E+00  0.0000E+00  0.0000E+00  0.0000E+00  0.0000E+00  0.0000E+00  0.0000E+00  0.0000E+00  0.0000E+00  0.0000E+00  0.0000E+00  0.0000E+00  0.0000E+00
  0.3341E-01  0.0000E+00  0.0000E+00  0.0000E+00  0.1817E-02  0.0000E+00  0.0000E+00  0.0000E+00  0.0000E+00  0.0000E+00  0.0000E+00  0.0000E+00  0.0000E+00  0.0000E+00  0.0000E+00  0.0000E+00  0.0000E+00  0.0000E+00  0.0000E+00  0.0000E+00  0.0000E+00  0.0000E+00  0.0000E+00  0.0000E+00  0.0000E+00  0.0000E+00  0.0000E+00  0.0000E+00  0.0000E+00  0.0000E+00  0.0000E+00  0.0000E+00
  0.3602E-01  0.0000E+00  0.1539E-01  0.1407E-01  0.1824E-02  0.0000E+00  0.0000E+00  0.0000E+00  0.3213E-02  0.4056E-02  0.0000E+00  0.0000E+00  0.0000E+00  0.0000E+00  0.8195E-02  0.9745E-02  0.0000E+00  0.0000E+00  0.1333E-02  0.1196E-02  0.0000E+00  0.0000E+00  0.0000E+00  0.0000E+00  0.0000E+00  0.0000E+00  0.0000E+00  0.0000E+00  0.0000E+00  0.0000E+00  0.0000E+00  0.0000E+00
 Relative number of events:
  0.2153E-01  0.0000E+00  0.1734E-01  0.1845E-01  0.4791E-02  0.0000E+00  0.4297E-01  0.0000E+00  0.2500E-02  0.2266E-02  0.0000E+00  0.0000E+00  0.3536E-01  0.3556E-01  0.1063E-01  0.1100E-01  0.9915E-02  0.0000E+00  0.3880E-02  0.4545E-02  0.5259E-02  0.5247E-02  0.0000E+00  0.0000E+00  0.1992E-01  0.2021E-01  0.1872E-02  0.1737E-02  0.0000E+00  0.0000E+00  0.8917E-02  0.8831E-02
  0.2200E-01  0.0000E+00  0.0000E+00  0.0000E+00  0.4237E-02  0.0000E+00  0.4350E-01  0.0000E+00  0.0000E+00  0.0000E+00  0.0000E+00  0.0000E+00  0.0000E+00  0.0000E+00  0.0000E+00  0.0000E+00  0.8893E-02  0.0000E+00  0.0000E+00  0.0000E+00  0.0000E+00  0.0000E+00  0.0000E+00  0.0000E+00  0.0000E+00  0.0000E+00  0.0000E+00  0.0000E+00  0.0000E+00  0.0000E+00  0.0000E+00  0.0000E+00
  0.2185E-01  0.0000E+00  0.0000E+00  0.0000E+00  0.4631E-02  0.0000E+00  0.4316E-01  0.0000E+00  0.0000E+00  0.0000E+00  0.0000E+00  0.0000E+00  0.0000E+00  0.0000E+00  0.0000E+00  0.0000E+00  0.9743E-02  0.0000E+00  0.0000E+00  0.0000E+00  0.0000E+00  0.0000E+00  0.0000E+00  0.0000E+00  0.0000E+00  0.0000E+00  0.0000E+00  0.0000E+00  0.0000E+00  0.0000E+00  0.0000E+00  0.0000E+00
  0.2157E-01  0.0000E+00  0.1779E-01  0.1781E-01  0.4951E-02  0.0000E+00  0.4427E-01  0.0000E+00  0.2624E-02  0.2439E-02  0.0000E+00  0.0000E+00  0.3689E-01  0.3627E-01  0.1143E-01  0.1171E-01  0.9891E-02  0.0000E+00  0.4360E-02  0.4040E-02  0.4631E-02  0.5136E-02  0.0000E+00  0.0000E+00  0.2054E-01  0.2194E-01  0.1712E-02  0.1416E-02  0.0000E+00  0.0000E+00  0.9004E-02  0.8696E-02
  0.2199E-01  0.0000E+00  0.1737E-01  0.1792E-01  0.4939E-02  0.0000E+00  0.0000E+00  0.0000E+00  0.2426E-02  0.2439E-02  0.0000E+00  0.0000E+00  0.0000E+00  0.0000E+00  0.1131E-01  0.1105E-01  0.0000E+00  0.0000E+00  0.4175E-02  0.4422E-02  0.0000E+00  0.0000E+00  0.0000E+00  0.0000E+00  0.0000E+00  0.0000E+00  0.0000E+00  0.0000E+00  0.0000E+00  0.0000E+00  0.0000E+00  0.0000E+00
  0.2231E-01  0.0000E+00  0.0000E+00  0.0000E+00  0.4705E-02  0.0000E+00  0.0000E+00  0.0000E+00  0.0000E+00  0.0000E+00  0.0000E+00  0.0000E+00  0.0000E+00  0.0000E+00  0.0000E+00  0.0000E+00  0.0000E+00  0.0000E+00  0.0000E+00  0.0000E+00  0.0000E+00  0.0000E+00  0.0000E+00  0.0000E+00  0.0000E+00  0.0000E+00  0.0000E+00  0.0000E+00  0.0000E+00  0.0000E+00  0.0000E+00  0.0000E+00
  0.2144E-01  0.0000E+00  0.0000E+00  0.0000E+00  0.5050E-02  0.0000E+00  0.0000E+00  0.0000E+00  0.0000E+00  0.0000E+00  0.0000E+00  0.0000E+00  0.0000E+00  0.0000E+00  0.0000E+00  0.0000E+00  0.0000E+00  0.0000E+00  0.0000E+00  0.0000E+00  0.0000E+00  0.0000E+00  0.0000E+00  0.0000E+00  0.0000E+00  0.0000E+00  0.0000E+00  0.0000E+00  0.0000E+00  0.0000E+00  0.0000E+00  0.0000E+00
  0.2189E-01  0.0000E+00  0.1864E-01  0.1782E-01  0.4533E-02  0.0000E+00  0.0000E+00  0.0000E+00  0.2106E-02  0.2463E-02  0.0000E+00  0.0000E+00  0.0000E+00  0.0000E+00  0.1149E-01  0.1129E-01  0.0000E+00  0.0000E+00  0.4286E-02  0.4077E-02  0.0000E+00  0.0000E+00  0.0000E+00  0.0000E+00  0.0000E+00  0.0000E+00  0.0000E+00  0.0000E+00  0.0000E+00  0.0000E+00  0.0000E+00  0.0000E+00
 Events:
        1748           0        1408        1498         389           0        3489           0         203         184           0           0        2871        2887         863         893         805           0         315         369         427         426           0           0        1617        1641         152         141           0           0         724         717
        1786           0           0           0         344           0        3532           0           0           0           0           0           0           0           0           0         722           0           0           0           0           0           0           0           0           0           0           0           0           0           0           0
        1774           0           0           0         376           0        3504           0           0           0           0           0           0           0           0           0         791           0           0           0           0           0           0           0           0           0           0           0           0           0           0           0
        1751           0        1444        1446         402           0        3594           0         213         198           0           0        2995        2945         928         951         803           0         354         328         376         417           0           0        1668        1781         139         115           0           0         731         706
        1785           0        1410        1455         401           0           0           0         197         198           0           0           0           0         918         897           0           0         339         359           0           0           0           0           0           0           0           0           0           0           0           0
        1811           0           0           0         382           0           0           0           0           0           0           0           0           0           0           0           0           0           0           0           0           0           0           0           0           0           0           0           0           0           0           0
        1741           0           0           0         410           0           0           0           0           0           0           0           0           0           0           0           0           0           0           0           0           0           0           0           0           0           0           0           0           0           0           0
        1777           0        1513        1447         368           0           0           0         171         200           0           0           0           0         933         917           0           0         348         331           0           0           0           0           0           0           0           0           0           0           0           0
 Accuracy:    0.016   0.010   0.009   2.740
 Found        12304  events.
 Wrote          812  events.
 Actual xsec    1.8196876876528702E-006
 Correct abs xsec    3.6074756102601848E-006
 Event xsec    3.6074756102601497E-006
 Events wgts > 1:           11
 % Cross section > 1:    3.4479705527962317E-008  0.95578485492451726     
 Iteration  8   Mean: 0.1800E-05 Abs mean: 0.3556E-05   Fluctuation:  0.256E-07   0.241E-02    82.2%
  8    0.1800E-05 0.3556E-05 +- 0.2561E-07      3.64
 Exceeded boost           2          96   128000.000    
 Exceeded boost           4          96   256000.000    
 Relative summed weights:
  0.3519E-01  0.0000E+00  0.1354E-01  0.1511E-01  0.1913E-02  0.0000E+00  0.6748E-01  0.0000E+00  0.3672E-02  0.3495E-02  0.0000E+00  0.0000E+00  0.2721E-01  0.2858E-01  0.9492E-02  0.1009E-01  0.3229E-02  0.0000E+00  0.1614E-02  0.1475E-02  0.8610E-02  0.6908E-02  0.0000E+00  0.0000E+00  0.1618E-01  0.1616E-01  0.1166E-02  0.1067E-02  0.0000E+00  0.0000E+00  0.3039E-02  0.2831E-02
  0.3240E-01  0.0000E+00  0.0000E+00  0.0000E+00  0.1697E-02  0.0000E+00  0.6292E-01  0.0000E+00  0.0000E+00  0.0000E+00  0.0000E+00  0.0000E+00  0.0000E+00  0.0000E+00  0.0000E+00  0.0000E+00  0.3715E-02  0.0000E+00  0.0000E+00  0.0000E+00  0.0000E+00  0.0000E+00  0.0000E+00  0.0000E+00  0.0000E+00  0.0000E+00  0.0000E+00  0.0000E+00  0.0000E+00  0.0000E+00  0.0000E+00  0.0000E+00
  0.3156E-01  0.0000E+00  0.0000E+00  0.0000E+00  0.2129E-02  0.0000E+00  0.6581E-01  0.0000E+00  0.0000E+00  0.0000E+00  0.0000E+00  0.0000E+00  0.0000E+00  0.0000E+00  0.0000E+00  0.0000E+00  0.3470E-02  0.0000E+00  0.0000E+00  0.0000E+00  0.0000E+00  0.0000E+00  0.0000E+00  0.0000E+00  0.0000E+00  0.0000E+00  0.0000E+00  0.0000E+00  0.0000E+00  0.0000E+00  0.0000E+00  0.0000E+00
  0.3307E-01  0.0000E+00  0.1400E-01  0.1468E-01  0.1518E-02  0.0000E+00  0.6474E-01  0.0000E+00  0.4450E-02  0.4609E-02  0.0000E+00  0.0000E+00  0.2834E-01  0.2717E-01  0.8051E-02  0.8393E-02  0.3374E-02  0.0000E+00  0.1414E-02  0.1346E-02  0.7624E-02  0.8231E-02  0.0000E+00  0.0000E+00  0.1602E-01  0.1580E-01  0.9985E-03  0.1563E-02  0.0000E+00  0.0000E+00  0.3092E-02  0.2721E-02
  0.3180E-01  0.0000E+00  0.1595E-01  0.1462E-01  0.1688E-02  0.0000E+00  0.0000E+00  0.0000E+00  0.3239E-02  0.3885E-02  0.0000E+00  0.0000E+00  0.0000E+00  0.0000E+00  0.8621E-02  0.8990E-02  0.0000E+00  0.0000E+00  0.1322E-02  0.1281E-02  0.0000E+00  0.0000E+00  0.0000E+00  0.0000E+00  0.0000E+00  0.0000E+00  0.0000E+00  0.0000E+00  0.0000E+00  0.0000E+00  0.0000E+00  0.0000E+00
  0.3483E-01  0.0000E+00  0.0000E+00  0.0000E+00  0.1449E-02  0.0000E+00  0.0000E+00  0.0000E+00  0.0000E+00  0.0000E+00  0.0000E+00  0.0000E+00  0.0000E+00  0.0000E+00  0.0000E+00  0.0000E+00  0.0000E+00  0.0000E+00  0.0000E+00  0.0000E+00  0.0000E+00  0.0000E+00  0.0000E+00  0.0000E+00  0.0000E+00  0.0000E+00  0.0000E+00  0.0000E+00  0.0000E+00  0.0000E+00  0.0000E+00  0.0000E+00
  0.3110E-01  0.0000E+00  0.0000E+00  0.0000E+00  0.1919E-02  0.0000E+00  0.0000E+00  0.0000E+00  0.0000E+00  0.0000E+00  0.0000E+00  0.0000E+00  0.0000E+00  0.0000E+00  0.0000E+00  0.0000E+00  0.0000E+00  0.0000E+00  0.0000E+00  0.0000E+00  0.0000E+00  0.0000E+00  0.0000E+00  0.0000E+00  0.0000E+00  0.0000E+00  0.0000E+00  0.0000E+00  0.0000E+00  0.0000E+00  0.0000E+00  0.0000E+00
  0.2771E-01  0.0000E+00  0.1445E-01  0.1426E-01  0.1475E-02  0.0000E+00  0.0000E+00  0.0000E+00  0.3650E-02  0.4476E-02  0.0000E+00  0.0000E+00  0.0000E+00  0.0000E+00  0.8856E-02  0.8726E-02  0.0000E+00  0.0000E+00  0.1328E-02  0.1444E-02  0.0000E+00  0.0000E+00  0.0000E+00  0.0000E+00  0.0000E+00  0.0000E+00  0.0000E+00  0.0000E+00  0.0000E+00  0.0000E+00  0.0000E+00  0.0000E+00
 Relative number of events:
  0.2226E-01  0.0000E+00  0.1781E-01  0.1773E-01  0.4720E-02  0.0000E+00  0.4500E-01  0.0000E+00  0.2452E-02  0.2415E-02  0.0000E+00  0.0000E+00  0.3572E-01  0.3542E-01  0.1165E-01  0.1118E-01  0.9520E-02  0.0000E+00  0.4113E-02  0.4671E-02  0.5076E-02  0.5076E-02  0.0000E+00  0.0000E+00  0.2088E-01  0.2021E-01  0.1477E-02  0.1655E-02  0.0000E+00  0.0000E+00  0.8423E-02  0.8337E-02
  0.2237E-01  0.0000E+00  0.0000E+00  0.0000E+00  0.4640E-02  0.0000E+00  0.4445E-01  0.0000E+00  0.0000E+00  0.0000E+00  0.0000E+00  0.0000E+00  0.0000E+00  0.0000E+00  0.0000E+00  0.0000E+00  0.9661E-02  0.0000E+00  0.0000E+00  0.0000E+00  0.0000E+00  0.0000E+00  0.0000E+00  0.0000E+00  0.0000E+00  0.0000E+00  0.0000E+00  0.0000E+00  0.0000E+00  0.0000E+00  0.0000E+00  0.0000E+00
  0.2217E-01  0.0000E+00  0.0000E+00  0.0000E+00  0.4965E-02  0.0000E+00  0.4441E-01  0.0000E+00  0.0000E+00  0.0000E+00  0.0000E+00  0.0000E+00  0.0000E+00  0.0000E+00  0.0000E+00  0.0000E+00  0.9275E-02  0.0000E+00  0.0000E+00  0.0000E+00  0.0000E+00  0.0000E+00  0.0000E+00  0.0000E+00  0.0000E+00  0.0000E+00  0.0000E+00  0.0000E+00  0.0000E+00  0.0000E+00  0.0000E+00  0.0000E+00
  0.2265E-01  0.0000E+00  0.1751E-01  0.1726E-01  0.4579E-02  0.0000E+00  0.4480E-01  0.0000E+00  0.2421E-02  0.2501E-02  0.0000E+00  0.0000E+00  0.3525E-01  0.3556E-01  0.1100E-01  0.1091E-01  0.9526E-02  0.0000E+00  0.4101E-02  0.4187E-02  0.5057E-02  0.4861E-02  0.0000E+00  0.0000E+00  0.2063E-01  0.2058E-01  0.1667E-02  0.1563E-02  0.0000E+00  0.0000E+00  0.8533E-02  0.8318E-02
  0.2231E-01  0.0000E+00  0.1788E-01  0.1814E-01  0.4757E-02  0.0000E+00  0.0000E+00  0.0000E+00  0.2170E-02  0.2526E-02  0.0000E+00  0.0000E+00  0.0000E+00  0.0000E+00  0.1140E-01  0.1089E-01  0.0000E+00  0.0000E+00  0.4095E-02  0.4346E-02  0.0000E+00  0.0000E+00  0.0000E+00  0.0000E+00  0.0000E+00  0.0000E+00  0.0000E+00  0.0000E+00  0.0000E+00  0.0000E+00  0.0000E+00  0.0000E+00
  0.2191E-01  0.0000E+00  0.0000E+00  0.0000E+00  0.4481E-02  0.0000E+00  0.0000E+00  0.0000E+00  0.0000E+00  0.0000E+00  0.0000E+00  0.0000E+00  0.0000E+00  0.0000E+00  0.0000E+00  0.0000E+00  0.0000E+00  0.0000E+00  0.0000E+00  0.0000E+00  0.0000E+00  0.0000E+00  0.0000E+00  0.0000E+00  0.0000E+00  0.0000E+00  0.0000E+00  0.0000E+00  0.0000E+00  0.0000E+00  0.0000E+00  0.0000E+00
  0.2229E-01  0.0000E+00  0.0000E+00  0.0000E+00  0.4775E-02  0.0000E+00  0.0000E+00  0.0000E+00  0.0000E+00  0.0000E+00  0.0000E+00  0.0000E+00  0.0000E+00  0.0000E+00  0.0000E+00  0.0000E+00  0.0000E+00  0.0000E+00  0.0000E+00  0.0000E+00  0.0000E+00  0.0000E+00  0.0000E+00  0.0000E+00  0.0000E+00  0.0000E+00  0.0000E+00  0.0000E+00  0.0000E+00  0.0000E+00  0.0000E+00  0.0000E+00
  0.2157E-01  0.0000E+00  0.1799E-01  0.1759E-01  0.4647E-02  0.0000E+00  0.0000E+00  0.0000E+00  0.2587E-02  0.2513E-02  0.0000E+00  0.0000E+00  0.0000E+00  0.0000E+00  0.1098E-01  0.1058E-01  0.0000E+00  0.0000E+00  0.4303E-02  0.4046E-02  0.0000E+00  0.0000E+00  0.0000E+00  0.0000E+00  0.0000E+00  0.0000E+00  0.0000E+00  0.0000E+00  0.0000E+00  0.0000E+00  0.0000E+00  0.0000E+00
 Events:
        3632           0        2905        2893         770           0        7341           0         400         394           0           0        5827        5778        1900        1824        1553           0         671         762         828         828           0           0        3406        3297         241         270           0           0        1374        1360
        3650           0           0           0         757           0        7251           0           0           0           0           0           0           0           0           0        1576           0           0           0           0           0           0           0           0           0           0           0           0           0           0           0
        3616           0           0           0         810           0        7245           0           0           0           0           0           0           0           0           0        1513           0           0           0           0           0           0           0           0           0           0           0           0           0           0           0
        3695           0        2856        2816         747           0        7308           0         395         408           0           0        5751        5801        1794        1780        1554           0         669         683         825         793           0           0        3366        3357         272         255           0           0        1392        1357
        3640           0        2917        2960         776           0           0           0         354         412           0           0           0           0        1860        1776           0           0         668         709           0           0           0           0           0           0           0           0           0           0           0           0
        3574           0           0           0         731           0           0           0           0           0           0           0           0           0           0           0           0           0           0           0           0           0           0           0           0           0           0           0           0           0           0           0
        3637           0           0           0         779           0           0           0           0           0           0           0           0           0           0           0           0           0           0           0           0           0           0           0           0           0           0           0           0           0           0           0
        3519           0        2935        2869         758           0           0           0         422         410           0           0           0           0        1791        1726           0           0         702         660           0           0           0           0           0           0           0           0           0           0           0           0
 Accuracy:    0.009   0.010   0.006   2.439
 Finished due to accuracy    8.9544614008496993E-003   1.0000000000000000E-002

 -------------------------------------------------------------------------------
 Accumulated results:   Integral =  0.3567E-05
                        Std dev  =  0.2045E-07
                       Cross sec =  0.1802E-05
             Chi**2 per DoF.     =      2.4391
 -------------------------------------------------------------------------------
 Found        25122  events.
 Wrote         3214  events.
 Actual xsec    1.8068252183228068E-006
 Correct abs xsec    3.5803438183478537E-006
 Event xsec    3.5803438183475929E-006
Thanks for using LHAPDF 6.2.1. Please make sure to cite the paper:
  Eur.Phys.J. C75 (2015) 3, 132  (http://arxiv.org/abs/1412.7420)
 Events wgts > 1:           52
 % Cross section > 1:    3.4985748087543574E-008  0.97716168788756896     
-------------------------------------------------
---------------------------
 Results Last   3 iters: Integral =   0.1807E-05
                     Abs integral =   0.3580E-05
                          Std dev =   0.2115E-07
                  Chi**2 per DoF. =      1.3651
-------------------------------------------------
---------------------------
 Status   1.0000000000000000E-002           9           8

ls status:
events.lhe
ftn26
input_app.txt
results.dat
run1_app.log
