==== LHAPDF6 USING DEFAULT-TYPE LHAGLUE INTERFACE ====
LHAPDF 6.2.1 loading /cvmfs/cms.cern.ch/slc6_amd64_gcc630/external/lhapdf/6.2.1-ghjeda2/share/LHAPDF/NNPDF31_nnlo_as_0118_nf_4_mc_hessian/NNPDF31_nnlo_as_0118_nf_4_mc_hessian_0000.dat
NNPDF31_nnlo_as_0118_nf_4_mc_hessian PDF set, member #0, version 1; LHAPDF ID = 325500
 Process in group number            1
 A PDF is used, so alpha_s(MZ) is going to be modified
 Old value of alpha_s from param_card:   0.11810000000000001     
 New value of alpha_s from PDF lhapdf :  0.11266013434007299     
 using LHAPDF
 Define smin to   10000.000000000000     
 Define smin to   10000.000000000000     
 Define smin to   10000.000000000000     
 Define smin to   10000.000000000000     
 Define smin to   10000.000000000000     
 Define smin to   10000.000000000000     
 Define smin to   10000.000000000000     
 *****************************************************
 *               MadGraph/MadEvent                   *
 *        --------------------------------           *
 *          http://madgraph.hep.uiuc.edu             *
 *          http://madgraph.phys.ucl.ac.be           *
 *          http://madgraph.roma2.infn.it            *
 *        --------------------------------           *
 *                                                   *
 *          PARAMETER AND COUPLING VALUES            *
 *                                                   *
 *****************************************************

  External Params
  ---------------------------------
  
 mdl_MW0 =    80.387000000000000     
 mdl_Gf =    1.1663789999999999E-005
 aS =   0.11810000000000001     
 mdl_ymdo =    1.0000000000000000E-099
 mdl_ymb =    4.1799999999999997     
 mdl_ymt =    173.19999999999999     
 mdl_ymtau =    1.7769999999999999     
 mdl_LambdaSMEFT =    1000.0000000000000     
 mdl_cHW =    1.0000000000000000     
 mdl_MZ =    91.187600000000003     
 mdl_MTA =    1.7769999999999999     
 mdl_MT =    173.19999999999999     
 mdl_MB =    4.1799999999999997     
 mdl_MH =    125.09000000000000     
 mdl_WZ =    2.4952000000000001     
 mdl_WW =    2.0850000000000000     
 mdl_WT =    1.5083359999999999     
 mdl_WH =    4.0699999999999998E-003
  Internal Params
  ---------------------------------
  
 mdl_ymm =    1.0000000000000000E-099
 mdl_yme =    1.0000000000000000E-099
 mdl_ymc =    1.0000000000000000E-099
 mdl_yms =    1.0000000000000000E-099
 mdl_ymup =    1.0000000000000000E-099
 mdl_conjg__CKM3x3 =    1.0000000000000000     
 mdl_cH =    0.0000000000000000     
 mdl_cHB =    0.0000000000000000     
 mdl_CKM1x1 =    1.0000000000000000     
 mdl_conjg__CKM1x1 =    1.0000000000000000     
 mdl_dGf =    0.0000000000000000     
 mdl_CKM3x3 =    1.0000000000000000     
 mdl_dMH2 =    0.0000000000000000     
 mdl_conjg__CKM2x2 =    1.0000000000000000     
 mdl_dg1 =    0.0000000000000000     
 mdl_CKM2x2 =    1.0000000000000000     
 mdl_dgw =    0.0000000000000000     
 mdl_complexi =  (  0.0000000000000000     ,  1.0000000000000000     )
 mdl_MW =    80.387000000000000     
 mdl_nb__2__exp__0_25 =    1.1892071150027210     
 mdl_MH__exp__2 =    15647.508100000001     
 mdl_sqrt__2 =    1.4142135623730951     
 mdl_MW__exp__2 =    6462.0697689999997     
 mdl_MZ__exp__2 =    8315.1783937600012     
 mdl_sth2 =   0.22285855299877133     
 mdl_MH__exp__6 =    3831206449390.3818     
 mdl_MT__exp__6 =    26995248278778.535     
 mdl_MH__exp__4 =    244844509.73956564     
 mdl_MT__exp__4 =    899894403.09759963     
 mdl_MT__exp__2 =    29998.239999999994     
 mdl_LambdaSMEFT__exp__2 =    1000000.0000000000     
 mdl_cth =   0.88155626422890820     
 mdl_sqrt__sth2 =   0.47207896902824564     
 mdl_sth =   0.47207896902824564     
 mdl_MW0__exp__6 =    269845343347.69711     
 mdl_MW0__exp__4 =    41758345.699423708     
 mdl_MW0__exp__2 =    6462.0697689999997     
 mdl_MZ__exp__4 =    69142191.720053151     
 mdl_MZ__exp__6 =    574929658687.79749     
 mdl_cth__exp__2 =   0.77714144700122867     
 mdl_sth__exp__2 =   0.22285855299877130     
 mdl_sth__exp__3 =   0.10520683593878660     
 mdl_cth__exp__3 =   0.68509391079585125     
 mdl_sth__exp__4 =    4.9665934644706158E-002
 mdl_sqrt__Gf =    3.4152291284773265E-003
 mdl_vevhat =    246.21961912951551     
 mdl_lam =   0.12905352724481209     
 mdl_aEW =    7.5614618607353409E-003
 mdl_yb =    2.4008698866559607E-002
 mdl_yc =    5.7437078628133041E-102
 mdl_ydo =    5.7437078628133041E-102
 mdl_ye =    5.7437078628133041E-102
 mdl_ym =    5.7437078628133041E-102
 mdl_ys =    5.7437078628133041E-102
 mdl_yt =   0.99481020183926416     
 mdl_ytau =    1.0206568872219240E-002
 mdl_yup =    5.7437078628133041E-102
 mdl_vevhat__exp__2 =    60624.100844283676     
 mdl_barlam =   0.12905352724481209     
 mdl_vevT =    246.21961912951551     
 mdl_sqrt__aEW =    8.6956666568672819E-002
 mdl_ee =   0.30825335704310214     
 mdl_gwsh =   0.61338418662494298     
 mdl_vev =    246.21961912951551     
 mdl_g1 =   0.34966952144878632     
 mdl_gw =   0.65296989967087182     
 mdl_ee__exp__2 =    9.5020132128342205E-002
 mdl_gHaa =   -1.9303830602986922E-003
 mdl_gHza =   -6.8546472954154700E-003
 mdl_g1sh =   0.34966952144878632     
 mdl_I1d11 =  (  5.7437078628133041E-102,  0.0000000000000000     )
 mdl_I1d22 =  (  5.7437078628133041E-102,  0.0000000000000000     )
 mdl_I1d33 =  (  2.4008698866559607E-002,  0.0000000000000000     )
 mdl_I2d11 =  (  5.7437078628133041E-102,  0.0000000000000000     )
 mdl_I2d22 =  (  5.7437078628133041E-102,  0.0000000000000000     )
 mdl_I2d33 =  ( 0.99481020183926416     ,  0.0000000000000000     )
 mdl_I3d11 =  (  5.7437078628133041E-102,  0.0000000000000000     )
 mdl_I3d22 =  (  5.7437078628133041E-102,  0.0000000000000000     )
 mdl_I3d33 =  (  2.4008698866559607E-002,  0.0000000000000000     )
 mdl_I4d11 =  (  5.7437078628133041E-102,  0.0000000000000000     )
 mdl_I4d22 =  (  5.7437078628133041E-102,  0.0000000000000000     )
 mdl_I4d33 =  ( 0.99481020183926416     ,  0.0000000000000000     )
 mdl_I5d11 =  (  5.7437078628133041E-102,  0.0000000000000000     )
 mdl_I5d22 =  (  5.7437078628133041E-102,  0.0000000000000000     )
 mdl_I5d33 =  (  2.4008698866559607E-002,  0.0000000000000000     )
 mdl_I6d11 =  (  5.7437078628133041E-102,  0.0000000000000000     )
 mdl_I6d22 =  (  5.7437078628133041E-102,  0.0000000000000000     )
 mdl_I6d33 =  ( 0.99481020183926416     ,  0.0000000000000000     )
 mdl_ee__exp__3 =    2.9290274715240611E-002
 mdl_vevhat__exp__3 =    14926843.019948866     
  Internal Params evaluated point by point
  ----------------------------------------
  
 mdl_sqrt__aS =   0.34365680554879169     
 mdl_G__exp__2 =    1.4840883695558185     
 mdl_gHgg =    3.2334372328970845E-003
 mdl_G__exp__3 =  (  1.8079634332366095     ,  0.0000000000000000     )
  Couplings of SMEFTsim_A_U35_MwScheme_UFO_v3_1-cHW_massless
  ---------------------------------
  
         GC_1 =   0.00000E+00   0.10275E+00
         GC_2 =  -0.00000E+00  -0.20550E+00
         GC_3 =  -0.00000E+00  -0.30825E+00
       GC_255 =  -0.00000E+00  -0.42637E+00
       GC_278 =  -0.00000E+00  -0.37035E+00
       GC_280 =  -0.00000E+00  -0.57563E+00
       GC_328 =  -0.00000E+00  -0.55024E-01
       GC_329 =   0.00000E+00   0.11005E+00
       GC_330 =  -0.00000E+00  -0.16507E+00
       GC_387 =   0.00000E+00   0.98488E-03
       GC_400 =   0.00000E+00   0.52490E+02
       GC_809 =  -0.00000E+00  -0.72171E-02
      GC_1073 =  -0.00000E+00  -0.46172E+00

 Collider parameters:
 --------------------

 Running at P P   machine @    13000.000000000000       GeV
 PDF set = lhapdf 
 alpha_s(Mz)= 0.1127 running at 3 loops.
 alpha_s(Mz)= 0.1127 running at 3 loops.
 Renormalization scale set on event-by-event basis
 Factorization   scale set on event-by-event basis


 getting user params
Enter number of events and max and min iterations: 
 Number of events and iterations         2000           8           3
Enter desired fractional accuracy: 
 Desired fractional accuracy:    1.0000000000000000E-002
Enter 0 for fixed, 2 for adjustable grid: 
Suppress amplitude (0 no, 1 yes)? 
 Using suppressed amplitude.
Exact helicity sum (0 yes, n = number/event)? 
 Explicitly summing over helicities
Enter Configuration Number: 
Running Configuration Number:  329
 Not subdividing B.W.
 Attempting mappinvarients           1           8
 Completed mapping           8
 about to integrate           16        2000           8           3          16           1
 Using non-zero grid deformation.
 16 dimensions   2000 events 16 invarients  8 iterations  1 config(s),  (0.99)
 Using h-tuple random number sequence.
 Error opening grid
 Using Uniform Grid!          32
 Using uniform alpha   1.0000000000000000     
 Grid defined OK
 Set CM energy to      13000.00
 Mapping Graph         329  to config         329
 Setting BW          -1           1   80.387000000000000     
 Setting BW          -2           2   80.387000000000000     
Setting grid   3    0.18685E-07   1
Setting grid   4    0.59172E-06   1
Setting grid   5    0.18685E-07   1
 Transforming s_hat 1/s           15   1.1585044837869826E-004   10000.000000000000        168999999.99999997     
 329   1   2   3   4   5   6   7   8   9  10  11  12  13  14
  15  16
 Masses: 0.000E+00 0.000E+00 0.178E+01 0.178E+01 0.000E+00 0.000E+00 0.000E+00 0.000E+00
Using random seed offsets   329 :      1
  with seed                   24
 Ranmar initialization seeds          59        9398
 
 ********************************************
 * You are using the DiscreteSampler module *
 *      part of the MG5_aMC framework       *
 *         Author: Valentin Hirschi         *
 ********************************************
 
  Particle       3       4       5       6       7       8
      Et >     0.0     0.0     0.0     0.0    10.0    10.0
       E >     0.0     0.0     0.0     0.0     0.0     0.0
     Eta <    -1.0    -1.0    -1.0    -1.0     6.5     6.5
   xqcut:      0.0     0.0     0.0     0.0     0.0     0.0
d R # 3  >    -0.0     0.4     0.0     0.0     0.4     0.4
d R # 4  >    -0.0    -0.0     0.0     0.0     0.4     0.4
d R # 5  >    -0.0    -0.0    -0.0     0.0     0.0     0.0
d R # 6  >    -0.0    -0.0    -0.0    -0.0     0.0     0.0
d R # 7  >    -0.0    -0.0    -0.0    -0.0    -0.0     0.4
s min # 3>     0.0     0.0     0.0     0.0     0.0     0.0
s min # 4>     0.0     0.0     0.0     0.0     0.0     0.0
s min # 5>     0.0     0.0     0.0     0.0     0.0     0.0
s min # 6>     0.0     0.0     0.0     0.0     0.0     0.0
s min # 7>     0.0     0.0     0.0     0.0     0.0 10000.0
xqcutij # 3>     0.0     0.0     0.0     0.0     0.0     0.0
xqcutij # 4>     0.0     0.0     0.0     0.0     0.0     0.0
xqcutij # 5>     0.0     0.0     0.0     0.0     0.0     0.0
xqcutij # 6>     0.0     0.0     0.0     0.0     0.0     0.0
xqcutij # 7>     0.0     0.0     0.0     0.0     0.0     0.0
 No cut BW           -1           1
 No cut BW           -2           2
 alpha_s for scale    50.783145466374251       is   0.12420645281392678     
 Added good helicity          193   255.60221463314059       in event            1 local:           1
 Added good helicity          209  0.11835153842925310       in event            1 local:           1
 Added good helicity          225  0.27940893478138079       in event            1 local:           1
 Added good helicity          241  -2.4893648808807800E-005  in event            1 local:           1
 Added good helicity          193   254.56597832137049       in event            1 local:           1
 Added good helicity          209  0.97672583066259122       in event            1 local:           1
 Added good helicity          225  0.45714034792401231       in event            1 local:           1
 Added good helicity          241   1.5550004289113103E-004  in event            1 local:           1
 RESET CUMULATIVE VARIABLE
 RESET CUMULATIVE VARIABLE
 RESET CUMULATIVE VARIABLE
 Iteration  1   Mean: 0.4231E-08 Abs mean: 0.7838E-08   Fluctuation:  0.128E-08   0.104E-05     7.2%
  1    0.4231E-08 0.7838E-08 +- 0.1276E-08      7.28
 Writing out events   6.7748409764826219E-012   7.2832354812683802     
 Relative summed weights:
  0.5575E-01  0.0000E+00  0.1201E+00  0.1007E-01  0.1627E-02  0.0000E+00  0.5288E-04  0.8457E-04  0.0000E+00  0.0000E+00  0.3873E-01  0.4750E-01  0.5837E-01  0.1860E-03
  0.2638E-02  0.0000E+00  0.0000E+00  0.0000E+00  0.1992E-02  0.0000E+00  0.0000E+00  0.0000E+00  0.0000E+00  0.0000E+00  0.0000E+00  0.0000E+00  0.0000E+00  0.0000E+00
  0.3237E-02  0.0000E+00  0.2702E-01  0.2354E-01  0.6561E-02  0.0000E+00  0.3676E-04  0.1273E-02  0.0000E+00  0.0000E+00  0.4707E-02  0.7560E-02  0.1164E-06  0.6170E-08
  0.4898E-01  0.0000E+00  0.0000E+00  0.0000E+00  0.4869E-02  0.0000E+00  0.0000E+00  0.0000E+00  0.0000E+00  0.0000E+00  0.0000E+00  0.0000E+00  0.0000E+00  0.0000E+00
  0.2829E-01  0.0000E+00  0.2841E-01  0.2053E+00  0.1958E-02  0.0000E+00  0.1402E-03  0.4248E-03  0.0000E+00  0.0000E+00  0.4374E-02  0.1132E-01  0.1311E-03  0.1242E-02
  0.4503E-02  0.0000E+00  0.0000E+00  0.0000E+00  0.5225E-02  0.0000E+00  0.0000E+00  0.0000E+00  0.0000E+00  0.0000E+00  0.0000E+00  0.0000E+00  0.0000E+00  0.0000E+00
  0.2394E-01  0.0000E+00  0.6568E-01  0.4607E-01  0.1532E-01  0.0000E+00  0.6433E-03  0.1119E-02  0.0000E+00  0.0000E+00  0.5868E-01  0.2145E-01  0.1609E-02  0.0000E+00
  0.3541E-02  0.0000E+00  0.0000E+00  0.0000E+00  0.5825E-02  0.0000E+00  0.0000E+00  0.0000E+00  0.0000E+00  0.0000E+00  0.0000E+00  0.0000E+00  0.0000E+00  0.0000E+00
 Relative number of events:
  0.4198E-01  0.0000E+00  0.4798E-01  0.4648E-01  0.1274E-01  0.0000E+00  0.2249E-02  0.2249E-02  0.0000E+00  0.0000E+00  0.1949E-01  0.2549E-01  0.1499E-02  0.7496E-03
  0.3748E-01  0.0000E+00  0.0000E+00  0.0000E+00  0.1199E-01  0.0000E+00  0.0000E+00  0.0000E+00  0.0000E+00  0.0000E+00  0.0000E+00  0.0000E+00  0.0000E+00  0.0000E+00
  0.4123E-01  0.0000E+00  0.5022E-01  0.4423E-01  0.1349E-01  0.0000E+00  0.2999E-02  0.1499E-02  0.0000E+00  0.0000E+00  0.1874E-01  0.2174E-01  0.7496E-03  0.7496E-03
  0.4273E-01  0.0000E+00  0.0000E+00  0.0000E+00  0.1199E-01  0.0000E+00  0.0000E+00  0.0000E+00  0.0000E+00  0.0000E+00  0.0000E+00  0.0000E+00  0.0000E+00  0.0000E+00
  0.3223E-01  0.0000E+00  0.4723E-01  0.4798E-01  0.7496E-02  0.0000E+00  0.7496E-03  0.3748E-02  0.0000E+00  0.0000E+00  0.2324E-01  0.1274E-01  0.1499E-02  0.1499E-02
  0.4198E-01  0.0000E+00  0.0000E+00  0.0000E+00  0.1424E-01  0.0000E+00  0.0000E+00  0.0000E+00  0.0000E+00  0.0000E+00  0.0000E+00  0.0000E+00  0.0000E+00  0.0000E+00
  0.3373E-01  0.0000E+00  0.4873E-01  0.5247E-01  0.1574E-01  0.0000E+00  0.2249E-02  0.3748E-02  0.0000E+00  0.0000E+00  0.2324E-01  0.2324E-01  0.1499E-02  0.0000E+00
  0.4873E-01  0.0000E+00  0.0000E+00  0.0000E+00  0.1124E-01  0.0000E+00  0.0000E+00  0.0000E+00  0.0000E+00  0.0000E+00  0.0000E+00  0.0000E+00  0.0000E+00  0.0000E+00
 Events:
          56           0          64          62          17           0           3           3           0           0          26          34           2           1
          50           0           0           0          16           0           0           0           0           0           0           0           0           0
          55           0          67          59          18           0           4           2           0           0          25          29           1           1
          57           0           0           0          16           0           0           0           0           0           0           0           0           0
          43           0          63          64          10           0           1           5           0           0          31          17           2           2
          56           0           0           0          19           0           0           0           0           0           0           0           0           0
          45           0          65          70          21           0           3           5           0           0          31          31           2           0
          65           0           0           0          15           0           0           0           0           0           0           0           0           0
 Iteration  2   Mean: 0.2017E-07 Abs mean: 0.2406E-07   Fluctuation:  0.120E-07   0.453E-04    37.6%
  2    0.2017E-07 0.2406E-07 +- 0.1198E-07     31.48
 Relative summed weights:
  0.5123E+00  0.0000E+00  0.3289E-01  0.7434E-02  0.6186E-02  0.0000E+00  0.3704E-02  0.4039E-03  0.0000E+00  0.0000E+00  0.1617E-02  0.7273E-02  0.3111E-04  0.1268E-02
  0.2642E-02  0.0000E+00  0.0000E+00  0.0000E+00  0.3805E-03  0.0000E+00  0.0000E+00  0.0000E+00  0.0000E+00  0.0000E+00  0.0000E+00  0.0000E+00  0.0000E+00  0.0000E+00
  0.1347E-01  0.0000E+00  0.4206E-01  0.8158E-01  0.5561E-03  0.0000E+00  0.3213E-03  0.2897E-06  0.0000E+00  0.0000E+00  0.1763E-02  0.1874E-01  0.6810E-03  0.2111E-04
  0.1172E-02  0.0000E+00  0.0000E+00  0.0000E+00  0.2355E-02  0.0000E+00  0.0000E+00  0.0000E+00  0.0000E+00  0.0000E+00  0.0000E+00  0.0000E+00  0.0000E+00  0.0000E+00
  0.7214E-02  0.0000E+00  0.3998E-02  0.1242E-02  0.4889E-01  0.0000E+00  0.2896E-02  0.2887E-04  0.0000E+00  0.0000E+00  0.3348E-02  0.2388E-01  0.1500E-04  0.6273E-03
  0.2385E-02  0.0000E+00  0.0000E+00  0.0000E+00  0.6839E-03  0.0000E+00  0.0000E+00  0.0000E+00  0.0000E+00  0.0000E+00  0.0000E+00  0.0000E+00  0.0000E+00  0.0000E+00
  0.2676E-02  0.0000E+00  0.4655E-02  0.1356E-02  0.2159E-02  0.0000E+00  0.3210E-03  0.8441E-03  0.0000E+00  0.0000E+00  0.2011E-02  0.1266E-02  0.8473E-03  0.5398E-03
  0.1471E+00  0.0000E+00  0.0000E+00  0.0000E+00  0.2144E-02  0.0000E+00  0.0000E+00  0.0000E+00  0.0000E+00  0.0000E+00  0.0000E+00  0.0000E+00  0.0000E+00  0.0000E+00
 Relative number of events:
  0.3839E-01  0.0000E+00  0.5067E-01  0.4261E-01  0.1190E-01  0.0000E+00  0.3455E-02  0.1536E-02  0.0000E+00  0.0000E+00  0.1727E-01  0.2764E-01  0.1536E-02  0.2687E-02
  0.4798E-01  0.0000E+00  0.0000E+00  0.0000E+00  0.8061E-02  0.0000E+00  0.0000E+00  0.0000E+00  0.0000E+00  0.0000E+00  0.0000E+00  0.0000E+00  0.0000E+00  0.0000E+00
  0.4798E-01  0.0000E+00  0.5336E-01  0.4453E-01  0.7678E-02  0.0000E+00  0.2303E-02  0.7678E-03  0.0000E+00  0.0000E+00  0.2265E-01  0.2303E-01  0.3839E-03  0.7678E-03
  0.3724E-01  0.0000E+00  0.0000E+00  0.0000E+00  0.8829E-02  0.0000E+00  0.0000E+00  0.0000E+00  0.0000E+00  0.0000E+00  0.0000E+00  0.0000E+00  0.0000E+00  0.0000E+00
  0.3685E-01  0.0000E+00  0.4376E-01  0.5029E-01  0.8061E-02  0.0000E+00  0.1919E-02  0.3455E-02  0.0000E+00  0.0000E+00  0.2380E-01  0.2418E-01  0.7678E-03  0.1152E-02
  0.4530E-01  0.0000E+00  0.0000E+00  0.0000E+00  0.8829E-02  0.0000E+00  0.0000E+00  0.0000E+00  0.0000E+00  0.0000E+00  0.0000E+00  0.0000E+00  0.0000E+00  0.0000E+00
  0.3493E-01  0.0000E+00  0.4798E-01  0.5144E-01  0.9597E-02  0.0000E+00  0.3071E-02  0.7678E-03  0.0000E+00  0.0000E+00  0.2342E-01  0.2226E-01  0.1536E-02  0.3839E-03
  0.4491E-01  0.0000E+00  0.0000E+00  0.0000E+00  0.8061E-02  0.0000E+00  0.0000E+00  0.0000E+00  0.0000E+00  0.0000E+00  0.0000E+00  0.0000E+00  0.0000E+00  0.0000E+00
 Events:
         100           0         132         111          31           0           9           4           0           0          45          72           4           7
         125           0           0           0          21           0           0           0           0           0           0           0           0           0
         125           0         139         116          20           0           6           2           0           0          59          60           1           2
          97           0           0           0          23           0           0           0           0           0           0           0           0           0
          96           0         114         131          21           0           5           9           0           0          62          63           2           3
         118           0           0           0          23           0           0           0           0           0           0           0           0           0
          91           0         125         134          25           0           8           2           0           0          61          58           4           1
         117           0           0           0          21           0           0           0           0           0           0           0           0           0
 Iteration  3   Mean: 0.1431E-07 Abs mean: 0.1886E-07   Fluctuation:  0.570E-08   0.351E-04    49.0%
  3    0.1431E-07 0.1886E-07 +- 0.5703E-08     27.04
 Relative summed weights:
  0.8019E-02  0.0000E+00  0.6465E-01  0.2094E-01  0.4901E-02  0.0000E+00  0.1534E+00  0.2988E-03  0.0000E+00  0.0000E+00  0.1458E-01  0.1537E-01  0.3612E-03  0.2915E-03
  0.6385E-02  0.0000E+00  0.0000E+00  0.0000E+00  0.2331E-02  0.0000E+00  0.0000E+00  0.0000E+00  0.0000E+00  0.0000E+00  0.0000E+00  0.0000E+00  0.0000E+00  0.0000E+00
  0.4625E-02  0.0000E+00  0.8912E-02  0.1825E-01  0.2176E-02  0.0000E+00  0.3798E-02  0.2647E+00  0.0000E+00  0.0000E+00  0.5829E-02  0.4920E-02  0.5038E-03  0.7236E-02
  0.5378E-02  0.0000E+00  0.0000E+00  0.0000E+00  0.1155E-02  0.0000E+00  0.0000E+00  0.0000E+00  0.0000E+00  0.0000E+00  0.0000E+00  0.0000E+00  0.0000E+00  0.0000E+00
  0.2968E-01  0.0000E+00  0.3073E-01  0.6292E-02  0.2121E-02  0.0000E+00  0.9121E-04  0.2246E-03  0.0000E+00  0.0000E+00  0.1006E+00  0.3033E-02  0.9137E-03  0.3166E-03
  0.5395E-02  0.0000E+00  0.0000E+00  0.0000E+00  0.3879E-02  0.0000E+00  0.0000E+00  0.0000E+00  0.0000E+00  0.0000E+00  0.0000E+00  0.0000E+00  0.0000E+00  0.0000E+00
  0.4878E-02  0.0000E+00  0.2696E-01  0.3889E-01  0.1502E-02  0.0000E+00  0.9338E-01  0.1554E-04  0.0000E+00  0.0000E+00  0.8076E-02  0.4941E-02  0.2528E-03  0.4352E-04
  0.1674E-01  0.0000E+00  0.0000E+00  0.0000E+00  0.1986E-02  0.0000E+00  0.0000E+00  0.0000E+00  0.0000E+00  0.0000E+00  0.0000E+00  0.0000E+00  0.0000E+00  0.0000E+00
 Relative number of events:
  0.4682E-01  0.0000E+00  0.4382E-01  0.4102E-01  0.7403E-02  0.0000E+00  0.1601E-02  0.2201E-02  0.0000E+00  0.0000E+00  0.2001E-01  0.1601E-01  0.2001E-03  0.1000E-02
  0.5422E-01  0.0000E+00  0.0000E+00  0.0000E+00  0.7803E-02  0.0000E+00  0.0000E+00  0.0000E+00  0.0000E+00  0.0000E+00  0.0000E+00  0.0000E+00  0.0000E+00  0.0000E+00
  0.5442E-01  0.0000E+00  0.4882E-01  0.4642E-01  0.7003E-02  0.0000E+00  0.1801E-02  0.2401E-02  0.0000E+00  0.0000E+00  0.2101E-01  0.1981E-01  0.1200E-02  0.1000E-02
  0.4722E-01  0.0000E+00  0.0000E+00  0.0000E+00  0.7403E-02  0.0000E+00  0.0000E+00  0.0000E+00  0.0000E+00  0.0000E+00  0.0000E+00  0.0000E+00  0.0000E+00  0.0000E+00
  0.5642E-01  0.0000E+00  0.4262E-01  0.4282E-01  0.8003E-02  0.0000E+00  0.2001E-02  0.1801E-02  0.0000E+00  0.0000E+00  0.1861E-01  0.2061E-01  0.8003E-03  0.1200E-02
  0.5062E-01  0.0000E+00  0.0000E+00  0.0000E+00  0.5402E-02  0.0000E+00  0.0000E+00  0.0000E+00  0.0000E+00  0.0000E+00  0.0000E+00  0.0000E+00  0.0000E+00  0.0000E+00
  0.4982E-01  0.0000E+00  0.4162E-01  0.5002E-01  0.8203E-02  0.0000E+00  0.2601E-02  0.2401E-02  0.0000E+00  0.0000E+00  0.1581E-01  0.1861E-01  0.1601E-02  0.4002E-03
  0.4862E-01  0.0000E+00  0.0000E+00  0.0000E+00  0.8804E-02  0.0000E+00  0.0000E+00  0.0000E+00  0.0000E+00  0.0000E+00  0.0000E+00  0.0000E+00  0.0000E+00  0.0000E+00
 Events:
         234           0         219         205          37           0           8          11           0           0         100          80           1           5
         271           0           0           0          39           0           0           0           0           0           0           0           0           0
         272           0         244         232          35           0           9          12           0           0         105          99           6           5
         236           0           0           0          37           0           0           0           0           0           0           0           0           0
         282           0         213         214          40           0          10           9           0           0          93         103           4           6
         253           0           0           0          27           0           0           0           0           0           0           0           0           0
         249           0         208         250          41           0          13          12           0           0          79          93           8           2
         243           0           0           0          44           0           0           0           0           0           0           0           0           0
 Accuracy:    0.357   0.010   0.138   6.710
 Found          215  events.
 Wrote            5  events.
 Actual xsec    7.5470153003705170E-009
 Correct abs xsec    1.1370582146067514E-008
 Event xsec    1.1370582146067512E-008
 Events wgts > 1:            1
 % Cross section > 1:    2.0007792295899859E-016   1.7596101975147776E-006
 Iteration  4   Mean: 0.1522E-07 Abs mean: 0.2155E-07   Fluctuation:  0.762E-08   0.118E-03    58.5%
  4    0.1522E-07 0.2155E-07 +- 0.7620E-08     44.72
 Relative summed weights:
  0.9649E-02  0.0000E+00  0.4433E+00  0.3511E-01  0.1007E-01  0.0000E+00  0.5242E-03  0.2500E-03  0.0000E+00  0.0000E+00  0.1761E-01  0.3801E-02  0.9790E-02  0.1834E-01
  0.2975E-01  0.0000E+00  0.0000E+00  0.0000E+00  0.2902E-01  0.0000E+00  0.0000E+00  0.0000E+00  0.0000E+00  0.0000E+00  0.0000E+00  0.0000E+00  0.0000E+00  0.0000E+00
  0.2370E-01  0.0000E+00  0.2219E-01  0.8729E-02  0.8444E-02  0.0000E+00  0.3345E-03  0.1616E-03  0.0000E+00  0.0000E+00  0.3500E-01  0.1771E-01  0.2399E-02  0.1153E-02
  0.5449E-02  0.0000E+00  0.0000E+00  0.0000E+00  0.2224E-01  0.0000E+00  0.0000E+00  0.0000E+00  0.0000E+00  0.0000E+00  0.0000E+00  0.0000E+00  0.0000E+00  0.0000E+00
  0.7142E-02  0.0000E+00  0.1558E-01  0.1964E-01  0.4528E-02  0.0000E+00  0.8471E-04  0.7912E-03  0.0000E+00  0.0000E+00  0.8651E-02  0.7142E-02  0.2558E-02  0.1342E-02
  0.1084E-01  0.0000E+00  0.0000E+00  0.0000E+00  0.2567E-02  0.0000E+00  0.0000E+00  0.0000E+00  0.0000E+00  0.0000E+00  0.0000E+00  0.0000E+00  0.0000E+00  0.0000E+00
  0.7433E-02  0.0000E+00  0.1092E+00  0.8795E-02  0.1208E-01  0.0000E+00  0.6634E-03  0.1766E-02  0.0000E+00  0.0000E+00  0.3109E-02  0.8140E-02  0.6071E-03  0.2959E-03
  0.9626E-02  0.0000E+00  0.0000E+00  0.0000E+00  0.2670E-02  0.0000E+00  0.0000E+00  0.0000E+00  0.0000E+00  0.0000E+00  0.0000E+00  0.0000E+00  0.0000E+00  0.0000E+00
 Relative number of events:
  0.3936E-01  0.0000E+00  0.4717E-01  0.5092E-01  0.8009E-02  0.0000E+00  0.1780E-02  0.2274E-02  0.0000E+00  0.0000E+00  0.2166E-01  0.2096E-01  0.1285E-02  0.9888E-03
  0.4292E-01  0.0000E+00  0.0000E+00  0.0000E+00  0.6032E-02  0.0000E+00  0.0000E+00  0.0000E+00  0.0000E+00  0.0000E+00  0.0000E+00  0.0000E+00  0.0000E+00  0.0000E+00
  0.4628E-01  0.0000E+00  0.4825E-01  0.4776E-01  0.7812E-02  0.0000E+00  0.2472E-02  0.1780E-02  0.0000E+00  0.0000E+00  0.2057E-01  0.2334E-01  0.1780E-02  0.1879E-02
  0.4638E-01  0.0000E+00  0.0000E+00  0.0000E+00  0.8108E-02  0.0000E+00  0.0000E+00  0.0000E+00  0.0000E+00  0.0000E+00  0.0000E+00  0.0000E+00  0.0000E+00  0.0000E+00
  0.4430E-01  0.0000E+00  0.5092E-01  0.5201E-01  0.6131E-02  0.0000E+00  0.2472E-02  0.1681E-02  0.0000E+00  0.0000E+00  0.2264E-01  0.2225E-01  0.1088E-02  0.8899E-03
  0.4084E-01  0.0000E+00  0.0000E+00  0.0000E+00  0.7812E-02  0.0000E+00  0.0000E+00  0.0000E+00  0.0000E+00  0.0000E+00  0.0000E+00  0.0000E+00  0.0000E+00  0.0000E+00
  0.4242E-01  0.0000E+00  0.5013E-01  0.4766E-01  0.7614E-02  0.0000E+00  0.2571E-02  0.2373E-02  0.0000E+00  0.0000E+00  0.2017E-01  0.2205E-01  0.1088E-02  0.9888E-03
  0.4371E-01  0.0000E+00  0.0000E+00  0.0000E+00  0.6427E-02  0.0000E+00  0.0000E+00  0.0000E+00  0.0000E+00  0.0000E+00  0.0000E+00  0.0000E+00  0.0000E+00  0.0000E+00
 Events:
         398           0         477         515          81           0          18          23           0           0         219         212          13          10
         434           0           0           0          61           0           0           0           0           0           0           0           0           0
         468           0         488         483          79           0          25          18           0           0         208         236          18          19
         469           0           0           0          82           0           0           0           0           0           0           0           0           0
         448           0         515         526          62           0          25          17           0           0         229         225          11           9
         413           0           0           0          79           0           0           0           0           0           0           0           0           0
         429           0         507         482          77           0          26          24           0           0         204         223          11          10
         442           0           0           0          65           0           0           0           0           0           0           0           0           0
 Accuracy:    0.289   0.010   0.128   5.064
 Found          652  events.
 Wrote            3  events.
 Actual xsec    1.5661076974795825E-008
 Correct abs xsec    2.0713642731965805E-008
 Event xsec    2.0713642731965809E-008
 Events wgts > 1:            1
 % Cross section > 1:    1.7068742477994055E-015   8.2403383600187067E-006
 Iteration  5   Mean: 0.1166E-07 Abs mean: 0.1733E-07   Fluctuation:  0.193E-08   0.502E-04    62.3%
  5    0.1166E-07 0.1733E-07 +- 0.1927E-08     19.90
 Relative summed weights:
  0.9827E-02  0.0000E+00  0.3870E-01  0.2849E-01  0.5618E-02  0.0000E+00  0.7939E-03  0.1982E-02  0.0000E+00  0.0000E+00  0.2807E-01  0.2624E-01  0.2118E-02  0.3380E-02
  0.1710E-01  0.0000E+00  0.0000E+00  0.0000E+00  0.5030E-01  0.0000E+00  0.0000E+00  0.0000E+00  0.0000E+00  0.0000E+00  0.0000E+00  0.0000E+00  0.0000E+00  0.0000E+00
  0.4317E-01  0.0000E+00  0.3988E-01  0.3165E-01  0.1029E-01  0.0000E+00  0.9382E-03  0.3097E-02  0.0000E+00  0.0000E+00  0.1881E-01  0.3260E-01  0.9296E-02  0.3788E-02
  0.2132E-01  0.0000E+00  0.0000E+00  0.0000E+00  0.9405E-02  0.0000E+00  0.0000E+00  0.0000E+00  0.0000E+00  0.0000E+00  0.0000E+00  0.0000E+00  0.0000E+00  0.0000E+00
  0.1631E-01  0.0000E+00  0.2078E-01  0.3088E-01  0.1343E-01  0.0000E+00  0.1264E-03  0.2006E-01  0.0000E+00  0.0000E+00  0.1584E-01  0.2482E-01  0.1674E-01  0.4490E-02
  0.3982E-01  0.0000E+00  0.0000E+00  0.0000E+00  0.1281E-01  0.0000E+00  0.0000E+00  0.0000E+00  0.0000E+00  0.0000E+00  0.0000E+00  0.0000E+00  0.0000E+00  0.0000E+00
  0.1477E+00  0.0000E+00  0.2855E-01  0.2374E-01  0.2791E-01  0.0000E+00  0.6559E-03  0.7948E-02  0.0000E+00  0.0000E+00  0.4243E-01  0.2084E-01  0.1057E-01  0.8660E-02
  0.1383E-01  0.0000E+00  0.0000E+00  0.0000E+00  0.1424E-01  0.0000E+00  0.0000E+00  0.0000E+00  0.0000E+00  0.0000E+00  0.0000E+00  0.0000E+00  0.0000E+00  0.0000E+00
 Relative number of events:
  0.4462E-01  0.0000E+00  0.4845E-01  0.5089E-01  0.6822E-02  0.0000E+00  0.2191E-02  0.2141E-02  0.0000E+00  0.0000E+00  0.2136E-01  0.2340E-01  0.9959E-03  0.7967E-03
  0.4671E-01  0.0000E+00  0.0000E+00  0.0000E+00  0.7519E-02  0.0000E+00  0.0000E+00  0.0000E+00  0.0000E+00  0.0000E+00  0.0000E+00  0.0000E+00  0.0000E+00  0.0000E+00
  0.4696E-01  0.0000E+00  0.4920E-01  0.4810E-01  0.6424E-02  0.0000E+00  0.1892E-02  0.2191E-02  0.0000E+00  0.0000E+00  0.1902E-01  0.1977E-01  0.7967E-03  0.1195E-02
  0.4472E-01  0.0000E+00  0.0000E+00  0.0000E+00  0.7021E-02  0.0000E+00  0.0000E+00  0.0000E+00  0.0000E+00  0.0000E+00  0.0000E+00  0.0000E+00  0.0000E+00  0.0000E+00
  0.4800E-01  0.0000E+00  0.4526E-01  0.4805E-01  0.7320E-02  0.0000E+00  0.1593E-02  0.2540E-02  0.0000E+00  0.0000E+00  0.1992E-01  0.2017E-01  0.1295E-02  0.1046E-02
  0.4392E-01  0.0000E+00  0.0000E+00  0.0000E+00  0.7171E-02  0.0000E+00  0.0000E+00  0.0000E+00  0.0000E+00  0.0000E+00  0.0000E+00  0.0000E+00  0.0000E+00  0.0000E+00
  0.4372E-01  0.0000E+00  0.5423E-01  0.4785E-01  0.7768E-02  0.0000E+00  0.2042E-02  0.2589E-02  0.0000E+00  0.0000E+00  0.2022E-01  0.1997E-01  0.7469E-03  0.9461E-03
  0.4352E-01  0.0000E+00  0.0000E+00  0.0000E+00  0.6922E-02  0.0000E+00  0.0000E+00  0.0000E+00  0.0000E+00  0.0000E+00  0.0000E+00  0.0000E+00  0.0000E+00  0.0000E+00
 Events:
         896           0         973        1022         137           0          44          43           0           0         429         470          20          16
         938           0           0           0         151           0           0           0           0           0           0           0           0           0
         943           0         988         966         129           0          38          44           0           0         382         397          16          24
         898           0           0           0         141           0           0           0           0           0           0           0           0           0
         964           0         909         965         147           0          32          51           0           0         400         405          26          21
         882           0           0           0         144           0           0           0           0           0           0           0           0           0
         878           0        1089         961         156           0          41          52           0           0         406         401          15          19
         874           0           0           0         139           0           0           0           0           0           0           0           0           0
 Accuracy:    0.155   0.010   0.084   3.389
 Found         1392  events.
 Wrote            7  events.
 Actual xsec    1.2232954412722660E-008
 Correct abs xsec    1.7834129734770722E-008
 Event xsec    1.7834129734770722E-008
 Events wgts > 1:            1
 % Cross section > 1:    5.7935771048654380E-017   3.2485897495574777E-007
 Iteration  6   Mean: 0.1251E-07 Abs mean: 0.1967E-07   Fluctuation:  0.138E-08   0.518E-04    65.2%
  6    0.1251E-07 0.1967E-07 +- 0.1378E-08     17.72
 Relative summed weights:
  0.3120E-01  0.0000E+00  0.4895E-01  0.4204E-01  0.8267E-02  0.0000E+00  0.3989E-02  0.2268E-02  0.0000E+00  0.0000E+00  0.7010E-01  0.2318E-01  0.3288E-02  0.2944E-01
  0.2842E-01  0.0000E+00  0.0000E+00  0.0000E+00  0.3206E-01  0.0000E+00  0.0000E+00  0.0000E+00  0.0000E+00  0.0000E+00  0.0000E+00  0.0000E+00  0.0000E+00  0.0000E+00
  0.1530E-01  0.0000E+00  0.7073E-01  0.3504E-01  0.8941E-02  0.0000E+00  0.1559E-02  0.1743E-02  0.0000E+00  0.0000E+00  0.2838E-01  0.2370E-01  0.1639E-02  0.2818E-01
  0.2585E-01  0.0000E+00  0.0000E+00  0.0000E+00  0.1652E-01  0.0000E+00  0.0000E+00  0.0000E+00  0.0000E+00  0.0000E+00  0.0000E+00  0.0000E+00  0.0000E+00  0.0000E+00
  0.1286E-01  0.0000E+00  0.3794E-01  0.4310E-01  0.6752E-02  0.0000E+00  0.2989E-02  0.2560E-02  0.0000E+00  0.0000E+00  0.2241E-01  0.1432E-01  0.1057E-01  0.3407E-02
  0.2128E-01  0.0000E+00  0.0000E+00  0.0000E+00  0.1226E-01  0.0000E+00  0.0000E+00  0.0000E+00  0.0000E+00  0.0000E+00  0.0000E+00  0.0000E+00  0.0000E+00  0.0000E+00
  0.1453E-01  0.0000E+00  0.3345E-01  0.3937E-01  0.7877E-02  0.0000E+00  0.1127E-02  0.1422E-02  0.0000E+00  0.0000E+00  0.2555E-01  0.3968E-01  0.2719E-02  0.5811E-02
  0.4952E-01  0.0000E+00  0.0000E+00  0.0000E+00  0.7745E-02  0.0000E+00  0.0000E+00  0.0000E+00  0.0000E+00  0.0000E+00  0.0000E+00  0.0000E+00  0.0000E+00  0.0000E+00
 Relative number of events:
  0.4410E-01  0.0000E+00  0.4844E-01  0.4902E-01  0.6773E-02  0.0000E+00  0.2634E-02  0.2082E-02  0.0000E+00  0.0000E+00  0.1989E-01  0.2067E-01  0.8279E-03  0.7526E-03
  0.4337E-01  0.0000E+00  0.0000E+00  0.0000E+00  0.6773E-02  0.0000E+00  0.0000E+00  0.0000E+00  0.0000E+00  0.0000E+00  0.0000E+00  0.0000E+00  0.0000E+00  0.0000E+00
  0.4503E-01  0.0000E+00  0.4985E-01  0.4967E-01  0.7476E-02  0.0000E+00  0.2333E-02  0.2283E-02  0.0000E+00  0.0000E+00  0.2072E-01  0.1972E-01  0.8028E-03  0.9282E-03
  0.4598E-01  0.0000E+00  0.0000E+00  0.0000E+00  0.7074E-02  0.0000E+00  0.0000E+00  0.0000E+00  0.0000E+00  0.0000E+00  0.0000E+00  0.0000E+00  0.0000E+00  0.0000E+00
  0.4566E-01  0.0000E+00  0.5170E-01  0.5098E-01  0.6924E-02  0.0000E+00  0.2433E-02  0.1856E-02  0.0000E+00  0.0000E+00  0.2047E-01  0.1972E-01  0.1505E-02  0.7275E-03
  0.4300E-01  0.0000E+00  0.0000E+00  0.0000E+00  0.7777E-02  0.0000E+00  0.0000E+00  0.0000E+00  0.0000E+00  0.0000E+00  0.0000E+00  0.0000E+00  0.0000E+00  0.0000E+00
  0.4528E-01  0.0000E+00  0.4834E-01  0.5032E-01  0.6874E-02  0.0000E+00  0.1957E-02  0.1982E-02  0.0000E+00  0.0000E+00  0.2014E-01  0.2055E-01  0.8279E-03  0.9031E-03
  0.4633E-01  0.0000E+00  0.0000E+00  0.0000E+00  0.6523E-02  0.0000E+00  0.0000E+00  0.0000E+00  0.0000E+00  0.0000E+00  0.0000E+00  0.0000E+00  0.0000E+00  0.0000E+00
 Events:
        1758           0        1931        1954         270           0         105          83           0           0         793         824          33          30
        1729           0           0           0         270           0           0           0           0           0           0           0           0           0
        1795           0        1987        1980         298           0          93          91           0           0         826         786          32          37
        1833           0           0           0         282           0           0           0           0           0           0           0           0           0
        1820           0        2061        2032         276           0          97          74           0           0         816         786          60          29
        1714           0           0           0         310           0           0           0           0           0           0           0           0           0
        1805           0        1927        2006         274           0          78          79           0           0         803         819          33          36
        1847           0           0           0         260           0           0           0           0           0           0           0           0           0
 Accuracy:    0.093   0.010   0.054   2.968
 Found         3890  events.
 Wrote           25  events.
 Actual xsec    1.2346537904304518E-008
 Correct abs xsec    1.9076273674174741E-008
 Event xsec    1.9076273674174737E-008
 Events wgts > 1:            1
 % Cross section > 1:    6.2633315168284728E-017   3.2833097405745998E-007
 Iteration  7   Mean: 0.1135E-07 Abs mean: 0.1957E-07   Fluctuation:  0.818E-09   0.689E-04    69.4%
  7    0.1135E-07 0.1957E-07 +- 0.8179E-09     14.96
 Relative summed weights:
  0.2738E-01  0.0000E+00  0.4066E-01  0.4366E-01  0.1381E-01  0.0000E+00  0.6531E-02  0.1724E-02  0.0000E+00  0.0000E+00  0.2433E-01  0.2627E-01  0.4535E-02  0.9365E-02
  0.2004E-01  0.0000E+00  0.0000E+00  0.0000E+00  0.2521E-01  0.0000E+00  0.0000E+00  0.0000E+00  0.0000E+00  0.0000E+00  0.0000E+00  0.0000E+00  0.0000E+00  0.0000E+00
  0.2431E-01  0.0000E+00  0.4257E-01  0.4855E-01  0.1378E-01  0.0000E+00  0.2299E-02  0.2661E-02  0.0000E+00  0.0000E+00  0.2159E-01  0.2839E-01  0.1025E-01  0.8856E-02
  0.2227E-01  0.0000E+00  0.0000E+00  0.0000E+00  0.1637E-01  0.0000E+00  0.0000E+00  0.0000E+00  0.0000E+00  0.0000E+00  0.0000E+00  0.0000E+00  0.0000E+00  0.0000E+00
  0.2319E-01  0.0000E+00  0.3680E-01  0.4396E-01  0.9009E-02  0.0000E+00  0.3716E-02  0.3968E-02  0.0000E+00  0.0000E+00  0.3899E-01  0.2997E-01  0.1307E-01  0.8810E-02
  0.2133E-01  0.0000E+00  0.0000E+00  0.0000E+00  0.1201E-01  0.0000E+00  0.0000E+00  0.0000E+00  0.0000E+00  0.0000E+00  0.0000E+00  0.0000E+00  0.0000E+00  0.0000E+00
  0.3865E-01  0.0000E+00  0.5645E-01  0.3870E-01  0.1275E-01  0.0000E+00  0.2986E-02  0.1682E-02  0.0000E+00  0.0000E+00  0.3185E-01  0.2509E-01  0.1219E-01  0.1111E-01
  0.2364E-01  0.0000E+00  0.0000E+00  0.0000E+00  0.1467E-01  0.0000E+00  0.0000E+00  0.0000E+00  0.0000E+00  0.0000E+00  0.0000E+00  0.0000E+00  0.0000E+00  0.0000E+00
 Relative number of events:
  0.4710E-01  0.0000E+00  0.4918E-01  0.4831E-01  0.6317E-02  0.0000E+00  0.2093E-02  0.1906E-02  0.0000E+00  0.0000E+00  0.1992E-01  0.2010E-01  0.9719E-03  0.9345E-03
  0.4500E-01  0.0000E+00  0.0000E+00  0.0000E+00  0.6803E-02  0.0000E+00  0.0000E+00  0.0000E+00  0.0000E+00  0.0000E+00  0.0000E+00  0.0000E+00  0.0000E+00  0.0000E+00
  0.4600E-01  0.0000E+00  0.4964E-01  0.4894E-01  0.6541E-02  0.0000E+00  0.2006E-02  0.1994E-02  0.0000E+00  0.0000E+00  0.1935E-01  0.2001E-01  0.9469E-03  0.7974E-03
  0.4599E-01  0.0000E+00  0.0000E+00  0.0000E+00  0.6828E-02  0.0000E+00  0.0000E+00  0.0000E+00  0.0000E+00  0.0000E+00  0.0000E+00  0.0000E+00  0.0000E+00  0.0000E+00
  0.4646E-01  0.0000E+00  0.4925E-01  0.4760E-01  0.6479E-02  0.0000E+00  0.2143E-02  0.2293E-02  0.0000E+00  0.0000E+00  0.2021E-01  0.2027E-01  0.1121E-02  0.8971E-03
  0.4564E-01  0.0000E+00  0.0000E+00  0.0000E+00  0.6566E-02  0.0000E+00  0.0000E+00  0.0000E+00  0.0000E+00  0.0000E+00  0.0000E+00  0.0000E+00  0.0000E+00  0.0000E+00
  0.4594E-01  0.0000E+00  0.4933E-01  0.5111E-01  0.7090E-02  0.0000E+00  0.2118E-02  0.2118E-02  0.0000E+00  0.0000E+00  0.2062E-01  0.2016E-01  0.1072E-02  0.9469E-03
  0.4608E-01  0.0000E+00  0.0000E+00  0.0000E+00  0.6803E-02  0.0000E+00  0.0000E+00  0.0000E+00  0.0000E+00  0.0000E+00  0.0000E+00  0.0000E+00  0.0000E+00  0.0000E+00
 Events:
        3780           0        3947        3877         507           0         168         153           0           0        1599        1613          78          75
        3612           0           0           0         546           0           0           0           0           0           0           0           0           0
        3692           0        3984        3928         525           0         161         160           0           0        1553        1606          76          64
        3691           0           0           0         548           0           0           0           0           0           0           0           0           0
        3729           0        3953        3820         520           0         172         184           0           0        1622        1627          90          72
        3663           0           0           0         527           0           0           0           0           0           0           0           0           0
        3687           0        3959        4102         569           0         170         170           0           0        1655        1618          86          76
        3698           0           0           0         546           0           0           0           0           0           0           0           0           0
 Accuracy:    0.052   0.010   0.033   2.487
 Found         8219  events.
 Wrote           38  events.
 Actual xsec    1.1657437330280995E-008
 Correct abs xsec    1.9380782919620250E-008
 Event xsec    1.9380782919620250E-008
 Events wgts > 1:            0
 % Cross section > 1:    0.0000000000000000        0.0000000000000000     
 Iteration  8   Mean: 0.1740E-07 Abs mean: 0.2460E-07   Fluctuation:  0.586E-08   0.149E-02    71.0%
  8    0.1740E-07 0.2460E-07 +- 0.5859E-08    120.50
 Exceeded boost          11          96   256000.000    
 Relative summed weights:
  0.1692E-01  0.0000E+00  0.2891E-01  0.3157E-01  0.9563E-02  0.0000E+00  0.2815E+00  0.1745E-02  0.0000E+00  0.0000E+00  0.1949E-01  0.1498E-01  0.7959E-02  0.7659E-02
  0.1770E-01  0.0000E+00  0.0000E+00  0.0000E+00  0.1258E-01  0.0000E+00  0.0000E+00  0.0000E+00  0.0000E+00  0.0000E+00  0.0000E+00  0.0000E+00  0.0000E+00  0.0000E+00
  0.1691E-01  0.0000E+00  0.2855E-01  0.2593E-01  0.8640E-02  0.0000E+00  0.2351E-02  0.3407E-02  0.0000E+00  0.0000E+00  0.2251E-01  0.2610E-01  0.9026E-02  0.1113E-01
  0.1663E-01  0.0000E+00  0.0000E+00  0.0000E+00  0.9076E-02  0.0000E+00  0.0000E+00  0.0000E+00  0.0000E+00  0.0000E+00  0.0000E+00  0.0000E+00  0.0000E+00  0.0000E+00
  0.1866E-01  0.0000E+00  0.3174E-01  0.2711E-01  0.8812E-02  0.0000E+00  0.1629E-02  0.2378E-02  0.0000E+00  0.0000E+00  0.1548E-01  0.1987E-01  0.1006E-01  0.7762E-02
  0.2367E-01  0.0000E+00  0.0000E+00  0.0000E+00  0.1270E-01  0.0000E+00  0.0000E+00  0.0000E+00  0.0000E+00  0.0000E+00  0.0000E+00  0.0000E+00  0.0000E+00  0.0000E+00
  0.3444E-01  0.0000E+00  0.3056E-01  0.2630E-01  0.1398E-01  0.0000E+00  0.1815E-02  0.1720E-02  0.0000E+00  0.0000E+00  0.1929E-01  0.1832E-01  0.7241E-02  0.8340E-02
  0.1621E-01  0.0000E+00  0.0000E+00  0.0000E+00  0.1108E-01  0.0000E+00  0.0000E+00  0.0000E+00  0.0000E+00  0.0000E+00  0.0000E+00  0.0000E+00  0.0000E+00  0.0000E+00
 Relative number of events:
  0.4609E-01  0.0000E+00  0.4996E-01  0.4969E-01  0.6351E-02  0.0000E+00  0.2158E-02  0.2102E-02  0.0000E+00  0.0000E+00  0.2039E-01  0.1934E-01  0.9045E-03  0.8734E-03
  0.4538E-01  0.0000E+00  0.0000E+00  0.0000E+00  0.6625E-02  0.0000E+00  0.0000E+00  0.0000E+00  0.0000E+00  0.0000E+00  0.0000E+00  0.0000E+00  0.0000E+00  0.0000E+00
  0.4553E-01  0.0000E+00  0.4936E-01  0.4876E-01  0.6569E-02  0.0000E+00  0.2302E-02  0.2034E-02  0.0000E+00  0.0000E+00  0.1954E-01  0.1976E-01  0.9669E-03  0.8359E-03
  0.4671E-01  0.0000E+00  0.0000E+00  0.0000E+00  0.6313E-02  0.0000E+00  0.0000E+00  0.0000E+00  0.0000E+00  0.0000E+00  0.0000E+00  0.0000E+00  0.0000E+00  0.0000E+00
Thanks for using LHAPDF 6.2.1. Please make sure to cite the paper:
  Eur.Phys.J. C75 (2015) 3, 132  (http://arxiv.org/abs/1412.7420)
  0.4613E-01  0.0000E+00  0.4996E-01  0.5001E-01  0.6076E-02  0.0000E+00  0.1865E-02  0.2152E-02  0.0000E+00  0.0000E+00  0.1991E-01  0.2046E-01  0.1004E-02  0.1054E-02
  0.4619E-01  0.0000E+00  0.0000E+00  0.0000E+00  0.6469E-02  0.0000E+00  0.0000E+00  0.0000E+00  0.0000E+00  0.0000E+00  0.0000E+00  0.0000E+00  0.0000E+00  0.0000E+00
  0.4588E-01  0.0000E+00  0.4953E-01  0.4915E-01  0.6706E-02  0.0000E+00  0.2071E-02  0.2096E-02  0.0000E+00  0.0000E+00  0.1972E-01  0.2028E-01  0.8983E-03  0.8047E-03
  0.4637E-01  0.0000E+00  0.0000E+00  0.0000E+00  0.6662E-02  0.0000E+00  0.0000E+00  0.0000E+00  0.0000E+00  0.0000E+00  0.0000E+00  0.0000E+00  0.0000E+00  0.0000E+00
 Events:
        7388           0        8009        7966        1018           0         346         337           0           0        3268        3101         145         140
        7275           0           0           0        1062           0           0           0           0           0           0           0           0           0
        7299           0        7913        7817        1053           0         369         326           0           0        3132        3167         155         134
        7487           0           0           0        1012           0           0           0           0           0           0           0           0           0
        7395           0        8009        8017         974           0         299         345           0           0        3191        3280         161         169
        7404           0           0           0        1037           0           0           0           0           0           0           0           0           0
        7354           0        7940        7879        1075           0         332         336           0           0        3161        3251         144         129
        7433           0           0           0        1068           0           0           0           0           0           0           0           0           0
 Accuracy:    0.050   0.010   0.033   2.326
 Found        18046  events.
 Wrote            3  events.
 Actual xsec    1.1785212822808639E-008
 Correct abs xsec    1.9705902968004412E-008
 Event xsec    1.9705902968004412E-008
 Events wgts > 1:            0
 % Cross section > 1:    0.0000000000000000        0.0000000000000000     

 -------------------------------------------------------------------------------
 Accumulated results:   Integral =  0.1905E-07
                        Std dev  =  0.6228E-09
                       Cross sec =  0.1156E-07
             Chi**2 per DoF.     =      2.3263
 -------------------------------------------------------------------------------
-------------------------------------------------
---------------------------
 Results Last   3 iters: Integral =   0.1179E-07
                     Abs integral =   0.1971E-07
                          Std dev =   0.6994E-09
                  Chi**2 per DoF. =      0.3640
-------------------------------------------------
---------------------------
 Status   1.0000000000000000E-002           9           8

ls status:
events.lhe
ftn26
input_app.txt
results.dat
run1_app.log
