==== LHAPDF6 USING DEFAULT-TYPE LHAGLUE INTERFACE ====
LHAPDF 6.2.1 loading /cvmfs/cms.cern.ch/slc6_amd64_gcc630/external/lhapdf/6.2.1-ghjeda2/share/LHAPDF/NNPDF30_lo_as_0130_nf_4/NNPDF30_lo_as_0130_nf_4_0000.dat
NNPDF30_lo_as_0130_nf_4 PDF set, member #0, version 2; LHAPDF ID = 263400
 Process in group number            2
 A PDF is used, so alpha_s(MZ) is going to be modified
 Old value of alpha_s from param_card:   0.11810000000000001     
 New value of alpha_s from PDF lhapdf :  0.12470044313224841     
 using LHAPDF
 Define smin to   10000.000000000000     
 Define smin to   10000.000000000000     
 Define smin to   10000.000000000000     
 Define smin to   10000.000000000000     
 Define smin to   10000.000000000000     
 Define smin to   10000.000000000000     
 Define smin to   10000.000000000000     
 *****************************************************
 *               MadGraph/MadEvent                   *
 *        --------------------------------           *
 *          http://madgraph.hep.uiuc.edu             *
 *          http://madgraph.phys.ucl.ac.be           *
 *          http://madgraph.roma2.infn.it            *
 *        --------------------------------           *
 *                                                   *
 *          PARAMETER AND COUPLING VALUES            *
 *                                                   *
 *****************************************************

  External Params
  ---------------------------------
  
 mdl_MW0 =    80.387000000000000     
 mdl_Gf =    1.1663789999999999E-005
 aS =   0.11810000000000001     
 mdl_ymdo =    1.0000000000000000E-099
 mdl_ymb =    4.1799999999999997     
 mdl_ymt =    173.19999999999999     
 mdl_ymtau =    1.7769999999999999     
 mdl_LambdaSMEFT =    1000.0000000000000     
 mdl_cW =    1.0000000000000000     
 mdl_MZ =    91.187600000000003     
 mdl_MTA =    1.7769999999999999     
 mdl_MT =    173.19999999999999     
 mdl_MB =    4.1799999999999997     
 mdl_MH =    125.09000000000000     
 mdl_WZ =    2.4952000000000001     
 mdl_WW =    2.0850000000000000     
 mdl_WT =    1.5083359999999999     
 mdl_WH =    4.0699999999999998E-003
  Internal Params
  ---------------------------------
  
 mdl_ymm =    1.0000000000000000E-099
 mdl_yme =    1.0000000000000000E-099
 mdl_ymc =    1.0000000000000000E-099
 mdl_yms =    1.0000000000000000E-099
 mdl_ymup =    1.0000000000000000E-099
 mdl_conjg__CKM3x3 =    1.0000000000000000     
 mdl_cH =    0.0000000000000000     
 mdl_cHB =    0.0000000000000000     
 mdl_CKM2x2 =    1.0000000000000000     
 mdl_CKM1x1 =    1.0000000000000000     
 mdl_conjg__CKM1x1 =    1.0000000000000000     
 mdl_dGf =    0.0000000000000000     
 mdl_CKM3x3 =    1.0000000000000000     
 mdl_dMH2 =    0.0000000000000000     
 mdl_conjg__CKM2x2 =    1.0000000000000000     
 mdl_dg1 =    0.0000000000000000     
 mdl_cHW =    0.0000000000000000     
 mdl_dgw =    0.0000000000000000     
 mdl_complexi =  (  0.0000000000000000     ,  1.0000000000000000     )
 mdl_MW =    80.387000000000000     
 mdl_nb__2__exp__0_25 =    1.1892071150027210     
 mdl_MH__exp__2 =    15647.508100000001     
 mdl_sqrt__2 =    1.4142135623730951     
 mdl_MW__exp__2 =    6462.0697689999997     
 mdl_MZ__exp__2 =    8315.1783937600012     
 mdl_sth2 =   0.22285855299877133     
 mdl_MH__exp__6 =    3831206449390.3818     
 mdl_MT__exp__6 =    26995248278778.535     
 mdl_MH__exp__4 =    244844509.73956564     
 mdl_MT__exp__4 =    899894403.09759963     
 mdl_MT__exp__2 =    29998.239999999994     
 mdl_LambdaSMEFT__exp__2 =    1000000.0000000000     
 mdl_cth =   0.88155626422890820     
 mdl_sqrt__sth2 =   0.47207896902824564     
 mdl_sth =   0.47207896902824564     
 mdl_MW0__exp__6 =    269845343347.69711     
 mdl_MW0__exp__4 =    41758345.699423708     
 mdl_MW0__exp__2 =    6462.0697689999997     
 mdl_MZ__exp__4 =    69142191.720053151     
 mdl_MZ__exp__6 =    574929658687.79749     
 mdl_cth__exp__2 =   0.77714144700122867     
 mdl_sth__exp__2 =   0.22285855299877130     
 mdl_sth__exp__3 =   0.10520683593878660     
 mdl_cth__exp__3 =   0.68509391079585125     
 mdl_sth__exp__4 =    4.9665934644706158E-002
 mdl_sqrt__Gf =    3.4152291284773265E-003
 mdl_vevhat =    246.21961912951551     
 mdl_lam =   0.12905352724481209     
 mdl_aEW =    7.5614618607353409E-003
 mdl_yb =    2.4008698866559607E-002
 mdl_yc =    5.7437078628133041E-102
 mdl_ydo =    5.7437078628133041E-102
 mdl_ye =    5.7437078628133041E-102
 mdl_ym =    5.7437078628133041E-102
 mdl_ys =    5.7437078628133041E-102
 mdl_yt =   0.99481020183926416     
 mdl_ytau =    1.0206568872219240E-002
 mdl_yup =    5.7437078628133041E-102
 mdl_vevhat__exp__2 =    60624.100844283676     
 mdl_barlam =   0.12905352724481209     
 mdl_vevT =    246.21961912951551     
 mdl_sqrt__aEW =    8.6956666568672819E-002
 mdl_ee =   0.30825335704310214     
 mdl_gwsh =   0.65296989967087182     
 mdl_vev =    246.21961912951551     
 mdl_g1 =   0.34966952144878632     
 mdl_gw =   0.65296989967087182     
 mdl_ee__exp__2 =    9.5020132128342205E-002
 mdl_gHaa =   -1.9303830602986922E-003
 mdl_gHza =   -6.8546472954154700E-003
 mdl_g1sh =   0.34966952144878632     
 mdl_I1d11 =  (  5.7437078628133041E-102,  0.0000000000000000     )
 mdl_I1d22 =  (  5.7437078628133041E-102,  0.0000000000000000     )
 mdl_I1d33 =  (  2.4008698866559607E-002,  0.0000000000000000     )
 mdl_I2d11 =  (  5.7437078628133041E-102,  0.0000000000000000     )
 mdl_I2d22 =  (  5.7437078628133041E-102,  0.0000000000000000     )
 mdl_I2d33 =  ( 0.99481020183926416     ,  0.0000000000000000     )
 mdl_I3d11 =  (  5.7437078628133041E-102,  0.0000000000000000     )
 mdl_I3d22 =  (  5.7437078628133041E-102,  0.0000000000000000     )
 mdl_I3d33 =  (  2.4008698866559607E-002,  0.0000000000000000     )
 mdl_I4d11 =  (  5.7437078628133041E-102,  0.0000000000000000     )
 mdl_I4d22 =  (  5.7437078628133041E-102,  0.0000000000000000     )
 mdl_I4d33 =  ( 0.99481020183926416     ,  0.0000000000000000     )
 mdl_I5d11 =  (  5.7437078628133041E-102,  0.0000000000000000     )
 mdl_I5d22 =  (  5.7437078628133041E-102,  0.0000000000000000     )
 mdl_I5d33 =  (  2.4008698866559607E-002,  0.0000000000000000     )
 mdl_I6d11 =  (  5.7437078628133041E-102,  0.0000000000000000     )
 mdl_I6d22 =  (  5.7437078628133041E-102,  0.0000000000000000     )
 mdl_I6d33 =  ( 0.99481020183926416     ,  0.0000000000000000     )
 mdl_ee__exp__3 =    2.9290274715240611E-002
 mdl_vevhat__exp__3 =    14926843.019948866     
  Internal Params evaluated point by point
  ----------------------------------------
  
 mdl_sqrt__aS =   0.34365680554879169     
 mdl_G__exp__2 =    1.4840883695558185     
 mdl_gHgg =    3.2334372328970845E-003
 mdl_G__exp__3 =  (  1.8079634332366095     ,  0.0000000000000000     )
  Couplings of SMEFTsim_A_U35_MwScheme_UFO_v3_1-cW_massless
  ---------------------------------
  
        GC_64 =   0.00000E+00   0.52893E-05
       GC_345 =   0.00000E+00   0.28325E-05
         GC_1 =   0.00000E+00   0.10275E+00
         GC_2 =  -0.00000E+00  -0.20550E+00
         GC_3 =  -0.00000E+00  -0.30825E+00
       GC_278 =  -0.00000E+00  -0.37035E+00
       GC_280 =  -0.00000E+00  -0.57563E+00
       GC_318 =   0.00000E+00   0.39178E-05
       GC_328 =  -0.00000E+00  -0.55024E-01
       GC_329 =   0.00000E+00   0.11005E+00
       GC_330 =  -0.00000E+00  -0.16507E+00
      GC_1073 =  -0.00000E+00  -0.46172E+00

 Collider parameters:
 --------------------

 Running at P P   machine @    13000.000000000000       GeV
 PDF set = lhapdf 
 alpha_s(Mz)= 0.1247 running at 1 loops.
 alpha_s(Mz)= 0.1247 running at 1 loops.
 Renormalization scale set on event-by-event basis
 Factorization   scale set on event-by-event basis


 getting user params
Enter number of events and max and min iterations: 
 Number of events and iterations         2000           8           3
Enter desired fractional accuracy: 
 Desired fractional accuracy:    1.0000000000000000E-002
Enter 0 for fixed, 2 for adjustable grid: 
Suppress amplitude (0 no, 1 yes)? 
 Using suppressed amplitude.
Exact helicity sum (0 yes, n = number/event)? 
 Explicitly summing over helicities
Enter Configuration Number: 
Running Configuration Number:   15
 Not subdividing B.W.
 Attempting mappinvarients           1           8
 Completed mapping           8
 about to integrate           16        2000           8           3          16           1
 Using non-zero grid deformation.
 16 dimensions   2000 events 16 invarients  8 iterations  1 config(s),  (0.99)
 Using h-tuple random number sequence.
 Error opening grid
 Using Uniform Grid!          32
 Using uniform alpha   1.0000000000000000     
 Grid defined OK
 Set CM energy to      13000.00
 Mapping Graph          15  to config          15
 Setting BW          -1           1   80.387000000000000     
 Warning: No cutoff for shat integral found
          Minimum set to    5.9171597633136107E-009
Setting grid   2    0.59172E-08   1
 Warning: No cutoff for shat integral found
          Minimum set to    5.9171597633136107E-009
Setting grid   3    0.59172E-08   1
Setting grid   4    0.18685E-07   1
Setting grid   5    0.59172E-06   1
 Transforming s_hat 1/s           15   5.9171597633136108E-005   10000.000000000000        168999999.99999997     
  15   1   2   3   4   5   6   7   8   9  10  11  12  13  14
  15  16
 Masses: 0.000E+00 0.000E+00 0.000E+00 0.178E+01 0.000E+00 0.000E+00 0.000E+00 0.000E+00
Using random seed offsets    15 :      6
  with seed                   24
 Ranmar initialization seeds       31073        9403
 
 ********************************************
 * You are using the DiscreteSampler module *
 *      part of the MG5_aMC framework       *
 *         Author: Valentin Hirschi         *
 ********************************************
 
  Particle       3       4       5       6       7       8
      Et >     0.0     0.0     0.0     0.0    10.0    10.0
       E >     0.0     0.0     0.0     0.0     0.0     0.0
     Eta <    -1.0    -1.0    -1.0    -1.0     6.5     6.5
   xqcut:      0.0     0.0     0.0     0.0     0.0     0.0
d R # 3  >    -0.0     0.4     0.0     0.0     0.4     0.4
d R # 4  >    -0.0    -0.0     0.0     0.0     0.4     0.4
d R # 5  >    -0.0    -0.0    -0.0     0.0     0.0     0.0
d R # 6  >    -0.0    -0.0    -0.0    -0.0     0.0     0.0
d R # 7  >    -0.0    -0.0    -0.0    -0.0    -0.0     0.4
s min # 3>     0.0     0.0     0.0     0.0     0.0     0.0
s min # 4>     0.0     0.0     0.0     0.0     0.0     0.0
s min # 5>     0.0     0.0     0.0     0.0     0.0     0.0
s min # 6>     0.0     0.0     0.0     0.0     0.0     0.0
s min # 7>     0.0     0.0     0.0     0.0     0.0 10000.0
xqcutij # 3>     0.0     0.0     0.0     0.0     0.0     0.0
xqcutij # 4>     0.0     0.0     0.0     0.0     0.0     0.0
xqcutij # 5>     0.0     0.0     0.0     0.0     0.0     0.0
xqcutij # 6>     0.0     0.0     0.0     0.0     0.0     0.0
xqcutij # 7>     0.0     0.0     0.0     0.0     0.0     0.0
 No cut BW           -1           1
 No cut BW           -5           2
 alpha_s for scale    21.091010568111624       is   0.16454382767337547     
 Added good helicity          193   255.90835444027741       in event            1 local:           1
 Added good helicity          209   9.1645559722593722E-002  in event            1 local:           1
 Added good helicity          193   255.99798939792095       in event            1 local:           1
 Added good helicity          209   2.0106020790683849E-003  in event            1 local:           1
 RESET CUMULATIVE VARIABLE
 RESET CUMULATIVE VARIABLE
 RESET CUMULATIVE VARIABLE
 Iteration  1   Mean: 0.6986E-08 Abs mean: 0.6986E-08   Fluctuation:  0.374E-08   0.731E-05     2.7%
  1    0.6986E-08 0.6986E-08 +- 0.3737E-08     23.92
 Writing out events   1.6458652315746841E-011   23.922047619277116     
 Relative summed weights:
  0.2424E+00  0.0000E+00  0.7251E-01  0.2090E-01  0.2438E-06  0.0000E+00  0.5598E+00  0.2694E-01  0.0000E+00  0.0000E+00  0.3889E-01  0.2045E-02  0.1385E-06  0.1155E-03
  0.3605E-01  0.0000E+00  0.0000E+00  0.0000E+00  0.3250E-03  0.0000E+00  0.0000E+00  0.0000E+00  0.0000E+00  0.0000E+00  0.0000E+00  0.0000E+00  0.0000E+00  0.0000E+00
 Relative number of events:
  0.3081E+00  0.0000E+00  0.2837E-01  0.3385E-01  0.1991E-02  0.0000E+00  0.1568E+00  0.1568E+00  0.0000E+00  0.0000E+00  0.2240E-01  0.1891E-01  0.3484E-02  0.1493E-02
  0.2653E+00  0.0000E+00  0.0000E+00  0.0000E+00  0.2489E-02  0.0000E+00  0.0000E+00  0.0000E+00  0.0000E+00  0.0000E+00  0.0000E+00  0.0000E+00  0.0000E+00  0.0000E+00
 Events:
         619           0          57          68           4           0         315         315           0           0          45          38           7           3
         533           0           0           0           5           0           0           0           0           0           0           0           0           0
 Iteration  2   Mean: 0.1136E-07 Abs mean: 0.1136E-07   Fluctuation:  0.426E-08   0.122E-04    48.4%
  2    0.1136E-07 0.1136E-07 +- 0.4262E-08     23.73
 Relative summed weights:
  0.1390E+00  0.0000E+00  0.2898E+00  0.1398E+00  0.2860E-02  0.0000E+00  0.1093E-01  0.6084E-01  0.0000E+00  0.0000E+00  0.3535E-01  0.2343E+00  0.1161E-05  0.4766E-04
  0.8655E-01  0.0000E+00  0.0000E+00  0.0000E+00  0.4909E-03  0.0000E+00  0.0000E+00  0.0000E+00  0.0000E+00  0.0000E+00  0.0000E+00  0.0000E+00  0.0000E+00  0.0000E+00
 Relative number of events:
  0.3068E+00  0.0000E+00  0.3125E-01  0.3275E-01  0.3500E-02  0.0000E+00  0.1490E+00  0.1535E+00  0.0000E+00  0.0000E+00  0.1475E-01  0.2050E-01  0.1250E-02  0.1500E-02
  0.2825E+00  0.0000E+00  0.0000E+00  0.0000E+00  0.2750E-02  0.0000E+00  0.0000E+00  0.0000E+00  0.0000E+00  0.0000E+00  0.0000E+00  0.0000E+00  0.0000E+00  0.0000E+00
 Events:
        1227           0         125         131          14           0         596         614           0           0          59          82           5           6
        1130           0           0           0          11           0           0           0           0           0           0           0           0           0
 Iteration  3   Mean: 0.6686E-08 Abs mean: 0.6686E-08   Fluctuation:  0.139E-08   0.983E-05    66.6%
  3    0.6686E-08 0.6686E-08 +- 0.1389E-08     18.58
 Relative summed weights:
  0.4164E+00  0.0000E+00  0.5736E-01  0.1438E+00  0.5515E-03  0.0000E+00  0.9745E-01  0.3228E-01  0.0000E+00  0.0000E+00  0.1008E-01  0.8396E-02  0.3199E-03  0.1731E-03
  0.2330E+00  0.0000E+00  0.0000E+00  0.0000E+00  0.1888E-03  0.0000E+00  0.0000E+00  0.0000E+00  0.0000E+00  0.0000E+00  0.0000E+00  0.0000E+00  0.0000E+00  0.0000E+00
 Relative number of events:
  0.3129E+00  0.0000E+00  0.2850E-01  0.2937E-01  0.1875E-02  0.0000E+00  0.1345E+00  0.1457E+00  0.0000E+00  0.0000E+00  0.1762E-01  0.1487E-01  0.1375E-02  0.1250E-02
  0.3095E+00  0.0000E+00  0.0000E+00  0.0000E+00  0.2500E-02  0.0000E+00  0.0000E+00  0.0000E+00  0.0000E+00  0.0000E+00  0.0000E+00  0.0000E+00  0.0000E+00  0.0000E+00
 Events:
        2503           0         228         235          15           0        1076        1166           0           0         141         119          11          10
        2476           0           0           0          20           0           0           0           0           0           0           0           0           0
 Accuracy:    0.174   0.010   0.172   1.018
 Found          259  events.
 Wrote            3  events.
 Actual xsec    7.6989733468279466E-009
 Correct abs xsec    7.6989733468279466E-009
 Event xsec    7.6989733468279466E-009
 Events wgts > 1:            1
 % Cross section > 1:    2.9781695051791512E-016   3.8682683664649742E-006
 Iteration  4   Mean: 0.7461E-08 Abs mean: 0.7461E-08   Fluctuation:  0.111E-08   0.148E-04    74.7%
  4    0.7461E-08 0.7461E-08 +- 0.1106E-08     18.75
 Relative summed weights:
  0.1820E+00  0.0000E+00  0.1386E+00  0.9391E-01  0.1035E-01  0.0000E+00  0.2138E+00  0.5390E-01  0.0000E+00  0.0000E+00  0.1304E-01  0.1860E-01  0.6967E-02  0.1265E-02
  0.2654E+00  0.0000E+00  0.0000E+00  0.0000E+00  0.2049E-02  0.0000E+00  0.0000E+00  0.0000E+00  0.0000E+00  0.0000E+00  0.0000E+00  0.0000E+00  0.0000E+00  0.0000E+00
 Relative number of events:
  0.3330E+00  0.0000E+00  0.2750E-01  0.2606E-01  0.2500E-02  0.0000E+00  0.1203E+00  0.1246E+00  0.0000E+00  0.0000E+00  0.1350E-01  0.1388E-01  0.1813E-02  0.1813E-02
  0.3328E+00  0.0000E+00  0.0000E+00  0.0000E+00  0.2188E-02  0.0000E+00  0.0000E+00  0.0000E+00  0.0000E+00  0.0000E+00  0.0000E+00  0.0000E+00  0.0000E+00  0.0000E+00
 Events:
        5328           0         440         417          40           0        1925        1994           0           0         216         222          29          29
        5325           0           0           0          35           0           0           0           0           0           0           0           0           0
 Accuracy:    0.095   0.010   0.112   0.710
 Found          882  events.
 Wrote            6  events.
 Actual xsec    7.5888537186413794E-009
 Correct abs xsec    7.5888537186413794E-009
 Event xsec    7.5888537186413794E-009
 Events wgts > 1:            1
 % Cross section > 1:    8.3206347625254045E-017   1.0964284028939004E-006
 Iteration  5   Mean: 0.7064E-08 Abs mean: 0.7064E-08   Fluctuation:  0.447E-09   0.996E-05    78.3%
  5    0.7064E-08 0.7064E-08 +- 0.4471E-09     11.32
 Relative summed weights:
  0.3266E+00  0.0000E+00  0.6308E-01  0.8740E-01  0.9669E-02  0.0000E+00  0.1125E+00  0.6075E-01  0.0000E+00  0.0000E+00  0.2200E-01  0.2627E-01  0.1592E-02  0.1421E-02
  0.2857E+00  0.0000E+00  0.0000E+00  0.0000E+00  0.3042E-02  0.0000E+00  0.0000E+00  0.0000E+00  0.0000E+00  0.0000E+00  0.0000E+00  0.0000E+00  0.0000E+00  0.0000E+00
 Relative number of events:
  0.3394E+00  0.0000E+00  0.2428E-01  0.2425E-01  0.1656E-02  0.0000E+00  0.1162E+00  0.1212E+00  0.0000E+00  0.0000E+00  0.1303E-01  0.1303E-01  0.1094E-02  0.9375E-03
  0.3427E+00  0.0000E+00  0.0000E+00  0.0000E+00  0.2219E-02  0.0000E+00  0.0000E+00  0.0000E+00  0.0000E+00  0.0000E+00  0.0000E+00  0.0000E+00  0.0000E+00  0.0000E+00
 Events:
       10861           0         777         776          53           0        3718        3880           0           0         417         417          35          30
       10965           0           0           0          71           0           0           0           0           0           0           0           0           0
 Accuracy:    0.045   0.010   0.055   0.662
 Found         1897  events.
 Wrote           24  events.
 Actual xsec    7.0932489320566378E-009
 Correct abs xsec    7.0932489320566378E-009
 Event xsec    7.0932489320566354E-009
 Events wgts > 1:            0
 % Cross section > 1:    0.0000000000000000        0.0000000000000000     
 Iteration  6   Mean: 0.7629E-08 Abs mean: 0.7629E-08   Fluctuation:  0.360E-09   0.107E-04    81.0%
  6    0.7629E-08 0.7629E-08 +- 0.3597E-09     11.93
 Relative summed weights:
  0.3005E+00  0.0000E+00  0.5862E-01  0.5769E-01  0.4576E-02  0.0000E+00  0.9445E-01  0.8255E-01  0.0000E+00  0.0000E+00  0.2781E-01  0.5953E-01  0.3500E-02  0.3638E-02
  0.3017E+00  0.0000E+00  0.0000E+00  0.0000E+00  0.5403E-02  0.0000E+00  0.0000E+00  0.0000E+00  0.0000E+00  0.0000E+00  0.0000E+00  0.0000E+00  0.0000E+00  0.0000E+00
 Relative number of events:
  0.3473E+00  0.0000E+00  0.2341E-01  0.2305E-01  0.1813E-02  0.0000E+00  0.1134E+00  0.1131E+00  0.0000E+00  0.0000E+00  0.1186E-01  0.1150E-01  0.1266E-02  0.1203E-02
  0.3499E+00  0.0000E+00  0.0000E+00  0.0000E+00  0.2156E-02  0.0000E+00  0.0000E+00  0.0000E+00  0.0000E+00  0.0000E+00  0.0000E+00  0.0000E+00  0.0000E+00  0.0000E+00
 Events:
       22228           0        1498        1475         116           0        7260        7239           0           0         759         736          81          77
       22393           0           0           0         138           0           0           0           0           0           0           0           0           0
 Accuracy:    0.028   0.010   0.036   0.630
 Found         4374  events.
 Wrote           60  events.
 Actual xsec    7.4295424049426109E-009
 Correct abs xsec    7.4295424049426109E-009
 Event xsec    7.4295424049426216E-009
 Events wgts > 1:            2
 % Cross section > 1:    6.2340513726952450E-011  0.83908954723078810     
 Iteration  7   Mean: 0.8946E-08 Abs mean: 0.8946E-08   Fluctuation:  0.134E-08   0.170E-03    82.1%
  7    0.8946E-08 0.8946E-08 +- 0.1344E-08     53.74
 Exceeded boost           9          96   128000.000    
 Exceeded boost          11          90   128000.000    
 Relative summed weights:
  0.4158E+00  0.0000E+00  0.6905E-01  0.6079E-01  0.3748E-02  0.0000E+00  0.5834E-01  0.6852E-01  0.0000E+00  0.0000E+00  0.2705E-01  0.2638E-01  0.2695E-02  0.3644E-02
  0.2580E+00  0.0000E+00  0.0000E+00  0.0000E+00  0.5989E-02  0.0000E+00  0.0000E+00  0.0000E+00  0.0000E+00  0.0000E+00  0.0000E+00  0.0000E+00  0.0000E+00  0.0000E+00
 Relative number of events:
Thanks for using LHAPDF 6.2.1. Please make sure to cite the paper:
  Eur.Phys.J. C75 (2015) 3, 132  (http://arxiv.org/abs/1412.7420)
  0.3516E+00  0.0000E+00  0.2247E-01  0.2288E-01  0.1680E-02  0.0000E+00  0.1079E+00  0.1106E+00  0.0000E+00  0.0000E+00  0.1141E-01  0.1105E-01  0.1187E-02  0.1016E-02
  0.3567E+00  0.0000E+00  0.0000E+00  0.0000E+00  0.1555E-02  0.0000E+00  0.0000E+00  0.0000E+00  0.0000E+00  0.0000E+00  0.0000E+00  0.0000E+00  0.0000E+00  0.0000E+00
 Events:
       45006           0        2876        2929         215           0       13813       14152           0           0        1461        1414         152         130
       45653           0           0           0         199           0           0           0           0           0           0           0           0           0
 Accuracy:    0.031   0.010   0.035   0.793
 Found         9157  events.
 Wrote           10  events.
 Actual xsec    7.5179747800849155E-009
 Correct abs xsec    7.5179747800849155E-009
 Event xsec    7.5179747800849155E-009
 Events wgts > 1:            0
 % Cross section > 1:    0.0000000000000000        0.0000000000000000     
 Iteration  8   Mean: 0.8111E-08 Abs mean: 0.8111E-08   Fluctuation:  0.242E-09   0.477E-04    83.3%
  8    0.8111E-08 0.8111E-08 +- 0.2422E-09     15.11
 Exceeded boost           4          96   256000.000    
 Exceeded boost           9          96   256000.000    
 Exceeded boost          11          95   256000.000    
 Relative summed weights:
  0.2818E+00  0.0000E+00  0.7508E-01  0.7237E-01  0.8379E-02  0.0000E+00  0.7600E-01  0.8196E-01  0.0000E+00  0.0000E+00  0.3017E-01  0.2853E-01  0.3419E-02  0.3642E-02
  0.3249E+00  0.0000E+00  0.0000E+00  0.0000E+00  0.1382E-01  0.0000E+00  0.0000E+00  0.0000E+00  0.0000E+00  0.0000E+00  0.0000E+00  0.0000E+00  0.0000E+00  0.0000E+00
 Relative number of events:
  0.3577E+00  0.0000E+00  0.2165E-01  0.2184E-01  0.1508E-02  0.0000E+00  0.1078E+00  0.1078E+00  0.0000E+00  0.0000E+00  0.1073E-01  0.1066E-01  0.1090E-02  0.9570E-03
  0.3568E+00  0.0000E+00  0.0000E+00  0.0000E+00  0.1406E-02  0.0000E+00  0.0000E+00  0.0000E+00  0.0000E+00  0.0000E+00  0.0000E+00  0.0000E+00  0.0000E+00  0.0000E+00
 Events:
       91572           0        5543        5591         386           0       27602       27609           0           0        2748        2728         279         245
       91337           0           0           0         360           0           0           0           0           0           0           0           0           0
 Accuracy:    0.023   0.010   0.023   1.003
 Found        16770  events.
 Wrote           34  events.
 Actual xsec    7.9997369675814991E-009
 Correct abs xsec    7.9997369675814991E-009
 Event xsec    7.9997369675814942E-009
 Events wgts > 1:            0
 % Cross section > 1:    0.0000000000000000        0.0000000000000000     

 -------------------------------------------------------------------------------
 Accumulated results:   Integral =  0.7862E-08
                        Std dev  =  0.1783E-09
                       Cross sec =  0.7862E-08
             Chi**2 per DoF.     =      1.0026
 -------------------------------------------------------------------------------
-------------------------------------------------
---------------------------
 Results Last   3 iters: Integral =   0.8000E-08
                     Abs integral =   0.8000E-08
                          Std dev =   0.1990E-09
                  Chi**2 per DoF. =      0.8838
-------------------------------------------------
---------------------------
 Status   1.0000000000000000E-002           9           8

ls status:
events.lhe
ftn26
input_app.txt
results.dat
run1_app.log
