==== LHAPDF6 USING DEFAULT-TYPE LHAGLUE INTERFACE ====
LHAPDF 6.2.1 loading /cvmfs/cms.cern.ch/slc6_amd64_gcc630/external/lhapdf/6.2.1-ghjeda2/share/LHAPDF/NNPDF31_nnlo_as_0118_nf_4_mc_hessian/NNPDF31_nnlo_as_0118_nf_4_mc_hessian_0000.dat
NNPDF31_nnlo_as_0118_nf_4_mc_hessian PDF set, member #0, version 1; LHAPDF ID = 325500
 Process in group number            1
 A PDF is used, so alpha_s(MZ) is going to be modified
 Old value of alpha_s from param_card:   0.11810000000000001     
 New value of alpha_s from PDF lhapdf :  0.11266013434007299     
 using LHAPDF
 Define smin to   10000.000000000000     
 Define smin to   10000.000000000000     
 Define smin to   10000.000000000000     
 Define smin to   10000.000000000000     
 Define smin to   10000.000000000000     
 Define smin to   10000.000000000000     
 Define smin to   10000.000000000000     
 *****************************************************
 *               MadGraph/MadEvent                   *
 *        --------------------------------           *
 *          http://madgraph.hep.uiuc.edu             *
 *          http://madgraph.phys.ucl.ac.be           *
 *          http://madgraph.roma2.infn.it            *
 *        --------------------------------           *
 *                                                   *
 *          PARAMETER AND COUPLING VALUES            *
 *                                                   *
 *****************************************************

  External Params
  ---------------------------------
  
 mdl_MW0 =    80.387000000000000     
 mdl_Gf =    1.1663789999999999E-005
 aS =   0.11810000000000001     
 mdl_ymdo =    1.0000000000000000E-099
 mdl_ymb =    4.1799999999999997     
 mdl_ymt =    173.19999999999999     
 mdl_ymtau =    1.7769999999999999     
 mdl_LambdaSMEFT =    1000.0000000000000     
 mdl_cHW =    1.0000000000000000     
 mdl_MZ =    91.187600000000003     
 mdl_MTA =    1.7769999999999999     
 mdl_MT =    173.19999999999999     
 mdl_MB =    4.1799999999999997     
 mdl_MH =    125.09000000000000     
 mdl_WZ =    2.4952000000000001     
 mdl_WW =    2.0850000000000000     
 mdl_WT =    1.5083359999999999     
 mdl_WH =    4.0699999999999998E-003
  Internal Params
  ---------------------------------
  
 mdl_ymm =    1.0000000000000000E-099
 mdl_yme =    1.0000000000000000E-099
 mdl_ymc =    1.0000000000000000E-099
 mdl_yms =    1.0000000000000000E-099
 mdl_ymup =    1.0000000000000000E-099
 mdl_conjg__CKM3x3 =    1.0000000000000000     
 mdl_cH =    0.0000000000000000     
 mdl_cHB =    0.0000000000000000     
 mdl_CKM1x1 =    1.0000000000000000     
 mdl_conjg__CKM1x1 =    1.0000000000000000     
 mdl_dGf =    0.0000000000000000     
 mdl_CKM3x3 =    1.0000000000000000     
 mdl_dMH2 =    0.0000000000000000     
 mdl_conjg__CKM2x2 =    1.0000000000000000     
 mdl_dg1 =    0.0000000000000000     
 mdl_CKM2x2 =    1.0000000000000000     
 mdl_dgw =    0.0000000000000000     
 mdl_complexi =  (  0.0000000000000000     ,  1.0000000000000000     )
 mdl_MW =    80.387000000000000     
 mdl_nb__2__exp__0_25 =    1.1892071150027210     
 mdl_MH__exp__2 =    15647.508100000001     
 mdl_sqrt__2 =    1.4142135623730951     
 mdl_MW__exp__2 =    6462.0697689999997     
 mdl_MZ__exp__2 =    8315.1783937600012     
 mdl_sth2 =   0.22285855299877133     
 mdl_MH__exp__6 =    3831206449390.3818     
 mdl_MT__exp__6 =    26995248278778.535     
 mdl_MH__exp__4 =    244844509.73956564     
 mdl_MT__exp__4 =    899894403.09759963     
 mdl_MT__exp__2 =    29998.239999999994     
 mdl_LambdaSMEFT__exp__2 =    1000000.0000000000     
 mdl_cth =   0.88155626422890820     
 mdl_sqrt__sth2 =   0.47207896902824564     
 mdl_sth =   0.47207896902824564     
 mdl_MW0__exp__6 =    269845343347.69711     
 mdl_MW0__exp__4 =    41758345.699423708     
 mdl_MW0__exp__2 =    6462.0697689999997     
 mdl_MZ__exp__4 =    69142191.720053151     
 mdl_MZ__exp__6 =    574929658687.79749     
 mdl_cth__exp__2 =   0.77714144700122867     
 mdl_sth__exp__2 =   0.22285855299877130     
 mdl_sth__exp__3 =   0.10520683593878660     
 mdl_cth__exp__3 =   0.68509391079585125     
 mdl_sth__exp__4 =    4.9665934644706158E-002
 mdl_sqrt__Gf =    3.4152291284773265E-003
 mdl_vevhat =    246.21961912951551     
 mdl_lam =   0.12905352724481209     
 mdl_aEW =    7.5614618607353409E-003
 mdl_yb =    2.4008698866559607E-002
 mdl_yc =    5.7437078628133041E-102
 mdl_ydo =    5.7437078628133041E-102
 mdl_ye =    5.7437078628133041E-102
 mdl_ym =    5.7437078628133041E-102
 mdl_ys =    5.7437078628133041E-102
 mdl_yt =   0.99481020183926416     
 mdl_ytau =    1.0206568872219240E-002
 mdl_yup =    5.7437078628133041E-102
 mdl_vevhat__exp__2 =    60624.100844283676     
 mdl_barlam =   0.12905352724481209     
 mdl_vevT =    246.21961912951551     
 mdl_sqrt__aEW =    8.6956666568672819E-002
 mdl_ee =   0.30825335704310214     
 mdl_gwsh =   0.61338418662494298     
 mdl_vev =    246.21961912951551     
 mdl_g1 =   0.34966952144878632     
 mdl_gw =   0.65296989967087182     
 mdl_ee__exp__2 =    9.5020132128342205E-002
 mdl_gHaa =   -1.9303830602986922E-003
 mdl_gHza =   -6.8546472954154700E-003
 mdl_g1sh =   0.34966952144878632     
 mdl_I1d11 =  (  5.7437078628133041E-102,  0.0000000000000000     )
 mdl_I1d22 =  (  5.7437078628133041E-102,  0.0000000000000000     )
 mdl_I1d33 =  (  2.4008698866559607E-002,  0.0000000000000000     )
 mdl_I2d11 =  (  5.7437078628133041E-102,  0.0000000000000000     )
 mdl_I2d22 =  (  5.7437078628133041E-102,  0.0000000000000000     )
 mdl_I2d33 =  ( 0.99481020183926416     ,  0.0000000000000000     )
 mdl_I3d11 =  (  5.7437078628133041E-102,  0.0000000000000000     )
 mdl_I3d22 =  (  5.7437078628133041E-102,  0.0000000000000000     )
 mdl_I3d33 =  (  2.4008698866559607E-002,  0.0000000000000000     )
 mdl_I4d11 =  (  5.7437078628133041E-102,  0.0000000000000000     )
 mdl_I4d22 =  (  5.7437078628133041E-102,  0.0000000000000000     )
 mdl_I4d33 =  ( 0.99481020183926416     ,  0.0000000000000000     )
 mdl_I5d11 =  (  5.7437078628133041E-102,  0.0000000000000000     )
 mdl_I5d22 =  (  5.7437078628133041E-102,  0.0000000000000000     )
 mdl_I5d33 =  (  2.4008698866559607E-002,  0.0000000000000000     )
 mdl_I6d11 =  (  5.7437078628133041E-102,  0.0000000000000000     )
 mdl_I6d22 =  (  5.7437078628133041E-102,  0.0000000000000000     )
 mdl_I6d33 =  ( 0.99481020183926416     ,  0.0000000000000000     )
 mdl_ee__exp__3 =    2.9290274715240611E-002
 mdl_vevhat__exp__3 =    14926843.019948866     
  Internal Params evaluated point by point
  ----------------------------------------
  
 mdl_sqrt__aS =   0.34365680554879169     
 mdl_G__exp__2 =    1.4840883695558185     
 mdl_gHgg =    3.2334372328970845E-003
 mdl_G__exp__3 =  (  1.8079634332366095     ,  0.0000000000000000     )
  Couplings of SMEFTsim_A_U35_MwScheme_UFO_v3_1-cHW_massless
  ---------------------------------
  
         GC_1 =   0.00000E+00   0.10275E+00
         GC_2 =  -0.00000E+00  -0.20550E+00
         GC_3 =  -0.00000E+00  -0.30825E+00
       GC_255 =  -0.00000E+00  -0.42637E+00
       GC_278 =  -0.00000E+00  -0.37035E+00
       GC_280 =  -0.00000E+00  -0.57563E+00
       GC_328 =  -0.00000E+00  -0.55024E-01
       GC_329 =   0.00000E+00   0.11005E+00
       GC_330 =  -0.00000E+00  -0.16507E+00
       GC_387 =   0.00000E+00   0.98488E-03
       GC_400 =   0.00000E+00   0.52490E+02
       GC_809 =  -0.00000E+00  -0.72171E-02
      GC_1073 =  -0.00000E+00  -0.46172E+00

 Collider parameters:
 --------------------

 Running at P P   machine @    13000.000000000000       GeV
 PDF set = lhapdf 
 alpha_s(Mz)= 0.1127 running at 3 loops.
 alpha_s(Mz)= 0.1127 running at 3 loops.
 Renormalization scale set on event-by-event basis
 Factorization   scale set on event-by-event basis


 getting user params
Enter number of events and max and min iterations: 
 Number of events and iterations         2000           8           3
Enter desired fractional accuracy: 
 Desired fractional accuracy:    1.0000000000000000E-002
Enter 0 for fixed, 2 for adjustable grid: 
Suppress amplitude (0 no, 1 yes)? 
 Using suppressed amplitude.
Exact helicity sum (0 yes, n = number/event)? 
 Explicitly summing over helicities
Enter Configuration Number: 
Running Configuration Number:   45
 Not subdividing B.W.
 Attempting mappinvarients           1           8
 Completed mapping           8
 about to integrate           16        2000           8           3          16           1
 Using non-zero grid deformation.
 16 dimensions   2000 events 16 invarients  8 iterations  1 config(s),  (0.99)
 Using h-tuple random number sequence.
 Error opening grid
 Using Uniform Grid!          32
 Using uniform alpha   1.0000000000000000     
 Grid defined OK
 Set CM energy to      13000.00
 Mapping Graph          45  to config          45
 Setting BW          -1           1   80.387000000000000     
 Setting BW          -2           2   80.387000000000000     
Setting grid   3    0.18685E-07   1
Setting grid   4    0.59172E-06   1
 Warning: No cutoff for shat integral found
          Minimum set to    5.9171597633136107E-009
Setting grid   5    0.59172E-08   1
 Transforming s_hat 1/s           15   1.1585044837869826E-004   10000.000000000000        168999999.99999997     
  45   1   2   3   4   5   6   7   8   9  10  11  12  13  14
  15  16
 Masses: 0.000E+00 0.000E+00 0.000E+00 0.178E+01 0.000E+00 0.000E+00 0.000E+00 0.000E+00
Using random seed offsets    45 :      5
  with seed                   24
 Ranmar initialization seeds       31103        9402
 
 ********************************************
 * You are using the DiscreteSampler module *
 *      part of the MG5_aMC framework       *
 *         Author: Valentin Hirschi         *
 ********************************************
 
  Particle       3       4       5       6       7       8
      Et >     0.0     0.0     0.0     0.0    10.0    10.0
       E >     0.0     0.0     0.0     0.0     0.0     0.0
     Eta <    -1.0    -1.0    -1.0    -1.0     6.5     6.5
   xqcut:      0.0     0.0     0.0     0.0     0.0     0.0
d R # 3  >    -0.0     0.4     0.0     0.0     0.4     0.4
d R # 4  >    -0.0    -0.0     0.0     0.0     0.4     0.4
d R # 5  >    -0.0    -0.0    -0.0     0.0     0.0     0.0
d R # 6  >    -0.0    -0.0    -0.0    -0.0     0.0     0.0
d R # 7  >    -0.0    -0.0    -0.0    -0.0    -0.0     0.4
s min # 3>     0.0     0.0     0.0     0.0     0.0     0.0
s min # 4>     0.0     0.0     0.0     0.0     0.0     0.0
s min # 5>     0.0     0.0     0.0     0.0     0.0     0.0
s min # 6>     0.0     0.0     0.0     0.0     0.0     0.0
s min # 7>     0.0     0.0     0.0     0.0     0.0 10000.0
xqcutij # 3>     0.0     0.0     0.0     0.0     0.0     0.0
xqcutij # 4>     0.0     0.0     0.0     0.0     0.0     0.0
xqcutij # 5>     0.0     0.0     0.0     0.0     0.0     0.0
xqcutij # 6>     0.0     0.0     0.0     0.0     0.0     0.0
xqcutij # 7>     0.0     0.0     0.0     0.0     0.0     0.0
 No cut BW           -1           1
 No cut BW           -2           2
 alpha_s for scale    139.85320014883104       is   0.10552876107059095     
 Added good helicity          193  -252.36719368214824       in event            1 local:           1
 Added good helicity          209   3.6328063178517653       in event            1 local:           1
 Added good helicity          193  -255.35498162165817       in event            1 local:           1
 Added good helicity          209  0.64501837834183795       in event            1 local:           1
 RESET CUMULATIVE VARIABLE
 RESET CUMULATIVE VARIABLE
 RESET CUMULATIVE VARIABLE
 Iteration  1   Mean: 0.1233E-06 Abs mean: 0.2316E-06   Fluctuation:  0.399E-07   0.407E-04     4.9%
  1    0.1233E-06 0.2316E-06 +- 0.3992E-07      7.71
 Writing out events   2.9344022103219275E-010   7.7085416359873626     
 Relative summed weights:
  0.3857E-02  0.0000E+00  0.3779E+00  0.2724E+00  0.1953E-02  0.0000E+00  0.7741E-01  0.0000E+00  0.0000E+00  0.0000E+00  0.7921E-01  0.1563E+00  0.6422E-02  0.4276E-02
  0.1669E-01  0.0000E+00  0.0000E+00  0.0000E+00  0.3547E-02  0.0000E+00  0.0000E+00  0.0000E+00  0.0000E+00  0.0000E+00  0.0000E+00  0.0000E+00  0.0000E+00  0.0000E+00
 Relative number of events:
  0.1383E-02  0.0000E+00  0.2593E+00  0.2676E+00  0.2697E-01  0.0000E+00  0.6916E-03  0.0000E+00  0.0000E+00  0.0000E+00  0.1909E+00  0.1660E+00  0.2628E-01  0.3112E-01
  0.3458E-02  0.0000E+00  0.0000E+00  0.0000E+00  0.2628E-01  0.0000E+00  0.0000E+00  0.0000E+00  0.0000E+00  0.0000E+00  0.0000E+00  0.0000E+00  0.0000E+00  0.0000E+00
 Events:
           2           0         375         387          39           0           1           0           0           0         276         240          38          45
           5           0           0           0          38           0           0           0           0           0           0           0           0           0
 Iteration  2   Mean: 0.2377E-06 Abs mean: 0.3132E-06   Fluctuation:  0.657E-07   0.210E-03    41.3%
  2    0.2377E-06 0.3132E-06 +- 0.6573E-07     13.27
 Relative summed weights:
  0.1807E-01  0.0000E+00  0.2915E+00  0.2664E+00  0.4659E-02  0.0000E+00  0.0000E+00  0.0000E+00  0.0000E+00  0.0000E+00  0.8399E-01  0.6623E-01  0.1668E-01  0.3316E-01
  0.1947E+00  0.0000E+00  0.0000E+00  0.0000E+00  0.2463E-01  0.0000E+00  0.0000E+00  0.0000E+00  0.0000E+00  0.0000E+00  0.0000E+00  0.0000E+00  0.0000E+00  0.0000E+00
 Relative number of events:
  0.1777E-02  0.0000E+00  0.2684E+00  0.2656E+00  0.2026E-01  0.0000E+00  0.0000E+00  0.0000E+00  0.0000E+00  0.0000E+00  0.1753E+00  0.1866E+00  0.2737E-01  0.2169E-01
  0.2488E-02  0.0000E+00  0.0000E+00  0.0000E+00  0.3057E-01  0.0000E+00  0.0000E+00  0.0000E+00  0.0000E+00  0.0000E+00  0.0000E+00  0.0000E+00  0.0000E+00  0.0000E+00
 Events:
           5           0         755         747          57           0           0           0           0           0         493         525          77          61
           7           0           0           0          86           0           0           0           0           0           0           0           0           0
 Iteration  3   Mean: 0.8260E-07 Abs mean: 0.4506E-06   Fluctuation:  0.972E-07   0.693E-03    56.2%
  3    0.8260E-07 0.4506E-06 +- 0.9715E-07     19.28
 Relative summed weights:
  0.1035E+00  0.0000E+00  0.1908E+00  0.1483E+00  0.3278E-01  0.0000E+00  0.7948E-01  0.1383E-04  0.0000E+00  0.0000E+00  0.2630E+00  0.1472E+00  0.1666E-01  0.7618E-02
  0.1707E-02  0.0000E+00  0.0000E+00  0.0000E+00  0.8948E-02  0.0000E+00  0.0000E+00  0.0000E+00  0.0000E+00  0.0000E+00  0.0000E+00  0.0000E+00  0.0000E+00  0.0000E+00
 Relative number of events:
  0.1774E-02  0.0000E+00  0.2770E+00  0.2616E+00  0.2661E-01  0.0000E+00  0.5321E-03  0.1774E-03  0.0000E+00  0.0000E+00  0.1866E+00  0.1884E+00  0.1880E-01  0.1809E-01
  0.7095E-03  0.0000E+00  0.0000E+00  0.0000E+00  0.1969E-01  0.0000E+00  0.0000E+00  0.0000E+00  0.0000E+00  0.0000E+00  0.0000E+00  0.0000E+00  0.0000E+00  0.0000E+00
 Events:
          10           0        1562        1475         150           0           3           1           0           0        1052        1062         106         102
           4           0           0           0         111           0           0           0           0           0           0           0           0           0
 Accuracy:    0.201   0.010   0.113   3.156
 Found          628  events.
 Wrote            6  events.
 Actual xsec    1.4541054613058373E-007
 Correct abs xsec    3.1587663829895845E-007
 Event xsec    3.1587663829895845E-007
 Events wgts > 1:            1
 % Cross section > 1:    1.8570900179100057E-015   5.8791622828161814E-007
 Iteration  4   Mean: 0.7587E-06 Abs mean: 0.9342E-06   Fluctuation:  0.474E-06   0.752E-02    63.2%
  4    0.7587E-06 0.9342E-06 +- 0.4737E-06     64.14
 Relative summed weights:
  0.8331E-01  0.0000E+00  0.8034E-01  0.9802E-01  0.8655E-02  0.0000E+00  0.9088E-03  0.1296E-02  0.0000E+00  0.0000E+00  0.5794E-01  0.6864E-01  0.5162E-02  0.4559E-02
  0.5813E+00  0.0000E+00  0.0000E+00  0.0000E+00  0.9892E-02  0.0000E+00  0.0000E+00  0.0000E+00  0.0000E+00  0.0000E+00  0.0000E+00  0.0000E+00  0.0000E+00  0.0000E+00
 Relative number of events:
  0.1870E-02  0.0000E+00  0.2652E+00  0.2792E+00  0.2253E-01  0.0000E+00  0.4452E-03  0.8905E-04  0.0000E+00  0.0000E+00  0.1856E+00  0.1898E+00  0.1514E-01  0.1585E-01
  0.1959E-02  0.0000E+00  0.0000E+00  0.0000E+00  0.2244E-01  0.0000E+00  0.0000E+00  0.0000E+00  0.0000E+00  0.0000E+00  0.0000E+00  0.0000E+00  0.0000E+00  0.0000E+00
 Events:
          21           0        2978        3135         253           0           5           1           0           0        2084        2131         170         178
          22           0           0           0         252           0           0           0           0           0           0           0           0           0
 Accuracy:    0.265   0.010   0.111   5.720
 Found         1049  events.
 Wrote            2  events.
 Actual xsec    2.1046643924785680E-007
 Correct abs xsec    4.2485290451270073E-007
 Event xsec    4.2485290451270078E-007
 Events wgts > 1:            1
 % Cross section > 1:    2.7729139267358854E-014   6.5267623153391678E-006
 Iteration  5   Mean: 0.2982E-06 Abs mean: 0.4455E-06   Fluctuation:  0.452E-07   0.107E-02    71.3%
  5    0.2982E-06 0.4455E-06 +- 0.4519E-07     18.15
 Relative summed weights:
  0.1171E+00  0.0000E+00  0.1917E+00  0.2053E+00  0.1323E-01  0.0000E+00  0.7972E-03  0.4478E-02  0.0000E+00  0.0000E+00  0.1609E+00  0.1242E+00  0.1052E-01  0.1070E-01
  0.1462E+00  0.0000E+00  0.0000E+00  0.0000E+00  0.1486E-01  0.0000E+00  0.0000E+00  0.0000E+00  0.0000E+00  0.0000E+00  0.0000E+00  0.0000E+00  0.0000E+00  0.0000E+00
 Relative number of events:
  0.1817E-02  0.0000E+00  0.2796E+00  0.2827E+00  0.1780E-01  0.0000E+00  0.1363E-03  0.2271E-03  0.0000E+00  0.0000E+00  0.1845E+00  0.1836E+00  0.1458E-01  0.1590E-01
  0.1726E-02  0.0000E+00  0.0000E+00  0.0000E+00  0.1744E-01  0.0000E+00  0.0000E+00  0.0000E+00  0.0000E+00  0.0000E+00  0.0000E+00  0.0000E+00  0.0000E+00  0.0000E+00
 Events:
          40           0        6156        6224         392           0           3           5           0           0        4062        4043         321         350
          38           0           0           0         384           0           0           0           0           0           0           0           0           0
 Accuracy:    0.148   0.010   0.075   3.899
 Found         1106  events.
 Wrote           13  events.
 Actual xsec    2.7495341888965620E-007
 Correct abs xsec    4.6186358043117974E-007
 Event xsec    4.6186358043117990E-007
 Events wgts > 1:            0
 % Cross section > 1:    0.0000000000000000        0.0000000000000000     
 Iteration  6   Mean: 0.2626E-06 Abs mean: 0.4409E-06   Fluctuation:  0.364E-07   0.204E-02    74.8%
  6    0.2626E-06 0.4409E-06 +- 0.3636E-07     20.86
 Relative summed weights:
  0.5442E-01  0.0000E+00  0.2242E+00  0.2173E+00  0.2103E-01  0.0000E+00  0.2225E-02  0.4239E-02  0.0000E+00  0.0000E+00  0.1423E+00  0.1295E+00  0.1111E-01  0.1788E-01
  0.1573E+00  0.0000E+00  0.0000E+00  0.0000E+00  0.1847E-01  0.0000E+00  0.0000E+00  0.0000E+00  0.0000E+00  0.0000E+00  0.0000E+00  0.0000E+00  0.0000E+00  0.0000E+00
 Relative number of events:
  0.1869E-02  0.0000E+00  0.2865E+00  0.2828E+00  0.1687E-01  0.0000E+00  0.1351E-03  0.1576E-03  0.0000E+00  0.0000E+00  0.1817E+00  0.1829E+00  0.1297E-01  0.1551E-01
  0.1734E-02  0.0000E+00  0.0000E+00  0.0000E+00  0.1678E-01  0.0000E+00  0.0000E+00  0.0000E+00  0.0000E+00  0.0000E+00  0.0000E+00  0.0000E+00  0.0000E+00  0.0000E+00
 Events:
          83           0       12725       12561         749           0           6           7           0           0        8069        8122         576         689
          77           0           0           0         745           0           0           0           0           0           0           0           0           0
 Accuracy:    0.096   0.010   0.055   3.005
 Found         4327  events.
 Wrote           18  events.
 Actual xsec    2.8429479763435801E-007
 Correct abs xsec    4.5042069469217628E-007
 Event xsec    4.5042069469217643E-007
 Events wgts > 1:            1
 % Cross section > 1:    6.3664026651804210E-016   1.4134347600372372E-007
 Iteration  7   Mean: 0.3053E-06 Abs mean: 0.4654E-06   Fluctuation:  0.264E-07   0.269E-02    77.4%
  7    0.3053E-06 0.4654E-06 +- 0.2639E-07     20.28
 Exceeded boost           3          96   128000.000    
 Exceeded boost           4          96   128000.000    
 Relative summed weights:
  0.1499E+00  0.0000E+00  0.2079E+00  0.2123E+00  0.1696E-01  0.0000E+00  0.1510E-01  0.6703E-02  0.0000E+00  0.0000E+00  0.1290E+00  0.1374E+00  0.1278E-01  0.1274E-01
  0.7882E-01  0.0000E+00  0.0000E+00  0.0000E+00  0.2048E-01  0.0000E+00  0.0000E+00  0.0000E+00  0.0000E+00  0.0000E+00  0.0000E+00  0.0000E+00  0.0000E+00  0.0000E+00
 Relative number of events:
Thanks for using LHAPDF 6.2.1. Please make sure to cite the paper:
  Eur.Phys.J. C75 (2015) 3, 132  (http://arxiv.org/abs/1412.7420)
  0.1637E-02  0.0000E+00  0.2859E+00  0.2855E+00  0.1724E-01  0.0000E+00  0.2371E-03  0.2146E-03  0.0000E+00  0.0000E+00  0.1818E+00  0.1830E+00  0.1353E-01  0.1339E-01
  0.1852E-02  0.0000E+00  0.0000E+00  0.0000E+00  0.1570E-01  0.0000E+00  0.0000E+00  0.0000E+00  0.0000E+00  0.0000E+00  0.0000E+00  0.0000E+00  0.0000E+00  0.0000E+00
 Events:
         145           0       25321       25284        1527           0          21          19           0           0       16100       16202        1198        1186
         164           0           0           0        1390           0           0           0           0           0           0           0           0           0
 Accuracy:    0.063   0.010   0.040   2.552
 Found         9524  events.
 Wrote           21  events.
 Actual xsec    2.9275452630722957E-007
 Correct abs xsec    4.5543537948327891E-007
 Event xsec    4.5543537948327896E-007
 Events wgts > 1:            1
 % Cross section > 1:    1.3577071027593907E-015   2.9811190871903663E-007
 Iteration  8   Mean: 0.2977E-06 Abs mean: 0.4813E-06   Fluctuation:  0.160E-07   0.203E-02    79.5%
  8    0.2977E-06 0.4813E-06 +- 0.1604E-07     16.87
 Exceeded boost           3          96   256000.000    
 Exceeded boost           4          96   128000.000    
 Exceeded boost           5          95   128000.000    
 Relative summed weights:
  0.1128E+00  0.0000E+00  0.2090E+00  0.2307E+00  0.1510E-01  0.0000E+00  0.2531E-01  0.2905E-01  0.0000E+00  0.0000E+00  0.1246E+00  0.1246E+00  0.1332E-01  0.1360E-01
  0.8490E-01  0.0000E+00  0.0000E+00  0.0000E+00  0.1698E-01  0.0000E+00  0.0000E+00  0.0000E+00  0.0000E+00  0.0000E+00  0.0000E+00  0.0000E+00  0.0000E+00  0.0000E+00
 Relative number of events:
  0.1699E-02  0.0000E+00  0.2881E+00  0.2894E+00  0.1564E-01  0.0000E+00  0.1850E-03  0.1850E-03  0.0000E+00  0.0000E+00  0.1812E+00  0.1804E+00  0.1307E-01  0.1236E-01
  0.1957E-02  0.0000E+00  0.0000E+00  0.0000E+00  0.1577E-01  0.0000E+00  0.0000E+00  0.0000E+00  0.0000E+00  0.0000E+00  0.0000E+00  0.0000E+00  0.0000E+00  0.0000E+00
 Events:
         303           0       51391       51619        2789           0          33          33           0           0       32311       32178        2331        2205
         349           0           0           0        2813           0           0           0           0           0           0           0           0           0
 Accuracy:    0.039   0.010   0.026   2.367
 Found        19409  events.
 Wrote           85  events.
 Actual xsec    2.9565927557404821E-007
 Correct abs xsec    4.7327084784296391E-007
 Event xsec    4.7327084784296296E-007
 Events wgts > 1:            2
 % Cross section > 1:    3.2037401773521480E-009  0.67693587973015990     

 -------------------------------------------------------------------------------
 Accumulated results:   Integral =  0.4647E-06
                        Std dev  =  0.1185E-07
                       Cross sec =  0.2894E-06
             Chi**2 per DoF.     =      2.3672
 -------------------------------------------------------------------------------
-------------------------------------------------
---------------------------
 Results Last   3 iters: Integral =   0.2957E-06
                     Abs integral =   0.4733E-06
                          Std dev =   0.1284E-07
                  Chi**2 per DoF. =      0.5647
-------------------------------------------------
---------------------------
 Status   1.0000000000000000E-002           9           8

ls status:
events.lhe
ftn26
input_app.txt
results.dat
run1_app.log
