==== LHAPDF6 USING DEFAULT-TYPE LHAGLUE INTERFACE ====
LHAPDF 6.2.1 loading /cvmfs/cms.cern.ch/slc6_amd64_gcc630/external/lhapdf/6.2.1-ghjeda2/share/LHAPDF/NNPDF30_lo_as_0130_nf_4/NNPDF30_lo_as_0130_nf_4_0000.dat
NNPDF30_lo_as_0130_nf_4 PDF set, member #0, version 2; LHAPDF ID = 263400
 Process in group number            2
 A PDF is used, so alpha_s(MZ) is going to be modified
 Old value of alpha_s from param_card:   0.11810000000000001     
 New value of alpha_s from PDF lhapdf :  0.12470044313224841     
 using LHAPDF
 Define smin to   10000.000000000000     
 Define smin to   10000.000000000000     
 Define smin to   10000.000000000000     
 Define smin to   10000.000000000000     
 Define smin to   10000.000000000000     
 Define smin to   10000.000000000000     
 Define smin to   10000.000000000000     
 *****************************************************
 *               MadGraph/MadEvent                   *
 *        --------------------------------           *
 *          http://madgraph.hep.uiuc.edu             *
 *          http://madgraph.phys.ucl.ac.be           *
 *          http://madgraph.roma2.infn.it            *
 *        --------------------------------           *
 *                                                   *
 *          PARAMETER AND COUPLING VALUES            *
 *                                                   *
 *****************************************************

  External Params
  ---------------------------------
  
 mdl_MW0 =    80.387000000000000     
 mdl_Gf =    1.1663789999999999E-005
 aS =   0.11810000000000001     
 mdl_ymdo =    1.0000000000000000E-099
 mdl_ymb =    4.1799999999999997     
 mdl_ymt =    173.19999999999999     
 mdl_ymtau =    1.7769999999999999     
 mdl_LambdaSMEFT =    1000.0000000000000     
 mdl_cHW =    1.0000000000000000     
 mdl_MZ =    91.187600000000003     
 mdl_MTA =    1.7769999999999999     
 mdl_MT =    173.19999999999999     
 mdl_MB =    4.1799999999999997     
 mdl_MH =    125.09000000000000     
 mdl_WZ =    2.4952000000000001     
 mdl_WW =    2.0850000000000000     
 mdl_WT =    1.5083359999999999     
 mdl_WH =    4.0699999999999998E-003
  Internal Params
  ---------------------------------
  
 mdl_ymm =    1.0000000000000000E-099
 mdl_yme =    1.0000000000000000E-099
 mdl_ymc =    1.0000000000000000E-099
 mdl_yms =    1.0000000000000000E-099
 mdl_ymup =    1.0000000000000000E-099
 mdl_conjg__CKM3x3 =    1.0000000000000000     
 mdl_cH =    0.0000000000000000     
 mdl_cHB =    0.0000000000000000     
 mdl_CKM1x1 =    1.0000000000000000     
 mdl_conjg__CKM1x1 =    1.0000000000000000     
 mdl_dGf =    0.0000000000000000     
 mdl_CKM3x3 =    1.0000000000000000     
 mdl_dMH2 =    0.0000000000000000     
 mdl_conjg__CKM2x2 =    1.0000000000000000     
 mdl_dg1 =    0.0000000000000000     
 mdl_CKM2x2 =    1.0000000000000000     
 mdl_dgw =    0.0000000000000000     
 mdl_complexi =  (  0.0000000000000000     ,  1.0000000000000000     )
 mdl_MW =    80.387000000000000     
 mdl_nb__2__exp__0_25 =    1.1892071150027210     
 mdl_MH__exp__2 =    15647.508100000001     
 mdl_sqrt__2 =    1.4142135623730951     
 mdl_MW__exp__2 =    6462.0697689999997     
 mdl_MZ__exp__2 =    8315.1783937600012     
 mdl_sth2 =   0.22285855299877133     
 mdl_MH__exp__6 =    3831206449390.3818     
 mdl_MT__exp__6 =    26995248278778.535     
 mdl_MH__exp__4 =    244844509.73956564     
 mdl_MT__exp__4 =    899894403.09759963     
 mdl_MT__exp__2 =    29998.239999999994     
 mdl_LambdaSMEFT__exp__2 =    1000000.0000000000     
 mdl_cth =   0.88155626422890820     
 mdl_sqrt__sth2 =   0.47207896902824564     
 mdl_sth =   0.47207896902824564     
 mdl_MW0__exp__6 =    269845343347.69711     
 mdl_MW0__exp__4 =    41758345.699423708     
 mdl_MW0__exp__2 =    6462.0697689999997     
 mdl_MZ__exp__4 =    69142191.720053151     
 mdl_MZ__exp__6 =    574929658687.79749     
 mdl_cth__exp__2 =   0.77714144700122867     
 mdl_sth__exp__2 =   0.22285855299877130     
 mdl_sth__exp__3 =   0.10520683593878660     
 mdl_cth__exp__3 =   0.68509391079585125     
 mdl_sth__exp__4 =    4.9665934644706158E-002
 mdl_sqrt__Gf =    3.4152291284773265E-003
 mdl_vevhat =    246.21961912951551     
 mdl_lam =   0.12905352724481209     
 mdl_aEW =    7.5614618607353409E-003
 mdl_yb =    2.4008698866559607E-002
 mdl_yc =    5.7437078628133041E-102
 mdl_ydo =    5.7437078628133041E-102
 mdl_ye =    5.7437078628133041E-102
 mdl_ym =    5.7437078628133041E-102
 mdl_ys =    5.7437078628133041E-102
 mdl_yt =   0.99481020183926416     
 mdl_ytau =    1.0206568872219240E-002
 mdl_yup =    5.7437078628133041E-102
 mdl_vevhat__exp__2 =    60624.100844283676     
 mdl_barlam =   0.12905352724481209     
 mdl_vevT =    246.21961912951551     
 mdl_sqrt__aEW =    8.6956666568672819E-002
 mdl_ee =   0.30825335704310214     
 mdl_gwsh =   0.61338418662494298     
 mdl_vev =    246.21961912951551     
 mdl_g1 =   0.34966952144878632     
 mdl_gw =   0.65296989967087182     
 mdl_ee__exp__2 =    9.5020132128342205E-002
 mdl_gHaa =   -1.9303830602986922E-003
 mdl_gHza =   -6.8546472954154700E-003
 mdl_g1sh =   0.34966952144878632     
 mdl_I1d11 =  (  5.7437078628133041E-102,  0.0000000000000000     )
 mdl_I1d22 =  (  5.7437078628133041E-102,  0.0000000000000000     )
 mdl_I1d33 =  (  2.4008698866559607E-002,  0.0000000000000000     )
 mdl_I2d11 =  (  5.7437078628133041E-102,  0.0000000000000000     )
 mdl_I2d22 =  (  5.7437078628133041E-102,  0.0000000000000000     )
 mdl_I2d33 =  ( 0.99481020183926416     ,  0.0000000000000000     )
 mdl_I3d11 =  (  5.7437078628133041E-102,  0.0000000000000000     )
 mdl_I3d22 =  (  5.7437078628133041E-102,  0.0000000000000000     )
 mdl_I3d33 =  (  2.4008698866559607E-002,  0.0000000000000000     )
 mdl_I4d11 =  (  5.7437078628133041E-102,  0.0000000000000000     )
 mdl_I4d22 =  (  5.7437078628133041E-102,  0.0000000000000000     )
 mdl_I4d33 =  ( 0.99481020183926416     ,  0.0000000000000000     )
 mdl_I5d11 =  (  5.7437078628133041E-102,  0.0000000000000000     )
 mdl_I5d22 =  (  5.7437078628133041E-102,  0.0000000000000000     )
 mdl_I5d33 =  (  2.4008698866559607E-002,  0.0000000000000000     )
 mdl_I6d11 =  (  5.7437078628133041E-102,  0.0000000000000000     )
 mdl_I6d22 =  (  5.7437078628133041E-102,  0.0000000000000000     )
 mdl_I6d33 =  ( 0.99481020183926416     ,  0.0000000000000000     )
 mdl_ee__exp__3 =    2.9290274715240611E-002
 mdl_vevhat__exp__3 =    14926843.019948866     
  Internal Params evaluated point by point
  ----------------------------------------
  
 mdl_sqrt__aS =   0.34365680554879169     
 mdl_G__exp__2 =    1.4840883695558185     
 mdl_gHgg =    3.2334372328970845E-003
 mdl_G__exp__3 =  (  1.8079634332366095     ,  0.0000000000000000     )
  Couplings of SMEFTsim_A_U35_MwScheme_UFO_v3_1-cHW_massless
  ---------------------------------
  
         GC_1 =   0.00000E+00   0.10275E+00
         GC_2 =  -0.00000E+00  -0.20550E+00
         GC_3 =  -0.00000E+00  -0.30825E+00
       GC_255 =  -0.00000E+00  -0.42637E+00
       GC_278 =  -0.00000E+00  -0.37035E+00
       GC_280 =  -0.00000E+00  -0.57563E+00
       GC_328 =  -0.00000E+00  -0.55024E-01
       GC_329 =   0.00000E+00   0.11005E+00
       GC_330 =  -0.00000E+00  -0.16507E+00
       GC_387 =   0.00000E+00   0.98488E-03
       GC_400 =   0.00000E+00   0.52490E+02
       GC_809 =  -0.00000E+00  -0.72171E-02
      GC_1073 =  -0.00000E+00  -0.46172E+00

 Collider parameters:
 --------------------

 Running at P P   machine @    13000.000000000000       GeV
 PDF set = lhapdf 
 alpha_s(Mz)= 0.1247 running at 1 loops.
 alpha_s(Mz)= 0.1247 running at 1 loops.
 Renormalization scale set on event-by-event basis
 Factorization   scale set on event-by-event basis


 getting user params
Enter number of events and max and min iterations: 
 Number of events and iterations         2000           8           3
Enter desired fractional accuracy: 
 Desired fractional accuracy:    1.0000000000000000E-002
Enter 0 for fixed, 2 for adjustable grid: 
Suppress amplitude (0 no, 1 yes)? 
 Using suppressed amplitude.
Exact helicity sum (0 yes, n = number/event)? 
 Explicitly summing over helicities
Enter Configuration Number: 
Running Configuration Number:  212
 Using dconfig=          68
 BW Setting            2           1           1           2           0           0
 Attempting mappinvarients           1           8
 Completed mapping           8
 about to integrate           16        2000           8           3          16           1
 Using non-zero grid deformation.
 16 dimensions   2000 events 16 invarients  8 iterations  1 config(s),  (0.99)
 Using h-tuple random number sequence.
 Error opening grid
 Using Uniform Grid!          32
 Using uniform alpha   1.0000000000000000     
 Grid defined OK
 Set CM energy to      13000.00
 Mapping Graph         212  to config         212
Setting grid   1    0.59172E-04   1
 Setting BW          -2           2   80.387000000000000     
Setting grid   3    0.17093E-03   1
 Setting BW          -4           3   80.387000000000000     
Setting grid   5    0.34061E-03   1
 Transforming s_hat 1/s           15   3.4061257855621320E-004   10000.000000000000        168999999.99999997     
 212   1   2   3   4   5   6   7   8   9  10  11  12  13  14
  15  16
 Masses: 0.000E+00 0.000E+00 0.000E+00 0.178E+01 0.000E+00 0.000E+00 0.000E+00 0.000E+00
Using random seed offsets   212 :      6
  with seed                   24
 Ranmar initialization seeds       31270        9403
 
 ********************************************
 * You are using the DiscreteSampler module *
 *      part of the MG5_aMC framework       *
 *         Author: Valentin Hirschi         *
 ********************************************
 
  Particle       3       4       5       6       7       8
      Et >     0.0     0.0     0.0     0.0    10.0    10.0
       E >     0.0     0.0     0.0     0.0     0.0     0.0
     Eta <    -1.0    -1.0    -1.0    -1.0     6.5     6.5
   xqcut:      0.0     0.0     0.0     0.0     0.0     0.0
d R # 3  >    -0.0     0.4     0.0     0.0     0.4     0.4
d R # 4  >    -0.0    -0.0     0.0     0.0     0.4     0.4
d R # 5  >    -0.0    -0.0    -0.0     0.0     0.0     0.0
d R # 6  >    -0.0    -0.0    -0.0    -0.0     0.0     0.0
d R # 7  >    -0.0    -0.0    -0.0    -0.0    -0.0     0.4
s min # 3>     0.0     0.0     0.0     0.0     0.0     0.0
s min # 4>     0.0     0.0     0.0     0.0     0.0     0.0
s min # 5>     0.0     0.0     0.0     0.0     0.0     0.0
s min # 6>     0.0     0.0     0.0     0.0     0.0     0.0
s min # 7>     0.0     0.0     0.0     0.0     0.0 10000.0
xqcutij # 3>     0.0     0.0     0.0     0.0     0.0     0.0
xqcutij # 4>     0.0     0.0     0.0     0.0     0.0     0.0
xqcutij # 5>     0.0     0.0     0.0     0.0     0.0     0.0
xqcutij # 6>     0.0     0.0     0.0     0.0     0.0     0.0
xqcutij # 7>     0.0     0.0     0.0     0.0     0.0     0.0
 Excluding BW           -1           1
 Requiring BW           -2           2
 Requiring BW           -4           3
 Excluding BW           -5           4
 alpha_s for scale    87.537263513060751       is   0.12554924670970941     
 Added good helicity          193   255.10505617515665       in event            1 local:           1
 Added good helicity          209 -0.89494382484333690       in event            1 local:           1
 Added good helicity          193   255.10505617515673       in event            1 local:           1
 Added good helicity          209 -0.89494382484326940       in event            1 local:           1
 RESET CUMULATIVE VARIABLE
 RESET CUMULATIVE VARIABLE
 RESET CUMULATIVE VARIABLE
 Iteration  1   Mean: 0.6530E-09 Abs mean: 0.4691E-08   Fluctuation:  0.615E-09   0.516E-06    19.2%
  1    0.6530E-09 0.4691E-08 +- 0.6147E-09      5.86
 Writing out events   1.5262733218397809E-012   5.8601998046210202     
 Relative summed weights:
  0.0000E+00  0.0000E+00  0.3884E+00  0.3211E+00  0.0000E+00  0.0000E+00  0.0000E+00  0.0000E+00  0.1995E+00  0.9114E-01  0.0000E+00  0.0000E+00  0.0000E+00  0.0000E+00
 Relative number of events:
  0.0000E+00  0.0000E+00  0.3276E+00  0.3033E+00  0.0000E+00  0.0000E+00  0.0000E+00  0.0000E+00  0.1993E+00  0.1698E+00  0.0000E+00  0.0000E+00  0.0000E+00  0.0000E+00
 Events:
           0           0         378         350           0           0           0           0         230         196           0           0           0           0
 Iteration  2   Mean: 0.6434E-08 Abs mean: 0.1029E-07   Fluctuation:  0.224E-08   0.672E-05    46.8%
  2    0.6434E-08 0.1029E-07 +- 0.2240E-08     13.76
 Relative summed weights:
  0.0000E+00  0.0000E+00  0.1347E+00  0.1985E+00  0.0000E+00  0.0000E+00  0.0000E+00  0.0000E+00  0.4967E+00  0.1700E+00  0.0000E+00  0.0000E+00  0.0000E+00  0.0000E+00
 Relative number of events:
  0.0000E+00  0.0000E+00  0.3071E+00  0.3041E+00  0.0000E+00  0.0000E+00  0.0000E+00  0.0000E+00  0.1904E+00  0.1985E+00  0.0000E+00  0.0000E+00  0.0000E+00  0.0000E+00
 Events:
           0           0         721         714           0           0           0           0         447         466           0           0           0           0
 Iteration  3   Mean: 0.1647E-08 Abs mean: 0.8366E-08   Fluctuation:  0.517E-09   0.135E-05    57.9%
  3    0.1647E-08 0.8366E-08 +- 0.5168E-09      5.53
 Relative summed weights:
  0.0000E+00  0.0000E+00  0.2697E+00  0.2586E+00  0.0000E+00  0.0000E+00  0.0000E+00  0.0000E+00  0.2523E+00  0.2195E+00  0.0000E+00  0.0000E+00  0.0000E+00  0.0000E+00
 Relative number of events:
  0.0000E+00  0.0000E+00  0.2910E+00  0.3018E+00  0.0000E+00  0.0000E+00  0.0000E+00  0.0000E+00  0.2013E+00  0.2060E+00  0.0000E+00  0.0000E+00  0.0000E+00  0.0000E+00
 Events:
           0           0        1424        1477           0           0           0           0         985        1008           0           0           0           0
 Accuracy:    0.136   0.010   0.054   6.291
 Found          679  events.
 Wrote           45  events.
 Actual xsec    1.7737950371564157E-009
 Correct abs xsec    7.8584518821571634E-009
 Event xsec    7.8584518821571601E-009
 Events wgts > 1:            4
 % Cross section > 1:    4.4106190217575644E-011  0.56125800448966301     
 Iteration  4   Mean: 0.2027E-08 Abs mean: 0.9413E-08   Fluctuation:  0.363E-09   0.332E-05    65.8%
  4    0.2027E-08 0.9413E-08 +- 0.3634E-09      4.88
 Relative summed weights:
  0.0000E+00  0.0000E+00  0.2519E+00  0.2692E+00  0.0000E+00  0.0000E+00  0.0000E+00  0.0000E+00  0.2595E+00  0.2194E+00  0.0000E+00  0.0000E+00  0.0000E+00  0.0000E+00
 Relative number of events:
  0.0000E+00  0.0000E+00  0.3015E+00  0.2931E+00  0.0000E+00  0.0000E+00  0.0000E+00  0.0000E+00  0.2059E+00  0.1995E+00  0.0000E+00  0.0000E+00  0.0000E+00  0.0000E+00
 Events:
           0           0        2904        2823           0           0           0           0        1983        1922           0           0           0           0
 Accuracy:    0.074   0.010   0.031   5.584
 Found         1865  events.
 Wrote           51  events.
 Actual xsec    2.0199965159813674E-009
 Correct abs xsec    9.1447594553944488E-009
 Event xsec    9.1447594553944621E-009
 Events wgts > 1:            1
 % Cross section > 1:    2.9361079572950889E-018   3.2107000425944379E-008
 Iteration  5   Mean: 0.2208E-08 Abs mean: 0.9406E-08   Fluctuation:  0.176E-09   0.155E-05    69.9%
  5    0.2208E-08 0.9406E-08 +- 0.1762E-09      3.35
 Relative summed weights:
  0.0000E+00  0.0000E+00  0.2673E+00  0.2668E+00  0.0000E+00  0.0000E+00  0.0000E+00  0.0000E+00  0.2223E+00  0.2436E+00  0.0000E+00  0.0000E+00  0.0000E+00  0.0000E+00
 Relative number of events:
  0.0000E+00  0.0000E+00  0.3005E+00  0.2899E+00  0.0000E+00  0.0000E+00  0.0000E+00  0.0000E+00  0.2016E+00  0.2080E+00  0.0000E+00  0.0000E+00  0.0000E+00  0.0000E+00
 Events:
           0           0        5735        5532           0           0           0           0        3847        3969           0           0           0           0
 Accuracy:    0.034   0.010   0.016   4.432
 Found         3651  events.
 Wrote          428  events.
 Actual xsec    2.1370115351627943E-009
 Correct abs xsec    9.3350088816845537E-009
 Event xsec    9.3350088816844991E-009
 Events wgts > 1:            8
 % Cross section > 1:    6.0470615219528356E-011  0.64778315678063347     
 Iteration  6   Mean: 0.2329E-08 Abs mean: 0.9557E-08   Fluctuation:  0.130E-09   0.413E-05    71.7%
  6    0.2329E-08 0.9557E-08 +- 0.1300E-09      3.44
 Relative summed weights:
  0.0000E+00  0.0000E+00  0.2606E+00  0.2652E+00  0.0000E+00  0.0000E+00  0.0000E+00  0.0000E+00  0.2271E+00  0.2471E+00  0.0000E+00  0.0000E+00  0.0000E+00  0.0000E+00
 Relative number of events:
  0.0000E+00  0.0000E+00  0.2941E+00  0.2922E+00  0.0000E+00  0.0000E+00  0.0000E+00  0.0000E+00  0.2065E+00  0.2071E+00  0.0000E+00  0.0000E+00  0.0000E+00  0.0000E+00
Thanks for using LHAPDF 6.2.1. Please make sure to cite the paper:
  Eur.Phys.J. C75 (2015) 3, 132  (http://arxiv.org/abs/1412.7420)
 Events:
           0           0       11302       11230           0           0           0           0        7937        7958           0           0           0           0
 Accuracy:    0.020   0.010   0.010   3.837
 Found         7626  events.
 Wrote          744  events.
 Actual xsec    2.2676527015578054E-009
 Correct abs xsec    9.4978487588872457E-009
 Event xsec    9.4978487588874045E-009
 Events wgts > 1:           10
 % Cross section > 1:    8.9161445959497760E-011  0.93875411393624153     
 Iteration  7   Mean: 0.2542E-08 Abs mean: 0.9631E-08   Fluctuation:  0.203E-09   0.231E-04    73.1%
  7    0.2542E-08 0.9631E-08 +- 0.2034E-09      7.56
 Relative summed weights:
  0.0000E+00  0.0000E+00  0.2521E+00  0.2587E+00  0.0000E+00  0.0000E+00  0.0000E+00  0.0000E+00  0.2627E+00  0.2265E+00  0.0000E+00  0.0000E+00  0.0000E+00  0.0000E+00
 Relative number of events:
  0.0000E+00  0.0000E+00  0.2891E+00  0.2900E+00  0.0000E+00  0.0000E+00  0.0000E+00  0.0000E+00  0.2103E+00  0.2106E+00  0.0000E+00  0.0000E+00  0.0000E+00  0.0000E+00
 Events:
           0           0       22257       22332           0           0           0           0       16195       16215           0           0           0           0
 Accuracy:    0.017   0.010   0.009   3.297
 Found        15138  events.
 Wrote           42  events.
 Actual xsec    2.3416070605659118E-009
 Correct abs xsec    9.5317007635856296E-009
 Event xsec    9.5317007635856379E-009
 Events wgts > 1:            1
 % Cross section > 1:    2.3302906503171766E-017   2.4447794870142015E-007
 Iteration  8   Mean: 0.2359E-08 Abs mean: 0.9484E-08   Fluctuation:  0.465E-10   0.129E-05    73.3%
  8    0.2359E-08 0.9484E-08 +- 0.4650E-10      2.48
 Exceeded boost           3          94   128000.000    
 Exceeded boost           3          96   128000.000    
 Relative summed weights:
  0.0000E+00  0.0000E+00  0.2660E+00  0.2658E+00  0.0000E+00  0.0000E+00  0.0000E+00  0.0000E+00  0.2364E+00  0.2317E+00  0.0000E+00  0.0000E+00  0.0000E+00  0.0000E+00
 Relative number of events:
  0.0000E+00  0.0000E+00  0.2904E+00  0.2925E+00  0.0000E+00  0.0000E+00  0.0000E+00  0.0000E+00  0.2101E+00  0.2069E+00  0.0000E+00  0.0000E+00  0.0000E+00  0.0000E+00
 Events:
           0           0       44561       44885           0           0           0           0       32236       31752           0           0           0           0
 Accuracy:    0.007   0.010   0.004   2.823
 Finished due to accuracy    7.2907003296516261E-003   1.0000000000000000E-002

 -------------------------------------------------------------------------------
 Accumulated results:   Integral =  0.9482E-08
                        Std dev  =  0.4115E-10
                       Cross sec =  0.2348E-08
             Chi**2 per DoF.     =      2.8231
 -------------------------------------------------------------------------------
 Found        30637  events.
 Wrote         7511  events.
 Actual xsec    2.3643318238961552E-009
 Correct abs xsec    9.4989435924800016E-009
 Event xsec    9.4989435924792207E-009
 Events wgts > 1:          147
 % Cross section > 1:    9.2557267816408634E-011  0.97439538318440755     
-------------------------------------------------
---------------------------
 Results Last   3 iters: Integral =   0.2364E-08
                     Abs integral =   0.9499E-08
                          Std dev =   0.4280E-10
                  Chi**2 per DoF. =      0.3592
-------------------------------------------------
---------------------------
 Status   1.0000000000000000E-002           9           8

ls status:
events.lhe
ftn26
input_app.txt
results.dat
run1_app.log
