==== LHAPDF6 USING DEFAULT-TYPE LHAGLUE INTERFACE ====
LHAPDF 6.2.1 loading /cvmfs/cms.cern.ch/slc6_amd64_gcc630/external/lhapdf/6.2.1-ghjeda2/share/LHAPDF/NNPDF31_nnlo_as_0118_nf_4_mc_hessian/NNPDF31_nnlo_as_0118_nf_4_mc_hessian_0000.dat
NNPDF31_nnlo_as_0118_nf_4_mc_hessian PDF set, member #0, version 1; LHAPDF ID = 325500
 Process in group number            1
 A PDF is used, so alpha_s(MZ) is going to be modified
 Old value of alpha_s from param_card:   0.11810000000000001     
 New value of alpha_s from PDF lhapdf :  0.11266013434007299     
 using LHAPDF
 Define smin to   10000.000000000000     
 Define smin to   10000.000000000000     
 Define smin to   10000.000000000000     
 Define smin to   10000.000000000000     
 Define smin to   10000.000000000000     
 Define smin to   10000.000000000000     
 Define smin to   10000.000000000000     
 *****************************************************
 *               MadGraph/MadEvent                   *
 *        --------------------------------           *
 *          http://madgraph.hep.uiuc.edu             *
 *          http://madgraph.phys.ucl.ac.be           *
 *          http://madgraph.roma2.infn.it            *
 *        --------------------------------           *
 *                                                   *
 *          PARAMETER AND COUPLING VALUES            *
 *                                                   *
 *****************************************************

  External Params
  ---------------------------------
  
 mdl_MW0 =    80.387000000000000     
 mdl_Gf =    1.1663789999999999E-005
 aS =   0.11810000000000001     
 mdl_ymdo =    1.0000000000000000E-099
 mdl_ymb =    4.1799999999999997     
 mdl_ymt =    173.19999999999999     
 mdl_ymtau =    1.7769999999999999     
 mdl_LambdaSMEFT =    1000.0000000000000     
 mdl_cHW =    1.0000000000000000     
 mdl_MZ =    91.187600000000003     
 mdl_MTA =    1.7769999999999999     
 mdl_MT =    173.19999999999999     
 mdl_MB =    4.1799999999999997     
 mdl_MH =    125.09000000000000     
 mdl_WZ =    2.4952000000000001     
 mdl_WW =    2.0850000000000000     
 mdl_WT =    1.5083359999999999     
 mdl_WH =    4.0699999999999998E-003
  Internal Params
  ---------------------------------
  
 mdl_ymm =    1.0000000000000000E-099
 mdl_yme =    1.0000000000000000E-099
 mdl_ymc =    1.0000000000000000E-099
 mdl_yms =    1.0000000000000000E-099
 mdl_ymup =    1.0000000000000000E-099
 mdl_conjg__CKM3x3 =    1.0000000000000000     
 mdl_cH =    0.0000000000000000     
 mdl_cHB =    0.0000000000000000     
 mdl_CKM1x1 =    1.0000000000000000     
 mdl_conjg__CKM1x1 =    1.0000000000000000     
 mdl_dGf =    0.0000000000000000     
 mdl_CKM3x3 =    1.0000000000000000     
 mdl_dMH2 =    0.0000000000000000     
 mdl_conjg__CKM2x2 =    1.0000000000000000     
 mdl_dg1 =    0.0000000000000000     
 mdl_CKM2x2 =    1.0000000000000000     
 mdl_dgw =    0.0000000000000000     
 mdl_complexi =  (  0.0000000000000000     ,  1.0000000000000000     )
 mdl_MW =    80.387000000000000     
 mdl_nb__2__exp__0_25 =    1.1892071150027210     
 mdl_MH__exp__2 =    15647.508100000001     
 mdl_sqrt__2 =    1.4142135623730951     
 mdl_MW__exp__2 =    6462.0697689999997     
 mdl_MZ__exp__2 =    8315.1783937600012     
 mdl_sth2 =   0.22285855299877133     
 mdl_MH__exp__6 =    3831206449390.3818     
 mdl_MT__exp__6 =    26995248278778.535     
 mdl_MH__exp__4 =    244844509.73956564     
 mdl_MT__exp__4 =    899894403.09759963     
 mdl_MT__exp__2 =    29998.239999999994     
 mdl_LambdaSMEFT__exp__2 =    1000000.0000000000     
 mdl_cth =   0.88155626422890820     
 mdl_sqrt__sth2 =   0.47207896902824564     
 mdl_sth =   0.47207896902824564     
 mdl_MW0__exp__6 =    269845343347.69711     
 mdl_MW0__exp__4 =    41758345.699423708     
 mdl_MW0__exp__2 =    6462.0697689999997     
 mdl_MZ__exp__4 =    69142191.720053151     
 mdl_MZ__exp__6 =    574929658687.79749     
 mdl_cth__exp__2 =   0.77714144700122867     
 mdl_sth__exp__2 =   0.22285855299877130     
 mdl_sth__exp__3 =   0.10520683593878660     
 mdl_cth__exp__3 =   0.68509391079585125     
 mdl_sth__exp__4 =    4.9665934644706158E-002
 mdl_sqrt__Gf =    3.4152291284773265E-003
 mdl_vevhat =    246.21961912951551     
 mdl_lam =   0.12905352724481209     
 mdl_aEW =    7.5614618607353409E-003
 mdl_yb =    2.4008698866559607E-002
 mdl_yc =    5.7437078628133041E-102
 mdl_ydo =    5.7437078628133041E-102
 mdl_ye =    5.7437078628133041E-102
 mdl_ym =    5.7437078628133041E-102
 mdl_ys =    5.7437078628133041E-102
 mdl_yt =   0.99481020183926416     
 mdl_ytau =    1.0206568872219240E-002
 mdl_yup =    5.7437078628133041E-102
 mdl_vevhat__exp__2 =    60624.100844283676     
 mdl_barlam =   0.12905352724481209     
 mdl_vevT =    246.21961912951551     
 mdl_sqrt__aEW =    8.6956666568672819E-002
 mdl_ee =   0.30825335704310214     
 mdl_gwsh =   0.61338418662494298     
 mdl_vev =    246.21961912951551     
 mdl_g1 =   0.34966952144878632     
 mdl_gw =   0.65296989967087182     
 mdl_ee__exp__2 =    9.5020132128342205E-002
 mdl_gHaa =   -1.9303830602986922E-003
 mdl_gHza =   -6.8546472954154700E-003
 mdl_g1sh =   0.34966952144878632     
 mdl_I1d11 =  (  5.7437078628133041E-102,  0.0000000000000000     )
 mdl_I1d22 =  (  5.7437078628133041E-102,  0.0000000000000000     )
 mdl_I1d33 =  (  2.4008698866559607E-002,  0.0000000000000000     )
 mdl_I2d11 =  (  5.7437078628133041E-102,  0.0000000000000000     )
 mdl_I2d22 =  (  5.7437078628133041E-102,  0.0000000000000000     )
 mdl_I2d33 =  ( 0.99481020183926416     ,  0.0000000000000000     )
 mdl_I3d11 =  (  5.7437078628133041E-102,  0.0000000000000000     )
 mdl_I3d22 =  (  5.7437078628133041E-102,  0.0000000000000000     )
 mdl_I3d33 =  (  2.4008698866559607E-002,  0.0000000000000000     )
 mdl_I4d11 =  (  5.7437078628133041E-102,  0.0000000000000000     )
 mdl_I4d22 =  (  5.7437078628133041E-102,  0.0000000000000000     )
 mdl_I4d33 =  ( 0.99481020183926416     ,  0.0000000000000000     )
 mdl_I5d11 =  (  5.7437078628133041E-102,  0.0000000000000000     )
 mdl_I5d22 =  (  5.7437078628133041E-102,  0.0000000000000000     )
 mdl_I5d33 =  (  2.4008698866559607E-002,  0.0000000000000000     )
 mdl_I6d11 =  (  5.7437078628133041E-102,  0.0000000000000000     )
 mdl_I6d22 =  (  5.7437078628133041E-102,  0.0000000000000000     )
 mdl_I6d33 =  ( 0.99481020183926416     ,  0.0000000000000000     )
 mdl_ee__exp__3 =    2.9290274715240611E-002
 mdl_vevhat__exp__3 =    14926843.019948866     
  Internal Params evaluated point by point
  ----------------------------------------
  
 mdl_sqrt__aS =   0.34365680554879169     
 mdl_G__exp__2 =    1.4840883695558185     
 mdl_gHgg =    3.2334372328970845E-003
 mdl_G__exp__3 =  (  1.8079634332366095     ,  0.0000000000000000     )
  Couplings of SMEFTsim_A_U35_MwScheme_UFO_v3_1-cHW_massless
  ---------------------------------
  
         GC_1 =   0.00000E+00   0.10275E+00
         GC_2 =  -0.00000E+00  -0.20550E+00
         GC_3 =  -0.00000E+00  -0.30825E+00
       GC_255 =  -0.00000E+00  -0.42637E+00
       GC_278 =  -0.00000E+00  -0.37035E+00
       GC_280 =  -0.00000E+00  -0.57563E+00
       GC_328 =  -0.00000E+00  -0.55024E-01
       GC_329 =   0.00000E+00   0.11005E+00
       GC_330 =  -0.00000E+00  -0.16507E+00
       GC_387 =   0.00000E+00   0.98488E-03
       GC_400 =   0.00000E+00   0.52490E+02
       GC_809 =  -0.00000E+00  -0.72171E-02
      GC_1073 =  -0.00000E+00  -0.46172E+00

 Collider parameters:
 --------------------

 Running at P P   machine @    13000.000000000000       GeV
 PDF set = lhapdf 
 alpha_s(Mz)= 0.1127 running at 3 loops.
 alpha_s(Mz)= 0.1127 running at 3 loops.
 Renormalization scale set on event-by-event basis
 Factorization   scale set on event-by-event basis


 getting user params
Enter number of events and max and min iterations: 
 Number of events and iterations         2000           8           3
Enter desired fractional accuracy: 
 Desired fractional accuracy:    1.0000000000000000E-002
Enter 0 for fixed, 2 for adjustable grid: 
Suppress amplitude (0 no, 1 yes)? 
 Using suppressed amplitude.
Exact helicity sum (0 yes, n = number/event)? 
 Explicitly summing over helicities
Enter Configuration Number: 
Running Configuration Number:  211
 Using dconfig=         215
 BW Setting            2           2           2           1           2           0
 Attempting mappinvarients           1           8
 Completed mapping           8
 about to integrate           16        2000           8           3          16           1
 Using non-zero grid deformation.
 16 dimensions   2000 events 16 invarients  8 iterations  1 config(s),  (0.99)
 Using h-tuple random number sequence.
 Error opening grid
 Using Uniform Grid!          32
 Using uniform alpha   1.0000000000000000     
 Grid defined OK
 Set CM energy to      13000.00
 Mapping Graph         211  to config         211
Setting grid   1    0.59172E-04   1
Setting grid   2    0.18685E-07   1
Setting grid   3    0.61293E-04   1
 Setting BW          -4           4   80.387000000000000     
Setting grid   5    0.17452E-03   1
 Transforming s_hat 1/s           15   1.7452239124852076E-004   10000.000000000000        168999999.99999997     
 211   1   2   3   4   5   6   7   8   9  10  11  12  13  14
  15  16
 Masses: 0.000E+00 0.000E+00 0.000E+00 0.178E+01 0.000E+00 0.000E+00 0.000E+00 0.000E+00
Using random seed offsets   211 :      5
  with seed                   24
 Ranmar initialization seeds       31269        9402
 
 ********************************************
 * You are using the DiscreteSampler module *
 *      part of the MG5_aMC framework       *
 *         Author: Valentin Hirschi         *
 ********************************************
 
  Particle       3       4       5       6       7       8
      Et >     0.0     0.0     0.0     0.0    10.0    10.0
       E >     0.0     0.0     0.0     0.0     0.0     0.0
     Eta <    -1.0    -1.0    -1.0    -1.0     6.5     6.5
   xqcut:      0.0     0.0     0.0     0.0     0.0     0.0
d R # 3  >    -0.0     0.4     0.0     0.0     0.4     0.4
d R # 4  >    -0.0    -0.0     0.0     0.0     0.4     0.4
d R # 5  >    -0.0    -0.0    -0.0     0.0     0.0     0.0
d R # 6  >    -0.0    -0.0    -0.0    -0.0     0.0     0.0
d R # 7  >    -0.0    -0.0    -0.0    -0.0    -0.0     0.4
s min # 3>     0.0     0.0     0.0     0.0     0.0     0.0
s min # 4>     0.0     0.0     0.0     0.0     0.0     0.0
s min # 5>     0.0     0.0     0.0     0.0     0.0     0.0
s min # 6>     0.0     0.0     0.0     0.0     0.0     0.0
s min # 7>     0.0     0.0     0.0     0.0     0.0 10000.0
xqcutij # 3>     0.0     0.0     0.0     0.0     0.0     0.0
xqcutij # 4>     0.0     0.0     0.0     0.0     0.0     0.0
xqcutij # 5>     0.0     0.0     0.0     0.0     0.0     0.0
xqcutij # 6>     0.0     0.0     0.0     0.0     0.0     0.0
xqcutij # 7>     0.0     0.0     0.0     0.0     0.0     0.0
 Excluding BW           -1           1
 Excluding BW           -2           2
 Excluding BW           -3           3
 Requiring BW           -4           4
 Excluding BW           -5           5
 alpha_s for scale    89.773247871060647       is   0.11293993790382377     
 Added good helicity          193   236.13993315022711       in event            1 local:           1
 Added good helicity          209   19.860066849772892       in event            1 local:           1
 Added good helicity          193   236.13993315022711       in event            1 local:           1
 Added good helicity          209   19.860066849772899       in event            1 local:           1
 RESET CUMULATIVE VARIABLE
 RESET CUMULATIVE VARIABLE
 RESET CUMULATIVE VARIABLE
 Iteration  1   Mean: 0.1038E-09 Abs mean: 0.1476E-09   Fluctuation:  0.769E-10   0.107E-06    13.4%
  1    0.1038E-09 0.1476E-09 +- 0.7692E-10     23.31
 Writing out events   6.8744852390013503E-014   23.309163652514695     
 Relative summed weights:
  0.0000E+00  0.0000E+00  0.4199E+00  0.4970E-01  0.0000E+00  0.0000E+00  0.0000E+00  0.0000E+00  0.1732E-01  0.5131E+00  0.0000E+00  0.0000E+00  0.0000E+00  0.0000E+00
 Relative number of events:
  0.0000E+00  0.0000E+00  0.2302E+00  0.2127E+00  0.0000E+00  0.0000E+00  0.0000E+00  0.0000E+00  0.2551E+00  0.3020E+00  0.0000E+00  0.0000E+00  0.0000E+00  0.0000E+00
 Events:
           0           0         250         231           0           0           0           0         277         328           0           0           0           0
 Iteration  2   Mean: 0.1032E-08 Abs mean: 0.1048E-08   Fluctuation:  0.459E-09   0.157E-05    36.9%
  2    0.1032E-08 0.1048E-08 +- 0.4593E-09     27.70
 Relative summed weights:
  0.0000E+00  0.0000E+00  0.6436E+00  0.1800E+00  0.0000E+00  0.0000E+00  0.0000E+00  0.0000E+00  0.2860E-01  0.1477E+00  0.0000E+00  0.0000E+00  0.0000E+00  0.0000E+00
 Relative number of events:
  0.0000E+00  0.0000E+00  0.2370E+00  0.2304E+00  0.0000E+00  0.0000E+00  0.0000E+00  0.0000E+00  0.2712E+00  0.2615E+00  0.0000E+00  0.0000E+00  0.0000E+00  0.0000E+00
 Events:
           0           0         609         592           0           0           0           0         697         672           0           0           0           0
 Iteration  3   Mean: 0.2700E-08 Abs mean: 0.2784E-08   Fluctuation:  0.985E-09   0.707E-05    50.5%
  3    0.2700E-08 0.2784E-08 +- 0.9845E-09     31.63
 Relative summed weights:
  0.0000E+00  0.0000E+00  0.1014E+00  0.4836E+00  0.0000E+00  0.0000E+00  0.0000E+00  0.0000E+00  0.2416E+00  0.1734E+00  0.0000E+00  0.0000E+00  0.0000E+00  0.0000E+00
 Relative number of events:
  0.0000E+00  0.0000E+00  0.2219E+00  0.2250E+00  0.0000E+00  0.0000E+00  0.0000E+00  0.0000E+00  0.2749E+00  0.2782E+00  0.0000E+00  0.0000E+00  0.0000E+00  0.0000E+00
 Events:
           0           0        1361        1380           0           0           0           0        1686        1706           0           0           0           0
 Accuracy:    0.465   0.010   0.243   3.653
 Found          275  events.
 Wrote            2  events.
 Actual xsec    1.6191043791586618E-009
 Correct abs xsec    1.6738828172760793E-009
 Event xsec    1.6738828172760793E-009
 Events wgts > 1:            0
 % Cross section > 1:    0.0000000000000000        0.0000000000000000     
 Iteration  4   Mean: 0.7775E-08 Abs mean: 0.8001E-08   Fluctuation:  0.163E-08   0.180E-04    56.1%
  4    0.7775E-08 0.8001E-08 +- 0.1632E-08     25.79
 Relative summed weights:
  0.0000E+00  0.0000E+00  0.3076E+00  0.1521E+00  0.0000E+00  0.0000E+00  0.0000E+00  0.0000E+00  0.2181E+00  0.3223E+00  0.0000E+00  0.0000E+00  0.0000E+00  0.0000E+00
 Relative number of events:
  0.0000E+00  0.0000E+00  0.2273E+00  0.2177E+00  0.0000E+00  0.0000E+00  0.0000E+00  0.0000E+00  0.2796E+00  0.2754E+00  0.0000E+00  0.0000E+00  0.0000E+00  0.0000E+00
 Events:
           0           0        3121        2990           0           0           0           0        3840        3782           0           0           0           0
 Accuracy:    0.342   0.010   0.156   4.791
 Found          868  events.
 Wrote            5  events.
 Actual xsec    5.7420778965104346E-009
 Correct abs xsec    5.9083441803078873E-009
 Event xsec    5.9083441803078873E-009
 Events wgts > 1:            1
 % Cross section > 1:    1.5757738639474648E-016   2.6670312626664724E-006
 Iteration  5   Mean: 0.6999E-08 Abs mean: 0.7205E-08   Fluctuation:  0.375E-09   0.462E-05    61.6%
  5    0.6999E-08 0.7205E-08 +- 0.3754E-09      9.32
 Relative summed weights:
  0.0000E+00  0.0000E+00  0.2113E+00  0.2589E+00  0.0000E+00  0.0000E+00  0.0000E+00  0.0000E+00  0.2928E+00  0.2369E+00  0.0000E+00  0.0000E+00  0.0000E+00  0.0000E+00
 Relative number of events:
  0.0000E+00  0.0000E+00  0.2209E+00  0.2307E+00  0.0000E+00  0.0000E+00  0.0000E+00  0.0000E+00  0.2753E+00  0.2731E+00  0.0000E+00  0.0000E+00  0.0000E+00  0.0000E+00
 Events:
           0           0        6428        6713           0           0           0           0        8009        7945           0           0           0           0
 Accuracy:    0.082   0.010   0.049   2.731
 Found         1990  events.
 Wrote           75  events.
 Actual xsec    6.9601307068033672E-009
 Correct abs xsec    7.1643845889196682E-009
 Event xsec    7.1643845889196864E-009
 Events wgts > 1:            3
 % Cross section > 1:    6.9428655557973395E-011  0.96908052179876769     
 Iteration  6   Mean: 0.8424E-08 Abs mean: 0.8767E-08   Fluctuation:  0.185E-09   0.235E-05    68.5%
  6    0.8424E-08 0.8767E-08 +- 0.1847E-09      5.33
 Relative summed weights:
  0.0000E+00  0.0000E+00  0.2462E+00  0.2495E+00  0.0000E+00  0.0000E+00  0.0000E+00  0.0000E+00  0.2373E+00  0.2670E+00  0.0000E+00  0.0000E+00  0.0000E+00  0.0000E+00
 Relative number of events:
  0.0000E+00  0.0000E+00  0.2238E+00  0.2243E+00  0.0000E+00  0.0000E+00  0.0000E+00  0.0000E+00  0.2770E+00  0.2748E+00  0.0000E+00  0.0000E+00  0.0000E+00  0.0000E+00
Thanks for using LHAPDF 6.2.1. Please make sure to cite the paper:
  Eur.Phys.J. C75 (2015) 3, 132  (http://arxiv.org/abs/1412.7420)
 Events:
           0           0       13433       13467           0           0           0           0       16631       16498           0           0           0           0
 Accuracy:    0.041   0.010   0.019   4.407
 Found         6742  events.
 Wrote          418  events.
 Actual xsec    8.2199150136145123E-009
 Correct abs xsec    8.5421694807460667E-009
 Event xsec    8.5421694807460005E-009
 Events wgts > 1:           14
 % Cross section > 1:    8.4364993893795497E-011  0.98762959554892571     
 Iteration  7   Mean: 0.8811E-08 Abs mean: 0.9199E-08   Fluctuation:  0.940E-10   0.550E-05    70.3%
  7    0.8811E-08 0.9199E-08 +- 0.9398E-10      3.66
 Relative summed weights:
  0.0000E+00  0.0000E+00  0.2458E+00  0.2551E+00  0.0000E+00  0.0000E+00  0.0000E+00  0.0000E+00  0.2398E+00  0.2593E+00  0.0000E+00  0.0000E+00  0.0000E+00  0.0000E+00
 Relative number of events:
  0.0000E+00  0.0000E+00  0.2257E+00  0.2265E+00  0.0000E+00  0.0000E+00  0.0000E+00  0.0000E+00  0.2699E+00  0.2779E+00  0.0000E+00  0.0000E+00  0.0000E+00  0.0000E+00
 Events:
           0           0       27465       27564           0           0           0           0       32850       33825           0           0           0           0
 Accuracy:    0.021   0.010   0.009   5.320
 Found        15237  events.
 Wrote         1720  events.
 Actual xsec    8.6845556245834408E-009
 Correct abs xsec    9.0587802228073180E-009
 Event xsec    9.0587802228070219E-009
 Events wgts > 1:           33
 % Cross section > 1:    9.0683599909787141E-011   1.0010575119316367     
 Iteration  8   Mean: 0.8619E-08 Abs mean: 0.9067E-08   Fluctuation:  0.384E-10   0.106E-05    73.1%
  8    0.8619E-08 0.9067E-08 +- 0.3837E-10      2.14
 Exceeded boost           2          96   256000.000    
 Relative summed weights:
  0.0000E+00  0.0000E+00  0.2503E+00  0.2473E+00  0.0000E+00  0.0000E+00  0.0000E+00  0.0000E+00  0.2546E+00  0.2478E+00  0.0000E+00  0.0000E+00  0.0000E+00  0.0000E+00
 Relative number of events:
  0.0000E+00  0.0000E+00  0.2249E+00  0.2241E+00  0.0000E+00  0.0000E+00  0.0000E+00  0.0000E+00  0.2765E+00  0.2746E+00  0.0000E+00  0.0000E+00  0.0000E+00  0.0000E+00
 Events:
           0           0       55111       54910           0           0           0           0       67750       67287           0           0           0           0
 Accuracy:    0.008   0.010   0.004   4.551
 Finished due to accuracy    8.1758182213834980E-003   1.0000000000000000E-002

 -------------------------------------------------------------------------------
 Accumulated results:   Integral =  0.9063E-08
                        Std dev  =  0.3474E-10
                       Cross sec =  0.8629E-08
             Chi**2 per DoF.     =      4.5506
 -------------------------------------------------------------------------------
 Found        32065  events.
 Wrote        10880  events.
 Actual xsec    8.6394221203119950E-009
 Correct abs xsec    9.0757182919024883E-009
 Event xsec    9.0757182919047167E-009
 Events wgts > 1:          209
 % Cross section > 1:    9.0512150214519243E-011  0.99730012879810859     
-------------------------------------------------
---------------------------
 Results Last   3 iters: Integral =   0.8639E-08
                     Abs integral =   0.9076E-08
                          Std dev =   0.3489E-10
                  Chi**2 per DoF. =      2.2805
-------------------------------------------------
---------------------------
 Status   1.0000000000000000E-002           9           8

ls status:
events.lhe
ftn26
input_app.txt
results.dat
run1_app.log
