==== LHAPDF6 USING DEFAULT-TYPE LHAGLUE INTERFACE ====
LHAPDF 6.2.1 loading /cvmfs/cms.cern.ch/slc6_amd64_gcc630/external/lhapdf/6.2.1-ghjeda2/share/LHAPDF/NNPDF31_nnlo_as_0118_nf_4_mc_hessian/NNPDF31_nnlo_as_0118_nf_4_mc_hessian_0000.dat
NNPDF31_nnlo_as_0118_nf_4_mc_hessian PDF set, member #0, version 1; LHAPDF ID = 325500
 Process in group number            2
 A PDF is used, so alpha_s(MZ) is going to be modified
 Old value of alpha_s from param_card:   0.11810000000000001     
 New value of alpha_s from PDF lhapdf :  0.11266013434007299     
 using LHAPDF
 Define smin to   10000.000000000000     
 Define smin to   10000.000000000000     
 Define smin to   10000.000000000000     
 Define smin to   10000.000000000000     
 Define smin to   10000.000000000000     
 Define smin to   10000.000000000000     
 Define smin to   10000.000000000000     
 *****************************************************
 *               MadGraph/MadEvent                   *
 *        --------------------------------           *
 *          http://madgraph.hep.uiuc.edu             *
 *          http://madgraph.phys.ucl.ac.be           *
 *          http://madgraph.roma2.infn.it            *
 *        --------------------------------           *
 *                                                   *
 *          PARAMETER AND COUPLING VALUES            *
 *                                                   *
 *****************************************************

  External Params
  ---------------------------------
  
 mdl_MW0 =    80.387000000000000     
 mdl_Gf =    1.1663789999999999E-005
 aS =   0.11810000000000001     
 mdl_ymdo =    1.0000000000000000E-099
 mdl_ymb =    4.1799999999999997     
 mdl_ymt =    173.19999999999999     
 mdl_ymtau =    1.7769999999999999     
 mdl_LambdaSMEFT =    1000.0000000000000     
 mdl_cW =    1.0000000000000000     
 mdl_MZ =    91.187600000000003     
 mdl_MTA =    1.7769999999999999     
 mdl_MT =    173.19999999999999     
 mdl_MB =    4.1799999999999997     
 mdl_MH =    125.09000000000000     
 mdl_WZ =    2.4952000000000001     
 mdl_WW =    2.0850000000000000     
 mdl_WT =    1.5083359999999999     
 mdl_WH =    4.0699999999999998E-003
  Internal Params
  ---------------------------------
  
 mdl_ymm =    1.0000000000000000E-099
 mdl_yme =    1.0000000000000000E-099
 mdl_ymc =    1.0000000000000000E-099
 mdl_yms =    1.0000000000000000E-099
 mdl_ymup =    1.0000000000000000E-099
 mdl_conjg__CKM3x3 =    1.0000000000000000     
 mdl_cH =    0.0000000000000000     
 mdl_cHB =    0.0000000000000000     
 mdl_CKM2x2 =    1.0000000000000000     
 mdl_CKM1x1 =    1.0000000000000000     
 mdl_conjg__CKM1x1 =    1.0000000000000000     
 mdl_dGf =    0.0000000000000000     
 mdl_CKM3x3 =    1.0000000000000000     
 mdl_dMH2 =    0.0000000000000000     
 mdl_conjg__CKM2x2 =    1.0000000000000000     
 mdl_dg1 =    0.0000000000000000     
 mdl_cHW =    0.0000000000000000     
 mdl_dgw =    0.0000000000000000     
 mdl_complexi =  (  0.0000000000000000     ,  1.0000000000000000     )
 mdl_MW =    80.387000000000000     
 mdl_nb__2__exp__0_25 =    1.1892071150027210     
 mdl_MH__exp__2 =    15647.508100000001     
 mdl_sqrt__2 =    1.4142135623730951     
 mdl_MW__exp__2 =    6462.0697689999997     
 mdl_MZ__exp__2 =    8315.1783937600012     
 mdl_sth2 =   0.22285855299877133     
 mdl_MH__exp__6 =    3831206449390.3818     
 mdl_MT__exp__6 =    26995248278778.535     
 mdl_MH__exp__4 =    244844509.73956564     
 mdl_MT__exp__4 =    899894403.09759963     
 mdl_MT__exp__2 =    29998.239999999994     
 mdl_LambdaSMEFT__exp__2 =    1000000.0000000000     
 mdl_cth =   0.88155626422890820     
 mdl_sqrt__sth2 =   0.47207896902824564     
 mdl_sth =   0.47207896902824564     
 mdl_MW0__exp__6 =    269845343347.69711     
 mdl_MW0__exp__4 =    41758345.699423708     
 mdl_MW0__exp__2 =    6462.0697689999997     
 mdl_MZ__exp__4 =    69142191.720053151     
 mdl_MZ__exp__6 =    574929658687.79749     
 mdl_cth__exp__2 =   0.77714144700122867     
 mdl_sth__exp__2 =   0.22285855299877130     
 mdl_sth__exp__3 =   0.10520683593878660     
 mdl_cth__exp__3 =   0.68509391079585125     
 mdl_sth__exp__4 =    4.9665934644706158E-002
 mdl_sqrt__Gf =    3.4152291284773265E-003
 mdl_vevhat =    246.21961912951551     
 mdl_lam =   0.12905352724481209     
 mdl_aEW =    7.5614618607353409E-003
 mdl_yb =    2.4008698866559607E-002
 mdl_yc =    5.7437078628133041E-102
 mdl_ydo =    5.7437078628133041E-102
 mdl_ye =    5.7437078628133041E-102
 mdl_ym =    5.7437078628133041E-102
 mdl_ys =    5.7437078628133041E-102
 mdl_yt =   0.99481020183926416     
 mdl_ytau =    1.0206568872219240E-002
 mdl_yup =    5.7437078628133041E-102
 mdl_vevhat__exp__2 =    60624.100844283676     
 mdl_barlam =   0.12905352724481209     
 mdl_vevT =    246.21961912951551     
 mdl_sqrt__aEW =    8.6956666568672819E-002
 mdl_ee =   0.30825335704310214     
 mdl_gwsh =   0.65296989967087182     
 mdl_vev =    246.21961912951551     
 mdl_g1 =   0.34966952144878632     
 mdl_gw =   0.65296989967087182     
 mdl_ee__exp__2 =    9.5020132128342205E-002
 mdl_gHaa =   -1.9303830602986922E-003
 mdl_gHza =   -6.8546472954154700E-003
 mdl_g1sh =   0.34966952144878632     
 mdl_I1d11 =  (  5.7437078628133041E-102,  0.0000000000000000     )
 mdl_I1d22 =  (  5.7437078628133041E-102,  0.0000000000000000     )
 mdl_I1d33 =  (  2.4008698866559607E-002,  0.0000000000000000     )
 mdl_I2d11 =  (  5.7437078628133041E-102,  0.0000000000000000     )
 mdl_I2d22 =  (  5.7437078628133041E-102,  0.0000000000000000     )
 mdl_I2d33 =  ( 0.99481020183926416     ,  0.0000000000000000     )
 mdl_I3d11 =  (  5.7437078628133041E-102,  0.0000000000000000     )
 mdl_I3d22 =  (  5.7437078628133041E-102,  0.0000000000000000     )
 mdl_I3d33 =  (  2.4008698866559607E-002,  0.0000000000000000     )
 mdl_I4d11 =  (  5.7437078628133041E-102,  0.0000000000000000     )
 mdl_I4d22 =  (  5.7437078628133041E-102,  0.0000000000000000     )
 mdl_I4d33 =  ( 0.99481020183926416     ,  0.0000000000000000     )
 mdl_I5d11 =  (  5.7437078628133041E-102,  0.0000000000000000     )
 mdl_I5d22 =  (  5.7437078628133041E-102,  0.0000000000000000     )
 mdl_I5d33 =  (  2.4008698866559607E-002,  0.0000000000000000     )
 mdl_I6d11 =  (  5.7437078628133041E-102,  0.0000000000000000     )
 mdl_I6d22 =  (  5.7437078628133041E-102,  0.0000000000000000     )
 mdl_I6d33 =  ( 0.99481020183926416     ,  0.0000000000000000     )
 mdl_ee__exp__3 =    2.9290274715240611E-002
 mdl_vevhat__exp__3 =    14926843.019948866     
  Internal Params evaluated point by point
  ----------------------------------------
  
 mdl_sqrt__aS =   0.34365680554879169     
 mdl_G__exp__2 =    1.4840883695558185     
 mdl_gHgg =    3.2334372328970845E-003
 mdl_G__exp__3 =  (  1.8079634332366095     ,  0.0000000000000000     )
  Couplings of SMEFTsim_A_U35_MwScheme_UFO_v3_1-cW_massless
  ---------------------------------
  
        GC_64 =   0.00000E+00   0.52893E-05
       GC_345 =   0.00000E+00   0.28325E-05
         GC_1 =   0.00000E+00   0.10275E+00
         GC_2 =  -0.00000E+00  -0.20550E+00
         GC_3 =  -0.00000E+00  -0.30825E+00
       GC_255 =  -0.00000E+00  -0.42637E+00
       GC_278 =  -0.00000E+00  -0.37035E+00
       GC_280 =  -0.00000E+00  -0.57563E+00
       GC_318 =   0.00000E+00   0.39178E-05
       GC_328 =  -0.00000E+00  -0.55024E-01
       GC_329 =   0.00000E+00   0.11005E+00
       GC_330 =  -0.00000E+00  -0.16507E+00
       GC_400 =   0.00000E+00   0.52490E+02
       GC_809 =  -0.00000E+00  -0.72171E-02
      GC_1073 =  -0.00000E+00  -0.46172E+00

 Collider parameters:
 --------------------

 Running at P P   machine @    13000.000000000000       GeV
 PDF set = lhapdf 
 alpha_s(Mz)= 0.1127 running at 3 loops.
 alpha_s(Mz)= 0.1127 running at 3 loops.
 Renormalization scale set on event-by-event basis
 Factorization   scale set on event-by-event basis


 getting user params
Enter number of events and max and min iterations: 
 Number of events and iterations         2000           8           3
Enter desired fractional accuracy: 
 Desired fractional accuracy:    1.0000000000000000E-002
Enter 0 for fixed, 2 for adjustable grid: 
Suppress amplitude (0 no, 1 yes)? 
 Using suppressed amplitude.
Exact helicity sum (0 yes, n = number/event)? 
 Explicitly summing over helicities
Enter Configuration Number: 
Running Configuration Number:  215
 Using dconfig=          71
 BW Setting            2           2           1           2           0           0
 Attempting mappinvarients           1           8
 Completed mapping           8
 about to integrate           16        2000           8           3          16           1
 Using non-zero grid deformation.
 16 dimensions   2000 events 16 invarients  8 iterations  1 config(s),  (0.99)
 Using h-tuple random number sequence.
 Error opening grid
 Using Uniform Grid!          32
 Using uniform alpha   1.0000000000000000     
 Grid defined OK
 Set CM energy to      13000.00
 Mapping Graph         215  to config         215
Setting grid   1    0.59172E-04   1
Setting grid   2    0.18685E-07   1
 Setting BW          -3           3   91.187600000000003     
Setting grid   4    0.61293E-04   1
Setting grid   5    0.61293E-04   1
 Transforming s_hat 1/s           15   6.1293241000000010E-005   10000.000000000000        168999999.99999997     
 215   1   2   3   4   5   6   7   8   9  10  11  12  13  14
  15  16
 Masses: 0.000E+00 0.000E+00 0.000E+00 0.178E+01 0.000E+00 0.000E+00 0.000E+00 0.000E+00
Using random seed offsets   215 :      6
  with seed                   24
 Ranmar initialization seeds       31273        9403
 
 ********************************************
 * You are using the DiscreteSampler module *
 *      part of the MG5_aMC framework       *
 *         Author: Valentin Hirschi         *
 ********************************************
 
  Particle       3       4       5       6       7       8
      Et >     0.0     0.0     0.0     0.0    10.0    10.0
       E >     0.0     0.0     0.0     0.0     0.0     0.0
     Eta <    -1.0    -1.0    -1.0    -1.0     6.5     6.5
   xqcut:      0.0     0.0     0.0     0.0     0.0     0.0
d R # 3  >    -0.0     0.4     0.0     0.0     0.4     0.4
d R # 4  >    -0.0    -0.0     0.0     0.0     0.4     0.4
d R # 5  >    -0.0    -0.0    -0.0     0.0     0.0     0.0
d R # 6  >    -0.0    -0.0    -0.0    -0.0     0.0     0.0
d R # 7  >    -0.0    -0.0    -0.0    -0.0    -0.0     0.4
s min # 3>     0.0     0.0     0.0     0.0     0.0     0.0
s min # 4>     0.0     0.0     0.0     0.0     0.0     0.0
s min # 5>     0.0     0.0     0.0     0.0     0.0     0.0
s min # 6>     0.0     0.0     0.0     0.0     0.0     0.0
s min # 7>     0.0     0.0     0.0     0.0     0.0 10000.0
xqcutij # 3>     0.0     0.0     0.0     0.0     0.0     0.0
xqcutij # 4>     0.0     0.0     0.0     0.0     0.0     0.0
xqcutij # 5>     0.0     0.0     0.0     0.0     0.0     0.0
xqcutij # 6>     0.0     0.0     0.0     0.0     0.0     0.0
xqcutij # 7>     0.0     0.0     0.0     0.0     0.0     0.0
 Excluding BW           -1           1
 Excluding BW           -2           2
 Requiring BW           -3           3
 Excluding BW           -5           4
 alpha_s for scale    105.56403456158279       is   0.11010999442762320     
 Added good helicity          193   252.08567083364991       in event            1 local:           1
 Added good helicity          209  -3.9143291663500670       in event            1 local:           1
 Added good helicity          193   252.08567083364983       in event            1 local:           1
 Added good helicity          209  -3.9143291663501634       in event            1 local:           1
 RESET CUMULATIVE VARIABLE
 RESET CUMULATIVE VARIABLE
 RESET CUMULATIVE VARIABLE
 Iteration  1   Mean: -.5863E-22 Abs mean: 0.9202E-22   Fluctuation:  0.597E-22   0.151E-19     0.1%
  1   -0.5863E-22 0.9202E-22 +- 0.5972E-22     10.62
 Writing out events   1.1503045255601087E-024   10.624102960322283     
 Relative summed weights:
  0.0000E+00  0.0000E+00  0.9261E-01  0.6637E-02  0.0000E+00  0.0000E+00  0.0000E+00  0.0000E+00  0.2390E-04  0.9007E+00  0.0000E+00  0.0000E+00  0.0000E+00  0.0000E+00
 Relative number of events:
  0.0000E+00  0.0000E+00  0.3869E+00  0.4623E+00  0.0000E+00  0.0000E+00  0.0000E+00  0.0000E+00  0.7538E-01  0.7538E-01  0.0000E+00  0.0000E+00  0.0000E+00  0.0000E+00
 Events:
           0           0          77          92           0           0           0           0          15          15           0           0           0           0
 Iteration  2   Mean: 0.8569E-22 Abs mean: 0.1260E-21   Fluctuation:  0.936E-22   0.372E-18     3.1%
  2    0.8569E-22 0.1260E-21 +- 0.9364E-22     46.98
 Relative summed weights:
  0.0000E+00  0.0000E+00  0.5910E-01  0.1191E-01  0.0000E+00  0.0000E+00  0.0000E+00  0.0000E+00  0.9252E+00  0.3812E-02  0.0000E+00  0.0000E+00  0.0000E+00  0.0000E+00
 Relative number of events:
  0.0000E+00  0.0000E+00  0.4378E+00  0.4003E+00  0.0000E+00  0.0000E+00  0.0000E+00  0.0000E+00  0.8813E-01  0.7373E-01  0.0000E+00  0.0000E+00  0.0000E+00  0.0000E+00
 Events:
           0           0         760         695           0           0           0           0         153         128           0           0           0           0
 Iteration  3   Mean: -.3857E-22 Abs mean: 0.6247E-22   Fluctuation:  0.165E-22   0.884E-19    42.3%
  3   -0.3857E-22 0.6247E-22 +- 0.1647E-22     23.57
 Relative summed weights:
  0.0000E+00  0.0000E+00  0.3730E+00  0.3171E+00  0.0000E+00  0.0000E+00  0.0000E+00  0.0000E+00  0.6384E-01  0.2461E+00  0.0000E+00  0.0000E+00  0.0000E+00  0.0000E+00
 Relative number of events:
  0.0000E+00  0.0000E+00  0.4209E+00  0.4038E+00  0.0000E+00  0.0000E+00  0.0000E+00  0.0000E+00  0.8761E-01  0.8761E-01  0.0000E+00  0.0000E+00  0.0000E+00  0.0000E+00
 Events:
           0           0        1379        1323           0           0           0           0         287         287           0           0           0           0
 Accuracy:    0.197   0.010   0.232   0.719
 Found          166  events.
 Wrote            3  events.
 Actual xsec   -2.9018441188812950E-023
 Correct abs xsec    7.2448615297281339E-023
 Event xsec    7.2448615297281328E-023
 Events wgts > 1:            1
 % Cross section > 1:    2.4064610088663763E-030   3.3216107706018228E-006
 Iteration  4   Mean: -.5048E-22 Abs mean: 0.1853E-21   Fluctuation:  0.440E-22   0.464E-18    58.7%
  4   -0.5048E-22 0.1853E-21 +- 0.4404E-22     30.07
 Relative summed weights:
  0.0000E+00  0.0000E+00  0.2219E+00  0.1201E+00  0.0000E+00  0.0000E+00  0.0000E+00  0.0000E+00  0.1041E+00  0.5539E+00  0.0000E+00  0.0000E+00  0.0000E+00  0.0000E+00
 Relative number of events:
  0.0000E+00  0.0000E+00  0.4082E+00  0.3986E+00  0.0000E+00  0.0000E+00  0.0000E+00  0.0000E+00  0.9536E-01  0.9784E-01  0.0000E+00  0.0000E+00  0.0000E+00  0.0000E+00
 Events:
           0           0        2470        2412           0           0           0           0         577         592           0           0           0           0
 Accuracy:    0.264   0.010   0.166   2.522
 Found          951  events.
 Wrote            6  events.
 Actual xsec   -3.8148731666758070E-023
 Correct abs xsec    1.2997834522518913E-022
 Event xsec    1.2997834522518913E-022
 Events wgts > 1:            2
 % Cross section > 1:    9.8525148321707042E-025  0.75801202231810982     
 Iteration  5   Mean: 0.7942E-22 Abs mean: 0.4058E-21   Fluctuation:  0.151E-21   0.476E-17    61.4%
  5    0.7942E-22 0.4058E-21 +- 0.1506E-21     66.36
 Relative summed weights:
  0.0000E+00  0.0000E+00  0.9159E-01  0.9455E-01  0.0000E+00  0.0000E+00  0.0000E+00  0.0000E+00  0.7482E+00  0.6563E-01  0.0000E+00  0.0000E+00  0.0000E+00  0.0000E+00
 Relative number of events:
  0.0000E+00  0.0000E+00  0.4036E+00  0.4003E+00  0.0000E+00  0.0000E+00  0.0000E+00  0.0000E+00  0.9783E-01  0.9825E-01  0.0000E+00  0.0000E+00  0.0000E+00  0.0000E+00
 Events:
           0           0        4790        4751           0           0           0           0        1161        1166           0           0           0           0
 Accuracy:    0.335   0.010   0.152   4.891
 Found         1967  events.
 Wrote            2  events.
 Actual xsec   -2.2147781927846466E-023
 Correct abs xsec    1.8107848946440909E-022
 Event xsec    1.8107848946440909E-022
 Events wgts > 1:            0
 % Cross section > 1:    0.0000000000000000        0.0000000000000000     
 Iteration  6   Mean: -.7769E-22 Abs mean: 0.2889E-21   Fluctuation:  0.130E-22   0.365E-18    59.8%
  6   -0.7769E-22 0.2889E-21 +- 0.1303E-22     11.40
 Relative summed weights:
  0.0000E+00  0.0000E+00  0.1879E+00  0.2211E+00  0.0000E+00  0.0000E+00  0.0000E+00  0.0000E+00  0.2988E+00  0.2922E+00  0.0000E+00  0.0000E+00  0.0000E+00  0.0000E+00
Thanks for using LHAPDF 6.2.1. Please make sure to cite the paper:
  Eur.Phys.J. C75 (2015) 3, 132  (http://arxiv.org/abs/1412.7420)
 Relative number of events:
  0.0000E+00  0.0000E+00  0.3916E+00  0.3994E+00  0.0000E+00  0.0000E+00  0.0000E+00  0.0000E+00  0.1038E+00  0.1051E+00  0.0000E+00  0.0000E+00  0.0000E+00  0.0000E+00
 Events:
           0           0        9055        9234           0           0           0           0        2401        2431           0           0           0           0
 Accuracy:    0.073   0.010   0.043   2.868
 Found         3634  events.
 Wrote           70  events.
 Actual xsec   -7.4551699706441151E-023
 Correct abs xsec    2.8703528216392573E-022
 Event xsec    2.8703528216392550E-022
 Events wgts > 1:            2
 % Cross section > 1:    1.8807064070167190E-024  0.65521785086428841     
 Iteration  7   Mean: -.7615E-22 Abs mean: 0.2879E-21   Fluctuation:  0.522E-23   0.275E-18    58.1%
  7   -0.7615E-22 0.2879E-21 +- 0.5223E-23      6.49
 Relative summed weights:
  0.0000E+00  0.0000E+00  0.2296E+00  0.2156E+00  0.0000E+00  0.0000E+00  0.0000E+00  0.0000E+00  0.2951E+00  0.2598E+00  0.0000E+00  0.0000E+00  0.0000E+00  0.0000E+00
 Relative number of events:
  0.0000E+00  0.0000E+00  0.3964E+00  0.3912E+00  0.0000E+00  0.0000E+00  0.0000E+00  0.0000E+00  0.1060E+00  0.1064E+00  0.0000E+00  0.0000E+00  0.0000E+00  0.0000E+00
 Events:
           0           0       18056       17819           0           0           0           0        4829        4846           0           0           0           0
 Accuracy:    0.026   0.010   0.017   2.337
 Found        13104  events.
 Wrote          443  events.
 Actual xsec   -7.6047687681790326E-023
 Correct abs xsec    2.8825212230801037E-022
 Event xsec    2.8825212230800948E-022
 Events wgts > 1:            9
 % Cross section > 1:    2.9366601440623262E-024   1.0187817944057951     
 Iteration  8   Mean: -.7997E-22 Abs mean: 0.2902E-21   Fluctuation:  0.570E-23   0.133E-17    57.0%
  8   -0.7997E-22 0.2902E-21 +- 0.5697E-23      9.93
 Exceeded boost           4          96   256000.000    
 Relative summed weights:
  0.0000E+00  0.0000E+00  0.2201E+00  0.2215E+00  0.0000E+00  0.0000E+00  0.0000E+00  0.0000E+00  0.2948E+00  0.2636E+00  0.0000E+00  0.0000E+00  0.0000E+00  0.0000E+00
 Relative number of events:
  0.0000E+00  0.0000E+00  0.3926E+00  0.3894E+00  0.0000E+00  0.0000E+00  0.0000E+00  0.0000E+00  0.1100E+00  0.1080E+00  0.0000E+00  0.0000E+00  0.0000E+00  0.0000E+00
 Events:
           0           0       35506       35219           0           0           0           0        9948        9764           0           0           0           0
 Accuracy:    0.018   0.010   0.013   2.016
 Found        31672  events.
 Wrote           45  events.
 Actual xsec   -7.7892701076002932E-023
 Correct abs xsec    2.8894670661042729E-022
 Event xsec    2.8894670661042720E-022
 Events wgts > 1:            0
 % Cross section > 1:    0.0000000000000000        0.0000000000000000     

 -------------------------------------------------------------------------------
 Accumulated results:   Integral =  0.2881E-21
                        Std dev  =  0.3669E-23
                       Cross sec = -0.7748E-22
             Chi**2 per DoF.     =      2.0161
 -------------------------------------------------------------------------------
-------------------------------------------------
---------------------------
 Results Last   3 iters: Integral =  -0.7789E-22
                     Abs integral =   0.2889E-21
                          Std dev =   0.3692E-23
                  Chi**2 per DoF. =      0.0467
-------------------------------------------------
---------------------------
 Status   1.0000000000000000E-002           9           8

ls status:
events.lhe
ftn26
input_app.txt
results.dat
run1_app.log
