==== LHAPDF6 USING DEFAULT-TYPE LHAGLUE INTERFACE ====
LHAPDF 6.2.1 loading /cvmfs/cms.cern.ch/slc6_amd64_gcc630/external/lhapdf/6.2.1-ghjeda2/share/LHAPDF/NNPDF31_nnlo_as_0118_nf_4_mc_hessian/NNPDF31_nnlo_as_0118_nf_4_mc_hessian_0000.dat
NNPDF31_nnlo_as_0118_nf_4_mc_hessian PDF set, member #0, version 1; LHAPDF ID = 325500
 Process in group number            1
 A PDF is used, so alpha_s(MZ) is going to be modified
 Old value of alpha_s from param_card:   0.11810000000000001     
 New value of alpha_s from PDF lhapdf :  0.11266013434007299     
 using LHAPDF
 Define smin to   10000.000000000000     
 Define smin to   10000.000000000000     
 Define smin to   10000.000000000000     
 Define smin to   10000.000000000000     
 Define smin to   10000.000000000000     
 Define smin to   10000.000000000000     
 Define smin to   10000.000000000000     
 Define smin to   10000.000000000000     
 Define smin to   10000.000000000000     
 Define smin to   10000.000000000000     
 Define smin to   10000.000000000000     
 Define smin to   10000.000000000000     
 Define smin to   10000.000000000000     
 Define smin to   10000.000000000000     
 Define smin to   10000.000000000000     
 Define smin to   10000.000000000000     
 *****************************************************
 *               MadGraph/MadEvent                   *
 *        --------------------------------           *
 *          http://madgraph.hep.uiuc.edu             *
 *          http://madgraph.phys.ucl.ac.be           *
 *          http://madgraph.roma2.infn.it            *
 *        --------------------------------           *
 *                                                   *
 *          PARAMETER AND COUPLING VALUES            *
 *                                                   *
 *****************************************************

  External Params
  ---------------------------------
  
 mdl_MW0 =    80.387000000000000     
 mdl_Gf =    1.1663789999999999E-005
 aS =   0.11810000000000001     
 mdl_ymdo =    1.0000000000000000E-099
 mdl_ymb =    4.1799999999999997     
 mdl_ymt =    173.19999999999999     
 mdl_ymtau =    1.7769999999999999     
 mdl_LambdaSMEFT =    1000.0000000000000     
 mdl_cW =    1.0000000000000000     
 mdl_MZ =    91.187600000000003     
 mdl_MTA =    1.7769999999999999     
 mdl_MT =    173.19999999999999     
 mdl_MB =    4.1799999999999997     
 mdl_MH =    125.09000000000000     
 mdl_WZ =    2.4952000000000001     
 mdl_WW =    2.0850000000000000     
 mdl_WT =    1.5083359999999999     
 mdl_WH =    4.0699999999999998E-003
  Internal Params
  ---------------------------------
  
 mdl_ymm =    1.0000000000000000E-099
 mdl_yme =    1.0000000000000000E-099
 mdl_ymc =    1.0000000000000000E-099
 mdl_yms =    1.0000000000000000E-099
 mdl_ymup =    1.0000000000000000E-099
 mdl_conjg__CKM3x3 =    1.0000000000000000     
 mdl_cH =    0.0000000000000000     
 mdl_cHB =    0.0000000000000000     
 mdl_CKM2x2 =    1.0000000000000000     
 mdl_CKM1x1 =    1.0000000000000000     
 mdl_conjg__CKM1x1 =    1.0000000000000000     
 mdl_dGf =    0.0000000000000000     
 mdl_CKM3x3 =    1.0000000000000000     
 mdl_dMH2 =    0.0000000000000000     
 mdl_conjg__CKM2x2 =    1.0000000000000000     
 mdl_dg1 =    0.0000000000000000     
 mdl_cHW =    0.0000000000000000     
 mdl_dgw =    0.0000000000000000     
 mdl_complexi =  (  0.0000000000000000     ,  1.0000000000000000     )
 mdl_MW =    80.387000000000000     
 mdl_nb__2__exp__0_25 =    1.1892071150027210     
 mdl_MH__exp__2 =    15647.508100000001     
 mdl_sqrt__2 =    1.4142135623730951     
 mdl_MW__exp__2 =    6462.0697689999997     
 mdl_MZ__exp__2 =    8315.1783937600012     
 mdl_sth2 =   0.22285855299877133     
 mdl_MH__exp__6 =    3831206449390.3818     
 mdl_MT__exp__6 =    26995248278778.535     
 mdl_MH__exp__4 =    244844509.73956564     
 mdl_MT__exp__4 =    899894403.09759963     
 mdl_MT__exp__2 =    29998.239999999994     
 mdl_LambdaSMEFT__exp__2 =    1000000.0000000000     
 mdl_cth =   0.88155626422890820     
 mdl_sqrt__sth2 =   0.47207896902824564     
 mdl_sth =   0.47207896902824564     
 mdl_MW0__exp__6 =    269845343347.69711     
 mdl_MW0__exp__4 =    41758345.699423708     
 mdl_MW0__exp__2 =    6462.0697689999997     
 mdl_MZ__exp__4 =    69142191.720053151     
 mdl_MZ__exp__6 =    574929658687.79749     
 mdl_cth__exp__2 =   0.77714144700122867     
 mdl_sth__exp__2 =   0.22285855299877130     
 mdl_sth__exp__3 =   0.10520683593878660     
 mdl_cth__exp__3 =   0.68509391079585125     
 mdl_sth__exp__4 =    4.9665934644706158E-002
 mdl_sqrt__Gf =    3.4152291284773265E-003
 mdl_vevhat =    246.21961912951551     
 mdl_lam =   0.12905352724481209     
 mdl_aEW =    7.5614618607353409E-003
 mdl_yb =    2.4008698866559607E-002
 mdl_yc =    5.7437078628133041E-102
 mdl_ydo =    5.7437078628133041E-102
 mdl_ye =    5.7437078628133041E-102
 mdl_ym =    5.7437078628133041E-102
 mdl_ys =    5.7437078628133041E-102
 mdl_yt =   0.99481020183926416     
 mdl_ytau =    1.0206568872219240E-002
 mdl_yup =    5.7437078628133041E-102
 mdl_vevhat__exp__2 =    60624.100844283676     
 mdl_barlam =   0.12905352724481209     
 mdl_vevT =    246.21961912951551     
 mdl_sqrt__aEW =    8.6956666568672819E-002
 mdl_ee =   0.30825335704310214     
 mdl_gwsh =   0.65296989967087182     
 mdl_vev =    246.21961912951551     
 mdl_g1 =   0.34966952144878632     
 mdl_gw =   0.65296989967087182     
 mdl_ee__exp__2 =    9.5020132128342205E-002
 mdl_gHaa =   -1.9303830602986922E-003
 mdl_gHza =   -6.8546472954154700E-003
 mdl_g1sh =   0.34966952144878632     
 mdl_I1d11 =  (  5.7437078628133041E-102,  0.0000000000000000     )
 mdl_I1d22 =  (  5.7437078628133041E-102,  0.0000000000000000     )
 mdl_I1d33 =  (  2.4008698866559607E-002,  0.0000000000000000     )
 mdl_I2d11 =  (  5.7437078628133041E-102,  0.0000000000000000     )
 mdl_I2d22 =  (  5.7437078628133041E-102,  0.0000000000000000     )
 mdl_I2d33 =  ( 0.99481020183926416     ,  0.0000000000000000     )
 mdl_I3d11 =  (  5.7437078628133041E-102,  0.0000000000000000     )
 mdl_I3d22 =  (  5.7437078628133041E-102,  0.0000000000000000     )
 mdl_I3d33 =  (  2.4008698866559607E-002,  0.0000000000000000     )
 mdl_I4d11 =  (  5.7437078628133041E-102,  0.0000000000000000     )
 mdl_I4d22 =  (  5.7437078628133041E-102,  0.0000000000000000     )
 mdl_I4d33 =  ( 0.99481020183926416     ,  0.0000000000000000     )
 mdl_I5d11 =  (  5.7437078628133041E-102,  0.0000000000000000     )
 mdl_I5d22 =  (  5.7437078628133041E-102,  0.0000000000000000     )
 mdl_I5d33 =  (  2.4008698866559607E-002,  0.0000000000000000     )
 mdl_I6d11 =  (  5.7437078628133041E-102,  0.0000000000000000     )
 mdl_I6d22 =  (  5.7437078628133041E-102,  0.0000000000000000     )
 mdl_I6d33 =  ( 0.99481020183926416     ,  0.0000000000000000     )
 mdl_ee__exp__3 =    2.9290274715240611E-002
 mdl_vevhat__exp__3 =    14926843.019948866     
  Internal Params evaluated point by point
  ----------------------------------------
  
 mdl_sqrt__aS =   0.34365680554879169     
 mdl_G__exp__2 =    1.4840883695558185     
 mdl_gHgg =    3.2334372328970845E-003
 mdl_G__exp__3 =  (  1.8079634332366095     ,  0.0000000000000000     )
  Couplings of SMEFTsim_A_U35_MwScheme_UFO_v3_1-cW_massless
  ---------------------------------
  
        GC_64 =   0.00000E+00   0.52893E-05
       GC_345 =   0.00000E+00   0.28325E-05
         GC_1 =   0.00000E+00   0.10275E+00
         GC_2 =  -0.00000E+00  -0.20550E+00
         GC_3 =  -0.00000E+00  -0.30825E+00
       GC_255 =  -0.00000E+00  -0.42637E+00
       GC_278 =  -0.00000E+00  -0.37035E+00
       GC_280 =  -0.00000E+00  -0.57563E+00
       GC_318 =   0.00000E+00   0.39178E-05
       GC_328 =  -0.00000E+00  -0.55024E-01
       GC_329 =   0.00000E+00   0.11005E+00
       GC_330 =  -0.00000E+00  -0.16507E+00
       GC_400 =   0.00000E+00   0.52490E+02
       GC_809 =  -0.00000E+00  -0.72171E-02
      GC_1073 =  -0.00000E+00  -0.46172E+00

 Collider parameters:
 --------------------

 Running at P P   machine @    13000.000000000000       GeV
 PDF set = lhapdf 
 alpha_s(Mz)= 0.1127 running at 3 loops.
 alpha_s(Mz)= 0.1127 running at 3 loops.
 Renormalization scale set on event-by-event basis
 Factorization   scale set on event-by-event basis


 getting user params
Enter number of events and max and min iterations: 
 Number of events and iterations         2000           8           3
Enter desired fractional accuracy: 
 Desired fractional accuracy:    1.0000000000000000E-002
Enter 0 for fixed, 2 for adjustable grid: 
Suppress amplitude (0 no, 1 yes)? 
 Using suppressed amplitude.
Exact helicity sum (0 yes, n = number/event)? 
 Explicitly summing over helicities
Enter Configuration Number: 
Running Configuration Number:  329
 Not subdividing B.W.
 Attempting mappinvarients           1           8
 Completed mapping           8
 about to integrate           16        2000           8           3          16           1
 Using non-zero grid deformation.
 16 dimensions   2000 events 16 invarients  8 iterations  1 config(s),  (0.99)
 Using h-tuple random number sequence.
 Error opening grid
 Using Uniform Grid!          32
 Using uniform alpha   1.0000000000000000     
 Grid defined OK
 Set CM energy to      13000.00
 Mapping Graph         329  to config         329
 Setting BW          -1           1   80.387000000000000     
Setting grid   2    0.59172E-08   1
 Setting BW          -3           2   80.387000000000000     
Setting grid   4    0.59172E-08   1
Setting grid   5    0.59172E-06   1
 Transforming s_hat 1/s           15   1.1585044837869826E-004   10000.000000000000        168999999.99999997     
 329   1   2   3   4   5   6   7   8   9  10  11  12  13  14
  15  16
 Masses: 0.000E+00 0.000E+00 0.000E+00 0.000E+00 0.000E+00 0.000E+00 0.000E+00 0.000E+00
Using random seed offsets   329 :      3
  with seed                   24
 Ranmar initialization seeds          59        9400
 
 ********************************************
 * You are using the DiscreteSampler module *
 *      part of the MG5_aMC framework       *
 *         Author: Valentin Hirschi         *
 ********************************************
 
  Particle       3       4       5       6       7       8
      Et >     0.0     0.0     0.0     0.0    10.0    10.0
       E >     0.0     0.0     0.0     0.0     0.0     0.0
     Eta <    -1.0    -1.0    -1.0    -1.0     6.5     6.5
   xqcut:      0.0     0.0     0.0     0.0     0.0     0.0
d R # 3  >    -0.0     0.4     0.0     0.0     0.4     0.4
d R # 4  >    -0.0    -0.0     0.0     0.0     0.4     0.4
d R # 5  >    -0.0    -0.0    -0.0     0.0     0.0     0.0
d R # 6  >    -0.0    -0.0    -0.0    -0.0     0.0     0.0
d R # 7  >    -0.0    -0.0    -0.0    -0.0    -0.0     0.4
s min # 3>     0.0     0.0     0.0     0.0     0.0     0.0
s min # 4>     0.0     0.0     0.0     0.0     0.0     0.0
s min # 5>     0.0     0.0     0.0     0.0     0.0     0.0
s min # 6>     0.0     0.0     0.0     0.0     0.0     0.0
s min # 7>     0.0     0.0     0.0     0.0     0.0 10000.0
xqcutij # 3>     0.0     0.0     0.0     0.0     0.0     0.0
xqcutij # 4>     0.0     0.0     0.0     0.0     0.0     0.0
xqcutij # 5>     0.0     0.0     0.0     0.0     0.0     0.0
xqcutij # 6>     0.0     0.0     0.0     0.0     0.0     0.0
xqcutij # 7>     0.0     0.0     0.0     0.0     0.0     0.0
 No cut BW           -1           1
 No cut BW           -3           2
 alpha_s for scale    47.178362062332496       is   0.12583472275054783     
 Added good helicity          193   256.00000000000000       in event            1 local:           1
 Added good helicity          193  -256.00000000000000       in event            1 local:           1
 RESET CUMULATIVE VARIABLE
 RESET CUMULATIVE VARIABLE
 RESET CUMULATIVE VARIABLE
 Iteration  1   Mean: -.2099E-05 Abs mean: 0.4618E-05   Fluctuation:  0.271E-05   0.535E-02     7.1%
  1   -0.2099E-05 0.4618E-05 +- 0.2706E-05     26.21
 Writing out events   4.0747518283694152E-009   26.209969176834164     
 Relative summed weights:
  0.3039E-01  0.0000E+00  0.1871E-03  0.4577E-03  0.0000E+00  0.0000E+00  0.5578E-01  0.0000E+00  0.8955E-03  0.1028E-02  0.0000E+00  0.0000E+00  0.9300E-03  0.1844E-01  0.1211E-02  0.7831E-03  0.4709E-05  0.0000E+00  0.0000E+00  0.1109E-02  0.3680E-02  0.4274E-02  0.0000E+00  0.0000E+00  0.8167E-03  0.6852E-01  0.2159E-02  0.2171E-05  0.0000E+00  0.0000E+00  0.0000E+00  0.4764E-03
  0.6398E-02  0.0000E+00  0.0000E+00  0.0000E+00  0.0000E+00  0.0000E+00  0.1736E+00  0.0000E+00  0.0000E+00  0.0000E+00  0.0000E+00  0.0000E+00  0.0000E+00  0.0000E+00  0.0000E+00  0.0000E+00  0.0000E+00  0.0000E+00  0.0000E+00  0.0000E+00  0.0000E+00  0.0000E+00  0.0000E+00  0.0000E+00  0.0000E+00  0.0000E+00  0.0000E+00  0.0000E+00  0.0000E+00  0.0000E+00  0.0000E+00  0.0000E+00
  0.4694E-01  0.0000E+00  0.0000E+00  0.0000E+00  0.2913E-05  0.0000E+00  0.5990E-01  0.0000E+00  0.0000E+00  0.0000E+00  0.0000E+00  0.0000E+00  0.0000E+00  0.0000E+00  0.0000E+00  0.0000E+00  0.1225E-05  0.0000E+00  0.0000E+00  0.0000E+00  0.0000E+00  0.0000E+00  0.0000E+00  0.0000E+00  0.0000E+00  0.0000E+00  0.0000E+00  0.0000E+00  0.0000E+00  0.0000E+00  0.0000E+00  0.0000E+00
  0.6190E-02  0.0000E+00  0.1363E-01  0.3833E-02  0.2951E-06  0.0000E+00  0.7635E-01  0.0000E+00  0.5497E-02  0.3133E-02  0.0000E+00  0.0000E+00  0.3023E-02  0.5401E-02  0.4898E-04  0.3757E-04  0.5184E-06  0.0000E+00  0.3340E-03  0.0000E+00  0.7227E-03  0.6244E-02  0.0000E+00  0.0000E+00  0.1473E-02  0.1060E-02  0.4603E-03  0.2870E-03  0.0000E+00  0.0000E+00  0.4016E-07  0.2547E-07
  0.3272E-02  0.0000E+00  0.8558E-04  0.4051E-03  0.9644E-06  0.0000E+00  0.0000E+00  0.0000E+00  0.3107E-02  0.1845E-01  0.0000E+00  0.0000E+00  0.0000E+00  0.0000E+00  0.1058E-03  0.2093E-03  0.0000E+00  0.0000E+00  0.5487E-05  0.0000E+00  0.0000E+00  0.0000E+00  0.0000E+00  0.0000E+00  0.0000E+00  0.0000E+00  0.0000E+00  0.0000E+00  0.0000E+00  0.0000E+00  0.0000E+00  0.0000E+00
  0.7360E-02  0.0000E+00  0.0000E+00  0.0000E+00  0.0000E+00  0.0000E+00  0.0000E+00  0.0000E+00  0.0000E+00  0.0000E+00  0.0000E+00  0.0000E+00  0.0000E+00  0.0000E+00  0.0000E+00  0.0000E+00  0.0000E+00  0.0000E+00  0.0000E+00  0.0000E+00  0.0000E+00  0.0000E+00  0.0000E+00  0.0000E+00  0.0000E+00  0.0000E+00  0.0000E+00  0.0000E+00  0.0000E+00  0.0000E+00  0.0000E+00  0.0000E+00
  0.1606E+00  0.0000E+00  0.0000E+00  0.0000E+00  0.5187E-04  0.0000E+00  0.0000E+00  0.0000E+00  0.0000E+00  0.0000E+00  0.0000E+00  0.0000E+00  0.0000E+00  0.0000E+00  0.0000E+00  0.0000E+00  0.0000E+00  0.0000E+00  0.0000E+00  0.0000E+00  0.0000E+00  0.0000E+00  0.0000E+00  0.0000E+00  0.0000E+00  0.0000E+00  0.0000E+00  0.0000E+00  0.0000E+00  0.0000E+00  0.0000E+00  0.0000E+00
  0.1923E+00  0.0000E+00  0.8230E-04  0.8105E-04  0.0000E+00  0.0000E+00  0.0000E+00  0.0000E+00  0.1116E-02  0.4810E-02  0.0000E+00  0.0000E+00  0.0000E+00  0.0000E+00  0.1996E-04  0.2217E-02  0.0000E+00  0.0000E+00  0.0000E+00  0.0000E+00  0.0000E+00  0.0000E+00  0.0000E+00  0.0000E+00  0.0000E+00  0.0000E+00  0.0000E+00  0.0000E+00  0.0000E+00  0.0000E+00  0.0000E+00  0.0000E+00
 Relative number of events:
  0.3479E-01  0.0000E+00  0.3568E-02  0.1160E-01  0.0000E+00  0.0000E+00  0.8653E-01  0.0000E+00  0.1070E-01  0.8921E-02  0.0000E+00  0.0000E+00  0.1160E-01  0.1963E-01  0.6244E-02  0.7136E-02  0.1784E-02  0.0000E+00  0.0000E+00  0.1784E-02  0.1873E-01  0.1784E-01  0.0000E+00  0.0000E+00  0.1873E-01  0.8921E-02  0.3568E-02  0.1784E-02  0.0000E+00  0.0000E+00  0.0000E+00  0.5352E-02
  0.3390E-01  0.0000E+00  0.0000E+00  0.0000E+00  0.0000E+00  0.0000E+00  0.6423E-01  0.0000E+00  0.0000E+00  0.0000E+00  0.0000E+00  0.0000E+00  0.0000E+00  0.0000E+00  0.0000E+00  0.0000E+00  0.0000E+00  0.0000E+00  0.0000E+00  0.0000E+00  0.0000E+00  0.0000E+00  0.0000E+00  0.0000E+00  0.0000E+00  0.0000E+00  0.0000E+00  0.0000E+00  0.0000E+00  0.0000E+00  0.0000E+00  0.0000E+00
  0.3033E-01  0.0000E+00  0.0000E+00  0.0000E+00  0.8921E-03  0.0000E+00  0.7136E-01  0.0000E+00  0.0000E+00  0.0000E+00  0.0000E+00  0.0000E+00  0.0000E+00  0.0000E+00  0.0000E+00  0.0000E+00  0.8921E-03  0.0000E+00  0.0000E+00  0.0000E+00  0.0000E+00  0.0000E+00  0.0000E+00  0.0000E+00  0.0000E+00  0.0000E+00  0.0000E+00  0.0000E+00  0.0000E+00  0.0000E+00  0.0000E+00  0.0000E+00
  0.3033E-01  0.0000E+00  0.1160E-01  0.1070E-01  0.8921E-03  0.0000E+00  0.5709E-01  0.0000E+00  0.1070E-01  0.8921E-02  0.0000E+00  0.0000E+00  0.1517E-01  0.2765E-01  0.8029E-02  0.6244E-02  0.1784E-02  0.0000E+00  0.1784E-02  0.0000E+00  0.1517E-01  0.1249E-01  0.0000E+00  0.0000E+00  0.2141E-01  0.1427E-01  0.6244E-02  0.5352E-02  0.0000E+00  0.0000E+00  0.8921E-03  0.8921E-03
  0.3122E-01  0.0000E+00  0.9813E-02  0.4460E-02  0.1784E-02  0.0000E+00  0.0000E+00  0.0000E+00  0.8029E-02  0.9813E-02  0.0000E+00  0.0000E+00  0.0000E+00  0.0000E+00  0.1160E-01  0.1070E-01  0.0000E+00  0.0000E+00  0.1784E-02  0.0000E+00  0.0000E+00  0.0000E+00  0.0000E+00  0.0000E+00  0.0000E+00  0.0000E+00  0.0000E+00  0.0000E+00  0.0000E+00  0.0000E+00  0.0000E+00  0.0000E+00
  0.3211E-01  0.0000E+00  0.0000E+00  0.0000E+00  0.0000E+00  0.0000E+00  0.0000E+00  0.0000E+00  0.0000E+00  0.0000E+00  0.0000E+00  0.0000E+00  0.0000E+00  0.0000E+00  0.0000E+00  0.0000E+00  0.0000E+00  0.0000E+00  0.0000E+00  0.0000E+00  0.0000E+00  0.0000E+00  0.0000E+00  0.0000E+00  0.0000E+00  0.0000E+00  0.0000E+00  0.0000E+00  0.0000E+00  0.0000E+00  0.0000E+00  0.0000E+00
  0.4103E-01  0.0000E+00  0.0000E+00  0.0000E+00  0.8921E-03  0.0000E+00  0.0000E+00  0.0000E+00  0.0000E+00  0.0000E+00  0.0000E+00  0.0000E+00  0.0000E+00  0.0000E+00  0.0000E+00  0.0000E+00  0.0000E+00  0.0000E+00  0.0000E+00  0.0000E+00  0.0000E+00  0.0000E+00  0.0000E+00  0.0000E+00  0.0000E+00  0.0000E+00  0.0000E+00  0.0000E+00  0.0000E+00  0.0000E+00  0.0000E+00  0.0000E+00
  0.4193E-01  0.0000E+00  0.7136E-02  0.4460E-02  0.0000E+00  0.0000E+00  0.0000E+00  0.0000E+00  0.9813E-02  0.8029E-02  0.0000E+00  0.0000E+00  0.0000E+00  0.0000E+00  0.8921E-02  0.8029E-02  0.0000E+00  0.0000E+00  0.0000E+00  0.0000E+00  0.0000E+00  0.0000E+00  0.0000E+00  0.0000E+00  0.0000E+00  0.0000E+00  0.0000E+00  0.0000E+00  0.0000E+00  0.0000E+00  0.0000E+00  0.0000E+00
 Events:
          39           0           4          13           0           0          97           0          12          10           0           0          13          22           7           8           2           0           0           2          21          20           0           0          21          10           4           2           0           0           0           6
          38           0           0           0           0           0          72           0           0           0           0           0           0           0           0           0           0           0           0           0           0           0           0           0           0           0           0           0           0           0           0           0
          34           0           0           0           1           0          80           0           0           0           0           0           0           0           0           0           1           0           0           0           0           0           0           0           0           0           0           0           0           0           0           0
          34           0          13          12           1           0          64           0          12          10           0           0          17          31           9           7           2           0           2           0          17          14           0           0          24          16           7           6           0           0           1           1
          35           0          11           5           2           0           0           0           9          11           0           0           0           0          13          12           0           0           2           0           0           0           0           0           0           0           0           0           0           0           0           0
          36           0           0           0           0           0           0           0           0           0           0           0           0           0           0           0           0           0           0           0           0           0           0           0           0           0           0           0           0           0           0           0
          46           0           0           0           1           0           0           0           0           0           0           0           0           0           0           0           0           0           0           0           0           0           0           0           0           0           0           0           0           0           0           0
          47           0           8           5           0           0           0           0          11           9           0           0           0           0          10           9           0           0           0           0           0           0           0           0           0           0           0           0           0           0           0           0
 Iteration  2   Mean: 0.1450E-05 Abs mean: 0.2860E-05   Fluctuation:  0.107E-05   0.419E-02    50.1%
  2    0.1450E-05 0.2860E-05 +- 0.1067E-05     23.60
 Relative summed weights:
  0.4907E-01  0.0000E+00  0.2454E-03  0.5363E-02  0.0000E+00  0.0000E+00  0.3990E-01  0.0000E+00  0.1930E-02  0.1156E-01  0.0000E+00  0.0000E+00  0.9449E-02  0.1156E-02  0.5512E-04  0.1126E-01  0.5983E-04  0.0000E+00  0.2540E-03  0.0000E+00  0.4241E-02  0.9203E-02  0.0000E+00  0.0000E+00  0.2803E-02  0.3292E-03  0.6631E-03  0.7827E-05  0.0000E+00  0.0000E+00  0.6266E-06  0.3393E-05
  0.9650E-02  0.0000E+00  0.0000E+00  0.0000E+00  0.3236E-06  0.0000E+00  0.5008E+00  0.0000E+00  0.0000E+00  0.0000E+00  0.0000E+00  0.0000E+00  0.0000E+00  0.0000E+00  0.0000E+00  0.0000E+00  0.0000E+00  0.0000E+00  0.0000E+00  0.0000E+00  0.0000E+00  0.0000E+00  0.0000E+00  0.0000E+00  0.0000E+00  0.0000E+00  0.0000E+00  0.0000E+00  0.0000E+00  0.0000E+00  0.0000E+00  0.0000E+00
  0.1699E-01  0.0000E+00  0.0000E+00  0.0000E+00  0.3538E-04  0.0000E+00  0.2800E-01  0.0000E+00  0.0000E+00  0.0000E+00  0.0000E+00  0.0000E+00  0.0000E+00  0.0000E+00  0.0000E+00  0.0000E+00  0.2523E-06  0.0000E+00  0.0000E+00  0.0000E+00  0.0000E+00  0.0000E+00  0.0000E+00  0.0000E+00  0.0000E+00  0.0000E+00  0.0000E+00  0.0000E+00  0.0000E+00  0.0000E+00  0.0000E+00  0.0000E+00
  0.6662E-01  0.0000E+00  0.7893E-04  0.1288E-02  0.3629E-05  0.0000E+00  0.4367E-01  0.0000E+00  0.3224E-02  0.3790E-02  0.0000E+00  0.0000E+00  0.1223E-02  0.2037E-01  0.7823E-04  0.2342E-03  0.3409E-03  0.0000E+00  0.2351E-07  0.9340E-07  0.5354E-03  0.8606E-03  0.0000E+00  0.0000E+00  0.9615E-02  0.8089E-04  0.1511E-02  0.1879E-04  0.0000E+00  0.0000E+00  0.2529E-05  0.2650E-05
  0.3296E-01  0.0000E+00  0.8456E-03  0.2264E-03  0.0000E+00  0.0000E+00  0.0000E+00  0.0000E+00  0.1390E-02  0.5860E-04  0.0000E+00  0.0000E+00  0.0000E+00  0.0000E+00  0.5937E-03  0.4753E-03  0.0000E+00  0.0000E+00  0.0000E+00  0.3229E-04  0.0000E+00  0.0000E+00  0.0000E+00  0.0000E+00  0.0000E+00  0.0000E+00  0.0000E+00  0.0000E+00  0.0000E+00  0.0000E+00  0.0000E+00  0.0000E+00
  0.1992E-01  0.0000E+00  0.0000E+00  0.0000E+00  0.0000E+00  0.0000E+00  0.0000E+00  0.0000E+00  0.0000E+00  0.0000E+00  0.0000E+00  0.0000E+00  0.0000E+00  0.0000E+00  0.0000E+00  0.0000E+00  0.0000E+00  0.0000E+00  0.0000E+00  0.0000E+00  0.0000E+00  0.0000E+00  0.0000E+00  0.0000E+00  0.0000E+00  0.0000E+00  0.0000E+00  0.0000E+00  0.0000E+00  0.0000E+00  0.0000E+00  0.0000E+00
  0.5713E-01  0.0000E+00  0.0000E+00  0.0000E+00  0.1157E-05  0.0000E+00  0.0000E+00  0.0000E+00  0.0000E+00  0.0000E+00  0.0000E+00  0.0000E+00  0.0000E+00  0.0000E+00  0.0000E+00  0.0000E+00  0.0000E+00  0.0000E+00  0.0000E+00  0.0000E+00  0.0000E+00  0.0000E+00  0.0000E+00  0.0000E+00  0.0000E+00  0.0000E+00  0.0000E+00  0.0000E+00  0.0000E+00  0.0000E+00  0.0000E+00  0.0000E+00
  0.1507E-01  0.0000E+00  0.2226E-03  0.7471E-02  0.0000E+00  0.0000E+00  0.0000E+00  0.0000E+00  0.1514E-02  0.2366E-02  0.0000E+00  0.0000E+00  0.0000E+00  0.0000E+00  0.1988E-03  0.2969E-02  0.0000E+00  0.0000E+00  0.0000E+00  0.0000E+00  0.0000E+00  0.0000E+00  0.0000E+00  0.0000E+00  0.0000E+00  0.0000E+00  0.0000E+00  0.0000E+00  0.0000E+00  0.0000E+00  0.0000E+00  0.0000E+00
 Relative number of events:
  0.3695E-01  0.0000E+00  0.8668E-02  0.7299E-02  0.0000E+00  0.0000E+00  0.8303E-01  0.0000E+00  0.1141E-01  0.8212E-02  0.0000E+00  0.0000E+00  0.2464E-01  0.2327E-01  0.7299E-02  0.7755E-02  0.4562E-03  0.0000E+00  0.9124E-03  0.0000E+00  0.1369E-01  0.1414E-01  0.0000E+00  0.0000E+00  0.1688E-01  0.1505E-01  0.1369E-02  0.2281E-02  0.0000E+00  0.0000E+00  0.9124E-03  0.9124E-03
  0.3422E-01  0.0000E+00  0.0000E+00  0.0000E+00  0.4562E-03  0.0000E+00  0.6524E-01  0.0000E+00  0.0000E+00  0.0000E+00  0.0000E+00  0.0000E+00  0.0000E+00  0.0000E+00  0.0000E+00  0.0000E+00  0.0000E+00  0.0000E+00  0.0000E+00  0.0000E+00  0.0000E+00  0.0000E+00  0.0000E+00  0.0000E+00  0.0000E+00  0.0000E+00  0.0000E+00  0.0000E+00  0.0000E+00  0.0000E+00  0.0000E+00  0.0000E+00
  0.3422E-01  0.0000E+00  0.0000E+00  0.0000E+00  0.1369E-02  0.0000E+00  0.7117E-01  0.0000E+00  0.0000E+00  0.0000E+00  0.0000E+00  0.0000E+00  0.0000E+00  0.0000E+00  0.0000E+00  0.0000E+00  0.4562E-03  0.0000E+00  0.0000E+00  0.0000E+00  0.0000E+00  0.0000E+00  0.0000E+00  0.0000E+00  0.0000E+00  0.0000E+00  0.0000E+00  0.0000E+00  0.0000E+00  0.0000E+00  0.0000E+00  0.0000E+00
  0.3741E-01  0.0000E+00  0.8668E-02  0.8668E-02  0.9124E-03  0.0000E+00  0.6524E-01  0.0000E+00  0.5931E-02  0.1049E-01  0.0000E+00  0.0000E+00  0.1734E-01  0.2144E-01  0.4562E-02  0.1141E-01  0.9124E-03  0.0000E+00  0.4562E-03  0.4562E-03  0.9124E-02  0.1779E-01  0.0000E+00  0.0000E+00  0.1779E-01  0.9580E-02  0.9124E-03  0.1369E-02  0.0000E+00  0.0000E+00  0.1369E-02  0.4562E-03
  0.3832E-01  0.0000E+00  0.1095E-01  0.7299E-02  0.0000E+00  0.0000E+00  0.0000E+00  0.0000E+00  0.6387E-02  0.4562E-02  0.0000E+00  0.0000E+00  0.0000E+00  0.0000E+00  0.6387E-02  0.7755E-02  0.0000E+00  0.0000E+00  0.0000E+00  0.4562E-03  0.0000E+00  0.0000E+00  0.0000E+00  0.0000E+00  0.0000E+00  0.0000E+00  0.0000E+00  0.0000E+00  0.0000E+00  0.0000E+00  0.0000E+00  0.0000E+00
  0.3923E-01  0.0000E+00  0.0000E+00  0.0000E+00  0.0000E+00  0.0000E+00  0.0000E+00  0.0000E+00  0.0000E+00  0.0000E+00  0.0000E+00  0.0000E+00  0.0000E+00  0.0000E+00  0.0000E+00  0.0000E+00  0.0000E+00  0.0000E+00  0.0000E+00  0.0000E+00  0.0000E+00  0.0000E+00  0.0000E+00  0.0000E+00  0.0000E+00  0.0000E+00  0.0000E+00  0.0000E+00  0.0000E+00  0.0000E+00  0.0000E+00  0.0000E+00
  0.3741E-01  0.0000E+00  0.0000E+00  0.0000E+00  0.4562E-03  0.0000E+00  0.0000E+00  0.0000E+00  0.0000E+00  0.0000E+00  0.0000E+00  0.0000E+00  0.0000E+00  0.0000E+00  0.0000E+00  0.0000E+00  0.0000E+00  0.0000E+00  0.0000E+00  0.0000E+00  0.0000E+00  0.0000E+00  0.0000E+00  0.0000E+00  0.0000E+00  0.0000E+00  0.0000E+00  0.0000E+00  0.0000E+00  0.0000E+00  0.0000E+00  0.0000E+00
  0.3193E-01  0.0000E+00  0.1186E-01  0.1505E-01  0.0000E+00  0.0000E+00  0.0000E+00  0.0000E+00  0.8212E-02  0.7755E-02  0.0000E+00  0.0000E+00  0.0000E+00  0.0000E+00  0.7755E-02  0.1369E-01  0.0000E+00  0.0000E+00  0.0000E+00  0.0000E+00  0.0000E+00  0.0000E+00  0.0000E+00  0.0000E+00  0.0000E+00  0.0000E+00  0.0000E+00  0.0000E+00  0.0000E+00  0.0000E+00  0.0000E+00  0.0000E+00
 Events:
          81           0          19          16           0           0         182           0          25          18           0           0          54          51          16          17           1           0           2           0          30          31           0           0          37          33           3           5           0           0           2           2
          75           0           0           0           1           0         143           0           0           0           0           0           0           0           0           0           0           0           0           0           0           0           0           0           0           0           0           0           0           0           0           0
          75           0           0           0           3           0         156           0           0           0           0           0           0           0           0           0           1           0           0           0           0           0           0           0           0           0           0           0           0           0           0           0
          82           0          19          19           2           0         143           0          13          23           0           0          38          47          10          25           2           0           1           1          20          39           0           0          39          21           2           3           0           0           3           1
          84           0          24          16           0           0           0           0          14          10           0           0           0           0          14          17           0           0           0           1           0           0           0           0           0           0           0           0           0           0           0           0
          86           0           0           0           0           0           0           0           0           0           0           0           0           0           0           0           0           0           0           0           0           0           0           0           0           0           0           0           0           0           0           0
          82           0           0           0           1           0           0           0           0           0           0           0           0           0           0           0           0           0           0           0           0           0           0           0           0           0           0           0           0           0           0           0
          70           0          26          33           0           0           0           0          18          17           0           0           0           0          17          30           0           0           0           0           0           0           0           0           0           0           0           0           0           0           0           0
 Iteration  3   Mean: 0.8547E-06 Abs mean: 0.2800E-05   Fluctuation:  0.329E-06   0.130E-02    68.2%
  3    0.8547E-06 0.2800E-05 +- 0.3293E-06     10.52
 Relative summed weights:
  0.4049E-01  0.0000E+00  0.3531E-02  0.1086E-02  0.8897E-05  0.0000E+00  0.7042E-01  0.0000E+00  0.4567E-02  0.8566E-03  0.0000E+00  0.0000E+00  0.1802E-02  0.9536E-02  0.1926E-02  0.2400E-02  0.2133E-05  0.0000E+00  0.8309E-06  0.0000E+00  0.7565E-02  0.5533E-02  0.0000E+00  0.0000E+00  0.2017E-02  0.7233E-02  0.9350E-05  0.3391E-05  0.0000E+00  0.0000E+00  0.9415E-05  0.1543E-04
  0.3346E-01  0.0000E+00  0.0000E+00  0.0000E+00  0.5194E-05  0.0000E+00  0.4872E-01  0.0000E+00  0.0000E+00  0.0000E+00  0.0000E+00  0.0000E+00  0.0000E+00  0.0000E+00  0.0000E+00  0.0000E+00  0.1478E-04  0.0000E+00  0.0000E+00  0.0000E+00  0.0000E+00  0.0000E+00  0.0000E+00  0.0000E+00  0.0000E+00  0.0000E+00  0.0000E+00  0.0000E+00  0.0000E+00  0.0000E+00  0.0000E+00  0.0000E+00
  0.2823E-01  0.0000E+00  0.0000E+00  0.0000E+00  0.1134E-04  0.0000E+00  0.1347E+00  0.0000E+00  0.0000E+00  0.0000E+00  0.0000E+00  0.0000E+00  0.0000E+00  0.0000E+00  0.0000E+00  0.0000E+00  0.1885E-04  0.0000E+00  0.0000E+00  0.0000E+00  0.0000E+00  0.0000E+00  0.0000E+00  0.0000E+00  0.0000E+00  0.0000E+00  0.0000E+00  0.0000E+00  0.0000E+00  0.0000E+00  0.0000E+00  0.0000E+00
  0.1120E+00  0.0000E+00  0.5252E-02  0.3150E-03  0.2719E-05  0.0000E+00  0.7676E-01  0.0000E+00  0.2476E-02  0.2977E-02  0.0000E+00  0.0000E+00  0.4182E-02  0.1643E-02  0.3355E-01  0.5715E-03  0.0000E+00  0.0000E+00  0.0000E+00  0.8398E-03  0.9991E-02  0.1020E+00  0.0000E+00  0.0000E+00  0.7861E-03  0.1341E-02  0.8692E-05  0.3580E-05  0.0000E+00  0.0000E+00  0.0000E+00  0.1578E-04
  0.1764E-01  0.0000E+00  0.2426E-02  0.7859E-03  0.2508E-06  0.0000E+00  0.0000E+00  0.0000E+00  0.8816E-03  0.8383E-02  0.0000E+00  0.0000E+00  0.0000E+00  0.0000E+00  0.3383E-02  0.3276E-03  0.0000E+00  0.0000E+00  0.9231E-05  0.0000E+00  0.0000E+00  0.0000E+00  0.0000E+00  0.0000E+00  0.0000E+00  0.0000E+00  0.0000E+00  0.0000E+00  0.0000E+00  0.0000E+00  0.0000E+00  0.0000E+00
  0.1046E+00  0.0000E+00  0.0000E+00  0.0000E+00  0.2115E-03  0.0000E+00  0.0000E+00  0.0000E+00  0.0000E+00  0.0000E+00  0.0000E+00  0.0000E+00  0.0000E+00  0.0000E+00  0.0000E+00  0.0000E+00  0.0000E+00  0.0000E+00  0.0000E+00  0.0000E+00  0.0000E+00  0.0000E+00  0.0000E+00  0.0000E+00  0.0000E+00  0.0000E+00  0.0000E+00  0.0000E+00  0.0000E+00  0.0000E+00  0.0000E+00  0.0000E+00
  0.2551E-01  0.0000E+00  0.0000E+00  0.0000E+00  0.2424E-04  0.0000E+00  0.0000E+00  0.0000E+00  0.0000E+00  0.0000E+00  0.0000E+00  0.0000E+00  0.0000E+00  0.0000E+00  0.0000E+00  0.0000E+00  0.0000E+00  0.0000E+00  0.0000E+00  0.0000E+00  0.0000E+00  0.0000E+00  0.0000E+00  0.0000E+00  0.0000E+00  0.0000E+00  0.0000E+00  0.0000E+00  0.0000E+00  0.0000E+00  0.0000E+00  0.0000E+00
  0.5596E-01  0.0000E+00  0.2813E-02  0.7173E-02  0.6140E-02  0.0000E+00  0.0000E+00  0.0000E+00  0.1926E-02  0.1823E-02  0.0000E+00  0.0000E+00  0.0000E+00  0.0000E+00  0.3294E-03  0.6177E-03  0.0000E+00  0.0000E+00  0.0000E+00  0.5489E-04  0.0000E+00  0.0000E+00  0.0000E+00  0.0000E+00  0.0000E+00  0.0000E+00  0.0000E+00  0.0000E+00  0.0000E+00  0.0000E+00  0.0000E+00  0.0000E+00
 Relative number of events:
  0.3588E-01  0.0000E+00  0.9259E-02  0.1019E-01  0.4630E-03  0.0000E+00  0.7523E-01  0.0000E+00  0.6019E-02  0.5093E-02  0.0000E+00  0.0000E+00  0.1898E-01  0.2153E-01  0.7407E-02  0.4861E-02  0.6944E-03  0.0000E+00  0.2315E-03  0.0000E+00  0.1134E-01  0.1157E-01  0.0000E+00  0.0000E+00  0.9954E-02  0.1435E-01  0.1157E-02  0.9259E-03  0.0000E+00  0.0000E+00  0.9259E-03  0.6944E-03
  0.3264E-01  0.0000E+00  0.0000E+00  0.0000E+00  0.2315E-03  0.0000E+00  0.7292E-01  0.0000E+00  0.0000E+00  0.0000E+00  0.0000E+00  0.0000E+00  0.0000E+00  0.0000E+00  0.0000E+00  0.0000E+00  0.6944E-03  0.0000E+00  0.0000E+00  0.0000E+00  0.0000E+00  0.0000E+00  0.0000E+00  0.0000E+00  0.0000E+00  0.0000E+00  0.0000E+00  0.0000E+00  0.0000E+00  0.0000E+00  0.0000E+00  0.0000E+00
  0.3449E-01  0.0000E+00  0.0000E+00  0.0000E+00  0.2315E-03  0.0000E+00  0.8009E-01  0.0000E+00  0.0000E+00  0.0000E+00  0.0000E+00  0.0000E+00  0.0000E+00  0.0000E+00  0.0000E+00  0.0000E+00  0.1157E-02  0.0000E+00  0.0000E+00  0.0000E+00  0.0000E+00  0.0000E+00  0.0000E+00  0.0000E+00  0.0000E+00  0.0000E+00  0.0000E+00  0.0000E+00  0.0000E+00  0.0000E+00  0.0000E+00  0.0000E+00
  0.3843E-01  0.0000E+00  0.1134E-01  0.8102E-02  0.2315E-03  0.0000E+00  0.9282E-01  0.0000E+00  0.8565E-02  0.6019E-02  0.0000E+00  0.0000E+00  0.1875E-01  0.1574E-01  0.5787E-02  0.6481E-02  0.0000E+00  0.0000E+00  0.0000E+00  0.9259E-03  0.1181E-01  0.1435E-01  0.0000E+00  0.0000E+00  0.1181E-01  0.1389E-01  0.1389E-02  0.1157E-02  0.0000E+00  0.0000E+00  0.0000E+00  0.9259E-03
  0.4537E-01  0.0000E+00  0.1019E-01  0.1227E-01  0.6944E-03  0.0000E+00  0.0000E+00  0.0000E+00  0.4630E-02  0.7407E-02  0.0000E+00  0.0000E+00  0.0000E+00  0.0000E+00  0.7407E-02  0.7639E-02  0.0000E+00  0.0000E+00  0.4630E-03  0.0000E+00  0.0000E+00  0.0000E+00  0.0000E+00  0.0000E+00  0.0000E+00  0.0000E+00  0.0000E+00  0.0000E+00  0.0000E+00  0.0000E+00  0.0000E+00  0.0000E+00
  0.4352E-01  0.0000E+00  0.0000E+00  0.0000E+00  0.9259E-03  0.0000E+00  0.0000E+00  0.0000E+00  0.0000E+00  0.0000E+00  0.0000E+00  0.0000E+00  0.0000E+00  0.0000E+00  0.0000E+00  0.0000E+00  0.0000E+00  0.0000E+00  0.0000E+00  0.0000E+00  0.0000E+00  0.0000E+00  0.0000E+00  0.0000E+00  0.0000E+00  0.0000E+00  0.0000E+00  0.0000E+00  0.0000E+00  0.0000E+00  0.0000E+00  0.0000E+00
  0.4144E-01  0.0000E+00  0.0000E+00  0.0000E+00  0.6944E-03  0.0000E+00  0.0000E+00  0.0000E+00  0.0000E+00  0.0000E+00  0.0000E+00  0.0000E+00  0.0000E+00  0.0000E+00  0.0000E+00  0.0000E+00  0.0000E+00  0.0000E+00  0.0000E+00  0.0000E+00  0.0000E+00  0.0000E+00  0.0000E+00  0.0000E+00  0.0000E+00  0.0000E+00  0.0000E+00  0.0000E+00  0.0000E+00  0.0000E+00  0.0000E+00  0.0000E+00
  0.3542E-01  0.0000E+00  0.7870E-02  0.1019E-01  0.4630E-03  0.0000E+00  0.0000E+00  0.0000E+00  0.5324E-02  0.5093E-02  0.0000E+00  0.0000E+00  0.0000E+00  0.0000E+00  0.5093E-02  0.9491E-02  0.0000E+00  0.0000E+00  0.0000E+00  0.6944E-03  0.0000E+00  0.0000E+00  0.0000E+00  0.0000E+00  0.0000E+00  0.0000E+00  0.0000E+00  0.0000E+00  0.0000E+00  0.0000E+00  0.0000E+00  0.0000E+00
 Events:
         155           0          40          44           2           0         325           0          26          22           0           0          82          93          32          21           3           0           1           0          49          50           0           0          43          62           5           4           0           0           4           3
         141           0           0           0           1           0         315           0           0           0           0           0           0           0           0           0           3           0           0           0           0           0           0           0           0           0           0           0           0           0           0           0
         149           0           0           0           1           0         346           0           0           0           0           0           0           0           0           0           5           0           0           0           0           0           0           0           0           0           0           0           0           0           0           0
         166           0          49          35           1           0         401           0          37          26           0           0          81          68          25          28           0           0           0           4          51          62           0           0          51          60           6           5           0           0           0           4
         196           0          44          53           3           0           0           0          20          32           0           0           0           0          32          33           0           0           2           0           0           0           0           0           0           0           0           0           0           0           0           0
         188           0           0           0           4           0           0           0           0           0           0           0           0           0           0           0           0           0           0           0           0           0           0           0           0           0           0           0           0           0           0           0
         179           0           0           0           3           0           0           0           0           0           0           0           0           0           0           0           0           0           0           0           0           0           0           0           0           0           0           0           0           0           0           0
         153           0          34          44           2           0           0           0          23          22           0           0           0           0          22          41           0           0           0           3           0           0           0           0           0           0           0           0           0           0           0           0
 Accuracy:    0.083   0.010   0.110   0.561
 Found          427  events.
 Wrote           17  events.
 Actual xsec    8.0216487173591998E-007
 Correct abs xsec    2.8697491515620851E-006
 Event xsec    2.8697491515620838E-006
 Events wgts > 1:            0
 % Cross section > 1:    0.0000000000000000        0.0000000000000000     
 Iteration  4   Mean: 0.6581E-06 Abs mean: 0.3072E-05   Fluctuation:  0.194E-06   0.145E-02    76.6%
  4    0.6581E-06 0.3072E-05 +- 0.1945E-06      8.01
 Relative summed weights:
  0.4853E-01  0.0000E+00  0.9361E-03  0.8946E-03  0.1609E-04  0.0000E+00  0.1507E+00  0.0000E+00  0.1212E-02  0.2881E-02  0.0000E+00  0.0000E+00  0.3434E-02  0.1068E-01  0.4796E-03  0.6945E-03  0.4238E-05  0.0000E+00  0.0000E+00  0.1588E-03  0.1068E-01  0.1809E-01  0.0000E+00  0.0000E+00  0.2598E-02  0.1992E-02  0.5243E-04  0.6858E-04  0.0000E+00  0.0000E+00  0.5232E-04  0.1060E-04
  0.3635E-01  0.0000E+00  0.0000E+00  0.0000E+00  0.1539E-03  0.0000E+00  0.9677E-01  0.0000E+00  0.0000E+00  0.0000E+00  0.0000E+00  0.0000E+00  0.0000E+00  0.0000E+00  0.0000E+00  0.0000E+00  0.2955E-03  0.0000E+00  0.0000E+00  0.0000E+00  0.0000E+00  0.0000E+00  0.0000E+00  0.0000E+00  0.0000E+00  0.0000E+00  0.0000E+00  0.0000E+00  0.0000E+00  0.0000E+00  0.0000E+00  0.0000E+00
  0.3203E-01  0.0000E+00  0.0000E+00  0.0000E+00  0.6220E-06  0.0000E+00  0.8791E-01  0.0000E+00  0.0000E+00  0.0000E+00  0.0000E+00  0.0000E+00  0.0000E+00  0.0000E+00  0.0000E+00  0.0000E+00  0.9971E-04  0.0000E+00  0.0000E+00  0.0000E+00  0.0000E+00  0.0000E+00  0.0000E+00  0.0000E+00  0.0000E+00  0.0000E+00  0.0000E+00  0.0000E+00  0.0000E+00  0.0000E+00  0.0000E+00  0.0000E+00
  0.2982E-01  0.0000E+00  0.1886E-02  0.3664E-02  0.1504E-04  0.0000E+00  0.9347E-01  0.0000E+00  0.3070E-02  0.1287E-01  0.0000E+00  0.0000E+00  0.3300E-02  0.7532E-02  0.1249E-02  0.3513E-03  0.1990E-04  0.0000E+00  0.7198E-07  0.2943E-06  0.1956E-01  0.1058E-01  0.0000E+00  0.0000E+00  0.3573E-02  0.3202E-02  0.4808E-04  0.3194E-03  0.0000E+00  0.0000E+00  0.5587E-05  0.2315E-05
  0.4909E-01  0.0000E+00  0.1861E-02  0.1526E-02  0.1839E-03  0.0000E+00  0.0000E+00  0.0000E+00  0.2314E-02  0.1294E-01  0.0000E+00  0.0000E+00  0.0000E+00  0.0000E+00  0.1273E-01  0.2026E-02  0.0000E+00  0.0000E+00  0.1004E-03  0.1705E-06  0.0000E+00  0.0000E+00  0.0000E+00  0.0000E+00  0.0000E+00  0.0000E+00  0.0000E+00  0.0000E+00  0.0000E+00  0.0000E+00  0.0000E+00  0.0000E+00
  0.6893E-01  0.0000E+00  0.0000E+00  0.0000E+00  0.2474E-04  0.0000E+00  0.0000E+00  0.0000E+00  0.0000E+00  0.0000E+00  0.0000E+00  0.0000E+00  0.0000E+00  0.0000E+00  0.0000E+00  0.0000E+00  0.0000E+00  0.0000E+00  0.0000E+00  0.0000E+00  0.0000E+00  0.0000E+00  0.0000E+00  0.0000E+00  0.0000E+00  0.0000E+00  0.0000E+00  0.0000E+00  0.0000E+00  0.0000E+00  0.0000E+00  0.0000E+00
  0.6119E-01  0.0000E+00  0.0000E+00  0.0000E+00  0.9821E-05  0.0000E+00  0.0000E+00  0.0000E+00  0.0000E+00  0.0000E+00  0.0000E+00  0.0000E+00  0.0000E+00  0.0000E+00  0.0000E+00  0.0000E+00  0.0000E+00  0.0000E+00  0.0000E+00  0.0000E+00  0.0000E+00  0.0000E+00  0.0000E+00  0.0000E+00  0.0000E+00  0.0000E+00  0.0000E+00  0.0000E+00  0.0000E+00  0.0000E+00  0.0000E+00  0.0000E+00
  0.5276E-01  0.0000E+00  0.2764E-02  0.2164E-02  0.2577E-04  0.0000E+00  0.0000E+00  0.0000E+00  0.5142E-02  0.1907E-01  0.0000E+00  0.0000E+00  0.0000E+00  0.0000E+00  0.1309E-02  0.1558E-02  0.0000E+00  0.0000E+00  0.2349E-05  0.1585E-05  0.0000E+00  0.0000E+00  0.0000E+00  0.0000E+00  0.0000E+00  0.0000E+00  0.0000E+00  0.0000E+00  0.0000E+00  0.0000E+00  0.0000E+00  0.0000E+00
 Relative number of events:
  0.3910E-01  0.0000E+00  0.9192E-02  0.1071E-01  0.1164E-03  0.0000E+00  0.7994E-01  0.0000E+00  0.4887E-02  0.5702E-02  0.0000E+00  0.0000E+00  0.1687E-01  0.1897E-01  0.5236E-02  0.8029E-02  0.3491E-03  0.0000E+00  0.0000E+00  0.5818E-03  0.1152E-01  0.1105E-01  0.0000E+00  0.0000E+00  0.1233E-01  0.1129E-01  0.8145E-03  0.1164E-02  0.0000E+00  0.0000E+00  0.5818E-03  0.4654E-03
  0.3980E-01  0.0000E+00  0.0000E+00  0.0000E+00  0.3491E-03  0.0000E+00  0.8424E-01  0.0000E+00  0.0000E+00  0.0000E+00  0.0000E+00  0.0000E+00  0.0000E+00  0.0000E+00  0.0000E+00  0.0000E+00  0.4654E-03  0.0000E+00  0.0000E+00  0.0000E+00  0.0000E+00  0.0000E+00  0.0000E+00  0.0000E+00  0.0000E+00  0.0000E+00  0.0000E+00  0.0000E+00  0.0000E+00  0.0000E+00  0.0000E+00  0.0000E+00
  0.4119E-01  0.0000E+00  0.0000E+00  0.0000E+00  0.2327E-03  0.0000E+00  0.7668E-01  0.0000E+00  0.0000E+00  0.0000E+00  0.0000E+00  0.0000E+00  0.0000E+00  0.0000E+00  0.0000E+00  0.0000E+00  0.3491E-03  0.0000E+00  0.0000E+00  0.0000E+00  0.0000E+00  0.0000E+00  0.0000E+00  0.0000E+00  0.0000E+00  0.0000E+00  0.0000E+00  0.0000E+00  0.0000E+00  0.0000E+00  0.0000E+00  0.0000E+00
  0.4352E-01  0.0000E+00  0.9309E-02  0.9658E-02  0.2327E-03  0.0000E+00  0.8320E-01  0.0000E+00  0.7098E-02  0.6633E-02  0.0000E+00  0.0000E+00  0.1769E-01  0.1722E-01  0.6982E-02  0.5236E-02  0.8145E-03  0.0000E+00  0.1164E-03  0.2327E-03  0.1105E-01  0.1164E-01  0.0000E+00  0.0000E+00  0.1164E-01  0.1257E-01  0.1164E-02  0.9309E-03  0.0000E+00  0.0000E+00  0.2327E-03  0.4654E-03
  0.3886E-01  0.0000E+00  0.8960E-02  0.1117E-01  0.5818E-03  0.0000E+00  0.0000E+00  0.0000E+00  0.5120E-02  0.6400E-02  0.0000E+00  0.0000E+00  0.0000E+00  0.0000E+00  0.7098E-02  0.6516E-02  0.0000E+00  0.0000E+00  0.1164E-03  0.2327E-03  0.0000E+00  0.0000E+00  0.0000E+00  0.0000E+00  0.0000E+00  0.0000E+00  0.0000E+00  0.0000E+00  0.0000E+00  0.0000E+00  0.0000E+00  0.0000E+00
  0.4014E-01  0.0000E+00  0.0000E+00  0.0000E+00  0.6982E-03  0.0000E+00  0.0000E+00  0.0000E+00  0.0000E+00  0.0000E+00  0.0000E+00  0.0000E+00  0.0000E+00  0.0000E+00  0.0000E+00  0.0000E+00  0.0000E+00  0.0000E+00  0.0000E+00  0.0000E+00  0.0000E+00  0.0000E+00  0.0000E+00  0.0000E+00  0.0000E+00  0.0000E+00  0.0000E+00  0.0000E+00  0.0000E+00  0.0000E+00  0.0000E+00  0.0000E+00
  0.3968E-01  0.0000E+00  0.0000E+00  0.0000E+00  0.5818E-03  0.0000E+00  0.0000E+00  0.0000E+00  0.0000E+00  0.0000E+00  0.0000E+00  0.0000E+00  0.0000E+00  0.0000E+00  0.0000E+00  0.0000E+00  0.0000E+00  0.0000E+00  0.0000E+00  0.0000E+00  0.0000E+00  0.0000E+00  0.0000E+00  0.0000E+00  0.0000E+00  0.0000E+00  0.0000E+00  0.0000E+00  0.0000E+00  0.0000E+00  0.0000E+00  0.0000E+00
  0.3991E-01  0.0000E+00  0.9192E-02  0.1012E-01  0.6982E-03  0.0000E+00  0.0000E+00  0.0000E+00  0.6400E-02  0.5003E-02  0.0000E+00  0.0000E+00  0.0000E+00  0.0000E+00  0.6982E-02  0.5236E-02  0.0000E+00  0.0000E+00  0.2327E-03  0.2327E-03  0.0000E+00  0.0000E+00  0.0000E+00  0.0000E+00  0.0000E+00  0.0000E+00  0.0000E+00  0.0000E+00  0.0000E+00  0.0000E+00  0.0000E+00  0.0000E+00
 Events:
         336           0          79          92           1           0         687           0          42          49           0           0         145         163          45          69           3           0           0           5          99          95           0           0         106          97           7          10           0           0           5           4
         342           0           0           0           3           0         724           0           0           0           0           0           0           0           0           0           4           0           0           0           0           0           0           0           0           0           0           0           0           0           0           0
         354           0           0           0           2           0         659           0           0           0           0           0           0           0           0           0           3           0           0           0           0           0           0           0           0           0           0           0           0           0           0           0
         374           0          80          83           2           0         715           0          61          57           0           0         152         148          60          45           7           0           1           2          95         100           0           0         100         108          10           8           0           0           2           4
         334           0          77          96           5           0           0           0          44          55           0           0           0           0          61          56           0           0           1           2           0           0           0           0           0           0           0           0           0           0           0           0
         345           0           0           0           6           0           0           0           0           0           0           0           0           0           0           0           0           0           0           0           0           0           0           0           0           0           0           0           0           0           0           0
         341           0           0           0           5           0           0           0           0           0           0           0           0           0           0           0           0           0           0           0           0           0           0           0           0           0           0           0           0           0           0           0
         343           0          79          87           6           0           0           0          55          43           0           0           0           0          60          45           0           0           2           2           0           0           0           0           0           0           0           0           0           0           0           0
 Accuracy:    0.036   0.010   0.055   0.430
 Found         1154  events.
 Wrote           40  events.
 Actual xsec    7.1859990716649541E-007
 Correct abs xsec    3.0073304999364396E-006
 Event xsec    3.0073304999364366E-006
 Events wgts > 1:            3
 % Cross section > 1:    3.0967636232974830E-008   1.0297383754006872     
 Iteration  5   Mean: 0.7178E-06 Abs mean: 0.2752E-05   Fluctuation:  0.891E-07   0.120E-02    82.1%
  5    0.7178E-06 0.2752E-05 +- 0.8913E-07      5.79
 Relative summed weights:
  0.5199E-01  0.0000E+00  0.2088E-02  0.2444E-02  0.2642E-04  0.0000E+00  0.9624E-01  0.0000E+00  0.4456E-02  0.4866E-02  0.0000E+00  0.0000E+00  0.5923E-02  0.5729E-02  0.1620E-02  0.1360E-02  0.1201E-03  0.0000E+00  0.0000E+00  0.5599E-04  0.1394E-01  0.2317E-01  0.0000E+00  0.0000E+00  0.3776E-02  0.5459E-02  0.1623E-03  0.6756E-04  0.0000E+00  0.0000E+00  0.4656E-04  0.3727E-03
  0.5792E-01  0.0000E+00  0.0000E+00  0.0000E+00  0.2156E-03  0.0000E+00  0.1022E+00  0.0000E+00  0.0000E+00  0.0000E+00  0.0000E+00  0.0000E+00  0.0000E+00  0.0000E+00  0.0000E+00  0.0000E+00  0.2751E-03  0.0000E+00  0.0000E+00  0.0000E+00  0.0000E+00  0.0000E+00  0.0000E+00  0.0000E+00  0.0000E+00  0.0000E+00  0.0000E+00  0.0000E+00  0.0000E+00  0.0000E+00  0.0000E+00  0.0000E+00
  0.5207E-01  0.0000E+00  0.0000E+00  0.0000E+00  0.4327E-04  0.0000E+00  0.8228E-01  0.0000E+00  0.0000E+00  0.0000E+00  0.0000E+00  0.0000E+00  0.0000E+00  0.0000E+00  0.0000E+00  0.0000E+00  0.8771E-05  0.0000E+00  0.0000E+00  0.0000E+00  0.0000E+00  0.0000E+00  0.0000E+00  0.0000E+00  0.0000E+00  0.0000E+00  0.0000E+00  0.0000E+00  0.0000E+00  0.0000E+00  0.0000E+00  0.0000E+00
  0.4704E-01  0.0000E+00  0.5308E-02  0.4353E-02  0.1255E-04  0.0000E+00  0.8818E-01  0.0000E+00  0.1190E-01  0.6073E-02  0.0000E+00  0.0000E+00  0.8849E-02  0.3931E-02  0.5687E-02  0.3271E-02  0.1149E-03  0.0000E+00  0.7733E-04  0.8222E-04  0.2027E-01  0.7700E-02  0.0000E+00  0.0000E+00  0.2223E-02  0.4059E-02  0.1247E-03  0.5017E-04  0.0000E+00  0.0000E+00  0.7613E-04  0.4851E-03
  0.6911E-01  0.0000E+00  0.3402E-02  0.1697E-02  0.1318E-04  0.0000E+00  0.0000E+00  0.0000E+00  0.3670E-02  0.1495E-01  0.0000E+00  0.0000E+00  0.0000E+00  0.0000E+00  0.2050E-02  0.2645E-02  0.0000E+00  0.0000E+00  0.1747E-03  0.2298E-03  0.0000E+00  0.0000E+00  0.0000E+00  0.0000E+00  0.0000E+00  0.0000E+00  0.0000E+00  0.0000E+00  0.0000E+00  0.0000E+00  0.0000E+00  0.0000E+00
  0.3934E-01  0.0000E+00  0.0000E+00  0.0000E+00  0.4957E-04  0.0000E+00  0.0000E+00  0.0000E+00  0.0000E+00  0.0000E+00  0.0000E+00  0.0000E+00  0.0000E+00  0.0000E+00  0.0000E+00  0.0000E+00  0.0000E+00  0.0000E+00  0.0000E+00  0.0000E+00  0.0000E+00  0.0000E+00  0.0000E+00  0.0000E+00  0.0000E+00  0.0000E+00  0.0000E+00  0.0000E+00  0.0000E+00  0.0000E+00  0.0000E+00  0.0000E+00
  0.4845E-01  0.0000E+00  0.0000E+00  0.0000E+00  0.3926E-03  0.0000E+00  0.0000E+00  0.0000E+00  0.0000E+00  0.0000E+00  0.0000E+00  0.0000E+00  0.0000E+00  0.0000E+00  0.0000E+00  0.0000E+00  0.0000E+00  0.0000E+00  0.0000E+00  0.0000E+00  0.0000E+00  0.0000E+00  0.0000E+00  0.0000E+00  0.0000E+00  0.0000E+00  0.0000E+00  0.0000E+00  0.0000E+00  0.0000E+00  0.0000E+00  0.0000E+00
  0.5443E-01  0.0000E+00  0.3305E-02  0.1436E-02  0.4063E-03  0.0000E+00  0.0000E+00  0.0000E+00  0.6502E-02  0.6152E-02  0.0000E+00  0.0000E+00  0.0000E+00  0.0000E+00  0.1593E-02  0.1123E-02  0.0000E+00  0.0000E+00  0.4034E-04  0.8010E-05  0.0000E+00  0.0000E+00  0.0000E+00  0.0000E+00  0.0000E+00  0.0000E+00  0.0000E+00  0.0000E+00  0.0000E+00  0.0000E+00  0.0000E+00  0.0000E+00
 Relative number of events:
  0.4126E-01  0.0000E+00  0.8658E-02  0.1098E-01  0.3487E-03  0.0000E+00  0.8106E-01  0.0000E+00  0.6160E-02  0.5055E-02  0.0000E+00  0.0000E+00  0.1854E-01  0.1720E-01  0.6392E-02  0.5520E-02  0.2905E-03  0.0000E+00  0.0000E+00  0.2905E-03  0.1087E-01  0.1151E-01  0.0000E+00  0.0000E+00  0.1104E-01  0.1098E-01  0.1220E-02  0.1162E-02  0.0000E+00  0.0000E+00  0.4649E-03  0.5811E-03
  0.4312E-01  0.0000E+00  0.0000E+00  0.0000E+00  0.5230E-03  0.0000E+00  0.8310E-01  0.0000E+00  0.0000E+00  0.0000E+00  0.0000E+00  0.0000E+00  0.0000E+00  0.0000E+00  0.0000E+00  0.0000E+00  0.6973E-03  0.0000E+00  0.0000E+00  0.0000E+00  0.0000E+00  0.0000E+00  0.0000E+00  0.0000E+00  0.0000E+00  0.0000E+00  0.0000E+00  0.0000E+00  0.0000E+00  0.0000E+00  0.0000E+00  0.0000E+00
  0.4242E-01  0.0000E+00  0.0000E+00  0.0000E+00  0.1162E-03  0.0000E+00  0.8594E-01  0.0000E+00  0.0000E+00  0.0000E+00  0.0000E+00  0.0000E+00  0.0000E+00  0.0000E+00  0.0000E+00  0.0000E+00  0.5230E-03  0.0000E+00  0.0000E+00  0.0000E+00  0.0000E+00  0.0000E+00  0.0000E+00  0.0000E+00  0.0000E+00  0.0000E+00  0.0000E+00  0.0000E+00  0.0000E+00  0.0000E+00  0.0000E+00  0.0000E+00
  0.3899E-01  0.0000E+00  0.8077E-02  0.8368E-02  0.1162E-03  0.0000E+00  0.8100E-01  0.0000E+00  0.5753E-02  0.5055E-02  0.0000E+00  0.0000E+00  0.2034E-01  0.1801E-01  0.6857E-02  0.5695E-02  0.6392E-03  0.0000E+00  0.2324E-03  0.2905E-03  0.1168E-01  0.1058E-01  0.0000E+00  0.0000E+00  0.1122E-01  0.1284E-01  0.1453E-02  0.2905E-03  0.0000E+00  0.0000E+00  0.4649E-03  0.6973E-03
  0.4126E-01  0.0000E+00  0.9123E-02  0.8019E-02  0.1743E-03  0.0000E+00  0.0000E+00  0.0000E+00  0.5346E-02  0.5637E-02  0.0000E+00  0.0000E+00  0.0000E+00  0.0000E+00  0.5985E-02  0.5637E-02  0.0000E+00  0.0000E+00  0.4068E-03  0.2905E-03  0.0000E+00  0.0000E+00  0.0000E+00  0.0000E+00  0.0000E+00  0.0000E+00  0.0000E+00  0.0000E+00  0.0000E+00  0.0000E+00  0.0000E+00  0.0000E+00
  0.4236E-01  0.0000E+00  0.0000E+00  0.0000E+00  0.2905E-03  0.0000E+00  0.0000E+00  0.0000E+00  0.0000E+00  0.0000E+00  0.0000E+00  0.0000E+00  0.0000E+00  0.0000E+00  0.0000E+00  0.0000E+00  0.0000E+00  0.0000E+00  0.0000E+00  0.0000E+00  0.0000E+00  0.0000E+00  0.0000E+00  0.0000E+00  0.0000E+00  0.0000E+00  0.0000E+00  0.0000E+00  0.0000E+00  0.0000E+00  0.0000E+00  0.0000E+00
  0.4044E-01  0.0000E+00  0.0000E+00  0.0000E+00  0.1743E-03  0.0000E+00  0.0000E+00  0.0000E+00  0.0000E+00  0.0000E+00  0.0000E+00  0.0000E+00  0.0000E+00  0.0000E+00  0.0000E+00  0.0000E+00  0.0000E+00  0.0000E+00  0.0000E+00  0.0000E+00  0.0000E+00  0.0000E+00  0.0000E+00  0.0000E+00  0.0000E+00  0.0000E+00  0.0000E+00  0.0000E+00  0.0000E+00  0.0000E+00  0.0000E+00  0.0000E+00
  0.3992E-01  0.0000E+00  0.9530E-02  0.7554E-02  0.2324E-03  0.0000E+00  0.0000E+00  0.0000E+00  0.5055E-02  0.5288E-02  0.0000E+00  0.0000E+00  0.0000E+00  0.0000E+00  0.5985E-02  0.5927E-02  0.0000E+00  0.0000E+00  0.4068E-03  0.2905E-03  0.0000E+00  0.0000E+00  0.0000E+00  0.0000E+00  0.0000E+00  0.0000E+00  0.0000E+00  0.0000E+00  0.0000E+00  0.0000E+00  0.0000E+00  0.0000E+00
 Events:
         710           0         149         189           6           0        1395           0         106          87           0           0         319         296         110          95           5           0           0           5         187         198           0           0         190         189          21          20           0           0           8          10
         742           0           0           0           9           0        1430           0           0           0           0           0           0           0           0           0          12           0           0           0           0           0           0           0           0           0           0           0           0           0           0           0
         730           0           0           0           2           0        1479           0           0           0           0           0           0           0           0           0           9           0           0           0           0           0           0           0           0           0           0           0           0           0           0           0
         671           0         139         144           2           0        1394           0          99          87           0           0         350         310         118          98          11           0           4           5         201         182           0           0         193         221          25           5           0           0           8          12
         710           0         157         138           3           0           0           0          92          97           0           0           0           0         103          97           0           0           7           5           0           0           0           0           0           0           0           0           0           0           0           0
         729           0           0           0           5           0           0           0           0           0           0           0           0           0           0           0           0           0           0           0           0           0           0           0           0           0           0           0           0           0           0           0
         696           0           0           0           3           0           0           0           0           0           0           0           0           0           0           0           0           0           0           0           0           0           0           0           0           0           0           0           0           0           0           0
         687           0         164         130           4           0           0           0          87          91           0           0           0           0         103         102           0           0           7           5           0           0           0           0           0           0           0           0           0           0           0           0
 Accuracy:    0.027   0.010   0.028   0.929
 Found         2320  events.
 Wrote          118  events.
 Actual xsec    7.1385171222274226E-007
 Correct abs xsec    2.8174946384169502E-006
 Event xsec    2.8174946384169523E-006
 Events wgts > 1:            2
 % Cross section > 1:    2.7375158454676671E-008  0.97161350660307821     
 Iteration  6   Mean: 0.8172E-06 Abs mean: 0.2794E-05   Fluctuation:  0.522E-07   0.848E-03    84.5%
  6    0.8172E-06 0.2794E-05 +- 0.5222E-07      4.73
 Relative summed weights:
  0.4893E-01  0.0000E+00  0.2692E-02  0.2652E-02  0.6612E-05  0.0000E+00  0.1255E+00  0.0000E+00  0.6075E-02  0.3625E-02  0.0000E+00  0.0000E+00  0.5119E-02  0.6817E-02  0.2565E-02  0.1732E-02  0.9165E-04  0.0000E+00  0.1934E-04  0.1148E-03  0.1136E-01  0.1196E-01  0.0000E+00  0.0000E+00  0.3446E-02  0.5314E-02  0.9037E-04  0.2865E-03  0.0000E+00  0.0000E+00  0.4838E-04  0.1347E-03
  0.4993E-01  0.0000E+00  0.0000E+00  0.0000E+00  0.5615E-05  0.0000E+00  0.1043E+00  0.0000E+00  0.0000E+00  0.0000E+00  0.0000E+00  0.0000E+00  0.0000E+00  0.0000E+00  0.0000E+00  0.0000E+00  0.1525E-03  0.0000E+00  0.0000E+00  0.0000E+00  0.0000E+00  0.0000E+00  0.0000E+00  0.0000E+00  0.0000E+00  0.0000E+00  0.0000E+00  0.0000E+00  0.0000E+00  0.0000E+00  0.0000E+00  0.0000E+00
  0.5109E-01  0.0000E+00  0.0000E+00  0.0000E+00  0.2731E-04  0.0000E+00  0.8328E-01  0.0000E+00  0.0000E+00  0.0000E+00  0.0000E+00  0.0000E+00  0.0000E+00  0.0000E+00  0.0000E+00  0.0000E+00  0.6000E-04  0.0000E+00  0.0000E+00  0.0000E+00  0.0000E+00  0.0000E+00  0.0000E+00  0.0000E+00  0.0000E+00  0.0000E+00  0.0000E+00  0.0000E+00  0.0000E+00  0.0000E+00  0.0000E+00  0.0000E+00
  0.4244E-01  0.0000E+00  0.3145E-02  0.3001E-02  0.1078E-04  0.0000E+00  0.1029E+00  0.0000E+00  0.7553E-02  0.6746E-02  0.0000E+00  0.0000E+00  0.7092E-02  0.5391E-02  0.3052E-02  0.1440E-02  0.6174E-04  0.0000E+00  0.6285E-05  0.2264E-04  0.9840E-02  0.1316E-01  0.0000E+00  0.0000E+00  0.2861E-02  0.3511E-02  0.2893E-03  0.1963E-03  0.0000E+00  0.0000E+00  0.6400E-04  0.2419E-03
  0.5759E-01  0.0000E+00  0.4183E-02  0.2967E-02  0.4207E-04  0.0000E+00  0.0000E+00  0.0000E+00  0.5605E-02  0.7945E-02  0.0000E+00  0.0000E+00  0.0000E+00  0.0000E+00  0.2267E-02  0.1240E-02  0.0000E+00  0.0000E+00  0.5963E-04  0.2239E-04  0.0000E+00  0.0000E+00  0.0000E+00  0.0000E+00  0.0000E+00  0.0000E+00  0.0000E+00  0.0000E+00  0.0000E+00  0.0000E+00  0.0000E+00  0.0000E+00
  0.4887E-01  0.0000E+00  0.0000E+00  0.0000E+00  0.7035E-05  0.0000E+00  0.0000E+00  0.0000E+00  0.0000E+00  0.0000E+00  0.0000E+00  0.0000E+00  0.0000E+00  0.0000E+00  0.0000E+00  0.0000E+00  0.0000E+00  0.0000E+00  0.0000E+00  0.0000E+00  0.0000E+00  0.0000E+00  0.0000E+00  0.0000E+00  0.0000E+00  0.0000E+00  0.0000E+00  0.0000E+00  0.0000E+00  0.0000E+00  0.0000E+00  0.0000E+00
  0.5705E-01  0.0000E+00  0.0000E+00  0.0000E+00  0.1216E-04  0.0000E+00  0.0000E+00  0.0000E+00  0.0000E+00  0.0000E+00  0.0000E+00  0.0000E+00  0.0000E+00  0.0000E+00  0.0000E+00  0.0000E+00  0.0000E+00  0.0000E+00  0.0000E+00  0.0000E+00  0.0000E+00  0.0000E+00  0.0000E+00  0.0000E+00  0.0000E+00  0.0000E+00  0.0000E+00  0.0000E+00  0.0000E+00  0.0000E+00  0.0000E+00  0.0000E+00
  0.4947E-01  0.0000E+00  0.2593E-02  0.3903E-02  0.8357E-04  0.0000E+00  0.0000E+00  0.0000E+00  0.6084E-02  0.5332E-02  0.0000E+00  0.0000E+00  0.0000E+00  0.0000E+00  0.1895E-02  0.2216E-02  0.0000E+00  0.0000E+00  0.3438E-04  0.4752E-04  0.0000E+00  0.0000E+00  0.0000E+00  0.0000E+00  0.0000E+00  0.0000E+00  0.0000E+00  0.0000E+00  0.0000E+00  0.0000E+00  0.0000E+00  0.0000E+00
 Relative number of events:
  0.4188E-01  0.0000E+00  0.9466E-02  0.9348E-02  0.2064E-03  0.0000E+00  0.8396E-01  0.0000E+00  0.5544E-02  0.4394E-02  0.0000E+00  0.0000E+00  0.1828E-01  0.1758E-01  0.5338E-02  0.5515E-02  0.2654E-03  0.0000E+00  0.2654E-03  0.1474E-03  0.1017E-01  0.9643E-02  0.0000E+00  0.0000E+00  0.1038E-01  0.1009E-01  0.5013E-03  0.8552E-03  0.0000E+00  0.0000E+00  0.5013E-03  0.4423E-03
  0.4167E-01  0.0000E+00  0.0000E+00  0.0000E+00  0.2064E-03  0.0000E+00  0.8511E-01  0.0000E+00  0.0000E+00  0.0000E+00  0.0000E+00  0.0000E+00  0.0000E+00  0.0000E+00  0.0000E+00  0.0000E+00  0.2949E-03  0.0000E+00  0.0000E+00  0.0000E+00  0.0000E+00  0.0000E+00  0.0000E+00  0.0000E+00  0.0000E+00  0.0000E+00  0.0000E+00  0.0000E+00  0.0000E+00  0.0000E+00  0.0000E+00  0.0000E+00
  0.4129E-01  0.0000E+00  0.0000E+00  0.0000E+00  0.2064E-03  0.0000E+00  0.8440E-01  0.0000E+00  0.0000E+00  0.0000E+00  0.0000E+00  0.0000E+00  0.0000E+00  0.0000E+00  0.0000E+00  0.0000E+00  0.7078E-03  0.0000E+00  0.0000E+00  0.0000E+00  0.0000E+00  0.0000E+00  0.0000E+00  0.0000E+00  0.0000E+00  0.0000E+00  0.0000E+00  0.0000E+00  0.0000E+00  0.0000E+00  0.0000E+00  0.0000E+00
  0.4120E-01  0.0000E+00  0.9171E-02  0.9319E-02  0.1769E-03  0.0000E+00  0.8517E-01  0.0000E+00  0.6045E-02  0.5338E-02  0.0000E+00  0.0000E+00  0.1778E-01  0.1687E-01  0.5721E-02  0.5868E-02  0.5308E-03  0.0000E+00  0.1474E-03  0.2654E-03  0.9879E-02  0.1035E-01  0.0000E+00  0.0000E+00  0.1082E-01  0.9702E-02  0.9142E-03  0.7962E-03  0.0000E+00  0.0000E+00  0.5898E-03  0.4129E-03
  0.4152E-01  0.0000E+00  0.8788E-02  0.1023E-01  0.2654E-03  0.0000E+00  0.0000E+00  0.0000E+00  0.5515E-02  0.5397E-02  0.0000E+00  0.0000E+00  0.0000E+00  0.0000E+00  0.6281E-02  0.5485E-02  0.0000E+00  0.0000E+00  0.1180E-03  0.2654E-03  0.0000E+00  0.0000E+00  0.0000E+00  0.0000E+00  0.0000E+00  0.0000E+00  0.0000E+00  0.0000E+00  0.0000E+00  0.0000E+00  0.0000E+00  0.0000E+00
  0.4241E-01  0.0000E+00  0.0000E+00  0.0000E+00  0.1180E-03  0.0000E+00  0.0000E+00  0.0000E+00  0.0000E+00  0.0000E+00  0.0000E+00  0.0000E+00  0.0000E+00  0.0000E+00  0.0000E+00  0.0000E+00  0.0000E+00  0.0000E+00  0.0000E+00  0.0000E+00  0.0000E+00  0.0000E+00  0.0000E+00  0.0000E+00  0.0000E+00  0.0000E+00  0.0000E+00  0.0000E+00  0.0000E+00  0.0000E+00  0.0000E+00  0.0000E+00
  0.4335E-01  0.0000E+00  0.0000E+00  0.0000E+00  0.2359E-03  0.0000E+00  0.0000E+00  0.0000E+00  0.0000E+00  0.0000E+00  0.0000E+00  0.0000E+00  0.0000E+00  0.0000E+00  0.0000E+00  0.0000E+00  0.0000E+00  0.0000E+00  0.0000E+00  0.0000E+00  0.0000E+00  0.0000E+00  0.0000E+00  0.0000E+00  0.0000E+00  0.0000E+00  0.0000E+00  0.0000E+00  0.0000E+00  0.0000E+00  0.0000E+00  0.0000E+00
  0.4326E-01  0.0000E+00  0.8788E-02  0.8788E-02  0.3244E-03  0.0000E+00  0.0000E+00  0.0000E+00  0.5190E-02  0.4954E-02  0.0000E+00  0.0000E+00  0.0000E+00  0.0000E+00  0.6429E-02  0.5986E-02  0.0000E+00  0.0000E+00  0.3244E-03  0.2654E-03  0.0000E+00  0.0000E+00  0.0000E+00  0.0000E+00  0.0000E+00  0.0000E+00  0.0000E+00  0.0000E+00  0.0000E+00  0.0000E+00  0.0000E+00  0.0000E+00
 Events:
        1420           0         321         317           7           0        2847           0         188         149           0           0         620         596         181         187           9           0           9           5         345         327           0           0         352         342          17          29           0           0          17          15
        1413           0           0           0           7           0        2886           0           0           0           0           0           0           0           0           0          10           0           0           0           0           0           0           0           0           0           0           0           0           0           0           0
        1400           0           0           0           7           0        2862           0           0           0           0           0           0           0           0           0          24           0           0           0           0           0           0           0           0           0           0           0           0           0           0           0
        1397           0         311         316           6           0        2888           0         205         181           0           0         603         572         194         199          18           0           5           9         335         351           0           0         367         329          31          27           0           0          20          14
        1408           0         298         347           9           0           0           0         187         183           0           0           0           0         213         186           0           0           4           9           0           0           0           0           0           0           0           0           0           0           0           0
        1438           0           0           0           4           0           0           0           0           0           0           0           0           0           0           0           0           0           0           0           0           0           0           0           0           0           0           0           0           0           0           0
        1470           0           0           0           8           0           0           0           0           0           0           0           0           0           0           0           0           0           0           0           0           0           0           0           0           0           0           0           0           0           0           0
        1467           0         298         298          11           0           0           0         176         168           0           0           0           0         218         203           0           0          11           9           0           0           0           0           0           0           0           0           0           0           0           0
 Accuracy:    0.014   0.010   0.016   0.771
 Found         5471  events.
 Wrote          434  events.
 Actual xsec    7.8413380509244651E-007
 Correct abs xsec    2.8011715964984639E-006
 Event xsec    2.8011715964984686E-006
 Events wgts > 1:           10
 % Cross section > 1:    2.4803972474605517E-008  0.88548564841979238     
 Iteration  7   Mean: 0.7294E-06 Abs mean: 0.2726E-05   Fluctuation:  0.305E-07   0.683E-03    86.4%
  7    0.7294E-06 0.2726E-05 +- 0.3054E-07      4.01
 Exceeded boost           4          96   128000.000    
 Relative summed weights:
  0.4451E-01  0.0000E+00  0.4035E-02  0.3546E-02  0.2327E-03  0.0000E+00  0.1061E+00  0.0000E+00  0.4717E-02  0.5809E-02  0.0000E+00  0.0000E+00  0.7304E-02  0.7012E-02  0.1847E-02  0.1759E-02  0.1524E-03  0.0000E+00  0.1117E-03  0.8493E-04  0.1158E-01  0.9094E-02  0.0000E+00  0.0000E+00  0.5063E-02  0.4957E-02  0.2004E-03  0.1332E-03  0.0000E+00  0.0000E+00  0.7402E-04  0.1146E-03
  0.5646E-01  0.0000E+00  0.0000E+00  0.0000E+00  0.3154E-04  0.0000E+00  0.1048E+00  0.0000E+00  0.0000E+00  0.0000E+00  0.0000E+00  0.0000E+00  0.0000E+00  0.0000E+00  0.0000E+00  0.0000E+00  0.3247E-03  0.0000E+00  0.0000E+00  0.0000E+00  0.0000E+00  0.0000E+00  0.0000E+00  0.0000E+00  0.0000E+00  0.0000E+00  0.0000E+00  0.0000E+00  0.0000E+00  0.0000E+00  0.0000E+00  0.0000E+00
  0.4673E-01  0.0000E+00  0.0000E+00  0.0000E+00  0.9543E-04  0.0000E+00  0.1027E+00  0.0000E+00  0.0000E+00  0.0000E+00  0.0000E+00  0.0000E+00  0.0000E+00  0.0000E+00  0.0000E+00  0.0000E+00  0.2900E-03  0.0000E+00  0.0000E+00  0.0000E+00  0.0000E+00  0.0000E+00  0.0000E+00  0.0000E+00  0.0000E+00  0.0000E+00  0.0000E+00  0.0000E+00  0.0000E+00  0.0000E+00  0.0000E+00  0.0000E+00
  0.4771E-01  0.0000E+00  0.3708E-02  0.3055E-02  0.1692E-04  0.0000E+00  0.1016E+00  0.0000E+00  0.4634E-02  0.7026E-02  0.0000E+00  0.0000E+00  0.5119E-02  0.6205E-02  0.1569E-02  0.1984E-02  0.1009E-03  0.0000E+00  0.2586E-04  0.6537E-05  0.1316E-01  0.1190E-01  0.0000E+00  0.0000E+00  0.4219E-02  0.4463E-02  0.1317E-03  0.2610E-03  0.0000E+00  0.0000E+00  0.5641E-03  0.7897E-04
  0.4870E-01  0.0000E+00  0.3979E-02  0.2997E-02  0.2318E-04  0.0000E+00  0.0000E+00  0.0000E+00  0.7142E-02  0.7480E-02  0.0000E+00  0.0000E+00  0.0000E+00  0.0000E+00  0.2152E-02  0.2280E-02  0.0000E+00  0.0000E+00  0.5423E-04  0.2658E-04  0.0000E+00  0.0000E+00  0.0000E+00  0.0000E+00  0.0000E+00  0.0000E+00  0.0000E+00  0.0000E+00  0.0000E+00  0.0000E+00  0.0000E+00  0.0000E+00
  0.4924E-01  0.0000E+00  0.0000E+00  0.0000E+00  0.7505E-04  0.0000E+00  0.0000E+00  0.0000E+00  0.0000E+00  0.0000E+00  0.0000E+00  0.0000E+00  0.0000E+00  0.0000E+00  0.0000E+00  0.0000E+00  0.0000E+00  0.0000E+00  0.0000E+00  0.0000E+00  0.0000E+00  0.0000E+00  0.0000E+00  0.0000E+00  0.0000E+00  0.0000E+00  0.0000E+00  0.0000E+00  0.0000E+00  0.0000E+00  0.0000E+00  0.0000E+00
  0.5093E-01  0.0000E+00  0.0000E+00  0.0000E+00  0.2175E-04  0.0000E+00  0.0000E+00  0.0000E+00  0.0000E+00  0.0000E+00  0.0000E+00  0.0000E+00  0.0000E+00  0.0000E+00  0.0000E+00  0.0000E+00  0.0000E+00  0.0000E+00  0.0000E+00  0.0000E+00  0.0000E+00  0.0000E+00  0.0000E+00  0.0000E+00  0.0000E+00  0.0000E+00  0.0000E+00  0.0000E+00  0.0000E+00  0.0000E+00  0.0000E+00  0.0000E+00
  0.5532E-01  0.0000E+00  0.4304E-02  0.2295E-02  0.1492E-03  0.0000E+00  0.0000E+00  0.0000E+00  0.3927E-02  0.7177E-02  0.0000E+00  0.0000E+00  0.0000E+00  0.0000E+00  0.1754E-02  0.2493E-02  0.0000E+00  0.0000E+00  0.3170E-04  0.2287E-04  0.0000E+00  0.0000E+00  0.0000E+00  0.0000E+00  0.0000E+00  0.0000E+00  0.0000E+00  0.0000E+00  0.0000E+00  0.0000E+00  0.0000E+00  0.0000E+00
 Relative number of events:
  0.4165E-01  0.0000E+00  0.9237E-02  0.8901E-02  0.2781E-03  0.0000E+00  0.8425E-01  0.0000E+00  0.4787E-02  0.4831E-02  0.0000E+00  0.0000E+00  0.1777E-01  0.1811E-01  0.5783E-02  0.5168E-02  0.5709E-03  0.0000E+00  0.2050E-03  0.2196E-03  0.9984E-02  0.9911E-02  0.0000E+00  0.0000E+00  0.1139E-01  0.1047E-01  0.7612E-03  0.7759E-03  0.0000E+00  0.0000E+00  0.3221E-03  0.4685E-03
  0.4436E-01  0.0000E+00  0.0000E+00  0.0000E+00  0.3367E-03  0.0000E+00  0.8347E-01  0.0000E+00  0.0000E+00  0.0000E+00  0.0000E+00  0.0000E+00  0.0000E+00  0.0000E+00  0.0000E+00  0.0000E+00  0.4099E-03  0.0000E+00  0.0000E+00  0.0000E+00  0.0000E+00  0.0000E+00  0.0000E+00  0.0000E+00  0.0000E+00  0.0000E+00  0.0000E+00  0.0000E+00  0.0000E+00  0.0000E+00  0.0000E+00  0.0000E+00
  0.4289E-01  0.0000E+00  0.0000E+00  0.0000E+00  0.2781E-03  0.0000E+00  0.8482E-01  0.0000E+00  0.0000E+00  0.0000E+00  0.0000E+00  0.0000E+00  0.0000E+00  0.0000E+00  0.0000E+00  0.0000E+00  0.5124E-03  0.0000E+00  0.0000E+00  0.0000E+00  0.0000E+00  0.0000E+00  0.0000E+00  0.0000E+00  0.0000E+00  0.0000E+00  0.0000E+00  0.0000E+00  0.0000E+00  0.0000E+00  0.0000E+00  0.0000E+00
  0.4300E-01  0.0000E+00  0.9091E-02  0.8593E-02  0.2050E-03  0.0000E+00  0.8343E-01  0.0000E+00  0.4348E-02  0.5519E-02  0.0000E+00  0.0000E+00  0.1751E-01  0.1758E-01  0.5724E-02  0.5622E-02  0.4245E-03  0.0000E+00  0.2196E-03  0.1318E-03  0.9764E-02  0.1080E-01  0.0000E+00  0.0000E+00  0.1039E-01  0.1088E-01  0.7466E-03  0.7759E-03  0.0000E+00  0.0000E+00  0.5563E-03  0.3806E-03
  0.4329E-01  0.0000E+00  0.9106E-02  0.8725E-02  0.3074E-03  0.0000E+00  0.0000E+00  0.0000E+00  0.5329E-02  0.5256E-02  0.0000E+00  0.0000E+00  0.0000E+00  0.0000E+00  0.5578E-02  0.5841E-02  0.0000E+00  0.0000E+00  0.1464E-03  0.1610E-03  0.0000E+00  0.0000E+00  0.0000E+00  0.0000E+00  0.0000E+00  0.0000E+00  0.0000E+00  0.0000E+00  0.0000E+00  0.0000E+00  0.0000E+00  0.0000E+00
  0.4210E-01  0.0000E+00  0.0000E+00  0.0000E+00  0.1903E-03  0.0000E+00  0.0000E+00  0.0000E+00  0.0000E+00  0.0000E+00  0.0000E+00  0.0000E+00  0.0000E+00  0.0000E+00  0.0000E+00  0.0000E+00  0.0000E+00  0.0000E+00  0.0000E+00  0.0000E+00  0.0000E+00  0.0000E+00  0.0000E+00  0.0000E+00  0.0000E+00  0.0000E+00  0.0000E+00  0.0000E+00  0.0000E+00  0.0000E+00  0.0000E+00  0.0000E+00
  0.4136E-01  0.0000E+00  0.0000E+00  0.0000E+00  0.1903E-03  0.0000E+00  0.0000E+00  0.0000E+00  0.0000E+00  0.0000E+00  0.0000E+00  0.0000E+00  0.0000E+00  0.0000E+00  0.0000E+00  0.0000E+00  0.0000E+00  0.0000E+00  0.0000E+00  0.0000E+00  0.0000E+00  0.0000E+00  0.0000E+00  0.0000E+00  0.0000E+00  0.0000E+00  0.0000E+00  0.0000E+00  0.0000E+00  0.0000E+00  0.0000E+00  0.0000E+00
  0.4314E-01  0.0000E+00  0.1009E-01  0.8725E-02  0.2928E-03  0.0000E+00  0.0000E+00  0.0000E+00  0.4611E-02  0.4743E-02  0.0000E+00  0.0000E+00  0.0000E+00  0.0000E+00  0.5812E-02  0.5987E-02  0.0000E+00  0.0000E+00  0.2196E-03  0.1903E-03  0.0000E+00  0.0000E+00  0.0000E+00  0.0000E+00  0.0000E+00  0.0000E+00  0.0000E+00  0.0000E+00  0.0000E+00  0.0000E+00  0.0000E+00  0.0000E+00
 Events:
        2845           0         631         608          19           0        5755           0         327         330           0           0        1214        1237         395         353          39           0          14          15         682         677           0           0         778         715          52          53           0           0          22          32
        3030           0           0           0          23           0        5702           0           0           0           0           0           0           0           0           0          28           0           0           0           0           0           0           0           0           0           0           0           0           0           0           0
Thanks for using LHAPDF 6.2.1. Please make sure to cite the paper:
  Eur.Phys.J. C75 (2015) 3, 132  (http://arxiv.org/abs/1412.7420)
        2930           0           0           0          19           0        5794           0           0           0           0           0           0           0           0           0          35           0           0           0           0           0           0           0           0           0           0           0           0           0           0           0
        2937           0         621         587          14           0        5699           0         297         377           0           0        1196        1201         391         384          29           0          15           9         667         738           0           0         710         743          51          53           0           0          38          26
        2957           0         622         596          21           0           0           0         364         359           0           0           0           0         381         399           0           0          10          11           0           0           0           0           0           0           0           0           0           0           0           0
        2876           0           0           0          13           0           0           0           0           0           0           0           0           0           0           0           0           0           0           0           0           0           0           0           0           0           0           0           0           0           0           0
        2825           0           0           0          13           0           0           0           0           0           0           0           0           0           0           0           0           0           0           0           0           0           0           0           0           0           0           0           0           0           0           0
        2947           0         689         596          20           0           0           0         315         324           0           0           0           0         397         409           0           0          15          13           0           0           0           0           0           0           0           0           0           0           0           0
 Accuracy:    0.009   0.010   0.009   1.015
 Finished due to accuracy    9.1501963348443512E-003   1.0000000000000000E-002

 -------------------------------------------------------------------------------
 Accumulated results:   Integral =  0.2752E-05
                        Std dev  =  0.2500E-07
                       Cross sec =  0.7483E-06
             Chi**2 per DoF.     =      1.0146
 -------------------------------------------------------------------------------
 Found        11184  events.
 Wrote         1284  events.
 Actual xsec    7.4978882973013555E-007
 Correct abs xsec    2.7448660772722561E-006
 Event xsec    2.7448660772723637E-006
 Events wgts > 1:           28
 % Cross section > 1:    2.4527858176847156E-008  0.89359034234635770     
-------------------------------------------------
---------------------------
 Results Last   3 iters: Integral =   0.7498E-06
                     Abs integral =   0.2745E-05
                          Std dev =   0.2528E-07
                  Chi**2 per DoF. =      0.6276
-------------------------------------------------
---------------------------
 Status   1.0000000000000000E-002           8           8

ls status:
events.lhe
ftn26
input_app.txt
results.dat
run1_app.log
