==== LHAPDF6 USING DEFAULT-TYPE LHAGLUE INTERFACE ====
LHAPDF 6.2.1 loading /cvmfs/cms.cern.ch/slc6_amd64_gcc630/external/lhapdf/6.2.1-ghjeda2/share/LHAPDF/NNPDF31_nnlo_as_0118_nf_4_mc_hessian/NNPDF31_nnlo_as_0118_nf_4_mc_hessian_0000.dat
NNPDF31_nnlo_as_0118_nf_4_mc_hessian PDF set, member #0, version 1; LHAPDF ID = 325500
 Process in group number            2
 A PDF is used, so alpha_s(MZ) is going to be modified
 Old value of alpha_s from param_card:   0.11810000000000001     
 New value of alpha_s from PDF lhapdf :  0.11266013434007299     
 using LHAPDF
 Define smin to   10000.000000000000     
 Define smin to   10000.000000000000     
 Define smin to   10000.000000000000     
 Define smin to   10000.000000000000     
 Define smin to   10000.000000000000     
 Define smin to   10000.000000000000     
 Define smin to   10000.000000000000     
 *****************************************************
 *               MadGraph/MadEvent                   *
 *        --------------------------------           *
 *          http://madgraph.hep.uiuc.edu             *
 *          http://madgraph.phys.ucl.ac.be           *
 *          http://madgraph.roma2.infn.it            *
 *        --------------------------------           *
 *                                                   *
 *          PARAMETER AND COUPLING VALUES            *
 *                                                   *
 *****************************************************

  External Params
  ---------------------------------
  
 mdl_MW0 =    80.387000000000000     
 mdl_Gf =    1.1663789999999999E-005
 aS =   0.11810000000000001     
 mdl_ymdo =    1.0000000000000000E-099
 mdl_ymb =    4.1799999999999997     
 mdl_ymt =    173.19999999999999     
 mdl_ymtau =    1.7769999999999999     
 mdl_LambdaSMEFT =    1000.0000000000000     
 mdl_MZ =    91.187600000000003     
 mdl_MTA =    1.7769999999999999     
 mdl_MT =    173.19999999999999     
 mdl_MB =    4.1799999999999997     
 mdl_MH =    125.09000000000000     
 mdl_WZ =    2.4952000000000001     
 mdl_WW =    2.0850000000000000     
 mdl_WT =    1.5083359999999999     
 mdl_WH =    4.0699999999999998E-003
  Internal Params
  ---------------------------------
  
 mdl_ymm =    1.0000000000000000E-099
 mdl_yme =    1.0000000000000000E-099
 mdl_ymc =    1.0000000000000000E-099
 mdl_yms =    1.0000000000000000E-099
 mdl_ymup =    1.0000000000000000E-099
 mdl_conjg__CKM3x3 =    1.0000000000000000     
 mdl_cH =    0.0000000000000000     
 mdl_cHB =    0.0000000000000000     
 mdl_CKM2x2 =    1.0000000000000000     
 mdl_CKM1x1 =    1.0000000000000000     
 mdl_conjg__CKM1x1 =    1.0000000000000000     
 mdl_dGf =    0.0000000000000000     
 mdl_CKM3x3 =    1.0000000000000000     
 mdl_dMH2 =    0.0000000000000000     
 mdl_conjg__CKM2x2 =    1.0000000000000000     
 mdl_dg1 =    0.0000000000000000     
 mdl_cHW =    0.0000000000000000     
 mdl_dgw =    0.0000000000000000     
 mdl_complexi =  (  0.0000000000000000     ,  1.0000000000000000     )
 mdl_MW =    80.387000000000000     
 mdl_nb__2__exp__0_25 =    1.1892071150027210     
 mdl_MH__exp__2 =    15647.508100000001     
 mdl_sqrt__2 =    1.4142135623730951     
 mdl_MW__exp__2 =    6462.0697689999997     
 mdl_MZ__exp__2 =    8315.1783937600012     
 mdl_sth2 =   0.22285855299877133     
 mdl_MH__exp__6 =    3831206449390.3818     
 mdl_MT__exp__6 =    26995248278778.535     
 mdl_MH__exp__4 =    244844509.73956564     
 mdl_MT__exp__4 =    899894403.09759963     
 mdl_MT__exp__2 =    29998.239999999994     
 mdl_LambdaSMEFT__exp__2 =    1000000.0000000000     
 mdl_cth =   0.88155626422890820     
 mdl_sqrt__sth2 =   0.47207896902824564     
 mdl_sth =   0.47207896902824564     
 mdl_MW0__exp__6 =    269845343347.69711     
 mdl_MW0__exp__4 =    41758345.699423708     
 mdl_MW0__exp__2 =    6462.0697689999997     
 mdl_MZ__exp__4 =    69142191.720053151     
 mdl_MZ__exp__6 =    574929658687.79749     
 mdl_cth__exp__2 =   0.77714144700122867     
 mdl_sth__exp__2 =   0.22285855299877130     
 mdl_sth__exp__3 =   0.10520683593878660     
 mdl_cth__exp__3 =   0.68509391079585125     
 mdl_sth__exp__4 =    4.9665934644706158E-002
 mdl_sqrt__Gf =    3.4152291284773265E-003
 mdl_vevhat =    246.21961912951551     
 mdl_lam =   0.12905352724481209     
 mdl_aEW =    7.5614618607353409E-003
 mdl_yb =    2.4008698866559607E-002
 mdl_yc =    5.7437078628133041E-102
 mdl_ydo =    5.7437078628133041E-102
 mdl_ye =    5.7437078628133041E-102
 mdl_ym =    5.7437078628133041E-102
 mdl_ys =    5.7437078628133041E-102
 mdl_yt =   0.99481020183926416     
 mdl_ytau =    1.0206568872219240E-002
 mdl_yup =    5.7437078628133041E-102
 mdl_vevhat__exp__2 =    60624.100844283676     
 mdl_barlam =   0.12905352724481209     
 mdl_vevT =    246.21961912951551     
 mdl_sqrt__aEW =    8.6956666568672819E-002
 mdl_ee =   0.30825335704310214     
 mdl_gwsh =   0.65296989967087182     
 mdl_vev =    246.21961912951551     
 mdl_g1 =   0.34966952144878632     
 mdl_gw =   0.65296989967087182     
 mdl_ee__exp__2 =    9.5020132128342205E-002
 mdl_gHaa =   -1.9303830602986922E-003
 mdl_gHza =   -6.8546472954154700E-003
 mdl_g1sh =   0.34966952144878632     
 mdl_I1d11 =  (  5.7437078628133041E-102,  0.0000000000000000     )
 mdl_I1d22 =  (  5.7437078628133041E-102,  0.0000000000000000     )
 mdl_I1d33 =  (  2.4008698866559607E-002,  0.0000000000000000     )
 mdl_I2d11 =  (  5.7437078628133041E-102,  0.0000000000000000     )
 mdl_I2d22 =  (  5.7437078628133041E-102,  0.0000000000000000     )
 mdl_I2d33 =  ( 0.99481020183926416     ,  0.0000000000000000     )
 mdl_I3d11 =  (  5.7437078628133041E-102,  0.0000000000000000     )
 mdl_I3d22 =  (  5.7437078628133041E-102,  0.0000000000000000     )
 mdl_I3d33 =  (  2.4008698866559607E-002,  0.0000000000000000     )
 mdl_I4d11 =  (  5.7437078628133041E-102,  0.0000000000000000     )
 mdl_I4d22 =  (  5.7437078628133041E-102,  0.0000000000000000     )
 mdl_I4d33 =  ( 0.99481020183926416     ,  0.0000000000000000     )
 mdl_I5d11 =  (  5.7437078628133041E-102,  0.0000000000000000     )
 mdl_I5d22 =  (  5.7437078628133041E-102,  0.0000000000000000     )
 mdl_I5d33 =  (  2.4008698866559607E-002,  0.0000000000000000     )
 mdl_I6d11 =  (  5.7437078628133041E-102,  0.0000000000000000     )
 mdl_I6d22 =  (  5.7437078628133041E-102,  0.0000000000000000     )
 mdl_I6d33 =  ( 0.99481020183926416     ,  0.0000000000000000     )
 mdl_ee__exp__3 =    2.9290274715240611E-002
 mdl_vevhat__exp__3 =    14926843.019948866     
  Internal Params evaluated point by point
  ----------------------------------------
  
 mdl_sqrt__aS =   0.34365680554879169     
 mdl_G__exp__2 =    1.4840883695558185     
 mdl_gHgg =    3.2334372328970845E-003
 mdl_G__exp__3 =  (  1.8079634332366095     ,  0.0000000000000000     )
  Couplings of SMEFTsim_A_U35_MwScheme_UFO_v3_1-SMlimit_massless
  ---------------------------------
  
         GC_1 =   0.00000E+00   0.10275E+00
         GC_2 =  -0.00000E+00  -0.20550E+00
         GC_3 =  -0.00000E+00  -0.30825E+00
       GC_255 =  -0.00000E+00  -0.42637E+00
       GC_278 =  -0.00000E+00  -0.37035E+00
       GC_280 =  -0.00000E+00  -0.57563E+00
       GC_328 =  -0.00000E+00  -0.55024E-01
       GC_329 =   0.00000E+00   0.11005E+00
       GC_330 =  -0.00000E+00  -0.16507E+00
       GC_400 =   0.00000E+00   0.52490E+02
       GC_809 =  -0.00000E+00  -0.72171E-02
      GC_1073 =  -0.00000E+00  -0.46172E+00

 Collider parameters:
 --------------------

 Running at P P   machine @    13000.000000000000       GeV
 PDF set = lhapdf 
 alpha_s(Mz)= 0.1127 running at 3 loops.
 alpha_s(Mz)= 0.1127 running at 3 loops.
 Renormalization scale set on event-by-event basis
 Factorization   scale set on event-by-event basis


 getting user params
Enter number of events and max and min iterations: 
 Number of events and iterations         2000           8           3
Enter desired fractional accuracy: 
 Desired fractional accuracy:    1.0000000000000000E-002
Enter 0 for fixed, 2 for adjustable grid: 
Suppress amplitude (0 no, 1 yes)? 
 Using suppressed amplitude.
Exact helicity sum (0 yes, n = number/event)? 
 Explicitly summing over helicities
Enter Configuration Number: 
Running Configuration Number:  119
 Not subdividing B.W.
 Attempting mappinvarients           1           8
 Completed mapping           8
 about to integrate           16        2000           8           3          16           1
 Using non-zero grid deformation.
 16 dimensions   2000 events 16 invarients  8 iterations  1 config(s),  (0.99)
 Using h-tuple random number sequence.
 Error opening grid
 Using Uniform Grid!          32
 Using uniform alpha   1.0000000000000000     
 Grid defined OK
 Set CM energy to      13000.00
 Mapping Graph         119  to config         119
 Setting BW          -1           1   80.387000000000000     
 Setting BW          -2           2   80.387000000000000     
 Warning: No cutoff for shat integral found
          Minimum set to    5.9171597633136107E-009
Setting grid   3    0.59172E-08   1
Setting grid   4    0.18685E-07   1
Setting grid   5    0.59172E-06   1
 Transforming s_hat 1/s           15   1.1585044837869826E-004   10000.000000000000        168999999.99999997     
 119   1   2   3   4   5   6   7   8   9  10  11  12  13  14
  15  16
 Masses: 0.000E+00 0.000E+00 0.000E+00 0.178E+01 0.000E+00 0.000E+00 0.000E+00 0.000E+00
Using random seed offsets   119 :      6
  with seed                   24
 Ranmar initialization seeds       31177        9403
 
 ********************************************
 * You are using the DiscreteSampler module *
 *      part of the MG5_aMC framework       *
 *         Author: Valentin Hirschi         *
 ********************************************
 
  Particle       3       4       5       6       7       8
      Et >     0.0     0.0     0.0     0.0    10.0    10.0
       E >     0.0     0.0     0.0     0.0     0.0     0.0
     Eta <    -1.0    -1.0    -1.0    -1.0     6.5     6.5
   xqcut:      0.0     0.0     0.0     0.0     0.0     0.0
d R # 3  >    -0.0     0.4     0.0     0.0     0.4     0.4
d R # 4  >    -0.0    -0.0     0.0     0.0     0.4     0.4
d R # 5  >    -0.0    -0.0    -0.0     0.0     0.0     0.0
d R # 6  >    -0.0    -0.0    -0.0    -0.0     0.0     0.0
d R # 7  >    -0.0    -0.0    -0.0    -0.0    -0.0     0.4
s min # 3>     0.0     0.0     0.0     0.0     0.0     0.0
s min # 4>     0.0     0.0     0.0     0.0     0.0     0.0
s min # 5>     0.0     0.0     0.0     0.0     0.0     0.0
s min # 6>     0.0     0.0     0.0     0.0     0.0     0.0
s min # 7>     0.0     0.0     0.0     0.0     0.0 10000.0
xqcutij # 3>     0.0     0.0     0.0     0.0     0.0     0.0
xqcutij # 4>     0.0     0.0     0.0     0.0     0.0     0.0
xqcutij # 5>     0.0     0.0     0.0     0.0     0.0     0.0
xqcutij # 6>     0.0     0.0     0.0     0.0     0.0     0.0
xqcutij # 7>     0.0     0.0     0.0     0.0     0.0     0.0
 No cut BW           -1           1
 No cut BW           -2           2
 No cut BW           -5           3
 alpha_s for scale    203.62943786564733       is    9.9986612646455822E-002
 Added good helicity          193   255.38161409376178       in event            1 local:           1
 Added good helicity          209  0.61838590623822043       in event            1 local:           1
 Added good helicity          193   255.60295481341313       in event            1 local:           1
 Added good helicity          209  0.39704518658684418       in event            1 local:           1
 RESET CUMULATIVE VARIABLE
 RESET CUMULATIVE VARIABLE
 RESET CUMULATIVE VARIABLE
 Iteration  1   Mean: 0.1360E-04 Abs mean: 0.1360E-04   Fluctuation:  0.710E-05   0.140E-01     6.3%
  1    0.1360E-04 0.1360E-04 +- 0.7099E-05     23.35
 Writing out events   1.3569465155593257E-008   23.347587799377251     
 Relative summed weights:
  0.1465E+00  0.0000E+00  0.0000E+00  0.0000E+00  0.8474E-03  0.0000E+00  0.0000E+00  0.0000E+00  0.0000E+00  0.0000E+00  0.0000E+00  0.0000E+00  0.0000E+00  0.0000E+00
  0.5942E+00  0.0000E+00  0.4231E-01  0.2452E-01  0.1252E-03  0.0000E+00  0.2274E-01  0.3333E-01  0.0000E+00  0.0000E+00  0.5524E-01  0.7965E-01  0.6687E-05  0.5599E-03
 Relative number of events:
  0.2429E+00  0.0000E+00  0.0000E+00  0.0000E+00  0.2987E-02  0.0000E+00  0.0000E+00  0.0000E+00  0.0000E+00  0.0000E+00  0.0000E+00  0.0000E+00  0.0000E+00  0.0000E+00
  0.2250E+00  0.0000E+00  0.9408E-01  0.8014E-01  0.3982E-02  0.0000E+00  0.1234E+00  0.1045E+00  0.0000E+00  0.0000E+00  0.6073E-01  0.5774E-01  0.9955E-03  0.3484E-02
 Events:
         488           0           0           0           6           0           0           0           0           0           0           0           0           0
         452           0         189         161           8           0         248         210           0           0         122         116           2           7
 Iteration  2   Mean: 0.7734E-05 Abs mean: 0.7734E-05   Fluctuation:  0.193E-05   0.657E-02    43.5%
  2    0.7734E-05 0.7734E-05 +- 0.1929E-05     15.77
 Relative summed weights:
  0.2352E+00  0.0000E+00  0.0000E+00  0.0000E+00  0.8003E-03  0.0000E+00  0.0000E+00  0.0000E+00  0.0000E+00  0.0000E+00  0.0000E+00  0.0000E+00  0.0000E+00  0.0000E+00
  0.3519E+00  0.0000E+00  0.5580E-01  0.6821E-01  0.4092E-02  0.0000E+00  0.4882E-01  0.6567E-01  0.0000E+00  0.0000E+00  0.5974E-01  0.1059E+00  0.1443E-02  0.2438E-02
 Relative number of events:
  0.2283E+00  0.0000E+00  0.0000E+00  0.0000E+00  0.1750E-02  0.0000E+00  0.0000E+00  0.0000E+00  0.0000E+00  0.0000E+00  0.0000E+00  0.0000E+00  0.0000E+00  0.0000E+00
  0.2475E+00  0.0000E+00  0.8800E-01  0.8675E-01  0.4250E-02  0.0000E+00  0.1155E+00  0.1140E+00  0.0000E+00  0.0000E+00  0.5325E-01  0.5550E-01  0.2750E-02  0.2500E-02
 Events:
         913           0           0           0           7           0           0           0           0           0           0           0           0           0
         990           0         352         347          17           0         462         456           0           0         213         222          11          10
 Iteration  3   Mean: 0.9451E-05 Abs mean: 0.9451E-05   Fluctuation:  0.110E-05   0.507E-02    53.7%
  3    0.9451E-05 0.9451E-05 +- 0.1095E-05     10.37
 Relative summed weights:
  0.1768E+00  0.0000E+00  0.0000E+00  0.0000E+00  0.7582E-03  0.0000E+00  0.0000E+00  0.0000E+00  0.0000E+00  0.0000E+00  0.0000E+00  0.0000E+00  0.0000E+00  0.0000E+00
  0.2012E+00  0.0000E+00  0.7383E-01  0.1337E+00  0.8324E-03  0.0000E+00  0.1528E+00  0.5401E-01  0.0000E+00  0.0000E+00  0.7548E-01  0.1252E+00  0.4171E-02  0.1241E-02
 Relative number of events:
  0.2406E+00  0.0000E+00  0.0000E+00  0.0000E+00  0.3125E-02  0.0000E+00  0.0000E+00  0.0000E+00  0.0000E+00  0.0000E+00  0.0000E+00  0.0000E+00  0.0000E+00  0.0000E+00
  0.2352E+00  0.0000E+00  0.8725E-01  0.8637E-01  0.3125E-02  0.0000E+00  0.1161E+00  0.1170E+00  0.0000E+00  0.0000E+00  0.5275E-01  0.5150E-01  0.4625E-02  0.2250E-02
 Events:
        1925           0           0           0          25           0           0           0           0           0           0           0           0           0
        1882           0         698         691          25           0         929         936           0           0         422         412          37          18
 Accuracy:    0.082   0.010   0.103   0.626
 Found          627  events.
 Wrote            8  events.
 Actual xsec    9.3192447945574190E-006
 Correct abs xsec    9.3192447945574190E-006
 Event xsec    9.3192447945574207E-006
 Events wgts > 1:            1
 % Cross section > 1:    3.0652592238465562E-013   3.2891712702264390E-006
 Iteration  4   Mean: 0.1037E-04 Abs mean: 0.1037E-04   Fluctuation:  0.968E-06   0.986E-02    58.0%
  4    0.1037E-04 0.1037E-04 +- 0.9679E-06     11.80
 Relative summed weights:
  0.2419E+00  0.0000E+00  0.0000E+00  0.0000E+00  0.1278E-02  0.0000E+00  0.0000E+00  0.0000E+00  0.0000E+00  0.0000E+00  0.0000E+00  0.0000E+00  0.0000E+00  0.0000E+00
  0.1774E+00  0.0000E+00  0.1603E+00  0.6907E-01  0.1129E-02  0.0000E+00  0.7933E-01  0.1404E+00  0.0000E+00  0.0000E+00  0.5451E-01  0.6576E-01  0.7212E-02  0.1709E-02
 Relative number of events:
  0.2392E+00  0.0000E+00  0.0000E+00  0.0000E+00  0.2687E-02  0.0000E+00  0.0000E+00  0.0000E+00  0.0000E+00  0.0000E+00  0.0000E+00  0.0000E+00  0.0000E+00  0.0000E+00
  0.2390E+00  0.0000E+00  0.8762E-01  0.9056E-01  0.3375E-02  0.0000E+00  0.1159E+00  0.1158E+00  0.0000E+00  0.0000E+00  0.5063E-01  0.4994E-01  0.3000E-02  0.2312E-02
 Events:
        3827           0           0           0          43           0           0           0           0           0           0           0           0           0
        3824           0        1402        1449          54           0        1854        1853           0           0         810         799          48          37
 Accuracy:    0.052   0.010   0.069   0.566
 Found         1246  events.
 Wrote           15  events.
 Actual xsec    9.8328183990823846E-006
 Correct abs xsec    9.8328183990823846E-006
 Event xsec    9.8328183990823795E-006
 Events wgts > 1:            1
 % Cross section > 1:    1.4635675376045953E-013   1.4884517116081170E-006
 Iteration  5   Mean: 0.1161E-04 Abs mean: 0.1161E-04   Fluctuation:  0.737E-06   0.161E-01    64.0%
  5    0.1161E-04 0.1161E-04 +- 0.7374E-06     11.37
 Relative summed weights:
  0.1928E+00  0.0000E+00  0.0000E+00  0.0000E+00  0.1310E-02  0.0000E+00  0.0000E+00  0.0000E+00  0.0000E+00  0.0000E+00  0.0000E+00  0.0000E+00  0.0000E+00  0.0000E+00
  0.2229E+00  0.0000E+00  0.1213E+00  0.1118E+00  0.2423E-02  0.0000E+00  0.9096E-01  0.1359E+00  0.0000E+00  0.0000E+00  0.5876E-01  0.5793E-01  0.1779E-02  0.2169E-02
 Relative number of events:
  0.2405E+00  0.0000E+00  0.0000E+00  0.0000E+00  0.2844E-02  0.0000E+00  0.0000E+00  0.0000E+00  0.0000E+00  0.0000E+00  0.0000E+00  0.0000E+00  0.0000E+00  0.0000E+00
  0.2465E+00  0.0000E+00  0.8687E-01  0.9316E-01  0.2656E-02  0.0000E+00  0.1097E+00  0.1154E+00  0.0000E+00  0.0000E+00  0.4938E-01  0.4788E-01  0.2844E-02  0.2312E-02
 Events:
        7695           0           0           0          91           0           0           0           0           0           0           0           0           0
        7888           0        2780        2981          85           0        3510        3693           0           0        1580        1532          91          74
 Accuracy:    0.048   0.010   0.047   1.060
 Found         2702  events.
 Wrote           27  events.
 Actual xsec    1.0914923202364373E-005
 Correct abs xsec    1.0914923202364373E-005
 Event xsec    1.0914923202364369E-005
 Events wgts > 1:            1
 % Cross section > 1:    2.2948829499599743E-014   2.1025186411415712E-007
 Iteration  6   Mean: 0.1178E-04 Abs mean: 0.1178E-04   Fluctuation:  0.401E-06   0.151E-01    67.7%
  6    0.1178E-04 0.1178E-04 +- 0.4013E-06      8.62
 Relative summed weights:
  0.2054E+00  0.0000E+00  0.0000E+00  0.0000E+00  0.3349E-02  0.0000E+00  0.0000E+00  0.0000E+00  0.0000E+00  0.0000E+00  0.0000E+00  0.0000E+00  0.0000E+00  0.0000E+00
  0.2233E+00  0.0000E+00  0.1132E+00  0.1340E+00  0.3088E-02  0.0000E+00  0.9556E-01  0.9919E-01  0.0000E+00  0.0000E+00  0.5729E-01  0.6098E-01  0.2730E-02  0.1988E-02
 Relative number of events:
  0.2456E+00  0.0000E+00  0.0000E+00  0.0000E+00  0.3406E-02  0.0000E+00  0.0000E+00  0.0000E+00  0.0000E+00  0.0000E+00  0.0000E+00  0.0000E+00  0.0000E+00  0.0000E+00
  0.2456E+00  0.0000E+00  0.8617E-01  0.9077E-01  0.3281E-02  0.0000E+00  0.1114E+00  0.1098E+00  0.0000E+00  0.0000E+00  0.4842E-01  0.5044E-01  0.2625E-02  0.2516E-02
 Events:
       15716           0           0           0         218           0           0           0           0           0           0           0           0           0
       15719           0        5515        5809         210           0        7130        7027           0           0        3099        3228         168         161
 Accuracy:    0.030   0.010   0.028   1.170
 Found         5407  events.
 Wrote           59  events.
 Actual xsec    1.1609511856638331E-005
 Correct abs xsec    1.1609511856638331E-005
 Event xsec    1.1609511856638309E-005
 Events wgts > 1:            0
 % Cross section > 1:    0.0000000000000000        0.0000000000000000     
 Iteration  7   Mean: 0.1158E-04 Abs mean: 0.1158E-04   Fluctuation:  0.185E-06   0.565E-02    70.3%
  7    0.1158E-04 0.1158E-04 +- 0.1852E-06      5.72
 Exceeded boost           4          96   128000.000    
 Exceeded boost          11          96   128000.000    
 Relative summed weights:
  0.2156E+00  0.0000E+00  0.0000E+00  0.0000E+00  0.3214E-02  0.0000E+00  0.0000E+00  0.0000E+00  0.0000E+00  0.0000E+00  0.0000E+00  0.0000E+00  0.0000E+00  0.0000E+00
  0.2276E+00  0.0000E+00  0.1069E+00  0.1150E+00  0.3239E-02  0.0000E+00  0.9195E-01  0.1018E+00  0.0000E+00  0.0000E+00  0.6385E-01  0.6471E-01  0.1571E-02  0.4662E-02
 Relative number of events:
Thanks for using LHAPDF 6.2.1. Please make sure to cite the paper:
  Eur.Phys.J. C75 (2015) 3, 132  (http://arxiv.org/abs/1412.7420)
  0.2500E+00  0.0000E+00  0.0000E+00  0.0000E+00  0.3187E-02  0.0000E+00  0.0000E+00  0.0000E+00  0.0000E+00  0.0000E+00  0.0000E+00  0.0000E+00  0.0000E+00  0.0000E+00
  0.2473E+00  0.0000E+00  0.8770E-01  0.8858E-01  0.3125E-02  0.0000E+00  0.1107E+00  0.1104E+00  0.0000E+00  0.0000E+00  0.4794E-01  0.4705E-01  0.1922E-02  0.2141E-02
 Events:
       31995           0           0           0         408           0           0           0           0           0           0           0           0           0
       31649           0       11226       11338         400           0       14174       14131           0           0        6136        6023         246         274
 Accuracy:    0.014   0.010   0.014   0.981
 Found        11815  events.
 Wrote          517  events.
 Actual xsec    1.1615110420658114E-005
 Correct abs xsec    1.1615110420658114E-005
 Event xsec    1.1615110420658057E-005
 Events wgts > 1:            9
 % Cross section > 1:    1.1642753717851817E-007   1.0023799426946982     
 Iteration  8   Mean: 0.1134E-04 Abs mean: 0.1134E-04   Fluctuation:  0.123E-06   0.822E-02    72.1%
  8    0.1134E-04 0.1134E-04 +- 0.1226E-06      5.47
 Exceeded boost          11          96   256000.000    
 Exceeded boost          13          95   128000.000    
 Relative summed weights:
  0.2214E+00  0.0000E+00  0.0000E+00  0.0000E+00  0.3399E-02  0.0000E+00  0.0000E+00  0.0000E+00  0.0000E+00  0.0000E+00  0.0000E+00  0.0000E+00  0.0000E+00  0.0000E+00
  0.2228E+00  0.0000E+00  0.1127E+00  0.1145E+00  0.4107E-02  0.0000E+00  0.9738E-01  0.9099E-01  0.0000E+00  0.0000E+00  0.6546E-01  0.6256E-01  0.1887E-02  0.2784E-02
 Relative number of events:
  0.2483E+00  0.0000E+00  0.0000E+00  0.0000E+00  0.2926E-02  0.0000E+00  0.0000E+00  0.0000E+00  0.0000E+00  0.0000E+00  0.0000E+00  0.0000E+00  0.0000E+00  0.0000E+00
  0.2476E+00  0.0000E+00  0.8785E-01  0.8814E-01  0.3211E-02  0.0000E+00  0.1122E+00  0.1102E+00  0.0000E+00  0.0000E+00  0.4793E-01  0.4721E-01  0.2094E-02  0.2242E-02
 Events:
       63569           0           0           0         749           0           0           0           0           0           0           0           0           0
       63386           0       22489       22565         822           0       28735       28221           0           0       12269       12085         536         574
 Accuracy:    0.009   0.010   0.009   1.018
 Finished due to accuracy    8.5940352701761730E-003   1.0000000000000000E-002

 -------------------------------------------------------------------------------
 Accumulated results:   Integral =  0.1142E-04
                        Std dev  =  0.9724E-07
                       Cross sec =  0.1142E-04
             Chi**2 per DoF.     =      1.0179
 -------------------------------------------------------------------------------
 Found        24310  events.
 Wrote         1042  events.
 Actual xsec    1.1435949287683826E-005
 Correct abs xsec    1.1435949287683826E-005
 Event xsec    1.1435949287683537E-005
 Events wgts > 1:           21
 % Cross section > 1:    1.1699063496382846E-007   1.0230076403873776     
-------------------------------------------------
---------------------------
 Results Last   3 iters: Integral =   0.1144E-04
                     Abs integral =   0.1144E-04
                          Std dev =   0.9907E-07
                  Chi**2 per DoF. =      0.9959
-------------------------------------------------
---------------------------
 Status   1.0000000000000000E-002           9           8

ls status:
events.lhe
ftn26
input_app.txt
results.dat
run1_app.log
