==== LHAPDF6 USING DEFAULT-TYPE LHAGLUE INTERFACE ====
LHAPDF 6.2.1 loading /cvmfs/cms.cern.ch/slc6_amd64_gcc630/external/lhapdf/6.2.1-ghjeda2/share/LHAPDF/NNPDF31_nnlo_as_0118_nf_4_mc_hessian/NNPDF31_nnlo_as_0118_nf_4_mc_hessian_0000.dat
NNPDF31_nnlo_as_0118_nf_4_mc_hessian PDF set, member #0, version 1; LHAPDF ID = 325500
 Process in group number            2
 A PDF is used, so alpha_s(MZ) is going to be modified
 Old value of alpha_s from param_card:   0.11810000000000001     
 New value of alpha_s from PDF lhapdf :  0.11266013434007299     
 using LHAPDF
 Define smin to   10000.000000000000     
 Define smin to   10000.000000000000     
 Define smin to   10000.000000000000     
 Define smin to   10000.000000000000     
 Define smin to   10000.000000000000     
 Define smin to   10000.000000000000     
 Define smin to   10000.000000000000     
 *****************************************************
 *               MadGraph/MadEvent                   *
 *        --------------------------------           *
 *          http://madgraph.hep.uiuc.edu             *
 *          http://madgraph.phys.ucl.ac.be           *
 *          http://madgraph.roma2.infn.it            *
 *        --------------------------------           *
 *                                                   *
 *          PARAMETER AND COUPLING VALUES            *
 *                                                   *
 *****************************************************

  External Params
  ---------------------------------
  
 mdl_MW0 =    80.387000000000000     
 mdl_Gf =    1.1663789999999999E-005
 aS =   0.11810000000000001     
 mdl_ymdo =    1.0000000000000000E-099
 mdl_ymb =    4.1799999999999997     
 mdl_ymt =    173.19999999999999     
 mdl_ymtau =    1.7769999999999999     
 mdl_LambdaSMEFT =    1000.0000000000000     
 mdl_cW =    1.0000000000000000     
 mdl_MZ =    91.187600000000003     
 mdl_MTA =    1.7769999999999999     
 mdl_MT =    173.19999999999999     
 mdl_MB =    4.1799999999999997     
 mdl_MH =    125.09000000000000     
 mdl_WZ =    2.4952000000000001     
 mdl_WW =    2.0850000000000000     
 mdl_WT =    1.5083359999999999     
 mdl_WH =    4.0699999999999998E-003
  Internal Params
  ---------------------------------
  
 mdl_ymm =    1.0000000000000000E-099
 mdl_yme =    1.0000000000000000E-099
 mdl_ymc =    1.0000000000000000E-099
 mdl_yms =    1.0000000000000000E-099
 mdl_ymup =    1.0000000000000000E-099
 mdl_conjg__CKM3x3 =    1.0000000000000000     
 mdl_cH =    0.0000000000000000     
 mdl_cHB =    0.0000000000000000     
 mdl_CKM2x2 =    1.0000000000000000     
 mdl_CKM1x1 =    1.0000000000000000     
 mdl_conjg__CKM1x1 =    1.0000000000000000     
 mdl_dGf =    0.0000000000000000     
 mdl_CKM3x3 =    1.0000000000000000     
 mdl_dMH2 =    0.0000000000000000     
 mdl_conjg__CKM2x2 =    1.0000000000000000     
 mdl_dg1 =    0.0000000000000000     
 mdl_cHW =    0.0000000000000000     
 mdl_dgw =    0.0000000000000000     
 mdl_complexi =  (  0.0000000000000000     ,  1.0000000000000000     )
 mdl_MW =    80.387000000000000     
 mdl_nb__2__exp__0_25 =    1.1892071150027210     
 mdl_MH__exp__2 =    15647.508100000001     
 mdl_sqrt__2 =    1.4142135623730951     
 mdl_MW__exp__2 =    6462.0697689999997     
 mdl_MZ__exp__2 =    8315.1783937600012     
 mdl_sth2 =   0.22285855299877133     
 mdl_MH__exp__6 =    3831206449390.3818     
 mdl_MT__exp__6 =    26995248278778.535     
 mdl_MH__exp__4 =    244844509.73956564     
 mdl_MT__exp__4 =    899894403.09759963     
 mdl_MT__exp__2 =    29998.239999999994     
 mdl_LambdaSMEFT__exp__2 =    1000000.0000000000     
 mdl_cth =   0.88155626422890820     
 mdl_sqrt__sth2 =   0.47207896902824564     
 mdl_sth =   0.47207896902824564     
 mdl_MW0__exp__6 =    269845343347.69711     
 mdl_MW0__exp__4 =    41758345.699423708     
 mdl_MW0__exp__2 =    6462.0697689999997     
 mdl_MZ__exp__4 =    69142191.720053151     
 mdl_MZ__exp__6 =    574929658687.79749     
 mdl_cth__exp__2 =   0.77714144700122867     
 mdl_sth__exp__2 =   0.22285855299877130     
 mdl_sth__exp__3 =   0.10520683593878660     
 mdl_cth__exp__3 =   0.68509391079585125     
 mdl_sth__exp__4 =    4.9665934644706158E-002
 mdl_sqrt__Gf =    3.4152291284773265E-003
 mdl_vevhat =    246.21961912951551     
 mdl_lam =   0.12905352724481209     
 mdl_aEW =    7.5614618607353409E-003
 mdl_yb =    2.4008698866559607E-002
 mdl_yc =    5.7437078628133041E-102
 mdl_ydo =    5.7437078628133041E-102
 mdl_ye =    5.7437078628133041E-102
 mdl_ym =    5.7437078628133041E-102
 mdl_ys =    5.7437078628133041E-102
 mdl_yt =   0.99481020183926416     
 mdl_ytau =    1.0206568872219240E-002
 mdl_yup =    5.7437078628133041E-102
 mdl_vevhat__exp__2 =    60624.100844283676     
 mdl_barlam =   0.12905352724481209     
 mdl_vevT =    246.21961912951551     
 mdl_sqrt__aEW =    8.6956666568672819E-002
 mdl_ee =   0.30825335704310214     
 mdl_gwsh =   0.65296989967087182     
 mdl_vev =    246.21961912951551     
 mdl_g1 =   0.34966952144878632     
 mdl_gw =   0.65296989967087182     
 mdl_ee__exp__2 =    9.5020132128342205E-002
 mdl_gHaa =   -1.9303830602986922E-003
 mdl_gHza =   -6.8546472954154700E-003
 mdl_g1sh =   0.34966952144878632     
 mdl_I1d11 =  (  5.7437078628133041E-102,  0.0000000000000000     )
 mdl_I1d22 =  (  5.7437078628133041E-102,  0.0000000000000000     )
 mdl_I1d33 =  (  2.4008698866559607E-002,  0.0000000000000000     )
 mdl_I2d11 =  (  5.7437078628133041E-102,  0.0000000000000000     )
 mdl_I2d22 =  (  5.7437078628133041E-102,  0.0000000000000000     )
 mdl_I2d33 =  ( 0.99481020183926416     ,  0.0000000000000000     )
 mdl_I3d11 =  (  5.7437078628133041E-102,  0.0000000000000000     )
 mdl_I3d22 =  (  5.7437078628133041E-102,  0.0000000000000000     )
 mdl_I3d33 =  (  2.4008698866559607E-002,  0.0000000000000000     )
 mdl_I4d11 =  (  5.7437078628133041E-102,  0.0000000000000000     )
 mdl_I4d22 =  (  5.7437078628133041E-102,  0.0000000000000000     )
 mdl_I4d33 =  ( 0.99481020183926416     ,  0.0000000000000000     )
 mdl_I5d11 =  (  5.7437078628133041E-102,  0.0000000000000000     )
 mdl_I5d22 =  (  5.7437078628133041E-102,  0.0000000000000000     )
 mdl_I5d33 =  (  2.4008698866559607E-002,  0.0000000000000000     )
 mdl_I6d11 =  (  5.7437078628133041E-102,  0.0000000000000000     )
 mdl_I6d22 =  (  5.7437078628133041E-102,  0.0000000000000000     )
 mdl_I6d33 =  ( 0.99481020183926416     ,  0.0000000000000000     )
 mdl_ee__exp__3 =    2.9290274715240611E-002
 mdl_vevhat__exp__3 =    14926843.019948866     
  Internal Params evaluated point by point
  ----------------------------------------
  
 mdl_sqrt__aS =   0.34365680554879169     
 mdl_G__exp__2 =    1.4840883695558185     
 mdl_gHgg =    3.2334372328970845E-003
 mdl_G__exp__3 =  (  1.8079634332366095     ,  0.0000000000000000     )
  Couplings of SMEFTsim_A_U35_MwScheme_UFO_v3_1-cW_massless
  ---------------------------------
  
        GC_64 =   0.00000E+00   0.52893E-05
       GC_345 =   0.00000E+00   0.28325E-05
         GC_1 =   0.00000E+00   0.10275E+00
         GC_2 =  -0.00000E+00  -0.20550E+00
         GC_3 =  -0.00000E+00  -0.30825E+00
       GC_255 =  -0.00000E+00  -0.42637E+00
       GC_278 =  -0.00000E+00  -0.37035E+00
       GC_280 =  -0.00000E+00  -0.57563E+00
       GC_318 =   0.00000E+00   0.39178E-05
       GC_328 =  -0.00000E+00  -0.55024E-01
       GC_329 =   0.00000E+00   0.11005E+00
       GC_330 =  -0.00000E+00  -0.16507E+00
       GC_400 =   0.00000E+00   0.52490E+02
       GC_809 =  -0.00000E+00  -0.72171E-02
      GC_1073 =  -0.00000E+00  -0.46172E+00

 Collider parameters:
 --------------------

 Running at P P   machine @    13000.000000000000       GeV
 PDF set = lhapdf 
 alpha_s(Mz)= 0.1127 running at 3 loops.
 alpha_s(Mz)= 0.1127 running at 3 loops.
 Renormalization scale set on event-by-event basis
 Factorization   scale set on event-by-event basis


 getting user params
Enter number of events and max and min iterations: 
 Number of events and iterations         2000           8           3
Enter desired fractional accuracy: 
 Desired fractional accuracy:    1.0000000000000000E-002
Enter 0 for fixed, 2 for adjustable grid: 
Suppress amplitude (0 no, 1 yes)? 
 Using suppressed amplitude.
Exact helicity sum (0 yes, n = number/event)? 
 Explicitly summing over helicities
Enter Configuration Number: 
Running Configuration Number:  258
 Using dconfig=          26
 BW Setting            2           2           2           0           0           0
 Attempting mappinvarients           1           8
 Completed mapping           8
 about to integrate           16        2000           8           3          16           1
 Using non-zero grid deformation.
 16 dimensions   2000 events 16 invarients  8 iterations  1 config(s),  (0.99)
 Using h-tuple random number sequence.
 Error opening grid
 Using Uniform Grid!          32
 Using uniform alpha   1.0000000000000000     
 Grid defined OK
 Set CM energy to      13000.00
 Mapping Graph         258  to config         258
Setting grid   1    0.59172E-04   1
Setting grid   2    0.59172E-08   1
Setting grid   3    0.59172E-04   1
 Setting BW          -4           4   80.387000000000000     
Setting grid   5    0.18685E-07   1
 Transforming s_hat 1/s           15   6.1293241000000010E-005   10000.000000000000        168999999.99999997     
 258   1   2   3   4   5   6   7   8   9  10  11  12  13  14
  15  16
 Masses: 0.000E+00 0.000E+00 0.000E+00 0.178E+01 0.000E+00 0.000E+00 0.000E+00 0.000E+00
Using random seed offsets   258 :      6
  with seed                   24
 Ranmar initialization seeds       31316        9403
 
 ********************************************
 * You are using the DiscreteSampler module *
 *      part of the MG5_aMC framework       *
 *         Author: Valentin Hirschi         *
 ********************************************
 
  Particle       3       4       5       6       7       8
      Et >     0.0     0.0     0.0     0.0    10.0    10.0
       E >     0.0     0.0     0.0     0.0     0.0     0.0
     Eta <    -1.0    -1.0    -1.0    -1.0     6.5     6.5
   xqcut:      0.0     0.0     0.0     0.0     0.0     0.0
d R # 3  >    -0.0     0.4     0.0     0.0     0.4     0.4
d R # 4  >    -0.0    -0.0     0.0     0.0     0.4     0.4
d R # 5  >    -0.0    -0.0    -0.0     0.0     0.0     0.0
d R # 6  >    -0.0    -0.0    -0.0    -0.0     0.0     0.0
d R # 7  >    -0.0    -0.0    -0.0    -0.0    -0.0     0.4
s min # 3>     0.0     0.0     0.0     0.0     0.0     0.0
s min # 4>     0.0     0.0     0.0     0.0     0.0     0.0
s min # 5>     0.0     0.0     0.0     0.0     0.0     0.0
s min # 6>     0.0     0.0     0.0     0.0     0.0     0.0
s min # 7>     0.0     0.0     0.0     0.0     0.0 10000.0
xqcutij # 3>     0.0     0.0     0.0     0.0     0.0     0.0
xqcutij # 4>     0.0     0.0     0.0     0.0     0.0     0.0
xqcutij # 5>     0.0     0.0     0.0     0.0     0.0     0.0
xqcutij # 6>     0.0     0.0     0.0     0.0     0.0     0.0
xqcutij # 7>     0.0     0.0     0.0     0.0     0.0     0.0
 Excluding BW           -1           1
 Excluding BW           -2           2
 Excluding BW           -3           3
 No cut BW           -4           4
 alpha_s for scale    47.102554671103157       is   0.12587079730954365     
 Added good helicity          193   255.10180060791518       in event            1 local:           1
 Added good helicity          209 -0.89819939208483934       in event            1 local:           1
 Added good helicity          193   255.10180060791501       in event            1 local:           1
 Added good helicity          209 -0.89819939208498212       in event            1 local:           1
 RESET CUMULATIVE VARIABLE
 RESET CUMULATIVE VARIABLE
 RESET CUMULATIVE VARIABLE
 Warning: Too low fact scales:    10.884114855071726        1.7953880018163375     
 Warning: Too low fact scales:    10.884114855071726        1.7953880018163375     
 Iteration  1   Mean: -.3310E-08 Abs mean: 0.4078E-07   Fluctuation:  0.193E-07   0.339E-04    41.5%
  1   -0.3310E-08 0.4078E-07 +- 0.1932E-07     21.19
 Writing out events   6.1347507723519896E-012   21.191945716528366     
 Relative summed weights:
  0.0000E+00  0.0000E+00  0.3577E-01  0.4382E+00  0.0000E+00  0.0000E+00  0.0000E+00  0.0000E+00  0.8078E-01  0.4453E+00  0.0000E+00  0.0000E+00  0.0000E+00  0.0000E+00
 Relative number of events:
  0.0000E+00  0.0000E+00  0.3095E+00  0.2884E+00  0.0000E+00  0.0000E+00  0.0000E+00  0.0000E+00  0.1998E+00  0.2023E+00  0.0000E+00  0.0000E+00  0.0000E+00  0.0000E+00
 Events:
           0           0         381         355           0           0           0           0         246         249           0           0           0           0
 Iteration  2   Mean: -.4765E-08 Abs mean: 0.2307E-07   Fluctuation:  0.525E-08   0.145E-04    81.4%
  2   -0.4765E-08 0.2307E-07 +- 0.5245E-08     14.38
 Relative summed weights:
  0.0000E+00  0.0000E+00  0.1042E+00  0.5665E+00  0.0000E+00  0.0000E+00  0.0000E+00  0.0000E+00  0.1276E+00  0.2017E+00  0.0000E+00  0.0000E+00  0.0000E+00  0.0000E+00
 Relative number of events:
  0.0000E+00  0.0000E+00  0.3046E+00  0.3000E+00  0.0000E+00  0.0000E+00  0.0000E+00  0.0000E+00  0.2059E+00  0.1896E+00  0.0000E+00  0.0000E+00  0.0000E+00  0.0000E+00
 Events:
           0           0         654         644           0           0           0           0         442         407           0           0           0           0
 Iteration  3   Mean: -.1181E-07 Abs mean: 0.6435E-07   Fluctuation:  0.151E-07   0.108E-03    84.9%
  3   -0.1181E-07 0.6435E-07 +- 0.1507E-07     20.95
 Relative summed weights:
  0.0000E+00  0.0000E+00  0.4288E+00  0.2076E+00  0.0000E+00  0.0000E+00  0.0000E+00  0.0000E+00  0.1010E+00  0.2627E+00  0.0000E+00  0.0000E+00  0.0000E+00  0.0000E+00
 Relative number of events:
  0.0000E+00  0.0000E+00  0.2956E+00  0.2861E+00  0.0000E+00  0.0000E+00  0.0000E+00  0.0000E+00  0.2147E+00  0.2036E+00  0.0000E+00  0.0000E+00  0.0000E+00  0.0000E+00
 Events:
           0           0        1119        1083           0           0           0           0         813         771           0           0           0           0
 Accuracy:    0.322   0.010   0.154   4.360
 Found          479  events.
 Wrote            3  events.
 Actual xsec   -7.6678485256116948E-009
 Correct abs xsec    4.2850121091333609E-008
 Event xsec    4.2850121091333603E-008
 Events wgts > 1:            1
 % Cross section > 1:    1.1944402630595667E-015   2.7874839851996150E-006
 Warning: Too low fact scales:    1.3620464146659261        17.242442931447165     
 Warning: Too low fact scales:    1.3620464146659261        17.242442931447165     
 Iteration  4   Mean: -.8293E-08 Abs mean: 0.6687E-07   Fluctuation:  0.716E-08   0.676E-04    82.9%
  4   -0.8293E-08 0.6687E-07 +- 0.7164E-08     13.55
 Relative summed weights:
  0.0000E+00  0.0000E+00  0.2420E+00  0.2881E+00  0.0000E+00  0.0000E+00  0.0000E+00  0.0000E+00  0.1804E+00  0.2894E+00  0.0000E+00  0.0000E+00  0.0000E+00  0.0000E+00
 Relative number of events:
  0.0000E+00  0.0000E+00  0.2834E+00  0.2847E+00  0.0000E+00  0.0000E+00  0.0000E+00  0.0000E+00  0.2097E+00  0.2223E+00  0.0000E+00  0.0000E+00  0.0000E+00  0.0000E+00
 Events:
           0           0        2067        2076           0           0           0           0        1529        1621           0           0           0           0
 Accuracy:    0.155   0.010   0.088   3.094
 Found          799  events.
 Wrote           12  events.
 Actual xsec   -8.2600553205979208E-009
 Correct abs xsec    5.9706672899704825E-008
 Event xsec    5.9706672899704812E-008
 Events wgts > 1:            0
 % Cross section > 1:    0.0000000000000000        0.0000000000000000     
 Iteration  5   Mean: -.9650E-08 Abs mean: 0.6507E-07   Fluctuation:  0.295E-08   0.508E-04    84.6%
  5   -0.9650E-08 0.6507E-07 +- 0.2947E-08      8.10
 Relative summed weights:
  0.0000E+00  0.0000E+00  0.2377E+00  0.3081E+00  0.0000E+00  0.0000E+00  0.0000E+00  0.0000E+00  0.2314E+00  0.2228E+00  0.0000E+00  0.0000E+00  0.0000E+00  0.0000E+00
 Relative number of events:
  0.0000E+00  0.0000E+00  0.2808E+00  0.2742E+00  0.0000E+00  0.0000E+00  0.0000E+00  0.0000E+00  0.2165E+00  0.2285E+00  0.0000E+00  0.0000E+00  0.0000E+00  0.0000E+00
 Events:
           0           0        4109        4013           0           0           0           0        3168        3344           0           0           0           0
 Accuracy:    0.060   0.010   0.040   2.214
 Found         2077  events.
 Wrote           63  events.
 Actual xsec   -9.5170160795456502E-009
 Correct abs xsec    6.5310274990106680E-008
 Event xsec    6.5310274990106839E-008
 Events wgts > 1:            1
 % Cross section > 1:    7.0293397001849997E-010   1.0762992042599424     
 Iteration  6   Mean: -.7993E-08 Abs mean: 0.7236E-07   Fluctuation:  0.186E-08   0.619E-04    84.0%
  6   -0.7993E-08 0.7236E-07 +- 0.1864E-08      6.52
 Relative summed weights:
  0.0000E+00  0.0000E+00  0.2486E+00  0.3061E+00  0.0000E+00  0.0000E+00  0.0000E+00  0.0000E+00  0.2239E+00  0.2214E+00  0.0000E+00  0.0000E+00  0.0000E+00  0.0000E+00
 Relative number of events:
  0.0000E+00  0.0000E+00  0.2712E+00  0.2750E+00  0.0000E+00  0.0000E+00  0.0000E+00  0.0000E+00  0.2265E+00  0.2273E+00  0.0000E+00  0.0000E+00  0.0000E+00  0.0000E+00
 Events:
           0           0        7875        7984           0           0           0           0        6577        6598           0           0           0           0
 Accuracy:    0.036   0.010   0.022   2.788
 Found         5441  events.
 Wrote          230  events.
 Actual xsec   -8.3936520860785740E-009
 Correct abs xsec    7.0421458662348940E-008
 Event xsec    7.0421458662348715E-008
 Events wgts > 1:            3
 % Cross section > 1:    5.8792957323997558E-010  0.83487275669612893     
 Iteration  7   Mean: -.6089E-08 Abs mean: 0.7449E-07   Fluctuation:  0.218E-08   0.204E-03    84.4%
  7   -0.6089E-08 0.7449E-07 +- 0.2181E-08     10.48
 Relative summed weights:
  0.0000E+00  0.0000E+00  0.2341E+00  0.2484E+00  0.0000E+00  0.0000E+00  0.0000E+00  0.0000E+00  0.2728E+00  0.2447E+00  0.0000E+00  0.0000E+00  0.0000E+00  0.0000E+00
 Relative number of events:
  0.0000E+00  0.0000E+00  0.2756E+00  0.2727E+00  0.0000E+00  0.0000E+00  0.0000E+00  0.0000E+00  0.2260E+00  0.2257E+00  0.0000E+00  0.0000E+00  0.0000E+00  0.0000E+00
 Events:
           0           0       15938       15768           0           0           0           0       13067       13048           0           0           0           0
 Accuracy:    0.029   0.010   0.017   2.741
 Found        10931  events.
 Wrote           67  events.
 Actual xsec   -7.5457647622820940E-009
 Correct abs xsec    7.2022419198502177E-008
 Event xsec    7.2022419198502124E-008
 Events wgts > 1:            2
 % Cross section > 1:    6.2134635261311857E-010  0.86271241583904046     
 Warning: Too low fact scales:    9.0860463142944052        1.1479782150638416     
 Warning: Too low fact scales:    9.0860463142944052        1.1479782150638416     
 Warning: Too low fact scales:    1.5823039576835578        7.5841821958281876     
 Warning: Too low fact scales:    1.5823039576835578        7.5841821958281876     
 Iteration  8   Mean: -.1021E-07 Abs mean: 0.7363E-07   Fluctuation:  0.703E-09   0.439E-04    83.6%
  8   -0.1021E-07 0.7363E-07 +- 0.7026E-09      4.83
 Exceeded boost           5          95   128000.000    
 Exceeded boost           5          96   256000.000    
 Relative summed weights:
  0.0000E+00  0.0000E+00  0.2764E+00  0.2649E+00  0.0000E+00  0.0000E+00  0.0000E+00  0.0000E+00  0.2404E+00  0.2183E+00  0.0000E+00  0.0000E+00  0.0000E+00  0.0000E+00
 Relative number of events:
  0.0000E+00  0.0000E+00  0.2740E+00  0.2724E+00  0.0000E+00  0.0000E+00  0.0000E+00  0.0000E+00  0.2255E+00  0.2280E+00  0.0000E+00  0.0000E+00  0.0000E+00  0.0000E+00
 Events:
           0           0       31637       31455           0           0           0           0       26041       26326           0           0           0           0
 Accuracy:    0.013   0.010   0.008   2.548
 Found        22891  events.
 Wrote         1355  events.
 Actual xsec   -9.6138035234014006E-009
 Correct abs xsec    7.3560510690189777E-008
 Event xsec    7.3560510690188057E-008
 Events wgts > 1:           20
 % Cross section > 1:    7.1957808128291622E-010  0.97821246009769469     

 -------------------------------------------------------------------------------
 Accumulated results:   Integral =  0.7314E-07
                        Std dev  =  0.6122E-09
                       Cross sec = -0.9601E-08
             Chi**2 per DoF.     =      2.5481
 -------------------------------------------------------------------------------
-------------------------------------------------
---------------------------
 Results Last   3 iters: Integral =  -0.9614E-08
                     Abs integral =   0.7356E-07
                          Std dev =   0.6295E-09
                  Chi**2 per DoF. =      0.3032
Thanks for using LHAPDF 6.2.1. Please make sure to cite the paper:
  Eur.Phys.J. C75 (2015) 3, 132  (http://arxiv.org/abs/1412.7420)
-------------------------------------------------
---------------------------
 Status   1.0000000000000000E-002           9           8

ls status:
events.lhe
ftn26
input_app.txt
results.dat
run1_app.log
