==== LHAPDF6 USING DEFAULT-TYPE LHAGLUE INTERFACE ====
LHAPDF 6.2.1 loading /cvmfs/cms.cern.ch/slc6_amd64_gcc630/external/lhapdf/6.2.1-ghjeda2/share/LHAPDF/NNPDF31_nnlo_as_0118_nf_4_mc_hessian/NNPDF31_nnlo_as_0118_nf_4_mc_hessian_0000.dat
NNPDF31_nnlo_as_0118_nf_4_mc_hessian PDF set, member #0, version 1; LHAPDF ID = 325500
 Process in group number            2
 A PDF is used, so alpha_s(MZ) is going to be modified
 Old value of alpha_s from param_card:   0.11810000000000001     
 New value of alpha_s from PDF lhapdf :  0.11266013434007299     
 using LHAPDF
 Define smin to   10000.000000000000     
 Define smin to   10000.000000000000     
 Define smin to   10000.000000000000     
 Define smin to   10000.000000000000     
 Define smin to   10000.000000000000     
 Define smin to   10000.000000000000     
 Define smin to   10000.000000000000     
 Define smin to   10000.000000000000     
 Define smin to   10000.000000000000     
 Define smin to   10000.000000000000     
 Define smin to   10000.000000000000     
 Define smin to   10000.000000000000     
 Define smin to   10000.000000000000     
 Define smin to   10000.000000000000     
 Define smin to   10000.000000000000     
 Define smin to   10000.000000000000     
 *****************************************************
 *               MadGraph/MadEvent                   *
 *        --------------------------------           *
 *          http://madgraph.hep.uiuc.edu             *
 *          http://madgraph.phys.ucl.ac.be           *
 *          http://madgraph.roma2.infn.it            *
 *        --------------------------------           *
 *                                                   *
 *          PARAMETER AND COUPLING VALUES            *
 *                                                   *
 *****************************************************

  External Params
  ---------------------------------
  
 mdl_MW0 =    80.387000000000000     
 mdl_Gf =    1.1663789999999999E-005
 aS =   0.11810000000000001     
 mdl_ymdo =    1.0000000000000000E-099
 mdl_ymb =    4.1799999999999997     
 mdl_ymt =    173.19999999999999     
 mdl_ymtau =    1.7769999999999999     
 mdl_LambdaSMEFT =    1000.0000000000000     
 mdl_MZ =    91.187600000000003     
 mdl_MTA =    1.7769999999999999     
 mdl_MT =    173.19999999999999     
 mdl_MB =    4.1799999999999997     
 mdl_MH =    125.09000000000000     
 mdl_WZ =    2.4952000000000001     
 mdl_WW =    2.0850000000000000     
 mdl_WT =    1.5083359999999999     
 mdl_WH =    4.0699999999999998E-003
  Internal Params
  ---------------------------------
  
 mdl_ymm =    1.0000000000000000E-099
 mdl_yme =    1.0000000000000000E-099
 mdl_ymc =    1.0000000000000000E-099
 mdl_yms =    1.0000000000000000E-099
 mdl_ymup =    1.0000000000000000E-099
 mdl_conjg__CKM3x3 =    1.0000000000000000     
 mdl_cH =    0.0000000000000000     
 mdl_cHB =    0.0000000000000000     
 mdl_CKM2x2 =    1.0000000000000000     
 mdl_CKM1x1 =    1.0000000000000000     
 mdl_conjg__CKM1x1 =    1.0000000000000000     
 mdl_dGf =    0.0000000000000000     
 mdl_CKM3x3 =    1.0000000000000000     
 mdl_dMH2 =    0.0000000000000000     
 mdl_conjg__CKM2x2 =    1.0000000000000000     
 mdl_dg1 =    0.0000000000000000     
 mdl_cHW =    0.0000000000000000     
 mdl_dgw =    0.0000000000000000     
 mdl_complexi =  (  0.0000000000000000     ,  1.0000000000000000     )
 mdl_MW =    80.387000000000000     
 mdl_nb__2__exp__0_25 =    1.1892071150027210     
 mdl_MH__exp__2 =    15647.508100000001     
 mdl_sqrt__2 =    1.4142135623730951     
 mdl_MW__exp__2 =    6462.0697689999997     
 mdl_MZ__exp__2 =    8315.1783937600012     
 mdl_sth2 =   0.22285855299877133     
 mdl_MH__exp__6 =    3831206449390.3818     
 mdl_MT__exp__6 =    26995248278778.535     
 mdl_MH__exp__4 =    244844509.73956564     
 mdl_MT__exp__4 =    899894403.09759963     
 mdl_MT__exp__2 =    29998.239999999994     
 mdl_LambdaSMEFT__exp__2 =    1000000.0000000000     
 mdl_cth =   0.88155626422890820     
 mdl_sqrt__sth2 =   0.47207896902824564     
 mdl_sth =   0.47207896902824564     
 mdl_MW0__exp__6 =    269845343347.69711     
 mdl_MW0__exp__4 =    41758345.699423708     
 mdl_MW0__exp__2 =    6462.0697689999997     
 mdl_MZ__exp__4 =    69142191.720053151     
 mdl_MZ__exp__6 =    574929658687.79749     
 mdl_cth__exp__2 =   0.77714144700122867     
 mdl_sth__exp__2 =   0.22285855299877130     
 mdl_sth__exp__3 =   0.10520683593878660     
 mdl_cth__exp__3 =   0.68509391079585125     
 mdl_sth__exp__4 =    4.9665934644706158E-002
 mdl_sqrt__Gf =    3.4152291284773265E-003
 mdl_vevhat =    246.21961912951551     
 mdl_lam =   0.12905352724481209     
 mdl_aEW =    7.5614618607353409E-003
 mdl_yb =    2.4008698866559607E-002
 mdl_yc =    5.7437078628133041E-102
 mdl_ydo =    5.7437078628133041E-102
 mdl_ye =    5.7437078628133041E-102
 mdl_ym =    5.7437078628133041E-102
 mdl_ys =    5.7437078628133041E-102
 mdl_yt =   0.99481020183926416     
 mdl_ytau =    1.0206568872219240E-002
 mdl_yup =    5.7437078628133041E-102
 mdl_vevhat__exp__2 =    60624.100844283676     
 mdl_barlam =   0.12905352724481209     
 mdl_vevT =    246.21961912951551     
 mdl_sqrt__aEW =    8.6956666568672819E-002
 mdl_ee =   0.30825335704310214     
 mdl_gwsh =   0.65296989967087182     
 mdl_vev =    246.21961912951551     
 mdl_g1 =   0.34966952144878632     
 mdl_gw =   0.65296989967087182     
 mdl_ee__exp__2 =    9.5020132128342205E-002
 mdl_gHaa =   -1.9303830602986922E-003
 mdl_gHza =   -6.8546472954154700E-003
 mdl_g1sh =   0.34966952144878632     
 mdl_I1d11 =  (  5.7437078628133041E-102,  0.0000000000000000     )
 mdl_I1d22 =  (  5.7437078628133041E-102,  0.0000000000000000     )
 mdl_I1d33 =  (  2.4008698866559607E-002,  0.0000000000000000     )
 mdl_I2d11 =  (  5.7437078628133041E-102,  0.0000000000000000     )
 mdl_I2d22 =  (  5.7437078628133041E-102,  0.0000000000000000     )
 mdl_I2d33 =  ( 0.99481020183926416     ,  0.0000000000000000     )
 mdl_I3d11 =  (  5.7437078628133041E-102,  0.0000000000000000     )
 mdl_I3d22 =  (  5.7437078628133041E-102,  0.0000000000000000     )
 mdl_I3d33 =  (  2.4008698866559607E-002,  0.0000000000000000     )
 mdl_I4d11 =  (  5.7437078628133041E-102,  0.0000000000000000     )
 mdl_I4d22 =  (  5.7437078628133041E-102,  0.0000000000000000     )
 mdl_I4d33 =  ( 0.99481020183926416     ,  0.0000000000000000     )
 mdl_I5d11 =  (  5.7437078628133041E-102,  0.0000000000000000     )
 mdl_I5d22 =  (  5.7437078628133041E-102,  0.0000000000000000     )
 mdl_I5d33 =  (  2.4008698866559607E-002,  0.0000000000000000     )
 mdl_I6d11 =  (  5.7437078628133041E-102,  0.0000000000000000     )
 mdl_I6d22 =  (  5.7437078628133041E-102,  0.0000000000000000     )
 mdl_I6d33 =  ( 0.99481020183926416     ,  0.0000000000000000     )
 mdl_ee__exp__3 =    2.9290274715240611E-002
 mdl_vevhat__exp__3 =    14926843.019948866     
  Internal Params evaluated point by point
  ----------------------------------------
  
 mdl_sqrt__aS =   0.34365680554879169     
 mdl_G__exp__2 =    1.4840883695558185     
 mdl_gHgg =    3.2334372328970845E-003
 mdl_G__exp__3 =  (  1.8079634332366095     ,  0.0000000000000000     )
  Couplings of SMEFTsim_A_U35_MwScheme_UFO_v3_1-SMlimit_massless
  ---------------------------------
  
         GC_1 =   0.00000E+00   0.10275E+00
         GC_2 =  -0.00000E+00  -0.20550E+00
         GC_3 =  -0.00000E+00  -0.30825E+00
       GC_255 =  -0.00000E+00  -0.42637E+00
       GC_278 =  -0.00000E+00  -0.37035E+00
       GC_280 =  -0.00000E+00  -0.57563E+00
       GC_328 =  -0.00000E+00  -0.55024E-01
       GC_329 =   0.00000E+00   0.11005E+00
       GC_330 =  -0.00000E+00  -0.16507E+00
       GC_400 =   0.00000E+00   0.52490E+02
       GC_809 =  -0.00000E+00  -0.72171E-02
      GC_1073 =  -0.00000E+00  -0.46172E+00

 Collider parameters:
 --------------------

 Running at P P   machine @    13000.000000000000       GeV
 PDF set = lhapdf 
 alpha_s(Mz)= 0.1127 running at 3 loops.
 alpha_s(Mz)= 0.1127 running at 3 loops.
 Renormalization scale set on event-by-event basis
 Factorization   scale set on event-by-event basis


 getting user params
Enter number of events and max and min iterations: 
 Number of events and iterations         2000           8           3
Enter desired fractional accuracy: 
 Desired fractional accuracy:    1.0000000000000000E-002
Enter 0 for fixed, 2 for adjustable grid: 
Suppress amplitude (0 no, 1 yes)? 
 Using suppressed amplitude.
Exact helicity sum (0 yes, n = number/event)? 
 Explicitly summing over helicities
Enter Configuration Number: 
Running Configuration Number:  522
 Not subdividing B.W.
 Attempting mappinvarients           1           8
 Completed mapping           8
 about to integrate           16        2000           8           3          16           1
 Using non-zero grid deformation.
 16 dimensions   2000 events 16 invarients  8 iterations  1 config(s),  (0.99)
 Using h-tuple random number sequence.
 Error opening grid
 Using Uniform Grid!          32
 Using uniform alpha   1.0000000000000000     
 Grid defined OK
 Set CM energy to      13000.00
 Mapping Graph         522  to config         522
 Setting BW          -1           1   80.387000000000000     
Setting grid   2    0.59172E-08   1
 Setting BW          -3           2   91.187600000000003     
 Setting BW          -4           3   80.387000000000000     
 Warning: No cutoff for shat integral found
          Minimum set to    5.9171597633136107E-009
Setting grid   5    0.59172E-08   1
 Transforming s_hat 1/s           15   2.8284926383053262E-004   10000.000000000000        168999999.99999997     
 522   1   2   3   4   5   6   7   8   9  10  11  12  13  14
  15  16
 Masses: 0.000E+00 0.000E+00 0.000E+00 0.000E+00 0.000E+00 0.000E+00 0.000E+00 0.000E+00
Using random seed offsets   522 :      4
  with seed                   24
 Ranmar initialization seeds         252        9401
 
 ********************************************
 * You are using the DiscreteSampler module *
 *      part of the MG5_aMC framework       *
 *         Author: Valentin Hirschi         *
 ********************************************
 
  Particle       3       4       5       6       7       8
      Et >     0.0     0.0     0.0     0.0    10.0    10.0
       E >     0.0     0.0     0.0     0.0     0.0     0.0
     Eta <    -1.0    -1.0    -1.0    -1.0     6.5     6.5
   xqcut:      0.0     0.0     0.0     0.0     0.0     0.0
d R # 3  >    -0.0     0.4     0.0     0.0     0.4     0.4
d R # 4  >    -0.0    -0.0     0.0     0.0     0.4     0.4
d R # 5  >    -0.0    -0.0    -0.0     0.0     0.0     0.0
d R # 6  >    -0.0    -0.0    -0.0    -0.0     0.0     0.0
d R # 7  >    -0.0    -0.0    -0.0    -0.0    -0.0     0.4
s min # 3>     0.0     0.0     0.0     0.0     0.0     0.0
s min # 4>     0.0     0.0     0.0     0.0     0.0     0.0
s min # 5>     0.0     0.0     0.0     0.0     0.0     0.0
s min # 6>     0.0     0.0     0.0     0.0     0.0     0.0
s min # 7>     0.0     0.0     0.0     0.0     0.0 10000.0
xqcutij # 3>     0.0     0.0     0.0     0.0     0.0     0.0
xqcutij # 4>     0.0     0.0     0.0     0.0     0.0     0.0
xqcutij # 5>     0.0     0.0     0.0     0.0     0.0     0.0
xqcutij # 6>     0.0     0.0     0.0     0.0     0.0     0.0
xqcutij # 7>     0.0     0.0     0.0     0.0     0.0     0.0
 No cut BW           -1           1
 No cut BW           -3           2
 No cut BW           -4           3
 alpha_s for scale    38.684064941073984       is   0.13045276985131007     
 Added good helicity          193   256.00000000000000       in event            1 local:           1
 Added good helicity          193   256.00000000000000       in event            1 local:           1
 RESET CUMULATIVE VARIABLE
 RESET CUMULATIVE VARIABLE
 RESET CUMULATIVE VARIABLE
 Iteration  1   Mean: 0.7845E-06 Abs mean: 0.7845E-06   Fluctuation:  0.242E-06   0.413E-03    18.3%
  1    0.7845E-06 0.7845E-06 +- 0.2422E-06     13.81
 Writing out events   2.6803082648781023E-010   13.806521480702655     
 Relative summed weights:
  0.0000E+00  0.0000E+00  0.9565E-02  0.2134E-02  0.0000E+00  0.0000E+00  0.0000E+00  0.0000E+00  0.0000E+00  0.0000E+00  0.1578E-01  0.2167E-02  0.2434E-01  0.4732E-01  0.0000E+00  0.0000E+00  0.0000E+00  0.0000E+00  0.0000E+00  0.0000E+00  0.0000E+00  0.0000E+00  0.9942E-02  0.6883E-02  0.0000E+00  0.0000E+00  0.0000E+00  0.0000E+00  0.5851E-02  0.1212E-03  0.0000E+00  0.0000E+00
  0.0000E+00  0.0000E+00  0.6975E-02  0.4213E-03  0.0000E+00  0.0000E+00  0.0000E+00  0.0000E+00  0.0000E+00  0.0000E+00  0.2857E-01  0.2729E+00  0.3308E-01  0.2530E-03  0.0000E+00  0.0000E+00  0.0000E+00  0.0000E+00  0.0000E+00  0.0000E+00  0.0000E+00  0.0000E+00  0.9308E-03  0.3277E-01  0.0000E+00  0.0000E+00  0.0000E+00  0.0000E+00  0.9669E-03  0.4081E-04  0.0000E+00  0.0000E+00
  0.0000E+00  0.0000E+00  0.2237E-01  0.1680E-01  0.0000E+00  0.0000E+00  0.0000E+00  0.0000E+00  0.0000E+00  0.0000E+00  0.2528E-02  0.7609E-02  0.9610E-02  0.1898E-01  0.0000E+00  0.0000E+00  0.0000E+00  0.0000E+00  0.0000E+00  0.0000E+00  0.0000E+00  0.0000E+00  0.4933E-02  0.9883E-02  0.0000E+00  0.0000E+00  0.0000E+00  0.0000E+00  0.5009E-03  0.1524E-02  0.0000E+00  0.0000E+00
  0.0000E+00  0.0000E+00  0.6254E-02  0.9806E-02  0.0000E+00  0.0000E+00  0.0000E+00  0.0000E+00  0.0000E+00  0.0000E+00  0.9184E-02  0.1427E-02  0.1838E-01  0.1459E+00  0.0000E+00  0.0000E+00  0.0000E+00  0.0000E+00  0.0000E+00  0.0000E+00  0.0000E+00  0.0000E+00  0.5325E-02  0.9031E-02  0.0000E+00  0.0000E+00  0.0000E+00  0.0000E+00  0.5244E-04  0.1143E-01  0.0000E+00  0.0000E+00
  0.0000E+00  0.0000E+00  0.2364E-02  0.1435E-01  0.0000E+00  0.0000E+00  0.0000E+00  0.0000E+00  0.0000E+00  0.0000E+00  0.1462E-01  0.6244E-01  0.0000E+00  0.0000E+00  0.0000E+00  0.0000E+00  0.0000E+00  0.0000E+00  0.0000E+00  0.0000E+00  0.0000E+00  0.0000E+00  0.0000E+00  0.0000E+00  0.0000E+00  0.0000E+00  0.0000E+00  0.0000E+00  0.0000E+00  0.0000E+00  0.0000E+00  0.0000E+00
  0.0000E+00  0.0000E+00  0.3525E-02  0.1654E-01  0.0000E+00  0.0000E+00  0.0000E+00  0.0000E+00  0.0000E+00  0.0000E+00  0.3119E-02  0.5008E-02  0.0000E+00  0.0000E+00  0.0000E+00  0.0000E+00  0.0000E+00  0.0000E+00  0.0000E+00  0.0000E+00  0.0000E+00  0.0000E+00  0.0000E+00  0.0000E+00  0.0000E+00  0.0000E+00  0.0000E+00  0.0000E+00  0.0000E+00  0.0000E+00  0.0000E+00  0.0000E+00
  0.0000E+00  0.0000E+00  0.2319E-02  0.2682E-01  0.0000E+00  0.0000E+00  0.0000E+00  0.0000E+00  0.0000E+00  0.0000E+00  0.9668E-02  0.1550E-01  0.0000E+00  0.0000E+00  0.0000E+00  0.0000E+00  0.0000E+00  0.0000E+00  0.0000E+00  0.0000E+00  0.0000E+00  0.0000E+00  0.0000E+00  0.0000E+00  0.0000E+00  0.0000E+00  0.0000E+00  0.0000E+00  0.0000E+00  0.0000E+00  0.0000E+00  0.0000E+00
  0.0000E+00  0.0000E+00  0.8716E-02  0.1766E-02  0.0000E+00  0.0000E+00  0.0000E+00  0.0000E+00  0.0000E+00  0.0000E+00  0.4446E-03  0.3388E-03  0.0000E+00  0.0000E+00  0.0000E+00  0.0000E+00  0.0000E+00  0.0000E+00  0.0000E+00  0.0000E+00  0.0000E+00  0.0000E+00  0.0000E+00  0.0000E+00  0.0000E+00  0.0000E+00  0.0000E+00  0.0000E+00  0.0000E+00  0.0000E+00  0.0000E+00  0.0000E+00
 Relative number of events:
  0.0000E+00  0.0000E+00  0.2389E-01  0.1792E-01  0.0000E+00  0.0000E+00  0.0000E+00  0.0000E+00  0.0000E+00  0.0000E+00  0.2041E-01  0.1742E-01  0.4430E-01  0.4430E-01  0.0000E+00  0.0000E+00  0.0000E+00  0.0000E+00  0.0000E+00  0.0000E+00  0.0000E+00  0.0000E+00  0.2688E-01  0.3484E-01  0.0000E+00  0.0000E+00  0.0000E+00  0.0000E+00  0.9457E-02  0.6471E-02  0.0000E+00  0.0000E+00
  0.0000E+00  0.0000E+00  0.1394E-01  0.9955E-02  0.0000E+00  0.0000E+00  0.0000E+00  0.0000E+00  0.0000E+00  0.0000E+00  0.1145E-01  0.1444E-01  0.1991E-01  0.1991E-01  0.0000E+00  0.0000E+00  0.0000E+00  0.0000E+00  0.0000E+00  0.0000E+00  0.0000E+00  0.0000E+00  0.1344E-01  0.1742E-01  0.0000E+00  0.0000E+00  0.0000E+00  0.0000E+00  0.5475E-02  0.2489E-02  0.0000E+00  0.0000E+00
  0.0000E+00  0.0000E+00  0.2638E-01  0.2439E-01  0.0000E+00  0.0000E+00  0.0000E+00  0.0000E+00  0.0000E+00  0.0000E+00  0.1991E-01  0.2140E-01  0.3385E-01  0.4928E-01  0.0000E+00  0.0000E+00  0.0000E+00  0.0000E+00  0.0000E+00  0.0000E+00  0.0000E+00  0.0000E+00  0.2688E-01  0.3285E-01  0.0000E+00  0.0000E+00  0.0000E+00  0.0000E+00  0.7466E-02  0.8462E-02  0.0000E+00  0.0000E+00
  0.0000E+00  0.0000E+00  0.6471E-02  0.1195E-01  0.0000E+00  0.0000E+00  0.0000E+00  0.0000E+00  0.0000E+00  0.0000E+00  0.7466E-02  0.1095E-01  0.2339E-01  0.1742E-01  0.0000E+00  0.0000E+00  0.0000E+00  0.0000E+00  0.0000E+00  0.0000E+00  0.0000E+00  0.0000E+00  0.2190E-01  0.2140E-01  0.0000E+00  0.0000E+00  0.0000E+00  0.0000E+00  0.3484E-02  0.5475E-02  0.0000E+00  0.0000E+00
  0.0000E+00  0.0000E+00  0.1891E-01  0.2240E-01  0.0000E+00  0.0000E+00  0.0000E+00  0.0000E+00  0.0000E+00  0.0000E+00  0.1991E-01  0.2489E-01  0.0000E+00  0.0000E+00  0.0000E+00  0.0000E+00  0.0000E+00  0.0000E+00  0.0000E+00  0.0000E+00  0.0000E+00  0.0000E+00  0.0000E+00  0.0000E+00  0.0000E+00  0.0000E+00  0.0000E+00  0.0000E+00  0.0000E+00  0.0000E+00  0.0000E+00  0.0000E+00
  0.0000E+00  0.0000E+00  0.1095E-01  0.1045E-01  0.0000E+00  0.0000E+00  0.0000E+00  0.0000E+00  0.0000E+00  0.0000E+00  0.1145E-01  0.8462E-02  0.0000E+00  0.0000E+00  0.0000E+00  0.0000E+00  0.0000E+00  0.0000E+00  0.0000E+00  0.0000E+00  0.0000E+00  0.0000E+00  0.0000E+00  0.0000E+00  0.0000E+00  0.0000E+00  0.0000E+00  0.0000E+00  0.0000E+00  0.0000E+00  0.0000E+00  0.0000E+00
  0.0000E+00  0.0000E+00  0.1941E-01  0.1991E-01  0.0000E+00  0.0000E+00  0.0000E+00  0.0000E+00  0.0000E+00  0.0000E+00  0.1792E-01  0.1991E-01  0.0000E+00  0.0000E+00  0.0000E+00  0.0000E+00  0.0000E+00  0.0000E+00  0.0000E+00  0.0000E+00  0.0000E+00  0.0000E+00  0.0000E+00  0.0000E+00  0.0000E+00  0.0000E+00  0.0000E+00  0.0000E+00  0.0000E+00  0.0000E+00  0.0000E+00  0.0000E+00
  0.0000E+00  0.0000E+00  0.8960E-02  0.1095E-01  0.0000E+00  0.0000E+00  0.0000E+00  0.0000E+00  0.0000E+00  0.0000E+00  0.1045E-01  0.9955E-02  0.0000E+00  0.0000E+00  0.0000E+00  0.0000E+00  0.0000E+00  0.0000E+00  0.0000E+00  0.0000E+00  0.0000E+00  0.0000E+00  0.0000E+00  0.0000E+00  0.0000E+00  0.0000E+00  0.0000E+00  0.0000E+00  0.0000E+00  0.0000E+00  0.0000E+00  0.0000E+00
 Events:
           0           0          48          36           0           0           0           0           0           0          41          35          89          89           0           0           0           0           0           0           0           0          54          70           0           0           0           0          19          13           0           0
           0           0          28          20           0           0           0           0           0           0          23          29          40          40           0           0           0           0           0           0           0           0          27          35           0           0           0           0          11           5           0           0
           0           0          53          49           0           0           0           0           0           0          40          43          68          99           0           0           0           0           0           0           0           0          54          66           0           0           0           0          15          17           0           0
           0           0          13          24           0           0           0           0           0           0          15          22          47          35           0           0           0           0           0           0           0           0          44          43           0           0           0           0           7          11           0           0
           0           0          38          45           0           0           0           0           0           0          40          50           0           0           0           0           0           0           0           0           0           0           0           0           0           0           0           0           0           0           0           0
           0           0          22          21           0           0           0           0           0           0          23          17           0           0           0           0           0           0           0           0           0           0           0           0           0           0           0           0           0           0           0           0
           0           0          39          40           0           0           0           0           0           0          36          40           0           0           0           0           0           0           0           0           0           0           0           0           0           0           0           0           0           0           0           0
           0           0          18          22           0           0           0           0           0           0          21          20           0           0           0           0           0           0           0           0           0           0           0           0           0           0           0           0           0           0           0           0
Warning xbin not returning correct x   3  0.843476E+01  0.842222E+01  0.9992E-14
Warning xbin not returning correct x   3  0.138728E+02  0.138889E+02  0.9992E-14
Warning xbin not returning correct x   3  0.126462E+02  0.126333E+02  0.9992E-14
Warning xbin not returning correct x   3  0.231289E+01  0.232222E+01  0.9992E-14
Warning xbin not returning correct x   3  0.141595E+02  0.141444E+02  0.9992E-14
Warning xbin still not working well. Last message this iteration.
 Warning: Too low fact scales:   0.86264757887896726        387.69396032400948     
 Warning: Too low fact scales:   0.86264757887896726        387.69396032400948     
 Warning: Too low fact scales:    18.967427187071952        1.6120992553324094     
 Warning: Too low fact scales:    18.967427187071952        1.6120992553324094     
 Warning: Too low fact scales:    47.689202662956951        1.4379293591032534     
 Warning: Too low fact scales:    47.689202662956951        1.4379293591032534     
 Iteration  2   Mean: 0.6199E-06 Abs mean: 0.6199E-06   Fluctuation:  0.124E-06   0.432E-03    29.8%
  2    0.6199E-06 0.6199E-06 +- 0.1238E-06     12.63
 Relative summed weights:
  0.0000E+00  0.0000E+00  0.6975E-02  0.3761E-02  0.0000E+00  0.0000E+00  0.0000E+00  0.0000E+00  0.0000E+00  0.0000E+00  0.8286E-02  0.7568E-02  0.6359E-01  0.1491E-01  0.0000E+00  0.0000E+00  0.0000E+00  0.0000E+00  0.0000E+00  0.0000E+00  0.0000E+00  0.0000E+00  0.7897E-02  0.1147E-01  0.0000E+00  0.0000E+00  0.0000E+00  0.0000E+00  0.9903E-04  0.4835E-03  0.0000E+00  0.0000E+00
  0.0000E+00  0.0000E+00  0.2183E-01  0.1889E+00  0.0000E+00  0.0000E+00  0.0000E+00  0.0000E+00  0.0000E+00  0.0000E+00  0.2279E-01  0.9330E-02  0.6988E-02  0.6545E-01  0.0000E+00  0.0000E+00  0.0000E+00  0.0000E+00  0.0000E+00  0.0000E+00  0.0000E+00  0.0000E+00  0.2338E-01  0.2254E-01  0.0000E+00  0.0000E+00  0.0000E+00  0.0000E+00  0.2211E-02  0.2318E-01  0.0000E+00  0.0000E+00
  0.0000E+00  0.0000E+00  0.1464E-02  0.4111E-02  0.0000E+00  0.0000E+00  0.0000E+00  0.0000E+00  0.0000E+00  0.0000E+00  0.1373E-01  0.1474E-02  0.2802E-01  0.3513E-01  0.0000E+00  0.0000E+00  0.0000E+00  0.0000E+00  0.0000E+00  0.0000E+00  0.0000E+00  0.0000E+00  0.7557E-02  0.8769E-02  0.0000E+00  0.0000E+00  0.0000E+00  0.0000E+00  0.2723E-03  0.8418E-03  0.0000E+00  0.0000E+00
  0.0000E+00  0.0000E+00  0.2079E-01  0.6317E-01  0.0000E+00  0.0000E+00  0.0000E+00  0.0000E+00  0.0000E+00  0.0000E+00  0.7464E-02  0.6363E-01  0.1824E-01  0.1311E-01  0.0000E+00  0.0000E+00  0.0000E+00  0.0000E+00  0.0000E+00  0.0000E+00  0.0000E+00  0.0000E+00  0.1379E-01  0.1053E-01  0.0000E+00  0.0000E+00  0.0000E+00  0.0000E+00  0.2137E-02  0.3031E-04  0.0000E+00  0.0000E+00
  0.0000E+00  0.0000E+00  0.6588E-02  0.1245E-01  0.0000E+00  0.0000E+00  0.0000E+00  0.0000E+00  0.0000E+00  0.0000E+00  0.7082E-02  0.3853E-02  0.0000E+00  0.0000E+00  0.0000E+00  0.0000E+00  0.0000E+00  0.0000E+00  0.0000E+00  0.0000E+00  0.0000E+00  0.0000E+00  0.0000E+00  0.0000E+00  0.0000E+00  0.0000E+00  0.0000E+00  0.0000E+00  0.0000E+00  0.0000E+00  0.0000E+00  0.0000E+00
  0.0000E+00  0.0000E+00  0.3540E-01  0.4868E-02  0.0000E+00  0.0000E+00  0.0000E+00  0.0000E+00  0.0000E+00  0.0000E+00  0.4744E-02  0.1198E-01  0.0000E+00  0.0000E+00  0.0000E+00  0.0000E+00  0.0000E+00  0.0000E+00  0.0000E+00  0.0000E+00  0.0000E+00  0.0000E+00  0.0000E+00  0.0000E+00  0.0000E+00  0.0000E+00  0.0000E+00  0.0000E+00  0.0000E+00  0.0000E+00  0.0000E+00  0.0000E+00
  0.0000E+00  0.0000E+00  0.3381E-01  0.1025E-01  0.0000E+00  0.0000E+00  0.0000E+00  0.0000E+00  0.0000E+00  0.0000E+00  0.9556E-02  0.4164E-02  0.0000E+00  0.0000E+00  0.0000E+00  0.0000E+00  0.0000E+00  0.0000E+00  0.0000E+00  0.0000E+00  0.0000E+00  0.0000E+00  0.0000E+00  0.0000E+00  0.0000E+00  0.0000E+00  0.0000E+00  0.0000E+00  0.0000E+00  0.0000E+00  0.0000E+00  0.0000E+00
  0.0000E+00  0.0000E+00  0.1235E-01  0.7125E-02  0.0000E+00  0.0000E+00  0.0000E+00  0.0000E+00  0.0000E+00  0.0000E+00  0.4166E-02  0.5702E-02  0.0000E+00  0.0000E+00  0.0000E+00  0.0000E+00  0.0000E+00  0.0000E+00  0.0000E+00  0.0000E+00  0.0000E+00  0.0000E+00  0.0000E+00  0.0000E+00  0.0000E+00  0.0000E+00  0.0000E+00  0.0000E+00  0.0000E+00  0.0000E+00  0.0000E+00  0.0000E+00
 Relative number of events:
  0.0000E+00  0.0000E+00  0.2250E-01  0.2000E-01  0.0000E+00  0.0000E+00  0.0000E+00  0.0000E+00  0.0000E+00  0.0000E+00  0.1900E-01  0.1750E-01  0.4225E-01  0.4450E-01  0.0000E+00  0.0000E+00  0.0000E+00  0.0000E+00  0.0000E+00  0.0000E+00  0.0000E+00  0.0000E+00  0.2575E-01  0.3400E-01  0.0000E+00  0.0000E+00  0.0000E+00  0.0000E+00  0.3500E-02  0.6000E-02  0.0000E+00  0.0000E+00
  0.0000E+00  0.0000E+00  0.1000E-01  0.1350E-01  0.0000E+00  0.0000E+00  0.0000E+00  0.0000E+00  0.0000E+00  0.0000E+00  0.1200E-01  0.1250E-01  0.2225E-01  0.2150E-01  0.0000E+00  0.0000E+00  0.0000E+00  0.0000E+00  0.0000E+00  0.0000E+00  0.0000E+00  0.0000E+00  0.2150E-01  0.2025E-01  0.0000E+00  0.0000E+00  0.0000E+00  0.0000E+00  0.2750E-02  0.3750E-02  0.0000E+00  0.0000E+00
  0.0000E+00  0.0000E+00  0.1825E-01  0.2150E-01  0.0000E+00  0.0000E+00  0.0000E+00  0.0000E+00  0.0000E+00  0.0000E+00  0.1975E-01  0.1975E-01  0.4275E-01  0.4100E-01  0.0000E+00  0.0000E+00  0.0000E+00  0.0000E+00  0.0000E+00  0.0000E+00  0.0000E+00  0.0000E+00  0.2875E-01  0.3500E-01  0.0000E+00  0.0000E+00  0.0000E+00  0.0000E+00  0.6250E-02  0.7750E-02  0.0000E+00  0.0000E+00
  0.0000E+00  0.0000E+00  0.1150E-01  0.1350E-01  0.0000E+00  0.0000E+00  0.0000E+00  0.0000E+00  0.0000E+00  0.0000E+00  0.1200E-01  0.1300E-01  0.2150E-01  0.1975E-01  0.0000E+00  0.0000E+00  0.0000E+00  0.0000E+00  0.0000E+00  0.0000E+00  0.0000E+00  0.0000E+00  0.2175E-01  0.2100E-01  0.0000E+00  0.0000E+00  0.0000E+00  0.0000E+00  0.4500E-02  0.3000E-02  0.0000E+00  0.0000E+00
  0.0000E+00  0.0000E+00  0.1975E-01  0.2350E-01  0.0000E+00  0.0000E+00  0.0000E+00  0.0000E+00  0.0000E+00  0.0000E+00  0.1625E-01  0.1975E-01  0.0000E+00  0.0000E+00  0.0000E+00  0.0000E+00  0.0000E+00  0.0000E+00  0.0000E+00  0.0000E+00  0.0000E+00  0.0000E+00  0.0000E+00  0.0000E+00  0.0000E+00  0.0000E+00  0.0000E+00  0.0000E+00  0.0000E+00  0.0000E+00  0.0000E+00  0.0000E+00
  0.0000E+00  0.0000E+00  0.1450E-01  0.9750E-02  0.0000E+00  0.0000E+00  0.0000E+00  0.0000E+00  0.0000E+00  0.0000E+00  0.1175E-01  0.1050E-01  0.0000E+00  0.0000E+00  0.0000E+00  0.0000E+00  0.0000E+00  0.0000E+00  0.0000E+00  0.0000E+00  0.0000E+00  0.0000E+00  0.0000E+00  0.0000E+00  0.0000E+00  0.0000E+00  0.0000E+00  0.0000E+00  0.0000E+00  0.0000E+00  0.0000E+00  0.0000E+00
  0.0000E+00  0.0000E+00  0.2075E-01  0.2200E-01  0.0000E+00  0.0000E+00  0.0000E+00  0.0000E+00  0.0000E+00  0.0000E+00  0.1750E-01  0.1725E-01  0.0000E+00  0.0000E+00  0.0000E+00  0.0000E+00  0.0000E+00  0.0000E+00  0.0000E+00  0.0000E+00  0.0000E+00  0.0000E+00  0.0000E+00  0.0000E+00  0.0000E+00  0.0000E+00  0.0000E+00  0.0000E+00  0.0000E+00  0.0000E+00  0.0000E+00  0.0000E+00
  0.0000E+00  0.0000E+00  0.7750E-02  0.1025E-01  0.0000E+00  0.0000E+00  0.0000E+00  0.0000E+00  0.0000E+00  0.0000E+00  0.1050E-01  0.1100E-01  0.0000E+00  0.0000E+00  0.0000E+00  0.0000E+00  0.0000E+00  0.0000E+00  0.0000E+00  0.0000E+00  0.0000E+00  0.0000E+00  0.0000E+00  0.0000E+00  0.0000E+00  0.0000E+00  0.0000E+00  0.0000E+00  0.0000E+00  0.0000E+00  0.0000E+00  0.0000E+00
 Events:
           0           0          90          80           0           0           0           0           0           0          76          70         169         178           0           0           0           0           0           0           0           0         103         136           0           0           0           0          14          24           0           0
           0           0          40          54           0           0           0           0           0           0          48          50          89          86           0           0           0           0           0           0           0           0          86          81           0           0           0           0          11          15           0           0
           0           0          73          86           0           0           0           0           0           0          79          79         171         164           0           0           0           0           0           0           0           0         115         140           0           0           0           0          25          31           0           0
           0           0          46          54           0           0           0           0           0           0          48          52          86          79           0           0           0           0           0           0           0           0          87          84           0           0           0           0          18          12           0           0
           0           0          79          94           0           0           0           0           0           0          65          79           0           0           0           0           0           0           0           0           0           0           0           0           0           0           0           0           0           0           0           0
           0           0          58          39           0           0           0           0           0           0          47          42           0           0           0           0           0           0           0           0           0           0           0           0           0           0           0           0           0           0           0           0
           0           0          83          88           0           0           0           0           0           0          70          69           0           0           0           0           0           0           0           0           0           0           0           0           0           0           0           0           0           0           0           0
           0           0          31          41           0           0           0           0           0           0          42          44           0           0           0           0           0           0           0           0           0           0           0           0           0           0           0           0           0           0           0           0
 Iteration  3   Mean: 0.6985E-06 Abs mean: 0.6985E-06   Fluctuation:  0.646E-07   0.204E-03    44.1%
  3    0.6985E-06 0.6985E-06 +- 0.6458E-07      8.27
 Relative summed weights:
  0.0000E+00  0.0000E+00  0.1140E-01  0.1062E-01  0.0000E+00  0.0000E+00  0.0000E+00  0.0000E+00  0.0000E+00  0.0000E+00  0.8405E-02  0.4917E-02  0.2708E-01  0.2279E-01  0.0000E+00  0.0000E+00  0.0000E+00  0.0000E+00  0.0000E+00  0.0000E+00  0.0000E+00  0.0000E+00  0.2084E-01  0.1872E-01  0.0000E+00  0.0000E+00  0.0000E+00  0.0000E+00  0.1240E-02  0.3231E-02  0.0000E+00  0.0000E+00
  0.0000E+00  0.0000E+00  0.1474E-01  0.5783E-01  0.0000E+00  0.0000E+00  0.0000E+00  0.0000E+00  0.0000E+00  0.0000E+00  0.1248E-01  0.1982E-01  0.3055E-01  0.3750E-01  0.0000E+00  0.0000E+00  0.0000E+00  0.0000E+00  0.0000E+00  0.0000E+00  0.0000E+00  0.0000E+00  0.1506E-01  0.1825E-01  0.0000E+00  0.0000E+00  0.0000E+00  0.0000E+00  0.1330E-02  0.5219E-03  0.0000E+00  0.0000E+00
  0.0000E+00  0.0000E+00  0.1108E-01  0.7153E-02  0.0000E+00  0.0000E+00  0.0000E+00  0.0000E+00  0.0000E+00  0.0000E+00  0.3910E-02  0.1110E-01  0.1912E-01  0.3914E-01  0.0000E+00  0.0000E+00  0.0000E+00  0.0000E+00  0.0000E+00  0.0000E+00  0.0000E+00  0.0000E+00  0.1143E-01  0.1161E-01  0.0000E+00  0.0000E+00  0.0000E+00  0.0000E+00  0.2683E-02  0.9568E-03  0.0000E+00  0.0000E+00
  0.0000E+00  0.0000E+00  0.1328E-01  0.2331E-01  0.0000E+00  0.0000E+00  0.0000E+00  0.0000E+00  0.0000E+00  0.0000E+00  0.1732E-01  0.8021E-02  0.6193E-01  0.5286E-01  0.0000E+00  0.0000E+00  0.0000E+00  0.0000E+00  0.0000E+00  0.0000E+00  0.0000E+00  0.0000E+00  0.4355E-01  0.4558E-01  0.0000E+00  0.0000E+00  0.0000E+00  0.0000E+00  0.2338E-02  0.6372E-02  0.0000E+00  0.0000E+00
  0.0000E+00  0.0000E+00  0.1123E-01  0.2747E-01  0.0000E+00  0.0000E+00  0.0000E+00  0.0000E+00  0.0000E+00  0.0000E+00  0.1624E-01  0.1780E-01  0.0000E+00  0.0000E+00  0.0000E+00  0.0000E+00  0.0000E+00  0.0000E+00  0.0000E+00  0.0000E+00  0.0000E+00  0.0000E+00  0.0000E+00  0.0000E+00  0.0000E+00  0.0000E+00  0.0000E+00  0.0000E+00  0.0000E+00  0.0000E+00  0.0000E+00  0.0000E+00
  0.0000E+00  0.0000E+00  0.8496E-02  0.2317E-01  0.0000E+00  0.0000E+00  0.0000E+00  0.0000E+00  0.0000E+00  0.0000E+00  0.1833E-01  0.1371E-01  0.0000E+00  0.0000E+00  0.0000E+00  0.0000E+00  0.0000E+00  0.0000E+00  0.0000E+00  0.0000E+00  0.0000E+00  0.0000E+00  0.0000E+00  0.0000E+00  0.0000E+00  0.0000E+00  0.0000E+00  0.0000E+00  0.0000E+00  0.0000E+00  0.0000E+00  0.0000E+00
  0.0000E+00  0.0000E+00  0.1114E-01  0.4580E-02  0.0000E+00  0.0000E+00  0.0000E+00  0.0000E+00  0.0000E+00  0.0000E+00  0.9353E-02  0.1330E-01  0.0000E+00  0.0000E+00  0.0000E+00  0.0000E+00  0.0000E+00  0.0000E+00  0.0000E+00  0.0000E+00  0.0000E+00  0.0000E+00  0.0000E+00  0.0000E+00  0.0000E+00  0.0000E+00  0.0000E+00  0.0000E+00  0.0000E+00  0.0000E+00  0.0000E+00  0.0000E+00
  0.0000E+00  0.0000E+00  0.3656E-01  0.3892E-01  0.0000E+00  0.0000E+00  0.0000E+00  0.0000E+00  0.0000E+00  0.0000E+00  0.1414E-01  0.5490E-02  0.0000E+00  0.0000E+00  0.0000E+00  0.0000E+00  0.0000E+00  0.0000E+00  0.0000E+00  0.0000E+00  0.0000E+00  0.0000E+00  0.0000E+00  0.0000E+00  0.0000E+00  0.0000E+00  0.0000E+00  0.0000E+00  0.0000E+00  0.0000E+00  0.0000E+00  0.0000E+00
 Relative number of events:
  0.0000E+00  0.0000E+00  0.2200E-01  0.2187E-01  0.0000E+00  0.0000E+00  0.0000E+00  0.0000E+00  0.0000E+00  0.0000E+00  0.2025E-01  0.1775E-01  0.4025E-01  0.4175E-01  0.0000E+00  0.0000E+00  0.0000E+00  0.0000E+00  0.0000E+00  0.0000E+00  0.0000E+00  0.0000E+00  0.3562E-01  0.3238E-01  0.0000E+00  0.0000E+00  0.0000E+00  0.0000E+00  0.4750E-02  0.4500E-02  0.0000E+00  0.0000E+00
  0.0000E+00  0.0000E+00  0.1075E-01  0.1312E-01  0.0000E+00  0.0000E+00  0.0000E+00  0.0000E+00  0.0000E+00  0.0000E+00  0.1375E-01  0.9875E-02  0.2075E-01  0.2400E-01  0.0000E+00  0.0000E+00  0.0000E+00  0.0000E+00  0.0000E+00  0.0000E+00  0.0000E+00  0.0000E+00  0.1825E-01  0.2312E-01  0.0000E+00  0.0000E+00  0.0000E+00  0.0000E+00  0.3500E-02  0.2500E-02  0.0000E+00  0.0000E+00
  0.0000E+00  0.0000E+00  0.1875E-01  0.2400E-01  0.0000E+00  0.0000E+00  0.0000E+00  0.0000E+00  0.0000E+00  0.0000E+00  0.1825E-01  0.1800E-01  0.4100E-01  0.4312E-01  0.0000E+00  0.0000E+00  0.0000E+00  0.0000E+00  0.0000E+00  0.0000E+00  0.0000E+00  0.0000E+00  0.3325E-01  0.3700E-01  0.0000E+00  0.0000E+00  0.0000E+00  0.0000E+00  0.4250E-02  0.3500E-02  0.0000E+00  0.0000E+00
  0.0000E+00  0.0000E+00  0.9500E-02  0.8875E-02  0.0000E+00  0.0000E+00  0.0000E+00  0.0000E+00  0.0000E+00  0.0000E+00  0.1213E-01  0.1038E-01  0.1975E-01  0.2162E-01  0.0000E+00  0.0000E+00  0.0000E+00  0.0000E+00  0.0000E+00  0.0000E+00  0.0000E+00  0.0000E+00  0.2300E-01  0.1900E-01  0.0000E+00  0.0000E+00  0.0000E+00  0.0000E+00  0.2125E-02  0.2875E-02  0.0000E+00  0.0000E+00
  0.0000E+00  0.0000E+00  0.2113E-01  0.2050E-01  0.0000E+00  0.0000E+00  0.0000E+00  0.0000E+00  0.0000E+00  0.0000E+00  0.1900E-01  0.1850E-01  0.0000E+00  0.0000E+00  0.0000E+00  0.0000E+00  0.0000E+00  0.0000E+00  0.0000E+00  0.0000E+00  0.0000E+00  0.0000E+00  0.0000E+00  0.0000E+00  0.0000E+00  0.0000E+00  0.0000E+00  0.0000E+00  0.0000E+00  0.0000E+00  0.0000E+00  0.0000E+00
  0.0000E+00  0.0000E+00  0.1087E-01  0.1150E-01  0.0000E+00  0.0000E+00  0.0000E+00  0.0000E+00  0.0000E+00  0.0000E+00  0.1175E-01  0.1250E-01  0.0000E+00  0.0000E+00  0.0000E+00  0.0000E+00  0.0000E+00  0.0000E+00  0.0000E+00  0.0000E+00  0.0000E+00  0.0000E+00  0.0000E+00  0.0000E+00  0.0000E+00  0.0000E+00  0.0000E+00  0.0000E+00  0.0000E+00  0.0000E+00  0.0000E+00  0.0000E+00
  0.0000E+00  0.0000E+00  0.2225E-01  0.1812E-01  0.0000E+00  0.0000E+00  0.0000E+00  0.0000E+00  0.0000E+00  0.0000E+00  0.1912E-01  0.1837E-01  0.0000E+00  0.0000E+00  0.0000E+00  0.0000E+00  0.0000E+00  0.0000E+00  0.0000E+00  0.0000E+00  0.0000E+00  0.0000E+00  0.0000E+00  0.0000E+00  0.0000E+00  0.0000E+00  0.0000E+00  0.0000E+00  0.0000E+00  0.0000E+00  0.0000E+00  0.0000E+00
  0.0000E+00  0.0000E+00  0.9500E-02  0.1238E-01  0.0000E+00  0.0000E+00  0.0000E+00  0.0000E+00  0.0000E+00  0.0000E+00  0.1162E-01  0.1175E-01  0.0000E+00  0.0000E+00  0.0000E+00  0.0000E+00  0.0000E+00  0.0000E+00  0.0000E+00  0.0000E+00  0.0000E+00  0.0000E+00  0.0000E+00  0.0000E+00  0.0000E+00  0.0000E+00  0.0000E+00  0.0000E+00  0.0000E+00  0.0000E+00  0.0000E+00  0.0000E+00
 Events:
           0           0         176         175           0           0           0           0           0           0         162         142         322         334           0           0           0           0           0           0           0           0         285         259           0           0           0           0          38          36           0           0
           0           0          86         105           0           0           0           0           0           0         110          79         166         192           0           0           0           0           0           0           0           0         146         185           0           0           0           0          28          20           0           0
           0           0         150         192           0           0           0           0           0           0         146         144         328         345           0           0           0           0           0           0           0           0         266         296           0           0           0           0          34          28           0           0
           0           0          76          71           0           0           0           0           0           0          97          83         158         173           0           0           0           0           0           0           0           0         184         152           0           0           0           0          17          23           0           0
           0           0         169         164           0           0           0           0           0           0         152         148           0           0           0           0           0           0           0           0           0           0           0           0           0           0           0           0           0           0           0           0
           0           0          87          92           0           0           0           0           0           0          94         100           0           0           0           0           0           0           0           0           0           0           0           0           0           0           0           0           0           0           0           0
           0           0         178         145           0           0           0           0           0           0         153         147           0           0           0           0           0           0           0           0           0           0           0           0           0           0           0           0           0           0           0           0
           0           0          76          99           0           0           0           0           0           0          93          94           0           0           0           0           0           0           0           0           0           0           0           0           0           0           0           0           0           0           0           0
 Accuracy:    0.039   0.010   0.081   0.235
 Found          727  events.
 Wrote           30  events.
 Actual xsec    6.9153065365078101E-007
 Correct abs xsec    6.9153065365078101E-007
 Event xsec    6.9153065365078059E-007
 Events wgts > 1:            2
 % Cross section > 1:    2.2907086435588879E-009  0.33125193098319022     
 Warning: Too low fact scales:    1.6506364092647656        18.522104414247732     
 Warning: Too low fact scales:    1.6506364092647661        18.522104414247732     
 Warning: Too low fact scales:    1.8250501290942684        181.96704180128333     
 Warning: Too low fact scales:    1.8250501290942684        181.96704180128333     
 Warning: Too low fact scales:    1.8693009415049098        339.41487813750638     
 No more warnings written out this run.
 Iteration  4   Mean: 0.6880E-06 Abs mean: 0.6880E-06   Fluctuation:  0.687E-07   0.792E-03    48.7%
  4    0.6880E-06 0.6880E-06 +- 0.6869E-07     12.63
 Relative summed weights:
  0.0000E+00  0.0000E+00  0.1003E-01  0.2238E-01  0.0000E+00  0.0000E+00  0.0000E+00  0.0000E+00  0.0000E+00  0.0000E+00  0.1951E-01  0.1089E-01  0.1389E-01  0.3371E-01  0.0000E+00  0.0000E+00  0.0000E+00  0.0000E+00  0.0000E+00  0.0000E+00  0.0000E+00  0.0000E+00  0.1334E-01  0.1682E-01  0.0000E+00  0.0000E+00  0.0000E+00  0.0000E+00  0.3637E-03  0.8747E-03  0.0000E+00  0.0000E+00
  0.0000E+00  0.0000E+00  0.4127E-01  0.1307E-01  0.0000E+00  0.0000E+00  0.0000E+00  0.0000E+00  0.0000E+00  0.0000E+00  0.1444E-01  0.8076E-02  0.5742E-01  0.4169E-01  0.0000E+00  0.0000E+00  0.0000E+00  0.0000E+00  0.0000E+00  0.0000E+00  0.0000E+00  0.0000E+00  0.3476E-01  0.1687E-01  0.0000E+00  0.0000E+00  0.0000E+00  0.0000E+00  0.2583E-02  0.3250E-02  0.0000E+00  0.0000E+00
  0.0000E+00  0.0000E+00  0.1265E-01  0.3247E-01  0.0000E+00  0.0000E+00  0.0000E+00  0.0000E+00  0.0000E+00  0.0000E+00  0.4363E-01  0.8792E-02  0.2581E-01  0.9471E-01  0.0000E+00  0.0000E+00  0.0000E+00  0.0000E+00  0.0000E+00  0.0000E+00  0.0000E+00  0.0000E+00  0.1261E-01  0.9411E-02  0.0000E+00  0.0000E+00  0.0000E+00  0.0000E+00  0.2467E-02  0.1826E-02  0.0000E+00  0.0000E+00
  0.0000E+00  0.0000E+00  0.1782E-01  0.1533E-01  0.0000E+00  0.0000E+00  0.0000E+00  0.0000E+00  0.0000E+00  0.0000E+00  0.5960E-02  0.1825E-01  0.2267E-01  0.1510E-01  0.0000E+00  0.0000E+00  0.0000E+00  0.0000E+00  0.0000E+00  0.0000E+00  0.0000E+00  0.0000E+00  0.3378E-01  0.1883E-01  0.0000E+00  0.0000E+00  0.0000E+00  0.0000E+00  0.1191E-02  0.1994E-02  0.0000E+00  0.0000E+00
  0.0000E+00  0.0000E+00  0.8813E-02  0.1899E-01  0.0000E+00  0.0000E+00  0.0000E+00  0.0000E+00  0.0000E+00  0.0000E+00  0.1543E-01  0.1432E-01  0.0000E+00  0.0000E+00  0.0000E+00  0.0000E+00  0.0000E+00  0.0000E+00  0.0000E+00  0.0000E+00  0.0000E+00  0.0000E+00  0.0000E+00  0.0000E+00  0.0000E+00  0.0000E+00  0.0000E+00  0.0000E+00  0.0000E+00  0.0000E+00  0.0000E+00  0.0000E+00
  0.0000E+00  0.0000E+00  0.2885E-01  0.1649E-01  0.0000E+00  0.0000E+00  0.0000E+00  0.0000E+00  0.0000E+00  0.0000E+00  0.1381E-01  0.6704E-02  0.0000E+00  0.0000E+00  0.0000E+00  0.0000E+00  0.0000E+00  0.0000E+00  0.0000E+00  0.0000E+00  0.0000E+00  0.0000E+00  0.0000E+00  0.0000E+00  0.0000E+00  0.0000E+00  0.0000E+00  0.0000E+00  0.0000E+00  0.0000E+00  0.0000E+00  0.0000E+00
  0.0000E+00  0.0000E+00  0.8476E-02  0.1102E-01  0.0000E+00  0.0000E+00  0.0000E+00  0.0000E+00  0.0000E+00  0.0000E+00  0.7669E-02  0.9684E-02  0.0000E+00  0.0000E+00  0.0000E+00  0.0000E+00  0.0000E+00  0.0000E+00  0.0000E+00  0.0000E+00  0.0000E+00  0.0000E+00  0.0000E+00  0.0000E+00  0.0000E+00  0.0000E+00  0.0000E+00  0.0000E+00  0.0000E+00  0.0000E+00  0.0000E+00  0.0000E+00
  0.0000E+00  0.0000E+00  0.1501E-01  0.8924E-02  0.0000E+00  0.0000E+00  0.0000E+00  0.0000E+00  0.0000E+00  0.0000E+00  0.8518E-02  0.3678E-01  0.0000E+00  0.0000E+00  0.0000E+00  0.0000E+00  0.0000E+00  0.0000E+00  0.0000E+00  0.0000E+00  0.0000E+00  0.0000E+00  0.0000E+00  0.0000E+00  0.0000E+00  0.0000E+00  0.0000E+00  0.0000E+00  0.0000E+00  0.0000E+00  0.0000E+00  0.0000E+00
 Relative number of events:
  0.0000E+00  0.0000E+00  0.2106E-01  0.2113E-01  0.0000E+00  0.0000E+00  0.0000E+00  0.0000E+00  0.0000E+00  0.0000E+00  0.1900E-01  0.1981E-01  0.4131E-01  0.4138E-01  0.0000E+00  0.0000E+00  0.0000E+00  0.0000E+00  0.0000E+00  0.0000E+00  0.0000E+00  0.0000E+00  0.3431E-01  0.3531E-01  0.0000E+00  0.0000E+00  0.0000E+00  0.0000E+00  0.3312E-02  0.4562E-02  0.0000E+00  0.0000E+00
  0.0000E+00  0.0000E+00  0.1162E-01  0.1206E-01  0.0000E+00  0.0000E+00  0.0000E+00  0.0000E+00  0.0000E+00  0.0000E+00  0.1194E-01  0.1162E-01  0.2175E-01  0.1975E-01  0.0000E+00  0.0000E+00  0.0000E+00  0.0000E+00  0.0000E+00  0.0000E+00  0.0000E+00  0.0000E+00  0.2094E-01  0.2306E-01  0.0000E+00  0.0000E+00  0.0000E+00  0.0000E+00  0.2750E-02  0.2125E-02  0.0000E+00  0.0000E+00
  0.0000E+00  0.0000E+00  0.2056E-01  0.2175E-01  0.0000E+00  0.0000E+00  0.0000E+00  0.0000E+00  0.0000E+00  0.0000E+00  0.1825E-01  0.2000E-01  0.4481E-01  0.4075E-01  0.0000E+00  0.0000E+00  0.0000E+00  0.0000E+00  0.0000E+00  0.0000E+00  0.0000E+00  0.0000E+00  0.3388E-01  0.3269E-01  0.0000E+00  0.0000E+00  0.0000E+00  0.0000E+00  0.3938E-02  0.4125E-02  0.0000E+00  0.0000E+00
  0.0000E+00  0.0000E+00  0.1006E-01  0.1056E-01  0.0000E+00  0.0000E+00  0.0000E+00  0.0000E+00  0.0000E+00  0.0000E+00  0.9375E-02  0.1244E-01  0.2262E-01  0.2088E-01  0.0000E+00  0.0000E+00  0.0000E+00  0.0000E+00  0.0000E+00  0.0000E+00  0.0000E+00  0.0000E+00  0.2013E-01  0.2006E-01  0.0000E+00  0.0000E+00  0.0000E+00  0.0000E+00  0.3750E-02  0.2938E-02  0.0000E+00  0.0000E+00
  0.0000E+00  0.0000E+00  0.1988E-01  0.2088E-01  0.0000E+00  0.0000E+00  0.0000E+00  0.0000E+00  0.0000E+00  0.0000E+00  0.1613E-01  0.1775E-01  0.0000E+00  0.0000E+00  0.0000E+00  0.0000E+00  0.0000E+00  0.0000E+00  0.0000E+00  0.0000E+00  0.0000E+00  0.0000E+00  0.0000E+00  0.0000E+00  0.0000E+00  0.0000E+00  0.0000E+00  0.0000E+00  0.0000E+00  0.0000E+00  0.0000E+00  0.0000E+00
  0.0000E+00  0.0000E+00  0.1087E-01  0.1075E-01  0.0000E+00  0.0000E+00  0.0000E+00  0.0000E+00  0.0000E+00  0.0000E+00  0.1100E-01  0.1238E-01  0.0000E+00  0.0000E+00  0.0000E+00  0.0000E+00  0.0000E+00  0.0000E+00  0.0000E+00  0.0000E+00  0.0000E+00  0.0000E+00  0.0000E+00  0.0000E+00  0.0000E+00  0.0000E+00  0.0000E+00  0.0000E+00  0.0000E+00  0.0000E+00  0.0000E+00  0.0000E+00
  0.0000E+00  0.0000E+00  0.2300E-01  0.2244E-01  0.0000E+00  0.0000E+00  0.0000E+00  0.0000E+00  0.0000E+00  0.0000E+00  0.2000E-01  0.1844E-01  0.0000E+00  0.0000E+00  0.0000E+00  0.0000E+00  0.0000E+00  0.0000E+00  0.0000E+00  0.0000E+00  0.0000E+00  0.0000E+00  0.0000E+00  0.0000E+00  0.0000E+00  0.0000E+00  0.0000E+00  0.0000E+00  0.0000E+00  0.0000E+00  0.0000E+00  0.0000E+00
  0.0000E+00  0.0000E+00  0.1162E-01  0.9562E-02  0.0000E+00  0.0000E+00  0.0000E+00  0.0000E+00  0.0000E+00  0.0000E+00  0.1150E-01  0.1144E-01  0.0000E+00  0.0000E+00  0.0000E+00  0.0000E+00  0.0000E+00  0.0000E+00  0.0000E+00  0.0000E+00  0.0000E+00  0.0000E+00  0.0000E+00  0.0000E+00  0.0000E+00  0.0000E+00  0.0000E+00  0.0000E+00  0.0000E+00  0.0000E+00  0.0000E+00  0.0000E+00
 Events:
           0           0         337         338           0           0           0           0           0           0         304         317         661         662           0           0           0           0           0           0           0           0         549         565           0           0           0           0          53          73           0           0
           0           0         186         193           0           0           0           0           0           0         191         186         348         316           0           0           0           0           0           0           0           0         335         369           0           0           0           0          44          34           0           0
           0           0         329         348           0           0           0           0           0           0         292         320         717         652           0           0           0           0           0           0           0           0         542         523           0           0           0           0          63          66           0           0
           0           0         161         169           0           0           0           0           0           0         150         199         362         334           0           0           0           0           0           0           0           0         322         321           0           0           0           0          60          47           0           0
           0           0         318         334           0           0           0           0           0           0         258         284           0           0           0           0           0           0           0           0           0           0           0           0           0           0           0           0           0           0           0           0
           0           0         174         172           0           0           0           0           0           0         176         198           0           0           0           0           0           0           0           0           0           0           0           0           0           0           0           0           0           0           0           0
           0           0         368         359           0           0           0           0           0           0         320         295           0           0           0           0           0           0           0           0           0           0           0           0           0           0           0           0           0           0           0           0
           0           0         186         153           0           0           0           0           0           0         184         183           0           0           0           0           0           0           0           0           0           0           0           0           0           0           0           0           0           0           0           0
 Accuracy:    0.025   0.010   0.063   0.158
 Found         1357  events.
 Wrote           14  events.
 Actual xsec    6.8606102220016113E-007
 Correct abs xsec    6.8606102220016113E-007
 Event xsec    6.8606102220016081E-007
 Events wgts > 1:            1
 % Cross section > 1:    9.3334964850009219E-015   1.3604469840115534E-006
 Iteration  5   Mean: 0.6337E-06 Abs mean: 0.6337E-06   Fluctuation:  0.258E-07   0.360E-03    50.5%
  5    0.6337E-06 0.6337E-06 +- 0.2579E-07      7.28
 Relative summed weights:
  0.0000E+00  0.0000E+00  0.1472E-01  0.1378E-01  0.0000E+00  0.0000E+00  0.0000E+00  0.0000E+00  0.0000E+00  0.0000E+00  0.8278E-02  0.1195E-01  0.2572E-01  0.2552E-01  0.0000E+00  0.0000E+00  0.0000E+00  0.0000E+00  0.0000E+00  0.0000E+00  0.0000E+00  0.0000E+00  0.1515E-01  0.1358E-01  0.0000E+00  0.0000E+00  0.0000E+00  0.0000E+00  0.1349E-02  0.1056E-02  0.0000E+00  0.0000E+00
  0.0000E+00  0.0000E+00  0.4160E-01  0.1450E-01  0.0000E+00  0.0000E+00  0.0000E+00  0.0000E+00  0.0000E+00  0.0000E+00  0.1334E-01  0.1489E-01  0.4378E-01  0.3332E-01  0.0000E+00  0.0000E+00  0.0000E+00  0.0000E+00  0.0000E+00  0.0000E+00  0.0000E+00  0.0000E+00  0.2805E-01  0.1925E-01  0.0000E+00  0.0000E+00  0.0000E+00  0.0000E+00  0.3232E-02  0.1383E-02  0.0000E+00  0.0000E+00
  0.0000E+00  0.0000E+00  0.3387E-01  0.1319E-01  0.0000E+00  0.0000E+00  0.0000E+00  0.0000E+00  0.0000E+00  0.0000E+00  0.1178E-01  0.1182E-01  0.4780E-01  0.3111E-01  0.0000E+00  0.0000E+00  0.0000E+00  0.0000E+00  0.0000E+00  0.0000E+00  0.0000E+00  0.0000E+00  0.1498E-01  0.1848E-01  0.0000E+00  0.0000E+00  0.0000E+00  0.0000E+00  0.5268E-02  0.3032E-02  0.0000E+00  0.0000E+00
  0.0000E+00  0.0000E+00  0.2453E-01  0.1457E-01  0.0000E+00  0.0000E+00  0.0000E+00  0.0000E+00  0.0000E+00  0.0000E+00  0.1458E-01  0.1383E-01  0.4464E-01  0.3775E-01  0.0000E+00  0.0000E+00  0.0000E+00  0.0000E+00  0.0000E+00  0.0000E+00  0.0000E+00  0.0000E+00  0.2896E-01  0.2739E-01  0.0000E+00  0.0000E+00  0.0000E+00  0.0000E+00  0.2008E-02  0.2491E-02  0.0000E+00  0.0000E+00
  0.0000E+00  0.0000E+00  0.1459E-01  0.1630E-01  0.0000E+00  0.0000E+00  0.0000E+00  0.0000E+00  0.0000E+00  0.0000E+00  0.6079E-02  0.6998E-02  0.0000E+00  0.0000E+00  0.0000E+00  0.0000E+00  0.0000E+00  0.0000E+00  0.0000E+00  0.0000E+00  0.0000E+00  0.0000E+00  0.0000E+00  0.0000E+00  0.0000E+00  0.0000E+00  0.0000E+00  0.0000E+00  0.0000E+00  0.0000E+00  0.0000E+00  0.0000E+00
  0.0000E+00  0.0000E+00  0.2053E-01  0.2130E-01  0.0000E+00  0.0000E+00  0.0000E+00  0.0000E+00  0.0000E+00  0.0000E+00  0.1834E-01  0.1701E-01  0.0000E+00  0.0000E+00  0.0000E+00  0.0000E+00  0.0000E+00  0.0000E+00  0.0000E+00  0.0000E+00  0.0000E+00  0.0000E+00  0.0000E+00  0.0000E+00  0.0000E+00  0.0000E+00  0.0000E+00  0.0000E+00  0.0000E+00  0.0000E+00  0.0000E+00  0.0000E+00
  0.0000E+00  0.0000E+00  0.1906E-01  0.2290E-01  0.0000E+00  0.0000E+00  0.0000E+00  0.0000E+00  0.0000E+00  0.0000E+00  0.8318E-02  0.1223E-01  0.0000E+00  0.0000E+00  0.0000E+00  0.0000E+00  0.0000E+00  0.0000E+00  0.0000E+00  0.0000E+00  0.0000E+00  0.0000E+00  0.0000E+00  0.0000E+00  0.0000E+00  0.0000E+00  0.0000E+00  0.0000E+00  0.0000E+00  0.0000E+00  0.0000E+00  0.0000E+00
  0.0000E+00  0.0000E+00  0.1968E-01  0.1947E-01  0.0000E+00  0.0000E+00  0.0000E+00  0.0000E+00  0.0000E+00  0.0000E+00  0.2177E-01  0.8876E-02  0.0000E+00  0.0000E+00  0.0000E+00  0.0000E+00  0.0000E+00  0.0000E+00  0.0000E+00  0.0000E+00  0.0000E+00  0.0000E+00  0.0000E+00  0.0000E+00  0.0000E+00  0.0000E+00  0.0000E+00  0.0000E+00  0.0000E+00  0.0000E+00  0.0000E+00  0.0000E+00
 Relative number of events:
  0.0000E+00  0.0000E+00  0.2056E-01  0.2153E-01  0.0000E+00  0.0000E+00  0.0000E+00  0.0000E+00  0.0000E+00  0.0000E+00  0.1922E-01  0.1934E-01  0.4184E-01  0.4306E-01  0.0000E+00  0.0000E+00  0.0000E+00  0.0000E+00  0.0000E+00  0.0000E+00  0.0000E+00  0.0000E+00  0.3356E-01  0.3409E-01  0.0000E+00  0.0000E+00  0.0000E+00  0.0000E+00  0.4063E-02  0.3625E-02  0.0000E+00  0.0000E+00
  0.0000E+00  0.0000E+00  0.1178E-01  0.1119E-01  0.0000E+00  0.0000E+00  0.0000E+00  0.0000E+00  0.0000E+00  0.0000E+00  0.1141E-01  0.1166E-01  0.2194E-01  0.2131E-01  0.0000E+00  0.0000E+00  0.0000E+00  0.0000E+00  0.0000E+00  0.0000E+00  0.0000E+00  0.0000E+00  0.2078E-01  0.2034E-01  0.0000E+00  0.0000E+00  0.0000E+00  0.0000E+00  0.2094E-02  0.2437E-02  0.0000E+00  0.0000E+00
  0.0000E+00  0.0000E+00  0.2162E-01  0.2059E-01  0.0000E+00  0.0000E+00  0.0000E+00  0.0000E+00  0.0000E+00  0.0000E+00  0.1988E-01  0.1837E-01  0.4178E-01  0.4409E-01  0.0000E+00  0.0000E+00  0.0000E+00  0.0000E+00  0.0000E+00  0.0000E+00  0.0000E+00  0.0000E+00  0.3406E-01  0.3347E-01  0.0000E+00  0.0000E+00  0.0000E+00  0.0000E+00  0.3906E-02  0.3969E-02  0.0000E+00  0.0000E+00
  0.0000E+00  0.0000E+00  0.1112E-01  0.1053E-01  0.0000E+00  0.0000E+00  0.0000E+00  0.0000E+00  0.0000E+00  0.0000E+00  0.1266E-01  0.1125E-01  0.2109E-01  0.2191E-01  0.0000E+00  0.0000E+00  0.0000E+00  0.0000E+00  0.0000E+00  0.0000E+00  0.0000E+00  0.0000E+00  0.2075E-01  0.2081E-01  0.0000E+00  0.0000E+00  0.0000E+00  0.0000E+00  0.2812E-02  0.2563E-02  0.0000E+00  0.0000E+00
  0.0000E+00  0.0000E+00  0.2150E-01  0.2209E-01  0.0000E+00  0.0000E+00  0.0000E+00  0.0000E+00  0.0000E+00  0.0000E+00  0.1916E-01  0.1791E-01  0.0000E+00  0.0000E+00  0.0000E+00  0.0000E+00  0.0000E+00  0.0000E+00  0.0000E+00  0.0000E+00  0.0000E+00  0.0000E+00  0.0000E+00  0.0000E+00  0.0000E+00  0.0000E+00  0.0000E+00  0.0000E+00  0.0000E+00  0.0000E+00  0.0000E+00  0.0000E+00
  0.0000E+00  0.0000E+00  0.1050E-01  0.1103E-01  0.0000E+00  0.0000E+00  0.0000E+00  0.0000E+00  0.0000E+00  0.0000E+00  0.1184E-01  0.1216E-01  0.0000E+00  0.0000E+00  0.0000E+00  0.0000E+00  0.0000E+00  0.0000E+00  0.0000E+00  0.0000E+00  0.0000E+00  0.0000E+00  0.0000E+00  0.0000E+00  0.0000E+00  0.0000E+00  0.0000E+00  0.0000E+00  0.0000E+00  0.0000E+00  0.0000E+00  0.0000E+00
  0.0000E+00  0.0000E+00  0.2003E-01  0.1931E-01  0.0000E+00  0.0000E+00  0.0000E+00  0.0000E+00  0.0000E+00  0.0000E+00  0.1988E-01  0.1781E-01  0.0000E+00  0.0000E+00  0.0000E+00  0.0000E+00  0.0000E+00  0.0000E+00  0.0000E+00  0.0000E+00  0.0000E+00  0.0000E+00  0.0000E+00  0.0000E+00  0.0000E+00  0.0000E+00  0.0000E+00  0.0000E+00  0.0000E+00  0.0000E+00  0.0000E+00  0.0000E+00
  0.0000E+00  0.0000E+00  0.1041E-01  0.1009E-01  0.0000E+00  0.0000E+00  0.0000E+00  0.0000E+00  0.0000E+00  0.0000E+00  0.1166E-01  0.1153E-01  0.0000E+00  0.0000E+00  0.0000E+00  0.0000E+00  0.0000E+00  0.0000E+00  0.0000E+00  0.0000E+00  0.0000E+00  0.0000E+00  0.0000E+00  0.0000E+00  0.0000E+00  0.0000E+00  0.0000E+00  0.0000E+00  0.0000E+00  0.0000E+00  0.0000E+00  0.0000E+00
 Events:
           0           0         658         689           0           0           0           0           0           0         615         619        1339        1378           0           0           0           0           0           0           0           0        1074        1091           0           0           0           0         130         116           0           0
           0           0         377         358           0           0           0           0           0           0         365         373         702         682           0           0           0           0           0           0           0           0         665         651           0           0           0           0          67          78           0           0
           0           0         692         659           0           0           0           0           0           0         636         588        1337        1411           0           0           0           0           0           0           0           0        1090        1071           0           0           0           0         125         127           0           0
           0           0         356         337           0           0           0           0           0           0         405         360         675         701           0           0           0           0           0           0           0           0         664         666           0           0           0           0          90          82           0           0
           0           0         688         707           0           0           0           0           0           0         613         573           0           0           0           0           0           0           0           0           0           0           0           0           0           0           0           0           0           0           0           0
           0           0         336         353           0           0           0           0           0           0         379         389           0           0           0           0           0           0           0           0           0           0           0           0           0           0           0           0           0           0           0           0
           0           0         641         618           0           0           0           0           0           0         636         570           0           0           0           0           0           0           0           0           0           0           0           0           0           0           0           0           0           0           0           0
           0           0         333         323           0           0           0           0           0           0         373         369           0           0           0           0           0           0           0           0           0           0           0           0           0           0           0           0           0           0           0           0
 Accuracy:    0.023   0.010   0.034   0.469
 Found         2935  events.
 Wrote           97  events.
 Actual xsec    6.4957415770142677E-007
 Correct abs xsec    6.4957415770142677E-007
 Event xsec    6.4957415770142677E-007
 Events wgts > 1:            4
 % Cross section > 1:    5.6253170914382655E-009  0.86600075214567140     
 Iteration  6   Mean: 0.7085E-06 Abs mean: 0.7085E-06   Fluctuation:  0.274E-07   0.116E-02    51.8%
  6    0.7085E-06 0.7085E-06 +- 0.2740E-07      9.78
 Relative summed weights:
  0.0000E+00  0.0000E+00  0.1762E-01  0.1346E-01  0.0000E+00  0.0000E+00  0.0000E+00  0.0000E+00  0.0000E+00  0.0000E+00  0.7946E-02  0.6416E-02  0.3371E-01  0.3292E-01  0.0000E+00  0.0000E+00  0.0000E+00  0.0000E+00  0.0000E+00  0.0000E+00  0.0000E+00  0.0000E+00  0.1521E-01  0.1740E-01  0.0000E+00  0.0000E+00  0.0000E+00  0.0000E+00  0.1506E-02  0.5322E-02  0.0000E+00  0.0000E+00
  0.0000E+00  0.0000E+00  0.1561E-01  0.1995E-01  0.0000E+00  0.0000E+00  0.0000E+00  0.0000E+00  0.0000E+00  0.0000E+00  0.1120E-01  0.1378E-01  0.4881E-01  0.4594E-01  0.0000E+00  0.0000E+00  0.0000E+00  0.0000E+00  0.0000E+00  0.0000E+00  0.0000E+00  0.0000E+00  0.3520E-01  0.2790E-01  0.0000E+00  0.0000E+00  0.0000E+00  0.0000E+00  0.1671E-02  0.2000E-02  0.0000E+00  0.0000E+00
  0.0000E+00  0.0000E+00  0.1050E-01  0.1059E-01  0.0000E+00  0.0000E+00  0.0000E+00  0.0000E+00  0.0000E+00  0.0000E+00  0.7262E-02  0.1022E-01  0.3197E-01  0.2804E-01  0.0000E+00  0.0000E+00  0.0000E+00  0.0000E+00  0.0000E+00  0.0000E+00  0.0000E+00  0.0000E+00  0.1787E-01  0.1724E-01  0.0000E+00  0.0000E+00  0.0000E+00  0.0000E+00  0.1800E-02  0.1192E-02  0.0000E+00  0.0000E+00
  0.0000E+00  0.0000E+00  0.2227E-01  0.1964E-01  0.0000E+00  0.0000E+00  0.0000E+00  0.0000E+00  0.0000E+00  0.0000E+00  0.1544E-01  0.2311E-01  0.3182E-01  0.3423E-01  0.0000E+00  0.0000E+00  0.0000E+00  0.0000E+00  0.0000E+00  0.0000E+00  0.0000E+00  0.0000E+00  0.3391E-01  0.4535E-01  0.0000E+00  0.0000E+00  0.0000E+00  0.0000E+00  0.1800E-02  0.1600E-02  0.0000E+00  0.0000E+00
  0.0000E+00  0.0000E+00  0.1855E-01  0.1187E-01  0.0000E+00  0.0000E+00  0.0000E+00  0.0000E+00  0.0000E+00  0.0000E+00  0.8342E-02  0.8499E-02  0.0000E+00  0.0000E+00  0.0000E+00  0.0000E+00  0.0000E+00  0.0000E+00  0.0000E+00  0.0000E+00  0.0000E+00  0.0000E+00  0.0000E+00  0.0000E+00  0.0000E+00  0.0000E+00  0.0000E+00  0.0000E+00  0.0000E+00  0.0000E+00  0.0000E+00  0.0000E+00
  0.0000E+00  0.0000E+00  0.2390E-01  0.2645E-01  0.0000E+00  0.0000E+00  0.0000E+00  0.0000E+00  0.0000E+00  0.0000E+00  0.1211E-01  0.1777E-01  0.0000E+00  0.0000E+00  0.0000E+00  0.0000E+00  0.0000E+00  0.0000E+00  0.0000E+00  0.0000E+00  0.0000E+00  0.0000E+00  0.0000E+00  0.0000E+00  0.0000E+00  0.0000E+00  0.0000E+00  0.0000E+00  0.0000E+00  0.0000E+00  0.0000E+00  0.0000E+00
  0.0000E+00  0.0000E+00  0.1518E-01  0.1563E-01  0.0000E+00  0.0000E+00  0.0000E+00  0.0000E+00  0.0000E+00  0.0000E+00  0.8839E-02  0.9265E-02  0.0000E+00  0.0000E+00  0.0000E+00  0.0000E+00  0.0000E+00  0.0000E+00  0.0000E+00  0.0000E+00  0.0000E+00  0.0000E+00  0.0000E+00  0.0000E+00  0.0000E+00  0.0000E+00  0.0000E+00  0.0000E+00  0.0000E+00  0.0000E+00  0.0000E+00  0.0000E+00
  0.0000E+00  0.0000E+00  0.3004E-01  0.2315E-01  0.0000E+00  0.0000E+00  0.0000E+00  0.0000E+00  0.0000E+00  0.0000E+00  0.1668E-01  0.1430E-01  0.0000E+00  0.0000E+00  0.0000E+00  0.0000E+00  0.0000E+00  0.0000E+00  0.0000E+00  0.0000E+00  0.0000E+00  0.0000E+00  0.0000E+00  0.0000E+00  0.0000E+00  0.0000E+00  0.0000E+00  0.0000E+00  0.0000E+00  0.0000E+00  0.0000E+00  0.0000E+00
 Relative number of events:
  0.0000E+00  0.0000E+00  0.2098E-01  0.2094E-01  0.0000E+00  0.0000E+00  0.0000E+00  0.0000E+00  0.0000E+00  0.0000E+00  0.1950E-01  0.1886E-01  0.4325E-01  0.4181E-01  0.0000E+00  0.0000E+00  0.0000E+00  0.0000E+00  0.0000E+00  0.0000E+00  0.0000E+00  0.0000E+00  0.3356E-01  0.3300E-01  0.0000E+00  0.0000E+00  0.0000E+00  0.0000E+00  0.3938E-02  0.3641E-02  0.0000E+00  0.0000E+00
  0.0000E+00  0.0000E+00  0.1173E-01  0.1136E-01  0.0000E+00  0.0000E+00  0.0000E+00  0.0000E+00  0.0000E+00  0.0000E+00  0.1213E-01  0.1230E-01  0.2275E-01  0.2097E-01  0.0000E+00  0.0000E+00  0.0000E+00  0.0000E+00  0.0000E+00  0.0000E+00  0.0000E+00  0.0000E+00  0.2128E-01  0.2092E-01  0.0000E+00  0.0000E+00  0.0000E+00  0.0000E+00  0.2141E-02  0.2406E-02  0.0000E+00  0.0000E+00
  0.0000E+00  0.0000E+00  0.2127E-01  0.2061E-01  0.0000E+00  0.0000E+00  0.0000E+00  0.0000E+00  0.0000E+00  0.0000E+00  0.1816E-01  0.1839E-01  0.4189E-01  0.4159E-01  0.0000E+00  0.0000E+00  0.0000E+00  0.0000E+00  0.0000E+00  0.0000E+00  0.0000E+00  0.0000E+00  0.3428E-01  0.3281E-01  0.0000E+00  0.0000E+00  0.0000E+00  0.0000E+00  0.3984E-02  0.3656E-02  0.0000E+00  0.0000E+00
  0.0000E+00  0.0000E+00  0.1122E-01  0.1103E-01  0.0000E+00  0.0000E+00  0.0000E+00  0.0000E+00  0.0000E+00  0.0000E+00  0.1145E-01  0.1134E-01  0.2084E-01  0.2248E-01  0.0000E+00  0.0000E+00  0.0000E+00  0.0000E+00  0.0000E+00  0.0000E+00  0.0000E+00  0.0000E+00  0.2047E-01  0.2127E-01  0.0000E+00  0.0000E+00  0.0000E+00  0.0000E+00  0.2000E-02  0.2000E-02  0.0000E+00  0.0000E+00
  0.0000E+00  0.0000E+00  0.2209E-01  0.2108E-01  0.0000E+00  0.0000E+00  0.0000E+00  0.0000E+00  0.0000E+00  0.0000E+00  0.1861E-01  0.1864E-01  0.0000E+00  0.0000E+00  0.0000E+00  0.0000E+00  0.0000E+00  0.0000E+00  0.0000E+00  0.0000E+00  0.0000E+00  0.0000E+00  0.0000E+00  0.0000E+00  0.0000E+00  0.0000E+00  0.0000E+00  0.0000E+00  0.0000E+00  0.0000E+00  0.0000E+00  0.0000E+00
  0.0000E+00  0.0000E+00  0.1044E-01  0.1083E-01  0.0000E+00  0.0000E+00  0.0000E+00  0.0000E+00  0.0000E+00  0.0000E+00  0.1248E-01  0.1108E-01  0.0000E+00  0.0000E+00  0.0000E+00  0.0000E+00  0.0000E+00  0.0000E+00  0.0000E+00  0.0000E+00  0.0000E+00  0.0000E+00  0.0000E+00  0.0000E+00  0.0000E+00  0.0000E+00  0.0000E+00  0.0000E+00  0.0000E+00  0.0000E+00  0.0000E+00  0.0000E+00
  0.0000E+00  0.0000E+00  0.2180E-01  0.2119E-01  0.0000E+00  0.0000E+00  0.0000E+00  0.0000E+00  0.0000E+00  0.0000E+00  0.1877E-01  0.1894E-01  0.0000E+00  0.0000E+00  0.0000E+00  0.0000E+00  0.0000E+00  0.0000E+00  0.0000E+00  0.0000E+00  0.0000E+00  0.0000E+00  0.0000E+00  0.0000E+00  0.0000E+00  0.0000E+00  0.0000E+00  0.0000E+00  0.0000E+00  0.0000E+00  0.0000E+00  0.0000E+00
  0.0000E+00  0.0000E+00  0.1122E-01  0.1092E-01  0.0000E+00  0.0000E+00  0.0000E+00  0.0000E+00  0.0000E+00  0.0000E+00  0.1191E-01  0.1180E-01  0.0000E+00  0.0000E+00  0.0000E+00  0.0000E+00  0.0000E+00  0.0000E+00  0.0000E+00  0.0000E+00  0.0000E+00  0.0000E+00  0.0000E+00  0.0000E+00  0.0000E+00  0.0000E+00  0.0000E+00  0.0000E+00  0.0000E+00  0.0000E+00  0.0000E+00  0.0000E+00
 Events:
           0           0        1343        1340           0           0           0           0           0           0        1248        1207        2768        2676           0           0           0           0           0           0           0           0        2148        2112           0           0           0           0         252         233           0           0
           0           0         751         727           0           0           0           0           0           0         776         787        1456        1342           0           0           0           0           0           0           0           0        1362        1339           0           0           0           0         137         154           0           0
           0           0        1361        1319           0           0           0           0           0           0        1162        1177        2681        2662           0           0           0           0           0           0           0           0        2194        2100           0           0           0           0         255         234           0           0
           0           0         718         706           0           0           0           0           0           0         733         726        1334        1439           0           0           0           0           0           0           0           0        1310        1361           0           0           0           0         128         128           0           0
           0           0        1414        1349           0           0           0           0           0           0        1191        1193           0           0           0           0           0           0           0           0           0           0           0           0           0           0           0           0           0           0           0           0
           0           0         668         693           0           0           0           0           0           0         799         709           0           0           0           0           0           0           0           0           0           0           0           0           0           0           0           0           0           0           0           0
           0           0        1395        1356           0           0           0           0           0           0        1201        1212           0           0           0           0           0           0           0           0           0           0           0           0           0           0           0           0           0           0           0           0
           0           0         718         699           0           0           0           0           0           0         762         755           0           0           0           0           0           0           0           0           0           0           0           0           0           0           0           0           0           0           0           0
 Accuracy:    0.024   0.010   0.026   0.904
 Found         6432  events.
 Wrote           46  events.
 Actual xsec    6.7410839294341332E-007
 Correct abs xsec    6.7410839294341332E-007
 Event xsec    6.7410839294341321E-007
 Events wgts > 1:            0
 % Cross section > 1:    0.0000000000000000        0.0000000000000000     
 Iteration  7   Mean: 0.7122E-06 Abs mean: 0.7122E-06   Fluctuation:  0.321E-07   0.384E-02    53.2%
  7    0.7122E-06 0.7122E-06 +- 0.3215E-07     16.15
 Relative summed weights:
  0.0000E+00  0.0000E+00  0.1282E-01  0.1222E-01  0.0000E+00  0.0000E+00  0.0000E+00  0.0000E+00  0.0000E+00  0.0000E+00  0.1023E-01  0.7749E-02  0.3184E-01  0.3119E-01  0.0000E+00  0.0000E+00  0.0000E+00  0.0000E+00  0.0000E+00  0.0000E+00  0.0000E+00  0.0000E+00  0.1635E-01  0.1633E-01  0.0000E+00  0.0000E+00  0.0000E+00  0.0000E+00  0.2271E-02  0.1321E-02  0.0000E+00  0.0000E+00
  0.0000E+00  0.0000E+00  0.2316E-01  0.1836E-01  0.0000E+00  0.0000E+00  0.0000E+00  0.0000E+00  0.0000E+00  0.0000E+00  0.1187E-01  0.1140E-01  0.4492E-01  0.4624E-01  0.0000E+00  0.0000E+00  0.0000E+00  0.0000E+00  0.0000E+00  0.0000E+00  0.0000E+00  0.0000E+00  0.2384E-01  0.2287E-01  0.0000E+00  0.0000E+00  0.0000E+00  0.0000E+00  0.1676E-02  0.3030E-02  0.0000E+00  0.0000E+00
  0.0000E+00  0.0000E+00  0.1513E-01  0.1682E-01  0.0000E+00  0.0000E+00  0.0000E+00  0.0000E+00  0.0000E+00  0.0000E+00  0.9073E-02  0.9159E-02  0.3236E-01  0.3104E-01  0.0000E+00  0.0000E+00  0.0000E+00  0.0000E+00  0.0000E+00  0.0000E+00  0.0000E+00  0.0000E+00  0.1577E-01  0.1791E-01  0.0000E+00  0.0000E+00  0.0000E+00  0.0000E+00  0.1563E-02  0.1949E-02  0.0000E+00  0.0000E+00
  0.0000E+00  0.0000E+00  0.2680E-01  0.2425E-01  0.0000E+00  0.0000E+00  0.0000E+00  0.0000E+00  0.0000E+00  0.0000E+00  0.1492E-01  0.1239E-01  0.4715E-01  0.4121E-01  0.0000E+00  0.0000E+00  0.0000E+00  0.0000E+00  0.0000E+00  0.0000E+00  0.0000E+00  0.0000E+00  0.2194E-01  0.6493E-01  0.0000E+00  0.0000E+00  0.0000E+00  0.0000E+00  0.2041E-02  0.2926E-02  0.0000E+00  0.0000E+00
  0.0000E+00  0.0000E+00  0.1286E-01  0.1609E-01  0.0000E+00  0.0000E+00  0.0000E+00  0.0000E+00  0.0000E+00  0.0000E+00  0.1146E-01  0.8957E-02  0.0000E+00  0.0000E+00  0.0000E+00  0.0000E+00  0.0000E+00  0.0000E+00  0.0000E+00  0.0000E+00  0.0000E+00  0.0000E+00  0.0000E+00  0.0000E+00  0.0000E+00  0.0000E+00  0.0000E+00  0.0000E+00  0.0000E+00  0.0000E+00  0.0000E+00  0.0000E+00
  0.0000E+00  0.0000E+00  0.3005E-01  0.1779E-01  0.0000E+00  0.0000E+00  0.0000E+00  0.0000E+00  0.0000E+00  0.0000E+00  0.1121E-01  0.1250E-01  0.0000E+00  0.0000E+00  0.0000E+00  0.0000E+00  0.0000E+00  0.0000E+00  0.0000E+00  0.0000E+00  0.0000E+00  0.0000E+00  0.0000E+00  0.0000E+00  0.0000E+00  0.0000E+00  0.0000E+00  0.0000E+00  0.0000E+00  0.0000E+00  0.0000E+00  0.0000E+00
  0.0000E+00  0.0000E+00  0.1621E-01  0.1433E-01  0.0000E+00  0.0000E+00  0.0000E+00  0.0000E+00  0.0000E+00  0.0000E+00  0.9405E-02  0.8859E-02  0.0000E+00  0.0000E+00  0.0000E+00  0.0000E+00  0.0000E+00  0.0000E+00  0.0000E+00  0.0000E+00  0.0000E+00  0.0000E+00  0.0000E+00  0.0000E+00  0.0000E+00  0.0000E+00  0.0000E+00  0.0000E+00  0.0000E+00  0.0000E+00  0.0000E+00  0.0000E+00
  0.0000E+00  0.0000E+00  0.2428E-01  0.2219E-01  0.0000E+00  0.0000E+00  0.0000E+00  0.0000E+00  0.0000E+00  0.0000E+00  0.1278E-01  0.1198E-01  0.0000E+00  0.0000E+00  0.0000E+00  0.0000E+00  0.0000E+00  0.0000E+00  0.0000E+00  0.0000E+00  0.0000E+00  0.0000E+00  0.0000E+00  0.0000E+00  0.0000E+00  0.0000E+00  0.0000E+00  0.0000E+00  0.0000E+00  0.0000E+00  0.0000E+00  0.0000E+00
 Relative number of events:
  0.0000E+00  0.0000E+00  0.2141E-01  0.2136E-01  0.0000E+00  0.0000E+00  0.0000E+00  0.0000E+00  0.0000E+00  0.0000E+00  0.1830E-01  0.1833E-01  0.4137E-01  0.4241E-01  0.0000E+00  0.0000E+00  0.0000E+00  0.0000E+00  0.0000E+00  0.0000E+00  0.0000E+00  0.0000E+00  0.3291E-01  0.3354E-01  0.0000E+00  0.0000E+00  0.0000E+00  0.0000E+00  0.3367E-02  0.3477E-02  0.0000E+00  0.0000E+00
  0.0000E+00  0.0000E+00  0.1108E-01  0.1055E-01  0.0000E+00  0.0000E+00  0.0000E+00  0.0000E+00  0.0000E+00  0.0000E+00  0.1115E-01  0.1143E-01  0.2197E-01  0.2192E-01  0.0000E+00  0.0000E+00  0.0000E+00  0.0000E+00  0.0000E+00  0.0000E+00  0.0000E+00  0.0000E+00  0.2138E-01  0.2034E-01  0.0000E+00  0.0000E+00  0.0000E+00  0.0000E+00  0.2414E-02  0.2383E-02  0.0000E+00  0.0000E+00
  0.0000E+00  0.0000E+00  0.2127E-01  0.2081E-01  0.0000E+00  0.0000E+00  0.0000E+00  0.0000E+00  0.0000E+00  0.0000E+00  0.1877E-01  0.1836E-01  0.4339E-01  0.4198E-01  0.0000E+00  0.0000E+00  0.0000E+00  0.0000E+00  0.0000E+00  0.0000E+00  0.0000E+00  0.0000E+00  0.3425E-01  0.3424E-01  0.0000E+00  0.0000E+00  0.0000E+00  0.0000E+00  0.3664E-02  0.3648E-02  0.0000E+00  0.0000E+00
  0.0000E+00  0.0000E+00  0.1116E-01  0.1132E-01  0.0000E+00  0.0000E+00  0.0000E+00  0.0000E+00  0.0000E+00  0.0000E+00  0.1151E-01  0.1150E-01  0.2189E-01  0.2100E-01  0.0000E+00  0.0000E+00  0.0000E+00  0.0000E+00  0.0000E+00  0.0000E+00  0.0000E+00  0.0000E+00  0.2150E-01  0.2120E-01  0.0000E+00  0.0000E+00  0.0000E+00  0.0000E+00  0.2281E-02  0.2484E-02  0.0000E+00  0.0000E+00
  0.0000E+00  0.0000E+00  0.2114E-01  0.2161E-01  0.0000E+00  0.0000E+00  0.0000E+00  0.0000E+00  0.0000E+00  0.0000E+00  0.1897E-01  0.1918E-01  0.0000E+00  0.0000E+00  0.0000E+00  0.0000E+00  0.0000E+00  0.0000E+00  0.0000E+00  0.0000E+00  0.0000E+00  0.0000E+00  0.0000E+00  0.0000E+00  0.0000E+00  0.0000E+00  0.0000E+00  0.0000E+00  0.0000E+00  0.0000E+00  0.0000E+00  0.0000E+00
  0.0000E+00  0.0000E+00  0.1102E-01  0.1100E-01  0.0000E+00  0.0000E+00  0.0000E+00  0.0000E+00  0.0000E+00  0.0000E+00  0.1141E-01  0.1195E-01  0.0000E+00  0.0000E+00  0.0000E+00  0.0000E+00  0.0000E+00  0.0000E+00  0.0000E+00  0.0000E+00  0.0000E+00  0.0000E+00  0.0000E+00  0.0000E+00  0.0000E+00  0.0000E+00  0.0000E+00  0.0000E+00  0.0000E+00  0.0000E+00  0.0000E+00  0.0000E+00
  0.0000E+00  0.0000E+00  0.2174E-01  0.2115E-01  0.0000E+00  0.0000E+00  0.0000E+00  0.0000E+00  0.0000E+00  0.0000E+00  0.1903E-01  0.1898E-01  0.0000E+00  0.0000E+00  0.0000E+00  0.0000E+00  0.0000E+00  0.0000E+00  0.0000E+00  0.0000E+00  0.0000E+00  0.0000E+00  0.0000E+00  0.0000E+00  0.0000E+00  0.0000E+00  0.0000E+00  0.0000E+00  0.0000E+00  0.0000E+00  0.0000E+00  0.0000E+00
  0.0000E+00  0.0000E+00  0.1068E-01  0.1128E-01  0.0000E+00  0.0000E+00  0.0000E+00  0.0000E+00  0.0000E+00  0.0000E+00  0.1173E-01  0.1182E-01  0.0000E+00  0.0000E+00  0.0000E+00  0.0000E+00  0.0000E+00  0.0000E+00  0.0000E+00  0.0000E+00  0.0000E+00  0.0000E+00  0.0000E+00  0.0000E+00  0.0000E+00  0.0000E+00  0.0000E+00  0.0000E+00  0.0000E+00  0.0000E+00  0.0000E+00  0.0000E+00
 Events:
           0           0        2740        2734           0           0           0           0           0           0        2342        2346        5295        5429           0           0           0           0           0           0           0           0        4213        4293           0           0           0           0         431         445           0           0
           0           0        1418        1350           0           0           0           0           0           0        1427        1463        2812        2806           0           0           0           0           0           0           0           0        2737        2603           0           0           0           0         309         305           0           0
           0           0        2722        2664           0           0           0           0           0           0        2403        2350        5554        5373           0           0           0           0           0           0           0           0        4384        4383           0           0           0           0         469         467           0           0
           0           0        1428        1449           0           0           0           0           0           0        1473        1472        2802        2688           0           0           0           0           0           0           0           0        2752        2714           0           0           0           0         292         318           0           0
           0           0        2706        2766           0           0           0           0           0           0        2428        2455           0           0           0           0           0           0           0           0           0           0           0           0           0           0           0           0           0           0           0           0
           0           0        1411        1408           0           0           0           0           0           0        1461        1529           0           0           0           0           0           0           0           0           0           0           0           0           0           0           0           0           0           0           0           0
           0           0        2783        2707           0           0           0           0           0           0        2436        2430           0           0           0           0           0           0           0           0           0           0           0           0           0           0           0           0           0           0           0           0
           0           0        1367        1444           0           0           0           0           0           0        1501        1513           0           0           0           0           0           0           0           0           0           0           0           0           0           0           0           0           0           0           0           0
 Accuracy:    0.021   0.010   0.022   0.909
 Found        12568  events.
 Wrote           15  events.
 Actual xsec    6.8393371795379716E-007
 Correct abs xsec    6.8393371795379716E-007
 Event xsec    6.8393371795379716E-007
 Events wgts > 1:            1
 % Cross section > 1:    1.2638161501811897E-014   1.8478634946706433E-006
 Iteration  8   Mean: 0.6994E-06 Abs mean: 0.6994E-06   Fluctuation:  0.989E-08   0.811E-03    53.3%
  8    0.6994E-06 0.6994E-06 +- 0.9893E-08      7.16
 Exceeded boost           3           2   256000.000    
 Exceeded boost           5          96   256000.000    
 Relative summed weights:
  0.0000E+00  0.0000E+00  0.1355E-01  0.1548E-01  0.0000E+00  0.0000E+00  0.0000E+00  0.0000E+00  0.0000E+00  0.0000E+00  0.9852E-02  0.9023E-02  0.2912E-01  0.3597E-01  0.0000E+00  0.0000E+00  0.0000E+00  0.0000E+00  0.0000E+00  0.0000E+00  0.0000E+00  0.0000E+00  0.1720E-01  0.1582E-01  0.0000E+00  0.0000E+00  0.0000E+00  0.0000E+00  0.2095E-02  0.1468E-02  0.0000E+00  0.0000E+00
  0.0000E+00  0.0000E+00  0.2671E-01  0.2024E-01  0.0000E+00  0.0000E+00  0.0000E+00  0.0000E+00  0.0000E+00  0.0000E+00  0.1367E-01  0.1251E-01  0.4639E-01  0.4654E-01  0.0000E+00  0.0000E+00  0.0000E+00  0.0000E+00  0.0000E+00  0.0000E+00  0.0000E+00  0.0000E+00  0.2285E-01  0.2430E-01  0.0000E+00  0.0000E+00  0.0000E+00  0.0000E+00  0.3261E-02  0.2279E-02  0.0000E+00  0.0000E+00
  0.0000E+00  0.0000E+00  0.1611E-01  0.1693E-01  0.0000E+00  0.0000E+00  0.0000E+00  0.0000E+00  0.0000E+00  0.0000E+00  0.9264E-02  0.9560E-02  0.3159E-01  0.3356E-01  0.0000E+00  0.0000E+00  0.0000E+00  0.0000E+00  0.0000E+00  0.0000E+00  0.0000E+00  0.0000E+00  0.1997E-01  0.1552E-01  0.0000E+00  0.0000E+00  0.0000E+00  0.0000E+00  0.1640E-02  0.1736E-02  0.0000E+00  0.0000E+00
  0.0000E+00  0.0000E+00  0.2277E-01  0.2512E-01  0.0000E+00  0.0000E+00  0.0000E+00  0.0000E+00  0.0000E+00  0.0000E+00  0.1171E-01  0.1239E-01  0.4912E-01  0.5044E-01  0.0000E+00  0.0000E+00  0.0000E+00  0.0000E+00  0.0000E+00  0.0000E+00  0.0000E+00  0.0000E+00  0.2495E-01  0.2432E-01  0.0000E+00  0.0000E+00  0.0000E+00  0.0000E+00  0.2096E-02  0.2771E-02  0.0000E+00  0.0000E+00
  0.0000E+00  0.0000E+00  0.1619E-01  0.1622E-01  0.0000E+00  0.0000E+00  0.0000E+00  0.0000E+00  0.0000E+00  0.0000E+00  0.1048E-01  0.9922E-02  0.0000E+00  0.0000E+00  0.0000E+00  0.0000E+00  0.0000E+00  0.0000E+00  0.0000E+00  0.0000E+00  0.0000E+00  0.0000E+00  0.0000E+00  0.0000E+00  0.0000E+00  0.0000E+00  0.0000E+00  0.0000E+00  0.0000E+00  0.0000E+00  0.0000E+00  0.0000E+00
  0.0000E+00  0.0000E+00  0.2502E-01  0.2204E-01  0.0000E+00  0.0000E+00  0.0000E+00  0.0000E+00  0.0000E+00  0.0000E+00  0.1446E-01  0.1268E-01  0.0000E+00  0.0000E+00  0.0000E+00  0.0000E+00  0.0000E+00  0.0000E+00  0.0000E+00  0.0000E+00  0.0000E+00  0.0000E+00  0.0000E+00  0.0000E+00  0.0000E+00  0.0000E+00  0.0000E+00  0.0000E+00  0.0000E+00  0.0000E+00  0.0000E+00  0.0000E+00
  0.0000E+00  0.0000E+00  0.1574E-01  0.1574E-01  0.0000E+00  0.0000E+00  0.0000E+00  0.0000E+00  0.0000E+00  0.0000E+00  0.9070E-02  0.1380E-01  0.0000E+00  0.0000E+00  0.0000E+00  0.0000E+00  0.0000E+00  0.0000E+00  0.0000E+00  0.0000E+00  0.0000E+00  0.0000E+00  0.0000E+00  0.0000E+00  0.0000E+00  0.0000E+00  0.0000E+00  0.0000E+00  0.0000E+00  0.0000E+00  0.0000E+00  0.0000E+00
  0.0000E+00  0.0000E+00  0.2016E-01  0.1913E-01  0.0000E+00  0.0000E+00  0.0000E+00  0.0000E+00  0.0000E+00  0.0000E+00  0.1604E-01  0.1335E-01  0.0000E+00  0.0000E+00  0.0000E+00  0.0000E+00  0.0000E+00  0.0000E+00  0.0000E+00  0.0000E+00  0.0000E+00  0.0000E+00  0.0000E+00  0.0000E+00  0.0000E+00  0.0000E+00  0.0000E+00  0.0000E+00  0.0000E+00  0.0000E+00  0.0000E+00  0.0000E+00
 Relative number of events:
  0.0000E+00  0.0000E+00  0.2097E-01  0.2113E-01  0.0000E+00  0.0000E+00  0.0000E+00  0.0000E+00  0.0000E+00  0.0000E+00  0.1856E-01  0.1886E-01  0.4216E-01  0.4181E-01  0.0000E+00  0.0000E+00  0.0000E+00  0.0000E+00  0.0000E+00  0.0000E+00  0.0000E+00  0.0000E+00  0.3411E-01  0.3436E-01  0.0000E+00  0.0000E+00  0.0000E+00  0.0000E+00  0.3566E-02  0.3637E-02  0.0000E+00  0.0000E+00
  0.0000E+00  0.0000E+00  0.1102E-01  0.1103E-01  0.0000E+00  0.0000E+00  0.0000E+00  0.0000E+00  0.0000E+00  0.0000E+00  0.1154E-01  0.1180E-01  0.2196E-01  0.2152E-01  0.0000E+00  0.0000E+00  0.0000E+00  0.0000E+00  0.0000E+00  0.0000E+00  0.0000E+00  0.0000E+00  0.2139E-01  0.2137E-01  0.0000E+00  0.0000E+00  0.0000E+00  0.0000E+00  0.2219E-02  0.2043E-02  0.0000E+00  0.0000E+00
  0.0000E+00  0.0000E+00  0.2146E-01  0.2140E-01  0.0000E+00  0.0000E+00  0.0000E+00  0.0000E+00  0.0000E+00  0.0000E+00  0.1890E-01  0.1929E-01  0.4217E-01  0.4191E-01  0.0000E+00  0.0000E+00  0.0000E+00  0.0000E+00  0.0000E+00  0.0000E+00  0.0000E+00  0.0000E+00  0.3342E-01  0.3478E-01  0.0000E+00  0.0000E+00  0.0000E+00  0.0000E+00  0.3520E-02  0.3477E-02  0.0000E+00  0.0000E+00
  0.0000E+00  0.0000E+00  0.1071E-01  0.1071E-01  0.0000E+00  0.0000E+00  0.0000E+00  0.0000E+00  0.0000E+00  0.0000E+00  0.1162E-01  0.1177E-01  0.2137E-01  0.2224E-01  0.0000E+00  0.0000E+00  0.0000E+00  0.0000E+00  0.0000E+00  0.0000E+00  0.0000E+00  0.0000E+00  0.2132E-01  0.2139E-01  0.0000E+00  0.0000E+00  0.0000E+00  0.0000E+00  0.2160E-02  0.2121E-02  0.0000E+00  0.0000E+00
  0.0000E+00  0.0000E+00  0.2103E-01  0.2063E-01  0.0000E+00  0.0000E+00  0.0000E+00  0.0000E+00  0.0000E+00  0.0000E+00  0.1923E-01  0.1886E-01  0.0000E+00  0.0000E+00  0.0000E+00  0.0000E+00  0.0000E+00  0.0000E+00  0.0000E+00  0.0000E+00  0.0000E+00  0.0000E+00  0.0000E+00  0.0000E+00  0.0000E+00  0.0000E+00  0.0000E+00  0.0000E+00  0.0000E+00  0.0000E+00  0.0000E+00  0.0000E+00
  0.0000E+00  0.0000E+00  0.1133E-01  0.1107E-01  0.0000E+00  0.0000E+00  0.0000E+00  0.0000E+00  0.0000E+00  0.0000E+00  0.1127E-01  0.1164E-01  0.0000E+00  0.0000E+00  0.0000E+00  0.0000E+00  0.0000E+00  0.0000E+00  0.0000E+00  0.0000E+00  0.0000E+00  0.0000E+00  0.0000E+00  0.0000E+00  0.0000E+00  0.0000E+00  0.0000E+00  0.0000E+00  0.0000E+00  0.0000E+00  0.0000E+00  0.0000E+00
  0.0000E+00  0.0000E+00  0.2073E-01  0.2151E-01  0.0000E+00  0.0000E+00  0.0000E+00  0.0000E+00  0.0000E+00  0.0000E+00  0.1834E-01  0.1860E-01  0.0000E+00  0.0000E+00  0.0000E+00  0.0000E+00  0.0000E+00  0.0000E+00  0.0000E+00  0.0000E+00  0.0000E+00  0.0000E+00  0.0000E+00  0.0000E+00  0.0000E+00  0.0000E+00  0.0000E+00  0.0000E+00  0.0000E+00  0.0000E+00  0.0000E+00  0.0000E+00
  0.0000E+00  0.0000E+00  0.1065E-01  0.1093E-01  0.0000E+00  0.0000E+00  0.0000E+00  0.0000E+00  0.0000E+00  0.0000E+00  0.1126E-01  0.1211E-01  0.0000E+00  0.0000E+00  0.0000E+00  0.0000E+00  0.0000E+00  0.0000E+00  0.0000E+00  0.0000E+00  0.0000E+00  0.0000E+00  0.0000E+00  0.0000E+00  0.0000E+00  0.0000E+00  0.0000E+00  0.0000E+00  0.0000E+00  0.0000E+00  0.0000E+00  0.0000E+00
 Events:
           0           0        5369        5410           0           0           0           0           0           0        4752        4829       10794       10704           0           0           0           0           0           0           0           0        8733        8797           0           0           0           0         913         931           0           0
           0           0        2821        2824           0           0           0           0           0           0        2955        3020        5621        5510           0           0           0           0           0           0           0           0        5477        5471           0           0           0           0         568         523           0           0
           0           0        5493        5479           0           0           0           0           0           0        4838        4939       10795       10730           0           0           0           0           0           0           0           0        8555        8903           0           0           0           0         901         890           0           0
           0           0        2742        2743           0           0           0           0           0           0        2975        3013        5470        5693           0           0           0           0           0           0           0           0        5457        5477           0           0           0           0         553         543           0           0
           0           0        5383        5280           0           0           0           0           0           0        4922        4828           0           0           0           0           0           0           0           0           0           0           0           0           0           0           0           0           0           0           0           0
           0           0        2901        2834           0           0           0           0           0           0        2884        2979           0           0           0           0           0           0           0           0           0           0           0           0           0           0           0           0           0           0           0           0
Thanks for using LHAPDF 6.2.1. Please make sure to cite the paper:
  Eur.Phys.J. C75 (2015) 3, 132  (http://arxiv.org/abs/1412.7420)
           0           0        5307        5507           0           0           0           0           0           0        4695        4762           0           0           0           0           0           0           0           0           0           0           0           0           0           0           0           0           0           0           0           0
           0           0        2726        2799           0           0           0           0           0           0        2882        3100           0           0           0           0           0           0           0           0           0           0           0           0           0           0           0           0           0           0           0           0
 Accuracy:    0.011   0.010   0.012   0.847
 Found        25626  events.
 Wrote          551  events.
 Actual xsec    7.0141358539471684E-007
 Correct abs xsec    7.0141358539471684E-007
 Event xsec    7.0141358539472891E-007
 Events wgts > 1:           11
 % Cross section > 1:    6.8451821362643371E-009  0.97591239730723622     

 -------------------------------------------------------------------------------
 Accumulated results:   Integral =  0.6952E-06
                        Std dev  =  0.8301E-08
                       Cross sec =  0.6952E-06
             Chi**2 per DoF.     =      0.8471
 -------------------------------------------------------------------------------
-------------------------------------------------
---------------------------
 Results Last   3 iters: Integral =   0.7014E-06
                     Abs integral =   0.7014E-06
                          Std dev =   0.8939E-08
                  Chi**2 per DoF. =      0.1110
-------------------------------------------------
---------------------------
 Status   1.0000000000000000E-002           9           8

ls status:
events.lhe
ftn26
input_app.txt
results.dat
run1_app.log
