==== LHAPDF6 USING DEFAULT-TYPE LHAGLUE INTERFACE ====
LHAPDF 6.2.1 loading /cvmfs/cms.cern.ch/slc6_amd64_gcc630/external/lhapdf/6.2.1-ghjeda2/share/LHAPDF/NNPDF31_nnlo_as_0118_nf_4_mc_hessian/NNPDF31_nnlo_as_0118_nf_4_mc_hessian_0000.dat
NNPDF31_nnlo_as_0118_nf_4_mc_hessian PDF set, member #0, version 1; LHAPDF ID = 325500
 Process in group number            2
 A PDF is used, so alpha_s(MZ) is going to be modified
 Old value of alpha_s from param_card:   0.11810000000000001     
 New value of alpha_s from PDF lhapdf :  0.11266013434007299     
 using LHAPDF
 Define smin to   10000.000000000000     
 Define smin to   10000.000000000000     
 Define smin to   10000.000000000000     
 Define smin to   10000.000000000000     
 Define smin to   10000.000000000000     
 Define smin to   10000.000000000000     
 Define smin to   10000.000000000000     
 *****************************************************
 *               MadGraph/MadEvent                   *
 *        --------------------------------           *
 *          http://madgraph.hep.uiuc.edu             *
 *          http://madgraph.phys.ucl.ac.be           *
 *          http://madgraph.roma2.infn.it            *
 *        --------------------------------           *
 *                                                   *
 *          PARAMETER AND COUPLING VALUES            *
 *                                                   *
 *****************************************************

  External Params
  ---------------------------------
  
 mdl_MW0 =    80.387000000000000     
 mdl_Gf =    1.1663789999999999E-005
 aS =   0.11810000000000001     
 mdl_ymdo =    1.0000000000000000E-099
 mdl_ymb =    4.1799999999999997     
 mdl_ymt =    173.19999999999999     
 mdl_ymtau =    1.7769999999999999     
 mdl_LambdaSMEFT =    1000.0000000000000     
 mdl_cHW =    1.0000000000000000     
 mdl_MZ =    91.187600000000003     
 mdl_MTA =    1.7769999999999999     
 mdl_MT =    173.19999999999999     
 mdl_MB =    4.1799999999999997     
 mdl_MH =    125.09000000000000     
 mdl_WZ =    2.4952000000000001     
 mdl_WW =    2.0850000000000000     
 mdl_WT =    1.5083359999999999     
 mdl_WH =    4.0699999999999998E-003
  Internal Params
  ---------------------------------
  
 mdl_ymm =    1.0000000000000000E-099
 mdl_yme =    1.0000000000000000E-099
 mdl_ymc =    1.0000000000000000E-099
 mdl_yms =    1.0000000000000000E-099
 mdl_ymup =    1.0000000000000000E-099
 mdl_conjg__CKM3x3 =    1.0000000000000000     
 mdl_cH =    0.0000000000000000     
 mdl_cHB =    0.0000000000000000     
 mdl_CKM1x1 =    1.0000000000000000     
 mdl_conjg__CKM1x1 =    1.0000000000000000     
 mdl_dGf =    0.0000000000000000     
 mdl_CKM3x3 =    1.0000000000000000     
 mdl_dMH2 =    0.0000000000000000     
 mdl_conjg__CKM2x2 =    1.0000000000000000     
 mdl_dg1 =    0.0000000000000000     
 mdl_CKM2x2 =    1.0000000000000000     
 mdl_dgw =    0.0000000000000000     
 mdl_complexi =  (  0.0000000000000000     ,  1.0000000000000000     )
 mdl_MW =    80.387000000000000     
 mdl_nb__2__exp__0_25 =    1.1892071150027210     
 mdl_MH__exp__2 =    15647.508100000001     
 mdl_sqrt__2 =    1.4142135623730951     
 mdl_MW__exp__2 =    6462.0697689999997     
 mdl_MZ__exp__2 =    8315.1783937600012     
 mdl_sth2 =   0.22285855299877133     
 mdl_MH__exp__6 =    3831206449390.3818     
 mdl_MT__exp__6 =    26995248278778.535     
 mdl_MH__exp__4 =    244844509.73956564     
 mdl_MT__exp__4 =    899894403.09759963     
 mdl_MT__exp__2 =    29998.239999999994     
 mdl_LambdaSMEFT__exp__2 =    1000000.0000000000     
 mdl_cth =   0.88155626422890820     
 mdl_sqrt__sth2 =   0.47207896902824564     
 mdl_sth =   0.47207896902824564     
 mdl_MW0__exp__6 =    269845343347.69711     
 mdl_MW0__exp__4 =    41758345.699423708     
 mdl_MW0__exp__2 =    6462.0697689999997     
 mdl_MZ__exp__4 =    69142191.720053151     
 mdl_MZ__exp__6 =    574929658687.79749     
 mdl_cth__exp__2 =   0.77714144700122867     
 mdl_sth__exp__2 =   0.22285855299877130     
 mdl_sth__exp__3 =   0.10520683593878660     
 mdl_cth__exp__3 =   0.68509391079585125     
 mdl_sth__exp__4 =    4.9665934644706158E-002
 mdl_sqrt__Gf =    3.4152291284773265E-003
 mdl_vevhat =    246.21961912951551     
 mdl_lam =   0.12905352724481209     
 mdl_aEW =    7.5614618607353409E-003
 mdl_yb =    2.4008698866559607E-002
 mdl_yc =    5.7437078628133041E-102
 mdl_ydo =    5.7437078628133041E-102
 mdl_ye =    5.7437078628133041E-102
 mdl_ym =    5.7437078628133041E-102
 mdl_ys =    5.7437078628133041E-102
 mdl_yt =   0.99481020183926416     
 mdl_ytau =    1.0206568872219240E-002
 mdl_yup =    5.7437078628133041E-102
 mdl_vevhat__exp__2 =    60624.100844283676     
 mdl_barlam =   0.12905352724481209     
 mdl_vevT =    246.21961912951551     
 mdl_sqrt__aEW =    8.6956666568672819E-002
 mdl_ee =   0.30825335704310214     
 mdl_gwsh =   0.61338418662494298     
 mdl_vev =    246.21961912951551     
 mdl_g1 =   0.34966952144878632     
 mdl_gw =   0.65296989967087182     
 mdl_ee__exp__2 =    9.5020132128342205E-002
 mdl_gHaa =   -1.9303830602986922E-003
 mdl_gHza =   -6.8546472954154700E-003
 mdl_g1sh =   0.34966952144878632     
 mdl_I1d11 =  (  5.7437078628133041E-102,  0.0000000000000000     )
 mdl_I1d22 =  (  5.7437078628133041E-102,  0.0000000000000000     )
 mdl_I1d33 =  (  2.4008698866559607E-002,  0.0000000000000000     )
 mdl_I2d11 =  (  5.7437078628133041E-102,  0.0000000000000000     )
 mdl_I2d22 =  (  5.7437078628133041E-102,  0.0000000000000000     )
 mdl_I2d33 =  ( 0.99481020183926416     ,  0.0000000000000000     )
 mdl_I3d11 =  (  5.7437078628133041E-102,  0.0000000000000000     )
 mdl_I3d22 =  (  5.7437078628133041E-102,  0.0000000000000000     )
 mdl_I3d33 =  (  2.4008698866559607E-002,  0.0000000000000000     )
 mdl_I4d11 =  (  5.7437078628133041E-102,  0.0000000000000000     )
 mdl_I4d22 =  (  5.7437078628133041E-102,  0.0000000000000000     )
 mdl_I4d33 =  ( 0.99481020183926416     ,  0.0000000000000000     )
 mdl_I5d11 =  (  5.7437078628133041E-102,  0.0000000000000000     )
 mdl_I5d22 =  (  5.7437078628133041E-102,  0.0000000000000000     )
 mdl_I5d33 =  (  2.4008698866559607E-002,  0.0000000000000000     )
 mdl_I6d11 =  (  5.7437078628133041E-102,  0.0000000000000000     )
 mdl_I6d22 =  (  5.7437078628133041E-102,  0.0000000000000000     )
 mdl_I6d33 =  ( 0.99481020183926416     ,  0.0000000000000000     )
 mdl_ee__exp__3 =    2.9290274715240611E-002
 mdl_vevhat__exp__3 =    14926843.019948866     
  Internal Params evaluated point by point
  ----------------------------------------
  
 mdl_sqrt__aS =   0.34365680554879169     
 mdl_G__exp__2 =    1.4840883695558185     
 mdl_gHgg =    3.2334372328970845E-003
 mdl_G__exp__3 =  (  1.8079634332366095     ,  0.0000000000000000     )
  Couplings of SMEFTsim_A_U35_MwScheme_UFO_v3_1-cHW_massless
  ---------------------------------
  
         GC_1 =   0.00000E+00   0.10275E+00
         GC_2 =  -0.00000E+00  -0.20550E+00
         GC_3 =  -0.00000E+00  -0.30825E+00
       GC_255 =  -0.00000E+00  -0.42637E+00
       GC_278 =  -0.00000E+00  -0.37035E+00
       GC_280 =  -0.00000E+00  -0.57563E+00
       GC_328 =  -0.00000E+00  -0.55024E-01
       GC_329 =   0.00000E+00   0.11005E+00
       GC_330 =  -0.00000E+00  -0.16507E+00
       GC_387 =   0.00000E+00   0.98488E-03
       GC_400 =   0.00000E+00   0.52490E+02
       GC_809 =  -0.00000E+00  -0.72171E-02
      GC_1073 =  -0.00000E+00  -0.46172E+00

 Collider parameters:
 --------------------

 Running at P P   machine @    13000.000000000000       GeV
 PDF set = lhapdf 
 alpha_s(Mz)= 0.1127 running at 3 loops.
 alpha_s(Mz)= 0.1127 running at 3 loops.
 Renormalization scale set on event-by-event basis
 Factorization   scale set on event-by-event basis


 getting user params
Enter number of events and max and min iterations: 
 Number of events and iterations         2000           8           3
Enter desired fractional accuracy: 
 Desired fractional accuracy:    1.0000000000000000E-002
Enter 0 for fixed, 2 for adjustable grid: 
Suppress amplitude (0 no, 1 yes)? 
 Using suppressed amplitude.
Exact helicity sum (0 yes, n = number/event)? 
 Explicitly summing over helicities
Enter Configuration Number: 
Running Configuration Number:  234
 Using dconfig=          80
 BW Setting            2           2           2           2           0           0
 Attempting mappinvarients           1           8
 Completed mapping           8
 about to integrate           16        2000           8           3          16           1
 Using non-zero grid deformation.
 16 dimensions   2000 events 16 invarients  8 iterations  1 config(s),  (0.99)
 Using h-tuple random number sequence.
 Error opening grid
 Using Uniform Grid!          32
 Using uniform alpha   1.0000000000000000     
 Grid defined OK
 Set CM energy to      13000.00
 Mapping Graph         234  to config         234
Setting grid   1    0.59172E-08   1
Setting grid   2    0.59172E-08   1
Setting grid   3    0.59172E-08   1
Setting grid   4    0.18685E-07   1
Setting grid   5    0.18685E-07   1
 Transforming s_hat 1/s           15   5.9171597633136108E-005   10000.000000000000        168999999.99999997     
 234   1   2   3   4   5   6   7   8   9  10  11  12  13  14
  15  16
 Masses: 0.000E+00 0.000E+00 0.000E+00 0.178E+01 0.000E+00 0.000E+00 0.000E+00 0.000E+00
Using random seed offsets   234 :      6
  with seed                   24
 Ranmar initialization seeds       31292        9403
 
 ********************************************
 * You are using the DiscreteSampler module *
 *      part of the MG5_aMC framework       *
 *         Author: Valentin Hirschi         *
 ********************************************
 
  Particle       3       4       5       6       7       8
      Et >     0.0     0.0     0.0     0.0    10.0    10.0
       E >     0.0     0.0     0.0     0.0     0.0     0.0
     Eta <    -1.0    -1.0    -1.0    -1.0     6.5     6.5
   xqcut:      0.0     0.0     0.0     0.0     0.0     0.0
d R # 3  >    -0.0     0.4     0.0     0.0     0.4     0.4
d R # 4  >    -0.0    -0.0     0.0     0.0     0.4     0.4
d R # 5  >    -0.0    -0.0    -0.0     0.0     0.0     0.0
d R # 6  >    -0.0    -0.0    -0.0    -0.0     0.0     0.0
d R # 7  >    -0.0    -0.0    -0.0    -0.0    -0.0     0.4
s min # 3>     0.0     0.0     0.0     0.0     0.0     0.0
s min # 4>     0.0     0.0     0.0     0.0     0.0     0.0
s min # 5>     0.0     0.0     0.0     0.0     0.0     0.0
s min # 6>     0.0     0.0     0.0     0.0     0.0     0.0
s min # 7>     0.0     0.0     0.0     0.0     0.0 10000.0
xqcutij # 3>     0.0     0.0     0.0     0.0     0.0     0.0
xqcutij # 4>     0.0     0.0     0.0     0.0     0.0     0.0
xqcutij # 5>     0.0     0.0     0.0     0.0     0.0     0.0
xqcutij # 6>     0.0     0.0     0.0     0.0     0.0     0.0
xqcutij # 7>     0.0     0.0     0.0     0.0     0.0     0.0
 Excluding BW           -1           1
 Excluding BW           -3           2
 Excluding BW           -4           3
 Excluding BW           -5           4
 alpha_s for scale    54.262391998753884       is   0.12277833503170396     
 Added good helicity          193   253.41784055731631       in event            1 local:           1
 Added good helicity          209  -2.5821594426836629       in event            1 local:           1
 Added good helicity          193   253.41784055731623       in event            1 local:           1
 Added good helicity          209  -2.5821594426837473       in event            1 local:           1
 RESET CUMULATIVE VARIABLE
 RESET CUMULATIVE VARIABLE
 RESET CUMULATIVE VARIABLE
 Iteration  1   Mean: -.2776E-11 Abs mean: 0.1958E-10   Fluctuation:  0.119E-10   0.212E-07     5.8%
  1   -0.2776E-11 0.1958E-10 +- 0.1189E-10     27.15
 Writing out events   2.1268842924085435E-014   27.146667711974924     
 Relative summed weights:
  0.0000E+00  0.0000E+00  0.5748E+00  0.3695E-01  0.0000E+00  0.0000E+00  0.0000E+00  0.0000E+00  0.3072E-02  0.9730E-05  0.0000E+00  0.0000E+00  0.0000E+00  0.0000E+00
  0.0000E+00  0.0000E+00  0.5739E-05  0.1217E-04  0.0000E+00  0.0000E+00  0.0000E+00  0.0000E+00  0.3851E+00  0.2087E-05  0.0000E+00  0.0000E+00  0.0000E+00  0.0000E+00
 Relative number of events:
  0.0000E+00  0.0000E+00  0.4106E+00  0.4431E+00  0.0000E+00  0.0000E+00  0.0000E+00  0.0000E+00  0.5122E-01  0.5772E-01  0.0000E+00  0.0000E+00  0.0000E+00  0.0000E+00
  0.0000E+00  0.0000E+00  0.6504E-02  0.8943E-02  0.0000E+00  0.0000E+00  0.0000E+00  0.0000E+00  0.1138E-01  0.1057E-01  0.0000E+00  0.0000E+00  0.0000E+00  0.0000E+00
 Events:
           0           0         505         545           0           0           0           0          63          71           0           0           0           0
           0           0           8          11           0           0           0           0          14          13           0           0           0           0
 Iteration  2   Mean: 0.1056E-10 Abs mean: 0.4477E-10   Fluctuation:  0.129E-10   0.321E-07    37.9%
  2    0.1056E-10 0.4477E-10 +- 0.1288E-10     18.20
 Relative summed weights:
  0.0000E+00  0.0000E+00  0.4510E+00  0.1657E+00  0.0000E+00  0.0000E+00  0.0000E+00  0.0000E+00  0.2724E+00  0.1366E-01  0.0000E+00  0.0000E+00  0.0000E+00  0.0000E+00
  0.0000E+00  0.0000E+00  0.1043E-02  0.5329E-01  0.0000E+00  0.0000E+00  0.0000E+00  0.0000E+00  0.1568E-01  0.2716E-01  0.0000E+00  0.0000E+00  0.0000E+00  0.0000E+00
 Relative number of events:
  0.0000E+00  0.0000E+00  0.4136E+00  0.4410E+00  0.0000E+00  0.0000E+00  0.0000E+00  0.0000E+00  0.5487E-01  0.4832E-01  0.0000E+00  0.0000E+00  0.0000E+00  0.0000E+00
  0.0000E+00  0.0000E+00  0.8600E-02  0.9828E-02  0.0000E+00  0.0000E+00  0.0000E+00  0.0000E+00  0.1106E-01  0.1269E-01  0.0000E+00  0.0000E+00  0.0000E+00  0.0000E+00
 Events:
           0           0        1010        1077           0           0           0           0         134         118           0           0           0           0
           0           0          21          24           0           0           0           0          27          31           0           0           0           0
 Iteration  3   Mean: -.1326E-10 Abs mean: 0.1886E-09   Fluctuation:  0.861E-10   0.625E-06    50.1%
  3   -0.1326E-10 0.1886E-09 +- 0.8615E-10     40.85
 Relative summed weights:
  0.0000E+00  0.0000E+00  0.7781E-01  0.2122E+00  0.0000E+00  0.0000E+00  0.0000E+00  0.0000E+00  0.6140E-01  0.4647E-01  0.0000E+00  0.0000E+00  0.0000E+00  0.0000E+00
  0.0000E+00  0.0000E+00  0.1485E-01  0.1187E+00  0.0000E+00  0.0000E+00  0.0000E+00  0.0000E+00  0.3204E-01  0.4365E+00  0.0000E+00  0.0000E+00  0.0000E+00  0.0000E+00
 Relative number of events:
  0.0000E+00  0.0000E+00  0.4309E+00  0.4242E+00  0.0000E+00  0.0000E+00  0.0000E+00  0.0000E+00  0.5305E-01  0.5325E-01  0.0000E+00  0.0000E+00  0.0000E+00  0.0000E+00
  0.0000E+00  0.0000E+00  0.8130E-02  0.9350E-02  0.0000E+00  0.0000E+00  0.0000E+00  0.0000E+00  0.1159E-01  0.9553E-02  0.0000E+00  0.0000E+00  0.0000E+00  0.0000E+00
 Events:
           0           0        2120        2087           0           0           0           0         261         262           0           0           0           0
           0           0          40          46           0           0           0           0          57          47           0           0           0           0
 Accuracy:    0.595   0.010   0.226   6.942
 Found          329  events.
 Wrote            2  events.
 Actual xsec    2.8803774691464952E-012
 Correct abs xsec    7.6481150332662402E-011
 Event xsec    7.6481150332662402E-011
 Events wgts > 1:            0
 % Cross section > 1:    0.0000000000000000        0.0000000000000000     
 Iteration  4   Mean: 0.4405E-10 Abs mean: 0.1012E-09   Fluctuation:  0.158E-10   0.192E-06    56.0%
  4    0.4405E-10 0.1012E-09 +- 0.1579E-10     19.74
 Relative summed weights:
  0.0000E+00  0.0000E+00  0.2199E+00  0.2968E+00  0.0000E+00  0.0000E+00  0.0000E+00  0.0000E+00  0.3497E-01  0.1159E+00  0.0000E+00  0.0000E+00  0.0000E+00  0.0000E+00
  0.0000E+00  0.0000E+00  0.1063E+00  0.1276E-01  0.0000E+00  0.0000E+00  0.0000E+00  0.0000E+00  0.1846E+00  0.2876E-01  0.0000E+00  0.0000E+00  0.0000E+00  0.0000E+00
 Relative number of events:
  0.0000E+00  0.0000E+00  0.4272E+00  0.4257E+00  0.0000E+00  0.0000E+00  0.0000E+00  0.0000E+00  0.5255E-01  0.5890E-01  0.0000E+00  0.0000E+00  0.0000E+00  0.0000E+00
  0.0000E+00  0.0000E+00  0.7388E-02  0.7804E-02  0.0000E+00  0.0000E+00  0.0000E+00  0.0000E+00  0.1051E-01  0.9990E-02  0.0000E+00  0.0000E+00  0.0000E+00  0.0000E+00
 Events:
           0           0        4105        4091           0           0           0           0         505         566           0           0           0           0
           0           0          71          75           0           0           0           0         101          96           0           0           0           0
 Accuracy:    0.238   0.010   0.128   3.427
 Found          440  events.
 Wrote            8  events.
 Actual xsec    3.2324277556850536E-011
 Correct abs xsec    9.6649580398484373E-011
 Event xsec    9.6649580398484373E-011
 Events wgts > 1:            1
 % Cross section > 1:    2.6986680469019496E-018   2.7922191030477245E-006
 Iteration  5   Mean: 0.7509E-10 Abs mean: 0.1924E-09   Fluctuation:  0.229E-10   0.382E-06    53.5%
  5    0.7509E-10 0.1924E-09 +- 0.2294E-10     21.33
 Relative summed weights:
  0.0000E+00  0.0000E+00  0.1954E+00  0.1765E+00  0.0000E+00  0.0000E+00  0.0000E+00  0.0000E+00  0.1409E+00  0.1257E+00  0.0000E+00  0.0000E+00  0.0000E+00  0.0000E+00
  0.0000E+00  0.0000E+00  0.1051E+00  0.1186E+00  0.0000E+00  0.0000E+00  0.0000E+00  0.0000E+00  0.7843E-01  0.5949E-01  0.0000E+00  0.0000E+00  0.0000E+00  0.0000E+00
 Relative number of events:
  0.0000E+00  0.0000E+00  0.4300E+00  0.4232E+00  0.0000E+00  0.0000E+00  0.0000E+00  0.0000E+00  0.5430E-01  0.5219E-01  0.0000E+00  0.0000E+00  0.0000E+00  0.0000E+00
  0.0000E+00  0.0000E+00  0.7978E-02  0.8544E-02  0.0000E+00  0.0000E+00  0.0000E+00  0.0000E+00  0.1184E-01  0.1189E-01  0.0000E+00  0.0000E+00  0.0000E+00  0.0000E+00
 Events:
           0           0        8355        8222           0           0           0           0        1055        1014           0           0           0           0
           0           0         155         166           0           0           0           0         230         231           0           0           0           0
 Accuracy:    0.191   0.010   0.087   4.775
 Found         1929  events.
 Wrote           12  events.
 Actual xsec    6.0468128071081288E-011
 Correct abs xsec    1.5997651999446679E-010
 Event xsec    1.5997651999446682E-010
 Events wgts > 1:            0
 % Cross section > 1:    0.0000000000000000        0.0000000000000000     
 Iteration  6   Mean: 0.9374E-10 Abs mean: 0.2218E-09   Fluctuation:  0.212E-10   0.795E-06    53.5%
  6    0.9374E-10 0.2218E-09 +- 0.2118E-10     24.16
 Relative summed weights:
  0.0000E+00  0.0000E+00  0.1386E+00  0.1405E+00  0.0000E+00  0.0000E+00  0.0000E+00  0.0000E+00  0.1063E+00  0.9692E-01  0.0000E+00  0.0000E+00  0.0000E+00  0.0000E+00
  0.0000E+00  0.0000E+00  0.1601E+00  0.1668E+00  0.0000E+00  0.0000E+00  0.0000E+00  0.0000E+00  0.7528E-01  0.1155E+00  0.0000E+00  0.0000E+00  0.0000E+00  0.0000E+00
 Relative number of events:
  0.0000E+00  0.0000E+00  0.4261E+00  0.4250E+00  0.0000E+00  0.0000E+00  0.0000E+00  0.0000E+00  0.5503E-01  0.5429E-01  0.0000E+00  0.0000E+00  0.0000E+00  0.0000E+00
  0.0000E+00  0.0000E+00  0.8004E-02  0.7621E-02  0.0000E+00  0.0000E+00  0.0000E+00  0.0000E+00  0.1210E-01  0.1179E-01  0.0000E+00  0.0000E+00  0.0000E+00  0.0000E+00
 Events:
           0           0       16664       16621           0           0           0           0        2152        2123           0           0           0           0
           0           0         313         298           0           0           0           0         473         461           0           0           0           0
 Accuracy:    0.138   0.010   0.064   4.582
 Found         3619  events.
 Wrote           19  events.
 Actual xsec    7.8573270178138754E-011
 Correct abs xsec    1.9003046997903261E-010
 Event xsec    1.9003046997903261E-010
 Events wgts > 1:            1
 % Cross section > 1:    3.4579363653760723E-019   1.8196746899366248E-007
 Iteration  7   Mean: 0.8216E-10 Abs mean: 0.2400E-09   Fluctuation:  0.118E-10   0.496E-06    52.7%
  7    0.8216E-10 0.2400E-09 +- 0.1181E-10     17.61
 Exceeded boost          15           2   128000.000    
 Relative summed weights:
  0.0000E+00  0.0000E+00  0.1329E+00  0.1352E+00  0.0000E+00  0.0000E+00  0.0000E+00  0.0000E+00  0.9641E-01  0.7630E-01  0.0000E+00  0.0000E+00  0.0000E+00  0.0000E+00
  0.0000E+00  0.0000E+00  0.1497E+00  0.1352E+00  0.0000E+00  0.0000E+00  0.0000E+00  0.0000E+00  0.1713E+00  0.1029E+00  0.0000E+00  0.0000E+00  0.0000E+00  0.0000E+00
 Relative number of events:
  0.0000E+00  0.0000E+00  0.4269E+00  0.4238E+00  0.0000E+00  0.0000E+00  0.0000E+00  0.0000E+00  0.5384E-01  0.5476E-01  0.0000E+00  0.0000E+00  0.0000E+00  0.0000E+00
Thanks for using LHAPDF 6.2.1. Please make sure to cite the paper:
  Eur.Phys.J. C75 (2015) 3, 132  (http://arxiv.org/abs/1412.7420)
  0.0000E+00  0.0000E+00  0.8512E-02  0.7975E-02  0.0000E+00  0.0000E+00  0.0000E+00  0.0000E+00  0.1197E-01  0.1228E-01  0.0000E+00  0.0000E+00  0.0000E+00  0.0000E+00
 Events:
           0           0       33350       33107           0           0           0           0        4206        4278           0           0           0           0
           0           0         665         623           0           0           0           0         935         959           0           0           0           0
 Accuracy:    0.083   0.010   0.039   4.485
 Found         8099  events.
 Wrote           90  events.
 Actual xsec    8.3467318315166773E-011
 Correct abs xsec    2.3094868624460110E-010
 Event xsec    2.3094868624460110E-010
 Events wgts > 1:            4
 % Cross section > 1:    2.1932978885706354E-012  0.94969056730103318     
 Iteration  8   Mean: 0.1177E-09 Abs mean: 0.2718E-09   Fluctuation:  0.258E-10   0.587E-05    49.2%
  8    0.1177E-09 0.2718E-09 +- 0.2575E-10     47.94
 Relative summed weights:
  0.0000E+00  0.0000E+00  0.1035E+00  0.1064E+00  0.0000E+00  0.0000E+00  0.0000E+00  0.0000E+00  0.6862E-01  0.5546E-01  0.0000E+00  0.0000E+00  0.0000E+00  0.0000E+00
  0.0000E+00  0.0000E+00  0.2380E+00  0.2292E+00  0.0000E+00  0.0000E+00  0.0000E+00  0.0000E+00  0.9210E-01  0.1068E+00  0.0000E+00  0.0000E+00  0.0000E+00  0.0000E+00
 Relative number of events:
  0.0000E+00  0.0000E+00  0.4260E+00  0.4258E+00  0.0000E+00  0.0000E+00  0.0000E+00  0.0000E+00  0.5491E-01  0.5382E-01  0.0000E+00  0.0000E+00  0.0000E+00  0.0000E+00
  0.0000E+00  0.0000E+00  0.8044E-02  0.8330E-02  0.0000E+00  0.0000E+00  0.0000E+00  0.0000E+00  0.1151E-01  0.1160E-01  0.0000E+00  0.0000E+00  0.0000E+00  0.0000E+00
 Events:
           0           0       66891       66851           0           0           0           0        8621        8451           0           0           0           0
           0           0        1263        1308           0           0           0           0        1807        1822           0           0           0           0
 Accuracy:    0.075   0.010   0.036   4.349
 Found        18191  events.
 Wrote            9  events.
 Actual xsec    9.0405833900834680E-011
 Correct abs xsec    2.4240798481859734E-010
 Event xsec    2.4240798481859734E-010
 Events wgts > 1:            1
 % Cross section > 1:    1.5802995217194148E-018   6.5191727199168386E-007

 -------------------------------------------------------------------------------
 Accumulated results:   Integral =  0.2260E-09
                        Std dev  =  0.8171E-11
                       Cross sec =  0.8426E-10
             Chi**2 per DoF.     =      4.3492
 -------------------------------------------------------------------------------
-------------------------------------------------
---------------------------
 Results Last   3 iters: Integral =   0.9041E-10
                     Abs integral =   0.2424E-09
                          Std dev =   0.9629E-11
                  Chi**2 per DoF. =      1.1453
-------------------------------------------------
---------------------------
 Status   1.0000000000000000E-002           9           8

ls status:
events.lhe
ftn26
input_app.txt
results.dat
run1_app.log
