==== LHAPDF6 USING DEFAULT-TYPE LHAGLUE INTERFACE ====
LHAPDF 6.2.1 loading /cvmfs/cms.cern.ch/slc6_amd64_gcc630/external/lhapdf/6.2.1-ghjeda2/share/LHAPDF/NNPDF31_nnlo_as_0118_nf_4_mc_hessian/NNPDF31_nnlo_as_0118_nf_4_mc_hessian_0000.dat
NNPDF31_nnlo_as_0118_nf_4_mc_hessian PDF set, member #0, version 1; LHAPDF ID = 325500
 Process in group number            2
 A PDF is used, so alpha_s(MZ) is going to be modified
 Old value of alpha_s from param_card:   0.11810000000000001     
 New value of alpha_s from PDF lhapdf :  0.11266013434007299     
 using LHAPDF
 Define smin to   10000.000000000000     
 Define smin to   10000.000000000000     
 Define smin to   10000.000000000000     
 Define smin to   10000.000000000000     
 Define smin to   10000.000000000000     
 Define smin to   10000.000000000000     
 Define smin to   10000.000000000000     
 Define smin to   10000.000000000000     
 Define smin to   10000.000000000000     
 Define smin to   10000.000000000000     
 Define smin to   10000.000000000000     
 Define smin to   10000.000000000000     
 Define smin to   10000.000000000000     
 Define smin to   10000.000000000000     
 Define smin to   10000.000000000000     
 Define smin to   10000.000000000000     
 *****************************************************
 *               MadGraph/MadEvent                   *
 *        --------------------------------           *
 *          http://madgraph.hep.uiuc.edu             *
 *          http://madgraph.phys.ucl.ac.be           *
 *          http://madgraph.roma2.infn.it            *
 *        --------------------------------           *
 *                                                   *
 *          PARAMETER AND COUPLING VALUES            *
 *                                                   *
 *****************************************************

  External Params
  ---------------------------------
  
 mdl_MW0 =    80.387000000000000     
 mdl_Gf =    1.1663789999999999E-005
 aS =   0.11810000000000001     
 mdl_ymdo =    1.0000000000000000E-099
 mdl_ymb =    4.1799999999999997     
 mdl_ymt =    173.19999999999999     
 mdl_ymtau =    1.7769999999999999     
 mdl_LambdaSMEFT =    1000.0000000000000     
 mdl_cW =    1.0000000000000000     
 mdl_MZ =    91.187600000000003     
 mdl_MTA =    1.7769999999999999     
 mdl_MT =    173.19999999999999     
 mdl_MB =    4.1799999999999997     
 mdl_MH =    125.09000000000000     
 mdl_WZ =    2.4952000000000001     
 mdl_WW =    2.0850000000000000     
 mdl_WT =    1.5083359999999999     
 mdl_WH =    4.0699999999999998E-003
  Internal Params
  ---------------------------------
  
 mdl_ymm =    1.0000000000000000E-099
 mdl_yme =    1.0000000000000000E-099
 mdl_ymc =    1.0000000000000000E-099
 mdl_yms =    1.0000000000000000E-099
 mdl_ymup =    1.0000000000000000E-099
 mdl_conjg__CKM3x3 =    1.0000000000000000     
 mdl_cH =    0.0000000000000000     
 mdl_cHB =    0.0000000000000000     
 mdl_CKM2x2 =    1.0000000000000000     
 mdl_CKM1x1 =    1.0000000000000000     
 mdl_conjg__CKM1x1 =    1.0000000000000000     
 mdl_dGf =    0.0000000000000000     
 mdl_CKM3x3 =    1.0000000000000000     
 mdl_dMH2 =    0.0000000000000000     
 mdl_conjg__CKM2x2 =    1.0000000000000000     
 mdl_dg1 =    0.0000000000000000     
 mdl_cHW =    0.0000000000000000     
 mdl_dgw =    0.0000000000000000     
 mdl_complexi =  (  0.0000000000000000     ,  1.0000000000000000     )
 mdl_MW =    80.387000000000000     
 mdl_nb__2__exp__0_25 =    1.1892071150027210     
 mdl_MH__exp__2 =    15647.508100000001     
 mdl_sqrt__2 =    1.4142135623730951     
 mdl_MW__exp__2 =    6462.0697689999997     
 mdl_MZ__exp__2 =    8315.1783937600012     
 mdl_sth2 =   0.22285855299877133     
 mdl_MH__exp__6 =    3831206449390.3818     
 mdl_MT__exp__6 =    26995248278778.535     
 mdl_MH__exp__4 =    244844509.73956564     
 mdl_MT__exp__4 =    899894403.09759963     
 mdl_MT__exp__2 =    29998.239999999994     
 mdl_LambdaSMEFT__exp__2 =    1000000.0000000000     
 mdl_cth =   0.88155626422890820     
 mdl_sqrt__sth2 =   0.47207896902824564     
 mdl_sth =   0.47207896902824564     
 mdl_MW0__exp__6 =    269845343347.69711     
 mdl_MW0__exp__4 =    41758345.699423708     
 mdl_MW0__exp__2 =    6462.0697689999997     
 mdl_MZ__exp__4 =    69142191.720053151     
 mdl_MZ__exp__6 =    574929658687.79749     
 mdl_cth__exp__2 =   0.77714144700122867     
 mdl_sth__exp__2 =   0.22285855299877130     
 mdl_sth__exp__3 =   0.10520683593878660     
 mdl_cth__exp__3 =   0.68509391079585125     
 mdl_sth__exp__4 =    4.9665934644706158E-002
 mdl_sqrt__Gf =    3.4152291284773265E-003
 mdl_vevhat =    246.21961912951551     
 mdl_lam =   0.12905352724481209     
 mdl_aEW =    7.5614618607353409E-003
 mdl_yb =    2.4008698866559607E-002
 mdl_yc =    5.7437078628133041E-102
 mdl_ydo =    5.7437078628133041E-102
 mdl_ye =    5.7437078628133041E-102
 mdl_ym =    5.7437078628133041E-102
 mdl_ys =    5.7437078628133041E-102
 mdl_yt =   0.99481020183926416     
 mdl_ytau =    1.0206568872219240E-002
 mdl_yup =    5.7437078628133041E-102
 mdl_vevhat__exp__2 =    60624.100844283676     
 mdl_barlam =   0.12905352724481209     
 mdl_vevT =    246.21961912951551     
 mdl_sqrt__aEW =    8.6956666568672819E-002
 mdl_ee =   0.30825335704310214     
 mdl_gwsh =   0.65296989967087182     
 mdl_vev =    246.21961912951551     
 mdl_g1 =   0.34966952144878632     
 mdl_gw =   0.65296989967087182     
 mdl_ee__exp__2 =    9.5020132128342205E-002
 mdl_gHaa =   -1.9303830602986922E-003
 mdl_gHza =   -6.8546472954154700E-003
 mdl_g1sh =   0.34966952144878632     
 mdl_I1d11 =  (  5.7437078628133041E-102,  0.0000000000000000     )
 mdl_I1d22 =  (  5.7437078628133041E-102,  0.0000000000000000     )
 mdl_I1d33 =  (  2.4008698866559607E-002,  0.0000000000000000     )
 mdl_I2d11 =  (  5.7437078628133041E-102,  0.0000000000000000     )
 mdl_I2d22 =  (  5.7437078628133041E-102,  0.0000000000000000     )
 mdl_I2d33 =  ( 0.99481020183926416     ,  0.0000000000000000     )
 mdl_I3d11 =  (  5.7437078628133041E-102,  0.0000000000000000     )
 mdl_I3d22 =  (  5.7437078628133041E-102,  0.0000000000000000     )
 mdl_I3d33 =  (  2.4008698866559607E-002,  0.0000000000000000     )
 mdl_I4d11 =  (  5.7437078628133041E-102,  0.0000000000000000     )
 mdl_I4d22 =  (  5.7437078628133041E-102,  0.0000000000000000     )
 mdl_I4d33 =  ( 0.99481020183926416     ,  0.0000000000000000     )
 mdl_I5d11 =  (  5.7437078628133041E-102,  0.0000000000000000     )
 mdl_I5d22 =  (  5.7437078628133041E-102,  0.0000000000000000     )
 mdl_I5d33 =  (  2.4008698866559607E-002,  0.0000000000000000     )
 mdl_I6d11 =  (  5.7437078628133041E-102,  0.0000000000000000     )
 mdl_I6d22 =  (  5.7437078628133041E-102,  0.0000000000000000     )
 mdl_I6d33 =  ( 0.99481020183926416     ,  0.0000000000000000     )
 mdl_ee__exp__3 =    2.9290274715240611E-002
 mdl_vevhat__exp__3 =    14926843.019948866     
  Internal Params evaluated point by point
  ----------------------------------------
  
 mdl_sqrt__aS =   0.34365680554879169     
 mdl_G__exp__2 =    1.4840883695558185     
 mdl_gHgg =    3.2334372328970845E-003
 mdl_G__exp__3 =  (  1.8079634332366095     ,  0.0000000000000000     )
  Couplings of SMEFTsim_A_U35_MwScheme_UFO_v3_1-cW_massless
  ---------------------------------
  
        GC_64 =   0.00000E+00   0.52893E-05
       GC_345 =   0.00000E+00   0.28325E-05
         GC_1 =   0.00000E+00   0.10275E+00
         GC_2 =  -0.00000E+00  -0.20550E+00
         GC_3 =  -0.00000E+00  -0.30825E+00
       GC_255 =  -0.00000E+00  -0.42637E+00
       GC_278 =  -0.00000E+00  -0.37035E+00
       GC_280 =  -0.00000E+00  -0.57563E+00
       GC_318 =   0.00000E+00   0.39178E-05
       GC_328 =  -0.00000E+00  -0.55024E-01
       GC_329 =   0.00000E+00   0.11005E+00
       GC_330 =  -0.00000E+00  -0.16507E+00
       GC_400 =   0.00000E+00   0.52490E+02
       GC_809 =  -0.00000E+00  -0.72171E-02
      GC_1073 =  -0.00000E+00  -0.46172E+00

 Collider parameters:
 --------------------

 Running at P P   machine @    13000.000000000000       GeV
 PDF set = lhapdf 
 alpha_s(Mz)= 0.1127 running at 3 loops.
 alpha_s(Mz)= 0.1127 running at 3 loops.
 Renormalization scale set on event-by-event basis
 Factorization   scale set on event-by-event basis


 getting user params
Enter number of events and max and min iterations: 
 Number of events and iterations         2000           8           3
Enter desired fractional accuracy: 
 Desired fractional accuracy:    1.0000000000000000E-002
Enter 0 for fixed, 2 for adjustable grid: 
Suppress amplitude (0 no, 1 yes)? 
 Using suppressed amplitude.
Exact helicity sum (0 yes, n = number/event)? 
 Explicitly summing over helicities
Enter Configuration Number: 
Running Configuration Number:  483
 Not subdividing B.W.
 Attempting mappinvarients           1           8
 Completed mapping           8
 about to integrate           16        2000           8           3          16           1
 Using non-zero grid deformation.
 16 dimensions   2000 events 16 invarients  8 iterations  1 config(s),  (0.99)
 Using h-tuple random number sequence.
 Error opening grid
 Using Uniform Grid!          32
 Using uniform alpha   1.0000000000000000     
 Grid defined OK
 Set CM energy to      13000.00
 Mapping Graph         483  to config         483
Setting grid   1    0.59172E-04   1
 Setting BW          -2           2   80.387000000000000     
Setting grid   3    0.59172E-04   1
 Setting BW          -4           3   80.387000000000000     
 Warning: No cutoff for shat integral found
          Minimum set to    5.9171597633136107E-009
Setting grid   5    0.59172E-08   1
 Transforming s_hat 1/s           15   1.1585044837869826E-004   10000.000000000000        168999999.99999997     
 483   1   2   3   4   5   6   7   8   9  10  11  12  13  14
  15  16
 Masses: 0.000E+00 0.000E+00 0.000E+00 0.000E+00 0.000E+00 0.000E+00 0.000E+00 0.000E+00
Using random seed offsets   483 :      4
  with seed                   24
 Ranmar initialization seeds         213        9401
 
 ********************************************
 * You are using the DiscreteSampler module *
 *      part of the MG5_aMC framework       *
 *         Author: Valentin Hirschi         *
 ********************************************
 
  Particle       3       4       5       6       7       8
      Et >     0.0     0.0     0.0     0.0    10.0    10.0
       E >     0.0     0.0     0.0     0.0     0.0     0.0
     Eta <    -1.0    -1.0    -1.0    -1.0     6.5     6.5
   xqcut:      0.0     0.0     0.0     0.0     0.0     0.0
d R # 3  >    -0.0     0.4     0.0     0.0     0.4     0.4
d R # 4  >    -0.0    -0.0     0.0     0.0     0.4     0.4
d R # 5  >    -0.0    -0.0    -0.0     0.0     0.0     0.0
d R # 6  >    -0.0    -0.0    -0.0    -0.0     0.0     0.0
d R # 7  >    -0.0    -0.0    -0.0    -0.0    -0.0     0.4
s min # 3>     0.0     0.0     0.0     0.0     0.0     0.0
s min # 4>     0.0     0.0     0.0     0.0     0.0     0.0
s min # 5>     0.0     0.0     0.0     0.0     0.0     0.0
s min # 6>     0.0     0.0     0.0     0.0     0.0     0.0
s min # 7>     0.0     0.0     0.0     0.0     0.0 10000.0
xqcutij # 3>     0.0     0.0     0.0     0.0     0.0     0.0
xqcutij # 4>     0.0     0.0     0.0     0.0     0.0     0.0
xqcutij # 5>     0.0     0.0     0.0     0.0     0.0     0.0
xqcutij # 6>     0.0     0.0     0.0     0.0     0.0     0.0
xqcutij # 7>     0.0     0.0     0.0     0.0     0.0     0.0
 No cut BW           -1           1
 No cut BW           -2           2
 No cut BW           -4           3
 alpha_s for scale    44.917041917704147       is   0.12694605411323179     
 Added good helicity          193   256.00000000000000       in event            1 local:           1
 Added good helicity          193   256.00000000000000       in event            1 local:           1
 RESET CUMULATIVE VARIABLE
 RESET CUMULATIVE VARIABLE
 RESET CUMULATIVE VARIABLE
 Warning: Too low fact scales:    1.7181186602565932        73.950847172379355     
 Warning: Too low fact scales:    1.7181186602565932        73.950847172379355     
 Warning: Too low fact scales:    1.7181186602565932        73.950847172379355     
 Warning: Too low fact scales:   0.46763821014908791        10.425846997287657     
 Warning: Too low fact scales:   0.46763821014908791        10.425846997287657     
 Warning: Too low fact scales:   0.46763821014908791        10.425846997287657     
 Warning: Too low fact scales:    40.198490378518834       0.28571446935440431     
 Warning: Too low fact scales:    40.198490378518827       0.28571446935440431     
 Warning: Too low fact scales:    40.198490378518834       0.28571446935440431     
 Warning: Too low fact scales:    1.8128172356892907        150.46007759480219     
 Warning: Too low fact scales:    1.8128172356892907        150.46007759480219     
 No more warnings written out this run.
 Iteration  1   Mean: 0.1432E-07 Abs mean: 0.1025E-06   Fluctuation:  0.404E-07   0.640E-04    57.4%
  1    0.1432E-07 0.1025E-06 +- 0.4043E-07     17.64
 Writing out events   1.1165959387159498E-011   17.636489128257001     
 Relative summed weights:
  0.0000E+00  0.0000E+00  0.5067E-03  0.8032E-02  0.0000E+00  0.0000E+00  0.0000E+00  0.0000E+00  0.0000E+00  0.0000E+00  0.2449E-01  0.3733E-04  0.8115E+00  0.5195E-02  0.0000E+00  0.0000E+00  0.0000E+00  0.0000E+00  0.0000E+00  0.0000E+00  0.0000E+00  0.0000E+00  0.2095E-09  0.1413E-04  0.0000E+00  0.0000E+00  0.0000E+00  0.0000E+00  0.5261E-09  0.4202E-22  0.0000E+00  0.0000E+00
  0.0000E+00  0.0000E+00  0.1296E-01  0.5002E-01  0.0000E+00  0.0000E+00  0.0000E+00  0.0000E+00  0.0000E+00  0.0000E+00  0.3456E-10  0.1305E-05  0.3167E-01  0.3687E-02  0.0000E+00  0.0000E+00  0.0000E+00  0.0000E+00  0.0000E+00  0.0000E+00  0.0000E+00  0.0000E+00  0.7571E-02  0.2066E-05  0.0000E+00  0.0000E+00  0.0000E+00  0.0000E+00  0.5909E-06  0.1194E-14  0.0000E+00  0.0000E+00
  0.0000E+00  0.0000E+00  0.1905E-02  0.1721E-01  0.0000E+00  0.0000E+00  0.0000E+00  0.0000E+00  0.0000E+00  0.0000E+00  0.7716E-10  0.1573E-07  0.0000E+00  0.0000E+00  0.0000E+00  0.0000E+00  0.0000E+00  0.0000E+00  0.0000E+00  0.0000E+00  0.0000E+00  0.0000E+00  0.0000E+00  0.0000E+00  0.0000E+00  0.0000E+00  0.0000E+00  0.0000E+00  0.0000E+00  0.0000E+00  0.0000E+00  0.0000E+00
  0.0000E+00  0.0000E+00  0.2045E-02  0.1963E-04  0.0000E+00  0.0000E+00  0.0000E+00  0.0000E+00  0.0000E+00  0.0000E+00  0.8884E-02  0.1423E-01  0.0000E+00  0.0000E+00  0.0000E+00  0.0000E+00  0.0000E+00  0.0000E+00  0.0000E+00  0.0000E+00  0.0000E+00  0.0000E+00  0.0000E+00  0.0000E+00  0.0000E+00  0.0000E+00  0.0000E+00  0.0000E+00  0.0000E+00  0.0000E+00  0.0000E+00  0.0000E+00
 Relative number of events:
  0.0000E+00  0.0000E+00  0.4855E-01  0.5090E-01  0.0000E+00  0.0000E+00  0.0000E+00  0.0000E+00  0.0000E+00  0.0000E+00  0.6265E-02  0.6265E-02  0.1143E+00  0.1018E+00  0.0000E+00  0.0000E+00  0.0000E+00  0.0000E+00  0.0000E+00  0.0000E+00  0.0000E+00  0.0000E+00  0.3915E-02  0.3915E-02  0.0000E+00  0.0000E+00  0.0000E+00  0.0000E+00  0.2349E-02  0.7831E-03  0.0000E+00  0.0000E+00
  0.0000E+00  0.0000E+00  0.7909E-01  0.7439E-01  0.0000E+00  0.0000E+00  0.0000E+00  0.0000E+00  0.0000E+00  0.0000E+00  0.4699E-02  0.3132E-02  0.1206E+00  0.1104E+00  0.0000E+00  0.0000E+00  0.0000E+00  0.0000E+00  0.0000E+00  0.0000E+00  0.0000E+00  0.0000E+00  0.6265E-02  0.5482E-02  0.0000E+00  0.0000E+00  0.0000E+00  0.0000E+00  0.2349E-02  0.7831E-03  0.0000E+00  0.0000E+00
  0.0000E+00  0.0000E+00  0.6030E-01  0.5795E-01  0.0000E+00  0.0000E+00  0.0000E+00  0.0000E+00  0.0000E+00  0.0000E+00  0.6265E-02  0.3132E-02  0.0000E+00  0.0000E+00  0.0000E+00  0.0000E+00  0.0000E+00  0.0000E+00  0.0000E+00  0.0000E+00  0.0000E+00  0.0000E+00  0.0000E+00  0.0000E+00  0.0000E+00  0.0000E+00  0.0000E+00  0.0000E+00  0.0000E+00  0.0000E+00  0.0000E+00  0.0000E+00
  0.0000E+00  0.0000E+00  0.6578E-01  0.5482E-01  0.0000E+00  0.0000E+00  0.0000E+00  0.0000E+00  0.0000E+00  0.0000E+00  0.1566E-02  0.3915E-02  0.0000E+00  0.0000E+00  0.0000E+00  0.0000E+00  0.0000E+00  0.0000E+00  0.0000E+00  0.0000E+00  0.0000E+00  0.0000E+00  0.0000E+00  0.0000E+00  0.0000E+00  0.0000E+00  0.0000E+00  0.0000E+00  0.0000E+00  0.0000E+00  0.0000E+00  0.0000E+00
 Events:
           0           0          62          65           0           0           0           0           0           0           8           8         146         130           0           0           0           0           0           0           0           0           5           5           0           0           0           0           3           1           0           0
           0           0         101          95           0           0           0           0           0           0           6           4         154         141           0           0           0           0           0           0           0           0           8           7           0           0           0           0           3           1           0           0
           0           0          77          74           0           0           0           0           0           0           8           4           0           0           0           0           0           0           0           0           0           0           0           0           0           0           0           0           0           0           0           0
           0           0          84          70           0           0           0           0           0           0           2           5           0           0           0           0           0           0           0           0           0           0           0           0           0           0           0           0           0           0           0           0
 Iteration  2   Mean: 0.3343E-07 Abs mean: 0.2399E-06   Fluctuation:  0.115E-06   0.437E-03    87.4%
  2    0.3343E-07 0.2399E-06 +- 0.1146E-06     30.22
 Relative summed weights:
  0.0000E+00  0.0000E+00  0.9825E-02  0.2298E-02  0.0000E+00  0.0000E+00  0.0000E+00  0.0000E+00  0.0000E+00  0.0000E+00  0.8010E+00  0.4890E-04  0.2175E-01  0.7290E-02  0.0000E+00  0.0000E+00  0.0000E+00  0.0000E+00  0.0000E+00  0.0000E+00  0.0000E+00  0.0000E+00  0.4385E-03  0.2007E-01  0.0000E+00  0.0000E+00  0.0000E+00  0.0000E+00  0.1563E-03  0.2835E-06  0.0000E+00  0.0000E+00
  0.0000E+00  0.0000E+00  0.1045E-01  0.4721E-02  0.0000E+00  0.0000E+00  0.0000E+00  0.0000E+00  0.0000E+00  0.0000E+00  0.6350E-04  0.4326E-03  0.9243E-02  0.1415E-01  0.0000E+00  0.0000E+00  0.0000E+00  0.0000E+00  0.0000E+00  0.0000E+00  0.0000E+00  0.0000E+00  0.7076E-02  0.4526E-03  0.0000E+00  0.0000E+00  0.0000E+00  0.0000E+00  0.0000E+00  0.1741E-06  0.0000E+00  0.0000E+00
  0.0000E+00  0.0000E+00  0.3290E-01  0.5895E-02  0.0000E+00  0.0000E+00  0.0000E+00  0.0000E+00  0.0000E+00  0.0000E+00  0.2958E-03  0.2030E-01  0.0000E+00  0.0000E+00  0.0000E+00  0.0000E+00  0.0000E+00  0.0000E+00  0.0000E+00  0.0000E+00  0.0000E+00  0.0000E+00  0.0000E+00  0.0000E+00  0.0000E+00  0.0000E+00  0.0000E+00  0.0000E+00  0.0000E+00  0.0000E+00  0.0000E+00  0.0000E+00
  0.0000E+00  0.0000E+00  0.1443E-01  0.5776E-02  0.0000E+00  0.0000E+00  0.0000E+00  0.0000E+00  0.0000E+00  0.0000E+00  0.5256E-03  0.1039E-01  0.0000E+00  0.0000E+00  0.0000E+00  0.0000E+00  0.0000E+00  0.0000E+00  0.0000E+00  0.0000E+00  0.0000E+00  0.0000E+00  0.0000E+00  0.0000E+00  0.0000E+00  0.0000E+00  0.0000E+00  0.0000E+00  0.0000E+00  0.0000E+00  0.0000E+00  0.0000E+00
 Relative number of events:
  0.0000E+00  0.0000E+00  0.6621E-01  0.5624E-01  0.0000E+00  0.0000E+00  0.0000E+00  0.0000E+00  0.0000E+00  0.0000E+00  0.5442E-02  0.4082E-02  0.1116E+00  0.1234E+00  0.0000E+00  0.0000E+00  0.0000E+00  0.0000E+00  0.0000E+00  0.0000E+00  0.0000E+00  0.0000E+00  0.1043E-01  0.5442E-02  0.0000E+00  0.0000E+00  0.0000E+00  0.0000E+00  0.1814E-02  0.1361E-02  0.0000E+00  0.0000E+00
  0.0000E+00  0.0000E+00  0.6485E-01  0.5488E-01  0.0000E+00  0.0000E+00  0.0000E+00  0.0000E+00  0.0000E+00  0.0000E+00  0.3628E-02  0.4082E-02  0.1270E+00  0.1043E+00  0.0000E+00  0.0000E+00  0.0000E+00  0.0000E+00  0.0000E+00  0.0000E+00  0.0000E+00  0.0000E+00  0.7256E-02  0.4989E-02  0.0000E+00  0.0000E+00  0.0000E+00  0.0000E+00  0.0000E+00  0.9070E-03  0.0000E+00  0.0000E+00
  0.0000E+00  0.0000E+00  0.4989E-01  0.5624E-01  0.0000E+00  0.0000E+00  0.0000E+00  0.0000E+00  0.0000E+00  0.0000E+00  0.4082E-02  0.5442E-02  0.0000E+00  0.0000E+00  0.0000E+00  0.0000E+00  0.0000E+00  0.0000E+00  0.0000E+00  0.0000E+00  0.0000E+00  0.0000E+00  0.0000E+00  0.0000E+00  0.0000E+00  0.0000E+00  0.0000E+00  0.0000E+00  0.0000E+00  0.0000E+00  0.0000E+00  0.0000E+00
  0.0000E+00  0.0000E+00  0.6122E-01  0.5896E-01  0.0000E+00  0.0000E+00  0.0000E+00  0.0000E+00  0.0000E+00  0.0000E+00  0.4082E-02  0.2268E-02  0.0000E+00  0.0000E+00  0.0000E+00  0.0000E+00  0.0000E+00  0.0000E+00  0.0000E+00  0.0000E+00  0.0000E+00  0.0000E+00  0.0000E+00  0.0000E+00  0.0000E+00  0.0000E+00  0.0000E+00  0.0000E+00  0.0000E+00  0.0000E+00  0.0000E+00  0.0000E+00
 Events:
           0           0         146         124           0           0           0           0           0           0          12           9         246         272           0           0           0           0           0           0           0           0          23          12           0           0           0           0           4           3           0           0
           0           0         143         121           0           0           0           0           0           0           8           9         280         230           0           0           0           0           0           0           0           0          16          11           0           0           0           0           0           2           0           0
           0           0         110         124           0           0           0           0           0           0           9          12           0           0           0           0           0           0           0           0           0           0           0           0           0           0           0           0           0           0           0           0
           0           0         135         130           0           0           0           0           0           0           9           5           0           0           0           0           0           0           0           0           0           0           0           0           0           0           0           0           0           0           0           0
 Iteration  3   Mean: 0.7919E-07 Abs mean: 0.2238E-06   Fluctuation:  0.857E-07   0.663E-03    89.1%
  3    0.7919E-07 0.2238E-06 +- 0.8568E-07     34.24
 Relative summed weights:
  0.0000E+00  0.0000E+00  0.2358E-01  0.1074E-01  0.0000E+00  0.0000E+00  0.0000E+00  0.0000E+00  0.0000E+00  0.0000E+00  0.9395E-03  0.2349E-02  0.3254E-01  0.1071E+00  0.0000E+00  0.0000E+00  0.0000E+00  0.0000E+00  0.0000E+00  0.0000E+00  0.0000E+00  0.0000E+00  0.1819E-01  0.5509E+00  0.0000E+00  0.0000E+00  0.0000E+00  0.0000E+00  0.3753E-04  0.1029E-03  0.0000E+00  0.0000E+00
  0.0000E+00  0.0000E+00  0.1112E-01  0.7366E-02  0.0000E+00  0.0000E+00  0.0000E+00  0.0000E+00  0.0000E+00  0.0000E+00  0.5774E-02  0.1207E-01  0.1406E-01  0.1665E-01  0.0000E+00  0.0000E+00  0.0000E+00  0.0000E+00  0.0000E+00  0.0000E+00  0.0000E+00  0.0000E+00  0.3737E-01  0.9115E-02  0.0000E+00  0.0000E+00  0.0000E+00  0.0000E+00  0.2120E-03  0.6038E-04  0.0000E+00  0.0000E+00
  0.0000E+00  0.0000E+00  0.1978E-01  0.3180E-02  0.0000E+00  0.0000E+00  0.0000E+00  0.0000E+00  0.0000E+00  0.0000E+00  0.1877E-02  0.3368E-02  0.0000E+00  0.0000E+00  0.0000E+00  0.0000E+00  0.0000E+00  0.0000E+00  0.0000E+00  0.0000E+00  0.0000E+00  0.0000E+00  0.0000E+00  0.0000E+00  0.0000E+00  0.0000E+00  0.0000E+00  0.0000E+00  0.0000E+00  0.0000E+00  0.0000E+00  0.0000E+00
  0.0000E+00  0.0000E+00  0.9305E-01  0.6602E-02  0.0000E+00  0.0000E+00  0.0000E+00  0.0000E+00  0.0000E+00  0.0000E+00  0.9585E-02  0.2343E-02  0.0000E+00  0.0000E+00  0.0000E+00  0.0000E+00  0.0000E+00  0.0000E+00  0.0000E+00  0.0000E+00  0.0000E+00  0.0000E+00  0.0000E+00  0.0000E+00  0.0000E+00  0.0000E+00  0.0000E+00  0.0000E+00  0.0000E+00  0.0000E+00  0.0000E+00  0.0000E+00
 Relative number of events:
  0.0000E+00  0.0000E+00  0.6500E-01  0.5607E-01  0.0000E+00  0.0000E+00  0.0000E+00  0.0000E+00  0.0000E+00  0.0000E+00  0.3969E-02  0.4713E-02  0.1139E+00  0.1126E+00  0.0000E+00  0.0000E+00  0.0000E+00  0.0000E+00  0.0000E+00  0.0000E+00  0.0000E+00  0.0000E+00  0.8683E-02  0.8435E-02  0.0000E+00  0.0000E+00  0.0000E+00  0.0000E+00  0.1240E-02  0.9923E-03  0.0000E+00  0.0000E+00
  0.0000E+00  0.0000E+00  0.5681E-01  0.6028E-01  0.0000E+00  0.0000E+00  0.0000E+00  0.0000E+00  0.0000E+00  0.0000E+00  0.4962E-02  0.2977E-02  0.1099E+00  0.1159E+00  0.0000E+00  0.0000E+00  0.0000E+00  0.0000E+00  0.0000E+00  0.0000E+00  0.0000E+00  0.0000E+00  0.8435E-02  0.1042E-01  0.0000E+00  0.0000E+00  0.0000E+00  0.0000E+00  0.1240E-02  0.1488E-02  0.0000E+00  0.0000E+00
  0.0000E+00  0.0000E+00  0.6078E-01  0.5557E-01  0.0000E+00  0.0000E+00  0.0000E+00  0.0000E+00  0.0000E+00  0.0000E+00  0.5954E-02  0.4217E-02  0.0000E+00  0.0000E+00  0.0000E+00  0.0000E+00  0.0000E+00  0.0000E+00  0.0000E+00  0.0000E+00  0.0000E+00  0.0000E+00  0.0000E+00  0.0000E+00  0.0000E+00  0.0000E+00  0.0000E+00  0.0000E+00  0.0000E+00  0.0000E+00  0.0000E+00  0.0000E+00
  0.0000E+00  0.0000E+00  0.5681E-01  0.5879E-01  0.0000E+00  0.0000E+00  0.0000E+00  0.0000E+00  0.0000E+00  0.0000E+00  0.5706E-02  0.4217E-02  0.0000E+00  0.0000E+00  0.0000E+00  0.0000E+00  0.0000E+00  0.0000E+00  0.0000E+00  0.0000E+00  0.0000E+00  0.0000E+00  0.0000E+00  0.0000E+00  0.0000E+00  0.0000E+00  0.0000E+00  0.0000E+00  0.0000E+00  0.0000E+00  0.0000E+00  0.0000E+00
 Events:
           0           0         262         226           0           0           0           0           0           0          16          19         459         454           0           0           0           0           0           0           0           0          35          34           0           0           0           0           5           4           0           0
           0           0         229         243           0           0           0           0           0           0          20          12         443         467           0           0           0           0           0           0           0           0          34          42           0           0           0           0           5           6           0           0
           0           0         245         224           0           0           0           0           0           0          24          17           0           0           0           0           0           0           0           0           0           0           0           0           0           0           0           0           0           0           0           0
           0           0         229         237           0           0           0           0           0           0          23          17           0           0           0           0           0           0           0           0           0           0           0           0           0           0           0           0           0           0           0           0
 Accuracy:    0.238   0.010   0.238   0.997
 Found          258  events.
 Wrote            3  events.
 Actual xsec    4.4172313427804112E-008
 Correct abs xsec    1.8358813013267541E-007
 Event xsec    1.8358813013267539E-007
 Events wgts > 1:            1
 % Cross section > 1:    4.6905113316279292E-015   2.5549099106996692E-006
 Iteration  4   Mean: -.1710E-07 Abs mean: 0.1794E-06   Fluctuation:  0.191E-07   0.168E-03    89.4%
  4   -0.1710E-07 0.1794E-06 +- 0.1912E-07     13.48
 Relative summed weights:
  0.0000E+00  0.0000E+00  0.1411E-01  0.1985E-01  0.0000E+00  0.0000E+00  0.0000E+00  0.0000E+00  0.0000E+00  0.0000E+00  0.1875E-01  0.9743E-02  0.3024E-01  0.4803E-01  0.0000E+00  0.0000E+00  0.0000E+00  0.0000E+00  0.0000E+00  0.0000E+00  0.0000E+00  0.0000E+00  0.7636E-01  0.2856E-01  0.0000E+00  0.0000E+00  0.0000E+00  0.0000E+00  0.2843E-03  0.1302E-02  0.0000E+00  0.0000E+00
  0.0000E+00  0.0000E+00  0.1698E+00  0.3888E-01  0.0000E+00  0.0000E+00  0.0000E+00  0.0000E+00  0.0000E+00  0.0000E+00  0.2441E-01  0.1061E+00  0.1019E+00  0.6695E-01  0.0000E+00  0.0000E+00  0.0000E+00  0.0000E+00  0.0000E+00  0.0000E+00  0.0000E+00  0.0000E+00  0.3578E-01  0.3056E-01  0.0000E+00  0.0000E+00  0.0000E+00  0.0000E+00  0.1484E-05  0.6046E-02  0.0000E+00  0.0000E+00
  0.0000E+00  0.0000E+00  0.2538E-01  0.4066E-01  0.0000E+00  0.0000E+00  0.0000E+00  0.0000E+00  0.0000E+00  0.0000E+00  0.7667E-02  0.3064E-02  0.0000E+00  0.0000E+00  0.0000E+00  0.0000E+00  0.0000E+00  0.0000E+00  0.0000E+00  0.0000E+00  0.0000E+00  0.0000E+00  0.0000E+00  0.0000E+00  0.0000E+00  0.0000E+00  0.0000E+00  0.0000E+00  0.0000E+00  0.0000E+00  0.0000E+00  0.0000E+00
  0.0000E+00  0.0000E+00  0.1585E-01  0.3567E-01  0.0000E+00  0.0000E+00  0.0000E+00  0.0000E+00  0.0000E+00  0.0000E+00  0.6177E-02  0.3788E-01  0.0000E+00  0.0000E+00  0.0000E+00  0.0000E+00  0.0000E+00  0.0000E+00  0.0000E+00  0.0000E+00  0.0000E+00  0.0000E+00  0.0000E+00  0.0000E+00  0.0000E+00  0.0000E+00  0.0000E+00  0.0000E+00  0.0000E+00  0.0000E+00  0.0000E+00  0.0000E+00
 Relative number of events:
  0.0000E+00  0.0000E+00  0.6156E-01  0.5790E-01  0.0000E+00  0.0000E+00  0.0000E+00  0.0000E+00  0.0000E+00  0.0000E+00  0.5424E-02  0.5153E-02  0.1060E+00  0.1085E+00  0.0000E+00  0.0000E+00  0.0000E+00  0.0000E+00  0.0000E+00  0.0000E+00  0.0000E+00  0.0000E+00  0.1193E-01  0.8949E-02  0.0000E+00  0.0000E+00  0.0000E+00  0.0000E+00  0.6780E-03  0.4068E-03  0.0000E+00  0.0000E+00
  0.0000E+00  0.0000E+00  0.5600E-01  0.6332E-01  0.0000E+00  0.0000E+00  0.0000E+00  0.0000E+00  0.0000E+00  0.0000E+00  0.5424E-02  0.5424E-02  0.1043E+00  0.1151E+00  0.0000E+00  0.0000E+00  0.0000E+00  0.0000E+00  0.0000E+00  0.0000E+00  0.0000E+00  0.0000E+00  0.8000E-02  0.8271E-02  0.0000E+00  0.0000E+00  0.0000E+00  0.0000E+00  0.2712E-03  0.1492E-02  0.0000E+00  0.0000E+00
  0.0000E+00  0.0000E+00  0.5614E-01  0.6603E-01  0.0000E+00  0.0000E+00  0.0000E+00  0.0000E+00  0.0000E+00  0.0000E+00  0.4881E-02  0.4068E-02  0.0000E+00  0.0000E+00  0.0000E+00  0.0000E+00  0.0000E+00  0.0000E+00  0.0000E+00  0.0000E+00  0.0000E+00  0.0000E+00  0.0000E+00  0.0000E+00  0.0000E+00  0.0000E+00  0.0000E+00  0.0000E+00  0.0000E+00  0.0000E+00  0.0000E+00  0.0000E+00
  0.0000E+00  0.0000E+00  0.6020E-01  0.6400E-01  0.0000E+00  0.0000E+00  0.0000E+00  0.0000E+00  0.0000E+00  0.0000E+00  0.4475E-02  0.6102E-02  0.0000E+00  0.0000E+00  0.0000E+00  0.0000E+00  0.0000E+00  0.0000E+00  0.0000E+00  0.0000E+00  0.0000E+00  0.0000E+00  0.0000E+00  0.0000E+00  0.0000E+00  0.0000E+00  0.0000E+00  0.0000E+00  0.0000E+00  0.0000E+00  0.0000E+00  0.0000E+00
 Events:
           0           0         454         427           0           0           0           0           0           0          40          38         782         800           0           0           0           0           0           0           0           0          88          66           0           0           0           0           5           3           0           0
           0           0         413         467           0           0           0           0           0           0          40          40         769         849           0           0           0           0           0           0           0           0          59          61           0           0           0           0           2          11           0           0
           0           0         414         487           0           0           0           0           0           0          36          30           0           0           0           0           0           0           0           0           0           0           0           0           0           0           0           0           0           0           0           0
           0           0         444         472           0           0           0           0           0           0          33          45           0           0           0           0           0           0           0           0           0           0           0           0           0           0           0           0           0           0           0           0
 Accuracy:    0.081   0.010   0.097   0.693
 Found          624  events.
 Wrote           19  events.
 Actual xsec   -8.2504490108826482E-009
 Correct abs xsec    1.8514919199995079E-007
 Event xsec    1.8514919199995092E-007
 Events wgts > 1:            0
 % Cross section > 1:    0.0000000000000000        0.0000000000000000     
 Iteration  5   Mean: -.4481E-07 Abs mean: 0.1973E-06   Fluctuation:  0.154E-07   0.326E-03    89.3%
  5   -0.4481E-07 0.1973E-06 +- 0.1536E-07     13.93
 Relative summed weights:
  0.0000E+00  0.0000E+00  0.5248E-01  0.2714E-01  0.0000E+00  0.0000E+00  0.0000E+00  0.0000E+00  0.0000E+00  0.0000E+00  0.3434E-01  0.1818E-01  0.9199E-01  0.6355E-01  0.0000E+00  0.0000E+00  0.0000E+00  0.0000E+00  0.0000E+00  0.0000E+00  0.0000E+00  0.0000E+00  0.3044E-01  0.3330E-01  0.0000E+00  0.0000E+00  0.0000E+00  0.0000E+00  0.1014E-01  0.5048E-02  0.0000E+00  0.0000E+00
  0.0000E+00  0.0000E+00  0.2385E-01  0.3510E-01  0.0000E+00  0.0000E+00  0.0000E+00  0.0000E+00  0.0000E+00  0.0000E+00  0.1238E-01  0.3939E-01  0.5647E-01  0.4930E-01  0.0000E+00  0.0000E+00  0.0000E+00  0.0000E+00  0.0000E+00  0.0000E+00  0.0000E+00  0.0000E+00  0.5211E-01  0.7859E-01  0.0000E+00  0.0000E+00  0.0000E+00  0.0000E+00  0.1562E-01  0.2467E-01  0.0000E+00  0.0000E+00
  0.0000E+00  0.0000E+00  0.2422E-01  0.2724E-01  0.0000E+00  0.0000E+00  0.0000E+00  0.0000E+00  0.0000E+00  0.0000E+00  0.6801E-01  0.7506E-02  0.0000E+00  0.0000E+00  0.0000E+00  0.0000E+00  0.0000E+00  0.0000E+00  0.0000E+00  0.0000E+00  0.0000E+00  0.0000E+00  0.0000E+00  0.0000E+00  0.0000E+00  0.0000E+00  0.0000E+00  0.0000E+00  0.0000E+00  0.0000E+00  0.0000E+00  0.0000E+00
  0.0000E+00  0.0000E+00  0.3245E-01  0.1965E-01  0.0000E+00  0.0000E+00  0.0000E+00  0.0000E+00  0.0000E+00  0.0000E+00  0.2776E-01  0.3907E-01  0.0000E+00  0.0000E+00  0.0000E+00  0.0000E+00  0.0000E+00  0.0000E+00  0.0000E+00  0.0000E+00  0.0000E+00  0.0000E+00  0.0000E+00  0.0000E+00  0.0000E+00  0.0000E+00  0.0000E+00  0.0000E+00  0.0000E+00  0.0000E+00  0.0000E+00  0.0000E+00
 Relative number of events:
  0.0000E+00  0.0000E+00  0.5893E-01  0.5760E-01  0.0000E+00  0.0000E+00  0.0000E+00  0.0000E+00  0.0000E+00  0.0000E+00  0.5167E-02  0.6005E-02  0.1017E+00  0.1178E+00  0.0000E+00  0.0000E+00  0.0000E+00  0.0000E+00  0.0000E+00  0.0000E+00  0.0000E+00  0.0000E+00  0.9147E-02  0.9007E-02  0.0000E+00  0.0000E+00  0.0000E+00  0.0000E+00  0.1187E-02  0.9775E-03  0.0000E+00  0.0000E+00
  0.0000E+00  0.0000E+00  0.5781E-01  0.5886E-01  0.0000E+00  0.0000E+00  0.0000E+00  0.0000E+00  0.0000E+00  0.0000E+00  0.5097E-02  0.4957E-02  0.1134E+00  0.1146E+00  0.0000E+00  0.0000E+00  0.0000E+00  0.0000E+00  0.0000E+00  0.0000E+00  0.0000E+00  0.0000E+00  0.8867E-02  0.1019E-01  0.0000E+00  0.0000E+00  0.0000E+00  0.0000E+00  0.1187E-02  0.9077E-03  0.0000E+00  0.0000E+00
  0.0000E+00  0.0000E+00  0.5732E-01  0.5844E-01  0.0000E+00  0.0000E+00  0.0000E+00  0.0000E+00  0.0000E+00  0.0000E+00  0.5586E-02  0.5167E-02  0.0000E+00  0.0000E+00  0.0000E+00  0.0000E+00  0.0000E+00  0.0000E+00  0.0000E+00  0.0000E+00  0.0000E+00  0.0000E+00  0.0000E+00  0.0000E+00  0.0000E+00  0.0000E+00  0.0000E+00  0.0000E+00  0.0000E+00  0.0000E+00  0.0000E+00  0.0000E+00
  0.0000E+00  0.0000E+00  0.6075E-01  0.5795E-01  0.0000E+00  0.0000E+00  0.0000E+00  0.0000E+00  0.0000E+00  0.0000E+00  0.6214E-02  0.5097E-02  0.0000E+00  0.0000E+00  0.0000E+00  0.0000E+00  0.0000E+00  0.0000E+00  0.0000E+00  0.0000E+00  0.0000E+00  0.0000E+00  0.0000E+00  0.0000E+00  0.0000E+00  0.0000E+00  0.0000E+00  0.0000E+00  0.0000E+00  0.0000E+00  0.0000E+00  0.0000E+00
 Events:
           0           0         844         825           0           0           0           0           0           0          74          86        1457        1687           0           0           0           0           0           0           0           0         131         129           0           0           0           0          17          14           0           0
           0           0         828         843           0           0           0           0           0           0          73          71        1624        1642           0           0           0           0           0           0           0           0         127         146           0           0           0           0          17          13           0           0
           0           0         821         837           0           0           0           0           0           0          80          74           0           0           0           0           0           0           0           0           0           0           0           0           0           0           0           0           0           0           0           0
           0           0         870         830           0           0           0           0           0           0          89          73           0           0           0           0           0           0           0           0           0           0           0           0           0           0           0           0           0           0           0           0
 Accuracy:    0.047   0.010   0.061   0.595
 Found         1795  events.
 Wrote           15  events.
 Actual xsec   -3.2162768455505891E-008
 Correct abs xsec    1.9195036472645880E-007
 Event xsec    1.9195036472645883E-007
 Events wgts > 1:            1
 % Cross section > 1:    1.7857950413270132E-015   9.3034209331765623E-007
 Iteration  6   Mean: -.2854E-07 Abs mean: 0.1732E-06   Fluctuation:  0.496E-08   0.109E-03    88.9%
  6   -0.2854E-07 0.1732E-06 +- 0.4960E-08      7.25
 Relative summed weights:
  0.0000E+00  0.0000E+00  0.2893E-01  0.2853E-01  0.0000E+00  0.0000E+00  0.0000E+00  0.0000E+00  0.0000E+00  0.0000E+00  0.2666E-01  0.3694E-01  0.5819E-01  0.5046E-01  0.0000E+00  0.0000E+00  0.0000E+00  0.0000E+00  0.0000E+00  0.0000E+00  0.0000E+00  0.0000E+00  0.8216E-01  0.4156E-01  0.0000E+00  0.0000E+00  0.0000E+00  0.0000E+00  0.5363E-02  0.2053E-01  0.0000E+00  0.0000E+00
  0.0000E+00  0.0000E+00  0.3585E-01  0.2874E-01  0.0000E+00  0.0000E+00  0.0000E+00  0.0000E+00  0.0000E+00  0.0000E+00  0.2188E-01  0.2585E-01  0.4931E-01  0.6102E-01  0.0000E+00  0.0000E+00  0.0000E+00  0.0000E+00  0.0000E+00  0.0000E+00  0.0000E+00  0.0000E+00  0.5755E-01  0.8281E-01  0.0000E+00  0.0000E+00  0.0000E+00  0.0000E+00  0.2571E-02  0.2274E-02  0.0000E+00  0.0000E+00
  0.0000E+00  0.0000E+00  0.2402E-01  0.2948E-01  0.0000E+00  0.0000E+00  0.0000E+00  0.0000E+00  0.0000E+00  0.0000E+00  0.4419E-01  0.4230E-01  0.0000E+00  0.0000E+00  0.0000E+00  0.0000E+00  0.0000E+00  0.0000E+00  0.0000E+00  0.0000E+00  0.0000E+00  0.0000E+00  0.0000E+00  0.0000E+00  0.0000E+00  0.0000E+00  0.0000E+00  0.0000E+00  0.0000E+00  0.0000E+00  0.0000E+00  0.0000E+00
  0.0000E+00  0.0000E+00  0.2638E-01  0.3380E-01  0.0000E+00  0.0000E+00  0.0000E+00  0.0000E+00  0.0000E+00  0.0000E+00  0.2501E-01  0.2765E-01  0.0000E+00  0.0000E+00  0.0000E+00  0.0000E+00  0.0000E+00  0.0000E+00  0.0000E+00  0.0000E+00  0.0000E+00  0.0000E+00  0.0000E+00  0.0000E+00  0.0000E+00  0.0000E+00  0.0000E+00  0.0000E+00  0.0000E+00  0.0000E+00  0.0000E+00  0.0000E+00
 Relative number of events:
  0.0000E+00  0.0000E+00  0.5925E-01  0.5854E-01  0.0000E+00  0.0000E+00  0.0000E+00  0.0000E+00  0.0000E+00  0.0000E+00  0.4831E-02  0.6252E-02  0.1091E+00  0.1088E+00  0.0000E+00  0.0000E+00  0.0000E+00  0.0000E+00  0.0000E+00  0.0000E+00  0.0000E+00  0.0000E+00  0.1020E-01  0.9342E-02  0.0000E+00  0.0000E+00  0.0000E+00  0.0000E+00  0.1350E-02  0.1066E-02  0.0000E+00  0.0000E+00
  0.0000E+00  0.0000E+00  0.5787E-01  0.5787E-01  0.0000E+00  0.0000E+00  0.0000E+00  0.0000E+00  0.0000E+00  0.0000E+00  0.5577E-02  0.5293E-02  0.1106E+00  0.1132E+00  0.0000E+00  0.0000E+00  0.0000E+00  0.0000E+00  0.0000E+00  0.0000E+00  0.0000E+00  0.0000E+00  0.1051E-01  0.1005E-01  0.0000E+00  0.0000E+00  0.0000E+00  0.0000E+00  0.1030E-02  0.1279E-02  0.0000E+00  0.0000E+00
  0.0000E+00  0.0000E+00  0.5971E-01  0.5819E-01  0.0000E+00  0.0000E+00  0.0000E+00  0.0000E+00  0.0000E+00  0.0000E+00  0.5186E-02  0.5755E-02  0.0000E+00  0.0000E+00  0.0000E+00  0.0000E+00  0.0000E+00  0.0000E+00  0.0000E+00  0.0000E+00  0.0000E+00  0.0000E+00  0.0000E+00  0.0000E+00  0.0000E+00  0.0000E+00  0.0000E+00  0.0000E+00  0.0000E+00  0.0000E+00  0.0000E+00  0.0000E+00
  0.0000E+00  0.0000E+00  0.6067E-01  0.5815E-01  0.0000E+00  0.0000E+00  0.0000E+00  0.0000E+00  0.0000E+00  0.0000E+00  0.5577E-02  0.4689E-02  0.0000E+00  0.0000E+00  0.0000E+00  0.0000E+00  0.0000E+00  0.0000E+00  0.0000E+00  0.0000E+00  0.0000E+00  0.0000E+00  0.0000E+00  0.0000E+00  0.0000E+00  0.0000E+00  0.0000E+00  0.0000E+00  0.0000E+00  0.0000E+00  0.0000E+00  0.0000E+00
 Events:
           0           0        1668        1648           0           0           0           0           0           0         136         176        3071        3064           0           0           0           0           0           0           0           0         287         263           0           0           0           0          38          30           0           0
           0           0        1629        1629           0           0           0           0           0           0         157         149        3114        3187           0           0           0           0           0           0           0           0         296         283           0           0           0           0          29          36           0           0
           0           0        1681        1638           0           0           0           0           0           0         146         162           0           0           0           0           0           0           0           0           0           0           0           0           0           0           0           0           0           0           0           0
           0           0        1708        1637           0           0           0           0           0           0         157         132           0           0           0           0           0           0           0           0           0           0           0           0           0           0           0           0           0           0           0           0
 Accuracy:    0.026   0.010   0.026   0.988
 Found         3924  events.
 Wrote          194  events.
 Actual xsec   -2.9679641626746773E-008
 Correct abs xsec    1.7626755202441275E-007
 Event xsec    1.7626755202441241E-007
 Events wgts > 1:            6
 % Cross section > 1:    1.7058559366575249E-009  0.96776514852902151     
 Iteration  7   Mean: -.2992E-07 Abs mean: 0.1795E-06   Fluctuation:  0.336E-08   0.159E-03    88.9%
  7   -0.2992E-07 0.1795E-06 +- 0.3362E-08      6.70
 Exceeded boost           1          96   128000.000    
 Exceeded boost           5          96   128000.000    
 Relative summed weights:
  0.0000E+00  0.0000E+00  0.3324E-01  0.2793E-01  0.0000E+00  0.0000E+00  0.0000E+00  0.0000E+00  0.0000E+00  0.0000E+00  0.2739E-01  0.2904E-01  0.5979E-01  0.5448E-01  0.0000E+00  0.0000E+00  0.0000E+00  0.0000E+00  0.0000E+00  0.0000E+00  0.0000E+00  0.0000E+00  0.4966E-01  0.7329E-01  0.0000E+00  0.0000E+00  0.0000E+00  0.0000E+00  0.5244E-02  0.9887E-02  0.0000E+00  0.0000E+00
  0.0000E+00  0.0000E+00  0.3365E-01  0.2682E-01  0.0000E+00  0.0000E+00  0.0000E+00  0.0000E+00  0.0000E+00  0.0000E+00  0.2631E-01  0.2625E-01  0.6621E-01  0.5946E-01  0.0000E+00  0.0000E+00  0.0000E+00  0.0000E+00  0.0000E+00  0.0000E+00  0.0000E+00  0.0000E+00  0.6105E-01  0.6939E-01  0.0000E+00  0.0000E+00  0.0000E+00  0.0000E+00  0.6605E-02  0.4375E-02  0.0000E+00  0.0000E+00
  0.0000E+00  0.0000E+00  0.2616E-01  0.2474E-01  0.0000E+00  0.0000E+00  0.0000E+00  0.0000E+00  0.0000E+00  0.0000E+00  0.3338E-01  0.4388E-01  0.0000E+00  0.0000E+00  0.0000E+00  0.0000E+00  0.0000E+00  0.0000E+00  0.0000E+00  0.0000E+00  0.0000E+00  0.0000E+00  0.0000E+00  0.0000E+00  0.0000E+00  0.0000E+00  0.0000E+00  0.0000E+00  0.0000E+00  0.0000E+00  0.0000E+00  0.0000E+00
  0.0000E+00  0.0000E+00  0.3382E-01  0.2740E-01  0.0000E+00  0.0000E+00  0.0000E+00  0.0000E+00  0.0000E+00  0.0000E+00  0.3516E-01  0.2539E-01  0.0000E+00  0.0000E+00  0.0000E+00  0.0000E+00  0.0000E+00  0.0000E+00  0.0000E+00  0.0000E+00  0.0000E+00  0.0000E+00  0.0000E+00  0.0000E+00  0.0000E+00  0.0000E+00  0.0000E+00  0.0000E+00  0.0000E+00  0.0000E+00  0.0000E+00  0.0000E+00
 Relative number of events:
  0.0000E+00  0.0000E+00  0.5742E-01  0.6009E-01  0.0000E+00  0.0000E+00  0.0000E+00  0.0000E+00  0.0000E+00  0.0000E+00  0.5719E-02  0.5611E-02  0.1110E+00  0.1111E+00  0.0000E+00  0.0000E+00  0.0000E+00  0.0000E+00  0.0000E+00  0.0000E+00  0.0000E+00  0.0000E+00  0.1023E-01  0.1007E-01  0.0000E+00  0.0000E+00  0.0000E+00  0.0000E+00  0.1187E-02  0.1259E-02  0.0000E+00  0.0000E+00
  0.0000E+00  0.0000E+00  0.5705E-01  0.5852E-01  0.0000E+00  0.0000E+00  0.0000E+00  0.0000E+00  0.0000E+00  0.0000E+00  0.4892E-02  0.5036E-02  0.1121E+00  0.1110E+00  0.0000E+00  0.0000E+00  0.0000E+00  0.0000E+00  0.0000E+00  0.0000E+00  0.0000E+00  0.0000E+00  0.9856E-02  0.1034E-01  0.0000E+00  0.0000E+00  0.0000E+00  0.0000E+00  0.1115E-02  0.9172E-03  0.0000E+00  0.0000E+00
  0.0000E+00  0.0000E+00  0.5690E-01  0.5780E-01  0.0000E+00  0.0000E+00  0.0000E+00  0.0000E+00  0.0000E+00  0.0000E+00  0.5287E-02  0.4856E-02  0.0000E+00  0.0000E+00  0.0000E+00  0.0000E+00  0.0000E+00  0.0000E+00  0.0000E+00  0.0000E+00  0.0000E+00  0.0000E+00  0.0000E+00  0.0000E+00  0.0000E+00  0.0000E+00  0.0000E+00  0.0000E+00  0.0000E+00  0.0000E+00  0.0000E+00  0.0000E+00
  0.0000E+00  0.0000E+00  0.5924E-01  0.6036E-01  0.0000E+00  0.0000E+00  0.0000E+00  0.0000E+00  0.0000E+00  0.0000E+00  0.5647E-02  0.5413E-02  0.0000E+00  0.0000E+00  0.0000E+00  0.0000E+00  0.0000E+00  0.0000E+00  0.0000E+00  0.0000E+00  0.0000E+00  0.0000E+00  0.0000E+00  0.0000E+00  0.0000E+00  0.0000E+00  0.0000E+00  0.0000E+00  0.0000E+00  0.0000E+00  0.0000E+00  0.0000E+00
 Events:
           0           0        3193        3341           0           0           0           0           0           0         318         312        6173        6175           0           0           0           0           0           0           0           0         569         560           0           0           0           0          66          70           0           0
           0           0        3172        3254           0           0           0           0           0           0         272         280        6233        6172           0           0           0           0           0           0           0           0         548         575           0           0           0           0          62          51           0           0
           0           0        3164        3214           0           0           0           0           0           0         294         270           0           0           0           0           0           0           0           0           0           0           0           0           0           0           0           0           0           0           0           0
           0           0        3294        3356           0           0           0           0           0           0         314         301           0           0           0           0           0           0           0           0           0           0           0           0           0           0           0           0           0           0           0           0
 Accuracy:    0.014   0.010   0.015   0.854
 Found         9694  events.
 Wrote          396  events.
 Actual xsec   -3.0105916446166642E-008
 Correct abs xsec    1.7836362013054529E-007
 Event xsec    1.7836362013054408E-007
 Events wgts > 1:            6
 % Cross section > 1:    1.7431836939446679E-009  0.97732020277948739     
 Iteration  8   Mean: -.3441E-07 Abs mean: 0.1804E-06   Fluctuation:  0.251E-08   0.169E-03    88.6%
  8   -0.3441E-07 0.1804E-06 +- 0.2509E-08      7.04
 Exceeded boost           1          96   128000.000    
 Exceeded boost           3          96   128000.000    
 Exceeded boost           5          95   256000.000    
 Relative summed weights:
  0.0000E+00  0.0000E+00  0.3052E-01  0.2874E-01  0.0000E+00  0.0000E+00  0.0000E+00  0.0000E+00  0.0000E+00  0.0000E+00  0.3631E-01  0.3683E-01  0.5496E-01  0.6054E-01  0.0000E+00  0.0000E+00  0.0000E+00  0.0000E+00  0.0000E+00  0.0000E+00  0.0000E+00  0.0000E+00  0.5464E-01  0.6021E-01  0.0000E+00  0.0000E+00  0.0000E+00  0.0000E+00  0.3406E-02  0.7009E-02  0.0000E+00  0.0000E+00
  0.0000E+00  0.0000E+00  0.3396E-01  0.2905E-01  0.0000E+00  0.0000E+00  0.0000E+00  0.0000E+00  0.0000E+00  0.0000E+00  0.3547E-01  0.3203E-01  0.6327E-01  0.6964E-01  0.0000E+00  0.0000E+00  0.0000E+00  0.0000E+00  0.0000E+00  0.0000E+00  0.0000E+00  0.0000E+00  0.6283E-01  0.5552E-01  0.0000E+00  0.0000E+00  0.0000E+00  0.0000E+00  0.3790E-02  0.3449E-02  0.0000E+00  0.0000E+00
  0.0000E+00  0.0000E+00  0.2960E-01  0.2821E-01  0.0000E+00  0.0000E+00  0.0000E+00  0.0000E+00  0.0000E+00  0.0000E+00  0.2507E-01  0.3911E-01  0.0000E+00  0.0000E+00  0.0000E+00  0.0000E+00  0.0000E+00  0.0000E+00  0.0000E+00  0.0000E+00  0.0000E+00  0.0000E+00  0.0000E+00  0.0000E+00  0.0000E+00  0.0000E+00  0.0000E+00  0.0000E+00  0.0000E+00  0.0000E+00  0.0000E+00  0.0000E+00
  0.0000E+00  0.0000E+00  0.3410E-01  0.2963E-01  0.0000E+00  0.0000E+00  0.0000E+00  0.0000E+00  0.0000E+00  0.0000E+00  0.2470E-01  0.2741E-01  0.0000E+00  0.0000E+00  0.0000E+00  0.0000E+00  0.0000E+00  0.0000E+00  0.0000E+00  0.0000E+00  0.0000E+00  0.0000E+00  0.0000E+00  0.0000E+00  0.0000E+00  0.0000E+00  0.0000E+00  0.0000E+00  0.0000E+00  0.0000E+00  0.0000E+00  0.0000E+00
 Relative number of events:
  0.0000E+00  0.0000E+00  0.5971E-01  0.5908E-01  0.0000E+00  0.0000E+00  0.0000E+00  0.0000E+00  0.0000E+00  0.0000E+00  0.5317E-02  0.5811E-02  0.1113E+00  0.1096E+00  0.0000E+00  0.0000E+00  0.0000E+00  0.0000E+00  0.0000E+00  0.0000E+00  0.0000E+00  0.0000E+00  0.9566E-02  0.9593E-02  0.0000E+00  0.0000E+00  0.0000E+00  0.0000E+00  0.1051E-02  0.1186E-02  0.0000E+00  0.0000E+00
  0.0000E+00  0.0000E+00  0.5908E-01  0.5842E-01  0.0000E+00  0.0000E+00  0.0000E+00  0.0000E+00  0.0000E+00  0.0000E+00  0.5218E-02  0.5066E-02  0.1118E+00  0.1113E+00  0.0000E+00  0.0000E+00  0.0000E+00  0.0000E+00  0.0000E+00  0.0000E+00  0.0000E+00  0.0000E+00  0.9907E-02  0.9368E-02  0.0000E+00  0.0000E+00  0.0000E+00  0.0000E+00  0.8892E-03  0.9611E-03  0.0000E+00  0.0000E+00
  0.0000E+00  0.0000E+00  0.5892E-01  0.5828E-01  0.0000E+00  0.0000E+00  0.0000E+00  0.0000E+00  0.0000E+00  0.0000E+00  0.5614E-02  0.5461E-02  0.0000E+00  0.0000E+00  0.0000E+00  0.0000E+00  0.0000E+00  0.0000E+00  0.0000E+00  0.0000E+00  0.0000E+00  0.0000E+00  0.0000E+00  0.0000E+00  0.0000E+00  0.0000E+00  0.0000E+00  0.0000E+00  0.0000E+00  0.0000E+00  0.0000E+00  0.0000E+00
Thanks for using LHAPDF 6.2.1. Please make sure to cite the paper:
  Eur.Phys.J. C75 (2015) 3, 132  (http://arxiv.org/abs/1412.7420)
  0.0000E+00  0.0000E+00  0.5855E-01  0.5840E-01  0.0000E+00  0.0000E+00  0.0000E+00  0.0000E+00  0.0000E+00  0.0000E+00  0.5201E-02  0.5362E-02  0.0000E+00  0.0000E+00  0.0000E+00  0.0000E+00  0.0000E+00  0.0000E+00  0.0000E+00  0.0000E+00  0.0000E+00  0.0000E+00  0.0000E+00  0.0000E+00  0.0000E+00  0.0000E+00  0.0000E+00  0.0000E+00  0.0000E+00  0.0000E+00  0.0000E+00  0.0000E+00
 Events:
           0           0        6648        6578           0           0           0           0           0           0         592         647       12391       12203           0           0           0           0           0           0           0           0        1065        1068           0           0           0           0         117         132           0           0
           0           0        6578        6504           0           0           0           0           0           0         581         564       12448       12388           0           0           0           0           0           0           0           0        1103        1043           0           0           0           0          99         107           0           0
           0           0        6560        6489           0           0           0           0           0           0         625         608           0           0           0           0           0           0           0           0           0           0           0           0           0           0           0           0           0           0           0           0
           0           0        6519        6502           0           0           0           0           0           0         579         597           0           0           0           0           0           0           0           0           0           0           0           0           0           0           0           0           0           0           0           0
 Accuracy:    0.009   0.010   0.010   0.764
 Finished due to accuracy    8.9661960295585388E-003   1.0000000000000000E-002

 -------------------------------------------------------------------------------
 Accumulated results:   Integral =  0.1795E-06
                        Std dev  =  0.1841E-08
                       Cross sec = -0.3219E-07
             Chi**2 per DoF.     =      0.7643
 -------------------------------------------------------------------------------
 Found        19403  events.
 Wrote          503  events.
 Actual xsec   -3.2253673614559061E-008
 Correct abs xsec    1.7915357296222779E-007
 Event xsec    1.7915357296222861E-007
 Events wgts > 1:           10
 % Cross section > 1:    1.3747511409119897E-009  0.76735904184385528     
-------------------------------------------------
---------------------------
 Results Last   3 iters: Integral =  -0.3225E-07
                     Abs integral =   0.1792E-06
                          Std dev =   0.1864E-08
                  Chi**2 per DoF. =      0.8465
-------------------------------------------------
---------------------------
 Status   1.0000000000000000E-002           9           8

ls status:
events.lhe
ftn26
input_app.txt
results.dat
run1_app.log
