==== LHAPDF6 USING DEFAULT-TYPE LHAGLUE INTERFACE ====
LHAPDF 6.2.1 loading /cvmfs/cms.cern.ch/slc6_amd64_gcc630/external/lhapdf/6.2.1-ghjeda2/share/LHAPDF/NNPDF31_nnlo_as_0118_nf_4_mc_hessian/NNPDF31_nnlo_as_0118_nf_4_mc_hessian_0000.dat
NNPDF31_nnlo_as_0118_nf_4_mc_hessian PDF set, member #0, version 1; LHAPDF ID = 325500
 Process in group number            1
 A PDF is used, so alpha_s(MZ) is going to be modified
 Old value of alpha_s from param_card:   0.11810000000000001     
 New value of alpha_s from PDF lhapdf :  0.11266013434007299     
 using LHAPDF
 Define smin to   10000.000000000000     
 Define smin to   10000.000000000000     
 Define smin to   10000.000000000000     
 Define smin to   10000.000000000000     
 Define smin to   10000.000000000000     
 Define smin to   10000.000000000000     
 Define smin to   10000.000000000000     
 Define smin to   10000.000000000000     
 Define smin to   10000.000000000000     
 Define smin to   10000.000000000000     
 Define smin to   10000.000000000000     
 Define smin to   10000.000000000000     
 Define smin to   10000.000000000000     
 Define smin to   10000.000000000000     
 Define smin to   10000.000000000000     
 Define smin to   10000.000000000000     
 *****************************************************
 *               MadGraph/MadEvent                   *
 *        --------------------------------           *
 *          http://madgraph.hep.uiuc.edu             *
 *          http://madgraph.phys.ucl.ac.be           *
 *          http://madgraph.roma2.infn.it            *
 *        --------------------------------           *
 *                                                   *
 *          PARAMETER AND COUPLING VALUES            *
 *                                                   *
 *****************************************************

  External Params
  ---------------------------------
  
 mdl_MW0 =    80.387000000000000     
 mdl_Gf =    1.1663789999999999E-005
 aS =   0.11810000000000001     
 mdl_ymdo =    1.0000000000000000E-099
 mdl_ymb =    4.1799999999999997     
 mdl_ymt =    173.19999999999999     
 mdl_ymtau =    1.7769999999999999     
 mdl_LambdaSMEFT =    1000.0000000000000     
 mdl_MZ =    91.187600000000003     
 mdl_MTA =    1.7769999999999999     
 mdl_MT =    173.19999999999999     
 mdl_MB =    4.1799999999999997     
 mdl_MH =    125.09000000000000     
 mdl_WZ =    2.4952000000000001     
 mdl_WW =    2.0850000000000000     
 mdl_WT =    1.5083359999999999     
 mdl_WH =    4.0699999999999998E-003
  Internal Params
  ---------------------------------
  
 mdl_ymm =    1.0000000000000000E-099
 mdl_yme =    1.0000000000000000E-099
 mdl_ymc =    1.0000000000000000E-099
 mdl_yms =    1.0000000000000000E-099
 mdl_ymup =    1.0000000000000000E-099
 mdl_conjg__CKM3x3 =    1.0000000000000000     
 mdl_cH =    0.0000000000000000     
 mdl_cHB =    0.0000000000000000     
 mdl_CKM2x2 =    1.0000000000000000     
 mdl_CKM1x1 =    1.0000000000000000     
 mdl_conjg__CKM1x1 =    1.0000000000000000     
 mdl_dGf =    0.0000000000000000     
 mdl_CKM3x3 =    1.0000000000000000     
 mdl_dMH2 =    0.0000000000000000     
 mdl_conjg__CKM2x2 =    1.0000000000000000     
 mdl_dg1 =    0.0000000000000000     
 mdl_cHW =    0.0000000000000000     
 mdl_dgw =    0.0000000000000000     
 mdl_complexi =  (  0.0000000000000000     ,  1.0000000000000000     )
 mdl_MW =    80.387000000000000     
 mdl_nb__2__exp__0_25 =    1.1892071150027210     
 mdl_MH__exp__2 =    15647.508100000001     
 mdl_sqrt__2 =    1.4142135623730951     
 mdl_MW__exp__2 =    6462.0697689999997     
 mdl_MZ__exp__2 =    8315.1783937600012     
 mdl_sth2 =   0.22285855299877133     
 mdl_MH__exp__6 =    3831206449390.3818     
 mdl_MT__exp__6 =    26995248278778.535     
 mdl_MH__exp__4 =    244844509.73956564     
 mdl_MT__exp__4 =    899894403.09759963     
 mdl_MT__exp__2 =    29998.239999999994     
 mdl_LambdaSMEFT__exp__2 =    1000000.0000000000     
 mdl_cth =   0.88155626422890820     
 mdl_sqrt__sth2 =   0.47207896902824564     
 mdl_sth =   0.47207896902824564     
 mdl_MW0__exp__6 =    269845343347.69711     
 mdl_MW0__exp__4 =    41758345.699423708     
 mdl_MW0__exp__2 =    6462.0697689999997     
 mdl_MZ__exp__4 =    69142191.720053151     
 mdl_MZ__exp__6 =    574929658687.79749     
 mdl_cth__exp__2 =   0.77714144700122867     
 mdl_sth__exp__2 =   0.22285855299877130     
 mdl_sth__exp__3 =   0.10520683593878660     
 mdl_cth__exp__3 =   0.68509391079585125     
 mdl_sth__exp__4 =    4.9665934644706158E-002
 mdl_sqrt__Gf =    3.4152291284773265E-003
 mdl_vevhat =    246.21961912951551     
 mdl_lam =   0.12905352724481209     
 mdl_aEW =    7.5614618607353409E-003
 mdl_yb =    2.4008698866559607E-002
 mdl_yc =    5.7437078628133041E-102
 mdl_ydo =    5.7437078628133041E-102
 mdl_ye =    5.7437078628133041E-102
 mdl_ym =    5.7437078628133041E-102
 mdl_ys =    5.7437078628133041E-102
 mdl_yt =   0.99481020183926416     
 mdl_ytau =    1.0206568872219240E-002
 mdl_yup =    5.7437078628133041E-102
 mdl_vevhat__exp__2 =    60624.100844283676     
 mdl_barlam =   0.12905352724481209     
 mdl_vevT =    246.21961912951551     
 mdl_sqrt__aEW =    8.6956666568672819E-002
 mdl_ee =   0.30825335704310214     
 mdl_gwsh =   0.65296989967087182     
 mdl_vev =    246.21961912951551     
 mdl_g1 =   0.34966952144878632     
 mdl_gw =   0.65296989967087182     
 mdl_ee__exp__2 =    9.5020132128342205E-002
 mdl_gHaa =   -1.9303830602986922E-003
 mdl_gHza =   -6.8546472954154700E-003
 mdl_g1sh =   0.34966952144878632     
 mdl_I1d11 =  (  5.7437078628133041E-102,  0.0000000000000000     )
 mdl_I1d22 =  (  5.7437078628133041E-102,  0.0000000000000000     )
 mdl_I1d33 =  (  2.4008698866559607E-002,  0.0000000000000000     )
 mdl_I2d11 =  (  5.7437078628133041E-102,  0.0000000000000000     )
 mdl_I2d22 =  (  5.7437078628133041E-102,  0.0000000000000000     )
 mdl_I2d33 =  ( 0.99481020183926416     ,  0.0000000000000000     )
 mdl_I3d11 =  (  5.7437078628133041E-102,  0.0000000000000000     )
 mdl_I3d22 =  (  5.7437078628133041E-102,  0.0000000000000000     )
 mdl_I3d33 =  (  2.4008698866559607E-002,  0.0000000000000000     )
 mdl_I4d11 =  (  5.7437078628133041E-102,  0.0000000000000000     )
 mdl_I4d22 =  (  5.7437078628133041E-102,  0.0000000000000000     )
 mdl_I4d33 =  ( 0.99481020183926416     ,  0.0000000000000000     )
 mdl_I5d11 =  (  5.7437078628133041E-102,  0.0000000000000000     )
 mdl_I5d22 =  (  5.7437078628133041E-102,  0.0000000000000000     )
 mdl_I5d33 =  (  2.4008698866559607E-002,  0.0000000000000000     )
 mdl_I6d11 =  (  5.7437078628133041E-102,  0.0000000000000000     )
 mdl_I6d22 =  (  5.7437078628133041E-102,  0.0000000000000000     )
 mdl_I6d33 =  ( 0.99481020183926416     ,  0.0000000000000000     )
 mdl_ee__exp__3 =    2.9290274715240611E-002
 mdl_vevhat__exp__3 =    14926843.019948866     
  Internal Params evaluated point by point
  ----------------------------------------
  
 mdl_sqrt__aS =   0.34365680554879169     
 mdl_G__exp__2 =    1.4840883695558185     
 mdl_gHgg =    3.2334372328970845E-003
 mdl_G__exp__3 =  (  1.8079634332366095     ,  0.0000000000000000     )
  Couplings of SMEFTsim_A_U35_MwScheme_UFO_v3_1-SMlimit_massless
  ---------------------------------
  
         GC_1 =   0.00000E+00   0.10275E+00
         GC_2 =  -0.00000E+00  -0.20550E+00
         GC_3 =  -0.00000E+00  -0.30825E+00
       GC_255 =  -0.00000E+00  -0.42637E+00
       GC_278 =  -0.00000E+00  -0.37035E+00
       GC_280 =  -0.00000E+00  -0.57563E+00
       GC_328 =  -0.00000E+00  -0.55024E-01
       GC_329 =   0.00000E+00   0.11005E+00
       GC_330 =  -0.00000E+00  -0.16507E+00
       GC_400 =   0.00000E+00   0.52490E+02
       GC_809 =  -0.00000E+00  -0.72171E-02
      GC_1073 =  -0.00000E+00  -0.46172E+00

 Collider parameters:
 --------------------

 Running at P P   machine @    13000.000000000000       GeV
 PDF set = lhapdf 
 alpha_s(Mz)= 0.1127 running at 3 loops.
 alpha_s(Mz)= 0.1127 running at 3 loops.
 Renormalization scale set on event-by-event basis
 Factorization   scale set on event-by-event basis


 getting user params
Enter number of events and max and min iterations: 
 Number of events and iterations         2000           8           3
Enter desired fractional accuracy: 
 Desired fractional accuracy:    1.0000000000000000E-002
Enter 0 for fixed, 2 for adjustable grid: 
Suppress amplitude (0 no, 1 yes)? 
 Using suppressed amplitude.
Exact helicity sum (0 yes, n = number/event)? 
 Explicitly summing over helicities
Enter Configuration Number: 
Running Configuration Number:  219
 Not subdividing B.W.
 Attempting mappinvarients           1           8
 Completed mapping           8
 about to integrate           16        2000           8           3          16           1
 Using non-zero grid deformation.
 16 dimensions   2000 events 16 invarients  8 iterations  1 config(s),  (0.99)
 Using h-tuple random number sequence.
 Error opening grid
 Using Uniform Grid!          32
 Using uniform alpha   1.0000000000000000     
 Grid defined OK
 Set CM energy to      13000.00
 Mapping Graph         219  to config         219
 Setting BW          -1           1   80.387000000000000     
 Warning: No cutoff for shat integral found
          Minimum set to    5.9171597633136107E-009
Setting grid   2    0.59172E-08   1
 Warning: No cutoff for shat integral found
          Minimum set to    5.9171597633136107E-009
Setting grid   3    0.59172E-08   1
 Warning: No cutoff for shat integral found
          Minimum set to    5.9171597633136107E-009
Setting grid   4    0.59172E-08   1
Setting grid   5    0.59172E-06   1
 Transforming s_hat 1/s           15   5.9171597633136108E-005   10000.000000000000        168999999.99999997     
 219   1   2   3   4   5   6   7   8   9  10  11  12  13  14
  15  16
 Masses: 0.000E+00 0.000E+00 0.000E+00 0.000E+00 0.000E+00 0.000E+00 0.000E+00 0.000E+00
Using random seed offsets   219 :      3
  with seed                   24
 Ranmar initialization seeds       31277        9400
 
 ********************************************
 * You are using the DiscreteSampler module *
 *      part of the MG5_aMC framework       *
 *         Author: Valentin Hirschi         *
 ********************************************
 
  Particle       3       4       5       6       7       8
      Et >     0.0     0.0     0.0     0.0    10.0    10.0
       E >     0.0     0.0     0.0     0.0     0.0     0.0
     Eta <    -1.0    -1.0    -1.0    -1.0     6.5     6.5
   xqcut:      0.0     0.0     0.0     0.0     0.0     0.0
d R # 3  >    -0.0     0.4     0.0     0.0     0.4     0.4
d R # 4  >    -0.0    -0.0     0.0     0.0     0.4     0.4
d R # 5  >    -0.0    -0.0    -0.0     0.0     0.0     0.0
d R # 6  >    -0.0    -0.0    -0.0    -0.0     0.0     0.0
d R # 7  >    -0.0    -0.0    -0.0    -0.0    -0.0     0.4
s min # 3>     0.0     0.0     0.0     0.0     0.0     0.0
s min # 4>     0.0     0.0     0.0     0.0     0.0     0.0
s min # 5>     0.0     0.0     0.0     0.0     0.0     0.0
s min # 6>     0.0     0.0     0.0     0.0     0.0     0.0
s min # 7>     0.0     0.0     0.0     0.0     0.0 10000.0
xqcutij # 3>     0.0     0.0     0.0     0.0     0.0     0.0
xqcutij # 4>     0.0     0.0     0.0     0.0     0.0     0.0
xqcutij # 5>     0.0     0.0     0.0     0.0     0.0     0.0
xqcutij # 6>     0.0     0.0     0.0     0.0     0.0     0.0
xqcutij # 7>     0.0     0.0     0.0     0.0     0.0     0.0
 No cut BW           -1           1
 No cut BW           -3           2
 No cut BW           -5           3
 alpha_s for scale    92.012265565674781       is   0.11249978498701926     
 Added good helicity          193   256.00000000000000       in event            1 local:           1
 Added good helicity          193   256.00000000000000       in event            1 local:           1
 RESET CUMULATIVE VARIABLE
 RESET CUMULATIVE VARIABLE
 RESET CUMULATIVE VARIABLE
 Iteration  1   Mean: 0.8123E-07 Abs mean: 0.8123E-07   Fluctuation:  0.189E-07   0.327E-04     3.4%
  1    0.8123E-07 0.8123E-07 +- 0.1886E-07     10.38
 Writing out events   1.5037325697518358E-010   10.380386870566566     
 Relative summed weights:
  0.1739E-01  0.0000E+00  0.0000E+00  0.0000E+00  0.2934E-03  0.0000E+00  0.7775E-01  0.0000E+00  0.0000E+00  0.0000E+00  0.0000E+00  0.0000E+00  0.0000E+00  0.0000E+00  0.0000E+00  0.0000E+00  0.7831E-04  0.0000E+00  0.0000E+00  0.0000E+00  0.0000E+00  0.0000E+00  0.0000E+00  0.0000E+00  0.0000E+00  0.0000E+00  0.0000E+00  0.0000E+00  0.0000E+00  0.0000E+00  0.0000E+00  0.0000E+00
  0.6643E-02  0.0000E+00  0.0000E+00  0.0000E+00  0.1164E-04  0.0000E+00  0.0000E+00  0.0000E+00  0.0000E+00  0.0000E+00  0.0000E+00  0.0000E+00  0.0000E+00  0.0000E+00  0.0000E+00  0.0000E+00  0.0000E+00  0.0000E+00  0.0000E+00  0.0000E+00  0.0000E+00  0.0000E+00  0.0000E+00  0.0000E+00  0.0000E+00  0.0000E+00  0.0000E+00  0.0000E+00  0.0000E+00  0.0000E+00  0.0000E+00  0.0000E+00
  0.1461E-01  0.0000E+00  0.0000E+00  0.0000E+00  0.1098E-03  0.0000E+00  0.0000E+00  0.0000E+00  0.0000E+00  0.0000E+00  0.0000E+00  0.0000E+00  0.0000E+00  0.0000E+00  0.0000E+00  0.0000E+00  0.0000E+00  0.0000E+00  0.0000E+00  0.0000E+00  0.0000E+00  0.0000E+00  0.0000E+00  0.0000E+00  0.0000E+00  0.0000E+00  0.0000E+00  0.0000E+00  0.0000E+00  0.0000E+00  0.0000E+00  0.0000E+00
  0.3753E-01  0.0000E+00  0.0000E+00  0.0000E+00  0.4334E-04  0.0000E+00  0.4728E-01  0.0000E+00  0.0000E+00  0.0000E+00  0.0000E+00  0.0000E+00  0.0000E+00  0.0000E+00  0.0000E+00  0.0000E+00  0.2454E-05  0.0000E+00  0.0000E+00  0.0000E+00  0.0000E+00  0.0000E+00  0.0000E+00  0.0000E+00  0.0000E+00  0.0000E+00  0.0000E+00  0.0000E+00  0.0000E+00  0.0000E+00  0.0000E+00  0.0000E+00
  0.4871E-02  0.0000E+00  0.7134E-03  0.3192E-03  0.1532E-04  0.0000E+00  0.4585E-01  0.0000E+00  0.1551E-02  0.6486E-03  0.0000E+00  0.0000E+00  0.1429E-01  0.4491E-01  0.3690E-02  0.1210E-02  0.7619E-04  0.0000E+00  0.4581E-05  0.1420E-04  0.4962E-02  0.1033E-02  0.0000E+00  0.0000E+00  0.1614E-01  0.2443E-01  0.8695E-05  0.2816E-02  0.0000E+00  0.0000E+00  0.4572E-04  0.1839E-02
  0.2690E-01  0.0000E+00  0.1505E-01  0.3671E-01  0.2082E-02  0.0000E+00  0.0000E+00  0.0000E+00  0.5730E-03  0.1417E-01  0.0000E+00  0.0000E+00  0.0000E+00  0.0000E+00  0.4940E-02  0.2636E-02  0.0000E+00  0.0000E+00  0.5841E-04  0.2180E-02  0.0000E+00  0.0000E+00  0.0000E+00  0.0000E+00  0.0000E+00  0.0000E+00  0.0000E+00  0.0000E+00  0.0000E+00  0.0000E+00  0.0000E+00  0.0000E+00
  0.1013E-01  0.0000E+00  0.2135E-01  0.2094E+00  0.4008E-02  0.0000E+00  0.0000E+00  0.0000E+00  0.2934E-01  0.3784E-02  0.0000E+00  0.0000E+00  0.0000E+00  0.0000E+00  0.3695E-03  0.1605E-02  0.0000E+00  0.0000E+00  0.9987E-05  0.5564E-04  0.0000E+00  0.0000E+00  0.0000E+00  0.0000E+00  0.0000E+00  0.0000E+00  0.0000E+00  0.0000E+00  0.0000E+00  0.0000E+00  0.0000E+00  0.0000E+00
  0.1662E-01  0.0000E+00  0.5804E-02  0.6360E-02  0.5001E-04  0.0000E+00  0.7052E-01  0.0000E+00  0.8935E-03  0.4109E-02  0.0000E+00  0.0000E+00  0.2908E-01  0.1455E-01  0.7579E-02  0.6388E-03  0.7205E-03  0.0000E+00  0.4644E-03  0.6349E-04  0.4627E-01  0.1642E-01  0.0000E+00  0.0000E+00  0.1664E-01  0.6334E-02  0.1904E-03  0.5940E-04  0.0000E+00  0.0000E+00  0.1423E-03  0.3464E-05
 Relative number of events:
  0.3036E-01  0.0000E+00  0.0000E+00  0.0000E+00  0.3484E-02  0.0000E+00  0.6222E-01  0.0000E+00  0.0000E+00  0.0000E+00  0.0000E+00  0.0000E+00  0.0000E+00  0.0000E+00  0.0000E+00  0.0000E+00  0.4480E-02  0.0000E+00  0.0000E+00  0.0000E+00  0.0000E+00  0.0000E+00  0.0000E+00  0.0000E+00  0.0000E+00  0.0000E+00  0.0000E+00  0.0000E+00  0.0000E+00  0.0000E+00  0.0000E+00  0.0000E+00
  0.3285E-01  0.0000E+00  0.0000E+00  0.0000E+00  0.2987E-02  0.0000E+00  0.0000E+00  0.0000E+00  0.0000E+00  0.0000E+00  0.0000E+00  0.0000E+00  0.0000E+00  0.0000E+00  0.0000E+00  0.0000E+00  0.0000E+00  0.0000E+00  0.0000E+00  0.0000E+00  0.0000E+00  0.0000E+00  0.0000E+00  0.0000E+00  0.0000E+00  0.0000E+00  0.0000E+00  0.0000E+00  0.0000E+00  0.0000E+00  0.0000E+00  0.0000E+00
  0.3683E-01  0.0000E+00  0.0000E+00  0.0000E+00  0.2489E-02  0.0000E+00  0.0000E+00  0.0000E+00  0.0000E+00  0.0000E+00  0.0000E+00  0.0000E+00  0.0000E+00  0.0000E+00  0.0000E+00  0.0000E+00  0.0000E+00  0.0000E+00  0.0000E+00  0.0000E+00  0.0000E+00  0.0000E+00  0.0000E+00  0.0000E+00  0.0000E+00  0.0000E+00  0.0000E+00  0.0000E+00  0.0000E+00  0.0000E+00  0.0000E+00  0.0000E+00
  0.2937E-01  0.0000E+00  0.0000E+00  0.0000E+00  0.1991E-02  0.0000E+00  0.7317E-01  0.0000E+00  0.0000E+00  0.0000E+00  0.0000E+00  0.0000E+00  0.0000E+00  0.0000E+00  0.0000E+00  0.0000E+00  0.2489E-02  0.0000E+00  0.0000E+00  0.0000E+00  0.0000E+00  0.0000E+00  0.0000E+00  0.0000E+00  0.0000E+00  0.0000E+00  0.0000E+00  0.0000E+00  0.0000E+00  0.0000E+00  0.0000E+00  0.0000E+00
  0.3285E-01  0.0000E+00  0.9955E-02  0.5973E-02  0.2987E-02  0.0000E+00  0.6969E-01  0.0000E+00  0.7964E-02  0.7964E-02  0.0000E+00  0.0000E+00  0.1444E-01  0.1991E-01  0.7964E-02  0.6471E-02  0.5475E-02  0.0000E+00  0.9955E-03  0.1991E-02  0.1593E-01  0.1991E-01  0.0000E+00  0.0000E+00  0.1195E-01  0.1244E-01  0.9955E-03  0.1991E-02  0.0000E+00  0.0000E+00  0.1991E-02  0.4480E-02
  0.3285E-01  0.0000E+00  0.1145E-01  0.7964E-02  0.2489E-02  0.0000E+00  0.0000E+00  0.0000E+00  0.6969E-02  0.1344E-01  0.0000E+00  0.0000E+00  0.0000E+00  0.0000E+00  0.4978E-02  0.6471E-02  0.0000E+00  0.0000E+00  0.1991E-02  0.1991E-02  0.0000E+00  0.0000E+00  0.0000E+00  0.0000E+00  0.0000E+00  0.0000E+00  0.0000E+00  0.0000E+00  0.0000E+00  0.0000E+00  0.0000E+00  0.0000E+00
  0.2539E-01  0.0000E+00  0.9955E-02  0.8960E-02  0.1991E-02  0.0000E+00  0.0000E+00  0.0000E+00  0.1145E-01  0.4978E-02  0.0000E+00  0.0000E+00  0.0000E+00  0.0000E+00  0.2489E-02  0.6969E-02  0.0000E+00  0.0000E+00  0.4978E-03  0.1991E-02  0.0000E+00  0.0000E+00  0.0000E+00  0.0000E+00  0.0000E+00  0.0000E+00  0.0000E+00  0.0000E+00  0.0000E+00  0.0000E+00  0.0000E+00  0.0000E+00
  0.3385E-01  0.0000E+00  0.9457E-02  0.9457E-02  0.3484E-02  0.0000E+00  0.7964E-01  0.0000E+00  0.1095E-01  0.9955E-02  0.0000E+00  0.0000E+00  0.1742E-01  0.1941E-01  0.6471E-02  0.6969E-02  0.4978E-02  0.0000E+00  0.1991E-02  0.1991E-02  0.1394E-01  0.2041E-01  0.0000E+00  0.0000E+00  0.1493E-01  0.1095E-01  0.4978E-02  0.9955E-03  0.0000E+00  0.0000E+00  0.3484E-02  0.1991E-02
 Events:
          61           0           0           0           7           0         125           0           0           0           0           0           0           0           0           0           9           0           0           0           0           0           0           0           0           0           0           0           0           0           0           0
          66           0           0           0           6           0           0           0           0           0           0           0           0           0           0           0           0           0           0           0           0           0           0           0           0           0           0           0           0           0           0           0
          74           0           0           0           5           0           0           0           0           0           0           0           0           0           0           0           0           0           0           0           0           0           0           0           0           0           0           0           0           0           0           0
          59           0           0           0           4           0         147           0           0           0           0           0           0           0           0           0           5           0           0           0           0           0           0           0           0           0           0           0           0           0           0           0
          66           0          20          12           6           0         140           0          16          16           0           0          29          40          16          13          11           0           2           4          32          40           0           0          24          25           2           4           0           0           4           9
          66           0          23          16           5           0           0           0          14          27           0           0           0           0          10          13           0           0           4           4           0           0           0           0           0           0           0           0           0           0           0           0
          51           0          20          18           4           0           0           0          23          10           0           0           0           0           5          14           0           0           1           4           0           0           0           0           0           0           0           0           0           0           0           0
          68           0          19          19           7           0         160           0          22          20           0           0          35          39          13          14          10           0           4           4          28          41           0           0          30          22          10           2           0           0           7           4
 Iteration  2   Mean: 0.1812E-06 Abs mean: 0.1812E-06   Fluctuation:  0.571E-07   0.200E-03    34.3%
  2    0.1812E-06 0.1812E-06 +- 0.5711E-07     19.93
 Relative summed weights:
  0.3020E-01  0.0000E+00  0.0000E+00  0.0000E+00  0.1444E-04  0.0000E+00  0.2393E-01  0.0000E+00  0.0000E+00  0.0000E+00  0.0000E+00  0.0000E+00  0.0000E+00  0.0000E+00  0.0000E+00  0.0000E+00  0.5556E-05  0.0000E+00  0.0000E+00  0.0000E+00  0.0000E+00  0.0000E+00  0.0000E+00  0.0000E+00  0.0000E+00  0.0000E+00  0.0000E+00  0.0000E+00  0.0000E+00  0.0000E+00  0.0000E+00  0.0000E+00
  0.4121E-02  0.0000E+00  0.0000E+00  0.0000E+00  0.4027E-04  0.0000E+00  0.0000E+00  0.0000E+00  0.0000E+00  0.0000E+00  0.0000E+00  0.0000E+00  0.0000E+00  0.0000E+00  0.0000E+00  0.0000E+00  0.0000E+00  0.0000E+00  0.0000E+00  0.0000E+00  0.0000E+00  0.0000E+00  0.0000E+00  0.0000E+00  0.0000E+00  0.0000E+00  0.0000E+00  0.0000E+00  0.0000E+00  0.0000E+00  0.0000E+00  0.0000E+00
  0.3325E-02  0.0000E+00  0.0000E+00  0.0000E+00  0.6562E-04  0.0000E+00  0.0000E+00  0.0000E+00  0.0000E+00  0.0000E+00  0.0000E+00  0.0000E+00  0.0000E+00  0.0000E+00  0.0000E+00  0.0000E+00  0.0000E+00  0.0000E+00  0.0000E+00  0.0000E+00  0.0000E+00  0.0000E+00  0.0000E+00  0.0000E+00  0.0000E+00  0.0000E+00  0.0000E+00  0.0000E+00  0.0000E+00  0.0000E+00  0.0000E+00  0.0000E+00
  0.1726E-01  0.0000E+00  0.0000E+00  0.0000E+00  0.5762E-03  0.0000E+00  0.9073E-02  0.0000E+00  0.0000E+00  0.0000E+00  0.0000E+00  0.0000E+00  0.0000E+00  0.0000E+00  0.0000E+00  0.0000E+00  0.1499E-03  0.0000E+00  0.0000E+00  0.0000E+00  0.0000E+00  0.0000E+00  0.0000E+00  0.0000E+00  0.0000E+00  0.0000E+00  0.0000E+00  0.0000E+00  0.0000E+00  0.0000E+00  0.0000E+00  0.0000E+00
  0.2581E-01  0.0000E+00  0.3436E-01  0.5007E-02  0.7413E-02  0.0000E+00  0.3028E-01  0.0000E+00  0.3744E-02  0.4779E-03  0.0000E+00  0.0000E+00  0.3849E-02  0.2333E-01  0.1322E-02  0.1090E-02  0.3641E-03  0.0000E+00  0.5645E-03  0.3570E-03  0.6513E-03  0.2522E-01  0.0000E+00  0.0000E+00  0.2872E-02  0.2824E+00  0.6252E-05  0.5225E-03  0.0000E+00  0.0000E+00  0.3572E-05  0.1859E-03
  0.2872E-01  0.0000E+00  0.9945E-02  0.6309E-02  0.2079E-03  0.0000E+00  0.0000E+00  0.0000E+00  0.9970E-02  0.3454E-03  0.0000E+00  0.0000E+00  0.0000E+00  0.0000E+00  0.1225E-02  0.4596E-01  0.0000E+00  0.0000E+00  0.3731E-05  0.4132E-01  0.0000E+00  0.0000E+00  0.0000E+00  0.0000E+00  0.0000E+00  0.0000E+00  0.0000E+00  0.0000E+00  0.0000E+00  0.0000E+00  0.0000E+00  0.0000E+00
  0.4661E-02  0.0000E+00  0.4786E-02  0.2915E-02  0.1225E-06  0.0000E+00  0.0000E+00  0.0000E+00  0.2490E-02  0.4553E-03  0.0000E+00  0.0000E+00  0.0000E+00  0.0000E+00  0.1419E-02  0.1285E-02  0.0000E+00  0.0000E+00  0.7379E-05  0.7490E-04  0.0000E+00  0.0000E+00  0.0000E+00  0.0000E+00  0.0000E+00  0.0000E+00  0.0000E+00  0.0000E+00  0.0000E+00  0.0000E+00  0.0000E+00  0.0000E+00
  0.1158E-01  0.0000E+00  0.3519E-02  0.5988E-02  0.9118E-05  0.0000E+00  0.2570E-01  0.0000E+00  0.4617E-04  0.6733E-03  0.0000E+00  0.0000E+00  0.1260E+00  0.4433E-01  0.2963E-03  0.2685E-01  0.2946E-04  0.0000E+00  0.6193E-04  0.1129E-04  0.1500E-02  0.8243E-02  0.0000E+00  0.0000E+00  0.2045E-01  0.2365E-01  0.1014E-03  0.7392E-04  0.0000E+00  0.0000E+00  0.1939E-03  0.6297E-05
 Relative number of events:
  0.4275E-01  0.0000E+00  0.0000E+00  0.0000E+00  0.2250E-02  0.0000E+00  0.7950E-01  0.0000E+00  0.0000E+00  0.0000E+00  0.0000E+00  0.0000E+00  0.0000E+00  0.0000E+00  0.0000E+00  0.0000E+00  0.2500E-02  0.0000E+00  0.0000E+00  0.0000E+00  0.0000E+00  0.0000E+00  0.0000E+00  0.0000E+00  0.0000E+00  0.0000E+00  0.0000E+00  0.0000E+00  0.0000E+00  0.0000E+00  0.0000E+00  0.0000E+00
  0.3600E-01  0.0000E+00  0.0000E+00  0.0000E+00  0.1500E-02  0.0000E+00  0.0000E+00  0.0000E+00  0.0000E+00  0.0000E+00  0.0000E+00  0.0000E+00  0.0000E+00  0.0000E+00  0.0000E+00  0.0000E+00  0.0000E+00  0.0000E+00  0.0000E+00  0.0000E+00  0.0000E+00  0.0000E+00  0.0000E+00  0.0000E+00  0.0000E+00  0.0000E+00  0.0000E+00  0.0000E+00  0.0000E+00  0.0000E+00  0.0000E+00  0.0000E+00
  0.3225E-01  0.0000E+00  0.0000E+00  0.0000E+00  0.1000E-02  0.0000E+00  0.0000E+00  0.0000E+00  0.0000E+00  0.0000E+00  0.0000E+00  0.0000E+00  0.0000E+00  0.0000E+00  0.0000E+00  0.0000E+00  0.0000E+00  0.0000E+00  0.0000E+00  0.0000E+00  0.0000E+00  0.0000E+00  0.0000E+00  0.0000E+00  0.0000E+00  0.0000E+00  0.0000E+00  0.0000E+00  0.0000E+00  0.0000E+00  0.0000E+00  0.0000E+00
  0.3400E-01  0.0000E+00  0.0000E+00  0.0000E+00  0.1000E-02  0.0000E+00  0.7175E-01  0.0000E+00  0.0000E+00  0.0000E+00  0.0000E+00  0.0000E+00  0.0000E+00  0.0000E+00  0.0000E+00  0.0000E+00  0.3750E-02  0.0000E+00  0.0000E+00  0.0000E+00  0.0000E+00  0.0000E+00  0.0000E+00  0.0000E+00  0.0000E+00  0.0000E+00  0.0000E+00  0.0000E+00  0.0000E+00  0.0000E+00  0.0000E+00  0.0000E+00
  0.3875E-01  0.0000E+00  0.9250E-02  0.9500E-02  0.2250E-02  0.0000E+00  0.7200E-01  0.0000E+00  0.8000E-02  0.6750E-02  0.0000E+00  0.0000E+00  0.1575E-01  0.2450E-01  0.7250E-02  0.5500E-02  0.3000E-02  0.0000E+00  0.1000E-02  0.1500E-02  0.1700E-01  0.2250E-01  0.0000E+00  0.0000E+00  0.6500E-02  0.8000E-02  0.1000E-02  0.1500E-02  0.0000E+00  0.0000E+00  0.2000E-02  0.3000E-02
  0.3650E-01  0.0000E+00  0.7750E-02  0.8250E-02  0.2750E-02  0.0000E+00  0.0000E+00  0.0000E+00  0.9500E-02  0.9000E-02  0.0000E+00  0.0000E+00  0.0000E+00  0.0000E+00  0.5750E-02  0.5750E-02  0.0000E+00  0.0000E+00  0.1500E-02  0.7500E-03  0.0000E+00  0.0000E+00  0.0000E+00  0.0000E+00  0.0000E+00  0.0000E+00  0.0000E+00  0.0000E+00  0.0000E+00  0.0000E+00  0.0000E+00  0.0000E+00
  0.2775E-01  0.0000E+00  0.1075E-01  0.7750E-02  0.7500E-03  0.0000E+00  0.0000E+00  0.0000E+00  0.8750E-02  0.9250E-02  0.0000E+00  0.0000E+00  0.0000E+00  0.0000E+00  0.6000E-02  0.7500E-02  0.0000E+00  0.0000E+00  0.1250E-02  0.7500E-03  0.0000E+00  0.0000E+00  0.0000E+00  0.0000E+00  0.0000E+00  0.0000E+00  0.0000E+00  0.0000E+00  0.0000E+00  0.0000E+00  0.0000E+00  0.0000E+00
  0.3100E-01  0.0000E+00  0.8250E-02  0.1100E-01  0.1750E-02  0.0000E+00  0.7125E-01  0.0000E+00  0.6000E-02  0.8250E-02  0.0000E+00  0.0000E+00  0.1800E-01  0.1850E-01  0.6500E-02  0.8750E-02  0.2250E-02  0.0000E+00  0.2000E-02  0.1250E-02  0.1675E-01  0.1875E-01  0.0000E+00  0.0000E+00  0.1050E-01  0.7250E-02  0.1750E-02  0.2000E-02  0.0000E+00  0.0000E+00  0.2500E-02  0.3000E-02
 Events:
         171           0           0           0           9           0         318           0           0           0           0           0           0           0           0           0          10           0           0           0           0           0           0           0           0           0           0           0           0           0           0           0
         144           0           0           0           6           0           0           0           0           0           0           0           0           0           0           0           0           0           0           0           0           0           0           0           0           0           0           0           0           0           0           0
         129           0           0           0           4           0           0           0           0           0           0           0           0           0           0           0           0           0           0           0           0           0           0           0           0           0           0           0           0           0           0           0
         136           0           0           0           4           0         287           0           0           0           0           0           0           0           0           0          15           0           0           0           0           0           0           0           0           0           0           0           0           0           0           0
         155           0          37          38           9           0         288           0          32          27           0           0          63          98          29          22          12           0           4           6          68          90           0           0          26          32           4           6           0           0           8          12
         146           0          31          33          11           0           0           0          38          36           0           0           0           0          23          23           0           0           6           3           0           0           0           0           0           0           0           0           0           0           0           0
         111           0          43          31           3           0           0           0          35          37           0           0           0           0          24          30           0           0           5           3           0           0           0           0           0           0           0           0           0           0           0           0
         124           0          33          44           7           0         285           0          24          33           0           0          72          74          26          35           9           0           8           5          67          75           0           0          42          29           7           8           0           0          10          12
 Iteration  3   Mean: 0.2047E-06 Abs mean: 0.2047E-06   Fluctuation:  0.395E-07   0.205E-03    48.6%
  3    0.2047E-06 0.2047E-06 +- 0.3950E-07     17.26
 Relative summed weights:
  0.1521E-01  0.0000E+00  0.0000E+00  0.0000E+00  0.4125E-02  0.0000E+00  0.6802E-01  0.0000E+00  0.0000E+00  0.0000E+00  0.0000E+00  0.0000E+00  0.0000E+00  0.0000E+00  0.0000E+00  0.0000E+00  0.2640E-04  0.0000E+00  0.0000E+00  0.0000E+00  0.0000E+00  0.0000E+00  0.0000E+00  0.0000E+00  0.0000E+00  0.0000E+00  0.0000E+00  0.0000E+00  0.0000E+00  0.0000E+00  0.0000E+00  0.0000E+00
  0.1833E-01  0.0000E+00  0.0000E+00  0.0000E+00  0.7585E-03  0.0000E+00  0.0000E+00  0.0000E+00  0.0000E+00  0.0000E+00  0.0000E+00  0.0000E+00  0.0000E+00  0.0000E+00  0.0000E+00  0.0000E+00  0.0000E+00  0.0000E+00  0.0000E+00  0.0000E+00  0.0000E+00  0.0000E+00  0.0000E+00  0.0000E+00  0.0000E+00  0.0000E+00  0.0000E+00  0.0000E+00  0.0000E+00  0.0000E+00  0.0000E+00  0.0000E+00
  0.1239E-01  0.0000E+00  0.0000E+00  0.0000E+00  0.5646E-05  0.0000E+00  0.0000E+00  0.0000E+00  0.0000E+00  0.0000E+00  0.0000E+00  0.0000E+00  0.0000E+00  0.0000E+00  0.0000E+00  0.0000E+00  0.0000E+00  0.0000E+00  0.0000E+00  0.0000E+00  0.0000E+00  0.0000E+00  0.0000E+00  0.0000E+00  0.0000E+00  0.0000E+00  0.0000E+00  0.0000E+00  0.0000E+00  0.0000E+00  0.0000E+00  0.0000E+00
  0.1709E-01  0.0000E+00  0.0000E+00  0.0000E+00  0.7781E-03  0.0000E+00  0.5936E-01  0.0000E+00  0.0000E+00  0.0000E+00  0.0000E+00  0.0000E+00  0.0000E+00  0.0000E+00  0.0000E+00  0.0000E+00  0.1119E-03  0.0000E+00  0.0000E+00  0.0000E+00  0.0000E+00  0.0000E+00  0.0000E+00  0.0000E+00  0.0000E+00  0.0000E+00  0.0000E+00  0.0000E+00  0.0000E+00  0.0000E+00  0.0000E+00  0.0000E+00
  0.3375E-01  0.0000E+00  0.2919E-02  0.2267E-02  0.8190E-04  0.0000E+00  0.3126E-01  0.0000E+00  0.8488E-03  0.2123E-02  0.0000E+00  0.0000E+00  0.3323E-01  0.6810E-02  0.6280E-03  0.1572E-02  0.3854E-02  0.0000E+00  0.1924E-04  0.5497E-04  0.1985E-02  0.5183E-02  0.0000E+00  0.0000E+00  0.4324E-01  0.3162E-02  0.4118E-02  0.4327E-03  0.0000E+00  0.0000E+00  0.2293E-03  0.2343E-02
  0.1834E-01  0.0000E+00  0.3568E-02  0.1670E-02  0.1268E-03  0.0000E+00  0.0000E+00  0.0000E+00  0.2816E-02  0.2843E-02  0.0000E+00  0.0000E+00  0.0000E+00  0.0000E+00  0.6233E-02  0.2468E-02  0.0000E+00  0.0000E+00  0.3890E-05  0.1106E-03  0.0000E+00  0.0000E+00  0.0000E+00  0.0000E+00  0.0000E+00  0.0000E+00  0.0000E+00  0.0000E+00  0.0000E+00  0.0000E+00  0.0000E+00  0.0000E+00
  0.6112E-01  0.0000E+00  0.1864E-01  0.5621E-02  0.1317E-03  0.0000E+00  0.0000E+00  0.0000E+00  0.1295E-03  0.1679E-02  0.0000E+00  0.0000E+00  0.0000E+00  0.0000E+00  0.1701E-02  0.8656E-02  0.0000E+00  0.0000E+00  0.8249E-03  0.5293E-04  0.0000E+00  0.0000E+00  0.0000E+00  0.0000E+00  0.0000E+00  0.0000E+00  0.0000E+00  0.0000E+00  0.0000E+00  0.0000E+00  0.0000E+00  0.0000E+00
  0.1620E-01  0.0000E+00  0.6308E-01  0.1630E-01  0.7031E-04  0.0000E+00  0.2083E-01  0.0000E+00  0.2009E-02  0.9292E-03  0.0000E+00  0.0000E+00  0.2517E-01  0.1334E+00  0.7483E-03  0.7090E-03  0.1514E-03  0.0000E+00  0.1182E-02  0.6935E-05  0.5390E-01  0.7040E-02  0.0000E+00  0.0000E+00  0.7859E-01  0.4969E-02  0.6483E-04  0.1019E-03  0.0000E+00  0.0000E+00  0.6140E-01  0.7082E-04
 Relative number of events:
  0.3413E-01  0.0000E+00  0.0000E+00  0.0000E+00  0.8750E-03  0.0000E+00  0.7963E-01  0.0000E+00  0.0000E+00  0.0000E+00  0.0000E+00  0.0000E+00  0.0000E+00  0.0000E+00  0.0000E+00  0.0000E+00  0.1500E-02  0.0000E+00  0.0000E+00  0.0000E+00  0.0000E+00  0.0000E+00  0.0000E+00  0.0000E+00  0.0000E+00  0.0000E+00  0.0000E+00  0.0000E+00  0.0000E+00  0.0000E+00  0.0000E+00  0.0000E+00
  0.3475E-01  0.0000E+00  0.0000E+00  0.0000E+00  0.2250E-02  0.0000E+00  0.0000E+00  0.0000E+00  0.0000E+00  0.0000E+00  0.0000E+00  0.0000E+00  0.0000E+00  0.0000E+00  0.0000E+00  0.0000E+00  0.0000E+00  0.0000E+00  0.0000E+00  0.0000E+00  0.0000E+00  0.0000E+00  0.0000E+00  0.0000E+00  0.0000E+00  0.0000E+00  0.0000E+00  0.0000E+00  0.0000E+00  0.0000E+00  0.0000E+00  0.0000E+00
  0.3438E-01  0.0000E+00  0.0000E+00  0.0000E+00  0.1000E-02  0.0000E+00  0.0000E+00  0.0000E+00  0.0000E+00  0.0000E+00  0.0000E+00  0.0000E+00  0.0000E+00  0.0000E+00  0.0000E+00  0.0000E+00  0.0000E+00  0.0000E+00  0.0000E+00  0.0000E+00  0.0000E+00  0.0000E+00  0.0000E+00  0.0000E+00  0.0000E+00  0.0000E+00  0.0000E+00  0.0000E+00  0.0000E+00  0.0000E+00  0.0000E+00  0.0000E+00
  0.3862E-01  0.0000E+00  0.0000E+00  0.0000E+00  0.1875E-02  0.0000E+00  0.7800E-01  0.0000E+00  0.0000E+00  0.0000E+00  0.0000E+00  0.0000E+00  0.0000E+00  0.0000E+00  0.0000E+00  0.0000E+00  0.2125E-02  0.0000E+00  0.0000E+00  0.0000E+00  0.0000E+00  0.0000E+00  0.0000E+00  0.0000E+00  0.0000E+00  0.0000E+00  0.0000E+00  0.0000E+00  0.0000E+00  0.0000E+00  0.0000E+00  0.0000E+00
  0.3650E-01  0.0000E+00  0.7000E-02  0.7625E-02  0.1000E-02  0.0000E+00  0.7812E-01  0.0000E+00  0.7500E-02  0.8000E-02  0.0000E+00  0.0000E+00  0.1787E-01  0.1937E-01  0.7500E-02  0.6250E-02  0.2875E-02  0.0000E+00  0.1250E-02  0.1625E-02  0.1762E-01  0.1875E-01  0.0000E+00  0.0000E+00  0.9000E-02  0.9000E-02  0.2000E-02  0.2625E-02  0.0000E+00  0.0000E+00  0.2125E-02  0.2500E-02
  0.3737E-01  0.0000E+00  0.8500E-02  0.7625E-02  0.1000E-02  0.0000E+00  0.0000E+00  0.0000E+00  0.7375E-02  0.8750E-02  0.0000E+00  0.0000E+00  0.0000E+00  0.0000E+00  0.4625E-02  0.5375E-02  0.0000E+00  0.0000E+00  0.1000E-02  0.1250E-02  0.0000E+00  0.0000E+00  0.0000E+00  0.0000E+00  0.0000E+00  0.0000E+00  0.0000E+00  0.0000E+00  0.0000E+00  0.0000E+00  0.0000E+00  0.0000E+00
  0.3825E-01  0.0000E+00  0.9250E-02  0.7625E-02  0.1625E-02  0.0000E+00  0.0000E+00  0.0000E+00  0.6250E-02  0.7000E-02  0.0000E+00  0.0000E+00  0.0000E+00  0.0000E+00  0.7500E-02  0.5750E-02  0.0000E+00  0.0000E+00  0.8750E-03  0.1375E-02  0.0000E+00  0.0000E+00  0.0000E+00  0.0000E+00  0.0000E+00  0.0000E+00  0.0000E+00  0.0000E+00  0.0000E+00  0.0000E+00  0.0000E+00  0.0000E+00
  0.3037E-01  0.0000E+00  0.9875E-02  0.7500E-02  0.8750E-03  0.0000E+00  0.7525E-01  0.0000E+00  0.7625E-02  0.8500E-02  0.0000E+00  0.0000E+00  0.1800E-01  0.1700E-01  0.6750E-02  0.5875E-02  0.2500E-02  0.0000E+00  0.2250E-02  0.1000E-02  0.1775E-01  0.1775E-01  0.0000E+00  0.0000E+00  0.9625E-02  0.1125E-01  0.1375E-02  0.1125E-02  0.0000E+00  0.0000E+00  0.2000E-02  0.2125E-02
 Events:
         273           0           0           0           7           0         637           0           0           0           0           0           0           0           0           0          12           0           0           0           0           0           0           0           0           0           0           0           0           0           0           0
         278           0           0           0          18           0           0           0           0           0           0           0           0           0           0           0           0           0           0           0           0           0           0           0           0           0           0           0           0           0           0           0
         275           0           0           0           8           0           0           0           0           0           0           0           0           0           0           0           0           0           0           0           0           0           0           0           0           0           0           0           0           0           0           0
         309           0           0           0          15           0         624           0           0           0           0           0           0           0           0           0          17           0           0           0           0           0           0           0           0           0           0           0           0           0           0           0
         292           0          56          61           8           0         625           0          60          64           0           0         143         155          60          50          23           0          10          13         141         150           0           0          72          72          16          21           0           0          17          20
         299           0          68          61           8           0           0           0          59          70           0           0           0           0          37          43           0           0           8          10           0           0           0           0           0           0           0           0           0           0           0           0
         306           0          74          61          13           0           0           0          50          56           0           0           0           0          60          46           0           0           7          11           0           0           0           0           0           0           0           0           0           0           0           0
         243           0          79          60           7           0         602           0          61          68           0           0         144         136          54          47          20           0          18           8         142         142           0           0          77          90          11           9           0           0          16          17
 Accuracy:    0.248   0.010   0.134   3.423
 Found          404  events.
 Wrote            8  events.
 Actual xsec    1.5915525598252365E-007
 Correct abs xsec    1.5915525598252365E-007
 Event xsec    1.5915525598252365E-007
 Events wgts > 1:            0
 % Cross section > 1:    0.0000000000000000        0.0000000000000000     
 Iteration  4   Mean: 0.1679E-06 Abs mean: 0.1679E-06   Fluctuation:  0.258E-07   0.326E-03    58.2%
  4    0.1679E-06 0.1679E-06 +- 0.2576E-07     19.40
 Relative summed weights:
  0.1872E-01  0.0000E+00  0.0000E+00  0.0000E+00  0.6716E-04  0.0000E+00  0.1559E+00  0.0000E+00  0.0000E+00  0.0000E+00  0.0000E+00  0.0000E+00  0.0000E+00  0.0000E+00  0.0000E+00  0.0000E+00  0.1656E-03  0.0000E+00  0.0000E+00  0.0000E+00  0.0000E+00  0.0000E+00  0.0000E+00  0.0000E+00  0.0000E+00  0.0000E+00  0.0000E+00  0.0000E+00  0.0000E+00  0.0000E+00  0.0000E+00  0.0000E+00
  0.5470E-01  0.0000E+00  0.0000E+00  0.0000E+00  0.2049E-03  0.0000E+00  0.0000E+00  0.0000E+00  0.0000E+00  0.0000E+00  0.0000E+00  0.0000E+00  0.0000E+00  0.0000E+00  0.0000E+00  0.0000E+00  0.0000E+00  0.0000E+00  0.0000E+00  0.0000E+00  0.0000E+00  0.0000E+00  0.0000E+00  0.0000E+00  0.0000E+00  0.0000E+00  0.0000E+00  0.0000E+00  0.0000E+00  0.0000E+00  0.0000E+00  0.0000E+00
  0.4010E-01  0.0000E+00  0.0000E+00  0.0000E+00  0.1512E-03  0.0000E+00  0.0000E+00  0.0000E+00  0.0000E+00  0.0000E+00  0.0000E+00  0.0000E+00  0.0000E+00  0.0000E+00  0.0000E+00  0.0000E+00  0.0000E+00  0.0000E+00  0.0000E+00  0.0000E+00  0.0000E+00  0.0000E+00  0.0000E+00  0.0000E+00  0.0000E+00  0.0000E+00  0.0000E+00  0.0000E+00  0.0000E+00  0.0000E+00  0.0000E+00  0.0000E+00
  0.1482E-01  0.0000E+00  0.0000E+00  0.0000E+00  0.1668E-03  0.0000E+00  0.4065E-01  0.0000E+00  0.0000E+00  0.0000E+00  0.0000E+00  0.0000E+00  0.0000E+00  0.0000E+00  0.0000E+00  0.0000E+00  0.4048E-03  0.0000E+00  0.0000E+00  0.0000E+00  0.0000E+00  0.0000E+00  0.0000E+00  0.0000E+00  0.0000E+00  0.0000E+00  0.0000E+00  0.0000E+00  0.0000E+00  0.0000E+00  0.0000E+00  0.0000E+00
  0.1971E-01  0.0000E+00  0.7551E-02  0.3291E-01  0.1289E-03  0.0000E+00  0.7102E-01  0.0000E+00  0.4147E-02  0.1250E-02  0.0000E+00  0.0000E+00  0.1725E-01  0.8447E-01  0.3279E-02  0.2679E-02  0.2314E-03  0.0000E+00  0.2606E-04  0.1517E-03  0.6748E-02  0.2980E-02  0.0000E+00  0.0000E+00  0.1928E-01  0.1150E-01  0.7886E-04  0.8541E-03  0.0000E+00  0.0000E+00  0.9625E-04  0.1217E-03
  0.2062E-01  0.0000E+00  0.3496E-02  0.1737E-01  0.4448E-04  0.0000E+00  0.0000E+00  0.0000E+00  0.2152E-02  0.1419E-02  0.0000E+00  0.0000E+00  0.0000E+00  0.0000E+00  0.4305E-02  0.1944E-01  0.0000E+00  0.0000E+00  0.4573E-03  0.1157E-02  0.0000E+00  0.0000E+00  0.0000E+00  0.0000E+00  0.0000E+00  0.0000E+00  0.0000E+00  0.0000E+00  0.0000E+00  0.0000E+00  0.0000E+00  0.0000E+00
  0.4784E-01  0.0000E+00  0.1088E-01  0.4422E-02  0.4648E-04  0.0000E+00  0.0000E+00  0.0000E+00  0.2578E-02  0.2150E-02  0.0000E+00  0.0000E+00  0.0000E+00  0.0000E+00  0.6053E-02  0.6967E-02  0.0000E+00  0.0000E+00  0.2929E-04  0.3326E-03  0.0000E+00  0.0000E+00  0.0000E+00  0.0000E+00  0.0000E+00  0.0000E+00  0.0000E+00  0.0000E+00  0.0000E+00  0.0000E+00  0.0000E+00  0.0000E+00
  0.1287E-01  0.0000E+00  0.1595E-01  0.4933E-02  0.1537E-03  0.0000E+00  0.6659E-01  0.0000E+00  0.1941E-02  0.5278E-02  0.0000E+00  0.0000E+00  0.4168E-01  0.2306E-01  0.4805E-02  0.5641E-02  0.5338E-03  0.0000E+00  0.1199E-01  0.9290E-03  0.5289E-02  0.3114E-02  0.0000E+00  0.0000E+00  0.1819E-01  0.8145E-02  0.3281E-02  0.1604E-03  0.0000E+00  0.0000E+00  0.4948E-03  0.6902E-03
 Relative number of events:
  0.3694E-01  0.0000E+00  0.0000E+00  0.0000E+00  0.1250E-02  0.0000E+00  0.7875E-01  0.0000E+00  0.0000E+00  0.0000E+00  0.0000E+00  0.0000E+00  0.0000E+00  0.0000E+00  0.0000E+00  0.0000E+00  0.1687E-02  0.0000E+00  0.0000E+00  0.0000E+00  0.0000E+00  0.0000E+00  0.0000E+00  0.0000E+00  0.0000E+00  0.0000E+00  0.0000E+00  0.0000E+00  0.0000E+00  0.0000E+00  0.0000E+00  0.0000E+00
  0.3800E-01  0.0000E+00  0.0000E+00  0.0000E+00  0.1250E-02  0.0000E+00  0.0000E+00  0.0000E+00  0.0000E+00  0.0000E+00  0.0000E+00  0.0000E+00  0.0000E+00  0.0000E+00  0.0000E+00  0.0000E+00  0.0000E+00  0.0000E+00  0.0000E+00  0.0000E+00  0.0000E+00  0.0000E+00  0.0000E+00  0.0000E+00  0.0000E+00  0.0000E+00  0.0000E+00  0.0000E+00  0.0000E+00  0.0000E+00  0.0000E+00  0.0000E+00
  0.3881E-01  0.0000E+00  0.0000E+00  0.0000E+00  0.1250E-02  0.0000E+00  0.0000E+00  0.0000E+00  0.0000E+00  0.0000E+00  0.0000E+00  0.0000E+00  0.0000E+00  0.0000E+00  0.0000E+00  0.0000E+00  0.0000E+00  0.0000E+00  0.0000E+00  0.0000E+00  0.0000E+00  0.0000E+00  0.0000E+00  0.0000E+00  0.0000E+00  0.0000E+00  0.0000E+00  0.0000E+00  0.0000E+00  0.0000E+00  0.0000E+00  0.0000E+00
  0.3800E-01  0.0000E+00  0.0000E+00  0.0000E+00  0.1250E-02  0.0000E+00  0.7762E-01  0.0000E+00  0.0000E+00  0.0000E+00  0.0000E+00  0.0000E+00  0.0000E+00  0.0000E+00  0.0000E+00  0.0000E+00  0.1937E-02  0.0000E+00  0.0000E+00  0.0000E+00  0.0000E+00  0.0000E+00  0.0000E+00  0.0000E+00  0.0000E+00  0.0000E+00  0.0000E+00  0.0000E+00  0.0000E+00  0.0000E+00  0.0000E+00  0.0000E+00
  0.3562E-01  0.0000E+00  0.7188E-02  0.8250E-02  0.1187E-02  0.0000E+00  0.8069E-01  0.0000E+00  0.9125E-02  0.8438E-02  0.0000E+00  0.0000E+00  0.1850E-01  0.1644E-01  0.4938E-02  0.5625E-02  0.1375E-02  0.0000E+00  0.9375E-03  0.9375E-03  0.1706E-01  0.1688E-01  0.0000E+00  0.0000E+00  0.9562E-02  0.9813E-02  0.1187E-02  0.8125E-03  0.0000E+00  0.0000E+00  0.1500E-02  0.2125E-02
  0.3825E-01  0.0000E+00  0.7875E-02  0.8812E-02  0.9375E-03  0.0000E+00  0.0000E+00  0.0000E+00  0.7687E-02  0.7313E-02  0.0000E+00  0.0000E+00  0.0000E+00  0.0000E+00  0.5875E-02  0.5000E-02  0.0000E+00  0.0000E+00  0.5625E-03  0.8125E-03  0.0000E+00  0.0000E+00  0.0000E+00  0.0000E+00  0.0000E+00  0.0000E+00  0.0000E+00  0.0000E+00  0.0000E+00  0.0000E+00  0.0000E+00  0.0000E+00
  0.3825E-01  0.0000E+00  0.8875E-02  0.8250E-02  0.7500E-03  0.0000E+00  0.0000E+00  0.0000E+00  0.7250E-02  0.8250E-02  0.0000E+00  0.0000E+00  0.0000E+00  0.0000E+00  0.5625E-02  0.4938E-02  0.0000E+00  0.0000E+00  0.6875E-03  0.8750E-03  0.0000E+00  0.0000E+00  0.0000E+00  0.0000E+00  0.0000E+00  0.0000E+00  0.0000E+00  0.0000E+00  0.0000E+00  0.0000E+00  0.0000E+00  0.0000E+00
  0.3794E-01  0.0000E+00  0.9625E-02  0.8625E-02  0.1125E-02  0.0000E+00  0.8038E-01  0.0000E+00  0.8000E-02  0.8500E-02  0.0000E+00  0.0000E+00  0.1694E-01  0.1681E-01  0.4938E-02  0.6000E-02  0.1500E-02  0.0000E+00  0.8750E-03  0.8750E-03  0.1594E-01  0.1688E-01  0.0000E+00  0.0000E+00  0.9938E-02  0.8313E-02  0.8125E-03  0.8750E-03  0.0000E+00  0.0000E+00  0.1375E-02  0.1937E-02
 Events:
         591           0           0           0          20           0        1260           0           0           0           0           0           0           0           0           0          27           0           0           0           0           0           0           0           0           0           0           0           0           0           0           0
         608           0           0           0          20           0           0           0           0           0           0           0           0           0           0           0           0           0           0           0           0           0           0           0           0           0           0           0           0           0           0           0
         621           0           0           0          20           0           0           0           0           0           0           0           0           0           0           0           0           0           0           0           0           0           0           0           0           0           0           0           0           0           0           0
         608           0           0           0          20           0        1242           0           0           0           0           0           0           0           0           0          31           0           0           0           0           0           0           0           0           0           0           0           0           0           0           0
         570           0         115         132          19           0        1291           0         146         135           0           0         296         263          79          90          22           0          15          15         273         270           0           0         153         157          19          13           0           0          24          34
         612           0         126         141          15           0           0           0         123         117           0           0           0           0          94          80           0           0           9          13           0           0           0           0           0           0           0           0           0           0           0           0
         612           0         142         132          12           0           0           0         116         132           0           0           0           0          90          79           0           0          11          14           0           0           0           0           0           0           0           0           0           0           0           0
         607           0         154         138          18           0        1286           0         128         136           0           0         271         269          79          96          24           0          14          14         255         270           0           0         159         133          13          14           0           0          22          31
 Accuracy:    0.150   0.010   0.101   2.200
 Found          711  events.
 Wrote            8  events.
 Actual xsec    1.8206000876534584E-007
 Correct abs xsec    1.8206000876534584E-007
 Event xsec    1.8206000876534584E-007
 Events wgts > 1:            0
 % Cross section > 1:    0.0000000000000000        0.0000000000000000     
 Iteration  5   Mean: 0.2641E-06 Abs mean: 0.2641E-06   Fluctuation:  0.662E-07   0.166E-02    66.0%
  5    0.2641E-06 0.2641E-06 +- 0.6616E-07     44.82
 Relative summed weights:
  0.2170E+00  0.0000E+00  0.0000E+00  0.0000E+00  0.5207E-03  0.0000E+00  0.2530E-01  0.0000E+00  0.0000E+00  0.0000E+00  0.0000E+00  0.0000E+00  0.0000E+00  0.0000E+00  0.0000E+00  0.0000E+00  0.6380E-03  0.0000E+00  0.0000E+00  0.0000E+00  0.0000E+00  0.0000E+00  0.0000E+00  0.0000E+00  0.0000E+00  0.0000E+00  0.0000E+00  0.0000E+00  0.0000E+00  0.0000E+00  0.0000E+00  0.0000E+00
  0.1209E-01  0.0000E+00  0.0000E+00  0.0000E+00  0.3190E-03  0.0000E+00  0.0000E+00  0.0000E+00  0.0000E+00  0.0000E+00  0.0000E+00  0.0000E+00  0.0000E+00  0.0000E+00  0.0000E+00  0.0000E+00  0.0000E+00  0.0000E+00  0.0000E+00  0.0000E+00  0.0000E+00  0.0000E+00  0.0000E+00  0.0000E+00  0.0000E+00  0.0000E+00  0.0000E+00  0.0000E+00  0.0000E+00  0.0000E+00  0.0000E+00  0.0000E+00
  0.7949E-01  0.0000E+00  0.0000E+00  0.0000E+00  0.1718E-03  0.0000E+00  0.0000E+00  0.0000E+00  0.0000E+00  0.0000E+00  0.0000E+00  0.0000E+00  0.0000E+00  0.0000E+00  0.0000E+00  0.0000E+00  0.0000E+00  0.0000E+00  0.0000E+00  0.0000E+00  0.0000E+00  0.0000E+00  0.0000E+00  0.0000E+00  0.0000E+00  0.0000E+00  0.0000E+00  0.0000E+00  0.0000E+00  0.0000E+00  0.0000E+00  0.0000E+00
  0.2375E-01  0.0000E+00  0.0000E+00  0.0000E+00  0.1541E-03  0.0000E+00  0.1814E+00  0.0000E+00  0.0000E+00  0.0000E+00  0.0000E+00  0.0000E+00  0.0000E+00  0.0000E+00  0.0000E+00  0.0000E+00  0.1931E-02  0.0000E+00  0.0000E+00  0.0000E+00  0.0000E+00  0.0000E+00  0.0000E+00  0.0000E+00  0.0000E+00  0.0000E+00  0.0000E+00  0.0000E+00  0.0000E+00  0.0000E+00  0.0000E+00  0.0000E+00
  0.1181E-01  0.0000E+00  0.4391E-02  0.2362E-01  0.8834E-04  0.0000E+00  0.3134E-01  0.0000E+00  0.3774E-02  0.1505E-02  0.0000E+00  0.0000E+00  0.2071E-01  0.3514E-01  0.2792E-02  0.9108E-02  0.1296E-03  0.0000E+00  0.2939E-03  0.1568E-03  0.3500E-02  0.1723E-02  0.0000E+00  0.0000E+00  0.4968E-02  0.8434E-02  0.1134E-03  0.3617E-04  0.0000E+00  0.0000E+00  0.8523E-03  0.1969E-02
  0.1982E-01  0.0000E+00  0.1437E-01  0.4101E-02  0.9231E-04  0.0000E+00  0.0000E+00  0.0000E+00  0.1789E-02  0.1603E-02  0.0000E+00  0.0000E+00  0.0000E+00  0.0000E+00  0.5822E-02  0.6135E-02  0.0000E+00  0.0000E+00  0.2258E-03  0.2611E-03  0.0000E+00  0.0000E+00  0.0000E+00  0.0000E+00  0.0000E+00  0.0000E+00  0.0000E+00  0.0000E+00  0.0000E+00  0.0000E+00  0.0000E+00  0.0000E+00
  0.2260E-01  0.0000E+00  0.3089E-01  0.4041E-02  0.2308E-02  0.0000E+00  0.0000E+00  0.0000E+00  0.2028E-02  0.2658E-02  0.0000E+00  0.0000E+00  0.0000E+00  0.0000E+00  0.7444E-02  0.6379E-02  0.0000E+00  0.0000E+00  0.4433E-02  0.4719E-03  0.0000E+00  0.0000E+00  0.0000E+00  0.0000E+00  0.0000E+00  0.0000E+00  0.0000E+00  0.0000E+00  0.0000E+00  0.0000E+00  0.0000E+00  0.0000E+00
  0.1701E-01  0.0000E+00  0.3045E-02  0.1013E-01  0.8447E-03  0.0000E+00  0.4146E-01  0.0000E+00  0.1366E-02  0.1305E-02  0.0000E+00  0.0000E+00  0.1298E-01  0.1873E-01  0.2457E-02  0.7580E-02  0.1838E-02  0.0000E+00  0.4034E-03  0.9484E-04  0.6399E-02  0.4771E-02  0.0000E+00  0.0000E+00  0.2940E-02  0.1852E-01  0.3764E-03  0.6432E-03  0.0000E+00  0.0000E+00  0.2609E-03  0.9643E-04
 Relative number of events:
  0.3941E-01  0.0000E+00  0.0000E+00  0.0000E+00  0.8437E-03  0.0000E+00  0.8263E-01  0.0000E+00  0.0000E+00  0.0000E+00  0.0000E+00  0.0000E+00  0.0000E+00  0.0000E+00  0.0000E+00  0.0000E+00  0.1469E-02  0.0000E+00  0.0000E+00  0.0000E+00  0.0000E+00  0.0000E+00  0.0000E+00  0.0000E+00  0.0000E+00  0.0000E+00  0.0000E+00  0.0000E+00  0.0000E+00  0.0000E+00  0.0000E+00  0.0000E+00
  0.4081E-01  0.0000E+00  0.0000E+00  0.0000E+00  0.8437E-03  0.0000E+00  0.0000E+00  0.0000E+00  0.0000E+00  0.0000E+00  0.0000E+00  0.0000E+00  0.0000E+00  0.0000E+00  0.0000E+00  0.0000E+00  0.0000E+00  0.0000E+00  0.0000E+00  0.0000E+00  0.0000E+00  0.0000E+00  0.0000E+00  0.0000E+00  0.0000E+00  0.0000E+00  0.0000E+00  0.0000E+00  0.0000E+00  0.0000E+00  0.0000E+00  0.0000E+00
  0.3928E-01  0.0000E+00  0.0000E+00  0.0000E+00  0.8750E-03  0.0000E+00  0.0000E+00  0.0000E+00  0.0000E+00  0.0000E+00  0.0000E+00  0.0000E+00  0.0000E+00  0.0000E+00  0.0000E+00  0.0000E+00  0.0000E+00  0.0000E+00  0.0000E+00  0.0000E+00  0.0000E+00  0.0000E+00  0.0000E+00  0.0000E+00  0.0000E+00  0.0000E+00  0.0000E+00  0.0000E+00  0.0000E+00  0.0000E+00  0.0000E+00  0.0000E+00
  0.3941E-01  0.0000E+00  0.0000E+00  0.0000E+00  0.9063E-03  0.0000E+00  0.8209E-01  0.0000E+00  0.0000E+00  0.0000E+00  0.0000E+00  0.0000E+00  0.0000E+00  0.0000E+00  0.0000E+00  0.0000E+00  0.2031E-02  0.0000E+00  0.0000E+00  0.0000E+00  0.0000E+00  0.0000E+00  0.0000E+00  0.0000E+00  0.0000E+00  0.0000E+00  0.0000E+00  0.0000E+00  0.0000E+00  0.0000E+00  0.0000E+00  0.0000E+00
  0.3997E-01  0.0000E+00  0.7938E-02  0.8125E-02  0.9375E-03  0.0000E+00  0.8328E-01  0.0000E+00  0.7281E-02  0.6812E-02  0.0000E+00  0.0000E+00  0.1556E-01  0.1487E-01  0.5469E-02  0.4781E-02  0.1500E-02  0.0000E+00  0.6875E-03  0.7500E-03  0.1484E-01  0.1544E-01  0.0000E+00  0.0000E+00  0.9437E-02  0.9406E-02  0.6250E-03  0.7813E-03  0.0000E+00  0.0000E+00  0.1500E-02  0.1187E-02
  0.3922E-01  0.0000E+00  0.7875E-02  0.8937E-02  0.1187E-02  0.0000E+00  0.0000E+00  0.0000E+00  0.6687E-02  0.6750E-02  0.0000E+00  0.0000E+00  0.0000E+00  0.0000E+00  0.5375E-02  0.5156E-02  0.0000E+00  0.0000E+00  0.6563E-03  0.1094E-02  0.0000E+00  0.0000E+00  0.0000E+00  0.0000E+00  0.0000E+00  0.0000E+00  0.0000E+00  0.0000E+00  0.0000E+00  0.0000E+00  0.0000E+00  0.0000E+00
  0.4075E-01  0.0000E+00  0.8969E-02  0.8094E-02  0.8125E-03  0.0000E+00  0.0000E+00  0.0000E+00  0.6812E-02  0.7437E-02  0.0000E+00  0.0000E+00  0.0000E+00  0.0000E+00  0.4750E-02  0.5344E-02  0.0000E+00  0.0000E+00  0.9687E-03  0.7500E-03  0.0000E+00  0.0000E+00  0.0000E+00  0.0000E+00  0.0000E+00  0.0000E+00  0.0000E+00  0.0000E+00  0.0000E+00  0.0000E+00  0.0000E+00  0.0000E+00
  0.4016E-01  0.0000E+00  0.8937E-02  0.8563E-02  0.8750E-03  0.0000E+00  0.8188E-01  0.0000E+00  0.6938E-02  0.7406E-02  0.0000E+00  0.0000E+00  0.1638E-01  0.1713E-01  0.4812E-02  0.5063E-02  0.1531E-02  0.0000E+00  0.8437E-03  0.7500E-03  0.1434E-01  0.1375E-01  0.0000E+00  0.0000E+00  0.7938E-02  0.9281E-02  0.7500E-03  0.8437E-03  0.0000E+00  0.0000E+00  0.1281E-02  0.1156E-02
 Events:
        1261           0           0           0          27           0        2644           0           0           0           0           0           0           0           0           0          47           0           0           0           0           0           0           0           0           0           0           0           0           0           0           0
        1306           0           0           0          27           0           0           0           0           0           0           0           0           0           0           0           0           0           0           0           0           0           0           0           0           0           0           0           0           0           0           0
        1257           0           0           0          28           0           0           0           0           0           0           0           0           0           0           0           0           0           0           0           0           0           0           0           0           0           0           0           0           0           0           0
        1261           0           0           0          29           0        2627           0           0           0           0           0           0           0           0           0          65           0           0           0           0           0           0           0           0           0           0           0           0           0           0           0
        1279           0         254         260          30           0        2665           0         233         218           0           0         498         476         175         153          48           0          22          24         475         494           0           0         302         301          20          25           0           0          48          38
        1255           0         252         286          38           0           0           0         214         216           0           0           0           0         172         165           0           0          21          35           0           0           0           0           0           0           0           0           0           0           0           0
        1304           0         287         259          26           0           0           0         218         238           0           0           0           0         152         171           0           0          31          24           0           0           0           0           0           0           0           0           0           0           0           0
        1285           0         286         274          28           0        2620           0         222         237           0           0         524         548         154         162          49           0          27          24         459         440           0           0         254         297          24          27           0           0          41          37
 Accuracy:    0.149   0.010   0.094   2.513
 Found         1804  events.
 Wrote            2  events.
 Actual xsec    1.9747285848844716E-007
 Correct abs xsec    1.9747285848844716E-007
 Event xsec    1.9747285848844719E-007
 Events wgts > 1:            1
 % Cross section > 1:    1.9218716906390777E-014   9.7323333715327439E-006
 Iteration  6   Mean: 0.1898E-06 Abs mean: 0.1898E-06   Fluctuation:  0.116E-07   0.371E-03    67.3%
  6    0.1898E-06 0.1898E-06 +- 0.1159E-07     15.45
 Relative summed weights:
  0.2183E-01  0.0000E+00  0.0000E+00  0.0000E+00  0.5075E-03  0.0000E+00  0.6956E-01  0.0000E+00  0.0000E+00  0.0000E+00  0.0000E+00  0.0000E+00  0.0000E+00  0.0000E+00  0.0000E+00  0.0000E+00  0.3445E-03  0.0000E+00  0.0000E+00  0.0000E+00  0.0000E+00  0.0000E+00  0.0000E+00  0.0000E+00  0.0000E+00  0.0000E+00  0.0000E+00  0.0000E+00  0.0000E+00  0.0000E+00  0.0000E+00  0.0000E+00
  0.4822E-01  0.0000E+00  0.0000E+00  0.0000E+00  0.6886E-03  0.0000E+00  0.0000E+00  0.0000E+00  0.0000E+00  0.0000E+00  0.0000E+00  0.0000E+00  0.0000E+00  0.0000E+00  0.0000E+00  0.0000E+00  0.0000E+00  0.0000E+00  0.0000E+00  0.0000E+00  0.0000E+00  0.0000E+00  0.0000E+00  0.0000E+00  0.0000E+00  0.0000E+00  0.0000E+00  0.0000E+00  0.0000E+00  0.0000E+00  0.0000E+00  0.0000E+00
  0.3390E-01  0.0000E+00  0.0000E+00  0.0000E+00  0.3430E-02  0.0000E+00  0.0000E+00  0.0000E+00  0.0000E+00  0.0000E+00  0.0000E+00  0.0000E+00  0.0000E+00  0.0000E+00  0.0000E+00  0.0000E+00  0.0000E+00  0.0000E+00  0.0000E+00  0.0000E+00  0.0000E+00  0.0000E+00  0.0000E+00  0.0000E+00  0.0000E+00  0.0000E+00  0.0000E+00  0.0000E+00  0.0000E+00  0.0000E+00  0.0000E+00  0.0000E+00
  0.4020E-01  0.0000E+00  0.0000E+00  0.0000E+00  0.2513E-03  0.0000E+00  0.1023E+00  0.0000E+00  0.0000E+00  0.0000E+00  0.0000E+00  0.0000E+00  0.0000E+00  0.0000E+00  0.0000E+00  0.0000E+00  0.1610E-02  0.0000E+00  0.0000E+00  0.0000E+00  0.0000E+00  0.0000E+00  0.0000E+00  0.0000E+00  0.0000E+00  0.0000E+00  0.0000E+00  0.0000E+00  0.0000E+00  0.0000E+00  0.0000E+00  0.0000E+00
  0.2720E-01  0.0000E+00  0.4620E-01  0.6494E-02  0.1466E-03  0.0000E+00  0.5556E-01  0.0000E+00  0.3233E-02  0.3381E-02  0.0000E+00  0.0000E+00  0.1715E-01  0.2416E-01  0.6686E-02  0.4307E-02  0.9251E-03  0.0000E+00  0.6016E-03  0.6623E-04  0.4581E-02  0.1089E-01  0.0000E+00  0.0000E+00  0.1011E-01  0.9505E-02  0.7026E-03  0.7064E-03  0.0000E+00  0.0000E+00  0.1393E-02  0.1648E-02
  0.2874E-01  0.0000E+00  0.8510E-02  0.2647E-01  0.1333E-03  0.0000E+00  0.0000E+00  0.0000E+00  0.8538E-02  0.3112E-02  0.0000E+00  0.0000E+00  0.0000E+00  0.0000E+00  0.6351E-02  0.3875E-02  0.0000E+00  0.0000E+00  0.3054E-04  0.4472E-03  0.0000E+00  0.0000E+00  0.0000E+00  0.0000E+00  0.0000E+00  0.0000E+00  0.0000E+00  0.0000E+00  0.0000E+00  0.0000E+00  0.0000E+00  0.0000E+00
  0.3872E-01  0.0000E+00  0.7552E-02  0.7385E-02  0.1817E-02  0.0000E+00  0.0000E+00  0.0000E+00  0.8435E-02  0.3382E-02  0.0000E+00  0.0000E+00  0.0000E+00  0.0000E+00  0.2045E-01  0.1463E-01  0.0000E+00  0.0000E+00  0.2870E-03  0.1338E-03  0.0000E+00  0.0000E+00  0.0000E+00  0.0000E+00  0.0000E+00  0.0000E+00  0.0000E+00  0.0000E+00  0.0000E+00  0.0000E+00  0.0000E+00  0.0000E+00
  0.3202E-01  0.0000E+00  0.6297E-02  0.7301E-02  0.5604E-03  0.0000E+00  0.6081E-01  0.0000E+00  0.1193E-01  0.4394E-02  0.0000E+00  0.0000E+00  0.2811E-01  0.4355E-01  0.5286E-02  0.1426E-01  0.1330E-02  0.0000E+00  0.1304E-02  0.4318E-03  0.7435E-02  0.5915E-02  0.0000E+00  0.0000E+00  0.1095E-01  0.7232E-02  0.7811E-03  0.1429E-02  0.0000E+00  0.0000E+00  0.3975E-03  0.7732E-03
 Relative number of events:
  0.4163E-01  0.0000E+00  0.0000E+00  0.0000E+00  0.8750E-03  0.0000E+00  0.8812E-01  0.0000E+00  0.0000E+00  0.0000E+00  0.0000E+00  0.0000E+00  0.0000E+00  0.0000E+00  0.0000E+00  0.0000E+00  0.1125E-02  0.0000E+00  0.0000E+00  0.0000E+00  0.0000E+00  0.0000E+00  0.0000E+00  0.0000E+00  0.0000E+00  0.0000E+00  0.0000E+00  0.0000E+00  0.0000E+00  0.0000E+00  0.0000E+00  0.0000E+00
  0.4131E-01  0.0000E+00  0.0000E+00  0.0000E+00  0.9531E-03  0.0000E+00  0.0000E+00  0.0000E+00  0.0000E+00  0.0000E+00  0.0000E+00  0.0000E+00  0.0000E+00  0.0000E+00  0.0000E+00  0.0000E+00  0.0000E+00  0.0000E+00  0.0000E+00  0.0000E+00  0.0000E+00  0.0000E+00  0.0000E+00  0.0000E+00  0.0000E+00  0.0000E+00  0.0000E+00  0.0000E+00  0.0000E+00  0.0000E+00  0.0000E+00  0.0000E+00
  0.4183E-01  0.0000E+00  0.0000E+00  0.0000E+00  0.1016E-02  0.0000E+00  0.0000E+00  0.0000E+00  0.0000E+00  0.0000E+00  0.0000E+00  0.0000E+00  0.0000E+00  0.0000E+00  0.0000E+00  0.0000E+00  0.0000E+00  0.0000E+00  0.0000E+00  0.0000E+00  0.0000E+00  0.0000E+00  0.0000E+00  0.0000E+00  0.0000E+00  0.0000E+00  0.0000E+00  0.0000E+00  0.0000E+00  0.0000E+00  0.0000E+00  0.0000E+00
  0.4198E-01  0.0000E+00  0.0000E+00  0.0000E+00  0.6406E-03  0.0000E+00  0.8747E-01  0.0000E+00  0.0000E+00  0.0000E+00  0.0000E+00  0.0000E+00  0.0000E+00  0.0000E+00  0.0000E+00  0.0000E+00  0.1500E-02  0.0000E+00  0.0000E+00  0.0000E+00  0.0000E+00  0.0000E+00  0.0000E+00  0.0000E+00  0.0000E+00  0.0000E+00  0.0000E+00  0.0000E+00  0.0000E+00  0.0000E+00  0.0000E+00  0.0000E+00
  0.4173E-01  0.0000E+00  0.7672E-02  0.7281E-02  0.9844E-03  0.0000E+00  0.8678E-01  0.0000E+00  0.6687E-02  0.6125E-02  0.0000E+00  0.0000E+00  0.1427E-01  0.1555E-01  0.4297E-02  0.4641E-02  0.1437E-02  0.0000E+00  0.7031E-03  0.6094E-03  0.1341E-01  0.1263E-01  0.0000E+00  0.0000E+00  0.8016E-02  0.8125E-02  0.5781E-03  0.6250E-03  0.0000E+00  0.0000E+00  0.1203E-02  0.1422E-02
  0.4067E-01  0.0000E+00  0.7734E-02  0.7391E-02  0.7187E-03  0.0000E+00  0.0000E+00  0.0000E+00  0.6266E-02  0.6234E-02  0.0000E+00  0.0000E+00  0.0000E+00  0.0000E+00  0.4156E-02  0.4344E-02  0.0000E+00  0.0000E+00  0.5937E-03  0.6719E-03  0.0000E+00  0.0000E+00  0.0000E+00  0.0000E+00  0.0000E+00  0.0000E+00  0.0000E+00  0.0000E+00  0.0000E+00  0.0000E+00  0.0000E+00  0.0000E+00
  0.4198E-01  0.0000E+00  0.7406E-02  0.7422E-02  0.7656E-03  0.0000E+00  0.0000E+00  0.0000E+00  0.5969E-02  0.6047E-02  0.0000E+00  0.0000E+00  0.0000E+00  0.0000E+00  0.4344E-02  0.4266E-02  0.0000E+00  0.0000E+00  0.6719E-03  0.9219E-03  0.0000E+00  0.0000E+00  0.0000E+00  0.0000E+00  0.0000E+00  0.0000E+00  0.0000E+00  0.0000E+00  0.0000E+00  0.0000E+00  0.0000E+00  0.0000E+00
  0.4278E-01  0.0000E+00  0.8016E-02  0.7422E-02  0.1047E-02  0.0000E+00  0.8820E-01  0.0000E+00  0.6172E-02  0.6234E-02  0.0000E+00  0.0000E+00  0.1514E-01  0.1470E-01  0.4531E-02  0.4547E-02  0.1625E-02  0.0000E+00  0.7344E-03  0.7656E-03  0.1348E-01  0.1281E-01  0.0000E+00  0.0000E+00  0.7750E-02  0.8234E-02  0.7813E-03  0.7656E-03  0.0000E+00  0.0000E+00  0.1281E-02  0.1172E-02
 Events:
        2664           0           0           0          56           0        5640           0           0           0           0           0           0           0           0           0          72           0           0           0           0           0           0           0           0           0           0           0           0           0           0           0
        2644           0           0           0          61           0           0           0           0           0           0           0           0           0           0           0           0           0           0           0           0           0           0           0           0           0           0           0           0           0           0           0
        2677           0           0           0          65           0           0           0           0           0           0           0           0           0           0           0           0           0           0           0           0           0           0           0           0           0           0           0           0           0           0           0
        2687           0           0           0          41           0        5598           0           0           0           0           0           0           0           0           0          96           0           0           0           0           0           0           0           0           0           0           0           0           0           0           0
        2671           0         491         466          63           0        5554           0         428         392           0           0         913         995         275         297          92           0          45          39         858         808           0           0         513         520          37          40           0           0          77          91
        2603           0         495         473          46           0           0           0         401         399           0           0           0           0         266         278           0           0          38          43           0           0           0           0           0           0           0           0           0           0           0           0
        2687           0         474         475          49           0           0           0         382         387           0           0           0           0         278         273           0           0          43          59           0           0           0           0           0           0           0           0           0           0           0           0
        2738           0         513         475          67           0        5645           0         395         399           0           0         969         941         290         291         104           0          47          49         863         820           0           0         496         527          50          49           0           0          82          75
 Accuracy:    0.070   0.010   0.051   1.897
 Found         2868  events.
 Wrote           39  events.
 Actual xsec    1.9055967172737158E-007
 Correct abs xsec    1.9055967172737158E-007
 Event xsec    1.9055967172737176E-007
 Events wgts > 1:            1
 % Cross section > 1:    1.9741909615170843E-009   1.0359962019358968     
 Warning: Too low fact scales:    1.8485732856494279        24.141590764888956     
 Warning: Too low fact scales:    1.8485732856494279        24.141590764888956     
 Warning: Too low fact scales:    1.8485732856494279        24.141590764888956     
 Warning: Too low fact scales:    1.8485732856494279        24.141590764888956     
 Warning: Too low fact scales:    1.8485732856494279        24.141590764888956     
 Warning: Too low fact scales:    1.8485732856494279        24.141590764888956     
 Warning: Too low fact scales:    1.8485732856494279        24.141590764888956     
 Warning: Too low fact scales:    1.8485732856494279        24.141590764888956     
 Warning: Too low fact scales:    1.8485732856494279        24.141590764888956     
 Warning: Too low fact scales:    1.8485732856494279        24.141590764888956     
 Warning: Too low fact scales:    1.8485732856494279        24.141590764888956     
 No more warnings written out this run.
 Iteration  7   Mean: 0.1927E-06 Abs mean: 0.1927E-06   Fluctuation:  0.833E-08   0.771E-03    70.8%
  7    0.1927E-06 0.1927E-06 +- 0.8326E-08     15.46
 Exceeded boost           3          96   128000.000    
 Relative summed weights:
  0.3376E-01  0.0000E+00  0.0000E+00  0.0000E+00  0.1666E-02  0.0000E+00  0.9656E-01  0.0000E+00  0.0000E+00  0.0000E+00  0.0000E+00  0.0000E+00  0.0000E+00  0.0000E+00  0.0000E+00  0.0000E+00  0.7087E-03  0.0000E+00  0.0000E+00  0.0000E+00  0.0000E+00  0.0000E+00  0.0000E+00  0.0000E+00  0.0000E+00  0.0000E+00  0.0000E+00  0.0000E+00  0.0000E+00  0.0000E+00  0.0000E+00  0.0000E+00
  0.3451E-01  0.0000E+00  0.0000E+00  0.0000E+00  0.1895E-03  0.0000E+00  0.0000E+00  0.0000E+00  0.0000E+00  0.0000E+00  0.0000E+00  0.0000E+00  0.0000E+00  0.0000E+00  0.0000E+00  0.0000E+00  0.0000E+00  0.0000E+00  0.0000E+00  0.0000E+00  0.0000E+00  0.0000E+00  0.0000E+00  0.0000E+00  0.0000E+00  0.0000E+00  0.0000E+00  0.0000E+00  0.0000E+00  0.0000E+00  0.0000E+00  0.0000E+00
  0.2895E-01  0.0000E+00  0.0000E+00  0.0000E+00  0.2151E-03  0.0000E+00  0.0000E+00  0.0000E+00  0.0000E+00  0.0000E+00  0.0000E+00  0.0000E+00  0.0000E+00  0.0000E+00  0.0000E+00  0.0000E+00  0.0000E+00  0.0000E+00  0.0000E+00  0.0000E+00  0.0000E+00  0.0000E+00  0.0000E+00  0.0000E+00  0.0000E+00  0.0000E+00  0.0000E+00  0.0000E+00  0.0000E+00  0.0000E+00  0.0000E+00  0.0000E+00
  0.3791E-01  0.0000E+00  0.0000E+00  0.0000E+00  0.1986E-03  0.0000E+00  0.6770E-01  0.0000E+00  0.0000E+00  0.0000E+00  0.0000E+00  0.0000E+00  0.0000E+00  0.0000E+00  0.0000E+00  0.0000E+00  0.1850E-02  0.0000E+00  0.0000E+00  0.0000E+00  0.0000E+00  0.0000E+00  0.0000E+00  0.0000E+00  0.0000E+00  0.0000E+00  0.0000E+00  0.0000E+00  0.0000E+00  0.0000E+00  0.0000E+00  0.0000E+00
  0.2995E-01  0.0000E+00  0.1164E-01  0.2015E-01  0.1286E-02  0.0000E+00  0.7033E-01  0.0000E+00  0.3744E-02  0.3103E-02  0.0000E+00  0.0000E+00  0.2359E-01  0.2741E-01  0.6380E-02  0.5219E-02  0.2363E-02  0.0000E+00  0.1637E-03  0.3965E-03  0.5816E-02  0.9688E-02  0.0000E+00  0.0000E+00  0.1415E-01  0.8560E-02  0.7127E-03  0.4361E-03  0.0000E+00  0.0000E+00  0.5449E-03  0.1253E-02
  0.3219E-01  0.0000E+00  0.1487E-01  0.9982E-02  0.3711E-03  0.0000E+00  0.0000E+00  0.0000E+00  0.2800E-02  0.4424E-02  0.0000E+00  0.0000E+00  0.0000E+00  0.0000E+00  0.6497E-02  0.4685E-02  0.0000E+00  0.0000E+00  0.2433E-02  0.3589E-03  0.0000E+00  0.0000E+00  0.0000E+00  0.0000E+00  0.0000E+00  0.0000E+00  0.0000E+00  0.0000E+00  0.0000E+00  0.0000E+00  0.0000E+00  0.0000E+00
  0.3020E-01  0.0000E+00  0.1077E-01  0.1145E-01  0.6763E-03  0.0000E+00  0.0000E+00  0.0000E+00  0.2168E-02  0.4399E-02  0.0000E+00  0.0000E+00  0.0000E+00  0.0000E+00  0.8998E-02  0.5775E-02  0.0000E+00  0.0000E+00  0.2231E-03  0.3380E-03  0.0000E+00  0.0000E+00  0.0000E+00  0.0000E+00  0.0000E+00  0.0000E+00  0.0000E+00  0.0000E+00  0.0000E+00  0.0000E+00  0.0000E+00  0.0000E+00
  0.4227E-01  0.0000E+00  0.1384E-01  0.1445E-01  0.2892E-03  0.0000E+00  0.6854E-01  0.0000E+00  0.3200E-02  0.3343E-02  0.0000E+00  0.0000E+00  0.5102E-01  0.2666E-01  0.4939E-02  0.7924E-02  0.1549E-02  0.0000E+00  0.8902E-03  0.2678E-03  0.8152E-02  0.5896E-02  0.0000E+00  0.0000E+00  0.1030E-01  0.2120E-01  0.5891E-03  0.8750E-02  0.0000E+00  0.0000E+00  0.8860E-03  0.3477E-03
 Relative number of events:
  0.4252E-01  0.0000E+00  0.0000E+00  0.0000E+00  0.7969E-03  0.0000E+00  0.8797E-01  0.0000E+00  0.0000E+00  0.0000E+00  0.0000E+00  0.0000E+00  0.0000E+00  0.0000E+00  0.0000E+00  0.0000E+00  0.1398E-02  0.0000E+00  0.0000E+00  0.0000E+00  0.0000E+00  0.0000E+00  0.0000E+00  0.0000E+00  0.0000E+00  0.0000E+00  0.0000E+00  0.0000E+00  0.0000E+00  0.0000E+00  0.0000E+00  0.0000E+00
  0.4217E-01  0.0000E+00  0.0000E+00  0.0000E+00  0.7344E-03  0.0000E+00  0.0000E+00  0.0000E+00  0.0000E+00  0.0000E+00  0.0000E+00  0.0000E+00  0.0000E+00  0.0000E+00  0.0000E+00  0.0000E+00  0.0000E+00  0.0000E+00  0.0000E+00  0.0000E+00  0.0000E+00  0.0000E+00  0.0000E+00  0.0000E+00  0.0000E+00  0.0000E+00  0.0000E+00  0.0000E+00  0.0000E+00  0.0000E+00  0.0000E+00  0.0000E+00
  0.4231E-01  0.0000E+00  0.0000E+00  0.0000E+00  0.6719E-03  0.0000E+00  0.0000E+00  0.0000E+00  0.0000E+00  0.0000E+00  0.0000E+00  0.0000E+00  0.0000E+00  0.0000E+00  0.0000E+00  0.0000E+00  0.0000E+00  0.0000E+00  0.0000E+00  0.0000E+00  0.0000E+00  0.0000E+00  0.0000E+00  0.0000E+00  0.0000E+00  0.0000E+00  0.0000E+00  0.0000E+00  0.0000E+00  0.0000E+00  0.0000E+00  0.0000E+00
  0.4279E-01  0.0000E+00  0.0000E+00  0.0000E+00  0.8203E-03  0.0000E+00  0.8966E-01  0.0000E+00  0.0000E+00  0.0000E+00  0.0000E+00  0.0000E+00  0.0000E+00  0.0000E+00  0.0000E+00  0.0000E+00  0.1398E-02  0.0000E+00  0.0000E+00  0.0000E+00  0.0000E+00  0.0000E+00  0.0000E+00  0.0000E+00  0.0000E+00  0.0000E+00  0.0000E+00  0.0000E+00  0.0000E+00  0.0000E+00  0.0000E+00  0.0000E+00
  0.4310E-01  0.0000E+00  0.7672E-02  0.7266E-02  0.8047E-03  0.0000E+00  0.8892E-01  0.0000E+00  0.5883E-02  0.6328E-02  0.0000E+00  0.0000E+00  0.1429E-01  0.1426E-01  0.4172E-02  0.4133E-02  0.1594E-02  0.0000E+00  0.7734E-03  0.5781E-03  0.1233E-01  0.1243E-01  0.0000E+00  0.0000E+00  0.7883E-02  0.7992E-02  0.5547E-03  0.5156E-03  0.0000E+00  0.0000E+00  0.1055E-02  0.1219E-02
  0.4249E-01  0.0000E+00  0.7430E-02  0.7961E-02  0.7813E-03  0.0000E+00  0.0000E+00  0.0000E+00  0.5789E-02  0.5781E-02  0.0000E+00  0.0000E+00  0.0000E+00  0.0000E+00  0.4344E-02  0.4070E-02  0.0000E+00  0.0000E+00  0.7266E-03  0.6953E-03  0.0000E+00  0.0000E+00  0.0000E+00  0.0000E+00  0.0000E+00  0.0000E+00  0.0000E+00  0.0000E+00  0.0000E+00  0.0000E+00  0.0000E+00  0.0000E+00
  0.4269E-01  0.0000E+00  0.7117E-02  0.7531E-02  0.7500E-03  0.0000E+00  0.0000E+00  0.0000E+00  0.5930E-02  0.5953E-02  0.0000E+00  0.0000E+00  0.0000E+00  0.0000E+00  0.4539E-02  0.4469E-02  0.0000E+00  0.0000E+00  0.5547E-03  0.7578E-03  0.0000E+00  0.0000E+00  0.0000E+00  0.0000E+00  0.0000E+00  0.0000E+00  0.0000E+00  0.0000E+00  0.0000E+00  0.0000E+00  0.0000E+00  0.0000E+00
  0.4248E-01  0.0000E+00  0.7516E-02  0.7359E-02  0.7891E-03  0.0000E+00  0.8719E-01  0.0000E+00  0.6461E-02  0.5695E-02  0.0000E+00  0.0000E+00  0.1360E-01  0.1492E-01  0.4398E-02  0.4539E-02  0.1250E-02  0.0000E+00  0.6797E-03  0.5781E-03  0.1308E-01  0.1255E-01  0.0000E+00  0.0000E+00  0.7859E-02  0.8180E-02  0.6953E-03  0.7109E-03  0.0000E+00  0.0000E+00  0.1039E-02  0.1078E-02
 Events:
        5442           0           0           0         102           0       11260           0           0           0           0           0           0           0           0           0         179           0           0           0           0           0           0           0           0           0           0           0           0           0           0           0
        5398           0           0           0          94           0           0           0           0           0           0           0           0           0           0           0           0           0           0           0           0           0           0           0           0           0           0           0           0           0           0           0
        5416           0           0           0          86           0           0           0           0           0           0           0           0           0           0           0           0           0           0           0           0           0           0           0           0           0           0           0           0           0           0           0
        5477           0           0           0         105           0       11477           0           0           0           0           0           0           0           0           0         179           0           0           0           0           0           0           0           0           0           0           0           0           0           0           0
        5517           0         982         930         103           0       11382           0         753         810           0           0        1829        1825         534         529         204           0          99          74        1578        1591           0           0        1009        1023          71          66           0           0         135         156
        5439           0         951        1019         100           0           0           0         741         740           0           0           0           0         556         521           0           0          93          89           0           0           0           0           0           0           0           0           0           0           0           0
        5464           0         911         964          96           0           0           0         759         762           0           0           0           0         581         572           0           0          71          97           0           0           0           0           0           0           0           0           0           0           0           0
        5437           0         962         942         101           0       11160           0         827         729           0           0        1741        1910         563         581         160           0          87          74        1674        1607           0           0        1006        1047          89          91           0           0         133         138
 Accuracy:    0.041   0.010   0.033   1.563
 Found         8327  events.
 Wrote           27  events.
 Actual xsec    1.9313761090952524E-007
 Correct abs xsec    1.9313761090952524E-007
 Event xsec    1.9313761090952519E-007
 Events wgts > 1:            0
 % Cross section > 1:    0.0000000000000000        0.0000000000000000     
 Iteration  8   Mean: 0.2159E-06 Abs mean: 0.2159E-06   Fluctuation:  0.102E-07   0.166E-02    72.9%
  8    0.2159E-06 0.2159E-06 +- 0.1022E-07     23.95
 Exceeded boost           5          96   256000.000    
 Exceeded boost           9          96   128000.000    
 Relative summed weights:
  0.2937E-01  0.0000E+00  0.0000E+00  0.0000E+00  0.6836E-03  0.0000E+00  0.9919E-01  0.0000E+00  0.0000E+00  0.0000E+00  0.0000E+00  0.0000E+00  0.0000E+00  0.0000E+00  0.0000E+00  0.0000E+00  0.1072E-02  0.0000E+00  0.0000E+00  0.0000E+00  0.0000E+00  0.0000E+00  0.0000E+00  0.0000E+00  0.0000E+00  0.0000E+00  0.0000E+00  0.0000E+00  0.0000E+00  0.0000E+00  0.0000E+00  0.0000E+00
  0.3612E-01  0.0000E+00  0.0000E+00  0.0000E+00  0.4305E-03  0.0000E+00  0.0000E+00  0.0000E+00  0.0000E+00  0.0000E+00  0.0000E+00  0.0000E+00  0.0000E+00  0.0000E+00  0.0000E+00  0.0000E+00  0.0000E+00  0.0000E+00  0.0000E+00  0.0000E+00  0.0000E+00  0.0000E+00  0.0000E+00  0.0000E+00  0.0000E+00  0.0000E+00  0.0000E+00  0.0000E+00  0.0000E+00  0.0000E+00  0.0000E+00  0.0000E+00
  0.3238E-01  0.0000E+00  0.0000E+00  0.0000E+00  0.3401E-03  0.0000E+00  0.0000E+00  0.0000E+00  0.0000E+00  0.0000E+00  0.0000E+00  0.0000E+00  0.0000E+00  0.0000E+00  0.0000E+00  0.0000E+00  0.0000E+00  0.0000E+00  0.0000E+00  0.0000E+00  0.0000E+00  0.0000E+00  0.0000E+00  0.0000E+00  0.0000E+00  0.0000E+00  0.0000E+00  0.0000E+00  0.0000E+00  0.0000E+00  0.0000E+00  0.0000E+00
  0.3201E-01  0.0000E+00  0.0000E+00  0.0000E+00  0.2274E-03  0.0000E+00  0.7490E-01  0.0000E+00  0.0000E+00  0.0000E+00  0.0000E+00  0.0000E+00  0.0000E+00  0.0000E+00  0.0000E+00  0.0000E+00  0.8142E-03  0.0000E+00  0.0000E+00  0.0000E+00  0.0000E+00  0.0000E+00  0.0000E+00  0.0000E+00  0.0000E+00  0.0000E+00  0.0000E+00  0.0000E+00  0.0000E+00  0.0000E+00  0.0000E+00  0.0000E+00
  0.4106E-01  0.0000E+00  0.1189E-01  0.1338E-01  0.4914E-03  0.0000E+00  0.6942E-01  0.0000E+00  0.2955E-02  0.3880E-02  0.0000E+00  0.0000E+00  0.2429E-01  0.2403E-01  0.5965E-02  0.4791E-02  0.1795E-02  0.0000E+00  0.3667E-03  0.7065E-03  0.5690E-02  0.6841E-02  0.0000E+00  0.0000E+00  0.1231E-01  0.9517E-02  0.6266E-03  0.3382E-03  0.0000E+00  0.0000E+00  0.1213E-02  0.4790E-03
  0.2704E-01  0.0000E+00  0.1308E-01  0.1697E-01  0.6666E-03  0.0000E+00  0.0000E+00  0.0000E+00  0.3609E-02  0.2958E-02  0.0000E+00  0.0000E+00  0.0000E+00  0.0000E+00  0.6506E-02  0.6207E-02  0.0000E+00  0.0000E+00  0.6989E-03  0.5729E-03  0.0000E+00  0.0000E+00  0.0000E+00  0.0000E+00  0.0000E+00  0.0000E+00  0.0000E+00  0.0000E+00  0.0000E+00  0.0000E+00  0.0000E+00  0.0000E+00
  0.3268E-01  0.0000E+00  0.1677E-01  0.9731E-02  0.5669E-03  0.0000E+00  0.0000E+00  0.0000E+00  0.3809E-02  0.2912E-02  0.0000E+00  0.0000E+00  0.0000E+00  0.0000E+00  0.8132E-02  0.8886E-02  0.0000E+00  0.0000E+00  0.4529E-03  0.6527E-03  0.0000E+00  0.0000E+00  0.0000E+00  0.0000E+00  0.0000E+00  0.0000E+00  0.0000E+00  0.0000E+00  0.0000E+00  0.0000E+00  0.0000E+00  0.0000E+00
  0.6271E-01  0.0000E+00  0.1211E-01  0.1235E-01  0.6088E-03  0.0000E+00  0.7175E-01  0.0000E+00  0.3440E-02  0.3555E-02  0.0000E+00  0.0000E+00  0.2277E-01  0.3313E-01  0.7328E-02  0.6522E-02  0.1818E-02  0.0000E+00  0.9568E-03  0.6469E-03  0.7148E-02  0.6033E-02  0.0000E+00  0.0000E+00  0.1539E-01  0.1613E-01  0.6373E-03  0.5657E-03  0.0000E+00  0.0000E+00  0.1116E-02  0.8295E-03
 Relative number of events:
  0.4300E-01  0.0000E+00  0.0000E+00  0.0000E+00  0.6406E-03  0.0000E+00  0.8959E-01  0.0000E+00  0.0000E+00  0.0000E+00  0.0000E+00  0.0000E+00  0.0000E+00  0.0000E+00  0.0000E+00  0.0000E+00  0.1313E-02  0.0000E+00  0.0000E+00  0.0000E+00  0.0000E+00  0.0000E+00  0.0000E+00  0.0000E+00  0.0000E+00  0.0000E+00  0.0000E+00  0.0000E+00  0.0000E+00  0.0000E+00  0.0000E+00  0.0000E+00
  0.4254E-01  0.0000E+00  0.0000E+00  0.0000E+00  0.7695E-03  0.0000E+00  0.0000E+00  0.0000E+00  0.0000E+00  0.0000E+00  0.0000E+00  0.0000E+00  0.0000E+00  0.0000E+00  0.0000E+00  0.0000E+00  0.0000E+00  0.0000E+00  0.0000E+00  0.0000E+00  0.0000E+00  0.0000E+00  0.0000E+00  0.0000E+00  0.0000E+00  0.0000E+00  0.0000E+00  0.0000E+00  0.0000E+00  0.0000E+00  0.0000E+00  0.0000E+00
  0.4238E-01  0.0000E+00  0.0000E+00  0.0000E+00  0.7852E-03  0.0000E+00  0.0000E+00  0.0000E+00  0.0000E+00  0.0000E+00  0.0000E+00  0.0000E+00  0.0000E+00  0.0000E+00  0.0000E+00  0.0000E+00  0.0000E+00  0.0000E+00  0.0000E+00  0.0000E+00  0.0000E+00  0.0000E+00  0.0000E+00  0.0000E+00  0.0000E+00  0.0000E+00  0.0000E+00  0.0000E+00  0.0000E+00  0.0000E+00  0.0000E+00  0.0000E+00
  0.4271E-01  0.0000E+00  0.0000E+00  0.0000E+00  0.6797E-03  0.0000E+00  0.9015E-01  0.0000E+00  0.0000E+00  0.0000E+00  0.0000E+00  0.0000E+00  0.0000E+00  0.0000E+00  0.0000E+00  0.0000E+00  0.1195E-02  0.0000E+00  0.0000E+00  0.0000E+00  0.0000E+00  0.0000E+00  0.0000E+00  0.0000E+00  0.0000E+00  0.0000E+00  0.0000E+00  0.0000E+00  0.0000E+00  0.0000E+00  0.0000E+00  0.0000E+00
  0.4346E-01  0.0000E+00  0.7293E-02  0.7125E-02  0.8203E-03  0.0000E+00  0.8983E-01  0.0000E+00  0.5738E-02  0.5820E-02  0.0000E+00  0.0000E+00  0.1416E-01  0.1411E-01  0.4172E-02  0.4340E-02  0.1395E-02  0.0000E+00  0.6719E-03  0.6797E-03  0.1189E-01  0.1218E-01  0.0000E+00  0.0000E+00  0.7504E-02  0.7820E-02  0.5547E-03  0.5742E-03  0.0000E+00  0.0000E+00  0.1102E-02  0.1090E-02
  0.4316E-01  0.0000E+00  0.7051E-02  0.7176E-02  0.7891E-03  0.0000E+00  0.0000E+00  0.0000E+00  0.5938E-02  0.5930E-02  0.0000E+00  0.0000E+00  0.0000E+00  0.0000E+00  0.4426E-02  0.4355E-02  0.0000E+00  0.0000E+00  0.5781E-03  0.6094E-03  0.0000E+00  0.0000E+00  0.0000E+00  0.0000E+00  0.0000E+00  0.0000E+00  0.0000E+00  0.0000E+00  0.0000E+00  0.0000E+00  0.0000E+00  0.0000E+00
  0.4319E-01  0.0000E+00  0.7172E-02  0.6930E-02  0.7656E-03  0.0000E+00  0.0000E+00  0.0000E+00  0.6215E-02  0.5938E-02  0.0000E+00  0.0000E+00  0.0000E+00  0.0000E+00  0.4199E-02  0.4211E-02  0.0000E+00  0.0000E+00  0.6523E-03  0.5820E-03  0.0000E+00  0.0000E+00  0.0000E+00  0.0000E+00  0.0000E+00  0.0000E+00  0.0000E+00  0.0000E+00  0.0000E+00  0.0000E+00  0.0000E+00  0.0000E+00
  0.4317E-01  0.0000E+00  0.7199E-02  0.7145E-02  0.8984E-03  0.0000E+00  0.8987E-01  0.0000E+00  0.6086E-02  0.5836E-02  0.0000E+00  0.0000E+00  0.1381E-01  0.1405E-01  0.4148E-02  0.4242E-02  0.1293E-02  0.0000E+00  0.6328E-03  0.6211E-03  0.1214E-01  0.1239E-01  0.0000E+00  0.0000E+00  0.7762E-02  0.7469E-02  0.5391E-03  0.5859E-03  0.0000E+00  0.0000E+00  0.1070E-02  0.1094E-02
 Events:
       11008           0           0           0         164           0       22935           0           0           0           0           0           0           0           0           0         336           0           0           0           0           0           0           0           0           0           0           0           0           0           0           0
       10889           0           0           0         197           0           0           0           0           0           0           0           0           0           0           0           0           0           0           0           0           0           0           0           0           0           0           0           0           0           0           0
       10849           0           0           0         201           0           0           0           0           0           0           0           0           0           0           0           0           0           0           0           0           0           0           0           0           0           0           0           0           0           0           0
       10934           0           0           0         174           0       23079           0           0           0           0           0           0           0           0           0         306           0           0           0           0           0           0           0           0           0           0           0           0           0           0           0
       11127           0        1867        1824         210           0       22996           0        1469        1490           0           0        3625        3613        1068        1111         357           0         172         174        3044        3117           0           0        1921        2002         142         147           0           0         282         279
       11048           0        1805        1837         202           0           0           0        1520        1518           0           0           0           0        1133        1115           0           0         148         156           0           0           0           0           0           0           0           0           0           0           0           0
Thanks for using LHAPDF 6.2.1. Please make sure to cite the paper:
  Eur.Phys.J. C75 (2015) 3, 132  (http://arxiv.org/abs/1412.7420)
       11057           0        1836        1774         196           0           0           0        1591        1520           0           0           0           0        1075        1078           0           0         167         149           0           0           0           0           0           0           0           0           0           0           0           0
       11052           0        1843        1829         230           0       23008           0        1558        1494           0           0        3535        3596        1062        1086         331           0         162         159        3109        3171           0           0        1987        1912         138         150           0           0         274         280
 Accuracy:    0.038   0.010   0.027   1.961
 Found        18127  events.
 Wrote           26  events.
 Actual xsec    2.0034470550271847E-007
 Correct abs xsec    2.0034470550271847E-007
 Event xsec    2.0034470550271842E-007
 Events wgts > 1:            2
 % Cross section > 1:    7.7424347171850201E-010  0.38645566888115068     

 -------------------------------------------------------------------------------
 Accumulated results:   Integral =  0.1984E-06
                        Std dev  =  0.5372E-08
                       Cross sec =  0.1984E-06
             Chi**2 per DoF.     =      1.9605
 -------------------------------------------------------------------------------
-------------------------------------------------
---------------------------
 Results Last   3 iters: Integral =   0.2003E-06
                     Abs integral =   0.2003E-06
                          Std dev =   0.5666E-08
                  Chi**2 per DoF. =      1.9878
-------------------------------------------------
---------------------------
 Status   1.0000000000000000E-002           9           8

ls status:
events.lhe
ftn26
input_app.txt
results.dat
run1_app.log
