==== LHAPDF6 USING DEFAULT-TYPE LHAGLUE INTERFACE ====
LHAPDF 6.2.1 loading /cvmfs/cms.cern.ch/slc6_amd64_gcc630/external/lhapdf/6.2.1-ghjeda2/share/LHAPDF/NNPDF30_lo_as_0130_nf_4/NNPDF30_lo_as_0130_nf_4_0000.dat
NNPDF30_lo_as_0130_nf_4 PDF set, member #0, version 2; LHAPDF ID = 263400
 Process in group number            1
 A PDF is used, so alpha_s(MZ) is going to be modified
 Old value of alpha_s from param_card:   0.11810000000000001     
 New value of alpha_s from PDF lhapdf :  0.12470044313224841     
 using LHAPDF
 Define smin to   10000.000000000000     
 Define smin to   10000.000000000000     
 Define smin to   10000.000000000000     
 Define smin to   10000.000000000000     
 Define smin to   10000.000000000000     
 Define smin to   10000.000000000000     
 Define smin to   10000.000000000000     
 *****************************************************
 *               MadGraph/MadEvent                   *
 *        --------------------------------           *
 *          http://madgraph.hep.uiuc.edu             *
 *          http://madgraph.phys.ucl.ac.be           *
 *          http://madgraph.roma2.infn.it            *
 *        --------------------------------           *
 *                                                   *
 *          PARAMETER AND COUPLING VALUES            *
 *                                                   *
 *****************************************************

  External Params
  ---------------------------------
  
 mdl_MW0 =    80.387000000000000     
 mdl_Gf =    1.1663789999999999E-005
 aS =   0.11810000000000001     
 mdl_ymdo =    1.0000000000000000E-099
 mdl_ymb =    4.1799999999999997     
 mdl_ymt =    173.19999999999999     
 mdl_ymtau =    1.7769999999999999     
 mdl_LambdaSMEFT =    1000.0000000000000     
 mdl_cHW =    1.0000000000000000     
 mdl_MZ =    91.187600000000003     
 mdl_MTA =    1.7769999999999999     
 mdl_MT =    173.19999999999999     
 mdl_MB =    4.1799999999999997     
 mdl_MH =    125.09000000000000     
 mdl_WZ =    2.4952000000000001     
 mdl_WW =    2.0850000000000000     
 mdl_WT =    1.5083359999999999     
 mdl_WH =    4.0699999999999998E-003
  Internal Params
  ---------------------------------
  
 mdl_ymm =    1.0000000000000000E-099
 mdl_yme =    1.0000000000000000E-099
 mdl_ymc =    1.0000000000000000E-099
 mdl_yms =    1.0000000000000000E-099
 mdl_ymup =    1.0000000000000000E-099
 mdl_conjg__CKM3x3 =    1.0000000000000000     
 mdl_cH =    0.0000000000000000     
 mdl_cHB =    0.0000000000000000     
 mdl_CKM1x1 =    1.0000000000000000     
 mdl_conjg__CKM1x1 =    1.0000000000000000     
 mdl_dGf =    0.0000000000000000     
 mdl_CKM3x3 =    1.0000000000000000     
 mdl_dMH2 =    0.0000000000000000     
 mdl_conjg__CKM2x2 =    1.0000000000000000     
 mdl_dg1 =    0.0000000000000000     
 mdl_CKM2x2 =    1.0000000000000000     
 mdl_dgw =    0.0000000000000000     
 mdl_complexi =  (  0.0000000000000000     ,  1.0000000000000000     )
 mdl_MW =    80.387000000000000     
 mdl_nb__2__exp__0_25 =    1.1892071150027210     
 mdl_MH__exp__2 =    15647.508100000001     
 mdl_sqrt__2 =    1.4142135623730951     
 mdl_MW__exp__2 =    6462.0697689999997     
 mdl_MZ__exp__2 =    8315.1783937600012     
 mdl_sth2 =   0.22285855299877133     
 mdl_MH__exp__6 =    3831206449390.3818     
 mdl_MT__exp__6 =    26995248278778.535     
 mdl_MH__exp__4 =    244844509.73956564     
 mdl_MT__exp__4 =    899894403.09759963     
 mdl_MT__exp__2 =    29998.239999999994     
 mdl_LambdaSMEFT__exp__2 =    1000000.0000000000     
 mdl_cth =   0.88155626422890820     
 mdl_sqrt__sth2 =   0.47207896902824564     
 mdl_sth =   0.47207896902824564     
 mdl_MW0__exp__6 =    269845343347.69711     
 mdl_MW0__exp__4 =    41758345.699423708     
 mdl_MW0__exp__2 =    6462.0697689999997     
 mdl_MZ__exp__4 =    69142191.720053151     
 mdl_MZ__exp__6 =    574929658687.79749     
 mdl_cth__exp__2 =   0.77714144700122867     
 mdl_sth__exp__2 =   0.22285855299877130     
 mdl_sth__exp__3 =   0.10520683593878660     
 mdl_cth__exp__3 =   0.68509391079585125     
 mdl_sth__exp__4 =    4.9665934644706158E-002
 mdl_sqrt__Gf =    3.4152291284773265E-003
 mdl_vevhat =    246.21961912951551     
 mdl_lam =   0.12905352724481209     
 mdl_aEW =    7.5614618607353409E-003
 mdl_yb =    2.4008698866559607E-002
 mdl_yc =    5.7437078628133041E-102
 mdl_ydo =    5.7437078628133041E-102
 mdl_ye =    5.7437078628133041E-102
 mdl_ym =    5.7437078628133041E-102
 mdl_ys =    5.7437078628133041E-102
 mdl_yt =   0.99481020183926416     
 mdl_ytau =    1.0206568872219240E-002
 mdl_yup =    5.7437078628133041E-102
 mdl_vevhat__exp__2 =    60624.100844283676     
 mdl_barlam =   0.12905352724481209     
 mdl_vevT =    246.21961912951551     
 mdl_sqrt__aEW =    8.6956666568672819E-002
 mdl_ee =   0.30825335704310214     
 mdl_gwsh =   0.61338418662494298     
 mdl_vev =    246.21961912951551     
 mdl_g1 =   0.34966952144878632     
 mdl_gw =   0.65296989967087182     
 mdl_ee__exp__2 =    9.5020132128342205E-002
 mdl_gHaa =   -1.9303830602986922E-003
 mdl_gHza =   -6.8546472954154700E-003
 mdl_g1sh =   0.34966952144878632     
 mdl_I1d11 =  (  5.7437078628133041E-102,  0.0000000000000000     )
 mdl_I1d22 =  (  5.7437078628133041E-102,  0.0000000000000000     )
 mdl_I1d33 =  (  2.4008698866559607E-002,  0.0000000000000000     )
 mdl_I2d11 =  (  5.7437078628133041E-102,  0.0000000000000000     )
 mdl_I2d22 =  (  5.7437078628133041E-102,  0.0000000000000000     )
 mdl_I2d33 =  ( 0.99481020183926416     ,  0.0000000000000000     )
 mdl_I3d11 =  (  5.7437078628133041E-102,  0.0000000000000000     )
 mdl_I3d22 =  (  5.7437078628133041E-102,  0.0000000000000000     )
 mdl_I3d33 =  (  2.4008698866559607E-002,  0.0000000000000000     )
 mdl_I4d11 =  (  5.7437078628133041E-102,  0.0000000000000000     )
 mdl_I4d22 =  (  5.7437078628133041E-102,  0.0000000000000000     )
 mdl_I4d33 =  ( 0.99481020183926416     ,  0.0000000000000000     )
 mdl_I5d11 =  (  5.7437078628133041E-102,  0.0000000000000000     )
 mdl_I5d22 =  (  5.7437078628133041E-102,  0.0000000000000000     )
 mdl_I5d33 =  (  2.4008698866559607E-002,  0.0000000000000000     )
 mdl_I6d11 =  (  5.7437078628133041E-102,  0.0000000000000000     )
 mdl_I6d22 =  (  5.7437078628133041E-102,  0.0000000000000000     )
 mdl_I6d33 =  ( 0.99481020183926416     ,  0.0000000000000000     )
 mdl_ee__exp__3 =    2.9290274715240611E-002
 mdl_vevhat__exp__3 =    14926843.019948866     
  Internal Params evaluated point by point
  ----------------------------------------
  
 mdl_sqrt__aS =   0.34365680554879169     
 mdl_G__exp__2 =    1.4840883695558185     
 mdl_gHgg =    3.2334372328970845E-003
 mdl_G__exp__3 =  (  1.8079634332366095     ,  0.0000000000000000     )
  Couplings of SMEFTsim_A_U35_MwScheme_UFO_v3_1-cHW_massless
  ---------------------------------
  
         GC_1 =   0.00000E+00   0.10275E+00
         GC_2 =  -0.00000E+00  -0.20550E+00
         GC_3 =  -0.00000E+00  -0.30825E+00
       GC_255 =  -0.00000E+00  -0.42637E+00
       GC_278 =  -0.00000E+00  -0.37035E+00
       GC_280 =  -0.00000E+00  -0.57563E+00
       GC_328 =  -0.00000E+00  -0.55024E-01
       GC_329 =   0.00000E+00   0.11005E+00
       GC_330 =  -0.00000E+00  -0.16507E+00
       GC_387 =   0.00000E+00   0.98488E-03
       GC_400 =   0.00000E+00   0.52490E+02
       GC_809 =  -0.00000E+00  -0.72171E-02
      GC_1073 =  -0.00000E+00  -0.46172E+00

 Collider parameters:
 --------------------

 Running at P P   machine @    13000.000000000000       GeV
 PDF set = lhapdf 
 alpha_s(Mz)= 0.1247 running at 1 loops.
 alpha_s(Mz)= 0.1247 running at 1 loops.
 Renormalization scale set on event-by-event basis
 Factorization   scale set on event-by-event basis


 getting user params
Enter number of events and max and min iterations: 
 Number of events and iterations         2000           8           3
Enter desired fractional accuracy: 
 Desired fractional accuracy:    1.0000000000000000E-002
Enter 0 for fixed, 2 for adjustable grid: 
Suppress amplitude (0 no, 1 yes)? 
 Using suppressed amplitude.
Exact helicity sum (0 yes, n = number/event)? 
 Explicitly summing over helicities
Enter Configuration Number: 
Running Configuration Number:  132
 Not subdividing B.W.
 Attempting mappinvarients           1           8
 Completed mapping           8
 about to integrate           16        2000           8           3          16           1
 Using non-zero grid deformation.
 16 dimensions   2000 events 16 invarients  8 iterations  1 config(s),  (0.99)
 Using h-tuple random number sequence.
 Error opening grid
 Using Uniform Grid!          32
 Using uniform alpha   1.0000000000000000     
 Grid defined OK
 Set CM energy to      13000.00
 Mapping Graph         132  to config         132
 Setting BW          -1           1   80.387000000000000     
Setting grid   2    0.18685E-07   1
 Warning: No cutoff for shat integral found
          Minimum set to    5.9171597633136107E-009
Setting grid   3    0.59172E-08   1
 Warning: No cutoff for shat integral found
          Minimum set to    5.9171597633136107E-009
Setting grid   4    0.59172E-08   1
Setting grid   5    0.59172E-06   1
 Transforming s_hat 1/s           15   5.9171597633136108E-005   10000.000000000000        168999999.99999997     
 132   1   2   3   4   5   6   7   8   9  10  11  12  13  14
  15  16
 Masses: 0.000E+00 0.000E+00 0.000E+00 0.178E+01 0.000E+00 0.000E+00 0.000E+00 0.000E+00
Using random seed offsets   132 :      5
  with seed                   24
 Ranmar initialization seeds       31190        9402
 
 ********************************************
 * You are using the DiscreteSampler module *
 *      part of the MG5_aMC framework       *
 *         Author: Valentin Hirschi         *
 ********************************************
 
  Particle       3       4       5       6       7       8
      Et >     0.0     0.0     0.0     0.0    10.0    10.0
       E >     0.0     0.0     0.0     0.0     0.0     0.0
     Eta <    -1.0    -1.0    -1.0    -1.0     6.5     6.5
   xqcut:      0.0     0.0     0.0     0.0     0.0     0.0
d R # 3  >    -0.0     0.4     0.0     0.0     0.4     0.4
d R # 4  >    -0.0    -0.0     0.0     0.0     0.4     0.4
d R # 5  >    -0.0    -0.0    -0.0     0.0     0.0     0.0
d R # 6  >    -0.0    -0.0    -0.0    -0.0     0.0     0.0
d R # 7  >    -0.0    -0.0    -0.0    -0.0    -0.0     0.4
s min # 3>     0.0     0.0     0.0     0.0     0.0     0.0
s min # 4>     0.0     0.0     0.0     0.0     0.0     0.0
s min # 5>     0.0     0.0     0.0     0.0     0.0     0.0
s min # 6>     0.0     0.0     0.0     0.0     0.0     0.0
s min # 7>     0.0     0.0     0.0     0.0     0.0 10000.0
xqcutij # 3>     0.0     0.0     0.0     0.0     0.0     0.0
xqcutij # 4>     0.0     0.0     0.0     0.0     0.0     0.0
xqcutij # 5>     0.0     0.0     0.0     0.0     0.0     0.0
xqcutij # 6>     0.0     0.0     0.0     0.0     0.0     0.0
xqcutij # 7>     0.0     0.0     0.0     0.0     0.0     0.0
 No cut BW           -1           1
 No cut BW           -5           2
 alpha_s for scale    39.397131832786130       is   0.14479861590426724     
 Added good helicity          193   255.91549310690849       in event            1 local:           1
 Added good helicity          209   8.4506893091516141E-002  in event            1 local:           1
 Added good helicity          193   255.91360425549595       in event            1 local:           1
 Added good helicity          209   8.6395744504030328E-002  in event            1 local:           1
 RESET CUMULATIVE VARIABLE
 RESET CUMULATIVE VARIABLE
 RESET CUMULATIVE VARIABLE
 Iteration  1   Mean: -.1809E-07 Abs mean: 0.3654E-07   Fluctuation:  0.263E-07   0.525E-04     3.6%
  1   -0.1809E-07 0.3654E-07 +- 0.2633E-07     32.23
 Writing out events   6.2836439193358980E-011   32.227263312664547     
 Relative summed weights:
  0.1191E+00  0.0000E+00  0.0000E+00  0.0000E+00  0.1287E-01  0.0000E+00  0.0000E+00  0.0000E+00  0.0000E+00  0.0000E+00  0.0000E+00  0.0000E+00  0.0000E+00  0.0000E+00
  0.1489E+00  0.0000E+00  0.1214E+00  0.1349E+00  0.2480E-01  0.0000E+00  0.2432E+00  0.2836E-01  0.0000E+00  0.0000E+00  0.1481E+00  0.1722E-01  0.6511E-03  0.4223E-03
 Relative number of events:
  0.2077E+00  0.0000E+00  0.0000E+00  0.0000E+00  0.3461E-01  0.0000E+00  0.0000E+00  0.0000E+00  0.0000E+00  0.0000E+00  0.0000E+00  0.0000E+00  0.0000E+00  0.0000E+00
  0.2003E+00  0.0000E+00  0.9352E-01  0.1274E+00  0.3829E-01  0.0000E+00  0.5449E-01  0.4197E-01  0.0000E+00  0.0000E+00  0.7658E-01  0.6701E-01  0.3019E-01  0.2798E-01
 Events:
         282           0           0           0          47           0           0           0           0           0           0           0           0           0
         272           0         127         173          52           0          74          57           0           0         104          91          41          38
 Iteration  2   Mean: 0.4462E-08 Abs mean: 0.8847E-08   Fluctuation:  0.168E-08   0.362E-05    51.0%
  2    0.4462E-08 0.8847E-08 +- 0.1678E-08     11.99
 Relative summed weights:
  0.4660E+00  0.0000E+00  0.0000E+00  0.0000E+00  0.2931E-01  0.0000E+00  0.0000E+00  0.0000E+00  0.0000E+00  0.0000E+00  0.0000E+00  0.0000E+00  0.0000E+00  0.0000E+00
  0.3517E+00  0.0000E+00  0.4213E-01  0.3993E-01  0.1807E-01  0.0000E+00  0.1319E-01  0.7079E-02  0.0000E+00  0.0000E+00  0.1191E-01  0.1700E-01  0.2913E-02  0.8069E-03
 Relative number of events:
  0.2557E+00  0.0000E+00  0.0000E+00  0.0000E+00  0.2455E-01  0.0000E+00  0.0000E+00  0.0000E+00  0.0000E+00  0.0000E+00  0.0000E+00  0.0000E+00  0.0000E+00  0.0000E+00
  0.2775E+00  0.0000E+00  0.9899E-01  0.8613E-01  0.3079E-01  0.0000E+00  0.3780E-01  0.4053E-01  0.0000E+00  0.0000E+00  0.4793E-01  0.5924E-01  0.2143E-01  0.1949E-01
 Events:
         656           0           0           0          63           0           0           0           0           0           0           0           0           0
         712           0         254         221          79           0          97         104           0           0         123         152          55          50
 Iteration  3   Mean: 0.7664E-08 Abs mean: 0.1606E-07   Fluctuation:  0.324E-08   0.220E-04    64.9%
  3    0.7664E-08 0.1606E-07 +- 0.3238E-08     18.03
 Relative summed weights:
  0.2161E+00  0.0000E+00  0.0000E+00  0.0000E+00  0.7371E-02  0.0000E+00  0.0000E+00  0.0000E+00  0.0000E+00  0.0000E+00  0.0000E+00  0.0000E+00  0.0000E+00  0.0000E+00
  0.5170E+00  0.0000E+00  0.3632E-01  0.8065E-01  0.3038E-01  0.0000E+00  0.8994E-02  0.3609E-01  0.0000E+00  0.0000E+00  0.4598E-01  0.1538E-01  0.4558E-02  0.1173E-02
 Relative number of events:
  0.2792E+00  0.0000E+00  0.0000E+00  0.0000E+00  0.2889E-01  0.0000E+00  0.0000E+00  0.0000E+00  0.0000E+00  0.0000E+00  0.0000E+00  0.0000E+00  0.0000E+00  0.0000E+00
  0.2941E+00  0.0000E+00  0.8767E-01  0.8549E-01  0.2217E-01  0.0000E+00  0.3483E-01  0.3740E-01  0.0000E+00  0.0000E+00  0.5244E-01  0.4156E-01  0.1821E-01  0.1801E-01
 Events:
        1411           0           0           0         146           0           0           0           0           0           0           0           0           0
        1486           0         443         432         112           0         176         189           0           0         265         210          92          91
 Accuracy:    0.309   0.010   0.136   5.179
 Found          514  events.
 Wrote            7  events.
 Actual xsec    5.1128093065669079E-009
 Correct abs xsec    1.3095585226826419E-008
 Event xsec    1.3095585226826419E-008
 Events wgts > 1:            1
 % Cross section > 1:    8.6344211370449959E-017   6.5933831802776634E-007
 Iteration  4   Mean: 0.6043E-08 Abs mean: 0.1694E-07   Fluctuation:  0.134E-08   0.101E-04    71.7%
  4    0.6043E-08 0.1694E-07 +- 0.1340E-08     10.00
 Relative summed weights:
  0.2980E+00  0.0000E+00  0.0000E+00  0.0000E+00  0.9216E-02  0.0000E+00  0.0000E+00  0.0000E+00  0.0000E+00  0.0000E+00  0.0000E+00  0.0000E+00  0.0000E+00  0.0000E+00
  0.3442E+00  0.0000E+00  0.1113E+00  0.5533E-01  0.1733E-01  0.0000E+00  0.6643E-01  0.2513E-01  0.0000E+00  0.0000E+00  0.3020E-01  0.3495E-01  0.2750E-02  0.5162E-02
 Relative number of events:
  0.3161E+00  0.0000E+00  0.0000E+00  0.0000E+00  0.1581E-01  0.0000E+00  0.0000E+00  0.0000E+00  0.0000E+00  0.0000E+00  0.0000E+00  0.0000E+00  0.0000E+00  0.0000E+00
  0.3112E+00  0.0000E+00  0.9366E-01  0.8248E-01  0.1833E-01  0.0000E+00  0.3152E-01  0.2800E-01  0.0000E+00  0.0000E+00  0.3958E-01  0.3958E-01  0.1249E-01  0.1128E-01
 Events:
        3139           0           0           0         157           0           0           0           0           0           0           0           0           0
        3090           0         930         819         182           0         313         278           0           0         393         393         124         112
 Accuracy:    0.120   0.010   0.068   3.107
 Found          952  events.
 Wrote           25  events.
 Actual xsec    6.0237828933047283E-009
 Correct abs xsec    1.5779991618594518E-008
 Event xsec    1.5779991618594518E-008
 Events wgts > 1:            2
 % Cross section > 1:    1.7558418745172049E-010   1.1127013986802059     
 Iteration  5   Mean: 0.7452E-08 Abs mean: 0.1670E-07   Fluctuation:  0.747E-09   0.909E-05    77.2%
  5    0.7452E-08 0.1670E-07 +- 0.7468E-09      8.00
 Relative summed weights:
  0.3378E+00  0.0000E+00  0.0000E+00  0.0000E+00  0.1155E-01  0.0000E+00  0.0000E+00  0.0000E+00  0.0000E+00  0.0000E+00  0.0000E+00  0.0000E+00  0.0000E+00  0.0000E+00
  0.3744E+00  0.0000E+00  0.6036E-01  0.7378E-01  0.2116E-01  0.0000E+00  0.1619E-01  0.2498E-01  0.0000E+00  0.0000E+00  0.3633E-01  0.3804E-01  0.2199E-02  0.3187E-02
 Relative number of events:
  0.3217E+00  0.0000E+00  0.0000E+00  0.0000E+00  0.1565E-01  0.0000E+00  0.0000E+00  0.0000E+00  0.0000E+00  0.0000E+00  0.0000E+00  0.0000E+00  0.0000E+00  0.0000E+00
  0.3190E+00  0.0000E+00  0.8391E-01  0.8651E-01  0.1371E-01  0.0000E+00  0.3059E-01  0.3089E-01  0.0000E+00  0.0000E+00  0.3890E-01  0.3767E-01  0.1091E-01  0.1050E-01
 Events:
        6311           0           0           0         307           0           0           0           0           0           0           0           0           0
        6258           0        1646        1697         269           0         600         606           0           0         763         739         214         206
 Accuracy:    0.056   0.010   0.037   2.262
 Found         2171  events.
 Wrote           93  events.
 Actual xsec    7.1305257962424383E-009
 Correct abs xsec    1.6735676750078090E-008
 Event xsec    1.6735676750078086E-008
 Events wgts > 1:            2
 % Cross section > 1:    1.6260278472374193E-010  0.97159372251249565     
 Iteration  6   Mean: 0.7710E-08 Abs mean: 0.1814E-07   Fluctuation:  0.599E-09   0.263E-04    79.6%
  6    0.7710E-08 0.1814E-07 +- 0.5993E-09      8.36
 Relative summed weights:
  0.3396E+00  0.0000E+00  0.0000E+00  0.0000E+00  0.3765E-02  0.0000E+00  0.0000E+00  0.0000E+00  0.0000E+00  0.0000E+00  0.0000E+00  0.0000E+00  0.0000E+00  0.0000E+00
  0.3450E+00  0.0000E+00  0.8129E-01  0.9087E-01  0.5212E-02  0.0000E+00  0.3217E-01  0.2186E-01  0.0000E+00  0.0000E+00  0.4230E-01  0.2926E-01  0.4645E-02  0.3990E-02
 Relative number of events:
  0.3289E+00  0.0000E+00  0.0000E+00  0.0000E+00  0.1366E-01  0.0000E+00  0.0000E+00  0.0000E+00  0.0000E+00  0.0000E+00  0.0000E+00  0.0000E+00  0.0000E+00  0.0000E+00
  0.3321E+00  0.0000E+00  0.8258E-01  0.8202E-01  0.1351E-01  0.0000E+00  0.2676E-01  0.2747E-01  0.0000E+00  0.0000E+00  0.3810E-01  0.3614E-01  0.9131E-02  0.9665E-02
 Events:
       12930           0           0           0         537           0           0           0           0           0           0           0           0           0
       13058           0        3247        3225         531           0        1052        1080           0           0        1498        1421         359         380
 Accuracy:    0.038   0.010   0.025   2.347
 Found         5248  events.
 Wrote           51  events.
 Actual xsec    7.4591504796680900E-009
 Correct abs xsec    1.7560926964287768E-008
 Event xsec    1.7560926964287788E-008
 Events wgts > 1:            1
 % Cross section > 1:    9.9670173549945337E-018   5.6756783826182050E-008
 Iteration  7   Mean: 0.9319E-08 Abs mean: 0.1865E-07   Fluctuation:  0.394E-09   0.291E-04    82.0%
  7    0.9319E-08 0.1865E-07 +- 0.3938E-09      7.55
 Relative summed weights:
  0.3398E+00  0.0000E+00  0.0000E+00  0.0000E+00  0.7554E-02  0.0000E+00  0.0000E+00  0.0000E+00  0.0000E+00  0.0000E+00  0.0000E+00  0.0000E+00  0.0000E+00  0.0000E+00
  0.3399E+00  0.0000E+00  0.7581E-01  0.8334E-01  0.7246E-02  0.0000E+00  0.3176E-01  0.2767E-01  0.0000E+00  0.0000E+00  0.3862E-01  0.4004E-01  0.4955E-02  0.3249E-02
 Relative number of events:
  0.3336E+00  0.0000E+00  0.0000E+00  0.0000E+00  0.1234E-01  0.0000E+00  0.0000E+00  0.0000E+00  0.0000E+00  0.0000E+00  0.0000E+00  0.0000E+00  0.0000E+00  0.0000E+00
Thanks for using LHAPDF 6.2.1. Please make sure to cite the paper:
  Eur.Phys.J. C75 (2015) 3, 132  (http://arxiv.org/abs/1412.7420)
  0.3331E+00  0.0000E+00  0.8316E-01  0.8029E-01  0.1261E-01  0.0000E+00  0.2793E-01  0.2764E-01  0.0000E+00  0.0000E+00  0.3609E-01  0.3548E-01  0.9167E-02  0.8598E-02
 Events:
       26383           0           0           0         976           0           0           0           0           0           0           0           0           0
       26346           0        6577        6350         997           0        2209        2186           0           0        2854        2806         725         680
 Accuracy:    0.026   0.010   0.016   2.539
 Found        10815  events.
 Wrote          174  events.
 Actual xsec    8.6611443373101754E-009
 Correct abs xsec    1.8256053596187977E-008
 Event xsec    1.8256053596188013E-008
 Events wgts > 1:            2
 % Cross section > 1:    1.8501352150137542E-010   1.0134365596955055     
 Iteration  8   Mean: 0.8977E-08 Abs mean: 0.1852E-07   Fluctuation:  0.175E-09   0.111E-04    83.9%
  8    0.8977E-08 0.1852E-07 +- 0.1751E-09      4.78
 Exceeded boost           4          96   256000.000    
 Exceeded boost          13          95   256000.000    
 Relative summed weights:
  0.3423E+00  0.0000E+00  0.0000E+00  0.0000E+00  0.6147E-02  0.0000E+00  0.0000E+00  0.0000E+00  0.0000E+00  0.0000E+00  0.0000E+00  0.0000E+00  0.0000E+00  0.0000E+00
  0.3496E+00  0.0000E+00  0.8024E-01  0.8490E-01  0.7333E-02  0.0000E+00  0.2673E-01  0.2398E-01  0.0000E+00  0.0000E+00  0.3386E-01  0.3634E-01  0.4205E-02  0.4374E-02
 Relative number of events:
  0.3405E+00  0.0000E+00  0.0000E+00  0.0000E+00  0.1206E-01  0.0000E+00  0.0000E+00  0.0000E+00  0.0000E+00  0.0000E+00  0.0000E+00  0.0000E+00  0.0000E+00  0.0000E+00
  0.3368E+00  0.0000E+00  0.8014E-01  0.8101E-01  0.1225E-01  0.0000E+00  0.2664E-01  0.2618E-01  0.0000E+00  0.0000E+00  0.3458E-01  0.3477E-01  0.7495E-02  0.7609E-02
 Events:
       54064           0           0           0        1914           0           0           0           0           0           0           0           0           0
       53466           0       12723       12861        1945           0        4229        4156           0           0        5490        5520        1190        1208
 Accuracy:    0.012   0.010   0.008   2.293
 Found        22339  events.
 Wrote         1641  events.
 Actual xsec    8.9499301047668400E-009
 Correct abs xsec    1.8516435171572752E-008
 Event xsec    1.8516435171572596E-008
 Events wgts > 1:           24
 % Cross section > 1:    1.8157052079168882E-010  0.98059112949800076     

 -------------------------------------------------------------------------------
 Accumulated results:   Integral =  0.1842E-07
                        Std dev  =  0.1501E-09
                       Cross sec =  0.8856E-08
             Chi**2 per DoF.     =      2.2931
 -------------------------------------------------------------------------------
-------------------------------------------------
---------------------------
 Results Last   3 iters: Integral =   0.8950E-08
                     Abs integral =   0.1852E-07
                          Std dev =   0.1546E-09
                  Chi**2 per DoF. =      0.2583
-------------------------------------------------
---------------------------
 Status   1.0000000000000000E-002           9           8

ls status:
events.lhe
ftn26
input_app.txt
results.dat
run1_app.log
