==== LHAPDF6 USING DEFAULT-TYPE LHAGLUE INTERFACE ====
LHAPDF 6.2.1 loading /cvmfs/cms.cern.ch/slc6_amd64_gcc630/external/lhapdf/6.2.1-ghjeda2/share/LHAPDF/NNPDF30_lo_as_0130_nf_4/NNPDF30_lo_as_0130_nf_4_0000.dat
NNPDF30_lo_as_0130_nf_4 PDF set, member #0, version 2; LHAPDF ID = 263400
 Process in group number            1
 A PDF is used, so alpha_s(MZ) is going to be modified
 Old value of alpha_s from param_card:   0.11810000000000001     
 New value of alpha_s from PDF lhapdf :  0.12470044313224841     
 using LHAPDF
 Define smin to   10000.000000000000     
 Define smin to   10000.000000000000     
 Define smin to   10000.000000000000     
 Define smin to   10000.000000000000     
 Define smin to   10000.000000000000     
 Define smin to   10000.000000000000     
 Define smin to   10000.000000000000     
 Define smin to   10000.000000000000     
 Define smin to   10000.000000000000     
 Define smin to   10000.000000000000     
 Define smin to   10000.000000000000     
 Define smin to   10000.000000000000     
 Define smin to   10000.000000000000     
 Define smin to   10000.000000000000     
 Define smin to   10000.000000000000     
 Define smin to   10000.000000000000     
 *****************************************************
 *               MadGraph/MadEvent                   *
 *        --------------------------------           *
 *          http://madgraph.hep.uiuc.edu             *
 *          http://madgraph.phys.ucl.ac.be           *
 *          http://madgraph.roma2.infn.it            *
 *        --------------------------------           *
 *                                                   *
 *          PARAMETER AND COUPLING VALUES            *
 *                                                   *
 *****************************************************

  External Params
  ---------------------------------
  
 mdl_MW0 =    80.387000000000000     
 mdl_Gf =    1.1663789999999999E-005
 aS =   0.11810000000000001     
 mdl_ymdo =    1.0000000000000000E-099
 mdl_ymb =    4.1799999999999997     
 mdl_ymt =    173.19999999999999     
 mdl_ymtau =    1.7769999999999999     
 mdl_LambdaSMEFT =    1000.0000000000000     
 mdl_cW =    1.0000000000000000     
 mdl_MZ =    91.187600000000003     
 mdl_MTA =    1.7769999999999999     
 mdl_MT =    173.19999999999999     
 mdl_MB =    4.1799999999999997     
 mdl_MH =    125.09000000000000     
 mdl_WZ =    2.4952000000000001     
 mdl_WW =    2.0850000000000000     
 mdl_WT =    1.5083359999999999     
 mdl_WH =    4.0699999999999998E-003
  Internal Params
  ---------------------------------
  
 mdl_ymm =    1.0000000000000000E-099
 mdl_yme =    1.0000000000000000E-099
 mdl_ymc =    1.0000000000000000E-099
 mdl_yms =    1.0000000000000000E-099
 mdl_ymup =    1.0000000000000000E-099
 mdl_conjg__CKM3x3 =    1.0000000000000000     
 mdl_cH =    0.0000000000000000     
 mdl_cHB =    0.0000000000000000     
 mdl_CKM2x2 =    1.0000000000000000     
 mdl_CKM1x1 =    1.0000000000000000     
 mdl_conjg__CKM1x1 =    1.0000000000000000     
 mdl_dGf =    0.0000000000000000     
 mdl_CKM3x3 =    1.0000000000000000     
 mdl_dMH2 =    0.0000000000000000     
 mdl_conjg__CKM2x2 =    1.0000000000000000     
 mdl_dg1 =    0.0000000000000000     
 mdl_cHW =    0.0000000000000000     
 mdl_dgw =    0.0000000000000000     
 mdl_complexi =  (  0.0000000000000000     ,  1.0000000000000000     )
 mdl_MW =    80.387000000000000     
 mdl_nb__2__exp__0_25 =    1.1892071150027210     
 mdl_MH__exp__2 =    15647.508100000001     
 mdl_sqrt__2 =    1.4142135623730951     
 mdl_MW__exp__2 =    6462.0697689999997     
 mdl_MZ__exp__2 =    8315.1783937600012     
 mdl_sth2 =   0.22285855299877133     
 mdl_MH__exp__6 =    3831206449390.3818     
 mdl_MT__exp__6 =    26995248278778.535     
 mdl_MH__exp__4 =    244844509.73956564     
 mdl_MT__exp__4 =    899894403.09759963     
 mdl_MT__exp__2 =    29998.239999999994     
 mdl_LambdaSMEFT__exp__2 =    1000000.0000000000     
 mdl_cth =   0.88155626422890820     
 mdl_sqrt__sth2 =   0.47207896902824564     
 mdl_sth =   0.47207896902824564     
 mdl_MW0__exp__6 =    269845343347.69711     
 mdl_MW0__exp__4 =    41758345.699423708     
 mdl_MW0__exp__2 =    6462.0697689999997     
 mdl_MZ__exp__4 =    69142191.720053151     
 mdl_MZ__exp__6 =    574929658687.79749     
 mdl_cth__exp__2 =   0.77714144700122867     
 mdl_sth__exp__2 =   0.22285855299877130     
 mdl_sth__exp__3 =   0.10520683593878660     
 mdl_cth__exp__3 =   0.68509391079585125     
 mdl_sth__exp__4 =    4.9665934644706158E-002
 mdl_sqrt__Gf =    3.4152291284773265E-003
 mdl_vevhat =    246.21961912951551     
 mdl_lam =   0.12905352724481209     
 mdl_aEW =    7.5614618607353409E-003
 mdl_yb =    2.4008698866559607E-002
 mdl_yc =    5.7437078628133041E-102
 mdl_ydo =    5.7437078628133041E-102
 mdl_ye =    5.7437078628133041E-102
 mdl_ym =    5.7437078628133041E-102
 mdl_ys =    5.7437078628133041E-102
 mdl_yt =   0.99481020183926416     
 mdl_ytau =    1.0206568872219240E-002
 mdl_yup =    5.7437078628133041E-102
 mdl_vevhat__exp__2 =    60624.100844283676     
 mdl_barlam =   0.12905352724481209     
 mdl_vevT =    246.21961912951551     
 mdl_sqrt__aEW =    8.6956666568672819E-002
 mdl_ee =   0.30825335704310214     
 mdl_gwsh =   0.65296989967087182     
 mdl_vev =    246.21961912951551     
 mdl_g1 =   0.34966952144878632     
 mdl_gw =   0.65296989967087182     
 mdl_ee__exp__2 =    9.5020132128342205E-002
 mdl_gHaa =   -1.9303830602986922E-003
 mdl_gHza =   -6.8546472954154700E-003
 mdl_g1sh =   0.34966952144878632     
 mdl_I1d11 =  (  5.7437078628133041E-102,  0.0000000000000000     )
 mdl_I1d22 =  (  5.7437078628133041E-102,  0.0000000000000000     )
 mdl_I1d33 =  (  2.4008698866559607E-002,  0.0000000000000000     )
 mdl_I2d11 =  (  5.7437078628133041E-102,  0.0000000000000000     )
 mdl_I2d22 =  (  5.7437078628133041E-102,  0.0000000000000000     )
 mdl_I2d33 =  ( 0.99481020183926416     ,  0.0000000000000000     )
 mdl_I3d11 =  (  5.7437078628133041E-102,  0.0000000000000000     )
 mdl_I3d22 =  (  5.7437078628133041E-102,  0.0000000000000000     )
 mdl_I3d33 =  (  2.4008698866559607E-002,  0.0000000000000000     )
 mdl_I4d11 =  (  5.7437078628133041E-102,  0.0000000000000000     )
 mdl_I4d22 =  (  5.7437078628133041E-102,  0.0000000000000000     )
 mdl_I4d33 =  ( 0.99481020183926416     ,  0.0000000000000000     )
 mdl_I5d11 =  (  5.7437078628133041E-102,  0.0000000000000000     )
 mdl_I5d22 =  (  5.7437078628133041E-102,  0.0000000000000000     )
 mdl_I5d33 =  (  2.4008698866559607E-002,  0.0000000000000000     )
 mdl_I6d11 =  (  5.7437078628133041E-102,  0.0000000000000000     )
 mdl_I6d22 =  (  5.7437078628133041E-102,  0.0000000000000000     )
 mdl_I6d33 =  ( 0.99481020183926416     ,  0.0000000000000000     )
 mdl_ee__exp__3 =    2.9290274715240611E-002
 mdl_vevhat__exp__3 =    14926843.019948866     
  Internal Params evaluated point by point
  ----------------------------------------
  
 mdl_sqrt__aS =   0.34365680554879169     
 mdl_G__exp__2 =    1.4840883695558185     
 mdl_gHgg =    3.2334372328970845E-003
 mdl_G__exp__3 =  (  1.8079634332366095     ,  0.0000000000000000     )
  Couplings of SMEFTsim_A_U35_MwScheme_UFO_v3_1-cW_massless
  ---------------------------------
  
        GC_64 =   0.00000E+00   0.52893E-05
       GC_345 =   0.00000E+00   0.28325E-05
         GC_1 =   0.00000E+00   0.10275E+00
         GC_2 =  -0.00000E+00  -0.20550E+00
         GC_3 =  -0.00000E+00  -0.30825E+00
       GC_278 =  -0.00000E+00  -0.37035E+00
       GC_280 =  -0.00000E+00  -0.57563E+00
       GC_318 =   0.00000E+00   0.39178E-05
       GC_328 =  -0.00000E+00  -0.55024E-01
       GC_329 =   0.00000E+00   0.11005E+00
       GC_330 =  -0.00000E+00  -0.16507E+00
      GC_1073 =  -0.00000E+00  -0.46172E+00

 Collider parameters:
 --------------------

 Running at P P   machine @    13000.000000000000       GeV
 PDF set = lhapdf 
 alpha_s(Mz)= 0.1247 running at 1 loops.
 alpha_s(Mz)= 0.1247 running at 1 loops.
 Renormalization scale set on event-by-event basis
 Factorization   scale set on event-by-event basis


 getting user params
Enter number of events and max and min iterations: 
 Number of events and iterations         2000           8           3
Enter desired fractional accuracy: 
 Desired fractional accuracy:    1.0000000000000000E-002
Enter 0 for fixed, 2 for adjustable grid: 
Suppress amplitude (0 no, 1 yes)? 
 Using suppressed amplitude.
Exact helicity sum (0 yes, n = number/event)? 
 Explicitly summing over helicities
Enter Configuration Number: 
Running Configuration Number:   97
 Not subdividing B.W.
 Attempting mappinvarients           1           8
 Completed mapping           8
 about to integrate           16        2000           8           3          16           1
 Using non-zero grid deformation.
 16 dimensions   2000 events 16 invarients  8 iterations  1 config(s),  (0.99)
 Using h-tuple random number sequence.
 Error opening grid
 Using Uniform Grid!          32
 Using uniform alpha   1.0000000000000000     
 Grid defined OK
 Set CM energy to      13000.00
 Mapping Graph          97  to config          97
 Setting BW          -1           1   80.387000000000000     
 Setting BW          -2           2   80.387000000000000     
 Warning: No cutoff for shat integral found
          Minimum set to    5.9171597633136107E-009
Setting grid   3    0.59172E-08   1
 Warning: No cutoff for shat integral found
          Minimum set to    5.9171597633136107E-009
Setting grid   4    0.59172E-08   1
Setting grid   5    0.59172E-06   1
 Transforming s_hat 1/s           15   1.1585044837869826E-004   10000.000000000000        168999999.99999997     
  97   1   2   3   4   5   6   7   8   9  10  11  12  13  14
  15  16
 Masses: 0.000E+00 0.000E+00 0.000E+00 0.000E+00 0.000E+00 0.000E+00 0.000E+00 0.000E+00
Using random seed offsets    97 :      1
  with seed                   24
 Ranmar initialization seeds       31155        9398
 
 ********************************************
 * You are using the DiscreteSampler module *
 *      part of the MG5_aMC framework       *
 *         Author: Valentin Hirschi         *
 ********************************************
 
  Particle       3       4       5       6       7       8
      Et >     0.0     0.0     0.0     0.0    10.0    10.0
       E >     0.0     0.0     0.0     0.0     0.0     0.0
     Eta <    -1.0    -1.0    -1.0    -1.0     6.5     6.5
   xqcut:      0.0     0.0     0.0     0.0     0.0     0.0
d R # 3  >    -0.0     0.4     0.0     0.0     0.4     0.4
d R # 4  >    -0.0    -0.0     0.0     0.0     0.4     0.4
d R # 5  >    -0.0    -0.0    -0.0     0.0     0.0     0.0
d R # 6  >    -0.0    -0.0    -0.0    -0.0     0.0     0.0
d R # 7  >    -0.0    -0.0    -0.0    -0.0    -0.0     0.4
s min # 3>     0.0     0.0     0.0     0.0     0.0     0.0
s min # 4>     0.0     0.0     0.0     0.0     0.0     0.0
s min # 5>     0.0     0.0     0.0     0.0     0.0     0.0
s min # 6>     0.0     0.0     0.0     0.0     0.0     0.0
s min # 7>     0.0     0.0     0.0     0.0     0.0 10000.0
xqcutij # 3>     0.0     0.0     0.0     0.0     0.0     0.0
xqcutij # 4>     0.0     0.0     0.0     0.0     0.0     0.0
xqcutij # 5>     0.0     0.0     0.0     0.0     0.0     0.0
xqcutij # 6>     0.0     0.0     0.0     0.0     0.0     0.0
xqcutij # 7>     0.0     0.0     0.0     0.0     0.0     0.0
 No cut BW           -1           1
 No cut BW           -2           2
 No cut BW           -5           3
 alpha_s for scale    159.22007629087824       is   0.11417568027954114     
 Added good helicity          193   256.00000000000000       in event            1 local:           1
 Added good helicity          193   256.00000000000000       in event            1 local:           1
 RESET CUMULATIVE VARIABLE
 RESET CUMULATIVE VARIABLE
 RESET CUMULATIVE VARIABLE
 Iteration  1   Mean: 0.6847E-05 Abs mean: 0.6847E-05   Fluctuation:  0.381E-05   0.745E-02     6.3%
  1    0.6847E-05 0.6847E-05 +- 0.3810E-05     24.88
 Writing out events   6.7552954960337987E-009   24.884599577857916     
 Relative summed weights:
  0.5674E-01  0.0000E+00  0.0000E+00  0.0000E+00  0.1403E-05  0.0000E+00  0.9403E-01  0.0000E+00  0.0000E+00  0.0000E+00  0.0000E+00  0.0000E+00  0.0000E+00  0.0000E+00  0.0000E+00  0.0000E+00  0.9008E-05  0.0000E+00  0.0000E+00  0.0000E+00  0.0000E+00  0.0000E+00  0.0000E+00  0.0000E+00  0.0000E+00  0.0000E+00  0.0000E+00  0.0000E+00  0.0000E+00  0.0000E+00  0.0000E+00  0.0000E+00
  0.5488E+00  0.0000E+00  0.0000E+00  0.0000E+00  0.1477E-03  0.0000E+00  0.5068E-01  0.0000E+00  0.0000E+00  0.0000E+00  0.0000E+00  0.0000E+00  0.0000E+00  0.0000E+00  0.0000E+00  0.0000E+00  0.4059E-05  0.0000E+00  0.0000E+00  0.0000E+00  0.0000E+00  0.0000E+00  0.0000E+00  0.0000E+00  0.0000E+00  0.0000E+00  0.0000E+00  0.0000E+00  0.0000E+00  0.0000E+00  0.0000E+00  0.0000E+00
  0.7266E-02  0.0000E+00  0.0000E+00  0.0000E+00  0.2053E-03  0.0000E+00  0.0000E+00  0.0000E+00  0.0000E+00  0.0000E+00  0.0000E+00  0.0000E+00  0.0000E+00  0.0000E+00  0.0000E+00  0.0000E+00  0.0000E+00  0.0000E+00  0.0000E+00  0.0000E+00  0.0000E+00  0.0000E+00  0.0000E+00  0.0000E+00  0.0000E+00  0.0000E+00  0.0000E+00  0.0000E+00  0.0000E+00  0.0000E+00  0.0000E+00  0.0000E+00
  0.8993E-02  0.0000E+00  0.0000E+00  0.0000E+00  0.8920E-02  0.0000E+00  0.0000E+00  0.0000E+00  0.0000E+00  0.0000E+00  0.0000E+00  0.0000E+00  0.0000E+00  0.0000E+00  0.0000E+00  0.0000E+00  0.0000E+00  0.0000E+00  0.0000E+00  0.0000E+00  0.0000E+00  0.0000E+00  0.0000E+00  0.0000E+00  0.0000E+00  0.0000E+00  0.0000E+00  0.0000E+00  0.0000E+00  0.0000E+00  0.0000E+00  0.0000E+00
  0.2351E-01  0.0000E+00  0.1746E-03  0.3417E-04  0.4750E-05  0.0000E+00  0.3387E-01  0.0000E+00  0.5089E-03  0.8770E-05  0.0000E+00  0.0000E+00  0.4301E-02  0.1396E-02  0.6903E-04  0.4219E-03  0.6802E-04  0.0000E+00  0.3143E-03  0.5620E-05  0.6357E-03  0.4351E-03  0.0000E+00  0.0000E+00  0.7148E-04  0.6279E-03  0.1039E-05  0.1075E-03  0.0000E+00  0.0000E+00  0.2454E-03  0.2981E-04
  0.6374E-02  0.0000E+00  0.3565E-03  0.5220E-02  0.6067E-05  0.0000E+00  0.1572E-01  0.0000E+00  0.1004E-02  0.6968E-03  0.0000E+00  0.0000E+00  0.3068E-03  0.2775E-01  0.1218E-03  0.7311E-04  0.2812E-04  0.0000E+00  0.4272E-04  0.2494E-03  0.1998E-03  0.1776E-02  0.0000E+00  0.0000E+00  0.2035E-03  0.1197E-03  0.5879E-05  0.4739E-02  0.0000E+00  0.0000E+00  0.6273E-04  0.1451E-02
  0.9653E-02  0.0000E+00  0.7159E-02  0.1003E-02  0.9692E-04  0.0000E+00  0.0000E+00  0.0000E+00  0.8070E-03  0.1349E-03  0.0000E+00  0.0000E+00  0.0000E+00  0.0000E+00  0.8658E-03  0.1818E-04  0.0000E+00  0.0000E+00  0.4753E-05  0.3618E-02  0.0000E+00  0.0000E+00  0.0000E+00  0.0000E+00  0.0000E+00  0.0000E+00  0.0000E+00  0.0000E+00  0.0000E+00  0.0000E+00  0.0000E+00  0.0000E+00
  0.1640E-02  0.0000E+00  0.9288E-02  0.1680E-02  0.2142E-03  0.0000E+00  0.0000E+00  0.0000E+00  0.3137E-03  0.2303E-03  0.0000E+00  0.0000E+00  0.0000E+00  0.0000E+00  0.4119E-04  0.2968E-03  0.0000E+00  0.0000E+00  0.1004E-02  0.5279E-01  0.0000E+00  0.0000E+00  0.0000E+00  0.0000E+00  0.0000E+00  0.0000E+00  0.0000E+00  0.0000E+00  0.0000E+00  0.0000E+00  0.0000E+00  0.0000E+00
 Relative number of events:
  0.3086E-01  0.0000E+00  0.0000E+00  0.0000E+00  0.4978E-02  0.0000E+00  0.5874E-01  0.0000E+00  0.0000E+00  0.0000E+00  0.0000E+00  0.0000E+00  0.0000E+00  0.0000E+00  0.0000E+00  0.0000E+00  0.8960E-02  0.0000E+00  0.0000E+00  0.0000E+00  0.0000E+00  0.0000E+00  0.0000E+00  0.0000E+00  0.0000E+00  0.0000E+00  0.0000E+00  0.0000E+00  0.0000E+00  0.0000E+00  0.0000E+00  0.0000E+00
  0.2937E-01  0.0000E+00  0.0000E+00  0.0000E+00  0.3484E-02  0.0000E+00  0.5525E-01  0.0000E+00  0.0000E+00  0.0000E+00  0.0000E+00  0.0000E+00  0.0000E+00  0.0000E+00  0.0000E+00  0.0000E+00  0.4978E-02  0.0000E+00  0.0000E+00  0.0000E+00  0.0000E+00  0.0000E+00  0.0000E+00  0.0000E+00  0.0000E+00  0.0000E+00  0.0000E+00  0.0000E+00  0.0000E+00  0.0000E+00  0.0000E+00  0.0000E+00
  0.2837E-01  0.0000E+00  0.0000E+00  0.0000E+00  0.7964E-02  0.0000E+00  0.0000E+00  0.0000E+00  0.0000E+00  0.0000E+00  0.0000E+00  0.0000E+00  0.0000E+00  0.0000E+00  0.0000E+00  0.0000E+00  0.0000E+00  0.0000E+00  0.0000E+00  0.0000E+00  0.0000E+00  0.0000E+00  0.0000E+00  0.0000E+00  0.0000E+00  0.0000E+00  0.0000E+00  0.0000E+00  0.0000E+00  0.0000E+00  0.0000E+00  0.0000E+00
  0.2290E-01  0.0000E+00  0.0000E+00  0.0000E+00  0.6969E-02  0.0000E+00  0.0000E+00  0.0000E+00  0.0000E+00  0.0000E+00  0.0000E+00  0.0000E+00  0.0000E+00  0.0000E+00  0.0000E+00  0.0000E+00  0.0000E+00  0.0000E+00  0.0000E+00  0.0000E+00  0.0000E+00  0.0000E+00  0.0000E+00  0.0000E+00  0.0000E+00  0.0000E+00  0.0000E+00  0.0000E+00  0.0000E+00  0.0000E+00  0.0000E+00  0.0000E+00
  0.3484E-01  0.0000E+00  0.8462E-02  0.1095E-01  0.5475E-02  0.0000E+00  0.4430E-01  0.0000E+00  0.7466E-02  0.5973E-02  0.0000E+00  0.0000E+00  0.2688E-01  0.2937E-01  0.9955E-02  0.1045E-01  0.9955E-02  0.0000E+00  0.6471E-02  0.4480E-02  0.1095E-01  0.1195E-01  0.0000E+00  0.0000E+00  0.8960E-02  0.1344E-01  0.1493E-02  0.1991E-02  0.0000E+00  0.0000E+00  0.6969E-02  0.5475E-02
  0.3285E-01  0.0000E+00  0.9457E-02  0.1095E-01  0.6969E-02  0.0000E+00  0.5127E-01  0.0000E+00  0.6471E-02  0.7466E-02  0.0000E+00  0.0000E+00  0.2738E-01  0.2937E-01  0.4480E-02  0.5973E-02  0.9457E-02  0.0000E+00  0.1493E-02  0.4480E-02  0.9955E-02  0.1444E-01  0.0000E+00  0.0000E+00  0.1294E-01  0.9955E-02  0.3484E-02  0.6471E-02  0.0000E+00  0.0000E+00  0.9457E-02  0.6471E-02
  0.2588E-01  0.0000E+00  0.1244E-01  0.1195E-01  0.4978E-02  0.0000E+00  0.0000E+00  0.0000E+00  0.6969E-02  0.1991E-02  0.0000E+00  0.0000E+00  0.0000E+00  0.0000E+00  0.5973E-02  0.4480E-02  0.0000E+00  0.0000E+00  0.3484E-02  0.6969E-02  0.0000E+00  0.0000E+00  0.0000E+00  0.0000E+00  0.0000E+00  0.0000E+00  0.0000E+00  0.0000E+00  0.0000E+00  0.0000E+00  0.0000E+00  0.0000E+00
  0.2987E-01  0.0000E+00  0.7466E-02  0.1244E-01  0.4480E-02  0.0000E+00  0.0000E+00  0.0000E+00  0.6969E-02  0.3484E-02  0.0000E+00  0.0000E+00  0.0000E+00  0.0000E+00  0.1145E-01  0.5973E-02  0.0000E+00  0.0000E+00  0.5475E-02  0.6969E-02  0.0000E+00  0.0000E+00  0.0000E+00  0.0000E+00  0.0000E+00  0.0000E+00  0.0000E+00  0.0000E+00  0.0000E+00  0.0000E+00  0.0000E+00  0.0000E+00
 Events:
          62           0           0           0          10           0         118           0           0           0           0           0           0           0           0           0          18           0           0           0           0           0           0           0           0           0           0           0           0           0           0           0
          59           0           0           0           7           0         111           0           0           0           0           0           0           0           0           0          10           0           0           0           0           0           0           0           0           0           0           0           0           0           0           0
          57           0           0           0          16           0           0           0           0           0           0           0           0           0           0           0           0           0           0           0           0           0           0           0           0           0           0           0           0           0           0           0
          46           0           0           0          14           0           0           0           0           0           0           0           0           0           0           0           0           0           0           0           0           0           0           0           0           0           0           0           0           0           0           0
          70           0          17          22          11           0          89           0          15          12           0           0          54          59          20          21          20           0          13           9          22          24           0           0          18          27           3           4           0           0          14          11
          66           0          19          22          14           0         103           0          13          15           0           0          55          59           9          12          19           0           3           9          20          29           0           0          26          20           7          13           0           0          19          13
          52           0          25          24          10           0           0           0          14           4           0           0           0           0          12           9           0           0           7          14           0           0           0           0           0           0           0           0           0           0           0           0
          60           0          15          25           9           0           0           0          14           7           0           0           0           0          23          12           0           0          11          14           0           0           0           0           0           0           0           0           0           0           0           0
 Iteration  2   Mean: 0.5739E-05 Abs mean: 0.5739E-05   Fluctuation:  0.133E-05   0.308E-02    55.6%
  2    0.5739E-05 0.5739E-05 +- 0.1326E-05     14.61
 Relative summed weights:
  0.3545E-02  0.0000E+00  0.0000E+00  0.0000E+00  0.1332E-02  0.0000E+00  0.1479E+00  0.0000E+00  0.0000E+00  0.0000E+00  0.0000E+00  0.0000E+00  0.0000E+00  0.0000E+00  0.0000E+00  0.0000E+00  0.3563E-02  0.0000E+00  0.0000E+00  0.0000E+00  0.0000E+00  0.0000E+00  0.0000E+00  0.0000E+00  0.0000E+00  0.0000E+00  0.0000E+00  0.0000E+00  0.0000E+00  0.0000E+00  0.0000E+00  0.0000E+00
  0.4412E-02  0.0000E+00  0.0000E+00  0.0000E+00  0.6787E-04  0.0000E+00  0.1463E+00  0.0000E+00  0.0000E+00  0.0000E+00  0.0000E+00  0.0000E+00  0.0000E+00  0.0000E+00  0.0000E+00  0.0000E+00  0.6039E-03  0.0000E+00  0.0000E+00  0.0000E+00  0.0000E+00  0.0000E+00  0.0000E+00  0.0000E+00  0.0000E+00  0.0000E+00  0.0000E+00  0.0000E+00  0.0000E+00  0.0000E+00  0.0000E+00  0.0000E+00
  0.6753E-01  0.0000E+00  0.0000E+00  0.0000E+00  0.1316E-01  0.0000E+00  0.0000E+00  0.0000E+00  0.0000E+00  0.0000E+00  0.0000E+00  0.0000E+00  0.0000E+00  0.0000E+00  0.0000E+00  0.0000E+00  0.0000E+00  0.0000E+00  0.0000E+00  0.0000E+00  0.0000E+00  0.0000E+00  0.0000E+00  0.0000E+00  0.0000E+00  0.0000E+00  0.0000E+00  0.0000E+00  0.0000E+00  0.0000E+00  0.0000E+00  0.0000E+00
  0.1593E-01  0.0000E+00  0.0000E+00  0.0000E+00  0.2001E-01  0.0000E+00  0.0000E+00  0.0000E+00  0.0000E+00  0.0000E+00  0.0000E+00  0.0000E+00  0.0000E+00  0.0000E+00  0.0000E+00  0.0000E+00  0.0000E+00  0.0000E+00  0.0000E+00  0.0000E+00  0.0000E+00  0.0000E+00  0.0000E+00  0.0000E+00  0.0000E+00  0.0000E+00  0.0000E+00  0.0000E+00  0.0000E+00  0.0000E+00  0.0000E+00  0.0000E+00
  0.6558E-02  0.0000E+00  0.3763E-03  0.1068E-01  0.2855E-02  0.0000E+00  0.3427E-01  0.0000E+00  0.3756E-03  0.6225E-03  0.0000E+00  0.0000E+00  0.9239E-02  0.1848E-01  0.5142E-04  0.4117E-04  0.1637E-02  0.0000E+00  0.6365E-03  0.1262E-03  0.1228E-02  0.5217E-03  0.0000E+00  0.0000E+00  0.2575E-02  0.2358E-02  0.1980E-04  0.3880E-03  0.0000E+00  0.0000E+00  0.7378E-03  0.1302E-03
  0.2720E-01  0.0000E+00  0.4966E-02  0.3156E-02  0.1585E-01  0.0000E+00  0.8513E-01  0.0000E+00  0.6392E-04  0.8229E-03  0.0000E+00  0.0000E+00  0.9924E-01  0.8683E-02  0.1270E-02  0.4567E-02  0.1157E-02  0.0000E+00  0.5551E-03  0.8164E-04  0.4141E-02  0.5137E-03  0.0000E+00  0.0000E+00  0.1721E-02  0.2931E-02  0.5073E-05  0.1478E-05  0.0000E+00  0.0000E+00  0.2377E-03  0.1192E-02
  0.1062E+00  0.0000E+00  0.5778E-02  0.9209E-03  0.5614E-03  0.0000E+00  0.0000E+00  0.0000E+00  0.4024E-03  0.4926E-03  0.0000E+00  0.0000E+00  0.0000E+00  0.0000E+00  0.4745E-03  0.4356E-03  0.0000E+00  0.0000E+00  0.3358E-04  0.2117E-03  0.0000E+00  0.0000E+00  0.0000E+00  0.0000E+00  0.0000E+00  0.0000E+00  0.0000E+00  0.0000E+00  0.0000E+00  0.0000E+00  0.0000E+00  0.0000E+00
  0.2875E-01  0.0000E+00  0.6008E-01  0.1165E-02  0.2268E-02  0.0000E+00  0.0000E+00  0.0000E+00  0.3092E-03  0.2972E-02  0.0000E+00  0.0000E+00  0.0000E+00  0.0000E+00  0.7448E-03  0.1525E-02  0.0000E+00  0.0000E+00  0.2722E-02  0.2208E-02  0.0000E+00  0.0000E+00  0.0000E+00  0.0000E+00  0.0000E+00  0.0000E+00  0.0000E+00  0.0000E+00  0.0000E+00  0.0000E+00  0.0000E+00  0.0000E+00
 Relative number of events:
  0.2950E-01  0.0000E+00  0.0000E+00  0.0000E+00  0.4750E-02  0.0000E+00  0.6425E-01  0.0000E+00  0.0000E+00  0.0000E+00  0.0000E+00  0.0000E+00  0.0000E+00  0.0000E+00  0.0000E+00  0.0000E+00  0.9750E-02  0.0000E+00  0.0000E+00  0.0000E+00  0.0000E+00  0.0000E+00  0.0000E+00  0.0000E+00  0.0000E+00  0.0000E+00  0.0000E+00  0.0000E+00  0.0000E+00  0.0000E+00  0.0000E+00  0.0000E+00
  0.2575E-01  0.0000E+00  0.0000E+00  0.0000E+00  0.3250E-02  0.0000E+00  0.6500E-01  0.0000E+00  0.0000E+00  0.0000E+00  0.0000E+00  0.0000E+00  0.0000E+00  0.0000E+00  0.0000E+00  0.0000E+00  0.9250E-02  0.0000E+00  0.0000E+00  0.0000E+00  0.0000E+00  0.0000E+00  0.0000E+00  0.0000E+00  0.0000E+00  0.0000E+00  0.0000E+00  0.0000E+00  0.0000E+00  0.0000E+00  0.0000E+00  0.0000E+00
  0.3025E-01  0.0000E+00  0.0000E+00  0.0000E+00  0.4500E-02  0.0000E+00  0.0000E+00  0.0000E+00  0.0000E+00  0.0000E+00  0.0000E+00  0.0000E+00  0.0000E+00  0.0000E+00  0.0000E+00  0.0000E+00  0.0000E+00  0.0000E+00  0.0000E+00  0.0000E+00  0.0000E+00  0.0000E+00  0.0000E+00  0.0000E+00  0.0000E+00  0.0000E+00  0.0000E+00  0.0000E+00  0.0000E+00  0.0000E+00  0.0000E+00  0.0000E+00
  0.3275E-01  0.0000E+00  0.0000E+00  0.0000E+00  0.3500E-02  0.0000E+00  0.0000E+00  0.0000E+00  0.0000E+00  0.0000E+00  0.0000E+00  0.0000E+00  0.0000E+00  0.0000E+00  0.0000E+00  0.0000E+00  0.0000E+00  0.0000E+00  0.0000E+00  0.0000E+00  0.0000E+00  0.0000E+00  0.0000E+00  0.0000E+00  0.0000E+00  0.0000E+00  0.0000E+00  0.0000E+00  0.0000E+00  0.0000E+00  0.0000E+00  0.0000E+00
  0.3650E-01  0.0000E+00  0.9750E-02  0.1200E-01  0.5250E-02  0.0000E+00  0.7125E-01  0.0000E+00  0.4500E-02  0.5000E-02  0.0000E+00  0.0000E+00  0.2925E-01  0.2425E-01  0.4250E-02  0.7500E-02  0.9500E-02  0.0000E+00  0.3000E-02  0.2750E-02  0.8500E-02  0.8250E-02  0.0000E+00  0.0000E+00  0.1025E-01  0.1100E-01  0.1250E-02  0.2000E-02  0.0000E+00  0.0000E+00  0.5750E-02  0.5500E-02
  0.3625E-01  0.0000E+00  0.1150E-01  0.8000E-02  0.4250E-02  0.0000E+00  0.6450E-01  0.0000E+00  0.3000E-02  0.6250E-02  0.0000E+00  0.0000E+00  0.2175E-01  0.2250E-01  0.6750E-02  0.6250E-02  0.1025E-01  0.0000E+00  0.2250E-02  0.2750E-02  0.1050E-01  0.6500E-02  0.0000E+00  0.0000E+00  0.8750E-02  0.1125E-01  0.1750E-02  0.1500E-02  0.0000E+00  0.0000E+00  0.9000E-02  0.7000E-02
  0.3375E-01  0.0000E+00  0.1050E-01  0.1300E-01  0.2750E-02  0.0000E+00  0.0000E+00  0.0000E+00  0.6250E-02  0.3500E-02  0.0000E+00  0.0000E+00  0.0000E+00  0.0000E+00  0.3500E-02  0.6500E-02  0.0000E+00  0.0000E+00  0.2250E-02  0.4500E-02  0.0000E+00  0.0000E+00  0.0000E+00  0.0000E+00  0.0000E+00  0.0000E+00  0.0000E+00  0.0000E+00  0.0000E+00  0.0000E+00  0.0000E+00  0.0000E+00
  0.3375E-01  0.0000E+00  0.1225E-01  0.9750E-02  0.5250E-02  0.0000E+00  0.0000E+00  0.0000E+00  0.6000E-02  0.6500E-02  0.0000E+00  0.0000E+00  0.0000E+00  0.0000E+00  0.6000E-02  0.6750E-02  0.0000E+00  0.0000E+00  0.2750E-02  0.2250E-02  0.0000E+00  0.0000E+00  0.0000E+00  0.0000E+00  0.0000E+00  0.0000E+00  0.0000E+00  0.0000E+00  0.0000E+00  0.0000E+00  0.0000E+00  0.0000E+00
 Events:
         118           0           0           0          19           0         257           0           0           0           0           0           0           0           0           0          39           0           0           0           0           0           0           0           0           0           0           0           0           0           0           0
         103           0           0           0          13           0         260           0           0           0           0           0           0           0           0           0          37           0           0           0           0           0           0           0           0           0           0           0           0           0           0           0
         121           0           0           0          18           0           0           0           0           0           0           0           0           0           0           0           0           0           0           0           0           0           0           0           0           0           0           0           0           0           0           0
         131           0           0           0          14           0           0           0           0           0           0           0           0           0           0           0           0           0           0           0           0           0           0           0           0           0           0           0           0           0           0           0
         146           0          39          48          21           0         285           0          18          20           0           0         117          97          17          30          38           0          12          11          34          33           0           0          41          44           5           8           0           0          23          22
         145           0          46          32          17           0         258           0          12          25           0           0          87          90          27          25          41           0           9          11          42          26           0           0          35          45           7           6           0           0          36          28
         135           0          42          52          11           0           0           0          25          14           0           0           0           0          14          26           0           0           9          18           0           0           0           0           0           0           0           0           0           0           0           0
         135           0          49          39          21           0           0           0          24          26           0           0           0           0          24          27           0           0          11           9           0           0           0           0           0           0           0           0           0           0           0           0
 Iteration  3   Mean: 0.9325E-05 Abs mean: 0.9325E-05   Fluctuation:  0.181E-05   0.813E-02    69.1%
  3    0.9325E-05 0.9325E-05 +- 0.1814E-05     17.39
 Relative summed weights:
  0.5766E-01  0.0000E+00  0.0000E+00  0.0000E+00  0.1744E-03  0.0000E+00  0.2811E-01  0.0000E+00  0.0000E+00  0.0000E+00  0.0000E+00  0.0000E+00  0.0000E+00  0.0000E+00  0.0000E+00  0.0000E+00  0.5847E-03  0.0000E+00  0.0000E+00  0.0000E+00  0.0000E+00  0.0000E+00  0.0000E+00  0.0000E+00  0.0000E+00  0.0000E+00  0.0000E+00  0.0000E+00  0.0000E+00  0.0000E+00  0.0000E+00  0.0000E+00
  0.1960E-01  0.0000E+00  0.0000E+00  0.0000E+00  0.5974E-03  0.0000E+00  0.5054E-01  0.0000E+00  0.0000E+00  0.0000E+00  0.0000E+00  0.0000E+00  0.0000E+00  0.0000E+00  0.0000E+00  0.0000E+00  0.9051E-03  0.0000E+00  0.0000E+00  0.0000E+00  0.0000E+00  0.0000E+00  0.0000E+00  0.0000E+00  0.0000E+00  0.0000E+00  0.0000E+00  0.0000E+00  0.0000E+00  0.0000E+00  0.0000E+00  0.0000E+00
  0.2097E-01  0.0000E+00  0.0000E+00  0.0000E+00  0.2148E-03  0.0000E+00  0.0000E+00  0.0000E+00  0.0000E+00  0.0000E+00  0.0000E+00  0.0000E+00  0.0000E+00  0.0000E+00  0.0000E+00  0.0000E+00  0.0000E+00  0.0000E+00  0.0000E+00  0.0000E+00  0.0000E+00  0.0000E+00  0.0000E+00  0.0000E+00  0.0000E+00  0.0000E+00  0.0000E+00  0.0000E+00  0.0000E+00  0.0000E+00  0.0000E+00  0.0000E+00
  0.1220E+00  0.0000E+00  0.0000E+00  0.0000E+00  0.7984E-04  0.0000E+00  0.0000E+00  0.0000E+00  0.0000E+00  0.0000E+00  0.0000E+00  0.0000E+00  0.0000E+00  0.0000E+00  0.0000E+00  0.0000E+00  0.0000E+00  0.0000E+00  0.0000E+00  0.0000E+00  0.0000E+00  0.0000E+00  0.0000E+00  0.0000E+00  0.0000E+00  0.0000E+00  0.0000E+00  0.0000E+00  0.0000E+00  0.0000E+00  0.0000E+00  0.0000E+00
  0.4931E-01  0.0000E+00  0.5768E-02  0.9865E-03  0.6657E-02  0.0000E+00  0.1026E+00  0.0000E+00  0.2311E-03  0.6410E-02  0.0000E+00  0.0000E+00  0.1575E-02  0.7091E-02  0.6701E-04  0.3384E-03  0.3642E-03  0.0000E+00  0.2009E-03  0.5781E-03  0.1028E-02  0.1183E-02  0.0000E+00  0.0000E+00  0.6509E-02  0.6097E-03  0.3550E-06  0.2907E-04  0.0000E+00  0.0000E+00  0.4410E-03  0.5377E-03
  0.7747E-01  0.0000E+00  0.1305E-02  0.7934E-03  0.5539E-03  0.0000E+00  0.5445E-01  0.0000E+00  0.3669E-02  0.2616E-03  0.0000E+00  0.0000E+00  0.6391E-01  0.1011E-01  0.1099E-02  0.3262E-02  0.4326E-02  0.0000E+00  0.1533E-04  0.4327E-03  0.3809E-03  0.5536E-02  0.0000E+00  0.0000E+00  0.2534E-02  0.1403E-02  0.6005E-03  0.2241E-04  0.0000E+00  0.0000E+00  0.7845E-04  0.1034E-03
  0.6557E-01  0.0000E+00  0.1864E-02  0.1445E-02  0.2016E-03  0.0000E+00  0.0000E+00  0.0000E+00  0.1046E-03  0.6324E-02  0.0000E+00  0.0000E+00  0.0000E+00  0.0000E+00  0.1520E-03  0.1971E-02  0.0000E+00  0.0000E+00  0.2073E-03  0.4426E-03  0.0000E+00  0.0000E+00  0.0000E+00  0.0000E+00  0.0000E+00  0.0000E+00  0.0000E+00  0.0000E+00  0.0000E+00  0.0000E+00  0.0000E+00  0.0000E+00
  0.7617E-01  0.0000E+00  0.2747E-01  0.5129E-02  0.1016E-03  0.0000E+00  0.0000E+00  0.0000E+00  0.8482E-01  0.3490E-03  0.0000E+00  0.0000E+00  0.0000E+00  0.0000E+00  0.5989E-03  0.3681E-03  0.0000E+00  0.0000E+00  0.3698E-03  0.2108E-04  0.0000E+00  0.0000E+00  0.0000E+00  0.0000E+00  0.0000E+00  0.0000E+00  0.0000E+00  0.0000E+00  0.0000E+00  0.0000E+00  0.0000E+00  0.0000E+00
 Relative number of events:
  0.4063E-01  0.0000E+00  0.0000E+00  0.0000E+00  0.3375E-02  0.0000E+00  0.7750E-01  0.0000E+00  0.0000E+00  0.0000E+00  0.0000E+00  0.0000E+00  0.0000E+00  0.0000E+00  0.0000E+00  0.0000E+00  0.9125E-02  0.0000E+00  0.0000E+00  0.0000E+00  0.0000E+00  0.0000E+00  0.0000E+00  0.0000E+00  0.0000E+00  0.0000E+00  0.0000E+00  0.0000E+00  0.0000E+00  0.0000E+00  0.0000E+00  0.0000E+00
  0.3913E-01  0.0000E+00  0.0000E+00  0.0000E+00  0.3875E-02  0.0000E+00  0.7462E-01  0.0000E+00  0.0000E+00  0.0000E+00  0.0000E+00  0.0000E+00  0.0000E+00  0.0000E+00  0.0000E+00  0.0000E+00  0.6750E-02  0.0000E+00  0.0000E+00  0.0000E+00  0.0000E+00  0.0000E+00  0.0000E+00  0.0000E+00  0.0000E+00  0.0000E+00  0.0000E+00  0.0000E+00  0.0000E+00  0.0000E+00  0.0000E+00  0.0000E+00
  0.3587E-01  0.0000E+00  0.0000E+00  0.0000E+00  0.3500E-02  0.0000E+00  0.0000E+00  0.0000E+00  0.0000E+00  0.0000E+00  0.0000E+00  0.0000E+00  0.0000E+00  0.0000E+00  0.0000E+00  0.0000E+00  0.0000E+00  0.0000E+00  0.0000E+00  0.0000E+00  0.0000E+00  0.0000E+00  0.0000E+00  0.0000E+00  0.0000E+00  0.0000E+00  0.0000E+00  0.0000E+00  0.0000E+00  0.0000E+00  0.0000E+00  0.0000E+00
  0.3712E-01  0.0000E+00  0.0000E+00  0.0000E+00  0.3375E-02  0.0000E+00  0.0000E+00  0.0000E+00  0.0000E+00  0.0000E+00  0.0000E+00  0.0000E+00  0.0000E+00  0.0000E+00  0.0000E+00  0.0000E+00  0.0000E+00  0.0000E+00  0.0000E+00  0.0000E+00  0.0000E+00  0.0000E+00  0.0000E+00  0.0000E+00  0.0000E+00  0.0000E+00  0.0000E+00  0.0000E+00  0.0000E+00  0.0000E+00  0.0000E+00  0.0000E+00
  0.3725E-01  0.0000E+00  0.1125E-01  0.9750E-02  0.4250E-02  0.0000E+00  0.7500E-01  0.0000E+00  0.4500E-02  0.3125E-02  0.0000E+00  0.0000E+00  0.1812E-01  0.2100E-01  0.4500E-02  0.5000E-02  0.7000E-02  0.0000E+00  0.1750E-02  0.1875E-02  0.8500E-02  0.6375E-02  0.0000E+00  0.0000E+00  0.9000E-02  0.7375E-02  0.8750E-03  0.1375E-02  0.0000E+00  0.0000E+00  0.4750E-02  0.4125E-02
  0.3850E-01  0.0000E+00  0.9750E-02  0.1125E-01  0.4250E-02  0.0000E+00  0.8500E-01  0.0000E+00  0.4125E-02  0.3375E-02  0.0000E+00  0.0000E+00  0.1738E-01  0.2038E-01  0.3750E-02  0.3625E-02  0.6125E-02  0.0000E+00  0.2125E-02  0.2375E-02  0.7125E-02  0.6625E-02  0.0000E+00  0.0000E+00  0.8125E-02  0.8125E-02  0.1250E-02  0.1250E-02  0.0000E+00  0.0000E+00  0.4375E-02  0.4625E-02
  0.3887E-01  0.0000E+00  0.9750E-02  0.1025E-01  0.2625E-02  0.0000E+00  0.0000E+00  0.0000E+00  0.3250E-02  0.3625E-02  0.0000E+00  0.0000E+00  0.0000E+00  0.0000E+00  0.4250E-02  0.4250E-02  0.0000E+00  0.0000E+00  0.2750E-02  0.1875E-02  0.0000E+00  0.0000E+00  0.0000E+00  0.0000E+00  0.0000E+00  0.0000E+00  0.0000E+00  0.0000E+00  0.0000E+00  0.0000E+00  0.0000E+00  0.0000E+00
  0.3700E-01  0.0000E+00  0.1137E-01  0.9375E-02  0.3250E-02  0.0000E+00  0.0000E+00  0.0000E+00  0.5125E-02  0.2625E-02  0.0000E+00  0.0000E+00  0.0000E+00  0.0000E+00  0.4500E-02  0.5500E-02  0.0000E+00  0.0000E+00  0.2625E-02  0.2000E-02  0.0000E+00  0.0000E+00  0.0000E+00  0.0000E+00  0.0000E+00  0.0000E+00  0.0000E+00  0.0000E+00  0.0000E+00  0.0000E+00  0.0000E+00  0.0000E+00
 Events:
         325           0           0           0          27           0         620           0           0           0           0           0           0           0           0           0          73           0           0           0           0           0           0           0           0           0           0           0           0           0           0           0
         313           0           0           0          31           0         597           0           0           0           0           0           0           0           0           0          54           0           0           0           0           0           0           0           0           0           0           0           0           0           0           0
         287           0           0           0          28           0           0           0           0           0           0           0           0           0           0           0           0           0           0           0           0           0           0           0           0           0           0           0           0           0           0           0
         297           0           0           0          27           0           0           0           0           0           0           0           0           0           0           0           0           0           0           0           0           0           0           0           0           0           0           0           0           0           0           0
         298           0          90          78          34           0         600           0          36          25           0           0         145         168          36          40          56           0          14          15          68          51           0           0          72          59           7          11           0           0          38          33
         308           0          78          90          34           0         680           0          33          27           0           0         139         163          30          29          49           0          17          19          57          53           0           0          65          65          10          10           0           0          35          37
         311           0          78          82          21           0           0           0          26          29           0           0           0           0          34          34           0           0          22          15           0           0           0           0           0           0           0           0           0           0           0           0
         296           0          91          75          26           0           0           0          41          21           0           0           0           0          36          44           0           0          21          16           0           0           0           0           0           0           0           0           0           0           0           0
 Accuracy:    0.157   0.010   0.144   1.192
 Found          379  events.
 Wrote            5  events.
 Actual xsec    7.7718124573620435E-006
 Correct abs xsec    7.7718124573620435E-006
 Event xsec    7.7718124573620435E-006
 Events wgts > 1:            1
 % Cross section > 1:    2.0998554932090234E-014   2.7018864707934155E-007
 Iteration  4   Mean: 0.9652E-05 Abs mean: 0.9652E-05   Fluctuation:  0.122E-05   0.106E-01    77.2%
  4    0.9652E-05 0.9652E-05 +- 0.1223E-05     16.02
 Relative summed weights:
  0.3668E-01  0.0000E+00  0.0000E+00  0.0000E+00  0.1074E-02  0.0000E+00  0.6560E-01  0.0000E+00  0.0000E+00  0.0000E+00  0.0000E+00  0.0000E+00  0.0000E+00  0.0000E+00  0.0000E+00  0.0000E+00  0.1486E-02  0.0000E+00  0.0000E+00  0.0000E+00  0.0000E+00  0.0000E+00  0.0000E+00  0.0000E+00  0.0000E+00  0.0000E+00  0.0000E+00  0.0000E+00  0.0000E+00  0.0000E+00  0.0000E+00  0.0000E+00
  0.1385E+00  0.0000E+00  0.0000E+00  0.0000E+00  0.5558E-03  0.0000E+00  0.1080E+00  0.0000E+00  0.0000E+00  0.0000E+00  0.0000E+00  0.0000E+00  0.0000E+00  0.0000E+00  0.0000E+00  0.0000E+00  0.3471E-02  0.0000E+00  0.0000E+00  0.0000E+00  0.0000E+00  0.0000E+00  0.0000E+00  0.0000E+00  0.0000E+00  0.0000E+00  0.0000E+00  0.0000E+00  0.0000E+00  0.0000E+00  0.0000E+00  0.0000E+00
  0.2994E-01  0.0000E+00  0.0000E+00  0.0000E+00  0.1486E-02  0.0000E+00  0.0000E+00  0.0000E+00  0.0000E+00  0.0000E+00  0.0000E+00  0.0000E+00  0.0000E+00  0.0000E+00  0.0000E+00  0.0000E+00  0.0000E+00  0.0000E+00  0.0000E+00  0.0000E+00  0.0000E+00  0.0000E+00  0.0000E+00  0.0000E+00  0.0000E+00  0.0000E+00  0.0000E+00  0.0000E+00  0.0000E+00  0.0000E+00  0.0000E+00  0.0000E+00
  0.2532E-01  0.0000E+00  0.0000E+00  0.0000E+00  0.4000E-03  0.0000E+00  0.0000E+00  0.0000E+00  0.0000E+00  0.0000E+00  0.0000E+00  0.0000E+00  0.0000E+00  0.0000E+00  0.0000E+00  0.0000E+00  0.0000E+00  0.0000E+00  0.0000E+00  0.0000E+00  0.0000E+00  0.0000E+00  0.0000E+00  0.0000E+00  0.0000E+00  0.0000E+00  0.0000E+00  0.0000E+00  0.0000E+00  0.0000E+00  0.0000E+00  0.0000E+00
  0.3999E-01  0.0000E+00  0.3937E-02  0.7749E-02  0.9620E-04  0.0000E+00  0.6456E-01  0.0000E+00  0.3048E-02  0.1670E-02  0.0000E+00  0.0000E+00  0.2323E-01  0.6880E-01  0.2916E-03  0.8679E-03  0.2072E-02  0.0000E+00  0.2100E-04  0.9585E-04  0.1563E-02  0.2346E-02  0.0000E+00  0.0000E+00  0.3195E-02  0.1207E-01  0.1601E-04  0.1341E-03  0.0000E+00  0.0000E+00  0.1814E-03  0.1319E-02
  0.4064E-01  0.0000E+00  0.1235E-01  0.2893E-02  0.1407E-03  0.0000E+00  0.1168E+00  0.0000E+00  0.5468E-03  0.2505E-02  0.0000E+00  0.0000E+00  0.7160E-02  0.1169E-01  0.1116E-02  0.2722E-02  0.3865E-02  0.0000E+00  0.9408E-04  0.4189E-02  0.1075E-02  0.1077E-02  0.0000E+00  0.0000E+00  0.1040E-02  0.5824E-02  0.3371E-05  0.1809E-02  0.0000E+00  0.0000E+00  0.2477E-03  0.3066E-02
  0.2508E-01  0.0000E+00  0.1886E-01  0.6783E-03  0.5689E-03  0.0000E+00  0.0000E+00  0.0000E+00  0.4239E-03  0.1278E-02  0.0000E+00  0.0000E+00  0.0000E+00  0.0000E+00  0.2953E-02  0.4891E-03  0.0000E+00  0.0000E+00  0.8779E-03  0.1391E-03  0.0000E+00  0.0000E+00  0.0000E+00  0.0000E+00  0.0000E+00  0.0000E+00  0.0000E+00  0.0000E+00  0.0000E+00  0.0000E+00  0.0000E+00  0.0000E+00
  0.5064E-01  0.0000E+00  0.1845E-02  0.4233E-02  0.7914E-03  0.0000E+00  0.0000E+00  0.0000E+00  0.2815E-02  0.8177E-03  0.0000E+00  0.0000E+00  0.0000E+00  0.0000E+00  0.2280E-03  0.1655E-01  0.0000E+00  0.0000E+00  0.5054E-04  0.3082E-04  0.0000E+00  0.0000E+00  0.0000E+00  0.0000E+00  0.0000E+00  0.0000E+00  0.0000E+00  0.0000E+00  0.0000E+00  0.0000E+00  0.0000E+00  0.0000E+00
 Relative number of events:
  0.4319E-01  0.0000E+00  0.0000E+00  0.0000E+00  0.2437E-02  0.0000E+00  0.8544E-01  0.0000E+00  0.0000E+00  0.0000E+00  0.0000E+00  0.0000E+00  0.0000E+00  0.0000E+00  0.0000E+00  0.0000E+00  0.4812E-02  0.0000E+00  0.0000E+00  0.0000E+00  0.0000E+00  0.0000E+00  0.0000E+00  0.0000E+00  0.0000E+00  0.0000E+00  0.0000E+00  0.0000E+00  0.0000E+00  0.0000E+00  0.0000E+00  0.0000E+00
  0.4131E-01  0.0000E+00  0.0000E+00  0.0000E+00  0.2375E-02  0.0000E+00  0.8463E-01  0.0000E+00  0.0000E+00  0.0000E+00  0.0000E+00  0.0000E+00  0.0000E+00  0.0000E+00  0.0000E+00  0.0000E+00  0.4000E-02  0.0000E+00  0.0000E+00  0.0000E+00  0.0000E+00  0.0000E+00  0.0000E+00  0.0000E+00  0.0000E+00  0.0000E+00  0.0000E+00  0.0000E+00  0.0000E+00  0.0000E+00  0.0000E+00  0.0000E+00
  0.4337E-01  0.0000E+00  0.0000E+00  0.0000E+00  0.3063E-02  0.0000E+00  0.0000E+00  0.0000E+00  0.0000E+00  0.0000E+00  0.0000E+00  0.0000E+00  0.0000E+00  0.0000E+00  0.0000E+00  0.0000E+00  0.0000E+00  0.0000E+00  0.0000E+00  0.0000E+00  0.0000E+00  0.0000E+00  0.0000E+00  0.0000E+00  0.0000E+00  0.0000E+00  0.0000E+00  0.0000E+00  0.0000E+00  0.0000E+00  0.0000E+00  0.0000E+00
  0.4181E-01  0.0000E+00  0.0000E+00  0.0000E+00  0.3125E-02  0.0000E+00  0.0000E+00  0.0000E+00  0.0000E+00  0.0000E+00  0.0000E+00  0.0000E+00  0.0000E+00  0.0000E+00  0.0000E+00  0.0000E+00  0.0000E+00  0.0000E+00  0.0000E+00  0.0000E+00  0.0000E+00  0.0000E+00  0.0000E+00  0.0000E+00  0.0000E+00  0.0000E+00  0.0000E+00  0.0000E+00  0.0000E+00  0.0000E+00  0.0000E+00  0.0000E+00
  0.4294E-01  0.0000E+00  0.9562E-02  0.8375E-02  0.2000E-02  0.0000E+00  0.8737E-01  0.0000E+00  0.3625E-02  0.3187E-02  0.0000E+00  0.0000E+00  0.1700E-01  0.1700E-01  0.4250E-02  0.3938E-02  0.4500E-02  0.0000E+00  0.1250E-02  0.1625E-02  0.7437E-02  0.6063E-02  0.0000E+00  0.0000E+00  0.6750E-02  0.8000E-02  0.6250E-03  0.1000E-02  0.0000E+00  0.0000E+00  0.3875E-02  0.4125E-02
  0.4031E-01  0.0000E+00  0.9062E-02  0.8500E-02  0.2500E-02  0.0000E+00  0.8156E-01  0.0000E+00  0.2750E-02  0.3438E-02  0.0000E+00  0.0000E+00  0.1812E-01  0.1644E-01  0.4938E-02  0.4500E-02  0.5125E-02  0.0000E+00  0.1687E-02  0.1437E-02  0.7000E-02  0.7000E-02  0.0000E+00  0.0000E+00  0.8000E-02  0.6750E-02  0.6250E-03  0.3750E-03  0.0000E+00  0.0000E+00  0.3500E-02  0.3125E-02
  0.4131E-01  0.0000E+00  0.1025E-01  0.7562E-02  0.2375E-02  0.0000E+00  0.0000E+00  0.0000E+00  0.2875E-02  0.2563E-02  0.0000E+00  0.0000E+00  0.0000E+00  0.0000E+00  0.4375E-02  0.4125E-02  0.0000E+00  0.0000E+00  0.1187E-02  0.1687E-02  0.0000E+00  0.0000E+00  0.0000E+00  0.0000E+00  0.0000E+00  0.0000E+00  0.0000E+00  0.0000E+00  0.0000E+00  0.0000E+00  0.0000E+00  0.0000E+00
  0.4275E-01  0.0000E+00  0.9000E-02  0.9312E-02  0.1625E-02  0.0000E+00  0.0000E+00  0.0000E+00  0.3750E-02  0.3250E-02  0.0000E+00  0.0000E+00  0.0000E+00  0.0000E+00  0.3625E-02  0.4687E-02  0.0000E+00  0.0000E+00  0.1313E-02  0.1563E-02  0.0000E+00  0.0000E+00  0.0000E+00  0.0000E+00  0.0000E+00  0.0000E+00  0.0000E+00  0.0000E+00  0.0000E+00  0.0000E+00  0.0000E+00  0.0000E+00
 Events:
         691           0           0           0          39           0        1367           0           0           0           0           0           0           0           0           0          77           0           0           0           0           0           0           0           0           0           0           0           0           0           0           0
         661           0           0           0          38           0        1354           0           0           0           0           0           0           0           0           0          64           0           0           0           0           0           0           0           0           0           0           0           0           0           0           0
         694           0           0           0          49           0           0           0           0           0           0           0           0           0           0           0           0           0           0           0           0           0           0           0           0           0           0           0           0           0           0           0
         669           0           0           0          50           0           0           0           0           0           0           0           0           0           0           0           0           0           0           0           0           0           0           0           0           0           0           0           0           0           0           0
         687           0         153         134          32           0        1398           0          58          51           0           0         272         272          68          63          72           0          20          26         119          97           0           0         108         128          10          16           0           0          62          66
         645           0         145         136          40           0        1305           0          44          55           0           0         290         263          79          72          82           0          27          23         112         112           0           0         128         108          10           6           0           0          56          50
         661           0         164         121          38           0           0           0          46          41           0           0           0           0          70          66           0           0          19          27           0           0           0           0           0           0           0           0           0           0           0           0
         684           0         144         149          26           0           0           0          60          52           0           0           0           0          58          75           0           0          21          25           0           0           0           0           0           0           0           0           0           0           0           0
 Accuracy:    0.096   0.010   0.095   1.027
 Found          706  events.
 Wrote           15  events.
 Actual xsec    8.8897071800906003E-006
 Correct abs xsec    8.8897071800906003E-006
 Event xsec    8.8897071800906003E-006
 Events wgts > 1:            1
 % Cross section > 1:    2.0007958825886011E-013   2.2506881745999306E-006
 Iteration  5   Mean: 0.9711E-05 Abs mean: 0.9711E-05   Fluctuation:  0.645E-06   0.113E-01    81.8%
  5    0.9711E-05 0.9711E-05 +- 0.6447E-06     11.88
 Relative summed weights:
  0.5450E-01  0.0000E+00  0.0000E+00  0.0000E+00  0.9507E-03  0.0000E+00  0.1034E+00  0.0000E+00  0.0000E+00  0.0000E+00  0.0000E+00  0.0000E+00  0.0000E+00  0.0000E+00  0.0000E+00  0.0000E+00  0.1402E-02  0.0000E+00  0.0000E+00  0.0000E+00  0.0000E+00  0.0000E+00  0.0000E+00  0.0000E+00  0.0000E+00  0.0000E+00  0.0000E+00  0.0000E+00  0.0000E+00  0.0000E+00  0.0000E+00  0.0000E+00
  0.3419E-01  0.0000E+00  0.0000E+00  0.0000E+00  0.3600E-03  0.0000E+00  0.9063E-01  0.0000E+00  0.0000E+00  0.0000E+00  0.0000E+00  0.0000E+00  0.0000E+00  0.0000E+00  0.0000E+00  0.0000E+00  0.1397E-02  0.0000E+00  0.0000E+00  0.0000E+00  0.0000E+00  0.0000E+00  0.0000E+00  0.0000E+00  0.0000E+00  0.0000E+00  0.0000E+00  0.0000E+00  0.0000E+00  0.0000E+00  0.0000E+00  0.0000E+00
  0.3932E-01  0.0000E+00  0.0000E+00  0.0000E+00  0.4377E-03  0.0000E+00  0.0000E+00  0.0000E+00  0.0000E+00  0.0000E+00  0.0000E+00  0.0000E+00  0.0000E+00  0.0000E+00  0.0000E+00  0.0000E+00  0.0000E+00  0.0000E+00  0.0000E+00  0.0000E+00  0.0000E+00  0.0000E+00  0.0000E+00  0.0000E+00  0.0000E+00  0.0000E+00  0.0000E+00  0.0000E+00  0.0000E+00  0.0000E+00  0.0000E+00  0.0000E+00
  0.8534E-01  0.0000E+00  0.0000E+00  0.0000E+00  0.4670E-03  0.0000E+00  0.0000E+00  0.0000E+00  0.0000E+00  0.0000E+00  0.0000E+00  0.0000E+00  0.0000E+00  0.0000E+00  0.0000E+00  0.0000E+00  0.0000E+00  0.0000E+00  0.0000E+00  0.0000E+00  0.0000E+00  0.0000E+00  0.0000E+00  0.0000E+00  0.0000E+00  0.0000E+00  0.0000E+00  0.0000E+00  0.0000E+00  0.0000E+00  0.0000E+00  0.0000E+00
  0.3619E-01  0.0000E+00  0.1103E-01  0.2851E-02  0.8191E-03  0.0000E+00  0.8396E-01  0.0000E+00  0.8432E-03  0.4443E-03  0.0000E+00  0.0000E+00  0.1501E-01  0.6470E-02  0.3448E-02  0.1306E-02  0.4168E-02  0.0000E+00  0.1729E-03  0.2003E-03  0.3541E-02  0.3354E-02  0.0000E+00  0.0000E+00  0.2031E-02  0.4498E-02  0.2627E-03  0.1734E-04  0.0000E+00  0.0000E+00  0.4270E-02  0.3431E-03
  0.8915E-01  0.0000E+00  0.4725E-02  0.3676E-02  0.9080E-03  0.0000E+00  0.9257E-01  0.0000E+00  0.1503E-02  0.1531E-02  0.0000E+00  0.0000E+00  0.9663E-02  0.1913E-01  0.2988E-02  0.2059E-02  0.8274E-03  0.0000E+00  0.5600E-03  0.2839E-03  0.3983E-02  0.4685E-02  0.0000E+00  0.0000E+00  0.9780E-02  0.5562E-02  0.8507E-04  0.6681E-03  0.0000E+00  0.0000E+00  0.3525E-03  0.1101E-01
  0.3477E-01  0.0000E+00  0.3242E-02  0.6063E-02  0.1611E-03  0.0000E+00  0.0000E+00  0.0000E+00  0.1748E-02  0.1981E-02  0.0000E+00  0.0000E+00  0.0000E+00  0.0000E+00  0.3223E-02  0.4568E-03  0.0000E+00  0.0000E+00  0.1434E-02  0.6124E-03  0.0000E+00  0.0000E+00  0.0000E+00  0.0000E+00  0.0000E+00  0.0000E+00  0.0000E+00  0.0000E+00  0.0000E+00  0.0000E+00  0.0000E+00  0.0000E+00
  0.3864E-01  0.0000E+00  0.1474E-01  0.1261E-01  0.7774E-03  0.0000E+00  0.0000E+00  0.0000E+00  0.2180E-02  0.1601E-02  0.0000E+00  0.0000E+00  0.0000E+00  0.0000E+00  0.2677E-02  0.9490E-02  0.0000E+00  0.0000E+00  0.1645E-03  0.5685E-04  0.0000E+00  0.0000E+00  0.0000E+00  0.0000E+00  0.0000E+00  0.0000E+00  0.0000E+00  0.0000E+00  0.0000E+00  0.0000E+00  0.0000E+00  0.0000E+00
 Relative number of events:
  0.4666E-01  0.0000E+00  0.0000E+00  0.0000E+00  0.1719E-02  0.0000E+00  0.8875E-01  0.0000E+00  0.0000E+00  0.0000E+00  0.0000E+00  0.0000E+00  0.0000E+00  0.0000E+00  0.0000E+00  0.0000E+00  0.2906E-02  0.0000E+00  0.0000E+00  0.0000E+00  0.0000E+00  0.0000E+00  0.0000E+00  0.0000E+00  0.0000E+00  0.0000E+00  0.0000E+00  0.0000E+00  0.0000E+00  0.0000E+00  0.0000E+00  0.0000E+00
  0.4650E-01  0.0000E+00  0.0000E+00  0.0000E+00  0.1344E-02  0.0000E+00  0.8734E-01  0.0000E+00  0.0000E+00  0.0000E+00  0.0000E+00  0.0000E+00  0.0000E+00  0.0000E+00  0.0000E+00  0.0000E+00  0.2875E-02  0.0000E+00  0.0000E+00  0.0000E+00  0.0000E+00  0.0000E+00  0.0000E+00  0.0000E+00  0.0000E+00  0.0000E+00  0.0000E+00  0.0000E+00  0.0000E+00  0.0000E+00  0.0000E+00  0.0000E+00
  0.4309E-01  0.0000E+00  0.0000E+00  0.0000E+00  0.1344E-02  0.0000E+00  0.0000E+00  0.0000E+00  0.0000E+00  0.0000E+00  0.0000E+00  0.0000E+00  0.0000E+00  0.0000E+00  0.0000E+00  0.0000E+00  0.0000E+00  0.0000E+00  0.0000E+00  0.0000E+00  0.0000E+00  0.0000E+00  0.0000E+00  0.0000E+00  0.0000E+00  0.0000E+00  0.0000E+00  0.0000E+00  0.0000E+00  0.0000E+00  0.0000E+00  0.0000E+00
  0.4525E-01  0.0000E+00  0.0000E+00  0.0000E+00  0.1563E-02  0.0000E+00  0.0000E+00  0.0000E+00  0.0000E+00  0.0000E+00  0.0000E+00  0.0000E+00  0.0000E+00  0.0000E+00  0.0000E+00  0.0000E+00  0.0000E+00  0.0000E+00  0.0000E+00  0.0000E+00  0.0000E+00  0.0000E+00  0.0000E+00  0.0000E+00  0.0000E+00  0.0000E+00  0.0000E+00  0.0000E+00  0.0000E+00  0.0000E+00  0.0000E+00  0.0000E+00
  0.4678E-01  0.0000E+00  0.8719E-02  0.8438E-02  0.1563E-02  0.0000E+00  0.9031E-01  0.0000E+00  0.3531E-02  0.3156E-02  0.0000E+00  0.0000E+00  0.1575E-01  0.1619E-01  0.3719E-02  0.3406E-02  0.3438E-02  0.0000E+00  0.1031E-02  0.8125E-03  0.5281E-02  0.5687E-02  0.0000E+00  0.0000E+00  0.6156E-02  0.6906E-02  0.8125E-03  0.5000E-03  0.0000E+00  0.0000E+00  0.2750E-02  0.2063E-02
  0.4537E-01  0.0000E+00  0.7938E-02  0.8469E-02  0.1531E-02  0.0000E+00  0.9137E-01  0.0000E+00  0.2781E-02  0.2875E-02  0.0000E+00  0.0000E+00  0.1691E-01  0.1581E-01  0.3281E-02  0.3906E-02  0.3500E-02  0.0000E+00  0.1375E-02  0.1187E-02  0.6156E-02  0.6188E-02  0.0000E+00  0.0000E+00  0.6281E-02  0.6906E-02  0.7187E-03  0.7500E-03  0.0000E+00  0.0000E+00  0.2250E-02  0.2437E-02
  0.4534E-01  0.0000E+00  0.7250E-02  0.8188E-02  0.1813E-02  0.0000E+00  0.0000E+00  0.0000E+00  0.3031E-02  0.2563E-02  0.0000E+00  0.0000E+00  0.0000E+00  0.0000E+00  0.3812E-02  0.3500E-02  0.0000E+00  0.0000E+00  0.1219E-02  0.1344E-02  0.0000E+00  0.0000E+00  0.0000E+00  0.0000E+00  0.0000E+00  0.0000E+00  0.0000E+00  0.0000E+00  0.0000E+00  0.0000E+00  0.0000E+00  0.0000E+00
  0.4441E-01  0.0000E+00  0.8688E-02  0.8156E-02  0.1344E-02  0.0000E+00  0.0000E+00  0.0000E+00  0.3219E-02  0.3094E-02  0.0000E+00  0.0000E+00  0.0000E+00  0.0000E+00  0.3656E-02  0.3000E-02  0.0000E+00  0.0000E+00  0.1094E-02  0.9375E-03  0.0000E+00  0.0000E+00  0.0000E+00  0.0000E+00  0.0000E+00  0.0000E+00  0.0000E+00  0.0000E+00  0.0000E+00  0.0000E+00  0.0000E+00  0.0000E+00
 Events:
        1493           0           0           0          55           0        2840           0           0           0           0           0           0           0           0           0          93           0           0           0           0           0           0           0           0           0           0           0           0           0           0           0
        1488           0           0           0          43           0        2795           0           0           0           0           0           0           0           0           0          92           0           0           0           0           0           0           0           0           0           0           0           0           0           0           0
        1379           0           0           0          43           0           0           0           0           0           0           0           0           0           0           0           0           0           0           0           0           0           0           0           0           0           0           0           0           0           0           0
        1448           0           0           0          50           0           0           0           0           0           0           0           0           0           0           0           0           0           0           0           0           0           0           0           0           0           0           0           0           0           0           0
        1497           0         279         270          50           0        2890           0         113         101           0           0         504         518         119         109         110           0          33          26         169         182           0           0         197         221          26          16           0           0          88          66
        1452           0         254         271          49           0        2924           0          89          92           0           0         541         506         105         125         112           0          44          38         197         198           0           0         201         221          23          24           0           0          72          78
        1451           0         232         262          58           0           0           0          97          82           0           0           0           0         122         112           0           0          39          43           0           0           0           0           0           0           0           0           0           0           0           0
        1421           0         278         261          43           0           0           0         103          99           0           0           0           0         117          96           0           0          35          30           0           0           0           0           0           0           0           0           0           0           0           0
 Accuracy:    0.050   0.010   0.054   0.839
 Found         1726  events.
 Wrote           26  events.
 Actual xsec    9.6669538436696121E-006
 Correct abs xsec    9.6669538436696121E-006
 Event xsec    9.6669538436696087E-006
 Events wgts > 1:            1
 % Cross section > 1:    1.0882889211675492E-013   1.1257826806323418E-006
 Iteration  6   Mean: 0.1004E-04 Abs mean: 0.1004E-04   Fluctuation:  0.441E-06   0.190E-01    84.1%
  6    0.1004E-04 0.1004E-04 +- 0.4409E-06     11.11
 Relative summed weights:
  0.4247E-01  0.0000E+00  0.0000E+00  0.0000E+00  0.6342E-03  0.0000E+00  0.1024E+00  0.0000E+00  0.0000E+00  0.0000E+00  0.0000E+00  0.0000E+00  0.0000E+00  0.0000E+00  0.0000E+00  0.0000E+00  0.7525E-02  0.0000E+00  0.0000E+00  0.0000E+00  0.0000E+00  0.0000E+00  0.0000E+00  0.0000E+00  0.0000E+00  0.0000E+00  0.0000E+00  0.0000E+00  0.0000E+00  0.0000E+00  0.0000E+00  0.0000E+00
  0.3959E-01  0.0000E+00  0.0000E+00  0.0000E+00  0.1037E-02  0.0000E+00  0.1031E+00  0.0000E+00  0.0000E+00  0.0000E+00  0.0000E+00  0.0000E+00  0.0000E+00  0.0000E+00  0.0000E+00  0.0000E+00  0.1845E-02  0.0000E+00  0.0000E+00  0.0000E+00  0.0000E+00  0.0000E+00  0.0000E+00  0.0000E+00  0.0000E+00  0.0000E+00  0.0000E+00  0.0000E+00  0.0000E+00  0.0000E+00  0.0000E+00  0.0000E+00
  0.4753E-01  0.0000E+00  0.0000E+00  0.0000E+00  0.1038E-02  0.0000E+00  0.0000E+00  0.0000E+00  0.0000E+00  0.0000E+00  0.0000E+00  0.0000E+00  0.0000E+00  0.0000E+00  0.0000E+00  0.0000E+00  0.0000E+00  0.0000E+00  0.0000E+00  0.0000E+00  0.0000E+00  0.0000E+00  0.0000E+00  0.0000E+00  0.0000E+00  0.0000E+00  0.0000E+00  0.0000E+00  0.0000E+00  0.0000E+00  0.0000E+00  0.0000E+00
  0.5293E-01  0.0000E+00  0.0000E+00  0.0000E+00  0.4826E-03  0.0000E+00  0.0000E+00  0.0000E+00  0.0000E+00  0.0000E+00  0.0000E+00  0.0000E+00  0.0000E+00  0.0000E+00  0.0000E+00  0.0000E+00  0.0000E+00  0.0000E+00  0.0000E+00  0.0000E+00  0.0000E+00  0.0000E+00  0.0000E+00  0.0000E+00  0.0000E+00  0.0000E+00  0.0000E+00  0.0000E+00  0.0000E+00  0.0000E+00  0.0000E+00  0.0000E+00
  0.5499E-01  0.0000E+00  0.4155E-02  0.5252E-02  0.8052E-03  0.0000E+00  0.1266E+00  0.0000E+00  0.2528E-02  0.1327E-02  0.0000E+00  0.0000E+00  0.1314E-01  0.1276E-01  0.9686E-03  0.2276E-02  0.1361E-02  0.0000E+00  0.6411E-03  0.2159E-03  0.3708E-02  0.5889E-02  0.0000E+00  0.0000E+00  0.6045E-02  0.3636E-02  0.6049E-04  0.6814E-03  0.0000E+00  0.0000E+00  0.1336E-02  0.1519E-02
  0.4351E-01  0.0000E+00  0.5529E-02  0.4594E-02  0.2313E-02  0.0000E+00  0.9417E-01  0.0000E+00  0.3433E-02  0.1881E-02  0.0000E+00  0.0000E+00  0.2071E-01  0.8337E-02  0.2137E-02  0.4102E-02  0.1852E-02  0.0000E+00  0.5883E-03  0.1028E-02  0.3105E-02  0.3776E-02  0.0000E+00  0.0000E+00  0.4035E-02  0.6630E-02  0.7293E-03  0.2778E-03  0.0000E+00  0.0000E+00  0.2769E-03  0.6703E-03
  0.3817E-01  0.0000E+00  0.5518E-02  0.7874E-02  0.6466E-03  0.0000E+00  0.0000E+00  0.0000E+00  0.9291E-03  0.2103E-02  0.0000E+00  0.0000E+00  0.0000E+00  0.0000E+00  0.1434E-02  0.4680E-02  0.0000E+00  0.0000E+00  0.5861E-03  0.1083E-02  0.0000E+00  0.0000E+00  0.0000E+00  0.0000E+00  0.0000E+00  0.0000E+00  0.0000E+00  0.0000E+00  0.0000E+00  0.0000E+00  0.0000E+00  0.0000E+00
  0.4012E-01  0.0000E+00  0.1331E-01  0.6007E-02  0.7657E-03  0.0000E+00  0.0000E+00  0.0000E+00  0.3719E-02  0.1255E-02  0.0000E+00  0.0000E+00  0.0000E+00  0.0000E+00  0.2906E-02  0.2644E-02  0.0000E+00  0.0000E+00  0.1492E-02  0.6504E-03  0.0000E+00  0.0000E+00  0.0000E+00  0.0000E+00  0.0000E+00  0.0000E+00  0.0000E+00  0.0000E+00  0.0000E+00  0.0000E+00  0.0000E+00  0.0000E+00
 Relative number of events:
  0.4639E-01  0.0000E+00  0.0000E+00  0.0000E+00  0.1672E-02  0.0000E+00  0.9620E-01  0.0000E+00  0.0000E+00  0.0000E+00  0.0000E+00  0.0000E+00  0.0000E+00  0.0000E+00  0.0000E+00  0.0000E+00  0.2516E-02  0.0000E+00  0.0000E+00  0.0000E+00  0.0000E+00  0.0000E+00  0.0000E+00  0.0000E+00  0.0000E+00  0.0000E+00  0.0000E+00  0.0000E+00  0.0000E+00  0.0000E+00  0.0000E+00  0.0000E+00
  0.4750E-01  0.0000E+00  0.0000E+00  0.0000E+00  0.1719E-02  0.0000E+00  0.9344E-01  0.0000E+00  0.0000E+00  0.0000E+00  0.0000E+00  0.0000E+00  0.0000E+00  0.0000E+00  0.0000E+00  0.0000E+00  0.2859E-02  0.0000E+00  0.0000E+00  0.0000E+00  0.0000E+00  0.0000E+00  0.0000E+00  0.0000E+00  0.0000E+00  0.0000E+00  0.0000E+00  0.0000E+00  0.0000E+00  0.0000E+00  0.0000E+00  0.0000E+00
  0.4620E-01  0.0000E+00  0.0000E+00  0.0000E+00  0.1531E-02  0.0000E+00  0.0000E+00  0.0000E+00  0.0000E+00  0.0000E+00  0.0000E+00  0.0000E+00  0.0000E+00  0.0000E+00  0.0000E+00  0.0000E+00  0.0000E+00  0.0000E+00  0.0000E+00  0.0000E+00  0.0000E+00  0.0000E+00  0.0000E+00  0.0000E+00  0.0000E+00  0.0000E+00  0.0000E+00  0.0000E+00  0.0000E+00  0.0000E+00  0.0000E+00  0.0000E+00
  0.4481E-01  0.0000E+00  0.0000E+00  0.0000E+00  0.1547E-02  0.0000E+00  0.0000E+00  0.0000E+00  0.0000E+00  0.0000E+00  0.0000E+00  0.0000E+00  0.0000E+00  0.0000E+00  0.0000E+00  0.0000E+00  0.0000E+00  0.0000E+00  0.0000E+00  0.0000E+00  0.0000E+00  0.0000E+00  0.0000E+00  0.0000E+00  0.0000E+00  0.0000E+00  0.0000E+00  0.0000E+00  0.0000E+00  0.0000E+00  0.0000E+00  0.0000E+00
  0.4570E-01  0.0000E+00  0.7906E-02  0.7766E-02  0.1172E-02  0.0000E+00  0.9445E-01  0.0000E+00  0.2641E-02  0.2484E-02  0.0000E+00  0.0000E+00  0.1473E-01  0.1541E-01  0.2906E-02  0.3094E-02  0.2578E-02  0.0000E+00  0.1000E-02  0.8594E-03  0.5016E-02  0.5437E-02  0.0000E+00  0.0000E+00  0.6031E-02  0.6547E-02  0.4844E-03  0.3750E-03  0.0000E+00  0.0000E+00  0.1687E-02  0.1781E-02
  0.4677E-01  0.0000E+00  0.7609E-02  0.7344E-02  0.1328E-02  0.0000E+00  0.9398E-01  0.0000E+00  0.2672E-02  0.2563E-02  0.0000E+00  0.0000E+00  0.1495E-01  0.1456E-01  0.3453E-02  0.2938E-02  0.3250E-02  0.0000E+00  0.1094E-02  0.8281E-03  0.5750E-02  0.5297E-02  0.0000E+00  0.0000E+00  0.6188E-02  0.6047E-02  0.3750E-03  0.5625E-03  0.0000E+00  0.0000E+00  0.2016E-02  0.1859E-02
  0.4656E-01  0.0000E+00  0.7641E-02  0.7063E-02  0.1359E-02  0.0000E+00  0.0000E+00  0.0000E+00  0.2281E-02  0.2812E-02  0.0000E+00  0.0000E+00  0.0000E+00  0.0000E+00  0.3375E-02  0.3297E-02  0.0000E+00  0.0000E+00  0.9687E-03  0.1047E-02  0.0000E+00  0.0000E+00  0.0000E+00  0.0000E+00  0.0000E+00  0.0000E+00  0.0000E+00  0.0000E+00  0.0000E+00  0.0000E+00  0.0000E+00  0.0000E+00
  0.4509E-01  0.0000E+00  0.7109E-02  0.7625E-02  0.1516E-02  0.0000E+00  0.0000E+00  0.0000E+00  0.2891E-02  0.2531E-02  0.0000E+00  0.0000E+00  0.0000E+00  0.0000E+00  0.3359E-02  0.3250E-02  0.0000E+00  0.0000E+00  0.1141E-02  0.1187E-02  0.0000E+00  0.0000E+00  0.0000E+00  0.0000E+00  0.0000E+00  0.0000E+00  0.0000E+00  0.0000E+00  0.0000E+00  0.0000E+00  0.0000E+00  0.0000E+00
 Events:
        2969           0           0           0         107           0        6157           0           0           0           0           0           0           0           0           0         161           0           0           0           0           0           0           0           0           0           0           0           0           0           0           0
        3040           0           0           0         110           0        5980           0           0           0           0           0           0           0           0           0         183           0           0           0           0           0           0           0           0           0           0           0           0           0           0           0
        2957           0           0           0          98           0           0           0           0           0           0           0           0           0           0           0           0           0           0           0           0           0           0           0           0           0           0           0           0           0           0           0
        2868           0           0           0          99           0           0           0           0           0           0           0           0           0           0           0           0           0           0           0           0           0           0           0           0           0           0           0           0           0           0           0
        2925           0         506         497          75           0        6045           0         169         159           0           0         943         986         186         198         165           0          64          55         321         348           0           0         386         419          31          24           0           0         108         114
        2993           0         487         470          85           0        6015           0         171         164           0           0         957         932         221         188         208           0          70          53         368         339           0           0         396         387          24          36           0           0         129         119
        2980           0         489         452          87           0           0           0         146         180           0           0           0           0         216         211           0           0          62          67           0           0           0           0           0           0           0           0           0           0           0           0
        2886           0         455         488          97           0           0           0         185         162           0           0           0           0         215         208           0           0          73          76           0           0           0           0           0           0           0           0           0           0           0           0
 Accuracy:    0.030   0.010   0.034   0.784
 Found         3935  events.
 Wrote           34  events.
 Actual xsec    9.9185401328535241E-006
 Correct abs xsec    9.9185401328535241E-006
 Event xsec    9.9185401328535342E-006
 Events wgts > 1:            0
 % Cross section > 1:    0.0000000000000000        0.0000000000000000     
 Iteration  7   Mean: 0.1108E-04 Abs mean: 0.1108E-04   Fluctuation:  0.979E-06   0.122E+00    85.5%
  7    0.1108E-04 0.1108E-04 +- 0.9789E-06     31.61
 Exceeded boost           4          94   128000.000    
 Exceeded boost          13          95   128000.000    
 Relative summed weights:
  0.4285E-01  0.0000E+00  0.0000E+00  0.0000E+00  0.7950E-03  0.0000E+00  0.9033E-01  0.0000E+00  0.0000E+00  0.0000E+00  0.0000E+00  0.0000E+00  0.0000E+00  0.0000E+00  0.0000E+00  0.0000E+00  0.2358E-02  0.0000E+00  0.0000E+00  0.0000E+00  0.0000E+00  0.0000E+00  0.0000E+00  0.0000E+00  0.0000E+00  0.0000E+00  0.0000E+00  0.0000E+00  0.0000E+00  0.0000E+00  0.0000E+00  0.0000E+00
  0.5009E-01  0.0000E+00  0.0000E+00  0.0000E+00  0.1434E-02  0.0000E+00  0.9180E-01  0.0000E+00  0.0000E+00  0.0000E+00  0.0000E+00  0.0000E+00  0.0000E+00  0.0000E+00  0.0000E+00  0.0000E+00  0.1592E-02  0.0000E+00  0.0000E+00  0.0000E+00  0.0000E+00  0.0000E+00  0.0000E+00  0.0000E+00  0.0000E+00  0.0000E+00  0.0000E+00  0.0000E+00  0.0000E+00  0.0000E+00  0.0000E+00  0.0000E+00
  0.4185E-01  0.0000E+00  0.0000E+00  0.0000E+00  0.8387E-03  0.0000E+00  0.0000E+00  0.0000E+00  0.0000E+00  0.0000E+00  0.0000E+00  0.0000E+00  0.0000E+00  0.0000E+00  0.0000E+00  0.0000E+00  0.0000E+00  0.0000E+00  0.0000E+00  0.0000E+00  0.0000E+00  0.0000E+00  0.0000E+00  0.0000E+00  0.0000E+00  0.0000E+00  0.0000E+00  0.0000E+00  0.0000E+00  0.0000E+00  0.0000E+00  0.0000E+00
  0.3857E-01  0.0000E+00  0.0000E+00  0.0000E+00  0.1633E-02  0.0000E+00  0.0000E+00  0.0000E+00  0.0000E+00  0.0000E+00  0.0000E+00  0.0000E+00  0.0000E+00  0.0000E+00  0.0000E+00  0.0000E+00  0.0000E+00  0.0000E+00  0.0000E+00  0.0000E+00  0.0000E+00  0.0000E+00  0.0000E+00  0.0000E+00  0.0000E+00  0.0000E+00  0.0000E+00  0.0000E+00  0.0000E+00  0.0000E+00  0.0000E+00  0.0000E+00
  0.4070E-01  0.0000E+00  0.7321E-02  0.5889E-02  0.5612E-03  0.0000E+00  0.1822E+00  0.0000E+00  0.2058E-02  0.1384E-02  0.0000E+00  0.0000E+00  0.1299E-01  0.1056E-01  0.2727E-02  0.1833E-02  0.4461E-02  0.0000E+00  0.2865E-03  0.1339E-02  0.3333E-02  0.3633E-02  0.0000E+00  0.0000E+00  0.4528E-02  0.5025E-02  0.9180E-04  0.2980E-04  0.0000E+00  0.0000E+00  0.1018E-02  0.1015E-02
  0.4968E-01  0.0000E+00  0.4617E-02  0.6194E-02  0.9428E-03  0.0000E+00  0.9042E-01  0.0000E+00  0.2709E-02  0.1843E-02  0.0000E+00  0.0000E+00  0.1442E-01  0.1328E-01  0.1611E-02  0.2342E-02  0.3720E-02  0.0000E+00  0.1005E-02  0.6772E-03  0.3780E-02  0.2851E-02  0.0000E+00  0.0000E+00  0.6838E-02  0.5091E-02  0.5800E-04  0.1730E-03  0.0000E+00  0.0000E+00  0.1523E-02  0.1872E-02
  0.3965E-01  0.0000E+00  0.5547E-02  0.5051E-02  0.1073E-02  0.0000E+00  0.0000E+00  0.0000E+00  0.1478E-02  0.2169E-02  0.0000E+00  0.0000E+00  0.0000E+00  0.0000E+00  0.3408E-02  0.2365E-02  0.0000E+00  0.0000E+00  0.3594E-03  0.5102E-03  0.0000E+00  0.0000E+00  0.0000E+00  0.0000E+00  0.0000E+00  0.0000E+00  0.0000E+00  0.0000E+00  0.0000E+00  0.0000E+00  0.0000E+00  0.0000E+00
  0.3860E-01  0.0000E+00  0.5010E-02  0.1011E-01  0.1632E-02  0.0000E+00  0.0000E+00  0.0000E+00  0.1797E-02  0.3180E-02  0.0000E+00  0.0000E+00  0.0000E+00  0.0000E+00  0.2031E-02  0.2191E-02  0.0000E+00  0.0000E+00  0.8572E-03  0.1885E-03  0.0000E+00  0.0000E+00  0.0000E+00  0.0000E+00  0.0000E+00  0.0000E+00  0.0000E+00  0.0000E+00  0.0000E+00  0.0000E+00  0.0000E+00  0.0000E+00
 Relative number of events:
  0.4902E-01  0.0000E+00  0.0000E+00  0.0000E+00  0.1156E-02  0.0000E+00  0.9472E-01  0.0000E+00  0.0000E+00  0.0000E+00  0.0000E+00  0.0000E+00  0.0000E+00  0.0000E+00  0.0000E+00  0.0000E+00  0.2289E-02  0.0000E+00  0.0000E+00  0.0000E+00  0.0000E+00  0.0000E+00  0.0000E+00  0.0000E+00  0.0000E+00  0.0000E+00  0.0000E+00  0.0000E+00  0.0000E+00  0.0000E+00  0.0000E+00  0.0000E+00
  0.4801E-01  0.0000E+00  0.0000E+00  0.0000E+00  0.1227E-02  0.0000E+00  0.9557E-01  0.0000E+00  0.0000E+00  0.0000E+00  0.0000E+00  0.0000E+00  0.0000E+00  0.0000E+00  0.0000E+00  0.0000E+00  0.2297E-02  0.0000E+00  0.0000E+00  0.0000E+00  0.0000E+00  0.0000E+00  0.0000E+00  0.0000E+00  0.0000E+00  0.0000E+00  0.0000E+00  0.0000E+00  0.0000E+00  0.0000E+00  0.0000E+00  0.0000E+00
  0.4775E-01  0.0000E+00  0.0000E+00  0.0000E+00  0.1328E-02  0.0000E+00  0.0000E+00  0.0000E+00  0.0000E+00  0.0000E+00  0.0000E+00  0.0000E+00  0.0000E+00  0.0000E+00  0.0000E+00  0.0000E+00  0.0000E+00  0.0000E+00  0.0000E+00  0.0000E+00  0.0000E+00  0.0000E+00  0.0000E+00  0.0000E+00  0.0000E+00  0.0000E+00  0.0000E+00  0.0000E+00  0.0000E+00  0.0000E+00  0.0000E+00  0.0000E+00
  0.4860E-01  0.0000E+00  0.0000E+00  0.0000E+00  0.1453E-02  0.0000E+00  0.0000E+00  0.0000E+00  0.0000E+00  0.0000E+00  0.0000E+00  0.0000E+00  0.0000E+00  0.0000E+00  0.0000E+00  0.0000E+00  0.0000E+00  0.0000E+00  0.0000E+00  0.0000E+00  0.0000E+00  0.0000E+00  0.0000E+00  0.0000E+00  0.0000E+00  0.0000E+00  0.0000E+00  0.0000E+00  0.0000E+00  0.0000E+00  0.0000E+00  0.0000E+00
  0.4773E-01  0.0000E+00  0.6852E-02  0.7398E-02  0.1336E-02  0.0000E+00  0.9521E-01  0.0000E+00  0.2617E-02  0.2594E-02  0.0000E+00  0.0000E+00  0.1422E-01  0.1391E-01  0.3148E-02  0.2711E-02  0.2539E-02  0.0000E+00  0.8125E-03  0.9609E-03  0.4672E-02  0.4766E-02  0.0000E+00  0.0000E+00  0.5484E-02  0.5852E-02  0.3437E-03  0.3750E-03  0.0000E+00  0.0000E+00  0.1703E-02  0.1727E-02
  0.4688E-01  0.0000E+00  0.7219E-02  0.7055E-02  0.1250E-02  0.0000E+00  0.9534E-01  0.0000E+00  0.2500E-02  0.2531E-02  0.0000E+00  0.0000E+00  0.1400E-01  0.1432E-01  0.2812E-02  0.3172E-02  0.2586E-02  0.0000E+00  0.7187E-03  0.8047E-03  0.4992E-02  0.4977E-02  0.0000E+00  0.0000E+00  0.5602E-02  0.5453E-02  0.3125E-03  0.3672E-03  0.0000E+00  0.0000E+00  0.1711E-02  0.1820E-02
  0.4888E-01  0.0000E+00  0.7687E-02  0.7242E-02  0.1227E-02  0.0000E+00  0.0000E+00  0.0000E+00  0.2453E-02  0.2414E-02  0.0000E+00  0.0000E+00  0.0000E+00  0.0000E+00  0.3125E-02  0.2898E-02  0.0000E+00  0.0000E+00  0.8672E-03  0.9687E-03  0.0000E+00  0.0000E+00  0.0000E+00  0.0000E+00  0.0000E+00  0.0000E+00  0.0000E+00  0.0000E+00  0.0000E+00  0.0000E+00  0.0000E+00  0.0000E+00
  0.4744E-01  0.0000E+00  0.6984E-02  0.7234E-02  0.1219E-02  0.0000E+00  0.0000E+00  0.0000E+00  0.2234E-02  0.2539E-02  0.0000E+00  0.0000E+00  0.0000E+00  0.0000E+00  0.2867E-02  0.3063E-02  0.0000E+00  0.0000E+00  0.9922E-03  0.8750E-03  0.0000E+00  0.0000E+00  0.0000E+00  0.0000E+00  0.0000E+00  0.0000E+00  0.0000E+00  0.0000E+00  0.0000E+00  0.0000E+00  0.0000E+00  0.0000E+00
 Events:
        6274           0           0           0         148           0       12124           0           0           0           0           0           0           0           0           0         293           0           0           0           0           0           0           0           0           0           0           0           0           0           0           0
        6145           0           0           0         157           0       12233           0           0           0           0           0           0           0           0           0         294           0           0           0           0           0           0           0           0           0           0           0           0           0           0           0
        6112           0           0           0         170           0           0           0           0           0           0           0           0           0           0           0           0           0           0           0           0           0           0           0           0           0           0           0           0           0           0           0
        6221           0           0           0         186           0           0           0           0           0           0           0           0           0           0           0           0           0           0           0           0           0           0           0           0           0           0           0           0           0           0           0
        6109           0         877         947         171           0       12187           0         335         332           0           0        1820        1780         403         347         325           0         104         123         598         610           0           0         702         749          44          48           0           0         218         221
        6001           0         924         903         160           0       12203           0         320         324           0           0        1792        1833         360         406         331           0          92         103         639         637           0           0         717         698          40          47           0           0         219         233
        6257           0         984         927         157           0           0           0         314         309           0           0           0           0         400         371           0           0         111         124           0           0           0           0           0           0           0           0           0           0           0           0
        6072           0         894         926         156           0           0           0         286         325           0           0           0           0         367         392           0           0         127         112           0           0           0           0           0           0           0           0           0           0           0           0
 Accuracy:    0.031   0.010   0.032   0.940
 Found         8798  events.
 Wrote           13  events.
 Actual xsec    1.0107794243713451E-005
 Correct abs xsec    1.0107794243713451E-005
 Event xsec    1.0107794243713453E-005
 Events wgts > 1:            0
 % Cross section > 1:    0.0000000000000000        0.0000000000000000     
 Iteration  8   Mean: 0.9899E-05 Abs mean: 0.9899E-05   Fluctuation:  0.132E-06   0.985E-02    86.4%
  8    0.9899E-05 0.9899E-05 +- 0.1317E-06      6.73
 Exceeded boost           3          96   128000.000    
 Exceeded boost          13          89   128000.000    
 Exceeded boost          13          92   256000.000    
 Relative summed weights:
  0.4940E-01  0.0000E+00  0.0000E+00  0.0000E+00  0.9765E-03  0.0000E+00  0.1002E+00  0.0000E+00  0.0000E+00  0.0000E+00  0.0000E+00  0.0000E+00  0.0000E+00  0.0000E+00  0.0000E+00  0.0000E+00  0.1480E-02  0.0000E+00  0.0000E+00  0.0000E+00  0.0000E+00  0.0000E+00  0.0000E+00  0.0000E+00  0.0000E+00  0.0000E+00  0.0000E+00  0.0000E+00  0.0000E+00  0.0000E+00  0.0000E+00  0.0000E+00
  0.4866E-01  0.0000E+00  0.0000E+00  0.0000E+00  0.1222E-02  0.0000E+00  0.1062E+00  0.0000E+00  0.0000E+00  0.0000E+00  0.0000E+00  0.0000E+00  0.0000E+00  0.0000E+00  0.0000E+00  0.0000E+00  0.2644E-02  0.0000E+00  0.0000E+00  0.0000E+00  0.0000E+00  0.0000E+00  0.0000E+00  0.0000E+00  0.0000E+00  0.0000E+00  0.0000E+00  0.0000E+00  0.0000E+00  0.0000E+00  0.0000E+00  0.0000E+00
  0.4836E-01  0.0000E+00  0.0000E+00  0.0000E+00  0.1275E-02  0.0000E+00  0.0000E+00  0.0000E+00  0.0000E+00  0.0000E+00  0.0000E+00  0.0000E+00  0.0000E+00  0.0000E+00  0.0000E+00  0.0000E+00  0.0000E+00  0.0000E+00  0.0000E+00  0.0000E+00  0.0000E+00  0.0000E+00  0.0000E+00  0.0000E+00  0.0000E+00  0.0000E+00  0.0000E+00  0.0000E+00  0.0000E+00  0.0000E+00  0.0000E+00  0.0000E+00
  0.4542E-01  0.0000E+00  0.0000E+00  0.0000E+00  0.7875E-03  0.0000E+00  0.0000E+00  0.0000E+00  0.0000E+00  0.0000E+00  0.0000E+00  0.0000E+00  0.0000E+00  0.0000E+00  0.0000E+00  0.0000E+00  0.0000E+00  0.0000E+00  0.0000E+00  0.0000E+00  0.0000E+00  0.0000E+00  0.0000E+00  0.0000E+00  0.0000E+00  0.0000E+00  0.0000E+00  0.0000E+00  0.0000E+00  0.0000E+00  0.0000E+00  0.0000E+00
  0.5368E-01  0.0000E+00  0.6084E-02  0.5707E-02  0.6944E-03  0.0000E+00  0.1004E+00  0.0000E+00  0.1565E-02  0.2122E-02  0.0000E+00  0.0000E+00  0.1226E-01  0.1141E-01  0.7194E-02  0.2917E-02  0.1412E-02  0.0000E+00  0.3788E-03  0.6096E-03  0.3388E-02  0.4723E-02  0.0000E+00  0.0000E+00  0.4227E-02  0.7512E-02  0.4258E-03  0.1413E-03  0.0000E+00  0.0000E+00  0.1350E-02  0.1335E-02
  0.5143E-01  0.0000E+00  0.5643E-02  0.7068E-02  0.1043E-02  0.0000E+00  0.9344E-01  0.0000E+00  0.2686E-02  0.2819E-02  0.0000E+00  0.0000E+00  0.1325E-01  0.1177E-01  0.2415E-02  0.2017E-02  0.1920E-02  0.0000E+00  0.8467E-03  0.5444E-03  0.4511E-02  0.4003E-02  0.0000E+00  0.0000E+00  0.6136E-02  0.4486E-02  0.3821E-03  0.4702E-03  0.0000E+00  0.0000E+00  0.1514E-02  0.1425E-02
  0.4714E-01  0.0000E+00  0.5824E-02  0.6402E-02  0.9072E-03  0.0000E+00  0.0000E+00  0.0000E+00  0.1951E-02  0.1683E-02  0.0000E+00  0.0000E+00  0.0000E+00  0.0000E+00  0.2602E-02  0.2080E-02  0.0000E+00  0.0000E+00  0.6007E-03  0.3785E-03  0.0000E+00  0.0000E+00  0.0000E+00  0.0000E+00  0.0000E+00  0.0000E+00  0.0000E+00  0.0000E+00  0.0000E+00  0.0000E+00  0.0000E+00  0.0000E+00
  0.4892E-01  0.0000E+00  0.4852E-02  0.7500E-02  0.1563E-02  0.0000E+00  0.0000E+00  0.0000E+00  0.1689E-02  0.1826E-02  0.0000E+00  0.0000E+00  0.0000E+00  0.0000E+00  0.2768E-02  0.4112E-02  0.0000E+00  0.0000E+00  0.6111E-03  0.6045E-03  0.0000E+00  0.0000E+00  0.0000E+00  0.0000E+00  0.0000E+00  0.0000E+00  0.0000E+00  0.0000E+00  0.0000E+00  0.0000E+00  0.0000E+00  0.0000E+00
 Relative number of events:
  0.4830E-01  0.0000E+00  0.0000E+00  0.0000E+00  0.1242E-02  0.0000E+00  0.9600E-01  0.0000E+00  0.0000E+00  0.0000E+00  0.0000E+00  0.0000E+00  0.0000E+00  0.0000E+00  0.0000E+00  0.0000E+00  0.2320E-02  0.0000E+00  0.0000E+00  0.0000E+00  0.0000E+00  0.0000E+00  0.0000E+00  0.0000E+00  0.0000E+00  0.0000E+00  0.0000E+00  0.0000E+00  0.0000E+00  0.0000E+00  0.0000E+00  0.0000E+00
  0.4893E-01  0.0000E+00  0.0000E+00  0.0000E+00  0.1133E-02  0.0000E+00  0.9756E-01  0.0000E+00  0.0000E+00  0.0000E+00  0.0000E+00  0.0000E+00  0.0000E+00  0.0000E+00  0.0000E+00  0.0000E+00  0.2305E-02  0.0000E+00  0.0000E+00  0.0000E+00  0.0000E+00  0.0000E+00  0.0000E+00  0.0000E+00  0.0000E+00  0.0000E+00  0.0000E+00  0.0000E+00  0.0000E+00  0.0000E+00  0.0000E+00  0.0000E+00
  0.4834E-01  0.0000E+00  0.0000E+00  0.0000E+00  0.1199E-02  0.0000E+00  0.0000E+00  0.0000E+00  0.0000E+00  0.0000E+00  0.0000E+00  0.0000E+00  0.0000E+00  0.0000E+00  0.0000E+00  0.0000E+00  0.0000E+00  0.0000E+00  0.0000E+00  0.0000E+00  0.0000E+00  0.0000E+00  0.0000E+00  0.0000E+00  0.0000E+00  0.0000E+00  0.0000E+00  0.0000E+00  0.0000E+00  0.0000E+00  0.0000E+00  0.0000E+00
  0.4789E-01  0.0000E+00  0.0000E+00  0.0000E+00  0.1141E-02  0.0000E+00  0.0000E+00  0.0000E+00  0.0000E+00  0.0000E+00  0.0000E+00  0.0000E+00  0.0000E+00  0.0000E+00  0.0000E+00  0.0000E+00  0.0000E+00  0.0000E+00  0.0000E+00  0.0000E+00  0.0000E+00  0.0000E+00  0.0000E+00  0.0000E+00  0.0000E+00  0.0000E+00  0.0000E+00  0.0000E+00  0.0000E+00  0.0000E+00  0.0000E+00  0.0000E+00
  0.4762E-01  0.0000E+00  0.6801E-02  0.7000E-02  0.1035E-02  0.0000E+00  0.9629E-01  0.0000E+00  0.2184E-02  0.2324E-02  0.0000E+00  0.0000E+00  0.1414E-01  0.1407E-01  0.3055E-02  0.2816E-02  0.2363E-02  0.0000E+00  0.8203E-03  0.8125E-03  0.4500E-02  0.4723E-02  0.0000E+00  0.0000E+00  0.5410E-02  0.5348E-02  0.3398E-03  0.2695E-03  0.0000E+00  0.0000E+00  0.1699E-02  0.1500E-02
  0.4850E-01  0.0000E+00  0.7125E-02  0.7488E-02  0.1141E-02  0.0000E+00  0.9709E-01  0.0000E+00  0.2500E-02  0.2336E-02  0.0000E+00  0.0000E+00  0.1373E-01  0.1362E-01  0.2965E-02  0.2766E-02  0.2277E-02  0.0000E+00  0.8906E-03  0.7813E-03  0.4508E-02  0.4715E-02  0.0000E+00  0.0000E+00  0.5629E-02  0.5270E-02  0.3672E-03  0.2773E-03  0.0000E+00  0.0000E+00  0.1566E-02  0.1676E-02
  0.4762E-01  0.0000E+00  0.7234E-02  0.7094E-02  0.1277E-02  0.0000E+00  0.0000E+00  0.0000E+00  0.2422E-02  0.2340E-02  0.0000E+00  0.0000E+00  0.0000E+00  0.0000E+00  0.2836E-02  0.2906E-02  0.0000E+00  0.0000E+00  0.8359E-03  0.7500E-03  0.0000E+00  0.0000E+00  0.0000E+00  0.0000E+00  0.0000E+00  0.0000E+00  0.0000E+00  0.0000E+00  0.0000E+00  0.0000E+00  0.0000E+00  0.0000E+00
  0.4851E-01  0.0000E+00  0.6945E-02  0.7063E-02  0.1305E-02  0.0000E+00  0.0000E+00  0.0000E+00  0.2277E-02  0.2426E-02  0.0000E+00  0.0000E+00  0.0000E+00  0.0000E+00  0.2938E-02  0.2941E-02  0.0000E+00  0.0000E+00  0.7969E-03  0.7852E-03  0.0000E+00  0.0000E+00  0.0000E+00  0.0000E+00  0.0000E+00  0.0000E+00  0.0000E+00  0.0000E+00  0.0000E+00  0.0000E+00  0.0000E+00  0.0000E+00
 Events:
       12366           0           0           0         318           0       24576           0           0           0           0           0           0           0           0           0         594           0           0           0           0           0           0           0           0           0           0           0           0           0           0           0
       12526           0           0           0         290           0       24975           0           0           0           0           0           0           0           0           0         590           0           0           0           0           0           0           0           0           0           0           0           0           0           0           0
       12375           0           0           0         307           0           0           0           0           0           0           0           0           0           0           0           0           0           0           0           0           0           0           0           0           0           0           0           0           0           0           0
       12261           0           0           0         292           0           0           0           0           0           0           0           0           0           0           0           0           0           0           0           0           0           0           0           0           0           0           0           0           0           0           0
       12190           0        1741        1792         265           0       24649           0         559         595           0           0        3619        3603         782         721         605           0         210         208        1152        1209           0           0        1385        1369          87          69           0           0         435         384
       12416           0        1824        1917         292           0       24855           0         640         598           0           0        3515        3486         759         708         583           0         228         200        1154        1207           0           0        1441        1349          94          71           0           0         401         429
       12191           0        1852        1816         327           0           0           0         620         599           0           0           0           0         726         744           0           0         214         192           0           0           0           0           0           0           0           0           0           0           0           0
       12419           0        1778        1808         334           0           0           0         583         621           0           0           0           0         752         753           0           0         204         201           0           0           0           0           0           0           0           0           0           0           0           0
 Accuracy:    0.011   0.010   0.012   0.820
 Found        17179  events.
 Wrote          764  events.
 Actual xsec    9.9347277299192569E-006
 Correct abs xsec    9.9347277299192569E-006
 Event xsec    9.9347277299192502E-006
 Events wgts > 1:           13
Thanks for using LHAPDF 6.2.1. Please make sure to cite the paper:
  Eur.Phys.J. C75 (2015) 3, 132  (http://arxiv.org/abs/1412.7420)
 % Cross section > 1:    9.5859284192995937E-008  0.96489090389772647     

 -------------------------------------------------------------------------------
 Accumulated results:   Integral =  0.9909E-05
                        Std dev  =  0.1217E-06
                       Cross sec =  0.9909E-05
             Chi**2 per DoF.     =      0.8196
 -------------------------------------------------------------------------------
-------------------------------------------------
---------------------------
 Results Last   3 iters: Integral =   0.9935E-05
                     Abs integral =   0.9935E-05
                          Std dev =   0.1252E-06
                  Chi**2 per DoF. =      0.7501
-------------------------------------------------
---------------------------
 Status   1.0000000000000000E-002           9           8

ls status:
events.lhe
ftn26
input_app.txt
results.dat
run1_app.log
